2025-01-09 13:31:32.078 [DEBUG] [thread-id 1] - Executing R2 4.0.2: '/Users/m0k0a2f/glass-automation/us/unified-e2e-tests/test-scripts/Ecomm-And-Fulfillment-Flows/badging/C2717104-validate-badging-for-members.yaml' on device: 'iPhone 14'
2025-01-09 13:40:59.716 [DEBUG] [thread-id 1] - Executing scenario: 'After'
2025-01-09 13:40:59.718 [DEBUG] [thread-id 1] - Executing function: 'unified.us.functions.utils.afterSteps'
2025-01-09 13:40:59.719 [WARN] [thread-id 1] - variable testStatus was used, but r2 could not find a value for this variable. returning default of null
2025-01-09 13:40:59.731 [DEBUG] [thread-id 1] - conditionally execute a flow. condition: false
2025-01-09 13:44:07.689 [DEBUG] [thread-id 1] - Test failed
2025-01-09 13:59:12.166 [WARN] [thread-id 1] - variable testStarted was used, but r2 could not find a value for this variable. returning default of null
2025-01-09 13:59:12.168 [DEBUG] [thread-id 1] - conditionally execute a flow. condition: true
2025-01-09 14:05:48.211 [WARN] [thread-id 1] - variable env was used, but r2 could not find a value for this variable. returning default of null
2025-01-09 14:11:05.882 [DEBUG] [thread-id 1] - After failed: FAILURE - null - Unable to Open App
2025-01-09 14:14:23.361 [DEBUG] [thread-id 1] - Executing R2 4.0.2: '/Users/m0k0a2f/glass-automation/us/unified-e2e-tests/test-scripts/Ecomm-And-Fulfillment-Flows/badging/C2717104-validate-badging-for-members.yaml' on device: 'iPhone 14'
2025-01-09 14:17:51.753 [DEBUG] [thread-id 1] - Executing scenario: 'Before'
2025-01-09 14:17:51.756 [DEBUG] [thread-id 1] - Executing function: 'us.function.utils.getEnvironmentValue'
2025-01-09 14:17:51.757 [DEBUG] [thread-id 1] - Store in: store the value 'production' in the variable 'env'
2025-01-09 14:17:51.758 [DEBUG] [thread-id 1] - Timestamp: 1736461071758
2025-01-09 14:17:51.759 [DEBUG] [thread-id 1] - Executing function: 'functions.utils.setPlatformInfo'
2025-01-09 14:17:51.762 [WARN] [thread-id 1] - variable dependencies.general.appPackage was used, but r2 could not find a value for this variable. returning default of null
2025-01-09 14:17:51.762 [DEBUG] [thread-id 1] - Store in: store the value 'null' in the variable 'appPackage'
2025-01-09 14:17:51.772 [DEBUG] [thread-id 1] - conditionally execute a flow. condition: true
2025-01-09 14:17:51.982 [DEBUG] [thread-id 1] - Store in: store the value 'iOS' in the variable 'platform'
2025-01-09 14:17:51.991 [DEBUG] [thread-id 1] - R2_SUBFLOW_PRE_TRANSACTION
2025-01-09 14:17:52.426 [DEBUG] [thread-id 1] - Using us-errors-helpers.yaml
2025-01-09 14:17:52.862 [DEBUG] [thread-id 1] - Start Main
2025-01-09 14:17:52.863 [DEBUG] [thread-id 1] - Executing function: 'unified.us.functions.global.onboarding.navigateOnboardingToHome'
2025-01-09 14:17:52.864 [DEBUG] [thread-id 1] - Welcome screen loaded
2025-01-09 14:17:52.867 [DEBUG] [thread-id 1] - Verify identifier: {cta.cancel.welcome=[true]}
2025-01-09 14:17:52.868 [DEBUG] [thread-id 1] - Store in: store the value 'true' in the variable 'testStarted'
2025-01-09 14:17:52.908 [DEBUG] [thread-id 1] - Click element: 'cta.cancel.welcome'
2025-01-09 14:17:53.488 [DEBUG] [thread-id 1] - Notifiction Prompt screen loaded
2025-01-09 14:17:55.424 [DEBUG] [thread-id 1] - Verify identifier: {LocationPermissionViewController.titleLabel=[true]}
2025-01-09 14:17:55.466 [DEBUG] [thread-id 1] - Click element: 'Enter zip code'
2025-01-09 14:17:56.145 [DEBUG] [thread-id 1] - Verify identifier: {label.postal-code-entry=[true]}
2025-01-09 14:17:56.145 [DEBUG] [thread-id 1] - sleep:  2000 milliseconds
2025-01-09 14:17:58.203 [DEBUG] [thread-id 1] - Enter text: '95122'
2025-01-09 14:18:00.696 [DEBUG] [thread-id 1] - Click element: 'cta.continue'
2025-01-09 14:18:01.312 [DEBUG] [thread-id 1] - sleep:  3000 milliseconds
2025-01-09 14:18:14.684 [DEBUG] [thread-id 1] - Executing function: 'unified.us.functions.home.navigateHomeToSignIn'
2025-01-09 14:18:14.996 [DEBUG] [thread-id 1] - Click element: '//XCUIElementTypeButton[@name="Account"] | Account'
2025-01-09 14:18:15.760 [DEBUG] [thread-id 1] - Verify identifier: {//XCUIElementTypeButton[@name="SignInYourAccountTableViewCell.signInButton"]=[true]}
2025-01-09 14:18:16.085 [DEBUG] [thread-id 1] - Click element: '//XCUIElementTypeButton[@name="SignInYourAccountTableViewCell.signInButton"]'
2025-01-09 14:18:17.965 [DEBUG] [thread-id 1] - conditionally execute a flow. condition: true
2025-01-09 14:18:19.221 [DEBUG] [thread-id 1] - Store in: store the value 'true' in the variable 'signInValidated'
2025-01-09 14:18:19.237 [DEBUG] [thread-id 1] - conditionally execute a flow. condition: true
2025-01-09 14:18:20.505 [DEBUG] [thread-id 1] - SignIn page loaded
2025-01-09 14:18:21.867 [DEBUG] [thread-id 1] - Store in: store the value 'false' in the variable 'signInValidated'
2025-01-09 14:18:21.874 [DEBUG] [thread-id 1] - Executing function: 'unified.us.functions.global.authentication.signInAccountWithParams'
2025-01-09 14:18:21.875 [DEBUG] [thread-id 1] - Executing function: 'unified.us.functions.authentication.signInInfo'
2025-01-09 14:18:21.876 [DEBUG] [thread-id 1] - conditionally execute a flow. condition: true
2025-01-09 14:18:23.144 [DEBUG] [thread-id 1] - Store in: store the value 'paidannual3@cloudtest.org' in the variable 'email'
2025-01-09 14:18:24.406 [DEBUG] [thread-id 1] - Store in: store the value 'E2epassword' in the variable 'password'
2025-01-09 14:18:24.413 [DEBUG] [thread-id 1] - Executing function: 'unified.us.functions.global.authentication.signInAccount'
2025-01-09 14:18:24.414 [DEBUG] [thread-id 1] - conditionally execute a flow. condition: true
2025-01-09 14:18:38.284 [DEBUG] [thread-id 1] - Verify identifier: {TextFieldStackView.containerStackView=[true]}
2025-01-09 14:18:38.438 [DEBUG] [thread-id 1] - Enter text: 'paidannual3@cloudtest.org'
2025-01-09 14:18:43.071 [DEBUG] [thread-id 1] - Click element: 'WelcomeView.ctaButton'
2025-01-09 14:18:43.756 [DEBUG] [thread-id 1] - sleep:  2000 milliseconds
2025-01-09 14:18:46.544 [DEBUG] [thread-id 1] - conditionally execute a flow. condition: true
2025-01-09 14:18:47.901 [DEBUG] [thread-id 1] - Entered Email Successfully
2025-01-09 14:18:49.258 [DEBUG] [thread-id 1] - conditionally execute a flow. condition: true
2025-01-09 14:18:50.750 [DEBUG] [thread-id 1] - Click element: 'AuthChoiceView.passwordStackView'
2025-01-09 14:18:52.882 [DEBUG] [thread-id 1] - Selected Password Option to Login
2025-01-09 14:18:52.895 [DEBUG] [thread-id 1] - Verify identifier: {TextFieldStackView.textField=[true]}
2025-01-09 14:18:53.059 [DEBUG] [thread-id 1] - Enter text: 'E2epassword'
2025-01-09 14:18:59.799 [DEBUG] [thread-id 1] - Click element: 'AuthChoiceView.ctaButton'
2025-01-09 14:19:21.740 [DEBUG] [thread-id 1] - conditionally execute a flow. condition: true
2025-01-09 14:19:22.547 [DEBUG] [thread-id 1] - sleep:  2000 milliseconds
2025-01-09 14:19:35.992 [DEBUG] [thread-id 1] - Executing function: 'unified.us.functions.utils.handleCartMergePopup'
2025-01-09 14:19:57.297 [DEBUG] [thread-id 1] - No Technical Error Page observed
2025-01-09 14:19:57.314 [DEBUG] [thread-id 1] - Executing function: 'unified.us.functions.home.toolTip'
2025-01-09 14:20:08.082 [DEBUG] [thread-id 1] - conditionally execute a flow. condition: false
2025-01-09 14:20:08.894 [DEBUG] [thread-id 1] - no tooltip displayed
2025-01-09 14:20:08.912 [DEBUG] [thread-id 1] - Executing function: 'unified.us.functions.global.navigation.accountToHome'
2025-01-09 14:20:08.913 [DEBUG] [thread-id 1] - Executing function: 'unified.us.functions.global.navigation.toTab'
2025-01-09 14:20:08.914 [DEBUG] [thread-id 1] - Executing function: 'us.functions.utils.scrollIfNotVisible'
2025-01-09 14:20:11.085 [WARN] [thread-id 1] - variable limit was used, but r2 could not find a value for this variable. returning default of null
2025-01-09 14:20:11.086 [DEBUG] [thread-id 1] - conditionally execute a flow. condition: true
2025-01-09 14:20:11.950 [DEBUG] [thread-id 1] - Store in: store the value '5' in the variable 'limit'
2025-01-09 14:20:12.762 [DEBUG] [thread-id 1] - Scroll limit set to 5
2025-01-09 14:20:13.611 [WARN] [thread-id 1] - variable scrollPosition was used, but r2 could not find a value for this variable. returning default of null
2025-01-09 14:20:13.614 [DEBUG] [thread-id 1] - conditionally execute a flow. condition: true
2025-01-09 14:20:14.468 [WARN] [thread-id 1] - variable identifierScope was used, but r2 could not find a value for this variable. returning default of null
2025-01-09 14:20:14.469 [DEBUG] [thread-id 1] - conditionally execute a flow. condition: true
2025-01-09 14:20:15.292 [DEBUG] [thread-id 1] - Scroll: up
2025-01-09 14:21:05.706 [DEBUG] [thread-id 1] - Resetting scrollPosition variable to default
2025-01-09 14:21:05.707 [DEBUG] [thread-id 1] - Store in: store the value 'null' in the variable 'scrollPosition'
2025-01-09 14:21:05.707 [DEBUG] [thread-id 1] - Store in: store the value 'null' in the variable 'identifierScope'
2025-01-09 14:21:05.708 [DEBUG] [thread-id 1] - Store in: store the value 'null' in the variable 'limit'
2025-01-09 14:21:06.209 [DEBUG] [thread-id 1] - Click element: '//XCUIElementTypeButton[contains(@name, "Shop")]'
2025-01-09 14:21:06.697 [DEBUG] [thread-id 1] - Executing function: 'unified.us.functions.home.closeWPlusPromotionPopUpIfDisplayed'
2025-01-09 14:21:06.698 [DEBUG] [thread-id 1] - conditionally execute a flow. condition: true
2025-01-09 14:21:21.632 [DEBUG] [thread-id 1] - Executing function: 'unified.us.functions.global.navigation.toCartFromNavBar'
2025-01-09 14:21:23.526 [DEBUG] [thread-id 1] - Verify identifier: {//XCUIElementTypeButton[contains(@label, "Your cart")] | //XCUIElementTypeButton[(@name="SearchResultsViewController.cartButton") or (contains(@label,"Your cart contains") and contains(@label,"The estimated total is")) or (@label="Your cart is empty")]=[true]}
2025-01-09 14:21:25.491 [DEBUG] [thread-id 1] - Click element: '//XCUIElementTypeButton[contains(@label, "Your cart")] | //XCUIElementTypeButton[(@name="SearchResultsViewController.cartButton") or (contains(@label,"Your cart contains") and contains(@label,"The estimated total is")) or (@label="Your cart is empty")]'
2025-01-09 14:21:26.352 [DEBUG] [thread-id 1] - Executing function: 'unified.us.functions.cart.storeChangePopUp'
2025-01-09 14:21:34.232 [DEBUG] [thread-id 1] - No Store Change pop up screen displayed
2025-01-09 14:21:36.261 [DEBUG] [thread-id 1] - conditionally execute a flow. condition: true
2025-01-09 14:21:38.252 [DEBUG] [thread-id 1] - cart Page loaded
2025-01-09 14:21:38.269 [DEBUG] [thread-id 1] - Executing function: 'unified.us.functions.cart.removeAllCartItems'
2025-01-09 14:21:38.270 [DEBUG] [thread-id 1] - Executing function: 'unified.us.functions.cart.storeChangePopUp'
2025-01-09 14:21:42.234 [DEBUG] [thread-id 1] - No Store Change pop up screen displayed
2025-01-09 14:21:42.241 [DEBUG] [thread-id 1] - Executing function: 'unified.us.functions.cart.removeAdonsNotAvailable'
2025-01-09 14:21:47.229 [DEBUG] [thread-id 1] - No remove Adons pop up screen displayed
2025-01-09 14:21:49.159 [DEBUG] [thread-id 1] - conditionally execute a flow. condition: true
2025-01-09 14:21:51.082 [DEBUG] [thread-id 1] - No items in cart
2025-01-09 14:21:51.089 [DEBUG] [thread-id 1] - Executing function: 'unified.us.functions.cart.removeUnavailableItemsFromCart'
2025-01-09 14:21:51.090 [DEBUG] [thread-id 1] - conditionally execute a flow. condition: true
2025-01-09 14:22:04.954 [DEBUG] [thread-id 1] - Executing function: 'unified.us.functions.global.navigation.backNavigation'
2025-01-09 14:22:04.955 [DEBUG] [thread-id 1] - Global Back navigation
2025-01-09 14:22:04.956 [DEBUG] [thread-id 1] - conditionally execute a flow. condition: true
2025-01-09 14:22:11.750 [DEBUG] [thread-id 1] - Click element: '//XCUIElementTypeButton[@name="Back" or @label="Back"] | //XCUIElementTypeNavigationBar[@name="Cart"]/XCUIElementTypeButton[contains(@name,"Search")] | //XCUIElementTypeNavigationBar/XCUIElementTypeButton[not(contains(@label,"cart"))]'
2025-01-09 14:22:12.595 [DEBUG] [thread-id 1] - Executing function: 'unified.us.functions.search.searchItem'
2025-01-09 14:22:15.475 [DEBUG] [thread-id 1] - Verify identifier: {Search=[true]}
2025-01-09 14:22:18.882 [DEBUG] [thread-id 1] - Click element: 'Search'
2025-01-09 14:22:20.181 [DEBUG] [thread-id 1] - Verify identifier: {Search Walmart=[true]}
2025-01-09 14:22:23.283 [DEBUG] [thread-id 1] - Click element: 'Search Walmart'
2025-01-09 14:22:23.876 [DEBUG] [thread-id 1] - Enter text: 'milk'
2025-01-09 14:22:35.832 [DEBUG] [thread-id 1] - Executing function: 'unified.us.functions.home.closeWPlusPromotionPopUpIfDisplayed'
2025-01-09 14:22:35.833 [DEBUG] [thread-id 1] - conditionally execute a flow. condition: true
2025-01-09 14:22:47.949 [DEBUG] [thread-id 1] - Executing function: 'unified.us.functions.utils.scrollIfNotVisible'
2025-01-09 14:22:47.950 [WARN] [thread-id 1] - variable scrollLimit was used, but r2 could not find a value for this variable. returning default of null
2025-01-09 14:22:47.950 [DEBUG] [thread-id 1] - conditionally execute a flow. condition: true
2025-01-09 14:22:48.783 [DEBUG] [thread-id 1] - Store in: store the value '7' in the variable 'scrollLimit'
2025-01-09 14:22:48.792 [DEBUG] [thread-id 1] - Scroll limit set to - 7
2025-01-09 14:22:48.792 [DEBUG] [thread-id 1] - conditionally execute a flow. condition: true
2025-01-09 14:22:50.262 [DEBUG] [thread-id 1] - conditionally execute a flow. condition: true
2025-01-09 14:22:51.106 [DEBUG] [thread-id 1] - Element already visible, scrolling is skipped
2025-01-09 14:22:51.118 [WARN] [thread-id 1] - variable scrollNeeded was used, but r2 could not find a value for this variable. returning default of null
2025-01-09 14:22:51.118 [DEBUG] [thread-id 1] - Resetting scrollPosition variable to default
2025-01-09 14:22:51.118 [DEBUG] [thread-id 1] - Store in: store the value 'null' in the variable 'scrollPosition'
2025-01-09 14:22:51.119 [DEBUG] [thread-id 1] - Store in: store the value 'null' in the variable 'identifierScope'
2025-01-09 14:22:51.119 [DEBUG] [thread-id 1] - Store in: store the value 'null' in the variable 'scrollLimit'
2025-01-09 14:22:51.119 [DEBUG] [thread-id 1] - Store in: store the value 'false' in the variable 'scrollNeeded'
2025-01-09 14:22:51.691 [DEBUG] [thread-id 1] - conditionally execute a flow. condition: true
2025-01-09 14:22:52.519 [DEBUG] [thread-id 1] - successfully found an item for the above search criterion
2025-01-09 14:22:52.525 [DEBUG] [thread-id 1] - Executing function: 'unified.us.functions.home.verifyBadgesForWplus'
2025-01-09 14:22:52.526 [DEBUG] [thread-id 1] - badge validation completed
2025-01-09 14:22:52.527 [DEBUG] [thread-id 1] - Executing function: 'unified.us.functions.search.clickOnFirstItem'
2025-01-09 14:22:52.527 [WARN] [thread-id 1] - variable noAds was used, but r2 could not find a value for this variable. returning default of null
2025-01-09 14:22:52.527 [WARN] [thread-id 1] - variable subFilter was used, but r2 could not find a value for this variable. returning default of null
2025-01-09 14:22:52.528 [DEBUG] [thread-id 1] - conditionally execute a flow. condition: false
2025-01-09 14:22:53.371 [WARN] [thread-id 1] - variable noAds was used, but r2 could not find a value for this variable. returning default of null
2025-01-09 14:22:53.372 [DEBUG] [thread-id 1] - conditionally execute a flow. condition: true
2025-01-09 14:22:54.229 [DEBUG] [thread-id 1] - conditionally execute a flow. condition: true
2025-01-09 14:22:55.065 [DEBUG] [thread-id 1] - Executing function: 'unified.us.functions.utils.scrollIfNotVisible'
2025-01-09 14:22:55.065 [DEBUG] [thread-id 1] - Scroll limit set to - 10
2025-01-09 14:22:55.066 [DEBUG] [thread-id 1] - conditionally execute a flow. condition: true
2025-01-09 14:23:05.931 [DEBUG] [thread-id 1] - conditionally execute a flow. condition: false
2025-01-09 14:23:06.797 [DEBUG] [thread-id 1] - Store in: store the value 'true' in the variable 'scrollNeeded'
2025-01-09 14:23:06.818 [DEBUG] [thread-id 1] - conditionally execute a flow. condition: true
2025-01-09 14:23:07.702 [DEBUG] [thread-id 1] - conditionally execute a flow. condition: false
2025-01-09 14:23:08.565 [DEBUG] [thread-id 1] - conditionally execute a flow. condition: true
2025-01-09 14:23:09.403 [DEBUG] [thread-id 1] - Scroll: down
2025-01-09 14:23:19.440 [DEBUG] [thread-id 1] - Resetting scrollPosition variable to default
2025-01-09 14:23:19.442 [DEBUG] [thread-id 1] - Store in: store the value 'null' in the variable 'scrollPosition'
2025-01-09 14:23:19.442 [DEBUG] [thread-id 1] - Store in: store the value 'null' in the variable 'identifierScope'
2025-01-09 14:23:19.442 [DEBUG] [thread-id 1] - Store in: store the value 'null' in the variable 'scrollLimit'
2025-01-09 14:23:19.442 [DEBUG] [thread-id 1] - Store in: store the value 'false' in the variable 'scrollNeeded'
2025-01-09 14:23:20.648 [DEBUG] [thread-id 1] - Click element: '//XCUIElementTypeCell[contains(@name,"ProductSectionCoordinator_searchPrimaryProductCell_indexPath")]/XCUIElementTypeOther/XCUIElementTypeOther[1]/XCUIElementTypeButton[not(contains(@label, "Sponsored")) and (contains(@label, "reviews"))][1] | //*[contains(@name,"GlassProductTile.mainStackView") and not(contains(@label, "Sponsored")) and (contains(@label, "reviews"))] | //XCUIElementTypeCell[contains(@name,"ProductSectionCoordinator_searchPrimaryProductCell_indexPath")]/XCUIElementTypeOther/XCUIElementTypeOther[1]/XCUIElementTypeButton[1][not(contains(@label, "Sponsored"))]'
2025-01-09 14:23:21.120 [DEBUG] [thread-id 1] - Executing function: 'unified.us.functions.search.verifyItemPageOpened'
2025-01-09 14:24:35.356 [DEBUG] [thread-id 1] - Verify identifier: {//XCUIElementTypeStaticText[@name="BrandNameView_brandName" or @name = "TitleView_productTitle"] | //XCUIElementTypeButton[@name="BrandNameView_brandNameButton"]=[true]}
2025-01-09 14:24:35.382 [DEBUG] [thread-id 1] - Store in: store the value 'null' in the variable 'subFilter'
2025-01-09 14:24:35.383 [DEBUG] [thread-id 1] - Store in: store the value 'false' in the variable 'noAds'
2025-01-09 14:24:35.383 [DEBUG] [thread-id 1] - Store in: store the value 'false' in the variable 'excludeSponsored'
2025-01-09 14:24:35.383 [DEBUG] [thread-id 1] - Executing function: 'unified.us.functions.home.verifyBadgesForWplus'
2025-01-09 14:24:35.383 [DEBUG] [thread-id 1] - badge validation completed
2025-01-09 14:24:35.384 [DEBUG] [thread-id 1] - Store in: store the value 'passed' in the variable 'testStatus'
2025-01-09 14:26:44.612 [DEBUG] [thread-id 1] - Executing scenario: 'After'
2025-01-09 14:26:44.613 [DEBUG] [thread-id 1] - Executing function: 'unified.us.functions.utils.afterSteps'
2025-01-09 14:26:44.613 [DEBUG] [thread-id 1] - conditionally execute a flow. condition: true
2025-01-09 14:27:31.186 [DEBUG] [thread-id 1] - Test passed
2025-01-09 14:28:57.774 [DEBUG] [thread-id 1] - Created report: /Users/m0k0a2f/glass-automation/report/index.html
2025-01-09 14:31:08.118 [DEBUG] [thread-id 1] - Executing R2 4.0.2: '/Users/m0k0a2f/glass-automation/us/unified-e2e-tests/test-scripts/Ecomm-And-Fulfillment-Flows/badging/C2717104-validate-badging-for-members.yaml' on device: 'iPhone 14'
2025-01-09 14:34:09.993 [DEBUG] [thread-id 1] - Executing scenario: 'Before'
2025-01-09 14:34:09.995 [DEBUG] [thread-id 1] - Executing function: 'us.function.utils.getEnvironmentValue'
2025-01-09 14:34:09.996 [DEBUG] [thread-id 1] - Store in: store the value 'production' in the variable 'env'
2025-01-09 14:34:09.997 [DEBUG] [thread-id 1] - Timestamp: 1736462049997
2025-01-09 14:34:09.998 [DEBUG] [thread-id 1] - Executing function: 'functions.utils.setPlatformInfo'
2025-01-09 14:34:10.000 [WARN] [thread-id 1] - variable dependencies.general.appPackage was used, but r2 could not find a value for this variable. returning default of null
2025-01-09 14:34:10.001 [DEBUG] [thread-id 1] - Store in: store the value 'null' in the variable 'appPackage'
2025-01-09 14:34:10.010 [DEBUG] [thread-id 1] - conditionally execute a flow. condition: true
2025-01-09 14:34:10.222 [DEBUG] [thread-id 1] - Store in: store the value 'iOS' in the variable 'platform'
2025-01-09 14:34:10.230 [DEBUG] [thread-id 1] - R2_SUBFLOW_PRE_TRANSACTION
2025-01-09 14:34:10.668 [DEBUG] [thread-id 1] - Using us-errors-helpers.yaml
2025-01-09 14:34:11.219 [DEBUG] [thread-id 1] - Start Main
2025-01-09 14:34:11.220 [DEBUG] [thread-id 1] - Executing function: 'unified.us.functions.global.onboarding.navigateOnboardingToHome'
2025-01-09 14:34:11.220 [DEBUG] [thread-id 1] - Welcome screen loaded
2025-01-09 14:34:11.223 [DEBUG] [thread-id 1] - Verify identifier: {cta.cancel.welcome=[true]}
2025-01-09 14:34:11.224 [DEBUG] [thread-id 1] - Store in: store the value 'true' in the variable 'testStarted'
2025-01-09 14:34:11.263 [DEBUG] [thread-id 1] - Click element: 'cta.cancel.welcome'
2025-01-09 14:34:11.864 [DEBUG] [thread-id 1] - Notifiction Prompt screen loaded
2025-01-09 14:34:18.814 [DEBUG] [thread-id 1] - Verify identifier: {LocationPermissionViewController.titleLabel=[true]}
2025-01-09 14:34:18.859 [DEBUG] [thread-id 1] - Click element: 'Enter zip code'
2025-01-09 14:34:19.570 [DEBUG] [thread-id 1] - Verify identifier: {label.postal-code-entry=[true]}
2025-01-09 14:34:19.570 [DEBUG] [thread-id 1] - sleep:  2000 milliseconds
2025-01-09 14:34:21.622 [DEBUG] [thread-id 1] - Enter text: '95122'
2025-01-09 14:34:24.435 [DEBUG] [thread-id 1] - Click element: 'cta.continue'
2025-01-09 14:34:24.901 [DEBUG] [thread-id 1] - sleep:  3000 milliseconds
2025-01-09 14:34:38.431 [DEBUG] [thread-id 1] - Executing function: 'unified.us.functions.home.navigateHomeToSignIn'
2025-01-09 14:34:38.744 [DEBUG] [thread-id 1] - Click element: '//XCUIElementTypeButton[@name="Account"] | Account'
2025-01-09 14:34:39.492 [DEBUG] [thread-id 1] - Verify identifier: {//XCUIElementTypeButton[@name="SignInYourAccountTableViewCell.signInButton"]=[true]}
2025-01-09 14:34:39.802 [DEBUG] [thread-id 1] - Click element: '//XCUIElementTypeButton[@name="SignInYourAccountTableViewCell.signInButton"]'
2025-01-09 14:34:41.669 [DEBUG] [thread-id 1] - conditionally execute a flow. condition: true
2025-01-09 14:34:42.911 [DEBUG] [thread-id 1] - Store in: store the value 'true' in the variable 'signInValidated'
2025-01-09 14:34:42.927 [DEBUG] [thread-id 1] - conditionally execute a flow. condition: true
2025-01-09 14:34:44.203 [DEBUG] [thread-id 1] - SignIn page loaded
2025-01-09 14:34:45.454 [DEBUG] [thread-id 1] - Store in: store the value 'false' in the variable 'signInValidated'
2025-01-09 14:34:45.460 [DEBUG] [thread-id 1] - Executing function: 'unified.us.functions.global.authentication.signInAccountWithParams'
2025-01-09 14:34:45.461 [DEBUG] [thread-id 1] - Executing function: 'unified.us.functions.authentication.signInInfo'
2025-01-09 14:34:45.462 [DEBUG] [thread-id 1] - conditionally execute a flow. condition: true
2025-01-09 14:34:46.748 [DEBUG] [thread-id 1] - Store in: store the value 'paidannual3@cloudtest.org' in the variable 'email'
2025-01-09 14:34:48.008 [DEBUG] [thread-id 1] - Store in: store the value 'E2epassword' in the variable 'password'
2025-01-09 14:34:48.016 [DEBUG] [thread-id 1] - Executing function: 'unified.us.functions.global.authentication.signInAccount'
2025-01-09 14:34:48.017 [DEBUG] [thread-id 1] - conditionally execute a flow. condition: true
2025-01-09 14:35:01.889 [DEBUG] [thread-id 1] - Verify identifier: {TextFieldStackView.containerStackView=[true]}
2025-01-09 14:35:02.046 [DEBUG] [thread-id 1] - Enter text: 'paidannual3@cloudtest.org'
2025-01-09 14:35:06.823 [DEBUG] [thread-id 1] - Click element: 'WelcomeView.ctaButton'
2025-01-09 14:35:07.533 [DEBUG] [thread-id 1] - sleep:  2000 milliseconds
2025-01-09 14:35:10.239 [DEBUG] [thread-id 1] - conditionally execute a flow. condition: true
2025-01-09 14:35:11.587 [DEBUG] [thread-id 1] - Entered Email Successfully
2025-01-09 14:35:12.937 [DEBUG] [thread-id 1] - conditionally execute a flow. condition: true
2025-01-09 14:35:14.475 [DEBUG] [thread-id 1] - Click element: 'AuthChoiceView.passwordStackView'
2025-01-09 14:35:16.649 [DEBUG] [thread-id 1] - Selected Password Option to Login
2025-01-09 14:35:16.656 [DEBUG] [thread-id 1] - Verify identifier: {TextFieldStackView.textField=[true]}
2025-01-09 14:35:16.816 [DEBUG] [thread-id 1] - Enter text: 'E2epassword'
2025-01-09 14:35:23.634 [DEBUG] [thread-id 1] - Click element: 'AuthChoiceView.ctaButton'
2025-01-09 14:35:45.637 [DEBUG] [thread-id 1] - conditionally execute a flow. condition: true
2025-01-09 14:35:46.471 [DEBUG] [thread-id 1] - sleep:  2000 milliseconds
2025-01-09 14:35:59.935 [DEBUG] [thread-id 1] - Executing function: 'unified.us.functions.utils.handleCartMergePopup'
2025-01-09 14:36:20.858 [DEBUG] [thread-id 1] - No Technical Error Page observed
2025-01-09 14:36:20.866 [DEBUG] [thread-id 1] - Executing function: 'unified.us.functions.home.toolTip'
2025-01-09 14:36:31.343 [DEBUG] [thread-id 1] - conditionally execute a flow. condition: false
2025-01-09 14:36:32.160 [DEBUG] [thread-id 1] - no tooltip displayed
2025-01-09 14:36:32.182 [DEBUG] [thread-id 1] - Executing function: 'unified.us.functions.global.navigation.accountToHome'
2025-01-09 14:36:32.182 [DEBUG] [thread-id 1] - Executing function: 'unified.us.functions.global.navigation.toTab'
2025-01-09 14:36:32.183 [DEBUG] [thread-id 1] - Executing function: 'us.functions.utils.scrollIfNotVisible'
2025-01-09 14:36:33.536 [DEBUG] [thread-id 1] - Verify identifier: {//XCUIElementTypeButton[contains(@name, "Shop")]=[true]}
2025-01-09 14:36:34.349 [DEBUG] [thread-id 1] - Element already visible, scrolling is skipped
2025-01-09 14:36:34.361 [DEBUG] [thread-id 1] - Resetting scrollPosition variable to default
2025-01-09 14:36:34.362 [DEBUG] [thread-id 1] - Store in: store the value 'null' in the variable 'scrollPosition'
2025-01-09 14:36:34.362 [DEBUG] [thread-id 1] - Store in: store the value 'null' in the variable 'identifierScope'
2025-01-09 14:36:34.362 [DEBUG] [thread-id 1] - Store in: store the value 'null' in the variable 'limit'
2025-01-09 14:36:34.871 [DEBUG] [thread-id 1] - Click element: '//XCUIElementTypeButton[contains(@name, "Shop")]'
2025-01-09 14:36:35.377 [DEBUG] [thread-id 1] - Executing function: 'unified.us.functions.home.closeWPlusPromotionPopUpIfDisplayed'
2025-01-09 14:36:35.379 [DEBUG] [thread-id 1] - conditionally execute a flow. condition: true
2025-01-09 14:36:50.931 [DEBUG] [thread-id 1] - Executing function: 'unified.us.functions.global.navigation.toCartFromNavBar'
2025-01-09 14:36:52.783 [DEBUG] [thread-id 1] - Verify identifier: {//XCUIElementTypeButton[contains(@label, "Your cart")] | //XCUIElementTypeButton[(@name="SearchResultsViewController.cartButton") or (contains(@label,"Your cart contains") and contains(@label,"The estimated total is")) or (@label="Your cart is empty")]=[true]}
2025-01-09 14:36:54.711 [DEBUG] [thread-id 1] - Click element: '//XCUIElementTypeButton[contains(@label, "Your cart")] | //XCUIElementTypeButton[(@name="SearchResultsViewController.cartButton") or (contains(@label,"Your cart contains") and contains(@label,"The estimated total is")) or (@label="Your cart is empty")]'
2025-01-09 14:36:55.554 [DEBUG] [thread-id 1] - Executing function: 'unified.us.functions.cart.storeChangePopUp'
2025-01-09 14:37:03.107 [DEBUG] [thread-id 1] - No Store Change pop up screen displayed
2025-01-09 14:37:05.145 [DEBUG] [thread-id 1] - conditionally execute a flow. condition: true
2025-01-09 14:37:07.150 [DEBUG] [thread-id 1] - cart Page loaded
2025-01-09 14:37:07.166 [DEBUG] [thread-id 1] - Executing function: 'unified.us.functions.cart.removeAllCartItems'
2025-01-09 14:37:07.166 [DEBUG] [thread-id 1] - Executing function: 'unified.us.functions.cart.storeChangePopUp'
2025-01-09 14:37:11.257 [DEBUG] [thread-id 1] - No Store Change pop up screen displayed
2025-01-09 14:37:11.264 [DEBUG] [thread-id 1] - Executing function: 'unified.us.functions.cart.removeAdonsNotAvailable'
2025-01-09 14:37:16.381 [DEBUG] [thread-id 1] - No remove Adons pop up screen displayed
2025-01-09 14:37:18.375 [DEBUG] [thread-id 1] - conditionally execute a flow. condition: true
2025-01-09 14:37:20.353 [DEBUG] [thread-id 1] - No items in cart
2025-01-09 14:37:20.361 [DEBUG] [thread-id 1] - Executing function: 'unified.us.functions.cart.removeUnavailableItemsFromCart'
2025-01-09 14:37:20.362 [DEBUG] [thread-id 1] - conditionally execute a flow. condition: true
2025-01-09 14:37:32.581 [DEBUG] [thread-id 1] - Executing function: 'unified.us.functions.global.navigation.backNavigation'
2025-01-09 14:37:32.582 [DEBUG] [thread-id 1] - Global Back navigation
2025-01-09 14:37:32.582 [DEBUG] [thread-id 1] - conditionally execute a flow. condition: true
2025-01-09 14:37:39.518 [DEBUG] [thread-id 1] - Click element: '//XCUIElementTypeButton[@name="Back" or @label="Back"] | //XCUIElementTypeNavigationBar[@name="Cart"]/XCUIElementTypeButton[contains(@name,"Search")] | //XCUIElementTypeNavigationBar/XCUIElementTypeButton[not(contains(@label,"cart"))]'
2025-01-09 14:37:40.341 [DEBUG] [thread-id 1] - Executing function: 'unified.us.functions.search.searchItem'
2025-01-09 14:37:43.276 [DEBUG] [thread-id 1] - Verify identifier: {Search=[true]}
2025-01-09 14:37:46.705 [DEBUG] [thread-id 1] - Click element: 'Search'
2025-01-09 14:37:48.050 [DEBUG] [thread-id 1] - Verify identifier: {Search Walmart=[true]}
2025-01-09 14:37:51.153 [DEBUG] [thread-id 1] - Click element: 'Search Walmart'
2025-01-09 14:37:51.865 [DEBUG] [thread-id 1] - Enter text: 'milk'
2025-01-09 14:38:03.595 [DEBUG] [thread-id 1] - Executing function: 'unified.us.functions.home.closeWPlusPromotionPopUpIfDisplayed'
2025-01-09 14:38:03.597 [DEBUG] [thread-id 1] - conditionally execute a flow. condition: true
2025-01-09 14:38:14.571 [DEBUG] [thread-id 1] - Executing function: 'unified.us.functions.utils.scrollIfNotVisible'
2025-01-09 14:38:14.572 [WARN] [thread-id 1] - variable scrollLimit was used, but r2 could not find a value for this variable. returning default of null
2025-01-09 14:38:14.573 [DEBUG] [thread-id 1] - conditionally execute a flow. condition: true
2025-01-09 14:38:15.406 [DEBUG] [thread-id 1] - Store in: store the value '7' in the variable 'scrollLimit'
2025-01-09 14:38:15.412 [DEBUG] [thread-id 1] - Scroll limit set to - 7
2025-01-09 14:38:15.413 [DEBUG] [thread-id 1] - conditionally execute a flow. condition: true
2025-01-09 14:38:16.874 [DEBUG] [thread-id 1] - conditionally execute a flow. condition: true
2025-01-09 14:38:17.725 [DEBUG] [thread-id 1] - Element already visible, scrolling is skipped
2025-01-09 14:38:17.749 [WARN] [thread-id 1] - variable scrollNeeded was used, but r2 could not find a value for this variable. returning default of null
2025-01-09 14:38:17.750 [DEBUG] [thread-id 1] - Resetting scrollPosition variable to default
2025-01-09 14:38:17.750 [DEBUG] [thread-id 1] - Store in: store the value 'null' in the variable 'scrollPosition'
2025-01-09 14:38:17.750 [DEBUG] [thread-id 1] - Store in: store the value 'null' in the variable 'identifierScope'
2025-01-09 14:38:17.751 [DEBUG] [thread-id 1] - Store in: store the value 'null' in the variable 'scrollLimit'
2025-01-09 14:38:17.751 [DEBUG] [thread-id 1] - Store in: store the value 'false' in the variable 'scrollNeeded'
2025-01-09 14:38:18.362 [DEBUG] [thread-id 1] - conditionally execute a flow. condition: true
2025-01-09 14:38:19.196 [DEBUG] [thread-id 1] - successfully found an item for the above search criterion
2025-01-09 14:38:19.204 [DEBUG] [thread-id 1] - Executing function: 'unified.us.functions.home.verifyBadgesForWplus'
2025-01-09 14:38:19.206 [DEBUG] [thread-id 1] - badge validation completed
2025-01-09 14:38:19.208 [DEBUG] [thread-id 1] - Executing function: 'unified.us.functions.search.clickOnFirstItem'
2025-01-09 14:38:19.209 [WARN] [thread-id 1] - variable noAds was used, but r2 could not find a value for this variable. returning default of null
2025-01-09 14:38:19.209 [WARN] [thread-id 1] - variable subFilter was used, but r2 could not find a value for this variable. returning default of null
2025-01-09 14:38:19.211 [DEBUG] [thread-id 1] - conditionally execute a flow. condition: false
2025-01-09 14:38:20.169 [WARN] [thread-id 1] - variable noAds was used, but r2 could not find a value for this variable. returning default of null
2025-01-09 14:38:20.169 [DEBUG] [thread-id 1] - conditionally execute a flow. condition: true
2025-01-09 14:38:21.026 [DEBUG] [thread-id 1] - conditionally execute a flow. condition: true
2025-01-09 14:38:21.867 [DEBUG] [thread-id 1] - Executing function: 'unified.us.functions.utils.scrollIfNotVisible'
2025-01-09 14:38:21.869 [DEBUG] [thread-id 1] - Scroll limit set to - 10
2025-01-09 14:38:21.869 [DEBUG] [thread-id 1] - conditionally execute a flow. condition: true
2025-01-09 14:38:34.035 [DEBUG] [thread-id 1] - conditionally execute a flow. condition: false
2025-01-09 14:38:34.892 [DEBUG] [thread-id 1] - Store in: store the value 'true' in the variable 'scrollNeeded'
2025-01-09 14:38:34.911 [DEBUG] [thread-id 1] - conditionally execute a flow. condition: true
2025-01-09 14:38:35.752 [DEBUG] [thread-id 1] - conditionally execute a flow. condition: false
2025-01-09 14:38:36.604 [DEBUG] [thread-id 1] - conditionally execute a flow. condition: true
2025-01-09 14:38:37.466 [DEBUG] [thread-id 1] - Scroll: down
2025-01-09 14:56:01.299 [DEBUG] [thread-id 1] - Scroll: down
2025-01-09 15:12:51.753 [DEBUG] [thread-id 1] - Scroll: down
2025-01-09 15:29:24.425 [DEBUG] [thread-id 1] - Main failed: 
2025-01-09 15:29:26.062 [DEBUG] [thread-id 1] - Executing scenario: 'After'
2025-01-09 15:29:26.063 [DEBUG] [thread-id 1] - Executing function: 'unified.us.functions.utils.afterSteps'
2025-01-09 15:29:26.063 [WARN] [thread-id 1] - variable testStatus was used, but r2 could not find a value for this variable. returning default of null
2025-01-09 15:29:26.064 [DEBUG] [thread-id 1] - conditionally execute a flow. condition: false
2025-01-09 15:29:26.852 [DEBUG] [thread-id 1] - Test failed
2025-01-09 15:29:37.401 [DEBUG] [thread-id 1] - Created report: /Users/m0k0a2f/glass-automation/report/index.html
2025-01-09 17:07:58.874 [DEBUG] [thread-id 1] - Executing R2 4.0.2: '/Users/m0k0a2f/glass-automation/us/unified-e2e-tests/test-scripts/Ecomm-And-Fulfillment-Flows/badging/C2717104-validate-badging-for-members.yaml' on device: 'iPhone 14'
2025-01-09 17:11:39.084 [DEBUG] [thread-id 1] - Executing scenario: 'Before'
2025-01-09 17:11:39.087 [DEBUG] [thread-id 1] - Executing function: 'us.function.utils.getEnvironmentValue'
2025-01-09 17:11:39.087 [DEBUG] [thread-id 1] - Store in: store the value 'production' in the variable 'env'
2025-01-09 17:11:39.088 [DEBUG] [thread-id 1] - Timestamp: 1736471499088
2025-01-09 17:11:39.089 [DEBUG] [thread-id 1] - Executing function: 'functions.utils.setPlatformInfo'
2025-01-09 17:11:39.092 [WARN] [thread-id 1] - variable dependencies.general.appPackage was used, but r2 could not find a value for this variable. returning default of null
2025-01-09 17:11:39.093 [DEBUG] [thread-id 1] - Store in: store the value 'null' in the variable 'appPackage'
2025-01-09 17:11:39.103 [DEBUG] [thread-id 1] - conditionally execute a flow. condition: true
2025-01-09 17:11:39.330 [DEBUG] [thread-id 1] - Store in: store the value 'iOS' in the variable 'platform'
2025-01-09 17:11:39.337 [DEBUG] [thread-id 1] - R2_SUBFLOW_PRE_TRANSACTION
2025-01-09 17:11:39.798 [DEBUG] [thread-id 1] - Using us-errors-helpers.yaml
2025-01-09 17:11:40.255 [DEBUG] [thread-id 1] - Start Main
2025-01-09 17:11:40.256 [DEBUG] [thread-id 1] - Executing function: 'unified.us.functions.global.onboarding.navigateOnboardingToHome'
2025-01-09 17:11:40.256 [DEBUG] [thread-id 1] - Welcome screen loaded
2025-01-09 17:11:40.260 [DEBUG] [thread-id 1] - Verify identifier: {cta.cancel.welcome=[true]}
2025-01-09 17:11:40.260 [DEBUG] [thread-id 1] - Store in: store the value 'true' in the variable 'testStarted'
2025-01-09 17:11:40.300 [DEBUG] [thread-id 1] - Click element: 'cta.cancel.welcome'
2025-01-09 17:11:40.839 [DEBUG] [thread-id 1] - Notifiction Prompt screen loaded
2025-01-09 17:12:02.045 [DEBUG] [thread-id 1] - Main failed: Is not present: 'LocationPermissionViewController.titleLabel'
2025-01-09 17:12:02.520 [DEBUG] [thread-id 1] - Executing scenario: 'After'
2025-01-09 17:12:02.520 [DEBUG] [thread-id 1] - Executing function: 'unified.us.functions.utils.afterSteps'
2025-01-09 17:12:02.521 [WARN] [thread-id 1] - variable testStatus was used, but r2 could not find a value for this variable. returning default of null
2025-01-09 17:12:02.522 [DEBUG] [thread-id 1] - conditionally execute a flow. condition: false
2025-01-09 17:12:02.750 [DEBUG] [thread-id 1] - Test failed
2025-01-09 17:12:10.256 [DEBUG] [thread-id 1] - Created report: /Users/m0k0a2f/glass-automation/report/index.html
2025-01-09 17:13:17.307 [DEBUG] [thread-id 1] - Executing R2 4.0.2: '/Users/m0k0a2f/glass-automation/us/unified-e2e-tests/test-scripts/Ecomm-And-Fulfillment-Flows/badging/C2717104-validate-badging-for-members.yaml' on device: 'iPhone 14'
2025-01-09 17:15:54.027 [DEBUG] [thread-id 1] - Executing scenario: 'Before'
2025-01-09 17:15:54.030 [DEBUG] [thread-id 1] - Executing function: 'us.function.utils.getEnvironmentValue'
2025-01-09 17:15:54.031 [DEBUG] [thread-id 1] - Store in: store the value 'production' in the variable 'env'
2025-01-09 17:15:54.031 [DEBUG] [thread-id 1] - Timestamp: 1736471754031
2025-01-09 17:15:54.032 [DEBUG] [thread-id 1] - Executing function: 'functions.utils.setPlatformInfo'
2025-01-09 17:15:54.035 [WARN] [thread-id 1] - variable dependencies.general.appPackage was used, but r2 could not find a value for this variable. returning default of null
2025-01-09 17:15:54.035 [DEBUG] [thread-id 1] - Store in: store the value 'null' in the variable 'appPackage'
2025-01-09 17:15:54.044 [DEBUG] [thread-id 1] - conditionally execute a flow. condition: true
2025-01-09 17:15:54.258 [DEBUG] [thread-id 1] - Store in: store the value 'iOS' in the variable 'platform'
2025-01-09 17:15:54.268 [DEBUG] [thread-id 1] - R2_SUBFLOW_PRE_TRANSACTION
2025-01-09 17:15:54.699 [DEBUG] [thread-id 1] - Using us-errors-helpers.yaml
2025-01-09 17:15:55.152 [DEBUG] [thread-id 1] - Start Main
2025-01-09 17:15:55.153 [DEBUG] [thread-id 1] - Executing function: 'unified.us.functions.global.onboarding.navigateOnboardingToHome'
2025-01-09 17:15:55.153 [DEBUG] [thread-id 1] - Welcome screen loaded
2025-01-09 17:15:55.157 [DEBUG] [thread-id 1] - Verify identifier: {cta.cancel.welcome=[true]}
2025-01-09 17:15:55.158 [DEBUG] [thread-id 1] - Store in: store the value 'true' in the variable 'testStarted'
2025-01-09 17:15:55.196 [DEBUG] [thread-id 1] - Click element: 'cta.cancel.welcome'
2025-01-09 17:15:55.737 [DEBUG] [thread-id 1] - Notifiction Prompt screen loaded
2025-01-09 17:15:58.440 [DEBUG] [thread-id 1] - Verify identifier: {LocationPermissionViewController.titleLabel=[true]}
2025-01-09 17:15:58.477 [DEBUG] [thread-id 1] - Click element: 'Enter zip code'
2025-01-09 17:15:59.163 [DEBUG] [thread-id 1] - Verify identifier: {label.postal-code-entry=[true]}
2025-01-09 17:15:59.164 [DEBUG] [thread-id 1] - sleep:  2000 milliseconds
2025-01-09 17:16:01.219 [DEBUG] [thread-id 1] - Enter text: '95122'
2025-01-09 17:16:04.336 [DEBUG] [thread-id 1] - Click element: 'cta.continue'
2025-01-09 17:16:04.926 [DEBUG] [thread-id 1] - sleep:  3000 milliseconds
2025-01-09 17:16:18.371 [DEBUG] [thread-id 1] - Executing function: 'unified.us.functions.home.navigateHomeToSignIn'
2025-01-09 17:16:18.764 [DEBUG] [thread-id 1] - Click element: '//XCUIElementTypeButton[@name="Account"] | Account'
2025-01-09 17:16:19.526 [DEBUG] [thread-id 1] - Verify identifier: {//XCUIElementTypeButton[@name="SignInYourAccountTableViewCell.signInButton"]=[true]}
2025-01-09 17:16:19.842 [DEBUG] [thread-id 1] - Click element: '//XCUIElementTypeButton[@name="SignInYourAccountTableViewCell.signInButton"]'
2025-01-09 17:16:21.843 [DEBUG] [thread-id 1] - conditionally execute a flow. condition: true
2025-01-09 17:16:23.095 [DEBUG] [thread-id 1] - Store in: store the value 'true' in the variable 'signInValidated'
2025-01-09 17:16:23.109 [DEBUG] [thread-id 1] - conditionally execute a flow. condition: true
2025-01-09 17:16:24.332 [DEBUG] [thread-id 1] - SignIn page loaded
2025-01-09 17:16:25.576 [DEBUG] [thread-id 1] - Store in: store the value 'false' in the variable 'signInValidated'
2025-01-09 17:16:25.582 [DEBUG] [thread-id 1] - Executing function: 'unified.us.functions.global.authentication.signInAccountWithParams'
2025-01-09 17:16:25.582 [DEBUG] [thread-id 1] - Executing function: 'unified.us.functions.authentication.signInInfo'
2025-01-09 17:16:25.583 [DEBUG] [thread-id 1] - conditionally execute a flow. condition: true
2025-01-09 17:16:26.821 [DEBUG] [thread-id 1] - Store in: store the value 'paidannual3@cloudtest.org' in the variable 'email'
2025-01-09 17:16:28.093 [DEBUG] [thread-id 1] - Store in: store the value 'E2epassword' in the variable 'password'
2025-01-09 17:16:28.101 [DEBUG] [thread-id 1] - Executing function: 'unified.us.functions.global.authentication.signInAccount'
2025-01-09 17:16:28.102 [DEBUG] [thread-id 1] - conditionally execute a flow. condition: true
2025-01-09 17:16:41.962 [DEBUG] [thread-id 1] - Verify identifier: {TextFieldStackView.containerStackView=[true]}
2025-01-09 17:16:42.117 [DEBUG] [thread-id 1] - Enter text: 'paidannual3@cloudtest.org'
2025-01-09 17:16:46.884 [DEBUG] [thread-id 1] - Click element: 'WelcomeView.ctaButton'
2025-01-09 17:16:47.598 [DEBUG] [thread-id 1] - sleep:  2000 milliseconds
2025-01-09 17:16:50.284 [DEBUG] [thread-id 1] - conditionally execute a flow. condition: true
2025-01-09 17:16:51.619 [DEBUG] [thread-id 1] - Entered Email Successfully
2025-01-09 17:16:52.967 [DEBUG] [thread-id 1] - conditionally execute a flow. condition: true
2025-01-09 17:16:54.459 [DEBUG] [thread-id 1] - Click element: 'AuthChoiceView.passwordStackView'
2025-01-09 17:16:56.615 [DEBUG] [thread-id 1] - Selected Password Option to Login
2025-01-09 17:16:56.621 [DEBUG] [thread-id 1] - Verify identifier: {TextFieldStackView.textField=[true]}
2025-01-09 17:16:56.781 [DEBUG] [thread-id 1] - Enter text: 'E2epassword'
2025-01-09 17:17:03.560 [DEBUG] [thread-id 1] - Click element: 'AuthChoiceView.ctaButton'
2025-01-09 17:17:25.518 [DEBUG] [thread-id 1] - conditionally execute a flow. condition: true
2025-01-09 17:17:26.339 [DEBUG] [thread-id 1] - sleep:  2000 milliseconds
2025-01-09 17:17:39.819 [DEBUG] [thread-id 1] - Executing function: 'unified.us.functions.utils.handleCartMergePopup'
2025-01-09 17:18:00.849 [DEBUG] [thread-id 1] - No Technical Error Page observed
2025-01-09 17:18:00.855 [DEBUG] [thread-id 1] - Executing function: 'unified.us.functions.home.toolTip'
2025-01-09 17:18:11.517 [DEBUG] [thread-id 1] - conditionally execute a flow. condition: false
2025-01-09 17:18:12.333 [DEBUG] [thread-id 1] - no tooltip displayed
2025-01-09 17:18:12.350 [DEBUG] [thread-id 1] - Executing function: 'unified.us.functions.global.navigation.accountToHome'
2025-01-09 17:18:12.351 [DEBUG] [thread-id 1] - Executing function: 'unified.us.functions.global.navigation.toTab'
2025-01-09 17:18:12.352 [DEBUG] [thread-id 1] - Executing function: 'us.functions.utils.scrollIfNotVisible'
2025-01-09 17:18:13.711 [DEBUG] [thread-id 1] - Verify identifier: {//XCUIElementTypeButton[contains(@name, "Shop")]=[true]}
2025-01-09 17:18:14.510 [DEBUG] [thread-id 1] - Element already visible, scrolling is skipped
2025-01-09 17:18:14.516 [DEBUG] [thread-id 1] - Resetting scrollPosition variable to default
2025-01-09 17:18:14.517 [DEBUG] [thread-id 1] - Store in: store the value 'null' in the variable 'scrollPosition'
2025-01-09 17:18:14.517 [DEBUG] [thread-id 1] - Store in: store the value 'null' in the variable 'identifierScope'
2025-01-09 17:18:14.517 [DEBUG] [thread-id 1] - Store in: store the value 'null' in the variable 'limit'
2025-01-09 17:18:15.023 [DEBUG] [thread-id 1] - Click element: '//XCUIElementTypeButton[contains(@name, "Shop")]'
2025-01-09 17:18:15.517 [DEBUG] [thread-id 1] - Executing function: 'unified.us.functions.home.closeWPlusPromotionPopUpIfDisplayed'
2025-01-09 17:18:15.519 [DEBUG] [thread-id 1] - conditionally execute a flow. condition: true
2025-01-09 17:18:30.205 [DEBUG] [thread-id 1] - Executing function: 'unified.us.functions.global.navigation.toCartFromNavBar'
2025-01-09 17:18:32.043 [DEBUG] [thread-id 1] - Verify identifier: {//XCUIElementTypeButton[contains(@label, "Your cart")] | //XCUIElementTypeButton[(@name="SearchResultsViewController.cartButton") or (contains(@label,"Your cart contains") and contains(@label,"The estimated total is")) or (@label="Your cart is empty")]=[true]}
2025-01-09 17:18:33.892 [DEBUG] [thread-id 1] - Click element: '//XCUIElementTypeButton[contains(@label, "Your cart")] | //XCUIElementTypeButton[(@name="SearchResultsViewController.cartButton") or (contains(@label,"Your cart contains") and contains(@label,"The estimated total is")) or (@label="Your cart is empty")]'
2025-01-09 17:18:34.720 [DEBUG] [thread-id 1] - Executing function: 'unified.us.functions.cart.storeChangePopUp'
2025-01-09 17:18:42.291 [DEBUG] [thread-id 1] - No Store Change pop up screen displayed
2025-01-09 17:18:44.278 [DEBUG] [thread-id 1] - conditionally execute a flow. condition: true
2025-01-09 17:18:46.200 [DEBUG] [thread-id 1] - cart Page loaded
2025-01-09 17:18:46.217 [DEBUG] [thread-id 1] - Executing function: 'unified.us.functions.cart.removeAllCartItems'
2025-01-09 17:18:46.217 [DEBUG] [thread-id 1] - Executing function: 'unified.us.functions.cart.storeChangePopUp'
2025-01-09 17:18:50.071 [DEBUG] [thread-id 1] - No Store Change pop up screen displayed
2025-01-09 17:18:50.079 [DEBUG] [thread-id 1] - Executing function: 'unified.us.functions.cart.removeAdonsNotAvailable'
2025-01-09 17:18:55.012 [DEBUG] [thread-id 1] - No remove Adons pop up screen displayed
2025-01-09 17:18:56.962 [DEBUG] [thread-id 1] - conditionally execute a flow. condition: true
2025-01-09 17:18:58.873 [DEBUG] [thread-id 1] - No items in cart
2025-01-09 17:18:58.886 [DEBUG] [thread-id 1] - Executing function: 'unified.us.functions.cart.removeUnavailableItemsFromCart'
2025-01-09 17:18:58.887 [DEBUG] [thread-id 1] - conditionally execute a flow. condition: true
2025-01-09 17:19:12.602 [DEBUG] [thread-id 1] - Executing function: 'unified.us.functions.global.navigation.backNavigation'
2025-01-09 17:19:12.602 [DEBUG] [thread-id 1] - Global Back navigation
2025-01-09 17:19:12.603 [DEBUG] [thread-id 1] - conditionally execute a flow. condition: true
2025-01-09 17:19:19.302 [DEBUG] [thread-id 1] - Click element: '//XCUIElementTypeButton[@name="Back" or @label="Back"] | //XCUIElementTypeNavigationBar[@name="Cart"]/XCUIElementTypeButton[contains(@name,"Search")] | //XCUIElementTypeNavigationBar/XCUIElementTypeButton[not(contains(@label,"cart"))]'
2025-01-09 17:19:20.114 [DEBUG] [thread-id 1] - Executing function: 'unified.us.functions.search.searchItem'
2025-01-09 17:19:22.924 [DEBUG] [thread-id 1] - Verify identifier: {Search=[true]}
2025-01-09 17:19:26.329 [DEBUG] [thread-id 1] - Click element: 'Search'
2025-01-09 17:19:27.625 [DEBUG] [thread-id 1] - Verify identifier: {Search Walmart=[true]}
2025-01-09 17:19:30.728 [DEBUG] [thread-id 1] - Click element: 'Search Walmart'
2025-01-09 17:19:31.413 [DEBUG] [thread-id 1] - Enter text: 'milk'
2025-01-09 17:19:43.315 [DEBUG] [thread-id 1] - Executing function: 'unified.us.functions.home.closeWPlusPromotionPopUpIfDisplayed'
2025-01-09 17:19:43.317 [DEBUG] [thread-id 1] - conditionally execute a flow. condition: true
2025-01-09 17:19:54.446 [DEBUG] [thread-id 1] - Executing function: 'unified.us.functions.utils.scrollIfNotVisible'
2025-01-09 17:19:54.447 [WARN] [thread-id 1] - variable scrollLimit was used, but r2 could not find a value for this variable. returning default of null
2025-01-09 17:19:54.447 [DEBUG] [thread-id 1] - conditionally execute a flow. condition: true
2025-01-09 17:19:55.325 [DEBUG] [thread-id 1] - Store in: store the value '7' in the variable 'scrollLimit'
2025-01-09 17:19:55.339 [DEBUG] [thread-id 1] - Scroll limit set to - 7
2025-01-09 17:19:55.341 [DEBUG] [thread-id 1] - conditionally execute a flow. condition: true
2025-01-09 17:19:56.828 [DEBUG] [thread-id 1] - conditionally execute a flow. condition: true
2025-01-09 17:19:57.666 [DEBUG] [thread-id 1] - Element already visible, scrolling is skipped
2025-01-09 17:19:57.678 [WARN] [thread-id 1] - variable scrollNeeded was used, but r2 could not find a value for this variable. returning default of null
2025-01-09 17:19:57.679 [DEBUG] [thread-id 1] - Resetting scrollPosition variable to default
2025-01-09 17:19:57.679 [DEBUG] [thread-id 1] - Store in: store the value 'null' in the variable 'scrollPosition'
2025-01-09 17:19:57.679 [DEBUG] [thread-id 1] - Store in: store the value 'null' in the variable 'identifierScope'
2025-01-09 17:19:57.680 [DEBUG] [thread-id 1] - Store in: store the value 'null' in the variable 'scrollLimit'
2025-01-09 17:19:57.680 [DEBUG] [thread-id 1] - Store in: store the value 'false' in the variable 'scrollNeeded'
2025-01-09 17:19:58.273 [DEBUG] [thread-id 1] - conditionally execute a flow. condition: true
2025-01-09 17:19:59.133 [DEBUG] [thread-id 1] - successfully found an item for the above search criterion
2025-01-09 17:19:59.140 [DEBUG] [thread-id 1] - Executing function: 'unified.us.functions.home.verifyBadgesForWplus'
2025-01-09 17:19:59.141 [DEBUG] [thread-id 1] - badge validation completed
2025-01-09 17:19:59.141 [DEBUG] [thread-id 1] - Executing function: 'unified.us.functions.search.clickOnFirstItem'
2025-01-09 17:19:59.141 [WARN] [thread-id 1] - variable noAds was used, but r2 could not find a value for this variable. returning default of null
2025-01-09 17:19:59.142 [WARN] [thread-id 1] - variable subFilter was used, but r2 could not find a value for this variable. returning default of null
2025-01-09 17:19:59.142 [DEBUG] [thread-id 1] - conditionally execute a flow. condition: false
2025-01-09 17:19:59.978 [WARN] [thread-id 1] - variable noAds was used, but r2 could not find a value for this variable. returning default of null
2025-01-09 17:19:59.979 [DEBUG] [thread-id 1] - conditionally execute a flow. condition: true
2025-01-09 17:20:00.832 [DEBUG] [thread-id 1] - conditionally execute a flow. condition: true
2025-01-09 17:20:01.699 [DEBUG] [thread-id 1] - Executing function: 'unified.us.functions.utils.scrollIfNotVisible'
2025-01-09 17:20:01.701 [DEBUG] [thread-id 1] - Scroll limit set to - 10
2025-01-09 17:20:01.702 [DEBUG] [thread-id 1] - conditionally execute a flow. condition: true
2025-01-09 17:20:03.197 [DEBUG] [thread-id 1] - conditionally execute a flow. condition: true
2025-01-09 17:20:04.064 [DEBUG] [thread-id 1] - Element already visible, scrolling is skipped
2025-01-09 17:20:04.083 [DEBUG] [thread-id 1] - Resetting scrollPosition variable to default
2025-01-09 17:20:04.083 [DEBUG] [thread-id 1] - Store in: store the value 'null' in the variable 'scrollPosition'
2025-01-09 17:20:04.083 [DEBUG] [thread-id 1] - Store in: store the value 'null' in the variable 'identifierScope'
2025-01-09 17:20:04.083 [DEBUG] [thread-id 1] - Store in: store the value 'null' in the variable 'scrollLimit'
2025-01-09 17:20:04.083 [DEBUG] [thread-id 1] - Store in: store the value 'false' in the variable 'scrollNeeded'
2025-01-09 17:20:05.507 [DEBUG] [thread-id 1] - Click element: '//XCUIElementTypeCell[contains(@name,"ProductSectionCoordinator_searchPrimaryProductCell_indexPath")]/XCUIElementTypeOther/XCUIElementTypeOther[1]/XCUIElementTypeButton[not(contains(@label, "Sponsored")) and (contains(@label, "reviews"))][1] | //*[contains(@name,"GlassProductTile.mainStackView") and not(contains(@label, "Sponsored")) and (contains(@label, "reviews"))] | //XCUIElementTypeCell[contains(@name,"ProductSectionCoordinator_searchPrimaryProductCell_indexPath")]/XCUIElementTypeOther/XCUIElementTypeOther[1]/XCUIElementTypeButton[1][not(contains(@label, "Sponsored"))]'
2025-01-09 17:20:06.028 [DEBUG] [thread-id 1] - Executing function: 'unified.us.functions.search.verifyItemPageOpened'
2025-01-09 17:20:36.969 [DEBUG] [thread-id 1] - Verify identifier: {//XCUIElementTypeStaticText[@name="BrandNameView_brandName" or @name = "TitleView_productTitle"] | //XCUIElementTypeButton[@name="BrandNameView_brandNameButton"]=[true]}
2025-01-09 17:20:36.994 [DEBUG] [thread-id 1] - Store in: store the value 'null' in the variable 'subFilter'
2025-01-09 17:20:36.994 [DEBUG] [thread-id 1] - Store in: store the value 'false' in the variable 'noAds'
2025-01-09 17:20:36.994 [DEBUG] [thread-id 1] - Store in: store the value 'false' in the variable 'excludeSponsored'
2025-01-09 17:20:36.995 [DEBUG] [thread-id 1] - Executing function: 'unified.us.functions.home.verifyBadgesForWplus'
2025-01-09 17:20:36.995 [DEBUG] [thread-id 1] - badge validation completed
2025-01-09 17:20:36.995 [DEBUG] [thread-id 1] - Store in: store the value 'passed' in the variable 'testStatus'
2025-01-09 17:21:17.183 [DEBUG] [thread-id 1] - Executing scenario: 'After'
2025-01-09 17:21:17.184 [DEBUG] [thread-id 1] - Executing function: 'unified.us.functions.utils.afterSteps'
2025-01-09 17:21:17.184 [DEBUG] [thread-id 1] - conditionally execute a flow. condition: true
2025-01-09 17:23:23.926 [DEBUG] [thread-id 1] - Executing R2 4.0.2: '/Users/m0k0a2f/glass-automation/us/unified-e2e-tests/test-scripts/Ecomm-And-Fulfillment-Flows/badging/C2717104-validate-badging-for-members.yaml' on device: 'iPhone 14'
2025-01-09 17:26:15.128 [DEBUG] [thread-id 1] - Executing scenario: 'Before'
2025-01-09 17:26:15.131 [DEBUG] [thread-id 1] - Executing function: 'us.function.utils.getEnvironmentValue'
2025-01-09 17:26:15.131 [DEBUG] [thread-id 1] - Store in: store the value 'production' in the variable 'env'
2025-01-09 17:26:15.132 [DEBUG] [thread-id 1] - Timestamp: 1736472375132
2025-01-09 17:26:15.134 [DEBUG] [thread-id 1] - Executing function: 'functions.utils.setPlatformInfo'
2025-01-09 17:26:15.136 [WARN] [thread-id 1] - variable dependencies.general.appPackage was used, but r2 could not find a value for this variable. returning default of null
2025-01-09 17:26:15.137 [DEBUG] [thread-id 1] - Store in: store the value 'null' in the variable 'appPackage'
2025-01-09 17:26:15.146 [DEBUG] [thread-id 1] - conditionally execute a flow. condition: true
2025-01-09 17:26:15.361 [DEBUG] [thread-id 1] - Store in: store the value 'iOS' in the variable 'platform'
2025-01-09 17:26:15.370 [DEBUG] [thread-id 1] - R2_SUBFLOW_PRE_TRANSACTION
2025-01-09 17:26:15.797 [DEBUG] [thread-id 1] - Using us-errors-helpers.yaml
2025-01-09 17:26:16.221 [DEBUG] [thread-id 1] - Start Main
2025-01-09 17:26:16.221 [DEBUG] [thread-id 1] - Executing function: 'unified.us.functions.global.onboarding.navigateOnboardingToHome'
2025-01-09 17:26:16.222 [DEBUG] [thread-id 1] - Welcome screen loaded
2025-01-09 17:26:16.225 [DEBUG] [thread-id 1] - Verify identifier: {cta.cancel.welcome=[true]}
2025-01-09 17:26:16.226 [DEBUG] [thread-id 1] - Store in: store the value 'true' in the variable 'testStarted'
2025-01-09 17:26:16.264 [DEBUG] [thread-id 1] - Click element: 'cta.cancel.welcome'
2025-01-09 17:26:16.861 [DEBUG] [thread-id 1] - Notifiction Prompt screen loaded
2025-01-09 17:26:20.041 [DEBUG] [thread-id 1] - Verify identifier: {LocationPermissionViewController.titleLabel=[true]}
2025-01-09 17:26:20.082 [DEBUG] [thread-id 1] - Click element: 'Enter zip code'
2025-01-09 17:26:20.765 [DEBUG] [thread-id 1] - Verify identifier: {label.postal-code-entry=[true]}
2025-01-09 17:26:20.765 [DEBUG] [thread-id 1] - sleep:  2000 milliseconds
2025-01-09 17:26:22.829 [DEBUG] [thread-id 1] - Enter text: '95122'
2025-01-09 17:26:25.246 [DEBUG] [thread-id 1] - Click element: 'cta.continue'
2025-01-09 17:26:25.718 [DEBUG] [thread-id 1] - sleep:  3000 milliseconds
2025-01-09 17:26:39.513 [DEBUG] [thread-id 1] - Executing function: 'unified.us.functions.home.navigateHomeToSignIn'
2025-01-09 17:26:39.828 [DEBUG] [thread-id 1] - Click element: '//XCUIElementTypeButton[@name="Account"] | Account'
2025-01-09 17:26:40.589 [DEBUG] [thread-id 1] - Verify identifier: {//XCUIElementTypeButton[@name="SignInYourAccountTableViewCell.signInButton"]=[true]}
2025-01-09 17:26:40.906 [DEBUG] [thread-id 1] - Click element: '//XCUIElementTypeButton[@name="SignInYourAccountTableViewCell.signInButton"]'
2025-01-09 17:26:42.851 [DEBUG] [thread-id 1] - conditionally execute a flow. condition: true
2025-01-09 17:26:44.064 [DEBUG] [thread-id 1] - Store in: store the value 'true' in the variable 'signInValidated'
2025-01-09 17:26:44.085 [DEBUG] [thread-id 1] - conditionally execute a flow. condition: true
2025-01-09 17:26:45.355 [DEBUG] [thread-id 1] - SignIn page loaded
2025-01-09 17:26:46.611 [DEBUG] [thread-id 1] - Store in: store the value 'false' in the variable 'signInValidated'
2025-01-09 17:26:46.617 [DEBUG] [thread-id 1] - Executing function: 'unified.us.functions.global.authentication.signInAccountWithParams'
2025-01-09 17:26:46.617 [DEBUG] [thread-id 1] - Executing function: 'unified.us.functions.authentication.signInInfo'
2025-01-09 17:26:46.618 [DEBUG] [thread-id 1] - conditionally execute a flow. condition: true
2025-01-09 17:26:47.878 [DEBUG] [thread-id 1] - Store in: store the value 'paidannual3@cloudtest.org' in the variable 'email'
2025-01-09 17:26:49.145 [DEBUG] [thread-id 1] - Store in: store the value 'E2epassword' in the variable 'password'
2025-01-09 17:26:49.151 [DEBUG] [thread-id 1] - Executing function: 'unified.us.functions.global.authentication.signInAccount'
2025-01-09 17:26:49.152 [DEBUG] [thread-id 1] - conditionally execute a flow. condition: true
2025-01-09 17:27:03.017 [DEBUG] [thread-id 1] - Verify identifier: {TextFieldStackView.containerStackView=[true]}
2025-01-09 17:27:03.172 [DEBUG] [thread-id 1] - Enter text: 'paidannual3@cloudtest.org'
2025-01-09 17:27:07.811 [DEBUG] [thread-id 1] - Click element: 'WelcomeView.ctaButton'
2025-01-09 17:27:08.520 [DEBUG] [thread-id 1] - sleep:  2000 milliseconds
2025-01-09 17:27:11.216 [DEBUG] [thread-id 1] - conditionally execute a flow. condition: true
2025-01-09 17:27:12.561 [DEBUG] [thread-id 1] - Entered Email Successfully
2025-01-09 17:27:13.918 [DEBUG] [thread-id 1] - conditionally execute a flow. condition: true
2025-01-09 17:27:15.445 [DEBUG] [thread-id 1] - Click element: 'AuthChoiceView.passwordStackView'
2025-01-09 17:27:17.667 [DEBUG] [thread-id 1] - Selected Password Option to Login
2025-01-09 17:27:17.675 [DEBUG] [thread-id 1] - Verify identifier: {TextFieldStackView.textField=[true]}
2025-01-09 17:27:17.847 [DEBUG] [thread-id 1] - Enter text: 'E2epassword'
2025-01-09 17:27:24.655 [DEBUG] [thread-id 1] - Click element: 'AuthChoiceView.ctaButton'
2025-01-09 17:27:46.058 [DEBUG] [thread-id 1] - conditionally execute a flow. condition: true
2025-01-09 17:27:46.892 [DEBUG] [thread-id 1] - sleep:  2000 milliseconds
2025-01-09 17:31:18.926 [DEBUG] [thread-id 1] - Executing R2 4.0.2: '/Users/m0k0a2f/glass-automation/us/unified-e2e-tests/test-scripts/Ecomm-And-Fulfillment-Flows/badging/C2717105-validate-badging-for-non-members.yaml' on device: 'iPhone 14'
2025-01-09 17:34:36.560 [DEBUG] [thread-id 1] - Executing scenario: 'Before'
2025-01-09 17:34:36.563 [DEBUG] [thread-id 1] - Executing function: 'us.function.utils.getEnvironmentValue'
2025-01-09 17:34:36.564 [DEBUG] [thread-id 1] - Store in: store the value 'production' in the variable 'env'
2025-01-09 17:34:36.565 [DEBUG] [thread-id 1] - Timestamp: 1736472876565
2025-01-09 17:34:36.566 [DEBUG] [thread-id 1] - Executing function: 'functions.utils.setPlatformInfo'
2025-01-09 17:34:36.569 [WARN] [thread-id 1] - variable dependencies.general.appPackage was used, but r2 could not find a value for this variable. returning default of null
2025-01-09 17:34:36.569 [DEBUG] [thread-id 1] - Store in: store the value 'null' in the variable 'appPackage'
2025-01-09 17:34:36.579 [DEBUG] [thread-id 1] - conditionally execute a flow. condition: true
2025-01-09 17:34:36.792 [DEBUG] [thread-id 1] - Store in: store the value 'iOS' in the variable 'platform'
2025-01-09 17:34:36.800 [DEBUG] [thread-id 1] - R2_SUBFLOW_PRE_TRANSACTION
2025-01-09 17:34:37.239 [DEBUG] [thread-id 1] - Using us-errors-helpers.yaml
2025-01-09 17:34:37.669 [DEBUG] [thread-id 1] - Start Main
2025-01-09 17:34:37.670 [DEBUG] [thread-id 1] - Executing function: 'unified.us.functions.global.onboarding.navigateOnboardingToHome'
2025-01-09 17:34:37.670 [DEBUG] [thread-id 1] - Welcome screen loaded
2025-01-09 17:34:37.674 [DEBUG] [thread-id 1] - Verify identifier: {cta.cancel.welcome=[true]}
2025-01-09 17:34:37.675 [DEBUG] [thread-id 1] - Store in: store the value 'true' in the variable 'testStarted'
2025-01-09 17:34:37.714 [DEBUG] [thread-id 1] - Click element: 'cta.cancel.welcome'
2025-01-09 17:34:38.259 [DEBUG] [thread-id 1] - Notifiction Prompt screen loaded
2025-01-09 17:34:41.203 [DEBUG] [thread-id 1] - Verify identifier: {LocationPermissionViewController.titleLabel=[true]}
2025-01-09 17:34:41.240 [DEBUG] [thread-id 1] - Click element: 'Enter zip code'
2025-01-09 17:34:41.930 [DEBUG] [thread-id 1] - Verify identifier: {label.postal-code-entry=[true]}
2025-01-09 17:34:41.930 [DEBUG] [thread-id 1] - sleep:  2000 milliseconds
2025-01-09 17:34:43.987 [DEBUG] [thread-id 1] - Enter text: '95122'
2025-01-09 17:34:46.578 [DEBUG] [thread-id 1] - Click element: 'cta.continue'
2025-01-09 17:34:47.046 [DEBUG] [thread-id 1] - sleep:  3000 milliseconds
2025-01-09 17:35:01.152 [DEBUG] [thread-id 1] - Executing function: 'unified.us.functions.home.navigateHomeToSignIn'
2025-01-09 17:35:01.406 [DEBUG] [thread-id 1] - Click element: '//XCUIElementTypeButton[@name="Account"] | Account'
2025-01-09 17:35:02.264 [DEBUG] [thread-id 1] - Verify identifier: {//XCUIElementTypeButton[@name="SignInYourAccountTableViewCell.signInButton"]=[true]}
2025-01-09 17:35:02.600 [DEBUG] [thread-id 1] - Click element: '//XCUIElementTypeButton[@name="SignInYourAccountTableViewCell.signInButton"]'
2025-01-09 17:35:04.455 [DEBUG] [thread-id 1] - conditionally execute a flow. condition: true
2025-01-09 17:35:05.763 [DEBUG] [thread-id 1] - Store in: store the value 'true' in the variable 'signInValidated'
2025-01-09 17:35:05.779 [DEBUG] [thread-id 1] - conditionally execute a flow. condition: true
2025-01-09 17:35:07.030 [DEBUG] [thread-id 1] - SignIn page loaded
2025-01-09 17:35:08.281 [DEBUG] [thread-id 1] - Store in: store the value 'false' in the variable 'signInValidated'
2025-01-09 17:35:08.287 [DEBUG] [thread-id 1] - Executing function: 'unified.us.functions.global.authentication.signInAccountWithParams'
2025-01-09 17:35:08.287 [DEBUG] [thread-id 1] - Executing function: 'unified.us.functions.authentication.signInInfo'
2025-01-09 17:35:08.288 [DEBUG] [thread-id 1] - conditionally execute a flow. condition: true
2025-01-09 17:35:09.530 [DEBUG] [thread-id 1] - Store in: store the value 'mp_e2e_prod@cloudtest.org' in the variable 'email'
2025-01-09 17:35:10.775 [DEBUG] [thread-id 1] - Store in: store the value 'E2epassword$' in the variable 'password'
2025-01-09 17:35:10.780 [DEBUG] [thread-id 1] - Executing function: 'unified.us.functions.global.authentication.signInAccount'
2025-01-09 17:35:10.781 [DEBUG] [thread-id 1] - conditionally execute a flow. condition: true
2025-01-09 17:35:24.284 [DEBUG] [thread-id 1] - Verify identifier: {TextFieldStackView.containerStackView=[true]}
2025-01-09 17:35:24.439 [DEBUG] [thread-id 1] - Enter text: 'mp_e2e_prod@cloudtest.org'
2025-01-09 17:35:29.126 [DEBUG] [thread-id 1] - Click element: 'WelcomeView.ctaButton'
2025-01-09 17:35:29.822 [DEBUG] [thread-id 1] - sleep:  2000 milliseconds
2025-01-09 17:35:32.522 [DEBUG] [thread-id 1] - conditionally execute a flow. condition: true
2025-01-09 17:35:33.849 [DEBUG] [thread-id 1] - Entered Email Successfully
2025-01-09 17:35:35.161 [DEBUG] [thread-id 1] - conditionally execute a flow. condition: true
2025-01-09 17:35:36.633 [DEBUG] [thread-id 1] - Click element: 'AuthChoiceView.passwordStackView'
2025-01-09 17:35:38.800 [DEBUG] [thread-id 1] - Selected Password Option to Login
2025-01-09 17:35:38.815 [DEBUG] [thread-id 1] - Verify identifier: {TextFieldStackView.textField=[true]}
2025-01-09 17:35:38.975 [DEBUG] [thread-id 1] - Enter text: 'E2epassword$'
2025-01-09 17:35:45.712 [DEBUG] [thread-id 1] - Click element: 'AuthChoiceView.ctaButton'
2025-01-09 17:36:07.085 [DEBUG] [thread-id 1] - conditionally execute a flow. condition: true
2025-01-09 17:36:07.737 [DEBUG] [thread-id 1] - sleep:  2000 milliseconds
2025-01-09 17:36:21.167 [DEBUG] [thread-id 1] - Executing function: 'unified.us.functions.utils.handleCartMergePopup'
2025-01-09 17:36:42.013 [DEBUG] [thread-id 1] - No Technical Error Page observed
2025-01-09 17:36:42.018 [DEBUG] [thread-id 1] - Executing function: 'unified.us.functions.home.toolTip'
2025-01-09 17:36:52.553 [DEBUG] [thread-id 1] - conditionally execute a flow. condition: false
2025-01-09 17:36:53.233 [DEBUG] [thread-id 1] - no tooltip displayed
2025-01-09 17:36:53.259 [DEBUG] [thread-id 1] - Executing function: 'unified.us.functions.global.navigation.accountToHome'
2025-01-09 17:36:53.260 [DEBUG] [thread-id 1] - Executing function: 'unified.us.functions.global.navigation.toTab'
2025-01-09 17:36:53.261 [DEBUG] [thread-id 1] - Executing function: 'us.functions.utils.scrollIfNotVisible'
2025-01-09 17:36:54.421 [DEBUG] [thread-id 1] - Verify identifier: {//XCUIElementTypeButton[contains(@name, "Shop")]=[true]}
2025-01-09 17:36:55.092 [DEBUG] [thread-id 1] - Element already visible, scrolling is skipped
2025-01-09 17:36:55.097 [DEBUG] [thread-id 1] - Resetting scrollPosition variable to default
2025-01-09 17:36:55.097 [DEBUG] [thread-id 1] - Store in: store the value 'null' in the variable 'scrollPosition'
2025-01-09 17:36:55.098 [DEBUG] [thread-id 1] - Store in: store the value 'null' in the variable 'identifierScope'
2025-01-09 17:36:55.098 [DEBUG] [thread-id 1] - Store in: store the value 'null' in the variable 'limit'
2025-01-09 17:36:55.536 [DEBUG] [thread-id 1] - Click element: '//XCUIElementTypeButton[contains(@name, "Shop")]'
2025-01-09 17:36:56.010 [DEBUG] [thread-id 1] - Executing function: 'unified.us.functions.home.closeWPlusPromotionPopUpIfDisplayed'
2025-01-09 17:36:56.011 [DEBUG] [thread-id 1] - conditionally execute a flow. condition: true
2025-01-09 17:37:00.436 [DEBUG] [thread-id 1] - conditionally execute a flow. condition: true
2025-01-09 17:37:04.994 [DEBUG] [thread-id 1] - Click element: '//XCUIElementTypeButton[@name="SplashPageViewController.closeButton" or contains(@label, "Close Walmart plus promotional pop up")] | //XCUIElementTypeNavigationBar[@name="WalmartPlus.SplashPageView"]/XCUIElementTypeButton | //XCUIElementTypeButton[@name="close" or @name="Close"] | //XCUIElementTypeButton[@name="SplashPageViewController.fullScreenCloseButton"] | //XCUIElementTypeButton[@name="MultiSplashViewController.fullScreenCloseButton"] | //XCUIElementTypeButton[@name="RepeatBenefitEngagementTopBarView.closeButton"] | //XCUIElementTypeButton[@name="Close"] | //XCUIElementTypeButton[@name="close"]'
2025-01-09 17:37:05.919 [DEBUG] [thread-id 1] - Executing function: 'unified.us.functions.global.navigation.toCartFromNavBar'
2025-01-09 17:37:07.977 [DEBUG] [thread-id 1] - Verify identifier: {//XCUIElementTypeButton[contains(@label, "Your cart")] | //XCUIElementTypeButton[(@name="SearchResultsViewController.cartButton") or (contains(@label,"Your cart contains") and contains(@label,"The estimated total is")) or (@label="Your cart is empty")]=[true]}
2025-01-09 17:37:09.815 [DEBUG] [thread-id 1] - Click element: '//XCUIElementTypeButton[contains(@label, "Your cart")] | //XCUIElementTypeButton[(@name="SearchResultsViewController.cartButton") or (contains(@label,"Your cart contains") and contains(@label,"The estimated total is")) or (@label="Your cart is empty")]'
2025-01-09 17:37:10.617 [DEBUG] [thread-id 1] - Executing function: 'unified.us.functions.cart.storeChangePopUp'
2025-01-09 17:37:17.407 [DEBUG] [thread-id 1] - No Store Change pop up screen displayed
2025-01-09 17:37:19.103 [DEBUG] [thread-id 1] - conditionally execute a flow. condition: true
2025-01-09 17:37:20.761 [DEBUG] [thread-id 1] - cart Page loaded
2025-01-09 17:37:20.784 [DEBUG] [thread-id 1] - Executing function: 'unified.us.functions.cart.removeAllCartItems'
2025-01-09 17:37:20.785 [DEBUG] [thread-id 1] - Executing function: 'unified.us.functions.cart.storeChangePopUp'
2025-01-09 17:37:24.150 [DEBUG] [thread-id 1] - No Store Change pop up screen displayed
2025-01-09 17:37:24.157 [DEBUG] [thread-id 1] - Executing function: 'unified.us.functions.cart.removeAdonsNotAvailable'
2025-01-09 17:37:28.476 [DEBUG] [thread-id 1] - No remove Adons pop up screen displayed
2025-01-09 17:37:30.122 [DEBUG] [thread-id 1] - conditionally execute a flow. condition: true
2025-01-09 17:37:31.772 [DEBUG] [thread-id 1] - No items in cart
2025-01-09 17:37:31.779 [DEBUG] [thread-id 1] - Executing function: 'unified.us.functions.cart.removeUnavailableItemsFromCart'
2025-01-09 17:37:31.780 [DEBUG] [thread-id 1] - conditionally execute a flow. condition: true
2025-01-09 17:37:45.122 [DEBUG] [thread-id 1] - Executing function: 'unified.us.functions.global.navigation.backNavigation'
2025-01-09 17:37:45.123 [DEBUG] [thread-id 1] - Global Back navigation
2025-01-09 17:37:45.123 [DEBUG] [thread-id 1] - conditionally execute a flow. condition: true
2025-01-09 17:37:51.468 [DEBUG] [thread-id 1] - Click element: '//XCUIElementTypeButton[@name="Back" or @label="Back"] | //XCUIElementTypeNavigationBar[@name="Cart"]/XCUIElementTypeButton[contains(@name,"Search")] | //XCUIElementTypeNavigationBar/XCUIElementTypeButton[not(contains(@label,"cart"))]'
2025-01-09 17:37:52.236 [DEBUG] [thread-id 1] - Executing function: 'unified.us.functions.search.searchItem'
2025-01-09 17:37:54.914 [DEBUG] [thread-id 1] - Verify identifier: {Search=[true]}
2025-01-09 17:37:58.326 [DEBUG] [thread-id 1] - Click element: 'Search'
2025-01-09 17:37:59.584 [DEBUG] [thread-id 1] - Verify identifier: {Search Walmart=[true]}
2025-01-09 17:38:02.704 [DEBUG] [thread-id 1] - Click element: 'Search Walmart'
2025-01-09 17:38:03.331 [DEBUG] [thread-id 1] - Enter text: 'milk'
2025-01-09 17:38:14.459 [DEBUG] [thread-id 1] - Executing function: 'unified.us.functions.home.closeWPlusPromotionPopUpIfDisplayed'
2025-01-09 17:38:14.459 [DEBUG] [thread-id 1] - conditionally execute a flow. condition: true
2025-01-09 17:38:26.355 [DEBUG] [thread-id 1] - Executing function: 'unified.us.functions.utils.scrollIfNotVisible'
2025-01-09 17:38:26.357 [WARN] [thread-id 1] - variable scrollLimit was used, but r2 could not find a value for this variable. returning default of null
2025-01-09 17:38:26.357 [DEBUG] [thread-id 1] - conditionally execute a flow. condition: true
2025-01-09 17:38:27.180 [DEBUG] [thread-id 1] - Store in: store the value '7' in the variable 'scrollLimit'
2025-01-09 17:38:27.191 [DEBUG] [thread-id 1] - Scroll limit set to - 7
2025-01-09 17:38:27.192 [DEBUG] [thread-id 1] - conditionally execute a flow. condition: true
2025-01-09 17:38:28.645 [DEBUG] [thread-id 1] - conditionally execute a flow. condition: true
2025-01-09 17:38:29.464 [DEBUG] [thread-id 1] - Element already visible, scrolling is skipped
2025-01-09 17:38:29.480 [WARN] [thread-id 1] - variable scrollNeeded was used, but r2 could not find a value for this variable. returning default of null
2025-01-09 17:38:29.481 [DEBUG] [thread-id 1] - Resetting scrollPosition variable to default
2025-01-09 17:38:29.481 [DEBUG] [thread-id 1] - Store in: store the value 'null' in the variable 'scrollPosition'
2025-01-09 17:38:29.481 [DEBUG] [thread-id 1] - Store in: store the value 'null' in the variable 'identifierScope'
2025-01-09 17:38:29.482 [DEBUG] [thread-id 1] - Store in: store the value 'null' in the variable 'scrollLimit'
2025-01-09 17:38:29.482 [DEBUG] [thread-id 1] - Store in: store the value 'false' in the variable 'scrollNeeded'
2025-01-09 17:38:30.055 [DEBUG] [thread-id 1] - conditionally execute a flow. condition: true
2025-01-09 17:38:30.906 [DEBUG] [thread-id 1] - successfully found an item for the above search criterion
2025-01-09 17:38:30.911 [DEBUG] [thread-id 1] - Executing function: 'unified.us.functions.home.verifyBadgesforNonWplus'
2025-01-09 17:38:30.913 [DEBUG] [thread-id 1] - badge validation completed
2025-01-09 17:38:30.915 [DEBUG] [thread-id 1] - Executing function: 'unified.us.functions.search.clickOnFirstItem'
2025-01-09 17:38:30.915 [WARN] [thread-id 1] - variable noAds was used, but r2 could not find a value for this variable. returning default of null
2025-01-09 17:38:30.915 [WARN] [thread-id 1] - variable subFilter was used, but r2 could not find a value for this variable. returning default of null
2025-01-09 17:38:30.916 [DEBUG] [thread-id 1] - conditionally execute a flow. condition: false
2025-01-09 17:38:31.743 [WARN] [thread-id 1] - variable noAds was used, but r2 could not find a value for this variable. returning default of null
2025-01-09 17:38:31.745 [DEBUG] [thread-id 1] - conditionally execute a flow. condition: true
2025-01-09 17:38:32.574 [DEBUG] [thread-id 1] - conditionally execute a flow. condition: true
2025-01-09 17:38:33.396 [DEBUG] [thread-id 1] - Executing function: 'unified.us.functions.utils.scrollIfNotVisible'
2025-01-09 17:38:33.397 [DEBUG] [thread-id 1] - Scroll limit set to - 10
2025-01-09 17:38:33.397 [DEBUG] [thread-id 1] - conditionally execute a flow. condition: true
2025-01-09 17:38:34.820 [DEBUG] [thread-id 1] - conditionally execute a flow. condition: true
2025-01-09 17:38:35.647 [DEBUG] [thread-id 1] - Element already visible, scrolling is skipped
2025-01-09 17:38:35.665 [DEBUG] [thread-id 1] - Resetting scrollPosition variable to default
2025-01-09 17:38:35.666 [DEBUG] [thread-id 1] - Store in: store the value 'null' in the variable 'scrollPosition'
2025-01-09 17:38:35.666 [DEBUG] [thread-id 1] - Store in: store the value 'null' in the variable 'identifierScope'
2025-01-09 17:38:35.666 [DEBUG] [thread-id 1] - Store in: store the value 'null' in the variable 'scrollLimit'
2025-01-09 17:38:35.666 [DEBUG] [thread-id 1] - Store in: store the value 'false' in the variable 'scrollNeeded'
2025-01-09 17:38:37.133 [DEBUG] [thread-id 1] - Click element: '//XCUIElementTypeCell[contains(@name,"ProductSectionCoordinator_searchPrimaryProductCell_indexPath")]/XCUIElementTypeOther/XCUIElementTypeOther[1]/XCUIElementTypeButton[not(contains(@label, "Sponsored")) and (contains(@label, "reviews"))][1] | //*[contains(@name,"GlassProductTile.mainStackView") and not(contains(@label, "Sponsored")) and (contains(@label, "reviews"))] | //XCUIElementTypeCell[contains(@name,"ProductSectionCoordinator_searchPrimaryProductCell_indexPath")]/XCUIElementTypeOther/XCUIElementTypeOther[1]/XCUIElementTypeButton[1][not(contains(@label, "Sponsored"))]'
2025-01-09 17:38:37.661 [DEBUG] [thread-id 1] - Executing function: 'unified.us.functions.search.verifyItemPageOpened'
2025-01-09 17:41:12.312 [DEBUG] [thread-id 1] - Verify identifier: {//XCUIElementTypeStaticText[@name="BrandNameView_brandName" or @name = "TitleView_productTitle"] | //XCUIElementTypeButton[@name="BrandNameView_brandNameButton"]=[true]}
2025-01-09 17:41:12.338 [DEBUG] [thread-id 1] - Store in: store the value 'null' in the variable 'subFilter'
2025-01-09 17:41:12.339 [DEBUG] [thread-id 1] - Store in: store the value 'false' in the variable 'noAds'
2025-01-09 17:41:12.339 [DEBUG] [thread-id 1] - Store in: store the value 'false' in the variable 'excludeSponsored'
2025-01-09 17:41:12.339 [DEBUG] [thread-id 1] - Executing function: 'unified.us.functions.home.verifyBadgesforNonWplus'
2025-01-09 17:41:12.339 [DEBUG] [thread-id 1] - badge validation completed
2025-01-09 17:41:12.340 [DEBUG] [thread-id 1] - Store in: store the value 'passed' in the variable 'testStatus'
2025-01-09 17:41:35.597 [DEBUG] [thread-id 1] - Executing scenario: 'After'
2025-01-09 17:41:35.598 [DEBUG] [thread-id 1] - Executing function: 'unified.us.functions.utils.afterSteps'
2025-01-09 17:41:35.599 [DEBUG] [thread-id 1] - conditionally execute a flow. condition: true
2025-01-09 17:41:47.163 [DEBUG] [thread-id 1] - Test passed
2025-01-09 17:42:19.043 [DEBUG] [thread-id 1] - Created report: /Users/m0k0a2f/glass-automation/report/index.html
2025-01-09 17:45:12.448 [DEBUG] [thread-id 1] - Executing R2 4.0.2: '/Users/m0k0a2f/glass-automation/us/unified-e2e-tests/test-scripts/Ecomm-And-Fulfillment-Flows/badging/C2717105-validate-badging-for-non-members.yaml' on device: 'iPhone 14'
2025-01-09 17:53:19.402 [DEBUG] [thread-id 1] - Executing scenario: 'Before'
2025-01-09 17:53:19.405 [DEBUG] [thread-id 1] - Executing function: 'us.function.utils.getEnvironmentValue'
2025-01-09 17:53:19.405 [DEBUG] [thread-id 1] - Store in: store the value 'production' in the variable 'env'
2025-01-09 17:53:19.406 [DEBUG] [thread-id 1] - Timestamp: 1736473999406
2025-01-09 17:53:19.407 [DEBUG] [thread-id 1] - Executing function: 'functions.utils.setPlatformInfo'
2025-01-09 17:53:19.410 [WARN] [thread-id 1] - variable dependencies.general.appPackage was used, but r2 could not find a value for this variable. returning default of null
2025-01-09 17:53:19.410 [DEBUG] [thread-id 1] - Store in: store the value 'null' in the variable 'appPackage'
2025-01-09 17:53:19.419 [DEBUG] [thread-id 1] - conditionally execute a flow. condition: true
2025-01-09 17:53:19.641 [DEBUG] [thread-id 1] - Store in: store the value 'iOS' in the variable 'platform'
2025-01-09 17:53:19.651 [DEBUG] [thread-id 1] - R2_SUBFLOW_PRE_TRANSACTION
2025-01-09 17:53:20.151 [DEBUG] [thread-id 1] - Using us-errors-helpers.yaml
2025-01-09 17:53:20.649 [DEBUG] [thread-id 1] - Start Main
2025-01-09 17:53:20.650 [DEBUG] [thread-id 1] - Executing function: 'unified.us.functions.global.onboarding.navigateOnboardingToHome'
2025-01-09 17:53:20.650 [DEBUG] [thread-id 1] - Welcome screen loaded
2025-01-09 17:53:20.654 [DEBUG] [thread-id 1] - Verify identifier: {cta.cancel.welcome=[true]}
2025-01-09 17:53:20.655 [DEBUG] [thread-id 1] - Store in: store the value 'true' in the variable 'testStarted'
2025-01-09 17:53:20.694 [DEBUG] [thread-id 1] - Click element: 'cta.cancel.welcome'
2025-01-09 17:53:21.235 [DEBUG] [thread-id 1] - Notifiction Prompt screen loaded
2025-01-09 17:53:23.323 [DEBUG] [thread-id 1] - Verify identifier: {LocationPermissionViewController.titleLabel=[true]}
2025-01-09 17:53:23.366 [DEBUG] [thread-id 1] - Click element: 'Enter zip code'
2025-01-09 17:53:24.090 [DEBUG] [thread-id 1] - Verify identifier: {label.postal-code-entry=[true]}
2025-01-09 17:53:24.090 [DEBUG] [thread-id 1] - sleep:  2000 milliseconds
2025-01-09 17:53:26.164 [DEBUG] [thread-id 1] - Enter text: '95122'
2025-01-09 17:53:28.804 [DEBUG] [thread-id 1] - Click element: 'cta.continue'
2025-01-09 17:53:29.279 [DEBUG] [thread-id 1] - sleep:  3000 milliseconds
2025-01-09 17:53:44.904 [DEBUG] [thread-id 1] - Executing function: 'unified.us.functions.home.navigateHomeToSignIn'
2025-01-09 17:53:46.436 [DEBUG] [thread-id 1] - Click element: '//XCUIElementTypeButton[@name="Account"] | Account'
2025-01-09 17:53:49.085 [DEBUG] [thread-id 1] - Verify identifier: {//XCUIElementTypeButton[@name="SignInYourAccountTableViewCell.signInButton"]=[true]}
2025-01-09 17:53:49.682 [DEBUG] [thread-id 1] - Click element: '//XCUIElementTypeButton[@name="SignInYourAccountTableViewCell.signInButton"]'
2025-01-09 17:53:52.848 [DEBUG] [thread-id 1] - conditionally execute a flow. condition: true
2025-01-09 17:53:54.524 [DEBUG] [thread-id 1] - Store in: store the value 'true' in the variable 'signInValidated'
2025-01-09 17:53:54.552 [DEBUG] [thread-id 1] - conditionally execute a flow. condition: true
2025-01-09 17:53:56.202 [DEBUG] [thread-id 1] - SignIn page loaded
2025-01-09 17:53:59.587 [DEBUG] [thread-id 1] - Store in: store the value 'false' in the variable 'signInValidated'
2025-01-09 17:53:59.594 [DEBUG] [thread-id 1] - Executing function: 'unified.us.functions.global.authentication.signInAccountWithParams'
2025-01-09 17:53:59.594 [DEBUG] [thread-id 1] - Executing function: 'unified.us.functions.authentication.signInInfo'
2025-01-09 17:53:59.595 [DEBUG] [thread-id 1] - conditionally execute a flow. condition: true
2025-01-09 17:54:00.957 [DEBUG] [thread-id 1] - Store in: store the value 'mp_e2e_prod@cloudtest.org' in the variable 'email'
2025-01-09 17:54:02.366 [DEBUG] [thread-id 1] - Store in: store the value 'E2epassword$' in the variable 'password'
2025-01-09 17:54:02.408 [DEBUG] [thread-id 1] - Executing function: 'unified.us.functions.global.authentication.signInAccount'
2025-01-09 17:54:02.411 [DEBUG] [thread-id 1] - conditionally execute a flow. condition: true
2025-01-09 17:54:15.452 [DEBUG] [thread-id 1] - Verify identifier: {TextFieldStackView.containerStackView=[true]}
2025-01-09 17:54:15.608 [DEBUG] [thread-id 1] - Enter text: 'mp_e2e_prod@cloudtest.org'
2025-01-09 17:54:20.569 [DEBUG] [thread-id 1] - Click element: 'WelcomeView.ctaButton'
2025-01-09 17:54:21.514 [DEBUG] [thread-id 1] - sleep:  2000 milliseconds
2025-01-09 17:54:24.380 [DEBUG] [thread-id 1] - conditionally execute a flow. condition: true
2025-01-09 17:54:25.699 [DEBUG] [thread-id 1] - Entered Email Successfully
2025-01-09 17:54:27.049 [DEBUG] [thread-id 1] - conditionally execute a flow. condition: true
2025-01-09 17:54:28.565 [DEBUG] [thread-id 1] - Click element: 'AuthChoiceView.passwordStackView'
2025-01-09 17:54:31.195 [DEBUG] [thread-id 1] - Selected Password Option to Login
2025-01-09 17:54:31.202 [DEBUG] [thread-id 1] - Verify identifier: {TextFieldStackView.textField=[true]}
2025-01-09 17:54:31.392 [DEBUG] [thread-id 1] - Enter text: 'E2epassword$'
2025-01-09 17:54:38.915 [DEBUG] [thread-id 1] - Click element: 'AuthChoiceView.ctaButton'
2025-01-09 17:55:01.878 [DEBUG] [thread-id 1] - conditionally execute a flow. condition: true
2025-01-09 17:55:03.276 [DEBUG] [thread-id 1] - sleep:  2000 milliseconds
2025-01-09 17:55:18.650 [DEBUG] [thread-id 1] - Executing function: 'unified.us.functions.utils.handleCartMergePopup'
2025-01-09 17:55:41.767 [DEBUG] [thread-id 1] - No Technical Error Page observed
2025-01-09 17:55:41.851 [DEBUG] [thread-id 1] - Executing function: 'unified.us.functions.home.toolTip'
2025-01-09 17:55:51.860 [DEBUG] [thread-id 1] - conditionally execute a flow. condition: false
2025-01-09 17:55:52.566 [DEBUG] [thread-id 1] - no tooltip displayed
2025-01-09 17:55:52.601 [DEBUG] [thread-id 1] - Executing function: 'unified.us.functions.global.navigation.accountToHome'
2025-01-09 17:55:52.602 [DEBUG] [thread-id 1] - Executing function: 'unified.us.functions.global.navigation.toTab'
2025-01-09 17:55:52.603 [DEBUG] [thread-id 1] - Executing function: 'us.functions.utils.scrollIfNotVisible'
2025-01-09 17:55:53.850 [DEBUG] [thread-id 1] - Verify identifier: {//XCUIElementTypeButton[contains(@name, "Shop")]=[true]}
2025-01-09 17:55:54.564 [DEBUG] [thread-id 1] - Element already visible, scrolling is skipped
2025-01-09 17:55:54.569 [DEBUG] [thread-id 1] - Resetting scrollPosition variable to default
2025-01-09 17:55:54.570 [DEBUG] [thread-id 1] - Store in: store the value 'null' in the variable 'scrollPosition'
2025-01-09 17:55:54.570 [DEBUG] [thread-id 1] - Store in: store the value 'null' in the variable 'identifierScope'
2025-01-09 17:55:54.570 [DEBUG] [thread-id 1] - Store in: store the value 'null' in the variable 'limit'
2025-01-09 17:55:55.019 [DEBUG] [thread-id 1] - Click element: '//XCUIElementTypeButton[contains(@name, "Shop")]'
2025-01-09 17:55:55.496 [DEBUG] [thread-id 1] - Executing function: 'unified.us.functions.home.closeWPlusPromotionPopUpIfDisplayed'
2025-01-09 17:55:55.499 [DEBUG] [thread-id 1] - conditionally execute a flow. condition: true
2025-01-09 17:56:11.309 [DEBUG] [thread-id 1] - Executing function: 'unified.us.functions.global.navigation.toCartFromNavBar'
2025-01-09 17:56:13.288 [DEBUG] [thread-id 1] - Verify identifier: {//XCUIElementTypeButton[contains(@label, "Your cart")] | //XCUIElementTypeButton[(@name="SearchResultsViewController.cartButton") or (contains(@label,"Your cart contains") and contains(@label,"The estimated total is")) or (@label="Your cart is empty")]=[true]}
2025-01-09 17:56:15.299 [DEBUG] [thread-id 1] - Click element: '//XCUIElementTypeButton[contains(@label, "Your cart")] | //XCUIElementTypeButton[(@name="SearchResultsViewController.cartButton") or (contains(@label,"Your cart contains") and contains(@label,"The estimated total is")) or (@label="Your cart is empty")]'
2025-01-09 17:56:16.176 [DEBUG] [thread-id 1] - Executing function: 'unified.us.functions.cart.storeChangePopUp'
2025-01-09 17:56:23.537 [DEBUG] [thread-id 1] - No Store Change pop up screen displayed
2025-01-09 17:56:25.335 [DEBUG] [thread-id 1] - conditionally execute a flow. condition: true
2025-01-09 17:56:27.129 [DEBUG] [thread-id 1] - cart Page loaded
2025-01-09 17:56:27.135 [DEBUG] [thread-id 1] - Executing function: 'unified.us.functions.cart.removeAllCartItems'
2025-01-09 17:56:27.136 [DEBUG] [thread-id 1] - Executing function: 'unified.us.functions.cart.storeChangePopUp'
2025-01-09 17:56:30.749 [DEBUG] [thread-id 1] - No Store Change pop up screen displayed
2025-01-09 17:56:30.767 [DEBUG] [thread-id 1] - Executing function: 'unified.us.functions.cart.removeAdonsNotAvailable'
2025-01-09 17:56:35.435 [DEBUG] [thread-id 1] - No remove Adons pop up screen displayed
2025-01-09 17:56:37.295 [DEBUG] [thread-id 1] - conditionally execute a flow. condition: true
2025-01-09 17:56:39.146 [DEBUG] [thread-id 1] - No items in cart
2025-01-09 17:56:39.161 [DEBUG] [thread-id 1] - Executing function: 'unified.us.functions.cart.removeUnavailableItemsFromCart'
2025-01-09 17:56:39.161 [DEBUG] [thread-id 1] - conditionally execute a flow. condition: true
2025-01-09 17:56:52.071 [DEBUG] [thread-id 1] - Executing function: 'unified.us.functions.global.navigation.backNavigation'
2025-01-09 17:56:52.072 [DEBUG] [thread-id 1] - Global Back navigation
2025-01-09 17:56:52.073 [DEBUG] [thread-id 1] - conditionally execute a flow. condition: true
2025-01-09 17:56:58.816 [DEBUG] [thread-id 1] - Click element: '//XCUIElementTypeButton[@name="Back" or @label="Back"] | //XCUIElementTypeNavigationBar[@name="Cart"]/XCUIElementTypeButton[contains(@name,"Search")] | //XCUIElementTypeNavigationBar/XCUIElementTypeButton[not(contains(@label,"cart"))]'
2025-01-09 17:56:59.692 [DEBUG] [thread-id 1] - Executing function: 'unified.us.functions.search.searchItem'
2025-01-09 17:57:02.649 [DEBUG] [thread-id 1] - Verify identifier: {Search=[true]}
2025-01-09 17:57:06.078 [DEBUG] [thread-id 1] - Click element: 'Search'
2025-01-09 17:57:07.456 [DEBUG] [thread-id 1] - Verify identifier: {Search Walmart=[true]}
2025-01-09 17:57:10.575 [DEBUG] [thread-id 1] - Click element: 'Search Walmart'
2025-01-09 17:57:11.412 [DEBUG] [thread-id 1] - Enter text: 'milk'
2025-01-09 17:57:23.067 [DEBUG] [thread-id 1] - Executing function: 'unified.us.functions.home.closeWPlusPromotionPopUpIfDisplayed'
2025-01-09 17:57:23.074 [DEBUG] [thread-id 1] - conditionally execute a flow. condition: true
2025-01-09 17:57:34.314 [DEBUG] [thread-id 1] - Executing function: 'unified.us.functions.utils.scrollIfNotVisible'
2025-01-09 17:57:34.315 [WARN] [thread-id 1] - variable scrollLimit was used, but r2 could not find a value for this variable. returning default of null
2025-01-09 17:57:34.316 [DEBUG] [thread-id 1] - conditionally execute a flow. condition: true
2025-01-09 17:57:35.528 [DEBUG] [thread-id 1] - Store in: store the value '7' in the variable 'scrollLimit'
2025-01-09 17:57:35.655 [DEBUG] [thread-id 1] - Scroll limit set to - 7
2025-01-09 17:57:35.658 [DEBUG] [thread-id 1] - conditionally execute a flow. condition: true
2025-01-09 17:57:37.241 [DEBUG] [thread-id 1] - conditionally execute a flow. condition: true
2025-01-09 17:57:38.138 [DEBUG] [thread-id 1] - Element already visible, scrolling is skipped
2025-01-09 17:57:38.150 [WARN] [thread-id 1] - variable scrollNeeded was used, but r2 could not find a value for this variable. returning default of null
2025-01-09 17:57:38.151 [DEBUG] [thread-id 1] - Resetting scrollPosition variable to default
2025-01-09 17:57:38.151 [DEBUG] [thread-id 1] - Store in: store the value 'null' in the variable 'scrollPosition'
2025-01-09 17:57:38.152 [DEBUG] [thread-id 1] - Store in: store the value 'null' in the variable 'identifierScope'
2025-01-09 17:57:38.152 [DEBUG] [thread-id 1] - Store in: store the value 'null' in the variable 'scrollLimit'
2025-01-09 17:57:38.152 [DEBUG] [thread-id 1] - Store in: store the value 'false' in the variable 'scrollNeeded'
2025-01-09 17:57:38.755 [DEBUG] [thread-id 1] - conditionally execute a flow. condition: true
2025-01-09 17:57:39.640 [DEBUG] [thread-id 1] - successfully found an item for the above search criterion
2025-01-09 17:57:39.663 [DEBUG] [thread-id 1] - Executing function: 'unified.us.functions.home.verifyBadgesforNonWplus'
2025-01-09 17:57:39.664 [DEBUG] [thread-id 1] - badge validation completed
2025-01-09 17:57:39.665 [DEBUG] [thread-id 1] - Executing function: 'unified.us.functions.search.clickOnFirstItem'
2025-01-09 17:57:39.665 [WARN] [thread-id 1] - variable noAds was used, but r2 could not find a value for this variable. returning default of null
2025-01-09 17:57:39.665 [WARN] [thread-id 1] - variable subFilter was used, but r2 could not find a value for this variable. returning default of null
2025-01-09 17:57:39.666 [DEBUG] [thread-id 1] - conditionally execute a flow. condition: false
2025-01-09 17:57:40.509 [WARN] [thread-id 1] - variable noAds was used, but r2 could not find a value for this variable. returning default of null
2025-01-09 17:57:40.510 [DEBUG] [thread-id 1] - conditionally execute a flow. condition: true
2025-01-09 17:57:41.351 [DEBUG] [thread-id 1] - conditionally execute a flow. condition: true
2025-01-09 17:57:42.209 [DEBUG] [thread-id 1] - Executing function: 'unified.us.functions.utils.scrollIfNotVisible'
2025-01-09 17:57:42.212 [DEBUG] [thread-id 1] - Scroll limit set to - 10
2025-01-09 17:57:42.213 [DEBUG] [thread-id 1] - conditionally execute a flow. condition: true
2025-01-09 17:57:43.657 [DEBUG] [thread-id 1] - conditionally execute a flow. condition: true
2025-01-09 17:57:44.568 [DEBUG] [thread-id 1] - Element already visible, scrolling is skipped
2025-01-09 17:57:44.591 [DEBUG] [thread-id 1] - Resetting scrollPosition variable to default
2025-01-09 17:57:44.591 [DEBUG] [thread-id 1] - Store in: store the value 'null' in the variable 'scrollPosition'
2025-01-09 17:57:44.591 [DEBUG] [thread-id 1] - Store in: store the value 'null' in the variable 'identifierScope'
2025-01-09 17:57:44.592 [DEBUG] [thread-id 1] - Store in: store the value 'null' in the variable 'scrollLimit'
2025-01-09 17:57:44.592 [DEBUG] [thread-id 1] - Store in: store the value 'false' in the variable 'scrollNeeded'
2025-01-09 17:57:46.046 [DEBUG] [thread-id 1] - Click element: '//XCUIElementTypeCell[contains(@name,"ProductSectionCoordinator_searchPrimaryProductCell_indexPath")]/XCUIElementTypeOther/XCUIElementTypeOther[1]/XCUIElementTypeButton[not(contains(@label, "Sponsored")) and (contains(@label, "reviews"))][1] | //*[contains(@name,"GlassProductTile.mainStackView") and not(contains(@label, "Sponsored")) and (contains(@label, "reviews"))] | //XCUIElementTypeCell[contains(@name,"ProductSectionCoordinator_searchPrimaryProductCell_indexPath")]/XCUIElementTypeOther/XCUIElementTypeOther[1]/XCUIElementTypeButton[1][not(contains(@label, "Sponsored"))]'
2025-01-09 17:57:46.608 [DEBUG] [thread-id 1] - Executing function: 'unified.us.functions.search.verifyItemPageOpened'
2025-01-09 17:58:59.506 [DEBUG] [thread-id 1] - Verify identifier: {//XCUIElementTypeStaticText[@name="BrandNameView_brandName" or @name = "TitleView_productTitle"] | //XCUIElementTypeButton[@name="BrandNameView_brandNameButton"]=[true]}
2025-01-09 17:58:59.571 [DEBUG] [thread-id 1] - Store in: store the value 'null' in the variable 'subFilter'
2025-01-09 17:58:59.572 [DEBUG] [thread-id 1] - Store in: store the value 'false' in the variable 'noAds'
2025-01-09 17:58:59.572 [DEBUG] [thread-id 1] - Store in: store the value 'false' in the variable 'excludeSponsored'
2025-01-09 17:58:59.573 [DEBUG] [thread-id 1] - Executing function: 'unified.us.functions.home.verifyBadgesforNonWplus'
2025-01-09 17:58:59.573 [DEBUG] [thread-id 1] - badge validation completed
2025-01-09 17:58:59.573 [DEBUG] [thread-id 1] - Store in: store the value 'passed' in the variable 'testStatus'
2025-01-09 18:00:52.844 [DEBUG] [thread-id 1] - Executing scenario: 'After'
2025-01-09 18:00:52.844 [DEBUG] [thread-id 1] - Executing function: 'unified.us.functions.utils.afterSteps'
2025-01-09 18:00:52.845 [DEBUG] [thread-id 1] - conditionally execute a flow. condition: true
2025-01-09 18:01:50.542 [DEBUG] [thread-id 1] - Test passed
2025-01-09 18:03:17.459 [DEBUG] [thread-id 1] - Created report: /Users/m0k0a2f/glass-automation/report/index.html
