2024-01-24 09:08:35.512 [DEBUG] [thread-id 1] - Executing R2 3.38.1: '/Users/m0k0a2f/glass-automation/./us/test/test-scripts/ios/prod-flows/Ecomm-And-Fulfillment-Flows/store-single-fulfillment-flows/C2644789-glass-sc-scheduled-delivery.yaml' on device: 'iPhone 12 Simulator'
2024-01-24 09:08:51.425 [DEBUG] [thread-id 1] - Created report: /Users/m0k0a2f/glass-automation/report/index.html
2024-01-24 09:17:14.635 [DEBUG] [thread-id 1] - Executing R2 3.38.1: '/Users/m0k0a2f/glass-automation/./us/test/test-scripts/ios/prod-flows/Ecomm-And-Fulfillment-Flows/store-single-fulfillment-flows/C2644789-glass-sc-scheduled-delivery.yaml' on device: 'iPhone 12 Simulator'
2024-01-24 09:17:16.763 [DEBUG] [thread-id 1] - Created report: /Users/m0k0a2f/glass-automation/report/index.html
2024-01-24 09:48:06.816 [DEBUG] [thread-id 1] - Executing R2 3.38.1: '/Users/m0k0a2f/glass-automation/./us/test/test-scripts/ios/prod-flows/Ecomm-And-Fulfillment-Flows/store-single-fulfillment-flows/C2644789-glass-sc-scheduled-delivery.yaml' on device: 'iPhone 12 Simulator'
2024-01-24 09:48:10.421 [DEBUG] [thread-id 1] - Created report: /Users/m0k0a2f/glass-automation/report/index.html
2024-01-24 09:50:47.225 [DEBUG] [thread-id 1] - Executing R2 3.38.1: '/Users/m0k0a2f/glass-automation/./us/test/test-scripts/ios/prod-flows/Ecomm-And-Fulfillment-Flows/store-single-fulfillment-flows/C2644789-glass-sc-scheduled-delivery.yaml' on device: 'iPhone 12 Simulator'
2024-01-24 09:55:19.106 [DEBUG] [thread-id 1] - Executing R2 3.38.1: '/Users/m0k0a2f/glass-automation/./us/test/test-scripts/ios/prod-flows/Ecomm-And-Fulfillment-Flows/store-single-fulfillment-flows/C2644789-glass-sc-scheduled-delivery.yaml' on device: 'iPhone 14 Simulator'
2024-01-24 09:58:36.559 [DEBUG] [thread-id 1] - Created report: /Users/m0k0a2f/glass-automation/report/index.html
2024-01-24 10:17:25.065 [DEBUG] [thread-id 1] - Executing R2 3.38.1: '/Users/m0k0a2f/glass-automation/./us/test/test-scripts/ios/prod-flows/Ecomm-And-Fulfillment-Flows/store-single-fulfillment-flows/C2644789-glass-sc-scheduled-delivery.yaml' on device: 'iPhone 14 Simulator'
2024-01-24 10:19:36.492 [DEBUG] [thread-id 1] - Executing scenario: 'Before'
2024-01-24 10:19:36.497 [DEBUG] [thread-id 1] - R2_SUBFLOW_PRE_TRANSACTION
2024-01-24 10:19:37.645 [DEBUG] [thread-id 1] - Using us-errors-helpers.yaml
2024-01-24 10:19:38.646 [DEBUG] [thread-id 1] - Start Main
2024-01-24 10:19:38.659 [DEBUG] [thread-id 1] - Executing function: 'us.functions.global.onboarding.navigateOnboardingToHome'
2024-01-24 10:19:38.662 [DEBUG] [thread-id 1] - Executing function: 'us.function.utils.getEnvironmentValue'
2024-01-24 10:19:38.664 [DEBUG] [thread-id 1] - Store in: store the value 'production' in the variable 'env'
2024-01-24 10:19:38.665 [DEBUG] [thread-id 1] - Timestamp: 1706120378665
2024-01-24 10:19:38.681 [DEBUG] [thread-id 1] - Welcome screen loaded
2024-01-24 10:19:38.685 [DEBUG] [thread-id 1] - Verify identifier: {SignUpNudgeWelcomeViewController.titleLabel=[true]}
2024-01-24 10:19:48.916 [DEBUG] [thread-id 1] - conditionally execute a flow. condition: false
2024-01-24 10:19:50.213 [DEBUG] [thread-id 1] - Click element: 'cta.cancel.welcome'
2024-01-24 10:19:53.521 [DEBUG] [thread-id 1] - Notifiction Prompt screen loaded
2024-01-24 10:19:55.253 [DEBUG] [thread-id 1] - Verify identifier: {NotificationPermissionViewController.titleLabel=[true]}
2024-01-24 10:19:55.609 [DEBUG] [thread-id 1] - Click element: 'cta.cancel.notifications'
2024-01-24 10:19:58.033 [DEBUG] [thread-id 1] - location screen loaded
2024-01-24 10:19:59.580 [DEBUG] [thread-id 1] - Verify identifier: {LocationPermissionViewController.titleLabel=[true], LocationPermissionViewController.bodyLabel=[true]}
2024-01-24 10:19:59.925 [DEBUG] [thread-id 1] - Click element: 'cta.cancel.location'
2024-01-24 10:20:04.466 [DEBUG] [thread-id 1] - Verify identifier: {label.postal-code-entry=[true]}
2024-01-24 10:20:04.796 [DEBUG] [thread-id 1] - Enter text: '95122'
2024-01-24 10:20:11.380 [DEBUG] [thread-id 1] - Click element: 'cta.continue'
2024-01-24 10:20:14.129 [DEBUG] [thread-id 1] - sleep:  3000 milliseconds
2024-01-24 10:20:17.131 [DEBUG] [thread-id 1] - loop: from 0 to 3
2024-01-24 10:20:18.942 [DEBUG] [thread-id 1] - 0
2024-01-24 10:20:30.352 [DEBUG] [thread-id 1] - conditionally execute a flow. condition: false
2024-01-24 10:20:42.598 [DEBUG] [thread-id 1] - Observed IDFA Sscreen
2024-01-24 10:20:43.711 [DEBUG] [thread-id 1] - conditionally execute a flow. condition: true
2024-01-24 10:20:44.705 [DEBUG] [thread-id 1] - Verify identifier: {ATTPermissionViewController.titleLabel=[true], ATTPermissionViewController.bodyLabel=[true]}
2024-01-24 10:20:46.059 [DEBUG] [thread-id 1] - Click element: 'cta.continue.location'
2024-01-24 10:21:00.928 [DEBUG] [thread-id 1] - Click element: '//XCUIElementTypeButton[@name="Ask App Not to Track"] | //XCUIElementTypeButton[@name="Solicitar a la app no rastrear"]'
2024-01-24 10:21:25.629 [DEBUG] [thread-id 1] - conditionally execute a flow. condition: false
2024-01-24 10:21:29.025 [DEBUG] [thread-id 1] - modal is not displayed
2024-01-24 10:21:40.358 [DEBUG] [thread-id 1] - Executing function: 'us.functions.gic.collapseIfExpanded'
2024-01-24 10:21:49.970 [DEBUG] [thread-id 1] - GIC already collapsed
2024-01-24 10:21:50.068 [DEBUG] [thread-id 1] - Executing function: 'us.functions.home.navigateHomeToSignIn'
2024-01-24 10:21:50.069 [DEBUG] [thread-id 1] - sleep:  3000 milliseconds
2024-01-24 10:22:09.455 [DEBUG] [thread-id 1] - Click element: 'tab-account-unselected'
2024-01-24 10:22:15.152 [DEBUG] [thread-id 1] - Verify identifier: {SignInYourAccountTableViewCell.signInButton=[true]}
2024-01-24 10:22:15.153 [DEBUG] [thread-id 1] - loop: from 1 to 3
2024-01-24 10:22:17.596 [DEBUG] [thread-id 1] - conditionally execute a flow. condition: true
2024-01-24 10:22:20.712 [DEBUG] [thread-id 1] - Click element: 'SignInYourAccountTableViewCell.signInButton'
2024-01-24 10:22:36.638 [DEBUG] [thread-id 1] - Verify identifier: {WelcomeView.emailField=[true]}
2024-01-24 10:22:43.011 [DEBUG] [thread-id 1] - Store in: store the value 'true' in the variable 'signInValidated'
2024-01-24 10:22:49.936 [DEBUG] [thread-id 1] - conditionally execute a flow. condition: true
2024-01-24 10:22:56.377 [DEBUG] [thread-id 1] - SignIn page loaded
2024-01-24 10:23:02.958 [DEBUG] [thread-id 1] - Store in: store the value 'false' in the variable 'signInValidated'
2024-01-24 10:23:03.049 [DEBUG] [thread-id 1] - Executing function: 'us.functions.global.authentication.signInAccountCarta'
2024-01-24 10:23:09.295 [DEBUG] [thread-id 1] - conditionally execute a flow. condition: true
2024-01-24 10:23:16.445 [DEBUG] [thread-id 1] - Enter text: 'prod.flow004@cloudtest.org'
2024-01-24 10:23:31.887 [DEBUG] [thread-id 1] - Click element: 'WelcomeView.ctaButton'
2024-01-24 10:23:42.345 [DEBUG] [thread-id 1] - Sign in Field present!!
2024-01-24 10:23:48.673 [DEBUG] [thread-id 1] - conditionally execute a flow. condition: true
2024-01-24 10:23:56.490 [DEBUG] [thread-id 1] - Enter text: 'E2epassword$'
2024-01-24 10:24:13.370 [DEBUG] [thread-id 1] - Click element: 'OTPView.ctaButton'
2024-01-24 10:24:47.820 [DEBUG] [thread-id 1] - Password Field present!!
2024-01-24 10:25:03.879 [DEBUG] [thread-id 1] - conditionally execute a flow. condition: true
2024-01-24 10:25:20.367 [DEBUG] [thread-id 1] - Click element: 'Don’t Allow'
2024-01-24 10:25:28.961 [DEBUG] [thread-id 1] - Login succesful!!
2024-01-24 10:25:29.071 [DEBUG] [thread-id 1] - Executing function: 'us.functions.global.navigation.accountToHome'
2024-01-24 10:25:29.072 [DEBUG] [thread-id 1] - Verify identifier: {Shop=[true]}
2024-01-24 10:25:29.072 [DEBUG] [thread-id 1] - sleep:  2000 milliseconds
2024-01-24 10:25:32.015 [DEBUG] [thread-id 1] - Click element: 'Shop'
2024-01-24 10:25:37.270 [DEBUG] [thread-id 1] - Executing function: 'us.functions.home.closeWPlusPromotionPopUpIfDisplayed'
2024-01-24 10:25:48.623 [DEBUG] [thread-id 1] - Verify identifier: {//XCUIElementTypeButton[@name="SplashPageTermView.primaryButton"]|//XCUIElementTypeButton[@name="WalmartPlusSplashBottomSheet.tryWalmartPlusMemberShipButton"] | //XCUIElementTypeButton[@label="Try your rewards benefit"] | //XCUIElementTypeButton[@name="BenefitEngagementTempoContainerView.primaryButton"]=[true]}
2024-01-24 10:26:00.075 [DEBUG] [thread-id 1] - Click element: '//XCUIElementTypeButton[@name="SplashPageViewController.closeButton" or contains(@label, "Close Walmart plus promotional pop up")] | //XCUIElementTypeNavigationBar[@name="WalmartPlus.SplashPageView"]/XCUIElementTypeButton | //XCUIElementTypeButton[@name="close" or @name="Close"] | //XCUIElementTypeButton[@name="SplashPageViewController.fullScreenCloseButton"] | //XCUIElementTypeButton[@name="MultiSplashViewController.fullScreenCloseButton"]'
2024-01-24 10:26:08.052 [DEBUG] [thread-id 1] - Verify identifier: {Search Walmart=[true]}
2024-01-24 10:26:08.055 [DEBUG] [thread-id 1] - Executing function: 'us.functions.global.navigation.toCartFromNavBar'
2024-01-24 10:26:10.571 [DEBUG] [thread-id 1] - Verify identifier: {//XCUIElementTypeButton[contains(@label, "Your cart")] | //XCUIElementTypeButton[(@name="SearchResultsViewController.cartButton") or (contains(@label,"Your cart contains") and contains(@label,"The estimated total is")) or (@label="Your cart is empty")]=[true]}
2024-01-24 10:26:13.397 [DEBUG] [thread-id 1] - Click element: '//XCUIElementTypeButton[contains(@label, "Your cart")] | //XCUIElementTypeButton[(@name="SearchResultsViewController.cartButton") or (contains(@label,"Your cart contains") and contains(@label,"The estimated total is")) or (@label="Your cart is empty")]'
2024-01-24 10:27:06.081 [DEBUG] [thread-id 1] - Verify identifier: {//XCUIElementTypeStaticText[@name="CartDetailsViewController.headerCartLabel"] | //XCUIElementTypeStaticText[@name="CartEmptyStateViewController.titleLabel" and not(contains(@label,"We're sorry!"))]=[true]}
2024-01-24 10:27:06.210 [DEBUG] [thread-id 1] - Executing function: 'us.functions.cart.removeUnavailableItemsFromCart'
2024-01-24 10:27:26.669 [DEBUG] [thread-id 1] - Executing function: 'us.functions.cart.removeAllCartItems'
2024-01-24 10:27:26.670 [DEBUG] [thread-id 1] - Executing function: 'us.functions.cart.storeChangePopUp'
2024-01-24 10:27:50.682 [DEBUG] [thread-id 1] - Executing function: 'us.functions.cart.seeDetails'
2024-01-24 10:27:50.683 [DEBUG] [thread-id 1] - loop: from 0 to 3
2024-01-24 10:28:12.820 [DEBUG] [thread-id 1] - 0
2024-01-24 10:29:30.406 [DEBUG] [thread-id 1] - No See details in Cart
2024-01-24 10:29:54.214 [DEBUG] [thread-id 1] - loop: from 0 to 5
2024-01-24 10:30:20.628 [DEBUG] [thread-id 1] - 0
2024-01-24 10:30:47.441 [DEBUG] [thread-id 1] - Executing function: 'us.functions.cart.storeChangePopUp'
2024-01-24 10:31:42.467 [DEBUG] [thread-id 1] - Executing function: 'us.functions.cart.walmartAssistantPopup'
2024-01-24 10:33:31.027 [DEBUG] [thread-id 1] - Smart Budge view not displayed
2024-01-24 10:34:41.959 [DEBUG] [thread-id 1] - Verify identifier: {//XCUIElementTypeButton[contains(@label, "Remove and continue")] | //XCUIElementTypeButton[@name="Remove" or @name = "CartItemTileView.remove"]=[true]}
2024-01-24 10:36:10.458 [DEBUG] [thread-id 1] - Click element: '//XCUIElementTypeButton[contains(@label, "Remove and continue")] | //XCUIElementTypeButton[@name="Remove" or @name = "CartItemTileView.remove"]'
2024-01-24 10:36:30.413 [DEBUG] [thread-id 1] - 1
2024-01-24 10:37:45.101 [DEBUG] [thread-id 1] - Smart Budge view not displayed
2024-01-24 10:38:13.688 [DEBUG] [thread-id 1] - No Items in Cart to Remove
2024-01-24 10:38:21.662 [DEBUG] [thread-id 1] - Executing function: 'us.functions.global.navigation.backNavigation'
2024-01-24 10:38:21.663 [DEBUG] [thread-id 1] - sleep:  3000 milliseconds
2024-01-24 10:38:33.293 [DEBUG] [thread-id 1] - Click element: '//XCUIElementTypeButton[@name="Back" or @label="Back"] | //XCUIElementTypeButton[@name="Shop"] | //XCUIElementTypeButton[@name="Home"]| //XCUIElementTypeButton[@name="Registries"] | //XCUIElementTypeButton[@name="My Items"]'
2024-01-24 10:38:37.024 [DEBUG] [thread-id 1] - Executing function: 'us.functions.home.setStore'
2024-01-24 10:38:37.030 [DEBUG] [thread-id 1] - conditionally execute a flow. condition: true
2024-01-24 10:38:44.131 [DEBUG] [thread-id 1] - Executing function: 'us.functions.home.changeStore'
2024-01-24 10:38:44.133 [DEBUG] [thread-id 1] - Executing function: 'us.functions.home.closeWPlusPromotionPopUpIfDisplayed'
2024-01-24 10:38:53.714 [DEBUG] [thread-id 1] - No Wplus pop up displayed
2024-01-24 10:38:53.812 [DEBUG] [thread-id 1] - Executing function: 'us.functions.gic.expandIfCollapsed'
2024-01-24 10:39:00.932 [DEBUG] [thread-id 1] - Verify identifier: {//*[contains(@label,"Collapsed")] | //*[contains(@name,"Collapsed")]=[true]}
2024-01-24 10:39:08.751 [DEBUG] [thread-id 1] - Click element: '//*[contains(@label,"Collapsed")] | //*[contains(@name,"Collapsed")]'
2024-01-24 10:39:11.935 [WARN] [thread-id 1] - variable storeOnly was used, but r2 could not find a value for this variable. returning default of null
2024-01-24 10:39:11.938 [DEBUG] [thread-id 1] - conditionally execute a flow. condition: true
2024-01-24 10:39:30.676 [DEBUG] [thread-id 1] - conditionally execute a flow. condition: false
2024-01-24 10:39:43.268 [DEBUG] [thread-id 1] - Click element: '//XCUIElementTypeButton[@name="GlobalIntentCenter.Pickup"] | //XCUIElementTypeButton[contains(@name, "Pickup") and contains(@name,"1 of 2")]'
2024-01-24 10:39:59.160 [DEBUG] [thread-id 1] - Pickup intent selected
2024-01-24 10:40:04.854 [DEBUG] [thread-id 1] - Click element: '//XCUIElementTypeCollectionView[@name="GlobalIntentCenterViewController.collectionView"]//XCUIElementTypeCell[position()=last()-2 or position()=last()-1]//*[@name="GlobalIntentCenter.FullLocation" and contains(@label,"Pickup")] | //XCUIElementTypeOther[@name="LayoutableChildStackViewController.stackView"]/XCUIElementTypeOther[position()=last()]//XCUIElementTypeOther[@name="HoTLocationsItemDetailsView.containerView"]'
2024-01-24 10:40:30.779 [DEBUG] [thread-id 1] - conditionally execute a flow. condition: false
2024-01-24 10:41:17.342 [DEBUG] [thread-id 1] - Enter text: '95122'
2024-01-24 10:42:46.332 [DEBUG] [thread-id 1] - Click element: '(//XCUIElementTypeButton[@name="StoreSelectionCell.radioButton"])[1] | (//XCUIElementTypeOther[@name="StoreSelectionCell.radioLabelsStackView"])[1]'
2024-01-24 10:43:45.443 [DEBUG] [thread-id 1] - Click element: '//XCUIElementTypeButton[@name="SaveStoreSelectionView.saveButton"]'
2024-01-24 10:44:03.141 [DEBUG] [thread-id 1] - Executing function: 'us.functions.utils.handleTechnicalErrorPopup'
2024-01-24 10:44:03.142 [DEBUG] [thread-id 1] - Store in: store the value 'false' in the variable 'errorRemoved'
2024-01-24 10:44:03.142 [DEBUG] [thread-id 1] - sleep:  5000 milliseconds
2024-01-24 10:44:08.149 [DEBUG] [thread-id 1] - loop: from 0 to 3
2024-01-24 10:44:12.587 [DEBUG] [thread-id 1] - 0
2024-01-24 10:44:33.219 [DEBUG] [thread-id 1] - conditionally execute a flow. condition: false
2024-01-24 10:44:38.585 [DEBUG] [thread-id 1] - Store in: store the value 'true' in the variable 'errorRemoved'
2024-01-24 10:44:44.176 [DEBUG] [thread-id 1] - No Technical Error Pop up observed
2024-01-24 10:45:06.355 [DEBUG] [thread-id 1] - sleep:  2000 milliseconds
2024-01-24 10:45:10.559 [DEBUG] [thread-id 1] - conditionally execute a flow. condition: true
2024-01-24 10:45:15.002 [DEBUG] [thread-id 1] - Executing function: 'us.functions.gic.collapseIfExpanded'
2024-01-24 10:45:22.928 [DEBUG] [thread-id 1] - Verify identifier: {//*[contains(@label,"Expanded")] | //*[contains(@name,"Expanded")]=[true]}
2024-01-24 10:45:27.894 [DEBUG] [thread-id 1] - Collapsing GIC screen
2024-01-24 10:45:36.313 [DEBUG] [thread-id 1] - Click element: '//*[contains(@label,"Expanded")] | //*[contains(@name,"Expanded")]'
2024-01-24 10:45:49.882 [DEBUG] [thread-id 1] - Verify identifier: {//*[contains(@label,"Collapsed")] | //*[contains(@name,"Collapsed")]=[true]}
2024-01-24 10:45:50.109 [DEBUG] [thread-id 1] - Executing function: 'us.functions.search.searchItem'
2024-01-24 10:45:50.110 [DEBUG] [thread-id 1] - Verify identifier: {Search=[true]}
2024-01-24 10:45:51.150 [DEBUG] [thread-id 1] - Click element: 'Search'
2024-01-24 10:46:00.530 [DEBUG] [thread-id 1] - Verify identifier: {Search Walmart=[true]}
2024-01-24 10:46:04.350 [DEBUG] [thread-id 1] - Click element: 'Search Walmart'
2024-01-24 10:46:08.676 [DEBUG] [thread-id 1] - Enter text: 'tshirt pack'
2024-01-24 10:46:19.235 [DEBUG] [thread-id 1] - Executing function: 'us.functions.search.closeHowDoYouWantYourOrderBottomTray'
2024-01-24 10:46:30.185 [DEBUG] [thread-id 1] - How do you want pop up not displayed
2024-01-24 10:46:41.176 [DEBUG] [thread-id 1] - Executing function: 'us.functions.utils.scrollIfNotVisible'
2024-01-24 10:46:45.656 [DEBUG] [thread-id 1] - Verify identifier: {(//XCUIElementTypeButton[@name="GlassProductTile.mainStackView"])[1] | //XCUIElementTypeOther[contains(@name,"ProductImageView.stackView")] | //*[contains(@name,"ProductSectionCoordinator_searchPrimaryProductCell")] | //XCUIElementTypeCell[contains(@name,"ProductSectionCoordinator_searchPrimaryProductCell_indexPath")] | (//XCUIElementTypeOther[@name="ProductImageView.stackView"])[1] | (//XCUIElementTypeButton[@name="GlassProductTile.mainStackView"])[2]=[true]}
2024-01-24 10:46:48.752 [DEBUG] [thread-id 1] - Element already visible, scrolling is skipped
2024-01-24 10:46:48.855 [DEBUG] [thread-id 1] - Resetting scrollPosition variable to default
2024-01-24 10:46:48.855 [DEBUG] [thread-id 1] - Store in: store the value 'null' in the variable 'scrollPosition'
2024-01-24 10:46:48.856 [DEBUG] [thread-id 1] - Store in: store the value 'null' in the variable 'identifierScope'
2024-01-24 10:46:48.857 [DEBUG] [thread-id 1] - Store in: store the value 'null' in the variable 'limit'
2024-01-24 10:46:50.369 [DEBUG] [thread-id 1] - conditionally execute a flow. condition: true
2024-01-24 10:46:53.133 [DEBUG] [thread-id 1] - successfully found an item for the above search criterion
2024-01-24 10:46:53.227 [DEBUG] [thread-id 1] - Executing function: 'us.functions.gic.changeFulfillment'
2024-01-24 10:46:53.229 [DEBUG] [thread-id 1] - Executing function: 'us.functions.gic.expandIfCollapsed'
2024-01-24 10:46:58.019 [DEBUG] [thread-id 1] - Verify identifier: {//*[contains(@label,"Collapsed")] | //*[contains(@name,"Collapsed")]=[true]}
2024-01-24 10:47:03.127 [DEBUG] [thread-id 1] - Click element: '//*[contains(@label,"Collapsed")] | //*[contains(@name,"Collapsed")]'
2024-01-24 10:47:06.212 [DEBUG] [thread-id 1] - Executing function: 'us.functions.gic.setFulfillment'
2024-01-24 10:47:16.689 [DEBUG] [thread-id 1] - conditionally execute a flow. condition: false
2024-01-24 10:47:29.794 [DEBUG] [thread-id 1] - Click element: '//XCUIElementTypeButton[@name="GlobalIntentCenter.Delivery"] | //XCUIElementTypeButton[contains(@name, "Delivery") ]'
2024-01-24 10:47:55.179 [DEBUG] [thread-id 1] - Delivery intent selected
2024-01-24 10:48:00.262 [DEBUG] [thread-id 1] - sleep:  3000 milliseconds
2024-01-24 10:48:03.387 [DEBUG] [thread-id 1] - Executing function: 'us.functions.gic.collapseIfExpanded'
2024-01-24 10:48:10.869 [DEBUG] [thread-id 1] - Verify identifier: {//*[contains(@label,"Expanded")] | //*[contains(@name,"Expanded")]=[true]}
2024-01-24 10:48:14.746 [DEBUG] [thread-id 1] - Collapsing GIC screen
2024-01-24 10:48:21.334 [DEBUG] [thread-id 1] - Click element: '//*[contains(@label,"Expanded")] | //*[contains(@name,"Expanded")]'
2024-01-24 10:48:24.439 [DEBUG] [thread-id 1] - Executing function: 'us.functions.search.clickOnFirstItem'
2024-01-24 10:48:24.443 [WARN] [thread-id 1] - variable subFilter was used, but r2 could not find a value for this variable. returning default of null
2024-01-24 10:48:24.447 [DEBUG] [thread-id 1] - conditionally execute a flow. condition: false
2024-01-24 10:48:27.626 [DEBUG] [thread-id 1] - conditionally execute a flow. condition: true
2024-01-24 10:48:30.980 [DEBUG] [thread-id 1] - Executing function: 'us.functions.utils.scrollIfNotVisible'
2024-01-24 10:48:41.774 [DEBUG] [thread-id 1] - Scroll limit set to 10
2024-01-24 10:48:45.130 [DEBUG] [thread-id 1] - conditionally execute a flow. condition: false
2024-01-24 10:48:48.793 [DEBUG] [thread-id 1] - conditionally execute a flow. condition: true
2024-01-24 10:48:52.567 [DEBUG] [thread-id 1] - Scroll: down
2024-01-24 10:49:16.908 [DEBUG] [thread-id 1] - Resetting scrollPosition variable to default
2024-01-24 10:49:16.909 [DEBUG] [thread-id 1] - Store in: store the value 'null' in the variable 'scrollPosition'
2024-01-24 10:49:16.910 [DEBUG] [thread-id 1] - Store in: store the value 'null' in the variable 'identifierScope'
2024-01-24 10:49:16.911 [DEBUG] [thread-id 1] - Store in: store the value 'null' in the variable 'limit'
2024-01-24 10:49:20.693 [DEBUG] [thread-id 1] - Click element: '//XCUIElementTypeCell[contains(@name,"ProductSectionCoordinator_searchPrimaryProductCell_indexPath")]/XCUIElementTypeOther/XCUIElementTypeOther[1]/XCUIElementTypeButton[not(contains(@label, "Sponsored")) and (contains(@label, "reviews"))][1] | //*[contains(@name,"GlassProductTile.mainStackView") and not(contains(@label, "Sponsored")) and (contains(@label, "reviews"))] | //XCUIElementTypeCell[contains(@name,"ProductSectionCoordinator_searchPrimaryProductCell_indexPath")]/XCUIElementTypeOther/XCUIElementTypeOther[1]/XCUIElementTypeButton[1][not(contains(@label, "Sponsored"))]'
2024-01-24 10:50:55.783 [DEBUG] [thread-id 1] - check if item details page is showing
2024-01-24 10:50:55.928 [DEBUG] [thread-id 1] - Executing function: 'us.functions.item.addItemToCart'
2024-01-24 10:51:57.445 [DEBUG] [thread-id 1] - Verify identifier: {stepper.mainButton=[true]}
2024-01-24 10:52:58.038 [DEBUG] [thread-id 1] - Click element: 'stepper.mainButton'
2024-01-24 10:53:27.934 [WARN] [thread-id 1] - variable qty was used, but r2 could not find a value for this variable. returning default of null
2024-01-24 10:53:27.935 [WARN] [thread-id 1] - variable qty was used, but r2 could not find a value for this variable. returning default of null
2024-01-24 10:54:51.814 [DEBUG] [thread-id 1] - Verify identifier: {//XCUIElementTypeStaticText[@name="1 added"]| //XCUIElementTypeOther[@name="add-to-cart-button"] | //XCUIElementTypeStaticText[@label="null"] | Max 1=[true]}
2024-01-24 10:54:51.818 [WARN] [thread-id 1] - variable skipPostAddToCartSteps was used, but r2 could not find a value for this variable. returning default of null
2024-01-24 10:54:51.823 [DEBUG] [thread-id 1] - conditionally execute a flow. condition: true
2024-01-24 10:56:25.381 [DEBUG] [thread-id 1] - Executing function: 'us.functions.item.postAddToCartSteps'
2024-01-24 10:59:27.824 [DEBUG] [thread-id 1] - Executing R2 3.38.1: '/Users/m0k0a2f/glass-automation/./us/test/test-scripts/ios/prod-flows/Ecomm-And-Fulfillment-Flows/store-single-fulfillment-flows/C2644789-glass-sc-scheduled-delivery.yaml' on device: 'iPhone 14'
2024-01-24 10:59:29.857 [DEBUG] [thread-id 1] - Created report: /Users/m0k0a2f/glass-automation/report/index.html
2024-01-24 11:00:53.973 [DEBUG] [thread-id 1] - No ACC pop up screen displayed
2024-01-24 11:02:27.634 [DEBUG] [thread-id 1] - Executing R2 3.38.1: '/Users/m0k0a2f/glass-automation/./us/test/test-scripts/ios/prod-flows/Ecomm-And-Fulfillment-Flows/store-single-fulfillment-flows/C2644789-glass-sc-scheduled-delivery.yaml' on device: 'iPhone 14'
2024-01-24 11:04:28.021 [DEBUG] [thread-id 1] - Click element: '//XCUIElementTypeButton[@name="Close"]'
2024-01-24 11:06:21.053 [DEBUG] [thread-id 1] - Executing scenario: 'Before'
2024-01-24 11:06:21.055 [DEBUG] [thread-id 1] - R2_SUBFLOW_PRE_TRANSACTION
2024-01-24 11:06:21.270 [DEBUG] [thread-id 1] - Using us-errors-helpers.yaml
2024-01-24 11:06:21.561 [DEBUG] [thread-id 1] - Start Main
2024-01-24 11:06:21.564 [DEBUG] [thread-id 1] - Executing function: 'us.functions.global.onboarding.navigateOnboardingToHome'
2024-01-24 11:06:21.565 [DEBUG] [thread-id 1] - Executing function: 'us.function.utils.getEnvironmentValue'
2024-01-24 11:06:21.566 [DEBUG] [thread-id 1] - Store in: store the value 'teflon' in the variable 'env'
2024-01-24 11:06:21.567 [DEBUG] [thread-id 1] - Timestamp: 1706123181567
2024-01-24 11:06:21.576 [DEBUG] [thread-id 1] - Welcome screen loaded
2024-01-24 11:06:21.579 [DEBUG] [thread-id 1] - Verify identifier: {SignUpNudgeWelcomeViewController.titleLabel=[true]}
2024-01-24 11:06:31.710 [DEBUG] [thread-id 1] - conditionally execute a flow. condition: false
2024-01-24 11:06:31.906 [DEBUG] [thread-id 1] - Click element: 'cta.cancel.welcome'
2024-01-24 11:06:32.519 [DEBUG] [thread-id 1] - Notifiction Prompt screen loaded
2024-01-24 11:06:33.012 [DEBUG] [thread-id 1] - Verify identifier: {NotificationPermissionViewController.titleLabel=[true]}
2024-01-24 11:06:33.072 [DEBUG] [thread-id 1] - Click element: 'cta.cancel.notifications'
2024-01-24 11:06:33.539 [DEBUG] [thread-id 1] - location screen loaded
2024-01-24 11:06:33.730 [DEBUG] [thread-id 1] - Verify identifier: {LocationPermissionViewController.titleLabel=[true], LocationPermissionViewController.bodyLabel=[true]}
2024-01-24 11:06:33.791 [DEBUG] [thread-id 1] - Click element: 'cta.cancel.location'
2024-01-24 11:06:34.503 [DEBUG] [thread-id 1] - Verify identifier: {label.postal-code-entry=[true]}
2024-01-24 11:06:34.569 [DEBUG] [thread-id 1] - Enter text: '95122'
2024-01-24 11:06:36.933 [DEBUG] [thread-id 1] - Click element: 'cta.continue'
2024-01-24 11:06:37.483 [DEBUG] [thread-id 1] - sleep:  3000 milliseconds
2024-01-24 11:06:40.485 [DEBUG] [thread-id 1] - loop: from 0 to 3
2024-01-24 11:06:40.785 [DEBUG] [thread-id 1] - 0
2024-01-24 11:06:51.383 [DEBUG] [thread-id 1] - conditionally execute a flow. condition: false
2024-01-24 11:07:01.726 [DEBUG] [thread-id 1] - Observed IDFA Sscreen
2024-01-24 11:07:02.002 [DEBUG] [thread-id 1] - conditionally execute a flow. condition: true
2024-01-24 11:07:02.275 [DEBUG] [thread-id 1] - Verify identifier: {ATTPermissionViewController.titleLabel=[true], ATTPermissionViewController.bodyLabel=[true]}
2024-01-24 11:07:02.601 [DEBUG] [thread-id 1] - Click element: 'cta.continue.location'
2024-01-24 11:07:05.616 [DEBUG] [thread-id 1] - Click element: '//XCUIElementTypeButton[@name="Ask App Not to Track"] | //XCUIElementTypeButton[@name="Solicitar a la app no rastrear"]'
2024-01-24 11:07:16.928 [DEBUG] [thread-id 1] - conditionally execute a flow. condition: false
2024-01-24 11:07:17.647 [DEBUG] [thread-id 1] - modal is not displayed
2024-01-24 11:07:22.905 [DEBUG] [thread-id 1] - Click element: '//XCUIElementTypeButton[@name="Close"] | //XCUIElementTypeButton[@label="Close"]'
2024-01-24 11:07:27.756 [DEBUG] [thread-id 1] - Executing function: 'us.functions.gic.collapseIfExpanded'
2024-01-24 11:07:28.844 [DEBUG] [thread-id 1] - Verify identifier: {//*[contains(@label,"Expanded")] | //*[contains(@name,"Expanded")]=[true]}
2024-01-24 11:07:29.527 [DEBUG] [thread-id 1] - Collapsing GIC screen
2024-01-24 11:07:30.583 [DEBUG] [thread-id 1] - Click element: '//*[contains(@label,"Expanded")] | //*[contains(@name,"Expanded")]'
2024-01-24 11:07:31.120 [DEBUG] [thread-id 1] - Executing function: 'us.functions.home.navigateHomeToSignIn'
2024-01-24 11:07:31.121 [DEBUG] [thread-id 1] - sleep:  3000 milliseconds
2024-01-24 11:07:45.160 [DEBUG] [thread-id 1] - Click element: 'tab-account-unselected'
2024-01-24 11:07:46.637 [DEBUG] [thread-id 1] - Verify identifier: {SignInYourAccountTableViewCell.signInButton=[true]}
2024-01-24 11:07:46.637 [DEBUG] [thread-id 1] - loop: from 1 to 3
2024-01-24 11:07:47.349 [DEBUG] [thread-id 1] - conditionally execute a flow. condition: true
2024-01-24 11:07:48.201 [DEBUG] [thread-id 1] - Click element: 'SignInYourAccountTableViewCell.signInButton'
2024-01-24 11:07:48.282 [DEBUG] [thread-id 1] - Executing function: 'us.functions.item.closeItemPage'
2024-01-24 11:07:52.987 [DEBUG] [thread-id 1] - Verify identifier: {WelcomeView.emailField=[true]}
2024-01-24 11:07:54.668 [DEBUG] [thread-id 1] - Store in: store the value 'true' in the variable 'signInValidated'
2024-01-24 11:07:56.369 [DEBUG] [thread-id 1] - conditionally execute a flow. condition: true
2024-01-24 11:07:58.033 [DEBUG] [thread-id 1] - SignIn page loaded
2024-01-24 11:07:59.699 [DEBUG] [thread-id 1] - Store in: store the value 'false' in the variable 'signInValidated'
2024-01-24 11:07:59.705 [DEBUG] [thread-id 1] - Executing function: 'us.functions.global.authentication.signInAccountCarta'
2024-01-24 11:08:01.375 [DEBUG] [thread-id 1] - conditionally execute a flow. condition: true
2024-01-24 11:08:03.258 [DEBUG] [thread-id 1] - Enter text: 'prod.flow004@cloudtest.org'
2024-01-24 11:08:07.077 [DEBUG] [thread-id 1] - Click element: 'WelcomeView.ctaButton'
2024-01-24 11:08:09.325 [DEBUG] [thread-id 1] - Sign in Field present!!
2024-01-24 11:08:11.694 [DEBUG] [thread-id 1] - PAC not found
2024-01-24 11:08:19.648 [DEBUG] [thread-id 1] - conditionally execute a flow. condition: false
2024-01-24 11:08:20.694 [DEBUG] [thread-id 1] - Executing function: 'us.functions.global.authentication.signInAccountIfErroredOut'
2024-01-24 11:08:37.773 [DEBUG] [thread-id 1] - Item page closed
2024-01-24 11:08:40.797 [WARN] [thread-id 1] - break reached without loop, this may be an error in your flow.
2024-01-24 11:08:41.029 [DEBUG] [thread-id 1] - Verify identifier: {Your cart is empty=[true]}
2024-01-24 11:08:41.030 [DEBUG] [thread-id 1] - Store in: store the value 'false' in the variable 'skipPostAddToCartSteps'
2024-01-24 11:08:41.041 [DEBUG] [thread-id 1] - Store in: store the value 'false' in the variable 'apiFetch'
2024-01-24 11:08:41.041 [DEBUG] [thread-id 1] - Store in: store the value 'null' in the variable 'itemDataDetails'
2024-01-24 11:08:41.041 [DEBUG] [thread-id 1] - R2_SUBFLOW_TRANSACTION
2024-01-24 11:08:41.043 [DEBUG] [thread-id 1] - Executing function: 'us.functions.global.navigation.toCartFromNavBar'
2024-01-24 11:08:42.828 [DEBUG] [thread-id 1] - Verify identifier: {//XCUIElementTypeButton[contains(@label, "Your cart")] | //XCUIElementTypeButton[(@name="SearchResultsViewController.cartButton") or (contains(@label,"Your cart contains") and contains(@label,"The estimated total is")) or (@label="Your cart is empty")]=[true]}
2024-01-24 11:08:44.621 [DEBUG] [thread-id 1] - Click element: '//XCUIElementTypeButton[contains(@label, "Your cart")] | //XCUIElementTypeButton[(@name="SearchResultsViewController.cartButton") or (contains(@label,"Your cart contains") and contains(@label,"The estimated total is")) or (@label="Your cart is empty")]'
2024-01-24 11:09:04.004 [DEBUG] [thread-id 1] - Main failed: Is not present: 'OTPView.passwordTextField'
2024-01-24 11:09:05.085 [DEBUG] [thread-id 1] - Executing scenario: 'After'
2024-01-24 11:09:05.086 [DEBUG] [thread-id 1] - Executing function: 'us.functions.utils.afterSteps'
2024-01-24 11:09:05.087 [WARN] [thread-id 1] - variable testStatus was used, but r2 could not find a value for this variable. returning default of null
2024-01-24 11:09:05.087 [DEBUG] [thread-id 1] - conditionally execute a flow. condition: false
2024-01-24 11:09:06.114 [DEBUG] [thread-id 1] - Test failed
2024-01-24 11:09:06.119 [DEBUG] [thread-id 1] - Executing function: 'us.functions.utils.fetchExecutionTime'
2024-01-24 11:09:06.120 [DEBUG] [thread-id 1] - conditionally execute a flow. condition: true
2024-01-24 11:09:07.157 [DEBUG] [thread-id 1] - Timestamp: 1706123347157
2024-01-24 11:09:08.186 [DEBUG] [thread-id 1] - Arithmetic Operation: (1706123347157 - 1706123181567) / 1000 (value = 165.59)
2024-01-24 11:09:08.186 [DEBUG] [thread-id 1] - Store in: store the value '165.59' in the variable 'result'
2024-01-24 11:09:09.211 [DEBUG] [thread-id 1] - 165.59
2024-01-24 11:09:10.229 [DEBUG] [thread-id 1] - Arithmetic Operation: 165.59 / 60 (value = 2.759833333333333333333333333333333)
2024-01-24 11:09:10.229 [DEBUG] [thread-id 1] - Store in: store the value '2.759833333333333333333333333333333' in the variable 'result'
2024-01-24 11:09:11.247 [DEBUG] [thread-id 1] - 2.759833333333333333333333333333333
2024-01-24 11:09:12.272 [DEBUG] [thread-id 1] - Create file: './timestampData.txt' with string '2.759833333333333333333333333333333,'
2024-01-24 11:09:27.427 [DEBUG] [thread-id 1] - Created report: /Users/m0k0a2f/glass-automation/report/index.html
2024-01-24 11:09:53.772 [DEBUG] [thread-id 1] - Verify identifier: {//XCUIElementTypeStaticText[@name="CartDetailsViewController.headerCartLabel"] | //XCUIElementTypeStaticText[@name="CartEmptyStateViewController.titleLabel" and not(contains(@label,"We're sorry!"))]=[true]}
2024-01-24 11:09:53.926 [DEBUG] [thread-id 1] - Executing function: 'us.functions.selectBookingSlot'
2024-01-24 11:09:53.929 [DEBUG] [thread-id 1] - Store in: store the value '1' in the variable 'slotIndex'
2024-01-24 11:09:53.929 [DEBUG] [thread-id 1] - Store in: store the value '3' in the variable 'slotIndex2'
2024-01-24 11:09:53.933 [WARN] [thread-id 1] - variable timeSlot was used, but r2 could not find a value for this variable. returning default of null
2024-01-24 11:09:53.936 [DEBUG] [thread-id 1] - conditionally execute a flow. condition: true
2024-01-24 11:10:23.716 [DEBUG] [thread-id 1] - Store in: store the value 'generic' in the variable 'timeSlot'
2024-01-24 11:10:23.834 [DEBUG] [thread-id 1] - Executing function: 'us.functions.loadBookingSlotScreenBasics'
2024-01-24 11:10:23.836 [DEBUG] [thread-id 1] - ------ Loading booking slot screen ------
2024-01-24 11:10:23.837 [DEBUG] [thread-id 1] - conditionally execute a flow. condition: false
2024-01-24 11:10:52.800 [DEBUG] [thread-id 1] - conditionally execute a flow. condition: true
2024-01-24 11:11:18.556 [DEBUG] [thread-id 1] - ------ Loading booking slot screen from cart page ------
2024-01-24 11:11:46.671 [DEBUG] [thread-id 1] - Executing function: 'us.functions.cart.scrollToTopOfCart'
2024-01-24 11:11:46.672 [DEBUG] [thread-id 1] - -------Scroll to top of cart page function start-------
2024-01-24 11:12:39.110 [DEBUG] [thread-id 1] - Verify identifier: {//XCUIElementTypeStaticText[@name="CartDetailsViewController.headerCartLabel"] | //XCUIElementTypeStaticText[@name="CartEmptyStateViewController.titleLabel" and not(contains(@label,"We're sorry!"))]=[true]}
2024-01-24 11:13:38.908 [DEBUG] [thread-id 1] - Executing function: 'us.functions.utils.scrollIfNotVisible'
2024-01-24 11:14:25.679 [DEBUG] [thread-id 1] - Verify identifier: {FulfillmentSummaryView.titlePrefixLabel=[true]}
2024-01-24 11:15:01.334 [DEBUG] [thread-id 1] - Element already visible, scrolling is skipped
2024-01-24 11:15:01.479 [DEBUG] [thread-id 1] - Resetting scrollPosition variable to default
2024-01-24 11:15:01.480 [DEBUG] [thread-id 1] - Store in: store the value 'null' in the variable 'scrollPosition'
2024-01-24 11:15:01.480 [DEBUG] [thread-id 1] - Store in: store the value 'null' in the variable 'identifierScope'
2024-01-24 11:15:01.480 [DEBUG] [thread-id 1] - Store in: store the value 'null' in the variable 'limit'
2024-01-24 11:15:01.614 [DEBUG] [thread-id 1] - -------Scroll to top of cart page function end-------
2024-01-24 11:15:26.402 [DEBUG] [thread-id 1] - Executing function: 'us.functions.utils.scrollIfNotVisible'
2024-01-24 11:16:11.021 [DEBUG] [thread-id 1] - Verify identifier: {//XCUIElementTypeButton[@name="FulfillmentSummaryView.actionButton" and not(contains(@label,"See Options"))] | //*[contains(@label,"Reserve a new time")]=[true]}
2024-01-24 11:16:33.804 [DEBUG] [thread-id 1] - Element already visible, scrolling is skipped
2024-01-24 11:16:33.928 [DEBUG] [thread-id 1] - Resetting scrollPosition variable to default
2024-01-24 11:16:33.929 [DEBUG] [thread-id 1] - Store in: store the value 'null' in the variable 'scrollPosition'
2024-01-24 11:16:33.929 [DEBUG] [thread-id 1] - Store in: store the value 'null' in the variable 'identifierScope'
2024-01-24 11:16:33.930 [DEBUG] [thread-id 1] - Store in: store the value 'null' in the variable 'limit'
2024-01-24 11:17:23.028 [DEBUG] [thread-id 1] - Verify identifier: {//XCUIElementTypeButton[@name="FulfillmentSummaryView.actionButton" and not(contains(@label,"See Options"))] | //*[contains(@label,"Reserve a new time")]=[true]}
2024-01-24 11:18:09.331 [DEBUG] [thread-id 1] - Click element: '//XCUIElementTypeButton[@name="FulfillmentSummaryView.actionButton" and not(contains(@label,"See Options"))] | //*[contains(@label,"Reserve a new time")]'
2024-01-24 11:19:36.436 [DEBUG] [thread-id 1] - Slot page loaded
2024-01-24 11:20:21.879 [DEBUG] [thread-id 1] - ------ Loading delivery tab ------
2024-01-24 11:20:21.882 [DEBUG] [thread-id 1] - conditionally execute a flow. condition: false
2024-01-24 11:21:03.379 [DEBUG] [thread-id 1] - Click element: '//XCUIElementTypeButton[@name="Delivery from store"]'
2024-01-24 11:21:45.137 [DEBUG] [thread-id 1] - conditionally execute a flow. condition: true
2024-01-24 11:22:12.969 [DEBUG] [thread-id 1] - New address is to be added
2024-01-24 11:22:41.170 [WARN] [thread-id 1] - variable addressAdded was used, but r2 could not find a value for this variable. returning default of null
2024-01-24 11:22:41.171 [DEBUG] [thread-id 1] - conditionally execute a flow. condition: false
2024-01-24 11:23:11.831 [DEBUG] [thread-id 1] - ------ Adding address ------
2024-01-24 11:24:20.517 [WARN] [thread-id 1] - variable skipSlotPage was used, but r2 could not find a value for this variable. returning default of null
2024-01-24 11:24:20.519 [DEBUG] [thread-id 1] - conditionally execute a flow. condition: false
2024-01-24 11:24:48.258 [WARN] [thread-id 1] - variable wplusUser was used, but r2 could not find a value for this variable. returning default of null
2024-01-24 11:24:48.259 [WARN] [thread-id 1] - variable wplusUser was used, but r2 could not find a value for this variable. returning default of null
2024-01-24 11:25:53.830 [DEBUG] [thread-id 1] - Executing function: 'us.functions.selectTimeSlotBasics'
2024-01-24 11:25:53.831 [DEBUG] [thread-id 1] - conditionally execute a flow. condition: true
2024-01-24 11:26:31.181 [DEBUG] [thread-id 1] - ------Selecting general time slot------
2024-01-24 11:27:27.106 [DEBUG] [thread-id 1] - conditionally execute a flow. condition: true
2024-01-24 11:28:11.835 [DEBUG] [thread-id 1] - Click element: '(//XCUIElementTypeButton[@name="SlotHoursCell.slotHoursView"])[3]'
2024-01-24 11:28:20.715 [DEBUG] [thread-id 1] - ------ Slot time selection completed ------
2024-01-24 11:28:51.705 [DEBUG] [thread-id 1] - Executing function: 'us.mappings.confirmSlotSelectionBasics'
2024-01-24 11:28:51.707 [DEBUG] [thread-id 1] - loop: from 0 to 2
2024-01-24 11:29:39.049 [DEBUG] [thread-id 1] - Click element: '//XCUIElementTypeButton[@name="ReserveSlotView.saveButton"]'
2024-01-24 11:31:18.813 [DEBUG] [thread-id 1] - Executing function: 'us.functions.cart.continueMissingAnythingScreen'
2024-01-24 11:32:21.845 [DEBUG] [thread-id 1] - Missing anything popup not displayed
2024-01-24 11:32:46.460 [DEBUG] [thread-id 1] - Slot saved
2024-01-24 11:33:11.973 [DEBUG] [thread-id 1] - ------ Slot selection saved ------
2024-01-24 11:33:12.086 [DEBUG] [thread-id 1] - Executing function: 'us.functions.cart.oos.moveItemToSfl'
2024-01-24 11:33:24.797 [DEBUG] [thread-id 1] - conditionally execute a flow. condition: false
2024-01-24 11:33:50.302 [DEBUG] [thread-id 1] - Item is Available
2024-01-24 11:33:50.456 [DEBUG] [thread-id 1] - Executing function: 'us.functions.cart.verifyCardDetails'
2024-01-24 11:33:50.460 [DEBUG] [thread-id 1] - Executing function: 'us.functions.utils.getFulfillmentTextsToCompare'
2024-01-24 11:33:50.462 [WARN] [thread-id 1] - variable altFulfillmentText was used, but r2 could not find a value for this variable. returning default of null
2024-01-24 11:33:50.463 [DEBUG] [thread-id 1] - conditionally execute a flow. condition: true
2024-01-24 11:34:16.280 [DEBUG] [thread-id 1] - conditionally execute a flow. condition: false
2024-01-24 11:34:41.590 [DEBUG] [thread-id 1] - conditionally execute a flow. condition: false
2024-01-24 11:35:06.819 [DEBUG] [thread-id 1] - conditionally execute a flow. condition: true
2024-01-24 11:35:37.762 [DEBUG] [thread-id 1] - Store in: store the value 'delivery' in the variable 'altFulfillmentText'
2024-01-24 11:35:38.359 [DEBUG] [thread-id 1] - -------Validate Delivery cart details function start-------
2024-01-24 11:35:38.362 [WARN] [thread-id 1] - variable initialCartDataSetup was used, but r2 could not find a value for this variable. returning default of null
2024-01-24 11:35:38.363 [DEBUG] [thread-id 1] - conditionally execute a flow. condition: true
2024-01-24 11:36:06.102 [DEBUG] [thread-id 1] - sleep:  3000 milliseconds
2024-01-24 11:37:01.081 [DEBUG] [thread-id 1] - conditionally execute a flow. condition: true
2024-01-24 11:37:28.842 [DEBUG] [thread-id 1] - Cart page displayed
2024-01-24 11:37:56.925 [WARN] [thread-id 1] - variable validationScope was used, but r2 could not find a value for this variable. returning default of null
2024-01-24 11:38:25.261 [DEBUG] [thread-id 1] - Store in: store the value 'complete' in the variable 'initialCartDataSetup'
2024-01-24 11:39:17.924 [DEBUG] [thread-id 1] - Verify identifier: {//XCUIElementTypeStaticText[@name="FulfillmentSummaryView.titlePrefixLabel" and (contains(@label,"Delivery") or contains(@label,"delivery"))]=[true]}
2024-01-24 11:39:18.111 [WARN] [thread-id 1] - variable validationScope was used, but r2 could not find a value for this variable. returning default of null
2024-01-24 11:39:18.113 [DEBUG] [thread-id 1] - conditionally execute a flow. condition: false
2024-01-24 11:39:50.675 [DEBUG] [thread-id 1] - Basic Delivery fulfillment section validation done
2024-01-24 11:39:50.875 [WARN] [thread-id 1] - variable unscheduled was used, but r2 could not find a value for this variable. returning default of null
2024-01-24 11:39:50.876 [WARN] [thread-id 1] - variable partialCheckout was used, but r2 could not find a value for this variable. returning default of null
2024-01-24 11:39:50.878 [DEBUG] [thread-id 1] - Store in: store the value 'null' in the variable 'altFulfillmentText'
2024-01-24 11:39:50.880 [DEBUG] [thread-id 1] - Store in: store the value 'null' in the variable 'validationScope'
2024-01-24 11:39:50.881 [DEBUG] [thread-id 1] - Store in: store the value 'false' in the variable 'unscheduled'
2024-01-24 11:39:50.882 [DEBUG] [thread-id 1] - Store in: store the value 'false' in the variable 'partialCheckout'
2024-01-24 11:39:50.889 [DEBUG] [thread-id 1] - -------Validate Delivery cart details function end-------
2024-01-24 11:39:50.889 [DEBUG] [thread-id 1] - Executing function: 'us.functions.cart.verifyTotalAmount'
2024-01-24 11:39:50.890 [DEBUG] [thread-id 1] - Executing function: 'us.functions.utils.scrollIfNotVisible'
2024-01-24 11:40:36.912 [DEBUG] [thread-id 1] - Verify identifier: {//XCUIElementTypeStaticText[contains(@value, "Estimated Total")] | //XCUIElementTypeStaticText[contains(@value, "Estimated total")]=[true]}
2024-01-24 11:41:03.624 [DEBUG] [thread-id 1] - Element already visible, scrolling is skipped
2024-01-24 11:41:03.765 [DEBUG] [thread-id 1] - Resetting scrollPosition variable to default
2024-01-24 11:41:03.765 [DEBUG] [thread-id 1] - Store in: store the value 'null' in the variable 'scrollPosition'
2024-01-24 11:41:03.766 [DEBUG] [thread-id 1] - Store in: store the value 'null' in the variable 'identifierScope'
2024-01-24 11:41:03.766 [DEBUG] [thread-id 1] - Store in: store the value 'null' in the variable 'limit'
2024-01-24 11:41:49.301 [DEBUG] [thread-id 1] - Verify identifier: {//XCUIElementTypeStaticText[contains(@value, "Subtotal (1 item)")]=[true], //XCUIElementTypeStaticText[contains(@label,"Taxes")]=[true], //XCUIElementTypeStaticText[contains(@value, "Estimated Total")] | //XCUIElementTypeStaticText[contains(@value, "Estimated total")]=[true]}
2024-01-24 11:41:49.302 [DEBUG] [thread-id 1] - Executing function: 'us.functions.cart.verifyThresholdFeesDisplay'
2024-01-24 11:41:49.305 [DEBUG] [thread-id 1] - Executing function: 'us.functions.utils.scrollIfNotVisible'
2024-01-24 11:43:03.374 [DEBUG] [thread-id 1] - conditionally execute a flow. condition: true
2024-01-24 11:43:33.433 [DEBUG] [thread-id 1] - Store in: store the value '5' in the variable 'limit'
2024-01-24 11:44:05.452 [DEBUG] [thread-id 1] - Scroll limit set to 5
2024-01-24 11:44:39.848 [DEBUG] [thread-id 1] - conditionally execute a flow. condition: false
2024-01-24 11:45:03.010 [DEBUG] [thread-id 1] - conditionally execute a flow. condition: true
2024-01-24 11:45:26.671 [DEBUG] [thread-id 1] - Scroll: down
2024-01-24 11:48:13.308 [DEBUG] [thread-id 1] - Resetting scrollPosition variable to default
2024-01-24 11:48:13.309 [DEBUG] [thread-id 1] - Store in: store the value 'null' in the variable 'scrollPosition'
2024-01-24 11:48:13.309 [DEBUG] [thread-id 1] - Store in: store the value 'null' in the variable 'identifierScope'
2024-01-24 11:48:13.309 [DEBUG] [thread-id 1] - Store in: store the value 'null' in the variable 'limit'
2024-01-24 11:48:13.314 [DEBUG] [thread-id 1] - Executing function: 'us.functions.utils.fetchAmountDisplayed'
2024-01-24 11:48:13.315 [DEBUG] [thread-id 1] - Fetching only numeric value of given amount/count identifier
2024-01-24 11:48:13.317 [WARN] [thread-id 1] - variable attribute was used, but r2 could not find a value for this variable. returning default of null
2024-01-24 11:48:13.319 [DEBUG] [thread-id 1] - Attribute - null
2024-01-24 11:48:13.320 [WARN] [thread-id 1] - variable attribute was used, but r2 could not find a value for this variable. returning default of null
2024-01-24 11:48:13.322 [DEBUG] [thread-id 1] - conditionally execute a flow. condition: true
2024-01-24 11:49:23.580 [DEBUG] [thread-id 1] - get string: from '//*[@name="POSLineItemView.rightLabel" and contains(@label,"Subtotal")] | //*[@name="POSLineItemView.leftLabel" and contains(@label, "Subtotal") and not(contains(@label, "Old"))]' [type='null']
2024-01-24 11:49:23.744 [DEBUG] [thread-id 1] - Amount displayed value Subtotal (1 item), $21.48
2024-01-24 11:49:23.747 [DEBUG] [thread-id 1] - Execute Node: 'us/test/helpers/splitString.js'
2024-01-24 11:49:24.321 [DEBUG] [thread-id 1] - Execute Node: 'us/test/helpers/splitString.js'
2024-01-24 11:49:24.372 [DEBUG] [thread-id 1] - Store in: store the value 'null' in the variable 'attribute'
2024-01-24 11:49:24.372 [DEBUG] [thread-id 1] - Numeric amount value 21.48
2024-01-24 11:49:24.373 [DEBUG] [thread-id 1] - conditionally execute a flow. condition: false
2024-01-24 11:50:03.284 [DEBUG] [thread-id 1] - conditionally execute a flow. condition: true
2024-01-24 11:50:04.407 [ERROR] [thread-id 1] - org.openqa.selenium.WebDriverException: The test session has already finished, and can't receive further commands. For help please check https://docs.saucelabs.com/dev/error-messages
Build info: version: '4.7.0', revision: '0a5b49d16f'
System info: os.name: 'Mac OS X', os.arch: 'aarch64', os.version: '13.6', java.version: '20.0.1'
Driver info: io.appium.java_client.ios.IOSDriver
Command: [a6cc8c4b69f14ef095d6c8b02c56cf6e, executeScript {script=mobile: queryAppState, args=[{bundleId=com.walmart.beta.electronics}]}]
Capabilities {appium:app: /var/folders/z9/rg8m2_gs5yq..., appium:automationName: XCUITest, appium:backendRetries: 4, appium:bootstrapPath: /Volumes/Sauce/wda/wda-v2.0..., appium:bundleId: com.walmart.beta.electronics, appium:commandTimeout: 600, appium:connectHardwareKeyboard: true, appium:databaseEnabled: false, appium:derivedDataPath: /Volumes/Sauce/wda/wda-v2.0..., appium:deviceName: iPhone 14, appium:eventTimings: true, appium:fullReset: false, appium:idleTimeout: 1000, appium:iosInstallPause: 20000, appium:javascriptEnabled: true, appium:keepKeyChains: true, appium:launchTimeout: 6000000, appium:locationContextEnabled: false, appium:maxTypingFrequency: 8, appium:networkConnectionEnabled: false, appium:newCommandTimeout: 90000, appium:noReset: false, appium:orientation: PORTRAIT, appium:platformVersion: 16.2, appium:preventWDAAttachments: true, appium:processArguments: {env: {config: {"environment":"production"}}}, appium:showIOSLog: false, appium:simulatorPasteboardAutomaticSync: on, appium:takesScreenshot: true, appium:udid: F3CDBC72-83CC-4CC0-A945-0F9..., appium:useNewWDA: true, appium:usePrebuiltWDA: true, appium:waitForQuiescence: false, appium:webStorageEnabled: false, platformName: IOS, sauce:options: {}, selenium:webdriver.remote.quietExceptions: false}
Session ID: a6cc8c4b69f14ef095d6c8b02c56cf6e
2024-01-24 11:50:18.059 [DEBUG] [thread-id 1] - Created report: /Users/m0k0a2f/glass-automation/report/index.html
2024-01-24 12:01:15.376 [DEBUG] [thread-id 1] - Executing R2 3.38.1: '/Users/m0k0a2f/glass-automation/./us/test/test-scripts/ios/prod-flows/Ecomm-And-Fulfillment-Flows/store-single-fulfillment-flows/C2644789-glass-sc-scheduled-delivery.yaml' on device: 'iPhone 14 Simulator'
2024-01-24 12:08:15.512 [DEBUG] [thread-id 1] - Executing scenario: 'Before'
2024-01-24 12:08:15.517 [DEBUG] [thread-id 1] - R2_SUBFLOW_PRE_TRANSACTION
2024-01-24 12:08:17.695 [DEBUG] [thread-id 1] - Using us-errors-helpers.yaml
2024-01-24 12:08:19.937 [DEBUG] [thread-id 1] - Start Main
2024-01-24 12:08:19.942 [DEBUG] [thread-id 1] - Executing function: 'us.functions.global.onboarding.navigateOnboardingToHome'
2024-01-24 12:08:19.946 [DEBUG] [thread-id 1] - Executing function: 'us.function.utils.getEnvironmentValue'
2024-01-24 12:08:19.948 [DEBUG] [thread-id 1] - Store in: store the value 'production' in the variable 'env'
2024-01-24 12:08:19.950 [DEBUG] [thread-id 1] - Timestamp: 1706126899949
2024-01-24 12:08:19.959 [DEBUG] [thread-id 1] - Welcome screen loaded
2024-01-24 12:08:19.961 [DEBUG] [thread-id 1] - Verify identifier: {SignUpNudgeWelcomeViewController.titleLabel=[true]}
2024-01-24 12:08:30.704 [DEBUG] [thread-id 1] - conditionally execute a flow. condition: false
2024-01-24 12:08:34.331 [DEBUG] [thread-id 1] - Click element: 'cta.cancel.welcome'
2024-01-24 12:08:42.702 [DEBUG] [thread-id 1] - Notifiction Prompt screen loaded
2024-01-24 12:08:45.373 [DEBUG] [thread-id 1] - Verify identifier: {NotificationPermissionViewController.titleLabel=[true]}
2024-01-24 12:08:45.871 [DEBUG] [thread-id 1] - Click element: 'cta.cancel.notifications'
2024-01-24 12:08:53.910 [DEBUG] [thread-id 1] - location screen loaded
2024-01-24 12:08:56.332 [DEBUG] [thread-id 1] - Verify identifier: {LocationPermissionViewController.titleLabel=[true], LocationPermissionViewController.bodyLabel=[true]}
2024-01-24 12:08:56.922 [DEBUG] [thread-id 1] - Click element: 'cta.cancel.location'
2024-01-24 12:09:07.570 [DEBUG] [thread-id 1] - Verify identifier: {label.postal-code-entry=[true]}
2024-01-24 12:09:08.443 [DEBUG] [thread-id 1] - Enter text: '95122'
2024-01-24 12:09:26.793 [DEBUG] [thread-id 1] - Click element: 'cta.continue'
2024-01-24 12:09:38.087 [DEBUG] [thread-id 1] - sleep:  3000 milliseconds
2024-01-24 12:09:41.096 [DEBUG] [thread-id 1] - loop: from 0 to 3
2024-01-24 12:09:45.008 [DEBUG] [thread-id 1] - 0
2024-01-24 12:10:01.508 [DEBUG] [thread-id 1] - conditionally execute a flow. condition: false
2024-01-24 12:10:15.857 [DEBUG] [thread-id 1] - Observed IDFA Sscreen
2024-01-24 12:10:18.462 [DEBUG] [thread-id 1] - conditionally execute a flow. condition: true
2024-01-24 12:10:22.428 [DEBUG] [thread-id 1] - Verify identifier: {ATTPermissionViewController.titleLabel=[true], ATTPermissionViewController.bodyLabel=[true]}
2024-01-24 12:10:26.728 [DEBUG] [thread-id 1] - Click element: 'cta.continue.location'
2024-01-24 12:11:07.994 [DEBUG] [thread-id 1] - Click element: '//XCUIElementTypeButton[@name="Ask App Not to Track"] | //XCUIElementTypeButton[@name="Solicitar a la app no rastrear"]'
2024-01-24 12:12:10.056 [DEBUG] [thread-id 1] - conditionally execute a flow. condition: false
2024-01-24 12:12:18.406 [DEBUG] [thread-id 1] - modal is not displayed
2024-01-24 12:12:36.298 [DEBUG] [thread-id 1] - Executing function: 'us.functions.gic.collapseIfExpanded'
2024-01-24 12:12:52.738 [DEBUG] [thread-id 1] - GIC already collapsed
2024-01-24 12:12:52.868 [DEBUG] [thread-id 1] - Executing function: 'us.functions.home.navigateHomeToSignIn'
2024-01-24 12:12:52.869 [DEBUG] [thread-id 1] - sleep:  3000 milliseconds
2024-01-24 12:13:13.363 [DEBUG] [thread-id 1] - Click element: 'tab-account-unselected'
2024-01-24 12:13:22.049 [DEBUG] [thread-id 1] - Verify identifier: {SignInYourAccountTableViewCell.signInButton=[true]}
2024-01-24 12:13:22.051 [DEBUG] [thread-id 1] - loop: from 1 to 3
2024-01-24 12:13:26.682 [DEBUG] [thread-id 1] - conditionally execute a flow. condition: true
2024-01-24 12:13:31.862 [DEBUG] [thread-id 1] - Click element: 'SignInYourAccountTableViewCell.signInButton'
2024-01-24 12:13:57.631 [DEBUG] [thread-id 1] - Verify identifier: {WelcomeView.emailField=[true]}
2024-01-24 12:14:07.984 [DEBUG] [thread-id 1] - Store in: store the value 'true' in the variable 'signInValidated'
2024-01-24 12:14:18.061 [DEBUG] [thread-id 1] - conditionally execute a flow. condition: true
2024-01-24 12:14:28.851 [DEBUG] [thread-id 1] - SignIn page loaded
2024-01-24 12:14:38.687 [DEBUG] [thread-id 1] - Store in: store the value 'false' in the variable 'signInValidated'
2024-01-24 12:14:38.796 [DEBUG] [thread-id 1] - Executing function: 'us.functions.global.authentication.signInAccountCarta'
2024-01-24 12:14:46.169 [DEBUG] [thread-id 1] - conditionally execute a flow. condition: true
2024-01-24 12:14:52.978 [DEBUG] [thread-id 1] - Enter text: 'prod.flow004@cloudtest.org'
2024-01-24 12:15:09.270 [DEBUG] [thread-id 1] - Click element: 'WelcomeView.ctaButton'
2024-01-24 12:15:20.680 [DEBUG] [thread-id 1] - Sign in Field present!!
2024-01-24 12:15:27.415 [DEBUG] [thread-id 1] - conditionally execute a flow. condition: true
2024-01-24 12:15:36.053 [DEBUG] [thread-id 1] - Enter text: 'E2epassword$'
2024-01-24 12:15:50.036 [DEBUG] [thread-id 1] - Click element: 'OTPView.ctaButton'
2024-01-24 12:16:16.019 [DEBUG] [thread-id 1] - Password Field present!!
2024-01-24 12:16:29.370 [DEBUG] [thread-id 1] - conditionally execute a flow. condition: true
2024-01-24 12:16:41.853 [DEBUG] [thread-id 1] - Click element: 'Don’t Allow'
2024-01-24 12:16:48.982 [DEBUG] [thread-id 1] - Login succesful!!
2024-01-24 12:16:49.071 [DEBUG] [thread-id 1] - Executing function: 'us.functions.global.navigation.accountToHome'
2024-01-24 12:16:49.071 [DEBUG] [thread-id 1] - Verify identifier: {Shop=[true]}
2024-01-24 12:16:49.072 [DEBUG] [thread-id 1] - sleep:  2000 milliseconds
2024-01-24 12:16:51.925 [DEBUG] [thread-id 1] - Click element: 'Shop'
2024-01-24 12:16:56.681 [DEBUG] [thread-id 1] - Executing function: 'us.functions.home.closeWPlusPromotionPopUpIfDisplayed'
2024-01-24 12:17:10.653 [DEBUG] [thread-id 1] - Verify identifier: {//XCUIElementTypeButton[@name="SplashPageTermView.primaryButton"]|//XCUIElementTypeButton[@name="WalmartPlusSplashBottomSheet.tryWalmartPlusMemberShipButton"] | //XCUIElementTypeButton[@label="Try your rewards benefit"] | //XCUIElementTypeButton[@name="BenefitEngagementTempoContainerView.primaryButton"]=[true]}
2024-01-24 12:17:20.601 [DEBUG] [thread-id 1] - Click element: '//XCUIElementTypeButton[@name="SplashPageViewController.closeButton" or contains(@label, "Close Walmart plus promotional pop up")] | //XCUIElementTypeNavigationBar[@name="WalmartPlus.SplashPageView"]/XCUIElementTypeButton | //XCUIElementTypeButton[@name="close" or @name="Close"] | //XCUIElementTypeButton[@name="SplashPageViewController.fullScreenCloseButton"] | //XCUIElementTypeButton[@name="MultiSplashViewController.fullScreenCloseButton"]'
2024-01-24 12:17:27.360 [DEBUG] [thread-id 1] - Verify identifier: {Search Walmart=[true]}
2024-01-24 12:17:27.365 [DEBUG] [thread-id 1] - Executing function: 'us.functions.global.navigation.toCartFromNavBar'
2024-01-24 12:17:29.537 [DEBUG] [thread-id 1] - Verify identifier: {//XCUIElementTypeButton[contains(@label, "Your cart")] | //XCUIElementTypeButton[(@name="SearchResultsViewController.cartButton") or (contains(@label,"Your cart contains") and contains(@label,"The estimated total is")) or (@label="Your cart is empty")]=[true]}
2024-01-24 12:17:32.419 [DEBUG] [thread-id 1] - Click element: '//XCUIElementTypeButton[contains(@label, "Your cart")] | //XCUIElementTypeButton[(@name="SearchResultsViewController.cartButton") or (contains(@label,"Your cart contains") and contains(@label,"The estimated total is")) or (@label="Your cart is empty")]'
2024-01-24 12:18:25.481 [DEBUG] [thread-id 1] - Verify identifier: {//XCUIElementTypeStaticText[@name="CartDetailsViewController.headerCartLabel"] | //XCUIElementTypeStaticText[@name="CartEmptyStateViewController.titleLabel" and not(contains(@label,"We're sorry!"))]=[true]}
2024-01-24 12:18:25.597 [DEBUG] [thread-id 1] - Executing function: 'us.functions.cart.removeUnavailableItemsFromCart'
2024-01-24 12:18:50.527 [DEBUG] [thread-id 1] - Executing function: 'us.functions.cart.removeAllCartItems'
2024-01-24 12:18:50.529 [DEBUG] [thread-id 1] - Executing function: 'us.functions.cart.storeChangePopUp'
2024-01-24 12:19:12.918 [DEBUG] [thread-id 1] - Executing function: 'us.functions.cart.seeDetails'
2024-01-24 12:19:12.919 [DEBUG] [thread-id 1] - loop: from 0 to 3
2024-01-24 12:19:35.344 [DEBUG] [thread-id 1] - 0
2024-01-24 12:20:54.461 [DEBUG] [thread-id 1] - No See details in Cart
2024-01-24 12:21:16.508 [DEBUG] [thread-id 1] - loop: from 0 to 5
2024-01-24 12:21:37.708 [DEBUG] [thread-id 1] - 0
2024-01-24 12:21:58.791 [DEBUG] [thread-id 1] - Executing function: 'us.functions.cart.storeChangePopUp'
2024-01-24 12:22:47.809 [DEBUG] [thread-id 1] - Executing function: 'us.functions.cart.walmartAssistantPopup'
2024-01-24 12:24:16.294 [DEBUG] [thread-id 1] - Smart Budge view not displayed
2024-01-24 12:25:19.408 [DEBUG] [thread-id 1] - Verify identifier: {//XCUIElementTypeButton[contains(@label, "Remove and continue")] | //XCUIElementTypeButton[@name="Remove" or @name = "CartItemTileView.remove"]=[true]}
2024-01-24 12:26:46.906 [DEBUG] [thread-id 1] - Click element: '//XCUIElementTypeButton[contains(@label, "Remove and continue")] | //XCUIElementTypeButton[@name="Remove" or @name = "CartItemTileView.remove"]'
2024-01-24 12:27:10.395 [DEBUG] [thread-id 1] - 1
2024-01-24 12:28:24.448 [DEBUG] [thread-id 1] - Smart Budge view not displayed
2024-01-24 12:28:56.531 [DEBUG] [thread-id 1] - No Items in Cart to Remove
2024-01-24 12:29:08.933 [DEBUG] [thread-id 1] - Executing function: 'us.functions.global.navigation.backNavigation'
2024-01-24 12:29:08.934 [DEBUG] [thread-id 1] - sleep:  3000 milliseconds
2024-01-24 12:29:24.343 [DEBUG] [thread-id 1] - Click element: '//XCUIElementTypeButton[@name="Back" or @label="Back"] | //XCUIElementTypeButton[@name="Shop"] | //XCUIElementTypeButton[@name="Home"]| //XCUIElementTypeButton[@name="Registries"] | //XCUIElementTypeButton[@name="My Items"]'
2024-01-24 12:29:30.008 [DEBUG] [thread-id 1] - Executing function: 'us.functions.home.setStore'
2024-01-24 12:29:30.015 [DEBUG] [thread-id 1] - conditionally execute a flow. condition: true
2024-01-24 12:29:41.952 [DEBUG] [thread-id 1] - Executing function: 'us.functions.home.changeStore'
2024-01-24 12:29:41.953 [DEBUG] [thread-id 1] - Executing function: 'us.functions.home.closeWPlusPromotionPopUpIfDisplayed'
2024-01-24 12:29:56.004 [DEBUG] [thread-id 1] - No Wplus pop up displayed
2024-01-24 12:29:56.136 [DEBUG] [thread-id 1] - Executing function: 'us.functions.gic.expandIfCollapsed'
2024-01-24 12:30:06.359 [DEBUG] [thread-id 1] - Verify identifier: {//*[contains(@label,"Collapsed")] | //*[contains(@name,"Collapsed")]=[true]}
2024-01-24 12:30:15.866 [DEBUG] [thread-id 1] - Click element: '//*[contains(@label,"Collapsed")] | //*[contains(@name,"Collapsed")]'
2024-01-24 12:30:20.503 [WARN] [thread-id 1] - variable storeOnly was used, but r2 could not find a value for this variable. returning default of null
2024-01-24 12:30:20.508 [DEBUG] [thread-id 1] - conditionally execute a flow. condition: true
2024-01-24 12:30:42.136 [DEBUG] [thread-id 1] - conditionally execute a flow. condition: false
2024-01-24 12:31:02.136 [DEBUG] [thread-id 1] - Click element: '//XCUIElementTypeButton[@name="GlobalIntentCenter.Pickup"] | //XCUIElementTypeButton[contains(@name, "Pickup") and contains(@name,"1 of 2")]'
2024-01-24 12:31:20.035 [DEBUG] [thread-id 1] - Pickup intent selected
2024-01-24 12:31:26.652 [DEBUG] [thread-id 1] - Click element: '//XCUIElementTypeCollectionView[@name="GlobalIntentCenterViewController.collectionView"]//XCUIElementTypeCell[position()=last()-2 or position()=last()-1]//*[@name="GlobalIntentCenter.FullLocation" and contains(@label,"Pickup")] | //XCUIElementTypeOther[@name="LayoutableChildStackViewController.stackView"]/XCUIElementTypeOther[position()=last()]//XCUIElementTypeOther[@name="HoTLocationsItemDetailsView.containerView"]'
2024-01-24 12:31:56.884 [DEBUG] [thread-id 1] - conditionally execute a flow. condition: false
2024-01-24 12:32:39.023 [DEBUG] [thread-id 1] - Enter text: '95122'
2024-01-24 12:33:37.108 [DEBUG] [thread-id 1] - Click element: '(//XCUIElementTypeButton[@name="StoreSelectionCell.radioButton"])[1] | (//XCUIElementTypeOther[@name="StoreSelectionCell.radioLabelsStackView"])[1]'
2024-01-24 12:34:17.685 [DEBUG] [thread-id 1] - Click element: '//XCUIElementTypeButton[@name="SaveStoreSelectionView.saveButton"]'
2024-01-24 12:34:35.883 [DEBUG] [thread-id 1] - Executing function: 'us.functions.utils.handleTechnicalErrorPopup'
2024-01-24 12:34:35.885 [DEBUG] [thread-id 1] - Store in: store the value 'false' in the variable 'errorRemoved'
2024-01-24 12:34:35.886 [DEBUG] [thread-id 1] - sleep:  5000 milliseconds
2024-01-24 12:34:40.899 [DEBUG] [thread-id 1] - loop: from 0 to 3
2024-01-24 12:34:44.110 [DEBUG] [thread-id 1] - 0
2024-01-24 12:34:58.405 [DEBUG] [thread-id 1] - conditionally execute a flow. condition: false
2024-01-24 12:35:02.381 [DEBUG] [thread-id 1] - Store in: store the value 'true' in the variable 'errorRemoved'
2024-01-24 12:35:06.467 [DEBUG] [thread-id 1] - No Technical Error Pop up observed
2024-01-24 12:35:24.085 [DEBUG] [thread-id 1] - sleep:  2000 milliseconds
2024-01-24 12:35:27.503 [DEBUG] [thread-id 1] - conditionally execute a flow. condition: true
2024-01-24 12:35:31.475 [DEBUG] [thread-id 1] - Executing function: 'us.functions.gic.collapseIfExpanded'
2024-01-24 12:35:37.849 [DEBUG] [thread-id 1] - Verify identifier: {//*[contains(@label,"Expanded")] | //*[contains(@name,"Expanded")]=[true]}
2024-01-24 12:35:41.703 [DEBUG] [thread-id 1] - Collapsing GIC screen
2024-01-24 12:35:48.843 [DEBUG] [thread-id 1] - Click element: '//*[contains(@label,"Expanded")] | //*[contains(@name,"Expanded")]'
2024-01-24 12:35:59.197 [DEBUG] [thread-id 1] - Verify identifier: {//*[contains(@label,"Collapsed")] | //*[contains(@name,"Collapsed")]=[true]}
2024-01-24 12:35:59.416 [DEBUG] [thread-id 1] - Executing function: 'us.functions.search.searchItem'
2024-01-24 12:35:59.417 [DEBUG] [thread-id 1] - Verify identifier: {Search=[true]}
2024-01-24 12:36:00.472 [DEBUG] [thread-id 1] - Click element: 'Search'
2024-01-24 12:36:06.930 [DEBUG] [thread-id 1] - Verify identifier: {Search Walmart=[true]}
2024-01-24 12:36:10.589 [DEBUG] [thread-id 1] - Click element: 'Search Walmart'
2024-01-24 12:36:14.228 [DEBUG] [thread-id 1] - Enter text: 'tshirt pack'
2024-01-24 12:36:25.819 [DEBUG] [thread-id 1] - Executing function: 'us.functions.search.closeHowDoYouWantYourOrderBottomTray'
2024-01-24 12:36:42.351 [DEBUG] [thread-id 1] - How do you want pop up not displayed
2024-01-24 12:36:54.773 [DEBUG] [thread-id 1] - Executing function: 'us.functions.utils.scrollIfNotVisible'
2024-01-24 12:37:01.033 [DEBUG] [thread-id 1] - Verify identifier: {(//XCUIElementTypeButton[@name="GlassProductTile.mainStackView"])[1] | //XCUIElementTypeOther[contains(@name,"ProductImageView.stackView")] | //*[contains(@name,"ProductSectionCoordinator_searchPrimaryProductCell")] | //XCUIElementTypeCell[contains(@name,"ProductSectionCoordinator_searchPrimaryProductCell_indexPath")] | (//XCUIElementTypeOther[@name="ProductImageView.stackView"])[1] | (//XCUIElementTypeButton[@name="GlassProductTile.mainStackView"])[2]=[true]}
2024-01-24 12:37:05.067 [DEBUG] [thread-id 1] - Element already visible, scrolling is skipped
2024-01-24 12:37:05.174 [DEBUG] [thread-id 1] - Resetting scrollPosition variable to default
2024-01-24 12:37:05.175 [DEBUG] [thread-id 1] - Store in: store the value 'null' in the variable 'scrollPosition'
2024-01-24 12:37:05.176 [DEBUG] [thread-id 1] - Store in: store the value 'null' in the variable 'identifierScope'
2024-01-24 12:37:05.176 [DEBUG] [thread-id 1] - Store in: store the value 'null' in the variable 'limit'
2024-01-24 12:37:07.170 [DEBUG] [thread-id 1] - conditionally execute a flow. condition: true
2024-01-24 12:37:10.853 [DEBUG] [thread-id 1] - successfully found an item for the above search criterion
2024-01-24 12:37:10.990 [DEBUG] [thread-id 1] - Executing function: 'us.functions.gic.changeFulfillment'
2024-01-24 12:37:10.993 [DEBUG] [thread-id 1] - Executing function: 'us.functions.gic.expandIfCollapsed'
2024-01-24 12:37:18.115 [DEBUG] [thread-id 1] - Verify identifier: {//*[contains(@label,"Collapsed")] | //*[contains(@name,"Collapsed")]=[true]}
2024-01-24 12:37:25.598 [DEBUG] [thread-id 1] - Click element: '//*[contains(@label,"Collapsed")] | //*[contains(@name,"Collapsed")]'
2024-01-24 12:37:29.279 [DEBUG] [thread-id 1] - Executing function: 'us.functions.gic.setFulfillment'
2024-01-24 12:37:39.353 [DEBUG] [thread-id 1] - conditionally execute a flow. condition: false
2024-01-24 12:38:01.067 [DEBUG] [thread-id 1] - Click element: '//XCUIElementTypeButton[@name="GlobalIntentCenter.Delivery"] | //XCUIElementTypeButton[contains(@name, "Delivery") ]'
2024-01-24 12:38:29.295 [DEBUG] [thread-id 1] - Delivery intent selected
2024-01-24 12:38:33.927 [DEBUG] [thread-id 1] - sleep:  3000 milliseconds
2024-01-24 12:38:37.046 [DEBUG] [thread-id 1] - Executing function: 'us.functions.gic.collapseIfExpanded'
2024-01-24 12:38:43.071 [DEBUG] [thread-id 1] - Verify identifier: {//*[contains(@label,"Expanded")] | //*[contains(@name,"Expanded")]=[true]}
2024-01-24 12:38:46.556 [DEBUG] [thread-id 1] - Collapsing GIC screen
2024-01-24 12:38:52.002 [DEBUG] [thread-id 1] - Click element: '//*[contains(@label,"Expanded")] | //*[contains(@name,"Expanded")]'
2024-01-24 12:38:54.472 [DEBUG] [thread-id 1] - Executing function: 'us.functions.search.clickOnFirstItem'
2024-01-24 12:38:54.476 [WARN] [thread-id 1] - variable subFilter was used, but r2 could not find a value for this variable. returning default of null
2024-01-24 12:38:54.481 [DEBUG] [thread-id 1] - conditionally execute a flow. condition: false
2024-01-24 12:38:57.104 [DEBUG] [thread-id 1] - conditionally execute a flow. condition: true
2024-01-24 12:39:00.026 [DEBUG] [thread-id 1] - Executing function: 'us.functions.utils.scrollIfNotVisible'
2024-01-24 12:39:12.416 [DEBUG] [thread-id 1] - Scroll limit set to 10
2024-01-24 12:39:15.690 [DEBUG] [thread-id 1] - conditionally execute a flow. condition: false
2024-01-24 12:39:18.547 [DEBUG] [thread-id 1] - conditionally execute a flow. condition: true
2024-01-24 12:39:21.363 [DEBUG] [thread-id 1] - Scroll: down
2024-01-24 12:39:43.710 [DEBUG] [thread-id 1] - Resetting scrollPosition variable to default
2024-01-24 12:39:43.711 [DEBUG] [thread-id 1] - Store in: store the value 'null' in the variable 'scrollPosition'
2024-01-24 12:39:43.711 [DEBUG] [thread-id 1] - Store in: store the value 'null' in the variable 'identifierScope'
2024-01-24 12:39:43.712 [DEBUG] [thread-id 1] - Store in: store the value 'null' in the variable 'limit'
2024-01-24 12:39:48.035 [DEBUG] [thread-id 1] - Click element: '//XCUIElementTypeCell[contains(@name,"ProductSectionCoordinator_searchPrimaryProductCell_indexPath")]/XCUIElementTypeOther/XCUIElementTypeOther[1]/XCUIElementTypeButton[not(contains(@label, "Sponsored")) and (contains(@label, "reviews"))][1] | //*[contains(@name,"GlassProductTile.mainStackView") and not(contains(@label, "Sponsored")) and (contains(@label, "reviews"))] | //XCUIElementTypeCell[contains(@name,"ProductSectionCoordinator_searchPrimaryProductCell_indexPath")]/XCUIElementTypeOther/XCUIElementTypeOther[1]/XCUIElementTypeButton[1][not(contains(@label, "Sponsored"))]'
2024-01-24 12:41:25.234 [DEBUG] [thread-id 1] - check if item details page is showing
2024-01-24 12:41:25.359 [DEBUG] [thread-id 1] - Executing function: 'us.functions.item.addItemToCart'
2024-01-24 12:42:18.662 [DEBUG] [thread-id 1] - Verify identifier: {stepper.mainButton=[true]}
2024-01-24 12:43:49.351 [DEBUG] [thread-id 1] - Click element: 'stepper.mainButton'
2024-01-24 12:44:28.080 [WARN] [thread-id 1] - variable qty was used, but r2 could not find a value for this variable. returning default of null
2024-01-24 12:44:28.081 [WARN] [thread-id 1] - variable qty was used, but r2 could not find a value for this variable. returning default of null
2024-01-24 12:46:11.072 [DEBUG] [thread-id 1] - Verify identifier: {//XCUIElementTypeStaticText[@name="1 added"]| //XCUIElementTypeOther[@name="add-to-cart-button"] | //XCUIElementTypeStaticText[@label="null"] | Max 1=[true]}
2024-01-24 12:46:11.077 [WARN] [thread-id 1] - variable skipPostAddToCartSteps was used, but r2 could not find a value for this variable. returning default of null
2024-01-24 12:46:11.078 [DEBUG] [thread-id 1] - conditionally execute a flow. condition: true
2024-01-24 12:47:30.154 [DEBUG] [thread-id 1] - Executing function: 'us.functions.item.postAddToCartSteps'
2024-01-24 12:50:56.302 [DEBUG] [thread-id 1] - No ACC pop up screen displayed
2024-01-24 12:53:39.659 [DEBUG] [thread-id 1] - Click element: '//XCUIElementTypeButton[@name="Close"]'
2024-01-24 12:56:02.289 [DEBUG] [thread-id 1] - Click element: '//XCUIElementTypeButton[@name="Close"] | //XCUIElementTypeButton[@label="Close"]'
2024-01-24 12:56:22.341 [DEBUG] [thread-id 1] - Executing function: 'us.functions.item.closeItemPage'
2024-01-24 12:56:50.038 [DEBUG] [thread-id 1] - PAC not found
2024-01-24 12:57:14.538 [DEBUG] [thread-id 1] - Item page closed
2024-01-24 12:57:17.534 [WARN] [thread-id 1] - break reached without loop, this may be an error in your flow.
2024-01-24 12:57:17.759 [DEBUG] [thread-id 1] - Verify identifier: {Your cart is empty=[true]}
2024-01-24 12:57:17.761 [DEBUG] [thread-id 1] - Store in: store the value 'false' in the variable 'skipPostAddToCartSteps'
2024-01-24 12:57:17.762 [DEBUG] [thread-id 1] - Store in: store the value 'false' in the variable 'apiFetch'
2024-01-24 12:57:17.764 [DEBUG] [thread-id 1] - Store in: store the value 'null' in the variable 'itemDataDetails'
2024-01-24 12:57:17.765 [DEBUG] [thread-id 1] - R2_SUBFLOW_TRANSACTION
2024-01-24 12:57:17.766 [DEBUG] [thread-id 1] - Executing function: 'us.functions.global.navigation.toCartFromNavBar'
2024-01-24 12:57:19.668 [DEBUG] [thread-id 1] - Verify identifier: {//XCUIElementTypeButton[contains(@label, "Your cart")] | //XCUIElementTypeButton[(@name="SearchResultsViewController.cartButton") or (contains(@label,"Your cart contains") and contains(@label,"The estimated total is")) or (@label="Your cart is empty")]=[true]}
2024-01-24 12:57:21.491 [DEBUG] [thread-id 1] - Click element: '//XCUIElementTypeButton[contains(@label, "Your cart")] | //XCUIElementTypeButton[(@name="SearchResultsViewController.cartButton") or (contains(@label,"Your cart contains") and contains(@label,"The estimated total is")) or (@label="Your cart is empty")]'
2024-01-24 12:58:22.266 [DEBUG] [thread-id 1] - Verify identifier: {//XCUIElementTypeStaticText[@name="CartDetailsViewController.headerCartLabel"] | //XCUIElementTypeStaticText[@name="CartEmptyStateViewController.titleLabel" and not(contains(@label,"We're sorry!"))]=[true]}
2024-01-24 12:58:22.421 [DEBUG] [thread-id 1] - Executing function: 'us.functions.selectBookingSlot'
2024-01-24 12:58:22.424 [DEBUG] [thread-id 1] - Store in: store the value '1' in the variable 'slotIndex'
2024-01-24 12:58:22.426 [DEBUG] [thread-id 1] - Store in: store the value '3' in the variable 'slotIndex2'
2024-01-24 12:58:22.429 [WARN] [thread-id 1] - variable timeSlot was used, but r2 could not find a value for this variable. returning default of null
2024-01-24 12:58:22.430 [DEBUG] [thread-id 1] - conditionally execute a flow. condition: true
2024-01-24 12:58:47.262 [DEBUG] [thread-id 1] - Store in: store the value 'generic' in the variable 'timeSlot'
2024-01-24 12:58:47.377 [DEBUG] [thread-id 1] - Executing function: 'us.functions.loadBookingSlotScreenBasics'
2024-01-24 12:58:47.379 [DEBUG] [thread-id 1] - ------ Loading booking slot screen ------
2024-01-24 12:58:47.383 [DEBUG] [thread-id 1] - conditionally execute a flow. condition: false
2024-01-24 12:59:11.229 [DEBUG] [thread-id 1] - conditionally execute a flow. condition: true
2024-01-24 12:59:33.862 [DEBUG] [thread-id 1] - ------ Loading booking slot screen from cart page ------
2024-01-24 12:59:55.350 [DEBUG] [thread-id 1] - Executing function: 'us.functions.cart.scrollToTopOfCart'
2024-01-24 12:59:55.350 [DEBUG] [thread-id 1] - -------Scroll to top of cart page function start-------
2024-01-24 13:00:31.633 [DEBUG] [thread-id 1] - Verify identifier: {//XCUIElementTypeStaticText[@name="CartDetailsViewController.headerCartLabel"] | //XCUIElementTypeStaticText[@name="CartEmptyStateViewController.titleLabel" and not(contains(@label,"We're sorry!"))]=[true]}
2024-01-24 13:01:15.742 [DEBUG] [thread-id 1] - Executing function: 'us.functions.utils.scrollIfNotVisible'
2024-01-24 13:01:43.438 [DEBUG] [thread-id 1] - Verify identifier: {FulfillmentSummaryView.titlePrefixLabel=[true]}
2024-01-24 13:02:04.177 [DEBUG] [thread-id 1] - Element already visible, scrolling is skipped
2024-01-24 13:02:04.301 [DEBUG] [thread-id 1] - Resetting scrollPosition variable to default
2024-01-24 13:02:04.302 [DEBUG] [thread-id 1] - Store in: store the value 'null' in the variable 'scrollPosition'
2024-01-24 13:02:04.302 [DEBUG] [thread-id 1] - Store in: store the value 'null' in the variable 'identifierScope'
2024-01-24 13:02:04.302 [DEBUG] [thread-id 1] - Store in: store the value 'null' in the variable 'limit'
2024-01-24 13:02:04.405 [DEBUG] [thread-id 1] - -------Scroll to top of cart page function end-------
2024-01-24 13:02:24.666 [DEBUG] [thread-id 1] - Executing function: 'us.functions.utils.scrollIfNotVisible'
2024-01-24 13:03:02.362 [DEBUG] [thread-id 1] - Verify identifier: {//XCUIElementTypeButton[@name="FulfillmentSummaryView.actionButton" and not(contains(@label,"See Options"))] | //*[contains(@label,"Reserve a new time")]=[true]}
2024-01-24 13:03:23.128 [DEBUG] [thread-id 1] - Element already visible, scrolling is skipped
2024-01-24 13:03:23.258 [DEBUG] [thread-id 1] - Resetting scrollPosition variable to default
2024-01-24 13:03:23.259 [DEBUG] [thread-id 1] - Store in: store the value 'null' in the variable 'scrollPosition'
2024-01-24 13:03:23.259 [DEBUG] [thread-id 1] - Store in: store the value 'null' in the variable 'identifierScope'
2024-01-24 13:03:23.259 [DEBUG] [thread-id 1] - Store in: store the value 'null' in the variable 'limit'
2024-01-24 13:04:01.843 [DEBUG] [thread-id 1] - Verify identifier: {//XCUIElementTypeButton[@name="FulfillmentSummaryView.actionButton" and not(contains(@label,"See Options"))] | //*[contains(@label,"Reserve a new time")]=[true]}
2024-01-24 13:04:38.093 [DEBUG] [thread-id 1] - Click element: '//XCUIElementTypeButton[@name="FulfillmentSummaryView.actionButton" and not(contains(@label,"See Options"))] | //*[contains(@label,"Reserve a new time")]'
2024-01-24 13:05:47.656 [DEBUG] [thread-id 1] - Slot page loaded
2024-01-24 13:06:26.654 [DEBUG] [thread-id 1] - ------ Loading delivery tab ------
2024-01-24 13:06:26.658 [DEBUG] [thread-id 1] - conditionally execute a flow. condition: false
2024-01-24 13:07:04.436 [DEBUG] [thread-id 1] - Click element: '//XCUIElementTypeButton[@name="Delivery from store"]'
2024-01-24 13:07:42.504 [DEBUG] [thread-id 1] - conditionally execute a flow. condition: true
2024-01-24 13:08:08.234 [DEBUG] [thread-id 1] - New address is to be added
2024-01-24 13:08:34.856 [WARN] [thread-id 1] - variable addressAdded was used, but r2 could not find a value for this variable. returning default of null
2024-01-24 13:08:34.857 [DEBUG] [thread-id 1] - conditionally execute a flow. condition: false
2024-01-24 13:09:00.993 [DEBUG] [thread-id 1] - ------ Adding address ------
2024-01-24 13:09:59.330 [WARN] [thread-id 1] - variable skipSlotPage was used, but r2 could not find a value for this variable. returning default of null
2024-01-24 13:09:59.333 [DEBUG] [thread-id 1] - conditionally execute a flow. condition: false
2024-01-24 13:10:34.025 [WARN] [thread-id 1] - variable wplusUser was used, but r2 could not find a value for this variable. returning default of null
2024-01-24 13:10:34.025 [WARN] [thread-id 1] - variable wplusUser was used, but r2 could not find a value for this variable. returning default of null
2024-01-24 13:11:41.823 [DEBUG] [thread-id 1] - Executing function: 'us.functions.selectTimeSlotBasics'
2024-01-24 13:11:41.825 [DEBUG] [thread-id 1] - conditionally execute a flow. condition: true
2024-01-24 13:12:13.829 [DEBUG] [thread-id 1] - ------Selecting general time slot------
2024-01-24 13:12:59.181 [DEBUG] [thread-id 1] - conditionally execute a flow. condition: true
2024-01-24 13:13:50.900 [DEBUG] [thread-id 1] - Click element: '(//XCUIElementTypeButton[@name="SlotHoursCell.slotHoursView"])[3]'
2024-01-24 13:14:02.792 [DEBUG] [thread-id 1] - ------ Slot time selection completed ------
2024-01-24 13:14:37.770 [DEBUG] [thread-id 1] - Executing function: 'us.mappings.confirmSlotSelectionBasics'
2024-01-24 13:14:37.771 [DEBUG] [thread-id 1] - loop: from 0 to 2
2024-01-24 13:15:28.525 [DEBUG] [thread-id 1] - Click element: '//XCUIElementTypeButton[@name="ReserveSlotView.saveButton"]'
2024-01-24 13:18:06.957 [DEBUG] [thread-id 1] - Executing function: 'us.functions.cart.continueMissingAnythingScreen'
2024-01-24 13:19:27.929 [DEBUG] [thread-id 1] - Missing anything popup not displayed
2024-01-24 13:20:06.810 [DEBUG] [thread-id 1] - Slot saved
2024-01-24 13:20:45.921 [DEBUG] [thread-id 1] - ------ Slot selection saved ------
2024-01-24 13:20:46.068 [DEBUG] [thread-id 1] - Executing function: 'us.functions.cart.oos.moveItemToSfl'
2024-01-24 13:21:05.246 [DEBUG] [thread-id 1] - conditionally execute a flow. condition: false
2024-01-24 13:21:34.763 [DEBUG] [thread-id 1] - Item is Available
2024-01-24 13:21:34.891 [DEBUG] [thread-id 1] - Executing function: 'us.functions.cart.verifyCardDetails'
2024-01-24 13:21:34.895 [DEBUG] [thread-id 1] - Executing function: 'us.functions.utils.getFulfillmentTextsToCompare'
2024-01-24 13:21:34.898 [WARN] [thread-id 1] - variable altFulfillmentText was used, but r2 could not find a value for this variable. returning default of null
2024-01-24 13:21:34.900 [DEBUG] [thread-id 1] - conditionally execute a flow. condition: true
2024-01-24 13:22:04.384 [DEBUG] [thread-id 1] - conditionally execute a flow. condition: false
2024-01-24 13:22:33.458 [DEBUG] [thread-id 1] - conditionally execute a flow. condition: false
2024-01-24 13:23:16.342 [DEBUG] [thread-id 1] - conditionally execute a flow. condition: true
2024-01-24 13:24:06.102 [DEBUG] [thread-id 1] - Store in: store the value 'delivery' in the variable 'altFulfillmentText'
2024-01-24 13:24:06.775 [DEBUG] [thread-id 1] - -------Validate Delivery cart details function start-------
2024-01-24 13:24:06.778 [WARN] [thread-id 1] - variable initialCartDataSetup was used, but r2 could not find a value for this variable. returning default of null
2024-01-24 13:24:06.779 [DEBUG] [thread-id 1] - conditionally execute a flow. condition: true
2024-01-24 13:24:54.027 [DEBUG] [thread-id 1] - sleep:  3000 milliseconds
2024-01-24 13:26:18.994 [DEBUG] [thread-id 1] - conditionally execute a flow. condition: true
2024-01-24 13:27:02.690 [DEBUG] [thread-id 1] - Cart page displayed
2024-01-24 13:27:47.901 [WARN] [thread-id 1] - variable validationScope was used, but r2 could not find a value for this variable. returning default of null
2024-01-24 13:28:33.058 [DEBUG] [thread-id 1] - Store in: store the value 'complete' in the variable 'initialCartDataSetup'
2024-01-24 13:29:45.858 [DEBUG] [thread-id 1] - Verify identifier: {//XCUIElementTypeStaticText[@name="FulfillmentSummaryView.titlePrefixLabel" and (contains(@label,"Delivery") or contains(@label,"delivery"))]=[true]}
2024-01-24 13:29:46.039 [WARN] [thread-id 1] - variable validationScope was used, but r2 could not find a value for this variable. returning default of null
2024-01-24 13:29:46.039 [DEBUG] [thread-id 1] - conditionally execute a flow. condition: false
2024-01-24 13:30:34.983 [DEBUG] [thread-id 1] - Basic Delivery fulfillment section validation done
2024-01-24 13:30:35.132 [WARN] [thread-id 1] - variable unscheduled was used, but r2 could not find a value for this variable. returning default of null
2024-01-24 13:30:35.135 [WARN] [thread-id 1] - variable partialCheckout was used, but r2 could not find a value for this variable. returning default of null
2024-01-24 13:30:35.138 [DEBUG] [thread-id 1] - Store in: store the value 'null' in the variable 'altFulfillmentText'
2024-01-24 13:30:35.140 [DEBUG] [thread-id 1] - Store in: store the value 'null' in the variable 'validationScope'
2024-01-24 13:30:35.141 [DEBUG] [thread-id 1] - Store in: store the value 'false' in the variable 'unscheduled'
2024-01-24 13:30:35.142 [DEBUG] [thread-id 1] - Store in: store the value 'false' in the variable 'partialCheckout'
2024-01-24 13:30:35.143 [DEBUG] [thread-id 1] - -------Validate Delivery cart details function end-------
2024-01-24 13:30:35.145 [DEBUG] [thread-id 1] - Executing function: 'us.functions.cart.verifyTotalAmount'
2024-01-24 13:30:35.147 [DEBUG] [thread-id 1] - Executing function: 'us.functions.utils.scrollIfNotVisible'
2024-01-24 13:32:14.649 [DEBUG] [thread-id 1] - conditionally execute a flow. condition: true
2024-01-24 13:32:45.022 [DEBUG] [thread-id 1] - Store in: store the value '5' in the variable 'limit'
2024-01-24 13:33:15.662 [DEBUG] [thread-id 1] - Scroll limit set to 5
2024-01-24 13:33:44.754 [DEBUG] [thread-id 1] - conditionally execute a flow. condition: true
2024-01-24 13:34:12.921 [DEBUG] [thread-id 1] - conditionally execute a flow. condition: true
2024-01-24 13:34:43.568 [DEBUG] [thread-id 1] - Scroll: down
2024-01-24 13:38:12.221 [ERROR] [thread-id 1] - org.openqa.selenium.json.JsonException: Unable to parse: The test with session id ee048d22a81143f095a26cb5a3469f45 has already finished, and can't receive further commands.
For help, please check https://docs.saucelabs.com/dev/error-messages
2024-01-24 13:38:22.121 [DEBUG] [thread-id 1] - Created report: /Users/m0k0a2f/glass-automation/report/index.html
2024-01-24 16:26:05.182 [DEBUG] [thread-id 1] - Executing R2 3.38.1: '/Users/m0k0a2f/glass-automation/./us/test/test-scripts/ios/prod-flows/Ecomm-And-Fulfillment-Flows/store-single-fulfillment-flows/C2644789-glass-sc-scheduled-delivery.yaml' on device: 'iPhone 14 Simulator'
2024-01-24 16:29:57.287 [DEBUG] [thread-id 1] - Executing scenario: 'Before'
2024-01-24 16:29:57.294 [DEBUG] [thread-id 1] - R2_SUBFLOW_PRE_TRANSACTION
2024-01-24 16:29:59.337 [DEBUG] [thread-id 1] - Using us-errors-helpers.yaml
2024-01-24 16:30:01.321 [DEBUG] [thread-id 1] - Start Main
2024-01-24 16:30:01.334 [DEBUG] [thread-id 1] - Executing function: 'us.functions.global.onboarding.navigateOnboardingToHome'
2024-01-24 16:30:01.337 [DEBUG] [thread-id 1] - Executing function: 'us.function.utils.getEnvironmentValue'
2024-01-24 16:30:01.338 [DEBUG] [thread-id 1] - Store in: store the value 'production' in the variable 'env'
2024-01-24 16:30:01.339 [DEBUG] [thread-id 1] - Timestamp: 1706142601339
2024-01-24 16:30:01.354 [DEBUG] [thread-id 1] - Welcome screen loaded
2024-01-24 16:30:01.358 [DEBUG] [thread-id 1] - Verify identifier: {SignUpNudgeWelcomeViewController.titleLabel=[true]}
2024-01-24 16:30:12.076 [DEBUG] [thread-id 1] - conditionally execute a flow. condition: false
2024-01-24 16:30:15.538 [DEBUG] [thread-id 1] - Click element: 'cta.cancel.welcome'
2024-01-24 16:30:23.720 [DEBUG] [thread-id 1] - Notifiction Prompt screen loaded
2024-01-24 16:30:25.993 [DEBUG] [thread-id 1] - Verify identifier: {NotificationPermissionViewController.titleLabel=[true]}
2024-01-24 16:30:26.431 [DEBUG] [thread-id 1] - Click element: 'cta.cancel.notifications'
2024-01-24 16:30:33.631 [DEBUG] [thread-id 1] - location screen loaded
2024-01-24 16:30:35.985 [DEBUG] [thread-id 1] - Verify identifier: {LocationPermissionViewController.titleLabel=[true], LocationPermissionViewController.bodyLabel=[true]}
2024-01-24 16:30:36.496 [DEBUG] [thread-id 1] - Click element: 'cta.cancel.location'
2024-01-24 16:30:45.539 [DEBUG] [thread-id 1] - Verify identifier: {label.postal-code-entry=[true]}
2024-01-24 16:30:46.067 [DEBUG] [thread-id 1] - Enter text: '95122'
2024-01-24 16:30:58.416 [DEBUG] [thread-id 1] - Click element: 'cta.continue'
2024-01-24 16:31:05.420 [DEBUG] [thread-id 1] - sleep:  3000 milliseconds
2024-01-24 16:31:08.427 [DEBUG] [thread-id 1] - loop: from 0 to 3
2024-01-24 16:31:11.182 [DEBUG] [thread-id 1] - 0
2024-01-24 16:31:26.117 [DEBUG] [thread-id 1] - conditionally execute a flow. condition: false
2024-01-24 16:31:39.661 [DEBUG] [thread-id 1] - Observed IDFA Sscreen
2024-01-24 16:31:41.276 [DEBUG] [thread-id 1] - conditionally execute a flow. condition: true
2024-01-24 16:31:42.792 [DEBUG] [thread-id 1] - Verify identifier: {ATTPermissionViewController.titleLabel=[true], ATTPermissionViewController.bodyLabel=[true]}
2024-01-24 16:31:44.713 [DEBUG] [thread-id 1] - Click element: 'cta.continue.location'
2024-01-24 16:32:09.733 [DEBUG] [thread-id 1] - Click element: '//XCUIElementTypeButton[@name="Ask App Not to Track"] | //XCUIElementTypeButton[@name="Solicitar a la app no rastrear"]'
2024-01-24 16:33:10.012 [DEBUG] [thread-id 1] - conditionally execute a flow. condition: false
2024-01-24 16:33:17.693 [DEBUG] [thread-id 1] - modal is not displayed
2024-01-24 16:33:30.806 [DEBUG] [thread-id 1] - Executing function: 'us.functions.gic.collapseIfExpanded'
2024-01-24 16:33:51.676 [DEBUG] [thread-id 1] - GIC already collapsed
2024-01-24 16:33:51.857 [DEBUG] [thread-id 1] - Executing function: 'us.functions.home.navigateHomeToSignIn'
2024-01-24 16:33:51.858 [DEBUG] [thread-id 1] - sleep:  3000 milliseconds
2024-01-24 16:34:12.860 [DEBUG] [thread-id 1] - Click element: 'tab-account-unselected'
2024-01-24 16:34:20.528 [DEBUG] [thread-id 1] - Verify identifier: {SignInYourAccountTableViewCell.signInButton=[true]}
2024-01-24 16:34:20.531 [DEBUG] [thread-id 1] - loop: from 1 to 3
2024-01-24 16:34:23.915 [DEBUG] [thread-id 1] - conditionally execute a flow. condition: true
2024-01-24 16:34:27.933 [DEBUG] [thread-id 1] - Click element: 'SignInYourAccountTableViewCell.signInButton'
2024-01-24 16:34:51.244 [DEBUG] [thread-id 1] - Verify identifier: {WelcomeView.emailField=[true]}
2024-01-24 16:35:00.890 [DEBUG] [thread-id 1] - Store in: store the value 'true' in the variable 'signInValidated'
2024-01-24 16:35:10.976 [DEBUG] [thread-id 1] - conditionally execute a flow. condition: true
2024-01-24 16:35:21.125 [DEBUG] [thread-id 1] - SignIn page loaded
2024-01-24 16:35:32.893 [DEBUG] [thread-id 1] - Store in: store the value 'false' in the variable 'signInValidated'
2024-01-24 16:35:33.002 [DEBUG] [thread-id 1] - Executing function: 'us.functions.global.authentication.signInAccountCarta'
2024-01-24 16:35:44.398 [DEBUG] [thread-id 1] - conditionally execute a flow. condition: true
2024-01-24 16:35:58.106 [DEBUG] [thread-id 1] - Enter text: 'prod.flow004@cloudtest.org'
2024-01-24 16:36:22.438 [DEBUG] [thread-id 1] - Click element: 'WelcomeView.ctaButton'
2024-01-24 16:36:40.705 [DEBUG] [thread-id 1] - Sign in Field present!!
2024-01-24 16:36:55.869 [DEBUG] [thread-id 1] - conditionally execute a flow. condition: true
2024-01-24 16:37:16.309 [DEBUG] [thread-id 1] - Enter text: 'E2epassword$'
2024-01-24 16:37:50.606 [DEBUG] [thread-id 1] - Click element: 'OTPView.ctaButton'
2024-01-24 16:38:08.115 [DEBUG] [thread-id 1] - Password Field present!!
2024-01-24 16:38:26.661 [DEBUG] [thread-id 1] - conditionally execute a flow. condition: false
2024-01-24 16:38:41.029 [DEBUG] [thread-id 1] - Main failed: ENV_FAILURE - production - SIGN-IN ERROR
2024-01-24 16:38:49.760 [DEBUG] [thread-id 1] - Executing scenario: 'After'
2024-01-24 16:38:49.763 [DEBUG] [thread-id 1] - Executing function: 'us.functions.utils.afterSteps'
2024-01-24 16:38:49.765 [WARN] [thread-id 1] - variable testStatus was used, but r2 could not find a value for this variable. returning default of null
2024-01-24 16:38:49.767 [DEBUG] [thread-id 1] - conditionally execute a flow. condition: false
2024-01-24 16:38:58.958 [DEBUG] [thread-id 1] - Test failed
2024-01-24 16:38:59.105 [DEBUG] [thread-id 1] - Executing function: 'us.functions.utils.fetchExecutionTime'
2024-01-24 16:38:59.108 [DEBUG] [thread-id 1] - conditionally execute a flow. condition: true
2024-01-24 16:39:10.701 [DEBUG] [thread-id 1] - Timestamp: 1706143150700
2024-01-24 16:39:19.653 [DEBUG] [thread-id 1] - Arithmetic Operation: (1706143150700 - 1706142601339) / 1000 (value = 549.361)
2024-01-24 16:39:19.655 [DEBUG] [thread-id 1] - Store in: store the value '549.361' in the variable 'result'
2024-01-24 16:39:27.959 [DEBUG] [thread-id 1] - 549.361
2024-01-24 16:39:37.088 [DEBUG] [thread-id 1] - Arithmetic Operation: 549.361 / 60 (value = 9.156016666666666666666666666666667)
2024-01-24 16:39:37.090 [DEBUG] [thread-id 1] - Store in: store the value '9.156016666666666666666666666666667' in the variable 'result'
2024-01-24 16:39:45.664 [DEBUG] [thread-id 1] - 9.156016666666666666666666666666667
2024-01-24 16:39:53.510 [DEBUG] [thread-id 1] - Create file: './timestampData.txt' with string '9.156016666666666666666666666666667,'
2024-01-24 16:40:05.606 [DEBUG] [thread-id 1] - Created report: /Users/m0k0a2f/glass-automation/report/index.html
