2025-03-27 20:13:13.729 [DEBUG] [thread-id 1] - [0;34mExecuting R2 5.5.0: '/Users/m0k0a2f/glass-automation/us/unified-e2e-tests/test-scripts/ecomm-and-fulfillment-flows/consolidated-shipping-flows/production/C2728517-mixed-basket-consolidation.yaml' on device: 'iPhone 15'
2025-03-27 20:23:12.662 [DEBUG] [thread-id 1] - [0;34mExecuting scenario: 'After'
2025-03-27 20:23:12.667 [DEBUG] [thread-id 1] - [0;34mExecuting function: 'unified.us.functions.utils.afterSteps'
2025-03-27 20:23:12.668 [WARN] [thread-id 1] - variable testStatus was used, but r2 could not find a value for this variable. returning default of null
2025-03-27 20:23:12.681 [DEBUG] [thread-id 1] - conditionally execute a flow. condition: false
2025-03-27 20:23:12.936 [DEBUG] [thread-id 1] - [38;5;202mTest failed
2025-03-27 20:23:13.210 [WARN] [thread-id 1] - variable testStarted was used, but r2 could not find a value for this variable. returning default of null
2025-03-27 20:23:13.212 [DEBUG] [thread-id 1] - conditionally execute a flow. condition: true
2025-03-27 20:23:34.050 [DEBUG] [thread-id 1] - [0;31mAfter failed: FAILURE - Unable to Open App
2025-03-27 20:23:36.581 [DEBUG] [thread-id 1] - Created report: /Users/m0k0a2f/glass-automation/report/index.html
2025-03-27 20:25:38.623 [DEBUG] [thread-id 1] - [0;34mExecuting R2 5.5.0: '/Users/m0k0a2f/glass-automation/us/unified-e2e-tests/test-scripts/ecomm-and-fulfillment-flows/consolidated-shipping-flows/production/C2728517-mixed-basket-consolidation.yaml' on device: 'iPhone 15'
2025-03-27 20:27:22.875 [DEBUG] [thread-id 1] - [0;34mExecuting scenario: 'Before'
2025-03-27 20:27:22.881 [DEBUG] [thread-id 1] - [0;34mExecuting function: 'us.function.utils.getEnvironmentValue'
2025-03-27 20:27:22.882 [DEBUG] [thread-id 1] - Store in: store the value 'Onboarding' in the variable 'executionStage'
2025-03-27 20:27:22.883 [DEBUG] [thread-id 1] - Store in: store the value 'production' in the variable 'env'
2025-03-27 20:27:22.883 [DEBUG] [thread-id 1] - Timestamp: 1743132442883
2025-03-27 20:27:22.884 [DEBUG] [thread-id 1] - [0;34mExecuting function: 'functions.utils.setPlatformInfo'
2025-03-27 20:27:22.884 [DEBUG] [thread-id 1] - Store in: store the value 'Onboarding' in the variable 'executionStage'
2025-03-27 20:27:22.887 [WARN] [thread-id 1] - variable dependencies.general.appPackage was used, but r2 could not find a value for this variable. returning default of null
2025-03-27 20:27:22.887 [DEBUG] [thread-id 1] - Store in: store the value 'null' in the variable 'appPackage'
2025-03-27 20:27:22.897 [DEBUG] [thread-id 1] - conditionally execute a flow. condition: true
2025-03-27 20:27:23.122 [DEBUG] [thread-id 1] - Store in: store the value 'iOS' in the variable 'platform'
2025-03-27 20:27:23.133 [DEBUG] [thread-id 1] - [38;5;202mR2_SUBFLOW_PRE_TRANSACTION
2025-03-27 20:27:23.641 [DEBUG] [thread-id 1] - [38;5;202mUsing us-errors-helpers.yaml
2025-03-27 20:27:24.126 [DEBUG] [thread-id 1] - [38;5;202mStart Main
2025-03-27 20:27:24.127 [DEBUG] [thread-id 1] - [0;34mExecuting function: 'unified.us.functions.global.onboarding.navigateOnboardingToHome'
2025-03-27 20:27:24.127 [DEBUG] [thread-id 1] - Store in: store the value 'onboarding' in the variable 'executionStage'
2025-03-27 20:27:24.127 [DEBUG] [thread-id 1] - [38;5;202mWelcome screen loaded
2025-03-27 20:27:24.131 [DEBUG] [thread-id 1] - conditionally execute a flow. condition: true
2025-03-27 20:27:24.381 [DEBUG] [thread-id 1] - Verify identifier: {cta.cancel.welcome=[true]}
2025-03-27 20:27:24.711 [DEBUG] [thread-id 1] - Store in: store the value 'true' in the variable 'testStarted'
2025-03-27 20:27:25.022 [DEBUG] [thread-id 1] - Click element: 'cta.cancel.welcome'
2025-03-27 20:27:25.869 [DEBUG] [thread-id 1] - [38;5;202mNotifiction Prompt screen loaded
2025-03-27 20:27:26.169 [DEBUG] [thread-id 1] - Verify identifier: {NotificationPermissionViewController.titleLabel=[true]}
2025-03-27 20:27:26.439 [WARN] [thread-id 1] - variable allowNotifications was used, but r2 could not find a value for this variable. returning default of null
2025-03-27 20:27:26.439 [DEBUG] [thread-id 1] - conditionally execute a flow. condition: false
2025-03-27 20:27:28.749 [DEBUG] [thread-id 1] - Click element: 'cta.cancel.notifications'
2025-03-27 20:27:29.221 [DEBUG] [thread-id 1] - [38;5;202mlocation screen loaded
2025-03-27 20:27:29.530 [DEBUG] [thread-id 1] - Verify identifier: {LocationPermissionViewController.titleLabel=[true]}
2025-03-27 20:27:29.531 [DEBUG] [thread-id 1] - Store in: store the value 'true' in the variable 'testStarted'
2025-03-27 20:27:29.578 [DEBUG] [thread-id 1] - Click element: 'Enter zip code'
2025-03-27 20:27:30.366 [DEBUG] [thread-id 1] - Verify identifier: {label.postal-code-entry=[true]}
2025-03-27 20:27:30.366 [DEBUG] [thread-id 1] - sleep:  2000 milliseconds
2025-03-27 20:27:32.460 [DEBUG] [thread-id 1] - Enter text: '95122'
2025-03-27 20:27:36.170 [DEBUG] [thread-id 1] - Click element: 'cta.continue'
2025-03-27 20:27:36.727 [DEBUG] [thread-id 1] - sleep:  3000 milliseconds
2025-03-27 20:27:50.027 [DEBUG] [thread-id 1] - [0;34mExecuting function: 'unified.us.functions.home.handlePersonalizedScreen'
2025-03-27 20:27:50.308 [DEBUG] [thread-id 1] - conditionally execute a flow. condition: true
2025-03-27 20:27:50.700 [DEBUG] [thread-id 1] - [38;5;202mObserved Personalize Shopping Screen
2025-03-27 20:27:50.957 [DEBUG] [thread-id 1] - Verify identifier: {ATTPermissionViewController.bodyLabel=[true]}
2025-03-27 20:27:51.476 [DEBUG] [thread-id 1] - conditionally execute a flow. condition: true
2025-03-27 20:27:51.761 [DEBUG] [thread-id 1] - Click element: 'cta.continue.location'
2025-03-27 20:27:54.205 [DEBUG] [thread-id 1] - [38;5;28mPersonalized Shopping Experience Screen Handled.
2025-03-27 20:28:08.977 [DEBUG] [thread-id 1] - [0;34mExecuting function: 'unified.us.functions.gic.collapseIfExpanded'
2025-03-27 20:28:15.929 [DEBUG] [thread-id 1] - [38;5;202mGIC already collapsed
2025-03-27 20:28:18.340 [DEBUG] [thread-id 1] - Verify identifier: {Search Walmart=[true]}
2025-03-27 20:28:18.340 [DEBUG] [thread-id 1] - [0;34mExecuting function: 'unified.us.functions.home.navigateHomeToSignIn'
2025-03-27 20:28:18.341 [DEBUG] [thread-id 1] - Store in: store the value 'Pre-transactions' in the variable 'executionStage'
2025-03-27 20:28:20.150 [DEBUG] [thread-id 1] - Click element: '//XCUIElementTypeButton[@name="Account"] | Account'
2025-03-27 20:28:23.521 [DEBUG] [thread-id 1] - Verify identifier: {//XCUIElementTypeButton[@name="SignInYourAccountTableViewCell.signInButton"] | //XCUIElementTypeButton[@name="SignInYourAccountView.signInButton"]=[true]}
2025-03-27 20:28:23.877 [DEBUG] [thread-id 1] - Click element: '//XCUIElementTypeButton[@name="SignInYourAccountTableViewCell.signInButton"] | //XCUIElementTypeButton[@name="SignInYourAccountView.signInButton"]'
2025-03-27 20:28:26.466 [DEBUG] [thread-id 1] - conditionally execute a flow. condition: true
2025-03-27 20:28:28.052 [DEBUG] [thread-id 1] - Store in: store the value 'true' in the variable 'signInValidated'
2025-03-27 20:28:28.069 [DEBUG] [thread-id 1] - conditionally execute a flow. condition: true
2025-03-27 20:28:29.411 [DEBUG] [thread-id 1] - [38;5;202mSignIn page loaded
2025-03-27 20:28:30.844 [DEBUG] [thread-id 1] - Store in: store the value 'false' in the variable 'signInValidated'
2025-03-27 20:28:30.852 [DEBUG] [thread-id 1] - [0;34mExecuting function: 'unified.us.functions.global.authentication.signInAccountWithParams'
2025-03-27 20:28:30.852 [DEBUG] [thread-id 1] - Store in: store the value 'Pre-transactions' in the variable 'executionStage'
2025-03-27 20:28:30.852 [DEBUG] [thread-id 1] - [0;34mExecuting function: 'unified.us.functions.authentication.signInInfo'
2025-03-27 20:28:30.853 [DEBUG] [thread-id 1] - conditionally execute a flow. condition: true
2025-03-27 20:28:32.219 [DEBUG] [thread-id 1] - Store in: store the value 'prod.ios.consolidatedshipping@cloudtest.org' in the variable 'email'
2025-03-27 20:28:33.717 [DEBUG] [thread-id 1] - Store in: store the value 'E2epassword$' in the variable 'password'
2025-03-27 20:28:33.730 [DEBUG] [thread-id 1] - [0;34mExecuting function: 'unified.us.functions.global.authentication.signInAccount'
2025-03-27 20:28:33.730 [DEBUG] [thread-id 1] - conditionally execute a flow. condition: true
2025-03-27 20:28:48.000 [DEBUG] [thread-id 1] - Verify identifier: {TextFieldStackView.containerStackView=[true]}
2025-03-27 20:28:48.162 [DEBUG] [thread-id 1] - Enter text: 'prod.ios.consolidatedshipping@cloudtest.org'
2025-03-27 20:28:53.486 [DEBUG] [thread-id 1] - Click element: 'WelcomeView.ctaButton'
2025-03-27 20:28:54.225 [DEBUG] [thread-id 1] - sleep:  2000 milliseconds
2025-03-27 20:28:57.024 [DEBUG] [thread-id 1] - conditionally execute a flow. condition: true
2025-03-27 20:28:58.450 [DEBUG] [thread-id 1] - [38;5;202mEntered Email Successfully
2025-03-27 20:28:59.938 [DEBUG] [thread-id 1] - conditionally execute a flow. condition: true
2025-03-27 20:29:01.619 [DEBUG] [thread-id 1] - Click element: 'AuthChoiceView.passwordStackView'
2025-03-27 20:29:04.022 [DEBUG] [thread-id 1] - [38;5;202mSelected Password Option to Login
2025-03-27 20:29:04.103 [DEBUG] [thread-id 1] - Verify identifier: {TextFieldStackView.textField=[true]}
2025-03-27 20:29:04.281 [DEBUG] [thread-id 1] - Enter text: 'E2epassword$'
2025-03-27 20:29:11.666 [DEBUG] [thread-id 1] - Click element: 'AuthChoiceView.ctaButton'
2025-03-27 20:29:54.102 [DEBUG] [thread-id 1] - conditionally execute a flow. condition: true
2025-03-27 20:29:54.838 [DEBUG] [thread-id 1] - sleep:  2000 milliseconds
2025-03-27 20:30:08.040 [DEBUG] [thread-id 1] - [0;34mExecuting function: 'unified.us.functions.utils.handleCartMergePopup'
2025-03-27 20:30:29.353 [DEBUG] [thread-id 1] - [38;5;202mNo Technical Error Page observed
2025-03-27 20:30:29.359 [DEBUG] [thread-id 1] - [0;34mExecuting function: 'unified.us.functions.home.toolTip'
2025-03-27 20:30:39.742 [DEBUG] [thread-id 1] - conditionally execute a flow. condition: false
2025-03-27 20:30:40.484 [DEBUG] [thread-id 1] - [38;5;202mno tooltip displayed
2025-03-27 20:30:40.505 [DEBUG] [thread-id 1] - [0;34mExecuting function: 'unified.us.functions.global.navigation.accountToHome'
2025-03-27 20:30:40.505 [DEBUG] [thread-id 1] - [0;34mExecuting function: 'unified.us.functions.global.navigation.toTab'
2025-03-27 20:30:40.506 [DEBUG] [thread-id 1] - [0;34mExecuting function: 'unified.us.functions.utils.scrollIfNotVisible'
2025-03-27 20:30:40.506 [WARN] [thread-id 1] - variable scrollLimit was used, but r2 could not find a value for this variable. returning default of null
2025-03-27 20:30:40.507 [DEBUG] [thread-id 1] - conditionally execute a flow. condition: true
2025-03-27 20:30:41.208 [DEBUG] [thread-id 1] - Store in: store the value '7' in the variable 'scrollLimit'
2025-03-27 20:30:41.218 [DEBUG] [thread-id 1] - [38;5;202mScroll limit set to - 7
2025-03-27 20:30:41.218 [DEBUG] [thread-id 1] - conditionally execute a flow. condition: true
2025-03-27 20:30:42.464 [DEBUG] [thread-id 1] - conditionally execute a flow. condition: true
2025-03-27 20:30:43.198 [DEBUG] [thread-id 1] - [38;5;202mElement already visible, scrolling is skipped
2025-03-27 20:30:43.215 [WARN] [thread-id 1] - variable scrollNeeded was used, but r2 could not find a value for this variable. returning default of null
2025-03-27 20:30:43.215 [DEBUG] [thread-id 1] - [38;5;202mResetting scrollPosition variable to default
2025-03-27 20:30:43.215 [DEBUG] [thread-id 1] - Store in: store the value 'null' in the variable 'scrollPosition'
2025-03-27 20:30:43.215 [DEBUG] [thread-id 1] - Store in: store the value 'null' in the variable 'identifierScope'
2025-03-27 20:30:43.215 [DEBUG] [thread-id 1] - Store in: store the value 'null' in the variable 'scrollLimit'
2025-03-27 20:30:43.215 [DEBUG] [thread-id 1] - Store in: store the value 'false' in the variable 'scrollNeeded'
2025-03-27 20:30:43.740 [DEBUG] [thread-id 1] - Click element: '//XCUIElementTypeButton[contains(@name, "Shop")]'
2025-03-27 20:30:44.304 [DEBUG] [thread-id 1] - [0;34mExecuting function: 'unified.us.functions.home.closeWPlusPromotionPopUpIfDisplayed'
2025-03-27 20:30:44.305 [DEBUG] [thread-id 1] - conditionally execute a flow. condition: true
2025-03-27 20:30:56.847 [DEBUG] [thread-id 1] - [0;34mExecuting function: 'unified.us.functions.global.navigation.goToDeepLink'
2025-03-27 20:30:56.848 [DEBUG] [thread-id 1] - Store in: store the value 'Post-transactions' in the variable 'executionStage'
2025-03-27 20:30:56.849 [DEBUG] [thread-id 1] - [38;5;202mOpen deep link
2025-03-27 20:30:56.849 [DEBUG] [thread-id 1] - [38;5;202mwalmart://expo?expo_preview=true&experiment_spec=AItRI&variation_specs=Ql5V9&experiment_count=0
2025-03-27 20:30:56.852 [DEBUG] [thread-id 1] - Verify value of: '$deepLinkUrl'
2025-03-27 20:30:56.853 [DEBUG] [thread-id 1] - Open link: 'walmart://expo?expo_preview=true&experiment_spec=AItRI&variation_specs=Ql5V9&experiment_count=0'
2025-03-27 20:30:57.925 [DEBUG] [thread-id 1] - conditionally execute a flow. condition: true
2025-03-27 20:31:00.216 [DEBUG] [thread-id 1] - [0;34mExecuting function: 'unified.us.functions.global.navigation.openDeepLink'
2025-03-27 20:31:04.853 [DEBUG] [thread-id 1] - [38;5;202mDeeplink pop up not displayed
2025-03-27 20:31:05.064 [DEBUG] [thread-id 1] - sleep:  3000 milliseconds
2025-03-27 20:31:08.072 [DEBUG] [thread-id 1] - [0;34mExecuting function: 'unified.us.functions.global.navigation.toCartFromNavBar'
2025-03-27 20:31:08.072 [DEBUG] [thread-id 1] - Store in: store the value 'Transactions' in the variable 'executionStage'
2025-03-27 20:31:10.208 [DEBUG] [thread-id 1] - Verify identifier: {//XCUIElementTypeButton[contains(@label, "Your cart")] | //XCUIElementTypeButton[(@name="SearchResultsViewController.cartButton") or (contains(@label,"Your cart contains") and contains(@label,"The estimated total is")) or (@label="Your cart is empty")]=[true]}
2025-03-27 20:31:12.274 [DEBUG] [thread-id 1] - Click element: '//XCUIElementTypeButton[contains(@label, "Your cart")] | //XCUIElementTypeButton[(@name="SearchResultsViewController.cartButton") or (contains(@label,"Your cart contains") and contains(@label,"The estimated total is")) or (@label="Your cart is empty")]'
2025-03-27 20:31:13.428 [DEBUG] [thread-id 1] - [0;34mExecuting function: 'unified.us.functions.cart.storeChangePopUp'
2025-03-27 20:31:30.956 [DEBUG] [thread-id 1] - [38;5;202mNo Store Change pop up screen displayed
2025-03-27 20:31:42.925 [DEBUG] [thread-id 1] - conditionally execute a flow. condition: false
2025-03-27 20:32:01.077 [DEBUG] [thread-id 1] - conditionally execute a flow. condition: false
2025-03-27 20:32:07.092 [WARN] [thread-id 1] - variable skipValidation was used, but r2 could not find a value for this variable. returning default of null
2025-03-27 20:32:07.093 [DEBUG] [thread-id 1] - conditionally execute a flow. condition: true
2025-03-27 20:32:24.448 [DEBUG] [thread-id 1] - conditionally execute a flow. condition: true
2025-03-27 20:32:30.499 [DEBUG] [thread-id 1] - [38;5;202mcart page loaded
2025-03-27 20:32:30.981 [DEBUG] [thread-id 1] - [0;34mExecuting function: 'unified.us.functions.cart.removeAllCartItems'
2025-03-27 20:32:30.983 [DEBUG] [thread-id 1] - [0;34mExecuting function: 'unified.us.functions.cart.storeChangePopUp'
2025-03-27 20:32:42.562 [DEBUG] [thread-id 1] - [38;5;202mNo Store Change pop up screen displayed
2025-03-27 20:32:43.025 [DEBUG] [thread-id 1] - [0;34mExecuting function: 'unified.us.functions.cart.removeAdonsNotAvailable'
2025-03-27 20:32:58.450 [DEBUG] [thread-id 1] - [38;5;202mNo remove Adons pop up screen displayed
2025-03-27 20:33:10.604 [DEBUG] [thread-id 1] - conditionally execute a flow. condition: false
2025-03-27 20:33:16.548 [DEBUG] [thread-id 1] - conditionally execute a flow. condition: true
2025-03-27 20:33:52.002 [DEBUG] [thread-id 1] - get number of child elements for //XCUIElementTypeScrollView[@name="ReviewOrderViewController.scrollView"] | //XCUIElementTypeOther[@name="CartDetailsViewController.stackView"] | //XCUIElementTypeCollectionView[@name="CartCollectionViewController.collectionView"]: 1
2025-03-27 20:33:58.096 [DEBUG] [thread-id 1] - conditionally execute a flow. condition: true
2025-03-27 20:34:04.241 [DEBUG] [thread-id 1] - [0;34mExecuting function: 'unified.us.functions.cart.seeDetails'
2025-03-27 20:34:04.242 [DEBUG] [thread-id 1] - conditionally execute a flow. condition: true
2025-03-27 20:34:10.190 [DEBUG] [thread-id 1] - loop: from 0 to 5
2025-03-27 20:34:16.172 [DEBUG] [thread-id 1] - [38;5;202m0
2025-03-27 20:34:33.735 [DEBUG] [thread-id 1] - Verify identifier: {//XCUIElementTypeButton[contains(@label, "See details") or contains(@label,"see details")] | //XCUIElementTypeButton[contains(@name,"CartCardViewController.expandCollapseView") and contains(@label, "collapsed")]=[true]}
2025-03-27 20:35:01.071 [DEBUG] [thread-id 1] - [38;5;202mSee details is present
2025-03-27 20:35:13.559 [DEBUG] [thread-id 1] - Click element: '//XCUIElementTypeButton[contains(@label, "See details") or contains(@label,"see details")] | //XCUIElementTypeButton[contains(@name,"CartCardViewController.expandCollapseView") and contains(@label, "collapsed")]'
2025-03-27 20:35:28.798 [DEBUG] [thread-id 1] - [38;5;202m1
2025-03-27 20:35:55.337 [DEBUG] [thread-id 1] - [38;5;202mNo See details in Cart
2025-03-27 20:36:20.936 [DEBUG] [thread-id 1] - get number of child elements for //XCUIElementTypeScrollView[@name="ReviewOrderViewController.scrollView"] | //XCUIElementTypeOther[@name="CartDetailsViewController.stackView"] | //XCUIElementTypeCollectionView[@name="CartCollectionViewController.collectionView"]: 3
2025-03-27 20:36:27.907 [DEBUG] [thread-id 1] - [38;5;202m3
2025-03-27 20:36:34.786 [WARN] [thread-id 1] - variable scrollDown was used, but r2 could not find a value for this variable. returning default of null
2025-03-27 20:36:34.787 [DEBUG] [thread-id 1] - conditionally execute a flow. condition: true
2025-03-27 20:36:41.942 [DEBUG] [thread-id 1] - Scroll: down
2025-03-27 20:37:19.070 [DEBUG] [thread-id 1] - loop: from 0 to 9
2025-03-27 20:37:25.596 [DEBUG] [thread-id 1] - [38;5;202m0
2025-03-27 20:37:45.875 [DEBUG] [thread-id 1] - Verify identifier: {//XCUIElementTypeButton[contains(@label, "Remove and continue")] | //XCUIElementTypeButton[@name="Remove" or @name = "CartItemTileView.remove"]=[true]}
2025-03-27 20:37:59.434 [DEBUG] [thread-id 1] - Click element: '//XCUIElementTypeButton[contains(@label, "Remove and continue")] | //XCUIElementTypeButton[@name="Remove" or @name = "CartItemTileView.remove"]'
2025-03-27 20:38:14.479 [DEBUG] [thread-id 1] - [38;5;202m1
2025-03-27 20:38:33.060 [DEBUG] [thread-id 1] - Verify identifier: {//XCUIElementTypeButton[contains(@label, "Remove and continue")] | //XCUIElementTypeButton[@name="Remove" or @name = "CartItemTileView.remove"]=[true]}
2025-03-27 20:38:45.497 [DEBUG] [thread-id 1] - Click element: '//XCUIElementTypeButton[contains(@label, "Remove and continue")] | //XCUIElementTypeButton[@name="Remove" or @name = "CartItemTileView.remove"]'
2025-03-27 20:38:59.787 [DEBUG] [thread-id 1] - [38;5;202m2
2025-03-27 20:39:17.257 [DEBUG] [thread-id 1] - Verify identifier: {//XCUIElementTypeButton[contains(@label, "Remove and continue")] | //XCUIElementTypeButton[@name="Remove" or @name = "CartItemTileView.remove"]=[true]}
2025-03-27 20:39:28.403 [DEBUG] [thread-id 1] - Click element: '//XCUIElementTypeButton[contains(@label, "Remove and continue")] | //XCUIElementTypeButton[@name="Remove" or @name = "CartItemTileView.remove"]'
2025-03-27 20:39:34.516 [DEBUG] [thread-id 1] - [38;5;202m3
2025-03-27 20:39:44.810 [DEBUG] [thread-id 1] - [38;5;202mNo Items in Cart to Remove
2025-03-27 20:39:50.728 [DEBUG] [thread-id 1] - [0;34mExecuting function: 'unified.us.functions.cart.removeUnavailableItemsFromCart'
2025-03-27 20:39:50.728 [DEBUG] [thread-id 1] - conditionally execute a flow. condition: true
2025-03-27 20:40:04.460 [DEBUG] [thread-id 1] - [0;34mExecuting function: 'unified.us.functions.global.navigation.backNavigation'
2025-03-27 20:40:04.461 [DEBUG] [thread-id 1] - [38;5;202mGlobal Back navigation
2025-03-27 20:40:04.461 [DEBUG] [thread-id 1] - conditionally execute a flow. condition: true
2025-03-27 20:40:12.170 [DEBUG] [thread-id 1] - Click element: '//XCUIElementTypeButton[@name="Back" or @label="Back"] | //XCUIElementTypeNavigationBar[@name="Cart"]/XCUIElementTypeButton[contains(@name,"Search")] | //XCUIElementTypeNavigationBar/XCUIElementTypeButton[not(contains(@label,"cart"))]'
2025-03-27 20:40:13.438 [DEBUG] [thread-id 1] - [0;34mExecuting function: 'unified.us.functions.gic.changeFulfillment'
2025-03-27 20:40:13.438 [DEBUG] [thread-id 1] - [0;34mExecuting function: 'unified.us.functions.gic.expandIfCollapsed'
2025-03-27 20:40:18.904 [DEBUG] [thread-id 1] - Verify identifier: {//*[contains(@label,"Collapsed")] | //*[contains(@name,"Collapsed")]=[true]}
2025-03-27 20:40:23.723 [DEBUG] [thread-id 1] - Click element: '//*[contains(@label,"Collapsed")] | //*[contains(@name,"Collapsed")]'
2025-03-27 20:40:24.974 [DEBUG] [thread-id 1] - [0;34mExecuting function: 'unified.us.functions.gic.setFulfillment'
2025-03-27 20:40:24.975 [DEBUG] [thread-id 1] - conditionally execute a flow. condition: true
2025-03-27 20:40:35.987 [DEBUG] [thread-id 1] - conditionally execute a flow. condition: false
2025-03-27 20:40:38.888 [DEBUG] [thread-id 1] - Click element: '//XCUIElementTypeButton[@name="GlobalIntentCenter.Delivery"] | //XCUIElementTypeButton[contains(@name, "Delivery") ] | //XCUIElementTypeButton[@name="HoTIntentOptionsView" or @name="HoTIntentOptionsPhase2View" and contains(@label,"Delivery")]'
2025-03-27 20:40:40.314 [DEBUG] [thread-id 1] - [38;5;202mDelivery intent selected
2025-03-27 20:40:41.125 [DEBUG] [thread-id 1] - sleep:  3000 milliseconds
2025-03-27 20:40:55.087 [DEBUG] [thread-id 1] - [0;34mExecuting function: 'unified.us.functions.gic.collapseIfExpanded'
2025-03-27 20:40:56.552 [DEBUG] [thread-id 1] - Verify identifier: {//*[contains(@label,"Expanded")] | //*[contains(@name,"Expanded")]=[true]}
2025-03-27 20:40:57.407 [DEBUG] [thread-id 1] - [38;5;202mCollapsing GIC screen
2025-03-27 20:40:58.880 [DEBUG] [thread-id 1] - Click element: '//*[contains(@label,"Expanded")] | //*[contains(@name,"Expanded")]'
2025-03-27 20:40:59.500 [DEBUG] [thread-id 1] - [0;34mExecuting function: 'unified.us.functions.home.setStore'
2025-03-27 20:40:59.501 [DEBUG] [thread-id 1] - conditionally execute a flow. condition: false
2025-03-27 20:41:01.533 [DEBUG] [thread-id 1] - Store in: store the value '95110' in the variable 'zipcode'
2025-03-27 20:41:01.700 [DEBUG] [thread-id 1] - [0;34mExecuting function: 'unified.us.functions.gic.expandIfCollapsed'
2025-03-27 20:41:05.949 [DEBUG] [thread-id 1] - Verify identifier: {//*[contains(@label,"Collapsed")] | //*[contains(@name,"Collapsed")]=[true]}
2025-03-27 20:41:10.391 [DEBUG] [thread-id 1] - Click element: '//*[contains(@label,"Collapsed")] | //*[contains(@name,"Collapsed")]'
2025-03-27 20:41:22.725 [DEBUG] [thread-id 1] - conditionally execute a flow. condition: false
2025-03-27 20:41:23.587 [DEBUG] [thread-id 1] - [38;5;202mSkipping as its already set to the required store
2025-03-27 20:41:24.489 [DEBUG] [thread-id 1] - [0;34mExecuting function: 'unified.us.functions.gic.collapseIfExpanded'
2025-03-27 20:41:26.055 [DEBUG] [thread-id 1] - Verify identifier: {//*[contains(@label,"Expanded")] | //*[contains(@name,"Expanded")]=[true]}
2025-03-27 20:41:26.942 [DEBUG] [thread-id 1] - [38;5;202mCollapsing GIC screen
2025-03-27 20:41:28.540 [DEBUG] [thread-id 1] - Click element: '//*[contains(@label,"Expanded")] | //*[contains(@name,"Expanded")]'
2025-03-27 20:41:29.411 [DEBUG] [thread-id 1] - [0;34mExecuting function: 'unified.us.functions.global.navigation.goToDeepLink'
2025-03-27 20:41:29.412 [DEBUG] [thread-id 1] - Store in: store the value 'Post-transactions' in the variable 'executionStage'
2025-03-27 20:41:29.412 [DEBUG] [thread-id 1] - [38;5;202mOpen deep link
2025-03-27 20:41:29.413 [DEBUG] [thread-id 1] - [38;5;202mwalmart://item/44390950
2025-03-27 20:41:29.413 [DEBUG] [thread-id 1] - Verify value of: '$deepLinkUrl'
2025-03-27 20:41:29.415 [DEBUG] [thread-id 1] - Open link: 'walmart://item/44390950'
2025-03-27 20:41:33.469 [DEBUG] [thread-id 1] - conditionally execute a flow. condition: true
2025-03-27 20:41:35.564 [DEBUG] [thread-id 1] - [38;5;202mDeeplink pop up not displayed
2025-03-27 20:41:35.586 [DEBUG] [thread-id 1] - sleep:  3000 milliseconds
2025-03-27 20:41:38.593 [DEBUG] [thread-id 1] - [0;34mExecuting function: 'unified.us.functions.item.addItemToCart'
2025-03-27 20:41:38.593 [DEBUG] [thread-id 1] - Store in: store the value 'Transactions' in the variable 'executionStage'
2025-03-27 20:41:38.594 [DEBUG] [thread-id 1] - [0;34mExecuting function: 'unified.us.functions.item.validateAndClickAddToCartButton'
2025-03-27 20:42:05.673 [DEBUG] [thread-id 1] - Verify identifier: {stepper.mainButton=[true]}
2025-03-27 20:42:24.811 [DEBUG] [thread-id 1] - [38;5;202mATC button present
2025-03-27 20:42:49.305 [DEBUG] [thread-id 1] - Click element: 'stepper.mainButton'
2025-03-27 20:43:04.637 [WARN] [thread-id 1] - variable skipPostAddToCartSteps was used, but r2 could not find a value for this variable. returning default of null
2025-03-27 20:43:04.639 [DEBUG] [thread-id 1] - conditionally execute a flow. condition: true
2025-03-27 20:43:21.858 [DEBUG] [thread-id 1] - conditionally execute a flow. condition: true
2025-03-27 20:43:41.625 [DEBUG] [thread-id 1] - [0;34mExecuting function: 'unified.us.functions.global.navigation.goToDeepLink'
2025-03-27 20:43:41.625 [DEBUG] [thread-id 1] - Store in: store the value 'Post-transactions' in the variable 'executionStage'
2025-03-27 20:43:41.625 [DEBUG] [thread-id 1] - [38;5;202mOpen deep link
2025-03-27 20:43:41.625 [DEBUG] [thread-id 1] - [38;5;202mwalmart://home
2025-03-27 20:43:41.625 [DEBUG] [thread-id 1] - Verify value of: '$deepLinkUrl'
2025-03-27 20:43:41.626 [DEBUG] [thread-id 1] - Open link: 'walmart://home'
2025-03-27 20:43:44.015 [DEBUG] [thread-id 1] - conditionally execute a flow. condition: true
2025-03-27 20:43:52.468 [DEBUG] [thread-id 1] - [38;5;202mDeeplink pop up not displayed
2025-03-27 20:43:52.624 [DEBUG] [thread-id 1] - sleep:  3000 milliseconds
2025-03-27 20:43:55.664 [DEBUG] [thread-id 1] - Store in: store the value 'false' in the variable 'skipPostAddToCartSteps'
2025-03-27 20:43:55.664 [DEBUG] [thread-id 1] - Store in: store the value 'false' in the variable 'apiFetch'
2025-03-27 20:43:55.664 [DEBUG] [thread-id 1] - [0;34mExecuting function: 'unified.us.functions.global.navigation.goToDeepLink'
2025-03-27 20:43:55.664 [DEBUG] [thread-id 1] - Store in: store the value 'Post-transactions' in the variable 'executionStage'
2025-03-27 20:43:55.665 [DEBUG] [thread-id 1] - [38;5;202mOpen deep link
2025-03-27 20:43:55.665 [DEBUG] [thread-id 1] - [38;5;202mwalmart://item/182565738
2025-03-27 20:43:55.665 [DEBUG] [thread-id 1] - Verify value of: '$deepLinkUrl'
2025-03-27 20:43:55.665 [DEBUG] [thread-id 1] - Open link: 'walmart://item/182565738'
2025-03-27 20:43:56.640 [DEBUG] [thread-id 1] - conditionally execute a flow. condition: true
2025-03-27 20:43:58.520 [DEBUG] [thread-id 1] - [38;5;202mDeeplink pop up not displayed
2025-03-27 20:43:58.532 [DEBUG] [thread-id 1] - sleep:  3000 milliseconds
2025-03-27 20:44:01.537 [DEBUG] [thread-id 1] - [0;34mExecuting function: 'unified.us.functions.item.addItemToCart'
2025-03-27 20:44:01.538 [DEBUG] [thread-id 1] - Store in: store the value 'Transactions' in the variable 'executionStage'
2025-03-27 20:44:22.238 [DEBUG] [thread-id 1] - Verify identifier: {stepper.mainButton=[true]}
2025-03-27 20:44:37.178 [DEBUG] [thread-id 1] - [38;5;202mATC button present
2025-03-27 20:44:55.864 [DEBUG] [thread-id 1] - Click element: 'stepper.mainButton'
2025-03-27 20:45:07.487 [DEBUG] [thread-id 1] - conditionally execute a flow. condition: true
2025-03-27 20:45:23.499 [DEBUG] [thread-id 1] - conditionally execute a flow. condition: true
2025-03-27 20:45:40.136 [DEBUG] [thread-id 1] - Store in: store the value 'Post-transactions' in the variable 'executionStage'
2025-03-27 20:45:40.136 [DEBUG] [thread-id 1] - [38;5;202mOpen deep link
2025-03-27 20:45:40.137 [DEBUG] [thread-id 1] - [38;5;202mwalmart://home
2025-03-27 20:45:40.137 [DEBUG] [thread-id 1] - Verify value of: '$deepLinkUrl'
2025-03-27 20:45:40.137 [DEBUG] [thread-id 1] - Open link: 'walmart://home'
2025-03-27 20:45:40.889 [DEBUG] [thread-id 1] - conditionally execute a flow. condition: true
2025-03-27 20:45:48.461 [DEBUG] [thread-id 1] - [38;5;202mDeeplink pop up not displayed
2025-03-27 20:45:48.613 [DEBUG] [thread-id 1] - sleep:  3000 milliseconds
2025-03-27 20:45:51.655 [DEBUG] [thread-id 1] - Store in: store the value 'false' in the variable 'skipPostAddToCartSteps'
2025-03-27 20:45:51.655 [DEBUG] [thread-id 1] - Store in: store the value 'false' in the variable 'apiFetch'
2025-03-27 20:45:51.656 [DEBUG] [thread-id 1] - [0;34mExecuting function: 'unified.us.functions.global.navigation.goToDeepLink'
2025-03-27 20:45:51.656 [DEBUG] [thread-id 1] - Store in: store the value 'Post-transactions' in the variable 'executionStage'
2025-03-27 20:45:51.656 [DEBUG] [thread-id 1] - [38;5;202mOpen deep link
2025-03-27 20:45:51.656 [DEBUG] [thread-id 1] - [38;5;202mwalmart://home
2025-03-27 20:45:51.656 [DEBUG] [thread-id 1] - Verify value of: '$deepLinkUrl'
2025-03-27 20:45:51.656 [DEBUG] [thread-id 1] - Open link: 'walmart://home'
2025-03-27 20:45:52.236 [DEBUG] [thread-id 1] - conditionally execute a flow. condition: true
2025-03-27 20:45:58.589 [DEBUG] [thread-id 1] - [38;5;202mDeeplink pop up not displayed
2025-03-27 20:45:58.610 [DEBUG] [thread-id 1] - sleep:  3000 milliseconds
2025-03-27 20:46:01.614 [DEBUG] [thread-id 1] - [0;34mExecuting function: 'unified.us.functions.global.navigation.toCartFromNavBar'
2025-03-27 20:46:01.616 [DEBUG] [thread-id 1] - Store in: store the value 'Transactions' in the variable 'executionStage'
2025-03-27 20:46:03.506 [DEBUG] [thread-id 1] - Verify identifier: {//XCUIElementTypeButton[contains(@label, "Your cart")] | //XCUIElementTypeButton[(@name="SearchResultsViewController.cartButton") or (contains(@label,"Your cart contains") and contains(@label,"The estimated total is")) or (@label="Your cart is empty")]=[true]}
2025-03-27 20:46:05.578 [DEBUG] [thread-id 1] - Click element: '//XCUIElementTypeButton[contains(@label, "Your cart")] | //XCUIElementTypeButton[(@name="SearchResultsViewController.cartButton") or (contains(@label,"Your cart contains") and contains(@label,"The estimated total is")) or (@label="Your cart is empty")]'
2025-03-27 20:46:20.185 [DEBUG] [thread-id 1] - [38;5;202mNo Store Change pop up screen displayed
2025-03-27 20:46:31.886 [DEBUG] [thread-id 1] - conditionally execute a flow. condition: false
2025-03-27 20:46:49.743 [DEBUG] [thread-id 1] - conditionally execute a flow. condition: false
2025-03-27 20:46:55.658 [WARN] [thread-id 1] - variable skipValidation was used, but r2 could not find a value for this variable. returning default of null
2025-03-27 20:46:55.658 [DEBUG] [thread-id 1] - conditionally execute a flow. condition: true
2025-03-27 20:47:12.794 [DEBUG] [thread-id 1] - conditionally execute a flow. condition: true
2025-03-27 20:47:18.709 [DEBUG] [thread-id 1] - [38;5;202mcart page loaded
2025-03-27 20:47:19.185 [DEBUG] [thread-id 1] - [0;34mExecuting function: 'unified.us.functions.selectBookingSlot.MBC'
2025-03-27 20:47:19.185 [DEBUG] [thread-id 1] - [38;5;202mSlot booking from the banner for Scheduled Delivery.
2025-03-27 20:47:22.964 [DEBUG] [thread-id 1] - conditionally execute a flow. condition: true
2025-03-27 20:47:33.165 [DEBUG] [thread-id 1] - Click element: '//XCUIElementTypeButton[@name="ArrowedHorizontalCollectionView.rightArrow"]'
2025-03-27 20:47:40.869 [DEBUG] [thread-id 1] - sleep:  1000 milliseconds
2025-03-27 20:47:52.166 [DEBUG] [thread-id 1] - Click element: '//XCUIElementTypeStaticText[contains(@name,"pm")] | //XCUIElementTypeStaticText[contains(@name,"am")]'
2025-03-27 20:47:54.459 [DEBUG] [thread-id 1] - [38;5;202mR2_SUBFLOW_TRANSACTION
2025-03-27 20:47:54.460 [DEBUG] [thread-id 1] - [0;34mExecuting function: 'unified.us.functions.cart.continueToCheckout'
2025-03-27 20:48:08.591 [DEBUG] [thread-id 1] - Verify identifier: {//XCUIElementTypeButton[@name="CartPrimaryCTAButton"] | //XCUIElementTypeButton[@name="CartFinishButton"]=[true]}
2025-03-27 20:48:14.204 [DEBUG] [thread-id 1] - Click element: '//XCUIElementTypeButton[@name="CartPrimaryCTAButton"] | //XCUIElementTypeButton[@name="CartFinishButton"]'
2025-03-27 20:48:16.379 [DEBUG] [thread-id 1] - sleep:  3000 milliseconds
2025-03-27 20:48:19.384 [DEBUG] [thread-id 1] - [0;34mExecuting function: 'unified.us.functions.cart.checkOutGetItFasterPopUp'
2025-03-27 20:48:30.455 [DEBUG] [thread-id 1] - Verify identifier: {//XCUIElementTypeStaticText[contains(@label,"Get it faster")] | //XCUIElementTypeStaticText[contains(@label,"Need it faster")] | //XCUIElementTypeStaticText[@name="Get it faster!"]=[true]}
2025-03-27 20:48:40.337 [DEBUG] [thread-id 1] - Click element: '//XCUIElementTypeStaticText[@label ="No thanks"]'
2025-03-27 20:48:42.613 [DEBUG] [thread-id 1] - [0;34mExecuting function: 'unified.us.functions.cart.handleSafetyAdvice'
2025-03-27 20:49:04.929 [DEBUG] [thread-id 1] - [38;5;202mSafety Advice Header pop up not available
2025-03-27 20:49:40.060 [DEBUG] [thread-id 1] - [0;34mExecuting function: 'unified.us.functions.cart.handleItemUpdatesBottomTray'
2025-03-27 20:49:40.061 [DEBUG] [thread-id 1] - conditionally execute a flow. condition: true
2025-03-27 20:49:47.718 [DEBUG] [thread-id 1] - [38;5;202mNo item update pop up
2025-03-27 20:49:48.551 [DEBUG] [thread-id 1] - conditionally execute a flow. condition: true
2025-03-27 20:49:50.083 [DEBUG] [thread-id 1] - [38;5;202mClicked on Checkout button successfully
2025-03-27 20:49:50.177 [WARN] [thread-id 1] - variable giftItem was used, but r2 could not find a value for this variable. returning default of null
2025-03-27 20:49:50.179 [WARN] [thread-id 1] - variable doNotCloseWplusPopup was used, but r2 could not find a value for this variable. returning default of null
2025-03-27 20:49:50.179 [DEBUG] [thread-id 1] - conditionally execute a flow. condition: false
2025-03-27 20:49:51.662 [DEBUG] [thread-id 1] - [0;34mExecuting function: 'unified.us.functions.home.closeWPlusPromotionPopUpIfDisplayed'
2025-03-27 20:49:51.662 [DEBUG] [thread-id 1] - conditionally execute a flow. condition: true
2025-03-27 20:50:04.127 [DEBUG] [thread-id 1] - [0;34mExecuting function: 'unified.us.functions.wplus.handle.SubstitutionPreferencePopup'
2025-03-27 20:50:05.664 [DEBUG] [thread-id 1] - conditionally execute a flow. condition: true
2025-03-27 20:50:07.220 [DEBUG] [thread-id 1] - conditionally execute a flow. condition: true
2025-03-27 20:50:08.712 [DEBUG] [thread-id 1] - Scroll: down
2025-03-27 21:49:04.130 [DEBUG] [thread-id 1] - [0;31mMain failed: 
2025-03-27 21:49:09.881 [DEBUG] [thread-id 1] - [0;34mExecuting scenario: 'After'
2025-03-27 21:49:09.881 [DEBUG] [thread-id 1] - [0;34mExecuting function: 'unified.us.functions.utils.afterSteps'
2025-03-27 21:49:09.881 [WARN] [thread-id 1] - variable testStatus was used, but r2 could not find a value for this variable. returning default of null
2025-03-27 21:49:09.881 [DEBUG] [thread-id 1] - conditionally execute a flow. condition: false
2025-03-27 21:49:12.473 [DEBUG] [thread-id 1] - [38;5;202mTest failed
2025-03-27 21:49:22.908 [DEBUG] [thread-id 1] - Created report: /Users/m0k0a2f/glass-automation/report/index.html
2025-03-27 21:50:25.180 [DEBUG] [thread-id 1] - [0;34mExecuting R2 5.5.0: '/Users/m0k0a2f/glass-automation/us/unified-e2e-tests/test-scripts/ecomm-and-fulfillment-flows/consolidated-shipping-flows/production/C2728517-mixed-basket-consolidation.yaml' on device: 'iPhone 15'
2025-03-27 21:52:32.828 [DEBUG] [thread-id 1] - [0;34mExecuting scenario: 'Before'
2025-03-27 21:52:32.832 [DEBUG] [thread-id 1] - [0;34mExecuting function: 'us.function.utils.getEnvironmentValue'
2025-03-27 21:52:32.833 [DEBUG] [thread-id 1] - Store in: store the value 'Onboarding' in the variable 'executionStage'
2025-03-27 21:52:32.833 [DEBUG] [thread-id 1] - Store in: store the value 'production' in the variable 'env'
2025-03-27 21:52:32.834 [DEBUG] [thread-id 1] - Timestamp: 1743137552834
2025-03-27 21:52:32.835 [DEBUG] [thread-id 1] - [0;34mExecuting function: 'functions.utils.setPlatformInfo'
2025-03-27 21:52:32.835 [DEBUG] [thread-id 1] - Store in: store the value 'Onboarding' in the variable 'executionStage'
2025-03-27 21:52:32.837 [WARN] [thread-id 1] - variable dependencies.general.appPackage was used, but r2 could not find a value for this variable. returning default of null
2025-03-27 21:52:32.837 [DEBUG] [thread-id 1] - Store in: store the value 'null' in the variable 'appPackage'
2025-03-27 21:52:32.849 [DEBUG] [thread-id 1] - conditionally execute a flow. condition: true
2025-03-27 21:52:33.841 [DEBUG] [thread-id 1] - Store in: store the value 'iOS' in the variable 'platform'
2025-03-27 21:52:33.860 [DEBUG] [thread-id 1] - [38;5;202mR2_SUBFLOW_PRE_TRANSACTION
2025-03-27 21:52:34.824 [DEBUG] [thread-id 1] - [38;5;202mUsing us-errors-helpers.yaml
2025-03-27 21:52:35.827 [DEBUG] [thread-id 1] - [38;5;202mStart Main
2025-03-27 21:52:35.829 [DEBUG] [thread-id 1] - [0;34mExecuting function: 'unified.us.functions.global.onboarding.navigateOnboardingToHome'
2025-03-27 21:52:35.830 [DEBUG] [thread-id 1] - Store in: store the value 'onboarding' in the variable 'executionStage'
2025-03-27 21:52:35.830 [DEBUG] [thread-id 1] - [38;5;202mWelcome screen loaded
2025-03-27 21:52:35.838 [DEBUG] [thread-id 1] - conditionally execute a flow. condition: true
2025-03-27 21:52:36.281 [DEBUG] [thread-id 1] - Verify identifier: {cta.cancel.welcome=[true]}
2025-03-27 21:52:36.557 [DEBUG] [thread-id 1] - Store in: store the value 'true' in the variable 'testStarted'
2025-03-27 21:52:37.088 [DEBUG] [thread-id 1] - Click element: 'cta.cancel.welcome'
2025-03-27 21:52:38.039 [DEBUG] [thread-id 1] - [38;5;202mNotifiction Prompt screen loaded
2025-03-27 21:52:38.324 [DEBUG] [thread-id 1] - Verify identifier: {NotificationPermissionViewController.titleLabel=[true]}
2025-03-27 21:52:38.576 [WARN] [thread-id 1] - variable allowNotifications was used, but r2 could not find a value for this variable. returning default of null
2025-03-27 21:52:38.577 [DEBUG] [thread-id 1] - conditionally execute a flow. condition: false
2025-03-27 21:52:40.902 [DEBUG] [thread-id 1] - Click element: 'cta.cancel.notifications'
2025-03-27 21:52:41.365 [DEBUG] [thread-id 1] - [38;5;202mlocation screen loaded
2025-03-27 21:52:41.655 [DEBUG] [thread-id 1] - Verify identifier: {LocationPermissionViewController.titleLabel=[true]}
2025-03-27 21:52:41.655 [DEBUG] [thread-id 1] - Store in: store the value 'true' in the variable 'testStarted'
2025-03-27 21:52:41.701 [DEBUG] [thread-id 1] - Click element: 'Enter zip code'
2025-03-27 21:52:42.408 [DEBUG] [thread-id 1] - Verify identifier: {label.postal-code-entry=[true]}
2025-03-27 21:52:42.408 [DEBUG] [thread-id 1] - sleep:  2000 milliseconds
2025-03-27 21:52:44.474 [DEBUG] [thread-id 1] - Enter text: '95122'
2025-03-27 21:52:47.387 [DEBUG] [thread-id 1] - Click element: 'cta.continue'
2025-03-27 21:52:47.892 [DEBUG] [thread-id 1] - sleep:  3000 milliseconds
2025-03-27 21:53:01.088 [DEBUG] [thread-id 1] - [0;34mExecuting function: 'unified.us.functions.home.handlePersonalizedScreen'
2025-03-27 21:53:01.322 [DEBUG] [thread-id 1] - conditionally execute a flow. condition: true
2025-03-27 21:53:01.563 [DEBUG] [thread-id 1] - [38;5;202mObserved Personalize Shopping Screen
2025-03-27 21:53:01.822 [DEBUG] [thread-id 1] - Verify identifier: {ATTPermissionViewController.bodyLabel=[true]}
2025-03-27 21:53:02.281 [DEBUG] [thread-id 1] - conditionally execute a flow. condition: true
2025-03-27 21:53:02.557 [DEBUG] [thread-id 1] - Click element: 'cta.continue.location'
2025-03-27 21:53:04.642 [DEBUG] [thread-id 1] - [38;5;28mPersonalized Shopping Experience Screen Handled.
2025-03-27 21:53:16.939 [DEBUG] [thread-id 1] - [0;34mExecuting function: 'unified.us.functions.gic.collapseIfExpanded'
2025-03-27 21:53:23.181 [DEBUG] [thread-id 1] - [38;5;202mGIC already collapsed
2025-03-27 21:53:25.556 [DEBUG] [thread-id 1] - Verify identifier: {Search Walmart=[true]}
2025-03-27 21:53:25.556 [DEBUG] [thread-id 1] - [0;34mExecuting function: 'unified.us.functions.home.navigateHomeToSignIn'
2025-03-27 21:53:25.556 [DEBUG] [thread-id 1] - Store in: store the value 'Pre-transactions' in the variable 'executionStage'
2025-03-27 21:53:27.243 [DEBUG] [thread-id 1] - Click element: '//XCUIElementTypeButton[@name="Account"] | Account'
2025-03-27 21:53:29.408 [DEBUG] [thread-id 1] - Verify identifier: {//XCUIElementTypeButton[@name="SignInYourAccountTableViewCell.signInButton"] | //XCUIElementTypeButton[@name="SignInYourAccountView.signInButton"]=[true]}
2025-03-27 21:53:29.755 [DEBUG] [thread-id 1] - Click element: '//XCUIElementTypeButton[@name="SignInYourAccountTableViewCell.signInButton"] | //XCUIElementTypeButton[@name="SignInYourAccountView.signInButton"]'
2025-03-27 21:53:32.192 [DEBUG] [thread-id 1] - conditionally execute a flow. condition: true
2025-03-27 21:53:33.532 [DEBUG] [thread-id 1] - Store in: store the value 'true' in the variable 'signInValidated'
2025-03-27 21:53:33.622 [DEBUG] [thread-id 1] - conditionally execute a flow. condition: true
2025-03-27 21:53:35.041 [DEBUG] [thread-id 1] - [38;5;202mSignIn page loaded
2025-03-27 21:53:36.440 [DEBUG] [thread-id 1] - Store in: store the value 'false' in the variable 'signInValidated'
2025-03-27 21:53:36.514 [DEBUG] [thread-id 1] - [0;34mExecuting function: 'unified.us.functions.global.authentication.signInAccountWithParams'
2025-03-27 21:53:36.515 [DEBUG] [thread-id 1] - Store in: store the value 'Pre-transactions' in the variable 'executionStage'
2025-03-27 21:53:36.515 [DEBUG] [thread-id 1] - [0;34mExecuting function: 'unified.us.functions.authentication.signInInfo'
2025-03-27 21:53:36.515 [DEBUG] [thread-id 1] - conditionally execute a flow. condition: true
2025-03-27 21:53:37.897 [DEBUG] [thread-id 1] - Store in: store the value 'prod.ios.consolidatedshipping@cloudtest.org' in the variable 'email'
2025-03-27 21:53:39.269 [DEBUG] [thread-id 1] - Store in: store the value 'E2epassword$' in the variable 'password'
2025-03-27 21:53:39.357 [DEBUG] [thread-id 1] - [0;34mExecuting function: 'unified.us.functions.global.authentication.signInAccount'
2025-03-27 21:53:39.358 [DEBUG] [thread-id 1] - conditionally execute a flow. condition: true
2025-03-27 21:53:52.630 [DEBUG] [thread-id 1] - Verify identifier: {TextFieldStackView.containerStackView=[true]}
2025-03-27 21:53:52.803 [DEBUG] [thread-id 1] - Enter text: 'prod.ios.consolidatedshipping@cloudtest.org'
2025-03-27 21:53:58.100 [DEBUG] [thread-id 1] - Click element: 'WelcomeView.ctaButton'
2025-03-27 21:53:58.862 [DEBUG] [thread-id 1] - sleep:  2000 milliseconds
2025-03-27 21:54:01.589 [DEBUG] [thread-id 1] - conditionally execute a flow. condition: true
2025-03-27 21:54:03.039 [DEBUG] [thread-id 1] - [38;5;202mEntered Email Successfully
2025-03-27 21:54:04.559 [DEBUG] [thread-id 1] - conditionally execute a flow. condition: true
2025-03-27 21:54:06.278 [DEBUG] [thread-id 1] - Click element: 'AuthChoiceView.passwordStackView'
2025-03-27 21:54:08.807 [DEBUG] [thread-id 1] - [38;5;202mSelected Password Option to Login
2025-03-27 21:54:08.892 [DEBUG] [thread-id 1] - Verify identifier: {TextFieldStackView.textField=[true]}
2025-03-27 21:54:09.088 [DEBUG] [thread-id 1] - Enter text: 'E2epassword$'
2025-03-27 21:54:16.442 [DEBUG] [thread-id 1] - Click element: 'AuthChoiceView.ctaButton'
2025-03-27 21:54:37.879 [DEBUG] [thread-id 1] - conditionally execute a flow. condition: true
2025-03-27 21:54:38.694 [DEBUG] [thread-id 1] - sleep:  2000 milliseconds
2025-03-27 21:54:52.366 [DEBUG] [thread-id 1] - [0;34mExecuting function: 'unified.us.functions.utils.handleCartMergePopup'
2025-03-27 21:55:13.974 [DEBUG] [thread-id 1] - [38;5;202mNo Technical Error Page observed
2025-03-27 21:55:13.981 [DEBUG] [thread-id 1] - [0;34mExecuting function: 'unified.us.functions.home.toolTip'
2025-03-27 21:55:24.388 [DEBUG] [thread-id 1] - conditionally execute a flow. condition: false
2025-03-27 21:55:25.145 [DEBUG] [thread-id 1] - [38;5;202mno tooltip displayed
2025-03-27 21:55:25.159 [DEBUG] [thread-id 1] - [0;34mExecuting function: 'unified.us.functions.global.navigation.accountToHome'
2025-03-27 21:55:25.160 [DEBUG] [thread-id 1] - [0;34mExecuting function: 'unified.us.functions.global.navigation.toTab'
2025-03-27 21:55:25.160 [DEBUG] [thread-id 1] - [0;34mExecuting function: 'unified.us.functions.utils.scrollIfNotVisible'
2025-03-27 21:55:25.160 [WARN] [thread-id 1] - variable scrollLimit was used, but r2 could not find a value for this variable. returning default of null
2025-03-27 21:55:25.160 [DEBUG] [thread-id 1] - conditionally execute a flow. condition: true
2025-03-27 21:55:25.892 [DEBUG] [thread-id 1] - Store in: store the value '7' in the variable 'scrollLimit'
2025-03-27 21:55:25.897 [DEBUG] [thread-id 1] - [38;5;202mScroll limit set to - 7
2025-03-27 21:55:25.897 [DEBUG] [thread-id 1] - conditionally execute a flow. condition: true
2025-03-27 21:55:27.202 [DEBUG] [thread-id 1] - conditionally execute a flow. condition: true
2025-03-27 21:55:27.992 [DEBUG] [thread-id 1] - [38;5;202mElement already visible, scrolling is skipped
2025-03-27 21:55:28.006 [WARN] [thread-id 1] - variable scrollNeeded was used, but r2 could not find a value for this variable. returning default of null
2025-03-27 21:55:28.006 [DEBUG] [thread-id 1] - [38;5;202mResetting scrollPosition variable to default
2025-03-27 21:55:28.006 [DEBUG] [thread-id 1] - Store in: store the value 'null' in the variable 'scrollPosition'
2025-03-27 21:55:28.007 [DEBUG] [thread-id 1] - Store in: store the value 'null' in the variable 'identifierScope'
2025-03-27 21:55:28.007 [DEBUG] [thread-id 1] - Store in: store the value 'null' in the variable 'scrollLimit'
2025-03-27 21:55:28.007 [DEBUG] [thread-id 1] - Store in: store the value 'false' in the variable 'scrollNeeded'
2025-03-27 21:55:28.586 [DEBUG] [thread-id 1] - Click element: '//XCUIElementTypeButton[contains(@name, "Shop")]'
2025-03-27 21:55:29.183 [DEBUG] [thread-id 1] - [0;34mExecuting function: 'unified.us.functions.home.closeWPlusPromotionPopUpIfDisplayed'
2025-03-27 21:55:29.183 [DEBUG] [thread-id 1] - conditionally execute a flow. condition: true
2025-03-27 21:55:42.262 [DEBUG] [thread-id 1] - [0;34mExecuting function: 'unified.us.functions.global.navigation.goToDeepLink'
2025-03-27 21:55:42.262 [DEBUG] [thread-id 1] - Store in: store the value 'Post-transactions' in the variable 'executionStage'
2025-03-27 21:55:42.262 [DEBUG] [thread-id 1] - [38;5;202mOpen deep link
2025-03-27 21:55:42.262 [DEBUG] [thread-id 1] - [38;5;202mwalmart://expo?expo_preview=true&experiment_spec=AItRI&variation_specs=Ql5V9&experiment_count=0
2025-03-27 21:55:42.263 [DEBUG] [thread-id 1] - Verify value of: '$deepLinkUrl'
2025-03-27 21:55:42.263 [DEBUG] [thread-id 1] - Open link: 'walmart://expo?expo_preview=true&experiment_spec=AItRI&variation_specs=Ql5V9&experiment_count=0'
2025-03-27 21:55:44.050 [DEBUG] [thread-id 1] - conditionally execute a flow. condition: true
2025-03-27 21:55:46.366 [DEBUG] [thread-id 1] - [0;34mExecuting function: 'unified.us.functions.global.navigation.openDeepLink'
2025-03-27 21:55:51.183 [DEBUG] [thread-id 1] - [38;5;202mDeeplink pop up not displayed
2025-03-27 21:55:51.400 [DEBUG] [thread-id 1] - sleep:  3000 milliseconds
2025-03-27 21:55:54.409 [DEBUG] [thread-id 1] - [0;34mExecuting function: 'unified.us.functions.global.navigation.toCartFromNavBar'
2025-03-27 21:55:54.410 [DEBUG] [thread-id 1] - Store in: store the value 'Transactions' in the variable 'executionStage'
2025-03-27 21:55:56.342 [DEBUG] [thread-id 1] - Verify identifier: {//XCUIElementTypeButton[contains(@label, "Your cart")] | //XCUIElementTypeButton[(@name="SearchResultsViewController.cartButton") or (contains(@label,"Your cart contains") and contains(@label,"The estimated total is")) or (@label="Your cart is empty")]=[true]}
2025-03-27 21:55:58.489 [DEBUG] [thread-id 1] - Click element: '//XCUIElementTypeButton[contains(@label, "Your cart")] | //XCUIElementTypeButton[(@name="SearchResultsViewController.cartButton") or (contains(@label,"Your cart contains") and contains(@label,"The estimated total is")) or (@label="Your cart is empty")]'
2025-03-27 21:55:59.720 [DEBUG] [thread-id 1] - [0;34mExecuting function: 'unified.us.functions.cart.storeChangePopUp'
2025-03-27 21:56:18.158 [DEBUG] [thread-id 1] - [38;5;202mNo Store Change pop up screen displayed
2025-03-27 21:56:32.658 [DEBUG] [thread-id 1] - conditionally execute a flow. condition: false
2025-03-27 21:56:53.573 [DEBUG] [thread-id 1] - conditionally execute a flow. condition: false
2025-03-27 21:57:00.281 [WARN] [thread-id 1] - variable skipValidation was used, but r2 could not find a value for this variable. returning default of null
2025-03-27 21:57:00.281 [DEBUG] [thread-id 1] - conditionally execute a flow. condition: true
2025-03-27 21:57:19.435 [DEBUG] [thread-id 1] - conditionally execute a flow. condition: true
2025-03-27 21:57:26.206 [DEBUG] [thread-id 1] - [38;5;202mcart page loaded
2025-03-27 21:57:26.762 [DEBUG] [thread-id 1] - [0;34mExecuting function: 'unified.us.functions.cart.removeAllCartItems'
2025-03-27 21:57:26.762 [DEBUG] [thread-id 1] - [0;34mExecuting function: 'unified.us.functions.cart.storeChangePopUp'
2025-03-27 21:57:40.266 [DEBUG] [thread-id 1] - [38;5;202mNo Store Change pop up screen displayed
2025-03-27 21:57:40.789 [DEBUG] [thread-id 1] - [0;34mExecuting function: 'unified.us.functions.cart.removeAdonsNotAvailable'
2025-03-27 21:57:57.722 [DEBUG] [thread-id 1] - [38;5;202mNo remove Adons pop up screen displayed
2025-03-27 21:58:11.280 [DEBUG] [thread-id 1] - conditionally execute a flow. condition: false
2025-03-27 21:58:18.020 [DEBUG] [thread-id 1] - conditionally execute a flow. condition: true
2025-03-27 21:58:56.817 [DEBUG] [thread-id 1] - get number of child elements for //XCUIElementTypeScrollView[@name="ReviewOrderViewController.scrollView"] | //XCUIElementTypeOther[@name="CartDetailsViewController.stackView"] | //XCUIElementTypeCollectionView[@name="CartCollectionViewController.collectionView"]: 0
2025-03-27 21:59:21.138 [DEBUG] [thread-id 1] - get number of child elements for //XCUIElementTypeScrollView[@name="ReviewOrderViewController.scrollView"] | //XCUIElementTypeOther[@name="CartDetailsViewController.stackView"] | //XCUIElementTypeCollectionView[@name="CartCollectionViewController.collectionView"]: 2
2025-03-27 21:59:28.035 [DEBUG] [thread-id 1] - [38;5;202m2
2025-03-27 21:59:35.062 [WARN] [thread-id 1] - variable scrollDown was used, but r2 could not find a value for this variable. returning default of null
2025-03-27 21:59:35.062 [DEBUG] [thread-id 1] - conditionally execute a flow. condition: true
2025-03-27 21:59:42.071 [DEBUG] [thread-id 1] - Scroll: down
2025-03-27 22:00:22.416 [DEBUG] [thread-id 1] - loop: from 0 to 9
2025-03-27 22:00:28.867 [DEBUG] [thread-id 1] - [38;5;202m0
2025-03-27 22:00:48.165 [DEBUG] [thread-id 1] - Verify identifier: {//XCUIElementTypeButton[contains(@label, "Remove and continue")] | //XCUIElementTypeButton[@name="Remove" or @name = "CartItemTileView.remove"]=[true]}
2025-03-27 22:01:01.241 [DEBUG] [thread-id 1] - Click element: '//XCUIElementTypeButton[contains(@label, "Remove and continue")] | //XCUIElementTypeButton[@name="Remove" or @name = "CartItemTileView.remove"]'
2025-03-27 22:01:16.171 [DEBUG] [thread-id 1] - [38;5;202m1
2025-03-27 22:01:33.734 [DEBUG] [thread-id 1] - Verify identifier: {//XCUIElementTypeButton[contains(@label, "Remove and continue")] | //XCUIElementTypeButton[@name="Remove" or @name = "CartItemTileView.remove"]=[true]}
2025-03-27 22:01:44.820 [DEBUG] [thread-id 1] - Click element: '//XCUIElementTypeButton[contains(@label, "Remove and continue")] | //XCUIElementTypeButton[@name="Remove" or @name = "CartItemTileView.remove"]'
2025-03-27 22:01:57.940 [DEBUG] [thread-id 1] - [38;5;202m2
2025-03-27 22:02:08.665 [DEBUG] [thread-id 1] - [38;5;202mNo Items in Cart to Remove
2025-03-27 22:02:14.549 [DEBUG] [thread-id 1] - [0;34mExecuting function: 'unified.us.functions.cart.removeUnavailableItemsFromCart'
2025-03-27 22:02:14.551 [DEBUG] [thread-id 1] - conditionally execute a flow. condition: true
2025-03-27 22:02:28.941 [DEBUG] [thread-id 1] - [0;34mExecuting function: 'unified.us.functions.global.navigation.backNavigation'
2025-03-27 22:02:28.942 [DEBUG] [thread-id 1] - [38;5;202mGlobal Back navigation
2025-03-27 22:02:28.942 [DEBUG] [thread-id 1] - conditionally execute a flow. condition: true
2025-03-27 22:02:36.815 [DEBUG] [thread-id 1] - Click element: '//XCUIElementTypeButton[@name="Back" or @label="Back"] | //XCUIElementTypeNavigationBar[@name="Cart"]/XCUIElementTypeButton[contains(@name,"Search")] | //XCUIElementTypeNavigationBar/XCUIElementTypeButton[not(contains(@label,"cart"))]'
2025-03-27 22:02:38.158 [DEBUG] [thread-id 1] - [0;34mExecuting function: 'unified.us.functions.gic.changeFulfillment'
2025-03-27 22:02:38.160 [DEBUG] [thread-id 1] - [0;34mExecuting function: 'unified.us.functions.gic.expandIfCollapsed'
2025-03-27 22:02:43.921 [DEBUG] [thread-id 1] - Verify identifier: {//*[contains(@label,"Collapsed")] | //*[contains(@name,"Collapsed")]=[true]}
2025-03-27 22:02:48.711 [DEBUG] [thread-id 1] - Click element: '//*[contains(@label,"Collapsed")] | //*[contains(@name,"Collapsed")]'
2025-03-27 22:02:50.019 [DEBUG] [thread-id 1] - [0;34mExecuting function: 'unified.us.functions.gic.setFulfillment'
2025-03-27 22:02:50.020 [DEBUG] [thread-id 1] - conditionally execute a flow. condition: true
2025-03-27 22:03:01.114 [DEBUG] [thread-id 1] - conditionally execute a flow. condition: false
2025-03-27 22:03:04.025 [DEBUG] [thread-id 1] - Click element: '//XCUIElementTypeButton[@name="GlobalIntentCenter.Delivery"] | //XCUIElementTypeButton[contains(@name, "Delivery") ] | //XCUIElementTypeButton[@name="HoTIntentOptionsView" or @name="HoTIntentOptionsPhase2View" and contains(@label,"Delivery")]'
2025-03-27 22:03:05.362 [DEBUG] [thread-id 1] - [38;5;202mDelivery intent selected
2025-03-27 22:03:06.208 [DEBUG] [thread-id 1] - sleep:  3000 milliseconds
2025-03-27 22:03:20.326 [DEBUG] [thread-id 1] - [0;34mExecuting function: 'unified.us.functions.gic.collapseIfExpanded'
2025-03-27 22:03:21.903 [DEBUG] [thread-id 1] - Verify identifier: {//*[contains(@label,"Expanded")] | //*[contains(@name,"Expanded")]=[true]}
2025-03-27 22:03:22.832 [DEBUG] [thread-id 1] - [38;5;202mCollapsing GIC screen
2025-03-27 22:03:24.407 [DEBUG] [thread-id 1] - Click element: '//*[contains(@label,"Expanded")] | //*[contains(@name,"Expanded")]'
2025-03-27 22:03:25.031 [DEBUG] [thread-id 1] - [0;34mExecuting function: 'unified.us.functions.home.setStore'
2025-03-27 22:03:25.031 [DEBUG] [thread-id 1] - conditionally execute a flow. condition: false
2025-03-27 22:03:27.450 [DEBUG] [thread-id 1] - Store in: store the value '95110' in the variable 'zipcode'
2025-03-27 22:03:27.662 [DEBUG] [thread-id 1] - [0;34mExecuting function: 'unified.us.functions.gic.expandIfCollapsed'
2025-03-27 22:03:32.369 [DEBUG] [thread-id 1] - Verify identifier: {//*[contains(@label,"Collapsed")] | //*[contains(@name,"Collapsed")]=[true]}
2025-03-27 22:03:37.496 [DEBUG] [thread-id 1] - Click element: '//*[contains(@label,"Collapsed")] | //*[contains(@name,"Collapsed")]'
2025-03-27 22:03:50.163 [DEBUG] [thread-id 1] - conditionally execute a flow. condition: false
2025-03-27 22:03:51.079 [DEBUG] [thread-id 1] - [38;5;202mSkipping as its already set to the required store
2025-03-27 22:03:52.002 [DEBUG] [thread-id 1] - [0;34mExecuting function: 'unified.us.functions.gic.collapseIfExpanded'
2025-03-27 22:03:53.572 [DEBUG] [thread-id 1] - Verify identifier: {//*[contains(@label,"Expanded")] | //*[contains(@name,"Expanded")]=[true]}
2025-03-27 22:03:54.471 [DEBUG] [thread-id 1] - [38;5;202mCollapsing GIC screen
2025-03-27 22:03:56.030 [DEBUG] [thread-id 1] - Click element: '//*[contains(@label,"Expanded")] | //*[contains(@name,"Expanded")]'
2025-03-27 22:03:56.883 [DEBUG] [thread-id 1] - [0;34mExecuting function: 'unified.us.functions.global.navigation.goToDeepLink'
2025-03-27 22:03:56.883 [DEBUG] [thread-id 1] - Store in: store the value 'Post-transactions' in the variable 'executionStage'
2025-03-27 22:03:56.883 [DEBUG] [thread-id 1] - [38;5;202mOpen deep link
2025-03-27 22:03:56.883 [DEBUG] [thread-id 1] - [38;5;202mwalmart://item/44390950
2025-03-27 22:03:56.883 [DEBUG] [thread-id 1] - Verify value of: '$deepLinkUrl'
2025-03-27 22:03:56.883 [DEBUG] [thread-id 1] - Open link: 'walmart://item/44390950'
2025-03-27 22:03:58.493 [DEBUG] [thread-id 1] - conditionally execute a flow. condition: true
2025-03-27 22:04:00.621 [DEBUG] [thread-id 1] - [38;5;202mDeeplink pop up not displayed
2025-03-27 22:04:00.633 [DEBUG] [thread-id 1] - sleep:  3000 milliseconds
2025-03-27 22:04:03.635 [DEBUG] [thread-id 1] - [0;34mExecuting function: 'unified.us.functions.item.addItemToCart'
2025-03-27 22:04:03.636 [DEBUG] [thread-id 1] - Store in: store the value 'Transactions' in the variable 'executionStage'
2025-03-27 22:04:03.638 [DEBUG] [thread-id 1] - [0;34mExecuting function: 'unified.us.functions.item.validateAndClickAddToCartButton'
2025-03-27 22:04:31.750 [DEBUG] [thread-id 1] - Verify identifier: {stepper.mainButton=[true]}
2025-03-27 22:04:50.780 [DEBUG] [thread-id 1] - [38;5;202mATC button present
2025-03-27 22:05:15.209 [DEBUG] [thread-id 1] - Click element: 'stepper.mainButton'
2025-03-27 22:05:31.736 [WARN] [thread-id 1] - variable skipPostAddToCartSteps was used, but r2 could not find a value for this variable. returning default of null
2025-03-27 22:05:31.737 [DEBUG] [thread-id 1] - conditionally execute a flow. condition: true
2025-03-27 22:05:51.759 [DEBUG] [thread-id 1] - conditionally execute a flow. condition: true
2025-03-27 22:06:12.695 [DEBUG] [thread-id 1] - [0;34mExecuting function: 'unified.us.functions.global.navigation.goToDeepLink'
2025-03-27 22:06:12.697 [DEBUG] [thread-id 1] - Store in: store the value 'Post-transactions' in the variable 'executionStage'
2025-03-27 22:06:12.697 [DEBUG] [thread-id 1] - [38;5;202mOpen deep link
2025-03-27 22:06:12.697 [DEBUG] [thread-id 1] - [38;5;202mwalmart://home
2025-03-27 22:06:12.697 [DEBUG] [thread-id 1] - Verify value of: '$deepLinkUrl'
2025-03-27 22:06:12.697 [DEBUG] [thread-id 1] - Open link: 'walmart://home'
2025-03-27 22:06:13.720 [DEBUG] [thread-id 1] - conditionally execute a flow. condition: true
2025-03-27 22:06:22.058 [DEBUG] [thread-id 1] - [38;5;202mDeeplink pop up not displayed
2025-03-27 22:06:22.279 [DEBUG] [thread-id 1] - sleep:  3000 milliseconds
2025-03-27 22:06:25.329 [DEBUG] [thread-id 1] - Store in: store the value 'false' in the variable 'skipPostAddToCartSteps'
2025-03-27 22:06:25.329 [DEBUG] [thread-id 1] - Store in: store the value 'false' in the variable 'apiFetch'
2025-03-27 22:06:25.330 [DEBUG] [thread-id 1] - [0;34mExecuting function: 'unified.us.functions.global.navigation.goToDeepLink'
2025-03-27 22:06:25.330 [DEBUG] [thread-id 1] - Store in: store the value 'Post-transactions' in the variable 'executionStage'
2025-03-27 22:06:25.330 [DEBUG] [thread-id 1] - [38;5;202mOpen deep link
2025-03-27 22:06:25.330 [DEBUG] [thread-id 1] - [38;5;202mwalmart://item/182565738
2025-03-27 22:06:25.330 [DEBUG] [thread-id 1] - Verify value of: '$deepLinkUrl'
2025-03-27 22:06:25.330 [DEBUG] [thread-id 1] - Open link: 'walmart://item/182565738'
2025-03-27 22:06:26.303 [DEBUG] [thread-id 1] - conditionally execute a flow. condition: true
2025-03-27 22:06:28.319 [DEBUG] [thread-id 1] - [38;5;202mDeeplink pop up not displayed
2025-03-27 22:06:28.332 [DEBUG] [thread-id 1] - sleep:  3000 milliseconds
2025-03-27 22:06:31.342 [DEBUG] [thread-id 1] - [0;34mExecuting function: 'unified.us.functions.item.addItemToCart'
2025-03-27 22:06:31.343 [DEBUG] [thread-id 1] - Store in: store the value 'Transactions' in the variable 'executionStage'
2025-03-27 22:06:54.601 [DEBUG] [thread-id 1] - Verify identifier: {stepper.mainButton=[true]}
2025-03-27 22:07:16.305 [DEBUG] [thread-id 1] - [38;5;202mATC button present
2025-03-27 22:07:37.300 [DEBUG] [thread-id 1] - Click element: 'stepper.mainButton'
2025-03-27 22:07:50.548 [DEBUG] [thread-id 1] - conditionally execute a flow. condition: true
2025-03-27 22:08:08.744 [DEBUG] [thread-id 1] - conditionally execute a flow. condition: true
2025-03-27 22:08:27.310 [DEBUG] [thread-id 1] - Store in: store the value 'Post-transactions' in the variable 'executionStage'
2025-03-27 22:08:27.311 [DEBUG] [thread-id 1] - [38;5;202mOpen deep link
2025-03-27 22:08:27.311 [DEBUG] [thread-id 1] - [38;5;202mwalmart://home
2025-03-27 22:08:27.312 [DEBUG] [thread-id 1] - Verify value of: '$deepLinkUrl'
2025-03-27 22:08:27.312 [DEBUG] [thread-id 1] - Open link: 'walmart://home'
2025-03-27 22:08:28.203 [DEBUG] [thread-id 1] - conditionally execute a flow. condition: true
2025-03-27 22:08:37.200 [DEBUG] [thread-id 1] - [38;5;202mDeeplink pop up not displayed
2025-03-27 22:08:37.419 [DEBUG] [thread-id 1] - sleep:  3000 milliseconds
2025-03-27 22:08:40.453 [DEBUG] [thread-id 1] - Store in: store the value 'false' in the variable 'skipPostAddToCartSteps'
2025-03-27 22:08:40.454 [DEBUG] [thread-id 1] - Store in: store the value 'false' in the variable 'apiFetch'
2025-03-27 22:08:40.456 [DEBUG] [thread-id 1] - [0;34mExecuting function: 'unified.us.functions.global.navigation.goToDeepLink'
2025-03-27 22:08:40.456 [DEBUG] [thread-id 1] - Store in: store the value 'Post-transactions' in the variable 'executionStage'
2025-03-27 22:08:40.456 [DEBUG] [thread-id 1] - [38;5;202mOpen deep link
2025-03-27 22:08:40.456 [DEBUG] [thread-id 1] - [38;5;202mwalmart://home
2025-03-27 22:08:40.456 [DEBUG] [thread-id 1] - Verify value of: '$deepLinkUrl'
2025-03-27 22:08:40.456 [DEBUG] [thread-id 1] - Open link: 'walmart://home'
2025-03-27 22:08:41.609 [DEBUG] [thread-id 1] - conditionally execute a flow. condition: true
2025-03-27 22:08:48.801 [DEBUG] [thread-id 1] - [38;5;202mDeeplink pop up not displayed
2025-03-27 22:08:49.020 [DEBUG] [thread-id 1] - sleep:  3000 milliseconds
2025-03-27 22:08:52.027 [DEBUG] [thread-id 1] - [0;34mExecuting function: 'unified.us.functions.global.navigation.toCartFromNavBar'
2025-03-27 22:08:52.027 [DEBUG] [thread-id 1] - Store in: store the value 'Transactions' in the variable 'executionStage'
2025-03-27 22:08:54.020 [DEBUG] [thread-id 1] - Verify identifier: {//XCUIElementTypeButton[contains(@label, "Your cart")] | //XCUIElementTypeButton[(@name="SearchResultsViewController.cartButton") or (contains(@label,"Your cart contains") and contains(@label,"The estimated total is")) or (@label="Your cart is empty")]=[true]}
2025-03-27 22:08:56.172 [DEBUG] [thread-id 1] - Click element: '//XCUIElementTypeButton[contains(@label, "Your cart")] | //XCUIElementTypeButton[(@name="SearchResultsViewController.cartButton") or (contains(@label,"Your cart contains") and contains(@label,"The estimated total is")) or (@label="Your cart is empty")]'
2025-03-27 22:09:12.233 [DEBUG] [thread-id 1] - [38;5;202mNo Store Change pop up screen displayed
2025-03-27 22:09:25.714 [DEBUG] [thread-id 1] - conditionally execute a flow. condition: false
2025-03-27 22:09:45.941 [DEBUG] [thread-id 1] - conditionally execute a flow. condition: false
2025-03-27 22:09:52.753 [WARN] [thread-id 1] - variable skipValidation was used, but r2 could not find a value for this variable. returning default of null
2025-03-27 22:09:52.754 [DEBUG] [thread-id 1] - conditionally execute a flow. condition: true
2025-03-27 22:10:11.721 [DEBUG] [thread-id 1] - conditionally execute a flow. condition: true
2025-03-27 22:10:18.236 [DEBUG] [thread-id 1] - [38;5;202mcart page loaded
2025-03-27 22:10:18.764 [DEBUG] [thread-id 1] - [0;34mExecuting function: 'unified.us.functions.selectBookingSlot.MBC'
2025-03-27 22:10:18.764 [DEBUG] [thread-id 1] - [38;5;202mSlot booking from the banner for Scheduled Delivery.
2025-03-27 22:10:22.818 [DEBUG] [thread-id 1] - conditionally execute a flow. condition: true
2025-03-27 22:10:34.206 [DEBUG] [thread-id 1] - Click element: '//XCUIElementTypeButton[@name="ArrowedHorizontalCollectionView.rightArrow"]'
2025-03-27 22:10:43.863 [DEBUG] [thread-id 1] - sleep:  1000 milliseconds
2025-03-27 22:10:56.518 [DEBUG] [thread-id 1] - Click element: '//XCUIElementTypeStaticText[contains(@name,"pm")] | //XCUIElementTypeStaticText[contains(@name,"am")]'
2025-03-27 22:10:59.634 [DEBUG] [thread-id 1] - [38;5;202mR2_SUBFLOW_TRANSACTION
2025-03-27 22:10:59.636 [DEBUG] [thread-id 1] - [0;34mExecuting function: 'unified.us.functions.cart.continueToCheckout'
2025-03-27 22:11:14.773 [DEBUG] [thread-id 1] - Verify identifier: {//XCUIElementTypeButton[@name="CartPrimaryCTAButton"] | //XCUIElementTypeButton[@name="CartFinishButton"]=[true]}
2025-03-27 22:11:20.866 [DEBUG] [thread-id 1] - Click element: '//XCUIElementTypeButton[@name="CartPrimaryCTAButton"] | //XCUIElementTypeButton[@name="CartFinishButton"]'
2025-03-27 22:11:23.295 [DEBUG] [thread-id 1] - sleep:  3000 milliseconds
2025-03-27 22:11:26.301 [DEBUG] [thread-id 1] - [0;34mExecuting function: 'unified.us.functions.cart.checkOutGetItFasterPopUp'
2025-03-27 22:11:31.257 [DEBUG] [thread-id 1] - [38;5;202mGet It Faster PopUp not visible
2025-03-27 22:11:31.375 [DEBUG] [thread-id 1] - [0;34mExecuting function: 'unified.us.functions.cart.handleSafetyAdvice'
2025-03-27 22:11:53.218 [DEBUG] [thread-id 1] - [38;5;202mSafety Advice Header pop up not available
2025-03-27 22:12:26.305 [DEBUG] [thread-id 1] - [0;34mExecuting function: 'unified.us.functions.cart.handleItemUpdatesBottomTray'
2025-03-27 22:12:26.306 [DEBUG] [thread-id 1] - conditionally execute a flow. condition: true
2025-03-27 22:12:34.593 [DEBUG] [thread-id 1] - [38;5;202mNo item update pop up
2025-03-27 22:12:35.469 [DEBUG] [thread-id 1] - conditionally execute a flow. condition: true
2025-03-27 22:12:37.135 [DEBUG] [thread-id 1] - [38;5;202mClicked on Checkout button successfully
2025-03-27 22:12:37.264 [WARN] [thread-id 1] - variable giftItem was used, but r2 could not find a value for this variable. returning default of null
2025-03-27 22:12:37.267 [WARN] [thread-id 1] - variable doNotCloseWplusPopup was used, but r2 could not find a value for this variable. returning default of null
2025-03-27 22:12:37.268 [DEBUG] [thread-id 1] - conditionally execute a flow. condition: false
2025-03-27 22:12:38.888 [DEBUG] [thread-id 1] - [0;34mExecuting function: 'unified.us.functions.home.closeWPlusPromotionPopUpIfDisplayed'
2025-03-27 22:12:38.889 [DEBUG] [thread-id 1] - conditionally execute a flow. condition: true
2025-03-27 22:12:52.606 [DEBUG] [thread-id 1] - [0;34mExecuting function: 'unified.us.functions.wplus.handle.SubstitutionPreferencePopup'
2025-03-27 22:12:54.226 [DEBUG] [thread-id 1] - conditionally execute a flow. condition: true
2025-03-27 22:12:55.982 [DEBUG] [thread-id 1] - conditionally execute a flow. condition: true
2025-03-27 22:12:57.604 [DEBUG] [thread-id 1] - Scroll: down
2025-03-27 22:14:25.688 [DEBUG] [thread-id 1] - [0;31mMain failed: Cannot click '//XCUIElementTypeStaticText[@name="Close"] | //XCUIElementTypeButton[@name="LDCallout.closeLinkButton"]'
2025-03-27 22:14:28.845 [DEBUG] [thread-id 1] - [0;34mExecuting scenario: 'After'
2025-03-27 22:14:28.846 [DEBUG] [thread-id 1] - [0;34mExecuting function: 'unified.us.functions.utils.afterSteps'
2025-03-27 22:14:28.846 [WARN] [thread-id 1] - variable testStatus was used, but r2 could not find a value for this variable. returning default of null
2025-03-27 22:14:28.846 [DEBUG] [thread-id 1] - conditionally execute a flow. condition: false
2025-03-27 22:14:30.357 [DEBUG] [thread-id 1] - [38;5;202mTest failed
2025-03-27 22:14:37.031 [DEBUG] [thread-id 1] - Created report: /Users/m0k0a2f/glass-automation/report/index.html
