2024-01-03 10:02:06.391 [DEBUG] [thread-id 1] - Executing R2 3.38.1: '/Users/m0k0a2f/glass-automation/./us/test/test-scripts/android/golden-flows/wplus-flows/Wplus-ibotta-rewards/C2671353-Android-Ibotta-Rewards-Cancelled.yaml' on device: 'Pixel5_API_31'
2024-01-03 10:02:20.726 [DEBUG] [thread-id 1] - Executing scenario: 'Before'
2024-01-03 10:02:20.728 [DEBUG] [thread-id 1] - R2_EXTEND_TRIAL_MEMBER_FLOW
2024-01-03 10:02:20.729 [DEBUG] [thread-id 1] - Timestamp: 1704304940729
2024-01-03 10:02:20.730 [DEBUG] [thread-id 1] - Store in: store the value 'wplususer1704304940729@walmart.com' in the variable 'customerEmail'
2024-01-03 10:02:20.733 [DEBUG] [thread-id 1] - Executing function: 'us.functions.utils.astro.createTrialAccountConvertToPaid'
2024-01-03 10:02:20.733 [DEBUG] [thread-id 1] - Create Account
2024-01-03 10:02:20.734 [DEBUG] [thread-id 1] - {"firstName":"Test","lastName":"User","emailAddress":"wplususer1704304940729@walmart.com","phoneNumber":"4089999999","password":"E2epassword$","paymentMethods":["VISA"],"postalAddress":{"address":"1395 Leeward Dr","city":"San Jose","state":"CA","country":"USA","postalCode":"95122"},"wplusSubscription":{"tenure":"Annual","extendTrial":false,"isNextGen":true}}
2024-01-03 10:02:20.735 [DEBUG] [thread-id 1] - Call API: 'http://astro.walmart.com/api/v2/teflon/customer'
2024-01-03 10:02:34.904 [DEBUG] [thread-id 1] - Response code is: '200'. Response body is: '{"astroStatus":"SUCCESS","astroDescription":"SIGNUP_SUCCESS","astroDetails":{"status":"OK","statusCode":200,"customerAccountId":"a94e0a5c-0639-4c17-8577-9a1e7fbe7ee9","customerDetails":{"firstName":"Test","lastName":"User","emailAddress":"wplususer1704304940729@walmart.com","phoneNumber":"4089999999","password":"E2epassword$","paymentMethods":["VISA"],"postalAddress":{"address":"1395 Leeward Dr","city":"San Jose","state":"CA","country":"USA","postalCode":"95122"},"wplusSubscription":{"tenure":"Annual","extendTrial":false,"isNextGen":true}},"addDeliveryPreference":"OK","addPaymentPreference":"OK","addPaymentPreferenceId":"345ead13-6617-4f33-9d93-a0a25f23e625","customerPatch":"OK","wPlusActivationRes":{"statusCode":200,"description":"wplusActivation Successfully","response":{"astroStatus":"SUCCESS","astroDescription":"Added W+ membership for customer wplususer1704304940729@walmart.com","astroDetails":{"status":"CREATED","header":null,"errors":null,"payload":{"id":"40826bb5-fd18-486b-afea-1fb0f5337ae6","customerId":"a94e0a5c-0639-4c17-8577-9a1e7fbe7ee9","startDate":1706896953365,"endDate":null,"enrolledDate":1704304953365,"tenant":0,"verticalId":0,"martId":null,"createdByConsumer":"2d66e48d-fcaa-4b81-b624-0f0556a24bcd","modifiedByConsumer":null,"identifiers":[],"legacyMembershipId":null,"trial":{"enrollmentDate":1704304953365,"extensions":null},"plan":{"id":"TRIAL30","description":"30 Day Trial","displayName":"Walmart +","price":0,"currency":"USD","duration":{"value":30,"unit":"DAY","description":"Monthly"},"association":null},"nextPlan":{"id":"BASE365","description":"Array of benefits across App, Grocery, and Stores","displayName":"Walmart +","price":98,"currency":"USD","duration":{"value":365,"unit":"DAY","description":"Annual"},"association":null},"preference":{"paymentId":"345ead13-6617-4f33-9d93-a0a25f23e625","addressId":"7d94cab0-2d65-4329-9bcd-a2912ea036f3"},"renewal":{"autoRenewal":true,"nextBillingDate":1706896953365,"lastBillingDate":null,"nextPlanProratedAmount":null,"nextPlanProratedDuration":null,"dunning":false,"transactionId":null,"dayOfMonth":2,"cycleCount":null,"previousSwitchedBillingDates":null,"reminder":{}},"pauseCycle":{"cycles":[],"prospectiveBillingDate":1709402553365,"pauseStatus":"INELIGIBLE","pauseCount":0},"benefits":[{"code":"ACC","name":"WMPlus Auto Care Center Benefits","description":"Free Roadhazard Warranty with Install, and Free Flat Tire Repair for Members.","active":true,"addon":false},{"code":"CASHBACK","name":"Member Rewards","description":"Earn rewards on select items.","active":true,"addon":false},{"code":"DELIVERY_UNLIMITED","name":"Free delivery from your store","description":"Groceries & more delivered as soon as today, at the low prices you love","active":true,"addon":false},{"code":"FREE_SHIPPING","name":"Free shipping","description":"Items shipped by Walmart ship free —no order minimum. Shipping fee will be waived at checkout. *Restrictions apply.","active":true,"addon":false},{"code":"ITEM_REWARDS","name":"ITEM_REWARDS","description":"Earn rewards on eligible items","active":true,"addon":false},{"code":"LMD_FREE_RETURNS","name":"LMD Free Returns","description":"LMD Free Returns","active":true,"addon":false},{"code":"PET_BENEFITS","name":"PET_BENEFITS","description":"Pet partnerships and rewards offering","active":true,"addon":false},{"code":"RX_DISCOUNT","name":"LMD Free Returns","description":"LMD Free Returns.","active":true,"addon":false},{"code":"SCAN_N_GO","name":"Mobile scan & go","description":"Check out as you shop to make store shopping fast and contact-free.","active":true,"addon":false},{"code":"STREAMING","name":"Paramount Plus","description":"Enjoy critically-acclaimed originals, exclusive live sports, hit movies. Coming soon.","active":true,"addon":false},{"code":"STREAMING_TV","name":"PlutoTV","description":"Watch 250+ channels of free TV and 1000's of on-demand movies and TV shows.","active":true,"addon":false},{"code":"SUBSCRIPTION","name":"SUBSCRIPTION","description":"Paid members save a discount on eligible, household items and get free shipping with no order minimum","active":true,"addon":false},{"code":"TRAVEL","name":"EXPEDIA","description":"White label site offering W+ customers rewards associated with travel reservations.","active":true,"addon":false},{"code":"UPGRADE_FOR_EARLY_ACCESS","name":"UPGRADE_FOR_EARLY_ACCESS","description":"Paid members get exclusive early access to online Black Friday deals","active":true,"addon":false},{"code":"W_FUEL","name":"Member prices on fuel","description":"Member prices on fuel*** Save up to 10¢ per gallon on fuel at Exxon, Mobil, Walmart & Murphy stations.","active":true,"addon":false}],"cancel":null,"meta":{"payroll":false,"requireConsent":false,"consented":false,"programs":null,"referrer":null,"bundleSignup":false,"type":null,"discountGroup":null,"userAgent":null,"termsConsent":{"capturedDate":1704304953365,"consented":null},"test":false},"membershipDiscount":{"discounts":null,"totalDiscount":0},"createdDate":1704304953365,"createdBy":"a94e0a5c-0639-4c17-8577-9a1e7fbe7ee9","modifiedDate":1704304953365,"modifiedBy":"a94e0a5c-0639-4c17-8577-9a1e7fbe7ee9","addons":null,"badges":[],"state":"trial","trialEligibleAddons":["INHOMETRIAL30","TRIAL30","INHOME30","INHOME365","TRIAL_TEST_RV","TRIAL180","TRIAL90","B2BTRIAL30","PRARTNERAUTOMATIONTEST","SHOWTIME30","SHOWTIME365","B2BTRIAL365","B2BTRIAL3650"],"cookies":{"names":{"status":"_m","hash":"_mc"},"status":"5","hash":"iiY8jWUEGhjrnpiMAe3pG7fy4f+cWcivjpADdSDOdBg=","ttl":5184000},"trialPeriod":true,"remainingDays":30}},"astroInfo":null}}}}'
2024-01-03 10:02:34.917 [DEBUG] [thread-id 1] - Account created successfully
2024-01-03 10:02:34.926 [DEBUG] [thread-id 1] - Converting Trial to Paid Member
2024-01-03 10:02:34.928 [DEBUG] [thread-id 1] - Executing function: 'us.functions.utils.astro.convertTrialtoPaidMember'
2024-01-03 10:02:34.929 [DEBUG] [thread-id 1] - Convert Trial to Paid Member
2024-01-03 10:02:34.930 [DEBUG] [thread-id 1] - wplususer1704304940729@walmart.com
2024-01-03 10:02:34.930 [DEBUG] [thread-id 1] - {"firstName":"Test","lastName":"User","emailAddress":"wplususer1704304940729@walmart.com","phoneNumber":"4089999999","password":"E2epassword$","paymentMethods":["VISA"],"postalAddress":{"address":"1395 Leeward Dr","city":"San Jose","state":"CA","country":"USA","postalCode":"95122"},"wplusSubscription":{"tenure":"Annual","extendTrial":false,"isNextGen":true}}
2024-01-03 10:02:34.931 [DEBUG] [thread-id 1] - Call API: 'http://astro.walmart.com/api/v2/teflon/account/wplususer1704304940729@walmart.com/wplus'
2024-01-03 10:02:43.897 [DEBUG] [thread-id 1] - Response code is: '200'. Response body is: '{"astroStatus":"SUCCESS","astroDescription":"Converted to paid W+ membership for customer wplususer1704304940729@walmart.com","astroDetails":{"status":"OK","header":null,"errors":null,"payload":{"id":"40826bb5-fd18-486b-afea-1fb0f5337ae6","customerId":"a94e0a5c-0639-4c17-8577-9a1e7fbe7ee9","startDate":1704304962749,"endDate":null,"enrolledDate":1704304953365,"tenant":0,"verticalId":0,"martId":null,"createdByConsumer":"2d66e48d-fcaa-4b81-b624-0f0556a24bcd","modifiedByConsumer":"2d66e48d-fcaa-4b81-b624-0f0556a24bcd","identifiers":[],"legacyMembershipId":null,"trial":{"enrollmentDate":1704304953365,"extensions":null},"plan":{"id":"BASE365","description":"Array of benefits across App, Grocery, and Stores","displayName":"Walmart +","price":98,"currency":"USD","duration":{"value":365,"unit":"DAY","description":"Annual"},"association":null},"nextPlan":{"id":"BASE365","description":"Array of benefits across App, Grocery, and Stores","displayName":"Walmart +","price":98,"currency":"USD","duration":{"value":365,"unit":"DAY","description":"Annual"},"association":null},"preference":{"paymentId":"345ead13-6617-4f33-9d93-a0a25f23e625","addressId":"7d94cab0-2d65-4329-9bcd-a2912ea036f3"},"renewal":{"autoRenewal":true,"nextBillingDate":1735927362749,"lastBillingDate":null,"nextPlanProratedAmount":null,"nextPlanProratedDuration":null,"dunning":false,"transactionId":null,"dayOfMonth":null,"cycleCount":null,"previousSwitchedBillingDates":null,"reminder":{}},"pauseCycle":{"cycles":[],"prospectiveBillingDate":1738605762749,"pauseStatus":"ELIGIBLE","pauseCount":0},"benefits":[{"code":"ACC","name":"WMPlus Auto Care Center Benefits","description":"Free Roadhazard Warranty with Install, and Free Flat Tire Repair for Members.","active":true,"addon":false},{"code":"CASHBACK","name":"Member Rewards","description":"Earn rewards on select items.","active":true,"addon":false},{"code":"DELIVERY_UNLIMITED","name":"Free delivery from your store","description":"Groceries & more delivered as soon as today, at the low prices you love","active":true,"addon":false},{"code":"EARLY_ACCESS","name":"EARLY_ACCESS","description":"Paid members get exclusive early access to online Black Friday deals","active":true,"addon":false},{"code":"EXPRESS_PROMO","name":"WMPlus Free Express Promotion","description":"1 Free express delivery for month of December.","active":true,"addon":false},{"code":"FREE_SHIPPING","name":"Free shipping","description":"Items shipped by Walmart ship free —no order minimum. Shipping fee will be waived at checkout. *Restrictions apply.","active":true,"addon":false},{"code":"ITEM_REWARDS","name":"ITEM_REWARDS","description":"Earn rewards on eligible items","active":true,"addon":false},{"code":"LMD_FREE_RETURNS","name":"LMD Free Returns","description":"LMD Free Returns","active":true,"addon":false},{"code":"PET_BENEFITS","name":"PET_BENEFITS","description":"Pet partnerships and rewards offering","active":true,"addon":false},{"code":"RX_DISCOUNT","name":"LMD Free Returns","description":"LMD Free Returns.","active":true,"addon":false},{"code":"SCAN_N_GO","name":"Mobile scan & go","description":"Check out as you shop to make store shopping fast and contact-free.","active":true,"addon":false},{"code":"STREAMING","name":"Paramount Plus","description":"Enjoy critically-acclaimed originals, exclusive live sports, hit movies. Coming soon.","active":true,"addon":false},{"code":"STREAMING_TV","name":"PlutoTV","description":"Watch 250+ channels of free TV and 1000's of on-demand movies and TV shows.","active":true,"addon":false},{"code":"SUBSCRIPTION","name":"SUBSCRIPTION","description":"Paid members save a discount on eligible, household items and get free shipping with no order minimum","active":true,"addon":false},{"code":"TRAVEL","name":"EXPEDIA","description":"White label site offering W+ customers rewards associated with travel reservations.","active":true,"addon":false},{"code":"W_FUEL","name":"Member prices on fuel","description":"Member prices on fuel*** Save up to 10¢ per gallon on fuel at Exxon, Mobil, Walmart & Murphy stations.","active":true,"addon":false}],"cancel":null,"meta":{"payroll":false,"requireConsent":false,"consented":false,"programs":null,"referrer":null,"bundleSignup":false,"type":null,"discountGroup":null,"userAgent":null,"termsConsent":{"capturedDate":1704304962749,"consented":null},"test":false},"membershipDiscount":{"discounts":null,"totalDiscount":0},"createdDate":1704304953365,"createdBy":"a94e0a5c-0639-4c17-8577-9a1e7fbe7ee9","modifiedDate":1704304962749,"modifiedBy":"AstroTest","addons":null,"badges":[],"state":"active","trialEligibleAddons":["INHOMETRIAL30","TRIAL30","INHOME30","INHOME365","TRIAL_TEST_RV","TRIAL180","TRIAL90","B2BTRIAL30","PRARTNERAUTOMATIONTEST","SHOWTIME30","SHOWTIME365","B2BTRIAL365","B2BTRIAL3650"],"cookies":{"names":{"status":"_m","hash":"_mc"},"status":"1","hash":"0wR21C5zXB3/6PNI++2FeAuwPWnUBrW+DsWuU8ZGcW0=","ttl":5184000},"trialPeriod":false,"remainingDays":366}},"astroInfo":null}'
2024-01-03 10:02:44.028 [DEBUG] [thread-id 1] - Using us-errors-helpers.yaml
2024-01-03 10:02:44.092 [DEBUG] [thread-id 1] - Start Main
2024-01-03 10:02:44.095 [DEBUG] [thread-id 1] - Executing function: 'us.functions.global.onboarding.navigateOnboardingToHome'
2024-01-03 10:02:44.097 [DEBUG] [thread-id 1] - Executing function: 'us.function.utils.getEnvironmentValue'
2024-01-03 10:02:44.097 [DEBUG] [thread-id 1] - Store in: store the value 'teflon' in the variable 'env'
2024-01-03 10:02:44.098 [DEBUG] [thread-id 1] - Start Activity: 'com.walmart.android.debug.com.walmart.glass.integration.splash.SplashActivity'
2024-01-03 10:02:58.213 [DEBUG] [thread-id 1] - conditionally execute a flow. condition: false
2024-01-03 10:02:58.245 [DEBUG] [thread-id 1] - Verify identifier: {com.walmart.android.debug:id/onboarding_welcome_title_textview=[true]}
2024-01-03 10:03:08.265 [DEBUG] [thread-id 1] - conditionally execute a flow. condition: false
2024-01-03 10:03:08.294 [DEBUG] [thread-id 1] - Verify identifier: {com.walmart.android.debug:id/onboarding_welcome_title_textview=[true]}
2024-01-03 10:03:08.390 [DEBUG] [thread-id 1] - Click element: 'com.walmart.android.debug:id/onboarding_welcome_secondary_button'
2024-01-03 10:03:19.124 [DEBUG] [thread-id 1] - Verify identifier: {com.walmart.android.debug:id/onboarding_location_title_textview=[true]}
2024-01-03 10:03:19.170 [DEBUG] [thread-id 1] - Click element: 'com.walmart.android.debug:id/onboarding_zip_code_button'
2024-01-03 10:03:20.049 [DEBUG] [thread-id 1] - Verify identifier: {com.walmart.android.debug:id/onboarding_title_textview=[true]}
2024-01-03 10:03:20.563 [DEBUG] [thread-id 1] - Click element: 'com.walmart.android.debug:id/onboarding_zip_code_textinput'
2024-01-03 10:03:22.621 [DEBUG] [thread-id 1] - Enter text: '95122'
2024-01-03 10:03:25.087 [DEBUG] [thread-id 1] - Hide keyboard: 'true'
2024-01-03 10:03:31.945 [DEBUG] [thread-id 1] - Click element: 'com.walmart.android.debug:id/onboarding_zip_code_search_button'
2024-01-03 10:03:32.586 [DEBUG] [thread-id 1] - sleep:  3000 milliseconds
2024-01-03 10:03:35.591 [DEBUG] [thread-id 1] - loop: from 0 to 3
2024-01-03 10:03:36.594 [DEBUG] [thread-id 1] - 0
2024-01-03 10:03:46.735 [DEBUG] [thread-id 1] - conditionally execute a flow. condition: false
2024-01-03 10:03:56.873 [DEBUG] [thread-id 1] - Verify identifier: {com.walmart.android.debug:id/onboarding_title_textview=[true]}
2024-01-03 10:03:56.874 [DEBUG] [thread-id 1] - Executing function: 'us.functions.global.onboarding.popUpScreen'
2024-01-03 10:03:56.875 [DEBUG] [thread-id 1] - sleep:  3000 milliseconds
2024-01-03 10:04:09.907 [DEBUG] [thread-id 1] - sleep:  3000 milliseconds
2024-01-03 10:04:12.916 [DEBUG] [thread-id 1] - Executing function: 'us.functions.global.onboarding.smartLock.DismissNoneOfTheAbove'
2024-01-03 10:04:22.928 [DEBUG] [thread-id 1] - sleep:  3000 milliseconds
2024-01-03 10:04:25.930 [DEBUG] [thread-id 1] - Executing function: 'us.functions.home.personalizedPopUpScreenClose'
2024-01-03 10:04:25.931 [DEBUG] [thread-id 1] - sleep:  5000 milliseconds
2024-01-03 10:04:30.936 [DEBUG] [thread-id 1] - conditionally execute a flow. condition: true
2024-01-03 10:04:31.120 [DEBUG] [thread-id 1] - Click element: 'com.walmart.android.debug:id/marketing_privacy_bottom_sheet_deny_btn'
2024-01-03 10:04:31.774 [DEBUG] [thread-id 1] - sleep:  3000 milliseconds
2024-01-03 10:04:34.778 [DEBUG] [thread-id 1] - Executing function: 'us.functions.utils.tryAgainWhenThereIsError'
2024-01-03 10:04:34.780 [DEBUG] [thread-id 1] - loop: from 0 to 3
2024-01-03 10:04:44.984 [DEBUG] [thread-id 1] - 0
2024-01-03 10:04:55.825 [DEBUG] [thread-id 1] - conditionally execute a flow. condition: false
2024-01-03 10:05:06.514 [DEBUG] [thread-id 1] - Executing function: 'us.functions.gic.collapseIfExpanded'
2024-01-03 10:05:06.636 [DEBUG] [thread-id 1] - conditionally execute a flow. condition: true
2024-01-03 10:05:06.813 [DEBUG] [thread-id 1] - Click element: '//android.widget.ImageView[contains(@content-desc,"expanded")]'
2024-01-03 10:05:09.433 [DEBUG] [thread-id 1] - Verify identifier: {com.walmart.android.debug:id/search_view=[true]}
2024-01-03 10:05:09.434 [DEBUG] [thread-id 1] - Executing function: 'us.functions.home.handleReorderToolTip'
2024-01-03 10:05:19.449 [DEBUG] [thread-id 1] - conditionally execute a flow. condition: false
2024-01-03 10:05:19.521 [DEBUG] [thread-id 1] - no tooltip displayed
2024-01-03 10:05:19.522 [DEBUG] [thread-id 1] - Executing function: 'us.functions.utils.handleTechnicalErrorPopup'
2024-01-03 10:05:19.523 [DEBUG] [thread-id 1] - Store in: store the value 'false' in the variable 'errorRemoved'
2024-01-03 10:05:19.523 [DEBUG] [thread-id 1] - sleep:  7000 milliseconds
2024-01-03 10:05:26.528 [DEBUG] [thread-id 1] - loop: from 0 to 3
2024-01-03 10:05:26.664 [DEBUG] [thread-id 1] - 0
2024-01-03 10:05:36.752 [DEBUG] [thread-id 1] - conditionally execute a flow. condition: false
2024-01-03 10:05:36.838 [DEBUG] [thread-id 1] - Store in: store the value 'true' in the variable 'errorRemoved'
2024-01-03 10:05:36.908 [DEBUG] [thread-id 1] - No Technical Error Pop up observed
2024-01-03 10:05:37.511 [DEBUG] [thread-id 1] - Executing function: 'us.functions.home.navigateHomeToSignIn'
2024-01-03 10:05:37.576 [DEBUG] [thread-id 1] - Click element: 'com.walmart.android.debug:id/navigation_account'
2024-01-03 10:05:38.516 [DEBUG] [thread-id 1] - sleep:  5000 milliseconds
2024-01-03 10:05:43.678 [DEBUG] [thread-id 1] - Verify identifier: {//*[@resource-id="com.walmart.android.debug:id/sign_in_button"]|//*[@resource-id="com.walmart.android.debug:id/account_sign_in_button"]=[true]}
2024-01-03 10:05:43.682 [DEBUG] [thread-id 1] - loop: from 1 to 3
2024-01-03 10:05:43.757 [DEBUG] [thread-id 1] - Executing function: 'us.functions.global.onboarding.smartLock.DismissNoneOfTheAbove'
2024-01-03 10:05:53.889 [DEBUG] [thread-id 1] - conditionally execute a flow. condition: true
2024-01-03 10:05:54.011 [DEBUG] [thread-id 1] - Click element: '//*[@resource-id="com.walmart.android.debug:id/sign_in_button"]|//*[@resource-id="com.walmart.android.debug:id/account_sign_in_button"]'
2024-01-03 10:05:55.367 [DEBUG] [thread-id 1] - sleep:  3000 milliseconds
2024-01-03 10:05:58.990 [DEBUG] [thread-id 1] - conditionally execute a flow. condition: true
2024-01-03 10:05:59.023 [DEBUG] [thread-id 1] - Store in: store the value 'true' in the variable 'signInValidated'
2024-01-03 10:05:59.070 [DEBUG] [thread-id 1] - conditionally execute a flow. condition: true
2024-01-03 10:05:59.102 [DEBUG] [thread-id 1] - SignIn page loaded
2024-01-03 10:05:59.133 [DEBUG] [thread-id 1] - Store in: store the value 'false' in the variable 'signInValidated'
2024-01-03 10:05:59.137 [DEBUG] [thread-id 1] - Executing function: 'us.functions.global.authentication.signInAccount'
2024-01-03 10:05:59.141 [DEBUG] [thread-id 1] - Executing function: 'us.functions.global.onboarding.smartLock.DismissNoneOfTheAbove'
2024-01-03 10:06:09.174 [WARN] [thread-id 1] - variable validateSignInPage was used, but r2 could not find a value for this variable. returning default of null
2024-01-03 10:06:09.218 [DEBUG] [thread-id 1] - Verify identifier: {//android.widget.EditText[@text="Email"]=[true]}
2024-01-03 10:06:09.248 [DEBUG] [thread-id 1] - Enter text: 'wplususer1704304940729@walmart.com'
2024-01-03 10:06:11.745 [DEBUG] [thread-id 1] - loop: from 1 to 3
2024-01-03 10:06:12.592 [DEBUG] [thread-id 1] - sleep:  3000 milliseconds
2024-01-03 10:06:15.756 [DEBUG] [thread-id 1] - conditionally execute a flow. condition: true
2024-01-03 10:06:15.923 [DEBUG] [thread-id 1] - Click element: 'com.walmart.android.debug:id/auth_button_main'
2024-01-03 10:06:16.850 [DEBUG] [thread-id 1] - sleep:  5000 milliseconds
2024-01-03 10:06:22.488 [DEBUG] [thread-id 1] - conditionally execute a flow. condition: true
2024-01-03 10:06:22.523 [DEBUG] [thread-id 1] - Store in: store the value 'true' in the variable 'signInValidated'
2024-01-03 10:06:22.564 [DEBUG] [thread-id 1] - conditionally execute a flow. condition: true
2024-01-03 10:06:22.607 [DEBUG] [thread-id 1] - Store in: store the value 'false' in the variable 'signInValidated'
2024-01-03 10:06:22.646 [DEBUG] [thread-id 1] - Email entered
2024-01-03 10:06:42.711 [WARN] [thread-id 1] - variable validateSignInPage was used, but r2 could not find a value for this variable. returning default of null
2024-01-03 10:06:42.713 [DEBUG] [thread-id 1] - loop: from 1 to 3
2024-01-03 10:06:42.760 [DEBUG] [thread-id 1] - sleep:  2000 milliseconds
2024-01-03 10:06:44.827 [DEBUG] [thread-id 1] - conditionally execute a flow. condition: true
2024-01-03 10:06:44.905 [DEBUG] [thread-id 1] - Enter text: 'E2epassword$'
2024-01-03 10:06:48.009 [DEBUG] [thread-id 1] - Press go back key: 'true'
2024-01-03 10:06:49.285 [DEBUG] [thread-id 1] - sleep:  1000 milliseconds
2024-01-03 10:06:50.390 [DEBUG] [thread-id 1] - Click element: 'com.walmart.android.debug:id/auth_button_main'
2024-01-03 10:06:51.101 [DEBUG] [thread-id 1] - sleep:  5000 milliseconds
2024-01-03 10:06:56.352 [DEBUG] [thread-id 1] - conditionally execute a flow. condition: true
2024-01-03 10:06:56.457 [DEBUG] [thread-id 1] - Store in: store the value 'true' in the variable 'signInValidated'
2024-01-03 10:06:56.946 [DEBUG] [thread-id 1] - Executing function: 'us.functions.global.authentication.handleSomethingWentWrongError'
2024-01-03 10:06:56.949 [DEBUG] [thread-id 1] - sleep:  5000 milliseconds
2024-01-03 10:07:01.953 [DEBUG] [thread-id 1] - loop: from 0 to 3
2024-01-03 10:07:02.055 [DEBUG] [thread-id 1] - 0
2024-01-03 10:07:12.104 [DEBUG] [thread-id 1] - conditionally execute a flow. condition: false
2024-01-03 10:07:12.133 [DEBUG] [thread-id 1] - conditionally execute a flow. condition: true
2024-01-03 10:07:12.158 [DEBUG] [thread-id 1] - Account signed in
2024-01-03 10:07:22.344 [DEBUG] [thread-id 1] - Executing function: 'us.functions.utils.handleCartMergePopup'
2024-01-03 10:07:22.346 [DEBUG] [thread-id 1] - sleep:  7000 milliseconds
2024-01-03 10:07:29.351 [DEBUG] [thread-id 1] - loop: from 0 to 4
2024-01-03 10:07:29.475 [DEBUG] [thread-id 1] - 0
2024-01-03 10:07:39.687 [DEBUG] [thread-id 1] - conditionally execute a flow. condition: false
2024-01-03 10:07:39.789 [DEBUG] [thread-id 1] - No cart merge popup observed
2024-01-03 10:07:39.895 [DEBUG] [thread-id 1] - Executing function: 'us.functions.global.navigation.accountToHome'
2024-01-03 10:07:39.899 [DEBUG] [thread-id 1] - conditionally execute a flow. condition: true
2024-01-03 10:07:39.998 [DEBUG] [thread-id 1] - Scroll: up
2024-01-03 10:07:40.814 [DEBUG] [thread-id 1] - Verify identifier: {com.walmart.android.debug:id/purchase_history_header=[true]}
2024-01-03 10:07:50.930 [DEBUG] [thread-id 1] - Click element: 'com.walmart.android.debug:id/navigation_shop'
2024-01-03 10:07:51.529 [DEBUG] [thread-id 1] - Executing function: 'us.functions.home.closeWPlusPromotionPopUpIfDisplayed'
2024-01-03 10:07:51.533 [DEBUG] [thread-id 1] - sleep:  5000 milliseconds
2024-01-03 10:08:06.742 [DEBUG] [thread-id 1] - Executing function: 'us.functions.home.setStore'
2024-01-03 10:08:06.745 [DEBUG] [thread-id 1] - conditionally execute a flow. condition: true
2024-01-03 10:08:17.013 [DEBUG] [thread-id 1] - Executing function: 'us.functions.home.changeStore'
2024-01-03 10:08:27.306 [DEBUG] [thread-id 1] - conditionally execute a flow. condition: true
2024-01-03 10:08:47.563 [DEBUG] [thread-id 1] - Click element: '//android.widget.ImageView[contains(@resource-id, "com.walmart.android.debug:id/global_intent_center_collapsed_chevron") and (contains(@content-desc,"collapsed") or contains(@content-desc,"collapse"))]'
2024-01-03 10:08:56.282 [WARN] [thread-id 1] - variable storeOnly was used, but r2 could not find a value for this variable. returning default of null
2024-01-03 10:08:56.287 [DEBUG] [thread-id 1] - conditionally execute a flow. condition: true
2024-01-03 10:09:07.775 [DEBUG] [thread-id 1] - conditionally execute a flow. condition: false
2024-01-03 10:09:16.877 [DEBUG] [thread-id 1] - Click element: '//android.widget.ImageView[contains(@content-desc, "Pickup") and contains(@content-desc, "2 of 3")] | //*[@resource-id = "com.walmart.android.debug:id/card_btn_hot_pickup"]'
2024-01-03 10:09:18.660 [WARN] [thread-id 1] - variable driverpopup was used, but r2 could not find a value for this variable. returning default of null
2024-01-03 10:09:28.795 [DEBUG] [thread-id 1] - sleep:  2000 milliseconds
2024-01-03 10:09:30.802 [DEBUG] [thread-id 1] - Executing function: 'us.functions.home.closeWPlusPromotionPopUpIfDisplayed'
2024-01-03 10:09:30.803 [DEBUG] [thread-id 1] - sleep:  5000 milliseconds
2024-01-03 10:09:59.239 [DEBUG] [thread-id 1] - Click element: '//*[contains(@resource-id, "global_intent_center_expanded_view")]//androidx.cardview.widget.CardView[contains(@resource-id, "global_intent_center_expanded_large_card")][position()=last()]//*[contains(@resource-id, "global_intent_center_large_card_chevron")] | //*[@resource-id="com.walmart.android.debug:id/gic_hot_pickup_card"]//*[@resource-id = "com.walmart.android.debug:id/gic_hot_card_content"]'
2024-01-03 10:10:23.788 [DEBUG] [thread-id 1] - conditionally execute a flow. condition: false
2024-01-03 10:10:45.440 [DEBUG] [thread-id 1] - Enter text: '95122'
2024-01-03 10:12:40.029 [DEBUG] [thread-id 1] - Click element: '//*[@resource-id="com.walmart.android.debug:id/storeslector_access_points_recycler_view"]/android.view.ViewGroup[1]'
2024-01-03 10:15:13.542 [DEBUG] [thread-id 1] - Click element: 'com.walmart.android.debug:id/store_selector_store_save_button'
2024-01-03 10:17:20.154 [DEBUG] [thread-id 1] - sleep:  5000 milliseconds
2024-01-03 10:17:35.445 [DEBUG] [thread-id 1] - Executing function: 'us.functions.utils.handleTechnicalErrorPopup'
2024-01-03 10:17:35.445 [DEBUG] [thread-id 1] - Store in: store the value 'false' in the variable 'errorRemoved'
2024-01-03 10:17:35.445 [DEBUG] [thread-id 1] - sleep:  7000 milliseconds
2024-01-03 10:17:42.450 [DEBUG] [thread-id 1] - loop: from 0 to 3
2024-01-03 10:17:42.618 [DEBUG] [thread-id 1] - 0
2024-01-03 10:17:53.367 [DEBUG] [thread-id 1] - conditionally execute a flow. condition: false
2024-01-03 10:17:53.463 [DEBUG] [thread-id 1] - Store in: store the value 'true' in the variable 'errorRemoved'
2024-01-03 10:17:53.579 [DEBUG] [thread-id 1] - No Technical Error Pop up observed
2024-01-03 10:18:04.321 [DEBUG] [thread-id 1] - conditionally execute a flow. condition: true
2024-01-03 10:18:04.494 [DEBUG] [thread-id 1] - Click element: 'com.walmart.android.debug:id/global_intent_center_collapsed_chevron'
2024-01-03 10:18:06.157 [DEBUG] [thread-id 1] - Verify identifier: {com.walmart.android.debug:id/global_intent_center_collapsed_location=[true]}
2024-01-03 10:18:06.159 [DEBUG] [thread-id 1] - Store in: store the value 'false' in the variable 'storeOnly'
2024-01-03 10:18:06.160 [DEBUG] [thread-id 1] - Executing function: 'us.functions.gic.changeFulfillment'
2024-01-03 10:18:16.219 [DEBUG] [thread-id 1] - conditionally execute a flow. condition: false
2024-01-03 10:18:16.287 [DEBUG] [thread-id 1] - Executing function: 'us.functions.gic.expandIfCollapsed'
2024-01-03 10:18:16.386 [DEBUG] [thread-id 1] - conditionally execute a flow. condition: true
2024-01-03 10:18:16.550 [DEBUG] [thread-id 1] - Click element: '//android.widget.ImageView[contains(@resource-id, "com.walmart.android.debug:id/global_intent_center_collapsed_chevron") and (contains(@content-desc,"collapsed") or contains(@content-desc,"collapse"))]'
2024-01-03 10:18:18.208 [DEBUG] [thread-id 1] - Executing function: 'us.functions.gic.setFulfillment'
2024-01-03 10:18:28.269 [DEBUG] [thread-id 1] - conditionally execute a flow. condition: false
2024-01-03 10:18:28.363 [DEBUG] [thread-id 1] - conditionally execute a flow. condition: true
2024-01-03 10:18:37.439 [DEBUG] [thread-id 1] - Click element: '//android.widget.ImageView[contains(@content-desc,"Shipping 1 of 3") or contains(@content-desc,"Shipping selection 1 of 3")]'
2024-01-03 10:18:39.424 [DEBUG] [thread-id 1] - Click element: '//android.widget.ImageView[contains(@content-desc,"expanded")]'
2024-01-03 10:18:40.325 [DEBUG] [thread-id 1] - Executing function: 'us.functions.search.ibottaRewardsItem'
2024-01-03 10:18:40.328 [DEBUG] [thread-id 1] - loop: over '["550154263", "638389556", "949029928", "553478431", "156166016"]'
2024-01-03 10:18:41.295 [DEBUG] [thread-id 1] - Executing function: 'us.functions.search.searchItem'
2024-01-03 10:18:41.298 [DEBUG] [thread-id 1] - loop: from 1 to 3
2024-01-03 10:18:51.451 [DEBUG] [thread-id 1] - conditionally execute a flow. condition: false
2024-01-03 10:18:51.525 [DEBUG] [thread-id 1] - Verify identifier: {com.walmart.android.debug:id/navigation_search=[true]}
2024-01-03 10:18:54.762 [DEBUG] [thread-id 1] - Click element: 'com.walmart.android.debug:id/navigation_search'
2024-01-03 10:18:56.842 [DEBUG] [thread-id 1] - Verify identifier: {com.walmart.android.debug:id/search_view=[true]}
2024-01-03 10:19:00.370 [DEBUG] [thread-id 1] - Click element: 'com.walmart.android.debug:id/search_view'
2024-01-03 10:19:02.782 [DEBUG] [thread-id 1] - Verify identifier: {com.walmart.android.debug:id/search_view=[true]}
2024-01-03 10:19:03.484 [DEBUG] [thread-id 1] - Enter text: '550154263'
2024-01-03 10:19:07.841 [DEBUG] [thread-id 1] - sleep:  10000 milliseconds
2024-01-03 10:19:17.929 [DEBUG] [thread-id 1] - Hide keyboard: 'true'
2024-01-03 10:19:18.343 [DEBUG] [thread-id 1] - Executing function: 'us.functions.search.closeHowDoYouWantYourOrderBottomTray'
2024-01-03 10:19:18.394 [DEBUG] [thread-id 1] - Verify identifier: {//android.widget.TextView[@text = "Three easy ways to get your order"]=[true]}
2024-01-03 10:19:18.419 [DEBUG] [thread-id 1] - Click element: 'com.walmart.android.debug:id/search_close_button'
2024-01-03 10:19:34.102 [DEBUG] [thread-id 1] - conditionally execute a flow. condition: true
2024-01-03 10:19:35.601 [DEBUG] [thread-id 1] - Verify identifier: {//*[(@resource-id="com.walmart.android.debug:id/product_tile_list_view") or (@resource-id="com.walmart.android.debug:id/product_tile_image_view")]=[true]}
2024-01-03 10:19:46.202 [DEBUG] [thread-id 1] - conditionally execute a flow. condition: false
2024-01-03 10:19:47.602 [DEBUG] [thread-id 1] - sleep:  5000 milliseconds
2024-01-03 10:19:53.517 [DEBUG] [thread-id 1] - conditionally execute a flow. condition: true
2024-01-03 10:19:54.238 [DEBUG] [thread-id 1] - ibottaRewardsItem is in stock
2024-01-03 10:19:54.931 [DEBUG] [thread-id 1] - Executing function: 'us.functions.search.verifyibottaRewardsLinkOfItem'
2024-01-03 10:19:55.601 [DEBUG] [thread-id 1] - Verify identifier: {//*[@resource-id="com.walmart.android.debug:id/product_tile_rewards"]=[true]}
2024-01-03 10:19:55.601 [DEBUG] [thread-id 1] - Executing function: 'us.functions.search.clickOnFirstItem'
2024-01-03 10:19:55.603 [DEBUG] [thread-id 1] - conditionally execute a flow. condition: true
2024-01-03 10:19:56.315 [DEBUG] [thread-id 1] - Scroll: down
2024-01-03 10:20:02.329 [DEBUG] [thread-id 1] - Click element: '//*[contains(@resource-id, "tempo_shared_contentContainerView") or contains(@resource-id, "tempo_components_contentContainerView") or contains(@resource-id, "tempo_components_internal_contentContainerView")]//*[contains(@resource-id, "product_tile_image")]'
2024-01-03 10:20:03.539 [DEBUG] [thread-id 1] - Store in: store the value 'null' in the variable 'subFilter'
2024-01-03 10:20:03.540 [DEBUG] [thread-id 1] - Store in: store the value 'false' in the variable 'noAds'
2024-01-03 10:20:03.541 [DEBUG] [thread-id 1] - Store in: store the value 'false' in the variable 'excludeSponsored'
2024-01-03 10:20:03.543 [DEBUG] [thread-id 1] - Executing function: 'us.functions.item.verifyAddToRewardCheckboxandClipRewardFromItemPage'
2024-01-03 10:20:03.543 [DEBUG] [thread-id 1] - sleep:  7000 milliseconds
2024-01-03 10:20:10.548 [DEBUG] [thread-id 1] - Executing function: 'us.functions.wplus.switchToOriginalAppTileClose'
2024-01-03 10:20:20.628 [DEBUG] [thread-id 1] - conditionally execute a flow. condition: false
2024-01-03 10:20:20.936 [DEBUG] [thread-id 1] - Verify identifier: {com.walmart.android.debug:id/onboarding_beta_wplus_title=[true]}
2024-01-03 10:20:20.937 [DEBUG] [thread-id 1] - Executing function: 'us.functions.utils.scrollIfNotVisible'
2024-01-03 10:20:20.938 [WARN] [thread-id 1] - variable scrollLimit was used, but r2 could not find a value for this variable. returning default of null
2024-01-03 10:20:20.944 [DEBUG] [thread-id 1] - conditionally execute a flow. condition: true
2024-01-03 10:20:21.059 [DEBUG] [thread-id 1] - Store in: store the value '5' in the variable 'scrollLimit'
2024-01-03 10:20:21.060 [DEBUG] [thread-id 1] - Scroll limit set to - 5
2024-01-03 10:20:21.154 [DEBUG] [thread-id 1] - conditionally execute a flow. condition: true
2024-01-03 10:20:21.233 [DEBUG] [thread-id 1] - Required identifier already displayed
2024-01-03 10:20:21.234 [DEBUG] [thread-id 1] - Resetting scrollPosition variable to default
2024-01-03 10:20:21.234 [DEBUG] [thread-id 1] - Store in: store the value 'null' in the variable 'scrollPosition'
2024-01-03 10:20:21.234 [DEBUG] [thread-id 1] - Store in: store the value 'null' in the variable 'identifierScope'
2024-01-03 10:20:21.235 [DEBUG] [thread-id 1] - Store in: store the value 'null' in the variable 'scrollLimit'
2024-01-03 10:20:21.297 [DEBUG] [thread-id 1] - conditionally execute a flow. condition: true
2024-01-03 10:20:24.478 [DEBUG] [thread-id 1] - Click element: '//android.widget.CheckBox[contains(@content-desc,"Walmart Cash")] |  //android.widget.CheckBox[contains(@content-desc,"Get $") and contains(@content-desc,"Cash")]'
2024-01-03 10:20:27.015 [DEBUG] [thread-id 1] - Verify identifier: {//android.widget.TextView[contains(@text,"claimed")]=[true]}
2024-01-03 10:20:27.016 [DEBUG] [thread-id 1] - Executing function: 'us.functions.item.addItemToCart'
2024-01-03 10:20:27.018 [DEBUG] [thread-id 1] - Executing function: 'us.functions.item.preAddToCartSteps'
2024-01-03 10:20:27.019 [DEBUG] [thread-id 1] - sleep:  5000 milliseconds
2024-01-03 10:20:32.026 [DEBUG] [thread-id 1] - Executing function: 'us.functions.home.closeWPlusPromotionPopUpIfDisplayed'
2024-01-03 10:20:32.027 [DEBUG] [thread-id 1] - sleep:  5000 milliseconds
2024-01-03 10:20:57.164 [DEBUG] [thread-id 1] - Executing function: 'us.functions.utils.tryAgainWhenThereIsError'
2024-01-03 10:20:57.165 [DEBUG] [thread-id 1] - loop: from 0 to 3
2024-01-03 10:20:57.225 [DEBUG] [thread-id 1] - 0
2024-01-03 10:21:07.310 [DEBUG] [thread-id 1] - conditionally execute a flow. condition: false
2024-01-03 10:21:07.426 [DEBUG] [thread-id 1] - sleep:  2000 milliseconds
2024-01-03 10:21:19.496 [DEBUG] [thread-id 1] - Add to cart decrement button is not present
2024-01-03 10:21:19.499 [DEBUG] [thread-id 1] - Executing function: 'us.functions.item.validateAndClickAddToCartButton'
2024-01-03 10:21:19.556 [DEBUG] [thread-id 1] - conditionally execute a flow. condition: true
2024-01-03 10:21:19.610 [DEBUG] [thread-id 1] - ATC button present
2024-01-03 10:21:19.766 [DEBUG] [thread-id 1] - Click element: 'com.walmart.android.debug:id/add_to_cart'
2024-01-03 10:21:20.424 [DEBUG] [thread-id 1] - sleep:  3000 milliseconds
2024-01-03 10:21:23.428 [WARN] [thread-id 1] - variable skipPostAddToCartSteps was used, but r2 could not find a value for this variable. returning default of null
2024-01-03 10:21:23.428 [DEBUG] [thread-id 1] - conditionally execute a flow. condition: true
2024-01-03 10:21:23.578 [DEBUG] [thread-id 1] - Executing function: 'us.functions.item.postAddToCartSteps'
2024-01-03 10:21:53.801 [DEBUG] [thread-id 1] - Executing function: 'us.functions.item.handlePAC'
2024-01-03 10:22:03.838 [DEBUG] [thread-id 1] - Executing function: 'us.functions.item.closeItemPage'
2024-01-03 10:22:03.839 [DEBUG] [thread-id 1] - loop: from 0 to 3
2024-01-03 10:22:03.898 [DEBUG] [thread-id 1] - conditionally execute a flow. condition: true
2024-01-03 10:22:04.033 [DEBUG] [thread-id 1] - Click element: 'com.walmart.android.debug:id/icon_close'
2024-01-03 10:22:15.491 [DEBUG] [thread-id 1] - conditionally execute a flow. condition: false
2024-01-03 10:22:15.597 [DEBUG] [thread-id 1] - sleep:  5000 milliseconds
2024-01-03 10:22:20.604 [DEBUG] [thread-id 1] - Verify identifier: {com.walmart.android.debug:id/item_name || com.walmart.android.debug:id/item_redesign_name || com.walmart.android.debug:id/item_name_smaller_title=[true]}
2024-01-03 10:22:20.606 [DEBUG] [thread-id 1] - Verify identifier: {com.walmart.android.debug:id/cart_summary_count=[true]}
2024-01-03 10:22:20.607 [DEBUG] [thread-id 1] - Store in: store the value 'false' in the variable 'skipPostAddToCartSteps'
2024-01-03 10:22:20.608 [DEBUG] [thread-id 1] - Store in: store the value 'false' in the variable 'apiFetch'
2024-01-03 10:22:20.608 [DEBUG] [thread-id 1] - R2_SUBFLOW_TRANSACTION
2024-01-03 10:22:20.610 [DEBUG] [thread-id 1] - Executing function: 'us.functions.global.navigation.toCartFromNavBar'
2024-01-03 10:22:20.796 [DEBUG] [thread-id 1] - Verify identifier: {com.walmart.android.debug:id/cart_summary_icon=[true]}
2024-01-03 10:22:20.916 [DEBUG] [thread-id 1] - Click element: 'com.walmart.android.debug:id/cart_summary_icon'
2024-01-03 10:22:21.588 [DEBUG] [thread-id 1] - sleep:  6000 milliseconds
2024-01-03 10:22:27.592 [DEBUG] [thread-id 1] - Executing function: 'us.functions.cart.itemMultiSellerUpdatePopUp'
2024-01-03 10:22:37.767 [DEBUG] [thread-id 1] - Executing function: 'us.functions.cart.storeChangePopUp'
2024-01-03 10:22:57.956 [DEBUG] [thread-id 1] - conditionally execute a flow. condition: false
2024-01-03 10:23:08.187 [DEBUG] [thread-id 1] - conditionally execute a flow. condition: false
2024-01-03 10:23:08.287 [WARN] [thread-id 1] - variable skipValidation was used, but r2 could not find a value for this variable. returning default of null
2024-01-03 10:23:08.288 [DEBUG] [thread-id 1] - conditionally execute a flow. condition: true
2024-01-03 10:23:08.390 [DEBUG] [thread-id 1] - Executing function: 'us.functions.utils.handleTechnicalErrorPageInCart'
2024-01-03 10:23:08.391 [DEBUG] [thread-id 1] - Store in: store the value 'false' in the variable 'cartPageLoaded'
2024-01-03 10:23:08.392 [DEBUG] [thread-id 1] - loop: from 0 to 7
2024-01-03 10:23:08.498 [DEBUG] [thread-id 1] - 0
2024-01-03 10:23:08.715 [DEBUG] [thread-id 1] - conditionally execute a flow. condition: true
2024-01-03 10:23:08.812 [DEBUG] [thread-id 1] - conditionally execute a flow. condition: true
2024-01-03 10:23:08.919 [DEBUG] [thread-id 1] - Store in: store the value 'true' in the variable 'cartPageLoaded'
2024-01-03 10:23:19.124 [DEBUG] [thread-id 1] - conditionally execute a flow. condition: false
2024-01-03 10:23:19.222 [DEBUG] [thread-id 1] - conditionally execute a flow. condition: true
2024-01-03 10:23:19.329 [DEBUG] [thread-id 1] - Store in: store the value 'true' in the variable 'cartPageLoaded'
2024-01-03 10:23:19.430 [DEBUG] [thread-id 1] - conditionally execute a flow. condition: false
2024-01-03 10:23:19.532 [DEBUG] [thread-id 1] - conditionally execute a flow. condition: true
2024-01-03 10:23:19.635 [DEBUG] [thread-id 1] - Cart page loaded successfully
2024-01-03 10:23:19.734 [DEBUG] [thread-id 1] - Scroll: up
2024-01-03 10:23:23.511 [DEBUG] [thread-id 1] - Verify identifier: {com.walmart.android.debug:id/cartText=[true]}
2024-01-03 10:23:23.587 [DEBUG] [thread-id 1] - cart page loaded
2024-01-03 10:23:23.663 [DEBUG] [thread-id 1] - Executing function: 'us.functions.utils.waitForLoadingImageToDisappear'
2024-01-03 10:23:23.664 [DEBUG] [thread-id 1] - sleep:  3000 milliseconds
2024-01-03 10:23:26.671 [DEBUG] [thread-id 1] - loop: from 0 to 5
2024-01-03 10:23:36.852 [DEBUG] [thread-id 1] - conditionally execute a flow. condition: false
2024-01-03 10:23:36.928 [DEBUG] [thread-id 1] - Executing function: 'us.functions.cart.VerifyRewardsEarnedTag'
2024-01-03 10:23:36.928 [DEBUG] [thread-id 1] - sleep:  10000 milliseconds
2024-01-03 10:23:46.934 [WARN] [thread-id 1] - variable mustBuy was used, but r2 could not find a value for this variable. returning default of null
2024-01-03 10:23:46.939 [DEBUG] [thread-id 1] - Scroll: up
2024-01-03 10:23:50.420 [DEBUG] [thread-id 1] - sleep:  2000 milliseconds
2024-01-03 10:23:52.552 [DEBUG] [thread-id 1] - Verify identifier: {//android.widget.TextView[(@text="Walmart Cash claimed")]=[true]}
2024-01-03 10:23:52.553 [DEBUG] [thread-id 1] - Executing function: 'us.functions.cart.VerifyRewardsEarnedBanner'
2024-01-03 10:23:52.553 [DEBUG] [thread-id 1] - sleep:  5000 milliseconds
2024-01-03 10:23:57.556 [DEBUG] [thread-id 1] - Executing function: 'us.functions.utils.scrollIfNotVisible'
2024-01-03 10:23:57.558 [DEBUG] [thread-id 1] - conditionally execute a flow. condition: true
2024-01-03 10:23:57.676 [DEBUG] [thread-id 1] - Store in: store the value '5' in the variable 'scrollLimit'
2024-01-03 10:23:57.677 [DEBUG] [thread-id 1] - Scroll limit set to - 5
2024-01-03 10:24:07.707 [DEBUG] [thread-id 1] - conditionally execute a flow. condition: false
2024-01-03 10:24:07.786 [DEBUG] [thread-id 1] - conditionally execute a flow. condition: false
2024-01-03 10:24:07.867 [DEBUG] [thread-id 1] - conditionally execute a flow. condition: true
2024-01-03 10:24:07.945 [DEBUG] [thread-id 1] - Scroll: down
2024-01-03 10:24:22.976 [DEBUG] [thread-id 1] - Resetting scrollPosition variable to default
2024-01-03 10:24:22.976 [DEBUG] [thread-id 1] - Store in: store the value 'null' in the variable 'scrollPosition'
2024-01-03 10:24:22.976 [DEBUG] [thread-id 1] - Store in: store the value 'null' in the variable 'identifierScope'
2024-01-03 10:24:22.977 [DEBUG] [thread-id 1] - Store in: store the value 'null' in the variable 'scrollLimit'
2024-01-03 10:24:33.020 [DEBUG] [thread-id 1] - conditionally execute a flow. condition: false
2024-01-03 10:24:34.589 [DEBUG] [thread-id 1] - Verify identifier: {//android.widget.TextView[contains(@text,"You’re earning an estimated")] | //android.widget.TextView[contains(@text,"Estimated Walmart Cash for this order")] | //*[(@resource-id = "com.walmart.android.debug:id/txv_title") or (@resource-id = "com.walmart.android.debug:id/unified_card_title")]=[true], com.walmart.android.debug:id/unified_card_info_icon=[true]}
2024-01-03 10:24:34.591 [DEBUG] [thread-id 1] - Executing function: 'us.functions.cart.continueToCheckout'
2024-01-03 10:24:35.380 [DEBUG] [thread-id 1] - Verify identifier: {com.walmart.android.debug:id/cart_continue_to_checkout_button=[true]}
2024-01-03 10:24:40.514 [DEBUG] [thread-id 1] - Click element: 'com.walmart.android.debug:id/cart_continue_to_checkout_button'
2024-01-03 10:24:41.853 [DEBUG] [thread-id 1] - sleep:  5000 milliseconds
2024-01-03 10:24:46.859 [DEBUG] [thread-id 1] - loop: from 1 to 3
2024-01-03 10:24:56.981 [DEBUG] [thread-id 1] - conditionally execute a flow. condition: false
2024-01-03 10:25:17.055 [DEBUG] [thread-id 1] - Executing function: 'us.functions.reserveSlot.fcormpselectaddressandcontinue'
2024-01-03 10:25:17.092 [DEBUG] [thread-id 1] - conditionally execute a flow. condition: true
2024-01-03 10:25:22.187 [DEBUG] [thread-id 1] - Click element: 'com.walmart.android.debug:id/choose_address_radio_button'
2024-01-03 10:25:23.426 [DEBUG] [thread-id 1] - Click element: 'com.walmart.android.debug:id/select_address_continue_button'
2024-01-03 10:25:24.040 [DEBUG] [thread-id 1] - Executing function: 'us.functions.home.closeWPlusPromotionPopUpIfDisplayed'
2024-01-03 10:25:24.040 [DEBUG] [thread-id 1] - sleep:  5000 milliseconds
2024-01-03 10:25:39.124 [DEBUG] [thread-id 1] - conditionally execute a flow. condition: true
2024-01-03 10:25:39.246 [DEBUG] [thread-id 1] - Clicked on Checkout button successfully
2024-01-03 10:25:39.247 [DEBUG] [thread-id 1] - Executing function: 'us.functions.checkout.placeOrder'
2024-01-03 10:25:39.248 [DEBUG] [thread-id 1] - Executing function: 'us.functions.utils.cvv.errorHandling'
2024-01-03 10:25:39.250 [DEBUG] [thread-id 1] - Executing function: 'us.functions.checkout.reviewOrder.scrollToTopOfReviewOrder'
2024-01-03 10:25:39.251 [DEBUG] [thread-id 1] - Scrolling to top of review order page
2024-01-03 10:25:39.251 [DEBUG] [thread-id 1] - sleep:  5000 milliseconds
2024-01-03 10:25:44.399 [DEBUG] [thread-id 1] - Verify identifier: {//android.widget.TextView[(@text="Review Order") or (@text="Checkout")]=[true]}
2024-01-03 10:25:44.401 [DEBUG] [thread-id 1] - loop: from 0 to 7
2024-01-03 10:25:44.459 [DEBUG] [thread-id 1] - Check 0
2024-01-03 10:25:44.572 [DEBUG] [thread-id 1] - conditionally execute a flow. condition: true
2024-01-03 10:25:44.626 [WARN] [thread-id 1] - variable validateText was used, but r2 could not find a value for this variable. returning default of null
2024-01-03 10:25:44.633 [DEBUG] [thread-id 1] - conditionally execute a flow. condition: true
2024-01-03 10:25:44.750 [DEBUG] [thread-id 1] - get string: from '//*[@resource-id="com.walmart.android.debug:id/review_order_recycler_view"]/androidx.cardview.widget.CardView[1]//*[@resource-id="com.walmart.android.debug:id/delivery_section_new_title"]' [type='text']
2024-01-03 10:25:44.809 [DEBUG] [thread-id 1] - Scrolling up till cart page top is reached
2024-01-03 10:25:44.863 [DEBUG] [thread-id 1] - Scroll: up
2024-01-03 10:25:48.471 [DEBUG] [thread-id 1] - Check 1
2024-01-03 10:25:48.583 [DEBUG] [thread-id 1] - conditionally execute a flow. condition: true
2024-01-03 10:25:48.643 [DEBUG] [thread-id 1] - conditionally execute a flow. condition: false
2024-01-03 10:25:48.759 [DEBUG] [thread-id 1] - get string: from '//*[@resource-id="com.walmart.android.debug:id/review_order_recycler_view"]/androidx.cardview.widget.CardView[1]//*[@resource-id="com.walmart.android.debug:id/delivery_section_new_title"]' [type='text']
2024-01-03 10:25:48.816 [DEBUG] [thread-id 1] - Store currently displayed fulfillment type and compare with previously displayed fulfillment type text
2024-01-03 10:25:48.872 [DEBUG] [thread-id 1] - conditionally execute a flow. condition: true
2024-01-03 10:25:48.929 [DEBUG] [thread-id 1] - Breaking the loop as review order page top is reached
2024-01-03 10:25:49.097 [DEBUG] [thread-id 1] - Store in: store the value 'null' in the variable 'validateText'
2024-01-03 10:25:49.098 [DEBUG] [thread-id 1] - Scroll: down
2024-01-03 10:26:14.857 [DEBUG] [thread-id 1] - conditionally execute a flow. condition: false
2024-01-03 10:26:14.919 [DEBUG] [thread-id 1] - No CVV error was Detected
2024-01-03 10:26:14.920 [DEBUG] [thread-id 1] - loop: from 1 to 4
2024-01-03 10:26:14.974 [DEBUG] [thread-id 1] - Place order try count - 1
2024-01-03 10:26:15.035 [DEBUG] [thread-id 1] - Verify identifier: {com.walmart.android.debug:id/button_place_order=[true]}
2024-01-03 10:26:25.252 [DEBUG] [thread-id 1] - Click element: 'com.walmart.android.debug:id/button_place_order'
2024-01-03 10:26:26.187 [WARN] [thread-id 1] - variable ebtExists was used, but r2 could not find a value for this variable. returning default of null
2024-01-03 10:26:26.680 [DEBUG] [thread-id 1] - sleep:  5000 milliseconds
2024-01-03 10:26:42.205 [DEBUG] [thread-id 1] - conditionally execute a flow. condition: false
2024-01-03 10:26:52.392 [DEBUG] [thread-id 1] - conditionally execute a flow. condition: false
2024-01-03 10:26:52.448 [DEBUG] [thread-id 1] - Executing function: 'us.functions.home.closeWPlusPromotionPopUpIfDisplayed'
2024-01-03 10:26:52.448 [DEBUG] [thread-id 1] - sleep:  5000 milliseconds
2024-01-03 10:27:07.557 [DEBUG] [thread-id 1] - Executing function: 'us.functions.orderConfirmation.orderCreationValidation'
2024-01-03 10:27:07.557 [DEBUG] [thread-id 1] - sleep:  10000 milliseconds
2024-01-03 10:27:17.710 [DEBUG] [thread-id 1] - conditionally execute a flow. condition: true
2024-01-03 10:27:17.780 [DEBUG] [thread-id 1] - Order created successfully
2024-01-03 10:27:17.781 [DEBUG] [thread-id 1] - Executing function: 'us.functions.checkout.placeOrderAgainIfError'
2024-01-03 10:27:17.781 [DEBUG] [thread-id 1] - sleep:  5000 milliseconds
2024-01-03 10:27:32.870 [DEBUG] [thread-id 1] - R2_SUBFLOW_POST_TRANSACTION
2024-01-03 10:27:32.871 [DEBUG] [thread-id 1] - Executing function: 'us.functions.orderConfirmation.getOrderNumber'
2024-01-03 10:27:33.040 [DEBUG] [thread-id 1] - get string: from 'com.walmart.android.debug:id/checkout_order_number_textview' [type='null']
2024-01-03 10:27:33.040 [DEBUG] [thread-id 1] - sleep:  30000 milliseconds
2024-01-03 10:28:03.046 [DEBUG] [thread-id 1] - 100000211950897
2024-01-03 10:28:03.050 [DEBUG] [thread-id 1] - Executing function: 'us.functions.checkout.orderConfirmation.viewRewardsCenter'
2024-01-03 10:28:03.056 [DEBUG] [thread-id 1] - Executing function: 'us.functions.utils.scrollIfNotVisible'
2024-01-03 10:28:03.059 [DEBUG] [thread-id 1] - conditionally execute a flow. condition: true
2024-01-03 10:28:03.200 [DEBUG] [thread-id 1] - Store in: store the value '5' in the variable 'scrollLimit'
2024-01-03 10:28:03.200 [DEBUG] [thread-id 1] - Scroll limit set to - 5
2024-01-03 10:28:13.277 [DEBUG] [thread-id 1] - conditionally execute a flow. condition: false
2024-01-03 10:28:13.333 [DEBUG] [thread-id 1] - conditionally execute a flow. condition: true
2024-01-03 10:28:13.394 [DEBUG] [thread-id 1] - conditionally execute a flow. condition: true
2024-01-03 10:28:13.451 [DEBUG] [thread-id 1] - Scroll: down
2024-01-03 10:28:20.328 [DEBUG] [thread-id 1] - Resetting scrollPosition variable to default
2024-01-03 10:28:20.328 [DEBUG] [thread-id 1] - Store in: store the value 'null' in the variable 'scrollPosition'
2024-01-03 10:28:20.328 [DEBUG] [thread-id 1] - Store in: store the value 'null' in the variable 'identifierScope'
2024-01-03 10:28:20.328 [DEBUG] [thread-id 1] - Store in: store the value 'null' in the variable 'scrollLimit'
2024-01-03 10:28:30.476 [DEBUG] [thread-id 1] - Click element: '//android.widget.Button[@resource-id="com.walmart.android.debug:id/button_see_rewards"] | //android.widget.Button[@resource-id="com.walmart.android.debug:id/thankyou_rewards_center_button"] | //android.widget.Button[contains(@text, "View your balance")]'
2024-01-03 10:28:31.088 [DEBUG] [thread-id 1] - Executing function: 'us.functions.global.onboarding.popUpScreen'
2024-01-03 10:28:31.089 [DEBUG] [thread-id 1] - sleep:  3000 milliseconds
2024-01-03 10:28:44.163 [DEBUG] [thread-id 1] - Verify identifier: {com.walmart.android.debug:id/your_rewards_title=[true]}
2024-01-03 10:28:44.166 [DEBUG] [thread-id 1] - Executing function: 'us.functions.global.navigation.goToDeepLink'
2024-01-03 10:28:44.167 [DEBUG] [thread-id 1] - Verify value of: '$deepLinkUrl'
2024-01-03 10:28:44.168 [DEBUG] [thread-id 1] - Open link: 'walmart://orders/100000211950897'
2024-01-03 10:28:44.713 [DEBUG] [thread-id 1] - Executing function: 'us.functions.cancel.orderItems'
2024-01-03 10:28:44.714 [DEBUG] [thread-id 1] - sleep:  1500 milliseconds
2024-01-03 10:28:46.218 [DEBUG] [thread-id 1] - I completed sleep
2024-01-03 10:28:46.221 [DEBUG] [thread-id 1] - Executing function: 'us.functions.cancel.setCancellationReason'
2024-01-03 10:28:46.222 [DEBUG] [thread-id 1] - conditionally execute a flow. condition: true
2024-01-03 10:28:47.843 [DEBUG] [thread-id 1] - Cancellation reasonIndex set to 3
2024-01-03 10:28:47.845 [WARN] [thread-id 1] - variable cancelOrder was used, but r2 could not find a value for this variable. returning default of null
2024-01-03 10:28:47.845 [DEBUG] [thread-id 1] - conditionally execute a flow. condition: false
2024-01-03 10:28:48.498 [DEBUG] [thread-id 1] - Executing function: 'us.functions.utils.getR2Array'
2024-01-03 10:28:48.500 [DEBUG] [thread-id 1] - Execute Node: 'us/test/helpers/generateR2Array.js'
2024-01-03 10:28:50.873 [DEBUG] [thread-id 1] - Executing function: 'us.functions.cancel.initiateCancellation'
2024-01-03 10:28:50.874 [DEBUG] [thread-id 1] - loop: over '["fc"]'
2024-01-03 10:28:50.971 [DEBUG] [thread-id 1] - Executing function: 'us.functions.cancel.getCancellationFulfillmentType'
2024-01-03 10:28:50.972 [DEBUG] [thread-id 1] - conditionally execute a flow. condition: false
2024-01-03 10:28:51.069 [DEBUG] [thread-id 1] - conditionally execute a flow. condition: true
2024-01-03 10:28:51.163 [DEBUG] [thread-id 1] - Store in: store the value 'Delivery' in the variable 'fulfillmentType'
2024-01-03 10:28:51.254 [DEBUG] [thread-id 1] - Store in: store the value 'shipping' in the variable 'altFulfillmentType'
2024-01-03 10:28:51.350 [DEBUG] [thread-id 1] - Executing function: 'us.functions.orderDetails.scrollToSection'
2024-01-03 10:28:51.351 [DEBUG] [thread-id 1] - Executing function: 'us.functions.utils.scrollIfNotVisible'
2024-01-03 10:28:51.352 [DEBUG] [thread-id 1] - conditionally execute a flow. condition: true
2024-01-03 10:28:51.440 [DEBUG] [thread-id 1] - Store in: store the value '5' in the variable 'scrollLimit'
2024-01-03 10:28:51.441 [DEBUG] [thread-id 1] - Scroll limit set to - 5
2024-01-03 10:28:51.441 [DEBUG] [thread-id 1] - conditionally execute a flow. condition: true
2024-01-03 10:28:51.544 [DEBUG] [thread-id 1] - Required identifier already displayed
2024-01-03 10:28:51.544 [DEBUG] [thread-id 1] - Resetting scrollPosition variable to default
2024-01-03 10:28:51.544 [DEBUG] [thread-id 1] - Store in: store the value 'null' in the variable 'scrollPosition'
2024-01-03 10:28:51.544 [DEBUG] [thread-id 1] - Store in: store the value 'null' in the variable 'identifierScope'
2024-01-03 10:28:51.545 [DEBUG] [thread-id 1] - Store in: store the value 'null' in the variable 'scrollLimit'
2024-01-03 10:28:51.549 [WARN] [thread-id 1] - variable nonTrackerBased was used, but r2 could not find a value for this variable. returning default of null
2024-01-03 10:28:51.549 [DEBUG] [thread-id 1] - conditionally execute a flow. condition: false
2024-01-03 10:28:51.639 [DEBUG] [thread-id 1] - Executing function: 'us.functions.utils.scrollIfNotVisible'
2024-01-03 10:28:51.640 [DEBUG] [thread-id 1] - conditionally execute a flow. condition: true
2024-01-03 10:28:51.792 [DEBUG] [thread-id 1] - Store in: store the value '5' in the variable 'scrollLimit'
2024-01-03 10:28:51.792 [DEBUG] [thread-id 1] - Scroll limit set to - 5
2024-01-03 10:28:51.910 [DEBUG] [thread-id 1] - conditionally execute a flow. condition: true
2024-01-03 10:28:52.015 [DEBUG] [thread-id 1] - Required identifier already displayed
2024-01-03 10:28:52.016 [DEBUG] [thread-id 1] - Resetting scrollPosition variable to default
2024-01-03 10:28:52.016 [DEBUG] [thread-id 1] - Store in: store the value 'null' in the variable 'scrollPosition'
2024-01-03 10:28:52.017 [DEBUG] [thread-id 1] - Store in: store the value 'null' in the variable 'identifierScope'
2024-01-03 10:28:52.017 [DEBUG] [thread-id 1] - Store in: store the value 'null' in the variable 'scrollLimit'
2024-01-03 10:29:02.104 [DEBUG] [thread-id 1] - Store in: store the value 'null' in the variable 'identifier'
2024-01-03 10:29:02.200 [DEBUG] [thread-id 1] - Executing function: 'us.functions.cancel.processCancellation'
2024-01-03 10:29:02.201 [DEBUG] [thread-id 1] - conditionally execute a flow. condition: false
2024-01-03 10:29:02.511 [DEBUG] [thread-id 1] - Verify identifier: {//*[@resource-id="com.walmart.android.debug:id/status_title" and (contains(@text, "Delivery") or contains(@text, "shipping"))]/following-sibling::*[@resource-id="com.walmart.android.debug:id/dot_tracker_view"]=[true]}
2024-01-03 10:29:02.730 [DEBUG] [thread-id 1] - conditionally execute a flow. condition: true
2024-01-03 10:29:02.841 [DEBUG] [thread-id 1] - Scroll: down
2024-01-03 10:29:33.067 [DEBUG] [thread-id 1] - Executing function: 'us.functions.utils.scrollIfNotVisible'
2024-01-03 10:29:33.068 [DEBUG] [thread-id 1] - conditionally execute a flow. condition: true
2024-01-03 10:29:33.147 [DEBUG] [thread-id 1] - Store in: store the value '5' in the variable 'scrollLimit'
2024-01-03 10:29:33.147 [DEBUG] [thread-id 1] - Scroll limit set to - 5
2024-01-03 10:29:33.226 [DEBUG] [thread-id 1] - conditionally execute a flow. condition: true
2024-01-03 10:29:33.304 [DEBUG] [thread-id 1] - Required identifier already displayed
2024-01-03 10:29:33.304 [DEBUG] [thread-id 1] - Resetting scrollPosition variable to default
2024-01-03 10:29:33.305 [DEBUG] [thread-id 1] - Store in: store the value 'null' in the variable 'scrollPosition'
2024-01-03 10:29:33.305 [DEBUG] [thread-id 1] - Store in: store the value 'null' in the variable 'identifierScope'
2024-01-03 10:29:33.305 [DEBUG] [thread-id 1] - Store in: store the value 'null' in the variable 'scrollLimit'
2024-01-03 10:29:33.467 [DEBUG] [thread-id 1] - Click element: '//android.widget.Button[@content-desc="Remove Item"] | //android.widget.Button[@content-desc="Request cancellation"]'
2024-01-03 10:29:34.516 [DEBUG] [thread-id 1] - Store in: store the value 'canceled' in the variable 'cancellationType'
2024-01-03 10:29:34.518 [DEBUG] [thread-id 1] - Executing function: 'us.functions.cancel.submitCancellation'
2024-01-03 10:29:35.459 [DEBUG] [thread-id 1] - Verify identifier: {com.walmart.android.debug:id/title=[true]}
2024-01-03 10:29:35.729 [DEBUG] [thread-id 1] - Click element: '(//*[@resource-id='com.walmart.android.debug:id/radiobutton_cancellation_reason'])[3]'
2024-01-03 10:29:37.555 [DEBUG] [thread-id 1] - org.openqa.selenium.StaleElementReferenceException: Cached elements 'By.xpath: (//*[@resource-id='com.walmart.android.debug:id/radiobutton_cancellation_reason'])[3]' do not exist in DOM anymore
For documentation on this error, please visit: https://selenium.dev/exceptions/#stale_element_reference
Build info: version: '4.7.0', revision: '0a5b49d16f'
System info: os.name: 'Mac OS X', os.arch: 'aarch64', os.version: '13.6', java.version: '20.0.1'
Driver info: io.appium.java_client.android.AndroidDriver
Command: [b1230ecb-b234-4cc1-9abb-063c4251cda5, getElementAttribute {id=00000000-0000-00b1-ffff-ffff0000179b, name=text}]
Capabilities {appium:adbExecTimeout: 50000, appium:app: /Users/m0k0a2f/glass-automa..., appium:appActivity: com.walmart.glass.integrati..., appium:appPackage: com.walmart.android.debug, appium:appiumVersion: 1.22.3, appium:automationName: UiAutomator2, appium:commandTimeout: 600, appium:databaseEnabled: false, appium:desired: {adbExecTimeout: 50000, app: /Users/m0k0a2f/glass-automa..., appActivity: com.walmart.glass.integrati..., appPackage: com.walmart.android.debug, appiumVersion: 1.22.3, automationName: UiAutomator2, commandTimeout: 600, deviceName: Pixel5_API_31, deviceOrientation: PORTRAIT, fullReset: true, idleTimeout: 1000, intentFlags: 0, name: C2671353-Android-Ibotta-Rew..., newCommandTimeout: 600000, noReset: false, noSign: true, optionalIntentArguments: --es glass.auto.ServiceEnv ..., platformName: android, platformVersion: 12.0}, appium:deviceApiLevel: 31, appium:deviceManufacturer: Google, appium:deviceModel: sdk_gphone64_arm64, appium:deviceName: emulator-5556, appium:deviceOrientation: PORTRAIT, appium:deviceScreenDensity: 440, appium:deviceScreenSize: 1080x2340, appium:deviceUDID: emulator-5556, appium:fullReset: true, appium:idleTimeout: 1000, appium:intentFlags: 0, appium:javascriptEnabled: true, appium:locationContextEnabled: false, appium:name: C2671353-Android-Ibotta-Rew..., appium:networkConnectionEnabled: true, appium:newCommandTimeout: 600000, appium:noReset: false, appium:noSign: true, appium:optionalIntentArguments: --es glass.auto.ServiceEnv ..., appium:pixelRatio: 2.75, appium:platformVersion: 12, appium:statBarHeight: 145, appium:takesScreenshot: true, appium:viewportRect: {height: 1927, left: 0, top: 145, width: 1080}, appium:warnings: {}, appium:webStorageEnabled: false, platformName: ANDROID}
Element: [[AndroidDriver:  on ANDROID (b1230ecb-b234-4cc1-9abb-063c4251cda5)] -> xpath: (//*[@resource-id='com.walmart.android.debug:id/radiobutton_cancellation_reason'])[3]]
Session ID: b1230ecb-b234-4cc1-9abb-063c4251cda5
2024-01-03 10:29:37.683 [DEBUG] [thread-id 1] - get string: from '(//*[@resource-id='com.walmart.android.debug:id/radiobutton_cancellation_reason'])[3]' [type='text']
2024-01-03 10:29:37.683 [DEBUG] [thread-id 1] - Other items cancelled, so I no longer want this.
2024-01-03 10:29:37.712 [DEBUG] [thread-id 1] - Click element: 'com.walmart.android.debug:id/cancellation_reason_action_button'
2024-01-03 10:29:38.404 [DEBUG] [thread-id 1] - sleep:  10000 milliseconds
2024-01-03 10:29:48.657 [DEBUG] [thread-id 1] - Verify identifier: {com.walmart.android.debug:id/cancellation_reason_action_button=[true]}
2024-01-03 10:29:58.791 [DEBUG] [thread-id 1] - Executing function: 'us.functions.global.navigation.goToDeepLink'
2024-01-03 10:29:58.791 [DEBUG] [thread-id 1] - Verify value of: '$deepLinkUrl'
2024-01-03 10:29:58.791 [DEBUG] [thread-id 1] - Open link: 'walmart://orders/100000211950897'
2024-01-03 10:30:01.292 [DEBUG] [thread-id 1] - Executing function: 'us.functions.cancel.storeItemCancellationType'
2024-01-03 10:30:01.293 [WARN] [thread-id 1] - variable cancelFlags was used, but r2 could not find a value for this variable. returning default of null
2024-01-03 10:30:01.294 [DEBUG] [thread-id 1] - conditionally execute a flow. condition: true
2024-01-03 10:30:03.372 [DEBUG] [thread-id 1] - Store in: store the value '{' in the variable 'cancelFlags'
2024-01-03 10:30:03.374 [DEBUG] [thread-id 1] - conditionally execute a flow. condition: false
2024-01-03 10:30:03.464 [DEBUG] [thread-id 1] - Store in: store the value '{"fc":"true",' in the variable 'cancelFlags'
2024-01-03 10:30:03.466 [WARN] [thread-id 1] - variable restructureJSON was used, but r2 could not find a value for this variable. returning default of null
2024-01-03 10:30:03.554 [DEBUG] [thread-id 1] - sleep:  5000 milliseconds
2024-01-03 10:30:08.561 [DEBUG] [thread-id 1] - Executing function: 'us.functions.cancel.storeItemCancellationType'
2024-01-03 10:30:08.563 [DEBUG] [thread-id 1] - conditionally execute a flow. condition: false
2024-01-03 10:30:08.693 [WARN] [thread-id 1] - variable item was used, but r2 could not find a value for this variable. returning default of null
2024-01-03 10:30:08.694 [DEBUG] [thread-id 1] - Store in: store the value '{"fc":"true","null":"true",' in the variable 'cancelFlags'
2024-01-03 10:30:08.694 [DEBUG] [thread-id 1] - conditionally execute a flow. condition: true
2024-01-03 10:30:08.778 [DEBUG] [thread-id 1] - Store in: store the value '{"fc":"true","null":"true","na":"na"}' in the variable 'cancelFlags'
2024-01-03 10:30:08.780 [DEBUG] [thread-id 1] - Executing function: 'us.functions.cancel.validateCancellation'
2024-01-03 10:30:08.782 [DEBUG] [thread-id 1] - Executing function: 'us.functions.utils.getR2Array'
2024-01-03 10:30:08.783 [DEBUG] [thread-id 1] - Execute Node: 'us/test/helpers/generateR2Array.js'
2024-01-03 10:30:09.308 [WARN] [thread-id 1] - variable cancelOrder was used, but r2 could not find a value for this variable. returning default of null
2024-01-03 10:30:09.308 [DEBUG] [thread-id 1] - conditionally execute a flow. condition: true
2024-01-03 10:30:09.430 [DEBUG] [thread-id 1] - loop: over '["fc"]'
2024-01-03 10:30:09.535 [DEBUG] [thread-id 1] - Executing function: 'us.functions.cancel.getCancellationFulfillmentType'
2024-01-03 10:30:09.535 [DEBUG] [thread-id 1] - conditionally execute a flow. condition: false
2024-01-03 10:30:09.618 [DEBUG] [thread-id 1] - conditionally execute a flow. condition: true
2024-01-03 10:30:09.707 [DEBUG] [thread-id 1] - Store in: store the value 'Delivery' in the variable 'fulfillmentType'
2024-01-03 10:30:09.806 [DEBUG] [thread-id 1] - Store in: store the value 'shipping' in the variable 'altFulfillmentType'
2024-01-03 10:30:09.901 [DEBUG] [thread-id 1] - Executing function: 'us.functions.orderDetails.scrollToSection'
2024-01-03 10:30:09.902 [DEBUG] [thread-id 1] - conditionally execute a flow. condition: true
2024-01-03 10:30:10.002 [DEBUG] [thread-id 1] - Store in: store the value '5' in the variable 'scrollLimit'
2024-01-03 10:30:10.003 [DEBUG] [thread-id 1] - Scroll limit set to - 5
2024-01-03 10:30:10.003 [DEBUG] [thread-id 1] - conditionally execute a flow. condition: true
2024-01-03 10:30:10.111 [DEBUG] [thread-id 1] - Required identifier already displayed
2024-01-03 10:30:10.111 [DEBUG] [thread-id 1] - Resetting scrollPosition variable to default
2024-01-03 10:30:10.111 [DEBUG] [thread-id 1] - Store in: store the value 'null' in the variable 'scrollPosition'
2024-01-03 10:30:10.112 [DEBUG] [thread-id 1] - Store in: store the value 'null' in the variable 'identifierScope'
2024-01-03 10:30:10.112 [DEBUG] [thread-id 1] - Store in: store the value 'null' in the variable 'scrollLimit'
2024-01-03 10:30:10.112 [DEBUG] [thread-id 1] - conditionally execute a flow. condition: true
2024-01-03 10:30:10.207 [DEBUG] [thread-id 1] - conditionally execute a flow. condition: true
2024-01-03 10:30:10.296 [DEBUG] [thread-id 1] - Store in: store the value '5' in the variable 'scrollLimit'
2024-01-03 10:30:10.296 [DEBUG] [thread-id 1] - Scroll limit set to - 5
2024-01-03 10:30:10.413 [DEBUG] [thread-id 1] - conditionally execute a flow. condition: true
2024-01-03 10:30:10.503 [DEBUG] [thread-id 1] - Required identifier already displayed
2024-01-03 10:30:10.504 [DEBUG] [thread-id 1] - Resetting scrollPosition variable to default
2024-01-03 10:30:10.504 [DEBUG] [thread-id 1] - Store in: store the value 'null' in the variable 'scrollPosition'
2024-01-03 10:30:10.504 [DEBUG] [thread-id 1] - Store in: store the value 'null' in the variable 'identifierScope'
2024-01-03 10:30:10.504 [DEBUG] [thread-id 1] - Store in: store the value 'null' in the variable 'scrollLimit'
2024-01-03 10:30:20.531 [DEBUG] [thread-id 1] - Store in: store the value 'null' in the variable 'identifier'
2024-01-03 10:30:20.612 [DEBUG] [thread-id 1] - Executing function: 'us.functions.utils.jsonDataParse'
2024-01-03 10:30:20.614 [DEBUG] [thread-id 1] - Execute Node: 'us/test/helpers/jsonParser.js'
2024-01-03 10:30:20.945 [DEBUG] [thread-id 1] - Verify identifier: {//*[contains(@text, "Delivery") or contains(@text, "shipping")]/following-sibling::*[@resource-id="com.walmart.android.debug:id/status_message"]=[true]}
2024-01-03 10:30:20.945 [DEBUG] [thread-id 1] - Executing function: 'us.functions.orderdetails.verifyRewardEarnedAfterOrderCancellation'
2024-01-03 10:30:20.946 [DEBUG] [thread-id 1] - Scroll: down
2024-01-03 10:30:30.540 [DEBUG] [thread-id 1] - Verify identifier: {//android.widget.TextView[@content-desc="Reward applied"] || //android.widget.TextView[@content-desc="Walmart Cash applied"]=[true]}
2024-01-03 10:30:30.541 [DEBUG] [thread-id 1] - Executing function: 'us.functions.account.verifyRewardsBalanceAfterCancellation'
2024-01-03 12:20:22.948 [DEBUG] [thread-id 1] - Executing R2 3.38.1: '/Users/m0k0a2f/glass-automation/./us/test/test-scripts/android/golden-flows/wplus-flows/Wplus-ibotta-rewards/C2671353-Android-Ibotta-Rewards-Cancelled.yaml' on device: 'Pixel5_API_31'
2024-01-03 12:20:34.382 [DEBUG] [thread-id 1] - Executing scenario: 'Before'
2024-01-03 12:20:34.383 [DEBUG] [thread-id 1] - R2_EXTEND_TRIAL_MEMBER_FLOW
2024-01-03 12:20:34.432 [DEBUG] [thread-id 1] - Using us-errors-helpers.yaml
2024-01-03 12:20:34.464 [DEBUG] [thread-id 1] - Start Main
2024-01-03 12:20:34.465 [DEBUG] [thread-id 1] - Executing function: 'us.functions.global.navigation.goToDeepLink'
2024-01-03 12:20:34.466 [DEBUG] [thread-id 1] - Verify value of: '$deepLinkUrl'
2024-01-03 12:20:34.468 [DEBUG] [thread-id 1] - Open link: 'walmart://home'
2024-01-03 12:20:34.585 [DEBUG] [thread-id 1] - Executing function: 'us.functions.account.verifyRewardsBalanceAfterCancellation'
2024-01-03 12:20:40.816 [DEBUG] [thread-id 1] - Verify identifier: {com.walmart.android.debug:id/navigation_account=[true]}
2024-01-03 12:20:43.056 [DEBUG] [thread-id 1] - Click element: 'com.walmart.android.debug:id/navigation_account'
2024-01-03 12:21:08.951 [DEBUG] [thread-id 1] - Click element: 'com.walmart.android.debug:id/navigation_account'
2024-01-03 12:33:23.893 [DEBUG] [thread-id 1] - Executing R2 3.38.1: '/Users/m0k0a2f/glass-automation/./us/test/test-scripts/android/golden-flows/wplus-flows/Wplus-ibotta-rewards/C2671353-Android-Ibotta-Rewards-Cancelled.yaml' on device: 'Pixel5_API_31'
2024-01-03 12:33:36.221 [DEBUG] [thread-id 1] - Executing scenario: 'Before'
2024-01-03 12:33:36.224 [DEBUG] [thread-id 1] - R2_EXTEND_TRIAL_MEMBER_FLOW
2024-01-03 12:33:37.129 [DEBUG] [thread-id 1] - Using us-errors-helpers.yaml
2024-01-03 12:33:37.236 [DEBUG] [thread-id 1] - Start Main
2024-01-03 12:33:37.238 [DEBUG] [thread-id 1] - Executing function: 'us.functions.global.navigation.goToDeepLink'
2024-01-03 12:33:37.239 [DEBUG] [thread-id 1] - Verify value of: '$deepLinkUrl'
2024-01-03 12:33:37.240 [DEBUG] [thread-id 1] - Open link: 'walmart://account'
2024-01-03 12:33:37.985 [DEBUG] [thread-id 1] - Executing function: 'us.functions.account.verifyRewardsBalanceAfterCancellation'
2024-01-03 12:33:37.986 [DEBUG] [thread-id 1] - Verify identifier: {com.walmart.android.debug:id/navigation_account=[true]}
2024-01-03 12:33:39.218 [DEBUG] [thread-id 1] - Click element: 'com.walmart.android.debug:id/navigation_account'
2024-01-03 12:35:34.316 [DEBUG] [thread-id 1] - Executing R2 3.38.1: '/Users/m0k0a2f/glass-automation/./us/test/test-scripts/android/golden-flows/wplus-flows/Wplus-ibotta-rewards/C2671353-Android-Ibotta-Rewards-Cancelled.yaml' on device: 'Pixel5_API_31'
2024-01-03 12:35:45.996 [DEBUG] [thread-id 1] - Executing scenario: 'Before'
2024-01-03 12:35:45.999 [DEBUG] [thread-id 1] - R2_EXTEND_TRIAL_MEMBER_FLOW
2024-01-03 12:35:46.684 [DEBUG] [thread-id 1] - Using us-errors-helpers.yaml
2024-01-03 12:35:46.823 [DEBUG] [thread-id 1] - Start Main
2024-01-03 12:35:46.825 [DEBUG] [thread-id 1] - Executing function: 'us.functions.global.navigation.goToDeepLink'
2024-01-03 12:35:46.826 [DEBUG] [thread-id 1] - Verify value of: '$deepLinkUrl'
2024-01-03 12:35:46.827 [DEBUG] [thread-id 1] - Open link: 'walmart://account'
2024-01-03 12:35:47.374 [DEBUG] [thread-id 1] - Executing function: 'us.functions.account.verifyRewardsBalanceAfterCancellation'
2024-01-03 12:38:23.024 [DEBUG] [thread-id 1] - Executing R2 3.38.1: '/Users/m0k0a2f/glass-automation/./us/test/test-scripts/android/golden-flows/wplus-flows/Wplus-ibotta-rewards/C2671353-Android-Ibotta-Rewards-Cancelled.yaml' on device: 'Pixel5_API_31'
2024-01-03 12:38:34.991 [DEBUG] [thread-id 1] - Executing scenario: 'Before'
2024-01-03 12:38:34.993 [DEBUG] [thread-id 1] - R2_EXTEND_TRIAL_MEMBER_FLOW
2024-01-03 12:38:35.714 [DEBUG] [thread-id 1] - Using us-errors-helpers.yaml
2024-01-03 12:38:35.871 [DEBUG] [thread-id 1] - Start Main
2024-01-03 12:38:35.873 [DEBUG] [thread-id 1] - Executing function: 'us.functions.global.navigation.goToDeepLink'
2024-01-03 12:38:35.874 [DEBUG] [thread-id 1] - Verify value of: '$deepLinkUrl'
2024-01-03 12:38:35.875 [DEBUG] [thread-id 1] - Open link: 'walmart://account'
2024-01-03 12:38:36.216 [DEBUG] [thread-id 1] - Executing function: 'us.functions.account.verifyRewardsBalanceAfterCancellation'
2024-01-03 12:42:35.724 [DEBUG] [thread-id 1] - Executing R2 3.38.1: '/Users/m0k0a2f/glass-automation/./us/test/test-scripts/android/golden-flows/wplus-flows/Wplus-ibotta-rewards/C2671353-Android-Ibotta-Rewards-Cancelled.yaml' on device: 'Galaxy S22'
2024-01-03 12:42:38.047 [DEBUG] [thread-id 1] - Created report: /Users/m0k0a2f/glass-automation/report/index.html
2024-01-03 13:17:10.733 [DEBUG] [thread-id 1] - Executing R2 3.38.1: '/Users/m0k0a2f/glass-automation/./us/test/test-scripts/android/golden-flows/wplus-flows/Wplus-ibotta-rewards/C2671353-Android-Ibotta-Rewards-Cancelled.yaml' on device: 'Galaxy S22'
2024-01-03 13:17:12.838 [DEBUG] [thread-id 1] - Created report: /Users/m0k0a2f/glass-automation/report/index.html
2024-01-03 13:20:13.124 [DEBUG] [thread-id 1] - Executing R2 3.38.1: '/Users/m0k0a2f/glass-automation/./us/test/test-scripts/android/golden-flows/wplus-flows/Wplus-ibotta-rewards/C2671353-Android-Ibotta-Rewards-Cancelled.yaml' on device: 'Galaxy S22'
2024-01-03 13:20:15.134 [DEBUG] [thread-id 1] - Created report: /Users/m0k0a2f/glass-automation/report/index.html
2024-01-03 13:22:48.887 [DEBUG] [thread-id 1] - Executing R2 3.38.1: '/Users/m0k0a2f/glass-automation/./us/test/test-scripts/android/golden-flows/wplus-flows/Wplus-ibotta-rewards/C2671353-Android-Ibotta-Rewards-Cancelled.yaml' on device: 'Galaxy S22'
2024-01-03 13:22:50.836 [DEBUG] [thread-id 1] - Created report: /Users/m0k0a2f/glass-automation/report/index.html
2024-01-03 13:55:48.476 [DEBUG] [thread-id 1] - Executing R2 3.38.1: '/Users/m0k0a2f/glass-automation/./us/test/test-scripts/android/golden-flows/wplus-flows/Wplus-ibotta-rewards/C2671353-Android-Ibotta-Rewards-Cancelled.yaml' on device: 'Samsung SM-S901U1'
2024-01-03 13:56:25.554 [DEBUG] [thread-id 1] - Executing scenario: 'Before'
2024-01-03 13:56:25.556 [DEBUG] [thread-id 1] - R2_EXTEND_TRIAL_MEMBER_FLOW
2024-01-03 13:56:25.842 [DEBUG] [thread-id 1] - Using us-errors-helpers.yaml
2024-01-03 13:56:26.166 [DEBUG] [thread-id 1] - Start Main
2024-01-03 13:56:26.168 [DEBUG] [thread-id 1] - Executing function: 'us.functions.global.navigation.goToDeepLink'
2024-01-03 13:56:26.169 [DEBUG] [thread-id 1] - Verify value of: '$deepLinkUrl'
2024-01-03 13:56:26.169 [DEBUG] [thread-id 1] - Open link: 'walmart://account'
2024-01-03 13:56:26.301 [DEBUG] [thread-id 1] - Executing function: 'us.functions.account.verifyRewardsBalanceAfterCancellation'
2024-01-03 13:59:10.430 [DEBUG] [thread-id 1] - Executing R2 3.38.1: '/Users/m0k0a2f/glass-automation/./us/test/test-scripts/android/golden-flows/wplus-flows/Wplus-ibotta-rewards/C2671353-Android-Ibotta-Rewards-Cancelled.yaml' on device: 'Samsung SM-S901U1'
2024-01-03 13:59:22.889 [DEBUG] [thread-id 1] - Executing scenario: 'Before'
2024-01-03 13:59:22.891 [DEBUG] [thread-id 1] - R2_EXTEND_TRIAL_MEMBER_FLOW
2024-01-03 13:59:23.122 [DEBUG] [thread-id 1] - Using us-errors-helpers.yaml
2024-01-03 13:59:23.375 [DEBUG] [thread-id 1] - Start Main
2024-01-03 13:59:23.378 [DEBUG] [thread-id 1] - Executing function: 'us.functions.global.navigation.goToDeepLink'
2024-01-03 13:59:23.378 [DEBUG] [thread-id 1] - Verify value of: '$deepLinkUrl'
2024-01-03 13:59:23.378 [DEBUG] [thread-id 1] - Open link: 'walmart://account'
2024-01-03 13:59:23.482 [DEBUG] [thread-id 1] - Executing function: 'us.functions.account.verifyRewardsBalanceAfterCancellation'
2024-01-03 14:02:11.687 [DEBUG] [thread-id 1] - Executing R2 3.38.1: '/Users/m0k0a2f/glass-automation/./us/test/test-scripts/android/golden-flows/wplus-flows/Wplus-ibotta-rewards/C2671353-Android-Ibotta-Rewards-Cancelled.yaml' on device: 'Samsung SM-S901U1'
2024-01-03 14:02:24.577 [DEBUG] [thread-id 1] - Executing scenario: 'Before'
2024-01-03 14:02:24.578 [DEBUG] [thread-id 1] - R2_EXTEND_TRIAL_MEMBER_FLOW
2024-01-03 14:02:24.793 [DEBUG] [thread-id 1] - Using us-errors-helpers.yaml
2024-01-03 14:02:25.047 [DEBUG] [thread-id 1] - Start Main
2024-01-03 14:02:25.047 [DEBUG] [thread-id 1] - sleep:  25000 milliseconds
2024-01-03 14:02:50.057 [DEBUG] [thread-id 1] - Executing function: 'us.functions.global.navigation.goToDeepLink'
2024-01-03 14:02:50.059 [DEBUG] [thread-id 1] - Verify value of: '$deepLinkUrl'
2024-01-03 14:02:50.060 [DEBUG] [thread-id 1] - Open link: 'walmart://account'
2024-01-03 14:02:50.435 [DEBUG] [thread-id 1] - Executing function: 'us.functions.account.verifyRewardsBalanceAfterCancellation'
2024-01-03 16:05:25.163 [DEBUG] [thread-id 1] - Executing R2 3.38.1: '/Users/m0k0a2f/glass-automation/./us/test/test-scripts/android/golden-flows/wplus-flows/Wplus-ibotta-rewards/C2671353-Android-Ibotta-Rewards-Cancelled.yaml' on device: 'Samsung SM-S901U1'
2024-01-03 16:05:26.988 [DEBUG] [thread-id 1] - Created report: /Users/m0k0a2f/glass-automation/report/index.html
2024-01-03 16:06:45.104 [DEBUG] [thread-id 1] - Executing R2 3.38.1: '/Users/m0k0a2f/glass-automation/./us/test/test-scripts/android/golden-flows/wplus-flows/Wplus-ibotta-rewards/C2671353-Android-Ibotta-Rewards-Cancelled.yaml' on device: 'Samsung SM-S901U1'
2024-01-03 16:06:46.815 [DEBUG] [thread-id 1] - Created report: /Users/m0k0a2f/glass-automation/report/index.html
2024-01-03 16:09:20.200 [DEBUG] [thread-id 1] - Executing R2 3.38.1: '/Users/m0k0a2f/glass-automation/./us/test/test-scripts/android/golden-flows/wplus-flows/Wplus-ibotta-rewards/C2671353-Android-Ibotta-Rewards-Cancelled.yaml' on device: 'Samsung SM-S901U1'
2024-01-03 16:09:21.613 [DEBUG] [thread-id 1] - Created report: /Users/m0k0a2f/glass-automation/report/index.html
2024-01-03 16:11:35.369 [DEBUG] [thread-id 1] - Executing R2 3.38.1: '/Users/m0k0a2f/glass-automation/./us/test/test-scripts/android/golden-flows/wplus-flows/Wplus-ibotta-rewards/C2671353-Android-Ibotta-Rewards-Cancelled.yaml' on device: 'Samsung SM-S901U1'
2024-01-03 16:11:37.103 [DEBUG] [thread-id 1] - Created report: /Users/m0k0a2f/glass-automation/report/index.html
2024-01-03 16:14:47.030 [DEBUG] [thread-id 1] - Executing R2 3.38.1: '/Users/m0k0a2f/glass-automation/./us/test/test-scripts/android/golden-flows/wplus-flows/Wplus-ibotta-rewards/C2671353-Android-Ibotta-Rewards-Cancelled.yaml' on device: 'Samsung SM-S901U1'
2024-01-03 16:14:48.869 [DEBUG] [thread-id 1] - Created report: /Users/m0k0a2f/glass-automation/report/index.html
2024-01-03 16:16:52.072 [DEBUG] [thread-id 1] - Executing R2 3.38.1: '/Users/m0k0a2f/glass-automation/./us/test/test-scripts/android/golden-flows/wplus-flows/Wplus-ibotta-rewards/C2671353-Android-Ibotta-Rewards-Cancelled.yaml' on device: 'Samsung SM-S901U1'
2024-01-03 16:16:53.619 [DEBUG] [thread-id 1] - Created report: /Users/m0k0a2f/glass-automation/report/index.html
2024-01-03 16:19:01.834 [DEBUG] [thread-id 1] - Executing R2 3.38.1: '/Users/m0k0a2f/glass-automation/./us/test/test-scripts/android/golden-flows/wplus-flows/Wplus-ibotta-rewards/C2671353-Android-Ibotta-Rewards-Cancelled.yaml' on device: 'Samsung SM-S901U1'
2024-01-03 16:19:03.622 [DEBUG] [thread-id 1] - Created report: /Users/m0k0a2f/glass-automation/report/index.html
2024-01-03 16:21:05.346 [DEBUG] [thread-id 1] - Executing R2 3.38.1: '/Users/m0k0a2f/glass-automation/./us/test/test-scripts/android/golden-flows/wplus-flows/Wplus-ibotta-rewards/C2671353-Android-Ibotta-Rewards-Cancelled.yaml' on device: 'Samsung SM-S901U1'
2024-01-03 16:21:08.993 [DEBUG] [thread-id 1] - Created report: /Users/m0k0a2f/glass-automation/report/index.html
2024-01-03 16:35:34.701 [DEBUG] [thread-id 1] - Executing R2 3.38.1: '/Users/m0k0a2f/glass-automation/./us/test/test-scripts/android/golden-flows/wplus-flows/Wplus-ibotta-rewards/C2671353-Android-Ibotta-Rewards-Cancelled.yaml' on device: 'Samsung SM-S901U1'
2024-01-03 16:35:36.165 [DEBUG] [thread-id 1] - Created report: /Users/m0k0a2f/glass-automation/report/index.html
2024-01-03 16:46:24.248 [DEBUG] [thread-id 1] - Executing R2 3.38.1: '/Users/m0k0a2f/glass-automation/./us/test/test-scripts/android/golden-flows/wplus-flows/Wplus-ibotta-rewards/C2671353-Android-Ibotta-Rewards-Cancelled.yaml' on device: 'Samsung SM-S901U1'
2024-01-03 16:46:40.330 [DEBUG] [thread-id 1] - Executing scenario: 'Before'
2024-01-03 16:46:40.331 [DEBUG] [thread-id 1] - R2_EXTEND_TRIAL_MEMBER_FLOW
2024-01-03 16:46:40.610 [DEBUG] [thread-id 1] - Using us-errors-helpers.yaml
2024-01-03 16:46:40.981 [DEBUG] [thread-id 1] - Start Main
2024-01-03 16:46:40.981 [DEBUG] [thread-id 1] - sleep:  25000 milliseconds
2024-01-03 16:47:05.988 [DEBUG] [thread-id 1] - Executing function: 'us.functions.global.navigation.goToDeepLink'
2024-01-03 16:47:05.990 [DEBUG] [thread-id 1] - Verify value of: '$deepLinkUrl'
2024-01-03 16:47:05.991 [DEBUG] [thread-id 1] - Open link: 'walmart://account'
2024-01-03 16:47:06.320 [DEBUG] [thread-id 1] - Executing function: 'us.functions.account.verifyRewardsBalanceAfterCancellation'
2024-01-03 16:49:21.181 [ERROR] [thread-id 1] - org.openqa.selenium.NoSuchSessionException: A session is either terminated or not started
Build info: version: '4.7.0', revision: '0a5b49d16f'
System info: os.name: 'Mac OS X', os.arch: 'aarch64', os.version: '13.6', java.version: '20.0.1'
Driver info: io.appium.java_client.android.AndroidDriver
Command: [0960f459-cdf3-470e-994c-26816a4f7cd2, findElements {using=xpath, value=//android.widget.TextView[@resource-id="com.walmart.android.debug:id/rewards_amount"] | com.walmart.android.debug:id/rewards_balance_text}]
Capabilities {appium:adbExecTimeout: 50000, appium:app: /Users/m0k0a2f/glass-automa..., appium:appActivity: com.walmart.glass.integrati..., appium:appPackage: com.walmart.android.debug, appium:appiumVersion: 2.0.0, appium:automationName: UiAutomator2, appium:commandTimeout: 600, appium:databaseEnabled: false, appium:desired: {adbExecTimeout: 50000, app: /Users/m0k0a2f/glass-automa..., appActivity: com.walmart.glass.integrati..., appPackage: com.walmart.android.debug, appiumVersion: 2.0.0, automationName: UiAutomator2, commandTimeout: 600, deviceName: Samsung SM-S901U1, fullReset: false, idleTimeout: 1000, intentFlags: 0, name: C2671353-Android-Ibotta-Rew..., newCommandTimeout: 600000, noReset: true, noSign: true, optionalIntentArguments: --es glass.auto.ServiceEnv ..., orientation: PORTRAIT, platformName: android, platformVersion: 14.0}, appium:deviceApiLevel: 34, appium:deviceManufacturer: samsung, appium:deviceModel: SM-S901U1, appium:deviceName: R5CT50VA65V, appium:deviceScreenDensity: 480, appium:deviceScreenSize: 1080x2340, appium:deviceUDID: R5CT50VA65V, appium:fullReset: false, appium:idleTimeout: 1000, appium:intentFlags: 0, appium:javascriptEnabled: true, appium:locationContextEnabled: false, appium:name: C2671353-Android-Ibotta-Rew..., appium:networkConnectionEnabled: true, appium:newCommandTimeout: 600000, appium:noReset: true, appium:noSign: true, appium:optionalIntentArguments: --es glass.auto.ServiceEnv ..., appium:orientation: PORTRAIT, appium:pixelRatio: 3, appium:platformVersion: 14, appium:statBarHeight: 81, appium:takesScreenshot: true, appium:viewportRect: {height: 2034, left: 0, top: 81, width: 1080}, appium:warnings: {}, appium:webStorageEnabled: false, platformName: ANDROID}
Session ID: 0960f459-cdf3-470e-994c-26816a4f7cd2
2024-01-03 16:49:22.549 [DEBUG] [thread-id 1] - Created report: /Users/m0k0a2f/glass-automation/report/index.html
2024-01-03 16:50:40.123 [DEBUG] [thread-id 1] - Executing R2 3.38.1: '/Users/m0k0a2f/glass-automation/./us/test/test-scripts/android/golden-flows/wplus-flows/Wplus-ibotta-rewards/C2671353-Android-Ibotta-Rewards-Cancelled.yaml' on device: 'Samsung SM-S901U1'
2024-01-03 16:50:42.060 [DEBUG] [thread-id 1] - Created report: /Users/m0k0a2f/glass-automation/report/index.html
2024-01-03 16:54:00.469 [DEBUG] [thread-id 1] - Executing R2 3.38.1: '/Users/m0k0a2f/glass-automation/./us/test/test-scripts/android/golden-flows/wplus-flows/Wplus-ibotta-rewards/C2671353-Android-Ibotta-Rewards-Cancelled.yaml' on device: 'Samsung SM-S901U1'
2024-01-03 16:54:03.387 [DEBUG] [thread-id 1] - Created report: /Users/m0k0a2f/glass-automation/report/index.html
2024-01-03 17:30:45.518 [DEBUG] [thread-id 1] - Executing R2 3.38.1: '/Users/m0k0a2f/glass-automation/./us/test/test-scripts/android/golden-flows/wplus-flows/Wplus-ibotta-rewards/C2671353-Android-Ibotta-Rewards-Cancelled.yaml' on device: 'Samsung SM-S901U1'
2024-01-03 17:30:47.083 [DEBUG] [thread-id 1] - Created report: /Users/m0k0a2f/glass-automation/report/index.html
2024-01-03 17:42:27.648 [DEBUG] [thread-id 1] - Executing R2 3.38.1: '/Users/m0k0a2f/glass-automation/./us/test/test-scripts/android/golden-flows/wplus-flows/Wplus-ibotta-rewards/C2671353-Android-Ibotta-Rewards-Cancelled.yaml' on device: 'Samsung SM-S901U1'
2024-01-03 17:42:29.459 [DEBUG] [thread-id 1] - Created report: /Users/m0k0a2f/glass-automation/report/index.html
2024-01-03 17:45:38.213 [DEBUG] [thread-id 1] - Executing R2 3.38.1: '/Users/m0k0a2f/glass-automation/./us/test/test-scripts/android/golden-flows/wplus-flows/Wplus-ibotta-rewards/C2671353-Android-Ibotta-Rewards-Cancelled.yaml' on device: 'Pixel5_API_31'
2024-01-03 17:45:40.238 [DEBUG] [thread-id 1] - Created report: /Users/m0k0a2f/glass-automation/report/index.html
2024-01-03 18:15:11.658 [DEBUG] [thread-id 1] - Executing R2 3.38.1: '/Users/m0k0a2f/glass-automation/./us/test/test-scripts/android/golden-flows/wplus-flows/Wplus-ibotta-rewards/C2671353-Android-Ibotta-Rewards-Cancelled.yaml' on device: 'Pixel5_API_31'
2024-01-03 18:15:13.862 [DEBUG] [thread-id 1] - Created report: /Users/m0k0a2f/glass-automation/report/index.html
2024-01-03 18:17:22.562 [DEBUG] [thread-id 1] - Executing R2 3.38.1: '/Users/m0k0a2f/glass-automation/./us/test/test-scripts/android/golden-flows/wplus-flows/Wplus-ibotta-rewards/C2671353-Android-Ibotta-Rewards-Cancelled.yaml' on device: 'Pixel5_API_31'
2024-01-03 18:17:24.548 [DEBUG] [thread-id 1] - Created report: /Users/m0k0a2f/glass-automation/report/index.html
2024-01-03 18:19:28.326 [DEBUG] [thread-id 1] - Executing R2 3.38.1: '/Users/m0k0a2f/glass-automation/./us/test/test-scripts/android/golden-flows/wplus-flows/Wplus-ibotta-rewards/C2671353-Android-Ibotta-Rewards-Cancelled.yaml' on device: 'Pixel5_API_31'
2024-01-03 18:19:31.029 [DEBUG] [thread-id 1] - Created report: /Users/m0k0a2f/glass-automation/report/index.html
2024-01-03 18:21:25.592 [DEBUG] [thread-id 1] - Executing R2 3.38.1: '/Users/m0k0a2f/glass-automation/./us/test/test-scripts/android/golden-flows/wplus-flows/Wplus-ibotta-rewards/C2671353-Android-Ibotta-Rewards-Cancelled.yaml' on device: 'Pixel5_API_31'
2024-01-03 18:21:38.861 [DEBUG] [thread-id 1] - Executing scenario: 'Before'
2024-01-03 18:21:38.862 [DEBUG] [thread-id 1] - R2_EXTEND_TRIAL_MEMBER_FLOW
2024-01-03 18:21:38.897 [DEBUG] [thread-id 1] - Using us-errors-helpers.yaml
2024-01-03 18:21:38.928 [DEBUG] [thread-id 1] - Start Main
2024-01-03 18:21:38.928 [DEBUG] [thread-id 1] - sleep:  25000 milliseconds
2024-01-03 18:22:03.930 [DEBUG] [thread-id 1] - Executing function: 'us.functions.global.navigation.goToDeepLink'
2024-01-03 18:22:03.931 [DEBUG] [thread-id 1] - Verify value of: '$deepLinkUrl'
2024-01-03 18:22:03.931 [DEBUG] [thread-id 1] - Open link: 'walmart://account'
2024-01-03 18:22:04.325 [DEBUG] [thread-id 1] - Executing function: 'us.functions.account.verifyRewardsBalanceAfterCancellation'
2024-01-03 18:25:37.750 [DEBUG] [thread-id 1] - Executing R2 3.38.1: '/Users/m0k0a2f/glass-automation/./us/test/test-scripts/android/golden-flows/wplus-flows/Wplus-ibotta-rewards/C2671353-Android-Ibotta-Rewards-Cancelled.yaml' on device: 'Samsung SM-S901U1'
2024-01-03 18:25:50.135 [DEBUG] [thread-id 1] - Executing scenario: 'Before'
2024-01-03 18:25:50.136 [DEBUG] [thread-id 1] - R2_EXTEND_TRIAL_MEMBER_FLOW
2024-01-03 18:25:50.675 [DEBUG] [thread-id 1] - Using us-errors-helpers.yaml
2024-01-03 18:25:51.240 [DEBUG] [thread-id 1] - Start Main
2024-01-03 18:25:51.240 [DEBUG] [thread-id 1] - sleep:  25000 milliseconds
2024-01-03 18:26:16.250 [DEBUG] [thread-id 1] - Executing function: 'us.functions.global.navigation.goToDeepLink'
2024-01-03 18:26:16.251 [DEBUG] [thread-id 1] - Verify value of: '$deepLinkUrl'
2024-01-03 18:26:16.252 [DEBUG] [thread-id 1] - Open link: 'walmart://account'
2024-01-03 18:26:16.662 [DEBUG] [thread-id 1] - Executing function: 'us.functions.account.verifyRewardsBalanceAfterCancellation'
2024-01-03 18:28:33.635 [DEBUG] [thread-id 1] - Executing R2 3.38.1: '/Users/m0k0a2f/glass-automation/./us/test/test-scripts/android/golden-flows/wplus-flows/Wplus-ibotta-rewards/C2671353-Android-Ibotta-Rewards-Cancelled.yaml' on device: 'Samsung SM-S901U1'
2024-01-03 18:28:41.085 [DEBUG] [thread-id 1] - Executing scenario: 'Before'
2024-01-03 18:28:41.087 [DEBUG] [thread-id 1] - R2_EXTEND_TRIAL_MEMBER_FLOW
2024-01-03 18:28:41.845 [DEBUG] [thread-id 1] - Using us-errors-helpers.yaml
2024-01-03 18:28:42.633 [DEBUG] [thread-id 1] - Start Main
2024-01-03 18:28:42.633 [DEBUG] [thread-id 1] - sleep:  25000 milliseconds
2024-01-03 18:29:07.641 [DEBUG] [thread-id 1] - Executing function: 'us.functions.global.navigation.goToDeepLink'
2024-01-03 18:29:07.642 [DEBUG] [thread-id 1] - Verify value of: '$deepLinkUrl'
2024-01-03 18:29:07.643 [DEBUG] [thread-id 1] - Open link: 'walmart://account'
2024-01-03 18:29:07.907 [DEBUG] [thread-id 1] - Executing function: 'us.functions.account.verifyRewardsBalanceAfterCancellation'
2024-01-03 18:38:21.329 [DEBUG] [thread-id 1] - Executing R2 3.38.1: '/Users/m0k0a2f/glass-automation/./us/test/test-scripts/android/golden-flows/wplus-flows/Wplus-ibotta-rewards/C2671353-Android-Ibotta-Rewards-Cancelled.yaml' on device: 'Samsung SM-S901U1'
2024-01-03 18:38:34.734 [DEBUG] [thread-id 1] - Executing scenario: 'Before'
2024-01-03 18:38:34.736 [DEBUG] [thread-id 1] - R2_EXTEND_TRIAL_MEMBER_FLOW
2024-01-03 18:38:35.311 [DEBUG] [thread-id 1] - Using us-errors-helpers.yaml
2024-01-03 18:38:35.736 [DEBUG] [thread-id 1] - Start Main
2024-01-03 18:38:35.737 [DEBUG] [thread-id 1] - sleep:  25000 milliseconds
2024-01-03 18:39:00.748 [DEBUG] [thread-id 1] - Executing function: 'us.functions.global.navigation.goToDeepLink'
2024-01-03 18:39:00.751 [DEBUG] [thread-id 1] - Verify value of: '$deepLinkUrl'
2024-01-03 18:39:00.752 [DEBUG] [thread-id 1] - Open link: 'walmart://account'
2024-01-03 18:39:00.987 [DEBUG] [thread-id 1] - Executing function: 'us.functions.account.verifyRewardsBalanceAfterCancellation'
2024-01-03 18:40:24.163 [ERROR] [thread-id 1] - org.openqa.selenium.NoSuchSessionException: A session is either terminated or not started
Build info: version: '4.7.0', revision: '0a5b49d16f'
System info: os.name: 'Mac OS X', os.arch: 'aarch64', os.version: '13.6', java.version: '20.0.1'
Driver info: io.appium.java_client.android.AndroidDriver
Command: [b803f9e8-375b-4ff3-aaa3-3a46d831b476, findElements {using=xpath, value=//android.widget.TextView[@resource-id="com.walmart.android.debug:id/rewards_amount"] | com.walmart.android.debug:id/rewards_balance_text}]
Capabilities {appium:adbExecTimeout: 50000, appium:app: /Users/m0k0a2f/glass-automa..., appium:appActivity: com.walmart.glass.integrati..., appium:appPackage: com.walmart.android.debug, appium:appiumVersion: 2.0.0, appium:automationName: UiAutomator2, appium:commandTimeout: 600, appium:databaseEnabled: false, appium:desired: {adbExecTimeout: 50000, app: /Users/m0k0a2f/glass-automa..., appActivity: com.walmart.glass.integrati..., appiumVersion: 2.0.0, automationName: UiAutomator2, commandTimeout: 600, deviceName: Samsung SM-S901U1, fullReset: false, idleTimeout: 1000, intentFlags: 0, name: C2671353-Android-Ibotta-Rew..., newCommandTimeout: 600000, noReset: true, noSign: true, optionalIntentArguments: --es glass.auto.ServiceEnv ..., orientation: PORTRAIT, platformName: android, platformVersion: 14.0}, appium:deviceApiLevel: 34, appium:deviceManufacturer: samsung, appium:deviceModel: SM-S901U1, appium:deviceName: R5CT50VA65V, appium:deviceScreenDensity: 480, appium:deviceScreenSize: 1080x2340, appium:deviceUDID: R5CT50VA65V, appium:fullReset: false, appium:idleTimeout: 1000, appium:intentFlags: 0, appium:javascriptEnabled: true, appium:locationContextEnabled: false, appium:name: C2671353-Android-Ibotta-Rew..., appium:networkConnectionEnabled: true, appium:newCommandTimeout: 600000, appium:noReset: true, appium:noSign: true, appium:optionalIntentArguments: --es glass.auto.ServiceEnv ..., appium:orientation: PORTRAIT, appium:pixelRatio: 3, appium:platformVersion: 14, appium:statBarHeight: 81, appium:takesScreenshot: true, appium:viewportRect: {height: 2034, left: 0, top: 81, width: 1080}, appium:warnings: {}, appium:webStorageEnabled: false, platformName: ANDROID}
Session ID: b803f9e8-375b-4ff3-aaa3-3a46d831b476
2024-01-03 18:40:31.254 [DEBUG] [thread-id 1] - Created report: /Users/m0k0a2f/glass-automation/report/index.html
2024-01-03 18:50:46.205 [DEBUG] [thread-id 1] - Executing R2 3.38.1: '/Users/m0k0a2f/glass-automation/./us/test/test-scripts/android/golden-flows/wplus-flows/Wplus-ibotta-rewards/C2671353-Android-Ibotta-Rewards-Cancelled.yaml' on device: 'Samsung SM-S901U1'
2024-01-03 18:50:58.194 [DEBUG] [thread-id 1] - Executing scenario: 'Before'
2024-01-03 18:50:58.196 [DEBUG] [thread-id 1] - R2_EXTEND_TRIAL_MEMBER_FLOW
2024-01-03 18:50:58.539 [DEBUG] [thread-id 1] - Using us-errors-helpers.yaml
2024-01-03 18:50:59.047 [DEBUG] [thread-id 1] - Start Main
2024-01-03 18:50:59.048 [DEBUG] [thread-id 1] - sleep:  25000 milliseconds
2024-01-03 18:51:24.059 [DEBUG] [thread-id 1] - Executing function: 'us.functions.global.navigation.goToDeepLink'
2024-01-03 18:51:24.062 [DEBUG] [thread-id 1] - Verify value of: '$deepLinkUrl'
2024-01-03 18:51:24.064 [DEBUG] [thread-id 1] - Open link: 'walmart://account'
2024-01-03 18:51:24.285 [DEBUG] [thread-id 1] - Executing function: 'us.functions.account.verifyRewardsBalanceAfterCancellation'
