2025-03-11 14:23:23.073 [DEBUG] [thread-id 1] - Executing R2 4.0.2: '/Users/m0k0a2f/glass-automation/us/unified-e2e-tests/teflon-test-scripts/Financial-Services-Flows/pre-transaction/C2644811-promo-$-off..yaml' on device: 'Pixel_5_API_31'
2025-03-11 14:23:23.156 [INFO] [thread-id 1] - url: http://127.0.0.1:4723
2025-03-11 14:23:45.971 [DEBUG] [thread-id 1] - Executing scenario: 'Before'
2025-03-11 14:23:45.975 [DEBUG] [thread-id 1] - Executing function: 'us.function.utils.getEnvironmentValue'
2025-03-11 14:23:45.976 [DEBUG] [thread-id 1] - Store in: store the value 'Onboarding' in the variable 'executionStage'
2025-03-11 14:23:45.976 [DEBUG] [thread-id 1] - Store in: store the value 'teflon' in the variable 'env'
2025-03-11 14:23:45.977 [DEBUG] [thread-id 1] - Timestamp: 1741728225977
2025-03-11 14:23:45.979 [DEBUG] [thread-id 1] - Executing function: 'functions.utils.setPlatformInfo'
2025-03-11 14:23:45.979 [DEBUG] [thread-id 1] - Store in: store the value 'Onboarding' in the variable 'executionStage'
2025-03-11 14:23:45.985 [DEBUG] [thread-id 1] - Store in: store the value 'com.walmart.android.debug' in the variable 'appPackage'
2025-03-11 14:23:45.996 [DEBUG] [thread-id 1] - conditionally execute a flow. condition: false
2025-03-11 14:23:46.047 [DEBUG] [thread-id 1] - Store in: store the value 'Android' in the variable 'platform'
2025-03-11 14:23:46.048 [DEBUG] [thread-id 1] - R2_SUBFLOW_PRE_TRANSACTION
2025-03-11 14:23:46.173 [DEBUG] [thread-id 1] - Using us-errors-helpers.yaml
2025-03-11 14:23:46.265 [DEBUG] [thread-id 1] - Start Main
2025-03-11 14:23:46.266 [DEBUG] [thread-id 1] - Timestamp: 1741728226265
2025-03-11 14:23:46.266 [DEBUG] [thread-id 1] - Store in: store the value 'promouser1741728226265@walmart.com' in the variable 'customerEmail'
2025-03-11 14:23:46.268 [DEBUG] [thread-id 1] - Executing function: 'us.functions.utils.astro.createAccount'
2025-03-11 14:23:46.268 [DEBUG] [thread-id 1] - Create Account
2025-03-11 14:23:46.269 [DEBUG] [thread-id 1] - {"firstName": "challenge","lastName": "challenge","emailAddress": "promouser1741728226265@walmart.com","phoneNumber": "7029751495","verification":"phone","paymentMethods": ["VISA"],"postalAddress": {"address": "1350 Bacchus Dr","city": "San Jose","country": "USA","postalCode": "95122","state": "CA"},"password": "E2epassword$"}
2025-03-11 14:23:46.270 [DEBUG] [thread-id 1] - loop: from 1 to 4
2025-03-11 14:23:46.308 [DEBUG] [thread-id 1] - Call API: 'http://astro.walmart.com/api/v2/teflon/customer'
2025-03-11 14:24:04.101 [DEBUG] [thread-id 1] - Response code is: '200'. Response body is: '{"astroStatus":"SUCCESS","astroDescription":"SIGNUP_SUCCESS","astroDetails":{"status":"OK","statusCode":200,"customerAccountId":"7e28445f-b215-4f0f-a15e-4f7987dc9238","customerDetails":{"firstName":"challenge","lastName":"challenge","emailAddress":"promouser1741728226265@walmart.com","phoneNumber":"7029751495","verification":"phone","paymentMethods":["VISA"],"postalAddress":{"address":"1350 Bacchus Dr","city":"San Jose","country":"USA","postalCode":"95122","state":"CA"},"password":"E2epassword$"},"addDeliveryPreference":"OK","deliveryPreference":{"deliveryAddressInfo":{"createdDate":"2025-03-11T21:23:59.059+0000","modifiedDate":"2025-03-11T21:23:59.059+0000","createdByTenantId":"elh9ie","modifiedByTenantId":"elh9ie","deliveryAddressId":"303ade19-77d2-4c51-854c-c622497947da","firstName":"challenge","lastName":"challenge","phoneCountry":"US","phoneCountryCode":"+1","phoneNumber":"7029751495","deliveryAddress":{"addressLineOne":"1350 Bacchus Dr","city":"San Jose","state":"CA","postalCode":"95122","countryCode":"USA","countryName":"USA","addressType":"RESIDENTIAL","isLoadingDockAvailable":false,"isApoFpo":false,"isPoBox":false,"isWalmartStore":false,"validationStatus":"PB_RECOMMENDED","isLatLongInvalid":false,"needAccessCode":false,"isUnsafeLocation":false,"isAccessCodeInvalid":false,"hasUnsafeLocationReturns":false,"isInHomeGateCodeInvalid":false,"hasInHomeUnsafeLocationReturns":false},"isPreferred":true,"instructions":"LEAVE AT DOORSTEP","deliveryInstructions":[{"deliveryInstructionType":"REGULAR","deliveryInstruction":"LEAVE AT DOORSTEP"}],"version":0}},"addPaymentPreference":"OK","addPaymentPreferenceId":"1335e91a-1a9c-4100-808c-9fe390d7480d","customerPatch":"OK"}}'
2025-03-11 14:24:04.478 [DEBUG] [thread-id 1] - Store in: store the value '17029751495' in the variable 'astroPhoneNumber'
2025-03-11 14:24:04.668 [DEBUG] [thread-id 1] - conditionally execute a flow. condition: true
2025-03-11 14:24:04.738 [DEBUG] [thread-id 1] - conditionally execute a flow. condition: true
2025-03-11 14:24:04.817 [DEBUG] [thread-id 1] - 1335e91a-1a9c-4100-808c-9fe390d7480d
2025-03-11 14:24:04.917 [WARN] [thread-id 1] - variable withoutPayment was used, but r2 could not find a value for this variable. returning default of null
2025-03-11 14:24:04.918 [DEBUG] [thread-id 1] - conditionally execute a flow. condition: false
2025-03-11 14:24:04.999 [DEBUG] [thread-id 1] - Account created successfully
2025-03-11 14:24:05.084 [DEBUG] [thread-id 1] - ------- Account created Successfully -------
2025-03-11 14:24:05.246 [DEBUG] [thread-id 1] - Executing function: 'unified.us.functions.global.onboarding.navigateOnboardingToHome'
2025-03-11 14:24:05.247 [DEBUG] [thread-id 1] - Store in: store the value 'onboarding' in the variable 'executionStage'
2025-03-11 14:24:05.247 [DEBUG] [thread-id 1] - Welcome screen loaded
2025-03-11 14:24:05.248 [DEBUG] [thread-id 1] - conditionally execute a flow. condition: true
2025-03-11 14:24:05.425 [DEBUG] [thread-id 1] - Start Activity: 'com.walmart.android.debug.com.walmart.glass.integration.splash.SplashActivity'
2025-03-11 14:24:15.931 [DEBUG] [thread-id 1] - Verify identifier: {com.walmart.android.debug:id/onboarding_welcome_secondary_button=[true]}
2025-03-11 14:24:15.933 [DEBUG] [thread-id 1] - Store in: store the value 'true' in the variable 'testStarted'
2025-03-11 14:24:16.545 [DEBUG] [thread-id 1] - Click element: 'com.walmart.android.debug:id/onboarding_welcome_secondary_button'
2025-03-11 14:24:17.544 [DEBUG] [thread-id 1] - location screen loaded
2025-03-11 14:24:19.164 [DEBUG] [thread-id 1] - Verify identifier: {com.walmart.android.debug:id/onboarding_location_title_textview=[true]}
2025-03-11 14:24:19.243 [DEBUG] [thread-id 1] - Click element: 'com.walmart.android.debug:id/onboarding_zip_code_button'
2025-03-11 14:24:20.493 [DEBUG] [thread-id 1] - Verify identifier: {com.walmart.android.debug:id/onboarding_title_textview=[true]}
2025-03-11 14:24:20.493 [DEBUG] [thread-id 1] - sleep:  2000 milliseconds
2025-03-11 14:24:22.641 [DEBUG] [thread-id 1] - Enter text: '95122'
2025-03-11 14:24:26.373 [DEBUG] [thread-id 1] - Click element: '//android.widget.Button[@resource-id="com.walmart.android.debug:id/onboarding_zip_code_search_button"] | //android.widget.Button[@resource-id="com.walmart.android.debug:id/onboarding_zip_code_button"]'
2025-03-11 14:24:27.534 [DEBUG] [thread-id 1] - sleep:  3000 milliseconds
2025-03-11 14:24:41.866 [DEBUG] [thread-id 1] - conditionally execute a flow. condition: true
2025-03-11 14:24:43.325 [DEBUG] [thread-id 1] - Observed Personalize Shopping Screen
2025-03-11 14:24:53.373 [DEBUG] [thread-id 1] - conditionally execute a flow. condition: false
2025-03-11 14:24:53.409 [DEBUG] [thread-id 1] - Personalized Shopping Experience Popup didn't display. Nothing to dismiss.
2025-03-11 14:24:53.492 [DEBUG] [thread-id 1] - conditionally execute a flow. condition: true
2025-03-11 14:24:53.556 [DEBUG] [thread-id 1] - Click element: '//android.widget.ImageView[@content-desc="Close"]'
2025-03-11 14:24:54.176 [DEBUG] [thread-id 1] - conditionally execute a flow. condition: true
2025-03-11 14:24:54.277 [DEBUG] [thread-id 1] - Executing function: 'us.functions.home.personalizedPopUpScreenClose'
2025-03-11 14:25:14.961 [DEBUG] [thread-id 1] - Executing function: 'unified.us.functions.home.toolTip'
2025-03-11 14:25:24.977 [DEBUG] [thread-id 1] - conditionally execute a flow. condition: false
2025-03-11 14:25:25.065 [DEBUG] [thread-id 1] - no tooltip displayed
2025-03-11 14:25:25.066 [DEBUG] [thread-id 1] - Executing function: 'unified.us.functions.gic.collapseIfExpanded'
2025-03-11 14:25:25.354 [DEBUG] [thread-id 1] - GIC already collapsed
2025-03-11 14:25:26.983 [DEBUG] [thread-id 1] - Verify identifier: {//android.widget.EditText[@resource-id="com.walmart.android.debug:id/search_view"]=[true]}
2025-03-11 14:25:26.986 [DEBUG] [thread-id 1] - Executing function: 'unified.us.functions.home.navigateHomeToSignIn'
2025-03-11 14:25:26.988 [DEBUG] [thread-id 1] - Store in: store the value 'Pre-transactions' in the variable 'executionStage'
2025-03-11 14:25:27.072 [DEBUG] [thread-id 1] - Click element: '//android.widget.FrameLayout[contains(@content-desc,"Account")]'
2025-03-11 14:25:29.584 [DEBUG] [thread-id 1] - Verify identifier: {//*[@resource-id="com.walmart.android.debug:id/sign_in_button"]|//*[@resource-id="com.walmart.android.debug:id/account_sign_in_button"]=[true]}
2025-03-11 14:25:29.630 [DEBUG] [thread-id 1] - Click element: '//*[@resource-id="com.walmart.android.debug:id/sign_in_button"]|//*[@resource-id="com.walmart.android.debug:id/account_sign_in_button"]'
2025-03-11 14:25:30.362 [DEBUG] [thread-id 1] - conditionally execute a flow. condition: true
2025-03-11 14:25:50.891 [WARN] [thread-id 1] - variable signInValidated was used, but r2 could not find a value for this variable. returning default of null
2025-03-11 14:25:50.893 [DEBUG] [thread-id 1] - conditionally execute a flow. condition: false
2025-03-11 14:26:12.164 [DEBUG] [thread-id 1] - Main failed: ENV_FAILURE - teflon - SIGN-IN PAGE ERROR
2025-03-11 14:26:12.230 [DEBUG] [thread-id 1] - Executing scenario: 'After'
2025-03-11 14:26:12.231 [DEBUG] [thread-id 1] - Executing function: 'unified.us.functions.utils.afterSteps'
2025-03-11 14:26:12.231 [WARN] [thread-id 1] - variable testStatus was used, but r2 could not find a value for this variable. returning default of null
2025-03-11 14:26:12.232 [DEBUG] [thread-id 1] - conditionally execute a flow. condition: false
2025-03-11 14:26:12.257 [DEBUG] [thread-id 1] - Test failed
2025-03-11 14:26:14.414 [DEBUG] [thread-id 1] - Created report: /Users/m0k0a2f/glass-automation/report/index.html
2025-03-11 14:38:29.586 [DEBUG] [thread-id 1] - Executing R2 4.0.2: '/Users/m0k0a2f/glass-automation/us/unified-e2e-tests/teflon-test-scripts/Financial-Services-Flows/pre-transaction/C2644811-promo-$-off..yaml' on device: 'Pixel_5_API_31'
2025-03-11 14:38:29.700 [INFO] [thread-id 1] - url: http://127.0.0.1:4723
2025-03-11 14:38:46.709 [DEBUG] [thread-id 1] - Executing scenario: 'Before'
2025-03-11 14:38:46.713 [DEBUG] [thread-id 1] - Executing function: 'us.function.utils.getEnvironmentValue'
2025-03-11 14:38:46.714 [DEBUG] [thread-id 1] - Store in: store the value 'Onboarding' in the variable 'executionStage'
2025-03-11 14:38:46.714 [DEBUG] [thread-id 1] - Store in: store the value 'teflon' in the variable 'env'
2025-03-11 14:38:46.715 [DEBUG] [thread-id 1] - Timestamp: 1741729126715
2025-03-11 14:38:46.716 [DEBUG] [thread-id 1] - Executing function: 'functions.utils.setPlatformInfo'
2025-03-11 14:38:46.717 [DEBUG] [thread-id 1] - Store in: store the value 'Onboarding' in the variable 'executionStage'
2025-03-11 14:38:46.723 [DEBUG] [thread-id 1] - Store in: store the value 'com.walmart.android.debug' in the variable 'appPackage'
2025-03-11 14:38:46.734 [DEBUG] [thread-id 1] - conditionally execute a flow. condition: false
2025-03-11 14:38:46.777 [DEBUG] [thread-id 1] - Store in: store the value 'Android' in the variable 'platform'
2025-03-11 14:38:46.778 [DEBUG] [thread-id 1] - R2_SUBFLOW_PRE_TRANSACTION
2025-03-11 14:38:46.853 [DEBUG] [thread-id 1] - Using us-errors-helpers.yaml
2025-03-11 14:38:46.917 [DEBUG] [thread-id 1] - Start Main
2025-03-11 14:38:46.917 [DEBUG] [thread-id 1] - Timestamp: 1741729126917
2025-03-11 14:38:46.918 [DEBUG] [thread-id 1] - Store in: store the value 'promouser1741729126917@walmart.com' in the variable 'customerEmail'
2025-03-11 14:38:46.919 [DEBUG] [thread-id 1] - Executing function: 'us.functions.utils.astro.createAccount'
2025-03-11 14:38:46.920 [DEBUG] [thread-id 1] - Create Account
2025-03-11 14:38:46.920 [DEBUG] [thread-id 1] - {"firstName": "challenge","lastName": "challenge","emailAddress": "promouser1741729126917@walmart.com","phoneNumber": "7022404983","verification":"phone","paymentMethods": ["VISA"],"postalAddress": {"address": "1350 Bacchus Dr","city": "San Jose","country": "USA","postalCode": "95122","state": "CA"},"password": "E2epassword$"}
2025-03-11 14:38:46.922 [DEBUG] [thread-id 1] - loop: from 1 to 4
2025-03-11 14:38:46.965 [DEBUG] [thread-id 1] - Call API: 'http://astro.walmart.com/api/v2/teflon/customer'
2025-03-11 14:39:04.381 [DEBUG] [thread-id 1] - Response code is: '200'. Response body is: '{"astroStatus":"SUCCESS","astroDescription":"SIGNUP_SUCCESS","astroDetails":{"status":"OK","statusCode":200,"customerAccountId":"9f0a808c-646c-4633-9dbc-156521acc522","customerDetails":{"firstName":"challenge","lastName":"challenge","emailAddress":"promouser1741729126917@walmart.com","phoneNumber":"7022404983","verification":"phone","paymentMethods":["VISA"],"postalAddress":{"address":"1350 Bacchus Dr","city":"San Jose","country":"USA","postalCode":"95122","state":"CA"},"password":"E2epassword$"},"addDeliveryPreference":"OK","deliveryPreference":{"deliveryAddressInfo":{"createdDate":"2025-03-11T21:38:59.059+0000","modifiedDate":"2025-03-11T21:38:59.059+0000","createdByTenantId":"elh9ie","modifiedByTenantId":"elh9ie","deliveryAddressId":"b125040f-200d-4216-ae0a-c85aeef6928e","firstName":"challenge","lastName":"challenge","phoneCountry":"US","phoneCountryCode":"+1","phoneNumber":"7022404983","deliveryAddress":{"addressLineOne":"1350 Bacchus Dr","city":"San Jose","state":"CA","postalCode":"95122","countryCode":"USA","countryName":"USA","addressType":"RESIDENTIAL","isLoadingDockAvailable":false,"isApoFpo":false,"isPoBox":false,"isWalmartStore":false,"validationStatus":"PB_RECOMMENDED","isLatLongInvalid":false,"needAccessCode":false,"isUnsafeLocation":false,"isAccessCodeInvalid":false,"hasUnsafeLocationReturns":false,"isInHomeGateCodeInvalid":false,"hasInHomeUnsafeLocationReturns":false},"isPreferred":true,"instructions":"LEAVE AT DOORSTEP","deliveryInstructions":[{"deliveryInstructionType":"REGULAR","deliveryInstruction":"LEAVE AT DOORSTEP"}],"version":0}},"addPaymentPreference":"OK","addPaymentPreferenceId":"66bc8f29-96ab-48ac-b698-52a3c72505bb","customerPatch":"OK"}}'
2025-03-11 14:39:04.616 [DEBUG] [thread-id 1] - Store in: store the value '17022404983' in the variable 'astroPhoneNumber'
2025-03-11 14:39:04.797 [DEBUG] [thread-id 1] - conditionally execute a flow. condition: true
2025-03-11 14:39:04.844 [DEBUG] [thread-id 1] - conditionally execute a flow. condition: true
2025-03-11 14:39:04.879 [DEBUG] [thread-id 1] - 66bc8f29-96ab-48ac-b698-52a3c72505bb
2025-03-11 14:39:04.926 [WARN] [thread-id 1] - variable withoutPayment was used, but r2 could not find a value for this variable. returning default of null
2025-03-11 14:39:04.927 [DEBUG] [thread-id 1] - conditionally execute a flow. condition: false
2025-03-11 14:39:04.966 [DEBUG] [thread-id 1] - Account created successfully
2025-03-11 14:39:05.022 [DEBUG] [thread-id 1] - ------- Account created Successfully -------
2025-03-11 14:39:05.926 [DEBUG] [thread-id 1] - Executing function: 'unified.us.functions.global.onboarding.navigateOnboardingToHome'
2025-03-11 14:39:05.929 [DEBUG] [thread-id 1] - Store in: store the value 'onboarding' in the variable 'executionStage'
2025-03-11 14:39:05.930 [DEBUG] [thread-id 1] - Welcome screen loaded
2025-03-11 14:39:05.931 [DEBUG] [thread-id 1] - conditionally execute a flow. condition: true
2025-03-11 14:39:06.132 [DEBUG] [thread-id 1] - Start Activity: 'com.walmart.android.debug.com.walmart.glass.integration.splash.SplashActivity'
2025-03-11 14:39:15.333 [DEBUG] [thread-id 1] - Verify identifier: {com.walmart.android.debug:id/onboarding_welcome_secondary_button=[true]}
2025-03-11 14:39:15.333 [DEBUG] [thread-id 1] - Store in: store the value 'true' in the variable 'testStarted'
2025-03-11 14:39:15.878 [DEBUG] [thread-id 1] - Click element: 'com.walmart.android.debug:id/onboarding_welcome_secondary_button'
2025-03-11 14:39:17.024 [DEBUG] [thread-id 1] - location screen loaded
2025-03-11 14:39:18.908 [DEBUG] [thread-id 1] - Verify identifier: {com.walmart.android.debug:id/onboarding_location_title_textview=[true]}
2025-03-11 14:39:19.214 [DEBUG] [thread-id 1] - Click element: 'com.walmart.android.debug:id/onboarding_zip_code_button'
2025-03-11 14:39:20.613 [DEBUG] [thread-id 1] - Verify identifier: {com.walmart.android.debug:id/onboarding_title_textview=[true]}
2025-03-11 14:39:20.614 [DEBUG] [thread-id 1] - sleep:  2000 milliseconds
2025-03-11 14:39:22.749 [DEBUG] [thread-id 1] - Enter text: '95122'
2025-03-11 14:39:26.182 [DEBUG] [thread-id 1] - Click element: '//android.widget.Button[@resource-id="com.walmart.android.debug:id/onboarding_zip_code_search_button"] | //android.widget.Button[@resource-id="com.walmart.android.debug:id/onboarding_zip_code_button"]'
2025-03-11 14:39:27.349 [DEBUG] [thread-id 1] - sleep:  3000 milliseconds
2025-03-11 14:39:40.652 [DEBUG] [thread-id 1] - conditionally execute a flow. condition: true
2025-03-11 14:39:41.681 [DEBUG] [thread-id 1] - Observed Personalize Shopping Screen
2025-03-11 14:39:52.503 [DEBUG] [thread-id 1] - conditionally execute a flow. condition: false
2025-03-11 14:39:52.531 [DEBUG] [thread-id 1] - Personalized Shopping Experience Popup didn't display. Nothing to dismiss.
2025-03-11 14:39:52.671 [DEBUG] [thread-id 1] - conditionally execute a flow. condition: true
2025-03-11 14:39:52.746 [DEBUG] [thread-id 1] - Click element: '//android.widget.ImageView[@content-desc="Close"]'
2025-03-11 14:39:53.417 [DEBUG] [thread-id 1] - conditionally execute a flow. condition: true
2025-03-11 14:39:53.673 [DEBUG] [thread-id 1] - Executing function: 'us.functions.home.personalizedPopUpScreenClose'
2025-03-11 14:40:13.820 [DEBUG] [thread-id 1] - Executing function: 'unified.us.functions.home.toolTip'
2025-03-11 14:40:23.850 [DEBUG] [thread-id 1] - conditionally execute a flow. condition: false
2025-03-11 14:40:23.975 [DEBUG] [thread-id 1] - no tooltip displayed
2025-03-11 14:40:23.975 [DEBUG] [thread-id 1] - Executing function: 'unified.us.functions.gic.collapseIfExpanded'
2025-03-11 14:40:24.686 [DEBUG] [thread-id 1] - GIC already collapsed
2025-03-11 14:40:24.749 [DEBUG] [thread-id 1] - Verify identifier: {//android.widget.EditText[@resource-id="com.walmart.android.debug:id/search_view"]=[true]}
2025-03-11 14:40:24.751 [DEBUG] [thread-id 1] - Executing function: 'unified.us.functions.home.navigateHomeToSignIn'
2025-03-11 14:40:24.752 [DEBUG] [thread-id 1] - Store in: store the value 'Pre-transactions' in the variable 'executionStage'
2025-03-11 14:40:24.800 [DEBUG] [thread-id 1] - Click element: '//android.widget.FrameLayout[contains(@content-desc,"Account")]'
2025-03-11 14:40:27.835 [DEBUG] [thread-id 1] - Verify identifier: {//*[@resource-id="com.walmart.android.debug:id/sign_in_button"]|//*[@resource-id="com.walmart.android.debug:id/account_sign_in_button"]=[true]}
2025-03-11 14:40:28.359 [DEBUG] [thread-id 1] - Click element: '//*[@resource-id="com.walmart.android.debug:id/sign_in_button"]|//*[@resource-id="com.walmart.android.debug:id/account_sign_in_button"]'
2025-03-11 14:40:29.088 [DEBUG] [thread-id 1] - conditionally execute a flow. condition: true
2025-03-11 14:40:50.041 [WARN] [thread-id 1] - variable signInValidated was used, but r2 could not find a value for this variable. returning default of null
2025-03-11 14:40:50.043 [DEBUG] [thread-id 1] - conditionally execute a flow. condition: false
2025-03-11 14:41:10.935 [DEBUG] [thread-id 1] - Main failed: ENV_FAILURE - teflon - SIGN-IN PAGE ERROR
2025-03-11 14:41:11.021 [DEBUG] [thread-id 1] - Executing scenario: 'After'
2025-03-11 14:41:11.022 [DEBUG] [thread-id 1] - Executing function: 'unified.us.functions.utils.afterSteps'
2025-03-11 14:41:11.022 [WARN] [thread-id 1] - variable testStatus was used, but r2 could not find a value for this variable. returning default of null
2025-03-11 14:41:11.023 [DEBUG] [thread-id 1] - conditionally execute a flow. condition: false
2025-03-11 14:41:11.043 [DEBUG] [thread-id 1] - Test failed
2025-03-11 14:41:12.721 [DEBUG] [thread-id 1] - Created report: /Users/m0k0a2f/glass-automation/report/index.html
2025-03-11 15:43:59.431 [DEBUG] [thread-id 1] - Executing R2 4.0.2: '/Users/m0k0a2f/glass-automation/us/unified-e2e-tests/teflon-test-scripts/Financial-Services-Flows/pre-transaction/C2644811-promo-$-off..yaml' on device: 'Pixel_5_API_31'
2025-03-11 15:43:59.529 [INFO] [thread-id 1] - url: http://127.0.0.1:4723
2025-03-11 15:44:15.591 [DEBUG] [thread-id 1] - Executing scenario: 'Before'
2025-03-11 15:44:15.594 [DEBUG] [thread-id 1] - Executing function: 'us.function.utils.getEnvironmentValue'
2025-03-11 15:44:15.595 [DEBUG] [thread-id 1] - Store in: store the value 'Onboarding' in the variable 'executionStage'
2025-03-11 15:44:15.596 [DEBUG] [thread-id 1] - Store in: store the value 'teflon' in the variable 'env'
2025-03-11 15:44:15.597 [DEBUG] [thread-id 1] - Timestamp: 1741733055597
2025-03-11 15:44:15.598 [DEBUG] [thread-id 1] - Executing function: 'functions.utils.setPlatformInfo'
2025-03-11 15:44:15.598 [DEBUG] [thread-id 1] - Store in: store the value 'Onboarding' in the variable 'executionStage'
2025-03-11 15:44:15.604 [DEBUG] [thread-id 1] - Store in: store the value 'com.walmart.android.debug' in the variable 'appPackage'
2025-03-11 15:44:15.613 [DEBUG] [thread-id 1] - conditionally execute a flow. condition: false
2025-03-11 15:44:15.650 [DEBUG] [thread-id 1] - Store in: store the value 'Android' in the variable 'platform'
2025-03-11 15:44:15.651 [DEBUG] [thread-id 1] - R2_SUBFLOW_PRE_TRANSACTION
2025-03-11 15:44:15.725 [DEBUG] [thread-id 1] - Using us-errors-helpers.yaml
2025-03-11 15:44:15.777 [DEBUG] [thread-id 1] - Start Main
2025-03-11 15:44:15.778 [DEBUG] [thread-id 1] - Timestamp: 1741733055777
2025-03-11 15:44:15.778 [DEBUG] [thread-id 1] - Store in: store the value 'promouser1741733055777@walmart.com' in the variable 'customerEmail'
2025-03-11 15:44:15.780 [DEBUG] [thread-id 1] - Executing function: 'us.functions.utils.astro.createAccount'
2025-03-11 15:44:15.781 [DEBUG] [thread-id 1] - Create Account
2025-03-11 15:44:15.781 [DEBUG] [thread-id 1] - {"firstName": "challenge","lastName": "challenge","emailAddress": "promouser1741733055777@walmart.com","phoneNumber": "7027204042","verification":"phone","paymentMethods": ["VISA"],"postalAddress": {"address": "1350 Bacchus Dr","city": "San Jose","country": "USA","postalCode": "95122","state": "CA"},"password": "E2epassword$"}
2025-03-11 15:44:15.782 [DEBUG] [thread-id 1] - loop: from 1 to 4
2025-03-11 15:44:15.812 [DEBUG] [thread-id 1] - Call API: 'http://astro.walmart.com/api/v2/teflon/customer'
2025-03-11 15:44:33.827 [DEBUG] [thread-id 1] - Response code is: '200'. Response body is: '{"astroStatus":"SUCCESS","astroDescription":"SIGNUP_SUCCESS","astroDetails":{"status":"OK","statusCode":200,"customerAccountId":"02389eb4-c828-499a-8ca3-2b8eb55ab401","customerDetails":{"firstName":"challenge","lastName":"challenge","emailAddress":"promouser1741733055777@walmart.com","phoneNumber":"7027204042","verification":"phone","paymentMethods":["VISA"],"postalAddress":{"address":"1350 Bacchus Dr","city":"San Jose","country":"USA","postalCode":"95122","state":"CA"},"password":"E2epassword$"},"addDeliveryPreference":"OK","deliveryPreference":{"deliveryAddressInfo":{"createdDate":"2025-03-11T22:44:29.029+0000","modifiedDate":"2025-03-11T22:44:29.029+0000","createdByTenantId":"elh9ie","modifiedByTenantId":"elh9ie","deliveryAddressId":"beb1dc2b-3421-4137-b460-c25eeff0896b","firstName":"challenge","lastName":"challenge","phoneCountry":"US","phoneCountryCode":"+1","phoneNumber":"7027204042","deliveryAddress":{"addressLineOne":"1350 Bacchus Dr","city":"San Jose","state":"CA","postalCode":"95122","countryCode":"USA","countryName":"USA","addressType":"RESIDENTIAL","isLoadingDockAvailable":false,"isApoFpo":false,"isPoBox":false,"isWalmartStore":false,"validationStatus":"PB_RECOMMENDED","isLatLongInvalid":false,"needAccessCode":false,"isUnsafeLocation":false,"isAccessCodeInvalid":false,"hasUnsafeLocationReturns":false,"isInHomeGateCodeInvalid":false,"hasInHomeUnsafeLocationReturns":false},"isPreferred":true,"instructions":"LEAVE AT DOORSTEP","deliveryInstructions":[{"deliveryInstructionType":"REGULAR","deliveryInstruction":"LEAVE AT DOORSTEP"}],"version":0}},"addPaymentPreference":"OK","addPaymentPreferenceId":"c343e9f7-5e24-4772-aa50-3f6eb70370be","customerPatch":"OK"}}'
2025-03-11 15:44:34.029 [DEBUG] [thread-id 1] - Store in: store the value '17027204042' in the variable 'astroPhoneNumber'
2025-03-11 15:44:34.088 [DEBUG] [thread-id 1] - conditionally execute a flow. condition: true
2025-03-11 15:44:34.125 [DEBUG] [thread-id 1] - conditionally execute a flow. condition: true
2025-03-11 15:44:34.165 [DEBUG] [thread-id 1] - c343e9f7-5e24-4772-aa50-3f6eb70370be
2025-03-11 15:44:34.216 [WARN] [thread-id 1] - variable withoutPayment was used, but r2 could not find a value for this variable. returning default of null
2025-03-11 15:44:34.217 [DEBUG] [thread-id 1] - conditionally execute a flow. condition: false
2025-03-11 15:44:34.257 [DEBUG] [thread-id 1] - Account created successfully
2025-03-11 15:44:34.298 [DEBUG] [thread-id 1] - ------- Account created Successfully -------
2025-03-11 15:44:34.352 [DEBUG] [thread-id 1] - Executing function: 'unified.us.functions.global.onboarding.navigateOnboardingToHome'
2025-03-11 15:44:34.353 [DEBUG] [thread-id 1] - Store in: store the value 'onboarding' in the variable 'executionStage'
2025-03-11 15:44:34.353 [DEBUG] [thread-id 1] - Welcome screen loaded
2025-03-11 15:44:34.354 [DEBUG] [thread-id 1] - conditionally execute a flow. condition: true
2025-03-11 15:44:34.401 [DEBUG] [thread-id 1] - Start Activity: 'com.walmart.android.debug.com.walmart.glass.integration.splash.SplashActivity'
2025-03-11 15:44:44.276 [DEBUG] [thread-id 1] - Verify identifier: {com.walmart.android.debug:id/onboarding_welcome_secondary_button=[true]}
2025-03-11 15:44:44.277 [DEBUG] [thread-id 1] - Store in: store the value 'true' in the variable 'testStarted'
2025-03-11 15:44:44.731 [DEBUG] [thread-id 1] - Click element: 'com.walmart.android.debug:id/onboarding_welcome_secondary_button'
2025-03-11 15:44:45.864 [DEBUG] [thread-id 1] - location screen loaded
2025-03-11 15:44:47.617 [DEBUG] [thread-id 1] - Verify identifier: {com.walmart.android.debug:id/onboarding_location_title_textview=[true]}
2025-03-11 15:44:47.724 [DEBUG] [thread-id 1] - Click element: 'com.walmart.android.debug:id/onboarding_zip_code_button'
2025-03-11 15:44:49.208 [DEBUG] [thread-id 1] - Verify identifier: {com.walmart.android.debug:id/onboarding_title_textview=[true]}
2025-03-11 15:44:49.209 [DEBUG] [thread-id 1] - sleep:  2000 milliseconds
2025-03-11 15:44:51.308 [DEBUG] [thread-id 1] - Enter text: '95122'
2025-03-11 15:44:54.948 [DEBUG] [thread-id 1] - Click element: '//android.widget.Button[@resource-id="com.walmart.android.debug:id/onboarding_zip_code_search_button"] | //android.widget.Button[@resource-id="com.walmart.android.debug:id/onboarding_zip_code_button"]'
2025-03-11 15:44:56.107 [DEBUG] [thread-id 1] - sleep:  3000 milliseconds
2025-03-11 15:45:09.874 [DEBUG] [thread-id 1] - conditionally execute a flow. condition: true
2025-03-11 15:45:10.446 [DEBUG] [thread-id 1] - Observed Personalize Shopping Screen
2025-03-11 15:45:20.542 [DEBUG] [thread-id 1] - conditionally execute a flow. condition: false
2025-03-11 15:45:20.629 [DEBUG] [thread-id 1] - Personalized Shopping Experience Popup didn't display. Nothing to dismiss.
2025-03-11 15:45:30.788 [DEBUG] [thread-id 1] - conditionally execute a flow. condition: true
2025-03-11 15:45:30.915 [DEBUG] [thread-id 1] - Executing function: 'us.functions.home.personalizedPopUpScreenClose'
2025-03-11 15:45:51.627 [DEBUG] [thread-id 1] - Executing function: 'unified.us.functions.home.toolTip'
2025-03-11 15:46:01.642 [DEBUG] [thread-id 1] - conditionally execute a flow. condition: false
2025-03-11 15:46:01.746 [DEBUG] [thread-id 1] - no tooltip displayed
2025-03-11 15:46:01.747 [DEBUG] [thread-id 1] - Executing function: 'unified.us.functions.gic.collapseIfExpanded'
2025-03-11 15:46:02.560 [DEBUG] [thread-id 1] - GIC already collapsed
2025-03-11 15:46:02.640 [DEBUG] [thread-id 1] - Verify identifier: {//android.widget.EditText[@resource-id="com.walmart.android.debug:id/search_view"]=[true]}
2025-03-11 15:46:02.642 [DEBUG] [thread-id 1] - Executing function: 'unified.us.functions.home.navigateHomeToSignIn'
2025-03-11 15:46:02.643 [DEBUG] [thread-id 1] - Store in: store the value 'Pre-transactions' in the variable 'executionStage'
2025-03-11 15:46:02.775 [DEBUG] [thread-id 1] - Click element: '//android.widget.FrameLayout[contains(@content-desc,"Account")]'
2025-03-11 15:46:05.183 [DEBUG] [thread-id 1] - Verify identifier: {//*[@resource-id="com.walmart.android.debug:id/sign_in_button"]|//*[@resource-id="com.walmart.android.debug:id/account_sign_in_button"]=[true]}
2025-03-11 15:46:05.228 [DEBUG] [thread-id 1] - Click element: '//*[@resource-id="com.walmart.android.debug:id/sign_in_button"]|//*[@resource-id="com.walmart.android.debug:id/account_sign_in_button"]'
2025-03-11 15:46:05.994 [DEBUG] [thread-id 1] - conditionally execute a flow. condition: true
2025-03-11 15:46:16.823 [DEBUG] [thread-id 1] - conditionally execute a flow. condition: true
2025-03-11 15:46:16.853 [DEBUG] [thread-id 1] - Store in: store the value 'true' in the variable 'signInValidated'
2025-03-11 15:46:16.854 [DEBUG] [thread-id 1] - conditionally execute a flow. condition: true
2025-03-11 15:46:16.907 [DEBUG] [thread-id 1] - SignIn page loaded
2025-03-11 15:46:16.933 [DEBUG] [thread-id 1] - Store in: store the value 'false' in the variable 'signInValidated'
2025-03-11 15:46:16.934 [DEBUG] [thread-id 1] - Executing function: 'unified.us.functions.global.authentication.signInAccountWithParams'
2025-03-11 15:46:16.934 [DEBUG] [thread-id 1] - Store in: store the value 'Pre-transactions' in the variable 'executionStage'
2025-03-11 15:46:16.935 [DEBUG] [thread-id 1] - Executing function: 'unified.us.functions.authentication.signInInfo'
2025-03-11 15:46:16.935 [DEBUG] [thread-id 1] - conditionally execute a flow. condition: true
2025-03-11 15:46:16.972 [DEBUG] [thread-id 1] - Store in: store the value 'promouser1741733055777@walmart.com' in the variable 'email'
2025-03-11 15:46:17.064 [DEBUG] [thread-id 1] - Store in: store the value 'E2epassword$' in the variable 'password'
2025-03-11 15:46:17.067 [DEBUG] [thread-id 1] - Executing function: 'unified.us.functions.global.authentication.signInAccount'
2025-03-11 15:46:17.073 [DEBUG] [thread-id 1] - conditionally execute a flow. condition: true
2025-03-11 15:46:17.221 [DEBUG] [thread-id 1] - Executing function: 'us.functions.global.onboarding.smartLock.DismissNoneOfTheAbove'
2025-03-11 15:46:27.270 [DEBUG] [thread-id 1] - conditionally execute a flow. condition: false
2025-03-11 15:46:37.400 [WARN] [thread-id 1] - variable validateSignInPage was used, but r2 could not find a value for this variable. returning default of null
2025-03-11 15:46:47.460 [DEBUG] [thread-id 1] - Verify identifier: {//android.widget.EditText[@content-desc="Email"]/android.widget.FrameLayout/android.widget.EditText | //android.widget.LinearLayout[@resource-id="com.walmart.android.debug:id/auth_field_login_id"]/android.widget.FrameLayout/android.widget.EditText | //android.widget.EditText[@text="Email"] | //android.widget.LinearLayout[@resource-id="com.walmart.android.debug:id/auth_field_login_id_component"]//android.widget.EditText | //android.widget.LinearLayout[@resource-id="com.walmart.android.debug:id/phone_number_field"]//android.widget.EditText=[true]}
2025-03-11 15:46:47.492 [DEBUG] [thread-id 1] - Enter text: 'promouser1741733055777@walmart.com'
2025-03-11 15:46:55.761 [DEBUG] [thread-id 1] - Click element: 'com.walmart.android.debug:id/auth_button_main'
2025-03-11 15:46:56.370 [DEBUG] [thread-id 1] - sleep:  2000 milliseconds
2025-03-11 15:46:58.675 [DEBUG] [thread-id 1] - conditionally execute a flow. condition: true
2025-03-11 15:46:58.729 [DEBUG] [thread-id 1] - Entered Email Successfully
2025-03-11 15:46:58.771 [DEBUG] [thread-id 1] - conditionally execute a flow. condition: true
2025-03-11 15:46:58.906 [DEBUG] [thread-id 1] - Click element: 'com.walmart.android.debug:id/auth_choice_radio_button_password_title'
2025-03-11 15:46:59.663 [DEBUG] [thread-id 1] - Selected Password Option to Login
2025-03-11 15:47:00.183 [DEBUG] [thread-id 1] - Verify identifier: {//android.widget.LinearLayout[@resource-id="com.walmart.android.debug:id/auth_field_password"]/android.widget.FrameLayout/android.widget.EditText | //android.widget.EditText[@text="Password"] | //android.widget.EditText[@content-desc="Password"]/android.widget.FrameLayout/android.widget.EditText=[true]}
2025-03-11 15:47:00.231 [DEBUG] [thread-id 1] - Enter text: 'E2epassword$'
2025-03-11 15:47:02.018 [DEBUG] [thread-id 1] - conditionally execute a flow. condition: true
2025-03-11 15:47:03.388 [DEBUG] [thread-id 1] - conditionally execute a flow. condition: true
2025-03-11 15:47:03.582 [DEBUG] [thread-id 1] - Click element: '//android.widget.ImageView[@content-desc="Back"]'
2025-03-11 15:47:06.404 [DEBUG] [thread-id 1] - Click element: 'com.walmart.android.debug:id/auth_button_main'
2025-03-11 15:47:27.050 [DEBUG] [thread-id 1] - Executing function: 'unified.us.functions.utils.handleCartMergePopup'
2025-03-11 15:47:47.182 [DEBUG] [thread-id 1] - No Technical Error Page observed
2025-03-11 15:47:47.182 [DEBUG] [thread-id 1] - Executing function: 'unified.us.functions.home.toolTip'
2025-03-11 15:47:57.199 [DEBUG] [thread-id 1] - conditionally execute a flow. condition: false
2025-03-11 15:47:57.270 [DEBUG] [thread-id 1] - no tooltip displayed
2025-03-11 15:47:57.274 [DEBUG] [thread-id 1] - Executing function: 'unified.us.functions.global.navigation.accountToHome'
2025-03-11 15:47:57.276 [DEBUG] [thread-id 1] - Executing function: 'unified.us.functions.global.navigation.toTab'
2025-03-11 15:47:57.276 [DEBUG] [thread-id 1] - Executing function: 'us.functions.utils.scrollIfNotVisible'
2025-03-11 15:47:57.277 [DEBUG] [thread-id 1] - Store in: store the value 'Post-transactions' in the variable 'executionStage'
2025-03-11 15:47:57.277 [WARN] [thread-id 1] - variable scrollLimit was used, but r2 could not find a value for this variable. returning default of null
2025-03-11 15:47:57.279 [DEBUG] [thread-id 1] - conditionally execute a flow. condition: true
2025-03-11 15:47:57.355 [DEBUG] [thread-id 1] - Store in: store the value '7' in the variable 'scrollLimit'
2025-03-11 15:47:57.359 [DEBUG] [thread-id 1] - Scroll limit set to - 7
2025-03-11 15:47:57.439 [DEBUG] [thread-id 1] - conditionally execute a flow. condition: true
2025-03-11 15:47:57.507 [DEBUG] [thread-id 1] - Required identifier already displayed
2025-03-11 15:47:57.508 [DEBUG] [thread-id 1] - Resetting scrollPosition variable to default
2025-03-11 15:47:57.509 [DEBUG] [thread-id 1] - Store in: store the value 'null' in the variable 'scrollPosition'
2025-03-11 15:47:57.510 [DEBUG] [thread-id 1] - Store in: store the value 'null' in the variable 'identifierScope'
2025-03-11 15:47:57.510 [DEBUG] [thread-id 1] - Store in: store the value 'null' in the variable 'scrollLimit'
2025-03-11 15:47:57.572 [DEBUG] [thread-id 1] - Click element: '//android.widget.FrameLayout[contains(@content-desc, "Shop")]'
2025-03-11 15:47:58.222 [DEBUG] [thread-id 1] - Executing function: 'unified.us.functions.home.closeWPlusPromotionPopUpIfDisplayed'
2025-03-11 15:47:58.224 [DEBUG] [thread-id 1] - conditionally execute a flow. condition: true
2025-03-11 15:48:01.024 [DEBUG] [thread-id 1] - sleep:  6000 milliseconds
2025-03-11 15:48:18.664 [DEBUG] [thread-id 1] - Sleeping now change the store
2025-03-11 15:48:18.667 [DEBUG] [thread-id 1] - sleep:  20000 milliseconds
2025-03-11 15:48:38.672 [DEBUG] [thread-id 1] - Executing function: 'unified.us.functions.utils.fetchFulcrumAvailableItem'
2025-03-11 15:48:38.673 [DEBUG] [thread-id 1] - --Fulcrum begining--
2025-03-11 15:48:38.675 [WARN] [thread-id 1] - variable storeId was used, but r2 could not find a value for this variable. returning default of null
2025-03-11 15:48:38.677 [DEBUG] [thread-id 1] - conditionally execute a flow. condition: true
2025-03-11 15:48:39.309 [DEBUG] [thread-id 1] - Store in: store the value '32144' in the variable 'storeId'
2025-03-11 15:48:39.311 [WARN] [thread-id 1] - variable itemFilter was used, but r2 could not find a value for this variable. returning default of null
2025-03-11 15:48:39.314 [DEBUG] [thread-id 1] - conditionally execute a flow. condition: false
2025-03-11 15:48:39.408 [DEBUG] [thread-id 1] - Store in: store the value 'http://fulcrum.teflon.walmart.com/api/v1/db/fulcrum/instantItemHealthAnalysis?orderType=STORE_SCHEDULED_PICKUP&storeId=32144&itemStatus=green' in the variable 'fetchURL'
2025-03-11 15:48:39.409 [DEBUG] [thread-id 1] - loop: from 1 to 2
2025-03-11 15:48:39.512 [DEBUG] [thread-id 1] - sleep:  10000 milliseconds
2025-03-11 15:48:49.767 [DEBUG] [thread-id 1] - Call API: 'http://fulcrum.teflon.walmart.com/api/v1/db/fulcrum/instantItemHealthAnalysis?orderType=STORE_SCHEDULED_PICKUP&storeId=32144&itemStatus=green'
2025-03-11 15:48:51.286 [DEBUG] [thread-id 1] - Response code is: '200'. Response body is: '{"status":"SUCCESS","description":"Items found in AstroDB","itemDetails":{"instantItemStatus":[{"itemId":"204121657","isActive":true,"orderType":"STORE_SCHEDULED_PICKUP","eligiblePaths":{"OPD E2E Regression":true,"Each":true},"storesStatuses":{"storeId":"32144","color":"green","shipNode":"32144","errors":{}},"itemStatusUpdatedTime":"2025-03-11T15:29:03.560"},{"itemId":"2397028072","isActive":true,"orderType":"STORE_SCHEDULED_PICKUP","eligiblePaths":{"OPD E2E Regression":true,"Weight":true},"storesStatuses":{"storeId":"32144","color":"green","shipNode":"32144","errors":{}},"itemStatusUpdatedTime":"2025-03-11T15:28:53.642"},{"itemId":"340038774","isActive":true,"orderType":"STORE_SCHEDULED_PICKUP","eligiblePaths":{"Unified Delivery (HOT)":true,"Greater than 35":true,"OPD E2E Regression":true,"Each":true},"storesStatuses":{"storeId":"32144","color":"green","shipNode":"32144","errors":{}},"itemStatusUpdatedTime":"2025-03-11T15:23:41.957"},{"itemId":"5014329836","isActive":true,"orderType":"STORE_SCHEDULED_PICKUP","eligiblePaths":{"OPD E2E Regression":true,"Each":true},"storesStatuses":{"storeId":"32144","color":"green","shipNode":"32144","errors":{}},"itemStatusUpdatedTime":"2025-03-11T15:29:14.434"},{"itemId":"5014345156","isActive":true,"orderType":"STORE_SCHEDULED_PICKUP","eligiblePaths":{"OPD E2E Regression":true,"Each":true},"storesStatuses":{"storeId":"32144","color":"green","shipNode":"32144","errors":{}},"itemStatusUpdatedTime":"2025-03-11T15:29:46.131"},{"itemId":"5024961613","isActive":true,"orderType":"STORE_SCHEDULED_PICKUP","eligiblePaths":{"Unified Delivery (HOT)":true,"Greater than 35":true},"storesStatuses":{"storeId":"32144","color":"green","shipNode":"32144","errors":{}},"itemStatusUpdatedTime":"2025-03-11T15:25:32.504"},{"itemId":"5024961618","isActive":true,"orderType":"STORE_SCHEDULED_PICKUP","eligiblePaths":{"Unified Delivery (HOT)":true,"Less than 35":true},"storesStatuses":{"storeId":"32144","color":"green","shipNode":"32144","errors":{}},"itemStatusUpdatedTime":"2025-03-11T15:26:55.637"},{"itemId":"5024961621","isActive":true,"orderType":"STORE_SCHEDULED_PICKUP","eligiblePaths":{"Unified Delivery (HOT)":true,"Greater than 35":true},"storesStatuses":{"storeId":"32144","color":"green","shipNode":"32144","errors":{}},"itemStatusUpdatedTime":"2025-03-11T15:26:35.655"},{"itemId":"5025453922","isActive":true,"orderType":"STORE_SCHEDULED_PICKUP","eligiblePaths":{"substitution":true,"wic":true},"storesStatuses":{"storeId":"32144","color":"green","shipNode":"32144","errors":{}},"itemStatusUpdatedTime":"2025-03-11T15:27:54.655"},{"itemId":"5025453924","isActive":true,"orderType":"STORE_SCHEDULED_PICKUP","eligiblePaths":{"substitution":true,"wic":true},"storesStatuses":{"storeId":"32144","color":"green","shipNode":"32144","errors":{}},"itemStatusUpdatedTime":"2025-03-11T15:27:54.711"},{"itemId":"551594753","isActive":true,"orderType":"STORE_SCHEDULED_PICKUP","eligiblePaths":{"OPD E2E Regression":true,"Each Weighted":true,"Each Weight":true},"storesStatuses":{"storeId":"32144","color":"green","shipNode":"32144","errors":{}},"itemStatusUpdatedTime":"2025-03-11T15:28:38.306"}],"itemStatusUpdatedTime":"2025-03-11T15:31:46.982","queryTime":"2025-03-11T15:48:51.307"}}'
2025-03-11 15:48:51.463 [WARN] [thread-id 1] - variable responseInstant was used, but r2 could not find a value for this variable. returning default of null
2025-03-11 15:48:51.464 [DEBUG] [thread-id 1] - --Fulcrum response instant-- null
2025-03-11 15:48:51.556 [DEBUG] [thread-id 1] - --Fulcrum first item response-- [{"itemId":"204121657","isActive":true,"orderType":"STORE_SCHEDULED_PICKUP","eligiblePaths":{"OPD E2E Regression":true,"Each":true},"storesStatuses":{"storeId":"32144","color":"green","shipNode":"32144","errors":{}},"itemStatusUpdatedTime":"2025-03-11T15:29:03.560"},{"itemId":"2397028072","isActive":true,"orderType":"STORE_SCHEDULED_PICKUP","eligiblePaths":{"OPD E2E Regression":true,"Weight":true},"storesStatuses":{"storeId":"32144","color":"green","shipNode":"32144","errors":{}},"itemStatusUpdatedTime":"2025-03-11T15:28:53.642"},{"itemId":"340038774","isActive":true,"orderType":"STORE_SCHEDULED_PICKUP","eligiblePaths":{"Unified Delivery (HOT)":true,"Greater than 35":true,"OPD E2E Regression":true,"Each":true},"storesStatuses":{"storeId":"32144","color":"green","shipNode":"32144","errors":{}},"itemStatusUpdatedTime":"2025-03-11T15:23:41.957"},{"itemId":"5014329836","isActive":true,"orderType":"STORE_SCHEDULED_PICKUP","eligiblePaths":{"OPD E2E Regression":true,"Each":true},"storesStatuses":{"storeId":"32144","color":"green","shipNode":"32144","errors":{}},"itemStatusUpdatedTime":"2025-03-11T15:29:14.434"},{"itemId":"5014345156","isActive":true,"orderType":"STORE_SCHEDULED_PICKUP","eligiblePaths":{"OPD E2E Regression":true,"Each":true},"storesStatuses":{"storeId":"32144","color":"green","shipNode":"32144","errors":{}},"itemStatusUpdatedTime":"2025-03-11T15:29:46.131"},{"itemId":"5024961613","isActive":true,"orderType":"STORE_SCHEDULED_PICKUP","eligiblePaths":{"Unified Delivery (HOT)":true,"Greater than 35":true},"storesStatuses":{"storeId":"32144","color":"green","shipNode":"32144","errors":{}},"itemStatusUpdatedTime":"2025-03-11T15:25:32.504"},{"itemId":"5024961618","isActive":true,"orderType":"STORE_SCHEDULED_PICKUP","eligiblePaths":{"Unified Delivery (HOT)":true,"Less than 35":true},"storesStatuses":{"storeId":"32144","color":"green","shipNode":"32144","errors":{}},"itemStatusUpdatedTime":"2025-03-11T15:26:55.637"},{"itemId":"5024961621","isActive":true,"orderType":"STORE_SCHEDULED_PICKUP","eligiblePaths":{"Unified Delivery (HOT)":true,"Greater than 35":true},"storesStatuses":{"storeId":"32144","color":"green","shipNode":"32144","errors":{}},"itemStatusUpdatedTime":"2025-03-11T15:26:35.655"},{"itemId":"5025453922","isActive":true,"orderType":"STORE_SCHEDULED_PICKUP","eligiblePaths":{"substitution":true,"wic":true},"storesStatuses":{"storeId":"32144","color":"green","shipNode":"32144","errors":{}},"itemStatusUpdatedTime":"2025-03-11T15:27:54.655"},{"itemId":"5025453924","isActive":true,"orderType":"STORE_SCHEDULED_PICKUP","eligiblePaths":{"substitution":true,"wic":true},"storesStatuses":{"storeId":"32144","color":"green","shipNode":"32144","errors":{}},"itemStatusUpdatedTime":"2025-03-11T15:27:54.711"},{"itemId":"551594753","isActive":true,"orderType":"STORE_SCHEDULED_PICKUP","eligiblePaths":{"OPD E2E Regression":true,"Each Weighted":true,"Each Weight":true},"storesStatuses":{"storeId":"32144","color":"green","shipNode":"32144","errors":{}},"itemStatusUpdatedTime":"2025-03-11T15:28:38.306"}]
2025-03-11 15:48:51.722 [DEBUG] [thread-id 1] - --Fulcrum item detail-- {"instantItemStatus":[{"itemId":"204121657","isActive":true,"orderType":"STORE_SCHEDULED_PICKUP","eligiblePaths":{"OPD E2E Regression":true,"Each":true},"storesStatuses":{"storeId":"32144","color":"green","shipNode":"32144","errors":{}},"itemStatusUpdatedTime":"2025-03-11T15:29:03.560"},{"itemId":"2397028072","isActive":true,"orderType":"STORE_SCHEDULED_PICKUP","eligiblePaths":{"OPD E2E Regression":true,"Weight":true},"storesStatuses":{"storeId":"32144","color":"green","shipNode":"32144","errors":{}},"itemStatusUpdatedTime":"2025-03-11T15:28:53.642"},{"itemId":"340038774","isActive":true,"orderType":"STORE_SCHEDULED_PICKUP","eligiblePaths":{"Unified Delivery (HOT)":true,"Greater than 35":true,"OPD E2E Regression":true,"Each":true},"storesStatuses":{"storeId":"32144","color":"green","shipNode":"32144","errors":{}},"itemStatusUpdatedTime":"2025-03-11T15:23:41.957"},{"itemId":"5014329836","isActive":true,"orderType":"STORE_SCHEDULED_PICKUP","eligiblePaths":{"OPD E2E Regression":true,"Each":true},"storesStatuses":{"storeId":"32144","color":"green","shipNode":"32144","errors":{}},"itemStatusUpdatedTime":"2025-03-11T15:29:14.434"},{"itemId":"5014345156","isActive":true,"orderType":"STORE_SCHEDULED_PICKUP","eligiblePaths":{"OPD E2E Regression":true,"Each":true},"storesStatuses":{"storeId":"32144","color":"green","shipNode":"32144","errors":{}},"itemStatusUpdatedTime":"2025-03-11T15:29:46.131"},{"itemId":"5024961613","isActive":true,"orderType":"STORE_SCHEDULED_PICKUP","eligiblePaths":{"Unified Delivery (HOT)":true,"Greater than 35":true},"storesStatuses":{"storeId":"32144","color":"green","shipNode":"32144","errors":{}},"itemStatusUpdatedTime":"2025-03-11T15:25:32.504"},{"itemId":"5024961618","isActive":true,"orderType":"STORE_SCHEDULED_PICKUP","eligiblePaths":{"Unified Delivery (HOT)":true,"Less than 35":true},"storesStatuses":{"storeId":"32144","color":"green","shipNode":"32144","errors":{}},"itemStatusUpdatedTime":"2025-03-11T15:26:55.637"},{"itemId":"5024961621","isActive":true,"orderType":"STORE_SCHEDULED_PICKUP","eligiblePaths":{"Unified Delivery (HOT)":true,"Greater than 35":true},"storesStatuses":{"storeId":"32144","color":"green","shipNode":"32144","errors":{}},"itemStatusUpdatedTime":"2025-03-11T15:26:35.655"},{"itemId":"5025453922","isActive":true,"orderType":"STORE_SCHEDULED_PICKUP","eligiblePaths":{"substitution":true,"wic":true},"storesStatuses":{"storeId":"32144","color":"green","shipNode":"32144","errors":{}},"itemStatusUpdatedTime":"2025-03-11T15:27:54.655"},{"itemId":"5025453924","isActive":true,"orderType":"STORE_SCHEDULED_PICKUP","eligiblePaths":{"substitution":true,"wic":true},"storesStatuses":{"storeId":"32144","color":"green","shipNode":"32144","errors":{}},"itemStatusUpdatedTime":"2025-03-11T15:27:54.711"},{"itemId":"551594753","isActive":true,"orderType":"STORE_SCHEDULED_PICKUP","eligiblePaths":{"OPD E2E Regression":true,"Each Weighted":true,"Each Weight":true},"storesStatuses":{"storeId":"32144","color":"green","shipNode":"32144","errors":{}},"itemStatusUpdatedTime":"2025-03-11T15:28:38.306"}],"itemStatusUpdatedTime":"2025-03-11T15:31:46.982","queryTime":"2025-03-11T15:48:51.307"}
2025-03-11 15:48:52.263 [DEBUG] [thread-id 1] - --Fulcrum fetch item status-- SUCCESS
2025-03-11 15:48:52.367 [WARN] [thread-id 1] - variable responseInstant was used, but r2 could not find a value for this variable. returning default of null
2025-03-11 15:48:52.367 [DEBUG] [thread-id 1] - --Fulcrum response instant-- null
2025-03-11 15:48:52.666 [DEBUG] [thread-id 1] - --begining array
2025-03-11 15:48:53.296 [DEBUG] [thread-id 1] - loop: over '[{"itemId":"204121657","isActive":true,"orderType":"STORE_SCHEDULED_PICKUP","eligiblePaths":{"OPD E2E Regression":true,"Each":true},"storesStatuses":{"storeId":"32144","color":"green","shipNode":"32144","errors":{}},"itemStatusUpdatedTime":"2025-03-11T15:29:03.560"},{"itemId":"2397028072","isActive":true,"orderType":"STORE_SCHEDULED_PICKUP","eligiblePaths":{"OPD E2E Regression":true,"Weight":true},"storesStatuses":{"storeId":"32144","color":"green","shipNode":"32144","errors":{}},"itemStatusUpdatedTime":"2025-03-11T15:28:53.642"},{"itemId":"340038774","isActive":true,"orderType":"STORE_SCHEDULED_PICKUP","eligiblePaths":{"Unified Delivery (HOT)":true,"Greater than 35":true,"OPD E2E Regression":true,"Each":true},"storesStatuses":{"storeId":"32144","color":"green","shipNode":"32144","errors":{}},"itemStatusUpdatedTime":"2025-03-11T15:23:41.957"},{"itemId":"5014329836","isActive":true,"orderType":"STORE_SCHEDULED_PICKUP","eligiblePaths":{"OPD E2E Regression":true,"Each":true},"storesStatuses":{"storeId":"32144","color":"green","shipNode":"32144","errors":{}},"itemStatusUpdatedTime":"2025-03-11T15:29:14.434"},{"itemId":"5014345156","isActive":true,"orderType":"STORE_SCHEDULED_PICKUP","eligiblePaths":{"OPD E2E Regression":true,"Each":true},"storesStatuses":{"storeId":"32144","color":"green","shipNode":"32144","errors":{}},"itemStatusUpdatedTime":"2025-03-11T15:29:46.131"},{"itemId":"5024961613","isActive":true,"orderType":"STORE_SCHEDULED_PICKUP","eligiblePaths":{"Unified Delivery (HOT)":true,"Greater than 35":true},"storesStatuses":{"storeId":"32144","color":"green","shipNode":"32144","errors":{}},"itemStatusUpdatedTime":"2025-03-11T15:25:32.504"},{"itemId":"5024961618","isActive":true,"orderType":"STORE_SCHEDULED_PICKUP","eligiblePaths":{"Unified Delivery (HOT)":true,"Less than 35":true},"storesStatuses":{"storeId":"32144","color":"green","shipNode":"32144","errors":{}},"itemStatusUpdatedTime":"2025-03-11T15:26:55.637"},{"itemId":"5024961621","isActive":true,"orderType":"STORE_SCHEDULED_PICKUP","eligiblePaths":{"Unified Delivery (HOT)":true,"Greater than 35":true},"storesStatuses":{"storeId":"32144","color":"green","shipNode":"32144","errors":{}},"itemStatusUpdatedTime":"2025-03-11T15:26:35.655"},{"itemId":"5025453922","isActive":true,"orderType":"STORE_SCHEDULED_PICKUP","eligiblePaths":{"substitution":true,"wic":true},"storesStatuses":{"storeId":"32144","color":"green","shipNode":"32144","errors":{}},"itemStatusUpdatedTime":"2025-03-11T15:27:54.655"},{"itemId":"5025453924","isActive":true,"orderType":"STORE_SCHEDULED_PICKUP","eligiblePaths":{"substitution":true,"wic":true},"storesStatuses":{"storeId":"32144","color":"green","shipNode":"32144","errors":{}},"itemStatusUpdatedTime":"2025-03-11T15:27:54.711"},{"itemId":"551594753","isActive":true,"orderType":"STORE_SCHEDULED_PICKUP","eligiblePaths":{"OPD E2E Regression":true,"Each Weighted":true,"Each Weight":true},"storesStatuses":{"storeId":"32144","color":"green","shipNode":"32144","errors":{}},"itemStatusUpdatedTime":"2025-03-11T15:28:38.306"}]'
2025-03-11 15:48:53.384 [DEBUG] [thread-id 1] - store index is {"itemId":"204121657","isActive":true,"orderType":"STORE_SCHEDULED_PICKUP","eligiblePaths":{"OPD E2E Regression":true,"Each":true},"storesStatuses":{"storeId":"32144","color":"green","shipNode":"32144","errors":{}},"itemStatusUpdatedTime":"2025-03-11T15:29:03.560"}
2025-03-11 15:48:53.476 [DEBUG] [thread-id 1] - Store in: store the value '204121657' in the variable 'itemFetched'
2025-03-11 15:48:53.562 [DEBUG] [thread-id 1] - Store in: store the value 'green' in the variable 'itemStatus'
2025-03-11 15:48:53.677 [DEBUG] [thread-id 1] - 204121657
2025-03-11 15:48:54.369 [DEBUG] [thread-id 1] - green
2025-03-11 15:48:54.545 [DEBUG] [thread-id 1] - conditionally execute a flow. condition: true
2025-03-11 15:48:54.762 [DEBUG] [thread-id 1] - Fulcrum fetched item 204121657
2025-03-11 15:48:55.320 [DEBUG] [thread-id 1] - Store in: store the value '204121657' in the variable 'item1'
2025-03-11 15:48:55.321 [DEBUG] [thread-id 1] - Executing function: 'unified.us.functions.global.navigation.goToDeepLink'
2025-03-11 15:48:55.322 [DEBUG] [thread-id 1] - Store in: store the value 'Post-transactions' in the variable 'executionStage'
2025-03-11 15:48:55.324 [DEBUG] [thread-id 1] - Open deep link
2025-03-11 15:48:55.325 [DEBUG] [thread-id 1] - walmart://item/204121657
2025-03-11 15:48:55.325 [DEBUG] [thread-id 1] - Verify value of: '$deepLinkUrl'
2025-03-11 15:48:55.326 [DEBUG] [thread-id 1] - Open link: 'walmart://item/204121657'
2025-03-11 15:48:57.297 [DEBUG] [thread-id 1] - sleep:  3000 milliseconds
2025-03-11 15:49:00.303 [DEBUG] [thread-id 1] - Executing function: 'unified.us.functions.item.addItemToCart'
2025-03-11 15:49:00.304 [DEBUG] [thread-id 1] - Store in: store the value 'Transactions' in the variable 'executionStage'
2025-03-11 15:49:00.305 [DEBUG] [thread-id 1] - Executing function: 'unified.us.functions.item.validateAndClickAddToCartButton'
2025-03-11 15:52:21.338 [DEBUG] [thread-id 1] - Main failed: DATA_FAILURE - teflon - ADD TO CART button not displayed
2025-03-11 15:52:45.431 [DEBUG] [thread-id 1] - Executing scenario: 'After'
2025-03-11 15:52:45.433 [DEBUG] [thread-id 1] - Executing function: 'unified.us.functions.utils.afterSteps'
2025-03-11 15:52:45.434 [WARN] [thread-id 1] - variable testStatus was used, but r2 could not find a value for this variable. returning default of null
2025-03-11 15:52:45.435 [DEBUG] [thread-id 1] - conditionally execute a flow. condition: false
2025-03-11 15:52:45.476 [DEBUG] [thread-id 1] - Test failed
2025-03-11 15:52:47.778 [DEBUG] [thread-id 1] - Created report: /Users/m0k0a2f/glass-automation/report/index.html
