2024-03-27 19:22:31.162 [DEBUG] [thread-id 1] - Executing R2 3.40.1: '/Users/m0k0a2f/glass-automation/./us/test/test-scripts/ios/golden-flows/Ecomm-And-Fulfillment-Flows/guided-delivery-instructions/C2701363-edit-inhome-GDI-Shipping-mixed-cart-from-reviewpage-and-odp.yaml' on device: 'iPhone 14'
2024-03-27 19:23:20.603 [DEBUG] [thread-id 1] - Executing scenario: 'Before'
2024-03-27 19:23:20.604 [DEBUG] [thread-id 1] - R2_SUBFLOW_PRE_TRANSACTION
2024-03-27 19:23:20.607 [DEBUG] [thread-id 1] - Executing function: 'us.functions.utils.astro.clearCart'
2024-03-27 19:23:20.994 [DEBUG] [thread-id 1] - Call API: 'http://astro.walmart.com/api/v2/teflon/customer/wmtuser1687284535281@walmartstoretest.com/clearcart'
2024-03-27 19:23:35.319 [DEBUG] [thread-id 1] - Response code is: '200'. Response body is: '{"astroStatus":"SUCCESS","astroDescription":"CART_CLEARED","astroDetails":{"dbSessionMap":{"CXO_CART_ST":"{\"mtoken\":\"5:23#335805969#2=79457158#8=380876477\"}"},"checkoutable":false,"cart":{"id":"d9c16501-081e-435e-864d-749c2e2642ff","buyer":{"id":"58718345-6f42-46a4-87c9-02312225afd7","type":"CUSTOMER"},"storeIds":[],"itemCount":0,"entityErrors":[],"shipping":{"id":"9e7e847c-87a7-40a9-9a15-be84fc25cc28","dbLockVersion":0,"postalCode":"95122","city":"San Jose","state":"CA","countryCode":"USA","latitude":37.606689,"longitude":-122.426362,"isPOBox":false,"isAPOFPO":false,"isAddressChangedExplicitly":true},"currencyCode":"USD","preview":false,"tenantId":0,"verticalId":0,"checkoutableErrors":[],"intent":"PICKUP","pickupStore":{"city":"San Jose","stateOrProvinceCode":"CA","countryCode":"USA","postalCode":"95122","storeId":"32144","services":[]},"deliveryStore":{"city":"San Jose","stateOrProvinceCode":"CA","countryCode":"USA","postalCode":"95122","storeId":"32144","services":[]},"mpStores":[],"fulfillmentPlans":[],"accessPoints":[{"id":"f681d48a-7be4-43ea-8e10-229a1f00db37","name":"32144 - Home Delivery","storeId":32144,"fulfillmentType":"DELIVERY","fulfillmentOption":"DELIVERY","supportedTimeZone":"US/Pacific","locationInstruction":"[{\"type\":\"CHECKIN_DEFAULT\",\"value\":\"<div> <p> In order to  protect the safety of our customers & associates, we've temporarily moved to a no-contact pickup in store process. </p> <br /> <br /><b>Please bring your government-issued ID</b><br /> <ol> <li>Check in with the app to let us know you're on the way.</li> <li> Park in a designated pickup spot, stay in your vehicle and keep your windows rolled up. </li> <li> A Walmart associate will request access to your trunk or back seat, then they'll load your order. </li> <li>You're all set! The associate will sign for the order.</li> </ol> </div>\"},{\"type\":\"EMAIL_DEFAULT\",\"value\":\"<div> <p> In order to  protect the safety of our customers & associates, we've temporarily moved to a no-contact pickup in store process. </p> <br /> <br /><b>Please bring your government-issued ID</b><br /> <ol> <li>Check in with the app to let us know you're on the way.</li> <li> Park in a designated pickup spot, stay in your vehicle and keep your windows rolled up. </li> <li> A Walmart associate will request access to your trunk or back seat, then they'll load your order. </li> <li>You're all set! The associate will sign for the order.</li> </ol> </div>\"}]","isStoreEbtEligible":true,"allowAlcohol":true,"allowAgeRestricted":true,"restrictions":[],"accessType":"DELIVERY_ADDRESS","storeCategory":"Supercenter","nodeType":"STORE","pickupStartBuffer":0,"allowBagFee":true,"isBagFeeMandatory":false,"address":{"postalCode":"95122","addressLineOne":"777 STORY RD","city":"San Jose","state":"CA","addressTypeName":"OFFICE","isPOBox":false,"countryCode":"USA"}},{"id":"6168c2e3-fc36-4827-98e6-d717d10af1d6","name":"Walmart San Jose Store #32144","storeId":32144,"fulfillmentType":"INSTORE_PICKUP","fulfillmentOption":"PICKUP","supportedTimeZone":"US/Pacific","locationInstruction":"[{\"type\":\"CHECKIN_DEFAULT\",\"value\":\"<div><p><b>Please bring your government-issued ID</b></p><br /><br /><ol><li>Download and use the app to let us know you're on the way and view your parking guide.</li><li>Park in a designated pickup spot. Using the app, enter your parking info and an associate will come to you.</li><li>Show your ID to the associate if required.</li><li>The associate will request access to your trunk or back seat, then will load your items.</li><li>You're all set! Check the app to see if you need to move to any other pickup locations.</li></ol></div>\"},{\"type\":\"EMAIL_DEFAULT\",\"value\":\"NA\"},{\"type\":\"CHECKIN_1\",\"value\":\"Next, tell us when you’ve parked. Park by the pickup sign and enter your parking info so we can find you faster.\"}]","isStoreEbtEligible":true,"allowAlcohol":true,"allowAgeRestricted":true,"restrictions":[],"accessType":"PICKUP_CURBSIDE","storeCategory":"Supercenter","nodeType":"STORE","pickupStartBuffer":5,"allowBagFee":false,"isBagFeeMandatory":false,"address":{"postalCode":"95122","addressLineOne":"777 STORY RD","city":"San Jose","state":"CA","addressTypeName":"OFFICE","isPOBox":false,"countryCode":"USA"}}],"reservations":[],"isExplicitIntent":false,"hasGiftEligibleItem":false,"warnings":[],"restrictions":[]},"errorItems":[],"isOmniPromiseResponse":true,"uniqueInstallationOfferIdHolder":[]}}'
2024-03-27 19:23:35.704 [DEBUG] [thread-id 1] - Cart cleared for wmtuser1687284535281@walmartstoretest.com
2024-03-27 19:23:36.424 [DEBUG] [thread-id 1] - Using us-errors-helpers.yaml
2024-03-27 19:23:37.121 [DEBUG] [thread-id 1] - Start Main
2024-03-27 19:23:37.124 [DEBUG] [thread-id 1] - Executing function: 'us.functions.global.onboarding.navigateOnboardingToHome'
2024-03-27 19:23:37.125 [DEBUG] [thread-id 1] - Executing function: 'us.function.utils.getEnvironmentValue'
2024-03-27 19:23:37.125 [DEBUG] [thread-id 1] - Store in: store the value 'teflon' in the variable 'env'
2024-03-27 19:23:37.126 [DEBUG] [thread-id 1] - Timestamp: 1711592617126
2024-03-27 19:23:37.135 [DEBUG] [thread-id 1] - Welcome screen loaded
2024-03-27 19:24:38.483 [DEBUG] [thread-id 1] - Main failed: Is not present: '//XCUIElementTypeButton[@name="SignUpNudgeWelcomeViewController.bodyLabel"]'
2024-03-27 19:24:39.486 [DEBUG] [thread-id 1] - Executing scenario: 'After'
2024-03-27 19:24:39.487 [DEBUG] [thread-id 1] - Executing function: 'us.functions.utils.afterSteps'
2024-03-27 19:24:39.488 [WARN] [thread-id 1] - variable testStatus was used, but r2 could not find a value for this variable. returning default of null
2024-03-27 19:24:39.489 [DEBUG] [thread-id 1] - conditionally execute a flow. condition: false
2024-03-27 19:24:39.842 [DEBUG] [thread-id 1] - Test failed
2024-03-27 19:24:43.313 [DEBUG] [thread-id 1] - Created report: /Users/m0k0a2f/glass-automation/report/index.html
2024-03-27 19:29:45.934 [DEBUG] [thread-id 1] - Executing R2 3.40.1: '/Users/m0k0a2f/glass-automation/./us/test/test-scripts/ios/golden-flows/Ecomm-And-Fulfillment-Flows/guided-delivery-instructions/C2701363-edit-inhome-GDI-Shipping-mixed-cart-from-reviewpage-and-odp.yaml' on device: 'iPhone 14'
2024-03-27 19:52:17.802 [DEBUG] [thread-id 1] - Executing scenario: 'Before'
2024-03-27 19:52:17.805 [DEBUG] [thread-id 1] - R2_SUBFLOW_PRE_TRANSACTION
2024-03-27 19:52:17.818 [DEBUG] [thread-id 1] - Executing function: 'us.functions.utils.astro.clearCart'
2024-03-27 19:52:18.598 [DEBUG] [thread-id 1] - Call API: 'http://astro.walmart.com/api/v2/teflon/customer/wmtuser1687284535281@walmartstoretest.com/clearcart'
2024-03-27 19:52:28.657 [ERROR] [thread-id 1] - java.net.UnknownHostException: astro.walmart.com: nodename nor servname provided, or not known
2024-03-27 19:52:28.658 [INFO] [thread-id 1] - Empty response from callAPI using http://astro.walmart.com/api/v2/teflon/customer/wmtuser1687284535281@walmartstoretest.com/clearcart retrying...
2024-03-27 19:52:30.666 [INFO] [thread-id 1] - Call API: 'http://astro.walmart.com/api/v2/teflon/customer/wmtuser1687284535281@walmartstoretest.com/clearcart'
2024-03-27 19:52:40.676 [ERROR] [thread-id 1] - java.net.UnknownHostException: astro.walmart.com: nodename nor servname provided, or not known
2024-03-27 19:52:40.677 [INFO] [thread-id 1] - Empty response from callAPI using http://astro.walmart.com/api/v2/teflon/customer/wmtuser1687284535281@walmartstoretest.com/clearcart retrying...
2024-03-27 19:52:42.680 [INFO] [thread-id 1] - Call API: 'http://astro.walmart.com/api/v2/teflon/customer/wmtuser1687284535281@walmartstoretest.com/clearcart'
2024-03-27 19:52:52.696 [ERROR] [thread-id 1] - java.net.UnknownHostException: astro.walmart.com: nodename nor servname provided, or not known
2024-03-27 19:52:52.696 [INFO] [thread-id 1] - Empty response from callAPI using http://astro.walmart.com/api/v2/teflon/customer/wmtuser1687284535281@walmartstoretest.com/clearcart retrying...
2024-03-27 20:09:18.378 [INFO] [thread-id 1] - Call API: 'http://astro.walmart.com/api/v2/teflon/customer/wmtuser1687284535281@walmartstoretest.com/clearcart'
2024-03-27 20:09:28.419 [ERROR] [thread-id 1] - java.net.UnknownHostException: astro.walmart.com: nodename nor servname provided, or not known
2024-03-27 20:09:28.419 [INFO] [thread-id 1] - Empty response from callAPI using http://astro.walmart.com/api/v2/teflon/customer/wmtuser1687284535281@walmartstoretest.com/clearcart retrying...
2024-03-27 20:09:30.430 [INFO] [thread-id 1] - Call API: 'http://astro.walmart.com/api/v2/teflon/customer/wmtuser1687284535281@walmartstoretest.com/clearcart'
2024-03-27 20:09:40.438 [ERROR] [thread-id 1] - java.net.UnknownHostException: astro.walmart.com: nodename nor servname provided, or not known
2024-03-27 20:09:40.438 [INFO] [thread-id 1] - Empty response from callAPI using http://astro.walmart.com/api/v2/teflon/customer/wmtuser1687284535281@walmartstoretest.com/clearcart retrying...
2024-03-27 20:09:42.446 [INFO] [thread-id 1] - Call API: 'http://astro.walmart.com/api/v2/teflon/customer/wmtuser1687284535281@walmartstoretest.com/clearcart'
2024-03-27 20:27:16.580 [ERROR] [thread-id 1] - java.net.UnknownHostException: astro.walmart.com: nodename nor servname provided, or not known
2024-03-27 20:27:17.190 [WARN] [thread-id 1] - variable clearCartStatus was used, but r2 could not find a value for this variable. returning default of null
2024-03-27 20:27:17.198 [DEBUG] [thread-id 1] - conditionally execute a flow. condition: true
2024-03-27 20:43:09.958 [DEBUG] [thread-id 1] - Before failed: API_FAILURE - ASTRO - Cart not cleared
2024-03-27 20:43:11.106 [DEBUG] [thread-id 1] - Executing scenario: 'After'
2024-03-27 20:43:11.107 [DEBUG] [thread-id 1] - Executing function: 'us.functions.utils.afterSteps'
2024-03-27 20:43:11.108 [WARN] [thread-id 1] - variable testStatus was used, but r2 could not find a value for this variable. returning default of null
2024-03-27 20:43:11.108 [DEBUG] [thread-id 1] - conditionally execute a flow. condition: false
2024-03-27 20:43:11.651 [DEBUG] [thread-id 1] - Test failed
2024-03-27 20:43:15.185 [DEBUG] [thread-id 1] - Created report: /Users/m0k0a2f/glass-automation/report/index.html
