2023-06-04 18:26:45.854 [DEBUG] [thread-id 1] - Executing R2 3.36.0: '/Users/m0k0a2f/glass-automation/./us/test/test-scripts/ios/golden-flows/guided-delivery-Instructions-inHome/C2666008-inHome-Guided-Delivery.yaml' on device: 'iPhone 13'
2023-06-04 18:29:14.302 [DEBUG] [thread-id 1] - Executing scenario: 'Before'
2023-06-04 18:29:14.306 [DEBUG] [thread-id 1] - R2_SUBFLOW_PRE_TRANSACTION
2023-06-04 18:29:14.312 [DEBUG] [thread-id 1] - Executing function: 'us.functions.utils.astro.clearCart'
2023-06-04 18:29:14.486 [DEBUG] [thread-id 1] - Call API: 'http://astro.walmart.com/api/v2/teflon/customer/wmtuser1685728155122@walmartstoretest.com/clearcart'
2023-06-04 18:29:27.226 [DEBUG] [thread-id 1] - Response code is: '200'. Response body is: '{"astroStatus":"SUCCESS","astroDescription":"CART_CLEARED","astroDetails":{"dbSessionMap":{"CXO_CART_ST":"{\"mtoken\":\"2:14#216019920#2=232934721#8=172186753\"}"},"checkoutable":false,"cart":{"id":"074ebe6b-bb31-4f32-a8bb-9a8fe6f78a5c","buyer":{"id":"12afbf51-4efc-437d-8451-e70bc025a568","type":"CUSTOMER"},"storeIds":[],"itemCount":0,"entityErrors":[],"shipping":{"id":"b50af294-9130-4796-9bdf-af10dbccdf27","dbLockVersion":0,"dbSessionMap":{},"dbLockMap":{},"postalCode":"95122","city":"San Jose","state":"CA","countryCode":"USA","latitude":37.606689,"longitude":-122.426362,"isPOBox":false,"isAPOFPO":false},"currencyCode":"USD","preview":false,"tenantId":0,"verticalId":0,"checkoutableErrors":[],"intent":"PICKUP","pickupStore":{"city":"San Jose","stateOrProvinceCode":"CA","countryCode":"USA","postalCode":"95122","storeId":"32144","services":[]},"deliveryStore":{"city":"San Jose","stateOrProvinceCode":"CA","countryCode":"USA","postalCode":"95122","storeId":"32144","services":[]},"fulfillmentPlans":[],"accessPoints":[],"reservations":[],"isExplicitIntent":false,"hasGiftEligibleItem":false,"warnings":[],"restrictions":[]},"isOmniPromiseResponse":true}}'
2023-06-04 18:29:27.467 [DEBUG] [thread-id 1] - Cart cleared for wmtuser1685728155122@walmartstoretest.com
2023-06-04 18:29:27.646 [DEBUG] [thread-id 1] - Using us-errors-helpers.yaml
2023-06-04 18:29:27.800 [DEBUG] [thread-id 1] - Start Main
2023-06-04 18:29:27.803 [DEBUG] [thread-id 1] - Executing function: 'us.functions.global.onboarding.navigateOnboardingToHome'
2023-06-04 18:29:27.807 [DEBUG] [thread-id 1] - Executing function: 'us.function.utils.getEnvironmentValue'
2023-06-04 18:29:27.808 [DEBUG] [thread-id 1] - Store in: store the value 'teflon' in the variable 'env'
2023-06-04 18:29:37.857 [DEBUG] [thread-id 1] - conditionally execute a flow. condition: false
2023-06-04 18:29:38.140 [DEBUG] [thread-id 1] - Click element: '//XCUIElementTypeStaticText[@name="Continue"] | //XCUIElementTypeStaticText[@name="Next"] | //XCUIElementTypeStaticText[@name="Continue as guest"]'
2023-06-04 18:29:39.209 [DEBUG] [thread-id 1] - Verify identifier: {NotificationPermissionViewController.titleLabel=[true]}
2023-06-04 18:29:39.389 [DEBUG] [thread-id 1] - Click element: '//XCUIElementTypeStaticText[@name="Not now"] | //XCUIElementTypeButton[@name="cta.cancel.notifications"]'
2023-06-04 18:29:39.754 [DEBUG] [thread-id 1] - Verify identifier: {Share your location=[true]}
2023-06-04 18:29:39.886 [DEBUG] [thread-id 1] - Click element: '//XCUIElementTypeStaticText[@name="Enter zip code"]'
2023-06-04 18:29:40.444 [DEBUG] [thread-id 1] - conditionally execute a flow. condition: true
2023-06-04 18:29:40.727 [DEBUG] [thread-id 1] - Enter text: '95122'
2023-06-04 18:29:52.875 [DEBUG] [thread-id 1] - Click element: '//XCUIElementTypeStaticText[@name="Search"]'
2023-06-04 18:29:54.756 [DEBUG] [thread-id 1] - conditionally execute a flow. condition: true
2023-06-04 18:30:05.344 [DEBUG] [thread-id 1] - conditionally execute a flow. condition: true
2023-06-04 18:30:05.629 [DEBUG] [thread-id 1] - Click element: 'Continue'
2023-06-04 18:30:07.547 [DEBUG] [thread-id 1] - conditionally execute a flow. condition: true
2023-06-04 18:30:09.157 [DEBUG] [thread-id 1] - Click element: 'Allow'
2023-06-04 18:30:43.569 [DEBUG] [thread-id 1] - Executing function: 'us.functions.utils.tryAgainWhenThereIsError'
2023-06-04 18:30:43.589 [DEBUG] [thread-id 1] - loop: from 0 to 2
2023-06-04 18:30:44.006 [DEBUG] [thread-id 1] - 0
2023-06-04 18:30:54.880 [DEBUG] [thread-id 1] - conditionally execute a flow. condition: false
2023-06-04 18:30:55.349 [DEBUG] [thread-id 1] - Executing function: 'us.functions.onboarding.handleTechnicalErrorPage'
2023-06-04 18:30:55.352 [DEBUG] [thread-id 1] - sleep:  5000 milliseconds
2023-06-04 18:31:00.365 [DEBUG] [thread-id 1] - loop: from 0 to 4
2023-06-04 18:31:00.802 [DEBUG] [thread-id 1] - 0
2023-06-04 18:31:11.503 [DEBUG] [thread-id 1] - conditionally execute a flow. condition: false
2023-06-04 18:31:11.912 [DEBUG] [thread-id 1] - No Technical Error Page observed
2023-06-04 18:31:12.412 [DEBUG] [thread-id 1] - Executing function: 'us.functions.gic.collapseIfExpanded'
2023-06-04 18:31:12.601 [DEBUG] [thread-id 1] - conditionally execute a flow. condition: true
2023-06-04 18:31:13.171 [DEBUG] [thread-id 1] - Click element: '//*[contains(@label,"Expanded")]'
2023-06-04 18:31:13.452 [DEBUG] [thread-id 1] - Executing function: 'us.functions.utils.handleTechnicalErrorPopup'
2023-06-04 18:31:13.456 [DEBUG] [thread-id 1] - Store in: store the value 'false' in the variable 'errorRemoved'
2023-06-04 18:31:13.457 [DEBUG] [thread-id 1] - sleep:  10000 milliseconds
2023-06-04 18:31:23.478 [DEBUG] [thread-id 1] - loop: from 0 to 3
2023-06-04 18:31:24.276 [DEBUG] [thread-id 1] - 0
2023-06-04 18:31:35.488 [DEBUG] [thread-id 1] - conditionally execute a flow. condition: false
2023-06-04 18:31:36.099 [DEBUG] [thread-id 1] - Store in: store the value 'true' in the variable 'errorRemoved'
2023-06-04 18:31:36.747 [DEBUG] [thread-id 1] - No Technical Error Pop up observed
2023-06-04 18:31:37.418 [DEBUG] [thread-id 1] - Executing function: 'us.functions.home.navigateHomeToSignIn'
2023-06-04 18:31:38.153 [DEBUG] [thread-id 1] - Click element: 'Account'
2023-06-04 18:31:38.475 [DEBUG] [thread-id 1] - sleep:  3000 milliseconds
2023-06-04 18:31:41.917 [DEBUG] [thread-id 1] - Verify identifier: {//XCUIElementTypeButton[@name="Account.SignInButton"] | //XCUIElementTypeButton[@name="HeaderView.loginButton"] | //XCUIElementTypeButton[@label="SignInYourAccountTableViewCell.signInButton"] | //XCUIElementTypeButton[@label="Sign in"] | //XCUIElementTypeButton[@label="Sign in or create an account"]=[true]}
2023-06-04 18:31:41.918 [DEBUG] [thread-id 1] - loop: from 1 to 3
2023-06-04 18:31:42.784 [DEBUG] [thread-id 1] - conditionally execute a flow. condition: true
2023-06-04 18:31:43.613 [DEBUG] [thread-id 1] - Click element: '//XCUIElementTypeButton[@name="Account.SignInButton"] | //XCUIElementTypeButton[@name="HeaderView.loginButton"] | //XCUIElementTypeButton[@label="SignInYourAccountTableViewCell.signInButton"] | //XCUIElementTypeButton[@label="Sign in"] | //XCUIElementTypeButton[@label="Sign in or create an account"]'
2023-06-04 18:31:45.384 [DEBUG] [thread-id 1] - sleep:  3000 milliseconds
2023-06-04 18:31:49.893 [DEBUG] [thread-id 1] - conditionally execute a flow. condition: true
2023-06-04 18:31:51.083 [DEBUG] [thread-id 1] - Store in: store the value 'true' in the variable 'signInValidated'
2023-06-04 18:31:52.304 [DEBUG] [thread-id 1] - conditionally execute a flow. condition: true
2023-06-04 18:31:53.505 [DEBUG] [thread-id 1] - SignIn page loaded
2023-06-04 18:31:54.719 [DEBUG] [thread-id 1] - Store in: store the value 'false' in the variable 'signInValidated'
2023-06-04 18:31:54.755 [DEBUG] [thread-id 1] - Executing function: 'us.functions.global.authentication.signInAccount'
2023-06-04 18:31:54.762 [WARN] [thread-id 1] - variable validateSignInPage was used, but r2 could not find a value for this variable. returning default of null
2023-06-04 18:31:54.776 [DEBUG] [thread-id 1] - Executing function: 'us.functions.global.authentication.dismissSelectSavedPasswordDialog'
2023-06-04 18:32:05.477 [DEBUG] [thread-id 1] - Verify identifier: {//XCUIElementTypeTextField=[true]}
2023-06-04 18:32:05.754 [DEBUG] [thread-id 1] - Enter text: 'wmtuser1685728155122@walmartstoretest.com'
2023-06-04 18:32:07.159 [DEBUG] [thread-id 1] - conditionally execute a flow. condition: true
2023-06-04 18:32:08.367 [DEBUG] [thread-id 1] - loop: from 1 to 3
2023-06-04 18:32:09.562 [DEBUG] [thread-id 1] - sleep:  3000 milliseconds
2023-06-04 18:32:14.435 [DEBUG] [thread-id 1] - conditionally execute a flow. condition: true
2023-06-04 18:32:16.187 [DEBUG] [thread-id 1] - Click element: '//XCUIElementTypeButton[@name="SignInView.ctaButton" or @name="WelcomeView.ctaButton"]'
2023-06-04 18:32:19.496 [DEBUG] [thread-id 1] - conditionally execute a flow. condition: true
2023-06-04 18:32:20.683 [DEBUG] [thread-id 1] - Store in: store the value 'true' in the variable 'signInValidated'
2023-06-04 18:32:23.161 [DEBUG] [thread-id 1] - conditionally execute a flow. condition: true
2023-06-04 18:32:24.376 [DEBUG] [thread-id 1] - Store in: store the value 'false' in the variable 'signInValidated'
2023-06-04 18:32:25.600 [DEBUG] [thread-id 1] - Email entered
2023-06-04 18:32:25.633 [WARN] [thread-id 1] - variable validateSignInPage was used, but r2 could not find a value for this variable. returning default of null
2023-06-04 18:32:25.635 [DEBUG] [thread-id 1] - loop: from 1 to 3
2023-06-04 18:32:26.822 [DEBUG] [thread-id 1] - sleep:  2000 milliseconds
2023-06-04 18:32:30.360 [DEBUG] [thread-id 1] - conditionally execute a flow. condition: true
2023-06-04 18:32:31.921 [DEBUG] [thread-id 1] - Enter text: 'E2epassword$'
2023-06-04 18:32:33.827 [DEBUG] [thread-id 1] - sleep:  1000 milliseconds
2023-06-04 18:32:36.760 [DEBUG] [thread-id 1] - Click element: '//XCUIElementTypeStaticText[@name="Sign in"] | //XCUIElementTypeButton[@label="Sign In" or @label="Sign in"] | //XCUIElementTypeButton[@name="OtpView.ctaButton"] | //XCUIElementTypeButton[@label="Sign in or create an account"]'
2023-06-04 18:32:37.972 [DEBUG] [thread-id 1] - sleep:  2000 milliseconds
2023-06-04 18:32:54.478 [DEBUG] [thread-id 1] - Hide keyboard: 'true'
2023-06-04 18:32:56.424 [DEBUG] [thread-id 1] - conditionally execute a flow. condition: true
2023-06-04 18:32:57.976 [DEBUG] [thread-id 1] - Store in: store the value 'true' in the variable 'signInValidated'
2023-06-04 18:33:10.656 [DEBUG] [thread-id 1] - conditionally execute a flow. condition: true
2023-06-04 18:33:12.224 [DEBUG] [thread-id 1] - Account signed in
2023-06-04 18:33:12.571 [DEBUG] [thread-id 1] - conditionally execute a flow. condition: true
2023-06-04 18:33:14.400 [DEBUG] [thread-id 1] - Click element: '//XCUIElementTypeButton[@name="Don’t Allow"] | //XCUIElementTypeButton[@name="Don’t Allow"]'
2023-06-04 18:33:15.073 [DEBUG] [thread-id 1] - Executing function: 'us.test.functions.utils.closeWplusPrompt.homeScreen'
2023-06-04 18:33:26.352 [DEBUG] [thread-id 1] - conditionally execute a flow. condition: false
2023-06-04 18:33:27.278 [DEBUG] [thread-id 1] - W+ Plus membership prompt is not present nothing to close continue
2023-06-04 18:33:27.394 [DEBUG] [thread-id 1] - Executing function: 'us.functions.utils.handleCartMergePopup'
2023-06-04 18:33:27.394 [DEBUG] [thread-id 1] - sleep:  7000 milliseconds
2023-06-04 18:33:34.406 [DEBUG] [thread-id 1] - loop: from 0 to 4
2023-06-04 18:33:35.374 [DEBUG] [thread-id 1] - 0
2023-06-04 18:33:46.596 [DEBUG] [thread-id 1] - conditionally execute a flow. condition: false
2023-06-04 18:33:47.495 [DEBUG] [thread-id 1] - No Technical Error Page observed
2023-06-04 18:33:48.501 [DEBUG] [thread-id 1] - Executing function: 'us.functions.global.navigation.accountToHome'
2023-06-04 18:33:48.653 [DEBUG] [thread-id 1] - Click element: 'Shop'
2023-06-04 18:33:49.130 [DEBUG] [thread-id 1] - Executing function: 'us.functions.home.closeWPlusPromotionPopUpIfDisplayed'
2023-06-04 18:33:49.132 [DEBUG] [thread-id 1] - sleep:  8000 milliseconds
2023-06-04 18:35:21.619 [DEBUG] [thread-id 1] - Executing R2 3.36.0: '/Users/m0k0a2f/glass-automation/./us/test/test-scripts/ios/golden-flows/guided-delivery-Instructions-inHome/C2666008-inHome-Guided-Delivery.yaml' on device: 'iPhone 13'
2023-06-04 18:37:17.987 [DEBUG] [thread-id 1] - Executing scenario: 'Before'
2023-06-04 18:37:17.991 [DEBUG] [thread-id 1] - R2_SUBFLOW_PRE_TRANSACTION
2023-06-04 18:37:17.996 [DEBUG] [thread-id 1] - Executing function: 'us.functions.utils.astro.clearCart'
2023-06-04 18:37:18.179 [DEBUG] [thread-id 1] - Call API: 'http://astro.walmart.com/api/v2/teflon/customer/wmtuser1685728155122@walmartstoretest.com/clearcart'
2023-06-04 18:37:30.911 [DEBUG] [thread-id 1] - Response code is: '200'. Response body is: '{"astroStatus":"SUCCESS","astroDescription":"CART_CLEARED","astroDetails":{"dbSessionMap":{"CXO_CART_ST":"{\"mtoken\":\"2:14#216020406#2=232935177#8=172186753\"}"},"checkoutable":false,"cart":{"id":"074ebe6b-bb31-4f32-a8bb-9a8fe6f78a5c","buyer":{"id":"12afbf51-4efc-437d-8451-e70bc025a568","type":"CUSTOMER"},"storeIds":[],"itemCount":0,"entityErrors":[],"shipping":{"id":"c7ed3d76-a1fa-4bc4-a3ba-38a4f1dd9467","dbLockVersion":0,"dbSessionMap":{},"dbLockMap":{},"postalCode":"95122","city":"San Jose","state":"CA","countryCode":"USA","latitude":37.606689,"longitude":-122.426362,"isPOBox":false,"isAPOFPO":false},"currencyCode":"USD","preview":false,"tenantId":0,"verticalId":0,"checkoutableErrors":[],"intent":"PICKUP","pickupStore":{"city":"San Jose","stateOrProvinceCode":"CA","countryCode":"USA","postalCode":"95122","storeId":"32144","services":[]},"deliveryStore":{"city":"San Jose","stateOrProvinceCode":"CA","countryCode":"USA","postalCode":"95122","storeId":"32144","services":[]},"fulfillmentPlans":[],"accessPoints":[],"reservations":[],"isExplicitIntent":false,"hasGiftEligibleItem":false,"warnings":[],"restrictions":[]},"isOmniPromiseResponse":true}}'
2023-06-04 18:37:31.129 [DEBUG] [thread-id 1] - Cart cleared for wmtuser1685728155122@walmartstoretest.com
2023-06-04 18:37:31.294 [DEBUG] [thread-id 1] - Using us-errors-helpers.yaml
2023-06-04 18:37:31.460 [DEBUG] [thread-id 1] - Start Main
2023-06-04 18:37:31.463 [DEBUG] [thread-id 1] - Executing function: 'us.functions.global.onboarding.navigateOnboardingToHome'
2023-06-04 18:37:31.466 [DEBUG] [thread-id 1] - Executing function: 'us.function.utils.getEnvironmentValue'
2023-06-04 18:37:31.468 [DEBUG] [thread-id 1] - Store in: store the value 'teflon' in the variable 'env'
2023-06-04 18:37:41.588 [DEBUG] [thread-id 1] - conditionally execute a flow. condition: false
2023-06-04 18:37:41.891 [DEBUG] [thread-id 1] - Click element: '//XCUIElementTypeStaticText[@name="Continue"] | //XCUIElementTypeStaticText[@name="Next"] | //XCUIElementTypeStaticText[@name="Continue as guest"]'
2023-06-04 18:37:43.073 [DEBUG] [thread-id 1] - Verify identifier: {NotificationPermissionViewController.titleLabel=[true]}
2023-06-04 18:37:43.262 [DEBUG] [thread-id 1] - Click element: '//XCUIElementTypeStaticText[@name="Not now"] | //XCUIElementTypeButton[@name="cta.cancel.notifications"]'
2023-06-04 18:37:43.722 [DEBUG] [thread-id 1] - Verify identifier: {Share your location=[true]}
2023-06-04 18:37:43.879 [DEBUG] [thread-id 1] - Click element: '//XCUIElementTypeStaticText[@name="Enter zip code"]'
2023-06-04 18:37:44.456 [DEBUG] [thread-id 1] - conditionally execute a flow. condition: true
2023-06-04 18:37:44.769 [DEBUG] [thread-id 1] - Enter text: '95122'
2023-06-04 18:37:57.154 [DEBUG] [thread-id 1] - Click element: '//XCUIElementTypeStaticText[@name="Search"]'
2023-06-04 18:37:59.005 [DEBUG] [thread-id 1] - conditionally execute a flow. condition: true
2023-06-04 18:38:09.696 [DEBUG] [thread-id 1] - conditionally execute a flow. condition: true
2023-06-04 18:38:10.008 [DEBUG] [thread-id 1] - Click element: 'Continue'
2023-06-04 18:38:12.180 [DEBUG] [thread-id 1] - conditionally execute a flow. condition: true
2023-06-04 18:38:13.863 [DEBUG] [thread-id 1] - Click element: 'Allow'
2023-06-04 18:38:47.948 [DEBUG] [thread-id 1] - Executing function: 'us.functions.utils.tryAgainWhenThereIsError'
2023-06-04 18:38:47.977 [DEBUG] [thread-id 1] - loop: from 0 to 2
2023-06-04 18:38:48.431 [DEBUG] [thread-id 1] - 0
2023-06-04 18:38:59.234 [DEBUG] [thread-id 1] - conditionally execute a flow. condition: false
2023-06-04 18:38:59.658 [DEBUG] [thread-id 1] - Executing function: 'us.functions.onboarding.handleTechnicalErrorPage'
2023-06-04 18:38:59.659 [DEBUG] [thread-id 1] - sleep:  5000 milliseconds
2023-06-04 18:39:04.676 [DEBUG] [thread-id 1] - loop: from 0 to 4
2023-06-04 18:39:05.189 [DEBUG] [thread-id 1] - 0
2023-06-04 18:39:16.157 [DEBUG] [thread-id 1] - conditionally execute a flow. condition: false
2023-06-04 18:39:16.588 [DEBUG] [thread-id 1] - No Technical Error Page observed
2023-06-04 18:39:17.038 [DEBUG] [thread-id 1] - Executing function: 'us.functions.gic.collapseIfExpanded'
2023-06-04 18:39:17.220 [DEBUG] [thread-id 1] - conditionally execute a flow. condition: true
2023-06-04 18:39:17.802 [DEBUG] [thread-id 1] - Click element: '//*[contains(@label,"Expanded")]'
2023-06-04 18:39:18.079 [DEBUG] [thread-id 1] - Executing function: 'us.functions.utils.handleTechnicalErrorPopup'
2023-06-04 18:39:18.084 [DEBUG] [thread-id 1] - Store in: store the value 'false' in the variable 'errorRemoved'
2023-06-04 18:39:18.086 [DEBUG] [thread-id 1] - sleep:  10000 milliseconds
2023-06-04 18:39:28.104 [DEBUG] [thread-id 1] - loop: from 0 to 3
2023-06-04 18:39:28.914 [DEBUG] [thread-id 1] - 0
2023-06-04 18:39:39.834 [DEBUG] [thread-id 1] - conditionally execute a flow. condition: false
2023-06-04 18:39:40.537 [DEBUG] [thread-id 1] - Store in: store the value 'true' in the variable 'errorRemoved'
2023-06-04 18:39:41.228 [DEBUG] [thread-id 1] - No Technical Error Pop up observed
2023-06-04 18:39:41.967 [DEBUG] [thread-id 1] - Executing function: 'us.functions.home.navigateHomeToSignIn'
2023-06-04 18:39:42.772 [DEBUG] [thread-id 1] - Click element: 'Account'
2023-06-04 18:39:43.135 [DEBUG] [thread-id 1] - sleep:  3000 milliseconds
2023-06-04 18:39:46.586 [DEBUG] [thread-id 1] - Verify identifier: {//XCUIElementTypeButton[@name="Account.SignInButton"] | //XCUIElementTypeButton[@name="HeaderView.loginButton"] | //XCUIElementTypeButton[@label="SignInYourAccountTableViewCell.signInButton"] | //XCUIElementTypeButton[@label="Sign in"] | //XCUIElementTypeButton[@label="Sign in or create an account"]=[true]}
2023-06-04 18:39:46.588 [DEBUG] [thread-id 1] - loop: from 1 to 3
2023-06-04 18:39:47.493 [DEBUG] [thread-id 1] - conditionally execute a flow. condition: true
2023-06-04 18:39:48.409 [DEBUG] [thread-id 1] - Click element: '//XCUIElementTypeButton[@name="Account.SignInButton"] | //XCUIElementTypeButton[@name="HeaderView.loginButton"] | //XCUIElementTypeButton[@label="SignInYourAccountTableViewCell.signInButton"] | //XCUIElementTypeButton[@label="Sign in"] | //XCUIElementTypeButton[@label="Sign in or create an account"]'
2023-06-04 18:39:50.286 [DEBUG] [thread-id 1] - sleep:  3000 milliseconds
2023-06-04 18:39:54.844 [DEBUG] [thread-id 1] - conditionally execute a flow. condition: true
2023-06-04 18:39:56.086 [DEBUG] [thread-id 1] - Store in: store the value 'true' in the variable 'signInValidated'
2023-06-04 18:39:57.443 [DEBUG] [thread-id 1] - conditionally execute a flow. condition: true
2023-06-04 18:39:58.726 [DEBUG] [thread-id 1] - SignIn page loaded
2023-06-04 18:40:00.015 [DEBUG] [thread-id 1] - Store in: store the value 'false' in the variable 'signInValidated'
2023-06-04 18:40:00.030 [DEBUG] [thread-id 1] - Executing function: 'us.functions.global.authentication.signInAccount'
2023-06-04 18:40:00.033 [WARN] [thread-id 1] - variable validateSignInPage was used, but r2 could not find a value for this variable. returning default of null
2023-06-04 18:40:00.044 [DEBUG] [thread-id 1] - Executing function: 'us.functions.global.authentication.dismissSelectSavedPasswordDialog'
2023-06-04 18:40:11.304 [DEBUG] [thread-id 1] - Verify identifier: {//XCUIElementTypeTextField=[true]}
2023-06-04 18:40:11.614 [DEBUG] [thread-id 1] - Enter text: 'wmtuser1685728155122@walmartstoretest.com'
2023-06-04 18:40:13.160 [DEBUG] [thread-id 1] - conditionally execute a flow. condition: true
2023-06-04 18:40:14.451 [DEBUG] [thread-id 1] - loop: from 1 to 3
2023-06-04 18:40:15.717 [DEBUG] [thread-id 1] - sleep:  3000 milliseconds
2023-06-04 18:40:20.560 [DEBUG] [thread-id 1] - conditionally execute a flow. condition: true
2023-06-04 18:40:22.320 [DEBUG] [thread-id 1] - Click element: '//XCUIElementTypeButton[@name="SignInView.ctaButton" or @name="WelcomeView.ctaButton"]'
2023-06-04 18:40:25.258 [DEBUG] [thread-id 1] - conditionally execute a flow. condition: true
2023-06-04 18:40:26.542 [DEBUG] [thread-id 1] - Store in: store the value 'true' in the variable 'signInValidated'
2023-06-04 18:40:29.156 [DEBUG] [thread-id 1] - conditionally execute a flow. condition: true
2023-06-04 18:40:30.383 [DEBUG] [thread-id 1] - Store in: store the value 'false' in the variable 'signInValidated'
2023-06-04 18:40:31.628 [DEBUG] [thread-id 1] - Email entered
2023-06-04 18:40:31.652 [WARN] [thread-id 1] - variable validateSignInPage was used, but r2 could not find a value for this variable. returning default of null
2023-06-04 18:40:31.654 [DEBUG] [thread-id 1] - loop: from 1 to 3
2023-06-04 18:40:32.878 [DEBUG] [thread-id 1] - sleep:  2000 milliseconds
2023-06-04 18:40:36.455 [DEBUG] [thread-id 1] - conditionally execute a flow. condition: true
2023-06-04 18:40:37.988 [DEBUG] [thread-id 1] - Enter text: 'E2epassword$'
2023-06-04 18:40:40.056 [DEBUG] [thread-id 1] - sleep:  1000 milliseconds
2023-06-04 18:40:43.064 [DEBUG] [thread-id 1] - Click element: '//XCUIElementTypeStaticText[@name="Sign in"] | //XCUIElementTypeButton[@label="Sign In" or @label="Sign in"] | //XCUIElementTypeButton[@name="OtpView.ctaButton"] | //XCUIElementTypeButton[@label="Sign in or create an account"]'
2023-06-04 18:40:44.340 [DEBUG] [thread-id 1] - sleep:  2000 milliseconds
2023-06-04 18:40:59.712 [DEBUG] [thread-id 1] - Hide keyboard: 'true'
2023-06-04 18:41:01.724 [DEBUG] [thread-id 1] - conditionally execute a flow. condition: true
2023-06-04 18:41:03.390 [DEBUG] [thread-id 1] - Store in: store the value 'true' in the variable 'signInValidated'
2023-06-04 18:41:16.385 [DEBUG] [thread-id 1] - conditionally execute a flow. condition: true
2023-06-04 18:41:17.979 [DEBUG] [thread-id 1] - Account signed in
2023-06-04 18:41:18.294 [DEBUG] [thread-id 1] - conditionally execute a flow. condition: true
2023-06-04 18:41:20.201 [DEBUG] [thread-id 1] - Click element: '//XCUIElementTypeButton[@name="Don’t Allow"] | //XCUIElementTypeButton[@name="Don’t Allow"]'
2023-06-04 18:41:20.893 [DEBUG] [thread-id 1] - Executing function: 'us.test.functions.utils.closeWplusPrompt.homeScreen'
2023-06-04 18:41:30.974 [DEBUG] [thread-id 1] - conditionally execute a flow. condition: false
2023-06-04 18:41:31.974 [DEBUG] [thread-id 1] - W+ Plus membership prompt is not present nothing to close continue
2023-06-04 18:41:32.038 [DEBUG] [thread-id 1] - Executing function: 'us.functions.utils.handleCartMergePopup'
2023-06-04 18:41:32.039 [DEBUG] [thread-id 1] - sleep:  7000 milliseconds
2023-06-04 18:41:39.045 [DEBUG] [thread-id 1] - loop: from 0 to 4
2023-06-04 18:41:40.026 [DEBUG] [thread-id 1] - 0
2023-06-04 18:41:51.547 [DEBUG] [thread-id 1] - conditionally execute a flow. condition: false
2023-06-04 18:41:52.482 [DEBUG] [thread-id 1] - No Technical Error Page observed
2023-06-04 18:41:53.497 [DEBUG] [thread-id 1] - Executing function: 'us.functions.global.navigation.accountToHome'
2023-06-04 18:41:53.656 [DEBUG] [thread-id 1] - Click element: 'Shop'
2023-06-04 18:41:54.138 [DEBUG] [thread-id 1] - Executing function: 'us.functions.home.closeWPlusPromotionPopUpIfDisplayed'
2023-06-04 18:41:54.141 [DEBUG] [thread-id 1] - sleep:  8000 milliseconds
2023-06-04 18:42:12.487 [DEBUG] [thread-id 1] - conditionally execute a flow. condition: false
2023-06-04 18:42:24.132 [DEBUG] [thread-id 1] - Verify identifier: {//XCUIElementTypeSearchField[@name="Search Walmart"] | //XCUIElementTypeOther[@name="Search Walmart"]/XCUIElementTypeOther | //XCUIElementTypeOther[@name="Search Walmart"]=[true]}
2023-06-04 18:42:24.135 [DEBUG] [thread-id 1] - Executing function: 'us.functions.global.navigation.goToDeepLink'
2023-06-04 18:42:24.148 [DEBUG] [thread-id 1] - Verify value of: '$deepLinkUrl'
2023-06-04 18:42:24.150 [DEBUG] [thread-id 1] - Open link: 'walmart://ip/489015493'
2023-06-04 18:42:25.094 [DEBUG] [thread-id 1] - Executing function: 'us.functions.global.navigation.openDeepLink'
2023-06-04 18:42:26.737 [DEBUG] [thread-id 1] - conditionally execute a flow. condition: true
2023-06-04 18:42:28.394 [DEBUG] [thread-id 1] - Click element: 'Open'
2023-06-04 18:42:29.109 [DEBUG] [thread-id 1] - Executing function: 'us.functions.utils.handleTechnicalErrorPopup'
2023-06-04 18:42:29.110 [DEBUG] [thread-id 1] - Store in: store the value 'false' in the variable 'errorRemoved'
2023-06-04 18:42:29.111 [DEBUG] [thread-id 1] - sleep:  10000 milliseconds
2023-06-04 18:42:39.119 [DEBUG] [thread-id 1] - loop: from 0 to 3
2023-06-04 18:42:41.230 [DEBUG] [thread-id 1] - 0
2023-06-04 18:42:54.624 [DEBUG] [thread-id 1] - conditionally execute a flow. condition: false
2023-06-04 18:42:55.998 [DEBUG] [thread-id 1] - Store in: store the value 'true' in the variable 'errorRemoved'
2023-06-04 18:42:57.415 [DEBUG] [thread-id 1] - No Technical Error Pop up observed
2023-06-04 18:42:58.863 [DEBUG] [thread-id 1] - Executing function: 'us.functions.item.addItemToCart'
2023-06-04 18:42:58.886 [DEBUG] [thread-id 1] - Executing function: 'us.functions.item.preAddToCartSteps'
2023-06-04 18:43:00.273 [DEBUG] [thread-id 1] - sleep:  2000 milliseconds
2023-06-04 18:43:08.409 [DEBUG] [thread-id 1] - Item wasn't Added initially, continuing with scenario
2023-06-04 18:43:08.425 [DEBUG] [thread-id 1] - Executing function: 'us.functions.item.validateAndClickAddToCartButton'
2023-06-04 18:43:09.236 [DEBUG] [thread-id 1] - conditionally execute a flow. condition: true
2023-06-04 18:43:10.644 [DEBUG] [thread-id 1] - ATC button present
2023-06-04 18:43:11.665 [DEBUG] [thread-id 1] - Click element: '(//XCUIElementTypeButton[@name="stepper.mainButton"])[1] | //XCUIElementTypeOther[@name="stepper.addToCartButton"] | (//XCUIElementTypeOther[contains(@name,"GlassStepperView.inner")]) | //XCUIElementTypeButton[@name="stepper.mainButton"]'
2023-06-04 18:43:12.153 [DEBUG] [thread-id 1] - sleep:  3000 milliseconds
2023-06-04 18:43:25.533 [WARN] [thread-id 1] - variable skipPostAddToCartSteps was used, but r2 could not find a value for this variable. returning default of null
2023-06-04 18:43:25.542 [DEBUG] [thread-id 1] - conditionally execute a flow. condition: true
2023-06-04 18:43:27.077 [DEBUG] [thread-id 1] - Executing function: 'us.functions.item.postAddToCartSteps'
2023-06-04 18:43:50.759 [WARN] [thread-id 1] - variable closeButtonNotDisplayed was used, but r2 could not find a value for this variable. returning default of null
2023-06-04 18:43:50.761 [DEBUG] [thread-id 1] - conditionally execute a flow. condition: false
2023-06-04 18:43:52.210 [DEBUG] [thread-id 1] - Executing function: 'us.functions.item.handlePAC'
2023-06-04 18:43:52.211 [DEBUG] [thread-id 1] - sleep:  5000 milliseconds
2023-06-04 18:44:08.962 [DEBUG] [thread-id 1] - sleep:  1000 milliseconds
2023-06-04 18:44:11.568 [WARN] [thread-id 1] - variable qty was used, but r2 could not find a value for this variable. returning default of null
2023-06-04 18:44:11.569 [WARN] [thread-id 1] - variable qty was used, but r2 could not find a value for this variable. returning default of null
2023-06-04 18:44:12.411 [DEBUG] [thread-id 1] - Verify identifier: {//XCUIElementTypeStaticText[@name="1 added"]| //XCUIElementTypeOther[@name="add-to-cart-button"] | //XCUIElementTypeStaticText[@label="null"] | Max 1=[true]}
2023-06-04 18:44:25.722 [DEBUG] [thread-id 1] - Executing function: 'us.functions.item.closeItemPage'
2023-06-04 18:44:25.726 [DEBUG] [thread-id 1] - conditionally execute a flow. condition: true
2023-06-04 18:44:30.532 [DEBUG] [thread-id 1] - Click element: 'ItemDetailsViewController_itemDetailCloseButton'
2023-06-04 18:44:32.868 [DEBUG] [thread-id 1] - Verify identifier: {TitleView_productTitle=[true]}
2023-06-04 18:44:32.869 [DEBUG] [thread-id 1] - sleep:  3000 milliseconds
2023-06-04 18:44:35.881 [DEBUG] [thread-id 1] - Verify identifier: {Your cart is empty=[true]}
2023-06-04 18:44:35.882 [DEBUG] [thread-id 1] - Store in: store the value 'false' in the variable 'closeButtonNotDisplayed'
2023-06-04 18:44:35.912 [DEBUG] [thread-id 1] - Store in: store the value 'false' in the variable 'skipPostAddToCartSteps'
2023-06-04 18:44:35.914 [DEBUG] [thread-id 1] - Store in: store the value 'false' in the variable 'apiFetch'
2023-06-04 18:44:35.916 [DEBUG] [thread-id 1] - Executing function: 'us.functions.utils.getSearchableItem'
2023-06-04 18:44:35.920 [DEBUG] [thread-id 1] - Store in: store the value 'null' in the variable 'itemFetched'
2023-06-04 18:44:35.922 [DEBUG] [thread-id 1] - Store in: store the value 'null' in the variable 'deeplinkURL'
2023-06-04 18:44:35.924 [DEBUG] [thread-id 1] - Store in: store the value 'true' in the variable 'apiFetch'
2023-06-04 18:44:35.948 [DEBUG] [thread-id 1] - conditionally execute a flow. condition: false
2023-06-04 18:44:36.631 [DEBUG] [thread-id 1] - Item fetched by Astro API
2023-06-04 18:44:37.297 [DEBUG] [thread-id 1] - Executing function: 'us.functions.utils.fetchAstroAvailableItem'
2023-06-04 18:44:37.312 [DEBUG] [thread-id 1] - Fetching Item available in stock using Astro API for Item type FC_DELIVERY
2023-06-04 18:44:37.320 [WARN] [thread-id 1] - variable storeId was used, but r2 could not find a value for this variable. returning default of null
2023-06-04 18:44:37.341 [DEBUG] [thread-id 1] - conditionally execute a flow. condition: true
2023-06-04 18:44:38.014 [DEBUG] [thread-id 1] - Store in: store the value '32144' in the variable 'storeId'
2023-06-04 18:44:38.026 [WARN] [thread-id 1] - variable nextGen was used, but r2 could not find a value for this variable. returning default of null
2023-06-04 18:44:38.028 [DEBUG] [thread-id 1] - conditionally execute a flow. condition: true
2023-06-04 18:44:38.691 [DEBUG] [thread-id 1] - Store in: store the value 'nextgen' in the variable 'version'
2023-06-04 18:44:38.712 [WARN] [thread-id 1] - variable itemStatusHeader was used, but r2 could not find a value for this variable. returning default of null
2023-06-04 18:44:38.717 [DEBUG] [thread-id 1] - conditionally execute a flow. condition: true
2023-06-04 18:44:39.398 [DEBUG] [thread-id 1] - Store in: store the value 'SUCCESS' in the variable 'itemStatusHeader'
2023-06-04 18:44:39.425 [WARN] [thread-id 1] - variable itemFilter was used, but r2 could not find a value for this variable. returning default of null
2023-06-04 18:44:39.431 [DEBUG] [thread-id 1] - conditionally execute a flow. condition: false
2023-06-04 18:44:40.098 [DEBUG] [thread-id 1] - Store in: store the value 'http://astro.walmart.com/api/v3/teflon/internal/getItemHealth/32144/FC_DELIVERY' in the variable 'fetchURL'
2023-06-04 18:44:40.111 [DEBUG] [thread-id 1] - Store in: store the value 'null' in the variable 'itemDetails'
2023-06-04 18:44:40.781 [DEBUG] [thread-id 1] - conditionally execute a flow. condition: true
2023-06-04 18:44:41.450 [DEBUG] [thread-id 1] - NextGen API
2023-06-04 18:44:42.159 [DEBUG] [thread-id 1] - Call API: 'http://astro.walmart.com/api/v3/teflon/internal/getItemHealth/32144/FC_DELIVERY'
2023-06-04 18:44:47.599 [DEBUG] [thread-id 1] - Response code is: '200'. Response body is: '{"astroStatus":"SUCCESS","astroDescription":"Item Health details found in itemHealth Collection","astroDetails":[{"itemId":"1168705544","astroStatus":"SUCCESS","astroDescription":"FC_DELIVERY (1168705544), ORDER CREATED","orderType":"FC_DELIVERY","storeId":"32144","orderNumber":null,"eligiblePaths":[],"inEligiblePaths":[],"offerId":"BD41035073924A80A186E58C75AFCED7","_id":"6352f4ae8d5c5e54d46a5c53","__v":0,"createdAt":"2022-10-21T19:36:14.101Z","updatedAt":"2023-06-05T01:42:11.042Z","price":{"currencyAmount":9.98,"currencyUnit":"USD","unit":"EA"}},{"itemId":"1577285523","astroStatus":"SUCCESS","astroDescription":"FC_DELIVERY (1577285523), ORDER CREATED","orderType":"FC_DELIVERY","storeId":"32144","orderNumber":null,"eligiblePaths":[],"inEligiblePaths":[],"offerId":"F987D04F6EE047258EA0D4FC3E39FAE3","_id":"6352f4aeca5dde2ee4d1b24d","__v":0,"createdAt":"2022-10-21T19:36:14.720Z","updatedAt":"2023-06-05T01:42:11.237Z","price":{"currencyAmount":15.99,"currencyUnit":"USD","unit":"EA"}},{"itemId":"443922107","astroStatus":"SUCCESS","astroDescription":"FC_DELIVERY (443922107), ORDER CREATED","orderType":"FC_DELIVERY","storeId":"32144","orderNumber":null,"eligiblePaths":["subsallowed"],"inEligiblePaths":[],"offerId":"5839282B02F0454CAB41F1313484737C","_id":"6352f4afba71e839c00ea04f","__v":0,"createdAt":"2022-10-21T19:36:15.305Z","updatedAt":"2023-06-05T01:42:11.462Z","price":{"currencyAmount":21.49,"currencyUnit":"USD","unit":"EA"}},{"itemId":"1180510267","astroStatus":"SUCCESS","astroDescription":"FC_DELIVERY (1180510267), ORDER CREATED","orderType":"FC_DELIVERY","storeId":"32144","orderNumber":null,"eligiblePaths":[],"inEligiblePaths":[],"offerId":"67E7713124C44B97B43C18A012B8D24D","_id":"6352f4afd30e002434082bd2","__v":0,"createdAt":"2022-10-21T19:36:15.671Z","updatedAt":"2023-06-05T01:42:12.241Z","price":{"currencyAmount":7.99,"currencyUnit":"USD","unit":"EA"}},{"itemId":"553478431","astroStatus":"SUCCESS","astroDescription":"FC_DELIVERY (553478431), ORDER CREATED","orderType":"FC_DELIVERY","storeId":"32144","orderNumber":null,"eligiblePaths":["rewards","subsallowed"],"inEligiblePaths":[],"offerId":"DAF517CE7A58413C9BB310FBD58E697B","_id":"6352f4afba71e839c00ea051","__v":0,"createdAt":"2022-10-21T19:36:15.686Z","updatedAt":"2023-06-05T01:42:10.673Z","price":{"currencyAmount":3.97,"currencyUnit":"USD","unit":"EA"}},{"itemId":"981898706","astroStatus":"SUCCESS","astroDescription":"FC_DELIVERY (981898706), ORDER CREATED","orderType":"FC_DELIVERY","storeId":"32144","orderNumber":null,"eligiblePaths":["buynow"],"inEligiblePaths":[],"offerId":"B12A394720624A7CB09FC718F8D725F9","_id":"6352f4afca5dde2ee4d1b250","__v":0,"createdAt":"2022-10-21T19:36:15.881Z","updatedAt":"2023-06-05T01:42:10.359Z","price":{"currencyAmount":211,"currencyUnit":"USD","unit":"EA"}},{"itemId":"171651135","astroStatus":"SUCCESS","astroDescription":"FC_DELIVERY (171651135), ORDER CREATED","orderType":"FC_DELIVERY","storeId":"32144","orderNumber":null,"eligiblePaths":[],"inEligiblePaths":[],"offerId":"D2C8C88754D640C9AA1E7CF50D5225D7","_id":"6352f4b0d30e002434082bd3","__v":0,"createdAt":"2022-10-21T19:36:16.043Z","updatedAt":"2023-06-05T01:42:10.229Z","price":{"currencyAmount":1.89,"currencyUnit":"USD","unit":"EA"}},{"itemId":"832701813","astroStatus":"SUCCESS","astroDescription":"FC_DELIVERY (832701813), ORDER CREATED","orderType":"FC_DELIVERY","storeId":"32144","orderNumber":null,"eligiblePaths":[],"inEligiblePaths":[],"offerId":"7EE15210F990430B87B9E581EF0EE853","_id":"6352f4b01578f257acaa40e5","__v":0,"createdAt":"2022-10-21T19:36:16.338Z","updatedAt":"2023-06-05T01:42:10.146Z","price":{"currencyAmount":4.98,"currencyUnit":"USD","unit":"EA"}}]}'
2023-06-04 18:44:48.499 [DEBUG] [thread-id 1] - conditionally execute a flow. condition: false
2023-06-04 18:44:49.170 [DEBUG] [thread-id 1] - SUCCESSFUL item fetched from astro API.
2023-06-04 18:44:49.862 [DEBUG] [thread-id 1] - loop: over '[{"itemId":"1168705544","astroStatus":"SUCCESS","astroDescription":"FC_DELIVERY (1168705544), ORDER CREATED","orderType":"FC_DELIVERY","storeId":"32144","orderNumber":null,"eligiblePaths":[],"inEligiblePaths":[],"offerId":"BD41035073924A80A186E58C75AFCED7","_id":"6352f4ae8d5c5e54d46a5c53","__v":0,"createdAt":"2022-10-21T19:36:14.101Z","updatedAt":"2023-06-05T01:42:11.042Z","price":{"currencyAmount":9.98,"currencyUnit":"USD","unit":"EA"}},{"itemId":"1577285523","astroStatus":"SUCCESS","astroDescription":"FC_DELIVERY (1577285523), ORDER CREATED","orderType":"FC_DELIVERY","storeId":"32144","orderNumber":null,"eligiblePaths":[],"inEligiblePaths":[],"offerId":"F987D04F6EE047258EA0D4FC3E39FAE3","_id":"6352f4aeca5dde2ee4d1b24d","__v":0,"createdAt":"2022-10-21T19:36:14.720Z","updatedAt":"2023-06-05T01:42:11.237Z","price":{"currencyAmount":15.99,"currencyUnit":"USD","unit":"EA"}},{"itemId":"443922107","astroStatus":"SUCCESS","astroDescription":"FC_DELIVERY (443922107), ORDER CREATED","orderType":"FC_DELIVERY","storeId":"32144","orderNumber":null,"eligiblePaths":["subsallowed"],"inEligiblePaths":[],"offerId":"5839282B02F0454CAB41F1313484737C","_id":"6352f4afba71e839c00ea04f","__v":0,"createdAt":"2022-10-21T19:36:15.305Z","updatedAt":"2023-06-05T01:42:11.462Z","price":{"currencyAmount":21.49,"currencyUnit":"USD","unit":"EA"}},{"itemId":"1180510267","astroStatus":"SUCCESS","astroDescription":"FC_DELIVERY (1180510267), ORDER CREATED","orderType":"FC_DELIVERY","storeId":"32144","orderNumber":null,"eligiblePaths":[],"inEligiblePaths":[],"offerId":"67E7713124C44B97B43C18A012B8D24D","_id":"6352f4afd30e002434082bd2","__v":0,"createdAt":"2022-10-21T19:36:15.671Z","updatedAt":"2023-06-05T01:42:12.241Z","price":{"currencyAmount":7.99,"currencyUnit":"USD","unit":"EA"}},{"itemId":"553478431","astroStatus":"SUCCESS","astroDescription":"FC_DELIVERY (553478431), ORDER CREATED","orderType":"FC_DELIVERY","storeId":"32144","orderNumber":null,"eligiblePaths":["rewards","subsallowed"],"inEligiblePaths":[],"offerId":"DAF517CE7A58413C9BB310FBD58E697B","_id":"6352f4afba71e839c00ea051","__v":0,"createdAt":"2022-10-21T19:36:15.686Z","updatedAt":"2023-06-05T01:42:10.673Z","price":{"currencyAmount":3.97,"currencyUnit":"USD","unit":"EA"}},{"itemId":"981898706","astroStatus":"SUCCESS","astroDescription":"FC_DELIVERY (981898706), ORDER CREATED","orderType":"FC_DELIVERY","storeId":"32144","orderNumber":null,"eligiblePaths":["buynow"],"inEligiblePaths":[],"offerId":"B12A394720624A7CB09FC718F8D725F9","_id":"6352f4afca5dde2ee4d1b250","__v":0,"createdAt":"2022-10-21T19:36:15.881Z","updatedAt":"2023-06-05T01:42:10.359Z","price":{"currencyAmount":211,"currencyUnit":"USD","unit":"EA"}},{"itemId":"171651135","astroStatus":"SUCCESS","astroDescription":"FC_DELIVERY (171651135), ORDER CREATED","orderType":"FC_DELIVERY","storeId":"32144","orderNumber":null,"eligiblePaths":[],"inEligiblePaths":[],"offerId":"D2C8C88754D640C9AA1E7CF50D5225D7","_id":"6352f4b0d30e002434082bd3","__v":0,"createdAt":"2022-10-21T19:36:16.043Z","updatedAt":"2023-06-05T01:42:10.229Z","price":{"currencyAmount":1.89,"currencyUnit":"USD","unit":"EA"}},{"itemId":"832701813","astroStatus":"SUCCESS","astroDescription":"FC_DELIVERY (832701813), ORDER CREATED","orderType":"FC_DELIVERY","storeId":"32144","orderNumber":null,"eligiblePaths":[],"inEligiblePaths":[],"offerId":"7EE15210F990430B87B9E581EF0EE853","_id":"6352f4b01578f257acaa40e5","__v":0,"createdAt":"2022-10-21T19:36:16.338Z","updatedAt":"2023-06-05T01:42:10.146Z","price":{"currencyAmount":4.98,"currencyUnit":"USD","unit":"EA"}}]'
2023-06-04 18:44:50.539 [DEBUG] [thread-id 1] - Store in: store the value 'null' in the variable 'itemDetails'
2023-06-04 18:44:51.236 [DEBUG] [thread-id 1] - {"itemId":"1168705544","astroStatus":"SUCCESS","astroDescription":"FC_DELIVERY (1168705544), ORDER CREATED","orderType":"FC_DELIVERY","storeId":"32144","orderNumber":null,"eligiblePaths":[],"inEligiblePaths":[],"offerId":"BD41035073924A80A186E58C75AFCED7","_id":"6352f4ae8d5c5e54d46a5c53","__v":0,"createdAt":"2022-10-21T19:36:14.101Z","updatedAt":"2023-06-05T01:42:11.042Z","price":{"currencyAmount":9.98,"currencyUnit":"USD","unit":"EA"}}
2023-06-04 18:44:51.945 [DEBUG] [thread-id 1] - Store in: store the value '1168705544' in the variable 'itemFetched'
2023-06-04 18:44:52.615 [DEBUG] [thread-id 1] - Store in: store the value 'SUCCESS' in the variable 'itemStatus'
2023-06-04 18:44:53.290 [WARN] [thread-id 1] - variable healthCheck was used, but r2 could not find a value for this variable. returning default of null
2023-06-04 18:44:53.990 [DEBUG] [thread-id 1] - conditionally execute a flow. condition: true
2023-06-04 18:44:54.665 [DEBUG] [thread-id 1] - Execute Node: 'us/test/helpers/splitNumberString.js'
2023-06-04 18:44:55.780 [DEBUG] [thread-id 1] - 1168705544
2023-06-04 18:44:56.523 [WARN] [thread-id 1] - variable skipForNext was used, but r2 could not find a value for this variable. returning default of null
2023-06-04 18:44:57.254 [WARN] [thread-id 1] - variable excludeFetchedItem was used, but r2 could not find a value for this variable. returning default of null
2023-06-04 18:44:57.256 [DEBUG] [thread-id 1] - conditionally execute a flow. condition: false
2023-06-04 18:44:57.936 [DEBUG] [thread-id 1] - Executing function: 'us.functions.utils.itemHealthCheck'
2023-06-04 18:44:57.939 [DEBUG] [thread-id 1] - Checking item eligibility before proceeding
2023-06-04 18:44:57.940 [DEBUG] [thread-id 1] - Store in: store the value 'false' in the variable 'itemEligiblity'
2023-06-04 18:44:57.941 [DEBUG] [thread-id 1] - Store in: store the value 'false' in the variable 'ignoreItem'
2023-06-04 18:44:57.948 [DEBUG] [thread-id 1] - loop: over '["859271090", "596634660","158353031", "945213102", "981898706", "980623310", "858406964", "131979272", "669597065","591794662","113749870","466215216","751343660","826631822","443922107","458934184","137057728","10801611"]'
2023-06-04 18:45:10.622 [DEBUG] [thread-id 1] - conditionally execute a flow. condition: false
2023-06-04 18:45:11.327 [DEBUG] [thread-id 1] - conditionally execute a flow. condition: true
2023-06-04 18:45:12.764 [DEBUG] [thread-id 1] - Call API: 'http://astro.walmart.com/api/v2/teflon/itemHealthCheck?shippingNode=32144&orderType=FC_DELIVERY&itemId=1168705544'
2023-06-04 18:45:21.031 [DEBUG] [thread-id 1] - Response code is: '200'. Response body is: '{"status":"OK","offerId":"BD41035073924A80A186E58C75AFCED7","eligibility":{"orderType":"FC_DELIVERY","shipNode":"32144","preferredDeliveryRoute":{"nodeType":"FC","shipNode":"2379","carrierType":"GROUND","xmlCarrierMethodCode":"67"},"isEligible":true}}'
2023-06-04 18:45:21.923 [DEBUG] [thread-id 1] - conditionally execute a flow. condition: true
2023-06-04 18:45:23.356 [DEBUG] [thread-id 1] - Stock available Item Id 1168705544 for type FC_DELIVERY
2023-06-04 18:45:24.047 [WARN] [thread-id 1] - variable fetchedItemDataDetails was used, but r2 could not find a value for this variable. returning default of null
2023-06-04 18:45:24.048 [DEBUG] [thread-id 1] - Execute Node: 'us/test/helpers/jsonParser.js'
2023-06-04 18:45:25.081 [DEBUG] [thread-id 1] - Store in: store the value 'false' in the variable 'skipForNext'
2023-06-04 18:45:25.777 [DEBUG] [thread-id 1] - Store in: store the value 'false' in the variable 'excludeFetchedItem'
2023-06-04 18:45:25.798 [DEBUG] [thread-id 1] - Store in: store the value 'null' in the variable 'storeId'
2023-06-04 18:45:25.799 [DEBUG] [thread-id 1] - Store in: store the value 'null' in the variable 'itemStatusHeader'
2023-06-04 18:45:25.799 [DEBUG] [thread-id 1] - Store in: store the value 'false' in the variable 'healthCheck'
2023-06-04 18:45:25.800 [DEBUG] [thread-id 1] - Store in: store the value 'null' in the variable 'version'
2023-06-04 18:45:25.802 [DEBUG] [thread-id 1] - Store in: store the value 'null' in the variable 'itemFilter'
2023-06-04 18:45:25.803 [DEBUG] [thread-id 1] - Store in: store the value 'false' in the variable 'noSubSet'
2023-06-04 18:45:25.830 [DEBUG] [thread-id 1] - Store in: store the value 'null' in the variable 'backupItem'
2023-06-04 18:45:25.832 [DEBUG] [thread-id 1] - Store in: store the value 'null' in the variable 'source'
2023-06-04 18:45:25.835 [DEBUG] [thread-id 1] - Store in: store the value 'walmart://item/1168705544' in the variable 'deeplinkURl'
2023-06-04 18:45:25.836 [DEBUG] [thread-id 1] - Item:1168705544
2023-06-04 18:45:25.837 [DEBUG] [thread-id 1] - deeplinkURL:walmart://item/1168705544
2023-06-04 18:45:25.838 [DEBUG] [thread-id 1] - Executing function: 'us.functions.global.navigation.goToDeepLink'
2023-06-04 18:45:25.839 [DEBUG] [thread-id 1] - Verify value of: '$deepLinkUrl'
2023-06-04 18:45:25.839 [DEBUG] [thread-id 1] - Open link: 'walmart://item/1168705544'
2023-06-04 18:45:37.367 [DEBUG] [thread-id 1] - Store in: store the value 'false' in the variable 'errorRemoved'
2023-06-04 18:45:37.369 [DEBUG] [thread-id 1] - sleep:  10000 milliseconds
2023-06-04 18:45:47.372 [DEBUG] [thread-id 1] - loop: from 0 to 3
2023-06-04 18:45:48.854 [DEBUG] [thread-id 1] - 0
2023-06-04 18:46:02.641 [DEBUG] [thread-id 1] - conditionally execute a flow. condition: false
2023-06-04 18:46:04.047 [DEBUG] [thread-id 1] - Store in: store the value 'true' in the variable 'errorRemoved'
2023-06-04 18:46:05.562 [DEBUG] [thread-id 1] - No Technical Error Pop up observed
2023-06-04 18:46:07.020 [DEBUG] [thread-id 1] - Executing function: 'us.functions.item.addItemToCart'
2023-06-04 18:46:08.418 [DEBUG] [thread-id 1] - sleep:  2000 milliseconds
2023-06-04 18:46:16.602 [DEBUG] [thread-id 1] - Item wasn't Added initially, continuing with scenario
2023-06-04 18:46:17.417 [DEBUG] [thread-id 1] - conditionally execute a flow. condition: true
2023-06-04 18:46:18.816 [DEBUG] [thread-id 1] - ATC button present
2023-06-04 18:46:19.761 [DEBUG] [thread-id 1] - Click element: '(//XCUIElementTypeButton[@name="stepper.mainButton"])[1] | //XCUIElementTypeOther[@name="stepper.addToCartButton"] | (//XCUIElementTypeOther[contains(@name,"GlassStepperView.inner")]) | //XCUIElementTypeButton[@name="stepper.mainButton"]'
2023-06-04 18:46:20.241 [DEBUG] [thread-id 1] - sleep:  3000 milliseconds
2023-06-04 18:46:33.807 [DEBUG] [thread-id 1] - conditionally execute a flow. condition: true
2023-06-04 18:46:58.477 [DEBUG] [thread-id 1] - conditionally execute a flow. condition: false
2023-06-04 18:46:59.935 [DEBUG] [thread-id 1] - sleep:  5000 milliseconds
2023-06-04 18:47:16.912 [DEBUG] [thread-id 1] - sleep:  1000 milliseconds
2023-06-04 18:47:19.501 [WARN] [thread-id 1] - variable qty was used, but r2 could not find a value for this variable. returning default of null
2023-06-04 18:47:19.502 [WARN] [thread-id 1] - variable qty was used, but r2 could not find a value for this variable. returning default of null
2023-06-04 18:47:20.359 [DEBUG] [thread-id 1] - Verify identifier: {//XCUIElementTypeStaticText[@name="1 added"]| //XCUIElementTypeOther[@name="add-to-cart-button"] | //XCUIElementTypeStaticText[@label="null"] | Max 1=[true]}
2023-06-04 18:47:34.055 [DEBUG] [thread-id 1] - conditionally execute a flow. condition: true
2023-06-04 18:47:38.906 [DEBUG] [thread-id 1] - Click element: 'ItemDetailsViewController_itemDetailCloseButton'
2023-06-04 18:47:41.394 [DEBUG] [thread-id 1] - Verify identifier: {TitleView_productTitle=[true]}
2023-06-04 18:47:41.395 [DEBUG] [thread-id 1] - sleep:  3000 milliseconds
2023-06-04 18:47:44.400 [DEBUG] [thread-id 1] - Verify identifier: {Your cart is empty=[true]}
2023-06-04 18:47:44.401 [DEBUG] [thread-id 1] - Store in: store the value 'false' in the variable 'closeButtonNotDisplayed'
2023-06-04 18:47:44.448 [DEBUG] [thread-id 1] - Store in: store the value 'false' in the variable 'skipPostAddToCartSteps'
2023-06-04 18:47:44.448 [DEBUG] [thread-id 1] - Store in: store the value 'false' in the variable 'apiFetch'
2023-06-04 18:47:44.481 [DEBUG] [thread-id 1] - Executing function: 'us.functions.global.navigation.toCartFromNavBar'
2023-06-04 18:47:44.926 [DEBUG] [thread-id 1] - Verify identifier: {//XCUIElementTypeNavigationBar[@name="Shop"]/XCUIElementTypeButton | //XCUIElementTypeButton[contains(@label, "Your cart")] | //XCUIElementTypeButton[(@name="SearchResultsViewController.cartButton") or (contains(@label,"Your cart contains") and contains(@label,"The estimated total is")) or (@label="Your cart is empty")]=[true]}
2023-06-04 18:47:45.372 [DEBUG] [thread-id 1] - Click element: '//XCUIElementTypeNavigationBar[@name="Shop"]/XCUIElementTypeButton | //XCUIElementTypeButton[contains(@label, "Your cart")] | //XCUIElementTypeButton[(@name="SearchResultsViewController.cartButton") or (contains(@label,"Your cart contains") and contains(@label,"The estimated total is")) or (@label="Your cart is empty")]'
2023-06-04 18:47:47.687 [DEBUG] [thread-id 1] - Verify identifier: {Cart=[true]}
2023-06-04 18:47:47.687 [DEBUG] [thread-id 1] - Executing function: 'us.functions.utils.handleTechnicalErrorPageInCart'
2023-06-04 18:47:47.687 [DEBUG] [thread-id 1] - sleep:  15000 milliseconds
2023-06-04 18:48:02.691 [DEBUG] [thread-id 1] - Store in: store the value 'false' in the variable 'cartPageLoaded'
2023-06-04 18:48:02.700 [DEBUG] [thread-id 1] - loop: from 0 to 7
2023-06-04 18:48:04.777 [DEBUG] [thread-id 1] - 0
2023-06-04 18:48:07.189 [DEBUG] [thread-id 1] - conditionally execute a flow. condition: true
2023-06-04 18:48:09.886 [DEBUG] [thread-id 1] - conditionally execute a flow. condition: true
2023-06-04 18:48:11.662 [DEBUG] [thread-id 1] - Store in: store the value 'true' in the variable 'cartPageLoaded'
2023-06-04 18:48:24.982 [DEBUG] [thread-id 1] - conditionally execute a flow. condition: false
2023-06-04 18:48:27.973 [DEBUG] [thread-id 1] - conditionally execute a flow. condition: true
2023-06-04 18:48:29.581 [DEBUG] [thread-id 1] - Store in: store the value 'true' in the variable 'cartPageLoaded'
2023-06-04 18:48:31.324 [DEBUG] [thread-id 1] - conditionally execute a flow. condition: false
2023-06-04 18:48:32.910 [DEBUG] [thread-id 1] - conditionally execute a flow. condition: true
2023-06-04 18:48:34.643 [DEBUG] [thread-id 1] - Cart page loaded successfully
2023-06-04 18:48:34.760 [DEBUG] [thread-id 1] - Executing function: 'us.functions.cart.inhome.validation'
2023-06-04 18:48:34.761 [DEBUG] [thread-id 1] - Executing function: 'us.functions.loadBookingSlotScreen'
2023-06-04 18:48:34.761 [DEBUG] [thread-id 1] - ------ Loading booking slot screen ------
2023-06-04 18:48:34.766 [DEBUG] [thread-id 1] - conditionally execute a flow. condition: false
2023-06-04 18:48:36.411 [DEBUG] [thread-id 1] - conditionally execute a flow. condition: true
2023-06-04 18:48:38.073 [DEBUG] [thread-id 1] - ------ Loading booking slot screen from cart page ------
2023-06-04 18:48:39.726 [DEBUG] [thread-id 1] - Executing function: 'us.functions.cart.scrollToTopOfCart'
2023-06-04 18:48:39.731 [DEBUG] [thread-id 1] - -------Scroll to top of cart page function start-------
2023-06-04 18:48:39.734 [DEBUG] [thread-id 1] - Scrolling to top of cart page
2023-06-04 18:48:39.734 [DEBUG] [thread-id 1] - sleep:  5000 milliseconds
2023-06-04 18:48:44.753 [DEBUG] [thread-id 1] - Verify identifier: {Cart=[true]}
2023-06-04 18:48:56.141 [DEBUG] [thread-id 1] - conditionally execute a flow. condition: false
2023-06-04 18:48:57.807 [DEBUG] [thread-id 1] - Executing function: 'us.functions.utils.scrollIfNotVisible'
2023-06-04 18:49:00.636 [DEBUG] [thread-id 1] - Verify identifier: {//XCUIElementTypeOther[@name="CartDetailsViewController.stackView"]/XCUIElementTypeOther[not(contains(@name, "cartAlertContainer"))][1]//*[@name="FulfillmentSummaryView.titlePrefixLabel"] | //XCUIElementTypeOther[@name="CartDetailsViewController.stackView"]/XCUIElementTypeOther[not(contains(@name, "cartAlertContainer"))][1]//*[@name="CartFulfillmentSwitchingBannerView.headerLabel"] | //XCUIElementTypeOther[@name="CartCardViewController.containerStackView"]/XCUIElementTypeOther[not(contains(@name, "cartAlertContainer"))][1]//*[@name="FulfillmentSummaryView.titlePrefixLabel"]=[true]}
2023-06-04 18:49:02.285 [DEBUG] [thread-id 1] - Element already visible, scrolling is skipped
2023-06-04 18:49:02.319 [DEBUG] [thread-id 1] - Resetting scrollPosition variable to default
2023-06-04 18:49:02.320 [DEBUG] [thread-id 1] - Store in: store the value 'null' in the variable 'scrollPosition'
2023-06-04 18:49:02.320 [DEBUG] [thread-id 1] - Store in: store the value 'null' in the variable 'identifierScope'
2023-06-04 18:49:02.328 [DEBUG] [thread-id 1] - -------Scroll to top of cart page function end-------
2023-06-04 18:49:03.929 [DEBUG] [thread-id 1] - Executing function: 'us.functions.utils.scrollIfNotVisible'
2023-06-04 18:49:06.584 [DEBUG] [thread-id 1] - Verify identifier: {//XCUIElementTypeStaticText[@name="Reserve a time"] | //XCUIElementTypeStaticText[@name="Change"] | //XCUIElementTypeStaticText[@name="Change store"]=[true]}
2023-06-04 18:49:08.254 [DEBUG] [thread-id 1] - Element already visible, scrolling is skipped
2023-06-04 18:49:08.293 [DEBUG] [thread-id 1] - Resetting scrollPosition variable to default
2023-06-04 18:49:08.294 [DEBUG] [thread-id 1] - Store in: store the value 'null' in the variable 'scrollPosition'
2023-06-04 18:49:08.294 [DEBUG] [thread-id 1] - Store in: store the value 'null' in the variable 'identifierScope'
2023-06-04 18:49:10.814 [DEBUG] [thread-id 1] - Verify identifier: {//XCUIElementTypeStaticText[@name="Reserve a time"] | //XCUIElementTypeStaticText[@name="Change"] | //XCUIElementTypeStaticText[@name="Change store"]=[true]}
2023-06-04 18:49:13.308 [DEBUG] [thread-id 1] - Click element: '//XCUIElementTypeStaticText[@name="Reserve a time"] | //XCUIElementTypeStaticText[@name="Change"] | //XCUIElementTypeStaticText[@name="Change store"]'
2023-06-04 18:49:13.920 [WARN] [thread-id 1] - variable signInRequired was used, but r2 could not find a value for this variable. returning default of null
2023-06-04 18:49:13.923 [DEBUG] [thread-id 1] - Executing function: 'us.functions.utils.handleTechnicalErrorPopup'
2023-06-04 18:49:13.924 [DEBUG] [thread-id 1] - Store in: store the value 'false' in the variable 'errorRemoved'
2023-06-04 18:49:13.924 [DEBUG] [thread-id 1] - sleep:  10000 milliseconds
2023-06-04 18:49:23.926 [DEBUG] [thread-id 1] - loop: from 0 to 3
2023-06-04 18:49:26.652 [DEBUG] [thread-id 1] - 0
2023-06-04 18:49:41.872 [DEBUG] [thread-id 1] - conditionally execute a flow. condition: false
2023-06-04 18:49:44.257 [DEBUG] [thread-id 1] - Store in: store the value 'true' in the variable 'errorRemoved'
2023-06-04 18:49:46.699 [DEBUG] [thread-id 1] - No Technical Error Pop up observed
2023-06-04 18:50:00.995 [WARN] [thread-id 1] - variable skipSlotPage was used, but r2 could not find a value for this variable. returning default of null
2023-06-04 18:50:00.997 [DEBUG] [thread-id 1] - conditionally execute a flow. condition: false
2023-06-04 18:50:03.391 [DEBUG] [thread-id 1] - ------ Loading booking slot screen completed ------
2023-06-04 18:50:05.920 [DEBUG] [thread-id 1] - ------ Loading required tab ------
2023-06-04 18:50:10.819 [DEBUG] [thread-id 1] - conditionally execute a flow. condition: true
2023-06-04 18:50:13.298 [DEBUG] [thread-id 1] - ------ Loading Delivery tab ------
2023-06-04 18:50:28.234 [DEBUG] [thread-id 1] - conditionally execute a flow. condition: false
2023-06-04 18:50:30.668 [DEBUG] [thread-id 1] - Executing function: 'us.functions.selectTabForSlotBooking'
2023-06-04 18:50:30.668 [DEBUG] [thread-id 1] - Executing function: 'us.functions.verifySlotPageIsLoaded'
2023-06-04 18:50:33.103 [DEBUG] [thread-id 1] - Verify identifier: {SlotHoursViewController.tableView=[true]}
2023-06-04 18:50:35.568 [DEBUG] [thread-id 1] - Book slot page loaded
2023-06-04 18:50:35.598 [DEBUG] [thread-id 1] - conditionally execute a flow. condition: false
2023-06-04 18:50:50.080 [DEBUG] [thread-id 1] - conditionally execute a flow. condition: false
2023-06-04 18:50:52.952 [DEBUG] [thread-id 1] - Click element: 'Delivery from store'
2023-06-04 18:51:05.074 [DEBUG] [thread-id 1] - Executing function: 'us.functions.utils.handleTechnicalErrorPopup'
2023-06-04 18:51:05.076 [DEBUG] [thread-id 1] - Store in: store the value 'false' in the variable 'errorRemoved'
2023-06-04 18:51:05.077 [DEBUG] [thread-id 1] - sleep:  10000 milliseconds
2023-06-04 18:51:15.083 [DEBUG] [thread-id 1] - loop: from 0 to 3
2023-06-04 18:51:17.539 [DEBUG] [thread-id 1] - 0
2023-06-04 18:51:33.238 [DEBUG] [thread-id 1] - conditionally execute a flow. condition: false
2023-06-04 18:51:35.733 [DEBUG] [thread-id 1] - Store in: store the value 'true' in the variable 'errorRemoved'
2023-06-04 18:51:38.308 [DEBUG] [thread-id 1] - No Technical Error Pop up observed
2023-06-04 18:51:45.846 [DEBUG] [thread-id 1] - ------ Loading required tab completed ------
2023-06-04 18:51:48.305 [DEBUG] [thread-id 1] - conditionally execute a flow. condition: true
2023-06-04 18:51:50.766 [DEBUG] [thread-id 1] - New address is to be added
2023-06-04 18:51:53.297 [WARN] [thread-id 1] - variable addressAdded was used, but r2 could not find a value for this variable. returning default of null
2023-06-04 18:51:53.298 [DEBUG] [thread-id 1] - conditionally execute a flow. condition: false
2023-06-04 18:51:55.790 [DEBUG] [thread-id 1] - ------ Adding address ------
2023-06-04 18:52:08.573 [DEBUG] [thread-id 1] - conditionally execute a flow. condition: false
2023-06-04 18:52:11.097 [DEBUG] [thread-id 1] - Changing address
2023-06-04 18:52:14.065 [DEBUG] [thread-id 1] - Click element: 'FulfillmentDetailView.changeButton'
2023-06-04 18:52:23.429 [DEBUG] [thread-id 1] - conditionally execute a flow. condition: true
2023-06-04 18:52:26.145 [DEBUG] [thread-id 1] - conditionally execute a flow. condition: true
2023-06-04 18:52:28.866 [DEBUG] [thread-id 1] - Adding existing address
2023-06-04 18:52:33.305 [DEBUG] [thread-id 1] - Click element: '//XCUIElementTypeStaticText[@name="Edit"]//ancestor::XCUIElementTypeCell//XCUIElementTypeButton[@name="AddressSelectTableViewCell.itemStackView"]'
2023-06-04 18:52:38.450 [DEBUG] [thread-id 1] - Click element: '//XCUIElementTypeButton[contains(@label,"Continue")] | //XCUIElementTypeButton[contains(@label, "Save")]'
2023-06-04 18:52:41.522 [DEBUG] [thread-id 1] - sleep:  10000 milliseconds
2023-06-04 18:52:54.325 [DEBUG] [thread-id 1] - Store in: store the value 'true' in the variable 'addressAdded'
2023-06-04 18:52:56.949 [DEBUG] [thread-id 1] - conditionally execute a flow. condition: true
2023-06-04 18:52:59.548 [DEBUG] [thread-id 1] - Address already added
2023-06-04 18:53:02.220 [DEBUG] [thread-id 1] - Executing function: 'us.functions.utils.handleTechnicalErrorPopup'
2023-06-04 18:53:02.221 [DEBUG] [thread-id 1] - Store in: store the value 'false' in the variable 'errorRemoved'
2023-06-04 18:53:02.221 [DEBUG] [thread-id 1] - sleep:  10000 milliseconds
2023-06-04 18:53:12.227 [DEBUG] [thread-id 1] - loop: from 0 to 3
2023-06-04 18:53:14.686 [DEBUG] [thread-id 1] - 0
2023-06-04 18:53:30.225 [DEBUG] [thread-id 1] - conditionally execute a flow. condition: false
2023-06-04 18:53:32.646 [DEBUG] [thread-id 1] - Store in: store the value 'true' in the variable 'errorRemoved'
2023-06-04 18:53:35.121 [DEBUG] [thread-id 1] - No Technical Error Pop up observed
2023-06-04 18:53:40.194 [DEBUG] [thread-id 1] - Store in: store the value 'true' in the variable 'addressAdded'
2023-06-04 18:53:40.249 [DEBUG] [thread-id 1] - Executing function: 'us.functions.selectDayForSlotDisplay'
2023-06-04 18:53:40.253 [DEBUG] [thread-id 1] - sleep:  3000 milliseconds
2023-06-04 18:53:56.266 [DEBUG] [thread-id 1] - Executing function: 'us.functions.daySlotInitialSetUp'
2023-06-04 18:53:56.271 [DEBUG] [thread-id 1] - Identifying day for slot selection
2023-06-04 18:53:56.278 [DEBUG] [thread-id 1] - conditionally execute a flow. condition: false
2023-06-04 18:53:58.693 [DEBUG] [thread-id 1] - conditionally execute a flow. condition: true
2023-06-04 18:54:01.161 [DEBUG] [thread-id 1] - Store in: store the value '2' in the variable 'slotDayIndex'
2023-06-04 18:54:03.687 [DEBUG] [thread-id 1] - Store in: store the value '3' in the variable 'slotDayIndexAlt'
2023-06-04 18:54:03.712 [DEBUG] [thread-id 1] - conditionally execute a flow. condition: false
2023-06-04 18:54:24.166 [DEBUG] [thread-id 1] - Click element: '//XCUIElementTypeButton[@name="DaySelectionCollectionCell.circleView" and (contains(@label,"Today") or contains(@label,"today"))]//ancestor::XCUIElementTypeCell/following-sibling::XCUIElementTypeCell[2] | //XCUIElementTypeCollectionView[@name="DaySelectionViewController.collectionView"]/XCUIElementTypeCell[3]'
2023-06-04 18:54:27.939 [DEBUG] [thread-id 1] - Executing function: 'us.functions.checkSlotAvailability'
2023-06-04 18:54:27.940 [DEBUG] [thread-id 1] - loop: from 1 to 3
2023-06-04 18:54:36.440 [DEBUG] [thread-id 1] - Verify identifier: {//XCUIElementTypeTable[@name="SlotHoursViewController.tableView"]/XCUIElementTypeCell/XCUIElementTypeButton[@name="SlotHoursCell.slotHoursView"]=[true]}
2023-06-04 18:54:38.930 [DEBUG] [thread-id 1] - Slots are available on the selected day
2023-06-04 18:54:41.500 [DEBUG] [thread-id 1] - ------ Slot day selection completed ------
2023-06-04 18:54:43.972 [DEBUG] [thread-id 1] - Verify identifier: {InHome delivery 9am to 1pm,  $0 (tip-free)=[true]}
2023-06-04 18:54:45.182 [DEBUG] [thread-id 1] - conditionally execute a flow. condition: true
2023-06-04 18:54:47.590 [DEBUG] [thread-id 1] - 9 to 1 pm slot available
2023-06-04 18:54:51.261 [DEBUG] [thread-id 1] - Verify identifier: {//XCUIElementTypeButton[contains(@label, "9am to 1pm")]=[true]}
2023-06-04 18:54:54.958 [DEBUG] [thread-id 1] - Click element: '//XCUIElementTypeButton[contains(@label, "9am to 1pm")]'
2023-06-04 18:54:55.657 [DEBUG] [thread-id 1] - sleep:  3000 milliseconds
2023-06-04 18:55:00.198 [DEBUG] [thread-id 1] - Click element: '//XCUIElementTypeButton[@name="ReserveSlotView.saveButton"]'
2023-06-04 18:55:00.887 [DEBUG] [thread-id 1] - sleep:  10000 milliseconds
2023-06-04 18:55:11.760 [DEBUG] [thread-id 1] - Verify identifier: {//XCUIElementTypeStaticText[contains(@label,"InHome")]=[true]}
2023-06-04 18:55:11.762 [DEBUG] [thread-id 1] - Executing function: 'us.functions.cart.verifyCardDetails'
2023-06-04 18:55:11.766 [DEBUG] [thread-id 1] - Executing function: 'us.functions.utils.getFulfillmentTextsToCompare'
2023-06-04 18:55:11.771 [WARN] [thread-id 1] - variable altFulfillmentText was used, but r2 could not find a value for this variable. returning default of null
2023-06-04 18:55:11.776 [DEBUG] [thread-id 1] - conditionally execute a flow. condition: true
2023-06-04 18:55:13.249 [DEBUG] [thread-id 1] - conditionally execute a flow. condition: false
2023-06-04 18:55:14.714 [DEBUG] [thread-id 1] - conditionally execute a flow. condition: false
2023-06-04 18:55:16.173 [DEBUG] [thread-id 1] - conditionally execute a flow. condition: true
2023-06-04 18:55:17.678 [DEBUG] [thread-id 1] - Store in: store the value 'delivery' in the variable 'altFulfillmentText'
2023-06-04 18:55:17.785 [DEBUG] [thread-id 1] - -------Validate Delivery cart details function start-------
2023-06-04 18:55:17.787 [WARN] [thread-id 1] - variable initialCartDataSetup was used, but r2 could not find a value for this variable. returning default of null
2023-06-04 18:55:17.792 [DEBUG] [thread-id 1] - conditionally execute a flow. condition: true
2023-06-04 18:55:19.271 [DEBUG] [thread-id 1] - sleep:  5000 milliseconds
2023-06-04 18:55:25.960 [DEBUG] [thread-id 1] - conditionally execute a flow. condition: true
2023-06-04 18:55:27.434 [DEBUG] [thread-id 1] - Cart page displayed
2023-06-04 18:55:28.950 [WARN] [thread-id 1] - variable validationScope was used, but r2 could not find a value for this variable. returning default of null
2023-06-04 18:55:30.429 [DEBUG] [thread-id 1] - Store in: store the value 'complete' in the variable 'initialCartDataSetup'
2023-06-04 18:55:32.922 [DEBUG] [thread-id 1] - Verify identifier: {//XCUIElementTypeStaticText[@name="FulfillmentSummaryView.titlePrefixLabel" and (contains(@label,"Delivery") or contains(@label,"delivery"))]=[true]}
2023-06-04 18:55:32.976 [WARN] [thread-id 1] - variable validationScope was used, but r2 could not find a value for this variable. returning default of null
2023-06-04 18:55:32.979 [DEBUG] [thread-id 1] - conditionally execute a flow. condition: false
2023-06-04 18:55:34.443 [DEBUG] [thread-id 1] - Basic Delivery fulfillment section validation done
2023-06-04 18:55:34.463 [WARN] [thread-id 1] - variable unscheduled was used, but r2 could not find a value for this variable. returning default of null
2023-06-04 18:55:34.467 [WARN] [thread-id 1] - variable partialCheckout was used, but r2 could not find a value for this variable. returning default of null
2023-06-04 18:55:34.470 [DEBUG] [thread-id 1] - Store in: store the value 'null' in the variable 'altFulfillmentText'
2023-06-04 18:55:34.474 [DEBUG] [thread-id 1] - Store in: store the value 'null' in the variable 'validationScope'
2023-06-04 18:55:34.476 [DEBUG] [thread-id 1] - Store in: store the value 'false' in the variable 'unscheduled'
2023-06-04 18:55:34.478 [DEBUG] [thread-id 1] - Store in: store the value 'false' in the variable 'partialCheckout'
2023-06-04 18:55:34.479 [DEBUG] [thread-id 1] - -------Validate Delivery cart details function end-------
2023-06-04 18:55:34.484 [DEBUG] [thread-id 1] - Executing function: 'us.functions.cart.continueToCheckout'
2023-06-04 18:55:35.325 [DEBUG] [thread-id 1] - Verify identifier: {//XCUIElementTypeStaticText[@name="Continue to checkout"] | //XCUIElementTypeStaticText[@name="Checkout all items"]=[true]}
2023-06-04 18:55:43.213 [DEBUG] [thread-id 1] - Click element: '//XCUIElementTypeStaticText[@name="Continue to checkout"] | //XCUIElementTypeStaticText[@name="Checkout all items"]'
2023-06-04 18:55:43.703 [DEBUG] [thread-id 1] - sleep:  3000 milliseconds
2023-06-04 18:55:57.808 [DEBUG] [thread-id 1] - sleep:  5000 milliseconds
2023-06-04 18:56:14.593 [DEBUG] [thread-id 1] - Executing function: 'us.functions.home.closeWPlusPromotionPopUpIfDisplayed'
2023-06-04 18:56:14.594 [DEBUG] [thread-id 1] - sleep:  8000 milliseconds
2023-06-04 18:56:33.387 [DEBUG] [thread-id 1] - conditionally execute a flow. condition: false
2023-06-04 18:56:44.897 [DEBUG] [thread-id 1] - Executing function: 'us.functions.cart.handleItemUpdatesBottomTray'
2023-06-04 18:57:06.730 [DEBUG] [thread-id 1] - Executing function: 'us.functions.utils.handleTechnicalErrorPopup'
2023-06-04 18:57:06.734 [DEBUG] [thread-id 1] - Store in: store the value 'false' in the variable 'errorRemoved'
2023-06-04 18:57:06.734 [DEBUG] [thread-id 1] - sleep:  10000 milliseconds
2023-06-04 18:57:16.743 [DEBUG] [thread-id 1] - loop: from 0 to 3
2023-06-04 18:57:18.079 [DEBUG] [thread-id 1] - 0
2023-06-04 18:57:30.401 [DEBUG] [thread-id 1] - conditionally execute a flow. condition: false
2023-06-04 18:57:31.720 [DEBUG] [thread-id 1] - Store in: store the value 'true' in the variable 'errorRemoved'
2023-06-04 18:57:33.051 [DEBUG] [thread-id 1] - No Technical Error Pop up observed
2023-06-04 18:57:46.724 [DEBUG] [thread-id 1] - conditionally execute a flow. condition: true
2023-06-04 18:57:48.037 [DEBUG] [thread-id 1] - Clicked on Checkout button successfully
2023-06-04 18:57:48.092 [DEBUG] [thread-id 1] - Executing function: 'us.functions.checkout.reviewOrder.verifyCardDetails'
2023-06-04 18:57:48.095 [DEBUG] [thread-id 1] - Executing function: 'us.functions.utils.getFulfillmentTextsToCompare'
2023-06-04 18:57:48.099 [DEBUG] [thread-id 1] - -----------Delivery section validation start-----------
2023-06-04 18:57:48.101 [WARN] [thread-id 1] - variable initialCheckoutDataSetup was used, but r2 could not find a value for this variable. returning default of null
2023-06-04 18:57:48.111 [DEBUG] [thread-id 1] - conditionally execute a flow. condition: true
2023-06-04 18:57:49.402 [DEBUG] [thread-id 1] - sleep:  5000 milliseconds
2023-06-04 18:57:56.870 [DEBUG] [thread-id 1] - conditionally execute a flow. condition: true
2023-06-04 18:57:58.162 [DEBUG] [thread-id 1] - Review order page loaded successfully
2023-06-04 18:57:59.518 [DEBUG] [thread-id 1] - Store in: store the value 'complete' in the variable 'initialCheckoutDataSetup'
2023-06-04 18:57:59.540 [DEBUG] [thread-id 1] - conditionally execute a flow. condition: false
2023-06-04 18:58:00.858 [DEBUG] [thread-id 1] - conditionally execute a flow. condition: false
2023-06-04 18:58:02.189 [DEBUG] [thread-id 1] - conditionally execute a flow. condition: false
2023-06-04 18:58:03.552 [DEBUG] [thread-id 1] - conditionally execute a flow. condition: false
2023-06-04 18:58:04.879 [DEBUG] [thread-id 1] - Store in: store the value 'Delivery' in the variable 'viewType'
2023-06-04 18:58:04.954 [DEBUG] [thread-id 1] - Validating fulfillment section Delivery
2023-06-04 18:58:07.197 [DEBUG] [thread-id 1] - Verify identifier: {//*[(@name="FulfillmentTitleView.titlePrefixLabel" or @name="FulfillmentSummaryView.titlePrefixLabel") and (contains(@label, "Delivery") or contains(@label, "InHome"))] | //*[@name="FulfillmentSummaryView.detailLabel" and contains(@label, "Delivery")]=[true]}
2023-06-04 18:58:07.208 [DEBUG] [thread-id 1] - Validated basic fulfillment details
2023-06-04 18:58:07.210 [DEBUG] [thread-id 1] - conditionally execute a flow. condition: true
2023-06-04 18:58:11.284 [DEBUG] [thread-id 1] - Verify identifier: {//*[(@name="FulfillmentTitleView.titlePrefixLabel" or @name="FulfillmentSummaryView.titlePrefixLabel") and (contains(@label, "Delivery") or contains(@label, "InHome"))]//ancestor::*[@name="DeliveryViewController.titleView" or @name="DeliveryViewController.titleViewHolder"]//following-sibling::*[@name="DeliveryViewController.containerView"]//*[@name="FulfillmentSummaryView.nameLabel"]=[true], //*[(@name="FulfillmentTitleView.titlePrefixLabel" or @name="FulfillmentSummaryView.titlePrefixLabel") and (contains(@label, "Delivery") or contains(@label, "InHome"))]//ancestor::*[@name="DeliveryViewController.titleView" or @name="DeliveryViewController.titleViewHolder"]//following-sibling::*[@name="DeliveryViewController.containerView"]//*[@name="FulfillmentProductGroupView.countLabel"]=[true], //*[(@name="FulfillmentTitleView.titlePrefixLabel" or @name="FulfillmentSummaryView.titlePrefixLabel") and (contains(@label, "Delivery") or contains(@label, "InHome"))]//ancestor::*[@name="DeliveryViewController.titleView" or @name="DeliveryViewController.titleViewHolder"]//following-sibling::*[@name="DeliveryViewController.containerView"]//*[@name="FulfillmentSummaryView.detailLabel"]=[true]}
2023-06-04 18:58:12.664 [DEBUG] [thread-id 1] - Validated fulfillment time, name, address, item count and view link details
2023-06-04 18:58:14.020 [DEBUG] [thread-id 1] - conditionally execute a flow. condition: false
2023-06-04 18:58:15.360 [WARN] [thread-id 1] - variable expressSlot was used, but r2 could not find a value for this variable. returning default of null
2023-06-04 18:58:15.432 [DEBUG] [thread-id 1] - Store in: store the value 'null' in the variable 'altFulfillmentText'
2023-06-04 18:58:15.438 [DEBUG] [thread-id 1] - -----------Delivery section validation end-------------
2023-06-04 18:58:15.441 [DEBUG] [thread-id 1] - Executing function: 'us.functions.reviewOrder.editDeliveryInstructionsInhome'
2023-06-04 18:58:15.442 [DEBUG] [thread-id 1] - Verify identifier: {Add=[true]}
2023-06-04 18:58:18.650 [DEBUG] [thread-id 1] - Click element: 'Add'
2023-06-04 18:58:38.456 [DEBUG] [thread-id 1] - Executing function: 'us.functions.reviewOrder.editDeliveryInstructions'
2023-06-04 18:58:39.817 [DEBUG] [thread-id 1] - Verify identifier: {DeliveryInstructionsView.changeButton.REGULAR=[true]}
2023-06-04 18:58:43.066 [DEBUG] [thread-id 1] - Click element: 'DeliveryInstructionsView.changeButton.REGULAR'
2023-06-04 18:58:49.863 [DEBUG] [thread-id 1] - conditionally execute a flow. condition: true
2023-06-04 18:58:51.484 [DEBUG] [thread-id 1] - conditionally execute a flow. condition: true
2023-06-04 18:58:53.333 [DEBUG] [thread-id 1] - Click element: 'GuidedDeliveryInstructionsVC.clearButton'
2023-06-04 18:58:55.580 [WARN] [thread-id 1] - break reached without loop, this may be an error in your flow.
2023-06-04 18:58:57.146 [DEBUG] [thread-id 1] - Verify identifier: {GuidedDeliveryInstructionsVC.propertyTypeLabel=[true]}
2023-06-04 18:58:59.658 [DEBUG] [thread-id 1] - Click element: '//XCUIElementTypeButton[@name="House"]'
2023-06-04 18:59:01.761 [DEBUG] [thread-id 1] - sleep:  1000 milliseconds
2023-06-04 18:59:05.274 [DEBUG] [thread-id 1] - Verify identifier: {(//XCUIElementTypeTextField[@name="TextFieldStackView.textField"])[2]=[true]}
2023-06-04 18:59:07.755 [DEBUG] [thread-id 1] - Enter text: '19'
2023-06-04 18:59:11.613 [DEBUG] [thread-id 1] - Click element: 'Done'
2023-06-04 18:59:14.135 [DEBUG] [thread-id 1] - sleep:  1000 milliseconds
2023-06-04 18:59:17.645 [DEBUG] [thread-id 1] - Verify identifier: {//XCUIElementTypeTextView[@name="LDTextArea.textView"]=[true]}
2023-06-04 18:59:20.135 [DEBUG] [thread-id 1] - Enter text: 'Adding notes to delivery preferences'
2023-06-04 18:59:26.500 [DEBUG] [thread-id 1] - Click element: 'Done'
2023-06-04 18:59:29.042 [DEBUG] [thread-id 1] - sleep:  2000 milliseconds
2023-06-04 18:59:32.676 [DEBUG] [thread-id 1] - Verify identifier: {GuidedDeliveryInstructionsVC.dropoffLabel=[true]}
2023-06-04 18:59:34.532 [DEBUG] [thread-id 1] - Click element: 'Front door'
2023-06-04 18:59:36.851 [DEBUG] [thread-id 1] - Verify identifier: {GuidedDeliveryInstructionsVC.saveButton=[true]}
2023-06-04 18:59:38.686 [DEBUG] [thread-id 1] - Click element: 'GuidedDeliveryInstructionsVC.saveButton'
2023-06-04 18:59:39.375 [DEBUG] [thread-id 1] - Executing function: 'us.functions.checkout.placeOrder'
2023-06-04 18:59:39.381 [DEBUG] [thread-id 1] - Executing function: 'us.functions.checkout.confirmCvvBeforePlaceOrder'
2023-06-04 18:59:39.383 [DEBUG] [thread-id 1] - Scroll: down
2023-06-04 18:59:56.994 [DEBUG] [thread-id 1] - loop: from 1 to 4
2023-06-04 18:59:58.295 [DEBUG] [thread-id 1] - Place order try count - 1
2023-06-04 18:59:59.631 [DEBUG] [thread-id 1] - Verify identifier: {PlaceOrderView.placeOrderButton=[true]}
2023-06-04 19:00:11.164 [DEBUG] [thread-id 1] - Click element: 'PlaceOrderView.placeOrderButton'
2023-06-04 19:00:13.058 [WARN] [thread-id 1] - variable ebtExists was used, but r2 could not find a value for this variable. returning default of null
2023-06-04 19:00:14.339 [DEBUG] [thread-id 1] - sleep:  15000 milliseconds
2023-06-04 19:00:45.229 [DEBUG] [thread-id 1] - conditionally execute a flow. condition: false
2023-06-04 19:01:00.259 [DEBUG] [thread-id 1] - conditionally execute a flow. condition: false
2023-06-04 19:01:03.351 [DEBUG] [thread-id 1] - Executing function: 'us.functions.orderConfirmation.orderCreationValidation'
2023-06-04 19:01:06.389 [DEBUG] [thread-id 1] - conditionally execute a flow. condition: true
2023-06-04 19:01:09.459 [DEBUG] [thread-id 1] - Order created successfully
2023-06-04 19:01:09.504 [DEBUG] [thread-id 1] - R2_SUBFLOW_POST_TRANSACTION
2023-06-04 19:01:09.505 [DEBUG] [thread-id 1] - Executing function: 'us.functions.orderConfirmation.ratings'
2023-06-04 19:01:09.507 [DEBUG] [thread-id 1] - sleep:  10000 milliseconds
2023-06-04 19:01:20.417 [DEBUG] [thread-id 1] - conditionally execute a flow. condition: true
2023-06-04 19:01:24.621 [DEBUG] [thread-id 1] - Click element: '//XCUIElementTypeButton[@name="Not Now"]'
2023-06-04 19:01:25.181 [DEBUG] [thread-id 1] - Executing function: 'us.functions.orderConfirmation.getOrderNumber'
2023-06-04 19:01:28.357 [DEBUG] [thread-id 1] - get string: from 'OrderNumberViewController.orderNumberLabel' [type='null']
2023-06-04 19:01:28.358 [DEBUG] [thread-id 1] - sleep:  30000 milliseconds
2023-06-04 19:01:58.373 [DEBUG] [thread-id 1] - 100000146163464
2023-06-04 19:01:58.376 [DEBUG] [thread-id 1] - Executing function: 'us.functions.orderConfirmation.verifyCardDetails'
2023-06-04 19:01:58.380 [DEBUG] [thread-id 1] - Executing function: 'us.functions.utils.getFulfillmentTextsToCompare'
2023-06-04 19:01:58.389 [DEBUG] [thread-id 1] - conditionally execute a flow. condition: true
2023-06-04 19:02:00.666 [DEBUG] [thread-id 1] - conditionally execute a flow. condition: false
2023-06-04 19:02:02.838 [DEBUG] [thread-id 1] - conditionally execute a flow. condition: false
2023-06-04 19:02:05.020 [DEBUG] [thread-id 1] - conditionally execute a flow. condition: true
2023-06-04 19:02:07.186 [DEBUG] [thread-id 1] - Store in: store the value 'delivery' in the variable 'altFulfillmentText'
2023-06-04 19:02:07.230 [DEBUG] [thread-id 1] - -----------Delivery section validation start-----------
2023-06-04 19:02:07.236 [WARN] [thread-id 1] - variable OCMainValidated was used, but r2 could not find a value for this variable. returning default of null
2023-06-04 19:02:07.241 [DEBUG] [thread-id 1] - conditionally execute a flow. condition: true
2023-06-04 19:02:09.440 [DEBUG] [thread-id 1] - sleep:  5000 milliseconds
2023-06-04 19:02:16.715 [DEBUG] [thread-id 1] - Verify identifier: {OrderNumberViewController.orderNumberLabel=[true]}
2023-06-04 19:02:18.921 [DEBUG] [thread-id 1] - Store in: store the value 'complete' in the variable 'OCMainValidated'
2023-06-04 19:02:18.935 [DEBUG] [thread-id 1] - conditionally execute a flow. condition: false
2023-06-04 19:02:21.166 [DEBUG] [thread-id 1] - conditionally execute a flow. condition: false
2023-06-04 19:02:23.339 [DEBUG] [thread-id 1] - conditionally execute a flow. condition: false
2023-06-04 19:02:25.493 [DEBUG] [thread-id 1] - conditionally execute a flow. condition: false
2023-06-04 19:02:27.669 [DEBUG] [thread-id 1] - Store in: store the value 'Delivery' in the variable 'viewType'
2023-06-04 19:02:27.707 [DEBUG] [thread-id 1] - Validating fulfillment section Delivery
2023-06-04 19:02:28.586 [DEBUG] [thread-id 1] - Verify identifier: {//*[(@name="FulfillmentTitleView.titlePrefixLabel" or @name="FulfillmentSummaryView.alternateTitleLabel") and (contains(@label, "Delivery") or contains(@label, "delivery"))] | //*[@name="FulfillmentSummaryView.detailLabel" and (contains(@label, "Delivery") or contains(@label, "delivery"))]=[true]}
2023-06-04 19:02:28.589 [DEBUG] [thread-id 1] - Validated basic fulfillment details
2023-06-04 19:02:28.591 [DEBUG] [thread-id 1] - conditionally execute a flow. condition: true
2023-06-04 19:02:33.424 [DEBUG] [thread-id 1] - Verify identifier: {//*[@name="FulfillmentTitleView.titlePrefixLabel" and (contains(@label, "Delivery") or contains(@label, "delivery"))]//ancestor::*[@name="DeliveryViewController.titleView"]//following-sibling::*[@name="DeliveryViewController.containerView"]//*[@name="FulfillmentSummaryView.addressLabel"] | //XCUIElementTypeStaticText[@name="FulfillmentSummaryView.alternateTitleLabel" and (contains(@label, "Delivery") or contains(@label, "delivery"))]//following-sibling::*[@name="FulfillmentSummaryView.addressLabel"]=[true], //*[@name="FulfillmentTitleView.titlePrefixLabel" and (contains(@label, "Delivery") or contains(@label, "delivery"))]//ancestor::*[@name="DeliveryViewController.titleView"]//following-sibling::*[@name="DeliveryViewController.containerView"]//*[@name="FulfillmentSummaryView.detailLabel"] | //XCUIElementTypeStaticText[@name="FulfillmentSummaryView.alternateTitleLabel" and (contains(@label, "Delivery") or contains(@label, "delivery"))]//following-sibling::*//*[@name="FulfillmentSummaryView.detailLabel"]=[true], //*[(@name="FulfillmentTitleView.titlePrefixLabel" or @name="FulfillmentSummaryView.alternateTitleLabel") and (contains(@label, "Delivery") or contains(@label, "delivery"))]//ancestor::*[@name="DeliveryViewController.titleView" or @name="DeliveryViewController.fulfillmentView"]//following-sibling::*[@name="DeliveryViewController.containerView" or @name="DeliveryViewController.productView"]//*[@name="FulfillmentProductGroupView.countLabel"]=[true]}
2023-06-04 19:02:35.673 [DEBUG] [thread-id 1] - Validated fulfillment time, name, adrress and item count details
2023-06-04 19:02:35.712 [DEBUG] [thread-id 1] - Store in: store the value 'null' in the variable 'altFulfillmentText'
2023-06-04 19:02:35.713 [DEBUG] [thread-id 1] - -----------Delivery section validation end-------------
2023-06-04 19:02:35.714 [DEBUG] [thread-id 1] - Executing function: 'us.functions.global.navigation.goToDeepLink'
2023-06-04 19:02:35.716 [DEBUG] [thread-id 1] - Verify value of: '$deepLinkUrl'
2023-06-04 19:02:35.716 [DEBUG] [thread-id 1] - Open link: 'walmart://orders/100000146163464'
2023-06-04 19:02:49.116 [DEBUG] [thread-id 1] - Store in: store the value 'false' in the variable 'errorRemoved'
2023-06-04 19:02:49.117 [DEBUG] [thread-id 1] - sleep:  10000 milliseconds
2023-06-04 19:02:59.123 [DEBUG] [thread-id 1] - loop: from 0 to 3
2023-06-04 19:03:02.665 [DEBUG] [thread-id 1] - 0
2023-06-04 19:03:16.564 [DEBUG] [thread-id 1] - conditionally execute a flow. condition: false
2023-06-04 19:03:20.021 [DEBUG] [thread-id 1] - Store in: store the value 'true' in the variable 'errorRemoved'
2023-06-04 19:03:23.568 [DEBUG] [thread-id 1] - No Technical Error Pop up observed
2023-06-04 19:03:27.259 [DEBUG] [thread-id 1] - Executing function: 'us.functions.utils.astro.subs.setOrderStatus'
2023-06-04 19:03:27.270 [DEBUG] [thread-id 1] - Set subs order status to PO pick Complete
2023-06-04 19:03:27.286 [DEBUG] [thread-id 1] - loop: from 1 to 4
2023-06-04 19:03:30.796 [DEBUG] [thread-id 1] - Call API: 'http://astro.walmart.com/api/v3/teflon/order/100000146163464'
2023-06-04 19:03:46.194 [DEBUG] [thread-id 1] - Response code is: '400'. Response body is: '{"statusCode":400,"error":"Bad Request","message":"Invalid request payload JSON format"}'
2023-06-04 19:03:46.197 [INFO] [thread-id 1] - Expected '200' but got '400'. retrying...
2023-06-04 19:06:46.217 [INFO] [thread-id 1] - Call API: 'http://astro.walmart.com/api/v3/teflon/order/100000146163464'
2023-06-04 19:07:01.634 [DEBUG] [thread-id 1] - Response code is: '400'. Response body is: '{"statusCode":400,"error":"Bad Request","message":"Invalid request payload JSON format"}'
2023-06-04 19:07:01.641 [INFO] [thread-id 1] - Expected '200' but got '400'. retrying...
2023-06-04 19:10:01.669 [INFO] [thread-id 1] - Call API: 'http://astro.walmart.com/api/v3/teflon/order/100000146163464'
2023-06-04 19:10:17.070 [DEBUG] [thread-id 1] - Response code is: '400'. Response body is: '{"statusCode":400,"error":"Bad Request","message":"Invalid request payload JSON format"}'
2023-06-04 19:10:17.071 [INFO] [thread-id 1] - Expected '200' but got '400'. retrying...
2023-06-04 19:13:17.078 [INFO] [thread-id 1] - Call API: 'http://astro.walmart.com/api/v3/teflon/order/100000146163464'
2023-06-04 19:13:32.513 [DEBUG] [thread-id 1] - Response code is: '400'. Response body is: '{"statusCode":400,"error":"Bad Request","message":"Invalid request payload JSON format"}'
2023-06-04 19:13:33.916 [DEBUG] [thread-id 1] - Main failed: callAPI: Expected '200' but got '400'. url: http://astro.walmart.com/api/v3/teflon/order/${orderNo}
2023-06-04 19:13:37.472 [DEBUG] [thread-id 1] - Executing scenario: 'After'
2023-06-04 19:13:37.495 [DEBUG] [thread-id 1] - Executing function: 'us.functions.utils.afterSteps'
2023-06-04 19:13:37.503 [WARN] [thread-id 1] - variable testStatus was used, but r2 could not find a value for this variable. returning default of null
2023-06-04 19:13:37.505 [DEBUG] [thread-id 1] - conditionally execute a flow. condition: false
2023-06-04 19:13:41.112 [DEBUG] [thread-id 1] - Test failed
2023-06-04 19:13:44.789 [DEBUG] [thread-id 1] - Executing function: 'us.functions.utils.closeErrorAlertIfExists'
2023-06-04 19:14:12.821 [DEBUG] [thread-id 1] - Created report: /Users/m0k0a2f/glass-automation/report/index.html
