2025-08-25 14:05:42.431 [DEBUG] [thread-id 1] - Executing R2 5.7.1: '/Users/m0k0a2f/Documents/Automation-code/./us/e2e-tests/test-scripts/ios/prod-flows/Ecomm-And-Fulfillment-Flows/mixed-fulfillment-flows/C2657214-multi-fulfillment-fc+scheduled-pickup+3p-pro.yaml' on device: 'iPhone 14 Pro'
2025-08-25 14:06:13.283 [ERROR] [thread-id 1] - error setting up appium session: 
org.openqa.selenium.SessionNotCreatedException: Could not start a new session. Response code 404. Message: The requested resource could not be found, or a request was received using an HTTP method that is not supported by the mapped resource 
Host info: host: 'muralis-MacBook-Pro.local', ip: 'fe80:0:0:0:4e1:82ff:227e:18cc%en0'
Build info: version: '4.25.0', revision: '8a8aea2337'
System info: os.name: 'Mac OS X', os.arch: 'aarch64', os.version: '15.1', java.version: '11.0.28'
Driver info: io.appium.java_client.ios.IOSDriver
Command: [null, newSession {capabilities=[Capabilities {appium:app: /Users/m0k0a2f/Documents/Au..., appium:appiumVersion: 2.0.0, appium:automationName: XCUITest, appium:commandTimeout: 600, appium:deviceName: iPhone 14 Pro, appium:fullReset: false, appium:idleTimeout: 1000, appium:iosInstallPause: 20000, appium:language: en, appium:launchTimeout: 6000000, appium:locale: EN, appium:name: C2657214-multi-fulfillment-..., appium:newCommandTimeout: 90000, appium:noReset: true, appium:platformVersion: 16.2, appium:processArguments: {"env":{"config":"{\"enviro..., appium:sendKeyStrategy: oneByOne, appium:waitForQuiescence: false, platformName: IOS}]}]
Capabilities {appium:app: /Users/m0k0a2f/Documents/Au..., appium:appiumVersion: 2.0.0, appium:automationName: XCUITest, appium:commandTimeout: 600, appium:deviceName: iPhone 14 Pro, appium:fullReset: false, appium:idleTimeout: 1000, appium:iosInstallPause: 20000, appium:language: en, appium:launchTimeout: 6000000, appium:locale: EN, appium:name: C2657214-multi-fulfillment-..., appium:newCommandTimeout: 90000, appium:noReset: true, appium:platformVersion: 16.2, appium:processArguments: {"env":{"config":"{\"enviro..., appium:sendKeyStrategy: oneByOne, appium:waitForQuiescence: false, platformName: IOS}
	at org.openqa.selenium.remote.ProtocolHandshake.createSession(ProtocolHandshake.java:114) ~[r2.jar:5.7.1]
	at org.openqa.selenium.remote.ProtocolHandshake.createSession(ProtocolHandshake.java:75) ~[r2.jar:5.7.1]
	at org.openqa.selenium.remote.ProtocolHandshake.createSession(ProtocolHandshake.java:61) ~[r2.jar:5.7.1]
	at io.appium.java_client.remote.AppiumCommandExecutor.createSession(AppiumCommandExecutor.java:176) ~[r2.jar:5.7.1]
	at io.appium.java_client.remote.AppiumCommandExecutor.execute(AppiumCommandExecutor.java:237) ~[r2.jar:5.7.1]
	at org.openqa.selenium.remote.RemoteWebDriver.execute(RemoteWebDriver.java:545) ~[r2.jar:5.7.1]
	at io.appium.java_client.AppiumDriver.startSession(AppiumDriver.java:270) ~[r2.jar:5.7.1]
	at org.openqa.selenium.remote.RemoteWebDriver.<init>(RemoteWebDriver.java:174) ~[r2.jar:5.7.1]
	at io.appium.java_client.AppiumDriver.<init>(AppiumDriver.java:91) ~[r2.jar:5.7.1]
	at io.appium.java_client.AppiumDriver.<init>(AppiumDriver.java:103) ~[r2.jar:5.7.1]
	at io.appium.java_client.ios.IOSDriver.<init>(IOSDriver.java:101) ~[r2.jar:5.7.1]
	at com.walmartlabs.executor.Appium.setupDriver(Appium.java:732) ~[r2.jar:5.7.1]
	at com.walmartlabs.executor.Appium.setupAppium(Appium.java:654) ~[r2.jar:5.7.1]
	at com.walmartlabs.executor.Executor.start(Executor.java:368) [r2.jar:5.7.1]
	at com.walmartlabs.executor.Executor.startExecution(Executor.java:195) [r2.jar:5.7.1]
	at com.walmartlabs.executor.MultipleConfigExecutor.executeConfig(MultipleConfigExecutor.java:319) [r2.jar:5.7.1]
	at com.walmartlabs.executor.MultipleConfigExecutor.start(MultipleConfigExecutor.java:146) [r2.jar:5.7.1]
	at com.walmartlabs.R2.start(R2.java:88) [r2.jar:5.7.1]
	at com.walmartlabs.R2.main(R2.java:133) [r2.jar:5.7.1]
2025-08-25 14:06:13.529 [DEBUG] [thread-id 1] - Created report: /Users/m0k0a2f/Documents/Automation-code/report/index.html
