2023-11-24 11:25:48.107 [DEBUG] [thread-id 1] - Executing R2 3.38.1: '/Users/m0k0a2f/glass-automation/./us/test/test-scripts/android/golden-flows/wplus-flows/Wplus-ibotta-rewards/C2671353-Android-Ibotta-Rewards-Cancelled.yaml' on device: 'Pixel_5_API_31'
2023-11-24 11:25:59.396 [DEBUG] [thread-id 1] - Executing scenario: 'Before'
2023-11-24 11:25:59.397 [DEBUG] [thread-id 1] - R2_EXTEND_TRIAL_MEMBER_FLOW
2023-11-24 11:25:59.398 [DEBUG] [thread-id 1] - Timestamp: 1700853959397
2023-11-24 11:25:59.398 [DEBUG] [thread-id 1] - Store in: store the value 'wplususer1700853959397@walmart.com' in the variable 'customerEmail'
2023-11-24 11:25:59.400 [DEBUG] [thread-id 1] - Executing function: 'us.functions.utils.astro.createTrialAccountConvertToPaid'
2023-11-24 11:25:59.401 [DEBUG] [thread-id 1] - Create Account
2023-11-24 11:25:59.401 [DEBUG] [thread-id 1] - {"firstName":"Test","lastName":"User","emailAddress":"wplususer1700853959397@walmart.com","phoneNumber":"4089999999","password":"E2epassword$","paymentMethods":["VISA"],"postalAddress":{"address":"1395 Leeward Dr","city":"San Jose","state":"CA","country":"USA","postalCode":"95122"},"wplusSubscription":{"tenure":"Annual","extendTrial":false,"isNextGen":true}}
2023-11-24 11:25:59.401 [DEBUG] [thread-id 1] - Call API: 'http://astro.walmart.com/api/v2/teflon/customer'
2023-11-24 11:26:22.243 [DEBUG] [thread-id 1] - Response code is: '200'. Response body is: '{"astroStatus":"SUCCESS","astroDescription":"SIGNUP_SUCCESS","astroDetails":{"status":"OK","statusCode":200,"customerAccountId":"f0d0c12e-19e4-4781-bec5-df4dbd1cee5b","customerDetails":{"firstName":"Test","lastName":"User","emailAddress":"wplususer1700853959397@walmart.com","phoneNumber":"4089999999","password":"E2epassword$","paymentMethods":["VISA"],"postalAddress":{"address":"1395 Leeward Dr","city":"San Jose","state":"CA","country":"USA","postalCode":"95122"},"wplusSubscription":{"tenure":"Annual","extendTrial":false,"isNextGen":true}},"addDeliveryPreference":"OK","addPaymentPreference":"OK","addPaymentPreferenceId":"4707d14d-02b2-47bb-a1c7-308b86427bb6","customerPatch":"OK","wPlusActivationRes":{"statusCode":200,"description":"wplusActivation Successfully","response":{"astroStatus":"SUCCESS","astroDescription":"Added W+ membership for customer wplususer1700853959397@walmart.com","astroDetails":{"status":"CREATED","header":null,"errors":null,"payload":{"id":"820a9fff-6879-4ae4-b49e-3387cb4c3017","customerId":"f0d0c12e-19e4-4781-bec5-df4dbd1cee5b","startDate":1703445973143,"endDate":null,"enrolledDate":1700853973143,"tenant":0,"verticalId":0,"martId":null,"createdByConsumer":"2d66e48d-fcaa-4b81-b624-0f0556a24bcd","modifiedByConsumer":null,"identifiers":[],"legacyMembershipId":null,"trial":{"enrollmentDate":1700853973143,"extensions":null},"plan":{"id":"TRIAL30","description":"30 Day Trial","displayName":"Walmart +","price":0,"currency":"USD","duration":{"value":30,"unit":"DAY","description":"Monthly"},"association":null},"nextPlan":{"id":"BASE365","description":"Array of benefits across App, Grocery, and Stores","displayName":"Walmart +","price":98,"currency":"USD","duration":{"value":365,"unit":"DAY","description":"Annual"},"association":null},"preference":{"paymentId":"4707d14d-02b2-47bb-a1c7-308b86427bb6","addressId":"d852f84c-cf3d-4f2f-a1a4-f537391ff04c"},"renewal":{"autoRenewal":true,"nextBillingDate":1703445973143,"lastBillingDate":null,"nextPlanProratedAmount":null,"nextPlanProratedDuration":null,"dunning":false,"transactionId":null,"dayOfMonth":24,"cycleCount":null,"previousSwitchedBillingDates":null,"reminder":{}},"pauseCycle":{"cycles":[],"prospectiveBillingDate":1706124373143,"pauseStatus":"INELIGIBLE","pauseCount":0},"benefits":[{"code":"ACC","name":"WMPlus Auto Care Center Benefits","description":"Free Roadhazard Warranty with Install, and Free Flat Tire Repair for Members.","active":true,"addon":false},{"code":"CASHBACK","name":"Member Rewards","description":"Earn rewards on select items.","active":true,"addon":false},{"code":"DELIVERY_UNLIMITED","name":"Free delivery from your store","description":"Groceries & more delivered as soon as today, at the low prices you love","active":true,"addon":false},{"code":"FREE_SHIPPING","name":"Free shipping","description":"Items shipped by Walmart ship free —no order minimum. Shipping fee will be waived at checkout. *Restrictions apply.","active":true,"addon":false},{"code":"ITEM_REWARDS","name":"ITEM_REWARDS","description":"Earn rewards on eligible items","active":true,"addon":false},{"code":"LMD_FREE_RETURNS","name":"LMD Free Returns","description":"LMD Free Returns","active":true,"addon":false},{"code":"PET_BENEFITS","name":"PET_BENEFITS","description":"Pet partnerships and rewards offering","active":true,"addon":false},{"code":"RX_DISCOUNT","name":"LMD Free Returns","description":"LMD Free Returns.","active":true,"addon":false},{"code":"SCAN_N_GO","name":"Mobile scan & go","description":"Check out as you shop to make store shopping fast and contact-free.","active":true,"addon":false},{"code":"STREAMING","name":"Paramount Plus","description":"Enjoy critically-acclaimed originals, exclusive live sports, hit movies. Coming soon.","active":true,"addon":false},{"code":"STREAMING_TV","name":"PlutoTV","description":"Watch 250+ channels of free TV and 1000's of on-demand movies and TV shows.","active":true,"addon":false},{"code":"SUBSCRIPTION","name":"SUBSCRIPTION","description":"Paid members save a discount on eligible, household items and get free shipping with no order minimum","active":true,"addon":false},{"code":"TRAVEL","name":"EXPEDIA","description":"White label site offering W+ customers rewards associated with travel reservations.","active":true,"addon":false},{"code":"UPGRADE_FOR_EARLY_ACCESS","name":"UPGRADE_FOR_EARLY_ACCESS","description":"Paid members get exclusive early access to online Black Friday deals","active":true,"addon":false},{"code":"W_FUEL","name":"Member prices on fuel","description":"Member prices on fuel*** Save up to 10¢ per gallon on fuel at Exxon, Mobil, Walmart & Murphy stations.","active":true,"addon":false}],"cancel":null,"meta":{"payroll":false,"requireConsent":false,"consented":false,"programs":null,"referrer":null,"bundleSignup":false,"type":null,"discountGroup":null,"userAgent":null,"test":false},"membershipDiscount":{"discounts":null,"totalDiscount":0},"createdDate":1700853973143,"createdBy":"f0d0c12e-19e4-4781-bec5-df4dbd1cee5b","modifiedDate":1700853973143,"modifiedBy":"f0d0c12e-19e4-4781-bec5-df4dbd1cee5b","addons":null,"badges":[],"state":"trial","trialEligibleAddons":["INHOMETRIAL30","TRIAL30","INHOME30","INHOME365","TRIAL_TEST_RV","TRIAL180","TRIAL90","B2BTRIAL30","PRARTNERAUTOMATIONTEST","SHOWTIME30","SHOWTIME365","B2BTRIAL365","B2BTRIAL3650"],"cookies":{"names":{"status":"_m","hash":"_mc"},"status":"5","hash":"8EcvBFQ4izzBICcdMPrinjaFdd2jfCnwNqzXPhkLJ5M=","ttl":5184000},"trialPeriod":true,"remainingDays":30}},"astroInfo":null}}}}'
2023-11-24 11:26:22.250 [DEBUG] [thread-id 1] - Account created successfully
2023-11-24 11:26:22.262 [DEBUG] [thread-id 1] - Converting Trial to Paid Member
2023-11-24 11:26:22.264 [DEBUG] [thread-id 1] - Executing function: 'us.functions.utils.astro.convertTrialtoPaidMember'
2023-11-24 11:26:22.264 [DEBUG] [thread-id 1] - Convert Trial to Paid Member
2023-11-24 11:26:22.265 [DEBUG] [thread-id 1] - wplususer1700853959397@walmart.com
2023-11-24 11:26:22.265 [DEBUG] [thread-id 1] - {"firstName":"Test","lastName":"User","emailAddress":"wplususer1700853959397@walmart.com","phoneNumber":"4089999999","password":"E2epassword$","paymentMethods":["VISA"],"postalAddress":{"address":"1395 Leeward Dr","city":"San Jose","state":"CA","country":"USA","postalCode":"95122"},"wplusSubscription":{"tenure":"Annual","extendTrial":false,"isNextGen":true}}
2023-11-24 11:26:22.266 [DEBUG] [thread-id 1] - Call API: 'http://astro.walmart.com/api/v2/teflon/account/wplususer1700853959397@walmart.com/wplus'
2023-11-24 11:26:31.134 [DEBUG] [thread-id 1] - Response code is: '200'. Response body is: '{"astroStatus":"SUCCESS","astroDescription":"Converted to paid W+ membership for customer wplususer1700853959397@walmart.com","astroDetails":{"status":"OK","header":null,"errors":null,"payload":{"id":"820a9fff-6879-4ae4-b49e-3387cb4c3017","customerId":"f0d0c12e-19e4-4781-bec5-df4dbd1cee5b","startDate":1700853990334,"endDate":null,"enrolledDate":1700853973143,"tenant":0,"verticalId":2,"martId":null,"createdByConsumer":"2d66e48d-fcaa-4b81-b624-0f0556a24bcd","modifiedByConsumer":"2d66e48d-fcaa-4b81-b624-0f0556a24bcd","identifiers":[],"legacyMembershipId":null,"trial":{"enrollmentDate":1700853973143,"extensions":null},"plan":{"id":"BASE365","description":"Array of benefits across App, Grocery, and Stores","displayName":"Walmart +","price":98,"currency":"USD","duration":{"value":365,"unit":"DAY","description":"Annual"},"association":null},"nextPlan":{"id":"BASE365","description":"Array of benefits across App, Grocery, and Stores","displayName":"Walmart +","price":98,"currency":"USD","duration":{"value":365,"unit":"DAY","description":"Annual"},"association":null},"preference":{"paymentId":"4707d14d-02b2-47bb-a1c7-308b86427bb6","addressId":"d852f84c-cf3d-4f2f-a1a4-f537391ff04c"},"renewal":{"autoRenewal":true,"nextBillingDate":1732476390334,"lastBillingDate":null,"nextPlanProratedAmount":null,"nextPlanProratedDuration":null,"dunning":false,"transactionId":null,"dayOfMonth":null,"cycleCount":null,"previousSwitchedBillingDates":null,"reminder":{}},"pauseCycle":{"cycles":[],"prospectiveBillingDate":1735068390334,"pauseStatus":"ELIGIBLE","pauseCount":0},"benefits":[{"code":"ACC","name":"WMPlus Auto Care Center Benefits","description":"Free Roadhazard Warranty with Install, and Free Flat Tire Repair for Members.","active":true,"addon":false},{"code":"CASHBACK","name":"Member Rewards","description":"Earn rewards on select items.","active":true,"addon":false},{"code":"DELIVERY_UNLIMITED","name":"Free delivery from your store","description":"Groceries & more delivered as soon as today, at the low prices you love","active":true,"addon":false},{"code":"EARLY_ACCESS","name":"EARLY_ACCESS","description":"Paid members get exclusive early access to online Black Friday deals","active":true,"addon":false},{"code":"EXPRESS_PROMO","name":"WMPlus Free Express Promotion","description":"1 Free express delivery for month of December.","active":true,"addon":false},{"code":"FREE_SHIPPING","name":"Free shipping","description":"Items shipped by Walmart ship free —no order minimum. Shipping fee will be waived at checkout. *Restrictions apply.","active":true,"addon":false},{"code":"ITEM_REWARDS","name":"ITEM_REWARDS","description":"Earn rewards on eligible items","active":true,"addon":false},{"code":"LMD_FREE_RETURNS","name":"LMD Free Returns","description":"LMD Free Returns","active":true,"addon":false},{"code":"PET_BENEFITS","name":"PET_BENEFITS","description":"Pet partnerships and rewards offering","active":true,"addon":false},{"code":"RX_DISCOUNT","name":"LMD Free Returns","description":"LMD Free Returns.","active":true,"addon":false},{"code":"SCAN_N_GO","name":"Mobile scan & go","description":"Check out as you shop to make store shopping fast and contact-free.","active":true,"addon":false},{"code":"STREAMING","name":"Paramount Plus","description":"Enjoy critically-acclaimed originals, exclusive live sports, hit movies. Coming soon.","active":true,"addon":false},{"code":"STREAMING_TV","name":"PlutoTV","description":"Watch 250+ channels of free TV and 1000's of on-demand movies and TV shows.","active":true,"addon":false},{"code":"SUBSCRIPTION","name":"SUBSCRIPTION","description":"Paid members save a discount on eligible, household items and get free shipping with no order minimum","active":true,"addon":false},{"code":"TRAVEL","name":"EXPEDIA","description":"White label site offering W+ customers rewards associated with travel reservations.","active":true,"addon":false},{"code":"W_FUEL","name":"Member prices on fuel","description":"Member prices on fuel*** Save up to 10¢ per gallon on fuel at Exxon, Mobil, Walmart & Murphy stations.","active":true,"addon":false}],"cancel":null,"meta":{"payroll":false,"requireConsent":false,"consented":false,"programs":null,"referrer":null,"bundleSignup":false,"type":null,"discountGroup":null,"userAgent":null,"test":false},"membershipDiscount":{"discounts":null,"totalDiscount":0},"createdDate":1700853973143,"createdBy":"f0d0c12e-19e4-4781-bec5-df4dbd1cee5b","modifiedDate":1700853990334,"modifiedBy":"AstroTest","addons":null,"badges":[],"state":"active","trialEligibleAddons":["INHOMETRIAL30","TRIAL30","INHOME30","INHOME365","TRIAL_TEST_RV","TRIAL180","TRIAL90","B2BTRIAL30","PRARTNERAUTOMATIONTEST","SHOWTIME30","SHOWTIME365","B2BTRIAL365","B2BTRIAL3650"],"cookies":{"names":{"status":"_m","hash":"_mc"},"status":"1","hash":"CzcGjscMrwS+GwiAXgl2JyPl4FNQp1FY1CGwp1+/kiw=","ttl":5184000},"trialPeriod":false,"remainingDays":366}},"astroInfo":null}'
2023-11-24 11:26:31.430 [DEBUG] [thread-id 1] - Using us-errors-helpers.yaml
2023-11-24 11:26:31.630 [DEBUG] [thread-id 1] - Start Main
2023-11-24 11:26:31.632 [DEBUG] [thread-id 1] - Executing function: 'us.functions.global.onboarding.navigateOnboardingToHome'
2023-11-24 11:26:31.634 [DEBUG] [thread-id 1] - Executing function: 'us.function.utils.getEnvironmentValue'
2023-11-24 11:26:31.634 [DEBUG] [thread-id 1] - Store in: store the value 'teflon' in the variable 'env'
2023-11-24 11:26:31.634 [DEBUG] [thread-id 1] - Start Activity: 'com.walmart.android.debug.com.walmart.glass.integration.splash.SplashActivity'
2023-11-24 11:26:45.681 [DEBUG] [thread-id 1] - conditionally execute a flow. condition: false
2023-11-24 11:26:45.713 [DEBUG] [thread-id 1] - Verify identifier: {com.walmart.android.debug:id/onboarding_welcome_title_textview=[true]}
2023-11-24 11:26:55.740 [DEBUG] [thread-id 1] - conditionally execute a flow. condition: false
2023-11-24 11:26:55.771 [DEBUG] [thread-id 1] - Verify identifier: {com.walmart.android.debug:id/onboarding_welcome_title_textview=[true]}
2023-11-24 11:26:55.841 [DEBUG] [thread-id 1] - Click element: 'com.walmart.android.debug:id/onboarding_welcome_secondary_button'
2023-11-24 11:27:06.548 [DEBUG] [thread-id 1] - Verify identifier: {com.walmart.android.debug:id/onboarding_location_title_textview=[true]}
2023-11-24 11:27:06.592 [DEBUG] [thread-id 1] - Click element: 'com.walmart.android.debug:id/onboarding_zip_code_button'
2023-11-24 11:27:07.419 [DEBUG] [thread-id 1] - Verify identifier: {com.walmart.android.debug:id/onboarding_title_textview=[true]}
2023-11-24 11:27:07.993 [DEBUG] [thread-id 1] - Click element: 'com.walmart.android.debug:id/onboarding_zip_code_textinput'
2023-11-24 11:27:09.514 [DEBUG] [thread-id 1] - Enter text: '95122'
2023-11-24 11:27:12.782 [DEBUG] [thread-id 1] - Hide keyboard: 'true'
2023-11-24 11:27:21.087 [DEBUG] [thread-id 1] - Click element: 'com.walmart.android.debug:id/onboarding_zip_code_search_button'
2023-11-24 11:27:21.798 [DEBUG] [thread-id 1] - sleep:  3000 milliseconds
2023-11-24 11:27:24.804 [DEBUG] [thread-id 1] - loop: from 0 to 3
2023-11-24 11:27:25.167 [DEBUG] [thread-id 1] - 0
2023-11-24 11:27:35.252 [DEBUG] [thread-id 1] - conditionally execute a flow. condition: false
2023-11-24 11:27:45.439 [DEBUG] [thread-id 1] - Verify identifier: {com.walmart.android.debug:id/onboarding_title_textview=[true]}
2023-11-24 11:27:45.441 [DEBUG] [thread-id 1] - Executing function: 'us.functions.global.onboarding.popUpScreen'
2023-11-24 11:27:45.445 [DEBUG] [thread-id 1] - sleep:  3000 milliseconds
2023-11-24 11:27:58.455 [DEBUG] [thread-id 1] - sleep:  3000 milliseconds
2023-11-24 11:28:01.460 [DEBUG] [thread-id 1] - Executing function: 'us.functions.global.onboarding.smartLock.DismissNoneOfTheAbove'
2023-11-24 11:28:11.483 [DEBUG] [thread-id 1] - sleep:  3000 milliseconds
2023-11-24 11:28:14.489 [DEBUG] [thread-id 1] - Executing function: 'us.functions.home.personalizedPopUpScreenClose'
2023-11-24 11:28:14.490 [DEBUG] [thread-id 1] - sleep:  5000 milliseconds
2023-11-24 11:28:29.536 [DEBUG] [thread-id 1] - sleep:  3000 milliseconds
2023-11-24 11:28:32.542 [DEBUG] [thread-id 1] - Executing function: 'us.functions.utils.tryAgainWhenThereIsError'
2023-11-24 11:28:32.542 [DEBUG] [thread-id 1] - loop: from 0 to 3
2023-11-24 11:28:32.607 [DEBUG] [thread-id 1] - 0
2023-11-24 11:28:42.731 [DEBUG] [thread-id 1] - conditionally execute a flow. condition: false
2023-11-24 11:28:52.841 [DEBUG] [thread-id 1] - Executing function: 'us.functions.gic.collapseIfExpanded'
2023-11-24 11:29:02.937 [DEBUG] [thread-id 1] - conditionally execute a flow. condition: false
2023-11-24 11:29:02.998 [DEBUG] [thread-id 1] - gic is collapsed
2023-11-24 11:29:03.000 [DEBUG] [thread-id 1] - Verify identifier: {com.walmart.android.debug:id/search_view=[true]}
2023-11-24 11:29:03.000 [DEBUG] [thread-id 1] - Executing function: 'us.functions.home.handleReorderToolTip'
2023-11-24 11:29:03.001 [DEBUG] [thread-id 1] - conditionally execute a flow. condition: true
2023-11-24 11:29:03.056 [DEBUG] [thread-id 1] - tooltip displayed
2023-11-24 11:29:03.167 [DEBUG] [thread-id 1] - Click element: 'com.walmart.android.debug:id/design_callout_close_button'
2023-11-24 11:29:03.965 [DEBUG] [thread-id 1] - Verify identifier: {com.walmart.android.debug:id/design_callout_text=[true]}
2023-11-24 11:29:04.564 [DEBUG] [thread-id 1] - sleep:  3000 milliseconds
2023-11-24 11:29:07.572 [DEBUG] [thread-id 1] - Executing function: 'us.functions.utils.handleTechnicalErrorPopup'
2023-11-24 11:29:07.573 [DEBUG] [thread-id 1] - Store in: store the value 'false' in the variable 'errorRemoved'
2023-11-24 11:29:07.574 [DEBUG] [thread-id 1] - sleep:  7000 milliseconds
2023-11-24 11:29:14.579 [DEBUG] [thread-id 1] - loop: from 0 to 3
2023-11-24 11:29:14.682 [DEBUG] [thread-id 1] - 0
2023-11-24 11:29:24.836 [DEBUG] [thread-id 1] - conditionally execute a flow. condition: false
2023-11-24 11:29:24.880 [DEBUG] [thread-id 1] - Store in: store the value 'true' in the variable 'errorRemoved'
2023-11-24 11:29:24.941 [DEBUG] [thread-id 1] - No Technical Error Pop up observed
2023-11-24 11:29:24.998 [DEBUG] [thread-id 1] - Executing function: 'us.functions.home.navigateHomeToSignIn'
2023-11-24 11:29:25.046 [DEBUG] [thread-id 1] - Click element: 'com.walmart.android.debug:id/navigation_account'
2023-11-24 11:29:25.684 [DEBUG] [thread-id 1] - sleep:  5000 milliseconds
2023-11-24 11:29:30.820 [DEBUG] [thread-id 1] - Verify identifier: {//*[@resource-id="com.walmart.android.debug:id/sign_in_button"]|//*[@resource-id="com.walmart.android.debug:id/account_sign_in_button"]=[true]}
2023-11-24 11:29:30.820 [DEBUG] [thread-id 1] - loop: from 1 to 3
2023-11-24 11:29:30.867 [DEBUG] [thread-id 1] - Executing function: 'us.functions.global.onboarding.smartLock.DismissNoneOfTheAbove'
2023-11-24 11:29:40.980 [DEBUG] [thread-id 1] - conditionally execute a flow. condition: true
2023-11-24 11:29:41.064 [DEBUG] [thread-id 1] - Click element: '//*[@resource-id="com.walmart.android.debug:id/sign_in_button"]|//*[@resource-id="com.walmart.android.debug:id/account_sign_in_button"]'
2023-11-24 11:29:42.144 [DEBUG] [thread-id 1] - sleep:  3000 milliseconds
2023-11-24 11:29:45.791 [DEBUG] [thread-id 1] - conditionally execute a flow. condition: true
2023-11-24 11:29:45.830 [DEBUG] [thread-id 1] - Store in: store the value 'true' in the variable 'signInValidated'
2023-11-24 11:29:45.859 [DEBUG] [thread-id 1] - conditionally execute a flow. condition: true
2023-11-24 11:29:45.884 [DEBUG] [thread-id 1] - SignIn page loaded
2023-11-24 11:29:45.906 [DEBUG] [thread-id 1] - Store in: store the value 'false' in the variable 'signInValidated'
2023-11-24 11:29:45.907 [DEBUG] [thread-id 1] - Executing function: 'us.functions.global.authentication.signInAccount'
2023-11-24 11:29:45.907 [DEBUG] [thread-id 1] - Executing function: 'us.functions.global.onboarding.smartLock.DismissNoneOfTheAbove'
2023-11-24 11:29:55.910 [WARN] [thread-id 1] - variable validateSignInPage was used, but r2 could not find a value for this variable. returning default of null
2023-11-24 11:29:55.953 [DEBUG] [thread-id 1] - Verify identifier: {//android.widget.EditText[@text="Email"]=[true]}
2023-11-24 11:29:55.978 [DEBUG] [thread-id 1] - Enter text: 'wplususer1700853959397@walmart.com'
2023-11-24 11:29:58.277 [DEBUG] [thread-id 1] - loop: from 1 to 3
2023-11-24 11:29:59.008 [DEBUG] [thread-id 1] - sleep:  3000 milliseconds
2023-11-24 11:30:02.222 [DEBUG] [thread-id 1] - conditionally execute a flow. condition: true
2023-11-24 11:30:02.363 [DEBUG] [thread-id 1] - Click element: 'com.walmart.android.debug:id/auth_button_main'
2023-11-24 11:30:03.167 [DEBUG] [thread-id 1] - sleep:  5000 milliseconds
2023-11-24 11:30:08.779 [DEBUG] [thread-id 1] - conditionally execute a flow. condition: true
2023-11-24 11:30:08.825 [DEBUG] [thread-id 1] - Store in: store the value 'true' in the variable 'signInValidated'
2023-11-24 11:30:08.858 [DEBUG] [thread-id 1] - conditionally execute a flow. condition: true
2023-11-24 11:30:08.890 [DEBUG] [thread-id 1] - Store in: store the value 'false' in the variable 'signInValidated'
2023-11-24 11:30:08.923 [DEBUG] [thread-id 1] - Email entered
2023-11-24 11:30:28.991 [WARN] [thread-id 1] - variable validateSignInPage was used, but r2 could not find a value for this variable. returning default of null
2023-11-24 11:30:28.992 [DEBUG] [thread-id 1] - loop: from 1 to 3
2023-11-24 11:30:29.019 [DEBUG] [thread-id 1] - sleep:  2000 milliseconds
2023-11-24 11:30:31.068 [DEBUG] [thread-id 1] - conditionally execute a flow. condition: true
2023-11-24 11:30:31.150 [DEBUG] [thread-id 1] - Enter text: 'E2epassword$'
2023-11-24 11:30:34.610 [DEBUG] [thread-id 1] - Press go back key: 'true'
2023-11-24 11:30:35.880 [DEBUG] [thread-id 1] - sleep:  1000 milliseconds
2023-11-24 11:30:37.041 [DEBUG] [thread-id 1] - Click element: 'com.walmart.android.debug:id/auth_button_main'
2023-11-24 11:30:37.791 [DEBUG] [thread-id 1] - sleep:  5000 milliseconds
2023-11-24 11:30:42.906 [DEBUG] [thread-id 1] - conditionally execute a flow. condition: true
2023-11-24 11:30:42.950 [DEBUG] [thread-id 1] - Store in: store the value 'true' in the variable 'signInValidated'
2023-11-24 11:30:43.000 [DEBUG] [thread-id 1] - Executing function: 'us.functions.global.authentication.handleSomethingWentWrongError'
2023-11-24 11:30:43.000 [DEBUG] [thread-id 1] - sleep:  5000 milliseconds
2023-11-24 11:30:48.010 [DEBUG] [thread-id 1] - loop: from 0 to 3
2023-11-24 11:30:48.079 [DEBUG] [thread-id 1] - 0
2023-11-24 11:30:58.186 [DEBUG] [thread-id 1] - conditionally execute a flow. condition: false
2023-11-24 11:30:58.222 [DEBUG] [thread-id 1] - conditionally execute a flow. condition: true
2023-11-24 11:30:58.260 [DEBUG] [thread-id 1] - Account signed in
2023-11-24 11:31:08.315 [DEBUG] [thread-id 1] - Executing function: 'us.functions.utils.handleCartMergePopup'
2023-11-24 11:31:08.316 [DEBUG] [thread-id 1] - sleep:  7000 milliseconds
2023-11-24 11:31:15.325 [DEBUG] [thread-id 1] - loop: from 0 to 4
2023-11-24 11:31:15.401 [DEBUG] [thread-id 1] - 0
2023-11-24 11:31:25.483 [DEBUG] [thread-id 1] - conditionally execute a flow. condition: false
2023-11-24 11:31:25.520 [DEBUG] [thread-id 1] - No cart merge popup observed
2023-11-24 11:31:25.557 [DEBUG] [thread-id 1] - Executing function: 'us.functions.global.navigation.accountToHome'
2023-11-24 11:31:25.559 [DEBUG] [thread-id 1] - conditionally execute a flow. condition: true
2023-11-24 11:31:25.603 [DEBUG] [thread-id 1] - Scroll: up
2023-11-24 11:31:50.409 [DEBUG] [thread-id 1] - Main failed: Is not present: 'com.walmart.android.debug:id/purchase_history_header'
2023-11-24 11:31:50.492 [DEBUG] [thread-id 1] - Executing scenario: 'After'
2023-11-24 11:31:50.492 [DEBUG] [thread-id 1] - Executing function: 'us.functions.utils.afterSteps'
2023-11-24 11:31:50.492 [WARN] [thread-id 1] - variable testStatus was used, but r2 could not find a value for this variable. returning default of null
2023-11-24 11:31:50.493 [DEBUG] [thread-id 1] - conditionally execute a flow. condition: false
2023-11-24 11:31:50.529 [DEBUG] [thread-id 1] - Test failed
2023-11-24 11:31:52.757 [DEBUG] [thread-id 1] - Created report: /Users/m0k0a2f/glass-automation/report/index.html
2023-11-24 12:02:42.224 [DEBUG] [thread-id 1] - Executing R2 3.38.1: '/Users/m0k0a2f/glass-automation/./us/test/test-scripts/android/golden-flows/wplus-flows/Wplus-ibotta-rewards/C2671353-Android-Ibotta-Rewards-Cancelled.yaml' on device: 'Pixel_5_API_31'
2023-11-24 12:03:21.809 [DEBUG] [thread-id 1] - Created report: /Users/m0k0a2f/glass-automation/report/index.html
2023-11-24 12:04:23.948 [DEBUG] [thread-id 1] - Executing R2 3.38.1: '/Users/m0k0a2f/glass-automation/./us/test/test-scripts/android/golden-flows/wplus-flows/Wplus-ibotta-rewards/C2671353-Android-Ibotta-Rewards-Cancelled.yaml' on device: 'Pixel_5_API_31'
2023-11-24 12:04:43.251 [DEBUG] [thread-id 1] - Executing scenario: 'Before'
2023-11-24 12:04:43.253 [DEBUG] [thread-id 1] - R2_EXTEND_TRIAL_MEMBER_FLOW
2023-11-24 12:04:43.254 [DEBUG] [thread-id 1] - Timestamp: 1700856283254
2023-11-24 12:04:43.255 [DEBUG] [thread-id 1] - Store in: store the value 'wplususer1700856283254@walmart.com' in the variable 'customerEmail'
2023-11-24 12:04:43.257 [DEBUG] [thread-id 1] - Executing function: 'us.functions.utils.astro.createTrialAccountConvertToPaid'
2023-11-24 12:04:43.257 [DEBUG] [thread-id 1] - Create Account
2023-11-24 12:04:43.258 [DEBUG] [thread-id 1] - {"firstName":"Test","lastName":"User","emailAddress":"wplususer1700856283254@walmart.com","phoneNumber":"4089999999","password":"E2epassword$","paymentMethods":["VISA"],"postalAddress":{"address":"1395 Leeward Dr","city":"San Jose","state":"CA","country":"USA","postalCode":"95122"},"wplusSubscription":{"tenure":"Annual","extendTrial":false,"isNextGen":true}}
2023-11-24 12:04:43.259 [DEBUG] [thread-id 1] - Call API: 'http://astro.walmart.com/api/v2/teflon/customer'
2023-11-24 12:04:57.200 [DEBUG] [thread-id 1] - Response code is: '200'. Response body is: '{"astroStatus":"SUCCESS","astroDescription":"SIGNUP_SUCCESS","astroDetails":{"status":"OK","statusCode":200,"customerAccountId":"0542e46f-46d4-41a1-813c-b9615fd96666","customerDetails":{"firstName":"Test","lastName":"User","emailAddress":"wplususer1700856283254@walmart.com","phoneNumber":"4089999999","password":"E2epassword$","paymentMethods":["VISA"],"postalAddress":{"address":"1395 Leeward Dr","city":"San Jose","state":"CA","country":"USA","postalCode":"95122"},"wplusSubscription":{"tenure":"Annual","extendTrial":false,"isNextGen":true}},"addDeliveryPreference":"OK","addPaymentPreference":"OK","addPaymentPreferenceId":"fc69ff4f-c924-41c6-bd3b-58d85024073a","customerPatch":"OK","wPlusActivationRes":{"statusCode":200,"description":"wplusActivation Successfully","response":{"astroStatus":"SUCCESS","astroDescription":"Added W+ membership for customer wplususer1700856283254@walmart.com","astroDetails":{"status":"CREATED","header":null,"errors":null,"payload":{"id":"ea6c6d16-502e-4917-85a5-a17568be3c30","customerId":"0542e46f-46d4-41a1-813c-b9615fd96666","startDate":1703448296241,"endDate":null,"enrolledDate":1700856296241,"tenant":0,"verticalId":0,"martId":null,"createdByConsumer":"2d66e48d-fcaa-4b81-b624-0f0556a24bcd","modifiedByConsumer":null,"identifiers":[],"legacyMembershipId":null,"trial":{"enrollmentDate":1700856296241,"extensions":null},"plan":{"id":"TRIAL30","description":"30 Day Trial","displayName":"Walmart +","price":0,"currency":"USD","duration":{"value":30,"unit":"DAY","description":"Monthly"},"association":null},"nextPlan":{"id":"BASE365","description":"Array of benefits across App, Grocery, and Stores","displayName":"Walmart +","price":98,"currency":"USD","duration":{"value":365,"unit":"DAY","description":"Annual"},"association":null},"preference":{"paymentId":"fc69ff4f-c924-41c6-bd3b-58d85024073a","addressId":"4008555b-9abf-4623-9812-36ea9ac3ed23"},"renewal":{"autoRenewal":true,"nextBillingDate":1703448296241,"lastBillingDate":null,"nextPlanProratedAmount":null,"nextPlanProratedDuration":null,"dunning":false,"transactionId":null,"dayOfMonth":24,"cycleCount":null,"previousSwitchedBillingDates":null,"reminder":{}},"pauseCycle":{"cycles":[],"prospectiveBillingDate":1706126696241,"pauseStatus":"INELIGIBLE","pauseCount":0},"benefits":[{"code":"ACC","name":"WMPlus Auto Care Center Benefits","description":"Free Roadhazard Warranty with Install, and Free Flat Tire Repair for Members.","active":true,"addon":false},{"code":"CASHBACK","name":"Member Rewards","description":"Earn rewards on select items.","active":true,"addon":false},{"code":"DELIVERY_UNLIMITED","name":"Free delivery from your store","description":"Groceries & more delivered as soon as today, at the low prices you love","active":true,"addon":false},{"code":"FREE_SHIPPING","name":"Free shipping","description":"Items shipped by Walmart ship free —no order minimum. Shipping fee will be waived at checkout. *Restrictions apply.","active":true,"addon":false},{"code":"ITEM_REWARDS","name":"ITEM_REWARDS","description":"Earn rewards on eligible items","active":true,"addon":false},{"code":"LMD_FREE_RETURNS","name":"LMD Free Returns","description":"LMD Free Returns","active":true,"addon":false},{"code":"PET_BENEFITS","name":"PET_BENEFITS","description":"Pet partnerships and rewards offering","active":true,"addon":false},{"code":"RX_DISCOUNT","name":"LMD Free Returns","description":"LMD Free Returns.","active":true,"addon":false},{"code":"SCAN_N_GO","name":"Mobile scan & go","description":"Check out as you shop to make store shopping fast and contact-free.","active":true,"addon":false},{"code":"STREAMING","name":"Paramount Plus","description":"Enjoy critically-acclaimed originals, exclusive live sports, hit movies. Coming soon.","active":true,"addon":false},{"code":"STREAMING_TV","name":"PlutoTV","description":"Watch 250+ channels of free TV and 1000's of on-demand movies and TV shows.","active":true,"addon":false},{"code":"SUBSCRIPTION","name":"SUBSCRIPTION","description":"Paid members save a discount on eligible, household items and get free shipping with no order minimum","active":true,"addon":false},{"code":"TRAVEL","name":"EXPEDIA","description":"White label site offering W+ customers rewards associated with travel reservations.","active":true,"addon":false},{"code":"UPGRADE_FOR_EARLY_ACCESS","name":"UPGRADE_FOR_EARLY_ACCESS","description":"Paid members get exclusive early access to online Black Friday deals","active":true,"addon":false},{"code":"W_FUEL","name":"Member prices on fuel","description":"Member prices on fuel*** Save up to 10¢ per gallon on fuel at Exxon, Mobil, Walmart & Murphy stations.","active":true,"addon":false}],"cancel":null,"meta":{"payroll":false,"requireConsent":false,"consented":false,"programs":null,"referrer":null,"bundleSignup":false,"type":null,"discountGroup":null,"userAgent":null,"test":false},"membershipDiscount":{"discounts":null,"totalDiscount":0},"createdDate":1700856296241,"createdBy":"0542e46f-46d4-41a1-813c-b9615fd96666","modifiedDate":1700856296241,"modifiedBy":"0542e46f-46d4-41a1-813c-b9615fd96666","addons":null,"badges":[],"state":"trial","trialEligibleAddons":["INHOMETRIAL30","TRIAL30","INHOME30","INHOME365","TRIAL_TEST_RV","TRIAL180","TRIAL90","B2BTRIAL30","PRARTNERAUTOMATIONTEST","SHOWTIME30","SHOWTIME365","B2BTRIAL365","B2BTRIAL3650"],"cookies":{"names":{"status":"_m","hash":"_mc"},"status":"5","hash":"UDeomIzqVs9vSriZOmhR3U74mM8aRwJQzebbkp9BoTs=","ttl":5184000},"trialPeriod":true,"remainingDays":30}},"astroInfo":null}}}}'
2023-11-24 12:04:57.203 [DEBUG] [thread-id 1] - Account created successfully
2023-11-24 12:04:57.211 [DEBUG] [thread-id 1] - Converting Trial to Paid Member
2023-11-24 12:04:57.213 [DEBUG] [thread-id 1] - Executing function: 'us.functions.utils.astro.convertTrialtoPaidMember'
2023-11-24 12:04:57.214 [DEBUG] [thread-id 1] - Convert Trial to Paid Member
2023-11-24 12:04:57.214 [DEBUG] [thread-id 1] - wplususer1700856283254@walmart.com
2023-11-24 12:04:57.215 [DEBUG] [thread-id 1] - {"firstName":"Test","lastName":"User","emailAddress":"wplususer1700856283254@walmart.com","phoneNumber":"4089999999","password":"E2epassword$","paymentMethods":["VISA"],"postalAddress":{"address":"1395 Leeward Dr","city":"San Jose","state":"CA","country":"USA","postalCode":"95122"},"wplusSubscription":{"tenure":"Annual","extendTrial":false,"isNextGen":true}}
2023-11-24 12:04:57.216 [DEBUG] [thread-id 1] - Call API: 'http://astro.walmart.com/api/v2/teflon/account/wplususer1700856283254@walmart.com/wplus'
2023-11-24 12:05:06.035 [DEBUG] [thread-id 1] - Response code is: '200'. Response body is: '{"astroStatus":"SUCCESS","astroDescription":"Converted to paid W+ membership for customer wplususer1700856283254@walmart.com","astroDetails":{"status":"OK","header":null,"errors":null,"payload":{"id":"ea6c6d16-502e-4917-85a5-a17568be3c30","customerId":"0542e46f-46d4-41a1-813c-b9615fd96666","startDate":1700856305328,"endDate":null,"enrolledDate":1700856296241,"tenant":0,"verticalId":2,"martId":null,"createdByConsumer":"2d66e48d-fcaa-4b81-b624-0f0556a24bcd","modifiedByConsumer":"2d66e48d-fcaa-4b81-b624-0f0556a24bcd","identifiers":[],"legacyMembershipId":null,"trial":{"enrollmentDate":1700856296241,"extensions":null},"plan":{"id":"BASE365","description":"Array of benefits across App, Grocery, and Stores","displayName":"Walmart +","price":98,"currency":"USD","duration":{"value":365,"unit":"DAY","description":"Annual"},"association":null},"nextPlan":{"id":"BASE365","description":"Array of benefits across App, Grocery, and Stores","displayName":"Walmart +","price":98,"currency":"USD","duration":{"value":365,"unit":"DAY","description":"Annual"},"association":null},"preference":{"paymentId":"fc69ff4f-c924-41c6-bd3b-58d85024073a","addressId":"4008555b-9abf-4623-9812-36ea9ac3ed23"},"renewal":{"autoRenewal":true,"nextBillingDate":1732478705328,"lastBillingDate":null,"nextPlanProratedAmount":null,"nextPlanProratedDuration":null,"dunning":false,"transactionId":null,"dayOfMonth":null,"cycleCount":null,"previousSwitchedBillingDates":null,"reminder":{}},"pauseCycle":{"cycles":[],"prospectiveBillingDate":1735070705328,"pauseStatus":"ELIGIBLE","pauseCount":0},"benefits":[{"code":"ACC","name":"WMPlus Auto Care Center Benefits","description":"Free Roadhazard Warranty with Install, and Free Flat Tire Repair for Members.","active":true,"addon":false},{"code":"CASHBACK","name":"Member Rewards","description":"Earn rewards on select items.","active":true,"addon":false},{"code":"DELIVERY_UNLIMITED","name":"Free delivery from your store","description":"Groceries & more delivered as soon as today, at the low prices you love","active":true,"addon":false},{"code":"EARLY_ACCESS","name":"EARLY_ACCESS","description":"Paid members get exclusive early access to online Black Friday deals","active":true,"addon":false},{"code":"EXPRESS_PROMO","name":"WMPlus Free Express Promotion","description":"1 Free express delivery for month of December.","active":true,"addon":false},{"code":"FREE_SHIPPING","name":"Free shipping","description":"Items shipped by Walmart ship free —no order minimum. Shipping fee will be waived at checkout. *Restrictions apply.","active":true,"addon":false},{"code":"ITEM_REWARDS","name":"ITEM_REWARDS","description":"Earn rewards on eligible items","active":true,"addon":false},{"code":"LMD_FREE_RETURNS","name":"LMD Free Returns","description":"LMD Free Returns","active":true,"addon":false},{"code":"PET_BENEFITS","name":"PET_BENEFITS","description":"Pet partnerships and rewards offering","active":true,"addon":false},{"code":"RX_DISCOUNT","name":"LMD Free Returns","description":"LMD Free Returns.","active":true,"addon":false},{"code":"SCAN_N_GO","name":"Mobile scan & go","description":"Check out as you shop to make store shopping fast and contact-free.","active":true,"addon":false},{"code":"STREAMING","name":"Paramount Plus","description":"Enjoy critically-acclaimed originals, exclusive live sports, hit movies. Coming soon.","active":true,"addon":false},{"code":"STREAMING_TV","name":"PlutoTV","description":"Watch 250+ channels of free TV and 1000's of on-demand movies and TV shows.","active":true,"addon":false},{"code":"SUBSCRIPTION","name":"SUBSCRIPTION","description":"Paid members save a discount on eligible, household items and get free shipping with no order minimum","active":true,"addon":false},{"code":"TRAVEL","name":"EXPEDIA","description":"White label site offering W+ customers rewards associated with travel reservations.","active":true,"addon":false},{"code":"W_FUEL","name":"Member prices on fuel","description":"Member prices on fuel*** Save up to 10¢ per gallon on fuel at Exxon, Mobil, Walmart & Murphy stations.","active":true,"addon":false}],"cancel":null,"meta":{"payroll":false,"requireConsent":false,"consented":false,"programs":null,"referrer":null,"bundleSignup":false,"type":null,"discountGroup":null,"userAgent":null,"test":false},"membershipDiscount":{"discounts":null,"totalDiscount":0},"createdDate":1700856296241,"createdBy":"0542e46f-46d4-41a1-813c-b9615fd96666","modifiedDate":1700856305328,"modifiedBy":"AstroTest","addons":null,"badges":[],"state":"active","trialEligibleAddons":["INHOMETRIAL30","TRIAL30","INHOME30","INHOME365","TRIAL_TEST_RV","TRIAL180","TRIAL90","B2BTRIAL30","PRARTNERAUTOMATIONTEST","SHOWTIME30","SHOWTIME365","B2BTRIAL365","B2BTRIAL3650"],"cookies":{"names":{"status":"_m","hash":"_mc"},"status":"1","hash":"AmKsMA1iYcai26jGwlUyIQpye/wCncuc9vE/a5QG314=","ttl":5184000},"trialPeriod":false,"remainingDays":366}},"astroInfo":null}'
2023-11-24 12:05:06.115 [DEBUG] [thread-id 1] - Using us-errors-helpers.yaml
2023-11-24 12:05:06.158 [DEBUG] [thread-id 1] - Start Main
2023-11-24 12:05:06.160 [DEBUG] [thread-id 1] - Executing function: 'us.functions.global.onboarding.navigateOnboardingToHome'
2023-11-24 12:05:06.161 [DEBUG] [thread-id 1] - Executing function: 'us.function.utils.getEnvironmentValue'
2023-11-24 12:05:06.162 [DEBUG] [thread-id 1] - Store in: store the value 'teflon' in the variable 'env'
2023-11-24 12:05:06.163 [DEBUG] [thread-id 1] - Start Activity: 'com.walmart.android.debug.com.walmart.glass.integration.splash.SplashActivity'
2023-11-24 12:05:20.086 [DEBUG] [thread-id 1] - conditionally execute a flow. condition: false
2023-11-24 12:05:20.110 [DEBUG] [thread-id 1] - Verify identifier: {com.walmart.android.debug:id/onboarding_welcome_title_textview=[true]}
2023-11-24 12:05:30.132 [DEBUG] [thread-id 1] - conditionally execute a flow. condition: false
2023-11-24 12:05:30.156 [DEBUG] [thread-id 1] - Verify identifier: {com.walmart.android.debug:id/onboarding_welcome_title_textview=[true]}
2023-11-24 12:05:30.224 [DEBUG] [thread-id 1] - Click element: 'com.walmart.android.debug:id/onboarding_welcome_secondary_button'
2023-11-24 12:05:40.993 [DEBUG] [thread-id 1] - Verify identifier: {com.walmart.android.debug:id/onboarding_location_title_textview=[true]}
2023-11-24 12:05:41.032 [DEBUG] [thread-id 1] - Click element: 'com.walmart.android.debug:id/onboarding_zip_code_button'
2023-11-24 12:05:41.860 [DEBUG] [thread-id 1] - Verify identifier: {com.walmart.android.debug:id/onboarding_title_textview=[true]}
2023-11-24 12:05:42.423 [DEBUG] [thread-id 1] - Click element: 'com.walmart.android.debug:id/onboarding_zip_code_textinput'
2023-11-24 12:05:43.938 [DEBUG] [thread-id 1] - Enter text: '95122'
2023-11-24 12:05:46.475 [DEBUG] [thread-id 1] - Hide keyboard: 'true'
2023-11-24 12:05:53.273 [DEBUG] [thread-id 1] - Click element: 'com.walmart.android.debug:id/onboarding_zip_code_search_button'
2023-11-24 12:05:53.933 [DEBUG] [thread-id 1] - sleep:  3000 milliseconds
2023-11-24 12:05:56.937 [DEBUG] [thread-id 1] - loop: from 0 to 3
2023-11-24 12:05:58.636 [DEBUG] [thread-id 1] - 0
2023-11-24 12:06:09.145 [DEBUG] [thread-id 1] - conditionally execute a flow. condition: false
2023-11-24 12:06:19.206 [DEBUG] [thread-id 1] - Verify identifier: {com.walmart.android.debug:id/onboarding_title_textview=[true]}
2023-11-24 12:06:19.207 [DEBUG] [thread-id 1] - Executing function: 'us.functions.global.onboarding.popUpScreen'
2023-11-24 12:06:19.207 [DEBUG] [thread-id 1] - sleep:  3000 milliseconds
2023-11-24 12:06:32.224 [DEBUG] [thread-id 1] - sleep:  3000 milliseconds
2023-11-24 12:06:35.232 [DEBUG] [thread-id 1] - Executing function: 'us.functions.global.onboarding.smartLock.DismissNoneOfTheAbove'
2023-11-24 12:06:45.249 [DEBUG] [thread-id 1] - sleep:  3000 milliseconds
2023-11-24 12:06:48.255 [DEBUG] [thread-id 1] - Executing function: 'us.functions.home.personalizedPopUpScreenClose'
2023-11-24 12:06:48.259 [DEBUG] [thread-id 1] - sleep:  5000 milliseconds
2023-11-24 12:06:53.266 [DEBUG] [thread-id 1] - conditionally execute a flow. condition: true
2023-11-24 12:06:53.440 [DEBUG] [thread-id 1] - Click element: 'com.walmart.android.debug:id/marketing_privacy_bottom_sheet_deny_btn'
2023-11-24 12:06:54.133 [DEBUG] [thread-id 1] - sleep:  3000 milliseconds
2023-11-24 12:06:57.137 [DEBUG] [thread-id 1] - Executing function: 'us.functions.utils.tryAgainWhenThereIsError'
2023-11-24 12:06:57.140 [DEBUG] [thread-id 1] - loop: from 0 to 3
2023-11-24 12:06:57.250 [DEBUG] [thread-id 1] - 0
2023-11-24 12:07:07.323 [DEBUG] [thread-id 1] - conditionally execute a flow. condition: false
2023-11-24 12:07:17.401 [DEBUG] [thread-id 1] - Executing function: 'us.functions.gic.collapseIfExpanded'
2023-11-24 12:07:17.460 [DEBUG] [thread-id 1] - conditionally execute a flow. condition: true
2023-11-24 12:07:17.543 [DEBUG] [thread-id 1] - Click element: '//android.widget.ImageView[contains(@content-desc,"expanded")]'
2023-11-24 12:07:19.232 [DEBUG] [thread-id 1] - Verify identifier: {com.walmart.android.debug:id/search_view=[true]}
2023-11-24 12:07:19.233 [DEBUG] [thread-id 1] - Executing function: 'us.functions.home.handleReorderToolTip'
2023-11-24 12:07:29.236 [DEBUG] [thread-id 1] - conditionally execute a flow. condition: false
2023-11-24 12:07:29.276 [DEBUG] [thread-id 1] - no tooltip displayed
2023-11-24 12:07:29.277 [DEBUG] [thread-id 1] - Executing function: 'us.functions.utils.handleTechnicalErrorPopup'
2023-11-24 12:07:29.277 [DEBUG] [thread-id 1] - Store in: store the value 'false' in the variable 'errorRemoved'
2023-11-24 12:07:29.278 [DEBUG] [thread-id 1] - sleep:  7000 milliseconds
2023-11-24 12:07:36.286 [DEBUG] [thread-id 1] - loop: from 0 to 3
2023-11-24 12:07:36.378 [DEBUG] [thread-id 1] - 0
2023-11-24 12:07:46.467 [DEBUG] [thread-id 1] - conditionally execute a flow. condition: false
2023-11-24 12:07:46.547 [DEBUG] [thread-id 1] - Store in: store the value 'true' in the variable 'errorRemoved'
2023-11-24 12:07:46.598 [DEBUG] [thread-id 1] - No Technical Error Pop up observed
2023-11-24 12:07:46.663 [DEBUG] [thread-id 1] - Executing function: 'us.functions.home.navigateHomeToSignIn'
2023-11-24 12:07:46.702 [DEBUG] [thread-id 1] - Click element: 'com.walmart.android.debug:id/navigation_account'
2023-11-24 12:07:47.352 [DEBUG] [thread-id 1] - sleep:  5000 milliseconds
2023-11-24 12:07:52.470 [DEBUG] [thread-id 1] - Verify identifier: {//*[@resource-id="com.walmart.android.debug:id/sign_in_button"]|//*[@resource-id="com.walmart.android.debug:id/account_sign_in_button"]=[true]}
2023-11-24 12:07:52.471 [DEBUG] [thread-id 1] - loop: from 1 to 3
2023-11-24 12:07:52.506 [DEBUG] [thread-id 1] - Executing function: 'us.functions.global.onboarding.smartLock.DismissNoneOfTheAbove'
2023-11-24 12:08:02.610 [DEBUG] [thread-id 1] - conditionally execute a flow. condition: true
2023-11-24 12:08:02.687 [DEBUG] [thread-id 1] - Click element: '//*[@resource-id="com.walmart.android.debug:id/sign_in_button"]|//*[@resource-id="com.walmart.android.debug:id/account_sign_in_button"]'
2023-11-24 12:08:03.735 [DEBUG] [thread-id 1] - sleep:  3000 milliseconds
2023-11-24 12:08:07.346 [DEBUG] [thread-id 1] - conditionally execute a flow. condition: true
2023-11-24 12:08:07.384 [DEBUG] [thread-id 1] - Store in: store the value 'true' in the variable 'signInValidated'
2023-11-24 12:08:07.419 [DEBUG] [thread-id 1] - conditionally execute a flow. condition: true
2023-11-24 12:08:07.442 [DEBUG] [thread-id 1] - SignIn page loaded
2023-11-24 12:08:07.461 [DEBUG] [thread-id 1] - Store in: store the value 'false' in the variable 'signInValidated'
2023-11-24 12:08:07.462 [DEBUG] [thread-id 1] - Executing function: 'us.functions.global.authentication.signInAccount'
2023-11-24 12:08:07.462 [DEBUG] [thread-id 1] - Executing function: 'us.functions.global.onboarding.smartLock.DismissNoneOfTheAbove'
2023-11-24 12:08:17.469 [WARN] [thread-id 1] - variable validateSignInPage was used, but r2 could not find a value for this variable. returning default of null
2023-11-24 12:08:17.517 [DEBUG] [thread-id 1] - Verify identifier: {//android.widget.EditText[@text="Email"]=[true]}
2023-11-24 12:08:17.544 [DEBUG] [thread-id 1] - Enter text: 'wplususer1700856283254@walmart.com'
2023-11-24 12:08:20.110 [DEBUG] [thread-id 1] - loop: from 1 to 3
2023-11-24 12:08:20.868 [DEBUG] [thread-id 1] - sleep:  3000 milliseconds
2023-11-24 12:08:24.013 [DEBUG] [thread-id 1] - conditionally execute a flow. condition: true
2023-11-24 12:08:24.170 [DEBUG] [thread-id 1] - Click element: 'com.walmart.android.debug:id/auth_button_main'
2023-11-24 12:08:25.203 [DEBUG] [thread-id 1] - sleep:  5000 milliseconds
2023-11-24 12:08:30.819 [DEBUG] [thread-id 1] - conditionally execute a flow. condition: true
2023-11-24 12:08:30.845 [DEBUG] [thread-id 1] - Store in: store the value 'true' in the variable 'signInValidated'
2023-11-24 12:08:30.871 [DEBUG] [thread-id 1] - conditionally execute a flow. condition: true
2023-11-24 12:08:30.900 [DEBUG] [thread-id 1] - Store in: store the value 'false' in the variable 'signInValidated'
2023-11-24 12:08:30.924 [DEBUG] [thread-id 1] - Email entered
2023-11-24 12:08:50.979 [WARN] [thread-id 1] - variable validateSignInPage was used, but r2 could not find a value for this variable. returning default of null
2023-11-24 12:08:50.981 [DEBUG] [thread-id 1] - loop: from 1 to 3
2023-11-24 12:08:51.001 [DEBUG] [thread-id 1] - sleep:  2000 milliseconds
2023-11-24 12:08:53.070 [DEBUG] [thread-id 1] - conditionally execute a flow. condition: true
2023-11-24 12:08:53.132 [DEBUG] [thread-id 1] - Enter text: 'E2epassword$'
2023-11-24 12:08:56.334 [DEBUG] [thread-id 1] - Press go back key: 'true'
2023-11-24 12:08:57.711 [DEBUG] [thread-id 1] - sleep:  1000 milliseconds
2023-11-24 12:08:58.871 [DEBUG] [thread-id 1] - Click element: 'com.walmart.android.debug:id/auth_button_main'
2023-11-24 12:08:59.756 [DEBUG] [thread-id 1] - sleep:  5000 milliseconds
2023-11-24 12:09:07.059 [DEBUG] [thread-id 1] - conditionally execute a flow. condition: true
2023-11-24 12:09:07.126 [DEBUG] [thread-id 1] - Store in: store the value 'true' in the variable 'signInValidated'
2023-11-24 12:09:07.499 [DEBUG] [thread-id 1] - Executing function: 'us.functions.global.authentication.handleSomethingWentWrongError'
2023-11-24 12:09:07.499 [DEBUG] [thread-id 1] - sleep:  5000 milliseconds
2023-11-24 12:09:12.506 [DEBUG] [thread-id 1] - loop: from 0 to 3
2023-11-24 12:09:12.625 [DEBUG] [thread-id 1] - 0
2023-11-24 12:09:22.755 [DEBUG] [thread-id 1] - conditionally execute a flow. condition: false
2023-11-24 12:09:22.801 [DEBUG] [thread-id 1] - conditionally execute a flow. condition: true
2023-11-24 12:09:22.846 [DEBUG] [thread-id 1] - Account signed in
2023-11-24 12:09:32.879 [DEBUG] [thread-id 1] - Executing function: 'us.functions.utils.handleCartMergePopup'
2023-11-24 12:09:32.879 [DEBUG] [thread-id 1] - sleep:  7000 milliseconds
2023-11-24 12:09:39.889 [DEBUG] [thread-id 1] - loop: from 0 to 4
2023-11-24 12:09:40.068 [DEBUG] [thread-id 1] - 0
2023-11-24 12:09:50.218 [DEBUG] [thread-id 1] - conditionally execute a flow. condition: false
2023-11-24 12:09:50.261 [DEBUG] [thread-id 1] - No cart merge popup observed
2023-11-24 12:09:50.309 [DEBUG] [thread-id 1] - Executing function: 'us.functions.global.navigation.accountToHome'
2023-11-24 12:09:50.309 [DEBUG] [thread-id 1] - conditionally execute a flow. condition: true
2023-11-24 12:09:50.361 [DEBUG] [thread-id 1] - Scroll: up
2023-11-24 12:09:51.076 [DEBUG] [thread-id 1] - Verify identifier: {com.walmart.android.debug:id/purchase_history_header=[true]}
2023-11-24 12:10:01.156 [DEBUG] [thread-id 1] - Click element: 'com.walmart.android.debug:id/navigation_shop'
2023-11-24 12:10:02.302 [DEBUG] [thread-id 1] - Executing function: 'us.functions.home.closeWPlusPromotionPopUpIfDisplayed'
2023-11-24 12:10:02.303 [DEBUG] [thread-id 1] - sleep:  5000 milliseconds
2023-11-24 12:10:17.323 [DEBUG] [thread-id 1] - Executing function: 'us.functions.home.setStore'
2023-11-24 12:10:17.325 [DEBUG] [thread-id 1] - conditionally execute a flow. condition: true
2023-11-24 12:10:17.363 [DEBUG] [thread-id 1] - Executing function: 'us.functions.home.changeStore'
2023-11-24 12:10:17.410 [DEBUG] [thread-id 1] - conditionally execute a flow. condition: true
2023-11-24 12:10:17.489 [DEBUG] [thread-id 1] - Click element: '//android.widget.ImageView[contains(@resource-id, "com.walmart.android.debug:id/global_intent_center_collapsed_chevron") and (contains(@content-desc,"collapsed") or contains(@content-desc,"collapse"))]'
2023-11-24 12:10:18.165 [WARN] [thread-id 1] - variable storeOnly was used, but r2 could not find a value for this variable. returning default of null
2023-11-24 12:10:18.166 [DEBUG] [thread-id 1] - conditionally execute a flow. condition: true
2023-11-24 12:10:29.231 [DEBUG] [thread-id 1] - conditionally execute a flow. condition: false
2023-11-24 12:10:38.292 [DEBUG] [thread-id 1] - Click element: '//android.widget.ImageView[contains(@content-desc, "Pickup") and contains(@content-desc, "2 of 3")] | //*[@resource-id = "com.walmart.android.debug:id/card_btn_hot_pickup"]'
2023-11-24 12:10:38.948 [WARN] [thread-id 1] - variable driverpopup was used, but r2 could not find a value for this variable. returning default of null
2023-11-24 12:10:48.968 [DEBUG] [thread-id 1] - sleep:  2000 milliseconds
2023-11-24 12:10:50.982 [DEBUG] [thread-id 1] - Executing function: 'us.functions.home.closeWPlusPromotionPopUpIfDisplayed'
2023-11-24 12:10:50.983 [DEBUG] [thread-id 1] - sleep:  5000 milliseconds
2023-11-24 12:11:19.260 [DEBUG] [thread-id 1] - Click element: '//*[contains(@resource-id, "global_intent_center_expanded_view")]//androidx.cardview.widget.CardView[contains(@resource-id, "global_intent_center_expanded_large_card")][position()=last()]//*[contains(@resource-id, "global_intent_center_large_card_chevron")] | //*[@resource-id="com.walmart.android.debug:id/gic_hot_pickup_card"]//*[@resource-id = "com.walmart.android.debug:id/gic_hot_card_content"]'
2023-11-24 12:11:35.970 [DEBUG] [thread-id 1] - conditionally execute a flow. condition: false
2023-11-24 12:11:57.796 [DEBUG] [thread-id 1] - Enter text: '95122'
2023-11-24 12:13:33.732 [DEBUG] [thread-id 1] - Click element: '//*[@resource-id="com.walmart.android.debug:id/storeslector_access_points_recycler_view"]/android.view.ViewGroup[1]'
2023-11-24 12:13:46.320 [DEBUG] [thread-id 1] - Click element: 'com.walmart.android.debug:id/store_selector_store_save_button'
2023-11-24 12:15:53.837 [DEBUG] [thread-id 1] - sleep:  5000 milliseconds
2023-11-24 12:16:09.189 [DEBUG] [thread-id 1] - Executing function: 'us.functions.utils.handleTechnicalErrorPopup'
2023-11-24 12:16:09.189 [DEBUG] [thread-id 1] - Store in: store the value 'false' in the variable 'errorRemoved'
2023-11-24 12:16:09.189 [DEBUG] [thread-id 1] - sleep:  7000 milliseconds
2023-11-24 12:16:16.198 [DEBUG] [thread-id 1] - loop: from 0 to 3
2023-11-24 12:16:16.341 [DEBUG] [thread-id 1] - 0
2023-11-24 12:16:26.522 [DEBUG] [thread-id 1] - conditionally execute a flow. condition: false
2023-11-24 12:16:26.589 [DEBUG] [thread-id 1] - Store in: store the value 'true' in the variable 'errorRemoved'
2023-11-24 12:16:26.680 [DEBUG] [thread-id 1] - No Technical Error Pop up observed
2023-11-24 12:16:36.925 [DEBUG] [thread-id 1] - conditionally execute a flow. condition: true
2023-11-24 12:16:37.036 [DEBUG] [thread-id 1] - Click element: 'com.walmart.android.debug:id/global_intent_center_collapsed_chevron'
2023-11-24 12:16:37.990 [DEBUG] [thread-id 1] - Verify identifier: {com.walmart.android.debug:id/global_intent_center_collapsed_location=[true]}
2023-11-24 12:16:37.991 [DEBUG] [thread-id 1] - Store in: store the value 'false' in the variable 'storeOnly'
2023-11-24 12:16:37.992 [DEBUG] [thread-id 1] - Executing function: 'us.functions.gic.changeFulfillment'
2023-11-24 12:16:48.024 [DEBUG] [thread-id 1] - conditionally execute a flow. condition: false
2023-11-24 12:16:48.067 [DEBUG] [thread-id 1] - Executing function: 'us.functions.gic.expandIfCollapsed'
2023-11-24 12:16:48.123 [DEBUG] [thread-id 1] - conditionally execute a flow. condition: true
2023-11-24 12:16:48.193 [DEBUG] [thread-id 1] - Click element: '//android.widget.ImageView[contains(@resource-id, "com.walmart.android.debug:id/global_intent_center_collapsed_chevron") and (contains(@content-desc,"collapsed") or contains(@content-desc,"collapse"))]'
2023-11-24 12:16:49.247 [DEBUG] [thread-id 1] - Executing function: 'us.functions.gic.setFulfillment'
2023-11-24 12:16:59.295 [DEBUG] [thread-id 1] - conditionally execute a flow. condition: false
2023-11-24 12:16:59.351 [DEBUG] [thread-id 1] - conditionally execute a flow. condition: true
2023-11-24 12:17:09.011 [DEBUG] [thread-id 1] - Click element: '//android.widget.ImageView[contains(@content-desc,"Shipping 1 of 3") or contains(@content-desc,"Shipping selection 1 of 3")]'
2023-11-24 12:17:11.044 [DEBUG] [thread-id 1] - Click element: '//android.widget.ImageView[contains(@content-desc,"expanded")]'
2023-11-24 12:17:11.701 [DEBUG] [thread-id 1] - Executing function: 'us.functions.search.ibottaRewardsItem'
2023-11-24 12:17:11.703 [DEBUG] [thread-id 1] - loop: over '[ "156166016", "550154263", "949029928", "553478431"]'
2023-11-24 12:17:11.909 [DEBUG] [thread-id 1] - Executing function: 'us.functions.search.searchItem'
2023-11-24 12:17:11.910 [DEBUG] [thread-id 1] - loop: from 1 to 3
2023-11-24 12:17:22.726 [DEBUG] [thread-id 1] - conditionally execute a flow. condition: false
2023-11-24 12:17:22.767 [DEBUG] [thread-id 1] - Verify identifier: {com.walmart.android.debug:id/navigation_search=[true]}
2023-11-24 12:17:25.963 [DEBUG] [thread-id 1] - Click element: 'com.walmart.android.debug:id/navigation_search'
2023-11-24 12:17:27.415 [DEBUG] [thread-id 1] - Verify identifier: {com.walmart.android.debug:id/search_view=[true]}
2023-11-24 12:17:30.994 [DEBUG] [thread-id 1] - Click element: 'com.walmart.android.debug:id/search_view'
2023-11-24 12:17:32.367 [DEBUG] [thread-id 1] - Verify identifier: {com.walmart.android.debug:id/search_view=[true]}
2023-11-24 12:17:34.575 [DEBUG] [thread-id 1] - Enter text: '156166016'
2023-11-24 12:17:39.602 [DEBUG] [thread-id 1] - sleep:  10000 milliseconds
2023-11-24 12:17:49.717 [DEBUG] [thread-id 1] - Hide keyboard: 'true'
2023-11-24 12:17:49.995 [DEBUG] [thread-id 1] - Executing function: 'us.functions.search.closeHowDoYouWantYourOrderBottomTray'
2023-11-24 12:17:50.032 [DEBUG] [thread-id 1] - Verify identifier: {//android.widget.TextView[@text = "Three easy ways to get your order"]=[true]}
2023-11-24 12:17:50.056 [DEBUG] [thread-id 1] - Click element: 'com.walmart.android.debug:id/search_close_button'
2023-11-24 12:18:02.691 [DEBUG] [thread-id 1] - conditionally execute a flow. condition: true
2023-11-24 12:18:02.773 [DEBUG] [thread-id 1] - Verify identifier: {//*[(@resource-id="com.walmart.android.debug:id/product_tile_list_view") or (@resource-id="com.walmart.android.debug:id/product_tile_image_view")]=[true]}
2023-11-24 12:18:12.827 [DEBUG] [thread-id 1] - conditionally execute a flow. condition: false
2023-11-24 12:18:12.925 [DEBUG] [thread-id 1] - sleep:  5000 milliseconds
2023-11-24 12:18:28.181 [DEBUG] [thread-id 1] - loop: from 1 to 3
2023-11-24 12:18:38.254 [DEBUG] [thread-id 1] - conditionally execute a flow. condition: false
2023-11-24 12:18:38.300 [DEBUG] [thread-id 1] - Verify identifier: {com.walmart.android.debug:id/navigation_search=[true]}
2023-11-24 12:18:41.474 [DEBUG] [thread-id 1] - Click element: 'com.walmart.android.debug:id/navigation_search'
2023-11-24 12:18:42.537 [DEBUG] [thread-id 1] - Verify identifier: {com.walmart.android.debug:id/search_view=[true]}
2023-11-24 12:18:46.262 [DEBUG] [thread-id 1] - Click element: 'com.walmart.android.debug:id/search_view'
2023-11-24 12:18:49.205 [DEBUG] [thread-id 1] - Verify identifier: {com.walmart.android.debug:id/search_view=[true]}
2023-11-24 12:18:49.841 [DEBUG] [thread-id 1] - Enter text: '550154263'
2023-11-24 12:18:57.569 [DEBUG] [thread-id 1] - sleep:  10000 milliseconds
2023-11-24 12:19:07.757 [DEBUG] [thread-id 1] - Hide keyboard: 'true'
2023-11-24 12:19:28.933 [DEBUG] [thread-id 1] - conditionally execute a flow. condition: true
2023-11-24 12:19:29.471 [DEBUG] [thread-id 1] - Verify identifier: {//*[(@resource-id="com.walmart.android.debug:id/product_tile_list_view") or (@resource-id="com.walmart.android.debug:id/product_tile_image_view")]=[true]}
2023-11-24 12:19:39.721 [DEBUG] [thread-id 1] - conditionally execute a flow. condition: false
2023-11-24 12:19:39.839 [DEBUG] [thread-id 1] - sleep:  5000 milliseconds
2023-11-24 12:19:45.015 [DEBUG] [thread-id 1] - conditionally execute a flow. condition: true
2023-11-24 12:19:45.077 [DEBUG] [thread-id 1] - ibottaRewardsItem is in stock
2023-11-24 12:19:45.138 [DEBUG] [thread-id 1] - Executing function: 'us.functions.search.verifyibottaRewardsLinkOfItem'
2023-11-24 12:20:06.165 [DEBUG] [thread-id 1] - Main failed: Is not present: '//*[@resource-id="com.walmart.android.debug:id/product_tile_rewards"]'
2023-11-24 12:20:06.494 [DEBUG] [thread-id 1] - Executing scenario: 'After'
2023-11-24 12:20:06.495 [DEBUG] [thread-id 1] - Executing function: 'us.functions.utils.afterSteps'
2023-11-24 12:20:06.496 [WARN] [thread-id 1] - variable testStatus was used, but r2 could not find a value for this variable. returning default of null
2023-11-24 12:20:06.496 [DEBUG] [thread-id 1] - conditionally execute a flow. condition: false
2023-11-24 12:20:06.606 [DEBUG] [thread-id 1] - Test failed
2023-11-24 12:20:16.568 [DEBUG] [thread-id 1] - Created report: /Users/m0k0a2f/glass-automation/report/index.html
2023-11-24 13:51:54.409 [DEBUG] [thread-id 1] - Executing R2 3.38.1: '/Users/m0k0a2f/glass-automation/./us/test/test-scripts/android/golden-flows/wplus-flows/Wplus-ibotta-rewards/C2671353-Android-Ibotta-Rewards-Cancelled.yaml' on device: 'Pixel_5_API_31'
2023-11-24 13:52:14.181 [DEBUG] [thread-id 1] - Executing scenario: 'Before'
2023-11-24 13:52:14.182 [DEBUG] [thread-id 1] - R2_EXTEND_TRIAL_MEMBER_FLOW
2023-11-24 13:52:14.183 [DEBUG] [thread-id 1] - Timestamp: 1700862734183
2023-11-24 13:52:14.184 [DEBUG] [thread-id 1] - Store in: store the value 'wplususer1700862734183@walmart.com' in the variable 'customerEmail'
2023-11-24 13:52:14.187 [DEBUG] [thread-id 1] - Executing function: 'us.functions.utils.astro.createTrialAccountConvertToPaid'
2023-11-24 13:52:14.187 [DEBUG] [thread-id 1] - Create Account
2023-11-24 13:52:14.188 [DEBUG] [thread-id 1] - {"firstName":"Test","lastName":"User","emailAddress":"wplususer1700862734183@walmart.com","phoneNumber":"4089999999","password":"E2epassword$","paymentMethods":["VISA"],"postalAddress":{"address":"1395 Leeward Dr","city":"San Jose","state":"CA","country":"USA","postalCode":"95122"},"wplusSubscription":{"tenure":"Annual","extendTrial":false,"isNextGen":true}}
2023-11-24 13:52:14.189 [DEBUG] [thread-id 1] - Call API: 'http://astro.walmart.com/api/v2/teflon/customer'
2023-11-24 13:52:28.643 [DEBUG] [thread-id 1] - Response code is: '200'. Response body is: '{"astroStatus":"SUCCESS","astroDescription":"SIGNUP_SUCCESS","astroDetails":{"status":"OK","statusCode":200,"customerAccountId":"2f1bdb79-edc0-489e-a9c7-1bf7c6bbbed9","customerDetails":{"firstName":"Test","lastName":"User","emailAddress":"wplususer1700862734183@walmart.com","phoneNumber":"4089999999","password":"E2epassword$","paymentMethods":["VISA"],"postalAddress":{"address":"1395 Leeward Dr","city":"San Jose","state":"CA","country":"USA","postalCode":"95122"},"wplusSubscription":{"tenure":"Annual","extendTrial":false,"isNextGen":true}},"addDeliveryPreference":"OK","addPaymentPreference":"OK","addPaymentPreferenceId":"712954ec-e939-4d13-8def-00733434dd08","customerPatch":"OK","wPlusActivationRes":{"statusCode":200,"description":"wplusActivation Successfully","response":{"astroStatus":"SUCCESS","astroDescription":"Added W+ membership for customer wplususer1700862734183@walmart.com","astroDetails":{"status":"CREATED","header":null,"errors":null,"payload":{"id":"3d81f1b3-78fa-4635-a16b-5913d866d731","customerId":"2f1bdb79-edc0-489e-a9c7-1bf7c6bbbed9","startDate":1703454747177,"endDate":null,"enrolledDate":1700862747177,"tenant":0,"verticalId":0,"martId":null,"createdByConsumer":"2d66e48d-fcaa-4b81-b624-0f0556a24bcd","modifiedByConsumer":null,"identifiers":[],"legacyMembershipId":null,"trial":{"enrollmentDate":1700862747177,"extensions":null},"plan":{"id":"TRIAL30","description":"30 Day Trial","displayName":"Walmart +","price":0,"currency":"USD","duration":{"value":30,"unit":"DAY","description":"Monthly"},"association":null},"nextPlan":{"id":"BASE365","description":"Array of benefits across App, Grocery, and Stores","displayName":"Walmart +","price":98,"currency":"USD","duration":{"value":365,"unit":"DAY","description":"Annual"},"association":null},"preference":{"paymentId":"712954ec-e939-4d13-8def-00733434dd08","addressId":"fbb040b7-8bf9-4b22-987c-6403f25475f1"},"renewal":{"autoRenewal":true,"nextBillingDate":1703454747177,"lastBillingDate":null,"nextPlanProratedAmount":null,"nextPlanProratedDuration":null,"dunning":false,"transactionId":null,"dayOfMonth":24,"cycleCount":null,"previousSwitchedBillingDates":null,"reminder":{}},"pauseCycle":{"cycles":[],"prospectiveBillingDate":1706133147177,"pauseStatus":"INELIGIBLE","pauseCount":0},"benefits":[{"code":"ACC","name":"WMPlus Auto Care Center Benefits","description":"Free Roadhazard Warranty with Install, and Free Flat Tire Repair for Members.","active":true,"addon":false},{"code":"CASHBACK","name":"Member Rewards","description":"Earn rewards on select items.","active":true,"addon":false},{"code":"DELIVERY_UNLIMITED","name":"Free delivery from your store","description":"Groceries & more delivered as soon as today, at the low prices you love","active":true,"addon":false},{"code":"FREE_SHIPPING","name":"Free shipping","description":"Items shipped by Walmart ship free —no order minimum. Shipping fee will be waived at checkout. *Restrictions apply.","active":true,"addon":false},{"code":"ITEM_REWARDS","name":"ITEM_REWARDS","description":"Earn rewards on eligible items","active":true,"addon":false},{"code":"LMD_FREE_RETURNS","name":"LMD Free Returns","description":"LMD Free Returns","active":true,"addon":false},{"code":"PET_BENEFITS","name":"PET_BENEFITS","description":"Pet partnerships and rewards offering","active":true,"addon":false},{"code":"RX_DISCOUNT","name":"LMD Free Returns","description":"LMD Free Returns.","active":true,"addon":false},{"code":"SCAN_N_GO","name":"Mobile scan & go","description":"Check out as you shop to make store shopping fast and contact-free.","active":true,"addon":false},{"code":"STREAMING","name":"Paramount Plus","description":"Enjoy critically-acclaimed originals, exclusive live sports, hit movies. Coming soon.","active":true,"addon":false},{"code":"STREAMING_TV","name":"PlutoTV","description":"Watch 250+ channels of free TV and 1000's of on-demand movies and TV shows.","active":true,"addon":false},{"code":"SUBSCRIPTION","name":"SUBSCRIPTION","description":"Paid members save a discount on eligible, household items and get free shipping with no order minimum","active":true,"addon":false},{"code":"TRAVEL","name":"EXPEDIA","description":"White label site offering W+ customers rewards associated with travel reservations.","active":true,"addon":false},{"code":"UPGRADE_FOR_EARLY_ACCESS","name":"UPGRADE_FOR_EARLY_ACCESS","description":"Paid members get exclusive early access to online Black Friday deals","active":true,"addon":false},{"code":"W_FUEL","name":"Member prices on fuel","description":"Member prices on fuel*** Save up to 10¢ per gallon on fuel at Exxon, Mobil, Walmart & Murphy stations.","active":true,"addon":false}],"cancel":null,"meta":{"payroll":false,"requireConsent":false,"consented":false,"programs":null,"referrer":null,"bundleSignup":false,"type":null,"discountGroup":null,"userAgent":null,"test":false},"membershipDiscount":{"discounts":null,"totalDiscount":0},"createdDate":1700862747177,"createdBy":"2f1bdb79-edc0-489e-a9c7-1bf7c6bbbed9","modifiedDate":1700862747177,"modifiedBy":"2f1bdb79-edc0-489e-a9c7-1bf7c6bbbed9","addons":null,"badges":[],"state":"trial","trialEligibleAddons":["INHOMETRIAL30","TRIAL30","INHOME30","INHOME365","TRIAL_TEST_RV","TRIAL180","TRIAL90","B2BTRIAL30","PRARTNERAUTOMATIONTEST","SHOWTIME30","SHOWTIME365","B2BTRIAL365","B2BTRIAL3650"],"cookies":{"names":{"status":"_m","hash":"_mc"},"status":"5","hash":"nuVQ1o2//p/zlgM7bh45BRVU8+fQImTkR5F9qR9Byhg=","ttl":5184000},"trialPeriod":true,"remainingDays":30}},"astroInfo":null}}}}'
2023-11-24 13:52:28.659 [DEBUG] [thread-id 1] - Account created successfully
2023-11-24 13:52:28.670 [DEBUG] [thread-id 1] - Converting Trial to Paid Member
2023-11-24 13:52:28.672 [DEBUG] [thread-id 1] - Executing function: 'us.functions.utils.astro.convertTrialtoPaidMember'
2023-11-24 13:52:28.673 [DEBUG] [thread-id 1] - Convert Trial to Paid Member
2023-11-24 13:52:28.673 [DEBUG] [thread-id 1] - wplususer1700862734183@walmart.com
2023-11-24 13:52:28.674 [DEBUG] [thread-id 1] - {"firstName":"Test","lastName":"User","emailAddress":"wplususer1700862734183@walmart.com","phoneNumber":"4089999999","password":"E2epassword$","paymentMethods":["VISA"],"postalAddress":{"address":"1395 Leeward Dr","city":"San Jose","state":"CA","country":"USA","postalCode":"95122"},"wplusSubscription":{"tenure":"Annual","extendTrial":false,"isNextGen":true}}
2023-11-24 13:52:28.675 [DEBUG] [thread-id 1] - Call API: 'http://astro.walmart.com/api/v2/teflon/account/wplususer1700862734183@walmart.com/wplus'
2023-11-24 13:52:37.951 [DEBUG] [thread-id 1] - Response code is: '200'. Response body is: '{"astroStatus":"SUCCESS","astroDescription":"Converted to paid W+ membership for customer wplususer1700862734183@walmart.com","astroDetails":{"status":"OK","header":null,"errors":null,"payload":{"id":"3d81f1b3-78fa-4635-a16b-5913d866d731","customerId":"2f1bdb79-edc0-489e-a9c7-1bf7c6bbbed9","startDate":1700862756624,"endDate":null,"enrolledDate":1700862747177,"tenant":0,"verticalId":2,"martId":null,"createdByConsumer":"2d66e48d-fcaa-4b81-b624-0f0556a24bcd","modifiedByConsumer":"2d66e48d-fcaa-4b81-b624-0f0556a24bcd","identifiers":[],"legacyMembershipId":null,"trial":{"enrollmentDate":1700862747177,"extensions":null},"plan":{"id":"BASE365","description":"Array of benefits across App, Grocery, and Stores","displayName":"Walmart +","price":98,"currency":"USD","duration":{"value":365,"unit":"DAY","description":"Annual"},"association":null},"nextPlan":{"id":"BASE365","description":"Array of benefits across App, Grocery, and Stores","displayName":"Walmart +","price":98,"currency":"USD","duration":{"value":365,"unit":"DAY","description":"Annual"},"association":null},"preference":{"paymentId":"712954ec-e939-4d13-8def-00733434dd08","addressId":"fbb040b7-8bf9-4b22-987c-6403f25475f1"},"renewal":{"autoRenewal":true,"nextBillingDate":1732485156624,"lastBillingDate":null,"nextPlanProratedAmount":null,"nextPlanProratedDuration":null,"dunning":false,"transactionId":null,"dayOfMonth":null,"cycleCount":null,"previousSwitchedBillingDates":null,"reminder":{}},"pauseCycle":{"cycles":[],"prospectiveBillingDate":1735077156624,"pauseStatus":"ELIGIBLE","pauseCount":0},"benefits":[{"code":"ACC","name":"WMPlus Auto Care Center Benefits","description":"Free Roadhazard Warranty with Install, and Free Flat Tire Repair for Members.","active":true,"addon":false},{"code":"CASHBACK","name":"Member Rewards","description":"Earn rewards on select items.","active":true,"addon":false},{"code":"DELIVERY_UNLIMITED","name":"Free delivery from your store","description":"Groceries & more delivered as soon as today, at the low prices you love","active":true,"addon":false},{"code":"EARLY_ACCESS","name":"EARLY_ACCESS","description":"Paid members get exclusive early access to online Black Friday deals","active":true,"addon":false},{"code":"EXPRESS_PROMO","name":"WMPlus Free Express Promotion","description":"1 Free express delivery for month of December.","active":true,"addon":false},{"code":"FREE_SHIPPING","name":"Free shipping","description":"Items shipped by Walmart ship free —no order minimum. Shipping fee will be waived at checkout. *Restrictions apply.","active":true,"addon":false},{"code":"ITEM_REWARDS","name":"ITEM_REWARDS","description":"Earn rewards on eligible items","active":true,"addon":false},{"code":"LMD_FREE_RETURNS","name":"LMD Free Returns","description":"LMD Free Returns","active":true,"addon":false},{"code":"PET_BENEFITS","name":"PET_BENEFITS","description":"Pet partnerships and rewards offering","active":true,"addon":false},{"code":"RX_DISCOUNT","name":"LMD Free Returns","description":"LMD Free Returns.","active":true,"addon":false},{"code":"SCAN_N_GO","name":"Mobile scan & go","description":"Check out as you shop to make store shopping fast and contact-free.","active":true,"addon":false},{"code":"STREAMING","name":"Paramount Plus","description":"Enjoy critically-acclaimed originals, exclusive live sports, hit movies. Coming soon.","active":true,"addon":false},{"code":"STREAMING_TV","name":"PlutoTV","description":"Watch 250+ channels of free TV and 1000's of on-demand movies and TV shows.","active":true,"addon":false},{"code":"SUBSCRIPTION","name":"SUBSCRIPTION","description":"Paid members save a discount on eligible, household items and get free shipping with no order minimum","active":true,"addon":false},{"code":"TRAVEL","name":"EXPEDIA","description":"White label site offering W+ customers rewards associated with travel reservations.","active":true,"addon":false},{"code":"W_FUEL","name":"Member prices on fuel","description":"Member prices on fuel*** Save up to 10¢ per gallon on fuel at Exxon, Mobil, Walmart & Murphy stations.","active":true,"addon":false}],"cancel":null,"meta":{"payroll":false,"requireConsent":false,"consented":false,"programs":null,"referrer":null,"bundleSignup":false,"type":null,"discountGroup":null,"userAgent":null,"test":false},"membershipDiscount":{"discounts":null,"totalDiscount":0},"createdDate":1700862747177,"createdBy":"2f1bdb79-edc0-489e-a9c7-1bf7c6bbbed9","modifiedDate":1700862756624,"modifiedBy":"AstroTest","addons":null,"badges":[],"state":"active","trialEligibleAddons":["INHOMETRIAL30","TRIAL30","INHOME30","INHOME365","TRIAL_TEST_RV","TRIAL180","TRIAL90","B2BTRIAL30","PRARTNERAUTOMATIONTEST","SHOWTIME30","SHOWTIME365","B2BTRIAL365","B2BTRIAL3650"],"cookies":{"names":{"status":"_m","hash":"_mc"},"status":"1","hash":"jmjKYpWIBsboUg9aZuHU9qJAN62/o5qK4od072ce45A=","ttl":5184000},"trialPeriod":false,"remainingDays":366}},"astroInfo":null}'
2023-11-24 13:52:38.034 [DEBUG] [thread-id 1] - Using us-errors-helpers.yaml
2023-11-24 13:52:38.090 [DEBUG] [thread-id 1] - Start Main
2023-11-24 13:52:38.094 [DEBUG] [thread-id 1] - Executing function: 'us.functions.global.onboarding.navigateOnboardingToHome'
2023-11-24 13:52:38.095 [DEBUG] [thread-id 1] - Executing function: 'us.function.utils.getEnvironmentValue'
2023-11-24 13:52:38.097 [DEBUG] [thread-id 1] - Store in: store the value 'teflon' in the variable 'env'
2023-11-24 13:52:38.098 [DEBUG] [thread-id 1] - Start Activity: 'com.walmart.android.debug.com.walmart.glass.integration.splash.SplashActivity'
2023-11-24 13:52:52.025 [DEBUG] [thread-id 1] - conditionally execute a flow. condition: false
2023-11-24 13:52:52.099 [DEBUG] [thread-id 1] - Verify identifier: {com.walmart.android.debug:id/onboarding_welcome_title_textview=[true]}
2023-11-24 13:53:02.141 [DEBUG] [thread-id 1] - conditionally execute a flow. condition: false
2023-11-24 13:53:02.168 [DEBUG] [thread-id 1] - Verify identifier: {com.walmart.android.debug:id/onboarding_welcome_title_textview=[true]}
2023-11-24 13:53:02.247 [DEBUG] [thread-id 1] - Click element: 'com.walmart.android.debug:id/onboarding_welcome_secondary_button'
2023-11-24 13:53:12.940 [DEBUG] [thread-id 1] - Verify identifier: {com.walmart.android.debug:id/onboarding_location_title_textview=[true]}
2023-11-24 13:53:12.983 [DEBUG] [thread-id 1] - Click element: 'com.walmart.android.debug:id/onboarding_zip_code_button'
2023-11-24 13:53:13.810 [DEBUG] [thread-id 1] - Verify identifier: {com.walmart.android.debug:id/onboarding_title_textview=[true]}
2023-11-24 13:53:14.400 [DEBUG] [thread-id 1] - Click element: 'com.walmart.android.debug:id/onboarding_zip_code_textinput'
2023-11-24 13:53:15.875 [DEBUG] [thread-id 1] - Enter text: '95122'
2023-11-24 13:53:18.397 [DEBUG] [thread-id 1] - Hide keyboard: 'true'
2023-11-24 13:53:25.109 [DEBUG] [thread-id 1] - Click element: 'com.walmart.android.debug:id/onboarding_zip_code_search_button'
2023-11-24 13:53:25.708 [DEBUG] [thread-id 1] - sleep:  3000 milliseconds
2023-11-24 13:53:28.715 [DEBUG] [thread-id 1] - loop: from 0 to 3
2023-11-24 13:53:29.448 [DEBUG] [thread-id 1] - 0
2023-11-24 13:53:39.537 [DEBUG] [thread-id 1] - conditionally execute a flow. condition: false
2023-11-24 13:53:49.622 [DEBUG] [thread-id 1] - Verify identifier: {com.walmart.android.debug:id/onboarding_title_textview=[true]}
2023-11-24 13:53:49.627 [DEBUG] [thread-id 1] - Executing function: 'us.functions.global.onboarding.popUpScreen'
2023-11-24 13:53:49.627 [DEBUG] [thread-id 1] - sleep:  3000 milliseconds
2023-11-24 13:54:02.648 [DEBUG] [thread-id 1] - sleep:  3000 milliseconds
2023-11-24 13:54:05.662 [DEBUG] [thread-id 1] - Executing function: 'us.functions.global.onboarding.smartLock.DismissNoneOfTheAbove'
2023-11-24 13:54:15.711 [DEBUG] [thread-id 1] - sleep:  3000 milliseconds
2023-11-24 13:54:18.715 [DEBUG] [thread-id 1] - Executing function: 'us.functions.home.personalizedPopUpScreenClose'
2023-11-24 13:54:18.716 [DEBUG] [thread-id 1] - sleep:  5000 milliseconds
2023-11-24 13:54:23.725 [DEBUG] [thread-id 1] - conditionally execute a flow. condition: true
2023-11-24 13:54:23.887 [DEBUG] [thread-id 1] - Click element: 'com.walmart.android.debug:id/marketing_privacy_bottom_sheet_deny_btn'
2023-11-24 13:54:24.542 [DEBUG] [thread-id 1] - sleep:  3000 milliseconds
2023-11-24 13:54:27.546 [DEBUG] [thread-id 1] - Executing function: 'us.functions.utils.tryAgainWhenThereIsError'
2023-11-24 13:54:27.548 [DEBUG] [thread-id 1] - loop: from 0 to 3
2023-11-24 13:54:27.641 [DEBUG] [thread-id 1] - 0
2023-11-24 13:54:37.729 [DEBUG] [thread-id 1] - conditionally execute a flow. condition: false
2023-11-24 13:54:47.802 [DEBUG] [thread-id 1] - Executing function: 'us.functions.gic.collapseIfExpanded'
2023-11-24 13:54:47.873 [DEBUG] [thread-id 1] - conditionally execute a flow. condition: true
2023-11-24 13:54:47.967 [DEBUG] [thread-id 1] - Click element: '//android.widget.ImageView[contains(@content-desc,"expanded")]'
2023-11-24 13:54:49.633 [DEBUG] [thread-id 1] - Verify identifier: {com.walmart.android.debug:id/search_view=[true]}
2023-11-24 13:54:49.635 [DEBUG] [thread-id 1] - Executing function: 'us.functions.home.handleReorderToolTip'
2023-11-24 13:54:59.654 [DEBUG] [thread-id 1] - conditionally execute a flow. condition: false
2023-11-24 13:54:59.708 [DEBUG] [thread-id 1] - no tooltip displayed
2023-11-24 13:54:59.709 [DEBUG] [thread-id 1] - Executing function: 'us.functions.utils.handleTechnicalErrorPopup'
2023-11-24 13:54:59.709 [DEBUG] [thread-id 1] - Store in: store the value 'false' in the variable 'errorRemoved'
2023-11-24 13:54:59.709 [DEBUG] [thread-id 1] - sleep:  7000 milliseconds
2023-11-24 13:55:06.715 [DEBUG] [thread-id 1] - loop: from 0 to 3
2023-11-24 13:55:06.803 [DEBUG] [thread-id 1] - 0
2023-11-24 13:55:16.862 [DEBUG] [thread-id 1] - conditionally execute a flow. condition: false
2023-11-24 13:55:16.900 [DEBUG] [thread-id 1] - Store in: store the value 'true' in the variable 'errorRemoved'
2023-11-24 13:55:16.954 [DEBUG] [thread-id 1] - No Technical Error Pop up observed
2023-11-24 13:55:17.012 [DEBUG] [thread-id 1] - Executing function: 'us.functions.home.navigateHomeToSignIn'
2023-11-24 13:55:17.046 [DEBUG] [thread-id 1] - Click element: 'com.walmart.android.debug:id/navigation_account'
2023-11-24 13:55:17.683 [DEBUG] [thread-id 1] - sleep:  5000 milliseconds
2023-11-24 13:55:22.781 [DEBUG] [thread-id 1] - Verify identifier: {//*[@resource-id="com.walmart.android.debug:id/sign_in_button"]|//*[@resource-id="com.walmart.android.debug:id/account_sign_in_button"]=[true]}
2023-11-24 13:55:22.783 [DEBUG] [thread-id 1] - loop: from 1 to 3
2023-11-24 13:55:22.832 [DEBUG] [thread-id 1] - Executing function: 'us.functions.global.onboarding.smartLock.DismissNoneOfTheAbove'
2023-11-24 13:55:32.941 [DEBUG] [thread-id 1] - conditionally execute a flow. condition: true
2023-11-24 13:55:33.038 [DEBUG] [thread-id 1] - Click element: '//*[@resource-id="com.walmart.android.debug:id/sign_in_button"]|//*[@resource-id="com.walmart.android.debug:id/account_sign_in_button"]'
2023-11-24 13:55:34.098 [DEBUG] [thread-id 1] - sleep:  3000 milliseconds
2023-11-24 13:55:37.702 [DEBUG] [thread-id 1] - conditionally execute a flow. condition: true
2023-11-24 13:55:37.746 [DEBUG] [thread-id 1] - Store in: store the value 'true' in the variable 'signInValidated'
2023-11-24 13:55:37.772 [DEBUG] [thread-id 1] - conditionally execute a flow. condition: true
2023-11-24 13:55:37.803 [DEBUG] [thread-id 1] - SignIn page loaded
2023-11-24 13:55:37.826 [DEBUG] [thread-id 1] - Store in: store the value 'false' in the variable 'signInValidated'
2023-11-24 13:55:37.827 [DEBUG] [thread-id 1] - Executing function: 'us.functions.global.authentication.signInAccount'
2023-11-24 13:55:37.828 [DEBUG] [thread-id 1] - Executing function: 'us.functions.global.onboarding.smartLock.DismissNoneOfTheAbove'
2023-11-24 13:55:47.835 [WARN] [thread-id 1] - variable validateSignInPage was used, but r2 could not find a value for this variable. returning default of null
2023-11-24 13:55:47.883 [DEBUG] [thread-id 1] - Verify identifier: {//android.widget.EditText[@text="Email"]=[true]}
2023-11-24 13:55:47.910 [DEBUG] [thread-id 1] - Enter text: 'wplususer1700862734183@walmart.com'
2023-11-24 13:55:50.246 [DEBUG] [thread-id 1] - loop: from 1 to 3
2023-11-24 13:55:50.968 [DEBUG] [thread-id 1] - sleep:  3000 milliseconds
2023-11-24 13:55:54.073 [DEBUG] [thread-id 1] - conditionally execute a flow. condition: true
2023-11-24 13:55:54.246 [DEBUG] [thread-id 1] - Click element: 'com.walmart.android.debug:id/auth_button_main'
2023-11-24 13:55:55.163 [DEBUG] [thread-id 1] - sleep:  5000 milliseconds
2023-11-24 13:56:00.811 [DEBUG] [thread-id 1] - conditionally execute a flow. condition: true
2023-11-24 13:56:00.854 [DEBUG] [thread-id 1] - Store in: store the value 'true' in the variable 'signInValidated'
2023-11-24 13:56:00.887 [DEBUG] [thread-id 1] - conditionally execute a flow. condition: true
2023-11-24 13:56:00.919 [DEBUG] [thread-id 1] - Store in: store the value 'false' in the variable 'signInValidated'
2023-11-24 13:56:00.960 [DEBUG] [thread-id 1] - Email entered
2023-11-24 13:56:21.010 [WARN] [thread-id 1] - variable validateSignInPage was used, but r2 could not find a value for this variable. returning default of null
2023-11-24 13:56:21.015 [DEBUG] [thread-id 1] - loop: from 1 to 3
2023-11-24 13:56:21.037 [DEBUG] [thread-id 1] - sleep:  2000 milliseconds
2023-11-24 13:56:23.077 [DEBUG] [thread-id 1] - conditionally execute a flow. condition: true
2023-11-24 13:56:23.138 [DEBUG] [thread-id 1] - Enter text: 'E2epassword$'
2023-11-24 13:56:26.247 [DEBUG] [thread-id 1] - Press go back key: 'true'
2023-11-24 13:56:27.489 [DEBUG] [thread-id 1] - sleep:  1000 milliseconds
2023-11-24 13:56:28.598 [DEBUG] [thread-id 1] - Click element: 'com.walmart.android.debug:id/auth_button_main'
2023-11-24 13:56:29.342 [DEBUG] [thread-id 1] - sleep:  5000 milliseconds
2023-11-24 13:56:35.260 [DEBUG] [thread-id 1] - conditionally execute a flow. condition: true
2023-11-24 13:56:35.340 [DEBUG] [thread-id 1] - Store in: store the value 'true' in the variable 'signInValidated'
2023-11-24 13:56:35.409 [DEBUG] [thread-id 1] - Executing function: 'us.functions.global.authentication.handleSomethingWentWrongError'
2023-11-24 13:56:35.409 [DEBUG] [thread-id 1] - sleep:  5000 milliseconds
2023-11-24 13:56:40.415 [DEBUG] [thread-id 1] - loop: from 0 to 3
2023-11-24 13:56:40.556 [DEBUG] [thread-id 1] - 0
2023-11-24 13:56:50.690 [DEBUG] [thread-id 1] - conditionally execute a flow. condition: false
2023-11-24 13:56:50.754 [DEBUG] [thread-id 1] - conditionally execute a flow. condition: true
2023-11-24 13:56:50.810 [DEBUG] [thread-id 1] - Account signed in
2023-11-24 13:57:00.903 [DEBUG] [thread-id 1] - Executing function: 'us.functions.utils.handleCartMergePopup'
2023-11-24 13:57:00.903 [DEBUG] [thread-id 1] - sleep:  7000 milliseconds
2023-11-24 13:57:07.910 [DEBUG] [thread-id 1] - loop: from 0 to 4
2023-11-24 13:57:08.159 [DEBUG] [thread-id 1] - 0
2023-11-24 13:57:18.299 [DEBUG] [thread-id 1] - conditionally execute a flow. condition: false
2023-11-24 13:57:18.347 [DEBUG] [thread-id 1] - No cart merge popup observed
2023-11-24 13:57:18.394 [DEBUG] [thread-id 1] - Executing function: 'us.functions.global.navigation.accountToHome'
2023-11-24 13:57:18.395 [DEBUG] [thread-id 1] - conditionally execute a flow. condition: true
2023-11-24 13:57:18.437 [DEBUG] [thread-id 1] - Scroll: up
2023-11-24 13:57:19.143 [DEBUG] [thread-id 1] - Verify identifier: {com.walmart.android.debug:id/purchase_history_header=[true]}
2023-11-24 13:57:29.224 [DEBUG] [thread-id 1] - Click element: 'com.walmart.android.debug:id/navigation_shop'
2023-11-24 13:57:29.949 [DEBUG] [thread-id 1] - Executing function: 'us.functions.home.closeWPlusPromotionPopUpIfDisplayed'
2023-11-24 13:57:29.951 [DEBUG] [thread-id 1] - sleep:  5000 milliseconds
2023-11-24 13:57:44.987 [DEBUG] [thread-id 1] - Executing function: 'us.functions.home.setStore'
2023-11-24 13:57:44.989 [DEBUG] [thread-id 1] - conditionally execute a flow. condition: true
2023-11-24 13:57:45.037 [DEBUG] [thread-id 1] - Executing function: 'us.functions.home.changeStore'
2023-11-24 13:57:45.081 [DEBUG] [thread-id 1] - conditionally execute a flow. condition: true
2023-11-24 13:57:45.156 [DEBUG] [thread-id 1] - Click element: '//android.widget.ImageView[contains(@resource-id, "com.walmart.android.debug:id/global_intent_center_collapsed_chevron") and (contains(@content-desc,"collapsed") or contains(@content-desc,"collapse"))]'
2023-11-24 13:57:45.857 [WARN] [thread-id 1] - variable storeOnly was used, but r2 could not find a value for this variable. returning default of null
2023-11-24 13:57:45.858 [DEBUG] [thread-id 1] - conditionally execute a flow. condition: true
2023-11-24 13:57:56.926 [DEBUG] [thread-id 1] - conditionally execute a flow. condition: false
2023-11-24 13:58:05.965 [DEBUG] [thread-id 1] - Click element: '//android.widget.ImageView[contains(@content-desc, "Pickup") and contains(@content-desc, "2 of 3")] | //*[@resource-id = "com.walmart.android.debug:id/card_btn_hot_pickup"]'
2023-11-24 13:58:06.584 [WARN] [thread-id 1] - variable driverpopup was used, but r2 could not find a value for this variable. returning default of null
2023-11-24 13:58:16.607 [DEBUG] [thread-id 1] - sleep:  2000 milliseconds
2023-11-24 13:58:18.617 [DEBUG] [thread-id 1] - Executing function: 'us.functions.home.closeWPlusPromotionPopUpIfDisplayed'
2023-11-24 13:58:18.618 [DEBUG] [thread-id 1] - sleep:  5000 milliseconds
2023-11-24 13:58:46.826 [DEBUG] [thread-id 1] - Click element: '//*[contains(@resource-id, "global_intent_center_expanded_view")]//androidx.cardview.widget.CardView[contains(@resource-id, "global_intent_center_expanded_large_card")][position()=last()]//*[contains(@resource-id, "global_intent_center_large_card_chevron")] | //*[@resource-id="com.walmart.android.debug:id/gic_hot_pickup_card"]//*[@resource-id = "com.walmart.android.debug:id/gic_hot_card_content"]'
2023-11-24 13:59:11.585 [DEBUG] [thread-id 1] - conditionally execute a flow. condition: false
2023-11-24 13:59:33.183 [DEBUG] [thread-id 1] - Enter text: '95122'
2023-11-24 14:00:50.048 [DEBUG] [thread-id 1] - Click element: '//*[@resource-id="com.walmart.android.debug:id/storeslector_access_points_recycler_view"]/android.view.ViewGroup[1]'
2023-11-24 14:01:02.068 [DEBUG] [thread-id 1] - Click element: 'com.walmart.android.debug:id/store_selector_store_save_button'
2023-11-24 14:03:07.545 [DEBUG] [thread-id 1] - sleep:  5000 milliseconds
2023-11-24 14:03:22.839 [DEBUG] [thread-id 1] - Executing function: 'us.functions.utils.handleTechnicalErrorPopup'
2023-11-24 14:03:22.839 [DEBUG] [thread-id 1] - Store in: store the value 'false' in the variable 'errorRemoved'
2023-11-24 14:03:22.839 [DEBUG] [thread-id 1] - sleep:  7000 milliseconds
2023-11-24 14:03:29.842 [DEBUG] [thread-id 1] - loop: from 0 to 3
2023-11-24 14:03:30.003 [DEBUG] [thread-id 1] - 0
2023-11-24 14:03:40.127 [DEBUG] [thread-id 1] - conditionally execute a flow. condition: false
2023-11-24 14:03:40.204 [DEBUG] [thread-id 1] - Store in: store the value 'true' in the variable 'errorRemoved'
2023-11-24 14:03:40.264 [DEBUG] [thread-id 1] - No Technical Error Pop up observed
2023-11-24 14:03:50.590 [DEBUG] [thread-id 1] - conditionally execute a flow. condition: true
2023-11-24 14:03:50.848 [DEBUG] [thread-id 1] - Click element: 'com.walmart.android.debug:id/global_intent_center_collapsed_chevron'
2023-11-24 14:03:51.780 [DEBUG] [thread-id 1] - Verify identifier: {com.walmart.android.debug:id/global_intent_center_collapsed_location=[true]}
2023-11-24 14:03:51.781 [DEBUG] [thread-id 1] - Store in: store the value 'false' in the variable 'storeOnly'
2023-11-24 14:03:51.782 [DEBUG] [thread-id 1] - Executing function: 'us.functions.gic.changeFulfillment'
2023-11-24 14:04:02.031 [DEBUG] [thread-id 1] - conditionally execute a flow. condition: false
2023-11-24 14:04:02.085 [DEBUG] [thread-id 1] - Executing function: 'us.functions.gic.expandIfCollapsed'
2023-11-24 14:04:02.148 [DEBUG] [thread-id 1] - conditionally execute a flow. condition: true
2023-11-24 14:04:02.242 [DEBUG] [thread-id 1] - Click element: '//android.widget.ImageView[contains(@resource-id, "com.walmart.android.debug:id/global_intent_center_collapsed_chevron") and (contains(@content-desc,"collapsed") or contains(@content-desc,"collapse"))]'
2023-11-24 14:04:03.303 [DEBUG] [thread-id 1] - Executing function: 'us.functions.gic.setFulfillment'
2023-11-24 14:04:13.317 [DEBUG] [thread-id 1] - conditionally execute a flow. condition: false
2023-11-24 14:04:13.382 [DEBUG] [thread-id 1] - conditionally execute a flow. condition: true
2023-11-24 14:04:23.062 [DEBUG] [thread-id 1] - Click element: '//android.widget.ImageView[contains(@content-desc,"Shipping 1 of 3") or contains(@content-desc,"Shipping selection 1 of 3")]'
2023-11-24 14:04:24.996 [DEBUG] [thread-id 1] - Click element: '//android.widget.ImageView[contains(@content-desc,"expanded")]'
2023-11-24 14:04:25.602 [DEBUG] [thread-id 1] - Executing function: 'us.functions.search.ibottaRewardsItem'
2023-11-24 14:04:25.607 [DEBUG] [thread-id 1] - loop: over '[ "156166016", "550154263", "949029928", "553478431"]'
2023-11-24 14:04:26.566 [DEBUG] [thread-id 1] - Executing function: 'us.functions.search.searchItem'
2023-11-24 14:04:26.567 [DEBUG] [thread-id 1] - loop: from 1 to 3
2023-11-24 14:04:36.637 [DEBUG] [thread-id 1] - conditionally execute a flow. condition: false
2023-11-24 14:04:36.685 [DEBUG] [thread-id 1] - Verify identifier: {com.walmart.android.debug:id/navigation_search=[true]}
2023-11-24 14:04:39.864 [DEBUG] [thread-id 1] - Click element: 'com.walmart.android.debug:id/navigation_search'
2023-11-24 14:04:41.000 [DEBUG] [thread-id 1] - Verify identifier: {com.walmart.android.debug:id/search_view=[true]}
2023-11-24 14:04:44.509 [DEBUG] [thread-id 1] - Click element: 'com.walmart.android.debug:id/search_view'
2023-11-24 14:04:46.385 [DEBUG] [thread-id 1] - Verify identifier: {com.walmart.android.debug:id/search_view=[true]}
2023-11-24 14:04:48.262 [DEBUG] [thread-id 1] - Enter text: '156166016'
2023-11-24 14:04:53.680 [DEBUG] [thread-id 1] - sleep:  10000 milliseconds
2023-11-24 14:05:03.786 [DEBUG] [thread-id 1] - Hide keyboard: 'true'
2023-11-24 14:05:04.155 [DEBUG] [thread-id 1] - Executing function: 'us.functions.search.closeHowDoYouWantYourOrderBottomTray'
2023-11-24 14:05:04.188 [DEBUG] [thread-id 1] - Verify identifier: {//android.widget.TextView[@text = "Three easy ways to get your order"]=[true]}
2023-11-24 14:05:04.219 [DEBUG] [thread-id 1] - Click element: 'com.walmart.android.debug:id/search_close_button'
2023-11-24 14:05:19.978 [DEBUG] [thread-id 1] - conditionally execute a flow. condition: true
2023-11-24 14:05:21.479 [DEBUG] [thread-id 1] - Verify identifier: {//*[(@resource-id="com.walmart.android.debug:id/product_tile_list_view") or (@resource-id="com.walmart.android.debug:id/product_tile_image_view")]=[true]}
2023-11-24 14:05:32.774 [DEBUG] [thread-id 1] - conditionally execute a flow. condition: false
2023-11-24 14:05:34.246 [DEBUG] [thread-id 1] - sleep:  5000 milliseconds
2023-11-24 14:05:51.318 [DEBUG] [thread-id 1] - loop: from 1 to 3
2023-11-24 14:06:02.082 [DEBUG] [thread-id 1] - conditionally execute a flow. condition: false
2023-11-24 14:06:02.840 [DEBUG] [thread-id 1] - Verify identifier: {com.walmart.android.debug:id/navigation_search=[true]}
2023-11-24 14:06:06.706 [DEBUG] [thread-id 1] - Click element: 'com.walmart.android.debug:id/navigation_search'
2023-11-24 14:06:08.618 [DEBUG] [thread-id 1] - Verify identifier: {com.walmart.android.debug:id/search_view=[true]}
2023-11-24 14:06:12.165 [DEBUG] [thread-id 1] - Click element: 'com.walmart.android.debug:id/search_view'
2023-11-24 14:06:15.051 [DEBUG] [thread-id 1] - Verify identifier: {com.walmart.android.debug:id/search_view=[true]}
2023-11-24 14:06:15.458 [DEBUG] [thread-id 1] - Enter text: '550154263'
2023-11-24 14:06:22.220 [DEBUG] [thread-id 1] - sleep:  10000 milliseconds
2023-11-24 14:06:32.743 [DEBUG] [thread-id 1] - Hide keyboard: 'true'
2023-11-24 14:06:46.534 [DEBUG] [thread-id 1] - conditionally execute a flow. condition: true
2023-11-24 14:06:46.623 [DEBUG] [thread-id 1] - Click element: 'com.walmart.android.debug:id/icon_close'
2023-11-24 14:06:47.993 [DEBUG] [thread-id 1] - conditionally execute a flow. condition: true
2023-11-24 14:06:49.267 [DEBUG] [thread-id 1] - Verify identifier: {//*[(@resource-id="com.walmart.android.debug:id/product_tile_list_view") or (@resource-id="com.walmart.android.debug:id/product_tile_image_view")]=[true]}
2023-11-24 14:06:50.351 [DEBUG] [thread-id 1] - conditionally execute a flow. condition: true
2023-11-24 14:06:50.384 [DEBUG] [thread-id 1] - Terminate app: 'true'
2023-11-24 14:06:51.374 [WARN] [thread-id 1] - terminateApp called: due to appium limitations crash detection will be disabled for the remainder of this test
2023-11-24 14:06:51.424 [DEBUG] [thread-id 1] - Open link: 'walmart://home'
2023-11-24 14:06:54.734 [DEBUG] [thread-id 1] - conditionally execute a flow. condition: true
2023-11-24 14:07:15.163 [DEBUG] [thread-id 1] - Main failed: Is not present: 'com.walmart.android.debug:id/search_view'
2023-11-24 14:07:15.200 [DEBUG] [thread-id 1] - Executing scenario: 'After'
2023-11-24 14:07:15.201 [DEBUG] [thread-id 1] - Executing function: 'us.functions.utils.afterSteps'
2023-11-24 14:07:15.201 [WARN] [thread-id 1] - variable testStatus was used, but r2 could not find a value for this variable. returning default of null
2023-11-24 14:07:15.201 [DEBUG] [thread-id 1] - conditionally execute a flow. condition: false
2023-11-24 14:07:15.231 [DEBUG] [thread-id 1] - Test failed
2023-11-24 14:07:30.315 [DEBUG] [thread-id 1] - Created report: /Users/m0k0a2f/glass-automation/report/index.html
