2024-06-19 15:11:27.974 [DEBUG] [thread-id 1] - Executing R2 4.0.2: '/Users/m0k0a2f/glass-automation/./us/e2e-tests/test-scripts/ios/golden-flows/Ecomm-And-Fulfillment-Flows/subscription-flows/C2668906-glass-to-autodelivery-gm-item.yaml' on device: 'iPhone 14'
2024-06-19 15:14:59.739 [DEBUG] [thread-id 1] - Executing scenario: 'Before'
2024-06-19 15:14:59.741 [DEBUG] [thread-id 1] - R2_SUBFLOW_POST_TRANSACTION
2024-06-19 15:15:00.283 [DEBUG] [thread-id 1] - Using us-errors-helpers.yaml
2024-06-19 15:15:00.936 [DEBUG] [thread-id 1] - Start Main
2024-06-19 15:15:00.937 [DEBUG] [thread-id 1] - Timestamp: 1718835300937
2024-06-19 15:15:00.938 [DEBUG] [thread-id 1] - Store in: store the value 'subs1718835300937@walmart.com' in the variable 'customerEmail'
2024-06-19 15:15:00.939 [DEBUG] [thread-id 1] - Store in: store the value 'E2epassword$' in the variable 'password'
2024-06-19 15:15:00.942 [DEBUG] [thread-id 1] - Executing function: 'us.functions.utils.astro.createAccount'
2024-06-19 15:15:00.943 [DEBUG] [thread-id 1] - Create Account
2024-06-19 15:15:00.943 [DEBUG] [thread-id 1] - {"firstName": "Native","lastName": "Work","emailAddress": "subs1718835300937@walmart.com","phoneNumber": "5885479573","verification":"phone","paymentMethods": ["VISA"],"postalAddress": {"address": "1350 Bacchus Dr","city": "San Jose","country": "USA","postalCode": "95122","state": "CA"},"password": "E2epassword$"}
2024-06-19 15:15:00.944 [DEBUG] [thread-id 1] - loop: from 1 to 4
2024-06-19 15:15:01.203 [DEBUG] [thread-id 1] - Call API: 'http://astro.walmart.com/api/v2/teflon/customer'
2024-06-19 15:15:23.355 [DEBUG] [thread-id 1] - Response code is: '200'. Response body is: '{"astroStatus":"SUCCESS","astroDescription":"SIGNUP_SUCCESS","astroDetails":{"status":"OK","statusCode":200,"customerAccountId":"ae1d59ac-7d7a-47a7-96b8-afc983d7555b","customerDetails":{"firstName":"Native","lastName":"Work","emailAddress":"subs1718835300937@walmart.com","phoneNumber":"5885479573","verification":"phone","paymentMethods":["VISA"],"postalAddress":{"address":"1350 Bacchus Dr","city":"San Jose","country":"USA","postalCode":"95122","state":"CA","linetwo":"","linethree":""},"password":"E2epassword$"},"addDeliveryPreference":"OK","addPaymentPreference":"OK","addPaymentPreferenceId":"f7937430-d2c0-4dee-a85f-df9650b73662","customerPatch":"OK"}}'
2024-06-19 15:15:23.632 [DEBUG] [thread-id 1] - Store in: store the value '15885479573' in the variable 'astroPhoneNumber'
2024-06-19 15:15:23.891 [DEBUG] [thread-id 1] - conditionally execute a flow. condition: true
2024-06-19 15:15:24.143 [DEBUG] [thread-id 1] - conditionally execute a flow. condition: true
2024-06-19 15:15:24.389 [DEBUG] [thread-id 1] - f7937430-d2c0-4dee-a85f-df9650b73662
2024-06-19 15:15:24.640 [WARN] [thread-id 1] - variable withoutPayment was used, but r2 could not find a value for this variable. returning default of null
2024-06-19 15:15:24.641 [DEBUG] [thread-id 1] - conditionally execute a flow. condition: false
2024-06-19 15:15:24.888 [DEBUG] [thread-id 1] - Account created successfully
2024-06-19 15:15:25.142 [DEBUG] [thread-id 1] - ------- Account created Successfully -------
2024-06-19 15:15:25.418 [DEBUG] [thread-id 1] - Executing function: 'us.functions.global.onboarding.navigateOnboardingToHome'
2024-06-19 15:15:25.419 [DEBUG] [thread-id 1] - Executing function: 'us.function.utils.getEnvironmentValue'
2024-06-19 15:15:25.420 [DEBUG] [thread-id 1] - Store in: store the value 'teflon' in the variable 'env'
2024-06-19 15:15:25.420 [DEBUG] [thread-id 1] - Timestamp: 1718835325420
2024-06-19 15:15:25.421 [DEBUG] [thread-id 1] - Welcome screen loaded
2024-06-19 15:15:25.568 [DEBUG] [thread-id 1] - Verify identifier: {//XCUIElementTypeButton[@name="SignUpNudgeWelcomeViewController.bodyLabel"]=[true]}
2024-06-19 15:15:35.788 [DEBUG] [thread-id 1] - conditionally execute a flow. condition: false
2024-06-19 15:15:36.099 [DEBUG] [thread-id 1] - Click element: 'cta.cancel.welcome'
2024-06-19 15:15:36.683 [DEBUG] [thread-id 1] - Notifiction Prompt screen loaded
2024-06-19 15:15:37.429 [DEBUG] [thread-id 1] - Verify identifier: {NotificationPermissionViewController.titleLabel=[true]}
2024-06-19 15:15:39.504 [DEBUG] [thread-id 1] - Click element: 'cta.cancel.notifications'
2024-06-19 15:15:39.947 [DEBUG] [thread-id 1] - location screen loaded
2024-06-19 15:15:40.292 [DEBUG] [thread-id 1] - Verify identifier: {LocationPermissionViewController.titleLabel=[true], LocationPermissionViewController.bodyLabel=[true]}
2024-06-19 15:15:40.346 [DEBUG] [thread-id 1] - Click element: 'cta.cancel.location'
2024-06-19 15:15:41.141 [DEBUG] [thread-id 1] - Verify identifier: {label.postal-code-entry=[true]}
2024-06-19 15:15:41.209 [DEBUG] [thread-id 1] - Enter text: '95122'
2024-06-19 15:15:43.843 [DEBUG] [thread-id 1] - Click element: 'cta.continue'
2024-06-19 15:15:44.372 [DEBUG] [thread-id 1] - sleep:  3000 milliseconds
2024-06-19 15:15:47.380 [DEBUG] [thread-id 1] - loop: from 0 to 3
2024-06-19 15:15:47.675 [DEBUG] [thread-id 1] - 0
2024-06-19 15:15:57.995 [DEBUG] [thread-id 1] - conditionally execute a flow. condition: false
2024-06-19 15:16:08.609 [DEBUG] [thread-id 1] - Observed IDFA Sscreen
2024-06-19 15:16:08.610 [DEBUG] [thread-id 1] - sleep:  3000 milliseconds
2024-06-19 15:16:11.868 [DEBUG] [thread-id 1] - conditionally execute a flow. condition: true
2024-06-19 15:16:12.116 [DEBUG] [thread-id 1] - Verify identifier: {ATTPermissionViewController.titleLabel=[true], ATTPermissionViewController.bodyLabel=[true]}
2024-06-19 15:16:22.448 [DEBUG] [thread-id 1] - Click element: 'cta.continue.location'
2024-06-19 15:16:25.649 [DEBUG] [thread-id 1] - Click element: '//XCUIElementTypeButton[@name="Ask App Not to Track"] | //XCUIElementTypeButton[@name="Solicitar a la app no rastrear"]'
2024-06-19 15:16:36.662 [DEBUG] [thread-id 1] - conditionally execute a flow. condition: false
2024-06-19 15:16:37.540 [DEBUG] [thread-id 1] - modal is not displayed
2024-06-19 15:16:48.120 [DEBUG] [thread-id 1] - Executing function: 'us.functions.gic.collapseIfExpanded'
2024-06-19 15:16:49.358 [DEBUG] [thread-id 1] - Verify identifier: {//*[contains(@label,"Expanded")] | //*[contains(@name,"Expanded")]=[true]}
2024-06-19 15:16:50.140 [DEBUG] [thread-id 1] - Collapsing GIC screen
2024-06-19 15:16:51.410 [DEBUG] [thread-id 1] - Click element: '//*[contains(@label,"Expanded")] | //*[contains(@name,"Expanded")]'
2024-06-19 15:16:51.975 [DEBUG] [thread-id 1] - Executing function: 'us.functions.home.navigateHomeToSignIn'
2024-06-19 15:16:51.975 [DEBUG] [thread-id 1] - sleep:  3000 milliseconds
2024-06-19 15:17:06.718 [DEBUG] [thread-id 1] - Click element: 'tab-account-unselected'
2024-06-19 15:17:08.428 [DEBUG] [thread-id 1] - Verify identifier: {SignInYourAccountTableViewCell.signInButton=[true]}
2024-06-19 15:17:08.428 [DEBUG] [thread-id 1] - loop: from 1 to 3
2024-06-19 15:17:09.134 [DEBUG] [thread-id 1] - conditionally execute a flow. condition: true
2024-06-19 15:17:09.965 [DEBUG] [thread-id 1] - Click element: 'SignInYourAccountTableViewCell.signInButton'
2024-06-19 15:17:14.499 [DEBUG] [thread-id 1] - Verify identifier: {TextFieldStackView.containerStackView=[true]}
2024-06-19 15:17:16.346 [DEBUG] [thread-id 1] - Store in: store the value 'true' in the variable 'signInValidated'
2024-06-19 15:17:17.986 [DEBUG] [thread-id 1] - conditionally execute a flow. condition: true
2024-06-19 15:17:19.689 [DEBUG] [thread-id 1] - SignIn page loaded
2024-06-19 15:17:21.376 [DEBUG] [thread-id 1] - Store in: store the value 'false' in the variable 'signInValidated'
2024-06-19 15:17:21.390 [DEBUG] [thread-id 1] - Executing function: 'us.functions.global.authentication.signInAccount'
2024-06-19 15:17:23.089 [DEBUG] [thread-id 1] - Verify identifier: {TextFieldStackView.containerStackView=[true]}
2024-06-19 15:17:23.331 [DEBUG] [thread-id 1] - Enter text: 'subs1718835300937@walmart.com'
2024-06-19 15:17:27.504 [DEBUG] [thread-id 1] - Click element: 'WelcomeView.ctaButton'
2024-06-19 15:17:42.368 [DEBUG] [thread-id 1] - conditionally execute a flow. condition: true
2024-06-19 15:17:44.637 [DEBUG] [thread-id 1] - Click element: 'AuthChoiceView.passwordStackView'
2024-06-19 15:17:45.593 [DEBUG] [thread-id 1] - Verify identifier: {TextFieldStackView.textField=[true]}
2024-06-19 15:17:45.878 [DEBUG] [thread-id 1] - Enter text: 'E2epassword$'
2024-06-19 15:17:53.652 [DEBUG] [thread-id 1] - Click element: 'AuthChoiceView.ctaButton'
2024-06-19 15:18:19.085 [DEBUG] [thread-id 1] - sleep:  2000 milliseconds
2024-06-19 15:18:21.540 [DEBUG] [thread-id 1] - conditionally execute a flow. condition: true
2024-06-19 15:18:24.398 [DEBUG] [thread-id 1] - Click element: '//XCUIElementTypeButton[@name="Don’t Allow"]'
2024-06-19 15:18:25.071 [DEBUG] [thread-id 1] - Executing function: 'us.test.functions.utils.closeWplusPrompt.homeScreen'
2024-06-19 15:18:35.772 [DEBUG] [thread-id 1] - conditionally execute a flow. condition: false
2024-06-19 15:18:36.684 [DEBUG] [thread-id 1] - W+ Plus membership prompt is not present nothing to close continue
2024-06-19 15:18:36.695 [DEBUG] [thread-id 1] - Executing function: 'us.functions.home.closeWplusBottomSheetBannerIfDisplayed'
2024-06-19 15:18:36.695 [DEBUG] [thread-id 1] - sleep:  3000 milliseconds
2024-06-19 15:18:50.181 [DEBUG] [thread-id 1] - Executing function: 'us.functions.utils.handleCartMergePopup'
2024-06-19 15:18:50.182 [DEBUG] [thread-id 1] - loop: from 0 to 4
2024-06-19 15:18:51.157 [DEBUG] [thread-id 1] - 0
2024-06-19 15:18:57.775 [DEBUG] [thread-id 1] - No Technical Error Page observed
2024-06-19 15:18:58.881 [DEBUG] [thread-id 1] - sleep:  1000 milliseconds
2024-06-19 15:18:59.887 [DEBUG] [thread-id 1] - validate if tooltip is present and closing it
2024-06-19 15:19:10.116 [DEBUG] [thread-id 1] - Executing function: 'us.functions.global.navigation.accountToHome'
2024-06-19 15:19:10.703 [DEBUG] [thread-id 1] - Verify identifier: {//XCUIElementTypeButton[@name="Shop"] | Shop=[true]}
2024-06-19 15:19:10.703 [DEBUG] [thread-id 1] - sleep:  2000 milliseconds
2024-06-19 15:19:13.428 [DEBUG] [thread-id 1] - Click element: '//XCUIElementTypeButton[@name="Shop"] | Shop'
2024-06-19 15:19:14.354 [DEBUG] [thread-id 1] - Executing function: 'us.functions.home.closeWPlusPromotionPopUpIfDisplayed'
2024-06-19 15:19:23.692 [DEBUG] [thread-id 1] - No Wplus pop up displayed
2024-06-19 15:19:23.699 [DEBUG] [thread-id 1] - Executing function: 'us.functions.home.closeWplusBottomSheetBannerIfDisplayed'
2024-06-19 15:19:23.699 [DEBUG] [thread-id 1] - sleep:  3000 milliseconds
2024-06-19 15:19:36.906 [DEBUG] [thread-id 1] - Executing function: 'us.functions.home.setStore'
2024-06-19 15:19:36.908 [DEBUG] [thread-id 1] - conditionally execute a flow. condition: true
2024-06-19 15:19:38.089 [DEBUG] [thread-id 1] - Store in: store the value '95122' in the variable 'zipcode'
2024-06-19 15:19:38.884 [DEBUG] [thread-id 1] - conditionally execute a flow. condition: true
2024-06-19 15:19:40.039 [DEBUG] [thread-id 1] - Executing function: 'us.functions.home.changeStore'
2024-06-19 15:19:40.040 [DEBUG] [thread-id 1] - Executing function: 'us.functions.home.closeWPlusPromotionPopUpIfDisplayed'
2024-06-19 15:19:48.798 [DEBUG] [thread-id 1] - No Wplus pop up displayed
2024-06-19 15:19:48.810 [DEBUG] [thread-id 1] - Executing function: 'us.functions.gic.expandIfCollapsed'
2024-06-19 15:19:50.906 [DEBUG] [thread-id 1] - Verify identifier: {//*[contains(@label,"Collapsed")] | //*[contains(@name,"Collapsed")]=[true]}
2024-06-19 15:19:52.940 [DEBUG] [thread-id 1] - Click element: '//*[contains(@label,"Collapsed")] | //*[contains(@name,"Collapsed")]'
2024-06-19 15:19:57.146 [DEBUG] [thread-id 1] - Click element: '//XCUIElementTypeCollectionView[@name="GlobalIntentCenterViewController.collectionView"]//XCUIElementTypeCell[position()=last()-2 or position()=last()-1]//*[@name="GlobalIntentCenter.FullLocation" and contains(@label,"Pickup")] | //XCUIElementTypeOther[@name="LayoutableChildStackViewController.stackView"]/XCUIElementTypeOther[position()=last()]//XCUIElementTypeOther[@name="HoTLocationsItemDetailsView.containerView"]'
2024-06-19 15:20:08.242 [DEBUG] [thread-id 1] - conditionally execute a flow. condition: false
2024-06-19 15:20:10.039 [DEBUG] [thread-id 1] - Enter text: '95122'
2024-06-19 15:20:18.667 [DEBUG] [thread-id 1] - conditionally execute a flow. condition: true
2024-06-19 15:20:30.299 [DEBUG] [thread-id 1] - Click element: '(//XCUIElementTypeStaticText[contains(@label, "San Jose Supercenter")])'
2024-06-19 15:20:39.994 [DEBUG] [thread-id 1] - Selecting San Jose store
2024-06-19 15:20:51.443 [DEBUG] [thread-id 1] - Click element: '//XCUIElementTypeButton[@name="SaveStoreSelectionView.saveButton"]'
2024-06-19 15:20:58.376 [DEBUG] [thread-id 1] - Executing function: 'us.functions.utils.handleTechnicalErrorPopup'
2024-06-19 15:20:58.377 [DEBUG] [thread-id 1] - Store in: store the value 'false' in the variable 'errorRemoved'
2024-06-19 15:20:58.377 [DEBUG] [thread-id 1] - sleep:  5000 milliseconds
2024-06-19 15:21:03.385 [DEBUG] [thread-id 1] - loop: from 0 to 3
2024-06-19 15:21:04.385 [DEBUG] [thread-id 1] - 0
2024-06-19 15:21:16.100 [DEBUG] [thread-id 1] - conditionally execute a flow. condition: false
2024-06-19 15:21:16.979 [DEBUG] [thread-id 1] - Store in: store the value 'true' in the variable 'errorRemoved'
2024-06-19 15:21:17.777 [DEBUG] [thread-id 1] - No Technical Error Pop up observed
2024-06-19 15:21:28.885 [DEBUG] [thread-id 1] - sleep:  2000 milliseconds
2024-06-19 15:21:31.231 [DEBUG] [thread-id 1] - conditionally execute a flow. condition: true
2024-06-19 15:21:32.209 [DEBUG] [thread-id 1] - Executing function: 'us.functions.gic.collapseIfExpanded'
2024-06-19 15:21:33.573 [DEBUG] [thread-id 1] - Verify identifier: {//*[contains(@label,"Expanded")] | //*[contains(@name,"Expanded")]=[true]}
2024-06-19 15:21:34.412 [DEBUG] [thread-id 1] - Collapsing GIC screen
2024-06-19 15:21:35.862 [DEBUG] [thread-id 1] - Click element: '//*[contains(@label,"Expanded")] | //*[contains(@name,"Expanded")]'
2024-06-19 15:21:38.600 [DEBUG] [thread-id 1] - Verify identifier: {//*[contains(@label,"Collapsed")] | //*[contains(@name,"Collapsed")]=[true]}
2024-06-19 15:21:38.614 [DEBUG] [thread-id 1] - Executing function: 'us.functions.gic.changeFulfillment'
2024-06-19 15:21:38.615 [DEBUG] [thread-id 1] - Executing function: 'us.functions.gic.expandIfCollapsed'
2024-06-19 15:21:40.576 [DEBUG] [thread-id 1] - Verify identifier: {//*[contains(@label,"Collapsed")] | //*[contains(@name,"Collapsed")]=[true]}
2024-06-19 15:21:42.556 [DEBUG] [thread-id 1] - Click element: '//*[contains(@label,"Collapsed")] | //*[contains(@name,"Collapsed")]'
2024-06-19 15:21:43.205 [DEBUG] [thread-id 1] - Executing function: 'us.functions.gic.setFulfillment'
2024-06-19 15:21:53.312 [DEBUG] [thread-id 1] - conditionally execute a flow. condition: false
2024-06-19 15:21:56.856 [DEBUG] [thread-id 1] - Click element: '//XCUIElementTypeButton[@name="GlobalIntentCenter.Delivery"] | //XCUIElementTypeButton[contains(@name, "Delivery") ]'
2024-06-19 15:21:58.176 [DEBUG] [thread-id 1] - Delivery intent selected
2024-06-19 15:21:58.877 [DEBUG] [thread-id 1] - sleep:  3000 milliseconds
2024-06-19 15:22:01.895 [DEBUG] [thread-id 1] - Executing function: 'us.functions.gic.collapseIfExpanded'
2024-06-19 15:22:04.274 [DEBUG] [thread-id 1] - Verify identifier: {//*[contains(@label,"Expanded")] | //*[contains(@name,"Expanded")]=[true]}
2024-06-19 15:22:05.055 [DEBUG] [thread-id 1] - Collapsing GIC screen
2024-06-19 15:22:06.256 [DEBUG] [thread-id 1] - Click element: '//*[contains(@label,"Expanded")] | //*[contains(@name,"Expanded")]'
2024-06-19 15:22:06.819 [DEBUG] [thread-id 1] - Executing function: 'us.functions.gic.module.selectAdress.fromSelector'
2024-06-19 15:22:06.820 [DEBUG] [thread-id 1] - Executing function: 'us.functions.gic.expandIfCollapsed'
2024-06-19 15:22:08.826 [DEBUG] [thread-id 1] - Verify identifier: {//*[contains(@label,"Collapsed")] | //*[contains(@name,"Collapsed")]=[true]}
2024-06-19 15:22:10.703 [DEBUG] [thread-id 1] - Click element: '//*[contains(@label,"Collapsed")] | //*[contains(@name,"Collapsed")]'
2024-06-19 15:22:11.360 [DEBUG] [thread-id 1] - Executing function: 'us.test.functions.utils.gic.noDeliveryAddressPresent.addAddressCTA'
2024-06-19 15:22:22.496 [DEBUG] [thread-id 1] - conditionally execute a flow. condition: false
2024-06-19 15:22:23.146 [DEBUG] [thread-id 1] - Add Address is present, Select Add Address to provide one!
2024-06-19 15:22:24.366 [DEBUG] [thread-id 1] - Click element: '//XCUIElementTypeStaticText[@name="Add address"] | //XCUIElementTypeButton[contains(@label,"Add Address")] | GlobalIntentCenter.AddAddressButton | //XCUIElementTypeButton[@name="GlobalIntentCenter.AddAddressButton"]'
2024-06-19 15:22:27.144 [DEBUG] [thread-id 1] - Verify identifier: {Select address=[true]}
2024-06-19 15:22:30.797 [DEBUG] [thread-id 1] - Click element: '//XCUIElementTypeButton[contains(@label,"1350 Bacchus Dr, San Jose, CA 95122")]'
2024-06-19 15:22:31.409 [DEBUG] [thread-id 1] - Clicked on user's address: 1350 Bacchus Dr, San Jose, CA 95122
2024-06-19 15:22:34.301 [DEBUG] [thread-id 1] - conditionally execute a flow. condition: true
2024-06-19 15:22:38.097 [DEBUG] [thread-id 1] - Click element: 'Done'
2024-06-19 15:22:39.627 [DEBUG] [thread-id 1] - Scroll: down
2024-06-19 15:22:52.543 [DEBUG] [thread-id 1] - Click element: '//XCUIElementTypeButton[@label="Save"]'
2024-06-19 15:22:58.225 [DEBUG] [thread-id 1] - Verify identifier: {//XCUIElementTypeButton[contains(@label,"1350 Bacchus Dr, San Jose, CA, 95122")] | //XCUIElementTypeStaticText[contains(@label,"1350 Bacchus Dr, San Jose, CA, 95122")]=[true]}
2024-06-19 15:22:58.226 [DEBUG] [thread-id 1] - The User's Delivery Address: 1350 Bacchus Dr, San Jose, CA, 95122 is now presented on the GIC delivery address card!
2024-06-19 15:22:58.228 [DEBUG] [thread-id 1] - Executing function: 'us.functions.utils.fetchFromDataList'
2024-06-19 15:22:58.229 [WARN] [thread-id 1] - variable storeId was used, but r2 could not find a value for this variable. returning default of null
2024-06-19 15:22:58.232 [DEBUG] [thread-id 1] - conditionally execute a flow. condition: true
2024-06-19 15:22:59.196 [DEBUG] [thread-id 1] - Store in: store the value '32144' in the variable 'storeId'
2024-06-19 15:22:59.205 [DEBUG] [thread-id 1] - conditionally execute a flow. condition: false
2024-06-19 15:23:00.416 [DEBUG] [thread-id 1] - Store in: store the value 'STORE_SCHEDULED_DELIVERY' in the variable 'itemGroup'
2024-06-19 15:23:00.423 [DEBUG] [thread-id 1] - loop: over '["2466884336","2931930047", "365788461","795796940","291089218","935070167"]'
2024-06-19 15:23:01.615 [DEBUG] [thread-id 1] - Executing function: 'us.functions.utils.checkItemTransactabality'
2024-06-19 15:23:01.616 [DEBUG] [thread-id 1] - Store in: store the value 'false' in the variable 'itemEligible'
2024-06-19 15:23:01.616 [DEBUG] [thread-id 1] - Call API: 'http://astro.walmart.com/api/v2/teflon/item/transactability'
2024-06-19 15:23:15.711 [DEBUG] [thread-id 1] - Response code is: '404'. Response body is: '{"astroStatus":"FAIL","astroDescription":"CART - ADD_TO_CART_ERROR 400.CART_SERVICE.815","astroDetails":{"statusCode":400,"cart_correlation_id":"74bc357e-2679-4984-a5e9-f45c25d5f47c","errors":{"statusCode":"400","error":"Bad Request","message":"bundle qty mismatch in request","validation":{"source":"PAYLOAD","keys":["n/a"]},"errorIdentifiers":[{"key":"PRODUCT_TYPE","value":"Fresh & Frozen Seafood"},{"key":"GROUP_TYPE","value":"HARDBUNDLE"},{"key":"PRODUCT_SEGMENT","value":"Food & Beverages"},{"key":"OFFER_ID","value":"0FEA963A27144050BD2605C6850CD3F9"},{"key":"ITEM_ID","value":"2466884336"},{"key":"GROUP_SUBTYPE","value":"VIRTUALPACK"}],"pangaeaErrors":["400.CART_SERVICE.815"]}},"astroInfo":null}'
2024-06-19 15:23:18.086 [DEBUG] [thread-id 1] - Store in: store the value 'false' in the variable 'itemEligible'
2024-06-19 15:23:18.086 [DEBUG] [thread-id 1] - Call API: 'http://astro.walmart.com/api/v2/teflon/item/transactability'
2024-06-19 15:23:33.818 [DEBUG] [thread-id 1] - Response code is: '200'. Response body is: '{"astroStatus":"SUCCESS","astroDescription":"CART - ADD_TO_CART SUCCESS","astroDetails":{"dbSessionMap":{"CXO_CART_ST":"{\"mtoken\":\"5:27#352461575#2=101977467#8=408192660\"}"},"checkoutable":false,"cart":{"id":"3c877dc9-ff84-4dd7-b803-2eb77faa5ae3","buyer":{"id":"ae1d59ac-7d7a-47a7-96b8-afc983d7555b","type":"CUSTOMER"},"accessPoint":{"id":"6168c2e3-fc36-4827-98e6-d717d10af1d6","name":"Walmart San Jose Store #32144","storeId":32144,"fulfillmentType":"INSTORE_PICKUP","fulfillmentOption":"PICKUP","supportedTimeZone":"US/Pacific","locationInstruction":"[{\"type\":\"CHECKIN_DEFAULT\",\"value\":\"<div><p><b>Please bring your government-issued ID</b></p><br /><br /><ol><li>Download and use the app to let us know you're on the way and view your parking guide.</li><li>Park in a designated pickup spot. Using the app, enter your parking info and an associate will come to you.</li><li>Show your ID to the associate if required.</li><li>The associate will request access to your trunk or back seat, then will load your items.</li><li>You're all set! Check the app to see if you need to move to any other pickup locations.</li></ol></div>\"},{\"type\":\"EMAIL_DEFAULT\",\"value\":\"NA\"},{\"type\":\"CHECKIN_1\",\"value\":\"Next, tell us when you’ve parked. Park by the pickup sign and enter your parking info so we can find you faster.\"}]","isStoreEbtEligible":true,"allowAlcohol":true,"allowAgeRestricted":true,"restrictions":[],"accessType":"PICKUP_CURBSIDE","storeCategory":"Supercenter","nodeType":"STORE","pickupStartBuffer":5,"allowBagFee":false,"isBagFeeMandatory":false,"address":{"postalCode":"95122","addressLineOne":"777 STORY RD","city":"San Jose","state":"CA","addressTypeName":"OFFICE","isPOBox":false,"countryCode":"USA"}},"storeIds":[],"itemCount":1,"entityErrors":[],"shipping":{"id":"3057e8f0-20c1-452b-834b-0989409f986e","dbLockVersion":0,"firstName":"Native","lastName":"Work","addressId":"d7738cfb-a063-4dd2-8dfd-885ac68ba8f2","postalCode":"95122","city":"San Jose","state":"CA","countryCode":"USA","addressLineOne":"1350 Bacchus Dr","subLocality":"","locality":"","additionalInfo1":"","additionalInfo2":"","phoneCountryCode":"+1","phoneCountry":"US","countryName":"USA","latitude":37.325936,"longitude":-121.843014,"phone":"5885479573","deliveryInstructions":"LEAVE AT DOORSTEP","addressType":"RESIDENTIAL","isPOBox":false,"isAPOFPO":false,"lastModifiedDate":1718835773053,"deliveryInstructionsDetails":[{"deliveryInstructionType":"REGULAR","deliveryInstruction":"LEAVE AT DOORSTEP"}]},"summary":{"subTotal":13.97,"grandTotal":13.97,"minimumThreshold":35,"balanceToReachThreshold":21.03,"thresholdOrderTotal":35,"shipPriceBelowThreshold":0,"fees":[{"type":"MIN_THRESHOLD_FEE","amount":0},{"type":"EXPRESS_FEE","amount":0},{"type":"SLOT_FEE","amount":0}],"serviceCharges":[],"sellerShippingTotals":[{"sellerId":"455A2F43226F41319399794332C71B7F","shipMethodTotals":{"THRESHOLD_PRICE":{"currencyAmount":0,"currencyUnit":"USD"},"EXPRESS_PRICE":{"currencyAmount":0,"currencyUnit":"USD"},"SLOT_PRICE":{"currencyAmount":0,"currencyUnit":"USD"}},"hasSurcharge":false}]},"suggestedSlots":[{"id":"49f5ce2b-78e8-412b-afef-19df9d920c5f-2024-06-19","fulfillmentType":"EXPRESS_DELIVERY","fulfillmentOption":"DELIVERY","accessType":"DELIVERY_ADDRESS","isUnscheduled":false,"accessPointId":"289b03f7-7ebd-40ef-9243-928317061fb9","expressSlot":true,"slaInMins":120,"supportedTimeZone":"US/Pacific","slotPrice":19.95,"expressFee":10,"expressSlotPrice":9.95,"ids":[],"originalSlotPrice":19.95,"restrictions":[],"status":"AVAILABLE","maxItemQty":100,"priority":600,"amendableItemSize":0,"isAlcoholRestricted":false,"storeId":"32144","expressItemLimit":100},{"id":"1b243ae6-65d4-49c9-93bf-6c1261436628-2024-06-19","fulfillmentType":"EXPRESS_PICKUP","fulfillmentOption":"PICKUP","accessType":"PICKUP_CURBSIDE","isUnscheduled":false,"accessPointId":"0ebad96a-c578-4108-8025-6a2da143f790","expressSlot":true,"slaInMins":60,"supportedTimeZone":"US/Pacific","slotPrice":10,"expressFee":10,"expressSlotPrice":0,"ids":[],"restrictions":[],"status":"AVAILABLE","maxItemQty":94,"priority":600,"amendableItemSize":0,"isAlcoholRestricted":false,"storeId":"32144","expressItemLimit":94}],"currencyCode":"USD","preview":false,"tenantId":0,"tenantIdentifier":"elh9ie","verticalId":0,"checkoutableErrors":["reservation_required"],"intent":"DELIVERY","pickupStore":{"city":"San Jose","stateOrProvinceCode":"CA","countryCode":"USA","postalCode":"95122","storeId":"32144","services":[{"name":"DELI"},{"name":"PHOTO_CENTER"},{"name":"GARDEN_CENTER"},{"name":"GROCERY"},{"name":"BAKERY"},{"name":"TIRE_AND_LUBE","phone":"330-337-9044"},{"name":"LIQUOR"},{"name":"VISION_CENTER"},{"name":"ADHOC_TESTING"},{"name":"CAR"},{"name":"CATEGORY_TEST_0816"},{"name":"GROCERY"},{"name":"HOME FURNITURE"},{"name":"MFC_MANUAL"},{"name":"SC_NEW_TEST0901"},{"name":"SERVICE_CATEGORY_TEST_1908"},{"name":"GROCERY_PICKUP_DELIVERY"}]},"deliveryStore":{"city":"San Jose","stateOrProvinceCode":"CA","countryCode":"USA","postalCode":"95122","storeId":"32144","services":[{"name":"DELI"},{"name":"PHOTO_CENTER"},{"name":"GARDEN_CENTER"},{"name":"GROCERY"},{"name":"BAKERY"},{"name":"TIRE_AND_LUBE","phone":"330-337-9044"},{"name":"LIQUOR"},{"name":"VISION_CENTER"},{"name":"ADHOC_TESTING"},{"name":"CAR"},{"name":"CATEGORY_TEST_0816"},{"name":"GROCERY"},{"name":"HOME FURNITURE"},{"name":"MFC_MANUAL"},{"name":"SC_NEW_TEST0901"},{"name":"SERVICE_CATEGORY_TEST_1908"},{"name":"GROCERY_PICKUP_DELIVERY"}]},"mpStores":[],"fulfillmentPlans":[{"isDefault":true,"fulfillmentModules":[{"name":"STORE","fulfillmentGroups":[{"sellerId":"455A2F43226F41319399794332C71B7F","fulfillmentOptions":[{"fulfillmentType":"DELIVERY","accessType":"DELIVERY_ADDRESS","accessMode":"LAST_MILE_CARRIER","isSelected":false,"isUnscheduled":true,"dateStartRange":1718845200000,"dateEndRange":1718845200000,"itemGroups":[{"itemIds":["e0ce5825-bb55-4bb1-a423-8312651e520d"],"dateTime":1718845200000,"accessMode":"LAST_MILE_CARRIER","itemDetails":[{"lineItemId":"e0ce5825-bb55-4bb1-a423-8312651e520d","isGiftEligible":true,"isOverBoxEligible":true,"wicEligible":false}],"orderCutoffTime":1718865000000}],"fulfillmentPriceDetails":{"priceDifference":{"currencyAmount":-6.99,"currencyUnit":"USD"},"prices":[{"type":"THRESHOLD_PRICE","price":{"currencyAmount":6.99,"currencyUnit":"USD"}}],"discounts":[]},"strategy":"SLA_TIER_BASED_PROMISE"},{"fulfillmentType":"DELIVERY","accessType":"DELIVERY_ADDRESS","accessMode":"LAST_MILE_CARRIER","isSelected":true,"isUnscheduled":false,"accessPointId":"f681d48a-7be4-43ea-8e10-229a1f00db37","slotId":"49f5ce2b-78e8-412b-afef-19df9d920c5f-2024-06-19","itemGroups":[{"itemIds":["e0ce5825-bb55-4bb1-a423-8312651e520d"],"accessMode":"LAST_MILE_CARRIER","itemDetails":[{"lineItemId":"e0ce5825-bb55-4bb1-a423-8312651e520d","isGiftEligible":true,"isOverBoxEligible":true,"wicEligible":false}]}],"slotIds":[]}],"fulfillmentSellerType":"WALMART"}],"checkoutableErrors":["reservation_required"],"checkoutable":false,"summary":{"subTotal":13.97,"grandTotal":13.97}}]}],"accessPoints":[{"id":"f681d48a-7be4-43ea-8e10-229a1f00db37","name":"32144 - Home Delivery","storeId":32144,"fulfillmentType":"DELIVERY","fulfillmentOption":"DELIVERY","supportedTimeZone":"US/Pacific","locationInstruction":"[{\"type\":\"CHECKIN_DEFAULT\",\"value\":\"Deliver at front of door. Please ring bell\"},{\"type\":\"EMAIL_DEFAULT\",\"value\":\"Deliver at front of door. Please ring bell\"}]","isStoreEbtEligible":true,"allowAlcohol":true,"allowAgeRestricted":true,"restrictions":[],"accessType":"DELIVERY_ADDRESS","storeCategory":"Supercenter","nodeType":"STORE","pickupStartBuffer":0,"allowBagFee":true,"isBagFeeMandatory":false,"address":{"postalCode":"95122","addressLineOne":"777 STORY RD","city":"San Jose","state":"CA","addressTypeName":"OFFICE","isPOBox":false,"countryCode":"USA"}},{"id":"6168c2e3-fc36-4827-98e6-d717d10af1d6","name":"Walmart San Jose Store #32144","storeId":32144,"fulfillmentType":"INSTORE_PICKUP","fulfillmentOption":"PICKUP","supportedTimeZone":"US/Pacific","locationInstruction":"[{\"type\":\"CHECKIN_DEFAULT\",\"value\":\"<div><p><b>Please bring your government-issued ID</b></p><br /><br /><ol><li>Download and use the app to let us know you're on the way and view your parking guide.</li><li>Park in a designated pickup spot. Using the app, enter your parking info and an associate will come to you.</li><li>Show your ID to the associate if required.</li><li>The associate will request access to your trunk or back seat, then will load your items.</li><li>You're all set! Check the app to see if you need to move to any other pickup locations.</li></ol></div>\"},{\"type\":\"EMAIL_DEFAULT\",\"value\":\"NA\"},{\"type\":\"CHECKIN_1\",\"value\":\"Next, tell us when you’ve parked. Park by the pickup sign and enter your parking info so we can find you faster.\"}]","isStoreEbtEligible":true,"allowAlcohol":true,"allowAgeRestricted":true,"restrictions":[],"accessType":"PICKUP_CURBSIDE","storeCategory":"Supercenter","nodeType":"STORE","pickupStartBuffer":5,"allowBagFee":false,"isBagFeeMandatory":false,"address":{"postalCode":"95122","addressLineOne":"777 STORY RD","city":"San Jose","state":"CA","addressTypeName":"OFFICE","isPOBox":false,"countryCode":"USA"}}],"reservations":[],"isExplicitIntent":true,"itemFulfillmentAccessTypes":["PICKUP_INSTORE","DELIVERY_ADDRESS","PICKUP_CURBSIDE"],"hasGiftEligibleItem":true,"marketPlacePickup":true,"warnings":[],"restrictions":[],"accInstallationSelection":{"isExplicitPackageSelection":false}},"items":[{"id":"e0ce5825-bb55-4bb1-a423-8312651e520d","quantity":1,"price":13.97,"oldPrice":13.97,"linePrice":13.97,"pricePerUnit":13.97,"pricePerUnitUoM":"EA","USItemId":"2931930047","identifier":{"id":"2931930047","type":"USItemId"},"USSellerId":"0","offerId":"440CA2987E084C5DB3A06A36B3A1BC09","name":"TIDL Sport Cryotherapy Pain Relief Spray, Plant Powered, Topical Pain Relief, Revives Muscles & Joints, Daily Use, 3 oz. Spray","seller":{"name":"Walmart.com","type":"INTERNAL","id":"455A2F43226F41319399794332C71B7F","catalogSellerId":0},"availableQuantity":985,"maxItemCountPerOrder":12,"minItemCountPerOrder":1,"primaryCategoryPath":"-1","charPrimaryCategoryPath":"UNNAV","sort":1718835811485,"entityErrors":[],"createdDateTime":1718835811485,"isAlcohol":false,"isTemperatureTimeRestricted":false,"isSubstitutionEligible":true,"weightIncrement":1,"unitOfMeasure":"EA","type":"REGULAR","itemClassId":"1","productId":"70PJDNB0FA12","isSnapEligible":false,"isSubstitutionsAllowed":true,"productSegment":"Health & Beauty","salesUnit":"Each","wupc":"0066859103414","productUrl":"/ip/TIDL-Sport-Cryotherapy-Pain-Relief-Spray-Plant-Powered-Topical-Pain-Relief-Revives-Muscles-Joints-Daily-Use-3-oz-Spray/2931930047","productType":"Over-the-Counter Medicines","sourcingDetails":{"currentSelection":"DELIVERY","requestedSelection":"DELIVERY","selectionDate":1718835813829,"isSelectedByUser":true,"accessPointId":"f681d48a-7be4-43ea-8e10-229a1f00db37","nodeAvailableQuantity":985},"giftEligible":true,"giftOverboxEligible":true,"warnings":[],"fulfillmentDetails":{"fulfillmentId":"1eb5ae23-f7fe-46a9-a5f1-2c5a4cbfc492","slaTier":"TWO_HOUR","fulfillmentType":"DELIVERY","nodeType":"STORE","fulfillmentTypeClassification":[],"fulfillmentChannel":[],"initialItemType":"ONLINE_AND_STORE","isNewItemToCart":true,"fulfillmentMode":"SCHEDULED","accessMode":"LAST_MILE_CARRIER","accessType":"DELIVERY_ADDRESS","availableFulfillmentOptions":["UNSCHEDULED_DELIVERY","SCHEDULED_PICKUP","UNSCHEDULED_PICKUP","SCHEDULED_DELIVERY"],"fulfillmentModuleName":"STORE","maxOrderQuantity":{"delivery":12,"unscheduledDelivery":12}},"fulfillmentAccessTypes":["PICKUP_INSTORE","DELIVERY_ADDRESS","PICKUP_CURBSIDE"],"isMAService":false,"shortDescription":"Pharmacy OTC","associations":[],"fulfillmentPrerequisites":[{"preRequisiteList":["MIN_BOX_PROTECTION_REQUIRED"]}],"isEventActive":false,"events":[],"nodeLevelSellables":[],"legacyItemId":"2931930047","gtin":"00668591034141","brand":"TIDL Sport","productClassType":"REGULAR","reportingHierarchy":"90000:99000:99900:99990:99999","compositions":[],"isCashbackEligible":true,"wicEligible":false,"isColdChain":false,"cartSelectedFulfillment":"DELIVERY","isExportEligible":false,"isMA":false}],"lastModifiedTime":1718835813830,"cartVersion":7,"isOmniPromiseResponse":true,"uniqueInstallationOfferIdHolder":[]},"astroInfo":null}'
2024-06-19 15:23:33.821 [DEBUG] [thread-id 1] - conditionally execute a flow. condition: true
2024-06-19 15:23:34.993 [DEBUG] [thread-id 1] - Store in: store the value 'true' in the variable 'itemEligible'
2024-06-19 15:23:36.243 [DEBUG] [thread-id 1] - conditionally execute a flow. condition: true
2024-06-19 15:23:37.412 [DEBUG] [thread-id 1] - Store in: store the value '2931930047' in the variable 'itemFetched'
2024-06-19 15:23:38.593 [DEBUG] [thread-id 1] - Store in: store the value 'walmart://item/2931930047' in the variable 'deeplinkURl'
2024-06-19 15:23:39.814 [DEBUG] [thread-id 1] - Item:2931930047
2024-06-19 15:23:40.967 [DEBUG] [thread-id 1] - deeplinkURL:walmart://item/2931930047
2024-06-19 15:23:42.272 [DEBUG] [thread-id 1] - conditionally execute a flow. condition: true
2024-06-19 15:23:43.432 [DEBUG] [thread-id 1] - Eligible item is 2931930047 for type STORE_SCHEDULED_DELIVERY
2024-06-19 15:23:43.437 [DEBUG] [thread-id 1] - Store in: store the value '2931930047' in the variable 'item1'
2024-06-19 15:23:43.438 [DEBUG] [thread-id 1] - Executing function: 'us.functions.global.navigation.goToDeepLink'
2024-06-19 15:23:43.439 [DEBUG] [thread-id 1] - Verify value of: '$deepLinkUrl'
2024-06-19 15:23:43.439 [DEBUG] [thread-id 1] - Open link: 'walmart://item/2931930047'
2024-06-19 15:23:46.537 [DEBUG] [thread-id 1] - Executing function: 'us.functions.global.navigation.openDeepLink'
2024-06-19 15:23:49.037 [DEBUG] [thread-id 1] - Verify identifier: {Open in “Walmart”?=[true]}
2024-06-19 15:23:51.553 [DEBUG] [thread-id 1] - Click element: 'Open'
2024-06-19 15:23:52.318 [DEBUG] [thread-id 1] - Executing function: 'us.functions.subs.SubscriptionItempage'
2024-06-19 15:23:52.319 [DEBUG] [thread-id 1] - sleep:  3000 milliseconds
2024-06-19 15:23:55.325 [DEBUG] [thread-id 1] - Executing function: 'us.functions.utils.scrollIfNotVisible'
2024-06-19 15:24:07.898 [WARN] [thread-id 1] - variable limit was used, but r2 could not find a value for this variable. returning default of null
2024-06-19 15:24:07.900 [DEBUG] [thread-id 1] - conditionally execute a flow. condition: true
2024-06-19 15:24:11.254 [DEBUG] [thread-id 1] - Store in: store the value '5' in the variable 'limit'
2024-06-19 15:24:14.591 [DEBUG] [thread-id 1] - Scroll limit set to 5
2024-06-19 15:24:17.888 [WARN] [thread-id 1] - variable scrollPosition was used, but r2 could not find a value for this variable. returning default of null
2024-06-19 15:24:17.888 [DEBUG] [thread-id 1] - conditionally execute a flow. condition: true
2024-06-19 15:24:21.285 [WARN] [thread-id 1] - variable identifierScope was used, but r2 could not find a value for this variable. returning default of null
2024-06-19 15:24:21.287 [DEBUG] [thread-id 1] - conditionally execute a flow. condition: true
2024-06-19 15:24:24.592 [DEBUG] [thread-id 1] - Scroll: down
2024-06-19 15:24:38.643 [DEBUG] [thread-id 1] - Resetting scrollPosition variable to default
2024-06-19 15:24:38.644 [DEBUG] [thread-id 1] - Store in: store the value 'null' in the variable 'scrollPosition'
2024-06-19 15:24:38.644 [DEBUG] [thread-id 1] - Store in: store the value 'null' in the variable 'identifierScope'
2024-06-19 15:24:38.644 [DEBUG] [thread-id 1] - Store in: store the value 'null' in the variable 'limit'
2024-06-19 15:24:50.946 [DEBUG] [thread-id 1] - Verify identifier: {(//XCUIElementTypeStaticText[@name="PurchaseOptionsRadioButtonView.priceLabel"])[2]=[true], PurchaseOptionsRadioButtonView_subscription_purchase=[true], (//XCUIElementTypeStaticText[@name="PurchaseOptionsRadioButtonView.priceLabel"])[1]=[true]}
2024-06-19 15:24:50.947 [DEBUG] [thread-id 1] - sleep:  2000 milliseconds
2024-06-19 15:24:54.596 [DEBUG] [thread-id 1] - Click element: 'PurchaseOptionsRadioButtonView_subscription_purchase'
2024-06-19 15:24:56.498 [DEBUG] [thread-id 1] - Executing function: 'us.functions.subs.validateThatSubscriptionPriceAndNormalPriceAreSame'
2024-06-19 15:24:59.750 [DEBUG] [thread-id 1] - get string: from '(//XCUIElementTypeStaticText[@name="PurchaseOptionsRadioButtonView.priceLabel"])[1]' [type='value']
2024-06-19 15:24:59.753 [DEBUG] [thread-id 1] - 13.97
2024-06-19 15:25:02.186 [DEBUG] [thread-id 1] - get string: from '(//XCUIElementTypeStaticText[@name="PurchaseOptionsRadioButtonView.priceLabel"])[2]' [type='value']
2024-06-19 15:25:02.187 [DEBUG] [thread-id 1] - 13.97
2024-06-19 15:25:02.187 [DEBUG] [thread-id 1] - conditionally execute a flow. condition: true
2024-06-19 15:25:05.388 [DEBUG] [thread-id 1] - The prices for both subscription and non subscription is the same as expected. Hence no discount is applied for subscription
2024-06-19 15:25:05.397 [DEBUG] [thread-id 1] - Executing function: 'us.functions.utils.handleTechnicalErrorPageInWalmart'
2024-06-19 15:25:05.397 [DEBUG] [thread-id 1] - sleep:  10000 milliseconds
2024-06-19 15:25:15.400 [DEBUG] [thread-id 1] - loop: from 0 to 7
2024-06-19 15:25:18.492 [DEBUG] [thread-id 1] - 0
2024-06-19 15:25:34.693 [DEBUG] [thread-id 1] - conditionally execute a flow. condition: false
2024-06-19 15:25:37.815 [DEBUG] [thread-id 1] - No Technical Error Page observed
2024-06-19 15:25:41.077 [DEBUG] [thread-id 1] - Executing function: 'us.functions.utils.scrollIfNotVisible'
2024-06-19 15:25:50.215 [DEBUG] [thread-id 1] - Verify identifier: {//XCUIElementTypeButton[@name="Set up subscription"]=[true]}
2024-06-19 15:25:53.457 [DEBUG] [thread-id 1] - Element already visible, scrolling is skipped
2024-06-19 15:25:53.468 [DEBUG] [thread-id 1] - Resetting scrollPosition variable to default
2024-06-19 15:25:53.468 [DEBUG] [thread-id 1] - Store in: store the value 'null' in the variable 'scrollPosition'
2024-06-19 15:25:53.468 [DEBUG] [thread-id 1] - Store in: store the value 'null' in the variable 'identifierScope'
2024-06-19 15:25:53.469 [DEBUG] [thread-id 1] - Store in: store the value 'null' in the variable 'limit'
2024-06-19 15:25:55.721 [DEBUG] [thread-id 1] - Verify identifier: {//XCUIElementTypeButton[@name="Set up subscription"]=[true]}
2024-06-19 15:26:07.967 [DEBUG] [thread-id 1] - Click element: '//XCUIElementTypeButton[@name="Set up subscription"]'
2024-06-19 15:26:11.911 [DEBUG] [thread-id 1] - Verify identifier: {//XCUIElementTypeStaticText[@name="Set up subscription"]=[true]}
2024-06-19 15:26:11.912 [DEBUG] [thread-id 1] - Executing function: 'us.functions.subs.subscription.QuantiyUpdate'
2024-06-19 15:26:11.912 [DEBUG] [thread-id 1] - sleep:  5000 milliseconds
2024-06-19 15:26:16.923 [DEBUG] [thread-id 1] - conditionally execute a flow. condition: true
2024-06-19 15:26:23.503 [DEBUG] [thread-id 1] - Verify identifier: {stepper.mainButton=[true], //XCUIElementTypeStaticText[@name="1"] | //XCUIElementTypeOther[@name="SubscriptionEnrollmentProductView.quantityStepper"]=[true]}
2024-06-19 15:26:23.514 [DEBUG] [thread-id 1] - Executing function: 'us.functions.subs.subscription.Subsfrequency'
2024-06-19 15:26:34.734 [DEBUG] [thread-id 1] - conditionally execute a flow. condition: false
2024-06-19 15:26:41.030 [DEBUG] [thread-id 1] - Verify identifier: {FrequencyCollectionView.collectionView=[true], //XCUIElementTypeCell[contains(@name, "weeks Most common")] | //XCUIElementTypeStaticText[@name="Recommended"]=[true]}
2024-06-19 15:26:47.281 [DEBUG] [thread-id 1] - Verify identifier: {//XCUIElementTypeCell[contains(@name, "weeks Most common")] | //XCUIElementTypeStaticText[@name="Recommended"]=[true]}
2024-06-19 15:26:51.026 [DEBUG] [thread-id 1] - conditionally execute a flow. condition: true
2024-06-19 15:26:54.707 [DEBUG] [thread-id 1] - Scroll: right
2024-06-19 15:27:11.282 [DEBUG] [thread-id 1] - Executing function: 'us.functions.utils.scrollIfNotVisible'
2024-06-19 15:27:17.749 [DEBUG] [thread-id 1] - Verify identifier: {//XCUIElementTypeCell[contains(@name, "4 weeks")]=[true]}
2024-06-19 15:27:21.449 [DEBUG] [thread-id 1] - Element already visible, scrolling is skipped
2024-06-19 15:27:21.462 [DEBUG] [thread-id 1] - Resetting scrollPosition variable to default
2024-06-19 15:27:21.462 [DEBUG] [thread-id 1] - Store in: store the value 'null' in the variable 'scrollPosition'
2024-06-19 15:27:21.462 [DEBUG] [thread-id 1] - Store in: store the value 'null' in the variable 'identifierScope'
2024-06-19 15:27:21.462 [DEBUG] [thread-id 1] - Store in: store the value 'null' in the variable 'limit'
2024-06-19 15:27:27.826 [DEBUG] [thread-id 1] - Click element: '//XCUIElementTypeCell[contains(@name, "4 weeks")]'
2024-06-19 15:27:34.625 [DEBUG] [thread-id 1] - Click element: 'SubscriptionEnrollmentCTAView.primaryButton'
2024-06-19 15:27:36.773 [DEBUG] [thread-id 1] - Executing function: 'us.functions.item.postAddToCartSteps'
2024-06-19 15:28:02.256 [DEBUG] [thread-id 1] - No ACC pop up screen displayed
2024-06-19 15:28:30.031 [DEBUG] [thread-id 1] - No PAC overlay pop up screen displayed
2024-06-19 15:28:35.849 [DEBUG] [thread-id 1] - Click element: '//XCUIElementTypeButton[@name="Close"] | //XCUIElementTypeButton[@label="Close"]'
2024-06-19 15:28:36.866 [DEBUG] [thread-id 1] - Executing function: 'us.functions.item.closeItemPage'
2024-06-19 15:28:58.494 [DEBUG] [thread-id 1] - PAC not found
2024-06-19 15:29:20.687 [DEBUG] [thread-id 1] - Item page closed
2024-06-19 15:29:21.859 [WARN] [thread-id 1] - break reached without loop, this may be an error in your flow.
2024-06-19 15:29:21.866 [DEBUG] [thread-id 1] - Executing function: 'us.functions.global.navigation.toCartFromNavBar'
2024-06-19 15:29:22.695 [DEBUG] [thread-id 1] - Verify identifier: {//XCUIElementTypeButton[contains(@label, "Your cart")] | //XCUIElementTypeButton[(@name="SearchResultsViewController.cartButton") or (contains(@label,"Your cart contains") and contains(@label,"The estimated total is")) or (@label="Your cart is empty")]=[true]}
2024-06-19 15:29:23.535 [DEBUG] [thread-id 1] - Click element: '//XCUIElementTypeButton[contains(@label, "Your cart")] | //XCUIElementTypeButton[(@name="SearchResultsViewController.cartButton") or (contains(@label,"Your cart contains") and contains(@label,"The estimated total is")) or (@label="Your cart is empty")]'
2024-06-19 15:29:32.636 [DEBUG] [thread-id 1] - Verify identifier: {//XCUIElementTypeStaticText[@name="CartDetailsViewController.headerCartLabel"] | //XCUIElementTypeStaticText[@name="CartEmptyStateViewController.titleLabel" and not(contains(@label,"We're sorry!"))]=[true]}
2024-06-19 15:29:32.648 [DEBUG] [thread-id 1] - Executing function: 'us.functions.sub.validateTheSubscriptionFrequencyInCartPage'
2024-06-19 15:29:32.648 [DEBUG] [thread-id 1] - sleep:  3000 milliseconds
2024-06-19 15:29:35.658 [DEBUG] [thread-id 1] - Executing function: 'us.functions.utils.scrollIfNotVisible'
2024-06-19 15:29:38.188 [DEBUG] [thread-id 1] - Verify identifier: {SubscribeLinkButtonView=[true]}
2024-06-19 15:29:40.174 [DEBUG] [thread-id 1] - Element already visible, scrolling is skipped
2024-06-19 15:29:40.185 [DEBUG] [thread-id 1] - Resetting scrollPosition variable to default
2024-06-19 15:29:40.185 [DEBUG] [thread-id 1] - Store in: store the value 'null' in the variable 'scrollPosition'
2024-06-19 15:29:40.185 [DEBUG] [thread-id 1] - Store in: store the value 'null' in the variable 'identifierScope'
2024-06-19 15:29:40.185 [DEBUG] [thread-id 1] - Store in: store the value 'null' in the variable 'limit'
2024-06-19 15:29:42.091 [DEBUG] [thread-id 1] - conditionally execute a flow. condition: true
2024-06-19 15:29:44.103 [DEBUG] [thread-id 1] - Selected frequency of subscription is displayed as expected
2024-06-19 15:29:44.112 [DEBUG] [thread-id 1] - Executing function: 'us.functions.selectBookingSlot'
2024-06-19 15:29:44.113 [DEBUG] [thread-id 1] - Store in: store the value '1' in the variable 'slotIndex'
2024-06-19 15:29:44.113 [DEBUG] [thread-id 1] - Store in: store the value '3' in the variable 'slotIndex2'
2024-06-19 15:29:44.113 [WARN] [thread-id 1] - variable wplusUser was used, but r2 could not find a value for this variable. returning default of null
2024-06-19 15:29:44.113 [WARN] [thread-id 1] - variable timeSlot was used, but r2 could not find a value for this variable. returning default of null
2024-06-19 15:29:44.114 [DEBUG] [thread-id 1] - conditionally execute a flow. condition: true
2024-06-19 15:29:46.085 [DEBUG] [thread-id 1] - Store in: store the value 'true' in the variable 'optimize'
2024-06-19 15:29:46.091 [WARN] [thread-id 1] - variable timeSlot was used, but r2 could not find a value for this variable. returning default of null
2024-06-19 15:29:46.091 [DEBUG] [thread-id 1] - conditionally execute a flow. condition: true
2024-06-19 15:29:48.006 [DEBUG] [thread-id 1] - Store in: store the value 'generic' in the variable 'timeSlot'
2024-06-19 15:29:48.013 [DEBUG] [thread-id 1] - Executing function: 'us.functions.loadBookingSlotScreenBasics'
2024-06-19 15:29:48.013 [DEBUG] [thread-id 1] - ------ Loading booking slot screen ------
2024-06-19 15:29:48.014 [DEBUG] [thread-id 1] - conditionally execute a flow. condition: false
2024-06-19 15:29:49.933 [DEBUG] [thread-id 1] - conditionally execute a flow. condition: true
2024-06-19 15:29:51.987 [DEBUG] [thread-id 1] - ------ Loading booking slot screen from cart page ------
2024-06-19 15:29:53.931 [DEBUG] [thread-id 1] - Executing function: 'us.functions.cart.scrollToTopOfCart'
2024-06-19 15:29:53.931 [DEBUG] [thread-id 1] - -------Scroll to top of cart page function start-------
2024-06-19 15:29:57.459 [DEBUG] [thread-id 1] - Verify identifier: {//XCUIElementTypeStaticText[@name="CartDetailsViewController.headerCartLabel"] | //XCUIElementTypeStaticText[@name="CartEmptyStateViewController.titleLabel" and not(contains(@label,"We're sorry!"))]=[true]}
2024-06-19 15:30:01.351 [DEBUG] [thread-id 1] - Executing function: 'us.functions.utils.scrollIfNotVisible'
2024-06-19 15:30:03.932 [DEBUG] [thread-id 1] - Verify identifier: {FulfillmentSummaryView.titlePrefixLabel=[true]}
2024-06-19 15:30:05.949 [DEBUG] [thread-id 1] - Element already visible, scrolling is skipped
2024-06-19 15:30:05.958 [DEBUG] [thread-id 1] - Resetting scrollPosition variable to default
2024-06-19 15:30:05.958 [DEBUG] [thread-id 1] - Store in: store the value 'null' in the variable 'scrollPosition'
2024-06-19 15:30:05.958 [DEBUG] [thread-id 1] - Store in: store the value 'null' in the variable 'identifierScope'
2024-06-19 15:30:05.958 [DEBUG] [thread-id 1] - Store in: store the value 'null' in the variable 'limit'
2024-06-19 15:30:05.963 [DEBUG] [thread-id 1] - -------Scroll to top of cart page function end-------
2024-06-19 15:30:07.979 [DEBUG] [thread-id 1] - Executing function: 'us.functions.utils.scrollIfNotVisible'
2024-06-19 15:30:11.548 [DEBUG] [thread-id 1] - Verify identifier: {//XCUIElementTypeButton[@name="FulfillmentSummaryView.actionButton" and not(contains(@label,"See Options"))] | //*[contains(@label,"Reserve a new time")]=[true]}
2024-06-19 15:30:13.695 [DEBUG] [thread-id 1] - Element already visible, scrolling is skipped
2024-06-19 15:30:13.702 [DEBUG] [thread-id 1] - Resetting scrollPosition variable to default
2024-06-19 15:30:13.702 [DEBUG] [thread-id 1] - Store in: store the value 'null' in the variable 'scrollPosition'
2024-06-19 15:30:13.702 [DEBUG] [thread-id 1] - Store in: store the value 'null' in the variable 'identifierScope'
2024-06-19 15:30:13.702 [DEBUG] [thread-id 1] - Store in: store the value 'null' in the variable 'limit'
2024-06-19 15:30:17.145 [DEBUG] [thread-id 1] - Verify identifier: {//XCUIElementTypeButton[@name="FulfillmentSummaryView.actionButton" and not(contains(@label,"See Options"))] | //*[contains(@label,"Reserve a new time")]=[true]}
2024-06-19 15:30:18.849 [DEBUG] [thread-id 1] - conditionally execute a flow. condition: true
2024-06-19 15:30:20.805 [DEBUG] [thread-id 1] - conditionally execute a flow. condition: true
2024-06-19 15:30:24.796 [DEBUG] [thread-id 1] - Executing function: 'us.functions.utils.getFulfillmentTextsForIntentSelection'
2024-06-19 15:30:24.797 [DEBUG] [thread-id 1] - conditionally execute a flow. condition: false
2024-06-19 15:30:26.836 [DEBUG] [thread-id 1] - conditionally execute a flow. condition: false
2024-06-19 15:30:28.774 [DEBUG] [thread-id 1] - conditionally execute a flow. condition: true
2024-06-19 15:30:30.744 [DEBUG] [thread-id 1] - Store in: store the value 'delivery' in the variable 'fulfillmentType'
2024-06-19 15:30:32.707 [DEBUG] [thread-id 1] - Store in: store the value 'Delivery' in the variable 'altFulfillmentType'
2024-06-19 15:30:35.266 [DEBUG] [thread-id 1] - Verify identifier: {FulfillmentSummaryView.titlePrefixLabel=[true]}
2024-06-19 15:30:38.643 [DEBUG] [thread-id 1] - Click element: '//XCUIElementTypeCell[@name="SlotShortcutView.Slot2"]'
2024-06-19 15:30:41.524 [DEBUG] [thread-id 1] - Store in: store the value 'true' in the variable 'skipReserve'
2024-06-19 15:30:47.469 [DEBUG] [thread-id 1] - Slot page loaded
2024-06-19 15:31:02.169 [DEBUG] [thread-id 1] - ------ Loading Delivery tab ------
2024-06-19 15:31:02.170 [WARN] [thread-id 1] - variable skipSlotPage was used, but r2 could not find a value for this variable. returning default of null
2024-06-19 15:31:02.170 [DEBUG] [thread-id 1] - conditionally execute a flow. condition: true
2024-06-19 15:31:03.910 [DEBUG] [thread-id 1] - testing Optimization Remove changes after testing
2024-06-19 15:31:03.919 [WARN] [thread-id 1] - variable skipSlotPage was used, but r2 could not find a value for this variable. returning default of null
2024-06-19 15:31:03.919 [DEBUG] [thread-id 1] - conditionally execute a flow. condition: true
2024-06-19 15:31:05.828 [DEBUG] [thread-id 1] - Slot booking functionality skipped for unscheduled pickup and testing Optimization
2024-06-19 15:31:07.635 [DEBUG] [thread-id 1] - Store in: store the value 'false' in the variable 'skipReserve'
2024-06-19 15:31:09.396 [DEBUG] [thread-id 1] - Store in: store the value 'false' in the variable 'optimize'
2024-06-19 15:31:09.407 [DEBUG] [thread-id 1] - Executing function: 'us.functions.cart.continueToCheckoutOrNewOrder'
2024-06-19 15:31:20.122 [DEBUG] [thread-id 1] - conditionally execute a flow. condition: false
2024-06-19 15:31:23.032 [DEBUG] [thread-id 1] - Click element: '//XCUIElementTypeButton[@name="CartPrimaryCTAButton"] | //XCUIElementTypeButton[@name="CartFinishButton"]'
2024-06-19 15:31:36.261 [DEBUG] [thread-id 1] - Executing function: 'us.functions.reserveSlot.fcormpselectaddressandcontinue'
2024-06-19 15:32:00.519 [DEBUG] [thread-id 1] - sleep:  7000 milliseconds
2024-06-19 15:32:07.531 [DEBUG] [thread-id 1] - Executing function: 'us.functions.home.closeWPlusPromotionPopUpIfDisplayed'
2024-06-19 15:32:12.627 [DEBUG] [thread-id 1] - Verify identifier: {//XCUIElementTypeButton[@name="SplashPageTermView.primaryButton"]|//XCUIElementTypeButton[@name="WalmartPlusSplashBottomSheet.tryWalmartPlusMemberShipButton"] | //XCUIElementTypeButton[@label="Try your rewards benefit"] | //XCUIElementTypeButton[@name="BenefitEngagementTempoContainerView.primaryButton"] | //XCUIElementTypeNavigationBar[@name="Walmart plus"] | //XCUIElementTypeNavigationBar[@name="WalmartPlus.SplashPageView"] | //XCUIElementTypeStaticText[@name="Book Now"]=[true]}
2024-06-19 15:32:17.820 [DEBUG] [thread-id 1] - conditionally execute a flow. condition: true
2024-06-19 15:32:22.862 [DEBUG] [thread-id 1] - Click element: '//XCUIElementTypeButton[@name="SplashPageViewController.closeButton" or contains(@label, "Close Walmart plus promotional pop up")] | //XCUIElementTypeNavigationBar[@name="WalmartPlus.SplashPageView"]/XCUIElementTypeButton | //XCUIElementTypeButton[@name="close" or @name="Close"] | //XCUIElementTypeButton[@name="SplashPageViewController.fullScreenCloseButton"] | //XCUIElementTypeButton[@name="MultiSplashViewController.fullScreenCloseButton"] | //XCUIElementTypeButton[@name="RepeatBenefitEngagementTopBarView.closeButton"] | //XCUIElementTypeButton[@name="Close"]'
2024-06-19 15:32:23.794 [DEBUG] [thread-id 1] - Executing function: 'us.functions.wplus.handle.SubstitutionPreferencePopup'
2024-06-19 15:32:26.494 [DEBUG] [thread-id 1] - conditionally execute a flow. condition: true
2024-06-19 15:32:30.730 [DEBUG] [thread-id 1] - Click element with offset: '//XCUIElementTypeButton[@name="LDCallout.closeLinkButton"]'
2024-06-19 15:32:32.308 [DEBUG] [thread-id 1] - Executing function: 'us.functions.subs.validateSubscriptionInReviewOrderPage'
2024-06-19 15:32:32.308 [DEBUG] [thread-id 1] - sleep:  3000 milliseconds
2024-06-19 15:32:38.097 [DEBUG] [thread-id 1] - Verify identifier: {//XCUIElementTypeStaticText[@name="View"]=[true], //XCUIElementTypeStaticText[contains(@label,"Subscription")]=[true]}
2024-06-19 15:32:39.540 [DEBUG] [thread-id 1] - Click element: '//XCUIElementTypeStaticText[@name="View"]'
2024-06-19 15:32:40.366 [DEBUG] [thread-id 1] - sleep:  3000 milliseconds
2024-06-19 15:32:49.966 [DEBUG] [thread-id 1] - Verify identifier: {//XCUIElementTypeButton[@name="Close"] | //XCUIElementTypeButton[@name="close"]=[true], //XCUIElementTypeStaticText[@name="Item details"]=[true], //XCUIElementTypeButton[@label="Every 4 weeks"] | //*[contains(@label, "Subscription frequency") and contains(@label, "Every")]=[true], //XCUIElementTypeStaticText[contains(@label,"Subscription")]=[true]}
2024-06-19 15:32:51.706 [DEBUG] [thread-id 1] - Click element: '//XCUIElementTypeButton[@name="Close"] | //XCUIElementTypeButton[@name="close"]'
2024-06-19 15:33:05.500 [DEBUG] [thread-id 1] - conditionally execute a flow. condition: false
2024-06-19 15:33:14.516 [DEBUG] [thread-id 1] - Main failed: ENV_FAILURE - teflon - Subscription text should be displayed but is not
2024-06-19 15:33:19.527 [DEBUG] [thread-id 1] - Executing scenario: 'After'
2024-06-19 15:33:19.528 [DEBUG] [thread-id 1] - Executing function: 'us.functions.utils.afterSteps'
2024-06-19 15:33:19.529 [WARN] [thread-id 1] - variable testStatus was used, but r2 could not find a value for this variable. returning default of null
2024-06-19 15:33:19.529 [DEBUG] [thread-id 1] - conditionally execute a flow. condition: false
2024-06-19 15:33:21.930 [DEBUG] [thread-id 1] - Test failed
2024-06-19 15:33:31.032 [DEBUG] [thread-id 1] - Created report: /Users/m0k0a2f/glass-automation/report/index.html
