2024-05-02 10:29:18.806 [DEBUG] [thread-id 1] - Executing R2 4.0.0: '/Users/m0k0a2f/glass-automation/./us/test/test-scripts/ios/golden-flows/Ecomm-And-Fulfillment-Flows/driver-returns-ctp-reschedule-cancellation/C2697584-DriverReturnsOrderReschedule.yaml' on device: 'iPhone 15 Pro'
2024-05-02 10:30:19.436 [ERROR] [thread-id 1] - error setting up appium session: 
org.openqa.selenium.SessionNotCreatedException: Could not start a new session. Response code 500. Message: An unknown server-side error occurred while processing the command. Original error: Error running 'shutdown': An error was encountered processing the command (domain=com.apple.CoreSimulator.SimError, code=405):
Unable to shutdown device in current state: Creating 
Host info: host: 'm-xqkh4fwq5j', ip: 'fd00:f85b:3b8e:a30b:0:0:0:1265%en0'
Build info: version: '4.13.0', revision: 'ba948ece5b*'
System info: os.name: 'Mac OS X', os.arch: 'aarch64', os.version: '14.4.1', java.version: '20.0.1'
Driver info: io.appium.java_client.ios.IOSDriver
Command: [null, newSession {capabilities=[{appium:app=/Users/m0k0a2f/glass-automation/us/app/glass.zip, appium:appiumVersion=2.5.1, appium:automationName=XCUITest, appium:bundleId=com.walmart.beta.electronics, appium:commandTimeout=600, appium:deviceName=iPhone 15 Pro, appium:fullReset=true, appium:idleTimeout=1000, appium:iosInstallPause=20000, appium:launchTimeout=6000000, appium:name=C2697584-DriverReturnsOrderReschedule.yaml, appium:newCommandTimeout=90000, appium:noReset=false, appium:orientation=PORTRAIT, appium:platformVersion=17.4, appium:processArguments={"env":{"config":"{\"environment\":\"teflon\"}","ccm":"{\"feature.membership.plusups.reactivation.cancelledActiveExpired.enabled\":{\"value\":false}}"},"args":["-kGlassExpEnabled","true","-com.walmart.px.skip-catcha","YES"]}, appium:waitForQuiescence=false, platformName=IOS}], desiredCapabilities=Capabilities {appium:app: /Users/m0k0a2f/glass-automa..., appium:appiumVersion: 2.5.1, appium:automationName: XCUITest, appium:bundleId: com.walmart.beta.electronics, appium:commandTimeout: 600, appium:deviceName: iPhone 15 Pro, appium:fullReset: true, appium:idleTimeout: 1000, appium:iosInstallPause: 20000, appium:launchTimeout: 6000000, appium:name: C2697584-DriverReturnsOrder..., appium:newCommandTimeout: 90000, appium:noReset: false, appium:orientation: PORTRAIT, appium:platformVersion: 17.4, appium:processArguments: {"env":{"config":"{\"enviro..., appium:waitForQuiescence: false, platformName: IOS}}]
Capabilities {appium:app: /Users/m0k0a2f/glass-automa..., appium:appiumVersion: 2.5.1, appium:automationName: XCUITest, appium:bundleId: com.walmart.beta.electronics, appium:commandTimeout: 600, appium:deviceName: iPhone 15 Pro, appium:fullReset: true, appium:idleTimeout: 1000, appium:iosInstallPause: 20000, appium:launchTimeout: 6000000, appium:name: C2697584-DriverReturnsOrder..., appium:newCommandTimeout: 90000, appium:noReset: false, appium:orientation: PORTRAIT, appium:platformVersion: 17.4, appium:processArguments: {"env":{"config":"{\"enviro..., appium:waitForQuiescence: false, platformName: IOS}
	at org.openqa.selenium.remote.ProtocolHandshake.createSession(ProtocolHandshake.java:140) ~[r2.jar:4.0.0]
	at jdk.internal.reflect.DirectMethodHandleAccessor.invoke(DirectMethodHandleAccessor.java:104) ~[?:?]
	at java.lang.reflect.Method.invoke(Method.java:578) ~[?:?]
	at io.appium.java_client.remote.AppiumProtocolHandshake.createSession(AppiumProtocolHandshake.java:133) ~[r2.jar:4.0.0]
	at io.appium.java_client.remote.AppiumProtocolHandshake.createSession(AppiumProtocolHandshake.java:102) ~[r2.jar:4.0.0]
	at io.appium.java_client.remote.AppiumCommandExecutor.createSession(AppiumCommandExecutor.java:182) ~[r2.jar:4.0.0]
	at io.appium.java_client.remote.AppiumCommandExecutor.execute(AppiumCommandExecutor.java:250) ~[r2.jar:4.0.0]
	at org.openqa.selenium.remote.RemoteWebDriver.execute(RemoteWebDriver.java:602) ~[r2.jar:4.0.0]
	at io.appium.java_client.AppiumDriver.startSession(AppiumDriver.java:274) ~[r2.jar:4.0.0]
	at org.openqa.selenium.remote.RemoteWebDriver.<init>(RemoteWebDriver.java:163) ~[r2.jar:4.0.0]
	at io.appium.java_client.AppiumDriver.<init>(AppiumDriver.java:89) ~[r2.jar:4.0.0]
	at io.appium.java_client.AppiumDriver.<init>(AppiumDriver.java:101) ~[r2.jar:4.0.0]
	at io.appium.java_client.ios.IOSDriver.<init>(IOSDriver.java:104) ~[r2.jar:4.0.0]
	at com.walmartlabs.executor.Appium.setupDriver(Appium.java:774) ~[r2.jar:4.0.0]
	at com.walmartlabs.executor.Appium.setupAppium(Appium.java:699) ~[r2.jar:4.0.0]
	at com.walmartlabs.executor.Executor.start(Executor.java:360) [r2.jar:4.0.0]
	at com.walmartlabs.executor.Executor.startExecution(Executor.java:188) [r2.jar:4.0.0]
	at com.walmartlabs.executor.MultipleConfigExecutor.executeConfig(MultipleConfigExecutor.java:319) [r2.jar:4.0.0]
	at com.walmartlabs.executor.MultipleConfigExecutor.start(MultipleConfigExecutor.java:146) [r2.jar:4.0.0]
	at com.walmartlabs.R2.start(R2.java:88) [r2.jar:4.0.0]
	at com.walmartlabs.R2.main(R2.java:133) [r2.jar:4.0.0]
2024-05-02 10:30:20.047 [DEBUG] [thread-id 1] - Created report: /Users/m0k0a2f/glass-automation/report/index.html
