2024-01-07 17:08:21.549 [DEBUG] [thread-id 1] - Executing R2 3.38.1: '/Users/m0k0a2f/glass-automation/./us/test/test-scripts/ios/golden-flows/deprecated-to-be-removed-after-review/C2644789-glass-sc-scheduled-delivery.yaml' on device: 'iPhone 14 Simulator'
2024-01-07 17:08:23.052 [DEBUG] [thread-id 1] - Executing R2 3.38.1: '/Users/m0k0a2f/glass-automation/./us/test/test-scripts/ios/prod-flows/Ecomm-And-Fulfillment-Flows/store-single-fulfillment-flows/C2644789-glass-sc-scheduled-delivery.yaml' on device: 'iPhone 14 Simulator'
2024-01-07 17:08:25.183 [DEBUG] [thread-id 1] - Created report: /Users/m0k0a2f/glass-automation/report/index.html
2024-01-07 17:11:46.531 [DEBUG] [thread-id 1] - Executing R2 3.38.1: '/Users/m0k0a2f/glass-automation/./us/test/test-scripts/ios/prod-flows/Ecomm-And-Fulfillment-Flows/store-single-fulfillment-flows/C2644789-glass-sc-scheduled-delivery.yaml' on device: 'iPhone 14 Simulator'
2024-01-07 17:11:49.879 [DEBUG] [thread-id 1] - Created report: /Users/m0k0a2f/glass-automation/report/index.html
2024-01-07 17:15:53.561 [DEBUG] [thread-id 109] - Executing R2 3.38.1: '/Users/m0k0a2f/glass-automation/./us/test/test-scripts/ios/prod-flows/Ecomm-And-Fulfillment-Flows/store-single-fulfillment-flows/C2644789-glass-sc-scheduled-delivery.yaml' on device: 'iPhone 13 Simulator'
2024-01-07 17:15:55.651 [DEBUG] [thread-id 1] - Created report: /Users/m0k0a2f/glass-automation/report/index.html
2024-01-07 17:18:36.134 [DEBUG] [thread-id 108] - Executing R2 3.38.1: '/Users/m0k0a2f/glass-automation/./us/test/test-scripts/ios/prod-flows/Ecomm-And-Fulfillment-Flows/store-single-fulfillment-flows/C2644789-glass-sc-scheduled-delivery.yaml' on device: 'iPhone 13 Simulator'
2024-01-07 17:18:59.843 [DEBUG] [thread-id 1] - Created report: /Users/m0k0a2f/glass-automation/report/index.html
2024-01-07 17:20:02.018 [DEBUG] [thread-id 1] - Executing R2 3.38.1: '/Users/m0k0a2f/glass-automation/./us/test/test-scripts/ios/prod-flows/Ecomm-And-Fulfillment-Flows/store-single-fulfillment-flows/C2644789-glass-sc-scheduled-delivery.yaml' on device: 'iPhone 14 Simulator'
2024-01-07 17:21:50.941 [DEBUG] [thread-id 1] - Executing scenario: 'Before'
2024-01-07 17:21:50.946 [DEBUG] [thread-id 1] - R2_SUBFLOW_PRE_TRANSACTION
2024-01-07 17:21:51.873 [DEBUG] [thread-id 1] - Using us-errors-helpers.yaml
2024-01-07 17:21:52.739 [DEBUG] [thread-id 1] - Start Main
2024-01-07 17:21:52.745 [DEBUG] [thread-id 1] - Executing function: 'us.functions.global.onboarding.navigateOnboardingToHome'
2024-01-07 17:21:52.748 [DEBUG] [thread-id 1] - Executing function: 'us.function.utils.getEnvironmentValue'
2024-01-07 17:21:52.753 [DEBUG] [thread-id 1] - Store in: store the value 'teflon' in the variable 'env'
2024-01-07 17:21:52.771 [DEBUG] [thread-id 1] - Welcome screen loaded
2024-01-07 17:21:52.773 [DEBUG] [thread-id 1] - Verify identifier: {SignUpNudgeWelcomeViewController.titleLabel=[true]}
2024-01-07 17:22:03.025 [DEBUG] [thread-id 1] - conditionally execute a flow. condition: false
2024-01-07 17:22:03.835 [DEBUG] [thread-id 1] - Click element: 'cta.cancel.welcome'
2024-01-07 17:22:05.913 [DEBUG] [thread-id 1] - Notifiction Prompt screen loaded
2024-01-07 17:22:07.125 [DEBUG] [thread-id 1] - Verify identifier: {NotificationPermissionViewController.titleLabel=[true]}
2024-01-07 17:22:07.440 [DEBUG] [thread-id 1] - Click element: 'cta.cancel.notifications'
2024-01-07 17:22:09.376 [DEBUG] [thread-id 1] - location screen loaded
2024-01-07 17:22:10.434 [DEBUG] [thread-id 1] - Verify identifier: {LocationPermissionViewController.titleLabel=[true], LocationPermissionViewController.bodyLabel=[true]}
2024-01-07 17:22:10.808 [DEBUG] [thread-id 1] - Click element: 'cta.cancel.location'
2024-01-07 17:22:13.868 [DEBUG] [thread-id 1] - Verify identifier: {label.postal-code-entry=[true]}
2024-01-07 17:22:14.157 [DEBUG] [thread-id 1] - Enter text: '95122'
2024-01-07 17:22:20.025 [DEBUG] [thread-id 1] - Click element: 'cta.continue'
2024-01-07 17:22:22.424 [DEBUG] [thread-id 1] - sleep:  3000 milliseconds
2024-01-07 17:22:25.428 [DEBUG] [thread-id 1] - loop: from 0 to 3
2024-01-07 17:22:26.887 [DEBUG] [thread-id 1] - 0
2024-01-07 17:22:39.876 [DEBUG] [thread-id 1] - conditionally execute a flow. condition: false
2024-01-07 17:22:52.233 [DEBUG] [thread-id 1] - Observed IDFA Sscreen
2024-01-07 17:22:53.315 [DEBUG] [thread-id 1] - conditionally execute a flow. condition: true
2024-01-07 17:22:54.353 [DEBUG] [thread-id 1] - Verify identifier: {ATTPermissionViewController.titleLabel=[true], ATTPermissionViewController.bodyLabel=[true]}
2024-01-07 17:22:55.691 [DEBUG] [thread-id 1] - Click element: 'cta.continue.location'
2024-01-07 17:23:10.571 [DEBUG] [thread-id 1] - Click element: '//XCUIElementTypeButton[@name="Ask App Not to Track"] | //XCUIElementTypeButton[@name="Solicitar a la app no rastrear"]'
2024-01-07 17:23:23.179 [DEBUG] [thread-id 1] - conditionally execute a flow. condition: false
2024-01-07 17:23:28.529 [DEBUG] [thread-id 1] - modal is not displayed
2024-01-07 17:23:32.430 [DEBUG] [thread-id 1] - conditionally execute a flow. condition: true
2024-01-07 17:23:41.672 [DEBUG] [thread-id 1] - Click element: '//XCUIElementTypeButton[@name="NudgeUpdateView.cancelButton"]'
2024-01-07 17:23:44.912 [DEBUG] [thread-id 1] - Executing function: 'us.functions.gic.collapseIfExpanded'
2024-01-07 17:23:51.368 [DEBUG] [thread-id 1] - Verify identifier: {//*[contains(@label,"Expanded")] | //*[contains(@name,"Expanded")]=[true]}
2024-01-07 17:23:54.864 [DEBUG] [thread-id 1] - Collapsing GIC screen
2024-01-07 17:24:01.142 [DEBUG] [thread-id 1] - Click element: '//*[contains(@label,"Expanded")] | //*[contains(@name,"Expanded")]'
2024-01-07 17:24:04.196 [DEBUG] [thread-id 1] - Executing function: 'us.functions.home.navigateHomeToSignIn'
2024-01-07 17:24:04.196 [DEBUG] [thread-id 1] - sleep:  3000 milliseconds
2024-01-07 17:24:24.503 [DEBUG] [thread-id 1] - Click element: 'tab-account-unselected'
2024-01-07 17:24:29.413 [DEBUG] [thread-id 1] - Verify identifier: {SignInYourAccountTableViewCell.signInButton=[true]}
2024-01-07 17:24:29.413 [DEBUG] [thread-id 1] - loop: from 1 to 3
2024-01-07 17:24:31.912 [DEBUG] [thread-id 1] - conditionally execute a flow. condition: true
2024-01-07 17:24:34.856 [DEBUG] [thread-id 1] - Click element: 'SignInYourAccountTableViewCell.signInButton'
2024-01-07 17:24:50.114 [DEBUG] [thread-id 1] - Verify identifier: {WelcomeView.emailField=[true]}
2024-01-07 17:24:56.015 [DEBUG] [thread-id 1] - Store in: store the value 'true' in the variable 'signInValidated'
2024-01-07 17:25:02.097 [DEBUG] [thread-id 1] - conditionally execute a flow. condition: true
2024-01-07 17:25:08.127 [DEBUG] [thread-id 1] - SignIn page loaded
2024-01-07 17:25:13.949 [DEBUG] [thread-id 1] - Store in: store the value 'false' in the variable 'signInValidated'
2024-01-07 17:25:14.059 [DEBUG] [thread-id 1] - Executing function: 'us.functions.global.authentication.signInAccount2'
2024-01-07 17:25:20.340 [DEBUG] [thread-id 1] - Verify identifier: {WelcomeView.emailField=[true]}
2024-01-07 17:25:21.304 [DEBUG] [thread-id 1] - Enter text: 'us.data.prodtest.flow004.ios.email'
2024-01-07 17:25:31.359 [DEBUG] [thread-id 1] - Click element: 'WelcomeView.ctaButton'
2024-01-07 17:25:34.739 [DEBUG] [thread-id 1] - Executing function: 'us.functions.global.navigation.accountToHome'
2024-01-07 17:25:34.741 [DEBUG] [thread-id 1] - Verify identifier: {Shop=[true]}
2024-01-07 17:25:34.741 [DEBUG] [thread-id 1] - sleep:  2000 milliseconds
2024-01-07 17:25:37.446 [DEBUG] [thread-id 1] - Click element: 'Shop'
2024-01-07 17:25:48.654 [DEBUG] [thread-id 1] - Executing function: 'us.functions.home.closeWPlusPromotionPopUpIfDisplayed'
2024-01-07 17:26:01.742 [DEBUG] [thread-id 1] - No Wplus pop up displayed
2024-01-07 17:26:27.075 [DEBUG] [thread-id 1] - Main failed: Is not present: 'Search Walmart'
2024-01-07 17:26:30.332 [DEBUG] [thread-id 1] - Executing scenario: 'After'
2024-01-07 17:26:30.336 [DEBUG] [thread-id 1] - Executing function: 'us.functions.utils.afterSteps'
2024-01-07 17:26:30.338 [WARN] [thread-id 1] - variable testStatus was used, but r2 could not find a value for this variable. returning default of null
2024-01-07 17:26:30.339 [DEBUG] [thread-id 1] - conditionally execute a flow. condition: false
2024-01-07 17:26:33.515 [DEBUG] [thread-id 1] - Test failed
2024-01-07 17:26:40.411 [DEBUG] [thread-id 1] - Created report: /Users/m0k0a2f/glass-automation/report/index.html
2024-01-07 17:28:34.794 [DEBUG] [thread-id 1] - Executing R2 3.38.1: '/Users/m0k0a2f/glass-automation/./us/test/test-scripts/ios/prod-flows/Ecomm-And-Fulfillment-Flows/store-single-fulfillment-flows/C2644789-glass-sc-scheduled-delivery.yaml' on device: 'iPhone 14 Simulator'
2024-01-07 17:29:09.024 [DEBUG] [thread-id 1] - Created report: /Users/m0k0a2f/glass-automation/report/index.html
2024-01-07 17:30:37.656 [DEBUG] [thread-id 1] - Executing R2 3.38.1: '/Users/m0k0a2f/glass-automation/./us/test/test-scripts/ios/prod-flows/Ecomm-And-Fulfillment-Flows/store-single-fulfillment-flows/C2644789-glass-sc-scheduled-delivery.yaml' on device: 'iPhone 14 Simulator'
2024-01-07 17:34:20.249 [DEBUG] [thread-id 1] - Executing scenario: 'Before'
2024-01-07 17:34:20.260 [DEBUG] [thread-id 1] - R2_SUBFLOW_PRE_TRANSACTION
2024-01-07 17:34:21.871 [DEBUG] [thread-id 1] - Using us-errors-helpers.yaml
2024-01-07 17:34:23.638 [DEBUG] [thread-id 1] - Start Main
2024-01-07 17:34:23.651 [DEBUG] [thread-id 1] - Executing function: 'us.functions.global.onboarding.navigateOnboardingToHome'
2024-01-07 17:34:23.654 [DEBUG] [thread-id 1] - Executing function: 'us.function.utils.getEnvironmentValue'
2024-01-07 17:34:23.655 [DEBUG] [thread-id 1] - Store in: store the value 'teflon' in the variable 'env'
2024-01-07 17:34:23.674 [DEBUG] [thread-id 1] - Welcome screen loaded
2024-01-07 17:34:23.677 [DEBUG] [thread-id 1] - Verify identifier: {SignUpNudgeWelcomeViewController.titleLabel=[true]}
2024-01-07 17:34:33.982 [DEBUG] [thread-id 1] - conditionally execute a flow. condition: false
2024-01-07 17:34:35.530 [DEBUG] [thread-id 1] - Click element: 'cta.cancel.welcome'
2024-01-07 17:34:39.747 [DEBUG] [thread-id 1] - Notifiction Prompt screen loaded
2024-01-07 17:34:42.207 [DEBUG] [thread-id 1] - Verify identifier: {NotificationPermissionViewController.titleLabel=[true]}
2024-01-07 17:34:42.551 [DEBUG] [thread-id 1] - Click element: 'cta.cancel.notifications'
2024-01-07 17:34:46.984 [DEBUG] [thread-id 1] - location screen loaded
2024-01-07 17:34:49.138 [DEBUG] [thread-id 1] - Verify identifier: {LocationPermissionViewController.titleLabel=[true], LocationPermissionViewController.bodyLabel=[true]}
2024-01-07 17:34:49.433 [DEBUG] [thread-id 1] - Click element: 'cta.cancel.location'
2024-01-07 17:34:55.282 [DEBUG] [thread-id 1] - Verify identifier: {label.postal-code-entry=[true]}
2024-01-07 17:34:55.693 [DEBUG] [thread-id 1] - Enter text: '95122'
2024-01-07 17:35:03.103 [DEBUG] [thread-id 1] - Click element: 'cta.continue'
2024-01-07 17:35:07.151 [DEBUG] [thread-id 1] - sleep:  3000 milliseconds
2024-01-07 17:35:10.156 [DEBUG] [thread-id 1] - loop: from 0 to 3
2024-01-07 17:35:12.049 [DEBUG] [thread-id 1] - 0
2024-01-07 17:35:26.170 [DEBUG] [thread-id 1] - conditionally execute a flow. condition: false
2024-01-07 17:35:37.893 [DEBUG] [thread-id 1] - Observed IDFA Sscreen
2024-01-07 17:35:38.894 [DEBUG] [thread-id 1] - conditionally execute a flow. condition: true
2024-01-07 17:35:39.924 [DEBUG] [thread-id 1] - Verify identifier: {ATTPermissionViewController.titleLabel=[true], ATTPermissionViewController.bodyLabel=[true]}
2024-01-07 17:35:41.331 [DEBUG] [thread-id 1] - Click element: 'cta.continue.location'
2024-01-07 17:35:57.655 [DEBUG] [thread-id 1] - Click element: '//XCUIElementTypeButton[@name="Ask App Not to Track"] | //XCUIElementTypeButton[@name="Solicitar a la app no rastrear"]'
2024-01-07 17:36:14.102 [DEBUG] [thread-id 1] - conditionally execute a flow. condition: false
2024-01-07 17:36:20.209 [DEBUG] [thread-id 1] - modal is not displayed
2024-01-07 17:36:23.670 [DEBUG] [thread-id 1] - conditionally execute a flow. condition: true
2024-01-07 17:36:35.593 [DEBUG] [thread-id 1] - Click element: '//XCUIElementTypeButton[@name="NudgeUpdateView.cancelButton"]'
2024-01-07 17:36:40.539 [DEBUG] [thread-id 1] - Executing function: 'us.functions.gic.collapseIfExpanded'
2024-01-07 17:36:49.956 [DEBUG] [thread-id 1] - Verify identifier: {//*[contains(@label,"Expanded")] | //*[contains(@name,"Expanded")]=[true]}
2024-01-07 17:36:54.889 [DEBUG] [thread-id 1] - Collapsing GIC screen
2024-01-07 17:37:02.815 [DEBUG] [thread-id 1] - Click element: '//*[contains(@label,"Expanded")] | //*[contains(@name,"Expanded")]'
2024-01-07 17:37:06.479 [DEBUG] [thread-id 1] - Executing function: 'us.functions.home.navigateHomeToSignIn'
2024-01-07 17:37:06.480 [DEBUG] [thread-id 1] - sleep:  3000 milliseconds
2024-01-07 17:37:23.428 [DEBUG] [thread-id 1] - Click element: 'tab-account-unselected'
2024-01-07 17:37:28.084 [DEBUG] [thread-id 1] - Verify identifier: {SignInYourAccountTableViewCell.signInButton=[true]}
2024-01-07 17:37:28.085 [DEBUG] [thread-id 1] - loop: from 1 to 3
2024-01-07 17:37:30.477 [DEBUG] [thread-id 1] - conditionally execute a flow. condition: true
2024-01-07 17:37:33.431 [DEBUG] [thread-id 1] - Click element: 'SignInYourAccountTableViewCell.signInButton'
2024-01-07 17:37:49.071 [DEBUG] [thread-id 1] - Verify identifier: {WelcomeView.emailField=[true]}
2024-01-07 17:37:55.054 [DEBUG] [thread-id 1] - Store in: store the value 'true' in the variable 'signInValidated'
2024-01-07 17:38:01.333 [DEBUG] [thread-id 1] - conditionally execute a flow. condition: true
2024-01-07 17:38:07.568 [DEBUG] [thread-id 1] - SignIn page loaded
2024-01-07 17:38:13.686 [DEBUG] [thread-id 1] - Store in: store the value 'false' in the variable 'signInValidated'
2024-01-07 17:38:13.808 [DEBUG] [thread-id 1] - Executing function: 'us.functions.global.authentication.signInAccount2'
2024-01-07 17:38:20.021 [DEBUG] [thread-id 1] - Verify identifier: {WelcomeView.emailField=[true]}
2024-01-07 17:38:20.866 [DEBUG] [thread-id 1] - Enter text: 'us.data.prodtest.flow004.ios.email'
2024-01-07 17:38:30.885 [DEBUG] [thread-id 1] - Click element: 'WelcomeView.ctaButton'
2024-01-07 17:38:34.189 [DEBUG] [thread-id 1] - Executing function: 'us.functions.global.navigation.accountToHome'
2024-01-07 17:38:34.191 [DEBUG] [thread-id 1] - Verify identifier: {Shop=[true]}
2024-01-07 17:38:34.191 [DEBUG] [thread-id 1] - sleep:  2000 milliseconds
2024-01-07 17:38:36.824 [DEBUG] [thread-id 1] - Click element: 'Shop'
2024-01-07 17:38:47.943 [DEBUG] [thread-id 1] - Executing function: 'us.functions.home.closeWPlusPromotionPopUpIfDisplayed'
2024-01-07 17:39:00.669 [DEBUG] [thread-id 1] - No Wplus pop up displayed
2024-01-07 17:39:24.638 [DEBUG] [thread-id 1] - Main failed: Is not present: 'Search Walmart'
2024-01-07 17:39:27.815 [DEBUG] [thread-id 1] - Executing scenario: 'After'
2024-01-07 17:39:27.817 [DEBUG] [thread-id 1] - Executing function: 'us.functions.utils.afterSteps'
2024-01-07 17:39:27.818 [WARN] [thread-id 1] - variable testStatus was used, but r2 could not find a value for this variable. returning default of null
2024-01-07 17:39:27.818 [DEBUG] [thread-id 1] - conditionally execute a flow. condition: false
2024-01-07 17:39:30.973 [DEBUG] [thread-id 1] - Test failed
2024-01-07 17:39:38.053 [DEBUG] [thread-id 1] - Created report: /Users/m0k0a2f/glass-automation/report/index.html
2024-01-07 17:41:18.016 [DEBUG] [thread-id 1] - Executing R2 3.38.1: '/Users/m0k0a2f/glass-automation/./us/test/test-scripts/ios/prod-flows/Ecomm-And-Fulfillment-Flows/store-single-fulfillment-flows/C2644789-glass-sc-scheduled-delivery.yaml' on device: 'iPhone 14 Simulator'
2024-01-07 17:43:39.185 [DEBUG] [thread-id 1] - Executing scenario: 'Before'
2024-01-07 17:43:39.194 [DEBUG] [thread-id 1] - R2_SUBFLOW_PRE_TRANSACTION
2024-01-07 17:43:40.334 [DEBUG] [thread-id 1] - Using us-errors-helpers.yaml
2024-01-07 17:43:41.334 [DEBUG] [thread-id 1] - Start Main
2024-01-07 17:43:41.343 [DEBUG] [thread-id 1] - Executing function: 'us.functions.global.onboarding.navigateOnboardingToHome'
2024-01-07 17:43:41.346 [DEBUG] [thread-id 1] - Executing function: 'us.function.utils.getEnvironmentValue'
2024-01-07 17:43:41.347 [DEBUG] [thread-id 1] - Store in: store the value 'teflon' in the variable 'env'
2024-01-07 17:43:41.366 [DEBUG] [thread-id 1] - Welcome screen loaded
2024-01-07 17:43:41.369 [DEBUG] [thread-id 1] - Verify identifier: {SignUpNudgeWelcomeViewController.titleLabel=[true]}
2024-01-07 17:43:52.143 [DEBUG] [thread-id 1] - conditionally execute a flow. condition: false
2024-01-07 17:43:53.298 [DEBUG] [thread-id 1] - Click element: 'cta.cancel.welcome'
2024-01-07 17:43:56.052 [DEBUG] [thread-id 1] - Notifiction Prompt screen loaded
2024-01-07 17:43:57.897 [DEBUG] [thread-id 1] - Verify identifier: {NotificationPermissionViewController.titleLabel=[true]}
2024-01-07 17:43:58.282 [DEBUG] [thread-id 1] - Click element: 'cta.cancel.notifications'
2024-01-07 17:44:02.943 [DEBUG] [thread-id 1] - location screen loaded
2024-01-07 17:44:05.357 [DEBUG] [thread-id 1] - Verify identifier: {LocationPermissionViewController.titleLabel=[true], LocationPermissionViewController.bodyLabel=[true]}
2024-01-07 17:44:05.756 [DEBUG] [thread-id 1] - Click element: 'cta.cancel.location'
2024-01-07 17:44:12.305 [DEBUG] [thread-id 1] - Verify identifier: {label.postal-code-entry=[true]}
2024-01-07 17:44:12.652 [DEBUG] [thread-id 1] - Enter text: '95122'
2024-01-07 17:44:20.986 [DEBUG] [thread-id 1] - Click element: 'cta.continue'
2024-01-07 17:44:25.625 [DEBUG] [thread-id 1] - sleep:  3000 milliseconds
2024-01-07 17:44:28.634 [DEBUG] [thread-id 1] - loop: from 0 to 3
2024-01-07 17:44:30.882 [DEBUG] [thread-id 1] - 0
2024-01-07 17:44:44.298 [DEBUG] [thread-id 1] - conditionally execute a flow. condition: false
2024-01-07 17:44:56.606 [DEBUG] [thread-id 1] - Observed IDFA Sscreen
2024-01-07 17:44:58.089 [DEBUG] [thread-id 1] - conditionally execute a flow. condition: true
2024-01-07 17:44:59.540 [DEBUG] [thread-id 1] - Verify identifier: {ATTPermissionViewController.titleLabel=[true], ATTPermissionViewController.bodyLabel=[true]}
2024-01-07 17:45:01.858 [DEBUG] [thread-id 1] - Click element: 'cta.continue.location'
2024-01-07 17:45:26.195 [DEBUG] [thread-id 1] - Click element: '//XCUIElementTypeButton[@name="Ask App Not to Track"] | //XCUIElementTypeButton[@name="Solicitar a la app no rastrear"]'
2024-01-07 17:45:57.685 [DEBUG] [thread-id 1] - conditionally execute a flow. condition: false
2024-01-07 17:46:15.240 [DEBUG] [thread-id 1] - modal is not displayed
2024-01-07 17:46:21.480 [DEBUG] [thread-id 1] - conditionally execute a flow. condition: true
2024-01-07 17:46:40.771 [DEBUG] [thread-id 1] - Click element: '//XCUIElementTypeButton[@name="NudgeUpdateView.cancelButton"]'
2024-01-07 17:46:47.889 [DEBUG] [thread-id 1] - Executing function: 'us.functions.gic.collapseIfExpanded'
2024-01-07 17:46:53.932 [DEBUG] [thread-id 1] - Verify identifier: {//*[contains(@label,"Expanded")] | //*[contains(@name,"Expanded")]=[true]}
2024-01-07 17:46:57.415 [DEBUG] [thread-id 1] - Collapsing GIC screen
2024-01-07 17:47:03.600 [DEBUG] [thread-id 1] - Click element: '//*[contains(@label,"Expanded")] | //*[contains(@name,"Expanded")]'
2024-01-07 17:47:06.428 [DEBUG] [thread-id 1] - Executing function: 'us.functions.home.navigateHomeToSignIn'
2024-01-07 17:47:06.430 [DEBUG] [thread-id 1] - sleep:  3000 milliseconds
2024-01-07 17:47:23.516 [DEBUG] [thread-id 1] - Click element: 'tab-account-unselected'
2024-01-07 17:47:28.780 [DEBUG] [thread-id 1] - Verify identifier: {SignInYourAccountTableViewCell.signInButton=[true]}
2024-01-07 17:47:28.781 [DEBUG] [thread-id 1] - loop: from 1 to 3
2024-01-07 17:47:31.504 [DEBUG] [thread-id 1] - conditionally execute a flow. condition: true
2024-01-07 17:47:34.578 [DEBUG] [thread-id 1] - Click element: 'SignInYourAccountTableViewCell.signInButton'
2024-01-07 17:47:53.944 [DEBUG] [thread-id 1] - Verify identifier: {WelcomeView.emailField=[true]}
2024-01-07 17:48:01.605 [DEBUG] [thread-id 1] - Store in: store the value 'true' in the variable 'signInValidated'
2024-01-07 17:48:09.515 [DEBUG] [thread-id 1] - conditionally execute a flow. condition: true
2024-01-07 17:48:17.361 [DEBUG] [thread-id 1] - SignIn page loaded
2024-01-07 17:48:26.392 [DEBUG] [thread-id 1] - Store in: store the value 'false' in the variable 'signInValidated'
2024-01-07 17:48:26.502 [DEBUG] [thread-id 1] - Executing function: 'us.functions.global.authentication.signInAccount2'
2024-01-07 17:48:35.528 [DEBUG] [thread-id 1] - Verify identifier: {WelcomeView.emailField=[true]}
2024-01-07 17:48:36.712 [DEBUG] [thread-id 1] - Enter text: 'us.data.prodtest.flow004.ios.email'
2024-01-07 17:48:49.033 [DEBUG] [thread-id 1] - Click element: 'WelcomeView.ctaButton'
2024-01-07 17:48:54.023 [DEBUG] [thread-id 1] - Executing function: 'us.functions.global.navigation.accountToHome'
2024-01-07 17:48:54.024 [DEBUG] [thread-id 1] - Verify identifier: {Shop=[true]}
2024-01-07 17:48:54.024 [DEBUG] [thread-id 1] - sleep:  2000 milliseconds
2024-01-07 17:48:56.912 [DEBUG] [thread-id 1] - Click element: 'Shop'
2024-01-07 17:49:10.065 [DEBUG] [thread-id 1] - Executing function: 'us.functions.home.closeWPlusPromotionPopUpIfDisplayed'
2024-01-07 17:49:24.705 [DEBUG] [thread-id 1] - No Wplus pop up displayed
2024-01-07 17:49:47.798 [DEBUG] [thread-id 1] - Main failed: Is not present: 'Search Walmart'
2024-01-07 17:49:51.001 [DEBUG] [thread-id 1] - Executing scenario: 'After'
2024-01-07 17:49:51.005 [DEBUG] [thread-id 1] - Executing function: 'us.functions.utils.afterSteps'
2024-01-07 17:49:51.007 [WARN] [thread-id 1] - variable testStatus was used, but r2 could not find a value for this variable. returning default of null
2024-01-07 17:49:51.012 [DEBUG] [thread-id 1] - conditionally execute a flow. condition: false
2024-01-07 17:49:54.225 [DEBUG] [thread-id 1] - Test failed
2024-01-07 17:50:18.759 [DEBUG] [thread-id 1] - Created report: /Users/m0k0a2f/glass-automation/report/index.html
2024-01-07 17:51:40.032 [DEBUG] [thread-id 1] - Executing R2 3.38.1: '/Users/m0k0a2f/glass-automation/./us/test/test-scripts/ios/prod-flows/Ecomm-And-Fulfillment-Flows/store-single-fulfillment-flows/C2644789-glass-sc-scheduled-delivery.yaml' on device: 'iPhone 14 Simulator'
2024-01-07 17:53:37.729 [DEBUG] [thread-id 1] - Executing scenario: 'Before'
2024-01-07 17:53:37.733 [DEBUG] [thread-id 1] - R2_SUBFLOW_PRE_TRANSACTION
2024-01-07 17:53:38.705 [DEBUG] [thread-id 1] - Using us-errors-helpers.yaml
2024-01-07 17:53:39.727 [DEBUG] [thread-id 1] - Start Main
2024-01-07 17:53:39.733 [DEBUG] [thread-id 1] - Executing function: 'us.functions.global.onboarding.navigateOnboardingToHome'
2024-01-07 17:53:39.736 [DEBUG] [thread-id 1] - Executing function: 'us.function.utils.getEnvironmentValue'
2024-01-07 17:53:39.737 [DEBUG] [thread-id 1] - Store in: store the value 'teflon' in the variable 'env'
2024-01-07 17:53:39.751 [DEBUG] [thread-id 1] - Welcome screen loaded
2024-01-07 17:53:39.753 [DEBUG] [thread-id 1] - Verify identifier: {SignUpNudgeWelcomeViewController.titleLabel=[true]}
2024-01-07 17:53:49.877 [DEBUG] [thread-id 1] - conditionally execute a flow. condition: false
2024-01-07 17:53:50.762 [DEBUG] [thread-id 1] - Click element: 'cta.cancel.welcome'
2024-01-07 17:53:53.055 [DEBUG] [thread-id 1] - Notifiction Prompt screen loaded
2024-01-07 17:53:54.721 [DEBUG] [thread-id 1] - Verify identifier: {NotificationPermissionViewController.titleLabel=[true]}
2024-01-07 17:53:55.077 [DEBUG] [thread-id 1] - Click element: 'cta.cancel.notifications'
2024-01-07 17:53:57.457 [DEBUG] [thread-id 1] - location screen loaded
2024-01-07 17:53:58.805 [DEBUG] [thread-id 1] - Verify identifier: {LocationPermissionViewController.titleLabel=[true], LocationPermissionViewController.bodyLabel=[true]}
2024-01-07 17:53:59.197 [DEBUG] [thread-id 1] - Click element: 'cta.cancel.location'
2024-01-07 17:54:02.663 [DEBUG] [thread-id 1] - Verify identifier: {label.postal-code-entry=[true]}
2024-01-07 17:54:03.084 [DEBUG] [thread-id 1] - Enter text: '95122'
2024-01-07 17:54:09.773 [DEBUG] [thread-id 1] - Click element: 'cta.continue'
2024-01-07 17:54:13.326 [DEBUG] [thread-id 1] - sleep:  3000 milliseconds
2024-01-07 17:54:16.333 [DEBUG] [thread-id 1] - loop: from 0 to 3
2024-01-07 17:54:18.264 [DEBUG] [thread-id 1] - 0
2024-01-07 17:54:31.143 [DEBUG] [thread-id 1] - conditionally execute a flow. condition: false
2024-01-07 17:54:42.780 [DEBUG] [thread-id 1] - Observed IDFA Sscreen
2024-01-07 17:54:43.905 [DEBUG] [thread-id 1] - conditionally execute a flow. condition: true
2024-01-07 17:54:44.973 [DEBUG] [thread-id 1] - Verify identifier: {ATTPermissionViewController.titleLabel=[true], ATTPermissionViewController.bodyLabel=[true]}
2024-01-07 17:54:46.357 [DEBUG] [thread-id 1] - Click element: 'cta.continue.location'
2024-01-07 17:55:03.570 [DEBUG] [thread-id 1] - Click element: '//XCUIElementTypeButton[@name="Ask App Not to Track"] | //XCUIElementTypeButton[@name="Solicitar a la app no rastrear"]'
2024-01-07 17:55:23.086 [DEBUG] [thread-id 1] - conditionally execute a flow. condition: false
2024-01-07 17:55:31.737 [DEBUG] [thread-id 1] - modal is not displayed
2024-01-07 17:55:36.411 [DEBUG] [thread-id 1] - conditionally execute a flow. condition: true
2024-01-07 17:55:50.338 [DEBUG] [thread-id 1] - Click element: '//XCUIElementTypeButton[@name="NudgeUpdateView.cancelButton"]'
2024-01-07 17:55:54.673 [DEBUG] [thread-id 1] - Executing function: 'us.functions.gic.collapseIfExpanded'
2024-01-07 17:56:03.259 [DEBUG] [thread-id 1] - Verify identifier: {//*[contains(@label,"Expanded")] | //*[contains(@name,"Expanded")]=[true]}
2024-01-07 17:56:07.772 [DEBUG] [thread-id 1] - Collapsing GIC screen
2024-01-07 17:56:16.820 [DEBUG] [thread-id 1] - Click element: '//*[contains(@label,"Expanded")] | //*[contains(@name,"Expanded")]'
2024-01-07 17:56:19.026 [DEBUG] [thread-id 1] - Executing function: 'us.functions.home.navigateHomeToSignIn'
2024-01-07 17:56:19.027 [DEBUG] [thread-id 1] - sleep:  3000 milliseconds
2024-01-07 17:56:37.362 [DEBUG] [thread-id 1] - Click element: 'tab-account-unselected'
2024-01-07 17:56:42.616 [DEBUG] [thread-id 1] - Verify identifier: {SignInYourAccountTableViewCell.signInButton=[true]}
2024-01-07 17:56:42.617 [DEBUG] [thread-id 1] - loop: from 1 to 3
2024-01-07 17:56:45.020 [DEBUG] [thread-id 1] - conditionally execute a flow. condition: true
2024-01-07 17:56:48.081 [DEBUG] [thread-id 1] - Click element: 'SignInYourAccountTableViewCell.signInButton'
2024-01-07 17:57:03.431 [DEBUG] [thread-id 1] - Verify identifier: {WelcomeView.emailField=[true]}
2024-01-07 17:57:09.717 [DEBUG] [thread-id 1] - Store in: store the value 'true' in the variable 'signInValidated'
2024-01-07 17:57:16.427 [DEBUG] [thread-id 1] - conditionally execute a flow. condition: true
2024-01-07 17:57:23.036 [DEBUG] [thread-id 1] - SignIn page loaded
2024-01-07 17:57:31.031 [DEBUG] [thread-id 1] - Store in: store the value 'false' in the variable 'signInValidated'
2024-01-07 17:57:31.142 [DEBUG] [thread-id 1] - Executing function: 'us.functions.global.authentication.signInAccount2'
2024-01-07 17:57:38.715 [DEBUG] [thread-id 1] - Verify identifier: {WelcomeView.emailField=[true]}
2024-01-07 17:57:39.655 [DEBUG] [thread-id 1] - Enter text: 'prod.flow004@cloudtest.org'
2024-01-07 17:57:49.805 [DEBUG] [thread-id 1] - Click element: 'WelcomeView.ctaButton'
2024-01-07 17:57:54.392 [DEBUG] [thread-id 1] - Executing function: 'us.functions.global.navigation.accountToHome'
2024-01-07 17:57:54.393 [DEBUG] [thread-id 1] - Verify identifier: {Shop=[true]}
2024-01-07 17:57:54.394 [DEBUG] [thread-id 1] - sleep:  2000 milliseconds
2024-01-07 17:57:57.170 [DEBUG] [thread-id 1] - Click element: 'Shop'
2024-01-07 17:58:09.765 [DEBUG] [thread-id 1] - Executing function: 'us.functions.home.closeWPlusPromotionPopUpIfDisplayed'
2024-01-07 17:58:24.386 [DEBUG] [thread-id 1] - No Wplus pop up displayed
2024-01-07 17:58:48.651 [DEBUG] [thread-id 1] - Main failed: Is not present: 'Search Walmart'
2024-01-07 17:58:52.261 [DEBUG] [thread-id 1] - Executing scenario: 'After'
2024-01-07 17:58:52.263 [DEBUG] [thread-id 1] - Executing function: 'us.functions.utils.afterSteps'
2024-01-07 17:58:52.264 [WARN] [thread-id 1] - variable testStatus was used, but r2 could not find a value for this variable. returning default of null
2024-01-07 17:58:52.265 [DEBUG] [thread-id 1] - conditionally execute a flow. condition: false
2024-01-07 17:58:55.678 [DEBUG] [thread-id 1] - Test failed
2024-01-07 17:59:03.408 [DEBUG] [thread-id 1] - Created report: /Users/m0k0a2f/glass-automation/report/index.html
2024-01-07 18:01:51.499 [DEBUG] [thread-id 1] - Executing R2 3.38.1: '/Users/m0k0a2f/glass-automation/./us/test/test-scripts/ios/prod-flows/Ecomm-And-Fulfillment-Flows/store-single-fulfillment-flows/C2644789-glass-sc-scheduled-delivery.yaml' on device: 'iPhone 14 Simulator'
2024-01-07 18:03:43.457 [DEBUG] [thread-id 1] - Executing scenario: 'Before'
2024-01-07 18:03:43.460 [DEBUG] [thread-id 1] - R2_SUBFLOW_PRE_TRANSACTION
2024-01-07 18:03:45.108 [DEBUG] [thread-id 1] - Using us-errors-helpers.yaml
2024-01-07 18:03:46.093 [DEBUG] [thread-id 1] - Start Main
2024-01-07 18:03:46.098 [DEBUG] [thread-id 1] - Executing function: 'us.functions.global.onboarding.navigateOnboardingToHome'
2024-01-07 18:03:46.100 [DEBUG] [thread-id 1] - Executing function: 'us.function.utils.getEnvironmentValue'
2024-01-07 18:03:46.101 [DEBUG] [thread-id 1] - Store in: store the value 'teflon' in the variable 'env'
2024-01-07 18:03:46.116 [DEBUG] [thread-id 1] - Welcome screen loaded
2024-01-07 18:03:46.119 [DEBUG] [thread-id 1] - Verify identifier: {SignUpNudgeWelcomeViewController.titleLabel=[true]}
2024-01-07 18:03:56.365 [DEBUG] [thread-id 1] - conditionally execute a flow. condition: false
2024-01-07 18:03:57.475 [DEBUG] [thread-id 1] - Click element: 'cta.cancel.welcome'
2024-01-07 18:04:00.368 [DEBUG] [thread-id 1] - Notifiction Prompt screen loaded
2024-01-07 18:04:01.936 [DEBUG] [thread-id 1] - Verify identifier: {NotificationPermissionViewController.titleLabel=[true]}
2024-01-07 18:04:02.331 [DEBUG] [thread-id 1] - Click element: 'cta.cancel.notifications'
2024-01-07 18:04:04.580 [DEBUG] [thread-id 1] - location screen loaded
2024-01-07 18:04:06.182 [DEBUG] [thread-id 1] - Verify identifier: {LocationPermissionViewController.titleLabel=[true], LocationPermissionViewController.bodyLabel=[true]}
2024-01-07 18:04:06.650 [DEBUG] [thread-id 1] - Click element: 'cta.cancel.location'
2024-01-07 18:04:10.533 [DEBUG] [thread-id 1] - Verify identifier: {label.postal-code-entry=[true]}
2024-01-07 18:04:11.035 [DEBUG] [thread-id 1] - Enter text: '95122'
2024-01-07 18:04:18.934 [DEBUG] [thread-id 1] - Click element: 'cta.continue'
2024-01-07 18:04:22.425 [DEBUG] [thread-id 1] - sleep:  3000 milliseconds
2024-01-07 18:04:25.430 [DEBUG] [thread-id 1] - loop: from 0 to 3
2024-01-07 18:04:29.558 [DEBUG] [thread-id 1] - 0
2024-01-07 18:04:42.396 [DEBUG] [thread-id 1] - conditionally execute a flow. condition: false
2024-01-07 18:04:54.880 [DEBUG] [thread-id 1] - Observed IDFA Sscreen
2024-01-07 18:04:56.226 [DEBUG] [thread-id 1] - conditionally execute a flow. condition: true
2024-01-07 18:04:57.594 [DEBUG] [thread-id 1] - Verify identifier: {ATTPermissionViewController.titleLabel=[true], ATTPermissionViewController.bodyLabel=[true]}
2024-01-07 18:04:59.435 [DEBUG] [thread-id 1] - Click element: 'cta.continue.location'
2024-01-07 18:05:21.003 [DEBUG] [thread-id 1] - Click element: '//XCUIElementTypeButton[@name="Ask App Not to Track"] | //XCUIElementTypeButton[@name="Solicitar a la app no rastrear"]'
2024-01-07 18:05:55.622 [DEBUG] [thread-id 1] - conditionally execute a flow. condition: false
2024-01-07 18:06:07.221 [DEBUG] [thread-id 1] - modal is not displayed
2024-01-07 18:06:14.562 [DEBUG] [thread-id 1] - conditionally execute a flow. condition: true
2024-01-07 18:06:35.140 [DEBUG] [thread-id 1] - Click element: '//XCUIElementTypeButton[@name="NudgeUpdateView.cancelButton"]'
2024-01-07 18:06:42.130 [DEBUG] [thread-id 1] - Executing function: 'us.functions.gic.collapseIfExpanded'
2024-01-07 18:06:48.510 [DEBUG] [thread-id 1] - Verify identifier: {//*[contains(@label,"Expanded")] | //*[contains(@name,"Expanded")]=[true]}
2024-01-07 18:06:52.522 [DEBUG] [thread-id 1] - Collapsing GIC screen
2024-01-07 18:06:58.285 [DEBUG] [thread-id 1] - Click element: '//*[contains(@label,"Expanded")] | //*[contains(@name,"Expanded")]'
2024-01-07 18:07:01.154 [DEBUG] [thread-id 1] - Executing function: 'us.functions.home.navigateHomeToSignIn'
2024-01-07 18:07:01.154 [DEBUG] [thread-id 1] - sleep:  3000 milliseconds
2024-01-07 18:07:18.913 [DEBUG] [thread-id 1] - Click element: 'tab-account-unselected'
2024-01-07 18:07:25.564 [DEBUG] [thread-id 1] - Verify identifier: {SignInYourAccountTableViewCell.signInButton=[true]}
2024-01-07 18:07:25.564 [DEBUG] [thread-id 1] - loop: from 1 to 3
2024-01-07 18:07:29.164 [DEBUG] [thread-id 1] - conditionally execute a flow. condition: true
2024-01-07 18:07:33.653 [DEBUG] [thread-id 1] - Click element: 'SignInYourAccountTableViewCell.signInButton'
2024-01-07 18:08:01.801 [DEBUG] [thread-id 1] - Verify identifier: {WelcomeView.emailField=[true]}
2024-01-07 18:08:14.817 [DEBUG] [thread-id 1] - Store in: store the value 'true' in the variable 'signInValidated'
2024-01-07 18:08:24.062 [DEBUG] [thread-id 1] - conditionally execute a flow. condition: true
2024-01-07 18:08:32.423 [DEBUG] [thread-id 1] - SignIn page loaded
2024-01-07 18:08:41.617 [DEBUG] [thread-id 1] - Store in: store the value 'false' in the variable 'signInValidated'
2024-01-07 18:08:41.711 [DEBUG] [thread-id 1] - Executing function: 'us.functions.global.authentication.signInAccount'
2024-01-07 18:08:51.583 [DEBUG] [thread-id 1] - Verify identifier: {WelcomeView.emailField=[true]}
2024-01-07 18:08:52.810 [DEBUG] [thread-id 1] - Enter text: 'prod.flow004@cloudtest.org'
2024-01-07 18:09:04.501 [DEBUG] [thread-id 1] - Click element: 'WelcomeView.ctaButton'
2024-01-07 18:10:01.512 [DEBUG] [thread-id 1] - Main failed: Is not present: 'OTPView.passwordTextField'
2024-01-07 18:10:05.703 [DEBUG] [thread-id 1] - Executing scenario: 'After'
2024-01-07 18:10:05.705 [DEBUG] [thread-id 1] - Executing function: 'us.functions.utils.afterSteps'
2024-01-07 18:10:05.706 [WARN] [thread-id 1] - variable testStatus was used, but r2 could not find a value for this variable. returning default of null
2024-01-07 18:10:05.707 [DEBUG] [thread-id 1] - conditionally execute a flow. condition: false
2024-01-07 18:10:10.016 [DEBUG] [thread-id 1] - Test failed
2024-01-07 18:10:18.060 [DEBUG] [thread-id 1] - Created report: /Users/m0k0a2f/glass-automation/report/index.html
2024-01-07 18:18:40.653 [DEBUG] [thread-id 1] - Executing R2 3.38.1: '/Users/m0k0a2f/glass-automation/./us/test/test-scripts/ios/prod-flows/Ecomm-And-Fulfillment-Flows/store-single-fulfillment-flows/C2644789-glass-sc-scheduled-delivery.yaml' on device: 'iPhone 14 Simulator'
2024-01-07 18:20:48.729 [DEBUG] [thread-id 1] - Executing scenario: 'Before'
2024-01-07 18:20:48.735 [DEBUG] [thread-id 1] - R2_SUBFLOW_PRE_TRANSACTION
2024-01-07 18:20:49.898 [DEBUG] [thread-id 1] - Using us-errors-helpers.yaml
2024-01-07 18:20:51.004 [DEBUG] [thread-id 1] - Start Main
2024-01-07 18:20:51.014 [DEBUG] [thread-id 1] - Executing function: 'us.functions.global.onboarding.navigateOnboardingToHome'
2024-01-07 18:20:51.017 [DEBUG] [thread-id 1] - Executing function: 'us.function.utils.getEnvironmentValue'
2024-01-07 18:20:51.019 [DEBUG] [thread-id 1] - Store in: store the value 'teflon' in the variable 'env'
2024-01-07 18:20:51.036 [DEBUG] [thread-id 1] - Welcome screen loaded
2024-01-07 18:20:51.040 [DEBUG] [thread-id 1] - Verify identifier: {SignUpNudgeWelcomeViewController.titleLabel=[true]}
2024-01-07 18:21:01.877 [DEBUG] [thread-id 1] - conditionally execute a flow. condition: false
2024-01-07 18:21:02.916 [DEBUG] [thread-id 1] - Click element: 'cta.cancel.welcome'
2024-01-07 18:21:05.350 [DEBUG] [thread-id 1] - Notifiction Prompt screen loaded
2024-01-07 18:21:06.910 [DEBUG] [thread-id 1] - Verify identifier: {NotificationPermissionViewController.titleLabel=[true]}
2024-01-07 18:21:07.396 [DEBUG] [thread-id 1] - Click element: 'cta.cancel.notifications'
2024-01-07 18:21:10.053 [DEBUG] [thread-id 1] - location screen loaded
2024-01-07 18:21:11.506 [DEBUG] [thread-id 1] - Verify identifier: {LocationPermissionViewController.titleLabel=[true], LocationPermissionViewController.bodyLabel=[true]}
2024-01-07 18:21:11.902 [DEBUG] [thread-id 1] - Click element: 'cta.cancel.location'
2024-01-07 18:21:16.656 [DEBUG] [thread-id 1] - Verify identifier: {label.postal-code-entry=[true]}
2024-01-07 18:21:17.017 [DEBUG] [thread-id 1] - Enter text: '95122'
2024-01-07 18:21:25.002 [DEBUG] [thread-id 1] - Click element: 'cta.continue'
2024-01-07 18:21:27.877 [DEBUG] [thread-id 1] - sleep:  3000 milliseconds
2024-01-07 18:21:30.886 [DEBUG] [thread-id 1] - loop: from 0 to 3
2024-01-07 18:21:32.717 [DEBUG] [thread-id 1] - 0
2024-01-07 18:21:46.302 [DEBUG] [thread-id 1] - conditionally execute a flow. condition: false
2024-01-07 18:21:57.846 [DEBUG] [thread-id 1] - Observed IDFA Sscreen
2024-01-07 18:21:58.903 [DEBUG] [thread-id 1] - conditionally execute a flow. condition: true
2024-01-07 18:22:00.026 [DEBUG] [thread-id 1] - Verify identifier: {ATTPermissionViewController.titleLabel=[true], ATTPermissionViewController.bodyLabel=[true]}
2024-01-07 18:22:01.656 [DEBUG] [thread-id 1] - Click element: 'cta.continue.location'
2024-01-07 18:22:17.404 [DEBUG] [thread-id 1] - Click element: '//XCUIElementTypeButton[@name="Ask App Not to Track"] | //XCUIElementTypeButton[@name="Solicitar a la app no rastrear"]'
2024-01-07 18:22:31.160 [DEBUG] [thread-id 1] - conditionally execute a flow. condition: false
2024-01-07 18:22:35.962 [DEBUG] [thread-id 1] - modal is not displayed
2024-01-07 18:22:38.626 [DEBUG] [thread-id 1] - conditionally execute a flow. condition: true
2024-01-07 18:22:46.694 [DEBUG] [thread-id 1] - Click element: '//XCUIElementTypeButton[@name="NudgeUpdateView.cancelButton"]'
2024-01-07 18:22:50.377 [DEBUG] [thread-id 1] - Executing function: 'us.functions.gic.collapseIfExpanded'
2024-01-07 18:22:57.577 [DEBUG] [thread-id 1] - Verify identifier: {//*[contains(@label,"Expanded")] | //*[contains(@name,"Expanded")]=[true]}
2024-01-07 18:23:01.899 [DEBUG] [thread-id 1] - Collapsing GIC screen
2024-01-07 18:23:08.023 [DEBUG] [thread-id 1] - Click element: '//*[contains(@label,"Expanded")] | //*[contains(@name,"Expanded")]'
2024-01-07 18:23:10.879 [DEBUG] [thread-id 1] - Executing function: 'us.functions.home.navigateHomeToSignIn'
2024-01-07 18:23:10.880 [DEBUG] [thread-id 1] - sleep:  3000 milliseconds
2024-01-07 18:23:31.363 [DEBUG] [thread-id 1] - Click element: 'tab-account-unselected'
2024-01-07 18:23:36.347 [DEBUG] [thread-id 1] - Verify identifier: {SignInYourAccountTableViewCell.signInButton=[true]}
2024-01-07 18:23:36.348 [DEBUG] [thread-id 1] - loop: from 1 to 3
2024-01-07 18:23:38.668 [DEBUG] [thread-id 1] - conditionally execute a flow. condition: true
2024-01-07 18:23:41.593 [DEBUG] [thread-id 1] - Click element: 'SignInYourAccountTableViewCell.signInButton'
2024-01-07 18:23:56.794 [DEBUG] [thread-id 1] - Verify identifier: {WelcomeView.emailField=[true]}
2024-01-07 18:24:03.612 [DEBUG] [thread-id 1] - Store in: store the value 'true' in the variable 'signInValidated'
2024-01-07 18:24:11.015 [DEBUG] [thread-id 1] - conditionally execute a flow. condition: true
2024-01-07 18:24:17.487 [DEBUG] [thread-id 1] - SignIn page loaded
2024-01-07 18:24:25.477 [DEBUG] [thread-id 1] - Store in: store the value 'false' in the variable 'signInValidated'
2024-01-07 18:24:25.571 [DEBUG] [thread-id 1] - Executing function: 'us.functions.global.authentication.signInAccount'
2024-01-07 18:24:33.976 [DEBUG] [thread-id 1] - Verify identifier: {WelcomeView.emailField=[true]}
2024-01-07 18:24:35.011 [DEBUG] [thread-id 1] - Enter text: 'us.data.prodtest.flow004.ios.email'
2024-01-07 18:24:47.409 [DEBUG] [thread-id 1] - Click element: 'WelcomeView.ctaButton'
2024-01-07 18:25:40.586 [DEBUG] [thread-id 1] - Main failed: Is not present: 'OTPView.passwordTextField'
2024-01-07 18:25:44.280 [DEBUG] [thread-id 1] - Executing scenario: 'After'
2024-01-07 18:25:44.282 [DEBUG] [thread-id 1] - Executing function: 'us.functions.utils.afterSteps'
2024-01-07 18:25:44.283 [WARN] [thread-id 1] - variable testStatus was used, but r2 could not find a value for this variable. returning default of null
2024-01-07 18:25:44.285 [DEBUG] [thread-id 1] - conditionally execute a flow. condition: false
2024-01-07 18:25:47.698 [DEBUG] [thread-id 1] - Test failed
2024-01-07 18:25:54.816 [DEBUG] [thread-id 1] - Created report: /Users/m0k0a2f/glass-automation/report/index.html
