2025-04-24 10:03:00.823 [DEBUG] [thread-id 1] - Executing R2 4.0.2: '/Users/m0k0a2f/glass-automation/us/unified-e2e-tests/test-scripts/ecomm-and-fulfillment-flows/buy-now-flows/teflon/C2666161- create-account-from-buy-now.yaml' on device: 'iPhone 15'
2025-04-24 10:12:46.147 [DEBUG] [thread-id 1] - Executing scenario: 'After'
2025-04-24 10:12:46.149 [DEBUG] [thread-id 1] - Executing function: 'unified.us.functions.utils.afterSteps'
2025-04-24 10:12:46.150 [WARN] [thread-id 1] - variable testStatus was used, but r2 could not find a value for this variable. returning default of null
2025-04-24 10:12:46.159 [DEBUG] [thread-id 1] - conditionally execute a flow. condition: false
2025-04-24 10:14:46.201 [DEBUG] [thread-id 1] - Test failed
2025-04-24 10:17:46.262 [WARN] [thread-id 1] - variable testStarted was used, but r2 could not find a value for this variable. returning default of null
2025-04-24 10:17:46.264 [DEBUG] [thread-id 1] - conditionally execute a flow. condition: true
2025-04-24 10:21:46.991 [DEBUG] [thread-id 1] - After failed: FAILURE - Unable to Open App
2025-04-24 10:24:59.719 [ERROR] [thread-id 1] - org.openqa.selenium.WebDriverException: An unknown server-side error occurred while processing the command. Original error: Could not proxy command to the remote server. Original error: connect ECONNREFUSED 127.0.0.1:8100
Build info: version: '4.13.0', revision: 'ba948ece5b*'
System info: os.name: 'Mac OS X', os.arch: 'aarch64', os.version: '15.3.2', java.version: '20.0.1'
Driver info: io.appium.java_client.ios.IOSDriver
Command: [10d5b34e-6d18-4549-8878-f2410c182098, executeScript {script=mobile: queryAppState, args=[{bundleId=com.walmart.beta.electronics}]}]
Capabilities {appium:app: /Users/m0k0a2f/glass-automa..., appium:appiumVersion: 2.0.0, appium:autoAcceptAlerts: true, appium:automationName: XCUITest, appium:bundleId: com.walmart.beta.electronics, appium:commandTimeout: 600, appium:databaseEnabled: false, appium:deviceName: iPhone 15, appium:fullReset: false, appium:idleTimeout: 1000, appium:iosInstallPause: 20000, appium:javascriptEnabled: true, appium:launchTimeout: 6000000, appium:locationContextEnabled: false, appium:name: C2666161- create-account-fr..., appium:networkConnectionEnabled: false, appium:newCommandTimeout: 90000, appium:noReset: false, appium:orientation: PORTRAIT, appium:platformVersion: 17.4, appium:processArguments: {args: [-kGlassExpEnabled, true, -com.walmart.px.skip-catcha, YES], env: {ccm: {"account.ux.optimization.e..., config: {"environment":"teflon"}}}, appium:public: share, appium:takesScreenshot: true, appium:udid: A8620649-FB31-434C-8256-561..., appium:waitForQuiescence: false, appium:webStorageEnabled: false, platformName: IOS}
Session ID: 10d5b34e-6d18-4549-8878-f2410c182098
2025-04-24 10:25:00.070 [DEBUG] [thread-id 1] - Executing R2 4.0.2: '/Users/m0k0a2f/glass-automation/us/e2e-tests/test-scripts/ios/golden-flows/Ecomm-And-Fulfillment-Flows/buy-now-flows/pre-transaction/C2666161-create-account-from-buy-now.yaml' on device: 'iPhone 15'
2025-04-24 10:27:33.009 [DEBUG] [thread-id 1] - Executing scenario: 'Before'
2025-04-24 10:27:33.010 [DEBUG] [thread-id 1] - R2_SUBFLOW_PRE_TRANSACTION
2025-04-24 10:27:33.444 [DEBUG] [thread-id 1] - Using us-errors-helpers.yaml
2025-04-24 10:27:33.883 [DEBUG] [thread-id 1] - Start Main
2025-04-24 10:27:33.887 [DEBUG] [thread-id 1] - Executing function: 'us.functions.global.onboarding.navigateOnboardingToHome'
2025-04-24 10:27:33.888 [DEBUG] [thread-id 1] - Store in: store the value 'Onboarding' in the variable 'executionStage'
2025-04-24 10:27:33.888 [DEBUG] [thread-id 1] - Executing function: 'us.function.utils.getEnvironmentValue'
2025-04-24 10:27:33.888 [DEBUG] [thread-id 1] - Store in: store the value 'Onboarding' in the variable 'executionStage'
2025-04-24 10:27:33.888 [DEBUG] [thread-id 1] - Store in: store the value 'teflon' in the variable 'env'
2025-04-24 10:27:33.889 [DEBUG] [thread-id 1] - Timestamp: 1745515653889
2025-04-24 10:27:34.001 [DEBUG] [thread-id 1] - conditionally execute a flow. condition: true
2025-04-24 10:27:34.213 [DEBUG] [thread-id 1] - Welcome screen loaded
2025-04-24 10:27:34.561 [DEBUG] [thread-id 1] - Verify identifier: {//XCUIElementTypeButton[@name="SignUpNudgeWelcomeViewController.bodyLabel"] | //XCUIElementTypeStaticText[@name="SignUpNudgeWelcomeViewController.titleLabel"]=[true]}
2025-04-24 10:27:34.788 [DEBUG] [thread-id 1] - Store in: store the value 'true' in the variable 'testStarted'
2025-04-24 10:27:45.147 [DEBUG] [thread-id 1] - conditionally execute a flow. condition: false
2025-04-24 10:27:45.416 [DEBUG] [thread-id 1] - Click element: 'cta.cancel.welcome'
2025-04-24 10:27:46.284 [DEBUG] [thread-id 1] - Notifiction Prompt screen loaded
2025-04-24 10:27:46.542 [DEBUG] [thread-id 1] - Verify identifier: {NotificationPermissionViewController.titleLabel=[true]}
2025-04-24 10:27:48.827 [DEBUG] [thread-id 1] - Click element: 'cta.cancel.notifications'
2025-04-24 10:27:49.234 [DEBUG] [thread-id 1] - location screen loaded
2025-04-24 10:27:49.486 [DEBUG] [thread-id 1] - Verify identifier: {LocationPermissionViewController.titleLabel=[true], LocationPermissionViewController.bodyLabel=[true]}
2025-04-24 10:27:49.487 [DEBUG] [thread-id 1] - Store in: store the value 'true' in the variable 'testStarted'
2025-04-24 10:27:49.550 [DEBUG] [thread-id 1] - Click element: 'Enter zip code'
2025-04-24 10:27:50.243 [DEBUG] [thread-id 1] - Verify identifier: {label.postal-code-entry=[true]}
2025-04-24 10:27:50.283 [DEBUG] [thread-id 1] - Enter text: '95122'
2025-04-24 10:27:52.257 [DEBUG] [thread-id 1] - Click element: 'cta.continue'
2025-04-24 10:27:52.735 [DEBUG] [thread-id 1] - sleep:  3000 milliseconds
2025-04-24 10:27:55.741 [DEBUG] [thread-id 1] - loop: from 0 to 3
2025-04-24 10:27:55.973 [DEBUG] [thread-id 1] - 0
2025-04-24 10:28:06.220 [DEBUG] [thread-id 1] - conditionally execute a flow. condition: false
2025-04-24 10:28:16.634 [DEBUG] [thread-id 1] - Observed IDFA Sscreen
2025-04-24 10:28:16.634 [DEBUG] [thread-id 1] - sleep:  3000 milliseconds
2025-04-24 10:28:19.863 [DEBUG] [thread-id 1] - conditionally execute a flow. condition: true
2025-04-24 10:28:20.081 [DEBUG] [thread-id 1] - Verify identifier: {ATTPermissionViewController.titleLabel=[true], ATTPermissionViewController.bodyLabel=[true]}
2025-04-24 10:28:30.390 [DEBUG] [thread-id 1] - Click element: 'cta.continue.location'
2025-04-24 10:28:41.387 [DEBUG] [thread-id 1] - conditionally execute a flow. condition: false
2025-04-24 10:28:41.940 [DEBUG] [thread-id 1] - modal is not displayed
2025-04-24 10:28:51.994 [DEBUG] [thread-id 1] - Executing function: 'us.functions.gic.collapseIfExpanded'
2025-04-24 10:28:52.866 [DEBUG] [thread-id 1] - Verify identifier: {//*[contains(@label,"Expanded")] | //*[contains(@name,"Expanded")]=[true]}
2025-04-24 10:28:53.399 [DEBUG] [thread-id 1] - Collapsing GIC screen
2025-04-24 10:28:54.314 [DEBUG] [thread-id 1] - Click element: '//*[contains(@label,"Expanded")] | //*[contains(@name,"Expanded")]'
2025-04-24 10:28:54.791 [DEBUG] [thread-id 1] - Timestamp: 1745515734791
2025-04-24 10:28:54.792 [DEBUG] [thread-id 1] - Executing function: 'us.functions.global.navigation.accountToHome'
2025-04-24 10:28:54.792 [DEBUG] [thread-id 1] - Store in: store the value 'Onboarding' in the variable 'executionStage'
2025-04-24 10:28:56.747 [DEBUG] [thread-id 1] - Verify identifier: {Shop=[true]}
2025-04-24 10:28:56.747 [DEBUG] [thread-id 1] - sleep:  2000 milliseconds
2025-04-24 10:28:59.168 [DEBUG] [thread-id 1] - Click element: 'Shop'
2025-04-24 10:29:00.586 [DEBUG] [thread-id 1] - Executing function: 'us.functions.home.closeWPlusPromotionPopUpIfDisplayed'
2025-04-24 10:29:00.586 [DEBUG] [thread-id 1] - Store in: store the value 'Transactions' in the variable 'executionStage'
2025-04-24 10:29:13.383 [DEBUG] [thread-id 1] - No Wplus pop up displayed
2025-04-24 10:29:13.551 [DEBUG] [thread-id 1] - Executing function: 'us.functions.home.closeWplusBottomSheetBannerIfDisplayed'
2025-04-24 10:29:23.769 [DEBUG] [thread-id 1] - Executing function: 'us.functions.home.closeWplusBottomSheetNewBannerIfDisplayed'
2025-04-24 10:29:23.770 [DEBUG] [thread-id 1] - sleep:  3000 milliseconds
2025-04-24 10:29:37.753 [DEBUG] [thread-id 1] - Executing function: 'us.functions.home.setStore'
2025-04-24 10:29:37.754 [DEBUG] [thread-id 1] - Store in: store the value 'Pre-transactions' in the variable 'executionStage'
2025-04-24 10:29:37.754 [DEBUG] [thread-id 1] - conditionally execute a flow. condition: true
2025-04-24 10:29:39.717 [DEBUG] [thread-id 1] - Store in: store the value '95122' in the variable 'zipcode'
2025-04-24 10:29:53.240 [DEBUG] [thread-id 1] - conditionally execute a flow. condition: false
2025-04-24 10:29:55.185 [DEBUG] [thread-id 1] - Skipping
2025-04-24 10:29:55.357 [DEBUG] [thread-id 1] - Executing function: 'us.functions.utils.fetchFulcrumAvailableItem'
2025-04-24 10:29:55.358 [DEBUG] [thread-id 1] - Store in: store the value 'FulcrumAPI' in the variable 'executionStage'
2025-04-24 10:29:55.358 [DEBUG] [thread-id 1] - --Fulcrum begining--
2025-04-24 10:29:55.359 [WARN] [thread-id 1] - variable storeId was used, but r2 could not find a value for this variable. returning default of null
2025-04-24 10:29:55.360 [DEBUG] [thread-id 1] - conditionally execute a flow. condition: true
2025-04-24 10:29:57.286 [DEBUG] [thread-id 1] - Store in: store the value '32144' in the variable 'storeId'
2025-04-24 10:29:57.301 [DEBUG] [thread-id 1] - conditionally execute a flow. condition: true
2025-04-24 10:29:59.211 [WARN] [thread-id 1] - variable itemSubFilter was used, but r2 could not find a value for this variable. returning default of null
2025-04-24 10:29:59.212 [DEBUG] [thread-id 1] - conditionally execute a flow. condition: false
2025-04-24 10:30:01.277 [DEBUG] [thread-id 1] - conditionally execute a flow. condition: false
2025-04-24 10:30:03.288 [WARN] [thread-id 1] - variable itemSubFilter was used, but r2 could not find a value for this variable. returning default of null
2025-04-24 10:30:03.289 [DEBUG] [thread-id 1] - conditionally execute a flow. condition: false
2025-04-24 10:30:05.383 [DEBUG] [thread-id 1] - conditionally execute a flow. condition: false
2025-04-24 10:30:07.492 [DEBUG] [thread-id 1] - conditionally execute a flow. condition: true
2025-04-24 10:30:09.687 [DEBUG] [thread-id 1] - Store in: store the value 'http://fulcrum.teflon.walmart.com/api/v1/db/fulcrum/instantItemHealthAnalysis?storeId=32144&orderType=FC_DELIVERY&eligiblePath=APP+E2E+Regression&eligiblePath=buynow&itemStatus=green' in the variable 'fetchURL'
2025-04-24 10:30:11.887 [DEBUG] [thread-id 1] - Store in: store the value 'nextgen' in the variable 'version'
2025-04-24 10:30:11.892 [DEBUG] [thread-id 1] - loop: from 1 to 2
2025-04-24 10:30:14.000 [DEBUG] [thread-id 1] - sleep:  10000 milliseconds
2025-04-24 10:30:26.044 [DEBUG] [thread-id 1] - Call API: 'http://fulcrum.teflon.walmart.com/api/v1/db/fulcrum/instantItemHealthAnalysis?storeId=32144&orderType=FC_DELIVERY&eligiblePath=APP+E2E+Regression&eligiblePath=buynow&itemStatus=green'
2025-04-24 10:30:27.427 [DEBUG] [thread-id 1] - Response code is: '200'. Response body is: '{"status":"SUCCESS","description":"Items found in AstroDB","itemDetails":{"instantItemStatus":[{"itemId":"302238985","isActive":true,"orderType":"FC_DELIVERY","eligiblePaths":{"w+fav":false,"APP E2E Regression":true,"buynow":true},"storesStatuses":{"storeId":"32144","color":"green","shipNode":"32144","errors":{}},"itemStatusUpdatedTime":"2025-04-01T15:46:39.456"},{"itemId":"3793756050","isActive":true,"orderType":"FC_DELIVERY","eligiblePaths":{"w+fav":false,"APP E2E Regression":true,"buynow":true},"storesStatuses":{"storeId":"32144","color":"green","shipNode":"32144","errors":{}},"itemStatusUpdatedTime":"2025-04-01T15:46:39.350"},{"itemId":"419295100","isActive":true,"orderType":"FC_DELIVERY","eligiblePaths":{"keepIt":true,"keepit":true,"APP E2E Regression":true,"buynow":true,"greaterthan35":true,"freight":true},"storesStatuses":{"storeId":"32144","color":"green","shipNode":"32144","errors":{}},"itemStatusUpdatedTime":"2025-04-01T15:45:04.302"},{"itemId":"5000209939","isActive":true,"orderType":"FC_DELIVERY","eligiblePaths":{"GM":true,"APP E2E Regression":true,"buynow":true,"greaterthan35":true},"storesStatuses":{"storeId":"32144","color":"green","shipNode":"32144","errors":{}},"itemStatusUpdatedTime":"2025-04-01T15:45:06.299"},{"itemId":"5000209940","isActive":true,"orderType":"FC_DELIVERY","eligiblePaths":{"GM":true,"APP E2E Regression":true,"buynow":true,"greaterthan35":true},"storesStatuses":{"storeId":"32144","color":"green","shipNode":"32144","errors":{}},"itemStatusUpdatedTime":"2025-04-01T15:45:06.176"},{"itemId":"5013212719","isActive":true,"orderType":"FC_DELIVERY","eligiblePaths":{"w+fav":false,"APP E2E Regression":true,"buynow":true,"greaterthan35":true},"storesStatuses":{"storeId":"32144","color":"green","shipNode":"32144","errors":{}},"itemStatusUpdatedTime":"2025-04-01T15:46:39.324"},{"itemId":"5013644829","isActive":true,"orderType":"FC_DELIVERY","eligiblePaths":{"w+fav":false,"APP E2E Regression":true,"buynow":true},"storesStatuses":{"storeId":"32144","color":"green","shipNode":"32144","errors":{}},"itemStatusUpdatedTime":"2025-04-01T15:46:39.809"},{"itemId":"5013860921","isActive":true,"orderType":"FC_DELIVERY","eligiblePaths":{"WEB E2E Regression":true,"TC01":true,"APP E2E Regression":true,"buynow":true},"storesStatuses":{"storeId":"32144","color":"green","shipNode":"32144","errors":{}},"itemStatusUpdatedTime":"2025-04-01T15:47:03.089"},{"itemId":"5013860923","isActive":true,"orderType":"FC_DELIVERY","eligiblePaths":{"WEB E2E Regression":true,"TC01":true,"APP E2E Regression":true,"buynow":true},"storesStatuses":{"storeId":"32144","color":"green","shipNode":"32144","errors":{}},"itemStatusUpdatedTime":"2025-04-01T15:47:03.593"},{"itemId":"5013860924","isActive":true,"orderType":"FC_DELIVERY","eligiblePaths":{"WEB E2E Regression":true,"TC01":true,"APP E2E Regression":true,"buynow":true},"storesStatuses":{"storeId":"32144","color":"green","shipNode":"32144","errors":{}},"itemStatusUpdatedTime":"2025-04-01T15:47:03.203"},{"itemId":"821681268","isActive":true,"orderType":"FC_DELIVERY","eligiblePaths":{"APP E2E Regression":true,"buynow":true,"lessthan35":true},"storesStatuses":{"storeId":"32144","color":"green","shipNode":"32144","errors":{}},"itemStatusUpdatedTime":"2025-04-01T15:45:04.780"},{"itemId":"981898706","isActive":true,"orderType":"FC_DELIVERY","eligiblePaths":{"personalized":true,"APP E2E Regression":true,"buynow":true},"storesStatuses":{"storeId":"32144","color":"green","shipNode":"32144","errors":{}},"itemStatusUpdatedTime":"2025-04-01T15:45:04.116"}],"itemStatusUpdatedTime":"2025-04-01T15:45:04.116","queryTime":"2025-04-24T10:30:27.388"}}'
2025-04-24 10:30:29.424 [WARN] [thread-id 1] - variable responseInstant was used, but r2 could not find a value for this variable. returning default of null
2025-04-24 10:30:29.424 [DEBUG] [thread-id 1] - --Fulcrum response instant-- null
2025-04-24 10:30:31.516 [DEBUG] [thread-id 1] - --Fulcrum first item response-- [{"itemId":"302238985","isActive":true,"orderType":"FC_DELIVERY","eligiblePaths":{"w+fav":false,"APP E2E Regression":true,"buynow":true},"storesStatuses":{"storeId":"32144","color":"green","shipNode":"32144","errors":{}},"itemStatusUpdatedTime":"2025-04-01T15:46:39.456"},{"itemId":"3793756050","isActive":true,"orderType":"FC_DELIVERY","eligiblePaths":{"w+fav":false,"APP E2E Regression":true,"buynow":true},"storesStatuses":{"storeId":"32144","color":"green","shipNode":"32144","errors":{}},"itemStatusUpdatedTime":"2025-04-01T15:46:39.350"},{"itemId":"419295100","isActive":true,"orderType":"FC_DELIVERY","eligiblePaths":{"keepIt":true,"keepit":true,"APP E2E Regression":true,"buynow":true,"greaterthan35":true,"freight":true},"storesStatuses":{"storeId":"32144","color":"green","shipNode":"32144","errors":{}},"itemStatusUpdatedTime":"2025-04-01T15:45:04.302"},{"itemId":"5000209939","isActive":true,"orderType":"FC_DELIVERY","eligiblePaths":{"GM":true,"APP E2E Regression":true,"buynow":true,"greaterthan35":true},"storesStatuses":{"storeId":"32144","color":"green","shipNode":"32144","errors":{}},"itemStatusUpdatedTime":"2025-04-01T15:45:06.299"},{"itemId":"5000209940","isActive":true,"orderType":"FC_DELIVERY","eligiblePaths":{"GM":true,"APP E2E Regression":true,"buynow":true,"greaterthan35":true},"storesStatuses":{"storeId":"32144","color":"green","shipNode":"32144","errors":{}},"itemStatusUpdatedTime":"2025-04-01T15:45:06.176"},{"itemId":"5013212719","isActive":true,"orderType":"FC_DELIVERY","eligiblePaths":{"w+fav":false,"APP E2E Regression":true,"buynow":true,"greaterthan35":true},"storesStatuses":{"storeId":"32144","color":"green","shipNode":"32144","errors":{}},"itemStatusUpdatedTime":"2025-04-01T15:46:39.324"},{"itemId":"5013644829","isActive":true,"orderType":"FC_DELIVERY","eligiblePaths":{"w+fav":false,"APP E2E Regression":true,"buynow":true},"storesStatuses":{"storeId":"32144","color":"green","shipNode":"32144","errors":{}},"itemStatusUpdatedTime":"2025-04-01T15:46:39.809"},{"itemId":"5013860921","isActive":true,"orderType":"FC_DELIVERY","eligiblePaths":{"WEB E2E Regression":true,"TC01":true,"APP E2E Regression":true,"buynow":true},"storesStatuses":{"storeId":"32144","color":"green","shipNode":"32144","errors":{}},"itemStatusUpdatedTime":"2025-04-01T15:47:03.089"},{"itemId":"5013860923","isActive":true,"orderType":"FC_DELIVERY","eligiblePaths":{"WEB E2E Regression":true,"TC01":true,"APP E2E Regression":true,"buynow":true},"storesStatuses":{"storeId":"32144","color":"green","shipNode":"32144","errors":{}},"itemStatusUpdatedTime":"2025-04-01T15:47:03.593"},{"itemId":"5013860924","isActive":true,"orderType":"FC_DELIVERY","eligiblePaths":{"WEB E2E Regression":true,"TC01":true,"APP E2E Regression":true,"buynow":true},"storesStatuses":{"storeId":"32144","color":"green","shipNode":"32144","errors":{}},"itemStatusUpdatedTime":"2025-04-01T15:47:03.203"},{"itemId":"821681268","isActive":true,"orderType":"FC_DELIVERY","eligiblePaths":{"APP E2E Regression":true,"buynow":true,"lessthan35":true},"storesStatuses":{"storeId":"32144","color":"green","shipNode":"32144","errors":{}},"itemStatusUpdatedTime":"2025-04-01T15:45:04.780"},{"itemId":"981898706","isActive":true,"orderType":"FC_DELIVERY","eligiblePaths":{"personalized":true,"APP E2E Regression":true,"buynow":true},"storesStatuses":{"storeId":"32144","color":"green","shipNode":"32144","errors":{}},"itemStatusUpdatedTime":"2025-04-01T15:45:04.116"}]
2025-04-24 10:30:33.472 [DEBUG] [thread-id 1] - --Fulcrum item detail-- {"instantItemStatus":[{"itemId":"302238985","isActive":true,"orderType":"FC_DELIVERY","eligiblePaths":{"w+fav":false,"APP E2E Regression":true,"buynow":true},"storesStatuses":{"storeId":"32144","color":"green","shipNode":"32144","errors":{}},"itemStatusUpdatedTime":"2025-04-01T15:46:39.456"},{"itemId":"3793756050","isActive":true,"orderType":"FC_DELIVERY","eligiblePaths":{"w+fav":false,"APP E2E Regression":true,"buynow":true},"storesStatuses":{"storeId":"32144","color":"green","shipNode":"32144","errors":{}},"itemStatusUpdatedTime":"2025-04-01T15:46:39.350"},{"itemId":"419295100","isActive":true,"orderType":"FC_DELIVERY","eligiblePaths":{"keepIt":true,"keepit":true,"APP E2E Regression":true,"buynow":true,"greaterthan35":true,"freight":true},"storesStatuses":{"storeId":"32144","color":"green","shipNode":"32144","errors":{}},"itemStatusUpdatedTime":"2025-04-01T15:45:04.302"},{"itemId":"5000209939","isActive":true,"orderType":"FC_DELIVERY","eligiblePaths":{"GM":true,"APP E2E Regression":true,"buynow":true,"greaterthan35":true},"storesStatuses":{"storeId":"32144","color":"green","shipNode":"32144","errors":{}},"itemStatusUpdatedTime":"2025-04-01T15:45:06.299"},{"itemId":"5000209940","isActive":true,"orderType":"FC_DELIVERY","eligiblePaths":{"GM":true,"APP E2E Regression":true,"buynow":true,"greaterthan35":true},"storesStatuses":{"storeId":"32144","color":"green","shipNode":"32144","errors":{}},"itemStatusUpdatedTime":"2025-04-01T15:45:06.176"},{"itemId":"5013212719","isActive":true,"orderType":"FC_DELIVERY","eligiblePaths":{"w+fav":false,"APP E2E Regression":true,"buynow":true,"greaterthan35":true},"storesStatuses":{"storeId":"32144","color":"green","shipNode":"32144","errors":{}},"itemStatusUpdatedTime":"2025-04-01T15:46:39.324"},{"itemId":"5013644829","isActive":true,"orderType":"FC_DELIVERY","eligiblePaths":{"w+fav":false,"APP E2E Regression":true,"buynow":true},"storesStatuses":{"storeId":"32144","color":"green","shipNode":"32144","errors":{}},"itemStatusUpdatedTime":"2025-04-01T15:46:39.809"},{"itemId":"5013860921","isActive":true,"orderType":"FC_DELIVERY","eligiblePaths":{"WEB E2E Regression":true,"TC01":true,"APP E2E Regression":true,"buynow":true},"storesStatuses":{"storeId":"32144","color":"green","shipNode":"32144","errors":{}},"itemStatusUpdatedTime":"2025-04-01T15:47:03.089"},{"itemId":"5013860923","isActive":true,"orderType":"FC_DELIVERY","eligiblePaths":{"WEB E2E Regression":true,"TC01":true,"APP E2E Regression":true,"buynow":true},"storesStatuses":{"storeId":"32144","color":"green","shipNode":"32144","errors":{}},"itemStatusUpdatedTime":"2025-04-01T15:47:03.593"},{"itemId":"5013860924","isActive":true,"orderType":"FC_DELIVERY","eligiblePaths":{"WEB E2E Regression":true,"TC01":true,"APP E2E Regression":true,"buynow":true},"storesStatuses":{"storeId":"32144","color":"green","shipNode":"32144","errors":{}},"itemStatusUpdatedTime":"2025-04-01T15:47:03.203"},{"itemId":"821681268","isActive":true,"orderType":"FC_DELIVERY","eligiblePaths":{"APP E2E Regression":true,"buynow":true,"lessthan35":true},"storesStatuses":{"storeId":"32144","color":"green","shipNode":"32144","errors":{}},"itemStatusUpdatedTime":"2025-04-01T15:45:04.780"},{"itemId":"981898706","isActive":true,"orderType":"FC_DELIVERY","eligiblePaths":{"personalized":true,"APP E2E Regression":true,"buynow":true},"storesStatuses":{"storeId":"32144","color":"green","shipNode":"32144","errors":{}},"itemStatusUpdatedTime":"2025-04-01T15:45:04.116"}],"itemStatusUpdatedTime":"2025-04-01T15:45:04.116","queryTime":"2025-04-24T10:30:27.388"}
2025-04-24 10:30:35.582 [DEBUG] [thread-id 1] - --Fulcrum fetch item status-- SUCCESS
2025-04-24 10:30:37.575 [WARN] [thread-id 1] - variable responseInstant was used, but r2 could not find a value for this variable. returning default of null
2025-04-24 10:30:37.576 [DEBUG] [thread-id 1] - --Fulcrum response instant-- null
2025-04-24 10:30:39.699 [DEBUG] [thread-id 1] - --begining array
2025-04-24 10:30:41.760 [DEBUG] [thread-id 1] - loop: over '[{"itemId":"302238985","isActive":true,"orderType":"FC_DELIVERY","eligiblePaths":{"w+fav":false,"APP E2E Regression":true,"buynow":true},"storesStatuses":{"storeId":"32144","color":"green","shipNode":"32144","errors":{}},"itemStatusUpdatedTime":"2025-04-01T15:46:39.456"},{"itemId":"3793756050","isActive":true,"orderType":"FC_DELIVERY","eligiblePaths":{"w+fav":false,"APP E2E Regression":true,"buynow":true},"storesStatuses":{"storeId":"32144","color":"green","shipNode":"32144","errors":{}},"itemStatusUpdatedTime":"2025-04-01T15:46:39.350"},{"itemId":"419295100","isActive":true,"orderType":"FC_DELIVERY","eligiblePaths":{"keepIt":true,"keepit":true,"APP E2E Regression":true,"buynow":true,"greaterthan35":true,"freight":true},"storesStatuses":{"storeId":"32144","color":"green","shipNode":"32144","errors":{}},"itemStatusUpdatedTime":"2025-04-01T15:45:04.302"},{"itemId":"5000209939","isActive":true,"orderType":"FC_DELIVERY","eligiblePaths":{"GM":true,"APP E2E Regression":true,"buynow":true,"greaterthan35":true},"storesStatuses":{"storeId":"32144","color":"green","shipNode":"32144","errors":{}},"itemStatusUpdatedTime":"2025-04-01T15:45:06.299"},{"itemId":"5000209940","isActive":true,"orderType":"FC_DELIVERY","eligiblePaths":{"GM":true,"APP E2E Regression":true,"buynow":true,"greaterthan35":true},"storesStatuses":{"storeId":"32144","color":"green","shipNode":"32144","errors":{}},"itemStatusUpdatedTime":"2025-04-01T15:45:06.176"},{"itemId":"5013212719","isActive":true,"orderType":"FC_DELIVERY","eligiblePaths":{"w+fav":false,"APP E2E Regression":true,"buynow":true,"greaterthan35":true},"storesStatuses":{"storeId":"32144","color":"green","shipNode":"32144","errors":{}},"itemStatusUpdatedTime":"2025-04-01T15:46:39.324"},{"itemId":"5013644829","isActive":true,"orderType":"FC_DELIVERY","eligiblePaths":{"w+fav":false,"APP E2E Regression":true,"buynow":true},"storesStatuses":{"storeId":"32144","color":"green","shipNode":"32144","errors":{}},"itemStatusUpdatedTime":"2025-04-01T15:46:39.809"},{"itemId":"5013860921","isActive":true,"orderType":"FC_DELIVERY","eligiblePaths":{"WEB E2E Regression":true,"TC01":true,"APP E2E Regression":true,"buynow":true},"storesStatuses":{"storeId":"32144","color":"green","shipNode":"32144","errors":{}},"itemStatusUpdatedTime":"2025-04-01T15:47:03.089"},{"itemId":"5013860923","isActive":true,"orderType":"FC_DELIVERY","eligiblePaths":{"WEB E2E Regression":true,"TC01":true,"APP E2E Regression":true,"buynow":true},"storesStatuses":{"storeId":"32144","color":"green","shipNode":"32144","errors":{}},"itemStatusUpdatedTime":"2025-04-01T15:47:03.593"},{"itemId":"5013860924","isActive":true,"orderType":"FC_DELIVERY","eligiblePaths":{"WEB E2E Regression":true,"TC01":true,"APP E2E Regression":true,"buynow":true},"storesStatuses":{"storeId":"32144","color":"green","shipNode":"32144","errors":{}},"itemStatusUpdatedTime":"2025-04-01T15:47:03.203"},{"itemId":"821681268","isActive":true,"orderType":"FC_DELIVERY","eligiblePaths":{"APP E2E Regression":true,"buynow":true,"lessthan35":true},"storesStatuses":{"storeId":"32144","color":"green","shipNode":"32144","errors":{}},"itemStatusUpdatedTime":"2025-04-01T15:45:04.780"},{"itemId":"981898706","isActive":true,"orderType":"FC_DELIVERY","eligiblePaths":{"personalized":true,"APP E2E Regression":true,"buynow":true},"storesStatuses":{"storeId":"32144","color":"green","shipNode":"32144","errors":{}},"itemStatusUpdatedTime":"2025-04-01T15:45:04.116"}]'
2025-04-24 10:30:44.014 [DEBUG] [thread-id 1] - store index is {"itemId":"302238985","isActive":true,"orderType":"FC_DELIVERY","eligiblePaths":{"w+fav":false,"APP E2E Regression":true,"buynow":true},"storesStatuses":{"storeId":"32144","color":"green","shipNode":"32144","errors":{}},"itemStatusUpdatedTime":"2025-04-01T15:46:39.456"}
2025-04-24 10:30:46.142 [DEBUG] [thread-id 1] - Store in: store the value '302238985' in the variable 'itemFetched'
2025-04-24 10:30:48.066 [DEBUG] [thread-id 1] - Store in: store the value 'green' in the variable 'itemStatus'
2025-04-24 10:30:50.203 [DEBUG] [thread-id 1] - 302238985
2025-04-24 10:30:52.165 [DEBUG] [thread-id 1] - green
2025-04-24 10:30:54.244 [DEBUG] [thread-id 1] - conditionally execute a flow. condition: true
2025-04-24 10:30:56.180 [DEBUG] [thread-id 1] - Fulcrum fetched item 302238985
2025-04-24 10:30:58.283 [DEBUG] [thread-id 1] - Store in: store the value '302238985' in the variable 'item1'
2025-04-24 10:30:58.284 [DEBUG] [thread-id 1] - Executing function: 'us.functions.global.navigation.goToDeepLink'
2025-04-24 10:30:58.285 [DEBUG] [thread-id 1] - Store in: store the value 'Transactions' in the variable 'executionStage'
2025-04-24 10:30:58.285 [DEBUG] [thread-id 1] - Verify value of: '$deepLinkUrl'
2025-04-24 10:30:58.285 [DEBUG] [thread-id 1] - Open link: 'walmart://item/302238985'
2025-04-24 10:31:02.400 [DEBUG] [thread-id 1] - Executing function: 'us.functions.global.navigation.openDeepLink'
2025-04-24 10:31:03.882 [DEBUG] [thread-id 1] - Deeplink pop up not displayed
2025-04-24 10:31:03.887 [DEBUG] [thread-id 1] - R2_SUBFLOW_TRANSACTION
2025-04-24 10:31:03.888 [DEBUG] [thread-id 1] - Executing function: 'us.functions.buyNow.newUser.overlay.createNewAccount'
2025-04-24 10:31:03.888 [DEBUG] [thread-id 1] - Store in: store the value 'Pre-transactions' in the variable 'executionStage'
2025-04-24 10:31:03.888 [DEBUG] [thread-id 1] - sleep:  20000 milliseconds
2025-04-24 10:36:08.621 [DEBUG] [thread-id 1] - Main failed: Is not present: '//XCUIElementTypeButton[@name="GlassCalloutView.referenceView"] | //XCUIElementTypeButton[@label="Buy now"] | //XCUIElementTypeButton[@name="Buy now"]'
2025-04-24 10:36:14.326 [DEBUG] [thread-id 1] - Executing scenario: 'After'
2025-04-24 10:36:14.327 [DEBUG] [thread-id 1] - Executing function: 'us.functions.utils.afterSteps'
2025-04-24 10:36:14.328 [WARN] [thread-id 1] - variable testStatus was used, but r2 could not find a value for this variable. returning default of null
2025-04-24 10:36:14.328 [DEBUG] [thread-id 1] - conditionally execute a flow. condition: false
2025-04-24 10:36:16.960 [DEBUG] [thread-id 1] - Test failed - Pre-transactions
2025-04-24 10:36:27.624 [DEBUG] [thread-id 1] - Created report: /Users/m0k0a2f/glass-automation/report/index.html
