2024-12-02 21:44:23.534 [ERROR] [thread-id 1] - org.yaml.snakeyaml.constructor.ConstructorException: Cannot create property=profiles for JavaBean=com.walmartlabs.data.dependencies.Dependencies@2d84cb86
 in 'reader', line 1, column 1:
    general:
    ^
Cannot create property=saucelabs for JavaBean=com.walmartlabs.data.dependencies.Profiles@7004e3d
 in 'reader', line 102, column 5:
      - name: saucelabs
        ^
Cannot create property=armRequired for JavaBean=com.walmartlabs.data.dependencies.Saucelabs@7c211fd0
 in 'reader', line 112, column 7:
          userName: 
          ^
Unable to find property 'armRequired' on class: com.walmartlabs.data.dependencies.Saucelabs
 in 'reader', line 115, column 20:
          armRequired: true
                       ^

 in 'reader', line 112, column 7:
          userName: 
          ^

 in 'reader', line 22, column 3:
      - name: local
      ^

2024-12-02 21:52:59.501 [ERROR] [thread-id 1] - org.yaml.snakeyaml.constructor.ConstructorException: Cannot create property=profiles for JavaBean=com.walmartlabs.data.dependencies.Dependencies@2d84cb86
 in 'reader', line 1, column 1:
    general:
    ^
Cannot create property=saucelabs for JavaBean=com.walmartlabs.data.dependencies.Profiles@7004e3d
 in 'reader', line 102, column 5:
      - name: saucelabs
        ^
Cannot create property=armRequired for JavaBean=com.walmartlabs.data.dependencies.Saucelabs@7c211fd0
 in 'reader', line 112, column 7:
          userName: 
          ^
Unable to find property 'armRequired' on class: com.walmartlabs.data.dependencies.Saucelabs
 in 'reader', line 115, column 20:
          armRequired: true
                       ^

 in 'reader', line 112, column 7:
          userName: 
          ^

 in 'reader', line 22, column 3:
      - name: local
      ^

2024-12-02 21:53:38.505 [ERROR] [thread-id 1] - org.yaml.snakeyaml.constructor.ConstructorException: Cannot create property=profiles for JavaBean=com.walmartlabs.data.dependencies.Dependencies@2d84cb86
 in 'reader', line 1, column 1:
    general:
    ^
Cannot create property=saucelabs for JavaBean=com.walmartlabs.data.dependencies.Profiles@7004e3d
 in 'reader', line 102, column 5:
      - name: saucelabs
        ^
Cannot create property=armRequired for JavaBean=com.walmartlabs.data.dependencies.Saucelabs@7c211fd0
 in 'reader', line 112, column 7:
          userName: 
          ^
Unable to find property 'armRequired' on class: com.walmartlabs.data.dependencies.Saucelabs
 in 'reader', line 115, column 20:
          armRequired: true
                       ^

 in 'reader', line 112, column 7:
          userName: 
          ^

 in 'reader', line 22, column 3:
      - name: local
      ^

2024-12-02 21:54:28.615 [ERROR] [thread-id 1] - org.yaml.snakeyaml.constructor.ConstructorException: Cannot create property=profiles for JavaBean=com.walmartlabs.data.dependencies.Dependencies@2d84cb86
 in 'reader', line 1, column 1:
    general:
    ^
Cannot create property=saucelabs for JavaBean=com.walmartlabs.data.dependencies.Profiles@7004e3d
 in 'reader', line 102, column 5:
      - name: saucelabs
        ^
Cannot create property=armRequired for JavaBean=com.walmartlabs.data.dependencies.Saucelabs@7c211fd0
 in 'reader', line 112, column 7:
          userName: 
          ^
Unable to find property 'armRequired' on class: com.walmartlabs.data.dependencies.Saucelabs
 in 'reader', line 115, column 20:
          armRequired: true
                       ^

 in 'reader', line 112, column 7:
          userName: 
          ^

 in 'reader', line 22, column 3:
      - name: local
      ^

