2022-12-09 13:22:57.442 [DEBUG] [thread-id 1] - Executing R2 3.29.0: '/Users/m0k0a2f/glass-automation/./us/test/test-scripts/ios/golden-flows/multi-fulfillment-flows/PetRX-multi-fulfilment-Shipping-mixed-order.yaml' on device: 'iPhone 13'
2022-12-09 13:23:11.981 [DEBUG] [thread-id 1] - Created report: /Users/m0k0a2f/glass-automation/report/index.html
2022-12-09 13:24:57.926 [DEBUG] [thread-id 1] - Executing R2 3.29.0: '/Users/m0k0a2f/glass-automation/./us/test/test-scripts/ios/golden-flows/multi-fulfillment-flows/PetRX-multi-fulfilment-Shipping-mixed-order.yaml' on device: 'iPhone 13'
2022-12-09 13:26:00.030 [DEBUG] [thread-id 1] - Executing scenario: 'Before'
2022-12-09 13:26:00.037 [DEBUG] [thread-id 1] - Execute before steps
2022-12-09 13:26:00.039 [DEBUG] [thread-id 1] - R2_SUBFLOW_PRE_TRANSACTION
2022-12-09 13:26:00.041 [DEBUG] [thread-id 1] - Executing function: 'us.functions.utils.astro.clearCart'
2022-12-09 13:26:00.151 [DEBUG] [thread-id 1] - Call API: 'http://astro.walmart.com/api/v2/teflon/customer/walp@gmail.com/clearcart'
2022-12-09 13:26:13.375 [DEBUG] [thread-id 1] - Response code is: '200'. Response body is: '{"astroStatus":"SUCCESS","astroDescription":"CART_CLEARED","astroDetails":{"dbSessionMap":{"CXO_CART_ST":"{\"mtoken\":\"1:14#145663367#2=155735555#8=70211387\"}"},"checkoutable":false,"cart":{"id":"909d08c7-a036-42fb-b84c-24969a669e03","buyer":{"id":"70c68aba-a7ca-49ca-9daf-3eec75e8f609","type":"CUSTOMER"},"storeIds":[],"itemCount":0,"entityErrors":[],"shipping":{"id":"c91fb494-4a1f-4360-af42-26725f63cbc7","dbLockVersion":0,"dbSessionMap":{},"dbLockMap":{},"postalCode":"95122","city":"San Jose","state":"CA","countryCode":"USA","latitude":37.606689,"longitude":-122.426362,"isPOBox":false,"isAPOFPO":false},"currencyCode":"USD","preview":false,"tenantId":0,"verticalId":0,"checkoutableErrors":[],"intent":"PICKUP","pickupStore":{"city":"San Jose","stateOrProvinceCode":"CA","countryCode":"USA","postalCode":"95122","storeId":"32144","services":[]},"deliveryStore":{"city":"San Jose","stateOrProvinceCode":"CA","countryCode":"USA","postalCode":"95122","storeId":"32144","services":[]},"fulfillmentPlans":[],"accessPoints":[],"reservations":[],"isExplicitIntent":false,"hasGiftEligibleItem":false,"warnings":[],"restrictions":[]},"isOmniPromiseResponse":true}}'
2022-12-09 13:26:13.495 [DEBUG] [thread-id 1] - Cart cleared for walp@gmail.com
2022-12-09 13:26:13.584 [DEBUG] [thread-id 1] - Using us-errors-helpers.yaml
2022-12-09 13:26:13.656 [DEBUG] [thread-id 1] - Start Main
2022-12-09 13:26:13.659 [DEBUG] [thread-id 1] - Executing function: 'us.functions.global.onboarding.navigateOnboardingToHome'
2022-12-09 13:26:13.661 [DEBUG] [thread-id 1] - Executing function: 'us.function.utils.getEnvironmentValue'
2022-12-09 13:26:13.668 [DEBUG] [thread-id 1] - Store in: store the value 'teflon' in the variable 'env'
2022-12-09 13:26:13.775 [DEBUG] [thread-id 1] - Verify identifier: {//XCUIElementTypeStaticText[@name="WelcomeViewController.titleLabel"] | //XCUIElementTypeStaticText[@name="SignUpNudgeWelcomeViewController.titleLabel"]=[true]}
2022-12-09 13:26:23.830 [DEBUG] [thread-id 1] - conditionally execute a flow. condition: false
2022-12-09 13:26:23.960 [DEBUG] [thread-id 1] - Click element: '//XCUIElementTypeStaticText[@name="Continue"] | //XCUIElementTypeStaticText[@name="Next"] | //XCUIElementTypeStaticText[@name="Continue as guest"]'
2022-12-09 13:26:24.806 [DEBUG] [thread-id 1] - Verify identifier: {NotificationPermissionViewController.titleLabel=[true]}
2022-12-09 13:26:24.890 [DEBUG] [thread-id 1] - Click element: '//XCUIElementTypeStaticText[@name="Not now"] | //XCUIElementTypeButton[@name="cta.cancel.notifications"]'
2022-12-09 13:26:46.459 [DEBUG] [thread-id 1] - Main failed: Is not present: 'Share your location'
2022-12-09 13:26:46.575 [DEBUG] [thread-id 1] - Executing scenario: 'After'
2022-12-09 13:26:46.585 [DEBUG] [thread-id 1] - Executing function: 'us.functions.utils.afterSteps'
2022-12-09 13:26:46.599 [WARN] [thread-id 1] - variable testStatus was used, but r2 could not find a value for this variable. returning default of null
2022-12-09 13:26:46.635 [DEBUG] [thread-id 1] - conditionally execute a flow. condition: false
2022-12-09 13:26:46.705 [DEBUG] [thread-id 1] - Test failed
2022-12-09 13:26:46.772 [DEBUG] [thread-id 1] - Executing function: 'us.functions.utils.closeErrorAlertIfExists'
2022-12-09 13:27:02.019 [DEBUG] [thread-id 1] - Created report: /Users/m0k0a2f/glass-automation/report/index.html
