2022-12-14 12:14:35.022 [DEBUG] [thread-id 1] - Executing R2 3.29.0: '/Users/m0k0a2f/glass-automation/./us/test/test-scripts/ios/golden-flows/multi-fulfillment-flows/PetRX-multi-fulfilment-Shipping-mixed-order.yaml' on device: 'iPhone 13'
2022-12-14 12:15:20.789 [DEBUG] [thread-id 1] - Executing scenario: 'Before'
2022-12-14 12:15:20.794 [DEBUG] [thread-id 1] - Execute before steps
2022-12-14 12:15:20.797 [DEBUG] [thread-id 1] - R2_SUBFLOW_PRE_TRANSACTION
2022-12-14 12:15:20.800 [DEBUG] [thread-id 1] - Executing function: 'us.functions.utils.astro.clearCart'
2022-12-14 12:15:20.903 [DEBUG] [thread-id 1] - Call API: 'http://astro.walmart.com/api/v2/teflon/customer/walp@gmail.com/clearcart'
2022-12-14 12:15:34.763 [DEBUG] [thread-id 1] - Response code is: '200'. Response body is: '{"astroStatus":"SUCCESS","astroDescription":"CART_CLEARED","astroDetails":{"dbSessionMap":{"CXO_CART_ST":"{\"mtoken\":\"1:14#146860241#2=157104446#8=71815906\"}"},"checkoutable":false,"cart":{"id":"83994d90-d44b-4948-ab70-e56b42c8256c","buyer":{"id":"70c68aba-a7ca-49ca-9daf-3eec75e8f609","type":"CUSTOMER"},"storeIds":[],"itemCount":0,"entityErrors":[],"shipping":{"id":"1096318f-bb2d-4579-8835-8f896fac6471","dbLockVersion":0,"dbSessionMap":{},"dbLockMap":{},"postalCode":"95122","city":"San Jose","state":"CA","countryCode":"USA","latitude":37.606689,"longitude":-122.426362,"isPOBox":false,"isAPOFPO":false},"currencyCode":"USD","preview":false,"tenantId":0,"verticalId":0,"checkoutableErrors":[],"intent":"PICKUP","pickupStore":{"city":"San Jose","stateOrProvinceCode":"CA","countryCode":"USA","postalCode":"95122","storeId":"32144","services":[]},"deliveryStore":{"city":"San Jose","stateOrProvinceCode":"CA","countryCode":"USA","postalCode":"95122","storeId":"32144","services":[]},"mpStores":[],"fulfillmentPlans":[],"accessPoints":[{"id":"f681d48a-7be4-43ea-8e10-229a1f00db37","name":"32144 - Home Delivery","storeId":32144,"fulfillmentType":"DELIVERY","fulfillmentOption":"DELIVERY","supportedTimeZone":"US/Pacific","locationInstruction":"[{\"type\":\"CHECKIN_DEFAULT\",\"value\":\"<div> <p> In order to protect the safety of our customers & associates, we've temporarily moved to a no-contact pickup in store process. </p> <br /> <br /><b>Please bring your government-issued ID</b><br /> <ol> <li>Check in with the app to let us know you're on the way.</li> <li> Park in a designated pickup spot, stay in your vehicle and keep your windows rolled up. </li> <li> A Walmart associate will request access to your trunk or back seat, then they'll load your order. </li> <li>You're all set! The associate will sign for the order.</li> </ol> </div>\"},{\"type\":\"EMAIL_DEFAULT\",\"value\":\"<div> <p> In order to protect the safety of our customers & associates, we've temporarily moved to a no-contact pickup in store process. </p> <br /> <br /><b>Please bring your government-issued ID</b><br /> <ol> <li>Check in with the app to let us know you're on the way.</li> <li> Park in a designated pickup spot, stay in your vehicle and keep your windows rolled up. </li> <li> A Walmart associate will request access to your trunk or back seat, then they'll load your order. </li> <li>You're all set! The associate will sign for the order.</li> </ol> </div>\"}]","isStoreEbtEligible":false,"allowAlcohol":false,"restrictions":[],"accessType":"DELIVERY_ADDRESS","storeCategory":"Supercenter","nodeType":"STORE","allowBagFee":true,"isBagFeeMandatory":false,"address":{"postalCode":"95122","addressLineOne":"777 Story Rd","city":"San Jose","state":"CA","addressTypeName":"OFFICE","isPOBox":false,"countryCode":"USA"}},{"id":"6168c2e3-fc36-4827-98e6-d717d10af1d6","name":"Walmart San Jose Store #32144","storeId":32144,"fulfillmentType":"INSTORE_PICKUP","fulfillmentOption":"PICKUP","supportedTimeZone":"US/Pacific","locationInstruction":"[{\"type\":\"CHECKIN_DEFAULT\",\"value\":\"<div> <p> In order to protect the safety of our customers & associates, we've temporarily moved to a no-contact pickup in store process or curbside. </p> <br /> <br /><b>Please bring your government-issued ID</b><br /> <ol> <li>Check in with the app to let us know you're on the way.</li> <li> Park in a designated pickup spot, stay in your vehicle and keep your windows rolled up. </li> <li> A Walmart associate will request access to your trunk or back seat, then they'll load your order. </li> <li>You're all set! The associate will sign for the order.</li> </ol> </div>\"},{\"type\":\"EMAIL_DEFAULT\",\"value\":\"NA\"},{\"type\":\"CHECKIN_1\",\"value\":\"Next, tell us when you’ve parked. Park by the pickup sign and enter your parking info so we can find you faster.\"}]","isStoreEbtEligible":true,"allowAlcohol":true,"restrictions":[],"accessType":"PICKUP_CURBSIDE","storeCategory":"Supercenter","nodeType":"STORE","allowBagFee":true,"isBagFeeMandatory":false,"address":{"postalCode":"95122","addressLineOne":"777 Story Rd","city":"San Jose","state":"CA","addressTypeName":"OFFICE","isPOBox":false,"countryCode":"USA"}}],"reservations":[],"isExplicitIntent":false,"hasGiftEligibleItem":false,"warnings":[],"restrictions":[]},"isOmniPromiseResponse":true}}'
2022-12-14 12:15:34.898 [DEBUG] [thread-id 1] - Cart cleared for walp@gmail.com
2022-12-14 12:15:35.004 [DEBUG] [thread-id 1] - Using us-errors-helpers.yaml
2022-12-14 12:15:35.094 [DEBUG] [thread-id 1] - Start Main
2022-12-14 12:15:35.097 [DEBUG] [thread-id 1] - Executing function: 'us.functions.global.onboarding.navigateOnboardingToHome'
2022-12-14 12:15:35.100 [DEBUG] [thread-id 1] - Executing function: 'us.function.utils.getEnvironmentValue'
2022-12-14 12:15:35.121 [DEBUG] [thread-id 1] - Store in: store the value 'teflon' in the variable 'env'
2022-12-14 12:15:35.257 [DEBUG] [thread-id 1] - Verify identifier: {//XCUIElementTypeStaticText[@name="WelcomeViewController.titleLabel"] | //XCUIElementTypeStaticText[@name="SignUpNudgeWelcomeViewController.titleLabel"]=[true]}
2022-12-14 12:15:45.330 [DEBUG] [thread-id 1] - conditionally execute a flow. condition: false
2022-12-14 12:15:45.518 [DEBUG] [thread-id 1] - Click element: '//XCUIElementTypeStaticText[@name="Continue"] | //XCUIElementTypeStaticText[@name="Next"] | //XCUIElementTypeStaticText[@name="Continue as guest"]'
2022-12-14 12:15:46.297 [DEBUG] [thread-id 1] - Verify identifier: {NotificationPermissionViewController.titleLabel=[true]}
2022-12-14 12:15:46.416 [DEBUG] [thread-id 1] - Click element: '//XCUIElementTypeStaticText[@name="Not now"] | //XCUIElementTypeButton[@name="cta.cancel.notifications"]'
2022-12-14 12:15:46.799 [DEBUG] [thread-id 1] - Verify identifier: {Share your location=[true]}
2022-12-14 12:15:46.838 [DEBUG] [thread-id 1] - Click element: 'Enter zip code'
2022-12-14 12:15:47.547 [DEBUG] [thread-id 1] - conditionally execute a flow. condition: true
2022-12-14 12:15:47.756 [DEBUG] [thread-id 1] - Enter text: '95122'
2022-12-14 12:16:00.246 [DEBUG] [thread-id 1] - Click element: '//XCUIElementTypeStaticText[@name="Search"]'
2022-12-14 12:16:01.960 [DEBUG] [thread-id 1] - conditionally execute a flow. condition: true
2022-12-14 12:16:12.412 [DEBUG] [thread-id 1] - conditionally execute a flow. condition: true
2022-12-14 12:16:12.616 [DEBUG] [thread-id 1] - Click element: 'Continue'
2022-12-14 12:16:13.936 [DEBUG] [thread-id 1] - conditionally execute a flow. condition: true
2022-12-14 12:16:15.073 [DEBUG] [thread-id 1] - Click element: 'Allow'
2022-12-14 12:16:47.066 [DEBUG] [thread-id 1] - Executing function: 'us.functions.utils.tryAgainWhenThereIsError'
2022-12-14 12:16:47.084 [DEBUG] [thread-id 1] - loop: from 0 to 2
2022-12-14 12:16:47.388 [DEBUG] [thread-id 1] - 0
2022-12-14 12:16:57.789 [DEBUG] [thread-id 1] - conditionally execute a flow. condition: false
2022-12-14 12:16:58.090 [DEBUG] [thread-id 1] - Executing function: 'us.functions.onboarding.handleTechnicalErrorPage'
2022-12-14 12:16:58.090 [DEBUG] [thread-id 1] - sleep:  5000 milliseconds
2022-12-14 12:17:03.127 [DEBUG] [thread-id 1] - loop: from 0 to 4
2022-12-14 12:17:03.429 [DEBUG] [thread-id 1] - 0
2022-12-14 12:17:14.206 [DEBUG] [thread-id 1] - conditionally execute a flow. condition: false
2022-12-14 12:17:14.495 [DEBUG] [thread-id 1] - No Technical Error Page observed
2022-12-14 12:17:14.804 [DEBUG] [thread-id 1] - Executing function: 'us.functions.gic.collapseIfExpanded'
2022-12-14 12:17:14.989 [DEBUG] [thread-id 1] - conditionally execute a flow. condition: true
2022-12-14 12:17:15.469 [DEBUG] [thread-id 1] - Click element: '//*[contains(@label,"Expanded")]'
2022-12-14 12:17:15.921 [DEBUG] [thread-id 1] - Executing function: 'us.functions.home.navigateHomeToSignIn'
2022-12-14 12:17:16.685 [DEBUG] [thread-id 1] - Click element: 'Account'
2022-12-14 12:17:17.014 [DEBUG] [thread-id 1] - sleep:  3000 milliseconds
2022-12-14 12:17:20.532 [DEBUG] [thread-id 1] - Verify identifier: {//XCUIElementTypeButton[@name="Account.SignInButton"] | //XCUIElementTypeButton[@name="HeaderView.loginButton"] | //XCUIElementTypeButton[@label="SignInYourAccountTableViewCell.signInButton"] | //XCUIElementTypeButton[@label="Sign in"] | //XCUIElementTypeButton[@label="Sign in or create an account"]=[true]}
2022-12-14 12:17:20.534 [DEBUG] [thread-id 1] - loop: from 1 to 3
2022-12-14 12:17:21.446 [DEBUG] [thread-id 1] - conditionally execute a flow. condition: true
2022-12-14 12:17:22.354 [DEBUG] [thread-id 1] - Click element: '//XCUIElementTypeButton[@name="Account.SignInButton"] | //XCUIElementTypeButton[@name="HeaderView.loginButton"] | //XCUIElementTypeButton[@label="SignInYourAccountTableViewCell.signInButton"] | //XCUIElementTypeButton[@label="Sign in"] | //XCUIElementTypeButton[@label="Sign in or create an account"]'
2022-12-14 12:17:23.542 [DEBUG] [thread-id 1] - sleep:  3000 milliseconds
2022-12-14 12:17:27.371 [DEBUG] [thread-id 1] - conditionally execute a flow. condition: true
2022-12-14 12:17:27.971 [DEBUG] [thread-id 1] - Store in: store the value 'true' in the variable 'signInValidated'
2022-12-14 12:17:28.601 [DEBUG] [thread-id 1] - conditionally execute a flow. condition: true
2022-12-14 12:17:29.183 [DEBUG] [thread-id 1] - SignIn page loaded
2022-12-14 12:17:29.767 [DEBUG] [thread-id 1] - Store in: store the value 'false' in the variable 'signInValidated'
2022-12-14 12:17:29.778 [DEBUG] [thread-id 1] - Executing function: 'us.functions.global.authentication.signInAccount'
2022-12-14 12:17:29.791 [WARN] [thread-id 1] - variable validateSignInPage was used, but r2 could not find a value for this variable. returning default of null
2022-12-14 12:17:29.805 [DEBUG] [thread-id 1] - Executing function: 'us.functions.global.authentication.dismissSelectSavedPasswordDialog'
2022-12-14 12:17:40.135 [DEBUG] [thread-id 1] - Verify identifier: {//XCUIElementTypeTextField=[true]}
2022-12-14 12:17:40.392 [DEBUG] [thread-id 1] - Enter text: 'walp@gmail.com'
2022-12-14 12:17:43.603 [DEBUG] [thread-id 1] - loop: from 1 to 3
2022-12-14 12:17:44.656 [DEBUG] [thread-id 1] - sleep:  3000 milliseconds
2022-12-14 12:17:48.722 [DEBUG] [thread-id 1] - conditionally execute a flow. condition: true
2022-12-14 12:17:49.895 [DEBUG] [thread-id 1] - Click element: 'SignInView.ctaButton'
2022-12-14 12:17:52.611 [DEBUG] [thread-id 1] - conditionally execute a flow. condition: true
2022-12-14 12:17:53.727 [DEBUG] [thread-id 1] - Store in: store the value 'true' in the variable 'signInValidated'
2022-12-14 12:17:54.821 [DEBUG] [thread-id 1] - conditionally execute a flow. condition: true
2022-12-14 12:17:55.894 [DEBUG] [thread-id 1] - Store in: store the value 'false' in the variable 'signInValidated'
2022-12-14 12:17:56.953 [DEBUG] [thread-id 1] - Email entered
2022-12-14 12:17:56.967 [WARN] [thread-id 1] - variable validateSignInPage was used, but r2 could not find a value for this variable. returning default of null
2022-12-14 12:17:56.968 [DEBUG] [thread-id 1] - loop: from 1 to 3
2022-12-14 12:17:58.032 [DEBUG] [thread-id 1] - sleep:  2000 milliseconds
2022-12-14 12:18:01.397 [DEBUG] [thread-id 1] - conditionally execute a flow. condition: true
2022-12-14 12:18:02.779 [DEBUG] [thread-id 1] - Enter text: 'Testing@123'
2022-12-14 12:18:06.451 [DEBUG] [thread-id 1] - sleep:  1000 milliseconds
2022-12-14 12:18:09.252 [DEBUG] [thread-id 1] - Click element: '//XCUIElementTypeStaticText[@name="Sign in"] | //XCUIElementTypeButton[@label="Sign In" or @label="Sign in"] | //XCUIElementTypeButton[@name="OtpView.ctaButton"] | //XCUIElementTypeButton[@label="Sign in or create an account"]'
2022-12-14 12:18:10.684 [DEBUG] [thread-id 1] - sleep:  2000 milliseconds
2022-12-14 12:18:25.353 [DEBUG] [thread-id 1] - Hide keyboard: 'true'
2022-12-14 12:18:26.678 [DEBUG] [thread-id 1] - conditionally execute a flow. condition: true
2022-12-14 12:18:27.743 [DEBUG] [thread-id 1] - Store in: store the value 'true' in the variable 'signInValidated'
2022-12-14 12:18:28.831 [DEBUG] [thread-id 1] - conditionally execute a flow. condition: true
2022-12-14 12:18:29.908 [DEBUG] [thread-id 1] - Account signed in
2022-12-14 12:18:30.249 [DEBUG] [thread-id 1] - conditionally execute a flow. condition: true
2022-12-14 12:18:31.625 [DEBUG] [thread-id 1] - Click element: '//XCUIElementTypeButton[@name="Don’t Allow"] | //XCUIElementTypeButton[@name="Don’t Allow"]'
2022-12-14 12:18:32.265 [DEBUG] [thread-id 1] - Executing function: 'us.functions.utils.handleCartMergePopup'
2022-12-14 12:18:32.266 [DEBUG] [thread-id 1] - sleep:  7000 milliseconds
2022-12-14 12:18:39.270 [DEBUG] [thread-id 1] - loop: from 0 to 4
2022-12-14 12:18:40.120 [DEBUG] [thread-id 1] - 0
2022-12-14 12:18:51.224 [DEBUG] [thread-id 1] - conditionally execute a flow. condition: false
2022-12-14 12:18:51.982 [DEBUG] [thread-id 1] - No Technical Error Page observed
2022-12-14 12:18:52.737 [DEBUG] [thread-id 1] - Executing function: 'us.functions.global.navigation.accountToHome'
2022-12-14 12:18:53.343 [DEBUG] [thread-id 1] - Click element: '//XCUIElementTypeButton[@name="Shop"] |  //XCUIElementTypeButton[@name="Home"]'
2022-12-14 12:18:53.857 [DEBUG] [thread-id 1] - Executing function: 'us.functions.home.closeWPlusPromotionPopUpIfDisplayed'
2022-12-14 12:18:53.858 [DEBUG] [thread-id 1] - sleep:  5000 milliseconds
2022-12-14 12:18:59.407 [DEBUG] [thread-id 1] - conditionally execute a flow. condition: true
2022-12-14 12:19:00.662 [DEBUG] [thread-id 1] - Click element: '//XCUIElementTypeButton[@name="SplashPageViewController.closeButton" or contains(@label, "Close Walmart plus promotional pop up")] | //XCUIElementTypeNavigationBar[@name="WalmartPlus.SplashPageView"]/XCUIElementTypeButton|//XCUIElementTypeButton[@name="close"]'
2022-12-14 12:19:01.488 [DEBUG] [thread-id 1] - Verify identifier: {//XCUIElementTypeSearchField[@name="Search Walmart"] | //XCUIElementTypeOther[@name="Search Walmart"]/XCUIElementTypeOther | //XCUIElementTypeOther[@name="Search Walmart"]=[true]}
2022-12-14 12:19:01.489 [DEBUG] [thread-id 1] - Executing function: 'us.functions.home.rateDriverPopup'
2022-12-14 12:19:01.491 [DEBUG] [thread-id 1] - loop: from 1 to 6
2022-12-14 12:19:02.000 [DEBUG] [thread-id 1] - 1
2022-12-14 12:19:12.757 [DEBUG] [thread-id 1] - conditionally execute a flow. condition: false
2022-12-14 12:19:13.237 [DEBUG] [thread-id 1] - Executing function: 'us.functions.home.setStore'
2022-12-14 12:19:13.264 [DEBUG] [thread-id 1] - Executing function: 'us.functions.utils.getSearchableItem'
2022-12-14 12:19:13.265 [DEBUG] [thread-id 1] - Store in: store the value 'null' in the variable 'itemFetched'
2022-12-14 12:19:13.267 [DEBUG] [thread-id 1] - Store in: store the value 'null' in the variable 'deeplinkURL'
2022-12-14 12:19:13.275 [DEBUG] [thread-id 1] - conditionally execute a flow. condition: false
2022-12-14 12:19:13.761 [DEBUG] [thread-id 1] - Item fetched by Astro API
2022-12-14 12:19:14.259 [DEBUG] [thread-id 1] - Executing function: 'us.functions.utils.fetchAstroAvailableItem'
2022-12-14 12:19:14.264 [DEBUG] [thread-id 1] - Fetching Item available in stock using Astro API for Item type FC_DELIVERY
2022-12-14 12:19:14.265 [WARN] [thread-id 1] - variable storeId was used, but r2 could not find a value for this variable. returning default of null
2022-12-14 12:19:14.279 [DEBUG] [thread-id 1] - conditionally execute a flow. condition: true
2022-12-14 12:19:14.766 [DEBUG] [thread-id 1] - Store in: store the value '32144' in the variable 'storeId'
2022-12-14 12:19:14.780 [WARN] [thread-id 1] - variable itemStatusHeader was used, but r2 could not find a value for this variable. returning default of null
2022-12-14 12:19:14.783 [DEBUG] [thread-id 1] - conditionally execute a flow. condition: true
2022-12-14 12:19:15.267 [DEBUG] [thread-id 1] - Store in: store the value 'SUCCESS' in the variable 'itemStatusHeader'
2022-12-14 12:19:15.289 [DEBUG] [thread-id 1] - conditionally execute a flow. condition: true
2022-12-14 12:19:15.772 [DEBUG] [thread-id 1] - Store in: store the value 'nextgen' in the variable 'version'
2022-12-14 12:19:15.781 [DEBUG] [thread-id 1] - Store in: store the value 'null' in the variable 'itemDetails'
2022-12-14 12:19:16.290 [DEBUG] [thread-id 1] - conditionally execute a flow. condition: true
2022-12-14 12:19:16.780 [DEBUG] [thread-id 1] - NextGen API
2022-12-14 12:19:17.270 [DEBUG] [thread-id 1] - Call API: 'http://astro.walmart.com/api/v3/teflon/internal/getItemHealth/32144/FC_DELIVERY'
2022-12-14 12:19:22.804 [DEBUG] [thread-id 1] - Response code is: '200'. Response body is: '{"astroStatus":"SUCCESS","astroDescription":"Item Health details found in itemHealth Collection","astroDetails":[{"itemId":"1937310256","astroStatus":"SUCCESS","astroDescription":"FC_DELIVERY (1937310256), ORDER CREATED","orderType":"FC_DELIVERY","storeId":"32144","orderNumber":null,"eligiblePaths":[],"inEligiblePaths":[],"_id":"6352f4ae2110d44bb44f332f","__v":0,"createdAt":"2022-10-21T19:36:14.049Z","updatedAt":"2022-12-14T20:16:26.268Z"},{"itemId":"1168705544","astroStatus":"SUCCESS","astroDescription":"FC_DELIVERY (1168705544), ORDER CREATED","orderType":"FC_DELIVERY","storeId":"32144","orderNumber":null,"eligiblePaths":[],"inEligiblePaths":[],"_id":"6352f4ae8d5c5e54d46a5c53","__v":0,"createdAt":"2022-10-21T19:36:14.101Z","updatedAt":"2022-12-14T20:16:27.241Z"},{"itemId":"1463850714","astroStatus":"SUCCESS","astroDescription":"FC_DELIVERY (1463850714), ORDER CREATED","orderType":"FC_DELIVERY","storeId":"32144","orderNumber":null,"eligiblePaths":[],"inEligiblePaths":[],"_id":"6352f4aed30e002434082bd0","__v":0,"createdAt":"2022-10-21T19:36:14.741Z","updatedAt":"2022-12-14T20:16:27.276Z"}]}'
2022-12-14 12:19:23.314 [DEBUG] [thread-id 1] - conditionally execute a flow. condition: false
2022-12-14 12:19:23.793 [DEBUG] [thread-id 1] - SUCCESSFUL item fetched from astro API.
2022-12-14 12:19:24.286 [DEBUG] [thread-id 1] - loop: over '[{"itemId":"1937310256","astroStatus":"SUCCESS","astroDescription":"FC_DELIVERY (1937310256), ORDER CREATED","orderType":"FC_DELIVERY","storeId":"32144","orderNumber":null,"eligiblePaths":[],"inEligiblePaths":[],"_id":"6352f4ae2110d44bb44f332f","__v":0,"createdAt":"2022-10-21T19:36:14.049Z","updatedAt":"2022-12-14T20:16:26.268Z"},{"itemId":"1168705544","astroStatus":"SUCCESS","astroDescription":"FC_DELIVERY (1168705544), ORDER CREATED","orderType":"FC_DELIVERY","storeId":"32144","orderNumber":null,"eligiblePaths":[],"inEligiblePaths":[],"_id":"6352f4ae8d5c5e54d46a5c53","__v":0,"createdAt":"2022-10-21T19:36:14.101Z","updatedAt":"2022-12-14T20:16:27.241Z"},{"itemId":"1463850714","astroStatus":"SUCCESS","astroDescription":"FC_DELIVERY (1463850714), ORDER CREATED","orderType":"FC_DELIVERY","storeId":"32144","orderNumber":null,"eligiblePaths":[],"inEligiblePaths":[],"_id":"6352f4aed30e002434082bd0","__v":0,"createdAt":"2022-10-21T19:36:14.741Z","updatedAt":"2022-12-14T20:16:27.276Z"}]'
2022-12-14 12:19:24.772 [DEBUG] [thread-id 1] - Store in: store the value 'null' in the variable 'itemDetails'
2022-12-14 12:19:25.263 [DEBUG] [thread-id 1] - {"itemId":"1937310256","astroStatus":"SUCCESS","astroDescription":"FC_DELIVERY (1937310256), ORDER CREATED","orderType":"FC_DELIVERY","storeId":"32144","orderNumber":null,"eligiblePaths":[],"inEligiblePaths":[],"_id":"6352f4ae2110d44bb44f332f","__v":0,"createdAt":"2022-10-21T19:36:14.049Z","updatedAt":"2022-12-14T20:16:26.268Z"}
2022-12-14 12:19:25.778 [DEBUG] [thread-id 1] - Store in: store the value '1937310256' in the variable 'itemFetched'
2022-12-14 12:19:26.290 [DEBUG] [thread-id 1] - Store in: store the value 'SUCCESS' in the variable 'itemStatus'
2022-12-14 12:19:26.775 [WARN] [thread-id 1] - variable healthCheck was used, but r2 could not find a value for this variable. returning default of null
2022-12-14 12:19:27.260 [DEBUG] [thread-id 1] - conditionally execute a flow. condition: true
2022-12-14 12:19:27.738 [WARN] [thread-id 1] - variable skipForNext was used, but r2 could not find a value for this variable. returning default of null
2022-12-14 12:19:28.228 [WARN] [thread-id 1] - variable excludeFetchedItem was used, but r2 could not find a value for this variable. returning default of null
2022-12-14 12:19:28.229 [DEBUG] [thread-id 1] - conditionally execute a flow. condition: false
2022-12-14 12:19:28.701 [DEBUG] [thread-id 1] - Executing function: 'us.functions.utils.itemHealthCheck'
2022-12-14 12:19:28.702 [DEBUG] [thread-id 1] - Checking item eligibility before proceeding
2022-12-14 12:19:28.702 [DEBUG] [thread-id 1] - Store in: store the value 'false' in the variable 'itemEligiblity'
2022-12-14 12:19:28.702 [DEBUG] [thread-id 1] - Store in: store the value 'false' in the variable 'ignoreItem'
2022-12-14 12:19:28.703 [DEBUG] [thread-id 1] - loop: over '["158353031","669597065","446886409", "803629599", "888307914"]'
2022-12-14 12:19:31.109 [DEBUG] [thread-id 1] - conditionally execute a flow. condition: false
2022-12-14 12:19:31.578 [DEBUG] [thread-id 1] - conditionally execute a flow. condition: true
2022-12-14 12:19:32.540 [DEBUG] [thread-id 1] - Call API: 'http://astro.walmart.com/api/v2/teflon/itemHealthCheck?shippingNode=32144&orderType=FC_DELIVERY&itemId=1937310256'
2022-12-14 12:19:40.708 [DEBUG] [thread-id 1] - Response code is: '200'. Response body is: '{"status":"OK","offerId":"BE9D54DF5E4D4E1C8C9B864C4D69EFE4","eligibility":{"orderType":"FC_DELIVERY","shipNode":"32144","preferredDeliveryRoute":{"nodeType":"STORE","shipNode":"999932145","carrierType":"LMD"},"errors":{"MCSE":["NO_FULFILLMENT_DETAILS_FOUND"]},"isEligible":false}}'
2022-12-14 12:19:41.789 [DEBUG] [thread-id 1] - Store in: store the value 'null' in the variable 'itemDetails'
2022-12-14 12:19:42.272 [DEBUG] [thread-id 1] - {"itemId":"1168705544","astroStatus":"SUCCESS","astroDescription":"FC_DELIVERY (1168705544), ORDER CREATED","orderType":"FC_DELIVERY","storeId":"32144","orderNumber":null,"eligiblePaths":[],"inEligiblePaths":[],"_id":"6352f4ae8d5c5e54d46a5c53","__v":0,"createdAt":"2022-10-21T19:36:14.101Z","updatedAt":"2022-12-14T20:16:27.241Z"}
2022-12-14 12:19:42.751 [DEBUG] [thread-id 1] - Store in: store the value '1168705544' in the variable 'itemFetched'
2022-12-14 12:19:43.231 [DEBUG] [thread-id 1] - Store in: store the value 'SUCCESS' in the variable 'itemStatus'
2022-12-14 12:19:43.709 [WARN] [thread-id 1] - variable healthCheck was used, but r2 could not find a value for this variable. returning default of null
2022-12-14 12:19:44.192 [DEBUG] [thread-id 1] - conditionally execute a flow. condition: true
2022-12-14 12:19:44.665 [WARN] [thread-id 1] - variable skipForNext was used, but r2 could not find a value for this variable. returning default of null
2022-12-14 12:19:45.160 [WARN] [thread-id 1] - variable excludeFetchedItem was used, but r2 could not find a value for this variable. returning default of null
2022-12-14 12:19:45.161 [DEBUG] [thread-id 1] - conditionally execute a flow. condition: false
2022-12-14 12:19:45.631 [DEBUG] [thread-id 1] - Checking item eligibility before proceeding
2022-12-14 12:19:45.631 [DEBUG] [thread-id 1] - Store in: store the value 'false' in the variable 'itemEligiblity'
2022-12-14 12:19:45.631 [DEBUG] [thread-id 1] - Store in: store the value 'false' in the variable 'ignoreItem'
2022-12-14 12:19:45.633 [DEBUG] [thread-id 1] - loop: over '["158353031","669597065","446886409", "803629599", "888307914"]'
2022-12-14 12:19:48.038 [DEBUG] [thread-id 1] - conditionally execute a flow. condition: false
2022-12-14 12:19:48.510 [DEBUG] [thread-id 1] - conditionally execute a flow. condition: true
2022-12-14 12:19:49.441 [DEBUG] [thread-id 1] - Call API: 'http://astro.walmart.com/api/v2/teflon/itemHealthCheck?shippingNode=32144&orderType=FC_DELIVERY&itemId=1168705544'
2022-12-14 12:19:58.467 [DEBUG] [thread-id 1] - Response code is: '200'. Response body is: '{"status":"OK","offerId":"BD41035073924A80A186E58C75AFCED7","eligibility":{"orderType":"FC_DELIVERY","shipNode":"32144","preferredDeliveryRoute":{"nodeType":"FC","shipNode":"618501","carrierType":"GROUND"},"errors":{"MCSE":["NO_FULFILLMENT_DETAILS_FOUND"]},"isEligible":false}}'
2022-12-14 12:19:59.513 [DEBUG] [thread-id 1] - Store in: store the value 'null' in the variable 'itemDetails'
2022-12-14 12:19:59.997 [DEBUG] [thread-id 1] - {"itemId":"1463850714","astroStatus":"SUCCESS","astroDescription":"FC_DELIVERY (1463850714), ORDER CREATED","orderType":"FC_DELIVERY","storeId":"32144","orderNumber":null,"eligiblePaths":[],"inEligiblePaths":[],"_id":"6352f4aed30e002434082bd0","__v":0,"createdAt":"2022-10-21T19:36:14.741Z","updatedAt":"2022-12-14T20:16:27.276Z"}
2022-12-14 12:20:00.479 [DEBUG] [thread-id 1] - Store in: store the value '1463850714' in the variable 'itemFetched'
2022-12-14 12:20:00.967 [DEBUG] [thread-id 1] - Store in: store the value 'SUCCESS' in the variable 'itemStatus'
2022-12-14 12:20:01.450 [WARN] [thread-id 1] - variable healthCheck was used, but r2 could not find a value for this variable. returning default of null
2022-12-14 12:20:01.924 [DEBUG] [thread-id 1] - conditionally execute a flow. condition: true
2022-12-14 12:20:02.390 [WARN] [thread-id 1] - variable skipForNext was used, but r2 could not find a value for this variable. returning default of null
2022-12-14 12:20:02.865 [WARN] [thread-id 1] - variable excludeFetchedItem was used, but r2 could not find a value for this variable. returning default of null
2022-12-14 12:20:02.865 [DEBUG] [thread-id 1] - conditionally execute a flow. condition: false
2022-12-14 12:20:03.333 [DEBUG] [thread-id 1] - Checking item eligibility before proceeding
2022-12-14 12:20:03.334 [DEBUG] [thread-id 1] - Store in: store the value 'false' in the variable 'itemEligiblity'
2022-12-14 12:20:03.334 [DEBUG] [thread-id 1] - Store in: store the value 'false' in the variable 'ignoreItem'
2022-12-14 12:20:03.335 [DEBUG] [thread-id 1] - loop: over '["158353031","669597065","446886409", "803629599", "888307914"]'
2022-12-14 12:20:05.719 [DEBUG] [thread-id 1] - conditionally execute a flow. condition: false
2022-12-14 12:20:06.192 [DEBUG] [thread-id 1] - conditionally execute a flow. condition: true
2022-12-14 12:20:07.135 [DEBUG] [thread-id 1] - Call API: 'http://astro.walmart.com/api/v2/teflon/itemHealthCheck?shippingNode=32144&orderType=FC_DELIVERY&itemId=1463850714'
2022-12-14 12:20:15.705 [DEBUG] [thread-id 1] - Response code is: '200'. Response body is: '{"status":"OK","offerId":"47CC6DD268CC42FFB5134A9587AEC091","eligibility":{"orderType":"FC_DELIVERY","shipNode":"32144","preferredDeliveryRoute":{"nodeType":"FC","shipNode":"2624","carrierType":"GROUND"},"errors":{"MCSE":["NO_FULFILLMENT_DETAILS_FOUND"]},"isEligible":false}}'
2022-12-14 12:20:16.746 [DEBUG] [thread-id 1] - Stock available Item Id 1463850714 for type FC_DELIVERY
2022-12-14 12:20:17.224 [DEBUG] [thread-id 1] - Store in: store the value 'false' in the variable 'skipForNext'
2022-12-14 12:20:17.715 [DEBUG] [thread-id 1] - Store in: store the value 'false' in the variable 'excludeFetchedItem'
2022-12-14 12:20:17.737 [DEBUG] [thread-id 1] - Store in: store the value 'null' in the variable 'storeId'
2022-12-14 12:20:17.738 [DEBUG] [thread-id 1] - Store in: store the value 'null' in the variable 'itemStatusHeader'
2022-12-14 12:20:17.741 [DEBUG] [thread-id 1] - Store in: store the value 'false' in the variable 'healthCheck'
2022-12-14 12:20:17.742 [DEBUG] [thread-id 1] - Store in: store the value 'null' in the variable 'version'
2022-12-14 12:20:17.776 [DEBUG] [thread-id 1] - Store in: store the value 'null' in the variable 'backupItem'
2022-12-14 12:20:17.779 [DEBUG] [thread-id 1] - Store in: store the value 'null' in the variable 'source'
2022-12-14 12:20:17.782 [DEBUG] [thread-id 1] - Store in: store the value 'walmart://item/1463850714' in the variable 'deeplinkURl'
2022-12-14 12:20:17.784 [DEBUG] [thread-id 1] - Item:1463850714
2022-12-14 12:20:17.785 [DEBUG] [thread-id 1] - deeplinkURL:walmart://item/1463850714
2022-12-14 12:20:17.786 [DEBUG] [thread-id 1] - Executing function: 'us.functions.global.navigation.goToDeepLink'
2022-12-14 12:20:17.787 [DEBUG] [thread-id 1] - Verify value of: '$deepLinkUrl'
2022-12-14 12:20:17.789 [DEBUG] [thread-id 1] - Open link: 'walmart://item/1463850714'
2022-12-14 12:20:18.260 [DEBUG] [thread-id 1] - Executing function: 'us.functions.global.navigation.openDeepLink'
2022-12-14 12:20:28.931 [DEBUG] [thread-id 1] - Executing function: 'us.functions.utils.handleTechnicalErrorPopup'
2022-12-14 12:20:28.934 [DEBUG] [thread-id 1] - Store in: store the value 'false' in the variable 'errorRemoved'
2022-12-14 12:20:28.934 [DEBUG] [thread-id 1] - sleep:  10000 milliseconds
2022-12-14 12:20:38.938 [DEBUG] [thread-id 1] - loop: from 0 to 3
2022-12-14 12:20:40.003 [DEBUG] [thread-id 1] - 0
2022-12-14 12:20:52.865 [DEBUG] [thread-id 1] - conditionally execute a flow. condition: false
2022-12-14 12:20:53.972 [DEBUG] [thread-id 1] - Store in: store the value 'true' in the variable 'errorRemoved'
2022-12-14 12:20:55.084 [DEBUG] [thread-id 1] - No Technical Error Pop up observed
2022-12-14 12:20:56.145 [DEBUG] [thread-id 1] - Executing function: 'us.functions.item.addItemToCart'
2022-12-14 12:20:57.207 [DEBUG] [thread-id 1] - sleep:  2000 milliseconds
2022-12-14 12:21:04.388 [DEBUG] [thread-id 1] - Item wasn't Added initially, continuing with scenario
2022-12-14 12:21:05.294 [DEBUG] [thread-id 1] - conditionally execute a flow. condition: true
2022-12-14 12:21:06.406 [DEBUG] [thread-id 1] - ATC button present
2022-12-14 12:21:07.423 [DEBUG] [thread-id 1] - Click element: '(//XCUIElementTypeButton[@name="stepper.mainButton"])[1] | //XCUIElementTypeOther[@name="stepper.addToCartButton"] | (//XCUIElementTypeOther[contains(@name,"GlassStepperView.inner")]) | //XCUIElementTypeButton[@name="stepper.mainButton"]'
2022-12-14 12:21:08.056 [DEBUG] [thread-id 1] - sleep:  3000 milliseconds
2022-12-14 12:21:21.261 [WARN] [thread-id 1] - variable closeButtonNotDisplayed was used, but r2 could not find a value for this variable. returning default of null
2022-12-14 12:21:21.262 [DEBUG] [thread-id 1] - conditionally execute a flow. condition: false
2022-12-14 12:21:22.369 [DEBUG] [thread-id 1] - Executing function: 'us.functions.item.handlePAC'
2022-12-14 12:21:22.369 [DEBUG] [thread-id 1] - sleep:  5000 milliseconds
2022-12-14 12:21:38.756 [DEBUG] [thread-id 1] - sleep:  1000 milliseconds
2022-12-14 12:21:40.886 [WARN] [thread-id 1] - variable qty was used, but r2 could not find a value for this variable. returning default of null
2022-12-14 12:21:40.888 [WARN] [thread-id 1] - variable qty was used, but r2 could not find a value for this variable. returning default of null
2022-12-14 12:21:41.791 [DEBUG] [thread-id 1] - Verify identifier: {//XCUIElementTypeStaticText[@name="1 added"]| //XCUIElementTypeOther[@name="add-to-cart-button"] | //XCUIElementTypeStaticText[@label="null"] | Max 1=[true]}
2022-12-14 12:21:57.367 [DEBUG] [thread-id 1] - Click element: 'ItemDetailsViewController_itemDetailCloseButton'
2022-12-14 12:21:57.950 [DEBUG] [thread-id 1] - Verify identifier: {TitleView_productTitle=[true]}
2022-12-14 12:21:57.951 [DEBUG] [thread-id 1] - sleep:  3000 milliseconds
2022-12-14 12:22:01.455 [DEBUG] [thread-id 1] - Verify identifier: {Your cart is empty=[true]}
2022-12-14 12:22:01.456 [DEBUG] [thread-id 1] - Store in: store the value 'false' in the variable 'closeButtonNotDisplayed'
2022-12-14 12:22:01.456 [DEBUG] [thread-id 1] - Executing function: 'us.functions.utils.getSearchableItem'
2022-12-14 12:22:01.456 [DEBUG] [thread-id 1] - Store in: store the value 'null' in the variable 'itemFetched'
2022-12-14 12:22:01.456 [DEBUG] [thread-id 1] - Store in: store the value 'null' in the variable 'deeplinkURL'
2022-12-14 12:22:01.458 [DEBUG] [thread-id 1] - conditionally execute a flow. condition: false
2022-12-14 12:22:01.937 [DEBUG] [thread-id 1] - Item fetched by Astro API
2022-12-14 12:22:02.413 [DEBUG] [thread-id 1] - Fetching Item available in stock using Astro API for Item type MP_WFS_DELIVERY
2022-12-14 12:22:02.419 [DEBUG] [thread-id 1] - conditionally execute a flow. condition: true
2022-12-14 12:22:02.889 [DEBUG] [thread-id 1] - Store in: store the value '32144' in the variable 'storeId'
2022-12-14 12:22:02.898 [DEBUG] [thread-id 1] - conditionally execute a flow. condition: true
2022-12-14 12:22:03.360 [DEBUG] [thread-id 1] - Store in: store the value 'SUCCESS' in the variable 'itemStatusHeader'
2022-12-14 12:22:03.372 [DEBUG] [thread-id 1] - Store in: store the value 'null' in the variable 'itemDetails'
2022-12-14 12:22:03.840 [DEBUG] [thread-id 1] - conditionally execute a flow. condition: false
2022-12-14 12:22:04.313 [DEBUG] [thread-id 1] - Old API
2022-12-14 12:22:04.785 [DEBUG] [thread-id 1] - Call API: 'http://astro.walmart.com/api/v3/teflon/internal/getItemHealth/32144/MP_WFS_DELIVERY'
2022-12-14 12:22:10.246 [DEBUG] [thread-id 1] - Response code is: '200'. Response body is: '{"astroStatus":"SUCCESS","astroDescription":"Item Health details found in itemHealth Collection","astroDetails":[{"itemId":"749435147","astroStatus":"SUCCESS","astroDescription":"MP_DELIVERY ORDER CREATED","orderType":"MP_WFS_DELIVERY","storeId":"32144","orderNumber":100000085887862,"_id":"61e8a66db08f4954590c93b6","createdAt":"2022-01-20T00:01:49.009Z","updatedAt":"2022-12-14T18:02:44.554Z","__v":0},{"itemId":"113749870","astroStatus":"SUCCESS","astroDescription":"MP_DELIVERY ORDER CREATED","orderType":"MP_WFS_DELIVERY","storeId":"32144","orderNumber":100000085887879,"_id":"61e8a686b08f4954590c93b7","createdAt":"2022-01-20T00:02:14.242Z","updatedAt":"2022-12-14T18:03:06.537Z","__v":0},{"itemId":"199364656","astroStatus":"SUCCESS","astroDescription":"MP_DELIVERY ORDER CREATED","orderType":"MP_WFS_DELIVERY","storeId":"32144","orderNumber":100000085887893,"_id":"61e8a6c4b08f4954590c93b8","createdAt":"2022-01-20T00:03:16.984Z","updatedAt":"2022-12-14T18:03:29.903Z","__v":0}]}'
2022-12-14 12:22:10.740 [DEBUG] [thread-id 1] - conditionally execute a flow. condition: false
2022-12-14 12:22:11.200 [DEBUG] [thread-id 1] - SUCCESSFUL item fetched from astro API.
2022-12-14 12:22:11.693 [DEBUG] [thread-id 1] - loop: over '[{"itemId":"749435147","astroStatus":"SUCCESS","astroDescription":"MP_DELIVERY ORDER CREATED","orderType":"MP_WFS_DELIVERY","storeId":"32144","orderNumber":100000085887862,"_id":"61e8a66db08f4954590c93b6","createdAt":"2022-01-20T00:01:49.009Z","updatedAt":"2022-12-14T18:02:44.554Z","__v":0},{"itemId":"113749870","astroStatus":"SUCCESS","astroDescription":"MP_DELIVERY ORDER CREATED","orderType":"MP_WFS_DELIVERY","storeId":"32144","orderNumber":100000085887879,"_id":"61e8a686b08f4954590c93b7","createdAt":"2022-01-20T00:02:14.242Z","updatedAt":"2022-12-14T18:03:06.537Z","__v":0},{"itemId":"199364656","astroStatus":"SUCCESS","astroDescription":"MP_DELIVERY ORDER CREATED","orderType":"MP_WFS_DELIVERY","storeId":"32144","orderNumber":100000085887893,"_id":"61e8a6c4b08f4954590c93b8","createdAt":"2022-01-20T00:03:16.984Z","updatedAt":"2022-12-14T18:03:29.903Z","__v":0}]'
2022-12-14 12:22:12.156 [DEBUG] [thread-id 1] - Store in: store the value 'null' in the variable 'itemDetails'
2022-12-14 12:22:12.626 [DEBUG] [thread-id 1] - {"itemId":"749435147","astroStatus":"SUCCESS","astroDescription":"MP_DELIVERY ORDER CREATED","orderType":"MP_WFS_DELIVERY","storeId":"32144","orderNumber":100000085887862,"_id":"61e8a66db08f4954590c93b6","createdAt":"2022-01-20T00:01:49.009Z","updatedAt":"2022-12-14T18:02:44.554Z","__v":0}
2022-12-14 12:22:13.101 [DEBUG] [thread-id 1] - Store in: store the value '749435147' in the variable 'itemFetched'
2022-12-14 12:22:13.568 [DEBUG] [thread-id 1] - Store in: store the value 'SUCCESS' in the variable 'itemStatus'
2022-12-14 12:22:14.528 [DEBUG] [thread-id 1] - conditionally execute a flow. condition: true
2022-12-14 12:22:15.473 [DEBUG] [thread-id 1] - conditionally execute a flow. condition: false
2022-12-14 12:22:15.941 [DEBUG] [thread-id 1] - Checking item eligibility before proceeding
2022-12-14 12:22:15.942 [DEBUG] [thread-id 1] - Store in: store the value 'false' in the variable 'itemEligiblity'
2022-12-14 12:22:15.942 [DEBUG] [thread-id 1] - Store in: store the value 'false' in the variable 'ignoreItem'
2022-12-14 12:22:15.943 [DEBUG] [thread-id 1] - loop: over '["158353031","669597065","446886409", "803629599", "888307914"]'
2022-12-14 12:22:18.314 [DEBUG] [thread-id 1] - conditionally execute a flow. condition: false
2022-12-14 12:22:18.790 [DEBUG] [thread-id 1] - conditionally execute a flow. condition: false
2022-12-14 12:22:19.259 [DEBUG] [thread-id 1] - Skipping item eligibility check
2022-12-14 12:22:19.743 [DEBUG] [thread-id 1] - Store in: store the value 'true' in the variable 'itemEligiblity'
2022-12-14 12:22:20.235 [DEBUG] [thread-id 1] - conditionally execute a flow. condition: true
2022-12-14 12:22:21.192 [DEBUG] [thread-id 1] - Stock available Item Id 749435147 for type MP_WFS_DELIVERY
2022-12-14 12:22:21.672 [DEBUG] [thread-id 1] - Store in: store the value 'false' in the variable 'skipForNext'
2022-12-14 12:22:22.159 [DEBUG] [thread-id 1] - Store in: store the value 'false' in the variable 'excludeFetchedItem'
2022-12-14 12:22:22.169 [DEBUG] [thread-id 1] - Store in: store the value 'null' in the variable 'storeId'
2022-12-14 12:22:22.174 [DEBUG] [thread-id 1] - Store in: store the value 'null' in the variable 'itemStatusHeader'
2022-12-14 12:22:22.175 [DEBUG] [thread-id 1] - Store in: store the value 'false' in the variable 'healthCheck'
2022-12-14 12:22:22.175 [DEBUG] [thread-id 1] - Store in: store the value 'null' in the variable 'version'
2022-12-14 12:22:22.180 [DEBUG] [thread-id 1] - Store in: store the value 'null' in the variable 'backupItem'
2022-12-14 12:22:22.180 [DEBUG] [thread-id 1] - Store in: store the value 'null' in the variable 'source'
2022-12-14 12:22:22.180 [DEBUG] [thread-id 1] - Store in: store the value 'walmart://item/749435147' in the variable 'deeplinkURl'
2022-12-14 12:22:22.180 [DEBUG] [thread-id 1] - Item:749435147
2022-12-14 12:22:22.181 [DEBUG] [thread-id 1] - deeplinkURL:walmart://item/749435147
2022-12-14 12:22:22.181 [DEBUG] [thread-id 1] - Executing function: 'us.functions.global.navigation.goToDeepLink'
2022-12-14 12:22:22.183 [DEBUG] [thread-id 1] - Verify value of: '$deepLinkUrl'
2022-12-14 12:22:22.184 [DEBUG] [thread-id 1] - Open link: 'walmart://item/749435147'
2022-12-14 12:22:33.979 [DEBUG] [thread-id 1] - Store in: store the value 'false' in the variable 'errorRemoved'
2022-12-14 12:22:33.979 [DEBUG] [thread-id 1] - sleep:  10000 milliseconds
2022-12-14 12:22:43.990 [DEBUG] [thread-id 1] - loop: from 0 to 3
2022-12-14 12:22:45.481 [DEBUG] [thread-id 1] - 0
2022-12-14 12:22:57.949 [DEBUG] [thread-id 1] - conditionally execute a flow. condition: false
2022-12-14 12:22:59.484 [DEBUG] [thread-id 1] - Store in: store the value 'true' in the variable 'errorRemoved'
2022-12-14 12:23:00.989 [DEBUG] [thread-id 1] - No Technical Error Pop up observed
2022-12-14 12:23:02.448 [DEBUG] [thread-id 1] - Executing function: 'us.functions.item.addItemToCart'
2022-12-14 12:23:03.901 [DEBUG] [thread-id 1] - sleep:  2000 milliseconds
2022-12-14 12:23:12.885 [DEBUG] [thread-id 1] - Item wasn't Added initially, continuing with scenario
2022-12-14 12:23:13.967 [DEBUG] [thread-id 1] - conditionally execute a flow. condition: true
2022-12-14 12:23:15.410 [DEBUG] [thread-id 1] - ATC button present
2022-12-14 12:23:16.761 [DEBUG] [thread-id 1] - Click element: '(//XCUIElementTypeButton[@name="stepper.mainButton"])[1] | //XCUIElementTypeOther[@name="stepper.addToCartButton"] | (//XCUIElementTypeOther[contains(@name,"GlassStepperView.inner")]) | //XCUIElementTypeButton[@name="stepper.mainButton"]'
2022-12-14 12:23:17.387 [DEBUG] [thread-id 1] - sleep:  3000 milliseconds
2022-12-14 12:23:31.059 [DEBUG] [thread-id 1] - conditionally execute a flow. condition: false
2022-12-14 12:23:32.551 [DEBUG] [thread-id 1] - sleep:  5000 milliseconds
2022-12-14 12:23:50.234 [DEBUG] [thread-id 1] - sleep:  1000 milliseconds
2022-12-14 12:23:52.754 [WARN] [thread-id 1] - variable qty was used, but r2 could not find a value for this variable. returning default of null
2022-12-14 12:23:52.754 [WARN] [thread-id 1] - variable qty was used, but r2 could not find a value for this variable. returning default of null
2022-12-14 12:23:53.972 [DEBUG] [thread-id 1] - Verify identifier: {//XCUIElementTypeStaticText[@name="1 added"]| //XCUIElementTypeOther[@name="add-to-cart-button"] | //XCUIElementTypeStaticText[@label="null"] | Max 1=[true]}
2022-12-14 12:24:11.469 [DEBUG] [thread-id 1] - Click element: 'ItemDetailsViewController_itemDetailCloseButton'
2022-12-14 12:24:12.256 [DEBUG] [thread-id 1] - Verify identifier: {TitleView_productTitle=[true]}
2022-12-14 12:24:12.257 [DEBUG] [thread-id 1] - sleep:  3000 milliseconds
2022-12-14 12:24:15.263 [DEBUG] [thread-id 1] - Verify identifier: {Your cart is empty=[true]}
2022-12-14 12:24:15.263 [DEBUG] [thread-id 1] - Store in: store the value 'false' in the variable 'closeButtonNotDisplayed'
2022-12-14 12:24:15.265 [DEBUG] [thread-id 1] - Executing function: 'us.functions.global.navigation.goToDeepLink'
2022-12-14 12:24:15.269 [DEBUG] [thread-id 1] - Verify value of: '$deepLinkUrl'
2022-12-14 12:24:15.270 [DEBUG] [thread-id 1] - Open link: 'walmart://ip/894010516'
2022-12-14 12:24:26.834 [DEBUG] [thread-id 1] - Store in: store the value 'false' in the variable 'errorRemoved'
2022-12-14 12:24:26.835 [DEBUG] [thread-id 1] - sleep:  10000 milliseconds
2022-12-14 12:24:36.838 [DEBUG] [thread-id 1] - loop: from 0 to 3
2022-12-14 12:24:37.870 [DEBUG] [thread-id 1] - 0
2022-12-14 12:24:50.223 [DEBUG] [thread-id 1] - conditionally execute a flow. condition: false
2022-12-14 12:24:51.283 [DEBUG] [thread-id 1] - Store in: store the value 'true' in the variable 'errorRemoved'
2022-12-14 12:24:52.303 [DEBUG] [thread-id 1] - No Technical Error Pop up observed
2022-12-14 12:24:53.354 [DEBUG] [thread-id 1] - Executing function: 'us.functions.item.petrxItem.verifyPresent'
2022-12-14 12:24:56.039 [DEBUG] [thread-id 1] - Verify identifier: {TitleView_productTitle=[true], //XCUIElementTypeStaticText[@name="PriceView_primaryProductPrice"]=[true], Prescription required=[true]}
2022-12-14 12:24:56.039 [DEBUG] [thread-id 1] - Scroll: down
2022-12-14 12:25:03.322 [DEBUG] [thread-id 1] - Verify identifier: {Pickup not available at Carrollton Pharmacy Check availability nearby=[true]}
2022-12-14 12:25:03.324 [DEBUG] [thread-id 1] - Executing function: 'us.functions.item.addItemToCart'
2022-12-14 12:25:04.338 [DEBUG] [thread-id 1] - sleep:  2000 milliseconds
2022-12-14 12:25:10.915 [DEBUG] [thread-id 1] - Item wasn't Added initially, continuing with scenario
2022-12-14 12:25:11.695 [DEBUG] [thread-id 1] - conditionally execute a flow. condition: true
2022-12-14 12:25:12.677 [DEBUG] [thread-id 1] - ATC button present
2022-12-14 12:25:13.585 [DEBUG] [thread-id 1] - Click element: '(//XCUIElementTypeButton[@name="stepper.mainButton"])[1] | //XCUIElementTypeOther[@name="stepper.addToCartButton"] | (//XCUIElementTypeOther[contains(@name,"GlassStepperView.inner")]) | //XCUIElementTypeButton[@name="stepper.mainButton"]'
2022-12-14 12:25:14.075 [DEBUG] [thread-id 1] - sleep:  3000 milliseconds
2022-12-14 12:25:28.271 [DEBUG] [thread-id 1] - conditionally execute a flow. condition: false
2022-12-14 12:25:29.305 [DEBUG] [thread-id 1] - sleep:  5000 milliseconds
2022-12-14 12:25:46.606 [DEBUG] [thread-id 1] - sleep:  1000 milliseconds
2022-12-14 12:25:48.606 [WARN] [thread-id 1] - variable qty was used, but r2 could not find a value for this variable. returning default of null
2022-12-14 12:25:48.607 [WARN] [thread-id 1] - variable qty was used, but r2 could not find a value for this variable. returning default of null
2022-12-14 12:25:49.422 [DEBUG] [thread-id 1] - Verify identifier: {//XCUIElementTypeStaticText[@name="1 added"]| //XCUIElementTypeOther[@name="add-to-cart-button"] | //XCUIElementTypeStaticText[@label="null"] | Max 1=[true]}
2022-12-14 12:26:05.903 [DEBUG] [thread-id 1] - Click element: 'ItemDetailsViewController_itemDetailCloseButton'
2022-12-14 12:26:07.607 [DEBUG] [thread-id 1] - Verify identifier: {TitleView_productTitle=[true]}
2022-12-14 12:26:07.607 [DEBUG] [thread-id 1] - sleep:  3000 milliseconds
2022-12-14 12:26:10.614 [DEBUG] [thread-id 1] - Verify identifier: {Your cart is empty=[true]}
2022-12-14 12:26:10.615 [DEBUG] [thread-id 1] - Store in: store the value 'false' in the variable 'closeButtonNotDisplayed'
2022-12-14 12:26:10.615 [DEBUG] [thread-id 1] - R2_SUBFLOW_TRANSACTION
2022-12-14 12:26:10.641 [DEBUG] [thread-id 1] - Executing function: 'us.functions.global.navigation.toCartFromNavBar'
2022-12-14 12:26:11.060 [DEBUG] [thread-id 1] - Verify identifier: {//XCUIElementTypeNavigationBar[@name="Shop"]/XCUIElementTypeButton | //XCUIElementTypeButton[contains(@label, "Your cart")] | //XCUIElementTypeButton[(@name="SearchResultsViewController.cartButton") or (contains(@label,"Your cart contains") and contains(@label,"The estimated total is")) or (@label="Your cart is empty")]=[true]}
2022-12-14 12:26:11.545 [DEBUG] [thread-id 1] - Click element: '//XCUIElementTypeNavigationBar[@name="Shop"]/XCUIElementTypeButton | //XCUIElementTypeButton[contains(@label, "Your cart")] | //XCUIElementTypeButton[(@name="SearchResultsViewController.cartButton") or (contains(@label,"Your cart contains") and contains(@label,"The estimated total is")) or (@label="Your cart is empty")]'
2022-12-14 12:26:13.556 [DEBUG] [thread-id 1] - Verify identifier: {Cart=[true]}
2022-12-14 12:26:13.558 [DEBUG] [thread-id 1] - Executing function: 'us.functions.utils.handleTechnicalErrorPageInCart'
2022-12-14 12:26:13.559 [DEBUG] [thread-id 1] - sleep:  15000 milliseconds
2022-12-14 12:26:28.567 [DEBUG] [thread-id 1] - Store in: store the value 'false' in the variable 'cartPageLoaded'
2022-12-14 12:26:28.569 [DEBUG] [thread-id 1] - loop: from 0 to 7
2022-12-14 12:26:29.832 [DEBUG] [thread-id 1] - 0
2022-12-14 12:26:30.922 [DEBUG] [thread-id 1] - conditionally execute a flow. condition: true
2022-12-14 12:26:32.824 [DEBUG] [thread-id 1] - conditionally execute a flow. condition: true
2022-12-14 12:26:33.969 [DEBUG] [thread-id 1] - Store in: store the value 'true' in the variable 'cartPageLoaded'
2022-12-14 12:26:45.942 [DEBUG] [thread-id 1] - conditionally execute a flow. condition: false
2022-12-14 12:26:48.279 [DEBUG] [thread-id 1] - conditionally execute a flow. condition: true
2022-12-14 12:26:49.404 [DEBUG] [thread-id 1] - Store in: store the value 'true' in the variable 'cartPageLoaded'
2022-12-14 12:26:50.553 [DEBUG] [thread-id 1] - conditionally execute a flow. condition: false
2022-12-14 12:26:51.655 [DEBUG] [thread-id 1] - conditionally execute a flow. condition: true
2022-12-14 12:26:52.725 [DEBUG] [thread-id 1] - Cart page loaded successfully
2022-12-14 12:26:52.733 [DEBUG] [thread-id 1] - Executing function: 'us.functions.cart.verifyCardDetails'
2022-12-14 12:26:52.734 [DEBUG] [thread-id 1] - Executing function: 'us.functions.utils.getFulfillmentTextsToCompare'
2022-12-14 12:26:52.737 [DEBUG] [thread-id 1] - conditionally execute a flow. condition: true
2022-12-14 12:26:53.818 [DEBUG] [thread-id 1] - Store in: store the value 'shipping' in the variable 'altFulfillmentText'
2022-12-14 12:26:53.827 [DEBUG] [thread-id 1] - -------Validate Shipping cart details function start-------
2022-12-14 12:26:53.829 [WARN] [thread-id 1] - variable initialCartDataSetup was used, but r2 could not find a value for this variable. returning default of null
2022-12-14 12:26:53.831 [DEBUG] [thread-id 1] - conditionally execute a flow. condition: true
2022-12-14 12:26:54.905 [DEBUG] [thread-id 1] - sleep:  5000 milliseconds
2022-12-14 12:27:01.015 [DEBUG] [thread-id 1] - conditionally execute a flow. condition: true
2022-12-14 12:27:02.093 [DEBUG] [thread-id 1] - Cart page displayed
2022-12-14 12:27:03.177 [WARN] [thread-id 1] - variable validationScope was used, but r2 could not find a value for this variable. returning default of null
2022-12-14 12:27:04.251 [DEBUG] [thread-id 1] - Store in: store the value 'complete' in the variable 'initialCartDataSetup'
2022-12-14 12:27:06.272 [DEBUG] [thread-id 1] - Verify identifier: {//XCUIElementTypeStaticText[@name="FulfillmentSummaryView.titlePrefixLabel" and (contains(@label,"Shipping") or contains(@label,"shipping"))]=[true]}
2022-12-14 12:27:06.285 [WARN] [thread-id 1] - variable validationScope was used, but r2 could not find a value for this variable. returning default of null
2022-12-14 12:27:06.285 [DEBUG] [thread-id 1] - conditionally execute a flow. condition: false
2022-12-14 12:27:07.413 [DEBUG] [thread-id 1] - Basic Shipping fulfillment section validation done
2022-12-14 12:27:07.425 [WARN] [thread-id 1] - variable unscheduled was used, but r2 could not find a value for this variable. returning default of null
2022-12-14 12:27:07.426 [WARN] [thread-id 1] - variable partialCheckout was used, but r2 could not find a value for this variable. returning default of null
2022-12-14 12:27:07.430 [DEBUG] [thread-id 1] - Store in: store the value 'null' in the variable 'altFulfillmentText'
2022-12-14 12:27:07.432 [DEBUG] [thread-id 1] - Store in: store the value 'null' in the variable 'validationScope'
2022-12-14 12:27:07.433 [DEBUG] [thread-id 1] - Store in: store the value 'false' in the variable 'unscheduled'
2022-12-14 12:27:07.434 [DEBUG] [thread-id 1] - Store in: store the value 'false' in the variable 'partialCheckout'
2022-12-14 12:27:07.435 [DEBUG] [thread-id 1] - -------Validate Shipping cart details function end-------
2022-12-14 12:27:07.437 [DEBUG] [thread-id 1] - Executing function: 'us.functions.cart.continueToCheckout'
2022-12-14 12:27:08.260 [DEBUG] [thread-id 1] - Verify identifier: {//XCUIElementTypeStaticText[@name="Continue to checkout"] | //XCUIElementTypeStaticText[@name="Checkout all items"]=[true]}
2022-12-14 12:27:16.064 [DEBUG] [thread-id 1] - Click element: '//XCUIElementTypeStaticText[@name="Continue to checkout"] | //XCUIElementTypeStaticText[@name="Checkout all items"]'
2022-12-14 12:27:16.584 [DEBUG] [thread-id 1] - sleep:  3000 milliseconds
2022-12-14 12:27:19.613 [DEBUG] [thread-id 1] - Executing function: 'us.functions.home.closeWPlusPromotionPopUpIfDisplayed'
2022-12-14 12:27:19.613 [DEBUG] [thread-id 1] - sleep:  5000 milliseconds
2022-12-14 12:27:57.520 [DEBUG] [thread-id 1] - Executing function: 'us.functions.utils.handleTechnicalErrorPopup'
2022-12-14 12:27:57.521 [DEBUG] [thread-id 1] - Store in: store the value 'false' in the variable 'errorRemoved'
2022-12-14 12:27:57.521 [DEBUG] [thread-id 1] - sleep:  10000 milliseconds
2022-12-14 12:28:07.527 [DEBUG] [thread-id 1] - loop: from 0 to 3
2022-12-14 12:28:08.321 [DEBUG] [thread-id 1] - 0
2022-12-14 12:28:20.471 [DEBUG] [thread-id 1] - conditionally execute a flow. condition: false
2022-12-14 12:28:21.313 [DEBUG] [thread-id 1] - Store in: store the value 'true' in the variable 'errorRemoved'
2022-12-14 12:28:22.144 [DEBUG] [thread-id 1] - No Technical Error Pop up observed
2022-12-14 12:28:23.426 [DEBUG] [thread-id 1] - conditionally execute a flow. condition: true
2022-12-14 12:28:24.247 [DEBUG] [thread-id 1] - Clicked on Checkout button successfully
2022-12-14 12:28:24.263 [DEBUG] [thread-id 1] - Executing function: 'us.functions.checkout.AddPetVet'
2022-12-14 12:28:24.270 [DEBUG] [thread-id 1] - Scroll: down
2022-12-14 12:28:31.518 [DEBUG] [thread-id 1] - conditionally execute a flow. condition: true
2022-12-14 12:28:32.454 [DEBUG] [thread-id 1] - Click element: 'PetRxFulfillmentView.addPetVetButton'
2022-12-14 12:28:32.957 [DEBUG] [thread-id 1] - Executing function: 'us.functions.checkout.SelectPetVet'
2022-12-14 12:28:54.379 [DEBUG] [thread-id 1] - Main failed: Is not present: 'Pet * Select a pet'
2022-12-14 12:28:54.676 [DEBUG] [thread-id 1] - Executing scenario: 'After'
2022-12-14 12:28:54.687 [DEBUG] [thread-id 1] - Executing function: 'us.functions.utils.afterSteps'
2022-12-14 12:28:54.694 [WARN] [thread-id 1] - variable testStatus was used, but r2 could not find a value for this variable. returning default of null
2022-12-14 12:28:54.696 [DEBUG] [thread-id 1] - conditionally execute a flow. condition: false
2022-12-14 12:28:54.973 [DEBUG] [thread-id 1] - Test failed
2022-12-14 12:28:55.249 [DEBUG] [thread-id 1] - Executing function: 'us.functions.utils.closeErrorAlertIfExists'
2022-12-14 12:29:10.642 [DEBUG] [thread-id 1] - Created report: /Users/m0k0a2f/glass-automation/report/index.html
