2023-05-02 13:11:24.612 [DEBUG] [thread-id 1] - Executing R2 3.35.1: '/Users/m0k0a2f/glass-automation/us/test/test-scripts/android/golden-flows/vision-flows/C2685071-vision-search-item-and-open-item-detail.yaml' on device: 'Pixel_5_API_31'
2023-05-02 13:11:44.545 [DEBUG] [thread-id 1] - Executing scenario: 'Before'
2023-05-02 13:11:44.549 [DEBUG] [thread-id 1] - Execute before steps
2023-05-02 13:11:44.551 [DEBUG] [thread-id 1] - R2_SUBFLOW_PRE_TRANSACTION
2023-05-02 13:11:44.725 [DEBUG] [thread-id 1] - Using us-errors-helpers.yaml
2023-05-02 13:11:44.847 [DEBUG] [thread-id 1] - Start main
2023-05-02 13:11:44.858 [DEBUG] [thread-id 1] - Executing function: 'us.functions.global.onboarding.navigateOnboardingToHome'
2023-05-02 13:11:44.862 [DEBUG] [thread-id 1] - Executing function: 'us.function.utils.getEnvironmentValue'
2023-05-02 13:11:44.864 [DEBUG] [thread-id 1] - Store in: store the value 'teflon' in the variable 'env'
2023-05-02 13:11:54.878 [DEBUG] [thread-id 1] - conditionally execute a flow. condition: false
2023-05-02 13:11:55.036 [DEBUG] [thread-id 1] - Verify identifier: {//android.widget.TextView[contains(@text,"Welcome to Walmart")]=[true]}
2023-05-02 13:11:55.050 [DEBUG] [thread-id 1] - Start Activity: 'com.walmart.android.debug.com.walmart.glass.integration.splash.SplashActivity'
2023-05-02 13:12:08.129 [DEBUG] [thread-id 1] - conditionally execute a flow. condition: false
2023-05-02 13:12:08.296 [DEBUG] [thread-id 1] - Verify identifier: {//android.widget.TextView[contains(@text,"Welcome to Walmart")]=[true]}
2023-05-02 13:12:08.447 [DEBUG] [thread-id 1] - Click element: '//android.widget.Button[contains(@text, "Next")] | //android.widget.Button[contains(@text, "Continue")]'
2023-05-02 13:12:11.076 [DEBUG] [thread-id 1] - Verify identifier: {//android.widget.TextView[contains(@text,"Share your location")] | //android.widget.TextView[contains(@text,"Share your precise location")]=[true]}
2023-05-02 13:12:11.223 [DEBUG] [thread-id 1] - Click element: '//android.widget.Button[@text="Enter zip code"] | //android.widget.Button[@text="Enter postal code"]'
2023-05-02 13:12:12.467 [DEBUG] [thread-id 1] - Verify identifier: {//android.widget.TextView[@text ="Share your zip code"] | //android.widget.TextView[@text ="Share your postal code"]=[true]}
2023-05-02 13:12:13.066 [DEBUG] [thread-id 1] - Click element: '//android.widget.EditText[@text ="Enter zip code"] | //android.widget.EditText[@text ="Enter postal code"]'
2023-05-02 13:12:14.624 [DEBUG] [thread-id 1] - Enter text: '95122'
2023-05-02 13:12:16.525 [DEBUG] [thread-id 1] - Hide keyboard: 'true'
2023-05-02 13:12:23.310 [DEBUG] [thread-id 1] - Click element: '//android.widget.Button[@text="Search"]'
2023-05-02 13:12:27.313 [DEBUG] [thread-id 1] - Verify identifier: {//android.widget.TextView[@text ="Share your zip code"] | //android.widget.TextView[@text ="Share your postal code"]=[true]}
2023-05-02 13:12:27.315 [DEBUG] [thread-id 1] - Executing function: 'us.functions.global.onboarding.popUpScreen'
2023-05-02 13:12:27.316 [DEBUG] [thread-id 1] - sleep:  3000 milliseconds
2023-05-02 13:12:40.340 [DEBUG] [thread-id 1] - sleep:  3000 milliseconds
2023-05-02 13:12:43.358 [DEBUG] [thread-id 1] - Executing function: 'us.functions.home.personalizedPopUpScreenClose'
2023-05-02 13:12:43.358 [DEBUG] [thread-id 1] - sleep:  3000 milliseconds
2023-05-02 13:12:46.477 [DEBUG] [thread-id 1] - conditionally execute a flow. condition: true
2023-05-02 13:12:46.528 [DEBUG] [thread-id 1] - Click element: '//android.widget.Button[contains(@text, "Don’t allow")]'
2023-05-02 13:12:47.197 [DEBUG] [thread-id 1] - sleep:  3000 milliseconds
2023-05-02 13:12:50.216 [DEBUG] [thread-id 1] - Executing function: 'us.functions.utils.tryAgainWhenThereIsError'
2023-05-02 13:12:50.240 [DEBUG] [thread-id 1] - loop: from 0 to 3
2023-05-02 13:12:50.400 [DEBUG] [thread-id 1] - 0
2023-05-02 13:13:00.468 [DEBUG] [thread-id 1] - conditionally execute a flow. condition: false
2023-05-02 13:13:10.603 [DEBUG] [thread-id 1] - Executing function: 'us.functions.global.onboarding.smartLock.DismissNoneOfTheAbove'
2023-05-02 13:13:20.623 [DEBUG] [thread-id 1] - Executing function: 'us.functions.gic.collapseIfExpanded'
2023-05-02 13:13:20.697 [DEBUG] [thread-id 1] - conditionally execute a flow. condition: true
2023-05-02 13:13:20.814 [DEBUG] [thread-id 1] - Click element: '//android.widget.ImageView[contains(@content-desc,"expanded")]'
2023-05-02 13:13:22.492 [DEBUG] [thread-id 1] - Verify identifier: {com.walmart.android.debug:id/search_view=[true]}
2023-05-02 13:13:22.495 [DEBUG] [thread-id 1] - Executing function: 'us.functions.home.handleReorderToolTip'
2023-05-02 13:13:32.597 [DEBUG] [thread-id 1] - conditionally execute a flow. condition: false
2023-05-02 13:13:32.655 [DEBUG] [thread-id 1] - no tooltip displayed
2023-05-02 13:13:32.661 [DEBUG] [thread-id 1] - Timestamp: 1683058412660
2023-05-02 13:13:32.666 [DEBUG] [thread-id 1] - Store in: store the value 'wplususer1683058412660@walmarttest.com' in the variable 'email'
2023-05-02 13:13:32.668 [DEBUG] [thread-id 1] - Store in: store the value 'E2epassword$' in the variable 'password'
2023-05-02 13:13:32.669 [DEBUG] [thread-id 1] - Executing function: 'us.functions.utils.astro.createAccount'
2023-05-02 13:13:32.670 [DEBUG] [thread-id 1] - Create Account
2023-05-02 13:13:32.673 [DEBUG] [thread-id 1] - {"firstName": "Native","lastName": "Test","emailAddress": "wplususer1683058412660@walmarttest.com","phoneNumber": "4088968104","paymentMethods": ["VISA"],"postalAddress": {"address": "1350 Bacchus Dr","city": "San Jose","country": "USA","postalCode": "95122","state": "CA"},"password": "E2epassword$"}
2023-05-02 13:13:32.677 [DEBUG] [thread-id 1] - Call API: 'http://astro.walmart.com/api/v2/teflon/customer'
2023-05-02 13:13:42.838 [DEBUG] [thread-id 1] - Response code is: '200'. Response body is: '{"astroStatus":"SUCCESS","astroDescription":"SIGNUP_SUCCESS","astroDetails":{"status":"OK","statusCode":200,"customerAccountId":"5ec008ca-8c3f-4ecc-b617-9fde0ebe9bf5","customerDetails":{"firstName":"Native","lastName":"Test","emailAddress":"wplususer1683058412660@walmarttest.com","phoneNumber":"4088968104","paymentMethods":["VISA"],"postalAddress":{"address":"1350 Bacchus Dr","city":"San Jose","country":"USA","postalCode":"95122","state":"CA"},"password":"E2epassword$"},"addDeliveryPreference":"OK","addPaymentPreference":"OK","addPaymentPreferenceId":"5af1400b-4791-4b44-8215-ac40eef6160c","customerPatch":"OK"}}'
2023-05-02 13:13:42.864 [DEBUG] [thread-id 1] - 5af1400b-4791-4b44-8215-ac40eef6160c
2023-05-02 13:13:42.867 [WARN] [thread-id 1] - variable withoutPayment was used, but r2 could not find a value for this variable. returning default of null
2023-05-02 13:13:42.891 [DEBUG] [thread-id 1] - conditionally execute a flow. condition: false
2023-05-02 13:13:43.039 [DEBUG] [thread-id 1] - Account created successfully
2023-05-02 13:13:43.055 [DEBUG] [thread-id 1] - Executing function: 'us.functions.home.navigateHomeToSignIn'
2023-05-02 13:13:43.123 [DEBUG] [thread-id 1] - Click element: '//android.widget.FrameLayout[@content-desc="Account"]/android.widget.ImageView | //android.widget.FrameLayout[@content-desc="Account"]'
2023-05-02 13:13:43.811 [DEBUG] [thread-id 1] - sleep:  5000 milliseconds
2023-05-02 13:13:48.903 [DEBUG] [thread-id 1] - Verify identifier: {//*[@resource-id="com.walmart.android.debug:id/sign_in_button"]|//*[@resource-id="com.walmart.android.debug:id/account_sign_in_button"]=[true]}
2023-05-02 13:13:48.905 [DEBUG] [thread-id 1] - loop: from 1 to 3
2023-05-02 13:13:48.965 [DEBUG] [thread-id 1] - Executing function: 'us.functions.global.onboarding.smartLock.DismissNoneOfTheAbove'
2023-05-02 13:13:59.094 [DEBUG] [thread-id 1] - conditionally execute a flow. condition: true
2023-05-02 13:13:59.171 [DEBUG] [thread-id 1] - Click element: '//*[@resource-id="com.walmart.android.debug:id/sign_in_button"]|//*[@resource-id="com.walmart.android.debug:id/account_sign_in_button"]'
2023-05-02 13:14:00.020 [DEBUG] [thread-id 1] - sleep:  3000 milliseconds
2023-05-02 13:14:03.556 [DEBUG] [thread-id 1] - conditionally execute a flow. condition: true
2023-05-02 13:14:03.578 [DEBUG] [thread-id 1] - Store in: store the value 'true' in the variable 'signInValidated'
2023-05-02 13:14:03.609 [DEBUG] [thread-id 1] - conditionally execute a flow. condition: true
2023-05-02 13:14:03.627 [DEBUG] [thread-id 1] - SignIn page loaded
2023-05-02 13:14:03.654 [DEBUG] [thread-id 1] - Store in: store the value 'false' in the variable 'signInValidated'
2023-05-02 13:14:03.657 [DEBUG] [thread-id 1] - Executing function: 'us.functions.global.authentication.signInAccount'
2023-05-02 13:14:03.662 [DEBUG] [thread-id 1] - Executing function: 'us.functions.global.onboarding.smartLock.DismissNoneOfTheAbove'
2023-05-02 13:14:13.698 [WARN] [thread-id 1] - variable validateSignInPage was used, but r2 could not find a value for this variable. returning default of null
2023-05-02 13:14:13.741 [DEBUG] [thread-id 1] - Verify identifier: {//android.widget.EditText[@text="Email"]=[true]}
2023-05-02 13:14:13.766 [DEBUG] [thread-id 1] - Enter text: 'wplususer1683058412660@walmarttest.com'
2023-05-02 13:14:15.686 [DEBUG] [thread-id 1] - loop: from 1 to 3
2023-05-02 13:14:16.231 [DEBUG] [thread-id 1] - sleep:  3000 milliseconds
2023-05-02 13:14:19.315 [DEBUG] [thread-id 1] - conditionally execute a flow. condition: true
2023-05-02 13:14:19.356 [DEBUG] [thread-id 1] - Click element: '//android.widget.Button[@text="Continue"]'
2023-05-02 13:14:20.653 [DEBUG] [thread-id 1] - sleep:  5000 milliseconds
2023-05-02 13:14:26.234 [DEBUG] [thread-id 1] - conditionally execute a flow. condition: true
2023-05-02 13:14:26.265 [DEBUG] [thread-id 1] - Store in: store the value 'true' in the variable 'signInValidated'
2023-05-02 13:14:26.320 [DEBUG] [thread-id 1] - conditionally execute a flow. condition: true
2023-05-02 13:14:26.355 [DEBUG] [thread-id 1] - Store in: store the value 'false' in the variable 'signInValidated'
2023-05-02 13:14:26.383 [DEBUG] [thread-id 1] - Email entered
2023-05-02 13:14:36.414 [WARN] [thread-id 1] - variable validateSignInPage was used, but r2 could not find a value for this variable. returning default of null
2023-05-02 13:14:36.418 [DEBUG] [thread-id 1] - loop: from 1 to 3
2023-05-02 13:14:36.440 [DEBUG] [thread-id 1] - sleep:  2000 milliseconds
2023-05-02 13:14:38.551 [DEBUG] [thread-id 1] - conditionally execute a flow. condition: true
2023-05-02 13:14:38.611 [DEBUG] [thread-id 1] - Enter text: 'E2epassword$'
2023-05-02 13:14:40.965 [DEBUG] [thread-id 1] - Press go back key: 'true'
2023-05-02 13:14:41.757 [DEBUG] [thread-id 1] - sleep:  1000 milliseconds
2023-05-02 13:14:42.824 [DEBUG] [thread-id 1] - Click element: '//android.widget.Button[@text="Sign in"] | //android.widget.Button[contains(@text,"Sign in")]'
2023-05-02 13:14:43.504 [DEBUG] [thread-id 1] - sleep:  5000 milliseconds
2023-05-02 13:14:49.263 [DEBUG] [thread-id 1] - conditionally execute a flow. condition: true
2023-05-02 13:14:49.344 [DEBUG] [thread-id 1] - Store in: store the value 'true' in the variable 'signInValidated'
2023-05-02 13:14:49.430 [DEBUG] [thread-id 1] - conditionally execute a flow. condition: true
2023-05-02 13:14:49.509 [DEBUG] [thread-id 1] - Account signed in
2023-05-02 13:14:49.516 [DEBUG] [thread-id 1] - Executing function: 'us.functions.utils.handleCartMergePopup'
2023-05-02 13:14:49.517 [DEBUG] [thread-id 1] - sleep:  7000 milliseconds
2023-05-02 13:14:56.530 [DEBUG] [thread-id 1] - loop: from 0 to 4
2023-05-02 13:14:56.651 [DEBUG] [thread-id 1] - 0
2023-05-02 13:15:06.717 [DEBUG] [thread-id 1] - conditionally execute a flow. condition: false
2023-05-02 13:15:06.779 [DEBUG] [thread-id 1] - No cart merge popup observed
2023-05-02 13:15:16.951 [DEBUG] [thread-id 1] - Executing function: 'us.functions.global.navigation.accountToHome'
2023-05-02 13:15:16.975 [DEBUG] [thread-id 1] - conditionally execute a flow. condition: true
2023-05-02 13:15:17.048 [DEBUG] [thread-id 1] - Scroll: up
2023-05-02 13:15:17.763 [DEBUG] [thread-id 1] - Verify identifier: {com.walmart.android.debug:id/purchase_history_header=[true]}
2023-05-02 13:15:17.813 [DEBUG] [thread-id 1] - Click element: 'com.walmart.android.debug:id/navigation_shop'
2023-05-02 13:15:18.459 [DEBUG] [thread-id 1] - Executing function: 'us.functions.home.closeWPlusPromotionPopUpIfDisplayed'
2023-05-02 13:15:18.462 [DEBUG] [thread-id 1] - sleep:  5000 milliseconds
2023-05-02 13:15:33.494 [DEBUG] [thread-id 1] - Executing function: 'us.functions.home.location.updateStore'
2023-05-02 13:15:33.507 [DEBUG] [thread-id 1] - Executing function: 'us.functions.gic.expandIfCollapsed'
2023-05-02 13:15:33.616 [DEBUG] [thread-id 1] - conditionally execute a flow. condition: true
2023-05-02 13:15:33.762 [DEBUG] [thread-id 1] - Click element: '//android.widget.ImageView[contains(@resource-id, "com.walmart.android.debug:id/global_intent_center_collapsed_chevron") and (contains(@content-desc,"collapsed") or contains(@content-desc,"collapse"))]'
2023-05-02 13:15:35.394 [DEBUG] [thread-id 1] - Verify identifier: {//*[contains(@resource-id, "global_intent_center_expanded_view")]//androidx.cardview.widget.CardView[contains(@resource-id, "global_intent_center_expanded_large_card")][position()=last()]//*[contains(@resource-id, "global_intent_center_large_card_chevron")]=[true]}
2023-05-02 13:15:35.491 [DEBUG] [thread-id 1] - Click element: '//*[contains(@resource-id, "global_intent_center_expanded_view")]//androidx.cardview.widget.CardView[contains(@resource-id, "global_intent_center_expanded_large_card")][position()=last()]//*[contains(@resource-id, "global_intent_center_large_card_chevron")]'
2023-05-02 13:15:57.402 [DEBUG] [thread-id 1] - Enter text: '95122'
2023-05-02 13:17:30.709 [WARN] [thread-id 1] - variable secondStore was used, but r2 could not find a value for this variable. returning default of null
2023-05-02 13:17:30.720 [DEBUG] [thread-id 1] - conditionally execute a flow. condition: false
2023-05-02 13:17:51.854 [DEBUG] [thread-id 1] - conditionally execute a flow. condition: true
2023-05-02 13:18:13.269 [DEBUG] [thread-id 1] - Click element: '//android.widget.TextView[contains(@text, "777 Story Rd, San Jose")]/following-sibling::android.widget.TextView[contains(@text, "95122")]|//android.widget.TextView[contains(@text, "777 Story Rd, San Jose")]'
2023-05-02 13:20:35.670 [DEBUG] [thread-id 1] - Click element: '//android.widget.Button[(@resource-id="com.walmart.android.debug:id/bookslot_store_save_button") or (@resource-id="com.walmart.android.debug:id/store_selector_store_save_button")] | //android.widget.Button[@content-desc="Reserve"] | //android.widget.Button[@resource-id="com.walmart.android.debug:id/bookslot_store_save_button"] | //android.widget.Button[@text="Save"]'
2023-05-02 13:22:40.566 [DEBUG] [thread-id 1] - Executing function: 'us.functions.gic.collapseIfExpanded'
2023-05-02 13:22:40.696 [DEBUG] [thread-id 1] - conditionally execute a flow. condition: true
2023-05-02 13:22:40.835 [DEBUG] [thread-id 1] - Click element: '//android.widget.ImageView[contains(@content-desc,"expanded")]'
2023-05-02 13:22:41.832 [DEBUG] [thread-id 1] - Executing function: 'us.functions.search.searchItem'
2023-05-02 13:22:41.840 [DEBUG] [thread-id 1] - loop: from 1 to 3
2023-05-02 13:22:52.877 [DEBUG] [thread-id 1] - conditionally execute a flow. condition: false
2023-05-02 13:22:52.972 [DEBUG] [thread-id 1] - Verify identifier: {com.walmart.android.debug:id/navigation_search=[true]}
2023-05-02 13:22:56.174 [DEBUG] [thread-id 1] - Click element: 'com.walmart.android.debug:id/navigation_search'
2023-05-02 13:22:58.221 [DEBUG] [thread-id 1] - Verify identifier: {com.walmart.android.debug:id/search_view=[true]}
2023-05-02 13:23:02.361 [DEBUG] [thread-id 1] - Click element: 'com.walmart.android.debug:id/search_view'
2023-05-02 13:23:03.082 [DEBUG] [thread-id 1] - Verify identifier: {com.walmart.android.debug:id/search_view=[true]}
2023-05-02 13:23:03.924 [DEBUG] [thread-id 1] - Enter text: '3961759827'
2023-05-02 13:23:06.654 [DEBUG] [thread-id 1] - sleep:  10000 milliseconds
2023-05-02 13:23:16.693 [DEBUG] [thread-id 1] - Hide keyboard: 'true'
2023-05-02 13:23:17.062 [DEBUG] [thread-id 1] - Executing function: 'us.functions.search.closeHowDoYouWantYourOrderBottomTray'
2023-05-02 13:23:17.105 [DEBUG] [thread-id 1] - Verify identifier: {//android.widget.TextView[@text = "Three easy ways to get your order"]=[true]}
2023-05-02 13:23:17.126 [DEBUG] [thread-id 1] - Click element: 'com.walmart.android.debug:id/search_close_button'
2023-05-02 13:23:29.715 [DEBUG] [thread-id 1] - conditionally execute a flow. condition: true
2023-05-02 13:23:29.822 [DEBUG] [thread-id 1] - Verify identifier: {//android.widget.ImageView[(@resource-id="com.walmart.android.debug:id/product_tile_list_view") or (@resource-id="com.walmart.android.debug:id/product_tile_image")]=[true]}
2023-05-02 13:23:39.905 [DEBUG] [thread-id 1] - conditionally execute a flow. condition: false
2023-05-02 13:23:39.959 [DEBUG] [thread-id 1] - Scroll: down
2023-05-02 13:23:43.686 [DEBUG] [thread-id 1] - Verify identifier: {//android.widget.LinearLayout[@content-desc="Prescription available"]=[true]}
2023-05-02 13:23:43.688 [DEBUG] [thread-id 1] - Executing function: 'us.functions.global.navigation.goToDeepLink'
2023-05-02 13:23:43.711 [DEBUG] [thread-id 1] - Verify value of: '$deepLinkUrl'
2023-05-02 13:23:43.712 [DEBUG] [thread-id 1] - Open link: 'walmart://ip/3961759827'
2023-05-02 13:23:43.940 [DEBUG] [thread-id 1] - Executing function: 'us.functions.item.visionItem.verifyPresent'
2023-05-02 13:23:49.387 [DEBUG] [thread-id 1] - Verify identifier: {//android.widget.Button[(@text="Add to cart")] | //android.widget.Button[(@resource-id="com.walmart.android.debug:id/textview_add_cart_cta")]=[true], com.walmart.android.debug:id/item_name=[true], com.walmart.android.debug:id/item_product_check_availability_nearby=[true], Prescription available=[true], com.walmart.android.debug:id/item_product_buy_now=[true]}
2023-05-02 13:23:49.388 [DEBUG] [thread-id 1] - Scroll: down
2023-05-02 13:23:53.081 [DEBUG] [thread-id 1] - Verify identifier: {//*[contains(@content-desc,"Product details")]=[true]}
2023-05-02 13:23:53.081 [DEBUG] [thread-id 1] - Scroll: up
2023-05-02 13:23:56.611 [DEBUG] [thread-id 1] - Executing function: 'us.functions.item.visionItem.verifySizeChart'
2023-05-02 13:23:56.617 [DEBUG] [thread-id 1] - Scroll: down
2023-05-02 13:23:57.261 [DEBUG] [thread-id 1] - Click element: 'com.walmart.android.debug:id/variant_size_guide_label'
2023-05-02 13:23:59.192 [DEBUG] [thread-id 1] - Verify identifier: {//android.widget.EditText[@text="Child"]=[true], com.walmart.android.debug:id/item_size_guide_drop_down=[true]}
2023-05-02 13:23:59.235 [DEBUG] [thread-id 1] - Click element: '//android.widget.ImageView[@content-desc="Go back"]'
2023-05-02 13:24:01.313 [DEBUG] [thread-id 1] - Executing function: 'us.functions.item.selectVariants'
2023-05-02 13:24:01.316 [DEBUG] [thread-id 1] - sleep:  5000 milliseconds
2023-05-02 13:24:06.355 [DEBUG] [thread-id 1] - Executing function: 'us.functions.utils.scrollIfNotVisible'
2023-05-02 13:24:16.398 [DEBUG] [thread-id 1] - conditionally execute a flow. condition: false
2023-05-02 13:24:16.467 [DEBUG] [thread-id 1] - conditionally execute a flow. condition: false
2023-05-02 13:24:16.496 [WARN] [thread-id 1] - variable identifierScope was used, but r2 could not find a value for this variable. returning default of null
2023-05-02 13:24:16.510 [DEBUG] [thread-id 1] - conditionally execute a flow. condition: true
2023-05-02 13:24:16.601 [DEBUG] [thread-id 1] - Scroll: down
2023-05-02 13:24:22.592 [DEBUG] [thread-id 1] - Resetting scrollPosition variable to default
2023-05-02 13:24:22.596 [DEBUG] [thread-id 1] - Store in: store the value 'null' in the variable 'scrollPosition'
2023-05-02 13:24:22.597 [DEBUG] [thread-id 1] - Store in: store the value 'null' in the variable 'identifierScope'
2023-05-02 13:24:22.662 [DEBUG] [thread-id 1] - Verify identifier: {//android.widget.TextView[@text="Black"] | //android.widget.LinearLayout[contains(@content-desc, "Black")]=[true]}
2023-05-02 13:24:22.729 [DEBUG] [thread-id 1] - Click element: '//android.widget.TextView[@text="Black"] | //android.widget.LinearLayout[contains(@content-desc, "Black")]'
2023-05-02 13:24:24.027 [DEBUG] [thread-id 1] - get string: from '//android.widget.TextView[@text="Black"] | //android.widget.LinearLayout[contains(@content-desc, "Black")]' [type='text']
2023-05-02 13:24:24.034 [DEBUG] [thread-id 1] - 
2023-05-02 13:24:24.037 [DEBUG] [thread-id 1] - sleep:  5000 milliseconds
2023-05-02 13:24:29.062 [DEBUG] [thread-id 1] - Executing function: 'us.functions.utils.scrollIfNotVisible'
2023-05-02 13:24:29.139 [DEBUG] [thread-id 1] - conditionally execute a flow. condition: true
2023-05-02 13:24:29.211 [DEBUG] [thread-id 1] - Required identifier already displayed
2023-05-02 13:24:29.216 [DEBUG] [thread-id 1] - Resetting scrollPosition variable to default
2023-05-02 13:24:29.216 [DEBUG] [thread-id 1] - Store in: store the value 'null' in the variable 'scrollPosition'
2023-05-02 13:24:29.216 [DEBUG] [thread-id 1] - Store in: store the value 'null' in the variable 'identifierScope'
2023-05-02 13:24:29.218 [DEBUG] [thread-id 1] - Scroll: right
2023-05-02 13:24:33.543 [DEBUG] [thread-id 1] - Verify identifier: {//android.widget.TextView[contains(@text,"Small")]=[true]}
2023-05-02 13:24:33.719 [DEBUG] [thread-id 1] - Click element: '//android.widget.TextView[contains(@text,"Small")]'
2023-05-02 13:24:34.415 [DEBUG] [thread-id 1] - get string: from '//android.widget.TextView[contains(@text,"Small")]' [type='text']
2023-05-02 13:24:34.418 [DEBUG] [thread-id 1] - Eyewear Frame Size: Kids Small (43-44mm)
2023-05-02 13:24:34.418 [DEBUG] [thread-id 1] - sleep:  5000 milliseconds
2023-05-02 13:24:39.426 [WARN] [thread-id 1] - variable Width was used, but r2 could not find a value for this variable. returning default of null
2023-05-02 13:24:39.541 [WARN] [thread-id 1] - variable Width was used, but r2 could not find a value for this variable. returning default of null
2023-05-02 13:24:39.617 [WARN] [thread-id 1] - variable Width was used, but r2 could not find a value for this variable. returning default of null
2023-05-02 13:24:39.690 [WARN] [thread-id 1] - variable Width was used, but r2 could not find a value for this variable. returning default of null
2023-05-02 13:24:39.764 [WARN] [thread-id 1] - variable Width was used, but r2 could not find a value for this variable. returning default of null
2023-05-02 13:24:39.843 [WARN] [thread-id 1] - variable Width was used, but r2 could not find a value for this variable. returning default of null
2023-05-02 13:24:39.941 [WARN] [thread-id 1] - variable Width was used, but r2 could not find a value for this variable. returning default of null
2023-05-02 13:24:40.025 [WARN] [thread-id 1] - variable Width was used, but r2 could not find a value for this variable. returning default of null
2023-05-02 13:24:40.135 [WARN] [thread-id 1] - variable Width was used, but r2 could not find a value for this variable. returning default of null
2023-05-02 13:24:40.216 [WARN] [thread-id 1] - variable Width was used, but r2 could not find a value for this variable. returning default of null
2023-05-02 13:24:40.286 [WARN] [thread-id 1] - variable Width was used, but r2 could not find a value for this variable. returning default of null
2023-05-02 13:24:40.369 [WARN] [thread-id 1] - variable Width was used, but r2 could not find a value for this variable. returning default of null
2023-05-02 13:24:40.463 [WARN] [thread-id 1] - variable Width was used, but r2 could not find a value for this variable. returning default of null
2023-05-02 13:24:40.537 [WARN] [thread-id 1] - variable Width was used, but r2 could not find a value for this variable. returning default of null
2023-05-02 13:24:40.617 [WARN] [thread-id 1] - variable Width was used, but r2 could not find a value for this variable. returning default of null
2023-05-02 13:24:40.699 [WARN] [thread-id 1] - variable Width was used, but r2 could not find a value for this variable. returning default of null
2023-05-02 13:24:40.773 [WARN] [thread-id 1] - variable Width was used, but r2 could not find a value for this variable. returning default of null
2023-05-02 13:24:40.840 [WARN] [thread-id 1] - variable Width was used, but r2 could not find a value for this variable. returning default of null
2023-05-02 13:24:40.915 [WARN] [thread-id 1] - variable Width was used, but r2 could not find a value for this variable. returning default of null
2023-05-02 13:24:40.994 [WARN] [thread-id 1] - variable Width was used, but r2 could not find a value for this variable. returning default of null
2023-05-02 13:24:41.080 [WARN] [thread-id 1] - variable Width was used, but r2 could not find a value for this variable. returning default of null
2023-05-02 13:24:41.156 [WARN] [thread-id 1] - variable Width was used, but r2 could not find a value for this variable. returning default of null
2023-05-02 13:24:41.233 [WARN] [thread-id 1] - variable Width was used, but r2 could not find a value for this variable. returning default of null
2023-05-02 13:24:41.309 [WARN] [thread-id 1] - variable Width was used, but r2 could not find a value for this variable. returning default of null
2023-05-02 13:24:41.387 [WARN] [thread-id 1] - variable Width was used, but r2 could not find a value for this variable. returning default of null
2023-05-02 13:24:41.466 [WARN] [thread-id 1] - variable Width was used, but r2 could not find a value for this variable. returning default of null
2023-05-02 13:24:41.541 [WARN] [thread-id 1] - variable Width was used, but r2 could not find a value for this variable. returning default of null
2023-05-02 13:24:41.618 [WARN] [thread-id 1] - variable Width was used, but r2 could not find a value for this variable. returning default of null
2023-05-02 13:24:41.696 [WARN] [thread-id 1] - variable Width was used, but r2 could not find a value for this variable. returning default of null
2023-05-02 13:24:41.781 [WARN] [thread-id 1] - variable Width was used, but r2 could not find a value for this variable. returning default of null
2023-05-02 13:24:41.896 [WARN] [thread-id 1] - variable Width was used, but r2 could not find a value for this variable. returning default of null
2023-05-02 13:24:41.981 [WARN] [thread-id 1] - variable Width was used, but r2 could not find a value for this variable. returning default of null
2023-05-02 13:24:42.049 [WARN] [thread-id 1] - variable Width was used, but r2 could not find a value for this variable. returning default of null
2023-05-02 13:24:42.124 [WARN] [thread-id 1] - variable Width was used, but r2 could not find a value for this variable. returning default of null
2023-05-02 13:24:42.202 [WARN] [thread-id 1] - variable Width was used, but r2 could not find a value for this variable. returning default of null
2023-05-02 13:24:42.278 [WARN] [thread-id 1] - variable Width was used, but r2 could not find a value for this variable. returning default of null
2023-05-02 13:24:42.355 [WARN] [thread-id 1] - variable Width was used, but r2 could not find a value for this variable. returning default of null
2023-05-02 13:24:42.450 [WARN] [thread-id 1] - variable Width was used, but r2 could not find a value for this variable. returning default of null
2023-05-02 13:24:42.524 [WARN] [thread-id 1] - variable Width was used, but r2 could not find a value for this variable. returning default of null
2023-05-02 13:24:42.605 [WARN] [thread-id 1] - variable Width was used, but r2 could not find a value for this variable. returning default of null
2023-05-02 13:24:42.685 [WARN] [thread-id 1] - variable Width was used, but r2 could not find a value for this variable. returning default of null
2023-05-02 13:24:42.773 [WARN] [thread-id 1] - variable Width was used, but r2 could not find a value for this variable. returning default of null
2023-05-02 13:24:42.859 [WARN] [thread-id 1] - variable Width was used, but r2 could not find a value for this variable. returning default of null
2023-05-02 13:24:42.940 [WARN] [thread-id 1] - variable Width was used, but r2 could not find a value for this variable. returning default of null
2023-05-02 13:24:43.008 [WARN] [thread-id 1] - variable Width was used, but r2 could not find a value for this variable. returning default of null
2023-05-02 13:24:43.079 [WARN] [thread-id 1] - variable Width was used, but r2 could not find a value for this variable. returning default of null
2023-05-02 13:24:43.168 [WARN] [thread-id 1] - variable Width was used, but r2 could not find a value for this variable. returning default of null
2023-05-02 13:24:43.249 [WARN] [thread-id 1] - variable Width was used, but r2 could not find a value for this variable. returning default of null
2023-05-02 13:24:43.319 [WARN] [thread-id 1] - variable Width was used, but r2 could not find a value for this variable. returning default of null
2023-05-02 13:24:43.390 [WARN] [thread-id 1] - variable Width was used, but r2 could not find a value for this variable. returning default of null
2023-05-02 13:24:43.463 [WARN] [thread-id 1] - variable Width was used, but r2 could not find a value for this variable. returning default of null
2023-05-02 13:24:43.531 [WARN] [thread-id 1] - variable Width was used, but r2 could not find a value for this variable. returning default of null
2023-05-02 13:24:43.611 [WARN] [thread-id 1] - variable Width was used, but r2 could not find a value for this variable. returning default of null
2023-05-02 13:24:43.680 [WARN] [thread-id 1] - variable Width was used, but r2 could not find a value for this variable. returning default of null
2023-05-02 13:24:43.751 [WARN] [thread-id 1] - variable Width was used, but r2 could not find a value for this variable. returning default of null
2023-05-02 13:24:43.822 [WARN] [thread-id 1] - variable Width was used, but r2 could not find a value for this variable. returning default of null
2023-05-02 13:24:43.895 [WARN] [thread-id 1] - variable Width was used, but r2 could not find a value for this variable. returning default of null
2023-05-02 13:24:43.976 [WARN] [thread-id 1] - variable Width was used, but r2 could not find a value for this variable. returning default of null
2023-05-02 13:24:44.054 [WARN] [thread-id 1] - variable Width was used, but r2 could not find a value for this variable. returning default of null
2023-05-02 13:24:44.122 [WARN] [thread-id 1] - variable Width was used, but r2 could not find a value for this variable. returning default of null
2023-05-02 13:24:44.192 [WARN] [thread-id 1] - variable Width was used, but r2 could not find a value for this variable. returning default of null
2023-05-02 13:24:44.267 [WARN] [thread-id 1] - variable Width was used, but r2 could not find a value for this variable. returning default of null
2023-05-02 13:24:44.342 [WARN] [thread-id 1] - variable Width was used, but r2 could not find a value for this variable. returning default of null
2023-05-02 13:24:44.413 [WARN] [thread-id 1] - variable Width was used, but r2 could not find a value for this variable. returning default of null
2023-05-02 13:24:44.487 [WARN] [thread-id 1] - variable Width was used, but r2 could not find a value for this variable. returning default of null
2023-05-02 13:24:44.552 [WARN] [thread-id 1] - variable Width was used, but r2 could not find a value for this variable. returning default of null
2023-05-02 13:24:44.620 [WARN] [thread-id 1] - variable Width was used, but r2 could not find a value for this variable. returning default of null
2023-05-02 13:24:44.694 [WARN] [thread-id 1] - variable Width was used, but r2 could not find a value for this variable. returning default of null
2023-05-02 13:24:44.764 [WARN] [thread-id 1] - variable Width was used, but r2 could not find a value for this variable. returning default of null
2023-05-02 13:24:44.880 [WARN] [thread-id 1] - variable Width was used, but r2 could not find a value for this variable. returning default of null
2023-05-02 13:24:44.976 [WARN] [thread-id 1] - variable Width was used, but r2 could not find a value for this variable. returning default of null
2023-05-02 13:24:45.061 [WARN] [thread-id 1] - variable Width was used, but r2 could not find a value for this variable. returning default of null
2023-05-02 13:24:45.155 [WARN] [thread-id 1] - variable Width was used, but r2 could not find a value for this variable. returning default of null
2023-05-02 13:24:45.234 [WARN] [thread-id 1] - variable Width was used, but r2 could not find a value for this variable. returning default of null
2023-05-02 13:24:45.307 [WARN] [thread-id 1] - variable Width was used, but r2 could not find a value for this variable. returning default of null
2023-05-02 13:24:45.381 [WARN] [thread-id 1] - variable Width was used, but r2 could not find a value for this variable. returning default of null
2023-05-02 13:24:45.457 [WARN] [thread-id 1] - variable Width was used, but r2 could not find a value for this variable. returning default of null
2023-05-02 13:24:45.536 [WARN] [thread-id 1] - variable Width was used, but r2 could not find a value for this variable. returning default of null
2023-05-02 13:24:45.621 [WARN] [thread-id 1] - variable Width was used, but r2 could not find a value for this variable. returning default of null
2023-05-02 13:24:45.703 [WARN] [thread-id 1] - variable Width was used, but r2 could not find a value for this variable. returning default of null
2023-05-02 13:24:45.790 [WARN] [thread-id 1] - variable Width was used, but r2 could not find a value for this variable. returning default of null
2023-05-02 13:24:45.879 [WARN] [thread-id 1] - variable Width was used, but r2 could not find a value for this variable. returning default of null
2023-05-02 13:24:45.963 [WARN] [thread-id 1] - variable Width was used, but r2 could not find a value for this variable. returning default of null
2023-05-02 13:24:46.036 [WARN] [thread-id 1] - variable Width was used, but r2 could not find a value for this variable. returning default of null
2023-05-02 13:24:46.111 [WARN] [thread-id 1] - variable Width was used, but r2 could not find a value for this variable. returning default of null
2023-05-02 13:24:46.186 [WARN] [thread-id 1] - variable Width was used, but r2 could not find a value for this variable. returning default of null
2023-05-02 13:24:46.261 [WARN] [thread-id 1] - variable Width was used, but r2 could not find a value for this variable. returning default of null
2023-05-02 13:24:46.331 [WARN] [thread-id 1] - variable Width was used, but r2 could not find a value for this variable. returning default of null
2023-05-02 13:24:46.409 [WARN] [thread-id 1] - variable Width was used, but r2 could not find a value for this variable. returning default of null
2023-05-02 13:24:46.487 [WARN] [thread-id 1] - variable Width was used, but r2 could not find a value for this variable. returning default of null
2023-05-02 13:24:46.563 [WARN] [thread-id 1] - variable Width was used, but r2 could not find a value for this variable. returning default of null
2023-05-02 13:24:46.632 [WARN] [thread-id 1] - variable Width was used, but r2 could not find a value for this variable. returning default of null
2023-05-02 13:24:46.713 [WARN] [thread-id 1] - variable Width was used, but r2 could not find a value for this variable. returning default of null
2023-05-02 13:24:46.794 [WARN] [thread-id 1] - variable Width was used, but r2 could not find a value for this variable. returning default of null
2023-05-02 13:24:46.865 [WARN] [thread-id 1] - variable Width was used, but r2 could not find a value for this variable. returning default of null
2023-05-02 13:24:46.950 [WARN] [thread-id 1] - variable Width was used, but r2 could not find a value for this variable. returning default of null
2023-05-02 13:24:47.022 [WARN] [thread-id 1] - variable Width was used, but r2 could not find a value for this variable. returning default of null
2023-05-02 13:24:47.097 [WARN] [thread-id 1] - variable Width was used, but r2 could not find a value for this variable. returning default of null
2023-05-02 13:24:47.167 [WARN] [thread-id 1] - variable Width was used, but r2 could not find a value for this variable. returning default of null
2023-05-02 13:24:47.253 [WARN] [thread-id 1] - variable Width was used, but r2 could not find a value for this variable. returning default of null
2023-05-02 13:24:47.328 [WARN] [thread-id 1] - variable Width was used, but r2 could not find a value for this variable. returning default of null
2023-05-02 13:24:47.457 [WARN] [thread-id 1] - variable Width was used, but r2 could not find a value for this variable. returning default of null
2023-05-02 13:24:47.536 [WARN] [thread-id 1] - variable Width was used, but r2 could not find a value for this variable. returning default of null
2023-05-02 13:24:47.621 [WARN] [thread-id 1] - variable Width was used, but r2 could not find a value for this variable. returning default of null
2023-05-02 13:24:47.703 [WARN] [thread-id 1] - variable Width was used, but r2 could not find a value for this variable. returning default of null
2023-05-02 13:24:47.778 [WARN] [thread-id 1] - variable Width was used, but r2 could not find a value for this variable. returning default of null
2023-05-02 13:24:47.850 [WARN] [thread-id 1] - variable Width was used, but r2 could not find a value for this variable. returning default of null
2023-05-02 13:24:47.922 [WARN] [thread-id 1] - variable Width was used, but r2 could not find a value for this variable. returning default of null
2023-05-02 13:24:48.005 [WARN] [thread-id 1] - variable Width was used, but r2 could not find a value for this variable. returning default of null
2023-05-02 13:24:48.076 [WARN] [thread-id 1] - variable Width was used, but r2 could not find a value for this variable. returning default of null
2023-05-02 13:24:48.151 [WARN] [thread-id 1] - variable Width was used, but r2 could not find a value for this variable. returning default of null
2023-05-02 13:24:48.222 [WARN] [thread-id 1] - variable Width was used, but r2 could not find a value for this variable. returning default of null
2023-05-02 13:24:48.291 [WARN] [thread-id 1] - variable Width was used, but r2 could not find a value for this variable. returning default of null
2023-05-02 13:24:48.381 [WARN] [thread-id 1] - variable Width was used, but r2 could not find a value for this variable. returning default of null
2023-05-02 13:24:48.523 [WARN] [thread-id 1] - variable Width was used, but r2 could not find a value for this variable. returning default of null
2023-05-02 13:24:48.642 [WARN] [thread-id 1] - variable Width was used, but r2 could not find a value for this variable. returning default of null
2023-05-02 13:24:48.716 [WARN] [thread-id 1] - variable Width was used, but r2 could not find a value for this variable. returning default of null
2023-05-02 13:24:48.799 [WARN] [thread-id 1] - variable Width was used, but r2 could not find a value for this variable. returning default of null
2023-05-02 13:24:48.874 [WARN] [thread-id 1] - variable Width was used, but r2 could not find a value for this variable. returning default of null
2023-05-02 13:24:48.947 [WARN] [thread-id 1] - variable Width was used, but r2 could not find a value for this variable. returning default of null
2023-05-02 13:24:49.019 [WARN] [thread-id 1] - variable Width was used, but r2 could not find a value for this variable. returning default of null
2023-05-02 13:24:49.096 [WARN] [thread-id 1] - variable Width was used, but r2 could not find a value for this variable. returning default of null
2023-05-02 13:24:49.159 [WARN] [thread-id 1] - variable Width was used, but r2 could not find a value for this variable. returning default of null
2023-05-02 13:24:49.247 [WARN] [thread-id 1] - variable Width was used, but r2 could not find a value for this variable. returning default of null
2023-05-02 13:24:49.324 [WARN] [thread-id 1] - variable Width was used, but r2 could not find a value for this variable. returning default of null
2023-05-02 13:24:49.399 [WARN] [thread-id 1] - variable Width was used, but r2 could not find a value for this variable. returning default of null
2023-05-02 13:24:49.444 [DEBUG] [thread-id 1] - Executing function: 'us.functions.item.visionItem.verifyChangeStoreCTA'
2023-05-02 13:24:49.450 [DEBUG] [thread-id 1] - Scroll: down
2023-05-02 13:24:50.130 [DEBUG] [thread-id 1] - Verify identifier: {com.walmart.android.debug:id/item_soi_title=[true], com.walmart.android.debug:id/change_address=[true]}
2023-05-02 13:24:50.170 [DEBUG] [thread-id 1] - Click element: 'com.walmart.android.debug:id/change_address'
2023-05-02 13:25:01.885 [DEBUG] [thread-id 1] - Verify identifier: {com.walmart.android.debug:id/store_selector_search_text_store=[true]}
2023-05-02 13:25:12.616 [DEBUG] [thread-id 1] - Click element: '//android.widget.Button[(@resource-id="com.walmart.android.debug:id/bookslot_store_save_button") or (@resource-id="com.walmart.android.debug:id/store_selector_store_save_button")] | //android.widget.Button[@content-desc="Reserve"] | //android.widget.Button[@resource-id="com.walmart.android.debug:id/bookslot_store_save_button"] | //android.widget.Button[@text="Save"]'
2023-05-02 13:27:17.264 [DEBUG] [thread-id 1] - sleep:  5000 milliseconds
2023-05-02 13:27:22.393 [DEBUG] [thread-id 1] - Verify identifier: {com.walmart.android.debug:id/item_soi_title=[true]}
2023-05-02 13:27:22.394 [DEBUG] [thread-id 1] - Executing function: 'us.functions.item.visionItem.verifyBuyInStoreCTA'
2023-05-02 13:27:22.402 [DEBUG] [thread-id 1] - Scroll: down
2023-05-02 13:27:23.073 [DEBUG] [thread-id 1] - Verify identifier: {com.walmart.android.debug:id/item_product_check_availability_nearby=[true]}
2023-05-02 13:27:23.111 [DEBUG] [thread-id 1] - Click element: 'com.walmart.android.debug:id/item_product_check_availability_nearby'
2023-05-02 13:27:24.439 [DEBUG] [thread-id 1] - Verify identifier: {com.walmart.android.debug:id/btn_continue_store_details=[true], com.walmart.android.debug:id/design_bottom_sheet=[true]}
2023-05-02 13:27:24.468 [DEBUG] [thread-id 1] - Click element: 'com.walmart.android.debug:id/btn_continue_store_details'
2023-05-02 13:27:27.273 [DEBUG] [thread-id 1] - Verify identifier: {com.android.chrome:id/url_bar=[true]}
2023-05-02 13:27:27.274 [DEBUG] [thread-id 1] - Store in: store the value 'passed' in the variable 'testStatus'
2023-05-02 13:27:27.298 [DEBUG] [thread-id 1] - Executing scenario: 'After'
2023-05-02 13:27:27.307 [DEBUG] [thread-id 1] - Executing function: 'us.functions.utils.afterSteps'
2023-05-02 13:27:27.312 [DEBUG] [thread-id 1] - Executing function: 'us.functions.utils.log.appVersionAndroid'
2023-05-02 13:27:27.316 [WARN] [thread-id 1] - variable R2_PROFILE was used, but r2 could not find a value for this variable. returning default of null
2023-05-02 13:27:27.325 [DEBUG] [thread-id 1] - conditionally execute a flow. condition: false
2023-05-02 13:27:27.359 [DEBUG] [thread-id 1] - Verify file: 'us/app-versions/android.txt'
2023-05-02 13:27:27.366 [DEBUG] [thread-id 1] - Glass Application version: 23.18
2023-05-02 13:27:30.656 [DEBUG] [thread-id 1] - Created report: /Users/m0k0a2f/glass-automation/report/index.html
2023-05-02 13:42:30.334 [DEBUG] [thread-id 1] - Executing R2 3.35.1: '/Users/m0k0a2f/glass-automation/./us/test/test-scripts/ios/golden-flows/vision-flows/C2685071-vision-search-item-and-open-item-detail.yaml' on device: 'iPhone 13'
2023-05-02 13:46:50.722 [DEBUG] [thread-id 1] - Executing R2 3.35.1: '/Users/m0k0a2f/glass-automation/./us/test/test-scripts/ios/golden-flows/vision-flows/C2685071-vision-search-item-and-open-item-detail.yaml' on device: 'iPhone 13'
2023-05-02 13:51:20.998 [DEBUG] [thread-id 1] - Executing scenario: 'Before'
2023-05-02 13:51:21.003 [DEBUG] [thread-id 1] - R2_SUBFLOW_PRE_TRANSACTION
2023-05-02 13:51:21.241 [DEBUG] [thread-id 1] - Using us-errors-helpers.yaml
2023-05-02 13:51:21.417 [DEBUG] [thread-id 1] - Start Main
2023-05-02 13:51:21.437 [DEBUG] [thread-id 1] - Executing function: 'us.functions.global.onboarding.navigateOnboardingToHome'
2023-05-02 13:51:21.440 [DEBUG] [thread-id 1] - Executing function: 'us.function.utils.getEnvironmentValue'
2023-05-02 13:51:21.444 [DEBUG] [thread-id 1] - Store in: store the value 'teflon' in the variable 'env'
2023-05-02 13:51:31.538 [DEBUG] [thread-id 1] - conditionally execute a flow. condition: false
2023-05-02 13:51:31.857 [DEBUG] [thread-id 1] - Click element: '//XCUIElementTypeStaticText[@name="Continue"] | //XCUIElementTypeStaticText[@name="Next"] | //XCUIElementTypeStaticText[@name="Continue as guest"]'
2023-05-02 13:51:32.876 [DEBUG] [thread-id 1] - Verify identifier: {NotificationPermissionViewController.titleLabel=[true]}
2023-05-02 13:51:33.014 [DEBUG] [thread-id 1] - Click element: '//XCUIElementTypeStaticText[@name="Not now"] | //XCUIElementTypeButton[@name="cta.cancel.notifications"]'
2023-05-02 13:51:33.477 [DEBUG] [thread-id 1] - Verify identifier: {Share your location=[true]}
2023-05-02 13:51:33.622 [DEBUG] [thread-id 1] - Click element: '//XCUIElementTypeStaticText[@name="Enter zip code"]'
2023-05-02 13:51:34.223 [DEBUG] [thread-id 1] - conditionally execute a flow. condition: true
2023-05-02 13:51:34.936 [DEBUG] [thread-id 1] - Enter text: '95122'
2023-05-02 13:51:47.781 [DEBUG] [thread-id 1] - Click element: '//XCUIElementTypeStaticText[@name="Search"]'
2023-05-02 13:52:18.794 [DEBUG] [thread-id 1] - Executing function: 'us.functions.utils.tryAgainWhenThereIsError'
2023-05-02 13:52:18.817 [DEBUG] [thread-id 1] - loop: from 0 to 2
2023-05-02 13:52:19.216 [DEBUG] [thread-id 1] - 0
2023-05-02 13:52:29.929 [DEBUG] [thread-id 1] - conditionally execute a flow. condition: false
2023-05-02 13:52:30.417 [DEBUG] [thread-id 1] - Executing function: 'us.functions.onboarding.handleTechnicalErrorPage'
2023-05-02 13:52:30.418 [DEBUG] [thread-id 1] - sleep:  5000 milliseconds
2023-05-02 13:52:35.456 [DEBUG] [thread-id 1] - loop: from 0 to 4
2023-05-02 13:52:35.904 [DEBUG] [thread-id 1] - 0
2023-05-02 13:52:36.513 [DEBUG] [thread-id 1] - conditionally execute a flow. condition: true
2023-05-02 13:52:37.067 [DEBUG] [thread-id 1] - Click element: '//XCUIElementTypeButton[@label="Try again"]'
2023-05-02 13:52:37.924 [DEBUG] [thread-id 1] - conditionally execute a flow. condition: true
2023-05-02 13:52:38.377 [DEBUG] [thread-id 1] - Click element: '//XCUIElementTypeStaticText[@name="Search"]'
2023-05-02 13:53:11.208 [DEBUG] [thread-id 1] - 1
2023-05-02 13:53:11.809 [DEBUG] [thread-id 1] - conditionally execute a flow. condition: true
2023-05-02 13:53:12.351 [DEBUG] [thread-id 1] - Click element: '//XCUIElementTypeButton[@label="Try again"]'
2023-05-02 13:53:13.201 [DEBUG] [thread-id 1] - conditionally execute a flow. condition: true
2023-05-02 13:53:13.652 [DEBUG] [thread-id 1] - Click element: '//XCUIElementTypeStaticText[@name="Search"]'
2023-05-02 13:53:46.171 [DEBUG] [thread-id 1] - 2
2023-05-02 13:53:46.768 [DEBUG] [thread-id 1] - conditionally execute a flow. condition: true
2023-05-02 13:53:47.320 [DEBUG] [thread-id 1] - Click element: '//XCUIElementTypeButton[@label="Try again"]'
2023-05-02 13:53:48.205 [DEBUG] [thread-id 1] - conditionally execute a flow. condition: true
2023-05-02 13:53:48.706 [DEBUG] [thread-id 1] - Click element: '//XCUIElementTypeStaticText[@name="Search"]'
2023-05-02 13:54:21.476 [DEBUG] [thread-id 1] - 3
2023-05-02 13:54:22.068 [DEBUG] [thread-id 1] - conditionally execute a flow. condition: true
2023-05-02 13:54:22.608 [DEBUG] [thread-id 1] - Click element: '//XCUIElementTypeButton[@label="Try again"]'
2023-05-02 13:54:23.481 [DEBUG] [thread-id 1] - conditionally execute a flow. condition: true
2023-05-02 13:54:24.007 [DEBUG] [thread-id 1] - Click element: '//XCUIElementTypeStaticText[@name="Search"]'
2023-05-02 13:54:55.847 [DEBUG] [thread-id 1] - Executing function: 'us.functions.gic.collapseIfExpanded'
2023-05-02 13:55:06.209 [DEBUG] [thread-id 1] - conditionally execute a flow. condition: false
2023-05-02 13:55:06.530 [DEBUG] [thread-id 1] - gic is collapsed
2023-05-02 13:55:06.578 [DEBUG] [thread-id 1] - Timestamp: 1683060906578
2023-05-02 13:55:06.586 [DEBUG] [thread-id 1] - Store in: store the value 'wplususer1683060906578@walmarttest.com' in the variable 'email'
2023-05-02 13:55:06.589 [DEBUG] [thread-id 1] - Store in: store the value 'E2epassword$' in the variable 'password'
2023-05-02 13:55:06.591 [DEBUG] [thread-id 1] - Executing function: 'us.functions.utils.astro.createAccount'
2023-05-02 13:55:06.593 [DEBUG] [thread-id 1] - Create Account
2023-05-02 13:55:06.595 [DEBUG] [thread-id 1] - {"firstName": "Native","lastName": "Test","emailAddress": "wplususer1683060906578@walmarttest.com","phoneNumber": "4088968104","paymentMethods": ["VISA"],"postalAddress": {"address": "1350 Bacchus Dr","city": "San Jose","country": "USA","postalCode": "95122","state": "CA"},"password": "E2epassword$"}
2023-05-02 13:55:06.598 [DEBUG] [thread-id 1] - Call API: 'http://astro.walmart.com/api/v2/teflon/customer'
2023-05-02 13:55:16.992 [DEBUG] [thread-id 1] - Response code is: '200'. Response body is: '{"astroStatus":"SUCCESS","astroDescription":"SIGNUP_SUCCESS","astroDetails":{"status":"OK","statusCode":200,"customerAccountId":"2d72d852-4f32-494b-8176-45254376a4d0","customerDetails":{"firstName":"Native","lastName":"Test","emailAddress":"wplususer1683060906578@walmarttest.com","phoneNumber":"4088968104","paymentMethods":["VISA"],"postalAddress":{"address":"1350 Bacchus Dr","city":"San Jose","country":"USA","postalCode":"95122","state":"CA"},"password":"E2epassword$"},"addDeliveryPreference":"OK","addPaymentPreference":"OK","addPaymentPreferenceId":"ba45f30a-3440-4408-a6b9-051bf3aad8d8","customerPatch":"OK"}}'
2023-05-02 13:55:17.005 [DEBUG] [thread-id 1] - ba45f30a-3440-4408-a6b9-051bf3aad8d8
2023-05-02 13:55:17.010 [WARN] [thread-id 1] - variable withoutPayment was used, but r2 could not find a value for this variable. returning default of null
2023-05-02 13:55:17.038 [DEBUG] [thread-id 1] - conditionally execute a flow. condition: false
2023-05-02 13:55:17.432 [DEBUG] [thread-id 1] - Account created successfully
2023-05-02 13:55:17.486 [DEBUG] [thread-id 1] - Executing function: 'us.functions.home.navigateHomeToSignIn'
2023-05-02 13:55:40.005 [DEBUG] [thread-id 1] - Main failed: Cannot click 'Account'
2023-05-02 13:55:40.356 [DEBUG] [thread-id 1] - Executing scenario: 'After'
2023-05-02 13:55:40.367 [DEBUG] [thread-id 1] - Executing function: 'us.functions.utils.afterSteps'
2023-05-02 13:55:40.375 [WARN] [thread-id 1] - variable testStatus was used, but r2 could not find a value for this variable. returning default of null
2023-05-02 13:55:40.385 [DEBUG] [thread-id 1] - conditionally execute a flow. condition: false
2023-05-02 13:55:40.695 [DEBUG] [thread-id 1] - Test failed
2023-05-02 13:55:41.004 [DEBUG] [thread-id 1] - Executing function: 'us.functions.utils.closeErrorAlertIfExists'
2023-05-02 13:56:09.911 [DEBUG] [thread-id 1] - Created report: /Users/m0k0a2f/glass-automation/report/index.html
2023-05-02 14:04:25.540 [DEBUG] [thread-id 1] - Executing R2 3.35.1: '/Users/m0k0a2f/glass-automation/./us/test/test-scripts/ios/golden-flows/vision-flows/C2685071-vision-search-item-and-open-item-detail.yaml' on device: 'iPhone 13'
2023-05-02 14:07:41.513 [DEBUG] [thread-id 1] - Executing scenario: 'Before'
2023-05-02 14:07:41.517 [DEBUG] [thread-id 1] - R2_SUBFLOW_PRE_TRANSACTION
2023-05-02 14:07:41.727 [DEBUG] [thread-id 1] - Using us-errors-helpers.yaml
2023-05-02 14:07:41.888 [DEBUG] [thread-id 1] - Start Main
2023-05-02 14:07:41.900 [DEBUG] [thread-id 1] - Executing function: 'us.functions.global.onboarding.navigateOnboardingToHome'
2023-05-02 14:07:41.902 [DEBUG] [thread-id 1] - Executing function: 'us.function.utils.getEnvironmentValue'
2023-05-02 14:07:41.906 [DEBUG] [thread-id 1] - Store in: store the value 'teflon' in the variable 'env'
2023-05-02 14:07:51.984 [DEBUG] [thread-id 1] - conditionally execute a flow. condition: false
2023-05-02 14:07:52.289 [DEBUG] [thread-id 1] - Click element: '//XCUIElementTypeStaticText[@name="Continue"] | //XCUIElementTypeStaticText[@name="Next"] | //XCUIElementTypeStaticText[@name="Continue as guest"]'
2023-05-02 14:07:53.395 [DEBUG] [thread-id 1] - Verify identifier: {NotificationPermissionViewController.titleLabel=[true]}
2023-05-02 14:07:53.613 [DEBUG] [thread-id 1] - Click element: '//XCUIElementTypeStaticText[@name="Not now"] | //XCUIElementTypeButton[@name="cta.cancel.notifications"]'
2023-05-02 14:07:54.015 [DEBUG] [thread-id 1] - Verify identifier: {Share your location=[true]}
2023-05-02 14:07:54.168 [DEBUG] [thread-id 1] - Click element: '//XCUIElementTypeStaticText[@name="Enter zip code"]'
2023-05-02 14:07:54.812 [DEBUG] [thread-id 1] - conditionally execute a flow. condition: true
2023-05-02 14:07:55.120 [DEBUG] [thread-id 1] - Enter text: '95122'
2023-05-02 14:08:07.683 [DEBUG] [thread-id 1] - Click element: '//XCUIElementTypeStaticText[@name="Search"]'
2023-05-02 14:08:09.546 [DEBUG] [thread-id 1] - conditionally execute a flow. condition: true
2023-05-02 14:08:20.413 [DEBUG] [thread-id 1] - conditionally execute a flow. condition: true
2023-05-02 14:08:20.753 [DEBUG] [thread-id 1] - Click element: 'Continue'
2023-05-02 14:08:22.800 [DEBUG] [thread-id 1] - conditionally execute a flow. condition: true
2023-05-02 14:08:24.467 [DEBUG] [thread-id 1] - Click element: 'Allow'
2023-05-02 14:08:59.944 [DEBUG] [thread-id 1] - Executing function: 'us.functions.utils.tryAgainWhenThereIsError'
2023-05-02 14:08:59.965 [DEBUG] [thread-id 1] - loop: from 0 to 2
2023-05-02 14:09:00.426 [DEBUG] [thread-id 1] - 0
2023-05-02 14:09:11.349 [DEBUG] [thread-id 1] - conditionally execute a flow. condition: false
2023-05-02 14:09:11.801 [DEBUG] [thread-id 1] - Executing function: 'us.functions.onboarding.handleTechnicalErrorPage'
2023-05-02 14:09:11.801 [DEBUG] [thread-id 1] - sleep:  5000 milliseconds
2023-05-02 14:09:16.827 [DEBUG] [thread-id 1] - loop: from 0 to 4
2023-05-02 14:09:17.285 [DEBUG] [thread-id 1] - 0
2023-05-02 14:09:27.980 [DEBUG] [thread-id 1] - conditionally execute a flow. condition: false
2023-05-02 14:09:28.418 [DEBUG] [thread-id 1] - No Technical Error Page observed
2023-05-02 14:09:28.897 [DEBUG] [thread-id 1] - Executing function: 'us.functions.gic.collapseIfExpanded'
2023-05-02 14:09:29.098 [DEBUG] [thread-id 1] - conditionally execute a flow. condition: true
2023-05-02 14:09:29.690 [DEBUG] [thread-id 1] - Click element: '//*[contains(@label,"Expanded")]'
2023-05-02 14:09:29.960 [DEBUG] [thread-id 1] - Timestamp: 1683061769960
2023-05-02 14:09:29.963 [DEBUG] [thread-id 1] - Store in: store the value 'wplususer1683061769960@walmarttest.com' in the variable 'email'
2023-05-02 14:09:29.967 [DEBUG] [thread-id 1] - Store in: store the value 'E2epassword$' in the variable 'password'
2023-05-02 14:09:29.971 [DEBUG] [thread-id 1] - Executing function: 'us.functions.utils.astro.createAccount'
2023-05-02 14:09:29.975 [DEBUG] [thread-id 1] - Create Account
2023-05-02 14:09:29.978 [DEBUG] [thread-id 1] - {"firstName": "Native","lastName": "Test","emailAddress": "wplususer1683061769960@walmarttest.com","phoneNumber": "4088968104","paymentMethods": ["VISA"],"postalAddress": {"address": "1350 Bacchus Dr","city": "San Jose","country": "USA","postalCode": "95122","state": "CA"},"password": "E2epassword$"}
2023-05-02 14:09:29.982 [DEBUG] [thread-id 1] - Call API: 'http://astro.walmart.com/api/v2/teflon/customer'
2023-05-02 14:09:41.481 [DEBUG] [thread-id 1] - Response code is: '200'. Response body is: '{"astroStatus":"SUCCESS","astroDescription":"SIGNUP_SUCCESS","astroDetails":{"status":"OK","statusCode":200,"customerAccountId":"042dd787-3892-4a7f-84cc-63ec90464f3b","customerDetails":{"firstName":"Native","lastName":"Test","emailAddress":"wplususer1683061769960@walmarttest.com","phoneNumber":"4088968104","paymentMethods":["VISA"],"postalAddress":{"address":"1350 Bacchus Dr","city":"San Jose","country":"USA","postalCode":"95122","state":"CA"},"password":"E2epassword$"},"addDeliveryPreference":"OK","addPaymentPreference":"OK","addPaymentPreferenceId":"bd289a39-7412-413f-9d75-57d3ed0f02f5","customerPatch":"OK"}}'
2023-05-02 14:09:41.502 [DEBUG] [thread-id 1] - bd289a39-7412-413f-9d75-57d3ed0f02f5
2023-05-02 14:09:41.505 [WARN] [thread-id 1] - variable withoutPayment was used, but r2 could not find a value for this variable. returning default of null
2023-05-02 14:09:41.526 [DEBUG] [thread-id 1] - conditionally execute a flow. condition: false
2023-05-02 14:09:42.345 [DEBUG] [thread-id 1] - Account created successfully
2023-05-02 14:09:42.377 [DEBUG] [thread-id 1] - Executing function: 'us.functions.home.navigateHomeToSignIn'
2023-05-02 14:09:43.108 [DEBUG] [thread-id 1] - Click element: 'Account'
2023-05-02 14:09:43.440 [DEBUG] [thread-id 1] - sleep:  3000 milliseconds
2023-05-02 14:09:46.912 [DEBUG] [thread-id 1] - Verify identifier: {//XCUIElementTypeButton[@name="Account.SignInButton"] | //XCUIElementTypeButton[@name="HeaderView.loginButton"] | //XCUIElementTypeButton[@label="SignInYourAccountTableViewCell.signInButton"] | //XCUIElementTypeButton[@label="Sign in"] | //XCUIElementTypeButton[@label="Sign in or create an account"]=[true]}
2023-05-02 14:09:46.913 [DEBUG] [thread-id 1] - loop: from 1 to 3
2023-05-02 14:09:47.772 [DEBUG] [thread-id 1] - conditionally execute a flow. condition: true
2023-05-02 14:09:48.606 [DEBUG] [thread-id 1] - Click element: '//XCUIElementTypeButton[@name="Account.SignInButton"] | //XCUIElementTypeButton[@name="HeaderView.loginButton"] | //XCUIElementTypeButton[@label="SignInYourAccountTableViewCell.signInButton"] | //XCUIElementTypeButton[@label="Sign in"] | //XCUIElementTypeButton[@label="Sign in or create an account"]'
2023-05-02 14:09:50.428 [DEBUG] [thread-id 1] - sleep:  3000 milliseconds
2023-05-02 14:09:55.145 [DEBUG] [thread-id 1] - conditionally execute a flow. condition: true
2023-05-02 14:09:56.394 [DEBUG] [thread-id 1] - Store in: store the value 'true' in the variable 'signInValidated'
2023-05-02 14:09:57.715 [DEBUG] [thread-id 1] - conditionally execute a flow. condition: true
2023-05-02 14:09:59.007 [DEBUG] [thread-id 1] - SignIn page loaded
2023-05-02 14:10:00.281 [DEBUG] [thread-id 1] - Store in: store the value 'false' in the variable 'signInValidated'
2023-05-02 14:10:00.299 [DEBUG] [thread-id 1] - Executing function: 'us.functions.global.authentication.signInAccount'
2023-05-02 14:10:00.304 [WARN] [thread-id 1] - variable validateSignInPage was used, but r2 could not find a value for this variable. returning default of null
2023-05-02 14:10:00.308 [DEBUG] [thread-id 1] - Executing function: 'us.functions.global.authentication.dismissSelectSavedPasswordDialog'
2023-05-02 14:10:11.548 [DEBUG] [thread-id 1] - Verify identifier: {//XCUIElementTypeTextField=[true]}
2023-05-02 14:10:11.869 [DEBUG] [thread-id 1] - Enter text: 'wplususer1683061769960@walmarttest.com'
2023-05-02 14:10:13.469 [DEBUG] [thread-id 1] - conditionally execute a flow. condition: true
2023-05-02 14:10:14.690 [DEBUG] [thread-id 1] - loop: from 1 to 3
2023-05-02 14:10:15.944 [DEBUG] [thread-id 1] - sleep:  3000 milliseconds
2023-05-02 14:10:20.857 [DEBUG] [thread-id 1] - conditionally execute a flow. condition: true
2023-05-02 14:10:22.641 [DEBUG] [thread-id 1] - Click element: '//XCUIElementTypeButton[@name="SignInView.ctaButton" or @name="WelcomeView.ctaButton"]'
2023-05-02 14:10:25.990 [DEBUG] [thread-id 1] - conditionally execute a flow. condition: true
2023-05-02 14:10:27.198 [DEBUG] [thread-id 1] - Store in: store the value 'true' in the variable 'signInValidated'
2023-05-02 14:10:29.655 [DEBUG] [thread-id 1] - conditionally execute a flow. condition: true
2023-05-02 14:10:30.932 [DEBUG] [thread-id 1] - Store in: store the value 'false' in the variable 'signInValidated'
2023-05-02 14:10:32.238 [DEBUG] [thread-id 1] - Email entered
2023-05-02 14:10:32.297 [WARN] [thread-id 1] - variable validateSignInPage was used, but r2 could not find a value for this variable. returning default of null
2023-05-02 14:10:32.301 [DEBUG] [thread-id 1] - loop: from 1 to 3
2023-05-02 14:10:33.507 [DEBUG] [thread-id 1] - sleep:  2000 milliseconds
2023-05-02 14:10:37.099 [DEBUG] [thread-id 1] - conditionally execute a flow. condition: true
2023-05-02 14:10:38.607 [DEBUG] [thread-id 1] - Enter text: 'E2epassword$'
2023-05-02 14:10:40.539 [DEBUG] [thread-id 1] - sleep:  1000 milliseconds
2023-05-02 14:10:43.525 [DEBUG] [thread-id 1] - Click element: '//XCUIElementTypeStaticText[@name="Sign in"] | //XCUIElementTypeButton[@label="Sign In" or @label="Sign in"] | //XCUIElementTypeButton[@name="OtpView.ctaButton"] | //XCUIElementTypeButton[@label="Sign in or create an account"]'
2023-05-02 14:10:44.824 [DEBUG] [thread-id 1] - sleep:  2000 milliseconds
2023-05-02 14:11:01.430 [DEBUG] [thread-id 1] - Hide keyboard: 'true'
2023-05-02 14:11:03.318 [DEBUG] [thread-id 1] - conditionally execute a flow. condition: true
2023-05-02 14:11:04.878 [DEBUG] [thread-id 1] - Store in: store the value 'true' in the variable 'signInValidated'
2023-05-02 14:11:17.642 [DEBUG] [thread-id 1] - conditionally execute a flow. condition: true
2023-05-02 14:11:19.247 [DEBUG] [thread-id 1] - Account signed in
2023-05-02 14:11:19.613 [DEBUG] [thread-id 1] - conditionally execute a flow. condition: true
2023-05-02 14:11:21.497 [DEBUG] [thread-id 1] - Click element: '//XCUIElementTypeButton[@name="Don’t Allow"] | //XCUIElementTypeButton[@name="Don’t Allow"]'
2023-05-02 14:11:22.245 [DEBUG] [thread-id 1] - Executing function: 'us.test.functions.utils.closeWplusPrompt.homeScreen'
2023-05-02 14:11:32.616 [DEBUG] [thread-id 1] - conditionally execute a flow. condition: false
2023-05-02 14:11:33.386 [DEBUG] [thread-id 1] - W+ Plus membership prompt is not present nothing to close continue
2023-05-02 14:11:33.432 [DEBUG] [thread-id 1] - Executing function: 'us.functions.utils.handleCartMergePopup'
2023-05-02 14:11:33.434 [DEBUG] [thread-id 1] - sleep:  7000 milliseconds
2023-05-02 14:11:40.460 [DEBUG] [thread-id 1] - loop: from 0 to 4
2023-05-02 14:11:41.317 [DEBUG] [thread-id 1] - 0
2023-05-02 14:11:53.335 [DEBUG] [thread-id 1] - conditionally execute a flow. condition: false
2023-05-02 14:11:54.168 [DEBUG] [thread-id 1] - No Technical Error Page observed
2023-05-02 14:11:55.088 [DEBUG] [thread-id 1] - Executing function: 'us.functions.global.navigation.accountToHome'
2023-05-02 14:11:55.643 [DEBUG] [thread-id 1] - Click element: '//XCUIElementTypeButton[@name="Shop"] |  //XCUIElementTypeButton[@name="Home"]'
2023-05-02 14:11:55.990 [DEBUG] [thread-id 1] - Executing function: 'us.functions.home.closeWPlusPromotionPopUpIfDisplayed'
2023-05-02 14:11:55.991 [DEBUG] [thread-id 1] - sleep:  5000 milliseconds
2023-05-02 14:12:01.613 [DEBUG] [thread-id 1] - conditionally execute a flow. condition: true
2023-05-02 14:12:02.926 [DEBUG] [thread-id 1] - Click element: '//XCUIElementTypeButton[@name="SplashPageViewController.closeButton" or contains(@label, "Close Walmart plus promotional pop up")] | //XCUIElementTypeNavigationBar[@name="WalmartPlus.SplashPageView"]/XCUIElementTypeButton | //XCUIElementTypeButton[@name="close" or @name="Close"]'
2023-05-02 14:12:03.724 [DEBUG] [thread-id 1] - Verify identifier: {//XCUIElementTypeSearchField[@name="Search Walmart"] | //XCUIElementTypeOther[@name="Search Walmart"]/XCUIElementTypeOther | //XCUIElementTypeOther[@name="Search Walmart"]=[true]}
2023-05-02 14:12:03.726 [DEBUG] [thread-id 1] - Executing function: 'us.functions.home.setStore'
2023-05-02 14:12:03.737 [DEBUG] [thread-id 1] - conditionally execute a flow. condition: true
2023-05-02 14:12:04.383 [DEBUG] [thread-id 1] - Executing function: 'us.functions.home.changeStore'
2023-05-02 14:12:04.386 [DEBUG] [thread-id 1] - Executing function: 'us.functions.gic.expandIfCollapsed'
2023-05-02 14:12:04.696 [DEBUG] [thread-id 1] - conditionally execute a flow. condition: true
2023-05-02 14:12:05.598 [DEBUG] [thread-id 1] - Click element: '//*[contains(@label,"Collapsed")]'
2023-05-02 14:12:06.260 [DEBUG] [thread-id 1] - Click element: '//XCUIElementTypeCollectionView[@name="GlobalIntentCenterViewController.collectionView"]//XCUIElementTypeCell[position()=last()-2 or position()=last()-1]//*[@name="GlobalIntentCenter.FullLocation" and contains(@label,"Pickup")]'
2023-05-02 14:12:18.063 [DEBUG] [thread-id 1] - conditionally execute a flow. condition: false
2023-05-02 14:12:20.339 [DEBUG] [thread-id 1] - Enter text: '95122'
2023-05-02 14:12:24.593 [DEBUG] [thread-id 1] - Click element: '(//XCUIElementTypeButton[@name="StoreSelectionCell.radioButton"])[1] | (//XCUIElementTypeOther[@name="StoreSelectionCell.radioLabelsStackView"])[1]'
2023-05-02 14:12:27.679 [DEBUG] [thread-id 1] - Click element: '//XCUIElementTypeButton[@name="SaveStoreSelectionView.saveButton"]'
2023-05-02 14:12:31.141 [DEBUG] [thread-id 1] - Executing function: 'us.functions.utils.handleTechnicalErrorPopup'
2023-05-02 14:12:31.143 [DEBUG] [thread-id 1] - Store in: store the value 'false' in the variable 'errorRemoved'
2023-05-02 14:12:31.144 [DEBUG] [thread-id 1] - sleep:  10000 milliseconds
2023-05-02 14:12:41.165 [DEBUG] [thread-id 1] - loop: from 0 to 3
2023-05-02 14:12:41.608 [DEBUG] [thread-id 1] - 0
2023-05-02 14:12:52.069 [DEBUG] [thread-id 1] - conditionally execute a flow. condition: false
2023-05-02 14:12:52.484 [DEBUG] [thread-id 1] - Store in: store the value 'true' in the variable 'errorRemoved'
2023-05-02 14:12:52.930 [DEBUG] [thread-id 1] - No Technical Error Pop up observed
2023-05-02 14:12:53.562 [DEBUG] [thread-id 1] - conditionally execute a flow. condition: true
2023-05-02 14:12:53.969 [DEBUG] [thread-id 1] - Executing function: 'us.functions.gic.collapseIfExpanded'
2023-05-02 14:12:54.146 [DEBUG] [thread-id 1] - conditionally execute a flow. condition: true
2023-05-02 14:12:54.728 [DEBUG] [thread-id 1] - Click element: '//*[contains(@label,"Expanded")]'
2023-05-02 14:12:55.882 [DEBUG] [thread-id 1] - Verify identifier: {//*[contains(@label,"Collapsed")]=[true]}
2023-05-02 14:12:55.990 [DEBUG] [thread-id 1] - Executing function: 'us.functions.search.searchItem'
2023-05-02 14:12:56.321 [DEBUG] [thread-id 1] - Verify identifier: {//XCUIElementTypeButton[@name="Search"] |  //XCUIElementTypeButton[@name="Browse"]=[true]}
2023-05-02 14:12:56.656 [DEBUG] [thread-id 1] - Click element: '//XCUIElementTypeButton[@name="Search"] |  //XCUIElementTypeButton[@name="Browse"]'
2023-05-02 14:13:07.322 [DEBUG] [thread-id 1] - Verify identifier: {//XCUIElementTypeSearchField[@name="Search Walmart"] | //XCUIElementTypeOther[@name="Search Walmart"]/XCUIElementTypeOther | //XCUIElementTypeOther[@name="Search Walmart"]=[true]}
2023-05-02 14:13:10.686 [DEBUG] [thread-id 1] - Click element: '//XCUIElementTypeSearchField[@name="Search Walmart"] | //XCUIElementTypeOther[@name="Search Walmart"]/XCUIElementTypeOther | //XCUIElementTypeOther[@name="Search Walmart"]'
2023-05-02 14:13:11.439 [DEBUG] [thread-id 1] - Enter text: '3961759827'
2023-05-02 14:13:12.688 [DEBUG] [thread-id 1] - Executing function: 'us.functions.search.closeHowDoYouWantYourOrderBottomTray'
2023-05-02 14:13:12.689 [DEBUG] [thread-id 1] - sleep:  5000 milliseconds
2023-05-02 14:13:38.035 [DEBUG] [thread-id 1] - Executing function: 'us.functions.utils.scrollIfNotVisible'
2023-05-02 14:13:38.717 [DEBUG] [thread-id 1] - Verify identifier: {(//XCUIElementTypeButton[@name="GlassProductTile.mainStackView"])[1] | //XCUIElementTypeOther[contains(@name,"ProductImageView.stackView")] | //*[contains(@name,"ProductSectionCoordinator_searchPrimaryProductCell")] | //XCUIElementTypeCell[contains(@name,"ProductSectionCoordinator_searchPrimaryProductCell_indexPath")] | (//XCUIElementTypeOther[@name="ProductImageView.stackView"])[1]=[true]}
2023-05-02 14:13:39.162 [DEBUG] [thread-id 1] - Element already visible, scrolling is skipped
2023-05-02 14:13:39.178 [DEBUG] [thread-id 1] - Resetting scrollPosition variable to default
2023-05-02 14:13:39.180 [DEBUG] [thread-id 1] - Store in: store the value 'null' in the variable 'scrollPosition'
2023-05-02 14:13:39.180 [DEBUG] [thread-id 1] - Store in: store the value 'null' in the variable 'identifierScope'
2023-05-02 14:13:39.388 [DEBUG] [thread-id 1] - conditionally execute a flow. condition: true
2023-05-02 14:13:39.795 [DEBUG] [thread-id 1] - successfully found an item for the above search criterion
2023-05-02 14:13:39.801 [DEBUG] [thread-id 1] - Scroll: down
2023-05-02 14:13:45.502 [DEBUG] [thread-id 1] - Verify identifier: {//XCUIElementTypeOther[contains(@name, "Prescription available")]=[true]}
2023-05-02 14:13:45.505 [DEBUG] [thread-id 1] - Executing function: 'us.functions.global.navigation.goToDeepLink'
2023-05-02 14:13:45.509 [DEBUG] [thread-id 1] - Verify value of: '$deepLinkUrl'
2023-05-02 14:13:45.510 [DEBUG] [thread-id 1] - Open link: 'walmart://ip/3961759827'
2023-05-02 14:13:46.620 [DEBUG] [thread-id 1] - Executing function: 'us.functions.global.navigation.openDeepLink'
2023-05-02 14:13:48.279 [DEBUG] [thread-id 1] - conditionally execute a flow. condition: true
2023-05-02 14:13:49.926 [DEBUG] [thread-id 1] - Click element: 'Open'
2023-05-02 14:13:50.658 [DEBUG] [thread-id 1] - Executing function: 'us.functions.utils.handleTechnicalErrorPopup'
2023-05-02 14:13:50.658 [DEBUG] [thread-id 1] - Store in: store the value 'false' in the variable 'errorRemoved'
2023-05-02 14:13:50.659 [DEBUG] [thread-id 1] - sleep:  10000 milliseconds
2023-05-02 14:14:00.676 [DEBUG] [thread-id 1] - loop: from 0 to 3
2023-05-02 14:14:03.024 [DEBUG] [thread-id 1] - 0
2023-05-02 14:14:14.863 [DEBUG] [thread-id 1] - conditionally execute a flow. condition: false
2023-05-02 14:14:16.072 [DEBUG] [thread-id 1] - Store in: store the value 'true' in the variable 'errorRemoved'
2023-05-02 14:14:17.338 [DEBUG] [thread-id 1] - No Technical Error Pop up observed
2023-05-02 14:14:18.604 [DEBUG] [thread-id 1] - Executing function: 'us.functions.item.visionItem.verifyPresent'
2023-05-02 14:14:23.845 [DEBUG] [thread-id 1] - Verify identifier: {AddToCartView_buy_in_store=[true], TitleView_productTitle=[true], //XCUIElementTypeStaticText[@label="Prescription available"]=[true], //XCUIElementTypeButton[@name="GlassCalloutView.referenceView"] | //XCUIElementTypeButton[@label="Buy now"] | //XCUIElementTypeButton[@name="Buy now"]=[true], (//XCUIElementTypeButton[@name="stepper.mainButton"])[1] | //XCUIElementTypeOther[@name="stepper.addToCartButton"] | (//XCUIElementTypeOther[contains(@name,"GlassStepperView.inner")]) | //XCUIElementTypeButton[@name="stepper.mainButton"]=[true]}
2023-05-02 14:14:23.848 [DEBUG] [thread-id 1] - Executing function: 'us.functions.item.visionItem.verifySizeChart'
2023-05-02 14:14:23.853 [DEBUG] [thread-id 1] - Scroll: down
2023-05-02 14:14:31.040 [DEBUG] [thread-id 1] - Click element: '//XCUIElementTypeButton[@name="VariantCategoryView.sizeGuideButton"]'
2023-05-02 14:14:32.300 [DEBUG] [thread-id 1] - Verify identifier: {//XCUIElementTypeOther[@name="SizeGuideView.sizeChartSelectionView"]=[true]}
2023-05-02 14:14:32.622 [DEBUG] [thread-id 1] - Click element: '//XCUIElementTypeButton[@name="Back"]'
2023-05-02 14:14:32.871 [DEBUG] [thread-id 1] - Executing function: 'us.functions.item.selectVariants'
2023-05-02 14:14:32.871 [DEBUG] [thread-id 1] - sleep:  5000 milliseconds
2023-05-02 14:14:37.897 [DEBUG] [thread-id 1] - Executing function: 'us.functions.utils.scrollIfNotVisible'
2023-05-02 14:14:40.118 [DEBUG] [thread-id 1] - Verify identifier: {//XCUIElementTypeScrollView[@name="VariantCategoryView_scrollView_actual_color"]//XCUIElementTypeButton[contains(@label,"Black")] | //XCUIElementTypeStaticText[@name="VariantCategoryView_variantCategory"]|//XCUIElementTypeButton[@name="VariantTileView_actual_color_variantTitleSlashThrough0"]=[true]}
2023-05-02 14:14:41.273 [DEBUG] [thread-id 1] - Element already visible, scrolling is skipped
2023-05-02 14:14:41.306 [DEBUG] [thread-id 1] - Resetting scrollPosition variable to default
2023-05-02 14:14:41.307 [DEBUG] [thread-id 1] - Store in: store the value 'null' in the variable 'scrollPosition'
2023-05-02 14:14:41.307 [DEBUG] [thread-id 1] - Store in: store the value 'null' in the variable 'identifierScope'
2023-05-02 14:14:42.216 [DEBUG] [thread-id 1] - Verify identifier: {//XCUIElementTypeScrollView[@name="VariantCategoryView_scrollView_actual_color"]//XCUIElementTypeButton[contains(@label,"Black")] | //XCUIElementTypeStaticText[@name="VariantCategoryView_variantCategory"]|//XCUIElementTypeButton[@name="VariantTileView_actual_color_variantTitleSlashThrough0"]=[true]}
2023-05-02 14:14:42.225 [WARN] [thread-id 1] - variable Variant was used, but r2 could not find a value for this variable. returning default of null
2023-05-02 14:14:42.967 [DEBUG] [thread-id 1] - Click element: '//XCUIElementTypeButton[@name="VariantTileView_actual_color_variantTitlenull"]|//XCUIElementTypeButton[@name="VariantTileView_actual_color_variantTitleSlashThrough0"]'
2023-05-02 14:14:43.378 [DEBUG] [thread-id 1] - sleep:  1000 milliseconds
2023-05-02 14:14:47.680 [DEBUG] [thread-id 1] - Verify identifier: {//XCUIElementTypeScrollView[@name="VariantCategoryView_scrollView_actual_color"]//XCUIElementTypeButton[contains(@label,"Black")] | //XCUIElementTypeStaticText[@name="VariantCategoryView_variantCategory"]|//XCUIElementTypeButton[@name="VariantTileView_actual_color_variantTitleSlashThrough0"]=[true]}
2023-05-02 14:14:47.681 [DEBUG] [thread-id 1] - sleep:  5000 milliseconds
2023-05-02 14:14:53.849 [DEBUG] [thread-id 1] - get string: from '//XCUIElementTypeScrollView[@name="VariantCategoryView_scrollView_actual_color"]//XCUIElementTypeButton[contains(@label,"Black")] | //XCUIElementTypeStaticText[@name="VariantCategoryView_variantCategory"]|//XCUIElementTypeButton[@name="VariantTileView_actual_color_variantTitleSlashThrough0"]' [type='label']
2023-05-02 14:14:53.853 [DEBUG] [thread-id 1] - select Eyewear Frame Size: Kids Small (43-44mm)
2023-05-02 14:14:53.856 [DEBUG] [thread-id 1] - Execute Node: 'us/test/helpers/splitVariantString.js'
2023-05-02 14:14:54.146 [DEBUG] [thread-id 1] - Black
2023-05-02 14:14:55.023 [DEBUG] [thread-id 1] - Verify identifier: {//XCUIElementTypeScrollView[contains(@name,"size")]//XCUIElementTypeButton[contains(@label,"Small")]|//XCUIElementTypeButton[@name="VariantTileView_eyewear_frame_size_variantTitleSlashThrough0"]=[true]}
2023-05-02 14:14:55.871 [DEBUG] [thread-id 1] - Click element: '//XCUIElementTypeScrollView[contains(@name,"size")]//XCUIElementTypeButton[contains(@label,"Small")]|//XCUIElementTypeButton[@name="VariantTileView_eyewear_frame_size_variantTitleSlashThrough0"]'
2023-05-02 14:15:01.304 [DEBUG] [thread-id 1] - sleep:  5000 milliseconds
2023-05-02 14:15:07.931 [DEBUG] [thread-id 1] - get string: from '//XCUIElementTypeScrollView[contains(@name,"size")]//XCUIElementTypeButton[contains(@label,"Small")]|//XCUIElementTypeButton[@name="VariantTileView_eyewear_frame_size_variantTitleSlashThrough0"]' [type='label']
2023-05-02 14:15:07.937 [DEBUG] [thread-id 1] - [38;5;202mKids Small (43-44mm) 
$12.67
product unavailable 

2023-05-02 14:15:07.938 [WARN] [thread-id 1] - variable Variant was used, but r2 could not find a value for this variable. returning default of null
2023-05-02 14:15:07.952 [DEBUG] [thread-id 1] - Executing function: 'us.functions.item.visionItem.verifyChangeStoreCTA'
2023-05-02 14:15:07.968 [DEBUG] [thread-id 1] - Scroll: up
2023-05-02 14:15:22.214 [DEBUG] [thread-id 1] - Verify identifier: {StoreOnlyInventoryView.titleLabel=[true], //XCUIElementTypeStaticText[@name="Change"]=[true]}
2023-05-02 14:15:22.942 [DEBUG] [thread-id 1] - Click element: '//XCUIElementTypeStaticText[@name="Change"]'
2023-05-02 14:15:28.923 [DEBUG] [thread-id 1] - Verify identifier: {//XCUIElementTypeTextField[@name="ZipCodeField.$__lazy_storage_$_zipCodeTextField"] | //XCUIElementTypeTextField[@name="ZipCodeField.zipCodeTextField"] | //XCUIElementTypeTextField[contains(@label, "zip code")]=[true]}
2023-05-02 14:15:29.234 [DEBUG] [thread-id 1] - Click element: 'SaveStoreSelectionView.saveButton'
2023-05-02 14:15:30.099 [DEBUG] [thread-id 1] - sleep:  5000 milliseconds
2023-05-02 14:15:35.116 [DEBUG] [thread-id 1] - Verify identifier: {AddToCartView_buy_in_store=[true]}
2023-05-02 14:15:35.117 [DEBUG] [thread-id 1] - Executing function: 'us.functions.item.visionItem.verifyBuyInStoreCTA'
2023-05-02 14:15:35.128 [DEBUG] [thread-id 1] - Scroll: down
2023-05-02 14:15:37.452 [DEBUG] [thread-id 1] - Verify identifier: {AddToCartView_buy_in_store=[true]}
2023-05-02 14:15:37.669 [DEBUG] [thread-id 1] - Click element: 'AddToCartView_buy_in_store'
2023-05-02 14:15:39.201 [DEBUG] [thread-id 1] - Verify identifier: {VisionBuyInStoreViewController_come_into_vision_center=[true], VisionBuyInStoreViewController_see_store_details=[true]}
2023-05-02 14:15:39.285 [DEBUG] [thread-id 1] - Click element: 'VisionBuyInStoreViewController_see_store_details'
2023-05-02 14:15:42.804 [DEBUG] [thread-id 1] - Verify identifier: {//XCUIElementTypeWebView[@name="WebView"]=[true]}
2023-05-02 14:15:42.806 [DEBUG] [thread-id 1] - Store in: store the value 'passed' in the variable 'testStatus'
2023-05-02 14:15:43.397 [DEBUG] [thread-id 1] - Executing scenario: 'After'
2023-05-02 14:15:43.399 [DEBUG] [thread-id 1] - Executing function: 'us.functions.utils.afterSteps'
2023-05-02 14:15:43.407 [DEBUG] [thread-id 1] - conditionally execute a flow. condition: true
2023-05-02 14:15:43.918 [DEBUG] [thread-id 1] - Test passed
2023-05-02 14:15:56.278 [DEBUG] [thread-id 1] - Created report: /Users/m0k0a2f/glass-automation/report/index.html
