2024-08-06 23:08:12.499 [DEBUG] [thread-id 1] - Executing R2 4.0.2: '/Users/m0k0a2f/glass-automation/./us/e2e-tests/test-scripts/android/golden-flows/Ecomm-And-Fulfillment-Flows/buy-now-flows/pre-transaction/C2657256-fc-buy-now-associate-user-verify-ebt-eligibility.yaml' on device: 'Pixel_8_Pro_API_34'
2024-08-06 23:08:12.600 [INFO] [thread-id 1] - url: http://127.0.0.1:4723
2024-08-06 23:08:27.630 [DEBUG] [thread-id 1] - Executing scenario: 'Before'
2024-08-06 23:08:27.632 [DEBUG] [thread-id 1] - R2_SUBFLOW_PRE_TRANSACTION
2024-08-06 23:08:27.633 [DEBUG] [thread-id 1] - Executing function: 'us.functions.utils.astro.clearCart'
2024-08-06 23:08:27.761 [DEBUG] [thread-id 1] - Call API: 'http://astro.walmart.com/api/v2/teflon/customer/e2e.teflon.flow.android.078@walmart.com/clearcart'
2024-08-06 23:08:42.801 [DEBUG] [thread-id 1] - Response code is: '200'. Response body is: '{"astroStatus":"SUCCESS","astroDescription":"CART_CLEARED","astroDetails":{"dbSessionMap":{"CXO_CART_ST":"{\"mtoken\":\"3:26#340853295#2=87011211#8=394380808\"}"},"checkoutable":false,"cart":{"id":"6b2d38dd-d355-484d-8975-907685ff6dcf","buyer":{"id":"8ba23a4d-e7a1-4fbb-9032-7d636f8bc3d9","type":"CUSTOMER"},"storeIds":[],"itemCount":0,"entityErrors":[],"shipping":{"id":"536d40a2-7f4e-4e54-9539-58653864aef0","dbLockVersion":0,"postalCode":"95122","city":"San Jose","state":"CA","countryCode":"USA","latitude":37.606689,"longitude":-122.426362,"isPOBox":false,"isAPOFPO":false},"currencyCode":"USD","preview":false,"tenantId":0,"tenantIdentifier":"elh9ie","verticalId":0,"checkoutableErrors":[],"intent":"PICKUP","pickupStore":{"city":"San Jose","stateOrProvinceCode":"CA","countryCode":"USA","postalCode":"95122","storeId":"32144","services":[]},"deliveryStore":{"city":"San Jose","stateOrProvinceCode":"CA","countryCode":"USA","postalCode":"95122","storeId":"32144","services":[]},"mpStores":[],"fulfillmentPlans":[],"accessPoints":[{"id":"f681d48a-7be4-43ea-8e10-229a1f00db37","name":"32144 - Home Delivery","storeId":32144,"fulfillmentType":"DELIVERY","fulfillmentOption":"DELIVERY","supportedTimeZone":"US/Pacific","locationInstruction":"[{\"type\":\"CHECKIN_DEFAULT\",\"value\":\"Deliver at front of door. Please ring bell\"},{\"type\":\"EMAIL_DEFAULT\",\"value\":\"Deliver at front of door. Please ring bell\"}]","isStoreEbtEligible":true,"allowAlcohol":true,"allowAgeRestricted":true,"restrictions":[],"accessType":"DELIVERY_ADDRESS","storeCategory":"Supercenter","nodeType":"STORE","pickupStartBuffer":0,"allowBagFee":true,"isBagFeeMandatory":false,"address":{"postalCode":"95122","addressLineOne":"777 STORY RD","city":"San Jose","state":"CA","addressTypeName":"OFFICE","isPOBox":false,"countryCode":"USA"}},{"id":"6168c2e3-fc36-4827-98e6-d717d10af1d6","name":"Walmart San Jose Store #32144","storeId":32144,"fulfillmentType":"INSTORE_PICKUP","fulfillmentOption":"PICKUP","supportedTimeZone":"US/Pacific","locationInstruction":"[{\"type\":\"CHECKIN_DEFAULT\",\"value\":\"<div><p><b>Please bring your government-issued ID</b></p><br /><br /><ol><li>Download and use the app to let us know you're on the way and view your parking guide.</li><li>Park in a designated pickup spot. Using the app, enter your parking info and an associate will come to you.</li><li>Show your ID to the associate if required.</li><li>The associate will request access to your trunk or back seat, then will load your items.</li><li>You're all set! Check the app to see if you need to move to any other pickup locations.</li></ol></div>\"},{\"type\":\"EMAIL_DEFAULT\",\"value\":\"NA\"},{\"type\":\"CHECKIN_1\",\"value\":\"Next, tell us when you’ve parked. Park by the pickup sign and enter your parking info so we can find you faster.\"}]","isStoreEbtEligible":true,"allowAlcohol":true,"allowAgeRestricted":true,"restrictions":[],"accessType":"PICKUP_CURBSIDE","storeCategory":"Supercenter","nodeType":"STORE","pickupStartBuffer":5,"allowBagFee":false,"isBagFeeMandatory":false,"address":{"postalCode":"95122","addressLineOne":"777 STORY RD","city":"San Jose","state":"CA","addressTypeName":"OFFICE","isPOBox":false,"countryCode":"USA"}}],"reservations":[],"isExplicitIntent":false,"hasGiftEligibleItem":false,"warnings":[],"restrictions":[]},"isOmniPromiseResponse":true,"uniqueInstallationOfferIdHolder":[]}}'
2024-08-06 23:08:42.982 [DEBUG] [thread-id 1] - Cart cleared for e2e.teflon.flow.android.078@walmart.com
2024-08-06 23:08:43.340 [DEBUG] [thread-id 1] - Using us-errors-helpers.yaml
2024-08-06 23:08:43.637 [DEBUG] [thread-id 1] - Start Main
2024-08-06 23:08:43.640 [DEBUG] [thread-id 1] - Executing function: 'us.functions.global.onboarding.navigateOnboardingToHome'
2024-08-06 23:08:43.642 [DEBUG] [thread-id 1] - Executing function: 'us.function.utils.getEnvironmentValue'
2024-08-06 23:08:43.643 [DEBUG] [thread-id 1] - Store in: store the value 'teflon' in the variable 'env'
2024-08-06 23:08:43.644 [DEBUG] [thread-id 1] - Timestamp: 1723010923644
2024-08-06 23:08:43.644 [DEBUG] [thread-id 1] - Start Activity: 'com.walmart.android.debug.com.walmart.glass.integration.splash.SplashActivity'
2024-08-06 23:08:58.778 [DEBUG] [thread-id 1] - conditionally execute a flow. condition: false
2024-08-06 23:08:58.941 [DEBUG] [thread-id 1] - Verify identifier: {com.walmart.android.debug:id/onboarding_welcome_title_textview=[true]}
2024-08-06 23:09:08.980 [DEBUG] [thread-id 1] - conditionally execute a flow. condition: false
2024-08-06 23:09:09.163 [DEBUG] [thread-id 1] - Verify identifier: {com.walmart.android.debug:id/onboarding_welcome_title_textview=[true]}
2024-08-06 23:09:09.411 [DEBUG] [thread-id 1] - Click element: 'com.walmart.android.debug:id/onboarding_welcome_secondary_button'
2024-08-06 23:09:11.384 [WARN] [thread-id 1] - variable allowNotifications was used, but r2 could not find a value for this variable. returning default of null
2024-08-06 23:09:11.388 [DEBUG] [thread-id 1] - conditionally execute a flow. condition: false
2024-08-06 23:09:11.496 [DEBUG] [thread-id 1] - Verify identifier: {com.walmart.android.debug:id/onboarding_notification_title_textview=[true]}
2024-08-06 23:09:11.986 [DEBUG] [thread-id 1] - Click element: 'com.walmart.android.debug:id/onboarding_maybe_later_button'
2024-08-06 23:09:14.167 [DEBUG] [thread-id 1] - Verify identifier: {com.walmart.android.debug:id/onboarding_location_title_textview=[true]}
2024-08-06 23:09:14.518 [DEBUG] [thread-id 1] - Click element: 'com.walmart.android.debug:id/onboarding_zip_code_button'
2024-08-06 23:09:15.544 [DEBUG] [thread-id 1] - Verify identifier: {com.walmart.android.debug:id/onboarding_title_textview=[true]}
2024-08-06 23:09:15.992 [DEBUG] [thread-id 1] - Click element: '//android.widget.EditText[@text="Enter zip code"] | //android.widget.EditText[@text="Enter postal code"] | //android.widget.EditText[@resource-id="com.walmart.android.debug:id/onboarding_zip_code_textinput"]//android.widget.EditText'
2024-08-06 23:09:17.793 [DEBUG] [thread-id 1] - Enter text: '95122'
2024-08-06 23:09:20.208 [DEBUG] [thread-id 1] - Hide keyboard: 'true'
2024-08-06 23:09:26.911 [DEBUG] [thread-id 1] - Click element: 'com.walmart.android.debug:id/onboarding_zip_code_search_button'
2024-08-06 23:09:27.584 [DEBUG] [thread-id 1] - sleep:  3000 milliseconds
2024-08-06 23:09:30.590 [DEBUG] [thread-id 1] - loop: from 0 to 3
2024-08-06 23:09:33.173 [DEBUG] [thread-id 1] - 0
2024-08-06 23:09:44.386 [DEBUG] [thread-id 1] - conditionally execute a flow. condition: false
2024-08-06 23:09:54.873 [DEBUG] [thread-id 1] - Verify identifier: {com.walmart.android.debug:id/onboarding_title_textview=[true]}
2024-08-06 23:09:54.874 [DEBUG] [thread-id 1] - Executing function: 'us.functions.global.onboarding.popUpScreen'
2024-08-06 23:09:54.874 [DEBUG] [thread-id 1] - sleep:  3000 milliseconds
2024-08-06 23:10:07.884 [DEBUG] [thread-id 1] - sleep:  3000 milliseconds
2024-08-06 23:10:10.889 [DEBUG] [thread-id 1] - Executing function: 'us.functions.global.onboarding.smartLock.DismissNoneOfTheAbove'
2024-08-06 23:10:20.931 [DEBUG] [thread-id 1] - conditionally execute a flow. condition: false
2024-08-06 23:10:31.093 [DEBUG] [thread-id 1] - sleep:  3000 milliseconds
2024-08-06 23:10:34.099 [DEBUG] [thread-id 1] - Executing function: 'us.functions.home.personalizedPopUpScreenClose'
2024-08-06 23:10:34.100 [DEBUG] [thread-id 1] - sleep:  5000 milliseconds
2024-08-06 23:10:39.108 [DEBUG] [thread-id 1] - conditionally execute a flow. condition: true
2024-08-06 23:10:39.310 [DEBUG] [thread-id 1] - Click element: 'com.walmart.android.debug:id/marketing_privacy_bottom_sheet_deny_btn'
2024-08-06 23:10:39.926 [DEBUG] [thread-id 1] - sleep:  3000 milliseconds
2024-08-06 23:10:53.145 [DEBUG] [thread-id 1] - sleep:  3000 milliseconds
2024-08-06 23:10:56.153 [DEBUG] [thread-id 1] - Executing function: 'us.functions.utils.tryAgainWhenThereIsError'
2024-08-06 23:10:56.156 [DEBUG] [thread-id 1] - loop: from 0 to 3
2024-08-06 23:10:56.382 [DEBUG] [thread-id 1] - 0
2024-08-06 23:11:06.731 [DEBUG] [thread-id 1] - conditionally execute a flow. condition: false
2024-08-06 23:11:17.064 [DEBUG] [thread-id 1] - Executing function: 'us.functions.gic.collapseIfExpanded'
2024-08-06 23:11:17.208 [DEBUG] [thread-id 1] - conditionally execute a flow. condition: true
2024-08-06 23:11:17.605 [DEBUG] [thread-id 1] - Click element: '//android.widget.ImageView[contains(@content-desc,"expanded")]'
2024-08-06 23:11:19.399 [DEBUG] [thread-id 1] - Verify identifier: {//android.widget.EditText[@resource-id="com.walmart.android.debug:id/search_view"]=[true]}
2024-08-06 23:11:19.404 [DEBUG] [thread-id 1] - Executing function: 'us.functions.home.handleReorderToolTip'
2024-08-06 23:11:29.453 [DEBUG] [thread-id 1] - conditionally execute a flow. condition: false
2024-08-06 23:11:29.623 [DEBUG] [thread-id 1] - no tooltip displayed
2024-08-06 23:11:29.624 [DEBUG] [thread-id 1] - Executing function: 'us.functions.home.navigateHomeToSignIn'
2024-08-06 23:11:29.769 [DEBUG] [thread-id 1] - Click element: '//android.widget.FrameLayout[contains(@content-desc,"Account")]'
2024-08-06 23:11:30.409 [DEBUG] [thread-id 1] - sleep:  5000 milliseconds
2024-08-06 23:11:35.541 [DEBUG] [thread-id 1] - Verify identifier: {//*[@resource-id="com.walmart.android.debug:id/sign_in_button"]|//*[@resource-id="com.walmart.android.debug:id/account_sign_in_button"]=[true]}
2024-08-06 23:11:35.543 [DEBUG] [thread-id 1] - loop: from 1 to 3
2024-08-06 23:11:35.757 [DEBUG] [thread-id 1] - Executing function: 'us.functions.global.onboarding.smartLock.DismissNoneOfTheAbove'
2024-08-06 23:11:45.930 [DEBUG] [thread-id 1] - conditionally execute a flow. condition: false
2024-08-06 23:11:56.725 [DEBUG] [thread-id 1] - conditionally execute a flow. condition: true
2024-08-06 23:11:57.021 [DEBUG] [thread-id 1] - Click element: '//*[@resource-id="com.walmart.android.debug:id/sign_in_button"]|//*[@resource-id="com.walmart.android.debug:id/account_sign_in_button"]'
2024-08-06 23:11:58.101 [DEBUG] [thread-id 1] - sleep:  3000 milliseconds
2024-08-06 23:12:01.880 [DEBUG] [thread-id 1] - conditionally execute a flow. condition: true
2024-08-06 23:12:02.027 [DEBUG] [thread-id 1] - Executing function: 'us.functions.home.signInAnotherWay'
2024-08-06 23:12:02.107 [DEBUG] [thread-id 1] - Verify identifier: {//android.view.View[@content-desc="Dismiss"]=[true]}
2024-08-06 23:12:02.187 [DEBUG] [thread-id 1] - Click element: '//android.view.View[@content-desc="Dismiss"]'
2024-08-06 23:12:03.596 [DEBUG] [thread-id 1] - conditionally execute a flow. condition: true
2024-08-06 23:12:03.666 [DEBUG] [thread-id 1] - Store in: store the value 'true' in the variable 'signInValidated'
2024-08-06 23:12:03.747 [DEBUG] [thread-id 1] - conditionally execute a flow. condition: true
2024-08-06 23:12:03.866 [DEBUG] [thread-id 1] - SignIn page loaded
2024-08-06 23:12:03.968 [DEBUG] [thread-id 1] - Store in: store the value 'false' in the variable 'signInValidated'
2024-08-06 23:12:03.976 [DEBUG] [thread-id 1] - Executing function: 'us.functions.global.authentication.signInAccount'
2024-08-06 23:12:03.980 [DEBUG] [thread-id 1] - Executing function: 'us.functions.global.onboarding.smartLock.DismissNoneOfTheAbove'
2024-08-06 23:12:14.038 [DEBUG] [thread-id 1] - conditionally execute a flow. condition: false
2024-08-06 23:12:24.295 [WARN] [thread-id 1] - variable validateSignInPage was used, but r2 could not find a value for this variable. returning default of null
2024-08-06 23:12:34.611 [DEBUG] [thread-id 1] - Verify identifier: {//android.widget.EditText[@content-desc="Email"]/android.widget.FrameLayout/android.widget.EditText | //android.widget.LinearLayout[@resource-id="com.walmart.android.debug:id/auth_field_login_id"]/android.widget.FrameLayout/android.widget.EditText | //android.widget.EditText[@text="Email"] | //android.widget.LinearLayout[@resource-id="com.walmart.android.debug:id/auth_field_login_id_component"]//android.widget.EditText | //android.widget.LinearLayout[@resource-id="com.walmart.android.debug:id/phone_number_field"]//android.widget.EditText=[true]}
2024-08-06 23:12:34.710 [DEBUG] [thread-id 1] - Enter text: 'e2e.teflon.flow.android.078@walmart.com'
2024-08-06 23:12:36.355 [DEBUG] [thread-id 1] - loop: from 1 to 3
2024-08-06 23:12:37.138 [DEBUG] [thread-id 1] - sleep:  3000 milliseconds
2024-08-06 23:12:40.312 [DEBUG] [thread-id 1] - conditionally execute a flow. condition: true
2024-08-06 23:12:40.646 [DEBUG] [thread-id 1] - Click element: 'com.walmart.android.debug:id/auth_button_main'
2024-08-06 23:12:42.914 [DEBUG] [thread-id 1] - sleep:  5000 milliseconds
2024-08-06 23:12:48.050 [DEBUG] [thread-id 1] - conditionally execute a flow. condition: true
2024-08-06 23:12:48.237 [DEBUG] [thread-id 1] - Click element: 'Enter your password'
2024-08-06 23:12:49.469 [DEBUG] [thread-id 1] - Selected Password Option to Login
2024-08-06 23:12:49.560 [DEBUG] [thread-id 1] - sleep:  5000 milliseconds
2024-08-06 23:12:54.749 [DEBUG] [thread-id 1] - conditionally execute a flow. condition: true
2024-08-06 23:12:54.858 [DEBUG] [thread-id 1] - Store in: store the value 'true' in the variable 'signInValidated'
2024-08-06 23:12:54.962 [DEBUG] [thread-id 1] - conditionally execute a flow. condition: true
2024-08-06 23:12:55.057 [DEBUG] [thread-id 1] - Store in: store the value 'false' in the variable 'signInValidated'
2024-08-06 23:12:55.165 [DEBUG] [thread-id 1] - Email entered
2024-08-06 23:13:15.293 [WARN] [thread-id 1] - variable validateSignInPage was used, but r2 could not find a value for this variable. returning default of null
2024-08-06 23:13:15.294 [DEBUG] [thread-id 1] - loop: from 1 to 3
2024-08-06 23:13:15.426 [DEBUG] [thread-id 1] - sleep:  2000 milliseconds
2024-08-06 23:13:17.628 [DEBUG] [thread-id 1] - conditionally execute a flow. condition: true
2024-08-06 23:13:17.800 [DEBUG] [thread-id 1] - Enter text: 'E2epassword$'
2024-08-06 23:13:20.143 [DEBUG] [thread-id 1] - Press go back key: 'true'
2024-08-06 23:13:21.519 [DEBUG] [thread-id 1] - sleep:  1000 milliseconds
2024-08-06 23:13:22.769 [DEBUG] [thread-id 1] - Click element: 'com.walmart.android.debug:id/auth_button_main'
2024-08-06 23:13:23.563 [DEBUG] [thread-id 1] - sleep:  5000 milliseconds
2024-08-06 23:13:30.959 [DEBUG] [thread-id 1] - conditionally execute a flow. condition: true
2024-08-06 23:13:31.187 [DEBUG] [thread-id 1] - Store in: store the value 'true' in the variable 'signInValidated'
2024-08-06 23:13:31.342 [DEBUG] [thread-id 1] - Executing function: 'us.functions.global.authentication.handleSomethingWentWrongError'
2024-08-06 23:13:31.343 [DEBUG] [thread-id 1] - sleep:  5000 milliseconds
2024-08-06 23:13:36.347 [DEBUG] [thread-id 1] - loop: from 0 to 3
2024-08-06 23:13:36.492 [DEBUG] [thread-id 1] - 0
2024-08-06 23:13:46.830 [DEBUG] [thread-id 1] - conditionally execute a flow. condition: false
2024-08-06 23:13:47.007 [DEBUG] [thread-id 1] - conditionally execute a flow. condition: true
2024-08-06 23:13:47.138 [DEBUG] [thread-id 1] - Account signed in
2024-08-06 23:14:07.466 [DEBUG] [thread-id 1] - Executing function: 'us.functions.utils.handleCartMergePopup'
2024-08-06 23:14:07.466 [DEBUG] [thread-id 1] - sleep:  7000 milliseconds
2024-08-06 23:14:14.472 [DEBUG] [thread-id 1] - loop: from 0 to 4
2024-08-06 23:14:14.693 [DEBUG] [thread-id 1] - 0
2024-08-06 23:14:24.998 [DEBUG] [thread-id 1] - conditionally execute a flow. condition: false
2024-08-06 23:14:25.137 [DEBUG] [thread-id 1] - No cart merge popup observed
2024-08-06 23:14:25.272 [DEBUG] [thread-id 1] - Executing function: 'us.functions.global.navigation.accountToHome'
2024-08-06 23:14:35.600 [DEBUG] [thread-id 1] - Verify identifier: {//androidx.cardview.widget.CardView[@resource-id="com.walmart.android.debug:id/purchase_history_card"] | //android.widget.TextView[@resource-id="com.walmart.android.debug:id/purchase_history_header"]=[true]}
2024-08-06 23:14:35.602 [DEBUG] [thread-id 1] - conditionally execute a flow. condition: true
2024-08-06 23:14:35.742 [DEBUG] [thread-id 1] - Scroll: down
2024-08-06 23:14:41.506 [DEBUG] [thread-id 1] - Scroll: up
2024-08-06 23:14:46.757 [DEBUG] [thread-id 1] - Click element: 'com.walmart.android.debug:id/navigation_shop'
2024-08-06 23:14:48.550 [DEBUG] [thread-id 1] - Executing function: 'us.functions.home.closeWPlusPromotionPopUpIfDisplayed'
2024-08-06 23:14:48.551 [DEBUG] [thread-id 1] - sleep:  6000 milliseconds
2024-08-06 23:15:04.658 [DEBUG] [thread-id 1] - Executing function: 'us.functions.home.setStore'
2024-08-06 23:15:04.661 [DEBUG] [thread-id 1] - conditionally execute a flow. condition: true
2024-08-06 23:15:04.774 [DEBUG] [thread-id 1] - Store in: store the value '95122' in the variable 'zipcode'
2024-08-06 23:15:04.913 [DEBUG] [thread-id 1] - conditionally execute a flow. condition: true
2024-08-06 23:15:05.038 [DEBUG] [thread-id 1] - Skipping as its already set to the required store
2024-08-06 23:15:05.040 [DEBUG] [thread-id 1] - Executing function: 'us.functions.gic.changeFulfillment'
2024-08-06 23:15:15.050 [DEBUG] [thread-id 1] - conditionally execute a flow. condition: false
2024-08-06 23:15:15.204 [DEBUG] [thread-id 1] - Executing function: 'us.functions.gic.expandIfCollapsed'
2024-08-06 23:15:15.325 [DEBUG] [thread-id 1] - conditionally execute a flow. condition: true
2024-08-06 23:15:15.710 [DEBUG] [thread-id 1] - Click element: '//android.widget.ImageView[contains(@resource-id, "com.walmart.android.debug:id/global_intent_center_collapsed_chevron") and (contains(@content-desc,"collapsed") or contains(@content-desc,"collapse"))]'
2024-08-06 23:15:17.569 [DEBUG] [thread-id 1] - Executing function: 'us.functions.gic.setFulfillment'
2024-08-06 23:15:27.590 [DEBUG] [thread-id 1] - conditionally execute a flow. condition: false
2024-08-06 23:15:27.801 [DEBUG] [thread-id 1] - conditionally execute a flow. condition: true
2024-08-06 23:15:37.810 [DEBUG] [thread-id 1] - Click element: '//android.widget.ImageView[contains(@content-desc,"Shipping 1 of 3") or contains(@content-desc,"Shipping selection 1 of 3")]'
2024-08-06 23:15:39.314 [DEBUG] [thread-id 1] - Click element: '//android.widget.ImageView[contains(@content-desc,"expanded")]'
2024-08-06 23:15:40.868 [DEBUG] [thread-id 1] - Executing function: 'us.functions.utils.getSearchableItem'
2024-08-06 23:15:40.870 [DEBUG] [thread-id 1] - Store in: store the value 'null' in the variable 'itemFetched'
2024-08-06 23:15:40.872 [DEBUG] [thread-id 1] - Store in: store the value 'null' in the variable 'deeplinkURL'
2024-08-06 23:15:40.873 [DEBUG] [thread-id 1] - Store in: store the value 'true' in the variable 'apiFetch'
2024-08-06 23:15:40.874 [WARN] [thread-id 1] - variable TEFLON_DATA was used, but r2 could not find a value for this variable. returning default of null
2024-08-06 23:15:40.875 [DEBUG] [thread-id 1] - conditionally execute a flow. condition: true
2024-08-06 23:15:41.075 [WARN] [thread-id 1] - variable TEFLON_DATA was used, but r2 could not find a value for this variable. returning default of null
2024-08-06 23:15:41.075 [DEBUG] [thread-id 1] - Execute Node: 'us/e2e-tests/helpers/itemFetch.js'
2024-08-06 23:15:41.441 [DEBUG] [thread-id 1] - NA
2024-08-06 23:15:41.444 [DEBUG] [thread-id 1] - conditionally execute a flow. condition: true
2024-08-06 23:15:41.558 [WARN] [thread-id 1] - variable source was used, but r2 could not find a value for this variable. returning default of null
2024-08-06 23:15:41.560 [DEBUG] [thread-id 1] - conditionally execute a flow. condition: false
2024-08-06 23:15:41.688 [DEBUG] [thread-id 1] - Item fetched by Astro API
2024-08-06 23:15:41.819 [DEBUG] [thread-id 1] - Executing function: 'us.functions.utils.fetchAstroAvailableItem'
2024-08-06 23:15:41.820 [DEBUG] [thread-id 1] - Fetching Item available in stock using Astro API for Item type FC_DELIVERY
2024-08-06 23:15:41.821 [WARN] [thread-id 1] - variable storeId was used, but r2 could not find a value for this variable. returning default of null
2024-08-06 23:15:41.825 [DEBUG] [thread-id 1] - conditionally execute a flow. condition: true
2024-08-06 23:15:42.195 [DEBUG] [thread-id 1] - Store in: store the value '32144' in the variable 'storeId'
2024-08-06 23:15:42.196 [WARN] [thread-id 1] - variable nextGen was used, but r2 could not find a value for this variable. returning default of null
2024-08-06 23:15:42.197 [DEBUG] [thread-id 1] - conditionally execute a flow. condition: true
2024-08-06 23:15:42.349 [DEBUG] [thread-id 1] - Store in: store the value 'nextgen' in the variable 'version'
2024-08-06 23:15:42.350 [WARN] [thread-id 1] - variable itemStatusHeader was used, but r2 could not find a value for this variable. returning default of null
2024-08-06 23:15:42.350 [DEBUG] [thread-id 1] - conditionally execute a flow. condition: true
2024-08-06 23:15:42.560 [DEBUG] [thread-id 1] - Store in: store the value 'SUCCESS' in the variable 'itemStatusHeader'
2024-08-06 23:15:42.563 [DEBUG] [thread-id 1] - conditionally execute a flow. condition: true
2024-08-06 23:15:42.732 [WARN] [thread-id 1] - variable itemSubFilter was used, but r2 could not find a value for this variable. returning default of null
2024-08-06 23:15:42.734 [DEBUG] [thread-id 1] - conditionally execute a flow. condition: false
2024-08-06 23:15:43.007 [DEBUG] [thread-id 1] - conditionally execute a flow. condition: false
2024-08-06 23:15:43.229 [WARN] [thread-id 1] - variable itemSubFilter was used, but r2 could not find a value for this variable. returning default of null
2024-08-06 23:15:43.230 [DEBUG] [thread-id 1] - conditionally execute a flow. condition: false
2024-08-06 23:15:43.354 [DEBUG] [thread-id 1] - conditionally execute a flow. condition: false
2024-08-06 23:15:43.577 [DEBUG] [thread-id 1] - conditionally execute a flow. condition: true
2024-08-06 23:15:43.709 [DEBUG] [thread-id 1] - Store in: store the value 'http://astro.walmart.com/api/v3/teflon/internal/getItemHealth/32144/FC_DELIVERY?itemType=buynow' in the variable 'fetchURL'
2024-08-06 23:15:43.822 [DEBUG] [thread-id 1] - Store in: store the value 'nextgen' in the variable 'version'
2024-08-06 23:15:43.824 [DEBUG] [thread-id 1] - Store in: store the value 'null' in the variable 'itemDetails'
2024-08-06 23:15:44.006 [DEBUG] [thread-id 1] - conditionally execute a flow. condition: true
2024-08-06 23:15:44.191 [DEBUG] [thread-id 1] - NextGen API
2024-08-06 23:15:44.428 [DEBUG] [thread-id 1] - Call API: 'http://astro.walmart.com/api/v3/teflon/internal/getItemHealth/32144/FC_DELIVERY?itemType=buynow'
2024-08-06 23:15:49.871 [DEBUG] [thread-id 1] - Response code is: '200'. Response body is: '{"astroStatus":"SUCCESS","astroDescription":"Items found in itemHealth Collection","astroDetails":[{"itemId":"111220513","astroStatus":"SUCCESS","astroDescription":"FC_DELIVERY (111220513), ORDER CREATED","orderType":"FC_DELIVERY","storeId":"32144","orderNumber":null,"eligiblePaths":["buynow","careplan","homeservice"],"paymentTypes":["cc"],"inEligiblePaths":[],"offerId":"552965CB94BC464EB64BC0824B042984","_id":"6352f4b5ba71e839c00ea07a","__v":0,"createdAt":"2022-10-21T19:36:21.367Z","updatedAt":"2024-08-07T06:15:07.644Z","price":{"currencyAmount":100.3,"currencyUnit":"USD","unit":"EA"}},{"itemId":"821681268","astroStatus":"SUCCESS","astroDescription":"FC_DELIVERY (821681268), ORDER CREATED","orderType":"FC_DELIVERY","storeId":"32144","orderNumber":null,"eligiblePaths":["buynow"],"paymentTypes":["cc"],"inEligiblePaths":[],"offerId":"FBF389D8894A4BDAACA8795A7EB7706A","_id":"641c83a5b2ad5031d40afdd3","__v":0,"createdAt":"2023-03-23T16:51:49.812Z","price":{"currencyAmount":41.09,"currencyUnit":"USD"},"updatedAt":"2024-08-07T06:15:08.320Z"},{"itemId":"2110489082","astroStatus":"SUCCESS","astroDescription":"FC_DELIVERY (2110489082), ORDER CREATED","orderType":"FC_DELIVERY","storeId":"32144","orderNumber":null,"eligiblePaths":["buynow"],"paymentTypes":["cc"],"inEligiblePaths":[],"offerId":"2B0EEC6FD93843748E48E676EF7C2FDF","_id":"651b6ba1ed29e724002a40e8","__v":0,"createdAt":"2023-10-03T01:17:21.764Z","price":{"currencyAmount":39,"currencyUnit":"USD","unit":"EA"},"updatedAt":"2024-08-07T06:15:09.157Z"},{"itemId":"221369579","astroStatus":"SUCCESS","astroDescription":"FC_DELIVERY (221369579), ORDER CREATED","orderType":"FC_DELIVERY","storeId":"32144","orderNumber":null,"eligiblePaths":["goldendata","buynow"],"paymentTypes":["cc"],"inEligiblePaths":[],"offerId":"4DCA700B206E49928DFABCAFF1824786","_id":"65dcd13c5164372c4891b446","__v":0,"createdAt":"2024-02-26T17:58:20.343Z","price":{"currencyAmount":189,"currencyUnit":"USD","unit":"EA"},"updatedAt":"2024-08-07T06:15:09.933Z"}]}'
2024-08-06 23:15:50.064 [DEBUG] [thread-id 1] - conditionally execute a flow. condition: false
2024-08-06 23:15:50.284 [DEBUG] [thread-id 1] - SUCCESSFUL item fetched from astro API.
2024-08-06 23:15:50.500 [DEBUG] [thread-id 1] - loop: over '[{"itemId":"111220513","astroStatus":"SUCCESS","astroDescription":"FC_DELIVERY (111220513), ORDER CREATED","orderType":"FC_DELIVERY","storeId":"32144","orderNumber":null,"eligiblePaths":["buynow","careplan","homeservice"],"paymentTypes":["cc"],"inEligiblePaths":[],"offerId":"552965CB94BC464EB64BC0824B042984","_id":"6352f4b5ba71e839c00ea07a","__v":0,"createdAt":"2022-10-21T19:36:21.367Z","updatedAt":"2024-08-07T06:15:07.644Z","price":{"currencyAmount":100.3,"currencyUnit":"USD","unit":"EA"}},{"itemId":"821681268","astroStatus":"SUCCESS","astroDescription":"FC_DELIVERY (821681268), ORDER CREATED","orderType":"FC_DELIVERY","storeId":"32144","orderNumber":null,"eligiblePaths":["buynow"],"paymentTypes":["cc"],"inEligiblePaths":[],"offerId":"FBF389D8894A4BDAACA8795A7EB7706A","_id":"641c83a5b2ad5031d40afdd3","__v":0,"createdAt":"2023-03-23T16:51:49.812Z","price":{"currencyAmount":41.09,"currencyUnit":"USD"},"updatedAt":"2024-08-07T06:15:08.320Z"},{"itemId":"2110489082","astroStatus":"SUCCESS","astroDescription":"FC_DELIVERY (2110489082), ORDER CREATED","orderType":"FC_DELIVERY","storeId":"32144","orderNumber":null,"eligiblePaths":["buynow"],"paymentTypes":["cc"],"inEligiblePaths":[],"offerId":"2B0EEC6FD93843748E48E676EF7C2FDF","_id":"651b6ba1ed29e724002a40e8","__v":0,"createdAt":"2023-10-03T01:17:21.764Z","price":{"currencyAmount":39,"currencyUnit":"USD","unit":"EA"},"updatedAt":"2024-08-07T06:15:09.157Z"},{"itemId":"221369579","astroStatus":"SUCCESS","astroDescription":"FC_DELIVERY (221369579), ORDER CREATED","orderType":"FC_DELIVERY","storeId":"32144","orderNumber":null,"eligiblePaths":["goldendata","buynow"],"paymentTypes":["cc"],"inEligiblePaths":[],"offerId":"4DCA700B206E49928DFABCAFF1824786","_id":"65dcd13c5164372c4891b446","__v":0,"createdAt":"2024-02-26T17:58:20.343Z","price":{"currencyAmount":189,"currencyUnit":"USD","unit":"EA"},"updatedAt":"2024-08-07T06:15:09.933Z"}]'
2024-08-06 23:15:50.619 [DEBUG] [thread-id 1] - Store in: store the value 'null' in the variable 'itemDetails'
2024-08-06 23:15:51.244 [DEBUG] [thread-id 1] - {"itemId":"111220513","astroStatus":"SUCCESS","astroDescription":"FC_DELIVERY (111220513), ORDER CREATED","orderType":"FC_DELIVERY","storeId":"32144","orderNumber":null,"eligiblePaths":["buynow","careplan","homeservice"],"paymentTypes":["cc"],"inEligiblePaths":[],"offerId":"552965CB94BC464EB64BC0824B042984","_id":"6352f4b5ba71e839c00ea07a","__v":0,"createdAt":"2022-10-21T19:36:21.367Z","updatedAt":"2024-08-07T06:15:07.644Z","price":{"currencyAmount":100.3,"currencyUnit":"USD","unit":"EA"}}
2024-08-06 23:15:51.374 [DEBUG] [thread-id 1] - Store in: store the value '111220513' in the variable 'itemFetched'
2024-08-06 23:15:51.536 [DEBUG] [thread-id 1] - Store in: store the value 'SUCCESS' in the variable 'itemStatus'
2024-08-06 23:15:51.746 [WARN] [thread-id 1] - variable healthCheck was used, but r2 could not find a value for this variable. returning default of null
2024-08-06 23:15:51.878 [DEBUG] [thread-id 1] - conditionally execute a flow. condition: true
2024-08-06 23:15:51.992 [DEBUG] [thread-id 1] - Execute Node: 'us/e2e-tests/helpers/splitNumberString.js'
2024-08-06 23:15:52.232 [DEBUG] [thread-id 1] - 111220513
2024-08-06 23:15:52.438 [WARN] [thread-id 1] - variable skipForNext was used, but r2 could not find a value for this variable. returning default of null
2024-08-06 23:15:52.639 [WARN] [thread-id 1] - variable excludeFetchedItem was used, but r2 could not find a value for this variable. returning default of null
2024-08-06 23:15:52.639 [DEBUG] [thread-id 1] - conditionally execute a flow. condition: false
2024-08-06 23:15:52.889 [DEBUG] [thread-id 1] - Executing function: 'us.functions.utils.itemHealthCheck'
2024-08-06 23:15:52.890 [DEBUG] [thread-id 1] - Checking item eligibility before proceeding
2024-08-06 23:15:52.891 [DEBUG] [thread-id 1] - Store in: store the value 'false' in the variable 'itemEligiblity'
2024-08-06 23:15:52.893 [DEBUG] [thread-id 1] - Store in: store the value 'false' in the variable 'ignoreItem'
2024-08-06 23:15:52.894 [DEBUG] [thread-id 1] - loop: over '["516252273","821681268", "1822965598","131979272", "178236317", "779762816","1937310256","443922107","795796940", "812231723", "2466884336", "414743206", "3812214807", "3388422911", "441746984", "816076989", "472115968", "961350767","981898706","812231723","499284126279","10801611", "982133078","111220513","1126228020"]'
2024-08-06 23:15:57.289 [DEBUG] [thread-id 1] - conditionally execute a flow. condition: true
2024-08-06 23:15:57.540 [DEBUG] [thread-id 1] - Store in: store the value 'true' in the variable 'ignoreItem'
2024-08-06 23:15:57.662 [DEBUG] [thread-id 1] - conditionally execute a flow. condition: true
2024-08-06 23:15:57.832 [DEBUG] [thread-id 1] - Trying for other item as this is in excluded list of item ids
2024-08-06 23:15:58.310 [DEBUG] [thread-id 1] - Store in: store the value 'null' in the variable 'itemDetails'
2024-08-06 23:15:58.540 [DEBUG] [thread-id 1] - {"itemId":"821681268","astroStatus":"SUCCESS","astroDescription":"FC_DELIVERY (821681268), ORDER CREATED","orderType":"FC_DELIVERY","storeId":"32144","orderNumber":null,"eligiblePaths":["buynow"],"paymentTypes":["cc"],"inEligiblePaths":[],"offerId":"FBF389D8894A4BDAACA8795A7EB7706A","_id":"641c83a5b2ad5031d40afdd3","__v":0,"createdAt":"2023-03-23T16:51:49.812Z","price":{"currencyAmount":41.09,"currencyUnit":"USD"},"updatedAt":"2024-08-07T06:15:08.320Z"}
2024-08-06 23:15:58.680 [DEBUG] [thread-id 1] - Store in: store the value '821681268' in the variable 'itemFetched'
2024-08-06 23:15:58.799 [DEBUG] [thread-id 1] - Store in: store the value 'SUCCESS' in the variable 'itemStatus'
2024-08-06 23:15:59.001 [WARN] [thread-id 1] - variable healthCheck was used, but r2 could not find a value for this variable. returning default of null
2024-08-06 23:15:59.115 [DEBUG] [thread-id 1] - conditionally execute a flow. condition: true
2024-08-06 23:15:59.337 [DEBUG] [thread-id 1] - Execute Node: 'us/e2e-tests/helpers/splitNumberString.js'
2024-08-06 23:15:59.597 [DEBUG] [thread-id 1] - 821681268
2024-08-06 23:15:59.751 [WARN] [thread-id 1] - variable skipForNext was used, but r2 could not find a value for this variable. returning default of null
2024-08-06 23:15:59.923 [WARN] [thread-id 1] - variable excludeFetchedItem was used, but r2 could not find a value for this variable. returning default of null
2024-08-06 23:15:59.923 [DEBUG] [thread-id 1] - conditionally execute a flow. condition: false
2024-08-06 23:16:00.066 [DEBUG] [thread-id 1] - Checking item eligibility before proceeding
2024-08-06 23:16:00.067 [DEBUG] [thread-id 1] - Store in: store the value 'false' in the variable 'itemEligiblity'
2024-08-06 23:16:00.067 [DEBUG] [thread-id 1] - Store in: store the value 'false' in the variable 'ignoreItem'
2024-08-06 23:16:00.067 [DEBUG] [thread-id 1] - loop: over '["516252273","821681268", "1822965598","131979272", "178236317", "779762816","1937310256","443922107","795796940", "812231723", "2466884336", "414743206", "3812214807", "3388422911", "441746984", "816076989", "472115968", "961350767","981898706","812231723","499284126279","10801611", "982133078","111220513","1126228020"]'
2024-08-06 23:16:00.310 [DEBUG] [thread-id 1] - conditionally execute a flow. condition: true
2024-08-06 23:16:00.986 [DEBUG] [thread-id 1] - Store in: store the value 'true' in the variable 'ignoreItem'
2024-08-06 23:16:01.182 [DEBUG] [thread-id 1] - conditionally execute a flow. condition: true
2024-08-06 23:16:01.351 [DEBUG] [thread-id 1] - Trying for other item as this is in excluded list of item ids
2024-08-06 23:16:01.583 [DEBUG] [thread-id 1] - Store in: store the value 'null' in the variable 'itemDetails'
2024-08-06 23:16:01.781 [DEBUG] [thread-id 1] - {"itemId":"2110489082","astroStatus":"SUCCESS","astroDescription":"FC_DELIVERY (2110489082), ORDER CREATED","orderType":"FC_DELIVERY","storeId":"32144","orderNumber":null,"eligiblePaths":["buynow"],"paymentTypes":["cc"],"inEligiblePaths":[],"offerId":"2B0EEC6FD93843748E48E676EF7C2FDF","_id":"651b6ba1ed29e724002a40e8","__v":0,"createdAt":"2023-10-03T01:17:21.764Z","price":{"currencyAmount":39,"currencyUnit":"USD","unit":"EA"},"updatedAt":"2024-08-07T06:15:09.157Z"}
2024-08-06 23:16:01.949 [DEBUG] [thread-id 1] - Store in: store the value '2110489082' in the variable 'itemFetched'
2024-08-06 23:16:02.069 [DEBUG] [thread-id 1] - Store in: store the value 'SUCCESS' in the variable 'itemStatus'
2024-08-06 23:16:02.182 [WARN] [thread-id 1] - variable healthCheck was used, but r2 could not find a value for this variable. returning default of null
2024-08-06 23:16:02.373 [DEBUG] [thread-id 1] - conditionally execute a flow. condition: true
2024-08-06 23:16:02.591 [DEBUG] [thread-id 1] - Execute Node: 'us/e2e-tests/helpers/splitNumberString.js'
2024-08-06 23:16:02.802 [DEBUG] [thread-id 1] - 2110489082
2024-08-06 23:16:02.916 [WARN] [thread-id 1] - variable skipForNext was used, but r2 could not find a value for this variable. returning default of null
2024-08-06 23:16:03.134 [WARN] [thread-id 1] - variable excludeFetchedItem was used, but r2 could not find a value for this variable. returning default of null
2024-08-06 23:16:03.135 [DEBUG] [thread-id 1] - conditionally execute a flow. condition: false
2024-08-06 23:16:03.303 [DEBUG] [thread-id 1] - Checking item eligibility before proceeding
2024-08-06 23:16:03.303 [DEBUG] [thread-id 1] - Store in: store the value 'false' in the variable 'itemEligiblity'
2024-08-06 23:16:03.304 [DEBUG] [thread-id 1] - Store in: store the value 'false' in the variable 'ignoreItem'
2024-08-06 23:16:03.304 [DEBUG] [thread-id 1] - loop: over '["516252273","821681268", "1822965598","131979272", "178236317", "779762816","1937310256","443922107","795796940", "812231723", "2466884336", "414743206", "3812214807", "3388422911", "441746984", "816076989", "472115968", "961350767","981898706","812231723","499284126279","10801611", "982133078","111220513","1126228020"]'
2024-08-06 23:16:07.709 [DEBUG] [thread-id 1] - conditionally execute a flow. condition: false
2024-08-06 23:16:07.910 [DEBUG] [thread-id 1] - conditionally execute a flow. condition: true
2024-08-06 23:16:08.120 [DEBUG] [thread-id 1] - Store in: store the value 'true' in the variable 'itemEligiblity'
2024-08-06 23:16:08.306 [DEBUG] [thread-id 1] - conditionally execute a flow. condition: true
2024-08-06 23:16:08.700 [DEBUG] [thread-id 1] - Stock available Item Id 2110489082 for type FC_DELIVERY
2024-08-06 23:16:08.878 [WARN] [thread-id 1] - variable fetchedItemDataDetails was used, but r2 could not find a value for this variable. returning default of null
2024-08-06 23:16:08.879 [DEBUG] [thread-id 1] - Execute Node: 'us/e2e-tests/helpers/jsonParser.js'
2024-08-06 23:16:09.042 [DEBUG] [thread-id 1] - Store in: store the value 'false' in the variable 'skipForNext'
2024-08-06 23:16:09.164 [DEBUG] [thread-id 1] - Store in: store the value 'false' in the variable 'excludeFetchedItem'
2024-08-06 23:16:09.170 [DEBUG] [thread-id 1] - Store in: store the value 'null' in the variable 'storeId'
2024-08-06 23:16:09.171 [DEBUG] [thread-id 1] - Store in: store the value 'null' in the variable 'itemStatusHeader'
2024-08-06 23:16:09.173 [DEBUG] [thread-id 1] - Store in: store the value 'false' in the variable 'healthCheck'
2024-08-06 23:16:09.174 [DEBUG] [thread-id 1] - Store in: store the value 'null' in the variable 'version'
2024-08-06 23:16:09.174 [DEBUG] [thread-id 1] - Store in: store the value 'null' in the variable 'itemFilter'
2024-08-06 23:16:09.176 [DEBUG] [thread-id 1] - Store in: store the value 'false' in the variable 'noSubSet'
2024-08-06 23:16:09.293 [DEBUG] [thread-id 1] - Store in: store the value 'null' in the variable 'backupItem'
2024-08-06 23:16:09.294 [DEBUG] [thread-id 1] - Store in: store the value 'null' in the variable 'source'
2024-08-06 23:16:09.295 [DEBUG] [thread-id 1] - Store in: store the value 'null' in the variable 'useHardCodedItem'
2024-08-06 23:16:09.296 [DEBUG] [thread-id 1] - Store in: store the value 'walmart://item/2110489082' in the variable 'deeplinkURl'
2024-08-06 23:16:09.296 [DEBUG] [thread-id 1] - Item:2110489082
2024-08-06 23:16:09.297 [DEBUG] [thread-id 1] - deeplinkURL:walmart://item/2110489082
2024-08-06 23:16:09.298 [DEBUG] [thread-id 1] - Store in: store the value '2110489082' in the variable 'item1'
2024-08-06 23:16:09.299 [DEBUG] [thread-id 1] - Executing function: 'us.functions.global.navigation.goToDeepLink'
2024-08-06 23:16:09.299 [DEBUG] [thread-id 1] - Verify value of: '$deepLinkUrl'
2024-08-06 23:16:09.299 [DEBUG] [thread-id 1] - Open link: 'walmart://item/2110489082'
2024-08-06 23:16:09.485 [DEBUG] [thread-id 1] - Executing function: 'us.functions.buyNow.associateDiscountPrompt.applyDiscount'
2024-08-06 23:16:22.575 [DEBUG] [thread-id 1] - Click element: 'com.walmart.android.debug:id/item_product_buy_now'
2024-08-06 23:16:46.264 [DEBUG] [thread-id 1] - sleep:  5000 milliseconds
2024-08-06 23:16:51.278 [DEBUG] [thread-id 1] - Executing function: 'us.functions.utils.scrollIfNotVisible'
2024-08-06 23:16:51.287 [WARN] [thread-id 1] - variable scrollLimit was used, but r2 could not find a value for this variable. returning default of null
2024-08-06 23:16:51.291 [DEBUG] [thread-id 1] - conditionally execute a flow. condition: true
2024-08-06 23:16:51.415 [DEBUG] [thread-id 1] - Store in: store the value '7' in the variable 'scrollLimit'
2024-08-06 23:16:51.417 [DEBUG] [thread-id 1] - Scroll limit set to - 7
2024-08-06 23:17:01.495 [DEBUG] [thread-id 1] - conditionally execute a flow. condition: false
2024-08-06 23:17:01.579 [DEBUG] [thread-id 1] - conditionally execute a flow. condition: false
2024-08-06 23:17:01.661 [WARN] [thread-id 1] - variable identifierScope was used, but r2 could not find a value for this variable. returning default of null
2024-08-06 23:17:01.662 [DEBUG] [thread-id 1] - conditionally execute a flow. condition: true
2024-08-06 23:17:01.813 [DEBUG] [thread-id 1] - Scroll: down
2024-08-06 23:17:30.220 [DEBUG] [thread-id 1] - Resetting scrollPosition variable to default
2024-08-06 23:17:30.222 [DEBUG] [thread-id 1] - Store in: store the value 'null' in the variable 'scrollPosition'
2024-08-06 23:17:30.222 [DEBUG] [thread-id 1] - Store in: store the value 'null' in the variable 'identifierScope'
2024-08-06 23:17:30.223 [DEBUG] [thread-id 1] - Store in: store the value 'null' in the variable 'scrollLimit'
2024-08-06 23:19:22.546 [DEBUG] [thread-id 1] - Main failed: Is not present: 'com.walmart.android.debug:id/checkout_buy_now_long_tax_text', 'com.walmart.android.debug:id/checkout_buy_now_arriving_section', 'com.walmart.android.debug:id/checkout_buy_now_estimate_total_section', 'com.walmart.android.debug:id/checkout_buy_now_button_place_order', 'com.walmart.android.debug:id/checkout_buy_now_fulfillment_value', '//android.widget.LinearLayout[@resource-id="com.walmart.android.debug:id/checkout_buy_now_pay_value"] | //android.widget.LinearLayout[@resource-id="com.walmart.android.debug:id/buy_now_card_summaries"] | //android.view.ViewGroup[@resource-id="com.walmart.android.debug:id/checkout_buy_now_pay_with_section"] | //android.view.ViewGroup[@resource-id="com.walmart.android.debug:id/checkout_buy_now_pay_with_wallet_section"]'
2024-08-06 23:19:22.715 [DEBUG] [thread-id 1] - Executing scenario: 'After'
2024-08-06 23:19:22.716 [DEBUG] [thread-id 1] - Executing function: 'us.functions.utils.afterSteps'
2024-08-06 23:19:22.716 [WARN] [thread-id 1] - variable testStatus was used, but r2 could not find a value for this variable. returning default of null
2024-08-06 23:19:22.716 [DEBUG] [thread-id 1] - conditionally execute a flow. condition: false
2024-08-06 23:19:22.789 [DEBUG] [thread-id 1] - Test failed
2024-08-06 23:19:24.309 [DEBUG] [thread-id 1] - Created report: /Users/m0k0a2f/glass-automation/report/index.html
