2024-10-25 10:24:48.317 [DEBUG] [thread-id 1] - Executing R2 4.0.2: '/Users/m0k0a2f/glass-automation/./us/e2e-tests/test-scripts/android/golden-flows/Ecomm-And-Fulfillment-Flows/buy-now-flows/pre-transaction/C2666161- create-account-from-buy-now.yaml' on device: 'Pixel_5_API_31'
2024-10-25 10:24:48.424 [INFO] [thread-id 1] - url: http://127.0.0.1:4723
2024-10-25 10:25:05.654 [DEBUG] [thread-id 1] - Executing scenario: 'Before'
2024-10-25 10:25:05.655 [DEBUG] [thread-id 1] - R2_SUBFLOW_PRE_TRANSACTION
2024-10-25 10:25:05.715 [DEBUG] [thread-id 1] - Using us-errors-helpers.yaml
2024-10-25 10:25:05.768 [DEBUG] [thread-id 1] - Start Main
2024-10-25 10:25:05.769 [DEBUG] [thread-id 1] - Executing function: 'us.functions.utils.fetchFulcrumAvailableItemD'
2024-10-25 10:25:05.770 [DEBUG] [thread-id 1] - Fetching Item available in stock using Fulcrum API for Item type FC_DELIVERY
2024-10-25 10:25:05.771 [WARN] [thread-id 1] - variable storeId was used, but r2 could not find a value for this variable. returning default of null
2024-10-25 10:25:05.780 [DEBUG] [thread-id 1] - conditionally execute a flow. condition: true
2024-10-25 10:25:05.805 [DEBUG] [thread-id 1] - Store in: store the value '32144' in the variable 'storeId'
2024-10-25 10:25:05.805 [WARN] [thread-id 1] - variable nextGen was used, but r2 could not find a value for this variable. returning default of null
2024-10-25 10:25:05.806 [DEBUG] [thread-id 1] - conditionally execute a flow. condition: true
2024-10-25 10:25:05.832 [DEBUG] [thread-id 1] - Store in: store the value 'nextgen' in the variable 'version'
2024-10-25 10:25:05.832 [WARN] [thread-id 1] - variable itemStatusHeader was used, but r2 could not find a value for this variable. returning default of null
2024-10-25 10:25:05.833 [DEBUG] [thread-id 1] - conditionally execute a flow. condition: true
2024-10-25 10:25:05.859 [DEBUG] [thread-id 1] - Store in: store the value 'SUCCESS' in the variable 'itemStatusHeader'
2024-10-25 10:25:05.860 [DEBUG] [thread-id 1] - conditionally execute a flow. condition: true
2024-10-25 10:25:05.887 [WARN] [thread-id 1] - variable itemSubFilter was used, but r2 could not find a value for this variable. returning default of null
2024-10-25 10:25:05.888 [DEBUG] [thread-id 1] - conditionally execute a flow. condition: false
2024-10-25 10:25:05.914 [DEBUG] [thread-id 1] - conditionally execute a flow. condition: false
2024-10-25 10:25:05.938 [WARN] [thread-id 1] - variable itemSubFilter was used, but r2 could not find a value for this variable. returning default of null
2024-10-25 10:25:05.960 [DEBUG] [thread-id 1] - Store in: store the value 'nextgen' in the variable 'version'
2024-10-25 10:25:05.961 [DEBUG] [thread-id 1] - Store in: store the value 'null' in the variable 'itemDetails'
2024-10-25 10:25:05.985 [DEBUG] [thread-id 1] - conditionally execute a flow. condition: true
2024-10-25 10:25:06.009 [DEBUG] [thread-id 1] - NextGen API
2024-10-25 10:25:06.031 [WARN] [thread-id 1] - variable fetchURL was used, but r2 could not find a value for this variable. returning default of null
2024-10-25 10:25:06.031 [DEBUG] [thread-id 1] - Call API: 'null'
2024-10-25 10:25:11.131 [WARN] [thread-id 1] - variable fetchURL was used, but r2 could not find a value for this variable. returning default of null
2024-10-25 10:25:11.131 [DEBUG] [thread-id 1] - Call API: 'null'
2024-10-25 10:25:16.284 [WARN] [thread-id 1] - variable fetchURL was used, but r2 could not find a value for this variable. returning default of null
2024-10-25 10:25:16.284 [DEBUG] [thread-id 1] - Call API: 'null'
2024-10-25 10:25:21.379 [WARN] [thread-id 1] - variable fetchURL was used, but r2 could not find a value for this variable. returning default of null
2024-10-25 10:25:21.379 [DEBUG] [thread-id 1] - Call API: 'null'
2024-10-25 10:25:26.447 [DEBUG] [thread-id 1] - Store in: store the value 'unavailable' in the variable 'itemDetails'
2024-10-25 10:25:26.448 [WARN] [thread-id 1] - variable fetchItemStatus was used, but r2 could not find a value for this variable. returning default of null
2024-10-25 10:25:26.449 [DEBUG] [thread-id 1] - Store in: store the value 'null' in the variable 'storeId'
2024-10-25 10:25:26.450 [DEBUG] [thread-id 1] - Store in: store the value 'null' in the variable 'itemStatusHeader'
2024-10-25 10:25:26.450 [DEBUG] [thread-id 1] - Store in: store the value 'false' in the variable 'healthCheck'
2024-10-25 10:25:26.450 [DEBUG] [thread-id 1] - Store in: store the value 'null' in the variable 'version'
2024-10-25 10:25:26.451 [DEBUG] [thread-id 1] - Store in: store the value 'null' in the variable 'itemFilter'
2024-10-25 10:25:26.452 [DEBUG] [thread-id 1] - Store in: store the value 'false' in the variable 'noSubSet'
2024-10-25 10:25:26.453 [DEBUG] [thread-id 1] - Store in: store the value '$itemFetched' in the variable 'item1'
2024-10-25 10:25:26.455 [DEBUG] [thread-id 1] - Executing function: 'us.functions.global.navigation.goToDeepLink'
2024-10-25 10:25:26.457 [DEBUG] [thread-id 1] - Verify value of: '$deepLinkUrl'
2024-10-25 10:25:26.458 [DEBUG] [thread-id 1] - Open link: 'walmart://item/$itemFetched'
2024-10-25 10:25:26.760 [DEBUG] [thread-id 1] - R2_SUBFLOW_TRANSACTION
2024-10-25 10:25:26.762 [WARN] [thread-id 1] - variable timestamp was used, but r2 could not find a value for this variable. returning default of null
2024-10-25 10:25:26.762 [DEBUG] [thread-id 1] - Executing function: 'us.functions.buyNow.newUser.overlay.createNewAccount'
2024-10-25 10:25:26.763 [WARN] [thread-id 1] - variable timestamp was used, but r2 could not find a value for this variable. returning default of null
2024-10-25 10:25:26.763 [DEBUG] [thread-id 1] - Store in: store the value 'identity-testusernull@walmart.com' in the variable 'astroEmail'
2024-10-25 10:25:26.763 [DEBUG] [thread-id 1] - Store in: store the value '5678923459' in the variable 'astroPhoneNumber'
2024-10-25 10:25:26.764 [DEBUG] [thread-id 1] - sleep:  10000 milliseconds
2024-10-25 10:25:37.156 [WARN] [thread-id 1] - variable timestamp was used, but r2 could not find a value for this variable. returning default of null
2024-10-25 10:25:37.746 [WARN] [thread-id 1] - variable timestamp was used, but r2 could not find a value for this variable. returning default of null
2024-10-25 10:25:37.781 [WARN] [thread-id 1] - variable timestamp was used, but r2 could not find a value for this variable. returning default of null
2024-10-25 10:25:37.823 [WARN] [thread-id 1] - variable timestamp was used, but r2 could not find a value for this variable. returning default of null
2024-10-25 10:25:37.858 [WARN] [thread-id 1] - variable timestamp was used, but r2 could not find a value for this variable. returning default of null
2024-10-25 10:25:37.894 [WARN] [thread-id 1] - variable timestamp was used, but r2 could not find a value for this variable. returning default of null
2024-10-25 10:25:37.923 [WARN] [thread-id 1] - variable timestamp was used, but r2 could not find a value for this variable. returning default of null
2024-10-25 10:25:37.956 [WARN] [thread-id 1] - variable timestamp was used, but r2 could not find a value for this variable. returning default of null
2024-10-25 10:25:37.983 [WARN] [thread-id 1] - variable timestamp was used, but r2 could not find a value for this variable. returning default of null
2024-10-25 10:25:38.015 [WARN] [thread-id 1] - variable timestamp was used, but r2 could not find a value for this variable. returning default of null
2024-10-25 10:25:38.059 [WARN] [thread-id 1] - variable timestamp was used, but r2 could not find a value for this variable. returning default of null
2024-10-25 10:25:38.093 [WARN] [thread-id 1] - variable timestamp was used, but r2 could not find a value for this variable. returning default of null
2024-10-25 10:25:38.122 [WARN] [thread-id 1] - variable timestamp was used, but r2 could not find a value for this variable. returning default of null
2024-10-25 10:25:38.155 [WARN] [thread-id 1] - variable timestamp was used, but r2 could not find a value for this variable. returning default of null
2024-10-25 10:25:38.189 [WARN] [thread-id 1] - variable timestamp was used, but r2 could not find a value for this variable. returning default of null
2024-10-25 10:25:38.217 [WARN] [thread-id 1] - variable timestamp was used, but r2 could not find a value for this variable. returning default of null
2024-10-25 10:25:38.253 [WARN] [thread-id 1] - variable timestamp was used, but r2 could not find a value for this variable. returning default of null
2024-10-25 10:25:38.289 [WARN] [thread-id 1] - variable timestamp was used, but r2 could not find a value for this variable. returning default of null
2024-10-25 10:25:38.321 [WARN] [thread-id 1] - variable timestamp was used, but r2 could not find a value for this variable. returning default of null
2024-10-25 10:25:38.355 [WARN] [thread-id 1] - variable timestamp was used, but r2 could not find a value for this variable. returning default of null
2024-10-25 10:25:38.385 [WARN] [thread-id 1] - variable timestamp was used, but r2 could not find a value for this variable. returning default of null
2024-10-25 10:25:38.413 [WARN] [thread-id 1] - variable timestamp was used, but r2 could not find a value for this variable. returning default of null
2024-10-25 10:25:38.439 [WARN] [thread-id 1] - variable timestamp was used, but r2 could not find a value for this variable. returning default of null
2024-10-25 10:25:38.476 [WARN] [thread-id 1] - variable timestamp was used, but r2 could not find a value for this variable. returning default of null
2024-10-25 10:25:38.504 [WARN] [thread-id 1] - variable timestamp was used, but r2 could not find a value for this variable. returning default of null
2024-10-25 10:25:38.531 [WARN] [thread-id 1] - variable timestamp was used, but r2 could not find a value for this variable. returning default of null
2024-10-25 10:25:38.562 [WARN] [thread-id 1] - variable timestamp was used, but r2 could not find a value for this variable. returning default of null
2024-10-25 10:25:38.588 [WARN] [thread-id 1] - variable timestamp was used, but r2 could not find a value for this variable. returning default of null
2024-10-25 10:25:38.654 [WARN] [thread-id 1] - variable timestamp was used, but r2 could not find a value for this variable. returning default of null
2024-10-25 10:25:38.737 [WARN] [thread-id 1] - variable timestamp was used, but r2 could not find a value for this variable. returning default of null
2024-10-25 10:25:38.820 [WARN] [thread-id 1] - variable timestamp was used, but r2 could not find a value for this variable. returning default of null
2024-10-25 10:25:40.079 [DEBUG] [thread-id 1] - Main failed: Is not present: 'com.walmart.android.debug:id/item_product_buy_now'
2024-10-25 10:25:40.165 [DEBUG] [thread-id 1] - Executing scenario: 'After'
2024-10-25 10:25:40.166 [DEBUG] [thread-id 1] - Executing function: 'us.functions.utils.afterSteps'
2024-10-25 10:25:40.167 [WARN] [thread-id 1] - variable testStatus was used, but r2 could not find a value for this variable. returning default of null
2024-10-25 10:25:40.167 [DEBUG] [thread-id 1] - conditionally execute a flow. condition: false
2024-10-25 10:25:40.195 [DEBUG] [thread-id 1] - Test failed
2024-10-25 10:25:41.605 [DEBUG] [thread-id 1] - Created report: /Users/m0k0a2f/glass-automation/report/index.html
