2024-06-09 13:03:33.706 [DEBUG] [thread-id 1] - Executing R2 4.0.2: '/Users/m0k0a2f/glass-automation/./us/e2e-tests/test-scripts/android/prod-flows/Ecomm-And-Fulfillment-Flows/acc-auto-care-center-flows/C2693272-acc-pay-for-installation.yaml' on device: 'Pixel_8_Pro_API_34'
2024-06-09 13:03:33.803 [INFO] [thread-id 1] - url: http://127.0.0.1:4723
2024-06-09 13:03:47.144 [DEBUG] [thread-id 1] - Executing scenario: 'Before'
2024-06-09 13:03:47.146 [DEBUG] [thread-id 1] - R2_SUBFLOW_PRE_TRANSACTION
2024-06-09 13:03:47.233 [DEBUG] [thread-id 1] - Using us-errors-helpers.yaml
2024-06-09 13:03:47.319 [DEBUG] [thread-id 1] - Store in: store the value 'production' in the variable 'env'
2024-06-09 13:03:47.320 [DEBUG] [thread-id 1] - Timestamp: 1717963427320
2024-06-09 13:03:47.321 [DEBUG] [thread-id 1] - Start Activity: 'com.walmart.android.debug.com.walmart.glass.integration.splash.SplashActivity'
2024-06-09 13:04:02.538 [DEBUG] [thread-id 1] - conditionally execute a flow. condition: false
2024-06-09 13:04:02.610 [DEBUG] [thread-id 1] - Verify identifier: {com.walmart.android.debug:id/onboarding_welcome_title_textview=[true]}
2024-06-09 13:04:12.654 [DEBUG] [thread-id 1] - conditionally execute a flow. condition: false
2024-06-09 13:04:12.714 [DEBUG] [thread-id 1] - Verify identifier: {com.walmart.android.debug:id/onboarding_welcome_title_textview=[true]}
2024-06-09 13:04:12.838 [DEBUG] [thread-id 1] - Click element: 'com.walmart.android.debug:id/onboarding_welcome_secondary_button'
2024-06-09 13:04:14.783 [WARN] [thread-id 1] - variable allowNotifications was used, but r2 could not find a value for this variable. returning default of null
2024-06-09 13:04:14.787 [DEBUG] [thread-id 1] - conditionally execute a flow. condition: false
2024-06-09 13:04:14.848 [DEBUG] [thread-id 1] - Verify identifier: {com.walmart.android.debug:id/onboarding_notification_title_textview=[true]}
2024-06-09 13:04:14.987 [DEBUG] [thread-id 1] - Click element: 'com.walmart.android.debug:id/onboarding_maybe_later_button'
2024-06-09 13:04:17.015 [DEBUG] [thread-id 1] - Verify identifier: {com.walmart.android.debug:id/onboarding_location_title_textview=[true]}
2024-06-09 13:04:17.079 [DEBUG] [thread-id 1] - Click element: 'com.walmart.android.debug:id/onboarding_zip_code_button'
2024-06-09 13:04:18.074 [DEBUG] [thread-id 1] - Verify identifier: {com.walmart.android.debug:id/onboarding_title_textview=[true]}
2024-06-09 13:04:18.456 [DEBUG] [thread-id 1] - Click element: '//android.widget.EditText[@text="Enter zip code"] | //android.widget.EditText[@text="Enter postal code"] | //android.widget.EditText[@resource-id="com.walmart.android.debug:id/onboarding_zip_code_textinput"]//android.widget.EditText'
2024-06-09 13:04:19.944 [DEBUG] [thread-id 1] - Enter text: '95122'
2024-06-09 13:04:21.810 [DEBUG] [thread-id 1] - Hide keyboard: 'true'
2024-06-09 13:04:28.321 [DEBUG] [thread-id 1] - Click element: 'com.walmart.android.debug:id/onboarding_zip_code_search_button'
2024-06-09 13:04:28.986 [DEBUG] [thread-id 1] - sleep:  3000 milliseconds
2024-06-09 13:04:31.989 [DEBUG] [thread-id 1] - loop: from 0 to 3
2024-06-09 13:04:33.737 [DEBUG] [thread-id 1] - 0
2024-06-09 13:04:43.949 [DEBUG] [thread-id 1] - conditionally execute a flow. condition: false
2024-06-09 13:04:54.233 [DEBUG] [thread-id 1] - Verify identifier: {com.walmart.android.debug:id/onboarding_title_textview=[true]}
2024-06-09 13:04:54.233 [DEBUG] [thread-id 1] - Executing function: 'us.functions.global.onboarding.popUpScreen'
2024-06-09 13:04:54.233 [DEBUG] [thread-id 1] - sleep:  3000 milliseconds
2024-06-09 13:05:07.299 [DEBUG] [thread-id 1] - sleep:  3000 milliseconds
2024-06-09 13:05:10.304 [DEBUG] [thread-id 1] - Executing function: 'us.functions.global.onboarding.smartLock.DismissNoneOfTheAbove'
2024-06-09 13:05:20.353 [DEBUG] [thread-id 1] - conditionally execute a flow. condition: false
2024-06-09 13:05:30.449 [DEBUG] [thread-id 1] - sleep:  3000 milliseconds
2024-06-09 13:05:33.454 [DEBUG] [thread-id 1] - Executing function: 'us.functions.home.personalizedPopUpScreenClose'
2024-06-09 13:05:33.455 [DEBUG] [thread-id 1] - sleep:  5000 milliseconds
2024-06-09 13:05:48.510 [DEBUG] [thread-id 1] - sleep:  3000 milliseconds
2024-06-09 13:06:01.654 [DEBUG] [thread-id 1] - sleep:  3000 milliseconds
2024-06-09 13:06:04.661 [DEBUG] [thread-id 1] - Executing function: 'us.functions.utils.tryAgainWhenThereIsError'
2024-06-09 13:06:04.663 [DEBUG] [thread-id 1] - loop: from 0 to 3
2024-06-09 13:06:04.759 [DEBUG] [thread-id 1] - 0
2024-06-09 13:06:14.888 [DEBUG] [thread-id 1] - conditionally execute a flow. condition: false
2024-06-09 13:06:24.977 [DEBUG] [thread-id 1] - Executing function: 'us.functions.gic.collapseIfExpanded'
2024-06-09 13:06:35.023 [DEBUG] [thread-id 1] - conditionally execute a flow. condition: false
2024-06-09 13:06:35.096 [DEBUG] [thread-id 1] - gic is collapsed
2024-06-09 13:06:35.162 [DEBUG] [thread-id 1] - Verify identifier: {//android.widget.EditText[@resource-id="com.walmart.android.debug:id/search_view"]=[true]}
2024-06-09 13:06:35.163 [DEBUG] [thread-id 1] - Executing function: 'us.functions.home.handleReorderToolTip'
2024-06-09 13:06:35.165 [DEBUG] [thread-id 1] - conditionally execute a flow. condition: true
2024-06-09 13:06:35.240 [DEBUG] [thread-id 1] - tooltip displayed
2024-06-09 13:06:35.384 [DEBUG] [thread-id 1] - Click element: 'com.walmart.android.debug:id/design_callout_close_button'
2024-06-09 13:06:36.102 [DEBUG] [thread-id 1] - Verify identifier: {com.walmart.android.debug:id/design_callout_text=[true]}
2024-06-09 13:06:36.685 [DEBUG] [thread-id 1] - sleep:  3000 milliseconds
2024-06-09 13:06:39.689 [DEBUG] [thread-id 1] - Executing function: 'us.functions.home.navigateHomeToSignIn'
2024-06-09 13:06:39.753 [DEBUG] [thread-id 1] - Click element: '//android.widget.FrameLayout[contains(@content-desc,"Account")]'
2024-06-09 13:06:40.365 [DEBUG] [thread-id 1] - sleep:  5000 milliseconds
2024-06-09 13:06:45.436 [DEBUG] [thread-id 1] - Verify identifier: {//*[@resource-id="com.walmart.android.debug:id/sign_in_button"]|//*[@resource-id="com.walmart.android.debug:id/account_sign_in_button"]=[true]}
2024-06-09 13:06:45.439 [DEBUG] [thread-id 1] - loop: from 1 to 3
2024-06-09 13:06:45.506 [DEBUG] [thread-id 1] - Executing function: 'us.functions.global.onboarding.smartLock.DismissNoneOfTheAbove'
2024-06-09 13:06:55.536 [DEBUG] [thread-id 1] - conditionally execute a flow. condition: false
2024-06-09 13:07:05.741 [DEBUG] [thread-id 1] - conditionally execute a flow. condition: true
2024-06-09 13:07:05.859 [DEBUG] [thread-id 1] - Click element: '//*[@resource-id="com.walmart.android.debug:id/sign_in_button"]|//*[@resource-id="com.walmart.android.debug:id/account_sign_in_button"]'
2024-06-09 13:07:06.772 [DEBUG] [thread-id 1] - sleep:  3000 milliseconds
2024-06-09 13:07:19.903 [DEBUG] [thread-id 1] - conditionally execute a flow. condition: true
2024-06-09 13:07:19.936 [DEBUG] [thread-id 1] - Store in: store the value 'true' in the variable 'signInValidated'
2024-06-09 13:07:19.967 [DEBUG] [thread-id 1] - conditionally execute a flow. condition: true
2024-06-09 13:07:19.993 [DEBUG] [thread-id 1] - SignIn page loaded
2024-06-09 13:07:20.023 [DEBUG] [thread-id 1] - Store in: store the value 'false' in the variable 'signInValidated'
2024-06-09 13:07:20.026 [DEBUG] [thread-id 1] - Executing function: 'us.functions.global.authentication.signInAccount'
2024-06-09 13:07:20.027 [DEBUG] [thread-id 1] - Executing function: 'us.functions.global.onboarding.smartLock.DismissNoneOfTheAbove'
2024-06-09 13:07:30.041 [DEBUG] [thread-id 1] - conditionally execute a flow. condition: false
2024-06-09 13:07:40.132 [WARN] [thread-id 1] - variable validateSignInPage was used, but r2 could not find a value for this variable. returning default of null
2024-06-09 13:07:40.162 [DEBUG] [thread-id 1] - Verify identifier: {//android.widget.EditText[@content-desc="Email"]/android.widget.FrameLayout/android.widget.EditText | //android.widget.LinearLayout[@resource-id="com.walmart.android.debug:id/auth_field_login_id"]/android.widget.FrameLayout/android.widget.EditText | //android.widget.EditText[@text="Email"] | //android.widget.EditText[@content-desc="Phone number or email"]/android.widget.FrameLayout/android.widget.EditText | //android.widget.LinearLayout[@resource-id="com.walmart.android.debug:id/auth_field_login_id_component"]//android.widget.EditText=[true]}
2024-06-09 13:07:40.196 [DEBUG] [thread-id 1] - Enter text: 'prod.mp.seller@cloudtest.org'
2024-06-09 13:07:41.702 [DEBUG] [thread-id 1] - loop: from 1 to 3
2024-06-09 13:07:42.467 [DEBUG] [thread-id 1] - sleep:  3000 milliseconds
2024-06-09 13:07:45.594 [DEBUG] [thread-id 1] - conditionally execute a flow. condition: true
2024-06-09 13:07:45.818 [DEBUG] [thread-id 1] - Click element: 'com.walmart.android.debug:id/auth_button_main'
2024-06-09 13:07:47.411 [DEBUG] [thread-id 1] - sleep:  5000 milliseconds
2024-06-09 13:07:52.499 [DEBUG] [thread-id 1] - conditionally execute a flow. condition: true
2024-06-09 13:07:52.587 [DEBUG] [thread-id 1] - Click element: 'Enter your password'
2024-06-09 13:07:53.745 [DEBUG] [thread-id 1] - Selected Password Option to Login
2024-06-09 13:07:53.797 [DEBUG] [thread-id 1] - sleep:  5000 milliseconds
2024-06-09 13:07:58.906 [DEBUG] [thread-id 1] - conditionally execute a flow. condition: true
2024-06-09 13:07:58.949 [DEBUG] [thread-id 1] - Store in: store the value 'true' in the variable 'signInValidated'
2024-06-09 13:07:58.990 [DEBUG] [thread-id 1] - conditionally execute a flow. condition: true
2024-06-09 13:07:59.036 [DEBUG] [thread-id 1] - Store in: store the value 'false' in the variable 'signInValidated'
2024-06-09 13:07:59.084 [DEBUG] [thread-id 1] - Email entered
2024-06-09 13:08:19.156 [WARN] [thread-id 1] - variable validateSignInPage was used, but r2 could not find a value for this variable. returning default of null
2024-06-09 13:08:19.157 [DEBUG] [thread-id 1] - loop: from 1 to 3
2024-06-09 13:08:19.204 [DEBUG] [thread-id 1] - sleep:  2000 milliseconds
2024-06-09 13:08:21.264 [DEBUG] [thread-id 1] - conditionally execute a flow. condition: true
2024-06-09 13:08:21.340 [DEBUG] [thread-id 1] - Enter text: 'E2epassword$'
2024-06-09 13:08:23.422 [DEBUG] [thread-id 1] - Press go back key: 'true'
2024-06-09 13:08:24.774 [DEBUG] [thread-id 1] - sleep:  1000 milliseconds
2024-06-09 13:08:25.901 [DEBUG] [thread-id 1] - Click element: 'com.walmart.android.debug:id/auth_button_main'
2024-06-09 13:08:26.603 [DEBUG] [thread-id 1] - sleep:  5000 milliseconds
2024-06-09 13:08:32.086 [DEBUG] [thread-id 1] - conditionally execute a flow. condition: true
2024-06-09 13:08:32.173 [DEBUG] [thread-id 1] - Store in: store the value 'true' in the variable 'signInValidated'
2024-06-09 13:08:32.494 [DEBUG] [thread-id 1] - Executing function: 'us.functions.global.authentication.handleSomethingWentWrongError'
2024-06-09 13:08:32.494 [DEBUG] [thread-id 1] - sleep:  5000 milliseconds
2024-06-09 13:08:37.501 [DEBUG] [thread-id 1] - loop: from 0 to 3
2024-06-09 13:08:37.599 [DEBUG] [thread-id 1] - 0
2024-06-09 13:08:47.828 [DEBUG] [thread-id 1] - conditionally execute a flow. condition: false
2024-06-09 13:08:47.911 [DEBUG] [thread-id 1] - conditionally execute a flow. condition: true
2024-06-09 13:08:47.989 [DEBUG] [thread-id 1] - Account signed in
2024-06-09 13:08:57.994 [DEBUG] [thread-id 1] - Executing function: 'us.functions.utils.handleCartMergePopup'
2024-06-09 13:08:57.994 [DEBUG] [thread-id 1] - sleep:  7000 milliseconds
2024-06-09 13:09:05.001 [DEBUG] [thread-id 1] - loop: from 0 to 4
2024-06-09 13:09:05.105 [DEBUG] [thread-id 1] - 0
2024-06-09 13:09:15.210 [DEBUG] [thread-id 1] - conditionally execute a flow. condition: false
2024-06-09 13:09:15.287 [DEBUG] [thread-id 1] - No cart merge popup observed
2024-06-09 13:09:15.368 [DEBUG] [thread-id 1] - Executing function: 'us.functions.global.navigation.accountToHome'
2024-06-09 13:09:25.523 [DEBUG] [thread-id 1] - Verify identifier: {//androidx.cardview.widget.CardView[@resource-id="com.walmart.android.debug:id/purchase_history_card"] | //android.widget.TextView[@resource-id="com.walmart.android.debug:id/purchase_history_header"]=[true]}
2024-06-09 13:09:25.526 [DEBUG] [thread-id 1] - conditionally execute a flow. condition: true
2024-06-09 13:09:25.600 [DEBUG] [thread-id 1] - Scroll: down
2024-06-09 13:09:31.229 [DEBUG] [thread-id 1] - Scroll: up
2024-06-09 13:09:36.378 [DEBUG] [thread-id 1] - Click element: 'com.walmart.android.debug:id/navigation_shop'
2024-06-09 13:09:37.000 [DEBUG] [thread-id 1] - Executing function: 'us.functions.home.closeWPlusPromotionPopUpIfDisplayed'
2024-06-09 13:09:37.001 [DEBUG] [thread-id 1] - sleep:  6000 milliseconds
2024-06-09 13:09:53.085 [DEBUG] [thread-id 1] - Executing function: 'us.functions.global.navigation.toCartFromNavBar'
2024-06-09 13:09:53.161 [DEBUG] [thread-id 1] - Verify identifier: {com.walmart.android.debug:id/cart_summary_icon=[true]}
2024-06-09 13:09:53.222 [DEBUG] [thread-id 1] - Click element: 'com.walmart.android.debug:id/cart_summary_icon'
2024-06-09 13:09:53.855 [DEBUG] [thread-id 1] - sleep:  6000 milliseconds
2024-06-09 13:09:59.863 [DEBUG] [thread-id 1] - Executing function: 'us.functions.cart.itemMultiSellerUpdatePopUp'
2024-06-09 13:10:09.938 [DEBUG] [thread-id 1] - Executing function: 'us.functions.cart.storeChangePopUp'
2024-06-09 13:10:30.012 [DEBUG] [thread-id 1] - conditionally execute a flow. condition: false
2024-06-09 13:10:40.128 [DEBUG] [thread-id 1] - conditionally execute a flow. condition: false
2024-06-09 13:10:40.197 [WARN] [thread-id 1] - variable skipValidation was used, but r2 could not find a value for this variable. returning default of null
2024-06-09 13:10:40.200 [DEBUG] [thread-id 1] - conditionally execute a flow. condition: true
2024-06-09 13:10:40.275 [DEBUG] [thread-id 1] - Executing function: 'us.functions.utils.handleTechnicalErrorPageInCart'
2024-06-09 13:10:40.275 [DEBUG] [thread-id 1] - sleep:  15000 milliseconds
2024-06-09 13:10:55.281 [DEBUG] [thread-id 1] - Store in: store the value 'false' in the variable 'cartPageLoaded'
2024-06-09 13:10:55.284 [DEBUG] [thread-id 1] - loop: from 0 to 7
2024-06-09 13:10:55.367 [DEBUG] [thread-id 1] - 0
2024-06-09 13:10:55.504 [DEBUG] [thread-id 1] - conditionally execute a flow. condition: true
2024-06-09 13:10:55.572 [DEBUG] [thread-id 1] - conditionally execute a flow. condition: true
2024-06-09 13:10:55.644 [DEBUG] [thread-id 1] - Store in: store the value 'true' in the variable 'cartPageLoaded'
2024-06-09 13:11:05.779 [DEBUG] [thread-id 1] - conditionally execute a flow. condition: false
2024-06-09 13:11:05.848 [DEBUG] [thread-id 1] - conditionally execute a flow. condition: true
2024-06-09 13:11:05.917 [DEBUG] [thread-id 1] - Store in: store the value 'true' in the variable 'cartPageLoaded'
2024-06-09 13:11:05.988 [DEBUG] [thread-id 1] - conditionally execute a flow. condition: false
2024-06-09 13:11:06.061 [DEBUG] [thread-id 1] - conditionally execute a flow. condition: true
2024-06-09 13:11:06.132 [DEBUG] [thread-id 1] - Cart page loaded successfully
2024-06-09 13:11:06.202 [DEBUG] [thread-id 1] - Scroll: up
2024-06-09 13:11:10.936 [DEBUG] [thread-id 1] - Verify identifier: {//android.widget.TextView[@resource-id="com.walmart.android.debug:id/cartText"] | //android.widget.TextView[@resource-id="com.walmart.android.debug:id/platform_sdk_toolbar_title" and contains(@text,"Cart")]=[true]}
2024-06-09 13:11:11.018 [DEBUG] [thread-id 1] - cart page loaded
2024-06-09 13:11:11.107 [DEBUG] [thread-id 1] - Executing function: 'us.functions.utils.waitForLoadingImageToDisappear'
2024-06-09 13:11:11.107 [DEBUG] [thread-id 1] - sleep:  3000 milliseconds
2024-06-09 13:11:14.111 [DEBUG] [thread-id 1] - loop: from 0 to 5
2024-06-09 13:11:24.205 [DEBUG] [thread-id 1] - conditionally execute a flow. condition: false
2024-06-09 13:11:24.281 [DEBUG] [thread-id 1] - Executing function: 'us.functions.cart.removeAllCartItems'
2024-06-09 13:11:44.345 [DEBUG] [thread-id 1] - conditionally execute a flow. condition: false
2024-06-09 13:11:44.422 [DEBUG] [thread-id 1] - Executing function: 'us.functions.cart.scrollToTopOfCart'
2024-06-09 13:11:44.423 [DEBUG] [thread-id 1] - -------Scroll to top of cart page function start-------
2024-06-09 13:11:44.423 [DEBUG] [thread-id 1] - Scrolling to top of cart page
2024-06-09 13:11:44.424 [DEBUG] [thread-id 1] - sleep:  5000 milliseconds
2024-06-09 13:11:49.513 [DEBUG] [thread-id 1] - Verify identifier: {//*[text()="Free pickup"] | //android.widget.TextView[@text="Cart"] | //android.widget.Button[contains(@text,"Remove")][0] | //android.widget.Button[@text="Shop similar"] | //android.widget.Button[@text="Start a new order"] | //android.widget.Button[@text="Continue to checkout"] | //android.widget.Button[@text="Checkout all items"]=[true]}
2024-06-09 13:11:59.585 [DEBUG] [thread-id 1] - conditionally execute a flow. condition: false
2024-06-09 13:11:59.658 [DEBUG] [thread-id 1] - loop: from 0 to 7
2024-06-09 13:11:59.719 [DEBUG] [thread-id 1] - Check 0
2024-06-09 13:11:59.851 [DEBUG] [thread-id 1] - conditionally execute a flow. condition: true
2024-06-09 13:11:59.920 [WARN] [thread-id 1] - variable validateText was used, but r2 could not find a value for this variable. returning default of null
2024-06-09 13:11:59.923 [DEBUG] [thread-id 1] - conditionally execute a flow. condition: true
2024-06-09 13:12:00.072 [DEBUG] [thread-id 1] - get string: from '//*[@resource-id="com.walmart.android.debug:id/section_header_card"][1]//*[@resource-id="com.walmart.android.debug:id/fulfillment_method"] | //android.widget.TextView[contains(@resource-id, "fulfillment_method")]' [type='text']
2024-06-09 13:12:00.137 [DEBUG] [thread-id 1] - Scrolling up till cart page top is reached
2024-06-09 13:12:00.207 [DEBUG] [thread-id 1] - Scroll: up
2024-06-09 13:12:04.771 [DEBUG] [thread-id 1] - Check 1
2024-06-09 13:12:04.939 [DEBUG] [thread-id 1] - conditionally execute a flow. condition: true
2024-06-09 13:12:05.024 [DEBUG] [thread-id 1] - conditionally execute a flow. condition: false
2024-06-09 13:12:05.199 [DEBUG] [thread-id 1] - get string: from '//*[@resource-id="com.walmart.android.debug:id/section_header_card"][1]//*[@resource-id="com.walmart.android.debug:id/fulfillment_method"] | //android.widget.TextView[contains(@resource-id, "fulfillment_method")]' [type='text']
2024-06-09 13:12:05.272 [DEBUG] [thread-id 1] - Store currently displayed fulfillment type and compare with previously displayed fulfillment type text
2024-06-09 13:12:05.342 [DEBUG] [thread-id 1] - conditionally execute a flow. condition: true
2024-06-09 13:12:05.414 [DEBUG] [thread-id 1] - Breaking the loop as cart page top is reached
2024-06-09 13:12:05.958 [DEBUG] [thread-id 1] - Store in: store the value 'null' in the variable 'validateText'
2024-06-09 13:12:05.959 [DEBUG] [thread-id 1] - -------Scroll to top of cart page function end-------
2024-06-09 13:12:06.029 [DEBUG] [thread-id 1] - loop: from 0 to 11
2024-06-09 13:12:06.103 [DEBUG] [thread-id 1] - 0
2024-06-09 13:12:06.176 [DEBUG] [thread-id 1] - sleep:  5000 milliseconds
2024-06-09 13:12:31.360 [DEBUG] [thread-id 1] - conditionally execute a flow. condition: false
2024-06-09 13:12:31.426 [DEBUG] [thread-id 1] - Executing function: 'us.functions.utils.scrollIfNotVisible'
2024-06-09 13:12:31.427 [WARN] [thread-id 1] - variable scrollLimit was used, but r2 could not find a value for this variable. returning default of null
2024-06-09 13:12:31.427 [DEBUG] [thread-id 1] - conditionally execute a flow. condition: true
2024-06-09 13:12:31.486 [DEBUG] [thread-id 1] - Store in: store the value '5' in the variable 'scrollLimit'
2024-06-09 13:12:31.487 [DEBUG] [thread-id 1] - Scroll limit set to - 5
2024-06-09 13:12:31.487 [DEBUG] [thread-id 1] - conditionally execute a flow. condition: true
2024-06-09 13:12:31.559 [DEBUG] [thread-id 1] - Required identifier already displayed
2024-06-09 13:12:31.560 [DEBUG] [thread-id 1] - Resetting scrollPosition variable to default
2024-06-09 13:12:31.562 [DEBUG] [thread-id 1] - Store in: store the value 'null' in the variable 'scrollPosition'
2024-06-09 13:12:31.563 [DEBUG] [thread-id 1] - Store in: store the value 'null' in the variable 'identifierScope'
2024-06-09 13:12:31.564 [DEBUG] [thread-id 1] - Store in: store the value 'null' in the variable 'scrollLimit'
2024-06-09 13:12:31.641 [DEBUG] [thread-id 1] - conditionally execute a flow. condition: true
2024-06-09 13:12:31.796 [DEBUG] [thread-id 1] - Click element: 'com.walmart.android.debug:id/cart_remove_button'
2024-06-09 13:12:32.764 [DEBUG] [thread-id 1] - 1
2024-06-09 13:12:34.631 [DEBUG] [thread-id 1] - sleep:  5000 milliseconds
2024-06-09 13:12:49.782 [DEBUG] [thread-id 1] - conditionally execute a flow. condition: true
2024-06-09 13:12:49.919 [DEBUG] [thread-id 1] - Executing function: 'us.functions.cart.removeUnavailableItemsFromCart'
2024-06-09 13:13:10.010 [DEBUG] [thread-id 1] - conditionally execute a flow. condition: false
2024-06-09 13:13:10.078 [DEBUG] [thread-id 1] - oos is not displayed
2024-06-09 13:13:10.081 [DEBUG] [thread-id 1] - Executing function: 'us.functions.cart.removeAllUnavailableItems'
2024-06-09 13:13:20.137 [DEBUG] [thread-id 1] - Executing function: 'us.functions.global.navigation.backNavigation'
2024-06-09 13:13:20.138 [DEBUG] [thread-id 1] - Press go back key: 'true'
2024-06-09 13:13:20.889 [DEBUG] [thread-id 1] - Executing function: 'us.functions.home.setStore'
2024-06-09 13:13:20.891 [DEBUG] [thread-id 1] - conditionally execute a flow. condition: false
2024-06-09 13:13:21.432 [DEBUG] [thread-id 1] - Store in: store the value '95035' in the variable 'zipcode'
2024-06-09 13:13:21.502 [DEBUG] [thread-id 1] - conditionally execute a flow. condition: true
2024-06-09 13:13:21.574 [DEBUG] [thread-id 1] - Skipping as its already set to the required store
2024-06-09 13:13:21.576 [DEBUG] [thread-id 1] - Executing function: 'us.functions.search.searchItem'
2024-06-09 13:13:21.577 [DEBUG] [thread-id 1] - loop: from 1 to 3
2024-06-09 13:13:31.666 [DEBUG] [thread-id 1] - conditionally execute a flow. condition: false
2024-06-09 13:13:31.736 [DEBUG] [thread-id 1] - Verify identifier: {com.walmart.android.debug:id/navigation_search=[true]}
2024-06-09 13:13:34.886 [DEBUG] [thread-id 1] - Click element: 'com.walmart.android.debug:id/navigation_search'
2024-06-09 13:13:37.477 [DEBUG] [thread-id 1] - Verify identifier: {//android.widget.EditText[@resource-id="com.walmart.android.debug:id/search_view"]=[true]}
2024-06-09 13:13:40.643 [DEBUG] [thread-id 1] - Click element: '//android.widget.EditText[@resource-id="com.walmart.android.debug:id/search_view"]'
2024-06-09 13:13:43.291 [DEBUG] [thread-id 1] - Verify identifier: {//android.widget.EditText[@resource-id="com.walmart.android.debug:id/search_view"]=[true]}
2024-06-09 13:13:43.610 [DEBUG] [thread-id 1] - Enter text: 'Tire'
2024-06-09 13:13:47.566 [DEBUG] [thread-id 1] - sleep:  10000 milliseconds
2024-06-09 13:13:57.736 [DEBUG] [thread-id 1] - Hide keyboard: 'true'
2024-06-09 13:13:58.012 [DEBUG] [thread-id 1] - Executing function: 'us.functions.search.closeHowDoYouWantYourOrderBottomTray'
2024-06-09 13:14:18.330 [DEBUG] [thread-id 1] - conditionally execute a flow. condition: true
2024-06-09 13:14:18.516 [DEBUG] [thread-id 1] - Verify identifier: {//*[(@resource-id="com.walmart.android.debug:id/product_tile_image_view")]=[true]}
2024-06-09 13:14:28.697 [DEBUG] [thread-id 1] - conditionally execute a flow. condition: false
2024-06-09 13:14:28.812 [DEBUG] [thread-id 1] - Executing function: 'us.functions.search.clickOnFirstItem'
2024-06-09 13:14:28.813 [WARN] [thread-id 1] - variable excludeSponsored was used, but r2 could not find a value for this variable. returning default of null
2024-06-09 13:14:28.814 [DEBUG] [thread-id 1] - conditionally execute a flow. condition: true
2024-06-09 13:14:28.921 [DEBUG] [thread-id 1] - Scroll: down
2024-06-09 13:14:34.046 [DEBUG] [thread-id 1] - Click element: '//*[contains(@resource-id, "tempo_shared_contentContainerView") or contains(@resource-id, "tempo_components_contentContainerView") or contains(@resource-id, "tempo_components_internal_contentContainerView")]//*[contains(@resource-id, "product_tile_image")] | //*[contains(@resource-id, "tempo_shared_contentContainerView") or contains(@resource-id, "tempo_components_contentContainerView") or contains(@resource-id, "tempo_components_internal_contentContainerView")]//*[contains(@resource-id, "com.walmart.android.debug:id/product_tile_image_view")]'
2024-06-09 13:14:35.964 [DEBUG] [thread-id 1] - Verify identifier: {com.walmart.android.debug:id/design_bottom_sheet=[true]}
2024-06-09 13:14:35.964 [DEBUG] [thread-id 1] - Store in: store the value 'null' in the variable 'subFilter'
2024-06-09 13:14:35.965 [DEBUG] [thread-id 1] - Store in: store the value 'false' in the variable 'noAds'
2024-06-09 13:14:35.965 [DEBUG] [thread-id 1] - Store in: store the value 'false' in the variable 'excludeSponsored'
2024-06-09 13:14:35.967 [DEBUG] [thread-id 1] - Executing function: 'us.functions.item.verifyS2SItemItemPage'
2024-06-09 13:14:35.967 [DEBUG] [thread-id 1] - sleep:  5000 milliseconds
2024-06-09 13:14:40.975 [DEBUG] [thread-id 1] - Executing function: 'us.functions.utils.scrollIfNotVisible'
2024-06-09 13:14:40.977 [DEBUG] [thread-id 1] - conditionally execute a flow. condition: true
2024-06-09 13:14:41.060 [DEBUG] [thread-id 1] - Store in: store the value '5' in the variable 'scrollLimit'
2024-06-09 13:14:41.060 [DEBUG] [thread-id 1] - Scroll limit set to - 5
2024-06-09 13:14:41.099 [DEBUG] [thread-id 1] - conditionally execute a flow. condition: true
2024-06-09 13:14:41.159 [DEBUG] [thread-id 1] - Required identifier already displayed
2024-06-09 13:14:41.159 [DEBUG] [thread-id 1] - Resetting scrollPosition variable to default
2024-06-09 13:14:41.159 [DEBUG] [thread-id 1] - Store in: store the value 'null' in the variable 'scrollPosition'
2024-06-09 13:14:41.159 [DEBUG] [thread-id 1] - Store in: store the value 'null' in the variable 'identifierScope'
2024-06-09 13:14:41.159 [DEBUG] [thread-id 1] - Store in: store the value 'null' in the variable 'scrollLimit'
2024-06-09 13:14:41.261 [DEBUG] [thread-id 1] - Verify identifier: {//android.widget.TextView[@text="Check if this fits your vehicle"] | //*[@text="This tire is a good fit"]=[true]}
2024-06-09 13:14:41.261 [DEBUG] [thread-id 1] - sleep:  3000 milliseconds
2024-06-09 13:14:44.269 [DEBUG] [thread-id 1] - Executing function: 'us.functions.utils.scrollIfNotVisible'
2024-06-09 13:14:44.272 [DEBUG] [thread-id 1] - conditionally execute a flow. condition: true
2024-06-09 13:14:44.358 [DEBUG] [thread-id 1] - Store in: store the value '5' in the variable 'scrollLimit'
2024-06-09 13:14:44.358 [DEBUG] [thread-id 1] - Scroll limit set to - 5
2024-06-09 13:14:54.380 [DEBUG] [thread-id 1] - conditionally execute a flow. condition: false
2024-06-09 13:14:54.444 [DEBUG] [thread-id 1] - conditionally execute a flow. condition: false
2024-06-09 13:14:54.493 [DEBUG] [thread-id 1] - conditionally execute a flow. condition: true
2024-06-09 13:14:54.543 [DEBUG] [thread-id 1] - Scroll: down
2024-06-09 13:15:21.117 [DEBUG] [thread-id 1] - Resetting scrollPosition variable to default
2024-06-09 13:15:21.118 [DEBUG] [thread-id 1] - Store in: store the value 'null' in the variable 'scrollPosition'
2024-06-09 13:15:21.119 [DEBUG] [thread-id 1] - Store in: store the value 'null' in the variable 'identifierScope'
2024-06-09 13:15:21.120 [DEBUG] [thread-id 1] - Store in: store the value 'null' in the variable 'scrollLimit'
2024-06-09 13:15:31.128 [DEBUG] [thread-id 1] - conditionally execute a flow. condition: false
2024-06-09 13:15:42.354 [DEBUG] [thread-id 1] - Main failed: Is not present: '//android.widget.TextView[@text="Get expert tire installation"] | //*[contains(@text,"Expert Installation")]'
2024-06-09 13:15:42.473 [DEBUG] [thread-id 1] - Executing scenario: 'After'
2024-06-09 13:15:42.474 [DEBUG] [thread-id 1] - Executing function: 'us.functions.utils.afterSteps'
2024-06-09 13:15:42.474 [WARN] [thread-id 1] - variable testStatus was used, but r2 could not find a value for this variable. returning default of null
2024-06-09 13:15:42.475 [DEBUG] [thread-id 1] - conditionally execute a flow. condition: false
2024-06-09 13:15:42.525 [DEBUG] [thread-id 1] - Test failed
2024-06-09 13:15:43.551 [DEBUG] [thread-id 1] - Created report: /Users/m0k0a2f/glass-automation/report/index.html
2024-06-09 13:21:34.036 [DEBUG] [thread-id 1] - Executing R2 4.0.2: '/Users/m0k0a2f/glass-automation/./us/e2e-tests/test-scripts/android/prod-flows/Ecomm-And-Fulfillment-Flows/acc-auto-care-center-flows/C2693272-acc-pay-for-installation.yaml' on device: 'Pixel_8_Pro_API_34'
2024-06-09 13:21:34.104 [INFO] [thread-id 1] - url: http://127.0.0.1:4723
2024-06-09 13:21:47.971 [DEBUG] [thread-id 1] - Executing scenario: 'Before'
2024-06-09 13:21:47.973 [DEBUG] [thread-id 1] - R2_SUBFLOW_PRE_TRANSACTION
2024-06-09 13:21:48.069 [DEBUG] [thread-id 1] - Using us-errors-helpers.yaml
2024-06-09 13:21:48.166 [DEBUG] [thread-id 1] - Store in: store the value 'production' in the variable 'env'
2024-06-09 13:21:48.167 [DEBUG] [thread-id 1] - Timestamp: 1717964508167
2024-06-09 13:21:48.168 [DEBUG] [thread-id 1] - Start Activity: 'com.walmart.android.debug.com.walmart.glass.integration.splash.SplashActivity'
2024-06-09 13:22:02.771 [DEBUG] [thread-id 1] - conditionally execute a flow. condition: false
2024-06-09 13:22:02.840 [DEBUG] [thread-id 1] - Verify identifier: {com.walmart.android.debug:id/onboarding_welcome_title_textview=[true]}
2024-06-09 13:22:12.878 [DEBUG] [thread-id 1] - conditionally execute a flow. condition: false
2024-06-09 13:22:12.943 [DEBUG] [thread-id 1] - Verify identifier: {com.walmart.android.debug:id/onboarding_welcome_title_textview=[true]}
2024-06-09 13:22:13.060 [DEBUG] [thread-id 1] - Click element: 'com.walmart.android.debug:id/onboarding_welcome_secondary_button'
2024-06-09 13:22:15.053 [WARN] [thread-id 1] - variable allowNotifications was used, but r2 could not find a value for this variable. returning default of null
2024-06-09 13:22:15.061 [DEBUG] [thread-id 1] - conditionally execute a flow. condition: false
2024-06-09 13:22:15.130 [DEBUG] [thread-id 1] - Verify identifier: {com.walmart.android.debug:id/onboarding_notification_title_textview=[true]}
2024-06-09 13:22:15.259 [DEBUG] [thread-id 1] - Click element: 'com.walmart.android.debug:id/onboarding_maybe_later_button'
2024-06-09 13:22:17.326 [DEBUG] [thread-id 1] - Verify identifier: {com.walmart.android.debug:id/onboarding_location_title_textview=[true]}
2024-06-09 13:22:17.382 [DEBUG] [thread-id 1] - Click element: 'com.walmart.android.debug:id/onboarding_zip_code_button'
2024-06-09 13:22:18.251 [DEBUG] [thread-id 1] - Verify identifier: {com.walmart.android.debug:id/onboarding_title_textview=[true]}
2024-06-09 13:22:18.767 [DEBUG] [thread-id 1] - Click element: '//android.widget.EditText[@text="Enter zip code"] | //android.widget.EditText[@text="Enter postal code"] | //android.widget.EditText[@resource-id="com.walmart.android.debug:id/onboarding_zip_code_textinput"]//android.widget.EditText'
2024-06-09 13:22:20.254 [DEBUG] [thread-id 1] - Enter text: '95122'
2024-06-09 13:22:22.165 [DEBUG] [thread-id 1] - Hide keyboard: 'true'
2024-06-09 13:22:28.711 [DEBUG] [thread-id 1] - Click element: 'com.walmart.android.debug:id/onboarding_zip_code_search_button'
2024-06-09 13:22:29.363 [DEBUG] [thread-id 1] - sleep:  3000 milliseconds
2024-06-09 13:22:32.367 [DEBUG] [thread-id 1] - loop: from 0 to 3
2024-06-09 13:22:32.757 [DEBUG] [thread-id 1] - 0
2024-06-09 13:22:44.675 [DEBUG] [thread-id 1] - conditionally execute a flow. condition: false
2024-06-09 13:22:54.889 [DEBUG] [thread-id 1] - Verify identifier: {com.walmart.android.debug:id/onboarding_title_textview=[true]}
2024-06-09 13:22:54.890 [DEBUG] [thread-id 1] - Executing function: 'us.functions.global.onboarding.popUpScreen'
2024-06-09 13:22:54.890 [DEBUG] [thread-id 1] - sleep:  3000 milliseconds
2024-06-09 13:23:07.899 [DEBUG] [thread-id 1] - sleep:  3000 milliseconds
2024-06-09 13:23:10.908 [DEBUG] [thread-id 1] - Executing function: 'us.functions.global.onboarding.smartLock.DismissNoneOfTheAbove'
2024-06-09 13:23:20.916 [DEBUG] [thread-id 1] - conditionally execute a flow. condition: false
2024-06-09 13:23:31.125 [DEBUG] [thread-id 1] - sleep:  3000 milliseconds
2024-06-09 13:23:34.130 [DEBUG] [thread-id 1] - Executing function: 'us.functions.home.personalizedPopUpScreenClose'
2024-06-09 13:23:34.131 [DEBUG] [thread-id 1] - sleep:  5000 milliseconds
2024-06-09 13:23:49.205 [DEBUG] [thread-id 1] - sleep:  3000 milliseconds
2024-06-09 13:24:02.499 [DEBUG] [thread-id 1] - sleep:  3000 milliseconds
2024-06-09 13:24:05.506 [DEBUG] [thread-id 1] - Executing function: 'us.functions.utils.tryAgainWhenThereIsError'
2024-06-09 13:24:05.508 [DEBUG] [thread-id 1] - loop: from 0 to 3
2024-06-09 13:24:05.622 [DEBUG] [thread-id 1] - 0
2024-06-09 13:24:15.729 [DEBUG] [thread-id 1] - conditionally execute a flow. condition: false
2024-06-09 13:24:25.874 [DEBUG] [thread-id 1] - Executing function: 'us.functions.gic.collapseIfExpanded'
2024-06-09 13:24:35.892 [DEBUG] [thread-id 1] - conditionally execute a flow. condition: false
2024-06-09 13:24:35.977 [DEBUG] [thread-id 1] - gic is collapsed
2024-06-09 13:24:36.046 [DEBUG] [thread-id 1] - Verify identifier: {//android.widget.EditText[@resource-id="com.walmart.android.debug:id/search_view"]=[true]}
2024-06-09 13:24:36.047 [DEBUG] [thread-id 1] - Executing function: 'us.functions.home.handleReorderToolTip'
2024-06-09 13:24:36.049 [DEBUG] [thread-id 1] - conditionally execute a flow. condition: true
2024-06-09 13:24:36.138 [DEBUG] [thread-id 1] - tooltip displayed
2024-06-09 13:24:36.325 [DEBUG] [thread-id 1] - Click element: 'com.walmart.android.debug:id/design_callout_close_button'
2024-06-09 13:24:37.672 [DEBUG] [thread-id 1] - Verify identifier: {com.walmart.android.debug:id/design_callout_text=[true]}
2024-06-09 13:24:37.753 [DEBUG] [thread-id 1] - sleep:  3000 milliseconds
2024-06-09 13:24:40.758 [DEBUG] [thread-id 1] - Executing function: 'us.functions.home.navigateHomeToSignIn'
2024-06-09 13:24:40.837 [DEBUG] [thread-id 1] - Click element: '//android.widget.FrameLayout[contains(@content-desc,"Account")]'
2024-06-09 13:24:41.492 [DEBUG] [thread-id 1] - sleep:  5000 milliseconds
2024-06-09 13:24:46.586 [DEBUG] [thread-id 1] - Verify identifier: {//*[@resource-id="com.walmart.android.debug:id/sign_in_button"]|//*[@resource-id="com.walmart.android.debug:id/account_sign_in_button"]=[true]}
2024-06-09 13:24:46.588 [DEBUG] [thread-id 1] - loop: from 1 to 3
2024-06-09 13:24:46.659 [DEBUG] [thread-id 1] - Executing function: 'us.functions.global.onboarding.smartLock.DismissNoneOfTheAbove'
2024-06-09 13:24:56.673 [DEBUG] [thread-id 1] - conditionally execute a flow. condition: false
2024-06-09 13:25:06.918 [DEBUG] [thread-id 1] - conditionally execute a flow. condition: true
2024-06-09 13:25:07.044 [DEBUG] [thread-id 1] - Click element: '//*[@resource-id="com.walmart.android.debug:id/sign_in_button"]|//*[@resource-id="com.walmart.android.debug:id/account_sign_in_button"]'
2024-06-09 13:25:08.022 [DEBUG] [thread-id 1] - sleep:  3000 milliseconds
2024-06-09 13:25:21.225 [DEBUG] [thread-id 1] - conditionally execute a flow. condition: true
2024-06-09 13:25:21.257 [DEBUG] [thread-id 1] - Store in: store the value 'true' in the variable 'signInValidated'
2024-06-09 13:25:21.294 [DEBUG] [thread-id 1] - conditionally execute a flow. condition: true
2024-06-09 13:25:21.325 [DEBUG] [thread-id 1] - SignIn page loaded
2024-06-09 13:25:21.358 [DEBUG] [thread-id 1] - Store in: store the value 'false' in the variable 'signInValidated'
2024-06-09 13:25:21.360 [DEBUG] [thread-id 1] - Executing function: 'us.functions.global.authentication.signInAccount'
2024-06-09 13:25:21.360 [DEBUG] [thread-id 1] - Executing function: 'us.functions.global.onboarding.smartLock.DismissNoneOfTheAbove'
2024-06-09 13:25:31.390 [DEBUG] [thread-id 1] - conditionally execute a flow. condition: false
2024-06-09 13:25:41.455 [WARN] [thread-id 1] - variable validateSignInPage was used, but r2 could not find a value for this variable. returning default of null
2024-06-09 13:25:41.488 [DEBUG] [thread-id 1] - Verify identifier: {//android.widget.EditText[@content-desc="Email"]/android.widget.FrameLayout/android.widget.EditText | //android.widget.LinearLayout[@resource-id="com.walmart.android.debug:id/auth_field_login_id"]/android.widget.FrameLayout/android.widget.EditText | //android.widget.EditText[@text="Email"] | //android.widget.EditText[@content-desc="Phone number or email"]/android.widget.FrameLayout/android.widget.EditText | //android.widget.LinearLayout[@resource-id="com.walmart.android.debug:id/auth_field_login_id_component"]//android.widget.EditText=[true]}
2024-06-09 13:25:41.529 [DEBUG] [thread-id 1] - Enter text: 'prod.mp.seller@cloudtest.org'
2024-06-09 13:25:43.075 [DEBUG] [thread-id 1] - loop: from 1 to 3
2024-06-09 13:25:43.817 [DEBUG] [thread-id 1] - sleep:  3000 milliseconds
2024-06-09 13:25:46.966 [DEBUG] [thread-id 1] - conditionally execute a flow. condition: true
2024-06-09 13:25:47.195 [DEBUG] [thread-id 1] - Click element: 'com.walmart.android.debug:id/auth_button_main'
2024-06-09 13:25:48.032 [DEBUG] [thread-id 1] - sleep:  5000 milliseconds
2024-06-09 13:25:53.082 [DEBUG] [thread-id 1] - conditionally execute a flow. condition: true
2024-06-09 13:25:53.169 [DEBUG] [thread-id 1] - Click element: 'Enter your password'
2024-06-09 13:25:54.369 [DEBUG] [thread-id 1] - Selected Password Option to Login
2024-06-09 13:25:54.412 [DEBUG] [thread-id 1] - sleep:  5000 milliseconds
2024-06-09 13:25:59.522 [DEBUG] [thread-id 1] - conditionally execute a flow. condition: true
2024-06-09 13:25:59.572 [DEBUG] [thread-id 1] - Store in: store the value 'true' in the variable 'signInValidated'
2024-06-09 13:25:59.619 [DEBUG] [thread-id 1] - conditionally execute a flow. condition: true
2024-06-09 13:25:59.657 [DEBUG] [thread-id 1] - Store in: store the value 'false' in the variable 'signInValidated'
2024-06-09 13:25:59.704 [DEBUG] [thread-id 1] - Email entered
2024-06-09 13:26:19.775 [WARN] [thread-id 1] - variable validateSignInPage was used, but r2 could not find a value for this variable. returning default of null
2024-06-09 13:26:19.776 [DEBUG] [thread-id 1] - loop: from 1 to 3
2024-06-09 13:26:19.820 [DEBUG] [thread-id 1] - sleep:  2000 milliseconds
2024-06-09 13:26:21.898 [DEBUG] [thread-id 1] - conditionally execute a flow. condition: true
2024-06-09 13:26:21.991 [DEBUG] [thread-id 1] - Enter text: 'E2epassword$'
2024-06-09 13:26:24.305 [DEBUG] [thread-id 1] - Press go back key: 'true'
2024-06-09 13:26:25.624 [DEBUG] [thread-id 1] - sleep:  1000 milliseconds
2024-06-09 13:26:26.735 [DEBUG] [thread-id 1] - Click element: 'com.walmart.android.debug:id/auth_button_main'
2024-06-09 13:26:27.463 [DEBUG] [thread-id 1] - sleep:  5000 milliseconds
2024-06-09 13:26:32.679 [DEBUG] [thread-id 1] - conditionally execute a flow. condition: true
2024-06-09 13:26:32.775 [DEBUG] [thread-id 1] - Store in: store the value 'true' in the variable 'signInValidated'
2024-06-09 13:26:32.868 [DEBUG] [thread-id 1] - Executing function: 'us.functions.global.authentication.handleSomethingWentWrongError'
2024-06-09 13:26:32.869 [DEBUG] [thread-id 1] - sleep:  5000 milliseconds
2024-06-09 13:26:37.874 [DEBUG] [thread-id 1] - loop: from 0 to 3
2024-06-09 13:26:37.967 [DEBUG] [thread-id 1] - 0
2024-06-09 13:26:48.193 [DEBUG] [thread-id 1] - conditionally execute a flow. condition: false
2024-06-09 13:26:48.287 [DEBUG] [thread-id 1] - conditionally execute a flow. condition: true
2024-06-09 13:26:48.369 [DEBUG] [thread-id 1] - Account signed in
2024-06-09 13:26:58.512 [DEBUG] [thread-id 1] - Executing function: 'us.functions.utils.handleCartMergePopup'
2024-06-09 13:26:58.513 [DEBUG] [thread-id 1] - sleep:  7000 milliseconds
2024-06-09 13:27:05.520 [DEBUG] [thread-id 1] - loop: from 0 to 4
2024-06-09 13:27:05.624 [DEBUG] [thread-id 1] - 0
2024-06-09 13:27:15.726 [DEBUG] [thread-id 1] - conditionally execute a flow. condition: false
2024-06-09 13:27:15.801 [DEBUG] [thread-id 1] - No cart merge popup observed
2024-06-09 13:27:15.904 [DEBUG] [thread-id 1] - Executing function: 'us.functions.global.navigation.accountToHome'
2024-06-09 13:27:26.062 [DEBUG] [thread-id 1] - Verify identifier: {//androidx.cardview.widget.CardView[@resource-id="com.walmart.android.debug:id/purchase_history_card"] | //android.widget.TextView[@resource-id="com.walmart.android.debug:id/purchase_history_header"]=[true]}
2024-06-09 13:27:26.065 [DEBUG] [thread-id 1] - conditionally execute a flow. condition: true
2024-06-09 13:27:26.210 [DEBUG] [thread-id 1] - Scroll: down
2024-06-09 13:27:31.911 [DEBUG] [thread-id 1] - Scroll: up
2024-06-09 13:27:37.009 [DEBUG] [thread-id 1] - Click element: 'com.walmart.android.debug:id/navigation_shop'
2024-06-09 13:27:37.656 [DEBUG] [thread-id 1] - Executing function: 'us.functions.home.closeWPlusPromotionPopUpIfDisplayed'
2024-06-09 13:27:37.656 [DEBUG] [thread-id 1] - sleep:  6000 milliseconds
2024-06-09 13:27:53.778 [DEBUG] [thread-id 1] - Executing function: 'us.functions.global.navigation.toCartFromNavBar'
2024-06-09 13:27:53.864 [DEBUG] [thread-id 1] - Verify identifier: {com.walmart.android.debug:id/cart_summary_icon=[true]}
2024-06-09 13:27:53.932 [DEBUG] [thread-id 1] - Click element: 'com.walmart.android.debug:id/cart_summary_icon'
2024-06-09 13:27:54.581 [DEBUG] [thread-id 1] - sleep:  6000 milliseconds
2024-06-09 13:28:00.590 [DEBUG] [thread-id 1] - Executing function: 'us.functions.cart.itemMultiSellerUpdatePopUp'
2024-06-09 13:28:10.687 [DEBUG] [thread-id 1] - Executing function: 'us.functions.cart.storeChangePopUp'
2024-06-09 13:28:20.790 [DEBUG] [thread-id 1] - conditionally execute a flow. condition: true
2024-06-09 13:28:20.856 [DEBUG] [thread-id 1] - cart Page loaded
2024-06-09 13:28:20.857 [DEBUG] [thread-id 1] - Executing function: 'us.functions.cart.removeAllCartItems'
2024-06-09 13:28:30.956 [DEBUG] [thread-id 1] - conditionally execute a flow. condition: true
2024-06-09 13:28:31.028 [DEBUG] [thread-id 1] - No items in cart
2024-06-09 13:28:31.030 [DEBUG] [thread-id 1] - Executing function: 'us.functions.cart.removeUnavailableItemsFromCart'
2024-06-09 13:28:51.045 [DEBUG] [thread-id 1] - conditionally execute a flow. condition: false
2024-06-09 13:28:51.128 [DEBUG] [thread-id 1] - oos is not displayed
2024-06-09 13:28:51.132 [DEBUG] [thread-id 1] - Executing function: 'us.functions.cart.removeAllUnavailableItems'
2024-06-09 13:29:01.202 [DEBUG] [thread-id 1] - Executing function: 'us.functions.global.navigation.backNavigation'
2024-06-09 13:29:01.204 [DEBUG] [thread-id 1] - Press go back key: 'true'
2024-06-09 13:29:01.914 [DEBUG] [thread-id 1] - Executing function: 'us.functions.home.setStore'
2024-06-09 13:29:01.923 [DEBUG] [thread-id 1] - conditionally execute a flow. condition: false
2024-06-09 13:29:02.512 [DEBUG] [thread-id 1] - Store in: store the value '95035' in the variable 'zipcode'
2024-06-09 13:29:02.587 [DEBUG] [thread-id 1] - conditionally execute a flow. condition: true
2024-06-09 13:29:02.667 [DEBUG] [thread-id 1] - Skipping as its already set to the required store
2024-06-09 13:29:02.669 [DEBUG] [thread-id 1] - Executing function: 'us.functions.search.searchItem'
2024-06-09 13:29:02.670 [DEBUG] [thread-id 1] - loop: from 1 to 3
2024-06-09 13:29:12.789 [DEBUG] [thread-id 1] - conditionally execute a flow. condition: false
2024-06-09 13:29:12.865 [DEBUG] [thread-id 1] - Verify identifier: {com.walmart.android.debug:id/navigation_search=[true]}
2024-06-09 13:29:16.040 [DEBUG] [thread-id 1] - Click element: 'com.walmart.android.debug:id/navigation_search'
2024-06-09 13:29:18.659 [DEBUG] [thread-id 1] - Verify identifier: {//android.widget.EditText[@resource-id="com.walmart.android.debug:id/search_view"]=[true]}
2024-06-09 13:29:21.843 [DEBUG] [thread-id 1] - Click element: '//android.widget.EditText[@resource-id="com.walmart.android.debug:id/search_view"]'
2024-06-09 13:29:23.914 [DEBUG] [thread-id 1] - Verify identifier: {//android.widget.EditText[@resource-id="com.walmart.android.debug:id/search_view"]=[true]}
2024-06-09 13:29:24.663 [DEBUG] [thread-id 1] - Enter text: 'Tire'
2024-06-09 13:29:28.835 [DEBUG] [thread-id 1] - sleep:  10000 milliseconds
2024-06-09 13:29:38.993 [DEBUG] [thread-id 1] - Hide keyboard: 'true'
2024-06-09 13:29:39.332 [DEBUG] [thread-id 1] - Executing function: 'us.functions.search.closeHowDoYouWantYourOrderBottomTray'
2024-06-09 13:29:59.587 [DEBUG] [thread-id 1] - conditionally execute a flow. condition: true
2024-06-09 13:29:59.789 [DEBUG] [thread-id 1] - Verify identifier: {//*[(@resource-id="com.walmart.android.debug:id/product_tile_image_view")]=[true]}
2024-06-09 13:30:10.043 [DEBUG] [thread-id 1] - conditionally execute a flow. condition: false
2024-06-09 13:30:10.190 [DEBUG] [thread-id 1] - Executing function: 'us.functions.search.clickOnFirstItem'
2024-06-09 13:30:10.192 [WARN] [thread-id 1] - variable excludeSponsored was used, but r2 could not find a value for this variable. returning default of null
2024-06-09 13:30:10.194 [DEBUG] [thread-id 1] - conditionally execute a flow. condition: true
2024-06-09 13:30:10.316 [DEBUG] [thread-id 1] - Scroll: down
2024-06-09 13:30:15.351 [DEBUG] [thread-id 1] - Click element: '//*[contains(@resource-id, "tempo_shared_contentContainerView") or contains(@resource-id, "tempo_components_contentContainerView") or contains(@resource-id, "tempo_components_internal_contentContainerView")]//*[contains(@resource-id, "product_tile_image")] | //*[contains(@resource-id, "tempo_shared_contentContainerView") or contains(@resource-id, "tempo_components_contentContainerView") or contains(@resource-id, "tempo_components_internal_contentContainerView")]//*[contains(@resource-id, "com.walmart.android.debug:id/product_tile_image_view")]'
2024-06-09 13:30:17.215 [DEBUG] [thread-id 1] - Verify identifier: {com.walmart.android.debug:id/design_bottom_sheet=[true]}
2024-06-09 13:30:17.215 [DEBUG] [thread-id 1] - Store in: store the value 'null' in the variable 'subFilter'
2024-06-09 13:30:17.216 [DEBUG] [thread-id 1] - Store in: store the value 'false' in the variable 'noAds'
2024-06-09 13:30:17.216 [DEBUG] [thread-id 1] - Store in: store the value 'false' in the variable 'excludeSponsored'
2024-06-09 13:30:17.221 [DEBUG] [thread-id 1] - Executing function: 'us.functions.item.verifyS2SItemItemPage'
2024-06-09 13:30:17.221 [DEBUG] [thread-id 1] - sleep:  5000 milliseconds
2024-06-09 13:30:22.225 [DEBUG] [thread-id 1] - Executing function: 'us.functions.utils.scrollIfNotVisible'
2024-06-09 13:30:22.226 [WARN] [thread-id 1] - variable scrollLimit was used, but r2 could not find a value for this variable. returning default of null
2024-06-09 13:30:22.228 [DEBUG] [thread-id 1] - conditionally execute a flow. condition: true
2024-06-09 13:30:22.302 [DEBUG] [thread-id 1] - Store in: store the value '5' in the variable 'scrollLimit'
2024-06-09 13:30:22.302 [DEBUG] [thread-id 1] - Scroll limit set to - 5
2024-06-09 13:30:22.350 [DEBUG] [thread-id 1] - conditionally execute a flow. condition: true
2024-06-09 13:30:22.414 [DEBUG] [thread-id 1] - Required identifier already displayed
2024-06-09 13:30:22.414 [DEBUG] [thread-id 1] - Resetting scrollPosition variable to default
2024-06-09 13:30:22.415 [DEBUG] [thread-id 1] - Store in: store the value 'null' in the variable 'scrollPosition'
2024-06-09 13:30:22.416 [DEBUG] [thread-id 1] - Store in: store the value 'null' in the variable 'identifierScope'
2024-06-09 13:30:22.416 [DEBUG] [thread-id 1] - Store in: store the value 'null' in the variable 'scrollLimit'
2024-06-09 13:30:22.500 [DEBUG] [thread-id 1] - Verify identifier: {//android.widget.TextView[@text="Check if this fits your vehicle"] | //*[@text="This tire is a good fit"]=[true]}
2024-06-09 13:30:22.501 [DEBUG] [thread-id 1] - sleep:  3000 milliseconds
2024-06-09 13:30:25.508 [DEBUG] [thread-id 1] - Executing function: 'us.functions.utils.scrollIfNotVisible'
2024-06-09 13:30:25.510 [DEBUG] [thread-id 1] - conditionally execute a flow. condition: true
2024-06-09 13:30:25.570 [DEBUG] [thread-id 1] - Store in: store the value '5' in the variable 'scrollLimit'
2024-06-09 13:30:25.571 [DEBUG] [thread-id 1] - Scroll limit set to - 5
2024-06-09 13:30:35.593 [DEBUG] [thread-id 1] - conditionally execute a flow. condition: false
2024-06-09 13:30:35.642 [DEBUG] [thread-id 1] - conditionally execute a flow. condition: false
2024-06-09 13:30:35.693 [DEBUG] [thread-id 1] - conditionally execute a flow. condition: true
2024-06-09 13:30:35.739 [DEBUG] [thread-id 1] - Scroll: down
2024-06-09 13:30:40.922 [DEBUG] [thread-id 1] - Resetting scrollPosition variable to default
2024-06-09 13:30:40.922 [DEBUG] [thread-id 1] - Store in: store the value 'null' in the variable 'scrollPosition'
2024-06-09 13:30:40.922 [DEBUG] [thread-id 1] - Store in: store the value 'null' in the variable 'identifierScope'
2024-06-09 13:30:40.922 [DEBUG] [thread-id 1] - Store in: store the value 'null' in the variable 'scrollLimit'
2024-06-09 13:30:50.965 [DEBUG] [thread-id 1] - conditionally execute a flow. condition: false
2024-06-09 13:30:51.093 [DEBUG] [thread-id 1] - Verify identifier: {//android.widget.TextView[@text="Get expert tire installation"] | //*[contains(@text,"Expert Installation")]=[true]}
2024-06-09 13:30:51.151 [DEBUG] [thread-id 1] - conditionally execute a flow. condition: true
2024-06-09 13:30:51.217 [DEBUG] [thread-id 1] - Checkbox is present
2024-06-09 13:30:51.290 [DEBUG] [thread-id 1] - Store in: store the value 'true' in the variable 'checkboxPresent'
2024-06-09 13:30:51.293 [DEBUG] [thread-id 1] - Executing function: 'us.function.item.verifyACCModule.DetailsLink'
2024-06-09 13:30:51.358 [DEBUG] [thread-id 1] - Verify identifier: {//android.widget.Button[@text="How it works"] | //*[contains(@text,"Details Walmart tire installation link")]=[true]}
2024-06-09 13:30:51.418 [DEBUG] [thread-id 1] - Click element: '//android.widget.Button[@text="How it works"] | //*[contains(@text,"Details Walmart tire installation link")]'
2024-06-09 13:30:52.189 [DEBUG] [thread-id 1] - Verify identifier: {//android.widget.TextView[@text="Walmart tire installation"]=[true]}
2024-06-09 13:30:52.195 [DEBUG] [thread-id 1] - Executing function: 'us.functions.global.navigation.backNavigation'
2024-06-09 13:30:52.196 [DEBUG] [thread-id 1] - Press go back key: 'true'
2024-06-09 13:31:03.043 [DEBUG] [thread-id 1] - Verify identifier: {//android.widget.Button[@text="How it works"] | //*[contains(@text,"Details Walmart tire installation link")]=[true]}
2024-06-09 13:31:03.045 [DEBUG] [thread-id 1] - Executing function: 'us.functions.item.selectTireInstallationFromS2SItemPage'
2024-06-09 13:31:03.045 [DEBUG] [thread-id 1] - conditionally execute a flow. condition: true
2024-06-09 13:31:13.230 [DEBUG] [thread-id 1] - conditionally execute a flow. condition: false
2024-06-09 13:31:23.249 [DEBUG] [thread-id 1] - Click element: '//android.widget.CheckBox[@resource-id="com.walmart.android.debug:id/item_fitment_tire_installation_checkbox"]'
2024-06-09 13:31:23.862 [DEBUG] [thread-id 1] - Executing function: 'us.functions.item.addItemToCart'
2024-06-09 13:31:23.864 [DEBUG] [thread-id 1] - Executing function: 'us.functions.item.preAddToCartSteps'
2024-06-09 13:31:23.865 [DEBUG] [thread-id 1] - sleep:  5000 milliseconds
2024-06-09 13:31:28.872 [DEBUG] [thread-id 1] - Executing function: 'us.functions.home.closeWPlusPromotionPopUpIfDisplayed'
2024-06-09 13:31:28.872 [DEBUG] [thread-id 1] - sleep:  6000 milliseconds
2024-06-09 13:31:54.958 [DEBUG] [thread-id 1] - Executing function: 'us.functions.utils.tryAgainWhenThereIsError'
2024-06-09 13:31:54.958 [DEBUG] [thread-id 1] - loop: from 0 to 3
2024-06-09 13:31:55.031 [DEBUG] [thread-id 1] - 0
2024-06-09 13:32:05.103 [DEBUG] [thread-id 1] - conditionally execute a flow. condition: false
2024-06-09 13:32:05.746 [DEBUG] [thread-id 1] - sleep:  2000 milliseconds
2024-06-09 13:32:17.818 [DEBUG] [thread-id 1] - Add to cart decrement button is not present
2024-06-09 13:32:17.821 [DEBUG] [thread-id 1] - Executing function: 'us.functions.item.validateAndClickAddToCartButton'
2024-06-09 13:32:17.877 [DEBUG] [thread-id 1] - conditionally execute a flow. condition: true
2024-06-09 13:32:17.935 [DEBUG] [thread-id 1] - ATC button present
2024-06-09 13:32:18.057 [DEBUG] [thread-id 1] - Click element: 'com.walmart.android.debug:id/add_to_cart'
2024-06-09 13:32:18.701 [DEBUG] [thread-id 1] - sleep:  3000 milliseconds
2024-06-09 13:32:21.709 [WARN] [thread-id 1] - variable skipPostAddToCartSteps was used, but r2 could not find a value for this variable. returning default of null
2024-06-09 13:32:21.710 [DEBUG] [thread-id 1] - conditionally execute a flow. condition: true
2024-06-09 13:32:22.051 [DEBUG] [thread-id 1] - Executing function: 'us.functions.item.postAddToCartSteps'
2024-06-09 13:32:52.296 [DEBUG] [thread-id 1] - Executing function: 'us.functions.item.handlePAC'
2024-06-09 13:33:02.488 [DEBUG] [thread-id 1] - Executing function: 'us.functions.item.closeItemPage'
2024-06-09 13:33:02.490 [DEBUG] [thread-id 1] - loop: from 0 to 3
2024-06-09 13:33:02.560 [DEBUG] [thread-id 1] - conditionally execute a flow. condition: true
2024-06-09 13:33:02.680 [DEBUG] [thread-id 1] - Click element: 'com.walmart.android.debug:id/icon_close'
2024-06-09 13:33:13.419 [DEBUG] [thread-id 1] - conditionally execute a flow. condition: false
2024-06-09 13:33:13.503 [DEBUG] [thread-id 1] - sleep:  5000 milliseconds
2024-06-09 13:33:18.510 [DEBUG] [thread-id 1] - Verify identifier: {com.walmart.android.debug:id/item_name || com.walmart.android.debug:id/item_redesign_name || com.walmart.android.debug:id/item_name_smaller_title=[true]}
2024-06-09 13:33:18.512 [DEBUG] [thread-id 1] - Verify identifier: {com.walmart.android.debug:id/cart_summary_count=[true]}
2024-06-09 13:33:18.515 [DEBUG] [thread-id 1] - Store in: store the value 'false' in the variable 'skipPostAddToCartSteps'
2024-06-09 13:33:18.516 [DEBUG] [thread-id 1] - Store in: store the value 'false' in the variable 'apiFetch'
2024-06-09 13:33:18.518 [DEBUG] [thread-id 1] - Executing function: 'us.functions.global.navigation.toCartFromNavBar'
2024-06-09 13:33:18.642 [DEBUG] [thread-id 1] - Verify identifier: {com.walmart.android.debug:id/cart_summary_icon=[true]}
2024-06-09 13:33:18.715 [DEBUG] [thread-id 1] - Click element: 'com.walmart.android.debug:id/cart_summary_icon'
2024-06-09 13:33:19.366 [DEBUG] [thread-id 1] - sleep:  6000 milliseconds
2024-06-09 13:33:55.752 [DEBUG] [thread-id 1] - conditionally execute a flow. condition: false
2024-06-09 13:34:05.864 [DEBUG] [thread-id 1] - conditionally execute a flow. condition: false
2024-06-09 13:34:05.926 [WARN] [thread-id 1] - variable skipValidation was used, but r2 could not find a value for this variable. returning default of null
2024-06-09 13:34:05.927 [DEBUG] [thread-id 1] - conditionally execute a flow. condition: true
2024-06-09 13:34:05.993 [DEBUG] [thread-id 1] - Executing function: 'us.functions.utils.handleTechnicalErrorPageInCart'
2024-06-09 13:34:05.993 [DEBUG] [thread-id 1] - sleep:  15000 milliseconds
2024-06-09 13:34:20.999 [DEBUG] [thread-id 1] - Store in: store the value 'false' in the variable 'cartPageLoaded'
2024-06-09 13:34:21.000 [DEBUG] [thread-id 1] - loop: from 0 to 7
2024-06-09 13:34:21.071 [DEBUG] [thread-id 1] - 0
2024-06-09 13:34:21.188 [DEBUG] [thread-id 1] - conditionally execute a flow. condition: true
2024-06-09 13:34:21.249 [DEBUG] [thread-id 1] - conditionally execute a flow. condition: true
2024-06-09 13:34:21.309 [DEBUG] [thread-id 1] - Store in: store the value 'true' in the variable 'cartPageLoaded'
2024-06-09 13:34:31.362 [DEBUG] [thread-id 1] - conditionally execute a flow. condition: false
2024-06-09 13:34:31.430 [DEBUG] [thread-id 1] - conditionally execute a flow. condition: true
2024-06-09 13:34:31.499 [DEBUG] [thread-id 1] - Store in: store the value 'true' in the variable 'cartPageLoaded'
2024-06-09 13:34:31.564 [DEBUG] [thread-id 1] - conditionally execute a flow. condition: false
2024-06-09 13:34:31.638 [DEBUG] [thread-id 1] - conditionally execute a flow. condition: true
2024-06-09 13:34:31.699 [DEBUG] [thread-id 1] - Cart page loaded successfully
2024-06-09 13:34:31.763 [DEBUG] [thread-id 1] - Scroll: up
2024-06-09 13:34:36.483 [DEBUG] [thread-id 1] - Verify identifier: {//android.widget.TextView[@resource-id="com.walmart.android.debug:id/cartText"] | //android.widget.TextView[@resource-id="com.walmart.android.debug:id/platform_sdk_toolbar_title" and contains(@text,"Cart")]=[true]}
2024-06-09 13:34:36.568 [DEBUG] [thread-id 1] - cart page loaded
2024-06-09 13:34:36.650 [DEBUG] [thread-id 1] - Executing function: 'us.functions.utils.waitForLoadingImageToDisappear'
2024-06-09 13:34:36.650 [DEBUG] [thread-id 1] - sleep:  3000 milliseconds
2024-06-09 13:34:39.664 [DEBUG] [thread-id 1] - loop: from 0 to 5
2024-06-09 13:34:49.770 [DEBUG] [thread-id 1] - conditionally execute a flow. condition: false
2024-06-09 13:34:49.857 [DEBUG] [thread-id 1] - Executing function: 'us.functions.cart.increaseToMaxQty'
2024-06-09 13:34:49.859 [DEBUG] [thread-id 1] - Executing function: 'us.functions.utils.scrollIfNotVisible'
2024-06-09 13:34:49.860 [DEBUG] [thread-id 1] - conditionally execute a flow. condition: true
2024-06-09 13:34:49.951 [DEBUG] [thread-id 1] - Store in: store the value '5' in the variable 'scrollLimit'
2024-06-09 13:34:49.952 [DEBUG] [thread-id 1] - Scroll limit set to - 5
2024-06-09 13:35:00.000 [DEBUG] [thread-id 1] - conditionally execute a flow. condition: false
2024-06-09 13:35:00.074 [DEBUG] [thread-id 1] - conditionally execute a flow. condition: true
2024-06-09 13:35:00.129 [DEBUG] [thread-id 1] - conditionally execute a flow. condition: true
2024-06-09 13:35:00.191 [DEBUG] [thread-id 1] - Scroll: up
2024-06-09 13:35:12.521 [DEBUG] [thread-id 1] - Resetting scrollPosition variable to default
2024-06-09 13:35:12.521 [DEBUG] [thread-id 1] - Store in: store the value 'null' in the variable 'scrollPosition'
2024-06-09 13:35:12.522 [DEBUG] [thread-id 1] - Store in: store the value 'null' in the variable 'identifierScope'
2024-06-09 13:35:12.522 [DEBUG] [thread-id 1] - Store in: store the value 'null' in the variable 'scrollLimit'
2024-06-09 13:35:12.611 [DEBUG] [thread-id 1] - Verify identifier: {com.walmart.android.debug:id/button_plus=[true]}
2024-06-09 13:35:12.611 [DEBUG] [thread-id 1] - loop: from 0 to 2
2024-06-09 13:35:12.760 [DEBUG] [thread-id 1] - Click element: 'com.walmart.android.debug:id/button_plus'
2024-06-09 13:35:13.569 [DEBUG] [thread-id 1] - 0
2024-06-09 13:35:14.141 [DEBUG] [thread-id 1] - Click element: 'com.walmart.android.debug:id/button_plus'
2024-06-09 13:35:14.869 [DEBUG] [thread-id 1] - 1
2024-06-09 13:35:14.872 [DEBUG] [thread-id 1] - Executing function: 'us.functions.cart.continueToCheckout'
2024-06-09 13:35:15.655 [DEBUG] [thread-id 1] - Verify identifier: {com.walmart.android.debug:id/cart_continue_to_checkout_button=[true]}
2024-06-09 13:35:20.739 [DEBUG] [thread-id 1] - Click element: 'com.walmart.android.debug:id/cart_continue_to_checkout_button'
2024-06-09 13:35:21.369 [DEBUG] [thread-id 1] - sleep:  5000 milliseconds
2024-06-09 13:35:26.377 [DEBUG] [thread-id 1] - loop: from 1 to 3
2024-06-09 13:35:36.468 [DEBUG] [thread-id 1] - conditionally execute a flow. condition: false
2024-06-09 13:35:56.565 [DEBUG] [thread-id 1] - Executing function: 'us.functions.reserveSlot.fcormpselectaddressandcontinue'
2024-06-09 13:36:16.587 [DEBUG] [thread-id 1] - Executing function: 'us.functions.home.closeWPlusPromotionPopUpIfDisplayed'
2024-06-09 13:36:16.589 [DEBUG] [thread-id 1] - sleep:  6000 milliseconds
2024-06-09 13:36:32.732 [DEBUG] [thread-id 1] - conditionally execute a flow. condition: true
2024-06-09 13:36:32.782 [DEBUG] [thread-id 1] - Clicked on Checkout button successfully
2024-06-09 13:36:32.783 [DEBUG] [thread-id 1] - Executing function: 'us.functions.cart.scheduleInstallation'
2024-06-09 13:36:32.824 [DEBUG] [thread-id 1] - conditionally execute a flow. condition: true
2024-06-09 13:36:32.915 [DEBUG] [thread-id 1] - Verify identifier: {//*[@resource-id="com.walmart.android.debug:id/btn_schedule" or contains(@text, "Schedule your installation")]=[true]}
2024-06-09 13:36:32.966 [DEBUG] [thread-id 1] - sleep:  7000 milliseconds
2024-06-09 13:36:40.033 [DEBUG] [thread-id 1] - Executing function: 'us.functions.slotDataSetUp'
2024-06-09 13:36:40.035 [WARN] [thread-id 1] - variable slotDay was used, but r2 could not find a value for this variable. returning default of null
2024-06-09 13:36:40.036 [DEBUG] [thread-id 1] - conditionally execute a flow. condition: true
2024-06-09 13:36:40.088 [DEBUG] [thread-id 1] - Store in: store the value 'today' in the variable 'slotDay'
2024-06-09 13:36:40.091 [WARN] [thread-id 1] - variable timeSlot was used, but r2 could not find a value for this variable. returning default of null
2024-06-09 13:36:40.091 [DEBUG] [thread-id 1] - conditionally execute a flow. condition: true
2024-06-09 13:36:40.138 [DEBUG] [thread-id 1] - Store in: store the value 'generic' in the variable 'timeSlot'
2024-06-09 13:36:40.192 [DEBUG] [thread-id 1] - sleep:  3000 milliseconds
2024-06-09 13:37:03.512 [DEBUG] [thread-id 1] - Click element: '(//android.view.ViewGroup[@resource-id="com.walmart.android.debug:id/bookslot_slot_item_layout"])[1]'
2024-06-09 13:37:05.370 [DEBUG] [thread-id 1] - conditionally execute a flow. condition: true
2024-06-09 13:37:05.463 [DEBUG] [thread-id 1] - Click element: '//android.widget.Button[@text="Continue" or @text="Save" or @text="Reserve"]'
2024-06-09 13:37:16.326 [DEBUG] [thread-id 1] - sleep:  5000 milliseconds
2024-06-09 13:37:21.396 [DEBUG] [thread-id 1] - Executing function: 'us.functions.home.closeWPlusPromotionPopUpIfDisplayed'
2024-06-09 13:37:21.397 [DEBUG] [thread-id 1] - sleep:  6000 milliseconds
2024-06-09 13:37:37.509 [DEBUG] [thread-id 1] - conditionally execute a flow. condition: true
2024-06-09 13:37:37.593 [DEBUG] [thread-id 1] - Click element: '(//android.widget.RadioButton[@resource-id="com.walmart.android.debug:id/package_radio_button"])[1] | //android.widget.RadioButton[@resource-id="com.walmart.android.debug:id/package_radio_button"][1]'
2024-06-09 13:37:38.430 [DEBUG] [thread-id 1] - sleep:  3000 milliseconds
2024-06-09 13:37:41.551 [DEBUG] [thread-id 1] - Click element: 'com.walmart.android.debug:id/acc_installation_continue'
2024-06-09 13:37:52.287 [DEBUG] [thread-id 1] - Executing function: 'us.functions.reviewOrder.acc.verifySelectedPackage'
2024-06-09 13:37:52.291 [DEBUG] [thread-id 1] - conditionally execute a flow. condition: true
2024-06-09 13:37:52.410 [DEBUG] [thread-id 1] - Verify identifier: {//android.widget.TextView[@resource-id="com.walmart.android.debug:id/checkoutAccAutoServiceValue" and @text="Expert tire installation (Value Package)"]=[true]}
2024-06-09 13:37:52.414 [DEBUG] [thread-id 1] - Store in: store the value 'passed' in the variable 'testStatus'
2024-06-09 13:37:52.527 [DEBUG] [thread-id 1] - Executing scenario: 'After'
2024-06-09 13:37:52.528 [DEBUG] [thread-id 1] - Executing function: 'us.functions.utils.afterSteps'
2024-06-09 13:37:52.529 [DEBUG] [thread-id 1] - conditionally execute a flow. condition: true
2024-06-09 13:37:52.591 [DEBUG] [thread-id 1] - Test passed
2024-06-09 13:37:53.917 [DEBUG] [thread-id 1] - Created report: /Users/m0k0a2f/glass-automation/report/index.html
