2025-03-13 10:26:34.454 [DEBUG] [thread-id 1] - Executing R2 4.0.2: '/Users/m0k0a2f/glass-automation/us/unified-e2e-tests/teflon-test-scripts/Financial-Services-Flows/pre-transaction/C2644811-promo-$-off..yaml' on device: 'Pixel_5_API_31'
2025-03-13 10:26:34.613 [INFO] [thread-id 1] - url: http://127.0.0.1:4723
2025-03-13 10:26:50.849 [DEBUG] [thread-id 1] - Executing scenario: 'Before'
2025-03-13 10:26:50.852 [DEBUG] [thread-id 1] - Executing function: 'us.function.utils.getEnvironmentValue'
2025-03-13 10:26:50.853 [DEBUG] [thread-id 1] - Store in: store the value 'Onboarding' in the variable 'executionStage'
2025-03-13 10:26:50.853 [DEBUG] [thread-id 1] - Store in: store the value 'teflon' in the variable 'env'
2025-03-13 10:26:50.854 [DEBUG] [thread-id 1] - Timestamp: 1741886810854
2025-03-13 10:26:50.855 [DEBUG] [thread-id 1] - Executing function: 'functions.utils.setPlatformInfo'
2025-03-13 10:26:50.856 [DEBUG] [thread-id 1] - Store in: store the value 'Onboarding' in the variable 'executionStage'
2025-03-13 10:26:50.862 [DEBUG] [thread-id 1] - Store in: store the value 'com.walmart.android.debug' in the variable 'appPackage'
2025-03-13 10:26:50.871 [DEBUG] [thread-id 1] - conditionally execute a flow. condition: false
2025-03-13 10:26:50.905 [DEBUG] [thread-id 1] - Store in: store the value 'Android' in the variable 'platform'
2025-03-13 10:26:50.906 [DEBUG] [thread-id 1] - R2_SUBFLOW_PRE_TRANSACTION
2025-03-13 10:26:50.978 [DEBUG] [thread-id 1] - Using us-errors-helpers.yaml
2025-03-13 10:26:51.043 [DEBUG] [thread-id 1] - Start Main
2025-03-13 10:26:51.043 [DEBUG] [thread-id 1] - Timestamp: 1741886811043
2025-03-13 10:26:51.044 [DEBUG] [thread-id 1] - Store in: store the value 'promouser1741886811043@walmart.com' in the variable 'customerEmail'
2025-03-13 10:26:51.045 [DEBUG] [thread-id 1] - Executing function: 'us.functions.utils.astro.createAccount'
2025-03-13 10:26:51.046 [DEBUG] [thread-id 1] - Create Account
2025-03-13 10:26:51.046 [DEBUG] [thread-id 1] - {"firstName": "challenge","lastName": "challenge","emailAddress": "promouser1741886811043@walmart.com","phoneNumber": "7026106339","verification":"phone","paymentMethods": ["VISA"],"postalAddress": {"address": "1350 Bacchus Dr","city": "San Jose","country": "USA","postalCode": "95122","state": "CA"},"password": "E2epassword$"}
2025-03-13 10:26:51.047 [DEBUG] [thread-id 1] - loop: from 1 to 4
2025-03-13 10:26:51.089 [DEBUG] [thread-id 1] - Call API: 'http://astro.walmart.com/api/v2/teflon/customer'
2025-03-13 10:27:08.731 [DEBUG] [thread-id 1] - Response code is: '200'. Response body is: '{"astroStatus":"SUCCESS","astroDescription":"SIGNUP_SUCCESS","astroDetails":{"status":"OK","statusCode":200,"customerAccountId":"43387544-2936-40d3-948d-7c2d4f08ccf5","customerDetails":{"firstName":"challenge","lastName":"challenge","emailAddress":"promouser1741886811043@walmart.com","phoneNumber":"7026106339","verification":"phone","paymentMethods":["VISA"],"postalAddress":{"address":"1350 Bacchus Dr","city":"San Jose","country":"USA","postalCode":"95122","state":"CA"},"password":"E2epassword$"},"addDeliveryPreference":"OK","deliveryPreference":{"deliveryAddressInfo":{"createdDate":"2025-03-13T17:27:04.004+0000","modifiedDate":"2025-03-13T17:27:04.004+0000","createdByTenantId":"elh9ie","modifiedByTenantId":"elh9ie","deliveryAddressId":"46139855-dcd2-4ac7-8871-0886a43774c2","firstName":"challenge","lastName":"challenge","phoneCountry":"US","phoneCountryCode":"+1","phoneNumber":"7026106339","deliveryAddress":{"addressLineOne":"1350 Bacchus Dr","city":"San Jose","state":"CA","postalCode":"95122","countryCode":"USA","countryName":"USA","addressType":"RESIDENTIAL","isLoadingDockAvailable":false,"isApoFpo":false,"isPoBox":false,"isWalmartStore":false,"validationStatus":"PB_RECOMMENDED","isLatLongInvalid":false,"needAccessCode":false,"isUnsafeLocation":false,"isAccessCodeInvalid":false,"hasUnsafeLocationReturns":false,"isInHomeGateCodeInvalid":false,"hasInHomeUnsafeLocationReturns":false},"isPreferred":true,"instructions":"LEAVE AT DOORSTEP","deliveryInstructions":[{"deliveryInstructionType":"REGULAR","deliveryInstruction":"LEAVE AT DOORSTEP"}],"version":0}},"addPaymentPreference":"OK","addPaymentPreferenceId":"2c086a53-d54b-4736-afdc-fd1a8b03041b","customerPatch":"OK"}}'
2025-03-13 10:27:08.892 [DEBUG] [thread-id 1] - Store in: store the value '17026106339' in the variable 'astroPhoneNumber'
2025-03-13 10:27:08.948 [DEBUG] [thread-id 1] - conditionally execute a flow. condition: true
2025-03-13 10:27:09.004 [DEBUG] [thread-id 1] - conditionally execute a flow. condition: true
2025-03-13 10:27:09.058 [DEBUG] [thread-id 1] - 2c086a53-d54b-4736-afdc-fd1a8b03041b
2025-03-13 10:27:09.096 [WARN] [thread-id 1] - variable withoutPayment was used, but r2 could not find a value for this variable. returning default of null
2025-03-13 10:27:09.097 [DEBUG] [thread-id 1] - conditionally execute a flow. condition: false
2025-03-13 10:27:09.127 [DEBUG] [thread-id 1] - Account created successfully
2025-03-13 10:27:09.176 [DEBUG] [thread-id 1] - ------- Account created Successfully -------
2025-03-13 10:27:09.221 [DEBUG] [thread-id 1] - Executing function: 'unified.us.functions.global.onboarding.navigateOnboardingToHome'
2025-03-13 10:27:09.221 [DEBUG] [thread-id 1] - Store in: store the value 'onboarding' in the variable 'executionStage'
2025-03-13 10:27:09.222 [DEBUG] [thread-id 1] - Welcome screen loaded
2025-03-13 10:27:09.222 [DEBUG] [thread-id 1] - conditionally execute a flow. condition: true
2025-03-13 10:27:09.266 [DEBUG] [thread-id 1] - Start Activity: 'com.walmart.android.debug.com.walmart.glass.integration.splash.SplashActivity'
2025-03-13 10:27:17.456 [DEBUG] [thread-id 1] - Verify identifier: {com.walmart.android.debug:id/onboarding_welcome_secondary_button=[true]}
2025-03-13 10:27:17.457 [DEBUG] [thread-id 1] - Store in: store the value 'true' in the variable 'testStarted'
2025-03-13 10:27:17.739 [DEBUG] [thread-id 1] - Click element: 'com.walmart.android.debug:id/onboarding_welcome_secondary_button'
2025-03-13 10:27:18.591 [DEBUG] [thread-id 1] - location screen loaded
2025-03-13 10:27:20.450 [DEBUG] [thread-id 1] - Verify identifier: {com.walmart.android.debug:id/onboarding_location_title_textview=[true]}
2025-03-13 10:27:20.598 [DEBUG] [thread-id 1] - Click element: 'com.walmart.android.debug:id/onboarding_zip_code_button'
2025-03-13 10:27:21.787 [DEBUG] [thread-id 1] - Verify identifier: {com.walmart.android.debug:id/onboarding_title_textview=[true]}
2025-03-13 10:27:21.787 [DEBUG] [thread-id 1] - sleep:  2000 milliseconds
2025-03-13 10:27:23.863 [DEBUG] [thread-id 1] - Enter text: '95122'
2025-03-13 10:27:26.702 [DEBUG] [thread-id 1] - Click element: '//android.widget.Button[@resource-id="com.walmart.android.debug:id/onboarding_zip_code_search_button"] | //android.widget.Button[@resource-id="com.walmart.android.debug:id/onboarding_zip_code_button"]'
2025-03-13 10:27:27.976 [DEBUG] [thread-id 1] - sleep:  3000 milliseconds
2025-03-13 10:27:41.016 [DEBUG] [thread-id 1] - conditionally execute a flow. condition: true
2025-03-13 10:27:41.047 [DEBUG] [thread-id 1] - Observed Personalize Shopping Screen
2025-03-13 10:27:51.097 [DEBUG] [thread-id 1] - conditionally execute a flow. condition: false
2025-03-13 10:27:51.120 [DEBUG] [thread-id 1] - Personalized Shopping Experience Popup didn't display. Nothing to dismiss.
2025-03-13 10:27:51.202 [DEBUG] [thread-id 1] - conditionally execute a flow. condition: true
2025-03-13 10:27:51.276 [DEBUG] [thread-id 1] - Click element: '//android.widget.ImageView[@content-desc="Close"]'
2025-03-13 10:27:51.917 [DEBUG] [thread-id 1] - conditionally execute a flow. condition: true
2025-03-13 10:27:52.037 [DEBUG] [thread-id 1] - Executing function: 'us.functions.home.personalizedPopUpScreenClose'
2025-03-13 10:28:12.165 [DEBUG] [thread-id 1] - Executing function: 'unified.us.functions.home.toolTip'
2025-03-13 10:28:22.223 [DEBUG] [thread-id 1] - conditionally execute a flow. condition: false
2025-03-13 10:28:22.287 [DEBUG] [thread-id 1] - no tooltip displayed
2025-03-13 10:28:22.288 [DEBUG] [thread-id 1] - Executing function: 'unified.us.functions.gic.collapseIfExpanded'
2025-03-13 10:28:23.150 [DEBUG] [thread-id 1] - GIC already collapsed
2025-03-13 10:28:23.209 [DEBUG] [thread-id 1] - Verify identifier: {//android.widget.EditText[@resource-id="com.walmart.android.debug:id/search_view"]=[true]}
2025-03-13 10:28:23.212 [DEBUG] [thread-id 1] - Executing function: 'unified.us.functions.home.navigateHomeToSignIn'
2025-03-13 10:28:23.214 [DEBUG] [thread-id 1] - Store in: store the value 'Pre-transactions' in the variable 'executionStage'
2025-03-13 10:28:23.278 [DEBUG] [thread-id 1] - Click element: '//android.widget.FrameLayout[contains(@content-desc,"Account")]'
2025-03-13 10:28:26.041 [DEBUG] [thread-id 1] - Verify identifier: {//*[@resource-id="com.walmart.android.debug:id/sign_in_button"]|//*[@resource-id="com.walmart.android.debug:id/account_sign_in_button"]=[true]}
2025-03-13 10:28:26.176 [DEBUG] [thread-id 1] - Click element: '//*[@resource-id="com.walmart.android.debug:id/sign_in_button"]|//*[@resource-id="com.walmart.android.debug:id/account_sign_in_button"]'
2025-03-13 10:28:26.835 [DEBUG] [thread-id 1] - conditionally execute a flow. condition: true
2025-03-13 10:28:47.492 [WARN] [thread-id 1] - variable signInValidated was used, but r2 could not find a value for this variable. returning default of null
2025-03-13 10:28:47.496 [DEBUG] [thread-id 1] - conditionally execute a flow. condition: false
2025-03-13 10:29:08.605 [DEBUG] [thread-id 1] - Main failed: ENV_FAILURE - teflon - SIGN-IN PAGE ERROR
2025-03-13 10:29:08.751 [DEBUG] [thread-id 1] - Executing scenario: 'After'
2025-03-13 10:29:08.752 [DEBUG] [thread-id 1] - Executing function: 'unified.us.functions.utils.afterSteps'
2025-03-13 10:29:08.752 [WARN] [thread-id 1] - variable testStatus was used, but r2 could not find a value for this variable. returning default of null
2025-03-13 10:29:08.752 [DEBUG] [thread-id 1] - conditionally execute a flow. condition: false
2025-03-13 10:29:08.776 [DEBUG] [thread-id 1] - Test failed
2025-03-13 10:29:10.285 [DEBUG] [thread-id 1] - Created report: /Users/m0k0a2f/glass-automation/report/index.html
