2024-03-19 14:14:10.761 [DEBUG] [thread-id 1] - Executing R2 3.40.1: '/Users/m0k0a2f/glass-automation/./us/test/test-scripts/ios/golden-flows/Ecomm-And-Fulfillment-Flows/unified-checkin/C2700120-unified-checkin-for-multi-order-pickup-same-store.yaml' on device: 'iPhone 14'
2024-03-19 14:14:43.700 [ERROR] [thread-id 1] - error setting up appium session: 
org.openqa.selenium.SessionNotCreatedException: Could not start a new session. Response code 500. Message: An unknown server-side error occurred while processing the command. Original error: '16.1' does not exist in the list of simctl SDKs. Only the following Simulator SDK versions are available on your system: 15.0, 16.4, 15.2 
Host info: host: 'm-xqkh4fwq5j', ip: '2603:8001:723f:c780:9c59:f982:22fc:30d3%en0'
Build info: version: '4.13.0', revision: 'ba948ece5b*'
System info: os.name: 'Mac OS X', os.arch: 'aarch64', os.version: '13.6', java.version: '20.0.1'
Driver info: io.appium.java_client.ios.IOSDriver
Command: [null, newSession {capabilities=[{appium:app=/Users/m0k0a2f/glass-automation/us/app/glass.zip, appium:appiumVersion=2.0.0, appium:automationName=XCUITest, appium:bundleId=com.walmart.beta.electronics, appium:commandTimeout=600, appium:deviceName=iPhone 14, appium:fullReset=false, appium:idleTimeout=1000, appium:iosInstallPause=20000, appium:launchTimeout=6000000, appium:name=C2700120-unified-checkin-for-multi-order-pickup-same-store.yaml, appium:newCommandTimeout=90000, appium:noReset=false, appium:orientation=PORTRAIT, appium:platformVersion=16.1, appium:processArguments={"env":{"config":"{\"environment\":\"teflon\"}","ccm":"{\"feature.membership.plusups.reactivation.cancelledActiveExpired.enabled\":{\"value\":false}}"},"args":["-kGlassExpEnabled","true","-com.walmart.px.skip-catcha","YES"]}, appium:waitForQuiescence=false, platformName=IOS}], desiredCapabilities=Capabilities {appium:app: /Users/m0k0a2f/glass-automa..., appium:appiumVersion: 2.0.0, appium:automationName: XCUITest, appium:bundleId: com.walmart.beta.electronics, appium:commandTimeout: 600, appium:deviceName: iPhone 14, appium:fullReset: false, appium:idleTimeout: 1000, appium:iosInstallPause: 20000, appium:launchTimeout: 6000000, appium:name: C2700120-unified-checkin-fo..., appium:newCommandTimeout: 90000, appium:noReset: false, appium:orientation: PORTRAIT, appium:platformVersion: 16.1, appium:processArguments: {"env":{"config":"{\"enviro..., appium:waitForQuiescence: false, platformName: IOS}}]
Capabilities {appium:app: /Users/m0k0a2f/glass-automa..., appium:appiumVersion: 2.0.0, appium:automationName: XCUITest, appium:bundleId: com.walmart.beta.electronics, appium:commandTimeout: 600, appium:deviceName: iPhone 14, appium:fullReset: false, appium:idleTimeout: 1000, appium:iosInstallPause: 20000, appium:launchTimeout: 6000000, appium:name: C2700120-unified-checkin-fo..., appium:newCommandTimeout: 90000, appium:noReset: false, appium:orientation: PORTRAIT, appium:platformVersion: 16.1, appium:processArguments: {"env":{"config":"{\"enviro..., appium:waitForQuiescence: false, platformName: IOS}
	at org.openqa.selenium.remote.ProtocolHandshake.createSession(ProtocolHandshake.java:140) ~[r2.jar:3.40.1]
	at jdk.internal.reflect.DirectMethodHandleAccessor.invoke(DirectMethodHandleAccessor.java:104) ~[?:?]
	at java.lang.reflect.Method.invoke(Method.java:578) ~[?:?]
	at io.appium.java_client.remote.AppiumProtocolHandshake.createSession(AppiumProtocolHandshake.java:133) ~[r2.jar:3.40.1]
	at io.appium.java_client.remote.AppiumProtocolHandshake.createSession(AppiumProtocolHandshake.java:102) ~[r2.jar:3.40.1]
	at io.appium.java_client.remote.AppiumCommandExecutor.createSession(AppiumCommandExecutor.java:182) ~[r2.jar:3.40.1]
	at io.appium.java_client.remote.AppiumCommandExecutor.execute(AppiumCommandExecutor.java:250) ~[r2.jar:3.40.1]
	at org.openqa.selenium.remote.RemoteWebDriver.execute(RemoteWebDriver.java:602) ~[r2.jar:3.40.1]
	at io.appium.java_client.AppiumDriver.startSession(AppiumDriver.java:274) ~[r2.jar:3.40.1]
	at org.openqa.selenium.remote.RemoteWebDriver.<init>(RemoteWebDriver.java:163) ~[r2.jar:3.40.1]
	at io.appium.java_client.AppiumDriver.<init>(AppiumDriver.java:89) ~[r2.jar:3.40.1]
	at io.appium.java_client.AppiumDriver.<init>(AppiumDriver.java:101) ~[r2.jar:3.40.1]
	at io.appium.java_client.ios.IOSDriver.<init>(IOSDriver.java:104) ~[r2.jar:3.40.1]
	at com.walmartlabs.executor.Appium.setupDriver(Appium.java:715) ~[r2.jar:3.40.1]
	at com.walmartlabs.executor.Appium.setupAppium(Appium.java:640) ~[r2.jar:3.40.1]
	at com.walmartlabs.executor.Executor.start(Executor.java:291) [r2.jar:3.40.1]
	at com.walmartlabs.executor.Executor.startExecution(Executor.java:139) [r2.jar:3.40.1]
	at com.walmartlabs.executor.MultipleConfigExecutor.executeConfig(MultipleConfigExecutor.java:278) [r2.jar:3.40.1]
	at com.walmartlabs.executor.MultipleConfigExecutor.start(MultipleConfigExecutor.java:121) [r2.jar:3.40.1]
	at com.walmartlabs.R2.start(R2.java:88) [r2.jar:3.40.1]
	at com.walmartlabs.R2.main(R2.java:127) [r2.jar:3.40.1]
2024-03-19 14:14:47.315 [DEBUG] [thread-id 1] - Created report: /Users/m0k0a2f/glass-automation/report/index.html
2024-03-19 14:20:40.809 [DEBUG] [thread-id 1] - Executing R2 3.40.1: '/Users/m0k0a2f/glass-automation/./us/test/test-scripts/ios/golden-flows/Ecomm-And-Fulfillment-Flows/identity-flows/C2657151-digital-delivery-checkout-forgotPassword-newPassword.yaml' on device: 'iPhone 14'
2024-03-19 14:21:40.975 [DEBUG] [thread-id 1] - Executing scenario: 'Before'
2024-03-19 14:21:40.977 [DEBUG] [thread-id 1] - R2_SUBFLOW_TRANSACTION
2024-03-19 14:21:40.979 [DEBUG] [thread-id 1] - Executing function: 'us.functions.utils.astro.clearCart'
2024-03-19 14:21:41.136 [DEBUG] [thread-id 1] - Call API: 'http://astro.walmart.com/api/v2/teflon/customer/teflon.digidelivery@gmail.com/clearcart'
2024-03-19 14:21:54.380 [DEBUG] [thread-id 1] - Response code is: '200'. Response body is: '{"astroStatus":"SUCCESS","astroDescription":"CART_CLEARED","astroDetails":{"dbSessionMap":{"CXO_CART_ST":"{\"mtoken\":\"6:23#332764383#2=75677480#8=375546779\"}"},"checkoutable":false,"cart":{"id":"1a1b683b-b1fe-4448-b9bb-fc96c4692e0f","buyer":{"id":"ebbd40c7-e39a-4635-b9f5-8d141aa8ea50","type":"CUSTOMER"},"storeIds":[],"itemCount":0,"entityErrors":[],"shipping":{"id":"d2d6967b-a6c2-42dd-be12-4765c60f5868","dbLockVersion":0,"postalCode":"95122","city":"San Jose","state":"CA","countryCode":"USA","latitude":37.606689,"longitude":-122.426362,"isPOBox":false,"isAPOFPO":false},"currencyCode":"USD","preview":false,"tenantId":0,"tenantIdentifier":"elh9ie","verticalId":0,"checkoutableErrors":[],"intent":"PICKUP","pickupStore":{"city":"San Jose","stateOrProvinceCode":"CA","countryCode":"USA","postalCode":"95122","storeId":"32144","services":[]},"deliveryStore":{"city":"San Jose","stateOrProvinceCode":"CA","countryCode":"USA","postalCode":"95122","storeId":"32144","services":[]},"mpStores":[],"fulfillmentPlans":[],"accessPoints":[],"reservations":[],"isExplicitIntent":false,"hasGiftEligibleItem":false,"warnings":[],"restrictions":[]},"errorItems":[],"isOmniPromiseResponse":true,"uniqueInstallationOfferIdHolder":[]}}'
2024-03-19 14:21:54.549 [DEBUG] [thread-id 1] - Cart cleared for teflon.digidelivery@gmail.com
2024-03-19 14:21:54.827 [DEBUG] [thread-id 1] - Using us-errors-helpers.yaml
2024-03-19 14:21:55.085 [DEBUG] [thread-id 1] - Start Main
2024-03-19 14:21:55.087 [DEBUG] [thread-id 1] - Executing function: 'us.functions.global.onboarding.navigateOnboardingToHome'
2024-03-19 14:21:55.088 [DEBUG] [thread-id 1] - Executing function: 'us.function.utils.getEnvironmentValue'
2024-03-19 14:21:55.089 [DEBUG] [thread-id 1] - Store in: store the value 'teflon' in the variable 'env'
2024-03-19 14:21:55.090 [DEBUG] [thread-id 1] - Timestamp: 1710883315090
2024-03-19 14:21:55.099 [DEBUG] [thread-id 1] - Welcome screen loaded
2024-03-19 14:21:55.196 [DEBUG] [thread-id 1] - Verify identifier: {//XCUIElementTypeButton[@name="SignUpNudgeWelcomeViewController.bodyLabel"]=[true]}
2024-03-19 14:22:05.294 [DEBUG] [thread-id 1] - conditionally execute a flow. condition: false
2024-03-19 14:22:05.456 [DEBUG] [thread-id 1] - Click element: 'cta.cancel.welcome'
2024-03-19 14:22:05.889 [DEBUG] [thread-id 1] - Notifiction Prompt screen loaded
2024-03-19 14:22:06.219 [DEBUG] [thread-id 1] - Verify identifier: {NotificationPermissionViewController.titleLabel=[true]}
2024-03-19 14:22:06.265 [DEBUG] [thread-id 1] - Click element: 'cta.cancel.notifications'
2024-03-19 14:22:06.673 [DEBUG] [thread-id 1] - location screen loaded
2024-03-19 14:22:27.562 [DEBUG] [thread-id 1] - Main failed: Is not present: 'LocationPermissionViewController.titleLabel', 'LocationPermissionViewController.bodyLabel'
2024-03-19 14:22:29.853 [DEBUG] [thread-id 1] - Executing R2 3.40.1: '/Users/m0k0a2f/glass-automation/./us/test/test-scripts/ios/prod-flows/Ecomm-And-Fulfillment-Flows/digital-delivery/C2657151-digital-delivery-checkout.yaml' on device: 'iPhone 14'
2024-03-19 14:23:13.331 [DEBUG] [thread-id 1] - Executing scenario: 'Before'
2024-03-19 14:23:13.332 [DEBUG] [thread-id 1] - R2_SUBFLOW_PRE_TRANSACTION
2024-03-19 14:23:13.598 [DEBUG] [thread-id 1] - Using us-errors-helpers.yaml
2024-03-19 14:23:13.859 [DEBUG] [thread-id 1] - Start Main
2024-03-19 14:23:13.859 [DEBUG] [thread-id 1] - Executing function: 'us.functions.global.onboarding.navigateOnboardingToHome'
2024-03-19 14:23:13.860 [DEBUG] [thread-id 1] - Executing function: 'us.function.utils.getEnvironmentValue'
2024-03-19 14:23:13.860 [DEBUG] [thread-id 1] - Store in: store the value 'teflon' in the variable 'env'
2024-03-19 14:23:13.860 [DEBUG] [thread-id 1] - Timestamp: 1710883393860
2024-03-19 14:23:13.860 [DEBUG] [thread-id 1] - Welcome screen loaded
2024-03-19 14:23:13.962 [DEBUG] [thread-id 1] - Verify identifier: {//XCUIElementTypeButton[@name="SignUpNudgeWelcomeViewController.bodyLabel"]=[true]}
2024-03-19 14:23:23.970 [DEBUG] [thread-id 1] - conditionally execute a flow. condition: false
2024-03-19 14:23:24.136 [DEBUG] [thread-id 1] - Click element: 'cta.cancel.welcome'
2024-03-19 14:23:24.570 [DEBUG] [thread-id 1] - Notifiction Prompt screen loaded
2024-03-19 14:23:24.908 [DEBUG] [thread-id 1] - Verify identifier: {NotificationPermissionViewController.titleLabel=[true]}
2024-03-19 14:23:24.955 [DEBUG] [thread-id 1] - Click element: 'cta.cancel.notifications'
2024-03-19 14:23:25.378 [DEBUG] [thread-id 1] - location screen loaded
2024-03-19 14:23:45.617 [DEBUG] [thread-id 1] - Main failed: Is not present: 'LocationPermissionViewController.titleLabel', 'LocationPermissionViewController.bodyLabel'
2024-03-19 14:23:55.821 [DEBUG] [thread-id 1] - Created report: /Users/m0k0a2f/glass-automation/report/index.html
2024-03-19 14:34:13.902 [DEBUG] [thread-id 1] - Executing R2 3.40.1: '/Users/m0k0a2f/glass-automation/./us/test/test-scripts/ios/golden-flows/Ecomm-And-Fulfillment-Flows/identity-flows/C2657151-digital-delivery-checkout-forgotPassword-newPassword.yaml' on device: 'iPhone 14'
2024-03-19 14:34:56.984 [DEBUG] [thread-id 1] - Executing scenario: 'Before'
2024-03-19 14:34:56.986 [DEBUG] [thread-id 1] - R2_SUBFLOW_TRANSACTION
2024-03-19 14:34:56.989 [DEBUG] [thread-id 1] - Executing function: 'us.functions.utils.astro.clearCart'
2024-03-19 14:34:57.118 [DEBUG] [thread-id 1] - Call API: 'http://astro.walmart.com/api/v2/teflon/customer/teflon.digidelivery@gmail.com/clearcart'
2024-03-19 14:35:10.412 [DEBUG] [thread-id 1] - Response code is: '200'. Response body is: '{"astroStatus":"SUCCESS","astroDescription":"CART_CLEARED","astroDetails":{"dbSessionMap":{"CXO_CART_ST":"{\"mtoken\":\"6:23#332767669#2=75680644#8=375553268\"}"},"checkoutable":false,"cart":{"id":"1a1b683b-b1fe-4448-b9bb-fc96c4692e0f","buyer":{"id":"ebbd40c7-e39a-4635-b9f5-8d141aa8ea50","type":"CUSTOMER"},"storeIds":[],"itemCount":0,"entityErrors":[],"shipping":{"id":"1551e1dd-6747-4295-b585-bc94bb43e8f3","dbLockVersion":0,"postalCode":"95122","city":"San Jose","state":"CA","countryCode":"USA","latitude":37.606689,"longitude":-122.426362,"isPOBox":false,"isAPOFPO":false},"currencyCode":"USD","preview":false,"tenantId":0,"tenantIdentifier":"elh9ie","verticalId":0,"checkoutableErrors":[],"intent":"PICKUP","pickupStore":{"city":"San Jose","stateOrProvinceCode":"CA","countryCode":"USA","postalCode":"95122","storeId":"32144","services":[]},"deliveryStore":{"city":"San Jose","stateOrProvinceCode":"CA","countryCode":"USA","postalCode":"95122","storeId":"32144","services":[]},"mpStores":[],"fulfillmentPlans":[],"accessPoints":[],"reservations":[],"isExplicitIntent":false,"hasGiftEligibleItem":false,"warnings":[],"restrictions":[]},"errorItems":[],"isOmniPromiseResponse":true,"uniqueInstallationOfferIdHolder":[]}}'
2024-03-19 14:35:10.559 [DEBUG] [thread-id 1] - Cart cleared for teflon.digidelivery@gmail.com
2024-03-19 14:35:10.810 [DEBUG] [thread-id 1] - Using us-errors-helpers.yaml
2024-03-19 14:35:11.060 [DEBUG] [thread-id 1] - Start Main
2024-03-19 14:35:11.063 [DEBUG] [thread-id 1] - Executing function: 'us.functions.global.onboarding.navigateOnboardingToHome'
2024-03-19 14:35:11.063 [DEBUG] [thread-id 1] - Executing function: 'us.function.utils.getEnvironmentValue'
2024-03-19 14:35:11.064 [DEBUG] [thread-id 1] - Store in: store the value 'teflon' in the variable 'env'
2024-03-19 14:35:11.065 [DEBUG] [thread-id 1] - Timestamp: 1710884111065
2024-03-19 14:35:11.073 [DEBUG] [thread-id 1] - Welcome screen loaded
2024-03-19 14:35:11.164 [DEBUG] [thread-id 1] - Verify identifier: {//XCUIElementTypeButton[@name="SignUpNudgeWelcomeViewController.bodyLabel"]=[true]}
2024-03-19 14:35:21.191 [DEBUG] [thread-id 1] - conditionally execute a flow. condition: false
2024-03-19 14:35:21.346 [DEBUG] [thread-id 1] - Click element: 'cta.cancel.welcome'
2024-03-19 14:35:21.803 [DEBUG] [thread-id 1] - Notifiction Prompt screen loaded
2024-03-19 14:35:22.153 [DEBUG] [thread-id 1] - Verify identifier: {NotificationPermissionViewController.titleLabel=[true]}
2024-03-19 14:35:22.198 [DEBUG] [thread-id 1] - Click element: 'cta.cancel.notifications'
2024-03-19 14:35:22.609 [DEBUG] [thread-id 1] - location screen loaded
2024-03-19 14:35:43.595 [DEBUG] [thread-id 1] - Main failed: Is not present: 'LocationPermissionViewController.titleLabel', 'LocationPermissionViewController.bodyLabel'
2024-03-19 14:35:45.239 [DEBUG] [thread-id 1] - Executing R2 3.40.1: '/Users/m0k0a2f/glass-automation/./us/test/test-scripts/ios/prod-flows/Ecomm-And-Fulfillment-Flows/digital-delivery/C2657151-digital-delivery-checkout.yaml' on device: 'iPhone 14'
2024-03-19 14:36:30.958 [DEBUG] [thread-id 1] - Executing scenario: 'Before'
2024-03-19 14:36:30.958 [DEBUG] [thread-id 1] - R2_SUBFLOW_PRE_TRANSACTION
2024-03-19 14:36:31.216 [DEBUG] [thread-id 1] - Using us-errors-helpers.yaml
2024-03-19 14:36:31.480 [DEBUG] [thread-id 1] - Start Main
2024-03-19 14:36:31.481 [DEBUG] [thread-id 1] - Executing function: 'us.functions.global.onboarding.navigateOnboardingToHome'
2024-03-19 14:36:31.481 [DEBUG] [thread-id 1] - Executing function: 'us.function.utils.getEnvironmentValue'
2024-03-19 14:36:31.481 [DEBUG] [thread-id 1] - Store in: store the value 'teflon' in the variable 'env'
2024-03-19 14:36:31.481 [DEBUG] [thread-id 1] - Timestamp: 1710884191481
2024-03-19 14:36:31.482 [DEBUG] [thread-id 1] - Welcome screen loaded
2024-03-19 14:36:31.569 [DEBUG] [thread-id 1] - Verify identifier: {//XCUIElementTypeButton[@name="SignUpNudgeWelcomeViewController.bodyLabel"]=[true]}
2024-03-19 14:36:41.688 [DEBUG] [thread-id 1] - conditionally execute a flow. condition: false
2024-03-19 14:36:41.849 [DEBUG] [thread-id 1] - Click element: 'cta.cancel.welcome'
2024-03-19 14:36:42.288 [DEBUG] [thread-id 1] - Notifiction Prompt screen loaded
2024-03-19 14:36:42.610 [DEBUG] [thread-id 1] - Verify identifier: {NotificationPermissionViewController.titleLabel=[true]}
2024-03-19 14:36:42.657 [DEBUG] [thread-id 1] - Click element: 'cta.cancel.notifications'
2024-03-19 14:36:43.209 [DEBUG] [thread-id 1] - location screen loaded
2024-03-19 14:36:43.389 [DEBUG] [thread-id 1] - Verify identifier: {LocationPermissionViewController.titleLabel=[true], LocationPermissionViewController.bodyLabel=[true]}
2024-03-19 14:36:43.451 [DEBUG] [thread-id 1] - Click element: 'cta.cancel.location'
2024-03-19 14:36:44.044 [DEBUG] [thread-id 1] - Verify identifier: {label.postal-code-entry=[true]}
2024-03-19 14:36:44.095 [DEBUG] [thread-id 1] - Enter text: '95122'
2024-03-19 14:36:45.369 [DEBUG] [thread-id 1] - Click element: 'cta.continue'
2024-03-19 14:36:45.866 [DEBUG] [thread-id 1] - sleep:  3000 milliseconds
2024-03-19 14:36:48.876 [DEBUG] [thread-id 1] - loop: from 0 to 3
2024-03-19 14:36:49.128 [DEBUG] [thread-id 1] - 0
2024-03-19 14:36:59.572 [DEBUG] [thread-id 1] - conditionally execute a flow. condition: false
2024-03-19 14:37:09.944 [DEBUG] [thread-id 1] - Observed IDFA Sscreen
2024-03-19 14:37:10.152 [DEBUG] [thread-id 1] - conditionally execute a flow. condition: true
2024-03-19 14:37:10.356 [DEBUG] [thread-id 1] - Verify identifier: {ATTPermissionViewController.titleLabel=[true], ATTPermissionViewController.bodyLabel=[true]}
2024-03-19 14:37:10.615 [DEBUG] [thread-id 1] - Click element: 'cta.continue.location'
2024-03-19 14:37:13.679 [DEBUG] [thread-id 1] - Click element: '//XCUIElementTypeButton[@name="Ask App Not to Track"] | //XCUIElementTypeButton[@name="Solicitar a la app no rastrear"]'
2024-03-19 14:37:24.591 [DEBUG] [thread-id 1] - conditionally execute a flow. condition: false
2024-03-19 14:37:25.108 [DEBUG] [thread-id 1] - modal is not displayed
2024-03-19 14:37:35.422 [DEBUG] [thread-id 1] - Executing function: 'us.functions.gic.collapseIfExpanded'
2024-03-19 14:37:36.260 [DEBUG] [thread-id 1] - Verify identifier: {//*[contains(@label,"Expanded")] | //*[contains(@name,"Expanded")]=[true]}
2024-03-19 14:37:36.789 [DEBUG] [thread-id 1] - Collapsing GIC screen
2024-03-19 14:37:37.641 [DEBUG] [thread-id 1] - Click element: '//*[contains(@label,"Expanded")] | //*[contains(@name,"Expanded")]'
2024-03-19 14:37:38.174 [DEBUG] [thread-id 1] - Executing function: 'us.functions.home.navigateHomeToSignIn'
2024-03-19 14:37:38.174 [DEBUG] [thread-id 1] - sleep:  3000 milliseconds
2024-03-19 14:37:52.479 [DEBUG] [thread-id 1] - Click element: 'tab-account-unselected'
2024-03-19 14:37:53.617 [DEBUG] [thread-id 1] - Verify identifier: {SignInYourAccountTableViewCell.signInButton=[true]}
2024-03-19 14:37:53.617 [DEBUG] [thread-id 1] - loop: from 1 to 3
2024-03-19 14:37:54.135 [DEBUG] [thread-id 1] - conditionally execute a flow. condition: true
2024-03-19 14:37:54.753 [DEBUG] [thread-id 1] - Click element: 'SignInYourAccountTableViewCell.signInButton'
2024-03-19 14:37:57.932 [DEBUG] [thread-id 1] - Verify identifier: {TextFieldStackView.containerStackView=[true]}
2024-03-19 14:37:59.186 [DEBUG] [thread-id 1] - Store in: store the value 'true' in the variable 'signInValidated'
2024-03-19 14:38:00.431 [DEBUG] [thread-id 1] - conditionally execute a flow. condition: true
2024-03-19 14:38:01.676 [DEBUG] [thread-id 1] - SignIn page loaded
2024-03-19 14:38:02.956 [DEBUG] [thread-id 1] - Store in: store the value 'false' in the variable 'signInValidated'
2024-03-19 14:38:03.009 [DEBUG] [thread-id 1] - Executing function: 'us.functions.global.authentication.signInAccount'
2024-03-19 14:38:04.310 [DEBUG] [thread-id 1] - Verify identifier: {TextFieldStackView.containerStackView=[true]}
2024-03-19 14:38:04.474 [DEBUG] [thread-id 1] - Enter text: 'us.data.prod.digitaldelivery.ios.email'
2024-03-19 14:38:06.485 [DEBUG] [thread-id 1] - Click element: 'WelcomeView.ctaButton'
2024-03-19 14:38:48.569 [DEBUG] [thread-id 1] - Main failed: Is not present: 'OTPView.passwordTextField'
2024-03-19 14:38:52.339 [DEBUG] [thread-id 1] - Created report: /Users/m0k0a2f/glass-automation/report/index.html
2024-03-19 14:42:59.866 [DEBUG] [thread-id 1] - Executing R2 3.40.1: '/Users/m0k0a2f/glass-automation/./us/test/test-scripts/ios/golden-flows/Ecomm-And-Fulfillment-Flows/fc-fulfillment-center-flows/pre-transaction/C2657260-sfs-fc.yaml' on device: 'iPhone 14'
2024-03-19 14:43:43.653 [DEBUG] [thread-id 1] - Executing scenario: 'Before'
2024-03-19 14:43:43.655 [DEBUG] [thread-id 1] - R2_SUBFLOW_PRE_TRANSACTION
2024-03-19 14:43:43.657 [DEBUG] [thread-id 1] - Executing function: 'us.functions.utils.astro.clearCart'
2024-03-19 14:43:43.800 [DEBUG] [thread-id 1] - Call API: 'http://astro.walmart.com/api/v2/teflon/customer/e2e.teflon.flow.060@gmail.com/clearcart'
2024-03-19 14:43:56.958 [DEBUG] [thread-id 1] - Response code is: '200'. Response body is: '{"astroStatus":"SUCCESS","astroDescription":"CART_CLEARED","astroDetails":{"dbSessionMap":{"CXO_CART_ST":"{\"mtoken\":\"5:23#333995530#2=77464453#8=377452968\"}"},"checkoutable":false,"cart":{"id":"6402083e-4903-43cd-8878-6a1c56079f6e","buyer":{"id":"166001da-12f0-4473-b2f0-a9e0391b0236","type":"CUSTOMER"},"storeIds":[],"itemCount":0,"entityErrors":[],"shipping":{"id":"c2796b49-b6f2-4840-9d0a-e429ca30810a","dbLockVersion":0,"postalCode":"95122","city":"San Jose","state":"CA","countryCode":"USA","latitude":37.606689,"longitude":-122.426362,"isPOBox":false,"isAPOFPO":false},"currencyCode":"USD","preview":false,"tenantId":0,"tenantIdentifier":"elh9ie","verticalId":0,"checkoutableErrors":[],"intent":"PICKUP","pickupStore":{"city":"San Jose","stateOrProvinceCode":"CA","countryCode":"USA","postalCode":"95122","storeId":"32144","services":[]},"deliveryStore":{"city":"San Jose","stateOrProvinceCode":"CA","countryCode":"USA","postalCode":"95122","storeId":"32144","services":[]},"mpStores":[],"fulfillmentPlans":[],"accessPoints":[],"reservations":[],"isExplicitIntent":false,"hasGiftEligibleItem":false,"warnings":[],"restrictions":[]},"errorItems":[],"isOmniPromiseResponse":true,"uniqueInstallationOfferIdHolder":[]}}'
2024-03-19 14:43:57.127 [DEBUG] [thread-id 1] - Cart cleared for e2e.teflon.flow.060@gmail.com
2024-03-19 14:43:57.376 [DEBUG] [thread-id 1] - Using us-errors-helpers.yaml
2024-03-19 14:43:57.700 [DEBUG] [thread-id 1] - Store in: store the value 'teflon' in the variable 'env'
2024-03-19 14:43:57.700 [DEBUG] [thread-id 1] - Timestamp: 1710884637700
2024-03-19 14:43:57.791 [DEBUG] [thread-id 1] - Verify identifier: {//XCUIElementTypeButton[@name="SignUpNudgeWelcomeViewController.bodyLabel"]=[true]}
2024-03-19 14:43:57.842 [DEBUG] [thread-id 1] - Launch start page: true
2024-03-19 14:43:57.932 [DEBUG] [thread-id 1] - Verify identifier: {//XCUIElementTypeButton[@name="SignUpNudgeWelcomeViewController.bodyLabel"]=[true]}
2024-03-19 14:44:07.949 [DEBUG] [thread-id 1] - conditionally execute a flow. condition: false
2024-03-19 14:44:08.108 [DEBUG] [thread-id 1] - Click element: 'cta.cancel.welcome'
2024-03-19 14:44:08.869 [DEBUG] [thread-id 1] - Verify identifier: {NotificationPermissionViewController.titleLabel=[true]}
2024-03-19 14:44:08.915 [DEBUG] [thread-id 1] - Click element: 'cta.cancel.notifications'
2024-03-19 14:44:29.794 [DEBUG] [thread-id 1] - Main failed: Is not present: 'LocationPermissionViewController.titleLabel'
2024-03-19 14:44:30.206 [DEBUG] [thread-id 1] - Executing scenario: 'After'
2024-03-19 14:44:30.207 [DEBUG] [thread-id 1] - Executing function: 'us.functions.utils.afterSteps'
2024-03-19 14:44:30.207 [WARN] [thread-id 1] - variable testStatus was used, but r2 could not find a value for this variable. returning default of null
2024-03-19 14:44:30.216 [DEBUG] [thread-id 1] - conditionally execute a flow. condition: false
2024-03-19 14:44:30.346 [DEBUG] [thread-id 1] - Test failed
2024-03-19 14:44:32.037 [DEBUG] [thread-id 1] - Executing R2 3.40.1: '/Users/m0k0a2f/glass-automation/./us/test/test-scripts/ios/prod-flows/Ecomm-And-Fulfillment-Flows/fc-fulfillment-center-flows/C2657260-sfs-fc.yaml' on device: 'iPhone 14'
2024-03-19 14:45:16.992 [DEBUG] [thread-id 1] - Executing scenario: 'Before'
2024-03-19 14:45:16.993 [DEBUG] [thread-id 1] - R2_SUBFLOW_PRE_TRANSACTION
2024-03-19 14:45:17.242 [DEBUG] [thread-id 1] - Using us-errors-helpers.yaml
2024-03-19 14:45:17.489 [DEBUG] [thread-id 1] - Store in: store the value 'teflon' in the variable 'env'
2024-03-19 14:45:17.489 [DEBUG] [thread-id 1] - Timestamp: 1710884717489
2024-03-19 14:45:17.575 [DEBUG] [thread-id 1] - Verify identifier: {//XCUIElementTypeButton[@name="SignUpNudgeWelcomeViewController.bodyLabel"]=[true]}
2024-03-19 14:45:17.578 [DEBUG] [thread-id 1] - Launch start page: true
2024-03-19 14:45:17.664 [DEBUG] [thread-id 1] - Verify identifier: {//XCUIElementTypeButton[@name="SignUpNudgeWelcomeViewController.bodyLabel"]=[true]}
2024-03-19 14:45:27.711 [DEBUG] [thread-id 1] - conditionally execute a flow. condition: false
2024-03-19 14:45:27.867 [DEBUG] [thread-id 1] - Click element: 'cta.cancel.welcome'
2024-03-19 14:45:28.614 [DEBUG] [thread-id 1] - Verify identifier: {NotificationPermissionViewController.titleLabel=[true]}
2024-03-19 14:45:28.659 [DEBUG] [thread-id 1] - Click element: 'cta.cancel.notifications'
2024-03-19 14:45:41.899 [DEBUG] [thread-id 1] - Verify identifier: {LocationPermissionViewController.titleLabel=[true]}
2024-03-19 14:45:41.944 [DEBUG] [thread-id 1] - Click element: 'cta.cancel.location'
2024-03-19 14:45:51.525 [DEBUG] [thread-id 1] - conditionally execute a flow. condition: true
2024-03-19 14:45:51.729 [DEBUG] [thread-id 1] - Enter text: 'us.data.prod.sfs.store.zipcode'
2024-03-19 14:46:03.604 [DEBUG] [thread-id 1] - Click element: 'cta.continue'
2024-03-19 14:46:10.661 [DEBUG] [thread-id 1] - conditionally execute a flow. condition: true
2024-03-19 14:47:03.897 [DEBUG] [thread-id 1] - Executing function: 'us.functions.utils.tryAgainWhenThereIsError'
2024-03-19 14:47:03.901 [DEBUG] [thread-id 1] - loop: from 0 to 2
2024-03-19 14:47:04.428 [DEBUG] [thread-id 1] - 0
2024-03-19 14:47:14.974 [DEBUG] [thread-id 1] - conditionally execute a flow. condition: false
2024-03-19 14:47:15.538 [DEBUG] [thread-id 1] - Executing function: 'us.functions.home.navigateHomeToSignIn'
2024-03-19 14:47:15.538 [DEBUG] [thread-id 1] - sleep:  3000 milliseconds
2024-03-19 14:47:29.440 [DEBUG] [thread-id 1] - Click element: 'tab-account-unselected'
2024-03-19 14:47:30.495 [DEBUG] [thread-id 1] - Verify identifier: {SignInYourAccountTableViewCell.signInButton=[true]}
2024-03-19 14:47:30.495 [DEBUG] [thread-id 1] - loop: from 1 to 3
2024-03-19 14:47:31.031 [DEBUG] [thread-id 1] - conditionally execute a flow. condition: true
2024-03-19 14:47:31.651 [DEBUG] [thread-id 1] - Click element: 'SignInYourAccountTableViewCell.signInButton'
2024-03-19 14:47:34.708 [DEBUG] [thread-id 1] - Verify identifier: {TextFieldStackView.containerStackView=[true]}
2024-03-19 14:47:35.949 [DEBUG] [thread-id 1] - Store in: store the value 'true' in the variable 'signInValidated'
2024-03-19 14:47:37.184 [DEBUG] [thread-id 1] - conditionally execute a flow. condition: true
2024-03-19 14:47:38.401 [DEBUG] [thread-id 1] - SignIn page loaded
2024-03-19 14:47:39.622 [DEBUG] [thread-id 1] - Store in: store the value 'false' in the variable 'signInValidated'
2024-03-19 14:47:39.628 [DEBUG] [thread-id 1] - Executing function: 'us.functions.global.authentication.signInAccount'
2024-03-19 14:47:40.829 [DEBUG] [thread-id 1] - Verify identifier: {TextFieldStackView.containerStackView=[true]}
2024-03-19 14:47:40.991 [DEBUG] [thread-id 1] - Enter text: 'us.data.prod.flowsfsfc.ios.email'
2024-03-19 14:47:42.801 [DEBUG] [thread-id 1] - Click element: 'WelcomeView.ctaButton'
2024-03-19 14:48:24.728 [DEBUG] [thread-id 1] - Main failed: Is not present: 'OTPView.passwordTextField'
2024-03-19 14:48:26.107 [DEBUG] [thread-id 1] - Executing scenario: 'After'
2024-03-19 14:48:26.108 [DEBUG] [thread-id 1] - Executing function: 'us.functions.utils.afterSteps'
2024-03-19 14:48:26.108 [WARN] [thread-id 1] - variable testStatus was used, but r2 could not find a value for this variable. returning default of null
2024-03-19 14:48:26.108 [DEBUG] [thread-id 1] - conditionally execute a flow. condition: false
2024-03-19 14:48:26.779 [DEBUG] [thread-id 1] - Test failed
2024-03-19 14:48:30.846 [DEBUG] [thread-id 1] - Created report: /Users/m0k0a2f/glass-automation/report/index.html
