2024-01-23 11:27:09.411 [DEBUG] [thread-id 1] - Executing R2 3.38.1: '/Users/m0k0a2f/glass-automation/./us/test/test-scripts/ios/golden-flows/PetRx-flows/pre-transaction/C2666400-PetRX-multiple-Pet-Vet-order.yaml' on device: 'iPhone 14'
2024-01-23 11:29:20.211 [DEBUG] [thread-id 1] - Executing scenario: 'Before'
2024-01-23 11:29:20.213 [DEBUG] [thread-id 1] - Execute before steps
2024-01-23 11:29:20.214 [DEBUG] [thread-id 1] - R2_SUBFLOW_PRE_TRANSACTION
2024-01-23 11:29:20.232 [DEBUG] [thread-id 1] - Executing function: 'us.functions.utils.astro.clearCart'
2024-01-23 11:29:20.611 [DEBUG] [thread-id 1] - Call API: 'http://astro.walmart.com/api/v2/teflon/customer/e2e.teflon.flow.petRx.ios.multi@cloudtest.org/clearcart'
2024-01-23 11:29:33.484 [DEBUG] [thread-id 1] - Response code is: '200'. Response body is: '{"astroStatus":"SUCCESS","astroDescription":"CART_CLEARED","astroDetails":{"dbSessionMap":{"CXO_CART_ST":"{\"mtoken\":\"5:23#326719019#2=69183253#8=363958863\"}"},"checkoutable":false,"cart":{"id":"bf5c625e-ab19-4e45-a0e1-f696dd14cf4c","buyer":{"id":"59d5829d-792d-4a8e-beb7-667ae6491de2","type":"CUSTOMER"},"accessPoint":{"id":"6168c2e3-fc36-4827-98e6-d717d10af1d6","name":"Walmart San Jose Store #32144","storeId":32144,"fulfillmentType":"INSTORE_PICKUP","fulfillmentOption":"PICKUP","supportedTimeZone":"US/Pacific","locationInstruction":"[{\"type\":\"CHECKIN_DEFAULT\",\"value\":\"<div><p><b>Please bring your government-issued ID</b></p><br /><br /><ol><li>Download and use the app to let us know you're on the way and view your parking guide.</li><li>Park in a designated pickup spot. Using the app, enter your parking info and an associate will come to you.</li><li>Show your ID to the associate if required.</li><li>The associate will request access to your trunk or back seat, then will load your items.</li><li>You're all set! Check the app to see if you need to move to any other pickup locations.</li></ol></div>\"},{\"type\":\"EMAIL_DEFAULT\",\"value\":\"NA\"},{\"type\":\"CHECKIN_1\",\"value\":\"Next, tell us when you’ve parked. Park by the pickup sign and enter your parking info so we can find you faster.\"}]","isStoreEbtEligible":true,"allowAlcohol":true,"allowAgeRestricted":false,"restrictions":[],"accessType":"PICKUP_CURBSIDE","storeCategory":"Supercenter","nodeType":"STORE","pickupStartBuffer":5,"allowBagFee":true,"isBagFeeMandatory":false,"address":{"postalCode":"95122","addressLineOne":"777 STORY RD","city":"San Jose","state":"CA","addressTypeName":"OFFICE","isPOBox":false,"countryCode":"USA"}},"storeIds":[],"itemCount":0,"entityErrors":[],"shipping":{"id":"bb71ec27-d2cc-4031-8d90-ec387d732bc9","dbLockVersion":0,"postalCode":"95122","city":"San Jose","state":"CA","countryCode":"USA","latitude":37.606689,"longitude":-122.426362,"isPOBox":false,"isAPOFPO":false,"isAddressChangedExplicitly":true},"currencyCode":"USD","preview":false,"tenantId":0,"verticalId":0,"checkoutableErrors":[],"intent":"PICKUP","pickupStore":{"city":"San Jose","stateOrProvinceCode":"CA","countryCode":"USA","postalCode":"95122","storeId":"32144","services":[]},"deliveryStore":{"city":"San Jose","stateOrProvinceCode":"CA","countryCode":"USA","postalCode":"95122","storeId":"32144","services":[]},"mpStores":[],"fulfillmentPlans":[],"accessPoints":[{"id":"6168c2e3-fc36-4827-98e6-d717d10af1d6","name":"Walmart San Jose Store #32144","storeId":32144,"fulfillmentType":"INSTORE_PICKUP","fulfillmentOption":"PICKUP","supportedTimeZone":"US/Pacific","locationInstruction":"[{\"type\":\"CHECKIN_DEFAULT\",\"value\":\"<div><p><b>Please bring your government-issued ID</b></p><br /><br /><ol><li>Download and use the app to let us know you're on the way and view your parking guide.</li><li>Park in a designated pickup spot. Using the app, enter your parking info and an associate will come to you.</li><li>Show your ID to the associate if required.</li><li>The associate will request access to your trunk or back seat, then will load your items.</li><li>You're all set! Check the app to see if you need to move to any other pickup locations.</li></ol></div>\"},{\"type\":\"EMAIL_DEFAULT\",\"value\":\"NA\"},{\"type\":\"CHECKIN_1\",\"value\":\"Next, tell us when you’ve parked. Park by the pickup sign and enter your parking info so we can find you faster.\"}]","isStoreEbtEligible":true,"allowAlcohol":true,"allowAgeRestricted":false,"restrictions":[],"accessType":"PICKUP_CURBSIDE","storeCategory":"Supercenter","nodeType":"STORE","pickupStartBuffer":5,"allowBagFee":true,"isBagFeeMandatory":false,"address":{"postalCode":"95122","addressLineOne":"777 STORY RD","city":"San Jose","state":"CA","addressTypeName":"OFFICE","isPOBox":false,"countryCode":"USA"}}],"reservations":[],"isExplicitIntent":false,"hasGiftEligibleItem":false,"warnings":[],"restrictions":[]},"isOmniPromiseResponse":true,"uniqueInstallationOfferIdHolder":[]}}'
2024-01-23 11:29:33.699 [DEBUG] [thread-id 1] - Cart cleared for e2e.teflon.flow.petRx.ios.multi@cloudtest.org
2024-01-23 11:29:33.875 [DEBUG] [thread-id 1] - Using us-errors-helpers.yaml
2024-01-23 11:29:34.044 [DEBUG] [thread-id 1] - Start Main
2024-01-23 11:29:34.047 [DEBUG] [thread-id 1] - Executing function: 'us.functions.global.onboarding.navigateOnboardingToHome'
2024-01-23 11:29:34.047 [DEBUG] [thread-id 1] - Executing function: 'us.function.utils.getEnvironmentValue'
2024-01-23 11:29:34.048 [DEBUG] [thread-id 1] - Store in: store the value 'teflon' in the variable 'env'
2024-01-23 11:29:34.051 [DEBUG] [thread-id 1] - Timestamp: 1706038174051
2024-01-23 11:29:34.061 [DEBUG] [thread-id 1] - Welcome screen loaded
2024-01-23 11:29:34.063 [DEBUG] [thread-id 1] - Verify identifier: {SignUpNudgeWelcomeViewController.titleLabel=[true]}
2024-01-23 11:29:44.193 [DEBUG] [thread-id 1] - conditionally execute a flow. condition: false
2024-01-23 11:29:44.402 [DEBUG] [thread-id 1] - Click element: 'cta.cancel.welcome'
2024-01-23 11:29:44.924 [DEBUG] [thread-id 1] - Notifiction Prompt screen loaded
2024-01-23 11:29:45.455 [DEBUG] [thread-id 1] - Verify identifier: {NotificationPermissionViewController.titleLabel=[true]}
2024-01-23 11:29:45.516 [DEBUG] [thread-id 1] - Click element: 'cta.cancel.notifications'
2024-01-23 11:29:45.993 [DEBUG] [thread-id 1] - location screen loaded
2024-01-23 11:29:46.207 [DEBUG] [thread-id 1] - Verify identifier: {LocationPermissionViewController.titleLabel=[true], LocationPermissionViewController.bodyLabel=[true]}
2024-01-23 11:29:46.269 [DEBUG] [thread-id 1] - Click element: 'cta.cancel.location'
2024-01-23 11:29:47.048 [DEBUG] [thread-id 1] - Verify identifier: {label.postal-code-entry=[true]}
2024-01-23 11:29:47.113 [DEBUG] [thread-id 1] - Enter text: '95122'
2024-01-23 11:29:50.166 [DEBUG] [thread-id 1] - Click element: 'cta.continue'
2024-01-23 11:29:50.725 [DEBUG] [thread-id 1] - sleep:  3000 milliseconds
2024-01-23 11:29:53.731 [DEBUG] [thread-id 1] - loop: from 0 to 3
2024-01-23 11:29:54.051 [DEBUG] [thread-id 1] - 0
2024-01-23 11:30:04.629 [DEBUG] [thread-id 1] - conditionally execute a flow. condition: false
2024-01-23 11:30:15.147 [DEBUG] [thread-id 1] - Observed IDFA Sscreen
2024-01-23 11:30:15.436 [DEBUG] [thread-id 1] - conditionally execute a flow. condition: true
2024-01-23 11:30:15.731 [DEBUG] [thread-id 1] - Verify identifier: {ATTPermissionViewController.titleLabel=[true], ATTPermissionViewController.bodyLabel=[true]}
2024-01-23 11:30:16.078 [DEBUG] [thread-id 1] - Click element: 'cta.continue.location'
2024-01-23 11:30:19.343 [DEBUG] [thread-id 1] - Click element: '//XCUIElementTypeButton[@name="Ask App Not to Track"] | //XCUIElementTypeButton[@name="Solicitar a la app no rastrear"]'
2024-01-23 11:30:30.580 [DEBUG] [thread-id 1] - conditionally execute a flow. condition: false
2024-01-23 11:30:31.270 [DEBUG] [thread-id 1] - modal is not displayed
2024-01-23 11:30:41.657 [DEBUG] [thread-id 1] - Executing function: 'us.functions.gic.collapseIfExpanded'
2024-01-23 11:30:42.783 [DEBUG] [thread-id 1] - Verify identifier: {//*[contains(@label,"Expanded")] | //*[contains(@name,"Expanded")]=[true]}
2024-01-23 11:30:43.499 [DEBUG] [thread-id 1] - Collapsing GIC screen
2024-01-23 11:30:44.597 [DEBUG] [thread-id 1] - Click element: '//*[contains(@label,"Expanded")] | //*[contains(@name,"Expanded")]'
2024-01-23 11:30:45.135 [DEBUG] [thread-id 1] - Executing function: 'us.functions.home.navigateHomeToSignIn'
2024-01-23 11:30:45.135 [DEBUG] [thread-id 1] - sleep:  3000 milliseconds
2024-01-23 11:30:59.709 [DEBUG] [thread-id 1] - Click element: 'tab-account-unselected'
2024-01-23 11:31:01.249 [DEBUG] [thread-id 1] - Verify identifier: {SignInYourAccountTableViewCell.signInButton=[true]}
2024-01-23 11:31:01.249 [DEBUG] [thread-id 1] - loop: from 1 to 3
2024-01-23 11:31:01.992 [DEBUG] [thread-id 1] - conditionally execute a flow. condition: true
2024-01-23 11:31:02.885 [DEBUG] [thread-id 1] - Click element: 'SignInYourAccountTableViewCell.signInButton'
2024-01-23 11:31:08.534 [DEBUG] [thread-id 1] - Verify identifier: {WelcomeView.emailField=[true]}
2024-01-23 11:31:10.270 [DEBUG] [thread-id 1] - Store in: store the value 'true' in the variable 'signInValidated'
2024-01-23 11:31:12.076 [DEBUG] [thread-id 1] - conditionally execute a flow. condition: true
2024-01-23 11:31:13.870 [DEBUG] [thread-id 1] - SignIn page loaded
2024-01-23 11:31:15.637 [DEBUG] [thread-id 1] - Store in: store the value 'false' in the variable 'signInValidated'
2024-01-23 11:31:15.645 [DEBUG] [thread-id 1] - Executing function: 'us.functions.global.authentication.signInAccount'
2024-01-23 11:31:17.373 [DEBUG] [thread-id 1] - Verify identifier: {WelcomeView.emailField=[true]}
2024-01-23 11:31:17.603 [DEBUG] [thread-id 1] - Enter text: 'e2e.teflon.flow.petRx.ios.multi@cloudtest.org'
2024-01-23 11:31:20.114 [DEBUG] [thread-id 1] - Click element: 'WelcomeView.ctaButton'
2024-01-23 11:31:33.053 [DEBUG] [thread-id 1] - conditionally execute a flow. condition: true
2024-01-23 11:31:35.083 [DEBUG] [thread-id 1] - Click element: 'OTPView.passwordOptionStackView'
2024-01-23 11:31:37.943 [DEBUG] [thread-id 1] - Verify identifier: {OTPView.passwordTextField=[true]}
2024-01-23 11:31:38.185 [DEBUG] [thread-id 1] - Enter text: 'E2epassword$'
2024-01-23 11:31:39.979 [DEBUG] [thread-id 1] - Click element: 'OTPView.ctaButton'
2024-01-23 11:32:05.504 [DEBUG] [thread-id 1] - conditionally execute a flow. condition: true
2024-01-23 11:32:08.016 [DEBUG] [thread-id 1] - Click element: 'Don’t Allow'
2024-01-23 11:32:08.768 [DEBUG] [thread-id 1] - Executing function: 'us.test.functions.utils.closeWplusPrompt.homeScreen'
2024-01-23 11:32:19.177 [DEBUG] [thread-id 1] - conditionally execute a flow. condition: false
2024-01-23 11:32:20.438 [DEBUG] [thread-id 1] - W+ Plus membership prompt is not present nothing to close continue
2024-01-23 11:32:20.448 [DEBUG] [thread-id 1] - Executing function: 'us.functions.utils.handleCartMergePopup'
2024-01-23 11:32:20.448 [DEBUG] [thread-id 1] - loop: from 0 to 4
2024-01-23 11:32:21.697 [DEBUG] [thread-id 1] - 0
2024-01-23 11:32:29.879 [DEBUG] [thread-id 1] - No Technical Error Page observed
2024-01-23 11:32:31.248 [DEBUG] [thread-id 1] - sleep:  1000 milliseconds
2024-01-23 11:32:42.446 [DEBUG] [thread-id 1] - Executing function: 'us.functions.global.navigation.accountToHome'
2024-01-23 11:32:42.447 [DEBUG] [thread-id 1] - Verify identifier: {Shop=[true]}
2024-01-23 11:32:42.447 [DEBUG] [thread-id 1] - sleep:  2000 milliseconds
2024-01-23 11:32:44.748 [DEBUG] [thread-id 1] - Click element: 'Shop'
2024-01-23 11:32:46.215 [DEBUG] [thread-id 1] - Executing function: 'us.functions.home.closeWPlusPromotionPopUpIfDisplayed'
2024-01-23 11:32:49.249 [DEBUG] [thread-id 1] - Verify identifier: {//XCUIElementTypeButton[@name="SplashPageTermView.primaryButton"]|//XCUIElementTypeButton[@name="WalmartPlusSplashBottomSheet.tryWalmartPlusMemberShipButton"] | //XCUIElementTypeButton[@label="Try your rewards benefit"] | //XCUIElementTypeButton[@name="BenefitEngagementTempoContainerView.primaryButton"]=[true]}
2024-01-23 11:32:51.024 [DEBUG] [thread-id 1] - Click element: '//XCUIElementTypeButton[@name="SplashPageViewController.closeButton" or contains(@label, "Close Walmart plus promotional pop up")] | //XCUIElementTypeNavigationBar[@name="WalmartPlus.SplashPageView"]/XCUIElementTypeButton | //XCUIElementTypeButton[@name="close" or @name="Close"] | //XCUIElementTypeButton[@name="SplashPageViewController.fullScreenCloseButton"] | //XCUIElementTypeButton[@name="MultiSplashViewController.fullScreenCloseButton"]'
2024-01-23 11:32:52.548 [DEBUG] [thread-id 1] - Verify identifier: {Search Walmart=[true]}
2024-01-23 11:32:52.548 [DEBUG] [thread-id 1] - Executing function: 'us.functions.home.rateDriverPopup'
2024-01-23 11:32:52.548 [DEBUG] [thread-id 1] - loop: from 1 to 6
2024-01-23 11:32:53.268 [DEBUG] [thread-id 1] - 1
2024-01-23 11:33:04.668 [DEBUG] [thread-id 1] - conditionally execute a flow. condition: false
2024-01-23 11:33:05.411 [DEBUG] [thread-id 1] - Executing function: 'us.functions.home.changeStore'
2024-01-23 11:33:05.412 [DEBUG] [thread-id 1] - Executing function: 'us.functions.home.closeWPlusPromotionPopUpIfDisplayed'
2024-01-23 11:33:14.187 [DEBUG] [thread-id 1] - No Wplus pop up displayed
2024-01-23 11:33:14.195 [DEBUG] [thread-id 1] - Executing function: 'us.functions.gic.expandIfCollapsed'
2024-01-23 11:33:15.289 [DEBUG] [thread-id 1] - Verify identifier: {//*[contains(@label,"Collapsed")] | //*[contains(@name,"Collapsed")]=[true]}
2024-01-23 11:33:16.404 [DEBUG] [thread-id 1] - Click element: '//*[contains(@label,"Collapsed")] | //*[contains(@name,"Collapsed")]'
2024-01-23 11:33:16.934 [WARN] [thread-id 1] - variable storeOnly was used, but r2 could not find a value for this variable. returning default of null
2024-01-23 11:33:16.936 [DEBUG] [thread-id 1] - conditionally execute a flow. condition: true
2024-01-23 11:33:28.782 [DEBUG] [thread-id 1] - conditionally execute a flow. condition: false
2024-01-23 11:33:41.302 [DEBUG] [thread-id 1] - Click element: '//XCUIElementTypeButton[@name="GlobalIntentCenter.Pickup"] | //XCUIElementTypeButton[contains(@name, "Pickup") and contains(@name,"1 of 2")]'
2024-01-23 11:33:42.702 [DEBUG] [thread-id 1] - Pickup intent selected
2024-01-23 11:33:46.231 [DEBUG] [thread-id 1] - Click element: '//XCUIElementTypeCollectionView[@name="GlobalIntentCenterViewController.collectionView"]//XCUIElementTypeCell[position()=last()-2 or position()=last()-1]//*[@name="GlobalIntentCenter.FullLocation" and contains(@label,"Pickup")] | //XCUIElementTypeOther[@name="LayoutableChildStackViewController.stackView"]/XCUIElementTypeOther[position()=last()]//XCUIElementTypeOther[@name="HoTLocationsItemDetailsView.containerView"]'
2024-01-23 11:33:59.956 [DEBUG] [thread-id 1] - conditionally execute a flow. condition: false
2024-01-23 11:34:10.473 [DEBUG] [thread-id 1] - Enter text: '95122'
2024-01-23 11:34:25.950 [DEBUG] [thread-id 1] - Click element: '(//XCUIElementTypeButton[@name="StoreSelectionCell.radioButton"])[1] | (//XCUIElementTypeOther[@name="StoreSelectionCell.radioLabelsStackView"])[1]'
2024-01-23 11:34:38.696 [DEBUG] [thread-id 1] - Click element: '//XCUIElementTypeButton[@name="SaveStoreSelectionView.saveButton"]'
2024-01-23 11:34:45.412 [DEBUG] [thread-id 1] - Executing function: 'us.functions.utils.handleTechnicalErrorPopup'
2024-01-23 11:34:45.413 [DEBUG] [thread-id 1] - Store in: store the value 'false' in the variable 'errorRemoved'
2024-01-23 11:34:45.413 [DEBUG] [thread-id 1] - sleep:  5000 milliseconds
2024-01-23 11:34:50.420 [DEBUG] [thread-id 1] - loop: from 0 to 3
2024-01-23 11:34:51.373 [DEBUG] [thread-id 1] - 0
2024-01-23 11:35:03.358 [DEBUG] [thread-id 1] - conditionally execute a flow. condition: false
2024-01-23 11:35:04.270 [DEBUG] [thread-id 1] - Store in: store the value 'true' in the variable 'errorRemoved'
2024-01-23 11:35:05.200 [DEBUG] [thread-id 1] - No Technical Error Pop up observed
2024-01-23 11:35:16.736 [DEBUG] [thread-id 1] - sleep:  2000 milliseconds
2024-01-23 11:35:19.145 [DEBUG] [thread-id 1] - conditionally execute a flow. condition: true
2024-01-23 11:35:20.084 [DEBUG] [thread-id 1] - Executing function: 'us.functions.gic.collapseIfExpanded'
2024-01-23 11:35:21.599 [DEBUG] [thread-id 1] - Verify identifier: {//*[contains(@label,"Expanded")] | //*[contains(@name,"Expanded")]=[true]}
2024-01-23 11:35:22.561 [DEBUG] [thread-id 1] - Collapsing GIC screen
2024-01-23 11:35:24.109 [DEBUG] [thread-id 1] - Click element: '//*[contains(@label,"Expanded")] | //*[contains(@name,"Expanded")]'
2024-01-23 11:35:25.909 [DEBUG] [thread-id 1] - Verify identifier: {//*[contains(@label,"Collapsed")] | //*[contains(@name,"Collapsed")]=[true]}
2024-01-23 11:35:25.918 [DEBUG] [thread-id 1] - Executing function: 'us.functions.utils.fetchFromDataList'
2024-01-23 11:35:25.919 [DEBUG] [thread-id 1] - conditionally execute a flow. condition: false
2024-01-23 11:35:26.704 [DEBUG] [thread-id 1] - Store in: store the value 'FC_DELIVERY' in the variable 'itemGroup'
2024-01-23 11:35:26.725 [DEBUG] [thread-id 1] - loop: over '["894010516", "1996033768", "2034355960", "1051886288", "22471933", "1201002894", "22471997"]'
2024-01-23 11:35:27.486 [DEBUG] [thread-id 1] - Executing function: 'us.functions.utils.checkItemTransactabality'
2024-01-23 11:35:27.487 [DEBUG] [thread-id 1] - Store in: store the value 'false' in the variable 'itemEligible'
2024-01-23 11:35:27.487 [DEBUG] [thread-id 1] - Call API: 'http://astro.walmart.com/api/v2/teflon/item/transactability'
2024-01-23 11:35:42.571 [DEBUG] [thread-id 1] - Response code is: '200'. Response body is: '{"astroStatus":"SUCCESS","astroDescription":"CART - ADD_TO_CART SUCCESS","astroDetails":{"dbSessionMap":{"CXO_CART_ST":"{\"mtoken\":\"5:23#326720632#2=69185436#8=363961517\"}"},"checkoutable":true,"cart":{"id":"bf5c625e-ab19-4e45-a0e1-f696dd14cf4c","buyer":{"id":"59d5829d-792d-4a8e-beb7-667ae6491de2","type":"CUSTOMER"},"accessPoint":{"id":"6168c2e3-fc36-4827-98e6-d717d10af1d6","name":"Walmart San Jose Store #32144","storeId":32144,"fulfillmentType":"INSTORE_PICKUP","fulfillmentOption":"PICKUP","supportedTimeZone":"US/Pacific","locationInstruction":"[{\"type\":\"CHECKIN_DEFAULT\",\"value\":\"<div><p><b>Please bring your government-issued ID</b></p><br /><br /><ol><li>Download and use the app to let us know you're on the way and view your parking guide.</li><li>Park in a designated pickup spot. Using the app, enter your parking info and an associate will come to you.</li><li>Show your ID to the associate if required.</li><li>The associate will request access to your trunk or back seat, then will load your items.</li><li>You're all set! Check the app to see if you need to move to any other pickup locations.</li></ol></div>\"},{\"type\":\"EMAIL_DEFAULT\",\"value\":\"NA\"},{\"type\":\"CHECKIN_1\",\"value\":\"Next, tell us when you’ve parked. Park by the pickup sign and enter your parking info so we can find you faster.\"}]","isStoreEbtEligible":true,"allowAlcohol":true,"allowAgeRestricted":false,"restrictions":[],"accessType":"PICKUP_CURBSIDE","storeCategory":"Supercenter","nodeType":"STORE","pickupStartBuffer":5,"allowBagFee":true,"isBagFeeMandatory":false,"address":{"postalCode":"95122","addressLineOne":"777 STORY RD","city":"San Jose","state":"CA","addressTypeName":"OFFICE","isPOBox":false,"countryCode":"USA"}},"storeIds":[],"itemCount":1,"entityErrors":[],"shipping":{"id":"bb71ec27-d2cc-4031-8d90-ec387d732bc9","dbLockVersion":0,"firstName":"test","lastName":"auto","addressId":"6ba94e2c-c90f-4f66-ab93-06dff87365b9","postalCode":"95122","city":"San Jose","state":"CA","countryCode":"USA","addressLineOne":"1350 Bacchus Dr","latitude":37.325936,"longitude":-121.843014,"phone":"4084353453","deliveryInstructions":"","addressType":"BOTH","isPOBox":false,"isAPOFPO":false,"lastModifiedDate":1705066808008,"isAddressChangedExplicitly":true,"deliveryInstructionsDetails":[{"deliveryInstructionType":"REGULAR","deliveryInstruction":""},{"deliveryInstructionType":"INHOME","deliveryInstruction":""}]},"summary":{"subTotal":15.31,"grandTotal":22.3,"minimumThreshold":35,"balanceToReachThreshold":19.69,"thresholdOrderTotal":35,"shipPriceBelowThreshold":6.99,"fees":[{"type":"MIN_THRESHOLD_FEE","amount":6.99}],"serviceCharges":[]},"suggestedSlots":[{"id":"83133b86-8975-45ec-ac38-4278c4b2d0cc-2024-01-23","fulfillmentType":"EXPRESS_DELIVERY","fulfillmentOption":"DELIVERY","accessType":"DELIVERY_ADDRESS","isUnscheduled":false,"accessPointId":"289b03f7-7ebd-40ef-9243-928317061fb9","expressSlot":true,"slaInMins":120,"supportedTimeZone":"US/Pacific","slotPrice":17.95,"expressFee":10,"expressSlotPrice":7.95,"ids":[],"originalSlotPrice":17.95,"restrictions":[],"status":"AVAILABLE","maxItemQty":130,"priority":600,"amendableItemSize":0,"isAlcoholRestricted":false,"storeId":"32144","expressItemLimit":130},{"id":"d70bfd63-88d0-4c25-9cd3-337184635af9-2024-01-23","fulfillmentType":"EXPRESS_PICKUP","fulfillmentOption":"PICKUP","accessType":"PICKUP_CURBSIDE","isUnscheduled":false,"accessPointId":"0ebad96a-c578-4108-8025-6a2da143f790","expressSlot":true,"slaInMins":60,"supportedTimeZone":"US/Pacific","slotPrice":10,"expressFee":10,"expressSlotPrice":0,"ids":[],"restrictions":[],"status":"AVAILABLE","maxItemQty":94,"priority":600,"amendableItemSize":0,"isAlcoholRestricted":false,"storeId":"32144","expressItemLimit":94}],"currencyCode":"USD","preview":false,"tenantId":0,"verticalId":0,"checkoutableErrors":[],"intent":"DELIVERY","pickupStore":{"city":"San Jose","stateOrProvinceCode":"CA","countryCode":"USA","postalCode":"95122","storeId":"32144","services":[{"name":"GARDEN_CENTER"},{"name":"DELI"},{"name":"BAKERY"},{"name":"GROCERY"},{"name":"LIQUOR"},{"name":"VISION_CENTER"},{"name":"PHOTO_CENTER"},{"name":"TIRE_AND_LUBE","phone":"330-337-9044"},{"name":"GROCERY_PICKUP_DELIVERY"}]},"deliveryStore":{"city":"San Jose","stateOrProvinceCode":"CA","countryCode":"USA","postalCode":"95122","storeId":"32144","services":[{"name":"GARDEN_CENTER"},{"name":"DELI"},{"name":"BAKERY"},{"name":"GROCERY"},{"name":"LIQUOR"},{"name":"VISION_CENTER"},{"name":"PHOTO_CENTER"},{"name":"TIRE_AND_LUBE","phone":"330-337-9044"},{"name":"GROCERY_PICKUP_DELIVERY"}]},"mpStores":[],"fulfillmentPlans":[{"isDefault":true,"fulfillmentModules":[{"name":"UNSCHEDULED_DELIVERY","fulfillmentGroups":[{"sellerId":"455A2F43226F41319399794332C71B7F","fulfillmentOptions":[{"fulfillmentType":"DELIVERY","accessType":"DELIVERY_ADDRESS","accessMode":"NATIONAL_CARRIER","isSelected":true,"isUnscheduled":true,"dateStartRange":1706050740000,"dateEndRange":1706050740000,"itemGroups":[{"itemIds":["4911bcd8-d395-4a04-96c5-27fe24764da3"],"dateTime":1706050740000,"accessMode":"NATIONAL_CARRIER","itemDetails":[{"lineItemId":"4911bcd8-d395-4a04-96c5-27fe24764da3"}],"orderCutoffTime":1706058000000}],"strategy":"SLA_TIER_BASED_PROMISE"}],"fulfillmentSellerType":"WALMART"}],"checkoutableErrors":[],"checkoutable":true,"summary":{"subTotal":15.31,"grandTotal":15.31}}]}],"accessPoints":[{"id":"f681d48a-7be4-43ea-8e10-229a1f00db37","name":"32144 - Home Delivery","storeId":32144,"fulfillmentType":"DELIVERY","fulfillmentOption":"DELIVERY","supportedTimeZone":"US/Pacific","locationInstruction":"[{\"type\":\"CHECKIN_DEFAULT\",\"value\":\"<div> <p> In order to  protect the safety of our customers & associates, we've temporarily moved to a no-contact pickup in store process. </p> <br /> <br /><b>Please bring your government-issued ID</b><br /> <ol> <li>Check in with the app to let us know you're on the way.</li> <li> Park in a designated pickup spot, stay in your vehicle and keep your windows rolled up. </li> <li> A Walmart associate will request access to your trunk or back seat, then they'll load your order. </li> <li>You're all set! The associate will sign for the order.</li> </ol> </div>\"},{\"type\":\"EMAIL_DEFAULT\",\"value\":\"<div> <p> In order to  protect the safety of our customers & associates, we've temporarily moved to a no-contact pickup in store process. </p> <br /> <br /><b>Please bring your government-issued ID</b><br /> <ol> <li>Check in with the app to let us know you're on the way.</li> <li> Park in a designated pickup spot, stay in your vehicle and keep your windows rolled up. </li> <li> A Walmart associate will request access to your trunk or back seat, then they'll load your order. </li> <li>You're all set! The associate will sign for the order.</li> </ol> </div>\"}]","isStoreEbtEligible":true,"allowAlcohol":true,"allowAgeRestricted":true,"restrictions":[],"accessType":"DELIVERY_ADDRESS","storeCategory":"Supercenter","nodeType":"STORE","pickupStartBuffer":0,"allowBagFee":true,"isBagFeeMandatory":false,"address":{"postalCode":"95122","addressLineOne":"777 STORY RD","city":"San Jose","state":"CA","addressTypeName":"OFFICE","isPOBox":false,"countryCode":"USA"}},{"id":"6168c2e3-fc36-4827-98e6-d717d10af1d6","name":"Walmart San Jose Store #32144","storeId":32144,"fulfillmentType":"INSTORE_PICKUP","fulfillmentOption":"PICKUP","supportedTimeZone":"US/Pacific","locationInstruction":"[{\"type\":\"CHECKIN_DEFAULT\",\"value\":\"<div><p><b>Please bring your government-issued ID</b></p><br /><br /><ol><li>Download and use the app to let us know you're on the way and view your parking guide.</li><li>Park in a designated pickup spot. Using the app, enter your parking info and an associate will come to you.</li><li>Show your ID to the associate if required.</li><li>The associate will request access to your trunk or back seat, then will load your items.</li><li>You're all set! Check the app to see if you need to move to any other pickup locations.</li></ol></div>\"},{\"type\":\"EMAIL_DEFAULT\",\"value\":\"NA\"},{\"type\":\"CHECKIN_1\",\"value\":\"Next, tell us when you’ve parked. Park by the pickup sign and enter your parking info so we can find you faster.\"}]","isStoreEbtEligible":true,"allowAlcohol":true,"allowAgeRestricted":false,"restrictions":[],"accessType":"PICKUP_CURBSIDE","storeCategory":"Supercenter","nodeType":"STORE","pickupStartBuffer":5,"allowBagFee":true,"isBagFeeMandatory":false,"address":{"postalCode":"95122","addressLineOne":"777 STORY RD","city":"San Jose","state":"CA","addressTypeName":"OFFICE","isPOBox":false,"countryCode":"USA"}}],"reservations":[],"isExplicitIntent":true,"hasGiftEligibleItem":false,"marketPlacePickup":true,"warnings":[],"restrictions":[],"accInstallationSelection":{"isExplicitPackageSelection":false}},"items":[{"id":"4911bcd8-d395-4a04-96c5-27fe24764da3","quantity":1,"price":15.31,"oldPrice":15.31,"linePrice":15.31,"pricePerUnit":15.31,"pricePerUnitUoM":"EA","USItemId":"894010516","USSellerId":"0","offerId":"D34CC8A40CA54C4CB9F4C3353721DF1D","name":"DALIRESP 500MCG","seller":{"name":"Walmart.com","type":"INTERNAL","id":"455A2F43226F41319399794332C71B7F","catalogSellerId":0},"availableQuantity":2147483647,"maxItemCountPerOrder":1000,"minItemCountPerOrder":1,"primaryCategoryPath":"0:5431:7711239","charPrimaryCategoryPath":"Home Page/Pharmacy/Prescription Medication","sort":1706038541078,"entityErrors":[],"createdDateTime":1706038541078,"isAlcohol":false,"isTemperatureTimeRestricted":false,"isSubstitutionEligible":false,"weightIncrement":1,"unitOfMeasure":"EA","type":"REGULAR","itemClassId":"1","upc":"303100095304","productId":"3NMSJXGFGLHD","isSnapEligible":false,"isSubstitutionsAllowed":false,"productSegment":"Health & Beauty","salesUnit":"Each","wupc":"0030310009530","productUrl":"/ip/DALIRESP-500MCG/894010516","productType":"Prescription Medicines","sourcingDetails":{"currentSelection":"SHIPPING","nodeAvailableQuantity":2147483647},"warnings":[],"fulfillmentDetails":{"fulfillmentId":"5b84d643-a1d8-4a4a-954e-810aabb933d4","slaTier":"THREE_TO_FIVE_DAY","fulfillmentType":"DELIVERY","nodeType":"STORE","fulfillmentTypeClassification":["PHARMACY_PETS"],"initialItemType":"ONLINE_ONLY","isNewItemToCart":true,"fulfillmentMode":"UNSCHEDULED","accessMode":"NATIONAL_CARRIER","accessType":"DELIVERY_ADDRESS","availableFulfillmentOptions":["UNSCHEDULED_DELIVERY"],"fulfillmentModuleName":"UNSCHEDULED_DELIVERY","shippingFulfillmentDate":1706050740000,"maxOrderQuantity":{"unscheduledDelivery":1000},"shipNodeId":"999932144"},"shortDescription":"DALIRESP 500MCG TAB","associations":[],"fulfillmentPrerequisites":[{"preRequisiteList":["MUST_SHIP_ALONE","MIN_BOX_PROTECTION_REQUIRED"]}],"isEventActive":false,"events":[],"nodeLevelSellables":[],"isPetRxItem":true,"tierPrice":true,"legacyItemId":"894010516","gtin":"00303100095304","productClassType":"REGULAR","reportingHierarchy":"40000:43000:43004:43110:43300","isPapEligible":false,"isCheckoutAmendable":false,"petItemType":"PET_RX_ITEM","compositions":[],"isSubscriptionEligible":false,"isCashbackEligible":false,"isColdChain":false}],"lastModifiedTime":1706038542544,"cartVersion":69,"isOmniPromiseResponse":true,"uniqueInstallationOfferIdHolder":[]},"astroInfo":null}'
2024-01-23 11:35:42.586 [DEBUG] [thread-id 1] - conditionally execute a flow. condition: true
2024-01-23 11:35:43.349 [DEBUG] [thread-id 1] - Store in: store the value 'true' in the variable 'itemEligible'
2024-01-23 11:35:44.100 [DEBUG] [thread-id 1] - conditionally execute a flow. condition: true
2024-01-23 11:35:44.831 [DEBUG] [thread-id 1] - Store in: store the value '894010516' in the variable 'itemFetched'
2024-01-23 11:35:45.582 [DEBUG] [thread-id 1] - Store in: store the value 'walmart://item/894010516' in the variable 'deeplinkURl'
2024-01-23 11:35:46.305 [DEBUG] [thread-id 1] - Item:894010516
2024-01-23 11:35:47.040 [DEBUG] [thread-id 1] - deeplinkURL:walmart://item/894010516
2024-01-23 11:35:47.771 [DEBUG] [thread-id 1] - conditionally execute a flow. condition: true
2024-01-23 11:35:48.529 [DEBUG] [thread-id 1] - Eligible item is 894010516 for type FC_DELIVERY
2024-01-23 11:35:48.533 [DEBUG] [thread-id 1] - Executing function: 'us.functions.global.navigation.goToDeepLink'
2024-01-23 11:35:48.534 [DEBUG] [thread-id 1] - Verify value of: '$deepLinkUrl'
2024-01-23 11:35:48.534 [DEBUG] [thread-id 1] - Open link: 'walmart://item/894010516'
2024-01-23 11:35:49.261 [DEBUG] [thread-id 1] - Executing function: 'us.functions.global.navigation.openDeepLink'
2024-01-23 11:35:58.476 [DEBUG] [thread-id 1] - Deeplink pop up not displayed
2024-01-23 11:35:58.481 [DEBUG] [thread-id 1] - Executing function: 'us.functions.item.petrxItem.verifyPresent'
2024-01-23 11:36:02.486 [DEBUG] [thread-id 1] - Verify identifier: {TitleView_productTitle=[true], //XCUIElementTypeStaticText[@name="PriceView_primaryProductPrice"]=[true], Prescription required=[true]}
2024-01-23 11:36:02.486 [DEBUG] [thread-id 1] - Executing function: 'us.functions.item.addItemToCart'
2024-01-23 11:36:04.395 [DEBUG] [thread-id 1] - Verify identifier: {stepper.mainButton=[true]}
2024-01-23 11:36:06.726 [DEBUG] [thread-id 1] - Click element: 'stepper.mainButton'
2024-01-23 11:36:08.010 [WARN] [thread-id 1] - variable qty was used, but r2 could not find a value for this variable. returning default of null
2024-01-23 11:36:08.012 [WARN] [thread-id 1] - variable qty was used, but r2 could not find a value for this variable. returning default of null
2024-01-23 11:36:09.092 [DEBUG] [thread-id 1] - Verify identifier: {//XCUIElementTypeStaticText[@name="1 added"]| //XCUIElementTypeOther[@name="add-to-cart-button"] | //XCUIElementTypeStaticText[@label="null"] | Max 1=[true]}
2024-01-23 11:36:09.093 [WARN] [thread-id 1] - variable skipPostAddToCartSteps was used, but r2 could not find a value for this variable. returning default of null
2024-01-23 11:36:09.093 [DEBUG] [thread-id 1] - conditionally execute a flow. condition: true
2024-01-23 11:36:11.241 [DEBUG] [thread-id 1] - Executing function: 'us.functions.item.postAddToCartSteps'
2024-01-23 11:36:31.282 [DEBUG] [thread-id 1] - No ACC pop up screen displayed
2024-01-23 11:36:34.466 [DEBUG] [thread-id 1] - Click element: '//XCUIElementTypeButton[@name="Close"]'
2024-01-23 11:36:38.483 [DEBUG] [thread-id 1] - Click element: '//XCUIElementTypeButton[@name="Close"] | //XCUIElementTypeButton[@label="Close"]'
2024-01-23 11:36:39.262 [DEBUG] [thread-id 1] - Executing function: 'us.functions.item.closeItemPage'
2024-01-23 11:37:00.277 [DEBUG] [thread-id 1] - PAC not found
2024-01-23 11:37:21.089 [DEBUG] [thread-id 1] - Item page closed
2024-01-23 11:37:21.822 [WARN] [thread-id 1] - break reached without loop, this may be an error in your flow.
2024-01-23 11:37:33.176 [DEBUG] [thread-id 1] - Main failed: Is present: 'Your cart is empty'
2024-01-23 11:37:33.913 [DEBUG] [thread-id 1] - Executing scenario: 'After'
2024-01-23 11:37:33.914 [DEBUG] [thread-id 1] - Executing function: 'us.functions.utils.afterSteps'
2024-01-23 11:37:33.914 [WARN] [thread-id 1] - variable testStatus was used, but r2 could not find a value for this variable. returning default of null
2024-01-23 11:37:33.915 [DEBUG] [thread-id 1] - conditionally execute a flow. condition: false
2024-01-23 11:37:34.635 [DEBUG] [thread-id 1] - Test failed
2024-01-23 11:37:34.639 [DEBUG] [thread-id 1] - Executing function: 'us.functions.utils.fetchExecutionTime'
2024-01-23 11:37:34.640 [DEBUG] [thread-id 1] - conditionally execute a flow. condition: true
2024-01-23 11:37:35.338 [DEBUG] [thread-id 1] - Timestamp: 1706038655338
2024-01-23 11:37:36.064 [DEBUG] [thread-id 1] - Arithmetic Operation: (1706038655338 - 1706038174051) / 1000 (value = 481.287)
2024-01-23 11:37:36.065 [DEBUG] [thread-id 1] - Store in: store the value '481.287' in the variable 'result'
2024-01-23 11:37:36.773 [DEBUG] [thread-id 1] - 481.287
2024-01-23 11:37:37.483 [DEBUG] [thread-id 1] - Arithmetic Operation: 481.287 / 60 (value = 8.02145)
2024-01-23 11:37:37.483 [DEBUG] [thread-id 1] - Store in: store the value '8.02145' in the variable 'result'
2024-01-23 11:37:38.194 [DEBUG] [thread-id 1] - 8.02145
2024-01-23 11:37:38.908 [DEBUG] [thread-id 1] - Create file: './timestampData.txt' with string '8.02145,'
2024-01-23 11:37:56.642 [DEBUG] [thread-id 1] - Created report: /Users/m0k0a2f/glass-automation/report/index.html
2024-01-23 12:35:18.802 [DEBUG] [thread-id 1] - Executing R2 3.38.1: '/Users/m0k0a2f/glass-automation/./us/test/test-scripts/ios/prod-flows/Ecomm-And-Fulfillment-Flows/store-single-fulfillment-flows/C2644789-glass-sc-scheduled-delivery.yaml' on device: 'iPhone 14 Simulator'
2024-01-23 12:35:22.501 [DEBUG] [thread-id 1] - Created report: /Users/m0k0a2f/glass-automation/report/index.html
2024-01-23 12:40:13.308 [DEBUG] [thread-id 1] - Executing R2 3.38.1: '/Users/m0k0a2f/glass-automation/./us/test/test-scripts/ios/prod-flows/Ecomm-And-Fulfillment-Flows/store-single-fulfillment-flows/C2644789-glass-sc-scheduled-delivery.yaml' on device: 'iPhone 14 Simulator'
2024-01-23 12:40:17.989 [DEBUG] [thread-id 1] - Created report: /Users/m0k0a2f/glass-automation/report/index.html
2024-01-23 16:25:03.527 [DEBUG] [thread-id 1] - Executing R2 3.38.1: '/Users/m0k0a2f/glass-automation/./us/test/test-scripts/ios/prod-flows/Ecomm-And-Fulfillment-Flows/store-single-fulfillment-flows/C2644789-glass-sc-scheduled-delivery.yaml' on device: 'iPhone 14 Simulator'
2024-01-23 16:25:05.596 [DEBUG] [thread-id 1] - Created report: /Users/m0k0a2f/glass-automation/report/index.html
2024-01-23 16:27:03.857 [DEBUG] [thread-id 1] - Executing R2 3.38.1: '/Users/m0k0a2f/glass-automation/./us/test/test-scripts/ios/prod-flows/Ecomm-And-Fulfillment-Flows/store-single-fulfillment-flows/C2644789-glass-sc-scheduled-delivery.yaml' on device: 'iPhone 14 Simulator'
2024-01-23 16:27:06.003 [DEBUG] [thread-id 1] - Created report: /Users/m0k0a2f/glass-automation/report/index.html
2024-01-23 16:28:41.360 [DEBUG] [thread-id 1] - Executing R2 3.38.1: '/Users/m0k0a2f/glass-automation/./us/test/test-scripts/ios/prod-flows/Ecomm-And-Fulfillment-Flows/store-single-fulfillment-flows/C2644789-glass-sc-scheduled-delivery.yaml' on device: 'iPhone 12 Simulator'
2024-01-23 16:28:43.389 [DEBUG] [thread-id 1] - Created report: /Users/m0k0a2f/glass-automation/report/index.html
2024-01-23 16:48:23.572 [DEBUG] [thread-id 1] - Executing R2 3.38.1: '/Users/m0k0a2f/glass-automation/./us/test/test-scripts/ios/prod-flows/Ecomm-And-Fulfillment-Flows/store-single-fulfillment-flows/C2644789-glass-sc-scheduled-delivery.yaml' on device: 'iPhone 12 Simulator'
2024-01-23 16:48:26.088 [DEBUG] [thread-id 1] - Created report: /Users/m0k0a2f/glass-automation/report/index.html
