2024-06-13 14:13:31.766 [DEBUG] [thread-id 1] - Executing R2 4.0.2: '/Users/m0k0a2f/glass-automation/./us/e2e-tests/test-scripts/android/prod-flows/Ecomm-And-Fulfillment-Flows/multi-store-pickup-flows/C2700999-explicitMultistorepickup.yaml' on device: 'Pixel_8_Pro_API_34'
2024-06-13 14:13:31.924 [INFO] [thread-id 1] - url: http://127.0.0.1:4723
2024-06-13 14:13:45.795 [DEBUG] [thread-id 1] - Executing scenario: 'Before'
2024-06-13 14:13:45.797 [DEBUG] [thread-id 1] - R2_SUBFLOW_PRE_TRANSACTION
2024-06-13 14:13:45.892 [DEBUG] [thread-id 1] - Using us-errors-helpers.yaml
2024-06-13 14:13:45.975 [DEBUG] [thread-id 1] - Start Main
2024-06-13 14:13:45.978 [DEBUG] [thread-id 1] - Executing function: 'us.functions.global.onboarding.navigateOnboardingToHome'
2024-06-13 14:13:45.979 [DEBUG] [thread-id 1] - Executing function: 'us.function.utils.getEnvironmentValue'
2024-06-13 14:13:45.979 [DEBUG] [thread-id 1] - Store in: store the value 'production' in the variable 'env'
2024-06-13 14:13:45.980 [DEBUG] [thread-id 1] - Timestamp: 1718313225980
2024-06-13 14:13:45.981 [DEBUG] [thread-id 1] - Start Activity: 'com.walmart.android.debug.com.walmart.glass.integration.splash.SplashActivity'
2024-06-13 14:14:00.433 [DEBUG] [thread-id 1] - conditionally execute a flow. condition: false
2024-06-13 14:14:00.499 [DEBUG] [thread-id 1] - Verify identifier: {com.walmart.android.debug:id/onboarding_welcome_title_textview=[true]}
2024-06-13 14:14:10.515 [DEBUG] [thread-id 1] - conditionally execute a flow. condition: false
2024-06-13 14:14:10.566 [DEBUG] [thread-id 1] - Verify identifier: {com.walmart.android.debug:id/onboarding_welcome_title_textview=[true]}
2024-06-13 14:14:10.687 [DEBUG] [thread-id 1] - Click element: 'com.walmart.android.debug:id/onboarding_welcome_secondary_button'
2024-06-13 14:14:12.649 [WARN] [thread-id 1] - variable allowNotifications was used, but r2 could not find a value for this variable. returning default of null
2024-06-13 14:14:12.653 [DEBUG] [thread-id 1] - conditionally execute a flow. condition: false
2024-06-13 14:14:12.713 [DEBUG] [thread-id 1] - Verify identifier: {com.walmart.android.debug:id/onboarding_notification_title_textview=[true]}
2024-06-13 14:14:12.822 [DEBUG] [thread-id 1] - Click element: 'com.walmart.android.debug:id/onboarding_maybe_later_button'
2024-06-13 14:14:14.848 [DEBUG] [thread-id 1] - Verify identifier: {com.walmart.android.debug:id/onboarding_location_title_textview=[true]}
2024-06-13 14:14:14.914 [DEBUG] [thread-id 1] - Click element: 'com.walmart.android.debug:id/onboarding_zip_code_button'
2024-06-13 14:14:15.856 [DEBUG] [thread-id 1] - Verify identifier: {com.walmart.android.debug:id/onboarding_title_textview=[true]}
2024-06-13 14:14:16.263 [DEBUG] [thread-id 1] - Click element: '//android.widget.EditText[@text="Enter zip code"] | //android.widget.EditText[@text="Enter postal code"] | //android.widget.EditText[@resource-id="com.walmart.android.debug:id/onboarding_zip_code_textinput"]//android.widget.EditText'
2024-06-13 14:14:17.734 [DEBUG] [thread-id 1] - Enter text: '95122'
2024-06-13 14:14:19.625 [DEBUG] [thread-id 1] - Hide keyboard: 'true'
2024-06-13 14:14:26.256 [DEBUG] [thread-id 1] - Click element: 'com.walmart.android.debug:id/onboarding_zip_code_search_button'
2024-06-13 14:14:26.929 [DEBUG] [thread-id 1] - sleep:  3000 milliseconds
2024-06-13 14:14:29.933 [DEBUG] [thread-id 1] - loop: from 0 to 3
2024-06-13 14:14:31.820 [DEBUG] [thread-id 1] - 0
2024-06-13 14:14:42.012 [DEBUG] [thread-id 1] - conditionally execute a flow. condition: false
2024-06-13 14:14:52.242 [DEBUG] [thread-id 1] - Verify identifier: {com.walmart.android.debug:id/onboarding_title_textview=[true]}
2024-06-13 14:14:52.243 [DEBUG] [thread-id 1] - Executing function: 'us.functions.global.onboarding.popUpScreen'
2024-06-13 14:14:52.244 [DEBUG] [thread-id 1] - sleep:  3000 milliseconds
2024-06-13 14:15:05.292 [DEBUG] [thread-id 1] - sleep:  3000 milliseconds
2024-06-13 14:15:08.299 [DEBUG] [thread-id 1] - Executing function: 'us.functions.global.onboarding.smartLock.DismissNoneOfTheAbove'
2024-06-13 14:15:18.323 [DEBUG] [thread-id 1] - conditionally execute a flow. condition: false
2024-06-13 14:15:28.463 [DEBUG] [thread-id 1] - sleep:  3000 milliseconds
2024-06-13 14:15:31.466 [DEBUG] [thread-id 1] - Executing function: 'us.functions.home.personalizedPopUpScreenClose'
2024-06-13 14:15:31.467 [DEBUG] [thread-id 1] - sleep:  5000 milliseconds
2024-06-13 14:15:46.555 [DEBUG] [thread-id 1] - sleep:  3000 milliseconds
2024-06-13 14:15:59.564 [DEBUG] [thread-id 1] - sleep:  3000 milliseconds
2024-06-13 14:16:02.571 [DEBUG] [thread-id 1] - Executing function: 'us.functions.utils.tryAgainWhenThereIsError'
2024-06-13 14:16:02.573 [DEBUG] [thread-id 1] - loop: from 0 to 3
2024-06-13 14:16:02.708 [DEBUG] [thread-id 1] - 0
2024-06-13 14:16:12.830 [DEBUG] [thread-id 1] - conditionally execute a flow. condition: false
2024-06-13 14:16:22.975 [DEBUG] [thread-id 1] - Executing function: 'us.functions.gic.collapseIfExpanded'
2024-06-13 14:16:33.077 [DEBUG] [thread-id 1] - conditionally execute a flow. condition: false
2024-06-13 14:16:33.157 [DEBUG] [thread-id 1] - gic is collapsed
2024-06-13 14:16:33.224 [DEBUG] [thread-id 1] - Verify identifier: {//android.widget.EditText[@resource-id="com.walmart.android.debug:id/search_view"]=[true]}
2024-06-13 14:16:33.225 [DEBUG] [thread-id 1] - Executing function: 'us.functions.home.handleReorderToolTip'
2024-06-13 14:16:33.226 [DEBUG] [thread-id 1] - conditionally execute a flow. condition: true
2024-06-13 14:16:33.304 [DEBUG] [thread-id 1] - tooltip displayed
2024-06-13 14:16:33.450 [DEBUG] [thread-id 1] - Click element: 'com.walmart.android.debug:id/design_callout_close_button'
2024-06-13 14:16:34.760 [DEBUG] [thread-id 1] - Verify identifier: {com.walmart.android.debug:id/design_callout_text=[true]}
2024-06-13 14:16:34.845 [DEBUG] [thread-id 1] - sleep:  3000 milliseconds
2024-06-13 14:16:37.852 [DEBUG] [thread-id 1] - Executing function: 'us.functions.home.navigateHomeToSignIn'
2024-06-13 14:16:37.930 [DEBUG] [thread-id 1] - Click element: '//android.widget.FrameLayout[contains(@content-desc,"Account")]'
2024-06-13 14:16:39.695 [DEBUG] [thread-id 1] - sleep:  5000 milliseconds
2024-06-13 14:16:44.780 [DEBUG] [thread-id 1] - Verify identifier: {//*[@resource-id="com.walmart.android.debug:id/sign_in_button"]|//*[@resource-id="com.walmart.android.debug:id/account_sign_in_button"]=[true]}
2024-06-13 14:16:44.782 [DEBUG] [thread-id 1] - loop: from 1 to 3
2024-06-13 14:16:44.845 [DEBUG] [thread-id 1] - Executing function: 'us.functions.global.onboarding.smartLock.DismissNoneOfTheAbove'
2024-06-13 14:16:54.888 [DEBUG] [thread-id 1] - conditionally execute a flow. condition: false
2024-06-13 14:17:05.121 [DEBUG] [thread-id 1] - conditionally execute a flow. condition: true
2024-06-13 14:17:05.236 [DEBUG] [thread-id 1] - Click element: '//*[@resource-id="com.walmart.android.debug:id/sign_in_button"]|//*[@resource-id="com.walmart.android.debug:id/account_sign_in_button"]'
2024-06-13 14:17:06.218 [DEBUG] [thread-id 1] - sleep:  3000 milliseconds
2024-06-13 14:17:09.882 [DEBUG] [thread-id 1] - conditionally execute a flow. condition: true
2024-06-13 14:17:09.913 [DEBUG] [thread-id 1] - Executing function: 'us.functions.home.signInAnotherWay'
2024-06-13 14:17:09.943 [DEBUG] [thread-id 1] - Verify identifier: {//android.view.View[@content-desc="Dismiss"]=[true]}
2024-06-13 14:17:09.966 [DEBUG] [thread-id 1] - Click element: '//android.view.View[@content-desc="Dismiss"]'
2024-06-13 14:17:11.206 [DEBUG] [thread-id 1] - conditionally execute a flow. condition: true
2024-06-13 14:17:11.243 [DEBUG] [thread-id 1] - Store in: store the value 'true' in the variable 'signInValidated'
2024-06-13 14:17:11.276 [DEBUG] [thread-id 1] - conditionally execute a flow. condition: true
2024-06-13 14:17:11.309 [DEBUG] [thread-id 1] - SignIn page loaded
2024-06-13 14:17:11.339 [DEBUG] [thread-id 1] - Store in: store the value 'false' in the variable 'signInValidated'
2024-06-13 14:17:11.343 [DEBUG] [thread-id 1] - Executing function: 'us.functions.global.authentication.signInAccount'
2024-06-13 14:17:11.343 [DEBUG] [thread-id 1] - Executing function: 'us.functions.global.onboarding.smartLock.DismissNoneOfTheAbove'
2024-06-13 14:17:21.370 [DEBUG] [thread-id 1] - conditionally execute a flow. condition: false
2024-06-13 14:17:31.425 [WARN] [thread-id 1] - variable validateSignInPage was used, but r2 could not find a value for this variable. returning default of null
2024-06-13 14:17:31.460 [DEBUG] [thread-id 1] - Verify identifier: {//android.widget.EditText[@content-desc="Email"]/android.widget.FrameLayout/android.widget.EditText | //android.widget.LinearLayout[@resource-id="com.walmart.android.debug:id/auth_field_login_id"]/android.widget.FrameLayout/android.widget.EditText | //android.widget.EditText[@text="Email"] | //android.widget.EditText[@content-desc="Phone number or email"]/android.widget.FrameLayout/android.widget.EditText | //android.widget.LinearLayout[@resource-id="com.walmart.android.debug:id/auth_field_login_id_component"]//android.widget.EditText=[true]}
2024-06-13 14:17:31.499 [DEBUG] [thread-id 1] - Enter text: 'e2e.prod.expmultistoreandroid@cloudtest.org'
2024-06-13 14:17:33.062 [DEBUG] [thread-id 1] - loop: from 1 to 3
2024-06-13 14:17:33.795 [DEBUG] [thread-id 1] - sleep:  3000 milliseconds
2024-06-13 14:17:36.930 [DEBUG] [thread-id 1] - conditionally execute a flow. condition: true
2024-06-13 14:17:37.122 [DEBUG] [thread-id 1] - Click element: 'com.walmart.android.debug:id/auth_button_main'
2024-06-13 14:17:39.209 [DEBUG] [thread-id 1] - sleep:  5000 milliseconds
2024-06-13 14:17:44.277 [DEBUG] [thread-id 1] - conditionally execute a flow. condition: true
2024-06-13 14:17:44.355 [DEBUG] [thread-id 1] - Click element: 'Enter your password'
2024-06-13 14:17:45.515 [DEBUG] [thread-id 1] - Selected Password Option to Login
2024-06-13 14:17:45.560 [DEBUG] [thread-id 1] - sleep:  5000 milliseconds
2024-06-13 14:17:50.654 [DEBUG] [thread-id 1] - conditionally execute a flow. condition: true
2024-06-13 14:17:50.693 [DEBUG] [thread-id 1] - Store in: store the value 'true' in the variable 'signInValidated'
2024-06-13 14:17:50.738 [DEBUG] [thread-id 1] - conditionally execute a flow. condition: true
2024-06-13 14:17:50.775 [DEBUG] [thread-id 1] - Store in: store the value 'false' in the variable 'signInValidated'
2024-06-13 14:17:50.825 [DEBUG] [thread-id 1] - Email entered
2024-06-13 14:18:11.397 [WARN] [thread-id 1] - variable validateSignInPage was used, but r2 could not find a value for this variable. returning default of null
2024-06-13 14:18:11.398 [DEBUG] [thread-id 1] - loop: from 1 to 3
2024-06-13 14:18:11.441 [DEBUG] [thread-id 1] - sleep:  2000 milliseconds
2024-06-13 14:18:13.505 [DEBUG] [thread-id 1] - conditionally execute a flow. condition: true
2024-06-13 14:18:13.582 [DEBUG] [thread-id 1] - Enter text: 'E2epassword$'
2024-06-13 14:18:15.849 [DEBUG] [thread-id 1] - Press go back key: 'true'
2024-06-13 14:18:17.183 [DEBUG] [thread-id 1] - sleep:  1000 milliseconds
2024-06-13 14:18:18.278 [DEBUG] [thread-id 1] - Click element: 'com.walmart.android.debug:id/auth_button_main'
2024-06-13 14:18:19.582 [DEBUG] [thread-id 1] - sleep:  5000 milliseconds
2024-06-13 14:18:24.970 [DEBUG] [thread-id 1] - conditionally execute a flow. condition: true
2024-06-13 14:18:25.058 [DEBUG] [thread-id 1] - Store in: store the value 'true' in the variable 'signInValidated'
2024-06-13 14:18:25.151 [DEBUG] [thread-id 1] - Executing function: 'us.functions.global.authentication.handleSomethingWentWrongError'
2024-06-13 14:18:25.151 [DEBUG] [thread-id 1] - sleep:  5000 milliseconds
2024-06-13 14:18:30.156 [DEBUG] [thread-id 1] - loop: from 0 to 3
2024-06-13 14:18:30.249 [DEBUG] [thread-id 1] - 0
2024-06-13 14:18:40.424 [DEBUG] [thread-id 1] - conditionally execute a flow. condition: false
2024-06-13 14:18:40.506 [DEBUG] [thread-id 1] - conditionally execute a flow. condition: true
2024-06-13 14:18:40.595 [DEBUG] [thread-id 1] - Account signed in
2024-06-13 14:18:50.649 [DEBUG] [thread-id 1] - Executing function: 'us.functions.utils.handleCartMergePopup'
2024-06-13 14:18:50.650 [DEBUG] [thread-id 1] - sleep:  7000 milliseconds
2024-06-13 14:18:57.655 [DEBUG] [thread-id 1] - loop: from 0 to 4
2024-06-13 14:18:57.889 [DEBUG] [thread-id 1] - 0
2024-06-13 14:19:08.050 [DEBUG] [thread-id 1] - conditionally execute a flow. condition: false
2024-06-13 14:19:08.137 [DEBUG] [thread-id 1] - No cart merge popup observed
2024-06-13 14:19:08.224 [DEBUG] [thread-id 1] - Executing function: 'us.functions.global.navigation.accountToHome'
2024-06-13 14:19:18.430 [DEBUG] [thread-id 1] - Verify identifier: {//androidx.cardview.widget.CardView[@resource-id="com.walmart.android.debug:id/purchase_history_card"] | //android.widget.TextView[@resource-id="com.walmart.android.debug:id/purchase_history_header"]=[true]}
2024-06-13 14:19:18.433 [DEBUG] [thread-id 1] - conditionally execute a flow. condition: true
2024-06-13 14:19:18.516 [DEBUG] [thread-id 1] - Scroll: down
2024-06-13 14:19:24.112 [DEBUG] [thread-id 1] - Scroll: up
2024-06-13 14:19:29.201 [DEBUG] [thread-id 1] - Click element: 'com.walmart.android.debug:id/navigation_shop'
2024-06-13 14:19:31.152 [DEBUG] [thread-id 1] - Executing function: 'us.functions.home.closeWPlusPromotionPopUpIfDisplayed'
2024-06-13 14:19:31.153 [DEBUG] [thread-id 1] - sleep:  6000 milliseconds
2024-06-13 14:19:47.249 [DEBUG] [thread-id 1] - Executing function: 'us.functions.global.navigation.toCartFromNavBar'
2024-06-13 14:19:47.322 [DEBUG] [thread-id 1] - Verify identifier: {com.walmart.android.debug:id/cart_summary_icon=[true]}
2024-06-13 14:19:47.383 [DEBUG] [thread-id 1] - Click element: 'com.walmart.android.debug:id/cart_summary_icon'
2024-06-13 14:19:48.021 [DEBUG] [thread-id 1] - sleep:  6000 milliseconds
2024-06-13 14:19:54.031 [DEBUG] [thread-id 1] - Executing function: 'us.functions.cart.itemMultiSellerUpdatePopUp'
2024-06-13 14:20:04.137 [DEBUG] [thread-id 1] - Executing function: 'us.functions.cart.storeChangePopUp'
2024-06-13 14:20:14.241 [DEBUG] [thread-id 1] - conditionally execute a flow. condition: true
2024-06-13 14:20:14.303 [DEBUG] [thread-id 1] - cart Page loaded
2024-06-13 14:20:14.304 [DEBUG] [thread-id 1] - Executing function: 'us.functions.cart.removeAllCartItems'
2024-06-13 14:20:24.427 [DEBUG] [thread-id 1] - conditionally execute a flow. condition: true
2024-06-13 14:20:24.496 [DEBUG] [thread-id 1] - No items in cart
2024-06-13 14:20:24.496 [DEBUG] [thread-id 1] - Executing function: 'us.functions.cart.removeUnavailableItemsFromCart'
2024-06-13 14:20:44.543 [DEBUG] [thread-id 1] - conditionally execute a flow. condition: false
2024-06-13 14:20:44.625 [DEBUG] [thread-id 1] - oos is not displayed
2024-06-13 14:20:44.626 [DEBUG] [thread-id 1] - Executing function: 'us.functions.cart.removeAllUnavailableItems'
2024-06-13 14:20:54.683 [DEBUG] [thread-id 1] - Executing function: 'us.functions.global.navigation.backNavigation'
2024-06-13 14:20:54.691 [DEBUG] [thread-id 1] - Press go back key: 'true'
2024-06-13 14:20:54.724 [DEBUG] [thread-id 1] - Executing function: 'us.functions.home.setStore'
2024-06-13 14:20:54.725 [DEBUG] [thread-id 1] - conditionally execute a flow. condition: true
2024-06-13 14:20:55.925 [DEBUG] [thread-id 1] - Store in: store the value '95122' in the variable 'zipcode'
2024-06-13 14:20:55.991 [DEBUG] [thread-id 1] - conditionally execute a flow. condition: true
2024-06-13 14:20:56.068 [DEBUG] [thread-id 1] - Skipping as its already set to the required store
2024-06-13 14:20:56.070 [DEBUG] [thread-id 1] - Executing function: 'us.functions.home.changeStore'
2024-06-13 14:20:56.139 [DEBUG] [thread-id 1] - conditionally execute a flow. condition: true
2024-06-13 14:20:56.277 [DEBUG] [thread-id 1] - Click element: '//android.widget.ImageView[contains(@resource-id, "com.walmart.android.debug:id/global_intent_center_collapsed_chevron") and (contains(@content-desc,"collapsed") or contains(@content-desc,"collapse"))]'
2024-06-13 14:20:57.813 [DEBUG] [thread-id 1] - conditionally execute a flow. condition: true
2024-06-13 14:21:08.022 [DEBUG] [thread-id 1] - conditionally execute a flow. condition: false
2024-06-13 14:21:18.087 [DEBUG] [thread-id 1] - Click element: '//android.widget.ImageView[contains(@content-desc, "Pickup") and contains(@content-desc, "2 of 3")] | //*[@resource-id = "com.walmart.android.debug:id/card_btn_hot_pickup"]'
2024-06-13 14:21:18.739 [WARN] [thread-id 1] - variable driverpopup was used, but r2 could not find a value for this variable. returning default of null
2024-06-13 14:21:28.891 [DEBUG] [thread-id 1] - sleep:  2000 milliseconds
2024-06-13 14:21:30.898 [DEBUG] [thread-id 1] - Executing function: 'us.functions.home.closeWPlusPromotionPopUpIfDisplayed'
2024-06-13 14:21:30.898 [DEBUG] [thread-id 1] - sleep:  6000 milliseconds
2024-06-13 14:22:00.176 [DEBUG] [thread-id 1] - Click element: '//*[contains(@resource-id, "global_intent_center_expanded_view")]//androidx.cardview.widget.CardView[contains(@resource-id, "global_intent_center_expanded_large_card")][position()=last()]//*[contains(@resource-id, "global_intent_center_large_card_chevron")] | //*[@resource-id="com.walmart.android.debug:id/gic_hot_pickup_card"]//*[@resource-id = "com.walmart.android.debug:id/gic_hot_card_content"]'
2024-06-13 14:22:10.833 [DEBUG] [thread-id 1] - --- Selecting the store ---
2024-06-13 14:22:21.484 [DEBUG] [thread-id 1] - conditionally execute a flow. condition: false
2024-06-13 14:22:42.864 [DEBUG] [thread-id 1] - Enter text: '95122'
2024-06-13 14:24:37.304 [DEBUG] [thread-id 1] - Click element: '//*[@resource-id="com.walmart.android.debug:id/storeslector_access_points_recycler_view"]/android.view.ViewGroup[1]'
2024-06-13 14:27:10.621 [DEBUG] [thread-id 1] - Click element: 'com.walmart.android.debug:id/store_selector_store_save_button'
2024-06-13 14:29:14.508 [DEBUG] [thread-id 1] - sleep:  5000 milliseconds
2024-06-13 14:29:29.776 [DEBUG] [thread-id 1] - Executing function: 'us.functions.utils.handleTechnicalErrorPopup'
2024-06-13 14:29:29.778 [DEBUG] [thread-id 1] - Store in: store the value 'false' in the variable 'errorRemoved'
2024-06-13 14:29:29.778 [DEBUG] [thread-id 1] - sleep:  7000 milliseconds
2024-06-13 14:29:36.782 [DEBUG] [thread-id 1] - loop: from 0 to 3
2024-06-13 14:29:36.933 [DEBUG] [thread-id 1] - 0
2024-06-13 14:29:47.043 [DEBUG] [thread-id 1] - conditionally execute a flow. condition: false
2024-06-13 14:29:47.141 [DEBUG] [thread-id 1] - Store in: store the value 'true' in the variable 'errorRemoved'
2024-06-13 14:29:47.224 [DEBUG] [thread-id 1] - No Technical Error Pop up observed
2024-06-13 14:29:57.539 [DEBUG] [thread-id 1] - conditionally execute a flow. condition: true
2024-06-13 14:29:57.705 [DEBUG] [thread-id 1] - Click element: 'com.walmart.android.debug:id/global_intent_center_collapsed_chevron'
2024-06-13 14:29:59.374 [DEBUG] [thread-id 1] - Verify identifier: {com.walmart.android.debug:id/global_intent_center_collapsed_location=[true]}
2024-06-13 14:29:59.376 [DEBUG] [thread-id 1] - Store in: store the value 'false' in the variable 'storeOnly'
2024-06-13 14:29:59.377 [DEBUG] [thread-id 1] - Executing function: 'us.functions.gic.changeFulfillment'
2024-06-13 14:30:09.388 [DEBUG] [thread-id 1] - conditionally execute a flow. condition: false
2024-06-13 14:30:09.468 [DEBUG] [thread-id 1] - Executing function: 'us.functions.gic.expandIfCollapsed'
2024-06-13 14:30:09.530 [DEBUG] [thread-id 1] - conditionally execute a flow. condition: true
2024-06-13 14:30:09.666 [DEBUG] [thread-id 1] - Click element: '//android.widget.ImageView[contains(@resource-id, "com.walmart.android.debug:id/global_intent_center_collapsed_chevron") and (contains(@content-desc,"collapsed") or contains(@content-desc,"collapse"))]'
2024-06-13 14:30:11.254 [DEBUG] [thread-id 1] - Executing function: 'us.functions.gic.setFulfillment'
2024-06-13 14:30:21.281 [DEBUG] [thread-id 1] - conditionally execute a flow. condition: false
2024-06-13 14:30:21.364 [DEBUG] [thread-id 1] - conditionally execute a flow. condition: false
2024-06-13 14:30:21.445 [DEBUG] [thread-id 1] - conditionally execute a flow. condition: true
2024-06-13 14:30:21.697 [DEBUG] [thread-id 1] - Verify identifier: {//android.widget.ImageView[contains(@content-desc, "Pickup") and contains(@content-desc, "2 of 3")] | //*[@resource-id = "com.walmart.android.debug:id/card_btn_hot_pickup"]=[true]}
2024-06-13 14:30:21.780 [DEBUG] [thread-id 1] - Pickup intent already selected
2024-06-13 14:30:21.932 [DEBUG] [thread-id 1] - Click element: '//android.widget.ImageView[contains(@content-desc,"expanded")]'
2024-06-13 14:30:23.465 [DEBUG] [thread-id 1] - Executing function: 'us.functions.search.searchItem'
2024-06-13 14:30:23.466 [DEBUG] [thread-id 1] - loop: from 1 to 3
2024-06-13 14:30:33.572 [DEBUG] [thread-id 1] - conditionally execute a flow. condition: false
2024-06-13 14:30:33.638 [DEBUG] [thread-id 1] - Verify identifier: {com.walmart.android.debug:id/navigation_search=[true]}
2024-06-13 14:30:36.779 [DEBUG] [thread-id 1] - Click element: 'com.walmart.android.debug:id/navigation_search'
2024-06-13 14:30:39.653 [DEBUG] [thread-id 1] - Verify identifier: {//android.widget.EditText[@resource-id="com.walmart.android.debug:id/search_view"]=[true]}
2024-06-13 14:30:42.812 [DEBUG] [thread-id 1] - Click element: '//android.widget.EditText[@resource-id="com.walmart.android.debug:id/search_view"]'
2024-06-13 14:30:44.743 [DEBUG] [thread-id 1] - Verify identifier: {//android.widget.EditText[@resource-id="com.walmart.android.debug:id/search_view"]=[true]}
2024-06-13 14:30:45.578 [DEBUG] [thread-id 1] - Enter text: 'Samsung Tv'
2024-06-13 14:30:49.828 [DEBUG] [thread-id 1] - sleep:  10000 milliseconds
2024-06-13 14:30:59.955 [DEBUG] [thread-id 1] - Hide keyboard: 'true'
2024-06-13 14:31:00.174 [DEBUG] [thread-id 1] - Executing function: 'us.functions.search.closeHowDoYouWantYourOrderBottomTray'
2024-06-13 14:31:20.660 [DEBUG] [thread-id 1] - conditionally execute a flow. condition: true
2024-06-13 14:31:20.848 [DEBUG] [thread-id 1] - Verify identifier: {//*[(@resource-id="com.walmart.android.debug:id/product_tile_image_view")]=[true]}
2024-06-13 14:31:31.108 [DEBUG] [thread-id 1] - conditionally execute a flow. condition: false
2024-06-13 14:31:31.211 [DEBUG] [thread-id 1] - Executing function: 'us.functions.search.clickOnFirstItem'
2024-06-13 14:31:31.211 [WARN] [thread-id 1] - variable noAds was used, but r2 could not find a value for this variable. returning default of null
2024-06-13 14:31:31.212 [DEBUG] [thread-id 1] - conditionally execute a flow. condition: true
2024-06-13 14:31:31.321 [DEBUG] [thread-id 1] - Scroll: down
2024-06-13 14:31:36.991 [DEBUG] [thread-id 1] - Click element: '//*[contains(@resource-id, "tempo_shared_contentContainerView") or contains(@resource-id, "tempo_components_contentContainerView") or contains(@resource-id, "tempo_components_internal_contentContainerView")]//*[contains(@resource-id, "product_tile_image")] | //*[contains(@resource-id, "tempo_shared_contentContainerView") or contains(@resource-id, "tempo_components_contentContainerView") or contains(@resource-id, "tempo_components_internal_contentContainerView")]//*[contains(@resource-id, "com.walmart.android.debug:id/product_tile_image_view")]'
2024-06-13 14:31:38.914 [DEBUG] [thread-id 1] - Verify identifier: {com.walmart.android.debug:id/design_bottom_sheet=[true]}
2024-06-13 14:31:38.922 [DEBUG] [thread-id 1] - Store in: store the value 'null' in the variable 'subFilter'
2024-06-13 14:31:38.927 [DEBUG] [thread-id 1] - Store in: store the value 'false' in the variable 'noAds'
2024-06-13 14:31:38.935 [DEBUG] [thread-id 1] - Store in: store the value 'false' in the variable 'excludeSponsored'
2024-06-13 14:31:38.947 [DEBUG] [thread-id 1] - Executing function: 'us.functions.item.changeStore'
2024-06-13 14:31:38.950 [DEBUG] [thread-id 1] - Executing function: 'us.functions.utils.scrollIfNotVisible'
2024-06-13 14:31:38.951 [WARN] [thread-id 1] - variable scrollLimit was used, but r2 could not find a value for this variable. returning default of null
2024-06-13 14:31:38.951 [DEBUG] [thread-id 1] - conditionally execute a flow. condition: true
2024-06-13 14:31:38.998 [DEBUG] [thread-id 1] - Store in: store the value '5' in the variable 'scrollLimit'
2024-06-13 14:31:38.999 [DEBUG] [thread-id 1] - Scroll limit set to - 5
2024-06-13 14:31:49.004 [DEBUG] [thread-id 1] - conditionally execute a flow. condition: false
2024-06-13 14:31:49.064 [WARN] [thread-id 1] - variable scrollPosition was used, but r2 could not find a value for this variable. returning default of null
2024-06-13 14:31:49.064 [DEBUG] [thread-id 1] - conditionally execute a flow. condition: true
2024-06-13 14:31:49.122 [WARN] [thread-id 1] - variable identifierScope was used, but r2 could not find a value for this variable. returning default of null
2024-06-13 14:31:49.123 [DEBUG] [thread-id 1] - conditionally execute a flow. condition: true
2024-06-13 14:31:49.177 [DEBUG] [thread-id 1] - Scroll: down
2024-06-13 14:32:16.895 [DEBUG] [thread-id 1] - Resetting scrollPosition variable to default
2024-06-13 14:32:16.896 [DEBUG] [thread-id 1] - Store in: store the value 'null' in the variable 'scrollPosition'
2024-06-13 14:32:16.897 [DEBUG] [thread-id 1] - Store in: store the value 'null' in the variable 'identifierScope'
2024-06-13 14:32:16.902 [DEBUG] [thread-id 1] - Store in: store the value 'null' in the variable 'scrollLimit'
2024-06-13 14:32:38.249 [DEBUG] [thread-id 1] - Main failed: Cannot click '(//android.widget.ImageView[@resource-id="com.walmart.android.debug:id/fulfillment_tile_image"])[2]'
2024-06-13 14:32:38.352 [DEBUG] [thread-id 1] - Executing scenario: 'After'
2024-06-13 14:32:38.353 [DEBUG] [thread-id 1] - Executing function: 'us.functions.utils.afterSteps'
2024-06-13 14:32:38.353 [WARN] [thread-id 1] - variable testStatus was used, but r2 could not find a value for this variable. returning default of null
2024-06-13 14:32:38.353 [DEBUG] [thread-id 1] - conditionally execute a flow. condition: false
2024-06-13 14:32:38.403 [DEBUG] [thread-id 1] - Test failed
2024-06-13 14:32:38.905 [DEBUG] [thread-id 1] - Created report: /Users/m0k0a2f/glass-automation/report/index.html
