2025-05-06 16:15:19.163 [ERROR] [thread-id 1] - Cannot parse: /Users/m0k0a2f/glass-automation/us/unified-e2e-tests/modules/cart/functions.yaml
2025-05-06 16:15:19.184 [ERROR] [thread-id 1] - org.yaml.snakeyaml.error.YAMLException: Cannot create property=functions for JavaBean=com.walmartlabs.data.functions.Functions@4889f073
 in 'reader', line 1, column 1:
    functions:
    ^
Cannot create property=flow for JavaBean=com.walmartlabs.data.config.scenarios.StepBlocks@5dd97fb6
 in 'reader', line 1781, column 5:
      - name: unified.us.functions.wplus ... 
        ^
Cannot create property=if for JavaBean=com.walmartlabs.data.config.scenarios.Flow@7e00e10b
 in 'reader', line 1783, column 9:
          - if: 
            ^
Cannot create property=then for JavaBean=com.walmartlabs.data.config.scenarios.If@18afc9e2
 in 'reader', line 1784, column 11:
              identifier:
              ^
Cannot create property=if for JavaBean=com.walmartlabs.data.config.scenarios.Flow@700cb93f
 in 'reader', line 1788, column 15:
                - if:
                  ^
Cannot create property=then for JavaBean=com.walmartlabs.data.config.scenarios.If@1526cb86
 in 'reader', line 1789, column 17:
                    condition: ${platform} == 'iOS'
                    ^
Cannot create property=click for JavaBean=com.walmartlabs.data.config.scenarios.Flow@add929e
 in 'reader', line 1795, column 21:
                      - click:
                        ^
Cannot create property=useActions for JavaBean=com.walmartlabs.data.config.scenarios.Click@4f24edf9
 in 'reader', line 1796, column 23:
                          identifier: us.mappings.reviewOr ... 
                          ^
Unable to find property 'useActions' on class: com.walmartlabs.data.config.scenarios.Click
 in 'reader', line 1797, column 35:
                          useActions: true  # please download r2 jar 5.6
                                      ^

 in 'reader', line 1796, column 23:
                          identifier: us.mappings.reviewOr ... 
                          ^

 in 'reader', line 1791, column 19:
                      - scroll:
                      ^

 in 'reader', line 1789, column 17:
                    condition: ${platform} == 'iOS'
                    ^

 in 'reader', line 1788, column 13:
                - if:
                ^

 in 'reader', line 1784, column 11:
              identifier:
              ^

 in 'reader', line 1783, column 7:
          - if: 
          ^

 in 'reader', line 2, column 3:
      - name: unified.us.functions.car ... 
      ^

