2024-04-12 15:42:11.442 [DEBUG] [thread-id 1] - Executing R2 3.40.1: '/Users/m0k0a2f/glass-automation/./us/test/test-scripts/ios/golden-flows/wplus-flow/Rewards/ibotta/C2671352-ibotta-Cash-transaction.yaml' on device: 'iPhone 14'
2024-04-12 15:42:47.975 [ERROR] [thread-id 1] - error setting up appium session: 
org.openqa.selenium.SessionNotCreatedException: Could not start a new session. Response code 500. Message: An unknown server-side error occurred while processing the command. Original error: '16.1' does not exist in the list of simctl SDKs. Only the following Simulator SDK versions are available on your system: 15.0, 16.4, 15.2 
Host info: host: 'm-xqkh4fwq5j', ip: '2603:8001:723f:c780:0:0:0:1265%en0'
Build info: version: '4.13.0', revision: 'ba948ece5b*'
System info: os.name: 'Mac OS X', os.arch: 'aarch64', os.version: '14.4.1', java.version: '20.0.1'
Driver info: io.appium.java_client.ios.IOSDriver
Command: [null, newSession {capabilities=[{appium:app=/Users/m0k0a2f/glass-automation/us/app/glass.zip, appium:appiumVersion=2.0.0, appium:automationName=XCUITest, appium:bundleId=com.walmart.beta.electronics, appium:commandTimeout=600, appium:deviceName=iPhone 14, appium:fullReset=false, appium:idleTimeout=1000, appium:iosInstallPause=20000, appium:launchTimeout=6000000, appium:name=C2671352-ibotta-Cash-transaction.yaml, appium:newCommandTimeout=90000, appium:noReset=false, appium:orientation=PORTRAIT, appium:platformVersion=16.1, appium:processArguments={"env":{"config":"{\"environment\":\"teflon\"}","ccm":"{\"feature.membership.plusups.reactivation.cancelledActiveExpired.enabled\":{\"value\":false}}"},"args":["-kGlassExpEnabled","true","-com.walmart.px.skip-catcha","YES"]}, appium:waitForQuiescence=false, platformName=IOS}], desiredCapabilities=Capabilities {appium:app: /Users/m0k0a2f/glass-automa..., appium:appiumVersion: 2.0.0, appium:automationName: XCUITest, appium:bundleId: com.walmart.beta.electronics, appium:commandTimeout: 600, appium:deviceName: iPhone 14, appium:fullReset: false, appium:idleTimeout: 1000, appium:iosInstallPause: 20000, appium:launchTimeout: 6000000, appium:name: C2671352-ibotta-Cash-transa..., appium:newCommandTimeout: 90000, appium:noReset: false, appium:orientation: PORTRAIT, appium:platformVersion: 16.1, appium:processArguments: {"env":{"config":"{\"enviro..., appium:waitForQuiescence: false, platformName: IOS}}]
Capabilities {appium:app: /Users/m0k0a2f/glass-automa..., appium:appiumVersion: 2.0.0, appium:automationName: XCUITest, appium:bundleId: com.walmart.beta.electronics, appium:commandTimeout: 600, appium:deviceName: iPhone 14, appium:fullReset: false, appium:idleTimeout: 1000, appium:iosInstallPause: 20000, appium:launchTimeout: 6000000, appium:name: C2671352-ibotta-Cash-transa..., appium:newCommandTimeout: 90000, appium:noReset: false, appium:orientation: PORTRAIT, appium:platformVersion: 16.1, appium:processArguments: {"env":{"config":"{\"enviro..., appium:waitForQuiescence: false, platformName: IOS}
	at org.openqa.selenium.remote.ProtocolHandshake.createSession(ProtocolHandshake.java:140) ~[r2.jar:3.40.1]
	at jdk.internal.reflect.DirectMethodHandleAccessor.invoke(DirectMethodHandleAccessor.java:104) ~[?:?]
	at java.lang.reflect.Method.invoke(Method.java:578) ~[?:?]
	at io.appium.java_client.remote.AppiumProtocolHandshake.createSession(AppiumProtocolHandshake.java:133) ~[r2.jar:3.40.1]
	at io.appium.java_client.remote.AppiumProtocolHandshake.createSession(AppiumProtocolHandshake.java:102) ~[r2.jar:3.40.1]
	at io.appium.java_client.remote.AppiumCommandExecutor.createSession(AppiumCommandExecutor.java:182) ~[r2.jar:3.40.1]
	at io.appium.java_client.remote.AppiumCommandExecutor.execute(AppiumCommandExecutor.java:250) ~[r2.jar:3.40.1]
	at org.openqa.selenium.remote.RemoteWebDriver.execute(RemoteWebDriver.java:602) ~[r2.jar:3.40.1]
	at io.appium.java_client.AppiumDriver.startSession(AppiumDriver.java:274) ~[r2.jar:3.40.1]
	at org.openqa.selenium.remote.RemoteWebDriver.<init>(RemoteWebDriver.java:163) ~[r2.jar:3.40.1]
	at io.appium.java_client.AppiumDriver.<init>(AppiumDriver.java:89) ~[r2.jar:3.40.1]
	at io.appium.java_client.AppiumDriver.<init>(AppiumDriver.java:101) ~[r2.jar:3.40.1]
	at io.appium.java_client.ios.IOSDriver.<init>(IOSDriver.java:104) ~[r2.jar:3.40.1]
	at com.walmartlabs.executor.Appium.setupDriver(Appium.java:715) ~[r2.jar:3.40.1]
	at com.walmartlabs.executor.Appium.setupAppium(Appium.java:640) ~[r2.jar:3.40.1]
	at com.walmartlabs.executor.Executor.start(Executor.java:291) [r2.jar:3.40.1]
	at com.walmartlabs.executor.Executor.startExecution(Executor.java:139) [r2.jar:3.40.1]
	at com.walmartlabs.executor.MultipleConfigExecutor.executeConfig(MultipleConfigExecutor.java:278) [r2.jar:3.40.1]
	at com.walmartlabs.executor.MultipleConfigExecutor.start(MultipleConfigExecutor.java:121) [r2.jar:3.40.1]
	at com.walmartlabs.R2.start(R2.java:88) [r2.jar:3.40.1]
	at com.walmartlabs.R2.main(R2.java:127) [r2.jar:3.40.1]
2024-04-12 15:42:52.202 [DEBUG] [thread-id 1] - Created report: /Users/m0k0a2f/glass-automation/report/index.html
