2023-12-13 09:45:50.127 [DEBUG] [thread-id 1] - Executing R2 3.38.1: '/Users/m0k0a2f/glass-automation/./us/test/test-scripts/android/golden-flows/wplus-flows/Wplus-ibotta-rewards/C2671353-Android-Ibotta-Rewards-Cancelled.yaml' on device: 'Pixel5_API_31'
2023-12-13 09:46:04.823 [DEBUG] [thread-id 1] - Executing scenario: 'Before'
2023-12-13 09:46:04.825 [DEBUG] [thread-id 1] - R2_EXTEND_TRIAL_MEMBER_FLOW
2023-12-13 09:46:04.827 [DEBUG] [thread-id 1] - Timestamp: 1702489564827
2023-12-13 09:46:04.828 [DEBUG] [thread-id 1] - Store in: store the value 'wplususer1702489564827@walmart.com' in the variable 'customerEmail'
2023-12-13 09:46:04.830 [DEBUG] [thread-id 1] - Executing function: 'us.functions.utils.astro.createTrialAccountConvertToPaid'
2023-12-13 09:46:04.831 [DEBUG] [thread-id 1] - Create Account
2023-12-13 09:46:04.832 [DEBUG] [thread-id 1] - {"firstName":"Test","lastName":"User","emailAddress":"wplususer1702489564827@walmart.com","phoneNumber":"4089999999","password":"E2epassword$","paymentMethods":["VISA"],"postalAddress":{"address":"1395 Leeward Dr","city":"San Jose","state":"CA","country":"USA","postalCode":"95122"},"wplusSubscription":{"tenure":"Annual","extendTrial":false,"isNextGen":true}}
2023-12-13 09:46:04.833 [DEBUG] [thread-id 1] - Call API: 'http://astro.walmart.com/api/v2/teflon/customer'
2023-12-13 09:46:20.080 [DEBUG] [thread-id 1] - Response code is: '200'. Response body is: '{"astroStatus":"SUCCESS","astroDescription":"SIGNUP_SUCCESS","astroDetails":{"status":"OK","statusCode":200,"customerAccountId":"62d4e51a-f441-4c58-9b91-3c8faad1feb2","customerDetails":{"firstName":"Test","lastName":"User","emailAddress":"wplususer1702489564827@walmart.com","phoneNumber":"4089999999","password":"E2epassword$","paymentMethods":["VISA"],"postalAddress":{"address":"1395 Leeward Dr","city":"San Jose","state":"CA","country":"USA","postalCode":"95122"},"wplusSubscription":{"tenure":"Annual","extendTrial":false,"isNextGen":true}},"addDeliveryPreference":"OK","addPaymentPreference":"OK","addPaymentPreferenceId":"4945e52d-6572-43cf-b2e1-f874b0e75672","customerPatch":"OK","wPlusActivationRes":{"statusCode":200,"description":"wplusActivation Successfully","response":{"astroStatus":"SUCCESS","astroDescription":"Added W+ membership for customer wplususer1702489564827@walmart.com","astroDetails":{"status":"CREATED","header":null,"errors":null,"payload":{"id":"27dfd353-3f55-4625-98a0-1d2bedca3d9f","customerId":"62d4e51a-f441-4c58-9b91-3c8faad1feb2","startDate":1705081577798,"endDate":null,"enrolledDate":1702489577798,"tenant":0,"verticalId":0,"martId":null,"createdByConsumer":"2d66e48d-fcaa-4b81-b624-0f0556a24bcd","modifiedByConsumer":null,"identifiers":[],"legacyMembershipId":null,"trial":{"enrollmentDate":1702489577798,"extensions":null},"plan":{"id":"TRIAL30","description":"30 Day Trial","displayName":"Walmart +","price":0,"currency":"USD","duration":{"value":30,"unit":"DAY","description":"Monthly"},"association":null},"nextPlan":{"id":"BASE365","description":"Array of benefits across App, Grocery, and Stores","displayName":"Walmart +","price":98,"currency":"USD","duration":{"value":365,"unit":"DAY","description":"Annual"},"association":null},"preference":{"paymentId":"4945e52d-6572-43cf-b2e1-f874b0e75672","addressId":"fd7f89a4-c4dd-4f8f-a081-ddb35c9419c5"},"renewal":{"autoRenewal":true,"nextBillingDate":1705081577798,"lastBillingDate":null,"nextPlanProratedAmount":null,"nextPlanProratedDuration":null,"dunning":false,"transactionId":null,"dayOfMonth":12,"cycleCount":null,"previousSwitchedBillingDates":null,"reminder":{}},"pauseCycle":{"cycles":[],"prospectiveBillingDate":1707759977798,"pauseStatus":"INELIGIBLE","pauseCount":0},"benefits":[{"code":"ACC","name":"WMPlus Auto Care Center Benefits","description":"Free Roadhazard Warranty with Install, and Free Flat Tire Repair for Members.","active":true,"addon":false},{"code":"CASHBACK","name":"Member Rewards","description":"Earn rewards on select items.","active":true,"addon":false},{"code":"DELIVERY_UNLIMITED","name":"Free delivery from your store","description":"Groceries & more delivered as soon as today, at the low prices you love","active":true,"addon":false},{"code":"FREE_SHIPPING","name":"Free shipping","description":"Items shipped by Walmart ship free —no order minimum. Shipping fee will be waived at checkout. *Restrictions apply.","active":true,"addon":false},{"code":"ITEM_REWARDS","name":"ITEM_REWARDS","description":"Earn rewards on eligible items","active":true,"addon":false},{"code":"LMD_FREE_RETURNS","name":"LMD Free Returns","description":"LMD Free Returns","active":true,"addon":false},{"code":"PET_BENEFITS","name":"PET_BENEFITS","description":"Pet partnerships and rewards offering","active":true,"addon":false},{"code":"RX_DISCOUNT","name":"LMD Free Returns","description":"LMD Free Returns.","active":true,"addon":false},{"code":"SCAN_N_GO","name":"Mobile scan & go","description":"Check out as you shop to make store shopping fast and contact-free.","active":true,"addon":false},{"code":"STREAMING","name":"Paramount Plus","description":"Enjoy critically-acclaimed originals, exclusive live sports, hit movies. Coming soon.","active":true,"addon":false},{"code":"STREAMING_TV","name":"PlutoTV","description":"Watch 250+ channels of free TV and 1000's of on-demand movies and TV shows.","active":true,"addon":false},{"code":"SUBSCRIPTION","name":"SUBSCRIPTION","description":"Paid members save a discount on eligible, household items and get free shipping with no order minimum","active":true,"addon":false},{"code":"TRAVEL","name":"EXPEDIA","description":"White label site offering W+ customers rewards associated with travel reservations.","active":true,"addon":false},{"code":"UPGRADE_FOR_EARLY_ACCESS","name":"UPGRADE_FOR_EARLY_ACCESS","description":"Paid members get exclusive early access to online Black Friday deals","active":true,"addon":false},{"code":"W_FUEL","name":"Member prices on fuel","description":"Member prices on fuel*** Save up to 10¢ per gallon on fuel at Exxon, Mobil, Walmart & Murphy stations.","active":true,"addon":false}],"cancel":null,"meta":{"payroll":false,"requireConsent":false,"consented":false,"programs":null,"referrer":null,"bundleSignup":false,"type":null,"discountGroup":null,"userAgent":null,"test":false},"membershipDiscount":{"discounts":null,"totalDiscount":0},"createdDate":1702489577798,"createdBy":"62d4e51a-f441-4c58-9b91-3c8faad1feb2","modifiedDate":1702489577798,"modifiedBy":"62d4e51a-f441-4c58-9b91-3c8faad1feb2","addons":null,"badges":[],"state":"trial","trialEligibleAddons":["INHOMETRIAL30","TRIAL30","INHOME30","INHOME365","TRIAL_TEST_RV","TRIAL180","TRIAL90","B2BTRIAL30","PRARTNERAUTOMATIONTEST","SHOWTIME30","SHOWTIME365","B2BTRIAL365","B2BTRIAL3650"],"cookies":{"names":{"status":"_m","hash":"_mc"},"status":"5","hash":"PVxUsm2oVuq5BOovRQqrpYcqAebEmthOhdoQoEwCtH0=","ttl":5184000},"trialPeriod":true,"remainingDays":30}},"astroInfo":null}}}}'
2023-12-13 09:46:20.088 [DEBUG] [thread-id 1] - Account created successfully
2023-12-13 09:46:20.103 [DEBUG] [thread-id 1] - Converting Trial to Paid Member
2023-12-13 09:46:20.105 [DEBUG] [thread-id 1] - Executing function: 'us.functions.utils.astro.convertTrialtoPaidMember'
2023-12-13 09:46:20.105 [DEBUG] [thread-id 1] - Convert Trial to Paid Member
2023-12-13 09:46:20.106 [DEBUG] [thread-id 1] - wplususer1702489564827@walmart.com
2023-12-13 09:46:20.107 [DEBUG] [thread-id 1] - {"firstName":"Test","lastName":"User","emailAddress":"wplususer1702489564827@walmart.com","phoneNumber":"4089999999","password":"E2epassword$","paymentMethods":["VISA"],"postalAddress":{"address":"1395 Leeward Dr","city":"San Jose","state":"CA","country":"USA","postalCode":"95122"},"wplusSubscription":{"tenure":"Annual","extendTrial":false,"isNextGen":true}}
2023-12-13 09:46:20.108 [DEBUG] [thread-id 1] - Call API: 'http://astro.walmart.com/api/v2/teflon/account/wplususer1702489564827@walmart.com/wplus'
2023-12-13 09:46:29.169 [DEBUG] [thread-id 1] - Response code is: '200'. Response body is: '{"astroStatus":"SUCCESS","astroDescription":"Converted to paid W+ membership for customer wplususer1702489564827@walmart.com","astroDetails":{"status":"OK","header":null,"errors":null,"payload":{"id":"27dfd353-3f55-4625-98a0-1d2bedca3d9f","customerId":"62d4e51a-f441-4c58-9b91-3c8faad1feb2","startDate":1702489588021,"endDate":null,"enrolledDate":1702489577798,"tenant":0,"verticalId":0,"martId":null,"createdByConsumer":"2d66e48d-fcaa-4b81-b624-0f0556a24bcd","modifiedByConsumer":"2d66e48d-fcaa-4b81-b624-0f0556a24bcd","identifiers":[],"legacyMembershipId":null,"trial":{"enrollmentDate":1702489577798,"extensions":null},"plan":{"id":"BASE365","description":"Array of benefits across App, Grocery, and Stores","displayName":"Walmart +","price":98,"currency":"USD","duration":{"value":365,"unit":"DAY","description":"Annual"},"association":null},"nextPlan":{"id":"BASE365","description":"Array of benefits across App, Grocery, and Stores","displayName":"Walmart +","price":98,"currency":"USD","duration":{"value":365,"unit":"DAY","description":"Annual"},"association":null},"preference":{"paymentId":"4945e52d-6572-43cf-b2e1-f874b0e75672","addressId":"fd7f89a4-c4dd-4f8f-a081-ddb35c9419c5"},"renewal":{"autoRenewal":true,"nextBillingDate":1734111988021,"lastBillingDate":null,"nextPlanProratedAmount":null,"nextPlanProratedDuration":null,"dunning":false,"transactionId":null,"dayOfMonth":null,"cycleCount":null,"previousSwitchedBillingDates":null,"reminder":{}},"pauseCycle":{"cycles":[],"prospectiveBillingDate":1736790388021,"pauseStatus":"ELIGIBLE","pauseCount":0},"benefits":[{"code":"ACC","name":"WMPlus Auto Care Center Benefits","description":"Free Roadhazard Warranty with Install, and Free Flat Tire Repair for Members.","active":true,"addon":false},{"code":"CASHBACK","name":"Member Rewards","description":"Earn rewards on select items.","active":true,"addon":false},{"code":"DELIVERY_UNLIMITED","name":"Free delivery from your store","description":"Groceries & more delivered as soon as today, at the low prices you love","active":true,"addon":false},{"code":"EARLY_ACCESS","name":"EARLY_ACCESS","description":"Paid members get exclusive early access to online Black Friday deals","active":true,"addon":false},{"code":"EXPRESS_PROMO","name":"WMPlus Free Express Promotion","description":"1 Free express delivery for month of December.","active":true,"addon":false},{"code":"FREE_SHIPPING","name":"Free shipping","description":"Items shipped by Walmart ship free —no order minimum. Shipping fee will be waived at checkout. *Restrictions apply.","active":true,"addon":false},{"code":"ITEM_REWARDS","name":"ITEM_REWARDS","description":"Earn rewards on eligible items","active":true,"addon":false},{"code":"LMD_FREE_RETURNS","name":"LMD Free Returns","description":"LMD Free Returns","active":true,"addon":false},{"code":"PET_BENEFITS","name":"PET_BENEFITS","description":"Pet partnerships and rewards offering","active":true,"addon":false},{"code":"RX_DISCOUNT","name":"LMD Free Returns","description":"LMD Free Returns.","active":true,"addon":false},{"code":"SCAN_N_GO","name":"Mobile scan & go","description":"Check out as you shop to make store shopping fast and contact-free.","active":true,"addon":false},{"code":"STREAMING","name":"Paramount Plus","description":"Enjoy critically-acclaimed originals, exclusive live sports, hit movies. Coming soon.","active":true,"addon":false},{"code":"STREAMING_TV","name":"PlutoTV","description":"Watch 250+ channels of free TV and 1000's of on-demand movies and TV shows.","active":true,"addon":false},{"code":"SUBSCRIPTION","name":"SUBSCRIPTION","description":"Paid members save a discount on eligible, household items and get free shipping with no order minimum","active":true,"addon":false},{"code":"TRAVEL","name":"EXPEDIA","description":"White label site offering W+ customers rewards associated with travel reservations.","active":true,"addon":false},{"code":"W_FUEL","name":"Member prices on fuel","description":"Member prices on fuel*** Save up to 10¢ per gallon on fuel at Exxon, Mobil, Walmart & Murphy stations.","active":true,"addon":false}],"cancel":null,"meta":{"payroll":false,"requireConsent":false,"consented":false,"programs":null,"referrer":null,"bundleSignup":false,"type":null,"discountGroup":null,"userAgent":null,"test":false},"membershipDiscount":{"discounts":null,"totalDiscount":0},"createdDate":1702489577798,"createdBy":"62d4e51a-f441-4c58-9b91-3c8faad1feb2","modifiedDate":1702489588021,"modifiedBy":"AstroTest","addons":null,"badges":[],"state":"active","trialEligibleAddons":["INHOMETRIAL30","TRIAL30","INHOME30","INHOME365","TRIAL_TEST_RV","TRIAL180","TRIAL90","B2BTRIAL30","PRARTNERAUTOMATIONTEST","SHOWTIME30","SHOWTIME365","B2BTRIAL365","B2BTRIAL3650"],"cookies":{"names":{"status":"_m","hash":"_mc"},"status":"1","hash":"01YXaI6asBIp+EM+BWD9lNtqR2qvIVqJW14gy8v0Vk4=","ttl":5184000},"trialPeriod":false,"remainingDays":366}},"astroInfo":null}'
2023-12-13 09:46:29.460 [DEBUG] [thread-id 1] - Using us-errors-helpers.yaml
2023-12-13 09:46:29.585 [DEBUG] [thread-id 1] - Start Main
2023-12-13 09:46:29.587 [DEBUG] [thread-id 1] - Executing function: 'us.functions.global.onboarding.navigateOnboardingToHome'
2023-12-13 09:46:29.588 [DEBUG] [thread-id 1] - Executing function: 'us.function.utils.getEnvironmentValue'
2023-12-13 09:46:29.589 [DEBUG] [thread-id 1] - Store in: store the value 'teflon' in the variable 'env'
2023-12-13 09:46:29.590 [DEBUG] [thread-id 1] - Start Activity: 'com.walmart.android.debug.com.walmart.glass.integration.splash.SplashActivity'
2023-12-13 09:47:46.749 [DEBUG] [thread-id 1] - Executing R2 3.38.1: '/Users/m0k0a2f/glass-automation/./us/test/test-scripts/android/golden-flows/wplus-flows/Wplus-ibotta-rewards/C2671353-Android-Ibotta-Rewards-Cancelled.yaml' on device: 'Pixel5_API_31'
2023-12-13 09:47:56.969 [DEBUG] [thread-id 1] - Executing scenario: 'Before'
2023-12-13 09:47:56.970 [DEBUG] [thread-id 1] - R2_EXTEND_TRIAL_MEMBER_FLOW
2023-12-13 09:47:57.025 [DEBUG] [thread-id 1] - Using us-errors-helpers.yaml
2023-12-13 09:47:57.071 [DEBUG] [thread-id 1] - Start Main
2023-12-13 09:47:57.073 [DEBUG] [thread-id 1] - Executing function: 'us.functions.account.verifyRewardsBalanceAfterCancellation'
2023-12-13 09:47:57.073 [DEBUG] [thread-id 1] - sleep:  2000 milliseconds
2023-12-13 09:47:59.082 [DEBUG] [thread-id 1] - Executing function: 'us.functions.global.navigation.goToDeepLink'
2023-12-13 09:47:59.086 [DEBUG] [thread-id 1] - Verify value of: '$deepLinkUrl'
2023-12-13 09:47:59.089 [DEBUG] [thread-id 1] - Open link: 'walmart://home'
2023-12-13 09:47:59.246 [DEBUG] [thread-id 1] - sleep:  2000 milliseconds
2023-12-13 09:48:01.254 [DEBUG] [thread-id 1] - Scroll: down
2023-12-13 09:48:05.901 [DEBUG] [thread-id 1] - Scroll: down
2023-12-13 09:48:19.389 [DEBUG] [thread-id 1] - Executing function: 'us.functions.global.navigation.goToAccountFromTabBar'
2023-12-13 09:48:19.389 [DEBUG] [thread-id 1] - Verify identifier: {com.walmart.android.debug:id/navigation_account=[true]}
2023-12-13 09:48:19.558 [DEBUG] [thread-id 1] - Click element: 'com.walmart.android.debug:id/navigation_account'
2023-12-13 09:48:20.197 [DEBUG] [thread-id 1] - sleep:  5000 milliseconds
2023-12-13 09:53:58.504 [DEBUG] [thread-id 1] - Executing R2 3.38.1: '/Users/m0k0a2f/glass-automation/./us/test/test-scripts/android/golden-flows/wplus-flows/Wplus-ibotta-rewards/C2671353-Android-Ibotta-Rewards-Cancelled.yaml' on device: 'Pixel5_API_31'
2023-12-13 09:54:09.173 [DEBUG] [thread-id 1] - Executing scenario: 'Before'
2023-12-13 09:54:09.174 [DEBUG] [thread-id 1] - R2_EXTEND_TRIAL_MEMBER_FLOW
2023-12-13 09:54:09.247 [DEBUG] [thread-id 1] - Using us-errors-helpers.yaml
2023-12-13 09:54:09.343 [DEBUG] [thread-id 1] - Start Main
2023-12-13 09:54:09.345 [DEBUG] [thread-id 1] - Executing function: 'us.functions.account.verifyRewardsBalanceAfterCancellation'
2023-12-13 09:54:09.345 [DEBUG] [thread-id 1] - sleep:  2000 milliseconds
2023-12-13 09:54:11.356 [DEBUG] [thread-id 1] - Executing function: 'us.functions.global.navigation.goToDeepLink'
2023-12-13 09:54:11.359 [DEBUG] [thread-id 1] - Verify value of: '$deepLinkUrl'
2023-12-13 09:54:11.361 [DEBUG] [thread-id 1] - Open link: 'walmart://home'
2023-12-13 09:54:11.526 [DEBUG] [thread-id 1] - sleep:  2000 milliseconds
2023-12-13 09:54:13.530 [DEBUG] [thread-id 1] - Scroll: down
2023-12-13 09:54:19.139 [DEBUG] [thread-id 1] - conditionally execute a flow. condition: true
2023-12-13 09:54:19.219 [DEBUG] [thread-id 1] - Scroll: up
2023-12-13 09:54:22.629 [DEBUG] [thread-id 1] - Executing function: 'us.functions.global.navigation.goToDeepLink'
2023-12-13 09:54:22.629 [DEBUG] [thread-id 1] - Verify value of: '$deepLinkUrl'
2023-12-13 09:54:22.629 [DEBUG] [thread-id 1] - Open link: 'walmart://account'
2023-12-13 10:20:06.615 [DEBUG] [thread-id 1] - Executing R2 3.38.1: '/Users/m0k0a2f/glass-automation/./us/test/test-scripts/android/golden-flows/wplus-flows/Wplus-ibotta-rewards/C2671353-Android-Ibotta-Rewards-Cancelled.yaml' on device: 'Pixel5_API_31'
2023-12-13 10:20:17.722 [DEBUG] [thread-id 1] - Executing scenario: 'Before'
2023-12-13 10:20:17.725 [DEBUG] [thread-id 1] - R2_EXTEND_TRIAL_MEMBER_FLOW
2023-12-13 10:20:17.831 [DEBUG] [thread-id 1] - Using us-errors-helpers.yaml
2023-12-13 10:20:17.883 [DEBUG] [thread-id 1] - Start Main
2023-12-13 10:20:17.887 [DEBUG] [thread-id 1] - Executing function: 'us.functions.account.signOutAccount'
2023-12-13 10:20:38.976 [DEBUG] [thread-id 1] - Main failed: Is not present: '//*[@resource-id="com.walmart.android.debug:id/your_orders_group"] | //androidx.cardview.widget.CardView[@resource-id="com.walmart.android.debug:id/purchase_history_card"]'
2023-12-13 10:20:39.061 [DEBUG] [thread-id 1] - Executing scenario: 'After'
2023-12-13 10:20:39.062 [DEBUG] [thread-id 1] - Executing function: 'us.functions.utils.afterSteps'
2023-12-13 10:20:39.063 [WARN] [thread-id 1] - variable testStatus was used, but r2 could not find a value for this variable. returning default of null
2023-12-13 10:20:39.072 [DEBUG] [thread-id 1] - conditionally execute a flow. condition: false
2023-12-13 10:20:39.133 [DEBUG] [thread-id 1] - Test failed
2023-12-13 10:20:41.404 [DEBUG] [thread-id 1] - Created report: /Users/m0k0a2f/glass-automation/report/index.html
2023-12-13 10:22:14.095 [DEBUG] [thread-id 1] - Executing R2 3.38.1: '/Users/m0k0a2f/glass-automation/./us/test/test-scripts/android/golden-flows/wplus-flows/Wplus-ibotta-rewards/C2671353-Android-Ibotta-Rewards-Cancelled.yaml' on device: 'Pixel5_API_31'
2023-12-13 10:22:24.788 [DEBUG] [thread-id 1] - Executing scenario: 'Before'
2023-12-13 10:22:24.789 [DEBUG] [thread-id 1] - R2_EXTEND_TRIAL_MEMBER_FLOW
2023-12-13 10:22:24.837 [DEBUG] [thread-id 1] - Using us-errors-helpers.yaml
2023-12-13 10:22:24.892 [DEBUG] [thread-id 1] - Start Main
2023-12-13 10:22:24.895 [DEBUG] [thread-id 1] - Executing function: 'us.functions.account.signOutAccount'
2023-12-13 10:22:35.434 [DEBUG] [thread-id 1] - Verify identifier: {//*[@resource-id="com.walmart.android.debug:id/your_orders_group"] | //androidx.cardview.widget.CardView[@resource-id="com.walmart.android.debug:id/purchase_history_card"]=[true]}
2023-12-13 10:22:35.435 [DEBUG] [thread-id 1] - Scroll: down
2023-12-13 10:22:54.532 [DEBUG] [thread-id 1] - Verify identifier: {com.walmart.android.debug:id/sign_out_text=[true]}
2023-12-13 10:22:54.625 [DEBUG] [thread-id 1] - Click element: 'com.walmart.android.debug:id/sign_out_text'
2023-12-13 10:22:55.349 [DEBUG] [thread-id 1] - sleep:  5000 milliseconds
2023-12-13 10:23:00.734 [DEBUG] [thread-id 1] - Verify identifier: {com.walmart.android.debug:id/sign_out_text=[true]}
2023-12-13 10:23:00.736 [DEBUG] [thread-id 1] - Executing function: 'us.functions.global.authentication.signInAccount'
2023-12-13 10:23:00.740 [DEBUG] [thread-id 1] - Executing function: 'us.functions.global.onboarding.smartLock.DismissNoneOfTheAbove'
2023-12-13 10:23:10.774 [WARN] [thread-id 1] - variable validateSignInPage was used, but r2 could not find a value for this variable. returning default of null
2023-12-13 10:23:32.041 [DEBUG] [thread-id 1] - Main failed: Is not present: '//android.widget.EditText[@text="Email"]'
2023-12-13 10:23:32.091 [DEBUG] [thread-id 1] - Executing scenario: 'After'
2023-12-13 10:23:32.092 [DEBUG] [thread-id 1] - Executing function: 'us.functions.utils.afterSteps'
2023-12-13 10:23:32.093 [WARN] [thread-id 1] - variable testStatus was used, but r2 could not find a value for this variable. returning default of null
2023-12-13 10:23:32.094 [DEBUG] [thread-id 1] - conditionally execute a flow. condition: false
2023-12-13 10:23:32.125 [DEBUG] [thread-id 1] - Test failed
2023-12-13 10:23:34.307 [DEBUG] [thread-id 1] - Created report: /Users/m0k0a2f/glass-automation/report/index.html
2023-12-13 10:25:28.488 [DEBUG] [thread-id 1] - Executing R2 3.38.1: '/Users/m0k0a2f/glass-automation/./us/test/test-scripts/android/golden-flows/wplus-flows/Wplus-ibotta-rewards/C2671353-Android-Ibotta-Rewards-Cancelled.yaml' on device: 'Pixel5_API_31'
2023-12-13 10:25:39.635 [DEBUG] [thread-id 1] - Executing scenario: 'Before'
2023-12-13 10:25:39.638 [DEBUG] [thread-id 1] - R2_EXTEND_TRIAL_MEMBER_FLOW
2023-12-13 10:25:39.695 [DEBUG] [thread-id 1] - Using us-errors-helpers.yaml
2023-12-13 10:25:39.760 [DEBUG] [thread-id 1] - Start Main
2023-12-13 10:25:39.765 [DEBUG] [thread-id 1] - Executing function: 'us.functions.account.signOutAccount'
2023-12-13 10:25:53.084 [DEBUG] [thread-id 1] - Verify identifier: {//*[@resource-id="com.walmart.android.debug:id/your_orders_group"] | //androidx.cardview.widget.CardView[@resource-id="com.walmart.android.debug:id/purchase_history_card"]=[true]}
2023-12-13 10:25:53.085 [DEBUG] [thread-id 1] - Scroll: down
2023-12-13 10:25:56.536 [DEBUG] [thread-id 1] - Scroll: down
2023-12-13 10:29:27.752 [DEBUG] [thread-id 1] - Executing R2 3.38.1: '/Users/m0k0a2f/glass-automation/./us/test/test-scripts/android/golden-flows/wplus-flows/Wplus-ibotta-rewards/C2671353-Android-Ibotta-Rewards-Cancelled.yaml' on device: 'Pixel5_API_31'
2023-12-13 10:29:38.762 [DEBUG] [thread-id 1] - Executing scenario: 'Before'
2023-12-13 10:29:38.764 [DEBUG] [thread-id 1] - R2_EXTEND_TRIAL_MEMBER_FLOW
2023-12-13 10:29:38.885 [DEBUG] [thread-id 1] - Using us-errors-helpers.yaml
2023-12-13 10:29:39.032 [DEBUG] [thread-id 1] - Start Main
2023-12-13 10:29:39.034 [DEBUG] [thread-id 1] - Executing function: 'us.test.functions.utils.relaunchApp'
2023-12-13 10:29:39.035 [DEBUG] [thread-id 1] - Terminate app: 'true'
2023-12-13 10:29:39.035 [DEBUG] [thread-id 1] - terminateApp requires 'appPackage' to be set in Dependencies.general
2023-12-13 10:29:39.035 [WARN] [thread-id 1] - terminateApp called: due to appium limitations crash detection will be disabled for the remainder of this test
2023-12-13 10:29:39.035 [DEBUG] [thread-id 1] - activate app: 'com.walmart.android.debug'
2023-12-13 10:29:39.666 [DEBUG] [thread-id 1] - Executing function: 'us.functions.myItems.verifySavedRewardsPage'
2023-12-13 10:29:39.667 [DEBUG] [thread-id 1] - Executing function: 'us.functions.global.navigation.goToMyItemsFromTabBar'
2023-12-13 10:29:39.669 [DEBUG] [thread-id 1] - conditionally execute a flow. condition: true
2023-12-13 10:29:39.892 [DEBUG] [thread-id 1] - Scroll: up
2023-12-13 10:29:44.736 [DEBUG] [thread-id 1] - Verify identifier: {com.walmart.android.debug:id/navigation_my_items=[true]}
2023-12-13 10:29:45.559 [DEBUG] [thread-id 1] - Click element: 'com.walmart.android.debug:id/navigation_my_items'
2023-12-13 10:30:09.133 [DEBUG] [thread-id 1] - Main failed: Cannot click '//android.widget.LinearLayout[@content-desc="Lists & Favorites"]'
2023-12-13 10:30:09.217 [DEBUG] [thread-id 1] - Executing scenario: 'After'
2023-12-13 10:30:09.218 [DEBUG] [thread-id 1] - Executing function: 'us.functions.utils.afterSteps'
2023-12-13 10:30:09.219 [WARN] [thread-id 1] - variable testStatus was used, but r2 could not find a value for this variable. returning default of null
2023-12-13 10:30:09.228 [DEBUG] [thread-id 1] - conditionally execute a flow. condition: false
2023-12-13 10:30:09.287 [DEBUG] [thread-id 1] - Test failed
2023-12-13 10:30:11.558 [DEBUG] [thread-id 1] - Created report: /Users/m0k0a2f/glass-automation/report/index.html
2023-12-13 10:37:21.728 [DEBUG] [thread-id 1] - Executing R2 3.38.1: '/Users/m0k0a2f/glass-automation/./us/test/test-scripts/android/golden-flows/wplus-flows/Wplus-ibotta-rewards/C2671353-Android-Ibotta-Rewards-Cancelled.yaml' on device: 'Pixel5_API_31'
2023-12-13 10:37:33.664 [DEBUG] [thread-id 1] - Executing scenario: 'Before'
2023-12-13 10:37:33.666 [DEBUG] [thread-id 1] - R2_EXTEND_TRIAL_MEMBER_FLOW
2023-12-13 10:37:33.754 [DEBUG] [thread-id 1] - Using us-errors-helpers.yaml
2023-12-13 10:37:33.811 [DEBUG] [thread-id 1] - Start Main
2023-12-13 10:37:33.813 [DEBUG] [thread-id 1] - Executing function: 'us.test.functions.utils.relaunchApp'
2023-12-13 10:37:33.813 [DEBUG] [thread-id 1] - Terminate app: 'true'
2023-12-13 10:37:33.814 [DEBUG] [thread-id 1] - terminateApp requires 'appPackage' to be set in Dependencies.general
2023-12-13 10:37:33.814 [WARN] [thread-id 1] - terminateApp called: due to appium limitations crash detection will be disabled for the remainder of this test
2023-12-13 10:37:33.814 [DEBUG] [thread-id 1] - activate app: 'com.walmart.android.debug'
2023-12-13 10:37:34.350 [DEBUG] [thread-id 1] - Executing function: 'us.functions.myItems.verifySavedRewardsPage'
2023-12-13 10:37:34.352 [DEBUG] [thread-id 1] - Executing function: 'us.functions.global.navigation.goToMyItemsFromTabBar'
2023-12-13 10:37:34.358 [DEBUG] [thread-id 1] - conditionally execute a flow. condition: true
2023-12-13 10:37:34.436 [DEBUG] [thread-id 1] - Scroll: up
2023-12-13 10:37:48.136 [DEBUG] [thread-id 1] - Verify identifier: {com.walmart.android.debug:id/navigation_my_items=[true]}
2023-12-13 10:37:48.856 [DEBUG] [thread-id 1] - Click element: 'com.walmart.android.debug:id/navigation_my_items'
2023-12-13 10:38:10.384 [DEBUG] [thread-id 1] - Main failed: Cannot click '//android.widget.LinearLayout[@content-desc="Lists & Favorites"] | //android.widget.ImageView[@content-desc="Lists"]'
2023-12-13 10:38:10.499 [DEBUG] [thread-id 1] - Executing scenario: 'After'
2023-12-13 10:38:10.500 [DEBUG] [thread-id 1] - Executing function: 'us.functions.utils.afterSteps'
2023-12-13 10:38:10.501 [WARN] [thread-id 1] - variable testStatus was used, but r2 could not find a value for this variable. returning default of null
2023-12-13 10:38:10.510 [DEBUG] [thread-id 1] - conditionally execute a flow. condition: false
2023-12-13 10:38:10.548 [DEBUG] [thread-id 1] - Test failed
2023-12-13 10:38:12.819 [DEBUG] [thread-id 1] - Created report: /Users/m0k0a2f/glass-automation/report/index.html
2023-12-13 11:07:05.172 [DEBUG] [thread-id 1] - Executing R2 3.38.1: '/Users/m0k0a2f/glass-automation/./us/test/test-scripts/android/golden-flows/wplus-flows/Wplus-ibotta-rewards/C2671353-Android-Ibotta-Rewards-Cancelled.yaml' on device: 'Pixel5_API_31'
2023-12-13 11:07:16.772 [DEBUG] [thread-id 1] - Executing scenario: 'Before'
2023-12-13 11:07:16.774 [DEBUG] [thread-id 1] - R2_EXTEND_TRIAL_MEMBER_FLOW
2023-12-13 11:07:16.845 [DEBUG] [thread-id 1] - Using us-errors-helpers.yaml
2023-12-13 11:07:16.915 [DEBUG] [thread-id 1] - Start Main
2023-12-13 11:07:16.916 [DEBUG] [thread-id 1] - Executing function: 'us.test.functions.utils.relaunchApp'
2023-12-13 11:07:16.917 [DEBUG] [thread-id 1] - Terminate app: 'true'
2023-12-13 11:07:16.917 [DEBUG] [thread-id 1] - terminateApp requires 'appPackage' to be set in Dependencies.general
2023-12-13 11:07:16.917 [WARN] [thread-id 1] - terminateApp called: due to appium limitations crash detection will be disabled for the remainder of this test
2023-12-13 11:07:16.918 [DEBUG] [thread-id 1] - activate app: 'com.walmart.android.debug'
2023-12-13 11:07:17.416 [DEBUG] [thread-id 1] - Executing function: 'us.functions.myItems.verifySavedRewardsPage'
2023-12-13 11:07:17.419 [DEBUG] [thread-id 1] - Executing function: 'us.functions.global.navigation.goToMyItemsFromTabBar'
2023-12-13 11:07:17.427 [DEBUG] [thread-id 1] - conditionally execute a flow. condition: true
2023-12-13 11:07:17.502 [DEBUG] [thread-id 1] - Scroll: up
2023-12-13 11:07:42.834 [DEBUG] [thread-id 1] - Main failed: Is not present: 'com.walmart.android.debug:id/navigation_my_items'
2023-12-13 11:07:43.118 [DEBUG] [thread-id 1] - Executing scenario: 'After'
2023-12-13 11:07:43.119 [DEBUG] [thread-id 1] - Executing function: 'us.functions.utils.afterSteps'
2023-12-13 11:07:43.120 [WARN] [thread-id 1] - variable testStatus was used, but r2 could not find a value for this variable. returning default of null
2023-12-13 11:07:43.130 [DEBUG] [thread-id 1] - conditionally execute a flow. condition: false
2023-12-13 11:07:43.261 [DEBUG] [thread-id 1] - Test failed
2023-12-13 11:07:45.794 [DEBUG] [thread-id 1] - Created report: /Users/m0k0a2f/glass-automation/report/index.html
2023-12-13 11:09:07.891 [DEBUG] [thread-id 1] - Executing R2 3.38.1: '/Users/m0k0a2f/glass-automation/./us/test/test-scripts/android/golden-flows/wplus-flows/Wplus-ibotta-rewards/C2671353-Android-Ibotta-Rewards-Cancelled.yaml' on device: 'Pixel5_API_31'
2023-12-13 11:09:19.110 [DEBUG] [thread-id 1] - Executing scenario: 'Before'
2023-12-13 11:09:19.112 [DEBUG] [thread-id 1] - R2_EXTEND_TRIAL_MEMBER_FLOW
2023-12-13 11:09:19.171 [DEBUG] [thread-id 1] - Using us-errors-helpers.yaml
2023-12-13 11:09:19.208 [DEBUG] [thread-id 1] - Start Main
2023-12-13 11:09:19.209 [DEBUG] [thread-id 1] - Executing function: 'us.test.functions.utils.relaunchApp'
2023-12-13 11:09:19.209 [DEBUG] [thread-id 1] - Terminate app: 'true'
2023-12-13 11:09:19.210 [DEBUG] [thread-id 1] - terminateApp requires 'appPackage' to be set in Dependencies.general
2023-12-13 11:09:19.210 [WARN] [thread-id 1] - terminateApp called: due to appium limitations crash detection will be disabled for the remainder of this test
2023-12-13 11:09:19.210 [DEBUG] [thread-id 1] - activate app: 'com.walmart.android.debug'
2023-12-13 11:09:19.683 [DEBUG] [thread-id 1] - Executing function: 'us.functions.myItems.verifySavedRewardsPage'
2023-12-13 11:09:19.684 [DEBUG] [thread-id 1] - Executing function: 'us.functions.global.navigation.goToMyItemsFromTabBar'
2023-12-13 11:09:19.686 [DEBUG] [thread-id 1] - conditionally execute a flow. condition: true
2023-12-13 11:09:19.758 [DEBUG] [thread-id 1] - Scroll: up
2023-12-13 11:09:44.897 [DEBUG] [thread-id 1] - Main failed: Is not present: 'com.walmart.android.debug:id/navigation_my_items'
2023-12-13 11:09:44.935 [DEBUG] [thread-id 1] - Executing scenario: 'After'
2023-12-13 11:09:44.936 [DEBUG] [thread-id 1] - Executing function: 'us.functions.utils.afterSteps'
2023-12-13 11:09:44.937 [WARN] [thread-id 1] - variable testStatus was used, but r2 could not find a value for this variable. returning default of null
2023-12-13 11:09:44.949 [DEBUG] [thread-id 1] - conditionally execute a flow. condition: false
2023-12-13 11:09:44.986 [DEBUG] [thread-id 1] - Test failed
2023-12-13 11:09:47.218 [DEBUG] [thread-id 1] - Created report: /Users/m0k0a2f/glass-automation/report/index.html
2023-12-13 11:11:01.706 [DEBUG] [thread-id 1] - Executing R2 3.38.1: '/Users/m0k0a2f/glass-automation/./us/test/test-scripts/android/golden-flows/wplus-flows/Wplus-ibotta-rewards/C2671353-Android-Ibotta-Rewards-Cancelled.yaml' on device: 'Pixel5_API_31'
2023-12-13 11:11:12.307 [DEBUG] [thread-id 1] - Executing scenario: 'Before'
2023-12-13 11:11:12.309 [DEBUG] [thread-id 1] - R2_EXTEND_TRIAL_MEMBER_FLOW
2023-12-13 11:11:12.404 [DEBUG] [thread-id 1] - Using us-errors-helpers.yaml
2023-12-13 11:11:12.464 [DEBUG] [thread-id 1] - Start Main
2023-12-13 11:11:12.467 [DEBUG] [thread-id 1] - Executing function: 'us.functions.myItems.verifySavedRewardsPage'
2023-12-13 11:11:12.468 [DEBUG] [thread-id 1] - Executing function: 'us.functions.global.navigation.goToMyItemsFromTabBar'
2023-12-13 11:11:12.470 [DEBUG] [thread-id 1] - conditionally execute a flow. condition: true
2023-12-13 11:11:12.507 [DEBUG] [thread-id 1] - Scroll: up
2023-12-13 11:11:18.148 [DEBUG] [thread-id 1] - Verify identifier: {com.walmart.android.debug:id/navigation_my_items=[true]}
2023-12-13 11:11:18.371 [DEBUG] [thread-id 1] - Click element: 'com.walmart.android.debug:id/navigation_my_items'
2023-12-13 11:11:21.033 [DEBUG] [thread-id 1] - Click element: '//android.widget.ImageView[@content-desc="Lists"]'
2023-12-13 11:11:22.744 [DEBUG] [thread-id 1] - sleep:  2000 milliseconds
2023-12-13 11:11:24.834 [DEBUG] [thread-id 1] - Verify identifier: {//android.widget.TextView[@text="Your saved rewards"]| //android.widget.TextView[@text="Your claimed offers"] | //android.widget.TextView[@text="Your saved offers"]=[true]}
2023-12-13 11:11:24.915 [DEBUG] [thread-id 1] - Click element: '//android.widget.TextView[@text="Your saved rewards"]| //android.widget.TextView[@text="Your claimed offers"] | //android.widget.TextView[@text="Your saved offers"]'
2023-12-13 11:11:25.526 [DEBUG] [thread-id 1] - sleep:  2000 milliseconds
2023-12-13 11:11:29.081 [DEBUG] [thread-id 1] - Verify identifier: {//android.widget.TextView[@text="Your saved rewards"]| //android.widget.TextView[@text="Your claimed offers"] | //android.widget.TextView[@text="Your saved offers"]=[true], //android.view.ViewGroup[@resource-id="com.walmart.android.debug:id/lists_detail_holder"]=[true]}
2023-12-13 11:11:29.083 [DEBUG] [thread-id 1] - Store in: store the value 'passed' in the variable 'testStatus'
2023-12-13 11:11:29.213 [DEBUG] [thread-id 1] - Executing scenario: 'After'
2023-12-13 11:11:29.214 [DEBUG] [thread-id 1] - Executing function: 'us.functions.utils.afterSteps'
2023-12-13 11:11:29.221 [DEBUG] [thread-id 1] - conditionally execute a flow. condition: true
2023-12-13 11:11:29.300 [DEBUG] [thread-id 1] - Test passed
2023-12-13 11:11:31.812 [DEBUG] [thread-id 1] - Created report: /Users/m0k0a2f/glass-automation/report/index.html
