2022-11-15 08:49:17.896 [WARN] [thread-id 1] - no flow for function 'ca.test.functions.home.navigateHomeToSignInIos'. this function will not be available to call.
2022-11-15 08:49:49.532 [DEBUG] [thread-id 1] - Executing R2 3.29.0: '/Users/m0k0a2f/glass-automation/./us/test/test-scripts/ios/golden-flows/multifulfillment-flows/PetRX-multi-fulfillment-fc-ud+sc+ls-scheduled-delivery-3pWFS copy.yaml' on device: 'iPhone 13'
2022-11-15 08:51:03.513 [DEBUG] [thread-id 1] - Created report: /Users/m0k0a2f/glass-automation/report/index.html
2022-11-15 08:53:30.246 [WARN] [thread-id 1] - no flow for function 'ca.test.functions.home.navigateHomeToSignInIos'. this function will not be available to call.
2022-11-15 08:53:59.172 [DEBUG] [thread-id 1] - Executing R2 3.29.0: '/Users/m0k0a2f/glass-automation/./us/test/test-scripts/ios/golden-flows/multifulfillment-flows/PetRX-multi-fulfillment-fc-ud+sc+ls-scheduled-delivery-3pWFS copy.yaml' on device: 'iPhone 13'
2022-11-15 09:06:31.599 [WARN] [thread-id 1] - no flow for function 'ca.test.functions.home.navigateHomeToSignInIos'. this function will not be available to call.
2022-11-15 09:07:02.383 [DEBUG] [thread-id 1] - Executing R2 3.29.0: '/Users/m0k0a2f/glass-automation/./us/test/test-scripts/ios/golden-flows/multifulfillment-flows/PetRX-multi-fulfillment-fc-ud+sc+ls-scheduled-delivery-3pWFS copy.yaml' on device: 'iPhone 13'
2022-11-15 09:07:58.266 [DEBUG] [thread-id 1] - Executing scenario: 'Before'
2022-11-15 09:07:58.273 [DEBUG] [thread-id 1] - Execute before steps
2022-11-15 09:07:58.277 [DEBUG] [thread-id 1] - R2_SUBFLOW_PRE_TRANSACTION
2022-11-15 09:07:58.283 [DEBUG] [thread-id 1] - Executing function: 'us.functions.utils.astro.clearCart'
2022-11-15 09:07:58.385 [DEBUG] [thread-id 1] - Call API: 'http://astro.walmart.com/api/v2/teflon/customer/waldelpick@gmail.com/clearcart'
2022-11-15 09:08:12.834 [DEBUG] [thread-id 1] - Response code is: '200'. Response body is: '{"astroStatus":"SUCCESS","astroDescription":"CART_CLEARED","astroDetails":{"dbSessionMap":{"CXO_CART_ST":"{\"mtoken\":\"1:14#140427759#2=149702371#8=63270603\"}"},"checkoutable":false,"cart":{"id":"9f3a4b6a-6ff2-495c-9978-bcc184bdd2c5","buyer":{"id":"b26618a5-6dbf-41b5-a9bd-e27969047058","type":"CUSTOMER"},"accessPoint":{"id":"6168c2e3-fc36-4827-98e6-d717d10af1d6","name":"Walmart San Jose Store #32144","storeId":32144,"fulfillmentType":"INSTORE_PICKUP","fulfillmentOption":"PICKUP","supportedTimeZone":"US/Pacific","locationInstruction":"[{\"type\":\"CHECKIN_DEFAULT\",\"value\":\"<div> <p> In order to protect the safety of our customers & associates, we've temporarily moved to a no-contact pickup in store process or curbside. </p> <br /> <br /><b>Please bring your government-issued ID</b><br /> <ol> <li>Check in with the app to let us know you're on the way.</li> <li> Park in a designated pickup spot, stay in your vehicle and keep your windows rolled up. </li> <li> A Walmart associate will request access to your trunk or back seat, then they'll load your order. </li> <li>You're all set! The associate will sign for the order.</li> </ol> </div>\"},{\"type\":\"EMAIL_DEFAULT\",\"value\":\"NA\"},{\"type\":\"CHECKIN_1\",\"value\":\"Next, tell us when you’ve parked. Park by the pickup sign and enter your parking info so we can find you faster.\"}]","isStoreEbtEligible":true,"allowAlcohol":true,"restrictions":[],"accessType":"PICKUP_CURBSIDE","storeCategory":"Supercenter","nodeType":"STORE","allowBagFee":true,"isBagFeeMandatory":false,"address":{"postalCode":"95122","addressLineOne":"777 Story Rd","city":"San Jose","state":"CA","addressTypeName":"OFFICE","isPOBox":false,"countryCode":"USA"}},"storeIds":[],"itemCount":0,"entityErrors":[],"shipping":{"id":"e53fb211-6368-41f4-91b6-6104bdca8bae","dbLockVersion":0,"dbSessionMap":{},"dbLockMap":{},"postalCode":"95122","city":"San Jose","state":"CA","countryCode":"USA","latitude":37.606689,"longitude":-122.426362,"isPOBox":false,"isAPOFPO":false},"currencyCode":"USD","preview":false,"tenantId":0,"verticalId":0,"checkoutableErrors":[],"intent":"PICKUP","pickupStore":{"city":"San Jose","stateOrProvinceCode":"CA","countryCode":"USA","postalCode":"95122","storeId":"32144","services":[]},"deliveryStore":{"city":"San Jose","stateOrProvinceCode":"CA","countryCode":"USA","postalCode":"95122","storeId":"32144","services":[]},"mpStores":[],"fulfillmentPlans":[],"accessPoints":[{"id":"6168c2e3-fc36-4827-98e6-d717d10af1d6","name":"Walmart San Jose Store #32144","storeId":32144,"fulfillmentType":"INSTORE_PICKUP","fulfillmentOption":"PICKUP","supportedTimeZone":"US/Pacific","locationInstruction":"[{\"type\":\"CHECKIN_DEFAULT\",\"value\":\"<div> <p> In order to protect the safety of our customers & associates, we've temporarily moved to a no-contact pickup in store process or curbside. </p> <br /> <br /><b>Please bring your government-issued ID</b><br /> <ol> <li>Check in with the app to let us know you're on the way.</li> <li> Park in a designated pickup spot, stay in your vehicle and keep your windows rolled up. </li> <li> A Walmart associate will request access to your trunk or back seat, then they'll load your order. </li> <li>You're all set! The associate will sign for the order.</li> </ol> </div>\"},{\"type\":\"EMAIL_DEFAULT\",\"value\":\"NA\"},{\"type\":\"CHECKIN_1\",\"value\":\"Next, tell us when you’ve parked. Park by the pickup sign and enter your parking info so we can find you faster.\"}]","isStoreEbtEligible":true,"allowAlcohol":true,"restrictions":[],"accessType":"PICKUP_CURBSIDE","storeCategory":"Supercenter","nodeType":"STORE","allowBagFee":true,"isBagFeeMandatory":false,"address":{"postalCode":"95122","addressLineOne":"777 Story Rd","city":"San Jose","state":"CA","addressTypeName":"OFFICE","isPOBox":false,"countryCode":"USA"}}],"reservations":[],"isExplicitIntent":false,"hasGiftEligibleItem":false,"warnings":[],"restrictions":[]},"isOmniPromiseResponse":true}}'
2022-11-15 09:08:12.948 [DEBUG] [thread-id 1] - Cart cleared for waldelpick@gmail.com
2022-11-15 09:08:13.043 [DEBUG] [thread-id 1] - Using us-errors-helpers.yaml
2022-11-15 09:08:13.151 [DEBUG] [thread-id 1] - Start Main
2022-11-15 09:08:13.155 [DEBUG] [thread-id 1] - Executing function: 'us.functions.global.onboarding.navigateOnboardingToHome'
2022-11-15 09:08:13.162 [DEBUG] [thread-id 1] - Executing function: 'us.function.utils.getEnvironmentValue'
2022-11-15 09:08:13.170 [DEBUG] [thread-id 1] - Store in: store the value 'teflon' in the variable 'env'
2022-11-15 09:08:13.290 [DEBUG] [thread-id 1] - Verify identifier: {//XCUIElementTypeStaticText[@name="WelcomeViewController.titleLabel"] | //XCUIElementTypeStaticText[@name="SignUpNudgeWelcomeViewController.titleLabel"]=[true]}
2022-11-15 09:08:23.313 [DEBUG] [thread-id 1] - conditionally execute a flow. condition: false
2022-11-15 09:08:23.448 [DEBUG] [thread-id 1] - Click element: '//XCUIElementTypeStaticText[@name="Continue"] | //XCUIElementTypeStaticText[@name="Next"] | //XCUIElementTypeStaticText[@name="Continue as guest"]'
2022-11-15 09:08:24.278 [DEBUG] [thread-id 1] - Verify identifier: {NotificationPermissionViewController.titleLabel=[true]}
2022-11-15 09:08:24.365 [DEBUG] [thread-id 1] - Click element: '//XCUIElementTypeStaticText[@name="Maybe later"]'
2022-11-15 09:08:25.600 [DEBUG] [thread-id 1] - Verify identifier: {Share your location=[true]}
2022-11-15 09:08:25.631 [DEBUG] [thread-id 1] - Click element: 'Enter zip code'
2022-11-15 09:08:27.506 [DEBUG] [thread-id 1] - conditionally execute a flow. condition: true
2022-11-15 09:08:27.646 [DEBUG] [thread-id 1] - Enter text: '95122'
2022-11-15 09:08:45.998 [DEBUG] [thread-id 1] - Click element: '//XCUIElementTypeStaticText[@name="Search"]'
2022-11-15 09:09:16.514 [DEBUG] [thread-id 1] - Executing function: 'us.functions.utils.tryAgainWhenThereIsError'
2022-11-15 09:09:16.537 [DEBUG] [thread-id 1] - loop: from 0 to 2
2022-11-15 09:09:16.743 [DEBUG] [thread-id 1] - 0
2022-11-15 09:09:19.892 [DEBUG] [thread-id 1] - Main failed: Error found 'We're having technical issues, but we'll be back in a flash.'
2022-11-15 09:09:20.088 [DEBUG] [thread-id 1] - Executing scenario: 'After'
2022-11-15 09:09:20.089 [DEBUG] [thread-id 1] - Executing function: 'us.functions.utils.afterSteps'
2022-11-15 09:09:20.093 [WARN] [thread-id 1] - variable testStatus was used, but r2 could not find a value for this variable. returning default of null
2022-11-15 09:09:20.132 [DEBUG] [thread-id 1] - conditionally execute a flow. condition: false
2022-11-15 09:09:20.305 [DEBUG] [thread-id 1] - Test failed
2022-11-15 09:09:20.541 [DEBUG] [thread-id 1] - After failed: Error found 'We're having technical issues, but we'll be back in a flash.'
2022-11-15 09:09:41.837 [DEBUG] [thread-id 1] - Created report: /Users/m0k0a2f/glass-automation/report/index.html
2022-11-15 09:10:01.720 [WARN] [thread-id 1] - no flow for function 'ca.test.functions.home.navigateHomeToSignInIos'. this function will not be available to call.
2022-11-15 09:10:32.249 [DEBUG] [thread-id 1] - Executing R2 3.29.0: '/Users/m0k0a2f/glass-automation/./us/test/test-scripts/ios/golden-flows/multifulfillment-flows/PetRX-multi-fulfillment-fc-ud+sc+ls-scheduled-delivery-3pWFS copy.yaml' on device: 'iPhone 13'
2022-11-15 09:11:23.203 [DEBUG] [thread-id 1] - Executing scenario: 'Before'
2022-11-15 09:11:23.211 [DEBUG] [thread-id 1] - Execute before steps
2022-11-15 09:11:23.214 [DEBUG] [thread-id 1] - R2_SUBFLOW_PRE_TRANSACTION
2022-11-15 09:11:23.218 [DEBUG] [thread-id 1] - Executing function: 'us.functions.utils.astro.clearCart'
2022-11-15 09:11:23.302 [DEBUG] [thread-id 1] - Call API: 'http://astro.walmart.com/api/v2/teflon/customer/waldelpick@gmail.com/clearcart'
2022-11-15 09:11:36.064 [DEBUG] [thread-id 1] - Response code is: '200'. Response body is: '{"astroStatus":"SUCCESS","astroDescription":"CART_CLEARED","astroDetails":{"dbSessionMap":{"CXO_CART_ST":"{\"mtoken\":\"1:14#140429562#2=149704468#8=63273405\"}"},"checkoutable":false,"cart":{"id":"9f3a4b6a-6ff2-495c-9978-bcc184bdd2c5","buyer":{"id":"b26618a5-6dbf-41b5-a9bd-e27969047058","type":"CUSTOMER"},"accessPoint":{"id":"6168c2e3-fc36-4827-98e6-d717d10af1d6","name":"Walmart San Jose Store #32144","storeId":32144,"fulfillmentType":"INSTORE_PICKUP","fulfillmentOption":"PICKUP","supportedTimeZone":"US/Pacific","locationInstruction":"[{\"type\":\"CHECKIN_DEFAULT\",\"value\":\"<div> <p> In order to protect the safety of our customers & associates, we've temporarily moved to a no-contact pickup in store process or curbside. </p> <br /> <br /><b>Please bring your government-issued ID</b><br /> <ol> <li>Check in with the app to let us know you're on the way.</li> <li> Park in a designated pickup spot, stay in your vehicle and keep your windows rolled up. </li> <li> A Walmart associate will request access to your trunk or back seat, then they'll load your order. </li> <li>You're all set! The associate will sign for the order.</li> </ol> </div>\"},{\"type\":\"EMAIL_DEFAULT\",\"value\":\"NA\"},{\"type\":\"CHECKIN_1\",\"value\":\"Next, tell us when you’ve parked. Park by the pickup sign and enter your parking info so we can find you faster.\"}]","isStoreEbtEligible":true,"allowAlcohol":true,"restrictions":[],"accessType":"PICKUP_CURBSIDE","storeCategory":"Supercenter","nodeType":"STORE","allowBagFee":true,"isBagFeeMandatory":false,"address":{"postalCode":"95122","addressLineOne":"777 Story Rd","city":"San Jose","state":"CA","addressTypeName":"OFFICE","isPOBox":false,"countryCode":"USA"}},"storeIds":[],"itemCount":0,"entityErrors":[],"shipping":{"id":"073a23db-02f0-4f3f-82c8-4e1971448eb0","dbLockVersion":0,"dbSessionMap":{},"dbLockMap":{},"postalCode":"95122","city":"San Jose","state":"CA","countryCode":"USA","latitude":37.606689,"longitude":-122.426362,"isPOBox":false,"isAPOFPO":false},"currencyCode":"USD","preview":false,"tenantId":0,"verticalId":0,"checkoutableErrors":[],"intent":"PICKUP","pickupStore":{"city":"San Jose","stateOrProvinceCode":"CA","countryCode":"USA","postalCode":"95122","storeId":"32144","services":[]},"deliveryStore":{"city":"San Jose","stateOrProvinceCode":"CA","countryCode":"USA","postalCode":"95122","storeId":"32144","services":[]},"fulfillmentPlans":[],"accessPoints":[{"id":"6168c2e3-fc36-4827-98e6-d717d10af1d6","name":"Walmart San Jose Store #32144","storeId":32144,"fulfillmentType":"INSTORE_PICKUP","fulfillmentOption":"PICKUP","supportedTimeZone":"US/Pacific","locationInstruction":"[{\"type\":\"CHECKIN_DEFAULT\",\"value\":\"<div> <p> In order to protect the safety of our customers & associates, we've temporarily moved to a no-contact pickup in store process or curbside. </p> <br /> <br /><b>Please bring your government-issued ID</b><br /> <ol> <li>Check in with the app to let us know you're on the way.</li> <li> Park in a designated pickup spot, stay in your vehicle and keep your windows rolled up. </li> <li> A Walmart associate will request access to your trunk or back seat, then they'll load your order. </li> <li>You're all set! The associate will sign for the order.</li> </ol> </div>\"},{\"type\":\"EMAIL_DEFAULT\",\"value\":\"NA\"},{\"type\":\"CHECKIN_1\",\"value\":\"Next, tell us when you’ve parked. Park by the pickup sign and enter your parking info so we can find you faster.\"}]","isStoreEbtEligible":true,"allowAlcohol":true,"restrictions":[],"accessType":"PICKUP_CURBSIDE","storeCategory":"Supercenter","nodeType":"STORE","allowBagFee":true,"isBagFeeMandatory":false,"address":{"postalCode":"95122","addressLineOne":"777 Story Rd","city":"San Jose","state":"CA","addressTypeName":"OFFICE","isPOBox":false,"countryCode":"USA"}}],"reservations":[],"isExplicitIntent":false,"hasGiftEligibleItem":false,"warnings":[],"restrictions":[]},"isOmniPromiseResponse":true}}'
2022-11-15 09:11:36.202 [DEBUG] [thread-id 1] - Cart cleared for waldelpick@gmail.com
2022-11-15 09:11:36.300 [DEBUG] [thread-id 1] - Using us-errors-helpers.yaml
2022-11-15 09:11:36.374 [DEBUG] [thread-id 1] - Start Main
2022-11-15 09:11:36.377 [DEBUG] [thread-id 1] - Executing function: 'us.functions.global.onboarding.navigateOnboardingToHome'
2022-11-15 09:11:36.379 [DEBUG] [thread-id 1] - Executing function: 'us.function.utils.getEnvironmentValue'
2022-11-15 09:11:36.385 [DEBUG] [thread-id 1] - Store in: store the value 'teflon' in the variable 'env'
2022-11-15 09:11:36.469 [DEBUG] [thread-id 1] - Verify identifier: {//XCUIElementTypeStaticText[@name="WelcomeViewController.titleLabel"] | //XCUIElementTypeStaticText[@name="SignUpNudgeWelcomeViewController.titleLabel"]=[true]}
2022-11-15 09:11:46.490 [DEBUG] [thread-id 1] - conditionally execute a flow. condition: false
2022-11-15 09:11:46.633 [DEBUG] [thread-id 1] - Click element: '//XCUIElementTypeStaticText[@name="Continue"] | //XCUIElementTypeStaticText[@name="Next"] | //XCUIElementTypeStaticText[@name="Continue as guest"]'
2022-11-15 09:11:47.433 [DEBUG] [thread-id 1] - Verify identifier: {NotificationPermissionViewController.titleLabel=[true]}
2022-11-15 09:11:47.521 [DEBUG] [thread-id 1] - Click element: '//XCUIElementTypeStaticText[@name="Maybe later"]'
2022-11-15 09:12:09.383 [DEBUG] [thread-id 1] - Main failed: Is not present: 'Share your location'
2022-11-15 09:12:09.464 [DEBUG] [thread-id 1] - Executing scenario: 'After'
2022-11-15 09:12:09.473 [DEBUG] [thread-id 1] - Executing function: 'us.functions.utils.afterSteps'
2022-11-15 09:12:09.483 [WARN] [thread-id 1] - variable testStatus was used, but r2 could not find a value for this variable. returning default of null
2022-11-15 09:12:09.518 [DEBUG] [thread-id 1] - conditionally execute a flow. condition: false
2022-11-15 09:12:09.584 [DEBUG] [thread-id 1] - Test failed
2022-11-15 09:12:09.651 [DEBUG] [thread-id 1] - Executing function: 'us.functions.utils.closeErrorAlertIfExists'
2022-11-15 09:12:28.663 [DEBUG] [thread-id 1] - Created report: /Users/m0k0a2f/glass-automation/report/index.html
2022-11-15 09:41:47.624 [WARN] [thread-id 1] - no flow for function 'ca.test.functions.home.navigateHomeToSignInIos'. this function will not be available to call.
2022-11-15 09:42:16.287 [DEBUG] [thread-id 1] - Executing R2 3.29.0: '/Users/m0k0a2f/glass-automation/./us/test/test-scripts/ios/golden-flows/multifulfillment-flows/PetRX-multi-fulfillment-fc-ud+sc+ls-scheduled-delivery-3pWFS copy.yaml' on device: 'iPhone 13'
2022-11-15 09:42:54.611 [DEBUG] [thread-id 1] - Executing scenario: 'Before'
2022-11-15 09:42:54.617 [DEBUG] [thread-id 1] - Execute before steps
2022-11-15 09:42:54.619 [DEBUG] [thread-id 1] - R2_SUBFLOW_PRE_TRANSACTION
2022-11-15 09:42:54.622 [DEBUG] [thread-id 1] - Executing function: 'us.functions.utils.astro.clearCart'
2022-11-15 09:42:54.716 [DEBUG] [thread-id 1] - Call API: 'http://astro.walmart.com/api/v2/teflon/customer/waldelpick@gmail.com/clearcart'
2022-11-15 09:43:07.403 [DEBUG] [thread-id 1] - Response code is: '200'. Response body is: '{"astroStatus":"SUCCESS","astroDescription":"CART_CLEARED","astroDetails":{"dbSessionMap":{"CXO_CART_ST":"{\"mtoken\":\"1:14#140448014#2=149727428#8=63300529\"}"},"checkoutable":false,"cart":{"id":"9f3a4b6a-6ff2-495c-9978-bcc184bdd2c5","buyer":{"id":"b26618a5-6dbf-41b5-a9bd-e27969047058","type":"CUSTOMER"},"accessPoint":{"id":"6168c2e3-fc36-4827-98e6-d717d10af1d6","name":"Walmart San Jose Store #32144","storeId":32144,"fulfillmentType":"INSTORE_PICKUP","fulfillmentOption":"PICKUP","supportedTimeZone":"US/Pacific","locationInstruction":"[{\"type\":\"CHECKIN_DEFAULT\",\"value\":\"<div> <p> In order to protect the safety of our customers & associates, we've temporarily moved to a no-contact pickup in store process or curbside. </p> <br /> <br /><b>Please bring your government-issued ID</b><br /> <ol> <li>Check in with the app to let us know you're on the way.</li> <li> Park in a designated pickup spot, stay in your vehicle and keep your windows rolled up. </li> <li> A Walmart associate will request access to your trunk or back seat, then they'll load your order. </li> <li>You're all set! The associate will sign for the order.</li> </ol> </div>\"},{\"type\":\"EMAIL_DEFAULT\",\"value\":\"NA\"},{\"type\":\"CHECKIN_1\",\"value\":\"Next, tell us when you’ve parked. Park by the pickup sign and enter your parking info so we can find you faster.\"}]","isStoreEbtEligible":true,"allowAlcohol":true,"restrictions":[],"accessType":"PICKUP_CURBSIDE","storeCategory":"Supercenter","nodeType":"STORE","allowBagFee":true,"isBagFeeMandatory":false,"address":{"postalCode":"95122","addressLineOne":"777 Story Rd","city":"San Jose","state":"CA","addressTypeName":"OFFICE","isPOBox":false,"countryCode":"USA"}},"storeIds":[],"itemCount":0,"entityErrors":[],"shipping":{"id":"90bc365b-844e-4246-8a35-970fe0eecfd9","dbLockVersion":0,"dbSessionMap":{},"dbLockMap":{},"postalCode":"95122","city":"San Jose","state":"CA","countryCode":"USA","latitude":37.606689,"longitude":-122.426362,"isPOBox":false,"isAPOFPO":false},"currencyCode":"USD","preview":false,"tenantId":0,"verticalId":0,"checkoutableErrors":[],"intent":"PICKUP","pickupStore":{"city":"San Jose","stateOrProvinceCode":"CA","countryCode":"USA","postalCode":"95122","storeId":"32144","services":[]},"deliveryStore":{"city":"San Jose","stateOrProvinceCode":"CA","countryCode":"USA","postalCode":"95122","storeId":"32144","services":[]},"fulfillmentPlans":[],"accessPoints":[{"id":"6168c2e3-fc36-4827-98e6-d717d10af1d6","name":"Walmart San Jose Store #32144","storeId":32144,"fulfillmentType":"INSTORE_PICKUP","fulfillmentOption":"PICKUP","supportedTimeZone":"US/Pacific","locationInstruction":"[{\"type\":\"CHECKIN_DEFAULT\",\"value\":\"<div> <p> In order to protect the safety of our customers & associates, we've temporarily moved to a no-contact pickup in store process or curbside. </p> <br /> <br /><b>Please bring your government-issued ID</b><br /> <ol> <li>Check in with the app to let us know you're on the way.</li> <li> Park in a designated pickup spot, stay in your vehicle and keep your windows rolled up. </li> <li> A Walmart associate will request access to your trunk or back seat, then they'll load your order. </li> <li>You're all set! The associate will sign for the order.</li> </ol> </div>\"},{\"type\":\"EMAIL_DEFAULT\",\"value\":\"NA\"},{\"type\":\"CHECKIN_1\",\"value\":\"Next, tell us when you’ve parked. Park by the pickup sign and enter your parking info so we can find you faster.\"}]","isStoreEbtEligible":true,"allowAlcohol":true,"restrictions":[],"accessType":"PICKUP_CURBSIDE","storeCategory":"Supercenter","nodeType":"STORE","allowBagFee":true,"isBagFeeMandatory":false,"address":{"postalCode":"95122","addressLineOne":"777 Story Rd","city":"San Jose","state":"CA","addressTypeName":"OFFICE","isPOBox":false,"countryCode":"USA"}}],"reservations":[],"isExplicitIntent":false,"hasGiftEligibleItem":false,"warnings":[],"restrictions":[]},"isOmniPromiseResponse":true}}'
2022-11-15 09:43:07.506 [DEBUG] [thread-id 1] - Cart cleared for waldelpick@gmail.com
2022-11-15 09:43:07.596 [DEBUG] [thread-id 1] - Using us-errors-helpers.yaml
2022-11-15 09:43:07.670 [DEBUG] [thread-id 1] - Start Main
2022-11-15 09:43:07.672 [DEBUG] [thread-id 1] - Executing function: 'us.functions.global.onboarding.navigateOnboardingToHome'
2022-11-15 09:43:07.675 [DEBUG] [thread-id 1] - Executing function: 'us.function.utils.getEnvironmentValue'
2022-11-15 09:43:07.680 [DEBUG] [thread-id 1] - Store in: store the value 'teflon' in the variable 'env'
2022-11-15 09:43:07.780 [DEBUG] [thread-id 1] - Verify identifier: {//XCUIElementTypeStaticText[@name="WelcomeViewController.titleLabel"] | //XCUIElementTypeStaticText[@name="SignUpNudgeWelcomeViewController.titleLabel"]=[true]}
2022-11-15 09:43:17.791 [DEBUG] [thread-id 1] - conditionally execute a flow. condition: false
2022-11-15 09:43:17.924 [DEBUG] [thread-id 1] - Click element: '//XCUIElementTypeStaticText[@name="Continue"] | //XCUIElementTypeStaticText[@name="Next"] | //XCUIElementTypeStaticText[@name="Continue as guest"]'
2022-11-15 09:43:18.580 [DEBUG] [thread-id 1] - Verify identifier: {NotificationPermissionViewController.titleLabel=[true]}
2022-11-15 09:43:18.664 [DEBUG] [thread-id 1] - Click element: '//XCUIElementTypeStaticText[@name="Maybe later"]'
2022-11-15 09:43:22.207 [DEBUG] [thread-id 1] - Verify identifier: {Share your location=[true]}
2022-11-15 09:43:22.240 [DEBUG] [thread-id 1] - Click element: 'Enter zip code'
2022-11-15 09:43:32.438 [DEBUG] [thread-id 1] - conditionally execute a flow. condition: false
2022-11-15 09:43:32.509 [DEBUG] [thread-id 1] - Observed personalizedScreen
2022-11-15 09:43:32.607 [DEBUG] [thread-id 1] - conditionally execute a flow. condition: true
2022-11-15 09:43:32.695 [DEBUG] [thread-id 1] - Click element: 'Continue'
2022-11-15 09:43:43.013 [DEBUG] [thread-id 1] - conditionally execute a flow. condition: true
2022-11-15 09:43:53.194 [DEBUG] [thread-id 1] - conditionally execute a flow. condition: true
2022-11-15 09:43:53.277 [DEBUG] [thread-id 1] - Click element: 'Continue'
2022-11-15 09:43:54.766 [DEBUG] [thread-id 1] - conditionally execute a flow. condition: true
2022-11-15 09:43:56.037 [DEBUG] [thread-id 1] - Click element: 'Allow'
2022-11-15 09:44:27.151 [DEBUG] [thread-id 1] - Executing function: 'us.functions.utils.tryAgainWhenThereIsError'
2022-11-15 09:44:27.171 [DEBUG] [thread-id 1] - loop: from 0 to 2
2022-11-15 09:44:27.287 [DEBUG] [thread-id 1] - 0
2022-11-15 09:44:37.470 [DEBUG] [thread-id 1] - conditionally execute a flow. condition: false
2022-11-15 09:44:37.578 [DEBUG] [thread-id 1] - Executing function: 'us.functions.onboarding.handleTechnicalErrorPage'
2022-11-15 09:44:37.578 [DEBUG] [thread-id 1] - sleep:  5000 milliseconds
2022-11-15 09:44:42.588 [DEBUG] [thread-id 1] - loop: from 0 to 4
2022-11-15 09:44:42.721 [DEBUG] [thread-id 1] - 0
2022-11-15 09:44:52.899 [DEBUG] [thread-id 1] - conditionally execute a flow. condition: false
2022-11-15 09:44:53.012 [DEBUG] [thread-id 1] - No Technical Error Page observed
2022-11-15 09:44:53.125 [DEBUG] [thread-id 1] - Executing function: 'us.functions.gic.collapseIfExpanded'
2022-11-15 09:44:53.235 [DEBUG] [thread-id 1] - conditionally execute a flow. condition: true
2022-11-15 09:44:53.446 [DEBUG] [thread-id 1] - Click element: '//*[contains(@label,"Expanded")]'
2022-11-15 09:44:53.608 [DEBUG] [thread-id 1] - Executing function: 'us.functions.home.navigateHomeToSignIn'
2022-11-15 09:44:53.984 [DEBUG] [thread-id 1] - Click element: 'Account'
2022-11-15 09:44:54.214 [DEBUG] [thread-id 1] - sleep:  3000 milliseconds
2022-11-15 09:44:57.574 [DEBUG] [thread-id 1] - Verify identifier: {//XCUIElementTypeButton[@name="Account.SignInButton"] | //XCUIElementTypeButton[@name="HeaderView.loginButton"] | //XCUIElementTypeButton[@label="SignInYourAccountTableViewCell.signInButton"] | //XCUIElementTypeButton[@label="Sign in"] | //XCUIElementTypeButton[@label="Sign in or create an account"]=[true]}
2022-11-15 09:44:57.575 [DEBUG] [thread-id 1] - loop: from 1 to 3
2022-11-15 09:44:57.991 [DEBUG] [thread-id 1] - conditionally execute a flow. condition: true
2022-11-15 09:44:58.411 [DEBUG] [thread-id 1] - Click element: '//XCUIElementTypeButton[@name="Account.SignInButton"] | //XCUIElementTypeButton[@name="HeaderView.loginButton"] | //XCUIElementTypeButton[@label="SignInYourAccountTableViewCell.signInButton"] | //XCUIElementTypeButton[@label="Sign in"] | //XCUIElementTypeButton[@label="Sign in or create an account"]'
2022-11-15 09:44:58.926 [DEBUG] [thread-id 1] - sleep:  3000 milliseconds
2022-11-15 09:45:02.362 [DEBUG] [thread-id 1] - conditionally execute a flow. condition: true
2022-11-15 09:45:02.575 [DEBUG] [thread-id 1] - Executing function: 'us.functions.global.authentication.signInAccount'
2022-11-15 09:45:02.589 [WARN] [thread-id 1] - variable validateSignInPage was used, but r2 could not find a value for this variable. returning default of null
2022-11-15 09:45:02.625 [DEBUG] [thread-id 1] - Executing function: 'us.functions.global.authentication.dismissSelectSavedPasswordDialog'
2022-11-15 09:45:12.966 [DEBUG] [thread-id 1] - Verify identifier: {//XCUIElementTypeTextField=[true]}
2022-11-15 09:45:13.139 [DEBUG] [thread-id 1] - Enter text: 'waldelpick@gmail.com'
2022-11-15 09:45:18.456 [DEBUG] [thread-id 1] - loop: from 1 to 3
2022-11-15 09:45:19.171 [DEBUG] [thread-id 1] - sleep:  3000 milliseconds
2022-11-15 09:45:22.907 [DEBUG] [thread-id 1] - conditionally execute a flow. condition: true
2022-11-15 09:45:23.683 [DEBUG] [thread-id 1] - Click element: 'SignInView.ctaButton'
2022-11-15 09:45:24.681 [DEBUG] [thread-id 1] - sleep:  3000 milliseconds
2022-11-15 09:45:38.602 [DEBUG] [thread-id 1] - conditionally execute a flow. condition: false
2022-11-15 09:45:39.321 [WARN] [thread-id 1] - variable validateSignInPage was used, but r2 could not find a value for this variable. returning default of null
2022-11-15 09:45:39.527 [DEBUG] [thread-id 1] - Enter text: 'Testing@123'
2022-11-15 09:45:42.339 [DEBUG] [thread-id 1] - sleep:  3000 milliseconds
2022-11-15 09:45:56.302 [DEBUG] [thread-id 1] - Hide keyboard: 'true'
2022-11-15 09:45:56.355 [DEBUG] [thread-id 1] - conditionally execute a flow. condition: true
2022-11-15 09:45:57.464 [DEBUG] [thread-id 1] - Executing function: 'us.functions.global.authentication.handleSomethingWentWrongError'
2022-11-15 09:45:57.465 [DEBUG] [thread-id 1] - loop: from 0 to 3
2022-11-15 09:45:58.575 [DEBUG] [thread-id 1] - 0
2022-11-15 09:46:09.820 [DEBUG] [thread-id 1] - conditionally execute a flow. condition: false
2022-11-15 09:46:21.941 [DEBUG] [thread-id 1] - conditionally execute a flow. condition: true
2022-11-15 09:46:23.283 [DEBUG] [thread-id 1] - Click element: '//XCUIElementTypeButton[@name="Don’t Allow"] | //XCUIElementTypeButton[@name="Don’t Allow"]'
2022-11-15 09:46:23.916 [DEBUG] [thread-id 1] - Executing function: 'us.functions.utils.handleCartMergePopup'
2022-11-15 09:46:23.916 [DEBUG] [thread-id 1] - sleep:  7000 milliseconds
2022-11-15 09:46:30.925 [DEBUG] [thread-id 1] - loop: from 0 to 4
2022-11-15 09:46:31.470 [DEBUG] [thread-id 1] - 0
2022-11-15 09:46:41.981 [DEBUG] [thread-id 1] - conditionally execute a flow. condition: false
2022-11-15 09:46:42.440 [DEBUG] [thread-id 1] - No Technical Error Page observed
2022-11-15 09:46:42.913 [DEBUG] [thread-id 1] - Executing function: 'us.functions.global.navigation.accountToHome'
2022-11-15 09:46:43.268 [DEBUG] [thread-id 1] - Click element: '//XCUIElementTypeButton[@name="Shop"] |  //XCUIElementTypeButton[@name="Home"]'
2022-11-15 09:46:43.519 [DEBUG] [thread-id 1] - Executing function: 'us.functions.home.closeWPlusPromotionPopUpIfDisplayed'
2022-11-15 09:46:43.519 [DEBUG] [thread-id 1] - sleep:  5000 milliseconds
2022-11-15 09:46:58.920 [DEBUG] [thread-id 1] - Verify identifier: {//XCUIElementTypeSearchField[@name="Search Walmart"] | //XCUIElementTypeOther[@name="Search Walmart"]/XCUIElementTypeOther | //XCUIElementTypeOther[@name="Search Walmart"]=[true]}
2022-11-15 09:46:58.922 [DEBUG] [thread-id 1] - Executing function: 'us.functions.home.rateDriverPopup'
2022-11-15 09:46:58.923 [DEBUG] [thread-id 1] - loop: from 1 to 6
2022-11-15 09:46:59.216 [DEBUG] [thread-id 1] - 1
2022-11-15 09:47:09.580 [DEBUG] [thread-id 1] - conditionally execute a flow. condition: false
2022-11-15 09:47:09.878 [DEBUG] [thread-id 1] - Executing function: 'us.functions.home.setStore'
2022-11-15 09:47:09.885 [DEBUG] [thread-id 1] - conditionally execute a flow. condition: true
2022-11-15 09:47:10.165 [DEBUG] [thread-id 1] - Executing function: 'us.functions.home.changeStore'
2022-11-15 09:47:10.167 [DEBUG] [thread-id 1] - Executing function: 'us.functions.gic.expandIfCollapsed'
2022-11-15 09:47:10.349 [DEBUG] [thread-id 1] - conditionally execute a flow. condition: true
2022-11-15 09:47:10.808 [DEBUG] [thread-id 1] - Click element: '//*[contains(@label,"Collapsed")]'
2022-11-15 09:47:11.008 [WARN] [thread-id 1] - variable storeOnly was used, but r2 could not find a value for this variable. returning default of null
2022-11-15 09:47:11.015 [DEBUG] [thread-id 1] - conditionally execute a flow. condition: true
2022-11-15 09:47:34.481 [DEBUG] [thread-id 1] - Click element: '//XCUIElementTypeButton[@name="GlobalIntentCenter.Pickup"]'
2022-11-15 09:47:34.840 [DEBUG] [thread-id 1] - Pickup intent selected
2022-11-15 09:47:34.992 [DEBUG] [thread-id 1] - Click element: '//XCUIElementTypeCollectionView[@name="GlobalIntentCenterViewController.collectionView"]//XCUIElementTypeCell[position()=last()-2 or position()=last()-1]//*[@name="GlobalIntentCenter.FullLocation" and contains(@label,"Pickup")]'
2022-11-15 09:47:46.626 [DEBUG] [thread-id 1] - conditionally execute a flow. condition: false
2022-11-15 09:47:48.366 [DEBUG] [thread-id 1] - Enter text: '95122'
2022-11-15 09:47:54.716 [DEBUG] [thread-id 1] - Click element: '(//XCUIElementTypeButton[@name="StoreSelectionCell.radioButton"])[1]'
2022-11-15 09:47:57.012 [DEBUG] [thread-id 1] - Click element: '//XCUIElementTypeButton[@name="SaveStoreSelectionView.saveButton"]'
2022-11-15 09:47:58.745 [DEBUG] [thread-id 1] - Executing function: 'us.functions.utils.handleTechnicalErrorPopup'
2022-11-15 09:47:58.746 [DEBUG] [thread-id 1] - Store in: store the value 'false' in the variable 'errorRemoved'
2022-11-15 09:47:58.746 [DEBUG] [thread-id 1] - sleep:  10000 milliseconds
2022-11-15 09:48:08.765 [DEBUG] [thread-id 1] - loop: from 0 to 3
2022-11-15 09:48:08.960 [DEBUG] [thread-id 1] - 0
2022-11-15 09:48:19.345 [DEBUG] [thread-id 1] - conditionally execute a flow. condition: false
2022-11-15 09:48:19.517 [DEBUG] [thread-id 1] - Store in: store the value 'true' in the variable 'errorRemoved'
2022-11-15 09:48:19.697 [DEBUG] [thread-id 1] - No Technical Error Pop up observed
2022-11-15 09:48:20.025 [DEBUG] [thread-id 1] - conditionally execute a flow. condition: true
2022-11-15 09:48:20.303 [DEBUG] [thread-id 1] - conditionally execute a flow. condition: true
2022-11-15 09:48:20.588 [DEBUG] [thread-id 1] - Click element: '//*[contains(@label,"Expanded")]'
2022-11-15 09:48:21.239 [DEBUG] [thread-id 1] - Verify identifier: {//*[contains(@label,"Collapsed")]=[true]}
2022-11-15 09:48:21.253 [DEBUG] [thread-id 1] - Executing function: 'us.functions.utils.getSearchableItem'
2022-11-15 09:48:21.255 [DEBUG] [thread-id 1] - Store in: store the value 'null' in the variable 'itemFetched'
2022-11-15 09:48:21.256 [DEBUG] [thread-id 1] - Store in: store the value 'null' in the variable 'deeplinkURL'
2022-11-15 09:48:21.259 [DEBUG] [thread-id 1] - conditionally execute a flow. condition: false
2022-11-15 09:48:21.543 [DEBUG] [thread-id 1] - Item fetched by Astro API
2022-11-15 09:48:21.839 [DEBUG] [thread-id 1] - Executing function: 'us.functions.utils.fetchAstroAvailableItem'
2022-11-15 09:48:21.841 [DEBUG] [thread-id 1] - Fetching Item available in stock using Astro API for Item type STORE_SCHEDULED_DELIVERY
2022-11-15 09:48:21.843 [WARN] [thread-id 1] - variable storeId was used, but r2 could not find a value for this variable. returning default of null
2022-11-15 09:48:21.856 [DEBUG] [thread-id 1] - conditionally execute a flow. condition: true
2022-11-15 09:48:22.156 [DEBUG] [thread-id 1] - Store in: store the value '32144' in the variable 'storeId'
2022-11-15 09:48:22.164 [WARN] [thread-id 1] - variable itemStatusHeader was used, but r2 could not find a value for this variable. returning default of null
2022-11-15 09:48:22.166 [DEBUG] [thread-id 1] - conditionally execute a flow. condition: true
2022-11-15 09:48:22.453 [DEBUG] [thread-id 1] - Store in: store the value 'SUCCESS' in the variable 'itemStatusHeader'
2022-11-15 09:48:22.462 [DEBUG] [thread-id 1] - Store in: store the value 'null' in the variable 'itemDetails'
2022-11-15 09:48:22.758 [DEBUG] [thread-id 1] - Call API: 'http://astro.walmart.com/api/v3/teflon/internal/getItemHealth/32144/STORE_SCHEDULED_DELIVERY'
2022-11-15 09:48:28.288 [DEBUG] [thread-id 1] - Response code is: '200'. Response body is: '{"astroStatus":"SUCCESS","astroDescription":"Item Health details found in itemHealth Collection","astroDetails":[{"itemId":"770168458","astroStatus":"SUCCESS","astroDescription":"STORE_SCHEDULED_DELIVERY ORDER CREATED","orderType":"STORE_SCHEDULED_DELIVERY","storeId":"32144","orderNumber":100000078053482,"_id":"619e89abf7efa49aed2a41e2","createdAt":"2021-11-24T18:51:23.521Z","updatedAt":"2022-11-15T15:26:36.397Z","__v":0},{"itemId":"803629599","astroStatus":"SUCCESS","astroDescription":"STORE_SCHEDULED_DELIVERY ORDER CREATED","orderType":"STORE_SCHEDULED_DELIVERY","storeId":"32144","orderNumber":5902207530886,"_id":"619e89bbf7efa49aed2a41e4","createdAt":"2021-11-24T18:51:39.149Z","updatedAt":"2022-11-15T15:29:58.399Z","__v":0},{"itemId":"336485950","astroStatus":"SUCCESS","astroDescription":"STORE_SCHEDULED_DELIVERY ORDER CREATED","orderType":"STORE_SCHEDULED_DELIVERY","storeId":"32144","orderNumber":5902207330780,"_id":"619e8a35f7efa49aed2a41ea","createdAt":"2021-11-24T18:53:41.318Z","updatedAt":"2022-11-15T15:35:58.440Z","__v":0}]}'
2022-11-15 09:48:28.640 [DEBUG] [thread-id 1] - conditionally execute a flow. condition: false
2022-11-15 09:48:28.939 [DEBUG] [thread-id 1] - SUCCESSFUL item fetched from astro API.
2022-11-15 09:48:29.246 [DEBUG] [thread-id 1] - loop: over '[{"itemId":"770168458","astroStatus":"SUCCESS","astroDescription":"STORE_SCHEDULED_DELIVERY ORDER CREATED","orderType":"STORE_SCHEDULED_DELIVERY","storeId":"32144","orderNumber":100000078053482,"_id":"619e89abf7efa49aed2a41e2","createdAt":"2021-11-24T18:51:23.521Z","updatedAt":"2022-11-15T15:26:36.397Z","__v":0},{"itemId":"803629599","astroStatus":"SUCCESS","astroDescription":"STORE_SCHEDULED_DELIVERY ORDER CREATED","orderType":"STORE_SCHEDULED_DELIVERY","storeId":"32144","orderNumber":5902207530886,"_id":"619e89bbf7efa49aed2a41e4","createdAt":"2021-11-24T18:51:39.149Z","updatedAt":"2022-11-15T15:29:58.399Z","__v":0},{"itemId":"336485950","astroStatus":"SUCCESS","astroDescription":"STORE_SCHEDULED_DELIVERY ORDER CREATED","orderType":"STORE_SCHEDULED_DELIVERY","storeId":"32144","orderNumber":5902207330780,"_id":"619e8a35f7efa49aed2a41ea","createdAt":"2021-11-24T18:53:41.318Z","updatedAt":"2022-11-15T15:35:58.440Z","__v":0}]'
2022-11-15 09:48:29.536 [DEBUG] [thread-id 1] - Store in: store the value 'null' in the variable 'itemDetails'
2022-11-15 09:48:29.850 [DEBUG] [thread-id 1] - {"itemId":"770168458","astroStatus":"SUCCESS","astroDescription":"STORE_SCHEDULED_DELIVERY ORDER CREATED","orderType":"STORE_SCHEDULED_DELIVERY","storeId":"32144","orderNumber":100000078053482,"_id":"619e89abf7efa49aed2a41e2","createdAt":"2021-11-24T18:51:23.521Z","updatedAt":"2022-11-15T15:26:36.397Z","__v":0}
2022-11-15 09:48:30.152 [DEBUG] [thread-id 1] - Store in: store the value '770168458' in the variable 'itemFetched'
2022-11-15 09:48:30.449 [DEBUG] [thread-id 1] - Store in: store the value 'SUCCESS' in the variable 'itemStatus'
2022-11-15 09:48:30.748 [WARN] [thread-id 1] - variable healthCheck was used, but r2 could not find a value for this variable. returning default of null
2022-11-15 09:48:31.149 [DEBUG] [thread-id 1] - conditionally execute a flow. condition: true
2022-11-15 09:48:31.447 [WARN] [thread-id 1] - variable skipForNext was used, but r2 could not find a value for this variable. returning default of null
2022-11-15 09:48:31.746 [WARN] [thread-id 1] - variable excludeFetchedItem was used, but r2 could not find a value for this variable. returning default of null
2022-11-15 09:48:31.747 [DEBUG] [thread-id 1] - conditionally execute a flow. condition: false
2022-11-15 09:48:32.037 [DEBUG] [thread-id 1] - Executing function: 'us.functions.utils.itemHealthCheck'
2022-11-15 09:48:32.045 [DEBUG] [thread-id 1] - Checking item eligibility before proceeding
2022-11-15 09:48:32.045 [DEBUG] [thread-id 1] - Store in: store the value 'false' in the variable 'itemEligiblity'
2022-11-15 09:48:32.046 [DEBUG] [thread-id 1] - Store in: store the value 'false' in the variable 'ignoreItem'
2022-11-15 09:48:32.048 [DEBUG] [thread-id 1] - loop: over '["158353031","669597065","446886409", "803629599"]'
2022-11-15 09:48:33.242 [DEBUG] [thread-id 1] - conditionally execute a flow. condition: false
2022-11-15 09:48:33.538 [DEBUG] [thread-id 1] - conditionally execute a flow. condition: true
2022-11-15 09:48:34.129 [DEBUG] [thread-id 1] - Call API: 'http://astro.walmart.com/api/v2/teflon/itemHealthCheck?shippingNode=32144&orderType=STORE_SCHEDULED_DELIVERY&itemId=770168458'
2022-11-15 09:48:40.839 [DEBUG] [thread-id 1] - Response code is: '200'. Response body is: '{"status":"OK","offerId":"1B76B3E5A6A94ECD809B160EF2A063D5","eligibility":{"orderType":"STORE_SCHEDULED_DELIVERY","shipNode":"32144","errors":{"Oasis":["Sellable quantity missing"],"GBAS":["Item is not available at store"]},"isEligible":false}}'
2022-11-15 09:48:41.498 [DEBUG] [thread-id 1] - Store in: store the value 'null' in the variable 'itemDetails'
2022-11-15 09:48:41.795 [DEBUG] [thread-id 1] - {"itemId":"803629599","astroStatus":"SUCCESS","astroDescription":"STORE_SCHEDULED_DELIVERY ORDER CREATED","orderType":"STORE_SCHEDULED_DELIVERY","storeId":"32144","orderNumber":5902207530886,"_id":"619e89bbf7efa49aed2a41e4","createdAt":"2021-11-24T18:51:39.149Z","updatedAt":"2022-11-15T15:29:58.399Z","__v":0}
2022-11-15 09:48:42.084 [DEBUG] [thread-id 1] - Store in: store the value '803629599' in the variable 'itemFetched'
2022-11-15 09:48:42.378 [DEBUG] [thread-id 1] - Store in: store the value 'SUCCESS' in the variable 'itemStatus'
2022-11-15 09:48:42.665 [WARN] [thread-id 1] - variable healthCheck was used, but r2 could not find a value for this variable. returning default of null
2022-11-15 09:48:42.953 [DEBUG] [thread-id 1] - conditionally execute a flow. condition: true
2022-11-15 09:48:43.235 [WARN] [thread-id 1] - variable skipForNext was used, but r2 could not find a value for this variable. returning default of null
2022-11-15 09:48:43.535 [WARN] [thread-id 1] - variable excludeFetchedItem was used, but r2 could not find a value for this variable. returning default of null
2022-11-15 09:48:43.535 [DEBUG] [thread-id 1] - conditionally execute a flow. condition: false
2022-11-15 09:48:43.818 [DEBUG] [thread-id 1] - Checking item eligibility before proceeding
2022-11-15 09:48:43.821 [DEBUG] [thread-id 1] - Store in: store the value 'false' in the variable 'itemEligiblity'
2022-11-15 09:48:43.822 [DEBUG] [thread-id 1] - Store in: store the value 'false' in the variable 'ignoreItem'
2022-11-15 09:48:43.826 [DEBUG] [thread-id 1] - loop: over '["158353031","669597065","446886409", "803629599"]'
2022-11-15 09:48:44.999 [DEBUG] [thread-id 1] - conditionally execute a flow. condition: true
2022-11-15 09:48:45.285 [DEBUG] [thread-id 1] - Store in: store the value 'true' in the variable 'ignoreItem'
2022-11-15 09:48:45.586 [DEBUG] [thread-id 1] - conditionally execute a flow. condition: true
2022-11-15 09:48:45.869 [DEBUG] [thread-id 1] - Trying for other item as this is in excluded list of item ids
2022-11-15 09:48:46.479 [DEBUG] [thread-id 1] - Store in: store the value 'null' in the variable 'itemDetails'
2022-11-15 09:48:46.769 [DEBUG] [thread-id 1] - {"itemId":"336485950","astroStatus":"SUCCESS","astroDescription":"STORE_SCHEDULED_DELIVERY ORDER CREATED","orderType":"STORE_SCHEDULED_DELIVERY","storeId":"32144","orderNumber":5902207330780,"_id":"619e8a35f7efa49aed2a41ea","createdAt":"2021-11-24T18:53:41.318Z","updatedAt":"2022-11-15T15:35:58.440Z","__v":0}
2022-11-15 09:48:47.065 [DEBUG] [thread-id 1] - Store in: store the value '336485950' in the variable 'itemFetched'
2022-11-15 09:48:47.360 [DEBUG] [thread-id 1] - Store in: store the value 'SUCCESS' in the variable 'itemStatus'
2022-11-15 09:48:47.645 [WARN] [thread-id 1] - variable healthCheck was used, but r2 could not find a value for this variable. returning default of null
2022-11-15 09:48:47.937 [DEBUG] [thread-id 1] - conditionally execute a flow. condition: true
2022-11-15 09:48:48.219 [WARN] [thread-id 1] - variable skipForNext was used, but r2 could not find a value for this variable. returning default of null
2022-11-15 09:48:48.512 [WARN] [thread-id 1] - variable excludeFetchedItem was used, but r2 could not find a value for this variable. returning default of null
2022-11-15 09:48:48.512 [DEBUG] [thread-id 1] - conditionally execute a flow. condition: false
2022-11-15 09:48:48.794 [DEBUG] [thread-id 1] - Checking item eligibility before proceeding
2022-11-15 09:48:48.795 [DEBUG] [thread-id 1] - Store in: store the value 'false' in the variable 'itemEligiblity'
2022-11-15 09:48:48.795 [DEBUG] [thread-id 1] - Store in: store the value 'false' in the variable 'ignoreItem'
2022-11-15 09:48:48.796 [DEBUG] [thread-id 1] - loop: over '["158353031","669597065","446886409", "803629599"]'
2022-11-15 09:48:49.959 [DEBUG] [thread-id 1] - conditionally execute a flow. condition: false
2022-11-15 09:48:50.241 [DEBUG] [thread-id 1] - conditionally execute a flow. condition: true
2022-11-15 09:48:50.820 [DEBUG] [thread-id 1] - Call API: 'http://astro.walmart.com/api/v2/teflon/itemHealthCheck?shippingNode=32144&orderType=STORE_SCHEDULED_DELIVERY&itemId=336485950'
2022-11-15 09:48:57.651 [DEBUG] [thread-id 1] - Response code is: '200'. Response body is: '{"status":"OK","offerId":"7073B2CF2C3541458FACD424F76B0E60","eligibility":{"orderType":"STORE_SCHEDULED_DELIVERY","shipNode":"32144","isEligible":true}}'
2022-11-15 09:48:57.977 [DEBUG] [thread-id 1] - conditionally execute a flow. condition: true
2022-11-15 09:48:58.587 [DEBUG] [thread-id 1] - Stock available Item Id 336485950 for type STORE_SCHEDULED_DELIVERY
2022-11-15 09:48:58.885 [DEBUG] [thread-id 1] - Store in: store the value 'false' in the variable 'skipForNext'
2022-11-15 09:48:59.181 [DEBUG] [thread-id 1] - Store in: store the value 'false' in the variable 'excludeFetchedItem'
2022-11-15 09:48:59.192 [DEBUG] [thread-id 1] - Store in: store the value 'null' in the variable 'storeId'
2022-11-15 09:48:59.196 [DEBUG] [thread-id 1] - Store in: store the value 'null' in the variable 'itemStatusHeader'
2022-11-15 09:48:59.200 [DEBUG] [thread-id 1] - Store in: store the value 'false' in the variable 'healthCheck'
2022-11-15 09:48:59.215 [DEBUG] [thread-id 1] - Store in: store the value 'null' in the variable 'backupItem'
2022-11-15 09:48:59.216 [DEBUG] [thread-id 1] - Store in: store the value 'null' in the variable 'source'
2022-11-15 09:48:59.217 [DEBUG] [thread-id 1] - Store in: store the value 'walmart://item/336485950' in the variable 'deeplinkURl'
2022-11-15 09:48:59.217 [DEBUG] [thread-id 1] - Item:336485950
2022-11-15 09:48:59.219 [DEBUG] [thread-id 1] - deeplinkURL:walmart://item/336485950
2022-11-15 09:48:59.219 [DEBUG] [thread-id 1] - Executing function: 'us.functions.global.navigation.goToDeepLink'
2022-11-15 09:48:59.221 [DEBUG] [thread-id 1] - Verify value of: '$deepLinkUrl'
2022-11-15 09:48:59.222 [DEBUG] [thread-id 1] - Open link: 'walmart://item/336485950'
2022-11-15 09:48:59.998 [DEBUG] [thread-id 1] - Executing function: 'us.functions.global.navigation.openDeepLink'
2022-11-15 09:49:10.630 [DEBUG] [thread-id 1] - Executing function: 'us.functions.utils.handleTechnicalErrorPopup'
2022-11-15 09:49:10.630 [DEBUG] [thread-id 1] - Store in: store the value 'false' in the variable 'errorRemoved'
2022-11-15 09:49:10.631 [DEBUG] [thread-id 1] - sleep:  10000 milliseconds
2022-11-15 09:49:20.641 [DEBUG] [thread-id 1] - loop: from 0 to 3
2022-11-15 09:49:21.337 [DEBUG] [thread-id 1] - 0
2022-11-15 09:49:32.694 [DEBUG] [thread-id 1] - conditionally execute a flow. condition: false
2022-11-15 09:49:33.364 [DEBUG] [thread-id 1] - Store in: store the value 'true' in the variable 'errorRemoved'
2022-11-15 09:49:34.063 [DEBUG] [thread-id 1] - No Technical Error Pop up observed
2022-11-15 09:49:34.748 [DEBUG] [thread-id 1] - Executing function: 'us.functions.item.addItemToCart'
2022-11-15 09:49:35.419 [DEBUG] [thread-id 1] - sleep:  2000 milliseconds
2022-11-15 09:49:41.959 [DEBUG] [thread-id 1] - Item wasn't Added initially, continuing with scenario
2022-11-15 09:49:42.521 [DEBUG] [thread-id 1] - conditionally execute a flow. condition: true
2022-11-15 09:49:43.195 [DEBUG] [thread-id 1] - ATC button present
2022-11-15 09:49:43.972 [DEBUG] [thread-id 1] - Click element: '(//XCUIElementTypeButton[@name="stepper.mainButton"])[1] | //XCUIElementTypeOther[@name="stepper.addToCartButton"] | (//XCUIElementTypeOther[contains(@name,"GlassStepperView.inner")]) | //XCUIElementTypeButton[@name="stepper.mainButton"]'
2022-11-15 09:49:44.318 [DEBUG] [thread-id 1] - sleep:  3000 milliseconds
2022-11-15 09:49:58.205 [WARN] [thread-id 1] - variable closeButtonNotDisplayed was used, but r2 could not find a value for this variable. returning default of null
2022-11-15 09:49:58.206 [DEBUG] [thread-id 1] - conditionally execute a flow. condition: false
2022-11-15 09:49:58.903 [DEBUG] [thread-id 1] - Executing function: 'us.functions.item.handlePAC'
2022-11-15 09:49:58.903 [DEBUG] [thread-id 1] - sleep:  5000 milliseconds
2022-11-15 09:50:15.696 [DEBUG] [thread-id 1] - sleep:  1000 milliseconds
2022-11-15 09:50:17.435 [WARN] [thread-id 1] - variable qty was used, but r2 could not find a value for this variable. returning default of null
2022-11-15 09:50:17.435 [WARN] [thread-id 1] - variable qty was used, but r2 could not find a value for this variable. returning default of null
2022-11-15 09:50:18.043 [DEBUG] [thread-id 1] - Verify identifier: {//XCUIElementTypeStaticText[@name="1 added"]| //XCUIElementTypeOther[@name="add-to-cart-button"] | //XCUIElementTypeStaticText[@label="null"] | Max 1=[true]}
2022-11-15 09:50:33.450 [DEBUG] [thread-id 1] - Click element: 'ItemDetailsViewController_itemDetailCloseButton'
2022-11-15 09:50:33.887 [DEBUG] [thread-id 1] - Verify identifier: {TitleView_productTitle=[true]}
2022-11-15 09:50:33.887 [DEBUG] [thread-id 1] - sleep:  3000 milliseconds
2022-11-15 09:50:37.212 [DEBUG] [thread-id 1] - Verify identifier: {Your cart is empty=[true]}
2022-11-15 09:50:37.213 [DEBUG] [thread-id 1] - Store in: store the value 'false' in the variable 'closeButtonNotDisplayed'
2022-11-15 09:50:37.213 [DEBUG] [thread-id 1] - Executing function: 'us.functions.gic.changeFulfillment'
2022-11-15 09:50:37.402 [DEBUG] [thread-id 1] - conditionally execute a flow. condition: true
2022-11-15 09:50:37.877 [DEBUG] [thread-id 1] - Click element: '//*[contains(@label,"Collapsed")]'
2022-11-15 09:50:38.258 [DEBUG] [thread-id 1] - sleep:  4000 milliseconds
2022-11-15 09:50:42.287 [DEBUG] [thread-id 1] - Executing function: 'us.functions.gic.setFulfillment'
2022-11-15 09:50:42.293 [DEBUG] [thread-id 1] - conditionally execute a flow. condition: true
2022-11-15 09:51:02.760 [DEBUG] [thread-id 1] - Click element: 'GlobalIntentCenter.Shipping'
2022-11-15 09:51:02.984 [DEBUG] [thread-id 1] - sleep:  3000 milliseconds
2022-11-15 09:51:06.084 [DEBUG] [thread-id 1] - conditionally execute a flow. condition: true
2022-11-15 09:51:06.395 [DEBUG] [thread-id 1] - Click element: '//*[contains(@label,"Expanded")]'
2022-11-15 09:51:06.558 [DEBUG] [thread-id 1] - Executing function: 'us.functions.utils.getSearchableItem'
2022-11-15 09:51:06.558 [DEBUG] [thread-id 1] - Store in: store the value 'null' in the variable 'itemFetched'
2022-11-15 09:51:06.558 [DEBUG] [thread-id 1] - Store in: store the value 'null' in the variable 'deeplinkURL'
2022-11-15 09:51:06.559 [DEBUG] [thread-id 1] - conditionally execute a flow. condition: false
2022-11-15 09:51:06.851 [DEBUG] [thread-id 1] - Item fetched by Astro API
2022-11-15 09:51:07.141 [DEBUG] [thread-id 1] - Fetching Item available in stock using Astro API for Item type FC_DELIVERY
2022-11-15 09:51:07.148 [DEBUG] [thread-id 1] - conditionally execute a flow. condition: true
2022-11-15 09:51:07.431 [DEBUG] [thread-id 1] - Store in: store the value '32144' in the variable 'storeId'
2022-11-15 09:51:07.445 [DEBUG] [thread-id 1] - conditionally execute a flow. condition: true
2022-11-15 09:51:07.761 [DEBUG] [thread-id 1] - Store in: store the value 'SUCCESS' in the variable 'itemStatusHeader'
2022-11-15 09:51:07.778 [DEBUG] [thread-id 1] - Store in: store the value 'null' in the variable 'itemDetails'
2022-11-15 09:51:08.057 [DEBUG] [thread-id 1] - Call API: 'http://astro.walmart.com/api/v3/teflon/internal/getItemHealth/32144/FC_DELIVERY'
2022-11-15 09:51:13.386 [DEBUG] [thread-id 1] - Response code is: '200'. Response body is: '{"astroStatus":"SUCCESS","astroDescription":"Item Health details found in itemHealth Collection","astroDetails":[{"itemId":"595198706","astroStatus":"SUCCESS","astroDescription":"FC_DELIVERY ORDER CREATED","orderType":"FC_DELIVERY","storeId":"32144","orderNumber":100000078053748,"_id":"619e8f9eff2f80e76d9100a5","createdAt":"2021-11-24T19:16:46.376Z","updatedAt":"2022-11-15T15:39:04.058Z","__v":0},{"itemId":"587663685","astroStatus":"SUCCESS","astroDescription":"FC_DELIVERY ORDER CREATED","orderType":"FC_DELIVERY","storeId":"32144","orderNumber":100000078053752,"_id":"619e9040ff2f80e76d9100ae","createdAt":"2021-11-24T19:19:28.557Z","updatedAt":"2022-11-15T15:44:21.824Z","__v":0},{"itemId":"473698263","astroStatus":"SUCCESS","astroDescription":"FC_DELIVERY ORDER CREATED","orderType":"FC_DELIVERY","storeId":"32144","orderNumber":100000078053760,"_id":"619e905fff2f80e76d9100b3","createdAt":"2021-11-24T19:19:59.765Z","updatedAt":"2022-11-15T15:47:56.322Z","__v":0}]}'
2022-11-15 09:51:13.710 [DEBUG] [thread-id 1] - conditionally execute a flow. condition: false
2022-11-15 09:51:14.019 [DEBUG] [thread-id 1] - SUCCESSFUL item fetched from astro API.
2022-11-15 09:51:14.352 [DEBUG] [thread-id 1] - loop: over '[{"itemId":"595198706","astroStatus":"SUCCESS","astroDescription":"FC_DELIVERY ORDER CREATED","orderType":"FC_DELIVERY","storeId":"32144","orderNumber":100000078053748,"_id":"619e8f9eff2f80e76d9100a5","createdAt":"2021-11-24T19:16:46.376Z","updatedAt":"2022-11-15T15:39:04.058Z","__v":0},{"itemId":"587663685","astroStatus":"SUCCESS","astroDescription":"FC_DELIVERY ORDER CREATED","orderType":"FC_DELIVERY","storeId":"32144","orderNumber":100000078053752,"_id":"619e9040ff2f80e76d9100ae","createdAt":"2021-11-24T19:19:28.557Z","updatedAt":"2022-11-15T15:44:21.824Z","__v":0},{"itemId":"473698263","astroStatus":"SUCCESS","astroDescription":"FC_DELIVERY ORDER CREATED","orderType":"FC_DELIVERY","storeId":"32144","orderNumber":100000078053760,"_id":"619e905fff2f80e76d9100b3","createdAt":"2021-11-24T19:19:59.765Z","updatedAt":"2022-11-15T15:47:56.322Z","__v":0}]'
2022-11-15 09:51:14.659 [DEBUG] [thread-id 1] - Store in: store the value 'null' in the variable 'itemDetails'
2022-11-15 09:51:14.964 [DEBUG] [thread-id 1] - {"itemId":"595198706","astroStatus":"SUCCESS","astroDescription":"FC_DELIVERY ORDER CREATED","orderType":"FC_DELIVERY","storeId":"32144","orderNumber":100000078053748,"_id":"619e8f9eff2f80e76d9100a5","createdAt":"2021-11-24T19:16:46.376Z","updatedAt":"2022-11-15T15:39:04.058Z","__v":0}
2022-11-15 09:51:15.269 [DEBUG] [thread-id 1] - Store in: store the value '595198706' in the variable 'itemFetched'
2022-11-15 09:51:15.562 [DEBUG] [thread-id 1] - Store in: store the value 'SUCCESS' in the variable 'itemStatus'
2022-11-15 09:51:16.156 [DEBUG] [thread-id 1] - conditionally execute a flow. condition: true
2022-11-15 09:51:16.748 [DEBUG] [thread-id 1] - conditionally execute a flow. condition: false
2022-11-15 09:51:17.052 [DEBUG] [thread-id 1] - Checking item eligibility before proceeding
2022-11-15 09:51:17.052 [DEBUG] [thread-id 1] - Store in: store the value 'false' in the variable 'itemEligiblity'
2022-11-15 09:51:17.052 [DEBUG] [thread-id 1] - Store in: store the value 'false' in the variable 'ignoreItem'
2022-11-15 09:51:17.053 [DEBUG] [thread-id 1] - loop: over '["158353031","669597065","446886409", "803629599"]'
2022-11-15 09:51:18.246 [DEBUG] [thread-id 1] - conditionally execute a flow. condition: false
2022-11-15 09:51:18.531 [DEBUG] [thread-id 1] - conditionally execute a flow. condition: true
2022-11-15 09:51:19.095 [DEBUG] [thread-id 1] - Call API: 'http://astro.walmart.com/api/v2/teflon/itemHealthCheck?shippingNode=32144&orderType=FC_DELIVERY&itemId=595198706'
2022-11-15 09:51:28.180 [DEBUG] [thread-id 1] - Response code is: '200'. Response body is: '{"status":"OK","offerId":"C25F4B49800C4C4997C8E57ED0E0DFB6","eligibility":{"orderType":"FC_DELIVERY","shipNode":"32144","preferredDeliveryRoute":{"nodeType":"STORE","shipNode":"999932136","carrierType":"GROUND"},"isEligible":true}}'
2022-11-15 09:51:28.536 [DEBUG] [thread-id 1] - conditionally execute a flow. condition: true
2022-11-15 09:51:29.161 [DEBUG] [thread-id 1] - Stock available Item Id 595198706 for type FC_DELIVERY
2022-11-15 09:51:29.465 [DEBUG] [thread-id 1] - Store in: store the value 'false' in the variable 'skipForNext'
2022-11-15 09:51:29.764 [DEBUG] [thread-id 1] - Store in: store the value 'false' in the variable 'excludeFetchedItem'
2022-11-15 09:51:29.781 [DEBUG] [thread-id 1] - Store in: store the value 'null' in the variable 'storeId'
2022-11-15 09:51:29.781 [DEBUG] [thread-id 1] - Store in: store the value 'null' in the variable 'itemStatusHeader'
2022-11-15 09:51:29.781 [DEBUG] [thread-id 1] - Store in: store the value 'false' in the variable 'healthCheck'
2022-11-15 09:51:29.789 [DEBUG] [thread-id 1] - Store in: store the value 'null' in the variable 'backupItem'
2022-11-15 09:51:29.789 [DEBUG] [thread-id 1] - Store in: store the value 'null' in the variable 'source'
2022-11-15 09:51:29.789 [DEBUG] [thread-id 1] - Store in: store the value 'walmart://item/595198706' in the variable 'deeplinkURl'
2022-11-15 09:51:29.789 [DEBUG] [thread-id 1] - Item:595198706
2022-11-15 09:51:29.790 [DEBUG] [thread-id 1] - deeplinkURL:walmart://item/595198706
2022-11-15 09:51:29.790 [DEBUG] [thread-id 1] - Executing function: 'us.functions.global.navigation.goToDeepLink'
2022-11-15 09:51:29.790 [DEBUG] [thread-id 1] - Verify value of: '$deepLinkUrl'
2022-11-15 09:51:29.790 [DEBUG] [thread-id 1] - Open link: 'walmart://item/595198706'
2022-11-15 09:51:41.090 [DEBUG] [thread-id 1] - Store in: store the value 'false' in the variable 'errorRemoved'
2022-11-15 09:51:41.090 [DEBUG] [thread-id 1] - sleep:  10000 milliseconds
2022-11-15 09:51:51.092 [DEBUG] [thread-id 1] - loop: from 0 to 3
2022-11-15 09:51:51.887 [DEBUG] [thread-id 1] - 0
2022-11-15 09:52:03.535 [DEBUG] [thread-id 1] - conditionally execute a flow. condition: false
2022-11-15 09:52:04.300 [DEBUG] [thread-id 1] - Store in: store the value 'true' in the variable 'errorRemoved'
2022-11-15 09:52:05.071 [DEBUG] [thread-id 1] - No Technical Error Pop up observed
2022-11-15 09:52:05.852 [DEBUG] [thread-id 1] - Executing function: 'us.functions.item.addItemToCart'
2022-11-15 09:52:06.618 [DEBUG] [thread-id 1] - sleep:  2000 milliseconds
2022-11-15 09:52:13.655 [DEBUG] [thread-id 1] - Item wasn't Added initially, continuing with scenario
2022-11-15 09:52:14.246 [DEBUG] [thread-id 1] - conditionally execute a flow. condition: true
2022-11-15 09:52:14.993 [DEBUG] [thread-id 1] - ATC button present
2022-11-15 09:52:15.818 [DEBUG] [thread-id 1] - Click element: '(//XCUIElementTypeButton[@name="stepper.mainButton"])[1] | //XCUIElementTypeOther[@name="stepper.addToCartButton"] | (//XCUIElementTypeOther[contains(@name,"GlassStepperView.inner")]) | //XCUIElementTypeButton[@name="stepper.mainButton"]'
2022-11-15 09:52:16.181 [DEBUG] [thread-id 1] - sleep:  3000 milliseconds
2022-11-15 09:52:30.390 [DEBUG] [thread-id 1] - conditionally execute a flow. condition: false
2022-11-15 09:52:31.204 [DEBUG] [thread-id 1] - sleep:  5000 milliseconds
2022-11-15 09:52:47.483 [DEBUG] [thread-id 1] - sleep:  1000 milliseconds
2022-11-15 09:52:49.315 [WARN] [thread-id 1] - variable qty was used, but r2 could not find a value for this variable. returning default of null
2022-11-15 09:52:49.315 [WARN] [thread-id 1] - variable qty was used, but r2 could not find a value for this variable. returning default of null
2022-11-15 09:52:49.902 [DEBUG] [thread-id 1] - Verify identifier: {//XCUIElementTypeStaticText[@name="1 added"]| //XCUIElementTypeOther[@name="add-to-cart-button"] | //XCUIElementTypeStaticText[@label="null"] | Max 1=[true]}
2022-11-15 09:53:05.598 [DEBUG] [thread-id 1] - Click element: 'ItemDetailsViewController_itemDetailCloseButton'
2022-11-15 09:53:06.070 [DEBUG] [thread-id 1] - Verify identifier: {TitleView_productTitle=[true]}
2022-11-15 09:53:06.070 [DEBUG] [thread-id 1] - sleep:  3000 milliseconds
2022-11-15 09:53:09.076 [DEBUG] [thread-id 1] - Verify identifier: {Your cart is empty=[true]}
2022-11-15 09:53:09.077 [DEBUG] [thread-id 1] - Store in: store the value 'false' in the variable 'closeButtonNotDisplayed'
2022-11-15 09:53:09.078 [DEBUG] [thread-id 1] - Executing function: 'us.functions.utils.getSearchableItem'
2022-11-15 09:53:09.078 [DEBUG] [thread-id 1] - Store in: store the value 'null' in the variable 'itemFetched'
2022-11-15 09:53:09.078 [DEBUG] [thread-id 1] - Store in: store the value 'null' in the variable 'deeplinkURL'
2022-11-15 09:53:09.080 [DEBUG] [thread-id 1] - conditionally execute a flow. condition: false
2022-11-15 09:53:09.384 [DEBUG] [thread-id 1] - Item fetched by Astro API
2022-11-15 09:53:09.683 [DEBUG] [thread-id 1] - Fetching Item available in stock using Astro API for Item type MP_WFS_DELIVERY
2022-11-15 09:53:09.688 [DEBUG] [thread-id 1] - conditionally execute a flow. condition: true
2022-11-15 09:53:09.961 [DEBUG] [thread-id 1] - Store in: store the value '32144' in the variable 'storeId'
2022-11-15 09:53:09.968 [DEBUG] [thread-id 1] - conditionally execute a flow. condition: true
2022-11-15 09:53:10.264 [DEBUG] [thread-id 1] - Store in: store the value 'SUCCESS' in the variable 'itemStatusHeader'
2022-11-15 09:53:10.280 [DEBUG] [thread-id 1] - Store in: store the value 'null' in the variable 'itemDetails'
2022-11-15 09:53:10.561 [DEBUG] [thread-id 1] - Call API: 'http://astro.walmart.com/api/v3/teflon/internal/getItemHealth/32144/MP_WFS_DELIVERY'
2022-11-15 09:53:15.932 [DEBUG] [thread-id 1] - Response code is: '200'. Response body is: '{"astroStatus":"SUCCESS","astroDescription":"Item Health details found in itemHealth Collection","astroDetails":[{"itemId":"749435147","astroStatus":"SUCCESS","astroDescription":"MP_DELIVERY ORDER CREATED","orderType":"MP_WFS_DELIVERY","storeId":"32144","orderNumber":100000078053006,"_id":"61e8a66db08f4954590c93b6","createdAt":"2022-01-20T00:01:49.009Z","updatedAt":"2022-11-15T15:02:34.175Z","__v":0},{"itemId":"113749870","astroStatus":"SUCCESS","astroDescription":"MP_DELIVERY ORDER CREATED","orderType":"MP_WFS_DELIVERY","storeId":"32144","orderNumber":100000078053026,"_id":"61e8a686b08f4954590c93b7","createdAt":"2022-01-20T00:02:14.242Z","updatedAt":"2022-11-15T15:02:55.514Z","__v":0},{"itemId":"199364656","astroStatus":"SUCCESS","astroDescription":"MP_DELIVERY ORDER CREATED","orderType":"MP_WFS_DELIVERY","storeId":"32144","orderNumber":100000078053048,"_id":"61e8a6c4b08f4954590c93b8","createdAt":"2022-01-20T00:03:16.984Z","updatedAt":"2022-11-15T15:03:16.426Z","__v":0}]}'
2022-11-15 09:53:16.280 [DEBUG] [thread-id 1] - conditionally execute a flow. condition: false
2022-11-15 09:53:16.584 [DEBUG] [thread-id 1] - SUCCESSFUL item fetched from astro API.
2022-11-15 09:53:16.894 [DEBUG] [thread-id 1] - loop: over '[{"itemId":"749435147","astroStatus":"SUCCESS","astroDescription":"MP_DELIVERY ORDER CREATED","orderType":"MP_WFS_DELIVERY","storeId":"32144","orderNumber":100000078053006,"_id":"61e8a66db08f4954590c93b6","createdAt":"2022-01-20T00:01:49.009Z","updatedAt":"2022-11-15T15:02:34.175Z","__v":0},{"itemId":"113749870","astroStatus":"SUCCESS","astroDescription":"MP_DELIVERY ORDER CREATED","orderType":"MP_WFS_DELIVERY","storeId":"32144","orderNumber":100000078053026,"_id":"61e8a686b08f4954590c93b7","createdAt":"2022-01-20T00:02:14.242Z","updatedAt":"2022-11-15T15:02:55.514Z","__v":0},{"itemId":"199364656","astroStatus":"SUCCESS","astroDescription":"MP_DELIVERY ORDER CREATED","orderType":"MP_WFS_DELIVERY","storeId":"32144","orderNumber":100000078053048,"_id":"61e8a6c4b08f4954590c93b8","createdAt":"2022-01-20T00:03:16.984Z","updatedAt":"2022-11-15T15:03:16.426Z","__v":0}]'
2022-11-15 09:53:17.200 [DEBUG] [thread-id 1] - Store in: store the value 'null' in the variable 'itemDetails'
2022-11-15 09:53:17.522 [DEBUG] [thread-id 1] - {"itemId":"749435147","astroStatus":"SUCCESS","astroDescription":"MP_DELIVERY ORDER CREATED","orderType":"MP_WFS_DELIVERY","storeId":"32144","orderNumber":100000078053006,"_id":"61e8a66db08f4954590c93b6","createdAt":"2022-01-20T00:01:49.009Z","updatedAt":"2022-11-15T15:02:34.175Z","__v":0}
2022-11-15 09:53:17.825 [DEBUG] [thread-id 1] - Store in: store the value '749435147' in the variable 'itemFetched'
2022-11-15 09:53:18.131 [DEBUG] [thread-id 1] - Store in: store the value 'SUCCESS' in the variable 'itemStatus'
2022-11-15 09:53:18.769 [DEBUG] [thread-id 1] - conditionally execute a flow. condition: true
2022-11-15 09:53:19.372 [DEBUG] [thread-id 1] - conditionally execute a flow. condition: false
2022-11-15 09:53:19.662 [DEBUG] [thread-id 1] - Checking item eligibility before proceeding
2022-11-15 09:53:19.663 [DEBUG] [thread-id 1] - Store in: store the value 'false' in the variable 'itemEligiblity'
2022-11-15 09:53:19.663 [DEBUG] [thread-id 1] - Store in: store the value 'false' in the variable 'ignoreItem'
2022-11-15 09:53:19.666 [DEBUG] [thread-id 1] - loop: over '["158353031","669597065","446886409", "803629599"]'
2022-11-15 09:53:20.945 [DEBUG] [thread-id 1] - conditionally execute a flow. condition: false
2022-11-15 09:53:21.261 [DEBUG] [thread-id 1] - conditionally execute a flow. condition: false
2022-11-15 09:53:21.576 [DEBUG] [thread-id 1] - Skipping item eligibility check
2022-11-15 09:53:21.916 [DEBUG] [thread-id 1] - Store in: store the value 'true' in the variable 'itemEligiblity'
2022-11-15 09:53:22.256 [DEBUG] [thread-id 1] - conditionally execute a flow. condition: true
2022-11-15 09:53:22.907 [DEBUG] [thread-id 1] - Stock available Item Id 749435147 for type MP_WFS_DELIVERY
2022-11-15 09:53:23.219 [DEBUG] [thread-id 1] - Store in: store the value 'false' in the variable 'skipForNext'
2022-11-15 09:53:23.554 [DEBUG] [thread-id 1] - Store in: store the value 'false' in the variable 'excludeFetchedItem'
2022-11-15 09:53:23.567 [DEBUG] [thread-id 1] - Store in: store the value 'null' in the variable 'storeId'
2022-11-15 09:53:23.567 [DEBUG] [thread-id 1] - Store in: store the value 'null' in the variable 'itemStatusHeader'
2022-11-15 09:53:23.567 [DEBUG] [thread-id 1] - Store in: store the value 'false' in the variable 'healthCheck'
2022-11-15 09:53:23.574 [DEBUG] [thread-id 1] - Store in: store the value 'null' in the variable 'backupItem'
2022-11-15 09:53:23.575 [DEBUG] [thread-id 1] - Store in: store the value 'null' in the variable 'source'
2022-11-15 09:53:23.576 [DEBUG] [thread-id 1] - Store in: store the value 'walmart://item/749435147' in the variable 'deeplinkURl'
2022-11-15 09:53:23.576 [DEBUG] [thread-id 1] - Item:749435147
2022-11-15 09:53:23.576 [DEBUG] [thread-id 1] - deeplinkURL:walmart://item/749435147
2022-11-15 09:53:23.577 [DEBUG] [thread-id 1] - Executing function: 'us.functions.global.navigation.goToDeepLink'
2022-11-15 09:53:23.577 [DEBUG] [thread-id 1] - Verify value of: '$deepLinkUrl'
2022-11-15 09:53:23.578 [DEBUG] [thread-id 1] - Open link: 'walmart://item/749435147'
2022-11-15 09:53:47.959 [DEBUG] [thread-id 1] - Store in: store the value 'false' in the variable 'errorRemoved'
2022-11-15 09:53:47.967 [DEBUG] [thread-id 1] - sleep:  10000 milliseconds
2022-11-15 09:53:57.973 [DEBUG] [thread-id 1] - loop: from 0 to 3
2022-11-15 09:53:58.977 [DEBUG] [thread-id 1] - 0
2022-11-15 09:54:10.324 [DEBUG] [thread-id 1] - conditionally execute a flow. condition: false
2022-11-15 09:54:11.288 [DEBUG] [thread-id 1] - Store in: store the value 'true' in the variable 'errorRemoved'
2022-11-15 09:54:12.271 [DEBUG] [thread-id 1] - No Technical Error Pop up observed
2022-11-15 09:54:13.246 [DEBUG] [thread-id 1] - Executing function: 'us.functions.item.addItemToCart'
2022-11-15 09:54:14.218 [DEBUG] [thread-id 1] - sleep:  2000 milliseconds
2022-11-15 09:54:20.842 [DEBUG] [thread-id 1] - Item wasn't Added initially, continuing with scenario
2022-11-15 09:54:21.610 [DEBUG] [thread-id 1] - conditionally execute a flow. condition: true
2022-11-15 09:54:22.567 [DEBUG] [thread-id 1] - ATC button present
2022-11-15 09:54:23.467 [DEBUG] [thread-id 1] - Click element: '(//XCUIElementTypeButton[@name="stepper.mainButton"])[1] | //XCUIElementTypeOther[@name="stepper.addToCartButton"] | (//XCUIElementTypeOther[contains(@name,"GlassStepperView.inner")]) | //XCUIElementTypeButton[@name="stepper.mainButton"]'
2022-11-15 09:54:23.906 [DEBUG] [thread-id 1] - sleep:  3000 milliseconds
2022-11-15 09:54:37.486 [DEBUG] [thread-id 1] - conditionally execute a flow. condition: false
2022-11-15 09:54:38.492 [DEBUG] [thread-id 1] - sleep:  5000 milliseconds
2022-11-15 09:54:55.020 [DEBUG] [thread-id 1] - sleep:  1000 milliseconds
2022-11-15 09:54:57.059 [WARN] [thread-id 1] - variable qty was used, but r2 could not find a value for this variable. returning default of null
2022-11-15 09:54:57.060 [WARN] [thread-id 1] - variable qty was used, but r2 could not find a value for this variable. returning default of null
2022-11-15 09:54:57.843 [DEBUG] [thread-id 1] - Verify identifier: {//XCUIElementTypeStaticText[@name="1 added"]| //XCUIElementTypeOther[@name="add-to-cart-button"] | //XCUIElementTypeStaticText[@label="null"] | Max 1=[true]}
2022-11-15 09:55:13.664 [DEBUG] [thread-id 1] - Click element: 'ItemDetailsViewController_itemDetailCloseButton'
2022-11-15 09:55:14.252 [DEBUG] [thread-id 1] - Verify identifier: {TitleView_productTitle=[true]}
2022-11-15 09:55:14.253 [DEBUG] [thread-id 1] - sleep:  3000 milliseconds
2022-11-15 09:55:17.255 [DEBUG] [thread-id 1] - Verify identifier: {Your cart is empty=[true]}
2022-11-15 09:55:17.255 [DEBUG] [thread-id 1] - Store in: store the value 'false' in the variable 'closeButtonNotDisplayed'
2022-11-15 09:55:17.257 [DEBUG] [thread-id 1] - Executing function: 'us.functions.global.navigation.goToDeepLink'
2022-11-15 09:55:17.258 [DEBUG] [thread-id 1] - Verify value of: '$deepLinkUrl'
2022-11-15 09:55:17.258 [DEBUG] [thread-id 1] - Open link: 'walmart://ip/22471997'
2022-11-15 09:55:29.903 [DEBUG] [thread-id 1] - Store in: store the value 'false' in the variable 'errorRemoved'
2022-11-15 09:55:29.907 [DEBUG] [thread-id 1] - sleep:  10000 milliseconds
2022-11-15 09:55:39.913 [DEBUG] [thread-id 1] - loop: from 0 to 3
2022-11-15 09:55:40.549 [DEBUG] [thread-id 1] - 0
2022-11-15 09:55:52.160 [DEBUG] [thread-id 1] - conditionally execute a flow. condition: false
2022-11-15 09:55:52.812 [DEBUG] [thread-id 1] - Store in: store the value 'true' in the variable 'errorRemoved'
2022-11-15 09:55:53.490 [DEBUG] [thread-id 1] - No Technical Error Pop up observed
2022-11-15 09:55:54.139 [DEBUG] [thread-id 1] - Executing function: 'us.functions.item.addItemToCart'
2022-11-15 09:55:54.775 [DEBUG] [thread-id 1] - sleep:  2000 milliseconds
2022-11-15 09:56:00.649 [DEBUG] [thread-id 1] - Item wasn't Added initially, continuing with scenario
2022-11-15 09:56:10.701 [DEBUG] [thread-id 1] - conditionally execute a flow. condition: false
2022-11-15 09:56:22.949 [DEBUG] [thread-id 1] - Main failed: DATA_FAILURE - teflon ADD TO CART button not displayed
2022-11-15 09:56:23.625 [DEBUG] [thread-id 1] - Executing scenario: 'After'
2022-11-15 09:56:23.640 [DEBUG] [thread-id 1] - Executing function: 'us.functions.utils.afterSteps'
2022-11-15 09:56:23.647 [WARN] [thread-id 1] - variable testStatus was used, but r2 could not find a value for this variable. returning default of null
2022-11-15 09:56:23.649 [DEBUG] [thread-id 1] - conditionally execute a flow. condition: false
2022-11-15 09:56:24.272 [DEBUG] [thread-id 1] - Test failed
2022-11-15 09:56:24.896 [DEBUG] [thread-id 1] - Executing function: 'us.functions.utils.closeErrorAlertIfExists'
2022-11-15 09:56:45.294 [DEBUG] [thread-id 1] - Created report: /Users/m0k0a2f/glass-automation/report/index.html
