2023-01-19 10:06:54.187 [DEBUG] [thread-id 1] - Executing R2 3.30.0: '/Users/m0k0a2f/glass-automation/./us/test/test-scripts/ios/golden-flows/PetRx-flows/C2666399-PetRX-multi-fulfilment-Shipping-mixed-order.yaml' on device: 'iPhone 13'
2023-01-19 10:07:36.435 [DEBUG] [thread-id 1] - Created report: /Users/m0k0a2f/glass-automation/report/index.html
2023-01-19 10:36:11.640 [DEBUG] [thread-id 1] - Executing R2 3.30.0: '/Users/m0k0a2f/glass-automation/./us/test/test-scripts/ios/golden-flows/PetRx-flows/C2666399-PetRX-multi-fulfilment-Shipping-mixed-order.yaml' on device: 'iPhone 13'
2023-01-19 10:36:43.056 [DEBUG] [thread-id 1] - Created report: /Users/m0k0a2f/glass-automation/report/index.html
2023-01-19 12:05:44.377 [DEBUG] [thread-id 1] - Executing R2 3.30.0: '/Users/m0k0a2f/glass-automation/./us/test/test-scripts/ios/golden-flows/PetRx-flows/C2666399-PetRX-multi-fulfilment-Shipping-mixed-order.yaml' on device: 'iPhone 13'
2023-01-19 12:07:20.048 [DEBUG] [thread-id 1] - Executing scenario: 'Before'
2023-01-19 12:07:20.053 [DEBUG] [thread-id 1] - Execute before steps
2023-01-19 12:07:20.056 [DEBUG] [thread-id 1] - R2_SUBFLOW_PRE_TRANSACTION
2023-01-19 12:07:20.059 [DEBUG] [thread-id 1] - Executing function: 'us.functions.utils.astro.clearCart'
2023-01-19 12:07:20.169 [DEBUG] [thread-id 1] - Call API: 'http://astro.walmart.com/api/v2/teflon/customer/walpandroid@gmail.com/clearcart'
2023-01-19 12:07:33.322 [DEBUG] [thread-id 1] - Response code is: '404'. Response body is: '{"astroStatus":"FAIL","astroDescription":"CART_NOT_CLEARED","astroDetails":{"statusCode":500,"cart_correlation_id":"6abcc302-37b8-45ea-9d38-0827468aae26","errors":{"statusCode":"500","error":"Timeout error from IRO Service.","message":"Timeout error from IRO.","validation":{"source":"PAYLOAD","keys":["offerId"]},"errorIdentifiers":[],"pangaeaErrors":["500.CART_SERVICE.IRO.DOWNSTREAM.TIMEOUT.100"],"leanMode":true,"cartLeanMode":{"id":"dfa60841-80d9-4e2d-85a9-ca6aedf04778","customerId":"958647ca-1069-4bb6-9770-9c628979f279","items":[{"id":"d9c7d608-4d03-45fa-9e36-7e60be7213ec","offerId":"D34CC8A40CA54C4CB9F4C3353721DF1D","name":"Item added at 02 28 AM 01 19 2023 UTC","quantity":1},{"id":"ce525f2b-31b8-45f4-8a4b-a8e5e59bc37d","offerId":"24E2A27B3C154CC3893E3091CAC0111C","name":"T-shirt Pants Outfits Set","quantity":1},{"id":"0173af9f-100b-4f4e-864a-70a256d05363","offerId":"175B8F0529284A0282DCAB4654AEC444","name":"Remedy 20 inch Top Memory Foam Mattress with Cover - Queen","quantity":1}]}}}}'
2023-01-19 12:07:33.326 [INFO] [thread-id 1] - Expected '200' but got '404'. retrying...
2023-01-19 12:07:35.345 [INFO] [thread-id 1] - Call API: 'http://astro.walmart.com/api/v2/teflon/customer/walpandroid@gmail.com/clearcart'
2023-01-19 12:07:48.279 [DEBUG] [thread-id 1] - Response code is: '404'. Response body is: '{"astroStatus":"FAIL","astroDescription":"CART_NOT_CLEARED","astroDetails":{"statusCode":500,"cart_correlation_id":"3092e2b4-3992-4e04-9947-26695adf86fb","errors":{"statusCode":"500","error":"Timeout error from IRO Service.","message":"Timeout error from IRO.","validation":{"source":"PAYLOAD","keys":["offerId"]},"errorIdentifiers":[],"pangaeaErrors":["500.CART_SERVICE.IRO.DOWNSTREAM.TIMEOUT.100"],"leanMode":true,"cartLeanMode":{"id":"dfa60841-80d9-4e2d-85a9-ca6aedf04778","customerId":"958647ca-1069-4bb6-9770-9c628979f279","items":[{"id":"d9c7d608-4d03-45fa-9e36-7e60be7213ec","offerId":"D34CC8A40CA54C4CB9F4C3353721DF1D","name":"Item added at 02 28 AM 01 19 2023 UTC","quantity":1},{"id":"ce525f2b-31b8-45f4-8a4b-a8e5e59bc37d","offerId":"24E2A27B3C154CC3893E3091CAC0111C","name":"T-shirt Pants Outfits Set","quantity":1},{"id":"0173af9f-100b-4f4e-864a-70a256d05363","offerId":"175B8F0529284A0282DCAB4654AEC444","name":"Remedy 20 inch Top Memory Foam Mattress with Cover - Queen","quantity":1}]}}}}'
2023-01-19 12:07:48.282 [INFO] [thread-id 1] - Expected '200' but got '404'. retrying...
2023-01-19 12:07:50.291 [INFO] [thread-id 1] - Call API: 'http://astro.walmart.com/api/v2/teflon/customer/walpandroid@gmail.com/clearcart'
2023-01-19 12:08:03.142 [DEBUG] [thread-id 1] - Response code is: '404'. Response body is: '{"astroStatus":"FAIL","astroDescription":"CART_NOT_CLEARED","astroDetails":{"statusCode":500,"cart_correlation_id":"77f59f07-8572-4c89-b023-a9ce54cbaa0a","errors":{"statusCode":"500","error":"Timeout error from IRO Service.","message":"Timeout error from IRO.","validation":{"source":"PAYLOAD","keys":["offerId"]},"errorIdentifiers":[],"pangaeaErrors":["500.CART_SERVICE.IRO.DOWNSTREAM.TIMEOUT.100"],"leanMode":true,"cartLeanMode":{"id":"dfa60841-80d9-4e2d-85a9-ca6aedf04778","customerId":"958647ca-1069-4bb6-9770-9c628979f279","items":[{"id":"d9c7d608-4d03-45fa-9e36-7e60be7213ec","offerId":"D34CC8A40CA54C4CB9F4C3353721DF1D","name":"Item added at 02 28 AM 01 19 2023 UTC","quantity":1},{"id":"ce525f2b-31b8-45f4-8a4b-a8e5e59bc37d","offerId":"24E2A27B3C154CC3893E3091CAC0111C","name":"T-shirt Pants Outfits Set","quantity":1},{"id":"0173af9f-100b-4f4e-864a-70a256d05363","offerId":"175B8F0529284A0282DCAB4654AEC444","name":"Remedy 20 inch Top Memory Foam Mattress with Cover - Queen","quantity":1}]}}}}'
2023-01-19 12:08:03.144 [INFO] [thread-id 1] - Expected '200' but got '404'. retrying...
2023-01-19 12:08:05.151 [INFO] [thread-id 1] - Call API: 'http://astro.walmart.com/api/v2/teflon/customer/walpandroid@gmail.com/clearcart'
2023-01-19 12:08:18.210 [DEBUG] [thread-id 1] - Response code is: '404'. Response body is: '{"astroStatus":"FAIL","astroDescription":"CART_NOT_CLEARED","astroDetails":{"statusCode":500,"cart_correlation_id":"19deef67-e5b4-4fc2-9795-d6e94cbde5db","errors":{"statusCode":"500","error":"Timeout error from IRO Service.","message":"Timeout error from IRO.","validation":{"source":"PAYLOAD","keys":["offerId"]},"errorIdentifiers":[],"pangaeaErrors":["500.CART_SERVICE.IRO.DOWNSTREAM.TIMEOUT.100"],"leanMode":true,"cartLeanMode":{"id":"dfa60841-80d9-4e2d-85a9-ca6aedf04778","customerId":"958647ca-1069-4bb6-9770-9c628979f279","items":[{"id":"d9c7d608-4d03-45fa-9e36-7e60be7213ec","offerId":"D34CC8A40CA54C4CB9F4C3353721DF1D","name":"Item added at 02 28 AM 01 19 2023 UTC","quantity":1},{"id":"ce525f2b-31b8-45f4-8a4b-a8e5e59bc37d","offerId":"24E2A27B3C154CC3893E3091CAC0111C","name":"T-shirt Pants Outfits Set","quantity":1},{"id":"0173af9f-100b-4f4e-864a-70a256d05363","offerId":"175B8F0529284A0282DCAB4654AEC444","name":"Remedy 20 inch Top Memory Foam Mattress with Cover - Queen","quantity":1}]}}}}'
2023-01-19 12:08:18.210 [INFO] [thread-id 1] - Expected '200' but got '404'. retrying...
2023-01-19 12:08:20.213 [INFO] [thread-id 1] - Call API: 'http://astro.walmart.com/api/v2/teflon/customer/walpandroid@gmail.com/clearcart'
2023-01-19 12:08:33.143 [DEBUG] [thread-id 1] - Response code is: '404'. Response body is: '{"astroStatus":"FAIL","astroDescription":"CART_NOT_CLEARED","astroDetails":{"statusCode":500,"cart_correlation_id":"854dfd78-fbf4-403c-8799-3cfcc172062a","errors":{"statusCode":"500","error":"Timeout error from IRO Service.","message":"Timeout error from IRO.","validation":{"source":"PAYLOAD","keys":["offerId"]},"errorIdentifiers":[],"pangaeaErrors":["500.CART_SERVICE.IRO.DOWNSTREAM.TIMEOUT.100"],"leanMode":true,"cartLeanMode":{"id":"dfa60841-80d9-4e2d-85a9-ca6aedf04778","customerId":"958647ca-1069-4bb6-9770-9c628979f279","items":[{"id":"d9c7d608-4d03-45fa-9e36-7e60be7213ec","offerId":"D34CC8A40CA54C4CB9F4C3353721DF1D","name":"Item added at 02 28 AM 01 19 2023 UTC","quantity":1},{"id":"ce525f2b-31b8-45f4-8a4b-a8e5e59bc37d","offerId":"24E2A27B3C154CC3893E3091CAC0111C","name":"T-shirt Pants Outfits Set","quantity":1},{"id":"0173af9f-100b-4f4e-864a-70a256d05363","offerId":"175B8F0529284A0282DCAB4654AEC444","name":"Remedy 20 inch Top Memory Foam Mattress with Cover - Queen","quantity":1}]}}}}'
2023-01-19 12:08:33.150 [INFO] [thread-id 1] - Expected '200' but got '404'. retrying...
2023-01-19 12:08:35.156 [INFO] [thread-id 1] - Call API: 'http://astro.walmart.com/api/v2/teflon/customer/walpandroid@gmail.com/clearcart'
2023-01-19 12:08:48.095 [DEBUG] [thread-id 1] - Response code is: '404'. Response body is: '{"astroStatus":"FAIL","astroDescription":"CART_NOT_CLEARED","astroDetails":{"statusCode":500,"cart_correlation_id":"dc9df273-49c7-4ddb-a4b9-a75726a04b26","errors":{"statusCode":"500","error":"Timeout error from IRO Service.","message":"Timeout error from IRO.","validation":{"source":"PAYLOAD","keys":["offerId"]},"errorIdentifiers":[],"pangaeaErrors":["500.CART_SERVICE.IRO.DOWNSTREAM.TIMEOUT.100"],"leanMode":true,"cartLeanMode":{"id":"dfa60841-80d9-4e2d-85a9-ca6aedf04778","customerId":"958647ca-1069-4bb6-9770-9c628979f279","items":[{"id":"d9c7d608-4d03-45fa-9e36-7e60be7213ec","offerId":"D34CC8A40CA54C4CB9F4C3353721DF1D","name":"Item added at 02 28 AM 01 19 2023 UTC","quantity":1},{"id":"ce525f2b-31b8-45f4-8a4b-a8e5e59bc37d","offerId":"24E2A27B3C154CC3893E3091CAC0111C","name":"T-shirt Pants Outfits Set","quantity":1},{"id":"0173af9f-100b-4f4e-864a-70a256d05363","offerId":"175B8F0529284A0282DCAB4654AEC444","name":"Remedy 20 inch Top Memory Foam Mattress with Cover - Queen","quantity":1}]}}}}'
2023-01-19 12:08:48.243 [WARN] [thread-id 1] - variable clearCartStatus was used, but r2 could not find a value for this variable. returning default of null
2023-01-19 12:08:48.277 [DEBUG] [thread-id 1] - conditionally execute a flow. condition: true
2023-01-19 12:08:51.843 [DEBUG] [thread-id 1] - Before failed: API_FAILURE - ASTRO - Cart not cleared
2023-01-19 12:08:51.969 [DEBUG] [thread-id 1] - Executing scenario: 'After'
2023-01-19 12:08:51.972 [DEBUG] [thread-id 1] - Executing function: 'us.functions.utils.afterSteps'
2023-01-19 12:08:51.983 [WARN] [thread-id 1] - variable testStatus was used, but r2 could not find a value for this variable. returning default of null
2023-01-19 12:08:51.989 [DEBUG] [thread-id 1] - conditionally execute a flow. condition: false
2023-01-19 12:08:52.083 [DEBUG] [thread-id 1] - Test failed
2023-01-19 12:08:52.173 [DEBUG] [thread-id 1] - Executing function: 'us.functions.utils.closeErrorAlertIfExists'
2023-01-19 12:09:10.254 [DEBUG] [thread-id 1] - Created report: /Users/m0k0a2f/glass-automation/report/index.html
2023-01-19 13:03:03.899 [DEBUG] [thread-id 1] - Executing R2 3.30.0: '/Users/m0k0a2f/glass-automation/./us/test/test-scripts/ios/golden-flows/PetRx-flows/C2666399-PetRX-multi-fulfilment-Shipping-mixed-order.yaml' on device: 'iPhone 13'
2023-01-19 13:03:45.795 [DEBUG] [thread-id 1] - Executing scenario: 'Before'
2023-01-19 13:03:45.802 [DEBUG] [thread-id 1] - Execute before steps
2023-01-19 13:03:45.804 [DEBUG] [thread-id 1] - R2_SUBFLOW_PRE_TRANSACTION
2023-01-19 13:03:45.807 [DEBUG] [thread-id 1] - Executing function: 'us.functions.utils.astro.clearCart'
2023-01-19 13:03:45.923 [DEBUG] [thread-id 1] - Call API: 'http://astro.walmart.com/api/v2/teflon/customer/walpandroid@gmail.com/clearcart'
2023-01-19 13:03:58.551 [DEBUG] [thread-id 1] - Response code is: '200'. Response body is: '{"astroStatus":"SUCCESS","astroDescription":"CART_CLEARED","astroDetails":{"dbSessionMap":{"CXO_CART_ST":"{\"mtoken\":\"2:14#158097587#2=169786370#8=86103649\"}"},"checkoutable":false,"cart":{"id":"dfa60841-80d9-4e2d-85a9-ca6aedf04778","buyer":{"id":"958647ca-1069-4bb6-9770-9c628979f279","type":"CUSTOMER"},"storeIds":[],"itemCount":0,"entityErrors":[],"shipping":{"id":"06ea49e3-58a3-4154-be02-22a0fbc6bc15","dbLockVersion":0,"dbSessionMap":{},"dbLockMap":{},"postalCode":"95122","city":"San Jose","state":"CA","countryCode":"USA","latitude":37.606689,"longitude":-122.426362,"isPOBox":false,"isAPOFPO":false},"currencyCode":"USD","preview":false,"tenantId":0,"verticalId":0,"checkoutableErrors":[],"intent":"PICKUP","pickupStore":{"city":"San Jose","stateOrProvinceCode":"CA","countryCode":"USA","postalCode":"95122","storeId":"32144","services":[]},"deliveryStore":{"city":"San Jose","stateOrProvinceCode":"CA","countryCode":"USA","postalCode":"95122","storeId":"32144","services":[]},"fulfillmentPlans":[],"accessPoints":[{"id":"f681d48a-7be4-43ea-8e10-229a1f00db37","name":"32144 - Home Delivery","storeId":32144,"fulfillmentType":"DELIVERY","fulfillmentOption":"DELIVERY","supportedTimeZone":"US/Pacific","locationInstruction":"[{\"type\":\"CHECKIN_DEFAULT\",\"value\":\"<div> <p> In order to protect the safety of our customers & associates, we've temporarily moved to a no-contact pickup in store process. </p> <br /> <br /><b>Please bring your government-issued ID</b><br /> <ol> <li>Check in with the app to let us know you're on the way.</li> <li> Park in a designated pickup spot, stay in your vehicle and keep your windows rolled up. </li> <li> A Walmart associate will request access to your trunk or back seat, then they'll load your order. </li> <li>You're all set! The associate will sign for the order.</li> </ol> </div>\"},{\"type\":\"EMAIL_DEFAULT\",\"value\":\"<div> <p> In order to protect the safety of our customers & associates, we've temporarily moved to a no-contact pickup in store process. </p> <br /> <br /><b>Please bring your government-issued ID</b><br /> <ol> <li>Check in with the app to let us know you're on the way.</li> <li> Park in a designated pickup spot, stay in your vehicle and keep your windows rolled up. </li> <li> A Walmart associate will request access to your trunk or back seat, then they'll load your order. </li> <li>You're all set! The associate will sign for the order.</li> </ol> </div>\"}]","isStoreEbtEligible":false,"allowAlcohol":false,"restrictions":[],"accessType":"DELIVERY_ADDRESS","storeCategory":"Supercenter","nodeType":"STORE","allowBagFee":true,"isBagFeeMandatory":false,"address":{"postalCode":"95122","addressLineOne":"777 Story Rd","city":"San Jose","state":"CA","addressTypeName":"OFFICE","isPOBox":false,"countryCode":"USA"}},{"id":"6168c2e3-fc36-4827-98e6-d717d10af1d6","name":"Walmart San Jose Store #32144","storeId":32144,"fulfillmentType":"INSTORE_PICKUP","fulfillmentOption":"PICKUP","supportedTimeZone":"US/Pacific","locationInstruction":"[{\"type\":\"CHECKIN_DEFAULT\",\"value\":\"<div> <p> In order to protect the safety of our customers & associates, we've temporarily moved to a no-contact pickup in store process or curbside. </p> <br /> <br /><b>Please bring your government-issued ID</b><br /> <ol> <li>Check in with the app to let us know you're on the way.</li> <li> Park in a designated pickup spot, stay in your vehicle and keep your windows rolled up. </li> <li> A Walmart associate will request access to your trunk or back seat, then they'll load your order. </li> <li>You're all set! The associate will sign for the order.</li> </ol> </div>\"},{\"type\":\"EMAIL_DEFAULT\",\"value\":\"NA\"},{\"type\":\"CHECKIN_1\",\"value\":\"Next, tell us when you’ve parked. Park by the pickup sign and enter your parking info so we can find you faster.\"}]","isStoreEbtEligible":true,"allowAlcohol":true,"restrictions":[],"accessType":"PICKUP_CURBSIDE","storeCategory":"Supercenter","nodeType":"STORE","allowBagFee":true,"isBagFeeMandatory":false,"address":{"postalCode":"95122","addressLineOne":"777 Story Rd","city":"San Jose","state":"CA","addressTypeName":"OFFICE","isPOBox":false,"countryCode":"USA"}}],"reservations":[],"isExplicitIntent":false,"hasGiftEligibleItem":false,"warnings":[],"restrictions":[]},"isOmniPromiseResponse":true}}'
2023-01-19 13:03:58.706 [DEBUG] [thread-id 1] - Cart cleared for walpandroid@gmail.com
2023-01-19 13:03:58.816 [DEBUG] [thread-id 1] - Using us-errors-helpers.yaml
2023-01-19 13:03:58.914 [DEBUG] [thread-id 1] - Start Main
2023-01-19 13:03:58.917 [DEBUG] [thread-id 1] - Executing function: 'us.functions.global.onboarding.navigateOnboardingToHome'
2023-01-19 13:03:58.918 [DEBUG] [thread-id 1] - Executing function: 'us.function.utils.getEnvironmentValue'
2023-01-19 13:03:58.923 [DEBUG] [thread-id 1] - Store in: store the value 'teflon' in the variable 'env'
2023-01-19 13:03:59.067 [DEBUG] [thread-id 1] - Verify identifier: {//XCUIElementTypeStaticText[@name="WelcomeViewController.titleLabel"] | //XCUIElementTypeStaticText[@name="SignUpNudgeWelcomeViewController.titleLabel"]=[true]}
2023-01-19 13:04:09.130 [DEBUG] [thread-id 1] - conditionally execute a flow. condition: false
2023-01-19 13:04:09.336 [DEBUG] [thread-id 1] - Click element: '//XCUIElementTypeStaticText[@name="Continue"] | //XCUIElementTypeStaticText[@name="Next"] | //XCUIElementTypeStaticText[@name="Continue as guest"]'
2023-01-19 13:04:10.282 [DEBUG] [thread-id 1] - Verify identifier: {NotificationPermissionViewController.titleLabel=[true]}
2023-01-19 13:04:10.424 [DEBUG] [thread-id 1] - Click element: '//XCUIElementTypeStaticText[@name="Not now"] | //XCUIElementTypeButton[@name="cta.cancel.notifications"]'
2023-01-19 13:04:10.734 [DEBUG] [thread-id 1] - Verify identifier: {Share your location=[true]}
2023-01-19 13:04:10.778 [DEBUG] [thread-id 1] - Click element: 'Enter zip code'
2023-01-19 13:04:21.032 [DEBUG] [thread-id 1] - conditionally execute a flow. condition: false
2023-01-19 13:04:21.131 [DEBUG] [thread-id 1] - Observed personalizedScreen
2023-01-19 13:04:21.233 [DEBUG] [thread-id 1] - conditionally execute a flow. condition: true
2023-01-19 13:04:21.378 [DEBUG] [thread-id 1] - Click element: 'Continue'
2023-01-19 13:05:05.455 [DEBUG] [thread-id 1] - Executing function: 'us.functions.utils.tryAgainWhenThereIsError'
2023-01-19 13:05:05.467 [DEBUG] [thread-id 1] - loop: from 0 to 2
2023-01-19 13:05:07.003 [DEBUG] [thread-id 1] - 0
2023-01-19 13:05:19.252 [DEBUG] [thread-id 1] - conditionally execute a flow. condition: false
2023-01-19 13:05:20.797 [DEBUG] [thread-id 1] - Executing function: 'us.functions.onboarding.handleTechnicalErrorPage'
2023-01-19 13:05:20.797 [DEBUG] [thread-id 1] - sleep:  5000 milliseconds
2023-01-19 13:05:25.822 [DEBUG] [thread-id 1] - loop: from 0 to 4
2023-01-19 13:05:27.341 [DEBUG] [thread-id 1] - 0
2023-01-19 13:05:40.021 [DEBUG] [thread-id 1] - conditionally execute a flow. condition: false
2023-01-19 13:05:41.532 [DEBUG] [thread-id 1] - No Technical Error Page observed
2023-01-19 13:05:43.057 [DEBUG] [thread-id 1] - Executing function: 'us.functions.gic.collapseIfExpanded'
2023-01-19 13:05:53.757 [DEBUG] [thread-id 1] - conditionally execute a flow. condition: false
2023-01-19 13:05:55.288 [DEBUG] [thread-id 1] - gic is collapsed
2023-01-19 13:05:55.318 [DEBUG] [thread-id 1] - Executing function: 'us.functions.home.navigateHomeToSignIn'
2023-01-19 13:06:17.324 [DEBUG] [thread-id 1] - Main failed: Cannot click 'Account'
2023-01-19 13:06:18.874 [DEBUG] [thread-id 1] - Executing scenario: 'After'
2023-01-19 13:06:18.887 [DEBUG] [thread-id 1] - Executing function: 'us.functions.utils.afterSteps'
2023-01-19 13:06:18.897 [WARN] [thread-id 1] - variable testStatus was used, but r2 could not find a value for this variable. returning default of null
2023-01-19 13:06:18.940 [DEBUG] [thread-id 1] - conditionally execute a flow. condition: false
2023-01-19 13:06:20.472 [DEBUG] [thread-id 1] - Test failed
2023-01-19 13:06:21.998 [DEBUG] [thread-id 1] - Executing function: 'us.functions.utils.closeErrorAlertIfExists'
2023-01-19 13:06:40.951 [DEBUG] [thread-id 1] - Created report: /Users/m0k0a2f/glass-automation/report/index.html
2023-01-19 13:11:34.128 [DEBUG] [thread-id 1] - Executing R2 3.30.0: '/Users/m0k0a2f/glass-automation/./us/test/test-scripts/ios/golden-flows/PetRx-flows/C2666399-PetRX-multi-fulfilment-Shipping-mixed-order.yaml' on device: 'iPhone 13'
2023-01-19 13:12:15.164 [DEBUG] [thread-id 1] - Executing scenario: 'Before'
2023-01-19 13:12:15.170 [DEBUG] [thread-id 1] - Execute before steps
2023-01-19 13:12:15.172 [DEBUG] [thread-id 1] - R2_SUBFLOW_PRE_TRANSACTION
2023-01-19 13:12:15.175 [DEBUG] [thread-id 1] - Executing function: 'us.functions.utils.astro.clearCart'
2023-01-19 13:12:15.291 [DEBUG] [thread-id 1] - Call API: 'http://astro.walmart.com/api/v2/teflon/customer/walpandroid@gmail.com/clearcart'
2023-01-19 13:12:27.912 [DEBUG] [thread-id 1] - Response code is: '200'. Response body is: '{"astroStatus":"SUCCESS","astroDescription":"CART_CLEARED","astroDetails":{"dbSessionMap":{"CXO_CART_ST":"{\"mtoken\":\"2:14#158101420#2=169790918#8=86108194\"}"},"checkoutable":false,"cart":{"id":"dfa60841-80d9-4e2d-85a9-ca6aedf04778","buyer":{"id":"958647ca-1069-4bb6-9770-9c628979f279","type":"CUSTOMER"},"storeIds":[],"itemCount":0,"entityErrors":[],"shipping":{"id":"37ea09a2-93c3-480b-8c92-74628bc7f6b2","dbLockVersion":0,"dbSessionMap":{},"dbLockMap":{},"postalCode":"95122","city":"San Jose","state":"CA","countryCode":"USA","latitude":37.606689,"longitude":-122.426362,"isPOBox":false,"isAPOFPO":false},"currencyCode":"USD","preview":false,"tenantId":0,"verticalId":0,"checkoutableErrors":[],"intent":"PICKUP","pickupStore":{"city":"San Jose","stateOrProvinceCode":"CA","countryCode":"USA","postalCode":"95122","storeId":"32144","services":[]},"deliveryStore":{"city":"San Jose","stateOrProvinceCode":"CA","countryCode":"USA","postalCode":"95122","storeId":"32144","services":[]},"fulfillmentPlans":[],"accessPoints":[{"id":"f681d48a-7be4-43ea-8e10-229a1f00db37","name":"32144 - Home Delivery","storeId":32144,"fulfillmentType":"DELIVERY","fulfillmentOption":"DELIVERY","supportedTimeZone":"US/Pacific","locationInstruction":"[{\"type\":\"CHECKIN_DEFAULT\",\"value\":\"<div> <p> In order to protect the safety of our customers & associates, we've temporarily moved to a no-contact pickup in store process. </p> <br /> <br /><b>Please bring your government-issued ID</b><br /> <ol> <li>Check in with the app to let us know you're on the way.</li> <li> Park in a designated pickup spot, stay in your vehicle and keep your windows rolled up. </li> <li> A Walmart associate will request access to your trunk or back seat, then they'll load your order. </li> <li>You're all set! The associate will sign for the order.</li> </ol> </div>\"},{\"type\":\"EMAIL_DEFAULT\",\"value\":\"<div> <p> In order to protect the safety of our customers & associates, we've temporarily moved to a no-contact pickup in store process. </p> <br /> <br /><b>Please bring your government-issued ID</b><br /> <ol> <li>Check in with the app to let us know you're on the way.</li> <li> Park in a designated pickup spot, stay in your vehicle and keep your windows rolled up. </li> <li> A Walmart associate will request access to your trunk or back seat, then they'll load your order. </li> <li>You're all set! The associate will sign for the order.</li> </ol> </div>\"}]","isStoreEbtEligible":false,"allowAlcohol":false,"restrictions":[],"accessType":"DELIVERY_ADDRESS","storeCategory":"Supercenter","nodeType":"STORE","allowBagFee":true,"isBagFeeMandatory":false,"address":{"postalCode":"95122","addressLineOne":"777 Story Rd","city":"San Jose","state":"CA","addressTypeName":"OFFICE","isPOBox":false,"countryCode":"USA"}},{"id":"6168c2e3-fc36-4827-98e6-d717d10af1d6","name":"Walmart San Jose Store #32144","storeId":32144,"fulfillmentType":"INSTORE_PICKUP","fulfillmentOption":"PICKUP","supportedTimeZone":"US/Pacific","locationInstruction":"[{\"type\":\"CHECKIN_DEFAULT\",\"value\":\"<div> <p> In order to protect the safety of our customers & associates, we've temporarily moved to a no-contact pickup in store process or curbside. </p> <br /> <br /><b>Please bring your government-issued ID</b><br /> <ol> <li>Check in with the app to let us know you're on the way.</li> <li> Park in a designated pickup spot, stay in your vehicle and keep your windows rolled up. </li> <li> A Walmart associate will request access to your trunk or back seat, then they'll load your order. </li> <li>You're all set! The associate will sign for the order.</li> </ol> </div>\"},{\"type\":\"EMAIL_DEFAULT\",\"value\":\"NA\"},{\"type\":\"CHECKIN_1\",\"value\":\"Next, tell us when you’ve parked. Park by the pickup sign and enter your parking info so we can find you faster.\"}]","isStoreEbtEligible":true,"allowAlcohol":true,"restrictions":[],"accessType":"PICKUP_CURBSIDE","storeCategory":"Supercenter","nodeType":"STORE","allowBagFee":true,"isBagFeeMandatory":false,"address":{"postalCode":"95122","addressLineOne":"777 Story Rd","city":"San Jose","state":"CA","addressTypeName":"OFFICE","isPOBox":false,"countryCode":"USA"}}],"reservations":[],"isExplicitIntent":false,"hasGiftEligibleItem":false,"warnings":[],"restrictions":[]},"isOmniPromiseResponse":true}}'
2023-01-19 13:12:28.055 [DEBUG] [thread-id 1] - Cart cleared for walpandroid@gmail.com
2023-01-19 13:12:28.161 [DEBUG] [thread-id 1] - Using us-errors-helpers.yaml
2023-01-19 13:12:28.261 [DEBUG] [thread-id 1] - Start Main
2023-01-19 13:12:28.265 [DEBUG] [thread-id 1] - Executing function: 'us.functions.global.onboarding.navigateOnboardingToHome'
2023-01-19 13:12:28.269 [DEBUG] [thread-id 1] - Executing function: 'us.function.utils.getEnvironmentValue'
2023-01-19 13:12:28.276 [DEBUG] [thread-id 1] - Store in: store the value 'teflon' in the variable 'env'
2023-01-19 13:12:28.423 [DEBUG] [thread-id 1] - Verify identifier: {//XCUIElementTypeStaticText[@name="WelcomeViewController.titleLabel"] | //XCUIElementTypeStaticText[@name="SignUpNudgeWelcomeViewController.titleLabel"]=[true]}
2023-01-19 13:12:38.482 [DEBUG] [thread-id 1] - conditionally execute a flow. condition: false
2023-01-19 13:12:38.681 [DEBUG] [thread-id 1] - Click element: '//XCUIElementTypeStaticText[@name="Continue"] | //XCUIElementTypeStaticText[@name="Next"] | //XCUIElementTypeStaticText[@name="Continue as guest"]'
2023-01-19 13:12:39.494 [DEBUG] [thread-id 1] - Verify identifier: {NotificationPermissionViewController.titleLabel=[true]}
2023-01-19 13:12:39.624 [DEBUG] [thread-id 1] - Click element: '//XCUIElementTypeStaticText[@name="Not now"] | //XCUIElementTypeButton[@name="cta.cancel.notifications"]'
2023-01-19 13:12:39.946 [DEBUG] [thread-id 1] - Verify identifier: {Share your location=[true]}
2023-01-19 13:12:39.985 [DEBUG] [thread-id 1] - Click element: 'Enter zip code'
2023-01-19 13:12:50.172 [DEBUG] [thread-id 1] - conditionally execute a flow. condition: false
2023-01-19 13:12:50.265 [DEBUG] [thread-id 1] - Observed personalizedScreen
2023-01-19 13:12:50.370 [DEBUG] [thread-id 1] - conditionally execute a flow. condition: true
2023-01-19 13:12:50.500 [DEBUG] [thread-id 1] - Click element: 'Continue'
2023-01-19 13:13:34.534 [DEBUG] [thread-id 1] - Executing function: 'us.functions.utils.tryAgainWhenThereIsError'
2023-01-19 13:13:34.555 [DEBUG] [thread-id 1] - loop: from 0 to 2
2023-01-19 13:13:36.118 [DEBUG] [thread-id 1] - 0
2023-01-19 13:13:48.514 [DEBUG] [thread-id 1] - conditionally execute a flow. condition: false
2023-01-19 13:13:50.098 [DEBUG] [thread-id 1] - Executing function: 'us.functions.onboarding.handleTechnicalErrorPage'
2023-01-19 13:13:50.100 [DEBUG] [thread-id 1] - sleep:  5000 milliseconds
2023-01-19 13:13:55.124 [DEBUG] [thread-id 1] - loop: from 0 to 4
2023-01-19 13:13:56.715 [DEBUG] [thread-id 1] - 0
2023-01-19 13:14:10.007 [DEBUG] [thread-id 1] - conditionally execute a flow. condition: false
2023-01-19 13:14:11.565 [DEBUG] [thread-id 1] - No Technical Error Page observed
2023-01-19 13:14:13.144 [DEBUG] [thread-id 1] - Executing function: 'us.functions.gic.collapseIfExpanded'
2023-01-19 13:14:24.165 [DEBUG] [thread-id 1] - conditionally execute a flow. condition: false
2023-01-19 13:14:25.728 [DEBUG] [thread-id 1] - gic is collapsed
2023-01-19 13:14:25.753 [DEBUG] [thread-id 1] - Executing function: 'us.functions.home.navigateHomeToSignIn'
2023-01-19 13:14:46.938 [DEBUG] [thread-id 1] - Main failed: Cannot click 'Account'
2023-01-19 13:14:48.485 [DEBUG] [thread-id 1] - Executing scenario: 'After'
2023-01-19 13:14:48.494 [DEBUG] [thread-id 1] - Executing function: 'us.functions.utils.afterSteps'
2023-01-19 13:14:48.501 [WARN] [thread-id 1] - variable testStatus was used, but r2 could not find a value for this variable. returning default of null
2023-01-19 13:14:48.542 [DEBUG] [thread-id 1] - conditionally execute a flow. condition: false
2023-01-19 13:14:50.115 [DEBUG] [thread-id 1] - Test failed
2023-01-19 13:14:51.731 [DEBUG] [thread-id 1] - Executing function: 'us.functions.utils.closeErrorAlertIfExists'
2023-01-19 13:15:12.682 [DEBUG] [thread-id 1] - Created report: /Users/m0k0a2f/glass-automation/report/index.html
2023-01-19 13:19:33.790 [DEBUG] [thread-id 1] - Executing R2 3.30.0: '/Users/m0k0a2f/glass-automation/./us/test/test-scripts/ios/golden-flows/PetRx-flows/C2666399-PetRX-multi-fulfilment-Shipping-mixed-order.yaml' on device: 'iPhone 13'
2023-01-19 13:20:14.853 [DEBUG] [thread-id 1] - Executing scenario: 'Before'
2023-01-19 13:20:14.860 [DEBUG] [thread-id 1] - Execute before steps
2023-01-19 13:20:14.862 [DEBUG] [thread-id 1] - R2_SUBFLOW_PRE_TRANSACTION
2023-01-19 13:20:14.865 [DEBUG] [thread-id 1] - Executing function: 'us.functions.utils.astro.clearCart'
2023-01-19 13:20:14.973 [DEBUG] [thread-id 1] - Call API: 'http://astro.walmart.com/api/v2/teflon/customer/walpandroid@gmail.com/clearcart'
2023-01-19 13:20:27.651 [DEBUG] [thread-id 1] - Response code is: '200'. Response body is: '{"astroStatus":"SUCCESS","astroDescription":"CART_CLEARED","astroDetails":{"dbSessionMap":{"CXO_CART_ST":"{\"mtoken\":\"2:14#158108253#2=169798883#8=86117738\"}"},"checkoutable":false,"cart":{"id":"dfa60841-80d9-4e2d-85a9-ca6aedf04778","buyer":{"id":"958647ca-1069-4bb6-9770-9c628979f279","type":"CUSTOMER"},"storeIds":[],"itemCount":0,"entityErrors":[],"shipping":{"id":"70d42827-1137-4a9a-b4c8-7f7e69d0c703","dbLockVersion":0,"dbSessionMap":{},"dbLockMap":{},"postalCode":"95122","city":"San Jose","state":"CA","countryCode":"USA","latitude":37.606689,"longitude":-122.426362,"isPOBox":false,"isAPOFPO":false},"currencyCode":"USD","preview":false,"tenantId":0,"verticalId":0,"checkoutableErrors":[],"intent":"PICKUP","pickupStore":{"city":"San Jose","stateOrProvinceCode":"CA","countryCode":"USA","postalCode":"95122","storeId":"32144","services":[]},"deliveryStore":{"city":"San Jose","stateOrProvinceCode":"CA","countryCode":"USA","postalCode":"95122","storeId":"32144","services":[]},"fulfillmentPlans":[],"accessPoints":[{"id":"f681d48a-7be4-43ea-8e10-229a1f00db37","name":"32144 - Home Delivery","storeId":32144,"fulfillmentType":"DELIVERY","fulfillmentOption":"DELIVERY","supportedTimeZone":"US/Pacific","locationInstruction":"[{\"type\":\"CHECKIN_DEFAULT\",\"value\":\"<div> <p> In order to protect the safety of our customers & associates, we've temporarily moved to a no-contact pickup in store process. </p> <br /> <br /><b>Please bring your government-issued ID</b><br /> <ol> <li>Check in with the app to let us know you're on the way.</li> <li> Park in a designated pickup spot, stay in your vehicle and keep your windows rolled up. </li> <li> A Walmart associate will request access to your trunk or back seat, then they'll load your order. </li> <li>You're all set! The associate will sign for the order.</li> </ol> </div>\"},{\"type\":\"EMAIL_DEFAULT\",\"value\":\"<div> <p> In order to protect the safety of our customers & associates, we've temporarily moved to a no-contact pickup in store process. </p> <br /> <br /><b>Please bring your government-issued ID</b><br /> <ol> <li>Check in with the app to let us know you're on the way.</li> <li> Park in a designated pickup spot, stay in your vehicle and keep your windows rolled up. </li> <li> A Walmart associate will request access to your trunk or back seat, then they'll load your order. </li> <li>You're all set! The associate will sign for the order.</li> </ol> </div>\"}]","isStoreEbtEligible":false,"allowAlcohol":false,"restrictions":[],"accessType":"DELIVERY_ADDRESS","storeCategory":"Supercenter","nodeType":"STORE","allowBagFee":true,"isBagFeeMandatory":false,"address":{"postalCode":"95122","addressLineOne":"777 Story Rd","city":"San Jose","state":"CA","addressTypeName":"OFFICE","isPOBox":false,"countryCode":"USA"}},{"id":"6168c2e3-fc36-4827-98e6-d717d10af1d6","name":"Walmart San Jose Store #32144","storeId":32144,"fulfillmentType":"INSTORE_PICKUP","fulfillmentOption":"PICKUP","supportedTimeZone":"US/Pacific","locationInstruction":"[{\"type\":\"CHECKIN_DEFAULT\",\"value\":\"<div> <p> In order to protect the safety of our customers & associates, we've temporarily moved to a no-contact pickup in store process or curbside. </p> <br /> <br /><b>Please bring your government-issued ID</b><br /> <ol> <li>Check in with the app to let us know you're on the way.</li> <li> Park in a designated pickup spot, stay in your vehicle and keep your windows rolled up. </li> <li> A Walmart associate will request access to your trunk or back seat, then they'll load your order. </li> <li>You're all set! The associate will sign for the order.</li> </ol> </div>\"},{\"type\":\"EMAIL_DEFAULT\",\"value\":\"NA\"},{\"type\":\"CHECKIN_1\",\"value\":\"Next, tell us when you’ve parked. Park by the pickup sign and enter your parking info so we can find you faster.\"}]","isStoreEbtEligible":true,"allowAlcohol":true,"restrictions":[],"accessType":"PICKUP_CURBSIDE","storeCategory":"Supercenter","nodeType":"STORE","allowBagFee":true,"isBagFeeMandatory":false,"address":{"postalCode":"95122","addressLineOne":"777 Story Rd","city":"San Jose","state":"CA","addressTypeName":"OFFICE","isPOBox":false,"countryCode":"USA"}}],"reservations":[],"isExplicitIntent":false,"hasGiftEligibleItem":false,"warnings":[],"restrictions":[]},"isOmniPromiseResponse":true}}'
2023-01-19 13:20:27.798 [DEBUG] [thread-id 1] - Cart cleared for walpandroid@gmail.com
2023-01-19 13:20:27.903 [DEBUG] [thread-id 1] - Using us-errors-helpers.yaml
2023-01-19 13:20:27.998 [DEBUG] [thread-id 1] - Start Main
2023-01-19 13:20:28.003 [DEBUG] [thread-id 1] - Executing function: 'us.functions.global.onboarding.navigateOnboardingToHome'
2023-01-19 13:20:28.006 [DEBUG] [thread-id 1] - Executing function: 'us.function.utils.getEnvironmentValue'
2023-01-19 13:20:28.013 [DEBUG] [thread-id 1] - Store in: store the value 'teflon' in the variable 'env'
2023-01-19 13:20:28.149 [DEBUG] [thread-id 1] - Verify identifier: {//XCUIElementTypeStaticText[@name="WelcomeViewController.titleLabel"] | //XCUIElementTypeStaticText[@name="SignUpNudgeWelcomeViewController.titleLabel"]=[true]}
2023-01-19 13:20:38.208 [DEBUG] [thread-id 1] - conditionally execute a flow. condition: false
2023-01-19 13:20:38.411 [DEBUG] [thread-id 1] - Click element: '//XCUIElementTypeStaticText[@name="Continue"] | //XCUIElementTypeStaticText[@name="Next"] | //XCUIElementTypeStaticText[@name="Continue as guest"]'
2023-01-19 13:20:39.328 [DEBUG] [thread-id 1] - Verify identifier: {NotificationPermissionViewController.titleLabel=[true]}
2023-01-19 13:20:39.466 [DEBUG] [thread-id 1] - Click element: '//XCUIElementTypeStaticText[@name="Not now"] | //XCUIElementTypeButton[@name="cta.cancel.notifications"]'
2023-01-19 13:20:39.790 [DEBUG] [thread-id 1] - Verify identifier: {Share your location=[true]}
2023-01-19 13:20:39.832 [DEBUG] [thread-id 1] - Click element: 'Enter zip code'
2023-01-19 13:20:50.088 [DEBUG] [thread-id 1] - conditionally execute a flow. condition: false
2023-01-19 13:20:50.200 [DEBUG] [thread-id 1] - Observed personalizedScreen
2023-01-19 13:20:50.301 [DEBUG] [thread-id 1] - conditionally execute a flow. condition: true
2023-01-19 13:20:50.435 [DEBUG] [thread-id 1] - Click element: 'Continue'
2023-01-19 13:21:00.920 [DEBUG] [thread-id 1] - conditionally execute a flow. condition: true
2023-01-19 13:21:11.145 [DEBUG] [thread-id 1] - conditionally execute a flow. condition: true
2023-01-19 13:21:11.295 [DEBUG] [thread-id 1] - Click element: 'Continue'
2023-01-19 13:21:12.790 [DEBUG] [thread-id 1] - conditionally execute a flow. condition: true
2023-01-19 13:21:14.054 [DEBUG] [thread-id 1] - Click element: 'Allow'
2023-01-19 13:21:45.653 [DEBUG] [thread-id 1] - Executing function: 'us.functions.utils.tryAgainWhenThereIsError'
2023-01-19 13:21:45.676 [DEBUG] [thread-id 1] - loop: from 0 to 2
2023-01-19 13:21:45.848 [DEBUG] [thread-id 1] - 0
2023-01-19 13:21:56.206 [DEBUG] [thread-id 1] - conditionally execute a flow. condition: false
2023-01-19 13:21:56.373 [DEBUG] [thread-id 1] - Executing function: 'us.functions.onboarding.handleTechnicalErrorPage'
2023-01-19 13:21:56.373 [DEBUG] [thread-id 1] - sleep:  5000 milliseconds
2023-01-19 13:22:01.384 [DEBUG] [thread-id 1] - loop: from 0 to 4
2023-01-19 13:22:01.562 [DEBUG] [thread-id 1] - 0
2023-01-19 13:22:12.060 [DEBUG] [thread-id 1] - conditionally execute a flow. condition: false
2023-01-19 13:22:12.227 [DEBUG] [thread-id 1] - No Technical Error Page observed
2023-01-19 13:22:12.398 [DEBUG] [thread-id 1] - Executing function: 'us.functions.gic.collapseIfExpanded'
2023-01-19 13:22:12.582 [DEBUG] [thread-id 1] - conditionally execute a flow. condition: true
2023-01-19 13:22:12.930 [DEBUG] [thread-id 1] - Click element: '//*[contains(@label,"Expanded")]'
2023-01-19 13:22:13.130 [DEBUG] [thread-id 1] - Executing function: 'us.functions.home.navigateHomeToSignIn'
2023-01-19 13:22:13.621 [DEBUG] [thread-id 1] - Click element: 'Account'
2023-01-19 13:22:13.908 [DEBUG] [thread-id 1] - sleep:  3000 milliseconds
2023-01-19 13:22:17.479 [DEBUG] [thread-id 1] - Verify identifier: {//XCUIElementTypeButton[@name="Account.SignInButton"] | //XCUIElementTypeButton[@name="HeaderView.loginButton"] | //XCUIElementTypeButton[@label="SignInYourAccountTableViewCell.signInButton"] | //XCUIElementTypeButton[@label="Sign in"] | //XCUIElementTypeButton[@label="Sign in or create an account"]=[true]}
2023-01-19 13:22:17.480 [DEBUG] [thread-id 1] - loop: from 1 to 3
2023-01-19 13:22:18.172 [DEBUG] [thread-id 1] - conditionally execute a flow. condition: true
2023-01-19 13:22:18.878 [DEBUG] [thread-id 1] - Click element: '//XCUIElementTypeButton[@name="Account.SignInButton"] | //XCUIElementTypeButton[@name="HeaderView.loginButton"] | //XCUIElementTypeButton[@label="SignInYourAccountTableViewCell.signInButton"] | //XCUIElementTypeButton[@label="Sign in"] | //XCUIElementTypeButton[@label="Sign in or create an account"]'
2023-01-19 13:22:19.729 [DEBUG] [thread-id 1] - sleep:  3000 milliseconds
2023-01-19 13:22:23.380 [DEBUG] [thread-id 1] - conditionally execute a flow. condition: true
2023-01-19 13:22:23.728 [DEBUG] [thread-id 1] - Store in: store the value 'true' in the variable 'signInValidated'
2023-01-19 13:22:24.129 [DEBUG] [thread-id 1] - conditionally execute a flow. condition: true
2023-01-19 13:22:24.484 [DEBUG] [thread-id 1] - SignIn page loaded
2023-01-19 13:22:24.865 [DEBUG] [thread-id 1] - Store in: store the value 'false' in the variable 'signInValidated'
2023-01-19 13:22:24.880 [DEBUG] [thread-id 1] - Executing function: 'us.functions.global.authentication.signInAccount'
2023-01-19 13:22:24.897 [WARN] [thread-id 1] - variable validateSignInPage was used, but r2 could not find a value for this variable. returning default of null
2023-01-19 13:22:24.914 [DEBUG] [thread-id 1] - Executing function: 'us.functions.global.authentication.dismissSelectSavedPasswordDialog'
2023-01-19 13:22:35.309 [DEBUG] [thread-id 1] - Verify identifier: {//XCUIElementTypeTextField=[true]}
2023-01-19 13:22:35.589 [DEBUG] [thread-id 1] - Enter text: 'walpandroid@gmail.com'
2023-01-19 13:22:41.170 [DEBUG] [thread-id 1] - conditionally execute a flow. condition: true
2023-01-19 13:22:42.353 [DEBUG] [thread-id 1] - loop: from 1 to 3
2023-01-19 13:22:43.466 [DEBUG] [thread-id 1] - sleep:  3000 milliseconds
2023-01-19 13:22:48.292 [DEBUG] [thread-id 1] - conditionally execute a flow. condition: true
2023-01-19 13:22:50.109 [DEBUG] [thread-id 1] - Click element: '//XCUIElementTypeButton[@name="SignInView.ctaButton" or @name="WelcomeView.ctaButton"]'
2023-01-19 13:22:52.221 [DEBUG] [thread-id 1] - conditionally execute a flow. condition: true
2023-01-19 13:22:53.372 [DEBUG] [thread-id 1] - Store in: store the value 'true' in the variable 'signInValidated'
2023-01-19 13:22:55.565 [DEBUG] [thread-id 1] - conditionally execute a flow. condition: true
2023-01-19 13:22:56.646 [DEBUG] [thread-id 1] - Store in: store the value 'false' in the variable 'signInValidated'
2023-01-19 13:22:57.727 [DEBUG] [thread-id 1] - Email entered
2023-01-19 13:22:57.754 [WARN] [thread-id 1] - variable validateSignInPage was used, but r2 could not find a value for this variable. returning default of null
2023-01-19 13:22:57.761 [DEBUG] [thread-id 1] - loop: from 1 to 3
2023-01-19 13:22:58.852 [DEBUG] [thread-id 1] - sleep:  2000 milliseconds
2023-01-19 13:23:02.340 [DEBUG] [thread-id 1] - conditionally execute a flow. condition: true
2023-01-19 13:23:03.840 [DEBUG] [thread-id 1] - Enter text: 'Testing@123'
2023-01-19 13:23:07.569 [DEBUG] [thread-id 1] - sleep:  1000 milliseconds
2023-01-19 13:23:10.487 [DEBUG] [thread-id 1] - Click element: '//XCUIElementTypeStaticText[@name="Sign in"] | //XCUIElementTypeButton[@label="Sign In" or @label="Sign in"] | //XCUIElementTypeButton[@name="OtpView.ctaButton"] | //XCUIElementTypeButton[@label="Sign in or create an account"]'
2023-01-19 13:23:11.964 [DEBUG] [thread-id 1] - sleep:  2000 milliseconds
2023-01-19 13:23:27.437 [DEBUG] [thread-id 1] - Hide keyboard: 'true'
2023-01-19 13:23:28.828 [DEBUG] [thread-id 1] - conditionally execute a flow. condition: true
2023-01-19 13:23:29.952 [DEBUG] [thread-id 1] - Store in: store the value 'true' in the variable 'signInValidated'
2023-01-19 13:23:31.075 [DEBUG] [thread-id 1] - conditionally execute a flow. condition: true
2023-01-19 13:23:32.168 [DEBUG] [thread-id 1] - Account signed in
2023-01-19 13:23:32.461 [DEBUG] [thread-id 1] - conditionally execute a flow. condition: true
2023-01-19 13:23:33.877 [DEBUG] [thread-id 1] - Click element: '//XCUIElementTypeButton[@name="Don’t Allow"] | //XCUIElementTypeButton[@name="Don’t Allow"]'
2023-01-19 13:23:34.516 [DEBUG] [thread-id 1] - Executing function: 'us.functions.utils.handleCartMergePopup'
2023-01-19 13:23:34.517 [DEBUG] [thread-id 1] - sleep:  7000 milliseconds
2023-01-19 13:23:41.531 [DEBUG] [thread-id 1] - loop: from 0 to 4
2023-01-19 13:23:42.444 [DEBUG] [thread-id 1] - 0
2023-01-19 13:23:53.349 [DEBUG] [thread-id 1] - conditionally execute a flow. condition: false
2023-01-19 13:23:54.120 [DEBUG] [thread-id 1] - No Technical Error Page observed
2023-01-19 13:23:54.910 [DEBUG] [thread-id 1] - Executing function: 'us.functions.global.navigation.accountToHome'
2023-01-19 13:23:55.626 [DEBUG] [thread-id 1] - Click element: '//XCUIElementTypeButton[@name="Shop"] |  //XCUIElementTypeButton[@name="Home"]'
2023-01-19 13:23:55.978 [DEBUG] [thread-id 1] - Executing function: 'us.functions.home.closeWPlusPromotionPopUpIfDisplayed'
2023-01-19 13:23:55.979 [DEBUG] [thread-id 1] - sleep:  5000 milliseconds
2023-01-19 13:24:11.614 [DEBUG] [thread-id 1] - Verify identifier: {//XCUIElementTypeSearchField[@name="Search Walmart"] | //XCUIElementTypeOther[@name="Search Walmart"]/XCUIElementTypeOther | //XCUIElementTypeOther[@name="Search Walmart"]=[true]}
2023-01-19 13:24:11.614 [DEBUG] [thread-id 1] - Executing function: 'us.functions.home.rateDriverPopup'
2023-01-19 13:24:11.617 [DEBUG] [thread-id 1] - loop: from 1 to 6
2023-01-19 13:24:12.084 [DEBUG] [thread-id 1] - 1
2023-01-19 13:24:22.908 [DEBUG] [thread-id 1] - conditionally execute a flow. condition: false
2023-01-19 13:24:23.371 [DEBUG] [thread-id 1] - Executing function: 'us.functions.home.setStore'
2023-01-19 13:24:23.407 [DEBUG] [thread-id 1] - Executing function: 'us.functions.utils.getSearchableItem'
2023-01-19 13:24:23.414 [DEBUG] [thread-id 1] - Store in: store the value 'null' in the variable 'itemFetched'
2023-01-19 13:24:23.419 [DEBUG] [thread-id 1] - Store in: store the value 'null' in the variable 'deeplinkURL'
2023-01-19 13:24:23.427 [DEBUG] [thread-id 1] - conditionally execute a flow. condition: false
2023-01-19 13:24:23.891 [DEBUG] [thread-id 1] - Item fetched by Astro API
2023-01-19 13:24:24.338 [DEBUG] [thread-id 1] - Executing function: 'us.functions.utils.fetchAstroAvailableItem'
2023-01-19 13:24:24.341 [DEBUG] [thread-id 1] - Fetching Item available in stock using Astro API for Item type FC_DELIVERY
2023-01-19 13:24:24.344 [WARN] [thread-id 1] - variable storeId was used, but r2 could not find a value for this variable. returning default of null
2023-01-19 13:24:24.360 [DEBUG] [thread-id 1] - conditionally execute a flow. condition: true
2023-01-19 13:24:24.816 [DEBUG] [thread-id 1] - Store in: store the value '32144' in the variable 'storeId'
2023-01-19 13:24:24.836 [WARN] [thread-id 1] - variable nextGen was used, but r2 could not find a value for this variable. returning default of null
2023-01-19 13:24:24.841 [WARN] [thread-id 1] - variable itemStatusHeader was used, but r2 could not find a value for this variable. returning default of null
2023-01-19 13:24:24.850 [DEBUG] [thread-id 1] - conditionally execute a flow. condition: true
2023-01-19 13:24:25.291 [DEBUG] [thread-id 1] - Store in: store the value 'SUCCESS' in the variable 'itemStatusHeader'
2023-01-19 13:24:25.310 [WARN] [thread-id 1] - variable itemFilter was used, but r2 could not find a value for this variable. returning default of null
2023-01-19 13:24:25.317 [DEBUG] [thread-id 1] - conditionally execute a flow. condition: false
2023-01-19 13:24:25.772 [DEBUG] [thread-id 1] - Store in: store the value 'http://astro.walmart.com/api/v3/teflon/internal/getItemHealth/32144/FC_DELIVERY' in the variable 'fetchURL'
2023-01-19 13:24:25.792 [DEBUG] [thread-id 1] - Store in: store the value 'null' in the variable 'itemDetails'
2023-01-19 13:24:26.228 [WARN] [thread-id 1] - variable version was used, but r2 could not find a value for this variable. returning default of null
2023-01-19 13:24:26.237 [DEBUG] [thread-id 1] - conditionally execute a flow. condition: false
2023-01-19 13:24:26.671 [DEBUG] [thread-id 1] - Old API
2023-01-19 13:24:27.120 [DEBUG] [thread-id 1] - Call API: 'http://astro.walmart.com/api/v3/teflon/internal/getItemHealth/32144/FC_DELIVERY'
2023-01-19 13:24:32.735 [DEBUG] [thread-id 1] - Response code is: '200'. Response body is: '{"astroStatus":"SUCCESS","astroDescription":"Item Health details found in itemHealth Collection","astroDetails":[{"itemId":"945213102","astroStatus":"SUCCESS","astroDescription":"FC_DELIVERY ORDER CREATED","orderType":"FC_DELIVERY","storeId":"32144","orderNumber":100000095321791,"_id":"619e898cf7efa49aed2a41e0","createdAt":"2021-11-24T18:50:52.843Z","updatedAt":"2023-01-19T21:00:53.722Z","__v":0},{"itemId":"816076989","astroStatus":"SUCCESS","astroDescription":"FC_DELIVERY ORDER CREATED","orderType":"FC_DELIVERY","storeId":"32144","orderNumber":100000095322021,"_id":"619e8f69ff2f80e76d91009e","createdAt":"2021-11-24T19:15:53.083Z","updatedAt":"2023-01-19T21:07:21.812Z","__v":0},{"itemId":"419971512","astroStatus":"SUCCESS","astroDescription":"FC_DELIVERY ORDER CREATED","orderType":"FC_DELIVERY","storeId":"32144","orderNumber":100000093053003,"_id":"619e8f81ff2f80e76d9100a2","createdAt":"2021-11-24T19:16:17.468Z","updatedAt":"2023-01-19T21:21:57.320Z","__v":0}]}'
2023-01-19 13:24:33.245 [DEBUG] [thread-id 1] - conditionally execute a flow. condition: false
2023-01-19 13:24:33.709 [DEBUG] [thread-id 1] - SUCCESSFUL item fetched from astro API.
2023-01-19 13:24:34.197 [DEBUG] [thread-id 1] - loop: over '[{"itemId":"945213102","astroStatus":"SUCCESS","astroDescription":"FC_DELIVERY ORDER CREATED","orderType":"FC_DELIVERY","storeId":"32144","orderNumber":100000095321791,"_id":"619e898cf7efa49aed2a41e0","createdAt":"2021-11-24T18:50:52.843Z","updatedAt":"2023-01-19T21:00:53.722Z","__v":0},{"itemId":"816076989","astroStatus":"SUCCESS","astroDescription":"FC_DELIVERY ORDER CREATED","orderType":"FC_DELIVERY","storeId":"32144","orderNumber":100000095322021,"_id":"619e8f69ff2f80e76d91009e","createdAt":"2021-11-24T19:15:53.083Z","updatedAt":"2023-01-19T21:07:21.812Z","__v":0},{"itemId":"419971512","astroStatus":"SUCCESS","astroDescription":"FC_DELIVERY ORDER CREATED","orderType":"FC_DELIVERY","storeId":"32144","orderNumber":100000093053003,"_id":"619e8f81ff2f80e76d9100a2","createdAt":"2021-11-24T19:16:17.468Z","updatedAt":"2023-01-19T21:21:57.320Z","__v":0}]'
2023-01-19 13:24:34.658 [DEBUG] [thread-id 1] - Store in: store the value 'null' in the variable 'itemDetails'
2023-01-19 13:24:35.117 [DEBUG] [thread-id 1] - {"itemId":"945213102","astroStatus":"SUCCESS","astroDescription":"FC_DELIVERY ORDER CREATED","orderType":"FC_DELIVERY","storeId":"32144","orderNumber":100000095321791,"_id":"619e898cf7efa49aed2a41e0","createdAt":"2021-11-24T18:50:52.843Z","updatedAt":"2023-01-19T21:00:53.722Z","__v":0}
2023-01-19 13:24:35.579 [DEBUG] [thread-id 1] - Store in: store the value '945213102' in the variable 'itemFetched'
2023-01-19 13:24:36.026 [DEBUG] [thread-id 1] - Store in: store the value 'SUCCESS' in the variable 'itemStatus'
2023-01-19 13:24:36.474 [WARN] [thread-id 1] - variable healthCheck was used, but r2 could not find a value for this variable. returning default of null
2023-01-19 13:24:36.923 [DEBUG] [thread-id 1] - conditionally execute a flow. condition: true
2023-01-19 13:24:37.359 [WARN] [thread-id 1] - variable skipForNext was used, but r2 could not find a value for this variable. returning default of null
2023-01-19 13:24:37.822 [WARN] [thread-id 1] - variable excludeFetchedItem was used, but r2 could not find a value for this variable. returning default of null
2023-01-19 13:24:37.823 [DEBUG] [thread-id 1] - conditionally execute a flow. condition: false
2023-01-19 13:24:38.261 [DEBUG] [thread-id 1] - Executing function: 'us.functions.utils.itemHealthCheck'
2023-01-19 13:24:38.263 [DEBUG] [thread-id 1] - Checking item eligibility before proceeding
2023-01-19 13:24:38.265 [DEBUG] [thread-id 1] - Store in: store the value 'false' in the variable 'itemEligiblity'
2023-01-19 13:24:38.268 [DEBUG] [thread-id 1] - Store in: store the value 'false' in the variable 'ignoreItem'
2023-01-19 13:24:38.271 [DEBUG] [thread-id 1] - loop: over '["158353031","669597065","446886409", "803629599", "888307914", "574523299"]'
2023-01-19 13:24:41.024 [DEBUG] [thread-id 1] - conditionally execute a flow. condition: false
2023-01-19 13:24:41.484 [DEBUG] [thread-id 1] - conditionally execute a flow. condition: true
2023-01-19 13:24:42.392 [DEBUG] [thread-id 1] - Call API: 'http://astro.walmart.com/api/v2/teflon/itemHealthCheck?shippingNode=32144&orderType=FC_DELIVERY&itemId=945213102'
2023-01-19 13:24:56.940 [DEBUG] [thread-id 1] - Response code is: '200'. Response body is: '{"status":"OK","offerId":"175B8F0529284A0282DCAB4654AEC444","eligibility":{"orderType":"FC_DELIVERY","shipNode":"32144","preferredDeliveryRoute":{"nodeType":"FC","shipNode":"2379","carrierType":"FREIGHT","xmlCarrierMethodCode":"43"},"isEligible":true},"appStatus":[{"app":"IRO","status":"OK","errors":[]},{"app":"IRORollUps","status":"OK","errors":[]},{"app":"OASIS","status":"OK","errors":[]},{"app":"IQS","status":"OK","errors":[]},{"app":"GBAS","status":"OK","errors":[]},{"app":"MCSE","status":"OK","errors":[]},{"app":"MCSEPromise","status":"OK","errors":[]}]}'
2023-01-19 13:24:57.485 [DEBUG] [thread-id 1] - conditionally execute a flow. condition: true
2023-01-19 13:24:58.370 [DEBUG] [thread-id 1] - Stock available Item Id 945213102 for type FC_DELIVERY
2023-01-19 13:24:58.808 [DEBUG] [thread-id 1] - Store in: store the value 'false' in the variable 'skipForNext'
2023-01-19 13:24:59.250 [DEBUG] [thread-id 1] - Store in: store the value 'false' in the variable 'excludeFetchedItem'
2023-01-19 13:24:59.260 [DEBUG] [thread-id 1] - Store in: store the value 'null' in the variable 'storeId'
2023-01-19 13:24:59.261 [DEBUG] [thread-id 1] - Store in: store the value 'null' in the variable 'itemStatusHeader'
2023-01-19 13:24:59.261 [DEBUG] [thread-id 1] - Store in: store the value 'false' in the variable 'healthCheck'
2023-01-19 13:24:59.263 [DEBUG] [thread-id 1] - Store in: store the value 'null' in the variable 'version'
2023-01-19 13:24:59.264 [DEBUG] [thread-id 1] - Store in: store the value 'null' in the variable 'itemFilter'
2023-01-19 13:24:59.275 [DEBUG] [thread-id 1] - Store in: store the value 'null' in the variable 'backupItem'
2023-01-19 13:24:59.275 [DEBUG] [thread-id 1] - Store in: store the value 'null' in the variable 'source'
2023-01-19 13:24:59.276 [DEBUG] [thread-id 1] - Store in: store the value 'walmart://item/945213102' in the variable 'deeplinkURl'
2023-01-19 13:24:59.276 [DEBUG] [thread-id 1] - Item:945213102
2023-01-19 13:24:59.276 [DEBUG] [thread-id 1] - deeplinkURL:walmart://item/945213102
2023-01-19 13:24:59.277 [DEBUG] [thread-id 1] - Executing function: 'us.functions.global.navigation.goToDeepLink'
2023-01-19 13:24:59.278 [DEBUG] [thread-id 1] - Verify value of: '$deepLinkUrl'
2023-01-19 13:24:59.279 [DEBUG] [thread-id 1] - Open link: 'walmart://item/945213102'
2023-01-19 13:25:00.194 [DEBUG] [thread-id 1] - Executing function: 'us.functions.global.navigation.openDeepLink'
2023-01-19 13:25:10.600 [DEBUG] [thread-id 1] - Executing function: 'us.functions.utils.handleTechnicalErrorPopup'
2023-01-19 13:25:10.601 [DEBUG] [thread-id 1] - Store in: store the value 'false' in the variable 'errorRemoved'
2023-01-19 13:25:10.601 [DEBUG] [thread-id 1] - sleep:  10000 milliseconds
2023-01-19 13:25:20.606 [DEBUG] [thread-id 1] - loop: from 0 to 3
2023-01-19 13:25:21.183 [DEBUG] [thread-id 1] - 0
2023-01-19 13:25:21.946 [DEBUG] [thread-id 1] - Main failed: Error found 'We're having technical issues, but we'll be back in a flash.'
2023-01-19 13:25:22.500 [DEBUG] [thread-id 1] - Executing scenario: 'After'
2023-01-19 13:25:22.509 [DEBUG] [thread-id 1] - Executing function: 'us.functions.utils.afterSteps'
2023-01-19 13:25:22.513 [WARN] [thread-id 1] - variable testStatus was used, but r2 could not find a value for this variable. returning default of null
2023-01-19 13:25:22.515 [DEBUG] [thread-id 1] - conditionally execute a flow. condition: false
2023-01-19 13:25:23.035 [DEBUG] [thread-id 1] - Test failed
2023-01-19 13:25:23.291 [DEBUG] [thread-id 1] - After failed: Error found 'We're having technical issues, but we'll be back in a flash.'
2023-01-19 13:25:31.490 [DEBUG] [thread-id 1] - Created report: /Users/m0k0a2f/glass-automation/report/index.html
2023-01-19 13:29:53.306 [DEBUG] [thread-id 1] - Executing R2 3.30.0: '/Users/m0k0a2f/glass-automation/./us/test/test-scripts/ios/golden-flows/PetRx-flows/C2666399-PetRX-multi-fulfilment-Shipping-mixed-order.yaml' on device: 'iPhone 13'
2023-01-19 13:30:34.217 [DEBUG] [thread-id 1] - Executing scenario: 'Before'
2023-01-19 13:30:34.223 [DEBUG] [thread-id 1] - Execute before steps
2023-01-19 13:30:34.224 [DEBUG] [thread-id 1] - R2_SUBFLOW_PRE_TRANSACTION
2023-01-19 13:30:34.227 [DEBUG] [thread-id 1] - Executing function: 'us.functions.utils.astro.clearCart'
2023-01-19 13:30:34.365 [DEBUG] [thread-id 1] - Call API: 'http://astro.walmart.com/api/v2/teflon/customer/walpandroid@gmail.com/clearcart'
2023-01-19 13:30:47.073 [DEBUG] [thread-id 1] - Response code is: '200'. Response body is: '{"astroStatus":"SUCCESS","astroDescription":"CART_CLEARED","astroDetails":{"dbSessionMap":{"CXO_CART_ST":"{\"mtoken\":\"2:14#158115123#2=169806691#8=86127460\"}"},"checkoutable":false,"cart":{"id":"dfa60841-80d9-4e2d-85a9-ca6aedf04778","buyer":{"id":"958647ca-1069-4bb6-9770-9c628979f279","type":"CUSTOMER"},"storeIds":[],"itemCount":0,"entityErrors":[],"shipping":{"id":"5a1367d1-f5d3-46b9-8fee-c8171f4a1d03","dbLockVersion":0,"dbSessionMap":{},"dbLockMap":{},"postalCode":"95122","city":"San Jose","state":"CA","countryCode":"USA","latitude":37.606689,"longitude":-122.426362,"isPOBox":false,"isAPOFPO":false},"currencyCode":"USD","preview":false,"tenantId":0,"verticalId":0,"checkoutableErrors":[],"intent":"PICKUP","pickupStore":{"city":"San Jose","stateOrProvinceCode":"CA","countryCode":"USA","postalCode":"95122","storeId":"32144","services":[]},"deliveryStore":{"city":"San Jose","stateOrProvinceCode":"CA","countryCode":"USA","postalCode":"95122","storeId":"32144","services":[]},"fulfillmentPlans":[],"accessPoints":[],"reservations":[],"isExplicitIntent":false,"hasGiftEligibleItem":false,"warnings":[],"restrictions":[]},"isOmniPromiseResponse":true}}'
2023-01-19 13:30:47.223 [DEBUG] [thread-id 1] - Cart cleared for walpandroid@gmail.com
2023-01-19 13:30:47.341 [DEBUG] [thread-id 1] - Using us-errors-helpers.yaml
2023-01-19 13:30:47.441 [DEBUG] [thread-id 1] - Start Main
2023-01-19 13:30:47.444 [DEBUG] [thread-id 1] - Executing function: 'us.functions.global.onboarding.navigateOnboardingToHome'
2023-01-19 13:30:47.447 [DEBUG] [thread-id 1] - Executing function: 'us.function.utils.getEnvironmentValue'
2023-01-19 13:30:47.454 [DEBUG] [thread-id 1] - Store in: store the value 'teflon' in the variable 'env'
2023-01-19 13:30:47.604 [DEBUG] [thread-id 1] - Verify identifier: {//XCUIElementTypeStaticText[@name="WelcomeViewController.titleLabel"] | //XCUIElementTypeStaticText[@name="SignUpNudgeWelcomeViewController.titleLabel"]=[true]}
2023-01-19 13:30:57.664 [DEBUG] [thread-id 1] - conditionally execute a flow. condition: false
2023-01-19 13:30:57.875 [DEBUG] [thread-id 1] - Click element: '//XCUIElementTypeStaticText[@name="Continue"] | //XCUIElementTypeStaticText[@name="Next"] | //XCUIElementTypeStaticText[@name="Continue as guest"]'
2023-01-19 13:30:58.732 [DEBUG] [thread-id 1] - Verify identifier: {NotificationPermissionViewController.titleLabel=[true]}
2023-01-19 13:30:58.872 [DEBUG] [thread-id 1] - Click element: '//XCUIElementTypeStaticText[@name="Not now"] | //XCUIElementTypeButton[@name="cta.cancel.notifications"]'
2023-01-19 13:30:59.203 [DEBUG] [thread-id 1] - Verify identifier: {Share your location=[true]}
2023-01-19 13:30:59.244 [DEBUG] [thread-id 1] - Click element: 'Enter zip code'
2023-01-19 13:31:09.508 [DEBUG] [thread-id 1] - conditionally execute a flow. condition: false
2023-01-19 13:31:09.607 [DEBUG] [thread-id 1] - Observed personalizedScreen
2023-01-19 13:31:09.718 [DEBUG] [thread-id 1] - conditionally execute a flow. condition: true
2023-01-19 13:31:09.847 [DEBUG] [thread-id 1] - Click element: 'Continue'
2023-01-19 13:31:22.419 [DEBUG] [thread-id 1] - conditionally execute a flow. condition: true
2023-01-19 13:31:32.635 [DEBUG] [thread-id 1] - conditionally execute a flow. condition: true
2023-01-19 13:31:32.773 [DEBUG] [thread-id 1] - Click element: 'Continue'
2023-01-19 13:31:34.310 [DEBUG] [thread-id 1] - conditionally execute a flow. condition: true
2023-01-19 13:31:35.595 [DEBUG] [thread-id 1] - Click element: 'Allow'
2023-01-19 13:32:07.345 [DEBUG] [thread-id 1] - Executing function: 'us.functions.utils.tryAgainWhenThereIsError'
2023-01-19 13:32:07.362 [DEBUG] [thread-id 1] - loop: from 0 to 2
2023-01-19 13:32:07.540 [DEBUG] [thread-id 1] - 0
2023-01-19 13:32:17.937 [DEBUG] [thread-id 1] - conditionally execute a flow. condition: false
2023-01-19 13:32:18.103 [DEBUG] [thread-id 1] - Executing function: 'us.functions.onboarding.handleTechnicalErrorPage'
2023-01-19 13:32:18.103 [DEBUG] [thread-id 1] - sleep:  5000 milliseconds
2023-01-19 13:32:23.122 [DEBUG] [thread-id 1] - loop: from 0 to 4
2023-01-19 13:32:23.325 [DEBUG] [thread-id 1] - 0
2023-01-19 13:32:33.655 [DEBUG] [thread-id 1] - conditionally execute a flow. condition: false
2023-01-19 13:32:33.819 [DEBUG] [thread-id 1] - No Technical Error Page observed
2023-01-19 13:32:33.999 [DEBUG] [thread-id 1] - Executing function: 'us.functions.gic.collapseIfExpanded'
2023-01-19 13:32:34.191 [DEBUG] [thread-id 1] - conditionally execute a flow. condition: true
2023-01-19 13:32:34.541 [DEBUG] [thread-id 1] - Click element: '//*[contains(@label,"Expanded")]'
2023-01-19 13:32:34.750 [DEBUG] [thread-id 1] - Executing function: 'us.functions.home.navigateHomeToSignIn'
2023-01-19 13:32:35.101 [DEBUG] [thread-id 1] - Click element: 'Account'
2023-01-19 13:32:35.381 [DEBUG] [thread-id 1] - sleep:  3000 milliseconds
2023-01-19 13:32:38.944 [DEBUG] [thread-id 1] - Verify identifier: {//XCUIElementTypeButton[@name="Account.SignInButton"] | //XCUIElementTypeButton[@name="HeaderView.loginButton"] | //XCUIElementTypeButton[@label="SignInYourAccountTableViewCell.signInButton"] | //XCUIElementTypeButton[@label="Sign in"] | //XCUIElementTypeButton[@label="Sign in or create an account"]=[true]}
2023-01-19 13:32:38.946 [DEBUG] [thread-id 1] - loop: from 1 to 3
2023-01-19 13:32:39.649 [DEBUG] [thread-id 1] - conditionally execute a flow. condition: true
2023-01-19 13:32:40.349 [DEBUG] [thread-id 1] - Click element: '//XCUIElementTypeButton[@name="Account.SignInButton"] | //XCUIElementTypeButton[@name="HeaderView.loginButton"] | //XCUIElementTypeButton[@label="SignInYourAccountTableViewCell.signInButton"] | //XCUIElementTypeButton[@label="Sign in"] | //XCUIElementTypeButton[@label="Sign in or create an account"]'
2023-01-19 13:32:41.285 [DEBUG] [thread-id 1] - sleep:  3000 milliseconds
2023-01-19 13:32:44.919 [DEBUG] [thread-id 1] - conditionally execute a flow. condition: true
2023-01-19 13:32:45.306 [DEBUG] [thread-id 1] - Store in: store the value 'true' in the variable 'signInValidated'
2023-01-19 13:32:45.741 [DEBUG] [thread-id 1] - conditionally execute a flow. condition: true
2023-01-19 13:32:46.094 [DEBUG] [thread-id 1] - SignIn page loaded
2023-01-19 13:32:46.439 [DEBUG] [thread-id 1] - Store in: store the value 'false' in the variable 'signInValidated'
2023-01-19 13:32:46.449 [DEBUG] [thread-id 1] - Executing function: 'us.functions.global.authentication.signInAccount'
2023-01-19 13:32:46.458 [WARN] [thread-id 1] - variable validateSignInPage was used, but r2 could not find a value for this variable. returning default of null
2023-01-19 13:32:46.467 [DEBUG] [thread-id 1] - Executing function: 'us.functions.global.authentication.dismissSelectSavedPasswordDialog'
2023-01-19 13:32:57.345 [DEBUG] [thread-id 1] - Verify identifier: {//XCUIElementTypeTextField=[true]}
2023-01-19 13:32:57.630 [DEBUG] [thread-id 1] - Enter text: 'walpandroid@gmail.com'
2023-01-19 13:33:03.043 [DEBUG] [thread-id 1] - conditionally execute a flow. condition: true
2023-01-19 13:33:04.255 [DEBUG] [thread-id 1] - loop: from 1 to 3
2023-01-19 13:33:05.376 [DEBUG] [thread-id 1] - sleep:  3000 milliseconds
2023-01-19 13:33:10.116 [DEBUG] [thread-id 1] - conditionally execute a flow. condition: true
2023-01-19 13:33:11.847 [DEBUG] [thread-id 1] - Click element: '//XCUIElementTypeButton[@name="SignInView.ctaButton" or @name="WelcomeView.ctaButton"]'
2023-01-19 13:33:15.205 [DEBUG] [thread-id 1] - conditionally execute a flow. condition: true
2023-01-19 13:33:16.316 [DEBUG] [thread-id 1] - Store in: store the value 'true' in the variable 'signInValidated'
2023-01-19 13:33:18.466 [DEBUG] [thread-id 1] - conditionally execute a flow. condition: true
2023-01-19 13:33:19.537 [DEBUG] [thread-id 1] - Store in: store the value 'false' in the variable 'signInValidated'
2023-01-19 13:33:20.600 [DEBUG] [thread-id 1] - Email entered
2023-01-19 13:33:20.625 [WARN] [thread-id 1] - variable validateSignInPage was used, but r2 could not find a value for this variable. returning default of null
2023-01-19 13:33:20.630 [DEBUG] [thread-id 1] - loop: from 1 to 3
2023-01-19 13:33:21.698 [DEBUG] [thread-id 1] - sleep:  2000 milliseconds
2023-01-19 13:33:25.115 [DEBUG] [thread-id 1] - conditionally execute a flow. condition: true
2023-01-19 13:33:26.552 [DEBUG] [thread-id 1] - Enter text: 'Testing@123'
2023-01-19 13:33:30.275 [DEBUG] [thread-id 1] - sleep:  1000 milliseconds
2023-01-19 13:33:33.163 [DEBUG] [thread-id 1] - Click element: '//XCUIElementTypeStaticText[@name="Sign in"] | //XCUIElementTypeButton[@label="Sign In" or @label="Sign in"] | //XCUIElementTypeButton[@name="OtpView.ctaButton"] | //XCUIElementTypeButton[@label="Sign in or create an account"]'
2023-01-19 13:33:34.793 [DEBUG] [thread-id 1] - sleep:  2000 milliseconds
2023-01-19 13:33:49.859 [DEBUG] [thread-id 1] - Hide keyboard: 'true'
2023-01-19 13:33:51.196 [DEBUG] [thread-id 1] - conditionally execute a flow. condition: true
2023-01-19 13:33:52.308 [DEBUG] [thread-id 1] - Store in: store the value 'true' in the variable 'signInValidated'
2023-01-19 13:33:53.398 [DEBUG] [thread-id 1] - conditionally execute a flow. condition: true
2023-01-19 13:33:54.489 [DEBUG] [thread-id 1] - Account signed in
2023-01-19 13:33:54.791 [DEBUG] [thread-id 1] - conditionally execute a flow. condition: true
2023-01-19 13:33:56.185 [DEBUG] [thread-id 1] - Click element: '//XCUIElementTypeButton[@name="Don’t Allow"] | //XCUIElementTypeButton[@name="Don’t Allow"]'
2023-01-19 13:33:56.808 [DEBUG] [thread-id 1] - Executing function: 'us.functions.utils.handleCartMergePopup'
2023-01-19 13:33:56.809 [DEBUG] [thread-id 1] - sleep:  7000 milliseconds
2023-01-19 13:34:03.823 [DEBUG] [thread-id 1] - loop: from 0 to 4
2023-01-19 13:34:04.739 [DEBUG] [thread-id 1] - 0
2023-01-19 13:34:16.393 [DEBUG] [thread-id 1] - conditionally execute a flow. condition: false
2023-01-19 13:34:17.161 [DEBUG] [thread-id 1] - No Technical Error Page observed
2023-01-19 13:34:17.915 [DEBUG] [thread-id 1] - Executing function: 'us.functions.global.navigation.accountToHome'
2023-01-19 13:34:18.555 [DEBUG] [thread-id 1] - Click element: '//XCUIElementTypeButton[@name="Shop"] |  //XCUIElementTypeButton[@name="Home"]'
2023-01-19 13:34:18.902 [DEBUG] [thread-id 1] - Executing function: 'us.functions.home.closeWPlusPromotionPopUpIfDisplayed'
2023-01-19 13:34:18.904 [DEBUG] [thread-id 1] - sleep:  5000 milliseconds
2023-01-19 13:34:34.906 [DEBUG] [thread-id 1] - Verify identifier: {//XCUIElementTypeSearchField[@name="Search Walmart"] | //XCUIElementTypeOther[@name="Search Walmart"]/XCUIElementTypeOther | //XCUIElementTypeOther[@name="Search Walmart"]=[true]}
2023-01-19 13:34:34.906 [DEBUG] [thread-id 1] - Executing function: 'us.functions.home.rateDriverPopup'
2023-01-19 13:34:34.909 [DEBUG] [thread-id 1] - loop: from 1 to 6
2023-01-19 13:34:35.381 [DEBUG] [thread-id 1] - 1
2023-01-19 13:34:46.067 [DEBUG] [thread-id 1] - conditionally execute a flow. condition: false
2023-01-19 13:34:46.545 [DEBUG] [thread-id 1] - Executing function: 'us.functions.home.setStore'
2023-01-19 13:34:46.591 [DEBUG] [thread-id 1] - Executing function: 'us.functions.utils.getSearchableItem'
2023-01-19 13:34:46.598 [DEBUG] [thread-id 1] - Store in: store the value 'null' in the variable 'itemFetched'
2023-01-19 13:34:46.604 [DEBUG] [thread-id 1] - Store in: store the value 'null' in the variable 'deeplinkURL'
2023-01-19 13:34:46.614 [DEBUG] [thread-id 1] - conditionally execute a flow. condition: false
2023-01-19 13:34:47.127 [DEBUG] [thread-id 1] - Item fetched by Astro API
2023-01-19 13:34:47.628 [DEBUG] [thread-id 1] - Executing function: 'us.functions.utils.fetchAstroAvailableItem'
2023-01-19 13:34:47.631 [DEBUG] [thread-id 1] - Fetching Item available in stock using Astro API for Item type FC_DELIVERY
2023-01-19 13:34:47.634 [WARN] [thread-id 1] - variable storeId was used, but r2 could not find a value for this variable. returning default of null
2023-01-19 13:34:47.653 [DEBUG] [thread-id 1] - conditionally execute a flow. condition: true
2023-01-19 13:34:48.128 [DEBUG] [thread-id 1] - Store in: store the value '32144' in the variable 'storeId'
2023-01-19 13:34:48.142 [WARN] [thread-id 1] - variable nextGen was used, but r2 could not find a value for this variable. returning default of null
2023-01-19 13:34:48.146 [WARN] [thread-id 1] - variable itemStatusHeader was used, but r2 could not find a value for this variable. returning default of null
2023-01-19 13:34:48.148 [DEBUG] [thread-id 1] - conditionally execute a flow. condition: true
2023-01-19 13:34:48.604 [DEBUG] [thread-id 1] - Store in: store the value 'SUCCESS' in the variable 'itemStatusHeader'
2023-01-19 13:34:48.625 [WARN] [thread-id 1] - variable itemFilter was used, but r2 could not find a value for this variable. returning default of null
2023-01-19 13:34:48.631 [DEBUG] [thread-id 1] - conditionally execute a flow. condition: false
2023-01-19 13:34:49.123 [DEBUG] [thread-id 1] - Store in: store the value 'http://astro.walmart.com/api/v3/teflon/internal/getItemHealth/32144/FC_DELIVERY' in the variable 'fetchURL'
2023-01-19 13:34:49.154 [DEBUG] [thread-id 1] - Store in: store the value 'null' in the variable 'itemDetails'
2023-01-19 13:34:49.604 [WARN] [thread-id 1] - variable version was used, but r2 could not find a value for this variable. returning default of null
2023-01-19 13:34:49.619 [DEBUG] [thread-id 1] - conditionally execute a flow. condition: false
2023-01-19 13:34:50.062 [DEBUG] [thread-id 1] - Old API
2023-01-19 13:34:50.527 [DEBUG] [thread-id 1] - Call API: 'http://astro.walmart.com/api/v3/teflon/internal/getItemHealth/32144/FC_DELIVERY'
2023-01-19 13:34:55.966 [DEBUG] [thread-id 1] - Response code is: '200'. Response body is: '{"astroStatus":"SUCCESS","astroDescription":"Item Health details found in itemHealth Collection","astroDetails":[{"itemId":"945213102","astroStatus":"SUCCESS","astroDescription":"FC_DELIVERY ORDER CREATED","orderType":"FC_DELIVERY","storeId":"32144","orderNumber":100000095321791,"_id":"619e898cf7efa49aed2a41e0","createdAt":"2021-11-24T18:50:52.843Z","updatedAt":"2023-01-19T21:00:53.722Z","__v":0},{"itemId":"816076989","astroStatus":"SUCCESS","astroDescription":"FC_DELIVERY ORDER CREATED","orderType":"FC_DELIVERY","storeId":"32144","orderNumber":100000095322021,"_id":"619e8f69ff2f80e76d91009e","createdAt":"2021-11-24T19:15:53.083Z","updatedAt":"2023-01-19T21:07:21.812Z","__v":0},{"itemId":"419971512","astroStatus":"SUCCESS","astroDescription":"FC_DELIVERY ORDER CREATED","orderType":"FC_DELIVERY","storeId":"32144","orderNumber":100000093053003,"_id":"619e8f81ff2f80e76d9100a2","createdAt":"2021-11-24T19:16:17.468Z","updatedAt":"2023-01-19T21:21:57.320Z","__v":0}]}'
2023-01-19 13:34:56.501 [DEBUG] [thread-id 1] - conditionally execute a flow. condition: false
2023-01-19 13:34:56.950 [DEBUG] [thread-id 1] - SUCCESSFUL item fetched from astro API.
2023-01-19 13:34:57.426 [DEBUG] [thread-id 1] - loop: over '[{"itemId":"945213102","astroStatus":"SUCCESS","astroDescription":"FC_DELIVERY ORDER CREATED","orderType":"FC_DELIVERY","storeId":"32144","orderNumber":100000095321791,"_id":"619e898cf7efa49aed2a41e0","createdAt":"2021-11-24T18:50:52.843Z","updatedAt":"2023-01-19T21:00:53.722Z","__v":0},{"itemId":"816076989","astroStatus":"SUCCESS","astroDescription":"FC_DELIVERY ORDER CREATED","orderType":"FC_DELIVERY","storeId":"32144","orderNumber":100000095322021,"_id":"619e8f69ff2f80e76d91009e","createdAt":"2021-11-24T19:15:53.083Z","updatedAt":"2023-01-19T21:07:21.812Z","__v":0},{"itemId":"419971512","astroStatus":"SUCCESS","astroDescription":"FC_DELIVERY ORDER CREATED","orderType":"FC_DELIVERY","storeId":"32144","orderNumber":100000093053003,"_id":"619e8f81ff2f80e76d9100a2","createdAt":"2021-11-24T19:16:17.468Z","updatedAt":"2023-01-19T21:21:57.320Z","__v":0}]'
2023-01-19 13:34:57.889 [DEBUG] [thread-id 1] - Store in: store the value 'null' in the variable 'itemDetails'
2023-01-19 13:34:58.360 [DEBUG] [thread-id 1] - {"itemId":"945213102","astroStatus":"SUCCESS","astroDescription":"FC_DELIVERY ORDER CREATED","orderType":"FC_DELIVERY","storeId":"32144","orderNumber":100000095321791,"_id":"619e898cf7efa49aed2a41e0","createdAt":"2021-11-24T18:50:52.843Z","updatedAt":"2023-01-19T21:00:53.722Z","__v":0}
2023-01-19 13:34:58.816 [DEBUG] [thread-id 1] - Store in: store the value '945213102' in the variable 'itemFetched'
2023-01-19 13:34:59.270 [DEBUG] [thread-id 1] - Store in: store the value 'SUCCESS' in the variable 'itemStatus'
2023-01-19 13:34:59.745 [WARN] [thread-id 1] - variable healthCheck was used, but r2 could not find a value for this variable. returning default of null
2023-01-19 13:35:00.203 [DEBUG] [thread-id 1] - conditionally execute a flow. condition: true
2023-01-19 13:35:00.653 [WARN] [thread-id 1] - variable skipForNext was used, but r2 could not find a value for this variable. returning default of null
2023-01-19 13:35:01.113 [WARN] [thread-id 1] - variable excludeFetchedItem was used, but r2 could not find a value for this variable. returning default of null
2023-01-19 13:35:01.114 [DEBUG] [thread-id 1] - conditionally execute a flow. condition: false
2023-01-19 13:35:01.561 [DEBUG] [thread-id 1] - Executing function: 'us.functions.utils.itemHealthCheck'
2023-01-19 13:35:01.563 [DEBUG] [thread-id 1] - Checking item eligibility before proceeding
2023-01-19 13:35:01.565 [DEBUG] [thread-id 1] - Store in: store the value 'false' in the variable 'itemEligiblity'
2023-01-19 13:35:01.567 [DEBUG] [thread-id 1] - Store in: store the value 'false' in the variable 'ignoreItem'
2023-01-19 13:35:01.569 [DEBUG] [thread-id 1] - loop: over '["158353031","669597065","446886409", "803629599", "888307914", "574523299"]'
2023-01-19 13:35:04.393 [DEBUG] [thread-id 1] - conditionally execute a flow. condition: false
2023-01-19 13:35:04.838 [DEBUG] [thread-id 1] - conditionally execute a flow. condition: true
2023-01-19 13:35:05.751 [DEBUG] [thread-id 1] - Call API: 'http://astro.walmart.com/api/v2/teflon/itemHealthCheck?shippingNode=32144&orderType=FC_DELIVERY&itemId=945213102'
2023-01-19 13:35:14.792 [DEBUG] [thread-id 1] - Response code is: '200'. Response body is: '{"status":"OK","offerId":"175B8F0529284A0282DCAB4654AEC444","eligibility":{"orderType":"FC_DELIVERY","shipNode":"32144","preferredDeliveryRoute":{"nodeType":"FC","shipNode":"2379","carrierType":"FREIGHT","xmlCarrierMethodCode":"43"},"isEligible":true},"appStatus":[{"app":"IRO","status":"OK","errors":[]},{"app":"IRORollUps","status":"OK","errors":[]},{"app":"OASIS","status":"OK","errors":[]},{"app":"IQS","status":"OK","errors":[]},{"app":"GBAS","status":"OK","errors":[]},{"app":"MCSE","status":"OK","errors":[]},{"app":"MCSEPromise","status":"OK","errors":[]}]}'
2023-01-19 13:35:15.352 [DEBUG] [thread-id 1] - conditionally execute a flow. condition: true
2023-01-19 13:35:16.266 [DEBUG] [thread-id 1] - Stock available Item Id 945213102 for type FC_DELIVERY
2023-01-19 13:35:16.709 [DEBUG] [thread-id 1] - Store in: store the value 'false' in the variable 'skipForNext'
2023-01-19 13:35:17.157 [DEBUG] [thread-id 1] - Store in: store the value 'false' in the variable 'excludeFetchedItem'
2023-01-19 13:35:17.171 [DEBUG] [thread-id 1] - Store in: store the value 'null' in the variable 'storeId'
2023-01-19 13:35:17.172 [DEBUG] [thread-id 1] - Store in: store the value 'null' in the variable 'itemStatusHeader'
2023-01-19 13:35:17.173 [DEBUG] [thread-id 1] - Store in: store the value 'false' in the variable 'healthCheck'
2023-01-19 13:35:17.174 [DEBUG] [thread-id 1] - Store in: store the value 'null' in the variable 'version'
2023-01-19 13:35:17.176 [DEBUG] [thread-id 1] - Store in: store the value 'null' in the variable 'itemFilter'
2023-01-19 13:35:17.185 [DEBUG] [thread-id 1] - Store in: store the value 'null' in the variable 'backupItem'
2023-01-19 13:35:17.186 [DEBUG] [thread-id 1] - Store in: store the value 'null' in the variable 'source'
2023-01-19 13:35:17.186 [DEBUG] [thread-id 1] - Store in: store the value 'walmart://item/945213102' in the variable 'deeplinkURl'
2023-01-19 13:35:17.187 [DEBUG] [thread-id 1] - Item:945213102
2023-01-19 13:35:17.188 [DEBUG] [thread-id 1] - deeplinkURL:walmart://item/945213102
2023-01-19 13:35:17.189 [DEBUG] [thread-id 1] - Executing function: 'us.functions.global.navigation.goToDeepLink'
2023-01-19 13:35:17.191 [DEBUG] [thread-id 1] - Verify value of: '$deepLinkUrl'
2023-01-19 13:35:17.193 [DEBUG] [thread-id 1] - Open link: 'walmart://item/945213102'
2023-01-19 13:35:18.279 [DEBUG] [thread-id 1] - Executing function: 'us.functions.global.navigation.openDeepLink'
2023-01-19 13:35:28.459 [DEBUG] [thread-id 1] - Executing function: 'us.functions.utils.handleTechnicalErrorPopup'
2023-01-19 13:35:28.462 [DEBUG] [thread-id 1] - Store in: store the value 'false' in the variable 'errorRemoved'
2023-01-19 13:35:28.462 [DEBUG] [thread-id 1] - sleep:  10000 milliseconds
2023-01-19 13:35:38.469 [DEBUG] [thread-id 1] - loop: from 0 to 3
2023-01-19 13:35:39.030 [DEBUG] [thread-id 1] - 0
2023-01-19 13:35:39.894 [DEBUG] [thread-id 1] - Main failed: Error found 'We're having technical issues, but we'll be back in a flash.'
2023-01-19 13:35:40.484 [DEBUG] [thread-id 1] - Executing scenario: 'After'
2023-01-19 13:35:40.495 [DEBUG] [thread-id 1] - Executing function: 'us.functions.utils.afterSteps'
2023-01-19 13:35:40.506 [WARN] [thread-id 1] - variable testStatus was used, but r2 could not find a value for this variable. returning default of null
2023-01-19 13:35:40.509 [DEBUG] [thread-id 1] - conditionally execute a flow. condition: false
2023-01-19 13:35:41.027 [DEBUG] [thread-id 1] - Test failed
2023-01-19 13:35:41.270 [DEBUG] [thread-id 1] - After failed: Error found 'We're having technical issues, but we'll be back in a flash.'
2023-01-19 13:35:50.039 [DEBUG] [thread-id 1] - Created report: /Users/m0k0a2f/glass-automation/report/index.html
2023-01-19 13:43:54.587 [DEBUG] [thread-id 1] - Executing R2 3.30.0: '/Users/m0k0a2f/glass-automation/./us/test/test-scripts/ios/golden-flows/PetRx-flows/C2666399-PetRX-multi-fulfilment-Shipping-mixed-order.yaml' on device: 'iPhone 13'
2023-01-19 13:44:35.347 [DEBUG] [thread-id 1] - Executing scenario: 'Before'
2023-01-19 13:44:35.354 [DEBUG] [thread-id 1] - Execute before steps
2023-01-19 13:44:35.357 [DEBUG] [thread-id 1] - R2_SUBFLOW_PRE_TRANSACTION
2023-01-19 13:44:35.360 [DEBUG] [thread-id 1] - Executing function: 'us.functions.utils.astro.clearCart'
2023-01-19 13:44:35.478 [DEBUG] [thread-id 1] - Call API: 'http://astro.walmart.com/api/v2/teflon/customer/walpandroid@gmail.com/clearcart'
2023-01-19 13:44:48.047 [DEBUG] [thread-id 1] - Response code is: '200'. Response body is: '{"astroStatus":"SUCCESS","astroDescription":"CART_CLEARED","astroDetails":{"dbSessionMap":{"CXO_CART_ST":"{\"mtoken\":\"2:14#158126658#2=169821299#8=86142694\"}"},"checkoutable":false,"cart":{"id":"dfa60841-80d9-4e2d-85a9-ca6aedf04778","buyer":{"id":"958647ca-1069-4bb6-9770-9c628979f279","type":"CUSTOMER"},"storeIds":[],"itemCount":0,"entityErrors":[],"shipping":{"id":"ac569e94-8a63-461b-90ed-738d3af980b0","dbLockVersion":0,"dbSessionMap":{},"dbLockMap":{},"postalCode":"95122","city":"San Jose","state":"CA","countryCode":"USA","latitude":37.606689,"longitude":-122.426362,"isPOBox":false,"isAPOFPO":false},"currencyCode":"USD","preview":false,"tenantId":0,"verticalId":0,"checkoutableErrors":[],"intent":"PICKUP","pickupStore":{"city":"San Jose","stateOrProvinceCode":"CA","countryCode":"USA","postalCode":"95122","storeId":"32144","services":[]},"deliveryStore":{"city":"San Jose","stateOrProvinceCode":"CA","countryCode":"USA","postalCode":"95122","storeId":"32144","services":[]},"fulfillmentPlans":[],"accessPoints":[],"reservations":[],"isExplicitIntent":false,"hasGiftEligibleItem":false,"warnings":[],"restrictions":[]},"isOmniPromiseResponse":true}}'
2023-01-19 13:44:48.195 [DEBUG] [thread-id 1] - Cart cleared for walpandroid@gmail.com
2023-01-19 13:44:48.305 [DEBUG] [thread-id 1] - Using us-errors-helpers.yaml
2023-01-19 13:44:48.403 [DEBUG] [thread-id 1] - Start Main
2023-01-19 13:44:48.407 [DEBUG] [thread-id 1] - Executing function: 'us.functions.global.onboarding.navigateOnboardingToHome'
2023-01-19 13:44:48.413 [DEBUG] [thread-id 1] - Executing function: 'us.function.utils.getEnvironmentValue'
2023-01-19 13:44:48.421 [DEBUG] [thread-id 1] - Store in: store the value 'teflon' in the variable 'env'
2023-01-19 13:44:48.569 [DEBUG] [thread-id 1] - Verify identifier: {//XCUIElementTypeStaticText[@name="WelcomeViewController.titleLabel"] | //XCUIElementTypeStaticText[@name="SignUpNudgeWelcomeViewController.titleLabel"]=[true]}
2023-01-19 13:44:58.603 [DEBUG] [thread-id 1] - conditionally execute a flow. condition: false
2023-01-19 13:44:58.817 [DEBUG] [thread-id 1] - Click element: '//XCUIElementTypeStaticText[@name="Continue"] | //XCUIElementTypeStaticText[@name="Next"] | //XCUIElementTypeStaticText[@name="Continue as guest"]'
2023-01-19 13:44:59.661 [DEBUG] [thread-id 1] - Verify identifier: {NotificationPermissionViewController.titleLabel=[true]}
2023-01-19 13:44:59.798 [DEBUG] [thread-id 1] - Click element: '//XCUIElementTypeStaticText[@name="Not now"] | //XCUIElementTypeButton[@name="cta.cancel.notifications"]'
2023-01-19 13:45:00.142 [DEBUG] [thread-id 1] - Verify identifier: {Share your location=[true]}
2023-01-19 13:45:00.184 [DEBUG] [thread-id 1] - Click element: 'Enter zip code'
2023-01-19 13:45:10.420 [DEBUG] [thread-id 1] - conditionally execute a flow. condition: false
2023-01-19 13:45:10.526 [DEBUG] [thread-id 1] - Observed personalizedScreen
2023-01-19 13:45:10.633 [DEBUG] [thread-id 1] - conditionally execute a flow. condition: true
2023-01-19 13:45:10.766 [DEBUG] [thread-id 1] - Click element: 'Continue'
2023-01-19 13:45:21.267 [DEBUG] [thread-id 1] - conditionally execute a flow. condition: true
2023-01-19 13:45:31.574 [DEBUG] [thread-id 1] - conditionally execute a flow. condition: true
2023-01-19 13:45:31.719 [DEBUG] [thread-id 1] - Click element: 'Continue'
2023-01-19 13:45:33.159 [DEBUG] [thread-id 1] - conditionally execute a flow. condition: true
2023-01-19 13:45:34.445 [DEBUG] [thread-id 1] - Click element: 'Allow'
2023-01-19 13:46:06.248 [DEBUG] [thread-id 1] - Executing function: 'us.functions.utils.tryAgainWhenThereIsError'
2023-01-19 13:46:06.266 [DEBUG] [thread-id 1] - loop: from 0 to 2
2023-01-19 13:46:06.439 [DEBUG] [thread-id 1] - 0
2023-01-19 13:46:16.618 [DEBUG] [thread-id 1] - conditionally execute a flow. condition: false
2023-01-19 13:46:16.790 [DEBUG] [thread-id 1] - Executing function: 'us.functions.onboarding.handleTechnicalErrorPage'
2023-01-19 13:46:16.791 [DEBUG] [thread-id 1] - sleep:  5000 milliseconds
2023-01-19 13:46:21.830 [DEBUG] [thread-id 1] - loop: from 0 to 4
2023-01-19 13:46:22.023 [DEBUG] [thread-id 1] - 0
2023-01-19 13:46:32.260 [DEBUG] [thread-id 1] - conditionally execute a flow. condition: false
2023-01-19 13:46:32.422 [DEBUG] [thread-id 1] - No Technical Error Page observed
2023-01-19 13:46:32.600 [DEBUG] [thread-id 1] - Executing function: 'us.functions.gic.collapseIfExpanded'
2023-01-19 13:46:32.789 [DEBUG] [thread-id 1] - conditionally execute a flow. condition: true
2023-01-19 13:46:33.133 [DEBUG] [thread-id 1] - Click element: '//*[contains(@label,"Expanded")]'
2023-01-19 13:46:33.340 [DEBUG] [thread-id 1] - Executing function: 'us.functions.home.navigateHomeToSignIn'
2023-01-19 13:46:33.693 [DEBUG] [thread-id 1] - Click element: 'Account'
2023-01-19 13:46:33.980 [DEBUG] [thread-id 1] - sleep:  3000 milliseconds
2023-01-19 13:46:37.546 [DEBUG] [thread-id 1] - Verify identifier: {//XCUIElementTypeButton[@name="Account.SignInButton"] | //XCUIElementTypeButton[@name="HeaderView.loginButton"] | //XCUIElementTypeButton[@label="SignInYourAccountTableViewCell.signInButton"] | //XCUIElementTypeButton[@label="Sign in"] | //XCUIElementTypeButton[@label="Sign in or create an account"]=[true]}
2023-01-19 13:46:37.547 [DEBUG] [thread-id 1] - loop: from 1 to 3
2023-01-19 13:46:38.236 [DEBUG] [thread-id 1] - conditionally execute a flow. condition: true
2023-01-19 13:46:38.930 [DEBUG] [thread-id 1] - Click element: '//XCUIElementTypeButton[@name="Account.SignInButton"] | //XCUIElementTypeButton[@name="HeaderView.loginButton"] | //XCUIElementTypeButton[@label="SignInYourAccountTableViewCell.signInButton"] | //XCUIElementTypeButton[@label="Sign in"] | //XCUIElementTypeButton[@label="Sign in or create an account"]'
2023-01-19 13:46:39.785 [DEBUG] [thread-id 1] - sleep:  3000 milliseconds
2023-01-19 13:46:43.401 [DEBUG] [thread-id 1] - conditionally execute a flow. condition: true
2023-01-19 13:46:43.759 [DEBUG] [thread-id 1] - Store in: store the value 'true' in the variable 'signInValidated'
2023-01-19 13:46:44.161 [DEBUG] [thread-id 1] - conditionally execute a flow. condition: true
2023-01-19 13:46:44.513 [DEBUG] [thread-id 1] - SignIn page loaded
2023-01-19 13:46:44.854 [DEBUG] [thread-id 1] - Store in: store the value 'false' in the variable 'signInValidated'
2023-01-19 13:46:44.863 [DEBUG] [thread-id 1] - Executing function: 'us.functions.global.authentication.signInAccount'
2023-01-19 13:46:44.873 [WARN] [thread-id 1] - variable validateSignInPage was used, but r2 could not find a value for this variable. returning default of null
2023-01-19 13:46:44.890 [DEBUG] [thread-id 1] - Executing function: 'us.functions.global.authentication.dismissSelectSavedPasswordDialog'
2023-01-19 13:46:55.881 [DEBUG] [thread-id 1] - Verify identifier: {//XCUIElementTypeTextField=[true]}
2023-01-19 13:46:56.147 [DEBUG] [thread-id 1] - Enter text: 'walpandroid@gmail.com'
2023-01-19 13:47:01.404 [DEBUG] [thread-id 1] - conditionally execute a flow. condition: true
2023-01-19 13:47:02.569 [DEBUG] [thread-id 1] - loop: from 1 to 3
2023-01-19 13:47:03.655 [DEBUG] [thread-id 1] - sleep:  3000 milliseconds
2023-01-19 13:47:08.432 [DEBUG] [thread-id 1] - conditionally execute a flow. condition: true
2023-01-19 13:47:10.214 [DEBUG] [thread-id 1] - Click element: '//XCUIElementTypeButton[@name="SignInView.ctaButton" or @name="WelcomeView.ctaButton"]'
2023-01-19 13:47:12.213 [DEBUG] [thread-id 1] - conditionally execute a flow. condition: true
2023-01-19 13:47:13.349 [DEBUG] [thread-id 1] - Store in: store the value 'true' in the variable 'signInValidated'
2023-01-19 13:47:15.526 [DEBUG] [thread-id 1] - conditionally execute a flow. condition: true
2023-01-19 13:47:16.589 [DEBUG] [thread-id 1] - Store in: store the value 'false' in the variable 'signInValidated'
2023-01-19 13:47:17.661 [DEBUG] [thread-id 1] - Email entered
2023-01-19 13:47:17.684 [WARN] [thread-id 1] - variable validateSignInPage was used, but r2 could not find a value for this variable. returning default of null
2023-01-19 13:47:17.688 [DEBUG] [thread-id 1] - loop: from 1 to 3
2023-01-19 13:47:18.746 [DEBUG] [thread-id 1] - sleep:  2000 milliseconds
2023-01-19 13:47:22.176 [DEBUG] [thread-id 1] - conditionally execute a flow. condition: true
2023-01-19 13:47:23.623 [DEBUG] [thread-id 1] - Enter text: 'Testing@123'
2023-01-19 13:47:27.324 [DEBUG] [thread-id 1] - sleep:  1000 milliseconds
2023-01-19 13:47:30.222 [DEBUG] [thread-id 1] - Click element: '//XCUIElementTypeStaticText[@name="Sign in"] | //XCUIElementTypeButton[@label="Sign In" or @label="Sign in"] | //XCUIElementTypeButton[@name="OtpView.ctaButton"] | //XCUIElementTypeButton[@label="Sign in or create an account"]'
2023-01-19 13:47:31.643 [DEBUG] [thread-id 1] - sleep:  2000 milliseconds
2023-01-19 13:47:46.861 [DEBUG] [thread-id 1] - Hide keyboard: 'true'
2023-01-19 13:47:48.250 [DEBUG] [thread-id 1] - conditionally execute a flow. condition: true
2023-01-19 13:47:49.362 [DEBUG] [thread-id 1] - Store in: store the value 'true' in the variable 'signInValidated'
2023-01-19 13:47:50.481 [DEBUG] [thread-id 1] - conditionally execute a flow. condition: true
2023-01-19 13:47:51.578 [DEBUG] [thread-id 1] - Account signed in
2023-01-19 13:47:51.881 [DEBUG] [thread-id 1] - conditionally execute a flow. condition: true
2023-01-19 13:47:53.268 [DEBUG] [thread-id 1] - Click element: '//XCUIElementTypeButton[@name="Don’t Allow"] | //XCUIElementTypeButton[@name="Don’t Allow"]'
2023-01-19 13:47:53.940 [DEBUG] [thread-id 1] - Executing function: 'us.functions.utils.handleCartMergePopup'
2023-01-19 13:47:53.940 [DEBUG] [thread-id 1] - sleep:  7000 milliseconds
2023-01-19 13:48:00.950 [DEBUG] [thread-id 1] - loop: from 0 to 4
2023-01-19 13:48:01.872 [DEBUG] [thread-id 1] - 0
2023-01-19 13:48:13.411 [DEBUG] [thread-id 1] - conditionally execute a flow. condition: false
2023-01-19 13:48:14.158 [DEBUG] [thread-id 1] - No Technical Error Page observed
2023-01-19 13:48:14.909 [DEBUG] [thread-id 1] - Executing function: 'us.functions.global.navigation.accountToHome'
2023-01-19 13:48:15.531 [DEBUG] [thread-id 1] - Click element: '//XCUIElementTypeButton[@name="Shop"] |  //XCUIElementTypeButton[@name="Home"]'
2023-01-19 13:48:15.879 [DEBUG] [thread-id 1] - Executing function: 'us.functions.home.closeWPlusPromotionPopUpIfDisplayed'
2023-01-19 13:48:15.879 [DEBUG] [thread-id 1] - sleep:  5000 milliseconds
2023-01-19 13:48:31.772 [DEBUG] [thread-id 1] - Verify identifier: {//XCUIElementTypeSearchField[@name="Search Walmart"] | //XCUIElementTypeOther[@name="Search Walmart"]/XCUIElementTypeOther | //XCUIElementTypeOther[@name="Search Walmart"]=[true]}
2023-01-19 13:48:31.775 [DEBUG] [thread-id 1] - Executing function: 'us.functions.home.rateDriverPopup'
2023-01-19 13:48:31.778 [DEBUG] [thread-id 1] - loop: from 1 to 6
2023-01-19 13:48:32.251 [DEBUG] [thread-id 1] - 1
2023-01-19 13:48:43.132 [DEBUG] [thread-id 1] - conditionally execute a flow. condition: false
2023-01-19 13:48:43.574 [DEBUG] [thread-id 1] - Executing function: 'us.functions.home.setStore'
2023-01-19 13:48:43.609 [DEBUG] [thread-id 1] - Executing function: 'us.functions.global.navigation.goToDeepLink'
2023-01-19 13:48:43.612 [DEBUG] [thread-id 1] - Verify value of: '$deepLinkUrl'
2023-01-19 13:48:43.614 [DEBUG] [thread-id 1] - Open link: 'walmart://ip/894010516'
2023-01-19 13:48:44.562 [DEBUG] [thread-id 1] - Executing function: 'us.functions.global.navigation.openDeepLink'
2023-01-19 13:48:55.306 [DEBUG] [thread-id 1] - Executing function: 'us.functions.utils.handleTechnicalErrorPopup'
2023-01-19 13:48:55.313 [DEBUG] [thread-id 1] - Store in: store the value 'false' in the variable 'errorRemoved'
2023-01-19 13:48:55.313 [DEBUG] [thread-id 1] - sleep:  10000 milliseconds
2023-01-19 13:49:05.337 [DEBUG] [thread-id 1] - loop: from 0 to 3
2023-01-19 13:49:06.385 [DEBUG] [thread-id 1] - 0
2023-01-19 13:49:18.643 [DEBUG] [thread-id 1] - conditionally execute a flow. condition: false
2023-01-19 13:49:19.679 [DEBUG] [thread-id 1] - Store in: store the value 'true' in the variable 'errorRemoved'
2023-01-19 13:49:20.668 [DEBUG] [thread-id 1] - No Technical Error Pop up observed
2023-01-19 13:49:21.671 [DEBUG] [thread-id 1] - Executing function: 'us.functions.item.petrxItem.verifyPresent'
2023-01-19 13:49:24.425 [DEBUG] [thread-id 1] - Verify identifier: {TitleView_productTitle=[true], //XCUIElementTypeStaticText[@name="PriceView_primaryProductPrice"]=[true], Prescription required=[true]}
2023-01-19 13:49:24.426 [DEBUG] [thread-id 1] - Scroll: down
2023-01-19 13:49:31.285 [DEBUG] [thread-id 1] - Verify identifier: {Pickup not available at Carrollton Pharmacy Check availability nearby=[true]}
2023-01-19 13:49:31.289 [DEBUG] [thread-id 1] - Executing function: 'us.functions.item.addItemToCart'
2023-01-19 13:49:31.299 [DEBUG] [thread-id 1] - Executing function: 'us.functions.item.preAddToCartSteps'
2023-01-19 13:49:32.244 [DEBUG] [thread-id 1] - sleep:  2000 milliseconds
2023-01-19 13:49:39.015 [DEBUG] [thread-id 1] - Item wasn't Added initially, continuing with scenario
2023-01-19 13:49:39.033 [DEBUG] [thread-id 1] - Executing function: 'us.functions.item.validateAndClickAddToCartButton'
2023-01-19 13:49:39.890 [DEBUG] [thread-id 1] - conditionally execute a flow. condition: true
2023-01-19 13:49:40.892 [DEBUG] [thread-id 1] - ATC button present
2023-01-19 13:49:41.863 [DEBUG] [thread-id 1] - Click element: '(//XCUIElementTypeButton[@name="stepper.mainButton"])[1] | //XCUIElementTypeOther[@name="stepper.addToCartButton"] | (//XCUIElementTypeOther[contains(@name,"GlassStepperView.inner")]) | //XCUIElementTypeButton[@name="stepper.mainButton"]'
2023-01-19 13:49:42.299 [DEBUG] [thread-id 1] - sleep:  3000 milliseconds
2023-01-19 13:49:45.327 [WARN] [thread-id 1] - variable skipPostAddToCartSteps was used, but r2 could not find a value for this variable. returning default of null
2023-01-19 13:49:45.336 [DEBUG] [thread-id 1] - conditionally execute a flow. condition: true
2023-01-19 13:49:46.289 [DEBUG] [thread-id 1] - Executing function: 'us.functions.item.postAddToCartSteps'
2023-01-19 13:49:57.211 [WARN] [thread-id 1] - variable closeButtonNotDisplayed was used, but r2 could not find a value for this variable. returning default of null
2023-01-19 13:49:57.214 [DEBUG] [thread-id 1] - conditionally execute a flow. condition: false
2023-01-19 13:49:58.225 [DEBUG] [thread-id 1] - Executing function: 'us.functions.item.handlePAC'
2023-01-19 13:49:58.227 [DEBUG] [thread-id 1] - sleep:  5000 milliseconds
2023-01-19 13:50:14.627 [DEBUG] [thread-id 1] - sleep:  1000 milliseconds
2023-01-19 13:50:16.630 [WARN] [thread-id 1] - variable qty was used, but r2 could not find a value for this variable. returning default of null
2023-01-19 13:50:16.630 [WARN] [thread-id 1] - variable qty was used, but r2 could not find a value for this variable. returning default of null
2023-01-19 13:50:17.413 [DEBUG] [thread-id 1] - Verify identifier: {//XCUIElementTypeStaticText[@name="1 added"]| //XCUIElementTypeOther[@name="add-to-cart-button"] | //XCUIElementTypeStaticText[@label="null"] | Max 1=[true]}
2023-01-19 13:50:29.319 [DEBUG] [thread-id 1] - Executing function: 'us.functions.item.closeItemPage'
2023-01-19 13:50:29.324 [DEBUG] [thread-id 1] - conditionally execute a flow. condition: true
2023-01-19 13:50:33.540 [DEBUG] [thread-id 1] - Click element: 'ItemDetailsViewController_itemDetailCloseButton'
2023-01-19 13:50:35.153 [DEBUG] [thread-id 1] - Verify identifier: {TitleView_productTitle=[true]}
2023-01-19 13:50:35.155 [DEBUG] [thread-id 1] - sleep:  3000 milliseconds
2023-01-19 13:50:38.160 [DEBUG] [thread-id 1] - Verify identifier: {Your cart is empty=[true]}
2023-01-19 13:50:38.161 [DEBUG] [thread-id 1] - Store in: store the value 'false' in the variable 'closeButtonNotDisplayed'
2023-01-19 13:50:38.190 [DEBUG] [thread-id 1] - Executing function: 'us.functions.global.navigation.toCartFromNavBar'
2023-01-19 13:50:38.617 [DEBUG] [thread-id 1] - Verify identifier: {//XCUIElementTypeNavigationBar[@name="Shop"]/XCUIElementTypeButton | //XCUIElementTypeButton[contains(@label, "Your cart")] | //XCUIElementTypeButton[(@name="SearchResultsViewController.cartButton") or (contains(@label,"Your cart contains") and contains(@label,"The estimated total is")) or (@label="Your cart is empty")]=[true]}
2023-01-19 13:50:39.019 [DEBUG] [thread-id 1] - Click element: '//XCUIElementTypeNavigationBar[@name="Shop"]/XCUIElementTypeButton | //XCUIElementTypeButton[contains(@label, "Your cart")] | //XCUIElementTypeButton[(@name="SearchResultsViewController.cartButton") or (contains(@label,"Your cart contains") and contains(@label,"The estimated total is")) or (@label="Your cart is empty")]'
2023-01-19 13:50:41.309 [DEBUG] [thread-id 1] - Verify identifier: {Cart=[true]}
2023-01-19 13:50:41.310 [DEBUG] [thread-id 1] - Executing function: 'us.functions.utils.handleTechnicalErrorPageInCart'
2023-01-19 13:50:41.310 [DEBUG] [thread-id 1] - sleep:  15000 milliseconds
2023-01-19 13:50:56.332 [DEBUG] [thread-id 1] - Store in: store the value 'false' in the variable 'cartPageLoaded'
2023-01-19 13:50:56.336 [DEBUG] [thread-id 1] - loop: from 0 to 7
2023-01-19 13:50:56.766 [DEBUG] [thread-id 1] - 0
2023-01-19 13:50:57.172 [DEBUG] [thread-id 1] - conditionally execute a flow. condition: true
2023-01-19 13:51:07.926 [DEBUG] [thread-id 1] - conditionally execute a flow. condition: false
2023-01-19 13:51:29.145 [DEBUG] [thread-id 1] - conditionally execute a flow. condition: false
2023-01-19 13:51:29.909 [DEBUG] [thread-id 1] - conditionally execute a flow. condition: true
2023-01-19 13:51:30.303 [DEBUG] [thread-id 1] - Store in: store the value 'true' in the variable 'cartPageLoaded'
2023-01-19 13:51:30.728 [DEBUG] [thread-id 1] - conditionally execute a flow. condition: false
2023-01-19 13:51:31.141 [DEBUG] [thread-id 1] - conditionally execute a flow. condition: true
2023-01-19 13:51:31.539 [DEBUG] [thread-id 1] - Cart page loaded successfully
2023-01-19 13:51:31.549 [DEBUG] [thread-id 1] - Executing function: 'us.functions.cart.verifyCardDetails'
2023-01-19 13:51:31.551 [DEBUG] [thread-id 1] - Executing function: 'us.functions.utils.getFulfillmentTextsToCompare'
2023-01-19 13:51:31.556 [WARN] [thread-id 1] - variable altFulfillmentText was used, but r2 could not find a value for this variable. returning default of null
2023-01-19 13:51:31.573 [DEBUG] [thread-id 1] - conditionally execute a flow. condition: true
2023-01-19 13:51:31.993 [DEBUG] [thread-id 1] - conditionally execute a flow. condition: true
2023-01-19 13:51:32.394 [DEBUG] [thread-id 1] - Store in: store the value 'shipping' in the variable 'altFulfillmentText'
2023-01-19 13:51:32.408 [DEBUG] [thread-id 1] - -------Validate Shipping cart details function start-------
2023-01-19 13:51:32.409 [WARN] [thread-id 1] - variable initialCartDataSetup was used, but r2 could not find a value for this variable. returning default of null
2023-01-19 13:51:32.411 [DEBUG] [thread-id 1] - conditionally execute a flow. condition: true
2023-01-19 13:51:32.803 [DEBUG] [thread-id 1] - sleep:  5000 milliseconds
2023-01-19 13:51:38.474 [DEBUG] [thread-id 1] - conditionally execute a flow. condition: true
2023-01-19 13:51:38.808 [DEBUG] [thread-id 1] - Cart page displayed
2023-01-19 13:51:39.174 [WARN] [thread-id 1] - variable validationScope was used, but r2 could not find a value for this variable. returning default of null
2023-01-19 13:51:39.517 [DEBUG] [thread-id 1] - Store in: store the value 'complete' in the variable 'initialCartDataSetup'
2023-01-19 13:51:59.866 [DEBUG] [thread-id 1] - conditionally execute a flow. condition: true
2023-01-19 13:52:01.019 [DEBUG] [thread-id 1] - Main failed: FAILURE - teflon - Added items are not available in cart page
2023-01-19 13:52:25.300 [DEBUG] [thread-id 1] - Executing scenario: 'After'
2023-01-19 13:52:25.315 [DEBUG] [thread-id 1] - Executing function: 'us.functions.utils.afterSteps'
2023-01-19 13:52:25.325 [WARN] [thread-id 1] - variable testStatus was used, but r2 could not find a value for this variable. returning default of null
2023-01-19 13:52:25.328 [DEBUG] [thread-id 1] - conditionally execute a flow. condition: false
2023-01-19 13:52:25.594 [DEBUG] [thread-id 1] - Test failed
2023-01-19 13:52:25.868 [DEBUG] [thread-id 1] - Executing function: 'us.functions.utils.closeErrorAlertIfExists'
2023-01-19 13:52:43.023 [DEBUG] [thread-id 1] - Created report: /Users/m0k0a2f/glass-automation/report/index.html
