2023-11-08 09:51:39.224 [DEBUG] [thread-id 1] - Executing R2 3.38.1: '/Users/m0k0a2f/glass-automation/./us/test/test-scripts/android/golden-flows/PetRx-flows/C2666400-PetRX-multiple-Pet-Vet-order.yaml' on device: 'Pixel_5_API_31'
2023-11-08 09:51:52.278 [DEBUG] [thread-id 1] - Executing scenario: 'Before'
2023-11-08 09:51:52.280 [DEBUG] [thread-id 1] - R2_SUBFLOW_PRE_TRANSACTION
2023-11-08 09:51:52.283 [DEBUG] [thread-id 1] - Executing function: 'us.functions.utils.astro.clearCart'
2023-11-08 09:51:52.349 [DEBUG] [thread-id 1] - Call API: 'http://astro.walmart.com/api/v2/teflon/customer/e2e.teflon.flow.petRx.android.multi@cloudtest.org/clearcart'
2023-11-08 09:52:07.406 [DEBUG] [thread-id 1] - Response code is: '200'. Response body is: '{"astroStatus":"SUCCESS","astroDescription":"CART_CLEARED","astroDetails":{"dbSessionMap":{"CXO_CART_ST":"{\"mtoken\":\"4:23#300259978#2=35063681#8=324680741\"}"},"checkoutable":false,"cart":{"id":"516ec68d-4d43-4bd3-ae43-b6265d8beed1","buyer":{"id":"8e730fbd-e65c-4efc-ba8d-660deaa11380","type":"CUSTOMER"},"storeIds":[],"itemCount":0,"entityErrors":[],"shipping":{"id":"df5ff24e-bb84-4657-9c63-baa873df2860","dbLockVersion":0,"postalCode":"95122","city":"San Jose","state":"CA","countryCode":"USA","latitude":37.606689,"longitude":-122.426362,"isPOBox":false,"isAPOFPO":false},"currencyCode":"USD","preview":false,"tenantId":0,"verticalId":0,"checkoutableErrors":[],"intent":"PICKUP","pickupStore":{"city":"San Jose","stateOrProvinceCode":"CA","countryCode":"USA","postalCode":"95122","storeId":"32144","services":[]},"deliveryStore":{"city":"San Jose","stateOrProvinceCode":"CA","countryCode":"USA","postalCode":"95122","storeId":"32144","services":[]},"mpStores":[],"fulfillmentPlans":[],"accessPoints":[{"id":"6168c2e3-fc36-4827-98e6-d717d10af1d6","name":"Walmart San Jose Store #32144","storeId":32144,"fulfillmentType":"INSTORE_PICKUP","fulfillmentOption":"PICKUP","supportedTimeZone":"US/Pacific","locationInstruction":"[{\"type\":\"CHECKIN_DEFAULT\",\"value\":\"<div><p><b>Please bring your government-issued ID</b></p><br /><br /><ol><li>Download and use the app to let us know you're on the way and view your parking guide.</li><li>Park in a designated pickup spot. Using the app, enter your parking info and an associate will come to you.</li><li>Show your ID to the associate if required.</li><li>The associate will request access to your trunk or back seat, then will load your items.</li><li>You're all set! Check the app to see if you need to move to any other pickup locations.</li></ol></div>\"},{\"type\":\"EMAIL_DEFAULT\",\"value\":\"NA\"},{\"type\":\"CHECKIN_1\",\"value\":\"Next, tell us when you’ve parked. Park by the pickup sign and enter your parking info so we can find you faster.\"}]","isStoreEbtEligible":true,"allowAlcohol":true,"allowAgeRestricted":false,"restrictions":[],"accessType":"PICKUP_CURBSIDE","storeCategory":"Supercenter","nodeType":"STORE","pickupStartBuffer":5,"allowBagFee":true,"isBagFeeMandatory":false,"address":{"postalCode":"95122","addressLineOne":"777 STORY RD","city":"San Jose","state":"CA","addressTypeName":"OFFICE","isPOBox":false,"countryCode":"USA"}}],"reservations":[],"isExplicitIntent":false,"hasGiftEligibleItem":false,"warnings":[],"restrictions":[]},"isOmniPromiseResponse":true,"uniqueInstallationOfferIdHolder":[]}}'
2023-11-08 09:52:07.716 [DEBUG] [thread-id 1] - Cart cleared for e2e.teflon.flow.petRx.android.multi@cloudtest.org
2023-11-08 09:52:07.891 [DEBUG] [thread-id 1] - Using us-errors-helpers.yaml
2023-11-08 09:52:08.039 [DEBUG] [thread-id 1] - Start Main
2023-11-08 09:52:08.041 [DEBUG] [thread-id 1] - Executing function: 'us.functions.global.onboarding.navigateOnboardingToHome'
2023-11-08 09:52:08.042 [DEBUG] [thread-id 1] - Executing function: 'us.function.utils.getEnvironmentValue'
2023-11-08 09:52:08.042 [DEBUG] [thread-id 1] - Store in: store the value 'teflon' in the variable 'env'
2023-11-08 09:52:08.042 [DEBUG] [thread-id 1] - Start Activity: 'com.walmart.android.debug.com.walmart.glass.integration.splash.SplashActivity'
2023-11-08 09:52:21.645 [DEBUG] [thread-id 1] - conditionally execute a flow. condition: false
2023-11-08 09:52:21.756 [DEBUG] [thread-id 1] - Verify identifier: {com.walmart.android.debug:id/onboarding_welcome_title_textview=[true]}
2023-11-08 09:52:31.847 [DEBUG] [thread-id 1] - conditionally execute a flow. condition: false
2023-11-08 09:52:31.963 [DEBUG] [thread-id 1] - Verify identifier: {com.walmart.android.debug:id/onboarding_welcome_title_textview=[true]}
2023-11-08 09:52:32.219 [DEBUG] [thread-id 1] - Click element: 'com.walmart.android.debug:id/onboarding_welcome_secondary_button'
2023-11-08 09:52:44.203 [DEBUG] [thread-id 1] - Verify identifier: {com.walmart.android.debug:id/onboarding_location_title_textview=[true]}
2023-11-08 09:52:44.468 [DEBUG] [thread-id 1] - Click element: 'com.walmart.android.debug:id/onboarding_zip_code_button'
2023-11-08 09:52:45.910 [DEBUG] [thread-id 1] - Verify identifier: {com.walmart.android.debug:id/onboarding_title_textview=[true]}
2023-11-08 09:52:46.285 [DEBUG] [thread-id 1] - Click element: 'com.walmart.android.debug:id/onboarding_zip_code_textinput'
2023-11-08 09:52:47.662 [DEBUG] [thread-id 1] - Enter text: '95122'
2023-11-08 09:52:50.176 [DEBUG] [thread-id 1] - Hide keyboard: 'true'
2023-11-08 09:52:56.880 [DEBUG] [thread-id 1] - Click element: 'com.walmart.android.debug:id/onboarding_zip_code_search_button'
2023-11-08 09:52:57.522 [DEBUG] [thread-id 1] - sleep:  3000 milliseconds
2023-11-08 09:53:00.523 [DEBUG] [thread-id 1] - loop: from 0 to 3
2023-11-08 09:53:01.490 [DEBUG] [thread-id 1] - 0
2023-11-08 09:53:12.002 [DEBUG] [thread-id 1] - conditionally execute a flow. condition: false
2023-11-08 09:53:22.062 [DEBUG] [thread-id 1] - Verify identifier: {com.walmart.android.debug:id/onboarding_title_textview=[true]}
2023-11-08 09:53:22.062 [DEBUG] [thread-id 1] - Executing function: 'us.functions.global.onboarding.popUpScreen'
2023-11-08 09:53:22.062 [DEBUG] [thread-id 1] - sleep:  3000 milliseconds
2023-11-08 09:53:35.078 [DEBUG] [thread-id 1] - sleep:  3000 milliseconds
2023-11-08 09:53:38.081 [DEBUG] [thread-id 1] - Executing function: 'us.functions.global.onboarding.smartLock.DismissNoneOfTheAbove'
2023-11-08 09:53:48.085 [DEBUG] [thread-id 1] - sleep:  3000 milliseconds
2023-11-08 09:53:51.095 [DEBUG] [thread-id 1] - Executing function: 'us.functions.home.personalizedPopUpScreenClose'
2023-11-08 09:53:51.095 [DEBUG] [thread-id 1] - sleep:  5000 milliseconds
2023-11-08 09:53:56.097 [DEBUG] [thread-id 1] - conditionally execute a flow. condition: true
2023-11-08 09:53:56.225 [DEBUG] [thread-id 1] - Click element: 'com.walmart.android.debug:id/marketing_privacy_bottom_sheet_deny_btn'
2023-11-08 09:53:56.877 [DEBUG] [thread-id 1] - sleep:  3000 milliseconds
2023-11-08 09:53:59.885 [DEBUG] [thread-id 1] - Executing function: 'us.functions.utils.tryAgainWhenThereIsError'
2023-11-08 09:53:59.887 [DEBUG] [thread-id 1] - loop: from 0 to 3
2023-11-08 09:54:00.108 [DEBUG] [thread-id 1] - 0
2023-11-08 09:54:10.206 [DEBUG] [thread-id 1] - conditionally execute a flow. condition: false
2023-11-08 09:54:20.542 [DEBUG] [thread-id 1] - Executing function: 'us.functions.gic.collapseIfExpanded'
2023-11-08 09:54:21.125 [DEBUG] [thread-id 1] - conditionally execute a flow. condition: true
2023-11-08 09:54:21.236 [DEBUG] [thread-id 1] - Click element: '//android.widget.ImageView[contains(@content-desc,"expanded")]'
2023-11-08 09:54:23.064 [DEBUG] [thread-id 1] - Verify identifier: {com.walmart.android.debug:id/search_view=[true]}
2023-11-08 09:54:23.065 [DEBUG] [thread-id 1] - Executing function: 'us.functions.home.handleReorderToolTip'
2023-11-08 09:54:33.089 [DEBUG] [thread-id 1] - conditionally execute a flow. condition: false
2023-11-08 09:54:33.140 [DEBUG] [thread-id 1] - no tooltip displayed
2023-11-08 09:54:33.141 [DEBUG] [thread-id 1] - Executing function: 'us.functions.home.navigateHomeToSignIn'
2023-11-08 09:54:33.197 [DEBUG] [thread-id 1] - Click element: 'com.walmart.android.debug:id/navigation_account'
2023-11-08 09:54:34.132 [DEBUG] [thread-id 1] - sleep:  5000 milliseconds
2023-11-08 09:54:39.227 [DEBUG] [thread-id 1] - Verify identifier: {//*[@resource-id="com.walmart.android.debug:id/sign_in_button"]|//*[@resource-id="com.walmart.android.debug:id/account_sign_in_button"]=[true]}
2023-11-08 09:54:39.228 [DEBUG] [thread-id 1] - loop: from 1 to 3
2023-11-08 09:54:39.268 [DEBUG] [thread-id 1] - Executing function: 'us.functions.global.onboarding.smartLock.DismissNoneOfTheAbove'
2023-11-08 09:54:49.389 [DEBUG] [thread-id 1] - conditionally execute a flow. condition: true
2023-11-08 09:54:49.463 [DEBUG] [thread-id 1] - Click element: '//*[@resource-id="com.walmart.android.debug:id/sign_in_button"]|//*[@resource-id="com.walmart.android.debug:id/account_sign_in_button"]'
2023-11-08 09:54:50.353 [DEBUG] [thread-id 1] - sleep:  3000 milliseconds
2023-11-08 09:54:53.922 [DEBUG] [thread-id 1] - conditionally execute a flow. condition: true
2023-11-08 09:54:53.949 [DEBUG] [thread-id 1] - Store in: store the value 'true' in the variable 'signInValidated'
2023-11-08 09:54:54.006 [DEBUG] [thread-id 1] - conditionally execute a flow. condition: true
2023-11-08 09:54:54.029 [DEBUG] [thread-id 1] - SignIn page loaded
2023-11-08 09:54:54.053 [DEBUG] [thread-id 1] - Store in: store the value 'false' in the variable 'signInValidated'
2023-11-08 09:54:54.055 [DEBUG] [thread-id 1] - Executing function: 'us.functions.global.authentication.signInAccount'
2023-11-08 09:54:54.056 [DEBUG] [thread-id 1] - Executing function: 'us.functions.global.onboarding.smartLock.DismissNoneOfTheAbove'
2023-11-08 09:55:04.080 [WARN] [thread-id 1] - variable validateSignInPage was used, but r2 could not find a value for this variable. returning default of null
2023-11-08 09:55:04.117 [DEBUG] [thread-id 1] - Verify identifier: {//android.widget.EditText[@text="Email"]=[true]}
2023-11-08 09:55:04.146 [DEBUG] [thread-id 1] - Enter text: 'e2e.teflon.flow.petRx.android.multi@cloudtest.org'
2023-11-08 09:55:06.377 [DEBUG] [thread-id 1] - loop: from 1 to 3
2023-11-08 09:55:07.105 [DEBUG] [thread-id 1] - sleep:  3000 milliseconds
2023-11-08 09:55:10.220 [DEBUG] [thread-id 1] - conditionally execute a flow. condition: true
2023-11-08 09:55:10.327 [DEBUG] [thread-id 1] - Click element: 'com.walmart.android.debug:id/auth_button_main'
2023-11-08 09:55:11.926 [DEBUG] [thread-id 1] - sleep:  5000 milliseconds
2023-11-08 09:55:17.539 [DEBUG] [thread-id 1] - conditionally execute a flow. condition: true
2023-11-08 09:55:17.597 [DEBUG] [thread-id 1] - Store in: store the value 'true' in the variable 'signInValidated'
2023-11-08 09:55:17.656 [DEBUG] [thread-id 1] - conditionally execute a flow. condition: true
2023-11-08 09:55:17.681 [DEBUG] [thread-id 1] - Store in: store the value 'false' in the variable 'signInValidated'
2023-11-08 09:55:17.706 [DEBUG] [thread-id 1] - Email entered
2023-11-08 09:55:37.747 [WARN] [thread-id 1] - variable validateSignInPage was used, but r2 could not find a value for this variable. returning default of null
2023-11-08 09:55:37.748 [DEBUG] [thread-id 1] - loop: from 1 to 3
2023-11-08 09:55:37.778 [DEBUG] [thread-id 1] - sleep:  2000 milliseconds
2023-11-08 09:55:39.861 [DEBUG] [thread-id 1] - conditionally execute a flow. condition: true
2023-11-08 09:55:39.929 [DEBUG] [thread-id 1] - Enter text: 'E2epassword$'
2023-11-08 09:55:42.741 [DEBUG] [thread-id 1] - Press go back key: 'true'
2023-11-08 09:55:43.957 [DEBUG] [thread-id 1] - sleep:  1000 milliseconds
2023-11-08 09:55:45.085 [DEBUG] [thread-id 1] - Click element: 'com.walmart.android.debug:id/auth_button_main'
2023-11-08 09:55:46.328 [DEBUG] [thread-id 1] - sleep:  5000 milliseconds
2023-11-08 09:55:51.470 [DEBUG] [thread-id 1] - conditionally execute a flow. condition: true
2023-11-08 09:55:51.522 [DEBUG] [thread-id 1] - Store in: store the value 'true' in the variable 'signInValidated'
2023-11-08 09:55:51.575 [DEBUG] [thread-id 1] - Executing function: 'us.functions.global.authentication.handleSomethingWentWrongError'
2023-11-08 09:55:51.575 [DEBUG] [thread-id 1] - sleep:  5000 milliseconds
2023-11-08 09:55:56.579 [DEBUG] [thread-id 1] - loop: from 0 to 3
2023-11-08 09:55:56.683 [DEBUG] [thread-id 1] - 0
2023-11-08 09:56:06.803 [DEBUG] [thread-id 1] - conditionally execute a flow. condition: false
2023-11-08 09:56:06.851 [DEBUG] [thread-id 1] - conditionally execute a flow. condition: true
2023-11-08 09:56:06.912 [DEBUG] [thread-id 1] - Account signed in
2023-11-08 09:56:16.965 [DEBUG] [thread-id 1] - Executing function: 'us.functions.utils.handleCartMergePopup'
2023-11-08 09:56:16.965 [DEBUG] [thread-id 1] - sleep:  7000 milliseconds
2023-11-08 09:56:23.971 [DEBUG] [thread-id 1] - loop: from 0 to 4
2023-11-08 09:56:24.060 [DEBUG] [thread-id 1] - 0
2023-11-08 09:56:34.133 [DEBUG] [thread-id 1] - conditionally execute a flow. condition: false
2023-11-08 09:56:34.181 [DEBUG] [thread-id 1] - No cart merge popup observed
2023-11-08 09:56:34.233 [DEBUG] [thread-id 1] - Executing function: 'us.functions.global.navigation.accountToHome'
2023-11-08 09:56:34.234 [DEBUG] [thread-id 1] - conditionally execute a flow. condition: true
2023-11-08 09:56:34.281 [DEBUG] [thread-id 1] - Scroll: up
2023-11-08 09:56:34.959 [DEBUG] [thread-id 1] - Verify identifier: {com.walmart.android.debug:id/purchase_history_header=[true]}
2023-11-08 09:56:45.023 [DEBUG] [thread-id 1] - Click element: 'com.walmart.android.debug:id/navigation_shop'
2023-11-08 09:56:46.552 [DEBUG] [thread-id 1] - Executing function: 'us.functions.home.closeWPlusPromotionPopUpIfDisplayed'
2023-11-08 09:56:46.554 [DEBUG] [thread-id 1] - sleep:  5000 milliseconds
2023-11-08 09:57:01.705 [DEBUG] [thread-id 1] - Executing function: 'us.functions.home.rateDriverPopup'
2023-11-08 09:57:01.705 [DEBUG] [thread-id 1] - sleep:  7000 milliseconds
2023-11-08 09:57:08.709 [DEBUG] [thread-id 1] - loop: from 1 to 6
2023-11-08 09:57:08.767 [DEBUG] [thread-id 1] - 1
2023-11-08 09:57:18.842 [DEBUG] [thread-id 1] - conditionally execute a flow. condition: false
2023-11-08 09:57:18.918 [DEBUG] [thread-id 1] - Executing function: 'us.functions.home.changeStore'
2023-11-08 09:57:18.978 [DEBUG] [thread-id 1] - conditionally execute a flow. condition: true
2023-11-08 09:57:19.702 [DEBUG] [thread-id 1] - Click element: '//android.widget.ImageView[contains(@resource-id, "com.walmart.android.debug:id/global_intent_center_collapsed_chevron") and (contains(@content-desc,"collapsed") or contains(@content-desc,"collapse"))]'
2023-11-08 09:57:20.708 [WARN] [thread-id 1] - variable storeOnly was used, but r2 could not find a value for this variable. returning default of null
2023-11-08 09:57:20.723 [DEBUG] [thread-id 1] - conditionally execute a flow. condition: true
2023-11-08 09:57:31.780 [DEBUG] [thread-id 1] - conditionally execute a flow. condition: false
2023-11-08 09:57:40.911 [DEBUG] [thread-id 1] - Click element: '//android.widget.ImageView[contains(@content-desc, "Pickup") and contains(@content-desc, "2 of 3")] | //*[@resource-id = "com.walmart.android.debug:id/card_btn_hot_pickup"]'
2023-11-08 09:57:43.035 [WARN] [thread-id 1] - variable driverpopup was used, but r2 could not find a value for this variable. returning default of null
2023-11-08 09:57:53.049 [DEBUG] [thread-id 1] - sleep:  2000 milliseconds
2023-11-08 09:57:55.058 [DEBUG] [thread-id 1] - Executing function: 'us.functions.home.closeWPlusPromotionPopUpIfDisplayed'
2023-11-08 09:57:55.059 [DEBUG] [thread-id 1] - sleep:  5000 milliseconds
2023-11-08 09:58:23.833 [DEBUG] [thread-id 1] - Click element: '//*[contains(@resource-id, "global_intent_center_expanded_view")]//androidx.cardview.widget.CardView[contains(@resource-id, "global_intent_center_expanded_large_card")][position()=last()]//*[contains(@resource-id, "global_intent_center_large_card_chevron")] | //*[@resource-id="com.walmart.android.debug:id/gic_hot_pickup_card"]//*[@resource-id = "com.walmart.android.debug:id/gic_hot_card_content"]'
2023-11-08 09:58:49.360 [DEBUG] [thread-id 1] - conditionally execute a flow. condition: false
2023-11-08 09:59:10.619 [DEBUG] [thread-id 1] - Enter text: '95122'
2023-11-08 10:00:38.334 [DEBUG] [thread-id 1] - Click element: '//*[@resource-id="com.walmart.android.debug:id/storeslector_access_points_recycler_view"]/android.view.ViewGroup[1]'
2023-11-08 10:00:59.920 [DEBUG] [thread-id 1] - Click element: 'com.walmart.android.debug:id/store_selector_store_save_button'
2023-11-08 10:03:00.956 [DEBUG] [thread-id 1] - sleep:  5000 milliseconds
2023-11-08 10:03:16.810 [DEBUG] [thread-id 1] - Executing function: 'us.functions.utils.handleTechnicalErrorPopup'
2023-11-08 10:03:16.811 [DEBUG] [thread-id 1] - Store in: store the value 'false' in the variable 'errorRemoved'
2023-11-08 10:03:16.811 [DEBUG] [thread-id 1] - sleep:  7000 milliseconds
2023-11-08 10:03:23.820 [DEBUG] [thread-id 1] - loop: from 0 to 3
2023-11-08 10:03:23.910 [DEBUG] [thread-id 1] - 0
2023-11-08 10:03:34.020 [DEBUG] [thread-id 1] - conditionally execute a flow. condition: false
2023-11-08 10:03:34.093 [DEBUG] [thread-id 1] - Store in: store the value 'true' in the variable 'errorRemoved'
2023-11-08 10:03:34.725 [DEBUG] [thread-id 1] - No Technical Error Pop up observed
2023-11-08 10:03:44.971 [DEBUG] [thread-id 1] - conditionally execute a flow. condition: true
2023-11-08 10:03:45.083 [DEBUG] [thread-id 1] - Click element: 'com.walmart.android.debug:id/global_intent_center_collapsed_chevron'
2023-11-08 10:03:47.717 [DEBUG] [thread-id 1] - Verify identifier: {com.walmart.android.debug:id/global_intent_center_collapsed_location=[true]}
2023-11-08 10:03:47.719 [DEBUG] [thread-id 1] - Store in: store the value 'false' in the variable 'storeOnly'
2023-11-08 10:03:47.720 [DEBUG] [thread-id 1] - Executing function: 'us.functions.gic.expandIfCollapsed'
2023-11-08 10:03:47.771 [DEBUG] [thread-id 1] - conditionally execute a flow. condition: true
2023-11-08 10:03:47.856 [DEBUG] [thread-id 1] - Click element: '//android.widget.ImageView[contains(@resource-id, "com.walmart.android.debug:id/global_intent_center_collapsed_chevron") and (contains(@content-desc,"collapsed") or contains(@content-desc,"collapse"))]'
2023-11-08 10:03:48.841 [DEBUG] [thread-id 1] - Executing function: 'us.functions.gic.setFulfillment'
2023-11-08 10:03:58.867 [DEBUG] [thread-id 1] - conditionally execute a flow. condition: false
2023-11-08 10:03:58.932 [DEBUG] [thread-id 1] - conditionally execute a flow. condition: true
2023-11-08 10:04:08.972 [DEBUG] [thread-id 1] - Click element: '//android.widget.ImageView[contains(@content-desc,"Shipping 1 of 3") or contains(@content-desc,"Shipping selection 1 of 3")]'
2023-11-08 10:04:09.742 [DEBUG] [thread-id 1] - R2_SUBFLOW_POST_TRANSACTION
2023-11-08 10:04:09.743 [DEBUG] [thread-id 1] - Executing function: 'us.functions.utils.fetchFromDataList'
2023-11-08 10:04:09.744 [DEBUG] [thread-id 1] - conditionally execute a flow. condition: false
2023-11-08 10:04:10.759 [DEBUG] [thread-id 1] - Store in: store the value 'FC_DELIVERY' in the variable 'itemGroup'
2023-11-08 10:04:10.760 [DEBUG] [thread-id 1] - loop: over '["2887141918", "1996033768", "2034355960", "1051886288", "22471933", "1201002894", "22471997"]'
2023-11-08 10:04:10.818 [DEBUG] [thread-id 1] - Executing function: 'us.functions.utils.checkItemTransactabality'
2023-11-08 10:04:10.819 [DEBUG] [thread-id 1] - Store in: store the value 'false' in the variable 'itemEligible'
2023-11-08 10:04:10.819 [DEBUG] [thread-id 1] - Call API: 'http://astro.walmart.com/api/v2/teflon/item/transactability'
2023-11-08 10:04:26.426 [DEBUG] [thread-id 1] - Response code is: '200'. Response body is: '{"astroStatus":"SUCCESS","astroDescription":"CART - ADD_TO_CART SUCCESS","astroDetails":{"dbSessionMap":{"CXO_CART_ST":"{\"mtoken\":\"4:23#300261666#2=35065981#8=324683493\"}"},"checkoutable":true,"cart":{"id":"516ec68d-4d43-4bd3-ae43-b6265d8beed1","buyer":{"id":"8e730fbd-e65c-4efc-ba8d-660deaa11380","type":"CUSTOMER"},"storeIds":[],"itemCount":1,"entityErrors":[],"shipping":{"id":"c727dcff-b7e0-48a3-9925-b680fdbaffa7","dbLockVersion":0,"firstName":"test","lastName":"auto","addressId":"35e650b4-6296-4ce8-bc4c-fdce5bfe562c","postalCode":"95122","city":"San Jose","state":"CA","countryCode":"USA","addressLineOne":"1350 Bacchus Dr","latitude":37.325936,"longitude":-121.843014,"phone":"4083453453","deliveryInstructions":"","addressType":"BOTH","isPOBox":false,"isAPOFPO":false,"lastModifiedDate":1697070643043,"deliveryInstructionsDetails":[{"deliveryInstructionType":"REGULAR","deliveryInstruction":""}]},"summary":{"subTotal":109.99,"grandTotal":109.99,"balanceToReachThreshold":0,"fees":[{"type":"MIN_THRESHOLD_FEE","amount":0}],"serviceCharges":[]},"suggestedSlots":[{"id":"9cdd3fa2-f2c3-4e39-86e6-5fb5c6171084-2023-11-08","fulfillmentType":"INSTORE_PICKUP","fulfillmentOption":"PICKUP","accessType":"PICKUP_CURBSIDE","isUnscheduled":false,"accessPointId":"3aa02c56-40ae-406e-a20b-3d9f5f32707f","expressSlot":false,"slaInMins":0,"startTime":1699473600000,"endTime":1699477200000,"cutoffTime":1699469940000,"supportedTimeZone":"US/Eastern","slotPrice":2,"ids":[],"restrictions":[],"status":"AVAILABLE","priority":0,"isAlcoholRestricted":false}],"currencyCode":"USD","preview":false,"tenantId":0,"verticalId":0,"checkoutableErrors":[],"intent":"DELIVERY","pickupStore":{"city":"Frederick","stateOrProvinceCode":"MD","countryCode":"USA","postalCode":"21704","storeId":"32140","services":[{"name":"DELI"},{"name":"BAKERY"},{"name":"TIRE_AND_LUBE"},{"name":"GROCERY_PICKUP_DELIVERY"}]},"deliveryStore":{"city":"Frederick","stateOrProvinceCode":"MD","countryCode":"USA","postalCode":"21704","storeId":"32140","services":[{"name":"DELI"},{"name":"BAKERY"},{"name":"TIRE_AND_LUBE"},{"name":"GROCERY_PICKUP_DELIVERY"}]},"mpStores":[],"fulfillmentPlans":[{"isDefault":true,"fulfillmentModules":[{"name":"UNSCHEDULED_DELIVERY","fulfillmentGroups":[{"sellerId":"455A2F43226F41319399794332C71B7F","fulfillmentOptions":[{"fulfillmentType":"DELIVERY","accessType":"DELIVERY_ADDRESS","accessMode":"NATIONAL_CARRIER","isSelected":true,"isUnscheduled":true,"dateStartRange":1699484340000,"dateEndRange":1699484340000,"itemGroups":[{"itemIds":["821a87a7-8057-4d6b-b397-371951312af9"],"dateTime":1699484340000,"accessMode":"NATIONAL_CARRIER","itemDetails":[{"lineItemId":"821a87a7-8057-4d6b-b397-371951312af9"}],"orderCutoffTime":1699507800000}],"strategy":"SLA_TIER_BASED_PROMISE"}],"fulfillmentSellerType":"WALMART"}],"checkoutableErrors":[],"checkoutable":true,"summary":{"subTotal":109.99,"grandTotal":109.99}}]}],"accessPoints":[{"id":"3aa02c56-40ae-406e-a20b-3d9f5f32707f","name":"32140 In Store Pickup","storeId":32140,"fulfillmentType":"INSTORE_PICKUP","fulfillmentOption":"PICKUP","supportedTimeZone":"US/Eastern","locationInstruction":"[{\"type\":\"CHECKIN_DEFAULT\",\"value\":\"32140 - We&rsquo;ll email you when your order is ready!! Once you get the email,  check in with the Walmart Grocery app to let us know you&rsquo;re on the way</li><li>Follow the orange signs to the pickup area , and park in any designated spot</li><li>We&rsquo;ll bring your order out to you!</li></ol>\"}]","isStoreEbtEligible":true,"allowAlcohol":true,"allowAgeRestricted":true,"restrictions":[],"accessType":"PICKUP_CURBSIDE","storeCategory":"Pharmacy","nodeType":"STORE","pickupStartBuffer":0,"allowBagFee":true,"isBagFeeMandatory":false,"address":{"postalCode":"21704","addressLineOne":"7400 GUILFORD DR","city":"Frederick","state":"MD","addressTypeName":"OFFICE","isPOBox":false,"countryCode":"USA"}}],"reservations":[],"isExplicitIntent":true,"hasGiftEligibleItem":false,"marketPlacePickup":true,"warnings":[],"restrictions":[],"accInstallationSelection":{"isExplicitPackageSelection":false}},"items":[{"id":"821a87a7-8057-4d6b-b397-371951312af9","quantity":1,"price":109.99,"oldPrice":109.99,"linePrice":109.99,"pricePerUnit":18.33,"pricePerUnitUoM":"EA","USItemId":"2887141918","USSellerId":"0","offerId":"0040A9D07B0D4FFBA993DA65058FB537","name":"NEXGARD","seller":{"name":"Walmart.com","type":"INTERNAL","id":"455A2F43226F41319399794332C71B7F","catalogSellerId":0},"variants":[{"name":"Medicine Strength","value":"10.1-24LBS","rank":0}],"availableQuantity":4988138,"maxItemCountPerOrder":1000,"minItemCountPerOrder":1,"primaryCategoryPath":"0:5431:7711239","charPrimaryCategoryPath":"Home Page/Pharmacy/Prescription Medication","sort":1699466665402,"entityErrors":[],"createdDateTime":1699466665402,"isAlcohol":false,"isTemperatureTimeRestricted":false,"isSubstitutionEligible":true,"weightIncrement":1,"unitOfMeasure":"EA","type":"REGULAR","itemClassId":"1","upc":"359415240724","productId":"11P4DTGNRTVG","isSnapEligible":false,"isSubstitutionsAllowed":true,"productSegment":"Health & Beauty","salesUnit":"Each","wupc":"0035941524072","productUrl":"/ip/NEXGARD/2887141918","productType":"Prescription Medicines","sourcingDetails":{"currentSelection":"SHIPPING","nodeAvailableQuantity":4988138},"warnings":[],"fulfillmentDetails":{"fulfillmentId":"8522e51e-4b0e-477d-aee4-c79309767151","slaTier":"THREE_TO_FIVE_DAY","fulfillmentType":"DELIVERY","nodeType":"STORE","fulfillmentTypeClassification":["PHARMACY_PETS"],"initialItemType":"ONLINE_ONLY","isNewItemToCart":true,"fulfillmentMode":"UNSCHEDULED","accessMode":"NATIONAL_CARRIER","accessType":"DELIVERY_ADDRESS","availableFulfillmentOptions":["UNSCHEDULED_DELIVERY"],"fulfillmentModuleName":"UNSCHEDULED_DELIVERY","shippingFulfillmentDate":1699484340000,"maxOrderQuantity":{"unscheduledDelivery":1000}},"shortDescription":"NEXGARD 10.1-24LBS TAB","associations":[],"fulfillmentPrerequisites":[{"preRequisiteList":["MIN_BOX_PROTECTION_REQUIRED"]}],"isEventActive":false,"events":[],"nodeLevelSellables":[],"isPetRxItem":true,"legacyItemId":"2887141918","gtin":"00359415240724","productClassType":"VARIANT","reportingHierarchy":"40000:43000:43004:43110:43300","isPapEligible":false,"isCheckoutAmendable":false,"petItemType":"PET_RX_ITEM","compositions":[],"isSubscriptionEligible":false,"isCashbackEligible":false}],"lastModifiedTime":1699466666300,"cartVersion":3375,"isOmniPromiseResponse":true,"uniqueInstallationOfferIdHolder":[]},"astroInfo":null}'
2023-11-08 10:04:26.436 [DEBUG] [thread-id 1] - conditionally execute a flow. condition: true
2023-11-08 10:04:26.810 [DEBUG] [thread-id 1] - Store in: store the value 'true' in the variable 'itemEligible'
2023-11-08 10:04:26.862 [DEBUG] [thread-id 1] - conditionally execute a flow. condition: true
2023-11-08 10:04:26.910 [DEBUG] [thread-id 1] - Store in: store the value '2887141918' in the variable 'itemFetched'
2023-11-08 10:04:26.961 [DEBUG] [thread-id 1] - Store in: store the value 'walmart://item/2887141918' in the variable 'deeplinkURl'
2023-11-08 10:04:27.013 [DEBUG] [thread-id 1] - Item:2887141918
2023-11-08 10:04:27.068 [DEBUG] [thread-id 1] - deeplinkURL:walmart://item/2887141918
2023-11-08 10:04:27.121 [DEBUG] [thread-id 1] - conditionally execute a flow. condition: true
2023-11-08 10:04:27.188 [DEBUG] [thread-id 1] - Eligible item is 2887141918 for type FC_DELIVERY
2023-11-08 10:04:27.189 [DEBUG] [thread-id 1] - Executing function: 'us.functions.global.navigation.goToDeepLink'
2023-11-08 10:04:27.190 [DEBUG] [thread-id 1] - Verify value of: '$deepLinkUrl'
2023-11-08 10:04:27.190 [DEBUG] [thread-id 1] - Open link: 'walmart://item/2887141918'
2023-11-08 10:04:27.437 [DEBUG] [thread-id 1] - Executing function: 'us.functions.item.petrxItem.verifyPresent'
2023-11-08 10:04:30.557 [DEBUG] [thread-id 1] - Verify identifier: {com.walmart.android.debug:id/item_name=[true], com.walmart.android.debug:id/item_price=[true], Prescription required=[true]}
2023-11-08 10:04:30.558 [DEBUG] [thread-id 1] - Executing function: 'us.functions.item.addItemToCart'
2023-11-08 10:04:30.558 [DEBUG] [thread-id 1] - Executing function: 'us.functions.item.preAddToCartSteps'
2023-11-08 10:04:30.559 [DEBUG] [thread-id 1] - sleep:  5000 milliseconds
2023-11-08 10:04:35.564 [DEBUG] [thread-id 1] - Executing function: 'us.functions.home.closeWPlusPromotionPopUpIfDisplayed'
2023-11-08 10:04:35.564 [DEBUG] [thread-id 1] - sleep:  5000 milliseconds
2023-11-08 10:05:00.648 [DEBUG] [thread-id 1] - Executing function: 'us.functions.utils.tryAgainWhenThereIsError'
2023-11-08 10:05:00.648 [DEBUG] [thread-id 1] - loop: from 0 to 3
2023-11-08 10:05:00.699 [DEBUG] [thread-id 1] - 0
2023-11-08 10:05:10.768 [DEBUG] [thread-id 1] - conditionally execute a flow. condition: false
2023-11-08 10:05:10.846 [DEBUG] [thread-id 1] - sleep:  2000 milliseconds
2023-11-08 10:05:22.892 [DEBUG] [thread-id 1] - Add to cart decrement button is not present
2023-11-08 10:05:22.894 [DEBUG] [thread-id 1] - Executing function: 'us.functions.item.validateAndClickAddToCartButton'
2023-11-08 10:05:22.895 [DEBUG] [thread-id 1] - conditionally execute a flow. condition: true
2023-11-08 10:05:22.930 [DEBUG] [thread-id 1] - ATC button present
2023-11-08 10:05:22.988 [DEBUG] [thread-id 1] - Click element: 'com.walmart.android.debug:id/add_to_cart'
2023-11-08 10:05:23.642 [DEBUG] [thread-id 1] - sleep:  3000 milliseconds
2023-11-08 10:05:26.645 [WARN] [thread-id 1] - variable skipPostAddToCartSteps was used, but r2 could not find a value for this variable. returning default of null
2023-11-08 10:05:26.646 [DEBUG] [thread-id 1] - conditionally execute a flow. condition: true
2023-11-08 10:05:26.742 [DEBUG] [thread-id 1] - Executing function: 'us.functions.item.postAddToCartSteps'
2023-11-08 10:05:56.787 [DEBUG] [thread-id 1] - Executing function: 'us.functions.item.handlePAC'
2023-11-08 10:06:06.825 [DEBUG] [thread-id 1] - Executing function: 'us.functions.item.closeItemPage'
2023-11-08 10:06:06.825 [DEBUG] [thread-id 1] - loop: from 0 to 3
2023-11-08 10:06:06.863 [DEBUG] [thread-id 1] - conditionally execute a flow. condition: true
2023-11-08 10:06:06.942 [DEBUG] [thread-id 1] - Click element: 'com.walmart.android.debug:id/icon_close'
2023-11-08 10:06:18.822 [DEBUG] [thread-id 1] - conditionally execute a flow. condition: false
2023-11-08 10:06:18.869 [DEBUG] [thread-id 1] - sleep:  5000 milliseconds
2023-11-08 10:06:23.875 [DEBUG] [thread-id 1] - Verify identifier: {com.walmart.android.debug:id/item_name || com.walmart.android.debug:id/item_redesign_name || com.walmart.android.debug:id/item_name_smaller_title=[true]}
2023-11-08 10:06:23.877 [DEBUG] [thread-id 1] - Verify identifier: {com.walmart.android.debug:id/cart_summary_count=[true]}
2023-11-08 10:06:23.878 [DEBUG] [thread-id 1] - Store in: store the value 'false' in the variable 'skipPostAddToCartSteps'
2023-11-08 10:06:23.885 [DEBUG] [thread-id 1] - Store in: store the value 'false' in the variable 'apiFetch'
2023-11-08 10:06:23.887 [DEBUG] [thread-id 1] - Executing function: 'us.functions.global.navigation.toCartFromNavBar'
2023-11-08 10:06:23.961 [DEBUG] [thread-id 1] - Verify identifier: {com.walmart.android.debug:id/cart_summary_icon=[true]}
2023-11-08 10:06:24.040 [DEBUG] [thread-id 1] - Click element: 'com.walmart.android.debug:id/cart_summary_icon'
2023-11-08 10:06:24.789 [DEBUG] [thread-id 1] - sleep:  6000 milliseconds
2023-11-08 10:06:30.794 [DEBUG] [thread-id 1] - Executing function: 'us.functions.cart.itemMultiSellerUpdatePopUp'
2023-11-08 10:06:40.805 [DEBUG] [thread-id 1] - Executing function: 'us.functions.cart.storeChangePopUp'
2023-11-08 10:07:00.835 [DEBUG] [thread-id 1] - conditionally execute a flow. condition: false
2023-11-08 10:07:10.904 [DEBUG] [thread-id 1] - conditionally execute a flow. condition: false
2023-11-08 10:07:10.949 [WARN] [thread-id 1] - variable skipValidation was used, but r2 could not find a value for this variable. returning default of null
2023-11-08 10:07:10.950 [DEBUG] [thread-id 1] - conditionally execute a flow. condition: true
2023-11-08 10:07:11.005 [DEBUG] [thread-id 1] - Executing function: 'us.functions.utils.handleTechnicalErrorPageInCart'
2023-11-08 10:07:11.005 [DEBUG] [thread-id 1] - Store in: store the value 'false' in the variable 'cartPageLoaded'
2023-11-08 10:07:11.005 [DEBUG] [thread-id 1] - loop: from 0 to 7
2023-11-08 10:07:11.068 [DEBUG] [thread-id 1] - 0
2023-11-08 10:07:11.170 [DEBUG] [thread-id 1] - conditionally execute a flow. condition: true
2023-11-08 10:07:11.222 [DEBUG] [thread-id 1] - conditionally execute a flow. condition: true
2023-11-08 10:07:11.270 [DEBUG] [thread-id 1] - Store in: store the value 'true' in the variable 'cartPageLoaded'
2023-11-08 10:07:21.363 [DEBUG] [thread-id 1] - conditionally execute a flow. condition: false
2023-11-08 10:07:21.410 [DEBUG] [thread-id 1] - conditionally execute a flow. condition: true
2023-11-08 10:07:21.462 [DEBUG] [thread-id 1] - Store in: store the value 'true' in the variable 'cartPageLoaded'
2023-11-08 10:07:21.512 [DEBUG] [thread-id 1] - conditionally execute a flow. condition: false
2023-11-08 10:07:21.562 [DEBUG] [thread-id 1] - conditionally execute a flow. condition: true
2023-11-08 10:07:21.612 [DEBUG] [thread-id 1] - Cart page loaded successfully
2023-11-08 10:07:21.663 [DEBUG] [thread-id 1] - Scroll: up
2023-11-08 10:07:22.366 [DEBUG] [thread-id 1] - Verify identifier: {com.walmart.android.debug:id/cartText=[true]}
2023-11-08 10:07:22.416 [DEBUG] [thread-id 1] - cart page loaded
2023-11-08 10:07:22.472 [DEBUG] [thread-id 1] - Executing function: 'us.functions.utils.waitForLoadingImageToDisappear'
2023-11-08 10:07:22.473 [DEBUG] [thread-id 1] - sleep:  3000 milliseconds
2023-11-08 10:07:25.479 [DEBUG] [thread-id 1] - loop: from 0 to 5
2023-11-08 10:07:35.631 [DEBUG] [thread-id 1] - conditionally execute a flow. condition: false
2023-11-08 10:07:35.676 [DEBUG] [thread-id 1] - Executing function: 'us.functions.cart.increaseToMaxQty'
2023-11-08 10:07:35.677 [DEBUG] [thread-id 1] - Executing function: 'us.functions.utils.scrollIfNotVisible'
2023-11-08 10:07:35.677 [WARN] [thread-id 1] - variable scrollLimit was used, but r2 could not find a value for this variable. returning default of null
2023-11-08 10:07:35.690 [DEBUG] [thread-id 1] - conditionally execute a flow. condition: true
2023-11-08 10:07:35.736 [DEBUG] [thread-id 1] - Store in: store the value '5' in the variable 'scrollLimit'
2023-11-08 10:07:35.737 [DEBUG] [thread-id 1] - Scroll limit set to - 5
2023-11-08 10:07:45.771 [DEBUG] [thread-id 1] - conditionally execute a flow. condition: false
2023-11-08 10:07:45.822 [WARN] [thread-id 1] - variable scrollPosition was used, but r2 could not find a value for this variable. returning default of null
2023-11-08 10:07:45.824 [DEBUG] [thread-id 1] - conditionally execute a flow. condition: true
2023-11-08 10:07:45.874 [WARN] [thread-id 1] - variable identifierScope was used, but r2 could not find a value for this variable. returning default of null
2023-11-08 10:07:45.876 [DEBUG] [thread-id 1] - conditionally execute a flow. condition: true
2023-11-08 10:07:45.925 [DEBUG] [thread-id 1] - Scroll: up
2023-11-08 10:07:49.423 [DEBUG] [thread-id 1] - Resetting scrollPosition variable to default
2023-11-08 10:07:49.424 [DEBUG] [thread-id 1] - Store in: store the value 'null' in the variable 'scrollPosition'
2023-11-08 10:07:49.424 [DEBUG] [thread-id 1] - Store in: store the value 'null' in the variable 'identifierScope'
2023-11-08 10:07:49.424 [DEBUG] [thread-id 1] - Store in: store the value 'null' in the variable 'scrollLimit'
2023-11-08 10:07:49.478 [DEBUG] [thread-id 1] - Verify identifier: {com.walmart.android.debug:id/button_plus=[true]}
2023-11-08 10:07:49.479 [DEBUG] [thread-id 1] - loop: from 0 to 1
2023-11-08 10:07:49.582 [DEBUG] [thread-id 1] - Click element: 'com.walmart.android.debug:id/button_plus'
2023-11-08 10:07:50.432 [DEBUG] [thread-id 1] - 0
2023-11-08 10:07:50.434 [DEBUG] [thread-id 1] - Executing function: 'us.functions.cart.verifyCardDetails'
2023-11-08 10:07:50.435 [DEBUG] [thread-id 1] - Executing function: 'us.functions.utils.getFulfillmentTextsToCompare'
2023-11-08 10:07:50.436 [WARN] [thread-id 1] - variable altFulfillmentText was used, but r2 could not find a value for this variable. returning default of null
2023-11-08 10:07:50.436 [DEBUG] [thread-id 1] - conditionally execute a flow. condition: true
2023-11-08 10:07:50.942 [DEBUG] [thread-id 1] - conditionally execute a flow. condition: true
2023-11-08 10:07:50.992 [WARN] [thread-id 1] - variable newGIC was used, but r2 could not find a value for this variable. returning default of null
2023-11-08 10:07:50.993 [DEBUG] [thread-id 1] - conditionally execute a flow. condition: false
2023-11-08 10:07:51.040 [DEBUG] [thread-id 1] - Store in: store the value 'shipping' in the variable 'altFulfillmentText'
2023-11-08 10:07:51.041 [DEBUG] [thread-id 1] - -------Validate Shipping cart details function start-------
2023-11-08 10:07:51.041 [WARN] [thread-id 1] - variable initialCartDataSetup was used, but r2 could not find a value for this variable. returning default of null
2023-11-08 10:07:51.044 [DEBUG] [thread-id 1] - conditionally execute a flow. condition: true
2023-11-08 10:07:51.093 [DEBUG] [thread-id 1] - sleep:  5000 milliseconds
2023-11-08 10:07:56.194 [DEBUG] [thread-id 1] - Executing function: 'us.functions.cart.scrollToTopOfCart'
2023-11-08 10:07:56.194 [DEBUG] [thread-id 1] - -------Scroll to top of cart page function start-------
2023-11-08 10:07:56.194 [DEBUG] [thread-id 1] - Scrolling to top of cart page
2023-11-08 10:07:56.195 [DEBUG] [thread-id 1] - sleep:  5000 milliseconds
2023-11-08 10:08:01.304 [DEBUG] [thread-id 1] - Verify identifier: {//android.widget.TextView[@text="Cart"] | //android.widget.Button[contains(@text,"Remove")] | //android.widget.Button[@text="Shop similar"] | //android.widget.Button[@text="Start a new order"] | //android.widget.Button[@text="Continue to checkout"] | //android.widget.Button[@text="Checkout all items"]=[true]}
2023-11-08 10:08:11.307 [DEBUG] [thread-id 1] - conditionally execute a flow. condition: false
2023-11-08 10:08:11.355 [DEBUG] [thread-id 1] - loop: from 0 to 7
2023-11-08 10:08:11.405 [DEBUG] [thread-id 1] - Check 0
2023-11-08 10:08:11.504 [DEBUG] [thread-id 1] - conditionally execute a flow. condition: true
2023-11-08 10:08:11.565 [WARN] [thread-id 1] - variable validateText was used, but r2 could not find a value for this variable. returning default of null
2023-11-08 10:08:11.566 [DEBUG] [thread-id 1] - conditionally execute a flow. condition: true
2023-11-08 10:08:11.688 [DEBUG] [thread-id 1] - get string: from '//*[@resource-id="com.walmart.android.debug:id/section_header_card"][1]//*[@resource-id="com.walmart.android.debug:id/fulfillment_method"]' [type='text']
2023-11-08 10:08:11.747 [DEBUG] [thread-id 1] - Scrolling up till cart page top is reached
2023-11-08 10:08:11.795 [DEBUG] [thread-id 1] - Scroll: up
2023-11-08 10:08:15.376 [DEBUG] [thread-id 1] - Check 1
2023-11-08 10:08:15.465 [DEBUG] [thread-id 1] - conditionally execute a flow. condition: true
2023-11-08 10:08:15.515 [DEBUG] [thread-id 1] - conditionally execute a flow. condition: false
2023-11-08 10:08:15.604 [DEBUG] [thread-id 1] - get string: from '//*[@resource-id="com.walmart.android.debug:id/section_header_card"][1]//*[@resource-id="com.walmart.android.debug:id/fulfillment_method"]' [type='text']
2023-11-08 10:08:15.656 [DEBUG] [thread-id 1] - Store currently displayed fulfillment type and compare with previously displayed fulfillment type text
2023-11-08 10:08:15.704 [DEBUG] [thread-id 1] - conditionally execute a flow. condition: true
2023-11-08 10:08:15.757 [DEBUG] [thread-id 1] - Breaking the loop as cart page top is reached
2023-11-08 10:08:15.951 [DEBUG] [thread-id 1] - Store in: store the value 'null' in the variable 'validateText'
2023-11-08 10:08:15.952 [DEBUG] [thread-id 1] - -------Scroll to top of cart page function end-------
2023-11-08 10:08:15.994 [DEBUG] [thread-id 1] - conditionally execute a flow. condition: true
2023-11-08 10:08:16.036 [DEBUG] [thread-id 1] - Cart page displayed
2023-11-08 10:08:16.081 [WARN] [thread-id 1] - variable validationScope was used, but r2 could not find a value for this variable. returning default of null
2023-11-08 10:08:16.128 [DEBUG] [thread-id 1] - Store in: store the value 'complete' in the variable 'initialCartDataSetup'
2023-11-08 10:08:16.128 [DEBUG] [thread-id 1] - Executing function: 'us.functions.cart.scrollToSection'
2023-11-08 10:08:16.129 [DEBUG] [thread-id 1] - -------Scroll to Shipping section start-------
2023-11-08 10:08:16.129 [DEBUG] [thread-id 1] - Scrolls to the required fulfillment section
2023-11-08 10:08:16.129 [WARN] [thread-id 1] - variable resetScrollDetails was used, but r2 could not find a value for this variable. returning default of null
2023-11-08 10:08:16.129 [DEBUG] [thread-id 1] - Scroll to top of cart page
2023-11-08 10:08:16.129 [WARN] [thread-id 1] - variable firstCartSection was used, but r2 could not find a value for this variable. returning default of null
2023-11-08 10:08:16.130 [DEBUG] [thread-id 1] - conditionally execute a flow. condition: true
2023-11-08 10:08:16.176 [DEBUG] [thread-id 1] - Executing function: 'us.functions.cart.scrollToTopOfCart'
2023-11-08 10:08:16.177 [DEBUG] [thread-id 1] - -------Scroll to top of cart page function start-------
2023-11-08 10:08:16.177 [DEBUG] [thread-id 1] - Scrolling to top of cart page
2023-11-08 10:08:16.177 [DEBUG] [thread-id 1] - sleep:  5000 milliseconds
2023-11-08 10:08:21.275 [DEBUG] [thread-id 1] - Verify identifier: {//android.widget.TextView[@text="Cart"] | //android.widget.Button[contains(@text,"Remove")] | //android.widget.Button[@text="Shop similar"] | //android.widget.Button[@text="Start a new order"] | //android.widget.Button[@text="Continue to checkout"] | //android.widget.Button[@text="Checkout all items"]=[true]}
2023-11-08 10:08:31.315 [DEBUG] [thread-id 1] - conditionally execute a flow. condition: false
2023-11-08 10:08:31.363 [DEBUG] [thread-id 1] - loop: from 0 to 7
2023-11-08 10:08:31.406 [DEBUG] [thread-id 1] - Check 0
2023-11-08 10:08:31.516 [DEBUG] [thread-id 1] - conditionally execute a flow. condition: true
2023-11-08 10:08:31.575 [DEBUG] [thread-id 1] - conditionally execute a flow. condition: true
2023-11-08 10:08:31.682 [DEBUG] [thread-id 1] - get string: from '//*[@resource-id="com.walmart.android.debug:id/section_header_card"][1]//*[@resource-id="com.walmart.android.debug:id/fulfillment_method"]' [type='text']
2023-11-08 10:08:31.728 [DEBUG] [thread-id 1] - Scrolling up till cart page top is reached
2023-11-08 10:08:31.776 [DEBUG] [thread-id 1] - Scroll: up
2023-11-08 10:08:35.334 [DEBUG] [thread-id 1] - Check 1
2023-11-08 10:08:35.421 [DEBUG] [thread-id 1] - conditionally execute a flow. condition: true
2023-11-08 10:08:35.478 [DEBUG] [thread-id 1] - conditionally execute a flow. condition: false
2023-11-08 10:08:35.577 [DEBUG] [thread-id 1] - get string: from '//*[@resource-id="com.walmart.android.debug:id/section_header_card"][1]//*[@resource-id="com.walmart.android.debug:id/fulfillment_method"]' [type='text']
2023-11-08 10:08:35.626 [DEBUG] [thread-id 1] - Store currently displayed fulfillment type and compare with previously displayed fulfillment type text
2023-11-08 10:08:35.676 [DEBUG] [thread-id 1] - conditionally execute a flow. condition: true
2023-11-08 10:08:35.728 [DEBUG] [thread-id 1] - Breaking the loop as cart page top is reached
2023-11-08 10:08:35.923 [DEBUG] [thread-id 1] - Store in: store the value 'null' in the variable 'validateText'
2023-11-08 10:08:35.924 [DEBUG] [thread-id 1] - -------Scroll to top of cart page function end-------
2023-11-08 10:08:46.132 [DEBUG] [thread-id 1] - get string: from '//*[@resource-id="com.walmart.android.debug:id/section_header_card"][1]//*[@resource-id="com.walmart.android.debug:id/fulfillment_method"]' [type='text']
2023-11-08 10:08:46.167 [DEBUG] [thread-id 1] - conditionally execute a flow. condition: true
2023-11-08 10:08:46.219 [DEBUG] [thread-id 1] - Already at the top of cart page
2023-11-08 10:08:46.268 [DEBUG] [thread-id 1] - Skip scrolling if required section is already displayed
2023-11-08 10:09:06.384 [DEBUG] [thread-id 1] - Executing function: 'us.functions.utils.scrollIfNotVisible'
2023-11-08 10:09:06.386 [DEBUG] [thread-id 1] - conditionally execute a flow. condition: true
2023-11-08 10:09:06.439 [DEBUG] [thread-id 1] - Store in: store the value '5' in the variable 'scrollLimit'
2023-11-08 10:09:06.441 [DEBUG] [thread-id 1] - Scroll limit set to - 5
2023-11-08 10:09:06.485 [DEBUG] [thread-id 1] - conditionally execute a flow. condition: true
2023-11-08 10:09:06.538 [DEBUG] [thread-id 1] - Required identifier already displayed
2023-11-08 10:09:06.538 [DEBUG] [thread-id 1] - Resetting scrollPosition variable to default
2023-11-08 10:09:06.539 [DEBUG] [thread-id 1] - Store in: store the value 'null' in the variable 'scrollPosition'
2023-11-08 10:09:06.539 [DEBUG] [thread-id 1] - Store in: store the value 'null' in the variable 'identifierScope'
2023-11-08 10:09:06.539 [DEBUG] [thread-id 1] - Store in: store the value 'null' in the variable 'scrollLimit'
2023-11-08 10:09:06.593 [DEBUG] [thread-id 1] - Required cart Shipping fufillment section is scrolled.
2023-11-08 10:09:06.593 [DEBUG] [thread-id 1] - Store in: store the value 'false' in the variable 'resetScrollDetails'
2023-11-08 10:09:06.594 [DEBUG] [thread-id 1] - -------Scroll to Shipping section end-------
2023-11-08 10:09:06.689 [DEBUG] [thread-id 1] - Verify identifier: {//*[@resource-id="com.walmart.android.debug:id/fulfillment_method" and (contains(@text, "Shipping") or contains(@text, "shipping"))]=[true]}
2023-11-08 10:09:06.690 [WARN] [thread-id 1] - variable unscheduled was used, but r2 could not find a value for this variable. returning default of null
2023-11-08 10:09:06.690 [WARN] [thread-id 1] - variable validationScope was used, but r2 could not find a value for this variable. returning default of null
2023-11-08 10:09:06.690 [DEBUG] [thread-id 1] - conditionally execute a flow. condition: false
2023-11-08 10:09:06.740 [DEBUG] [thread-id 1] - Basic Shipping fulfillment section validation done
2023-11-08 10:09:06.741 [WARN] [thread-id 1] - variable partialCheckout was used, but r2 could not find a value for this variable. returning default of null
2023-11-08 10:09:06.741 [DEBUG] [thread-id 1] - Store in: store the value 'null' in the variable 'altFulfillmentText'
2023-11-08 10:09:06.741 [DEBUG] [thread-id 1] - Store in: store the value 'null' in the variable 'validationScope'
2023-11-08 10:09:06.742 [DEBUG] [thread-id 1] - Store in: store the value 'false' in the variable 'unscheduled'
2023-11-08 10:09:06.742 [DEBUG] [thread-id 1] - Store in: store the value 'false' in the variable 'partialCheckout'
2023-11-08 10:09:06.744 [DEBUG] [thread-id 1] - -------Validate Shipping cart details function end-------
2023-11-08 10:09:06.745 [DEBUG] [thread-id 1] - Executing function: 'us.functions.cart.continueToCheckout'
2023-11-08 10:09:06.745 [DEBUG] [thread-id 1] - Verify identifier: {com.walmart.android.debug:id/cart_continue_to_checkout_button=[true]}
2023-11-08 10:09:11.812 [DEBUG] [thread-id 1] - Click element: 'com.walmart.android.debug:id/cart_continue_to_checkout_button'
2023-11-08 10:09:12.423 [DEBUG] [thread-id 1] - sleep:  5000 milliseconds
2023-11-08 10:09:17.429 [DEBUG] [thread-id 1] - loop: from 1 to 3
2023-11-08 10:09:27.550 [DEBUG] [thread-id 1] - conditionally execute a flow. condition: false
2023-11-08 10:09:47.631 [DEBUG] [thread-id 1] - Executing function: 'us.functions.reserveSlot.fcormpselectaddressandcontinue'
2023-11-08 10:09:47.651 [DEBUG] [thread-id 1] - conditionally execute a flow. condition: true
2023-11-08 10:09:52.728 [DEBUG] [thread-id 1] - Click element: 'com.walmart.android.debug:id/choose_address_radio_button'
2023-11-08 10:09:53.976 [DEBUG] [thread-id 1] - Click element: 'com.walmart.android.debug:id/select_address_continue_button'
2023-11-08 10:09:54.595 [DEBUG] [thread-id 1] - Executing function: 'us.functions.home.closeWPlusPromotionPopUpIfDisplayed'
2023-11-08 10:09:54.596 [DEBUG] [thread-id 1] - sleep:  5000 milliseconds
2023-11-08 10:10:09.660 [DEBUG] [thread-id 1] - conditionally execute a flow. condition: true
2023-11-08 10:10:09.697 [DEBUG] [thread-id 1] - Clicked on Checkout button successfully
2023-11-08 10:10:09.698 [DEBUG] [thread-id 1] - Executing function: 'us.functions.checkout.AddPetVet'
2023-11-08 10:10:09.698 [DEBUG] [thread-id 1] - Scroll: down
2023-11-08 10:10:13.227 [DEBUG] [thread-id 1] - conditionally execute a flow. condition: true
2023-11-08 10:10:13.285 [DEBUG] [thread-id 1] - Click element: 'com.walmart.android.debug:id/add_pet_vet_info_button'
2023-11-08 10:10:13.875 [DEBUG] [thread-id 1] - Executing function: 'us.functions.checkout.MultiSelectionPetVet'
2023-11-08 10:10:15.103 [DEBUG] [thread-id 1] - Verify identifier: {2=[true]}
2023-11-08 10:10:15.145 [DEBUG] [thread-id 1] - Click element: '2'
2023-11-08 10:10:16.807 [DEBUG] [thread-id 1] - Verify identifier: {1=[true]}
2023-11-08 10:10:16.839 [DEBUG] [thread-id 1] - Click element: '1'
2023-11-08 10:10:18.731 [DEBUG] [thread-id 1] - Verify identifier: {//android.widget.TextView[@text="Select a pet"]=[true]}
2023-11-08 10:10:18.761 [DEBUG] [thread-id 1] - Click element: '//android.widget.TextView[@text="Select a pet"]'
2023-11-08 10:10:20.236 [DEBUG] [thread-id 1] - Verify identifier: {Gia=[true]}
2023-11-08 10:10:20.262 [DEBUG] [thread-id 1] - Click element: 'Gia'
2023-11-08 10:10:21.543 [DEBUG] [thread-id 1] - Verify identifier: {Provider's name (clinic name)=[true]}
2023-11-08 10:10:21.574 [DEBUG] [thread-id 1] - Click element: 'Provider's name (clinic name)'
2023-11-08 10:10:23.146 [DEBUG] [thread-id 1] - Verify identifier: {//android.widget.CheckedTextView[@resource-id="com.walmart.android.debug:id/dropdown_item"][2]=[true]}
2023-11-08 10:10:23.170 [DEBUG] [thread-id 1] - Click element: '//android.widget.CheckedTextView[@resource-id="com.walmart.android.debug:id/dropdown_item"][2]'
2023-11-08 10:10:24.433 [DEBUG] [thread-id 1] - sleep:  3000 milliseconds
2023-11-08 10:10:27.512 [DEBUG] [thread-id 1] - Verify identifier: {//android.widget.TextView[@text="Select a pet"]=[true]}
2023-11-08 10:10:27.557 [DEBUG] [thread-id 1] - Click element: '//android.widget.TextView[@text="Select a pet"]'
2023-11-08 10:10:29.058 [DEBUG] [thread-id 1] - Verify identifier: {Chris=[true]}
2023-11-08 10:10:29.098 [DEBUG] [thread-id 1] - Click element: 'Chris'
2023-11-08 10:10:30.433 [DEBUG] [thread-id 1] - Verify identifier: {Provider's name (clinic name)=[true]}
2023-11-08 10:10:30.480 [DEBUG] [thread-id 1] - Click element: 'Provider's name (clinic name)'
2023-11-08 10:10:31.914 [DEBUG] [thread-id 1] - Verify identifier: {WALNUT PLAZA VETERINARY HOSPITAL=[true]}
2023-11-08 10:10:32.093 [DEBUG] [thread-id 1] - Click element: 'WALNUT PLAZA VETERINARY HOSPITAL'
2023-11-08 10:10:33.407 [DEBUG] [thread-id 1] - Verify identifier: {com.walmart.android.debug:id/button_save_pet_info=[true]}
2023-11-08 10:10:33.438 [DEBUG] [thread-id 1] - Click element: 'com.walmart.android.debug:id/button_save_pet_info'
2023-11-08 10:10:34.043 [DEBUG] [thread-id 1] - Executing function: 'us.functions.checkout.reviewOrder.verifyCardDetails'
2023-11-08 10:10:34.044 [DEBUG] [thread-id 1] - Executing function: 'us.functions.utils.getFulfillmentTextsToCompare'
2023-11-08 10:10:34.045 [DEBUG] [thread-id 1] - conditionally execute a flow. condition: true
2023-11-08 10:10:34.298 [DEBUG] [thread-id 1] - conditionally execute a flow. condition: true
2023-11-08 10:10:35.152 [WARN] [thread-id 1] - variable newGIC was used, but r2 could not find a value for this variable. returning default of null
2023-11-08 10:10:35.157 [DEBUG] [thread-id 1] - conditionally execute a flow. condition: false
2023-11-08 10:10:35.200 [DEBUG] [thread-id 1] - Store in: store the value 'shipping' in the variable 'altFulfillmentText'
2023-11-08 10:10:35.200 [DEBUG] [thread-id 1] - -------Validate Shipping review order details function start-------
2023-11-08 10:10:35.200 [WARN] [thread-id 1] - variable initialCheckoutDataSetup was used, but r2 could not find a value for this variable. returning default of null
2023-11-08 10:10:35.205 [DEBUG] [thread-id 1] - conditionally execute a flow. condition: true
2023-11-08 10:10:35.251 [DEBUG] [thread-id 1] - sleep:  5000 milliseconds
2023-11-08 10:10:40.432 [DEBUG] [thread-id 1] - conditionally execute a flow. condition: true
2023-11-08 10:10:40.476 [DEBUG] [thread-id 1] - Review order page loaded successfully
2023-11-08 10:10:40.509 [DEBUG] [thread-id 1] - Store in: store the value 'complete' in the variable 'initialCheckoutDataSetup'
2023-11-08 10:10:40.512 [DEBUG] [thread-id 1] - Executing function: 'us.functions.checkout.reviewOrder.scrollToSection'
2023-11-08 10:10:40.513 [DEBUG] [thread-id 1] - -------Scroll to Shipping section start-------
2023-11-08 10:10:40.513 [DEBUG] [thread-id 1] - Function to scroll and display appropriate fulfillment section
2023-11-08 10:10:40.513 [DEBUG] [thread-id 1] - Scroll to top of review page
2023-11-08 10:10:40.513 [WARN] [thread-id 1] - variable firstReviewSection was used, but r2 could not find a value for this variable. returning default of null
2023-11-08 10:10:40.514 [DEBUG] [thread-id 1] - conditionally execute a flow. condition: true
2023-11-08 10:10:40.565 [DEBUG] [thread-id 1] - Executing function: 'us.functions.checkout.reviewOrder.scrollToTopOfReviewOrder'
2023-11-08 10:10:40.565 [DEBUG] [thread-id 1] - Scrolling to top of review order page
2023-11-08 10:10:40.565 [DEBUG] [thread-id 1] - sleep:  5000 milliseconds
2023-11-08 10:10:45.669 [DEBUG] [thread-id 1] - Verify identifier: {//android.widget.TextView[(@text="Review Order") or (@text="Checkout")]=[true]}
2023-11-08 10:10:45.670 [DEBUG] [thread-id 1] - loop: from 0 to 7
2023-11-08 10:10:45.732 [DEBUG] [thread-id 1] - Check 0
2023-11-08 10:10:45.812 [DEBUG] [thread-id 1] - conditionally execute a flow. condition: true
2023-11-08 10:10:45.842 [DEBUG] [thread-id 1] - conditionally execute a flow. condition: true
2023-11-08 10:10:45.912 [DEBUG] [thread-id 1] - get string: from '//*[@resource-id="com.walmart.android.debug:id/review_order_recycler_view"]/androidx.cardview.widget.CardView[1]//*[@resource-id="com.walmart.android.debug:id/delivery_section_new_title"]' [type='text']
2023-11-08 10:10:45.950 [DEBUG] [thread-id 1] - Scrolling up till cart page top is reached
2023-11-08 10:10:45.990 [DEBUG] [thread-id 1] - Scroll: up
2023-11-08 10:10:49.439 [DEBUG] [thread-id 1] - Check 1
2023-11-08 10:10:49.505 [DEBUG] [thread-id 1] - conditionally execute a flow. condition: true
2023-11-08 10:10:49.537 [DEBUG] [thread-id 1] - conditionally execute a flow. condition: false
2023-11-08 10:10:49.607 [DEBUG] [thread-id 1] - get string: from '//*[@resource-id="com.walmart.android.debug:id/review_order_recycler_view"]/androidx.cardview.widget.CardView[1]//*[@resource-id="com.walmart.android.debug:id/delivery_section_new_title"]' [type='text']
2023-11-08 10:10:49.637 [DEBUG] [thread-id 1] - Store currently displayed fulfillment type and compare with previously displayed fulfillment type text
2023-11-08 10:10:49.671 [DEBUG] [thread-id 1] - conditionally execute a flow. condition: true
2023-11-08 10:10:49.710 [DEBUG] [thread-id 1] - Breaking the loop as review order page top is reached
2023-11-08 10:10:49.862 [DEBUG] [thread-id 1] - Store in: store the value 'null' in the variable 'validateText'
2023-11-08 10:10:49.953 [DEBUG] [thread-id 1] - get string: from '//*[@resource-id="com.walmart.android.debug:id/review_order_recycler_view"]/androidx.cardview.widget.CardView[1]//*[@resource-id="com.walmart.android.debug:id/delivery_section_new_title"]' [type='text']
2023-11-08 10:10:49.996 [DEBUG] [thread-id 1] - Free shipping, arrives by
2023-11-08 10:10:50.027 [DEBUG] [thread-id 1] - conditionally execute a flow. condition: true
2023-11-08 10:10:50.065 [DEBUG] [thread-id 1] - Already at the top of review page
2023-11-08 10:10:50.098 [DEBUG] [thread-id 1] - Skip scrolling if required section is already displayed
2023-11-08 10:11:10.186 [DEBUG] [thread-id 1] - Executing function: 'us.functions.utils.scrollIfNotVisible'
2023-11-08 10:11:10.187 [DEBUG] [thread-id 1] - conditionally execute a flow. condition: true
2023-11-08 10:11:10.228 [DEBUG] [thread-id 1] - Store in: store the value '5' in the variable 'scrollLimit'
2023-11-08 10:11:10.229 [DEBUG] [thread-id 1] - Scroll limit set to - 5
2023-11-08 10:11:10.251 [DEBUG] [thread-id 1] - conditionally execute a flow. condition: true
2023-11-08 10:11:10.285 [DEBUG] [thread-id 1] - Required identifier already displayed
2023-11-08 10:11:10.288 [DEBUG] [thread-id 1] - Resetting scrollPosition variable to default
2023-11-08 10:11:10.289 [DEBUG] [thread-id 1] - Store in: store the value 'null' in the variable 'scrollPosition'
2023-11-08 10:11:10.290 [DEBUG] [thread-id 1] - Store in: store the value 'null' in the variable 'identifierScope'
2023-11-08 10:11:10.290 [DEBUG] [thread-id 1] - Store in: store the value 'null' in the variable 'scrollLimit'
2023-11-08 10:11:10.320 [DEBUG] [thread-id 1] - Required review order Shipping fufillment section is scrolled.
2023-11-08 10:11:10.321 [DEBUG] [thread-id 1] - Store in: store the value 'false' in the variable 'resetScrollDetails'
2023-11-08 10:11:10.326 [DEBUG] [thread-id 1] - -------Scroll to Shipping section end-------
2023-11-08 10:11:10.393 [DEBUG] [thread-id 1] - Verify identifier: {//*[@resource-id="com.walmart.android.debug:id/delivery_section_new_title" and (contains(@text, "Shipping") or contains(@text, "shipping"))]=[true]}
2023-11-08 10:11:10.394 [DEBUG] [thread-id 1] - Executing function: 'us.functions.utils.scrollIfNotVisible'
2023-11-08 10:11:10.395 [DEBUG] [thread-id 1] - conditionally execute a flow. condition: true
2023-11-08 10:11:10.426 [DEBUG] [thread-id 1] - Store in: store the value '5' in the variable 'scrollLimit'
2023-11-08 10:11:10.427 [DEBUG] [thread-id 1] - Scroll limit set to - 5
2023-11-08 10:11:10.458 [DEBUG] [thread-id 1] - conditionally execute a flow. condition: true
2023-11-08 10:11:10.487 [DEBUG] [thread-id 1] - Required identifier already displayed
2023-11-08 10:11:10.487 [DEBUG] [thread-id 1] - Resetting scrollPosition variable to default
2023-11-08 10:11:10.487 [DEBUG] [thread-id 1] - Store in: store the value 'null' in the variable 'scrollPosition'
2023-11-08 10:11:10.488 [DEBUG] [thread-id 1] - Store in: store the value 'null' in the variable 'identifierScope'
2023-11-08 10:11:10.488 [DEBUG] [thread-id 1] - Store in: store the value 'null' in the variable 'scrollLimit'
2023-11-08 10:11:10.517 [DEBUG] [thread-id 1] - Verify identifier: {//android.view.ViewGroup[(contains(@content-desc, "Shipping") or contains(@content-desc, "shipping"))]//following-sibling::*[@resource-id="com.walmart.android.debug:id/checkout_delivery_body"]//*[@resource-id="com.walmart.android.debug:id/delivery_pickup_date"]=[true]}
2023-11-08 10:11:10.518 [DEBUG] [thread-id 1] - conditionally execute a flow. condition: true
2023-11-08 10:11:10.548 [DEBUG] [thread-id 1] - Executing function: 'us.functions.utils.scrollIfNotVisible'
2023-11-08 10:11:10.549 [DEBUG] [thread-id 1] - conditionally execute a flow. condition: true
2023-11-08 10:11:10.589 [DEBUG] [thread-id 1] - Store in: store the value '5' in the variable 'scrollLimit'
2023-11-08 10:11:10.590 [DEBUG] [thread-id 1] - Scroll limit set to - 5
2023-11-08 10:11:10.616 [DEBUG] [thread-id 1] - conditionally execute a flow. condition: true
2023-11-08 10:11:10.654 [DEBUG] [thread-id 1] - Required identifier already displayed
2023-11-08 10:11:10.655 [DEBUG] [thread-id 1] - Resetting scrollPosition variable to default
2023-11-08 10:11:10.655 [DEBUG] [thread-id 1] - Store in: store the value 'null' in the variable 'scrollPosition'
2023-11-08 10:11:10.655 [DEBUG] [thread-id 1] - Store in: store the value 'null' in the variable 'identifierScope'
2023-11-08 10:11:10.655 [DEBUG] [thread-id 1] - Store in: store the value 'null' in the variable 'scrollLimit'
2023-11-08 10:11:10.737 [DEBUG] [thread-id 1] - Verify identifier: {//android.view.ViewGroup[(contains(@content-desc, "Shipping") or contains(@content-desc, "shipping"))]//following-sibling::*[@resource-id="com.walmart.android.debug:id/checkout_delivery_body"]//*[@resource-id="com.walmart.android.debug:id/delivery_address"]=[true], //android.view.ViewGroup[(contains(@content-desc, "Shipping") or contains(@content-desc, "shipping"))]//following-sibling::*[@resource-id="com.walmart.android.debug:id/checkout_delivery_body"]//*[@resource-id="com.walmart.android.debug:id/delivery_store_description"]=[true]}
2023-11-08 10:11:10.772 [DEBUG] [thread-id 1] - Name and address validations completed
2023-11-08 10:11:10.805 [DEBUG] [thread-id 1] - conditionally execute a flow. condition: false
2023-11-08 10:11:10.842 [WARN] [thread-id 1] - variable expressSlot was used, but r2 could not find a value for this variable. returning default of null
2023-11-08 10:11:20.962 [DEBUG] [thread-id 1] - Verify identifier: {com.walmart.android.debug:id/order_items_count=[true]}
2023-11-08 10:11:20.963 [DEBUG] [thread-id 1] - Item details validations completed
2023-11-08 10:11:20.963 [DEBUG] [thread-id 1] - Store in: store the value 'null' in the variable 'altFulfillmentText'
2023-11-08 10:11:20.963 [DEBUG] [thread-id 1] - -------Validate Shipping review order details function end-------
2023-11-08 10:11:20.963 [DEBUG] [thread-id 1] - Executing function: 'us.functions.checkout.placeOrder'
2023-11-08 10:11:20.963 [DEBUG] [thread-id 1] - Executing function: 'us.functions.utils.cvv.errorHandling'
2023-11-08 10:11:20.964 [DEBUG] [thread-id 1] - Executing function: 'us.functions.checkout.reviewOrder.scrollToTopOfReviewOrder'
2023-11-08 10:11:20.964 [DEBUG] [thread-id 1] - Scrolling to top of review order page
2023-11-08 10:11:20.964 [DEBUG] [thread-id 1] - sleep:  5000 milliseconds
2023-11-08 10:11:26.043 [DEBUG] [thread-id 1] - Verify identifier: {//android.widget.TextView[(@text="Review Order") or (@text="Checkout")]=[true]}
2023-11-08 10:11:26.044 [DEBUG] [thread-id 1] - loop: from 0 to 7
2023-11-08 10:11:26.086 [DEBUG] [thread-id 1] - Check 0
2023-11-08 10:11:26.155 [DEBUG] [thread-id 1] - conditionally execute a flow. condition: true
2023-11-08 10:11:26.185 [DEBUG] [thread-id 1] - conditionally execute a flow. condition: true
2023-11-08 10:11:26.259 [DEBUG] [thread-id 1] - get string: from '//*[@resource-id="com.walmart.android.debug:id/review_order_recycler_view"]/androidx.cardview.widget.CardView[1]//*[@resource-id="com.walmart.android.debug:id/delivery_section_new_title"]' [type='text']
2023-11-08 10:11:26.303 [DEBUG] [thread-id 1] - Scrolling up till cart page top is reached
2023-11-08 10:11:26.335 [DEBUG] [thread-id 1] - Scroll: up
2023-11-08 10:11:29.973 [DEBUG] [thread-id 1] - Check 1
2023-11-08 10:11:30.047 [DEBUG] [thread-id 1] - conditionally execute a flow. condition: true
2023-11-08 10:11:30.082 [DEBUG] [thread-id 1] - conditionally execute a flow. condition: false
2023-11-08 10:11:30.154 [DEBUG] [thread-id 1] - get string: from '//*[@resource-id="com.walmart.android.debug:id/review_order_recycler_view"]/androidx.cardview.widget.CardView[1]//*[@resource-id="com.walmart.android.debug:id/delivery_section_new_title"]' [type='text']
2023-11-08 10:11:30.195 [DEBUG] [thread-id 1] - Store currently displayed fulfillment type and compare with previously displayed fulfillment type text
2023-11-08 10:11:30.225 [DEBUG] [thread-id 1] - conditionally execute a flow. condition: true
2023-11-08 10:11:30.256 [DEBUG] [thread-id 1] - Breaking the loop as review order page top is reached
2023-11-08 10:11:30.349 [DEBUG] [thread-id 1] - Store in: store the value 'null' in the variable 'validateText'
2023-11-08 10:11:30.349 [DEBUG] [thread-id 1] - Scroll: down
2023-11-08 10:11:56.219 [DEBUG] [thread-id 1] - conditionally execute a flow. condition: false
2023-11-08 10:11:56.257 [DEBUG] [thread-id 1] - No CVV error was Detected
2023-11-08 10:11:56.257 [DEBUG] [thread-id 1] - loop: from 1 to 4
2023-11-08 10:11:56.304 [DEBUG] [thread-id 1] - Place order try count - 1
2023-11-08 10:11:56.345 [DEBUG] [thread-id 1] - Verify identifier: {com.walmart.android.debug:id/button_place_order=[true]}
2023-11-08 10:12:06.527 [DEBUG] [thread-id 1] - Click element: 'com.walmart.android.debug:id/button_place_order'
2023-11-08 10:12:07.395 [WARN] [thread-id 1] - variable ebtExists was used, but r2 could not find a value for this variable. returning default of null
2023-11-08 10:12:07.911 [DEBUG] [thread-id 1] - sleep:  5000 milliseconds
2023-11-08 10:12:23.058 [DEBUG] [thread-id 1] - conditionally execute a flow. condition: false
2023-11-08 10:12:33.100 [DEBUG] [thread-id 1] - conditionally execute a flow. condition: false
2023-11-08 10:12:33.130 [DEBUG] [thread-id 1] - Executing function: 'us.functions.home.closeWPlusPromotionPopUpIfDisplayed'
2023-11-08 10:12:33.130 [DEBUG] [thread-id 1] - sleep:  5000 milliseconds
2023-11-08 10:12:48.172 [DEBUG] [thread-id 1] - Executing function: 'us.functions.orderConfirmation.orderCreationValidation'
2023-11-08 10:12:48.173 [DEBUG] [thread-id 1] - sleep:  10000 milliseconds
2023-11-08 10:12:58.259 [DEBUG] [thread-id 1] - conditionally execute a flow. condition: true
2023-11-08 10:12:58.303 [DEBUG] [thread-id 1] - Order created successfully
2023-11-08 10:12:58.304 [DEBUG] [thread-id 1] - Executing function: 'us.functions.orderConfirmation.getOrderNumber'
2023-11-08 10:12:58.397 [DEBUG] [thread-id 1] - get string: from 'com.walmart.android.debug:id/checkout_order_number_textview' [type='null']
2023-11-08 10:12:58.397 [DEBUG] [thread-id 1] - sleep:  30000 milliseconds
2023-11-08 10:13:28.405 [DEBUG] [thread-id 1] - 100000307565458
2023-11-08 10:13:28.406 [DEBUG] [thread-id 1] - Store in: store the value 'passed' in the variable 'testStatus'
2023-11-08 10:13:28.520 [DEBUG] [thread-id 1] - Executing scenario: 'After'
2023-11-08 10:13:28.520 [DEBUG] [thread-id 1] - Executing function: 'us.functions.utils.afterSteps'
2023-11-08 10:13:28.521 [DEBUG] [thread-id 1] - conditionally execute a flow. condition: true
2023-11-08 10:13:28.560 [DEBUG] [thread-id 1] - Test passed
2023-11-08 10:13:37.824 [DEBUG] [thread-id 1] - Created report: /Users/m0k0a2f/glass-automation/report/index.html
