2023-01-22 23:07:44.169 [DEBUG] [thread-id 1] - Executing R2 3.30.0: '/Users/m0k0a2f/glass-automation/./us/test/test-scripts/ios/golden-flows/PetRx-flows/C2666399-PetRX-multi-fulfilment-Shipping-mixed-order.yaml' on device: 'iPhone 13'
2023-01-22 23:09:57.350 [DEBUG] [thread-id 1] - Executing scenario: 'Before'
2023-01-22 23:09:57.356 [DEBUG] [thread-id 1] - Execute before steps
2023-01-22 23:09:57.358 [DEBUG] [thread-id 1] - R2_SUBFLOW_PRE_TRANSACTION
2023-01-22 23:09:57.361 [DEBUG] [thread-id 1] - Executing function: 'us.functions.utils.astro.clearCart'
2023-01-22 23:09:57.472 [DEBUG] [thread-id 1] - Call API: 'http://astro.walmart.com/api/v2/teflon/customer/walpandroid@gmail.com/clearcart'
2023-01-22 23:10:10.577 [DEBUG] [thread-id 1] - Response code is: '200'. Response body is: '{"astroStatus":"SUCCESS","astroDescription":"CART_CLEARED","astroDetails":{"dbSessionMap":{"CXO_CART_ST":"{\"mtoken\":\"1:14#157363038#2=169039273#8=85666778\"}"},"checkoutable":false,"cart":{"id":"4cb5a3a0-d181-4494-a850-4577f8f3a343","buyer":{"id":"958647ca-1069-4bb6-9770-9c628979f279","type":"CUSTOMER"},"storeIds":[],"itemCount":0,"entityErrors":[],"shipping":{"id":"442f577c-c5c1-4e55-b9b7-f800aeb5af0c","dbLockVersion":0,"dbSessionMap":{},"dbLockMap":{},"postalCode":"95122","city":"San Jose","state":"CA","countryCode":"USA","latitude":37.606689,"longitude":-122.426362,"isPOBox":false,"isAPOFPO":false},"currencyCode":"USD","preview":false,"tenantId":0,"verticalId":0,"checkoutableErrors":[],"intent":"PICKUP","pickupStore":{"city":"San Jose","stateOrProvinceCode":"CA","countryCode":"USA","postalCode":"95122","storeId":"32144","services":[]},"deliveryStore":{"city":"San Jose","stateOrProvinceCode":"CA","countryCode":"USA","postalCode":"95122","storeId":"32144","services":[]},"fulfillmentPlans":[],"accessPoints":[],"reservations":[],"isExplicitIntent":false,"hasGiftEligibleItem":false,"warnings":[],"restrictions":[]},"isOmniPromiseResponse":true}}'
2023-01-22 23:10:10.721 [DEBUG] [thread-id 1] - Cart cleared for walpandroid@gmail.com
2023-01-22 23:10:10.840 [DEBUG] [thread-id 1] - Using us-errors-helpers.yaml
2023-01-22 23:10:10.930 [DEBUG] [thread-id 1] - Start Main
2023-01-22 23:10:10.933 [DEBUG] [thread-id 1] - Executing function: 'us.functions.global.onboarding.navigateOnboardingToHome'
2023-01-22 23:10:10.937 [DEBUG] [thread-id 1] - Executing function: 'us.function.utils.getEnvironmentValue'
2023-01-22 23:10:10.945 [DEBUG] [thread-id 1] - Store in: store the value 'teflon' in the variable 'env'
2023-01-22 23:10:11.079 [DEBUG] [thread-id 1] - Verify identifier: {//XCUIElementTypeStaticText[@name="WelcomeViewController.titleLabel"] | //XCUIElementTypeStaticText[@name="SignUpNudgeWelcomeViewController.titleLabel"]=[true]}
2023-01-22 23:10:21.108 [DEBUG] [thread-id 1] - conditionally execute a flow. condition: false
2023-01-22 23:10:21.301 [DEBUG] [thread-id 1] - Click element: '//XCUIElementTypeStaticText[@name="Continue"] | //XCUIElementTypeStaticText[@name="Next"] | //XCUIElementTypeStaticText[@name="Continue as guest"]'
2023-01-22 23:10:22.170 [DEBUG] [thread-id 1] - Verify identifier: {NotificationPermissionViewController.titleLabel=[true]}
2023-01-22 23:10:22.290 [DEBUG] [thread-id 1] - Click element: '//XCUIElementTypeStaticText[@name="Not now"] | //XCUIElementTypeButton[@name="cta.cancel.notifications"]'
2023-01-22 23:10:43.691 [DEBUG] [thread-id 1] - Main failed: Is not present: 'Share your location'
2023-01-22 23:10:43.786 [DEBUG] [thread-id 1] - Executing scenario: 'After'
2023-01-22 23:10:43.795 [DEBUG] [thread-id 1] - Executing function: 'us.functions.utils.afterSteps'
2023-01-22 23:10:43.809 [WARN] [thread-id 1] - variable testStatus was used, but r2 could not find a value for this variable. returning default of null
2023-01-22 23:10:43.850 [DEBUG] [thread-id 1] - conditionally execute a flow. condition: false
2023-01-22 23:10:43.939 [DEBUG] [thread-id 1] - Test failed
2023-01-22 23:10:44.033 [DEBUG] [thread-id 1] - Executing function: 'us.functions.utils.closeErrorAlertIfExists'
2023-01-22 23:10:59.438 [DEBUG] [thread-id 1] - Created report: /Users/m0k0a2f/glass-automation/report/index.html
2023-01-22 23:12:05.530 [DEBUG] [thread-id 1] - Executing R2 3.30.0: '/Users/m0k0a2f/glass-automation/./us/test/test-scripts/ios/golden-flows/PetRx-flows/C2666399-PetRX-multi-fulfilment-Shipping-mixed-order.yaml' on device: 'iPhone 13'
2023-01-22 23:13:09.269 [DEBUG] [thread-id 1] - Executing scenario: 'Before'
2023-01-22 23:13:09.274 [DEBUG] [thread-id 1] - Execute before steps
2023-01-22 23:13:09.277 [DEBUG] [thread-id 1] - R2_SUBFLOW_PRE_TRANSACTION
2023-01-22 23:13:09.279 [DEBUG] [thread-id 1] - Executing function: 'us.functions.utils.astro.clearCart'
2023-01-22 23:13:09.390 [DEBUG] [thread-id 1] - Call API: 'http://astro.walmart.com/api/v2/teflon/customer/walpandroid@gmail.com/clearcart'
2023-01-22 23:13:37.633 [DEBUG] [thread-id 1] - Response code is: '200'. Response body is: '{"astroStatus":"SUCCESS","astroDescription":"CART_CLEARED","astroDetails":{"dbSessionMap":{"CXO_CART_ST":"{\"mtoken\":\"1:14#157364048#2=169039273#8=85668679\"}"},"checkoutable":false,"cart":{"id":"4cb5a3a0-d181-4494-a850-4577f8f3a343","buyer":{"id":"958647ca-1069-4bb6-9770-9c628979f279","type":"CUSTOMER"},"storeIds":[],"itemCount":0,"entityErrors":[],"shipping":{"id":"8b67f85e-6378-4c4a-85b3-4c8f20352e42","dbLockVersion":0,"dbSessionMap":{},"dbLockMap":{},"postalCode":"95122","city":"San Jose","state":"CA","countryCode":"USA","latitude":37.606689,"longitude":-122.426362,"isPOBox":false,"isAPOFPO":false},"currencyCode":"USD","preview":false,"tenantId":0,"verticalId":0,"checkoutableErrors":[],"intent":"PICKUP","pickupStore":{"city":"San Jose","stateOrProvinceCode":"CA","countryCode":"USA","postalCode":"95122","storeId":"32144","services":[]},"deliveryStore":{"city":"San Jose","stateOrProvinceCode":"CA","countryCode":"USA","postalCode":"95122","storeId":"32144","services":[]},"fulfillmentPlans":[],"accessPoints":[],"reservations":[],"isExplicitIntent":false,"hasGiftEligibleItem":false,"warnings":[],"restrictions":[]},"isOmniPromiseResponse":true}}'
2023-01-22 23:13:37.766 [DEBUG] [thread-id 1] - Cart cleared for walpandroid@gmail.com
2023-01-22 23:13:37.866 [DEBUG] [thread-id 1] - Using us-errors-helpers.yaml
2023-01-22 23:13:37.955 [DEBUG] [thread-id 1] - Start Main
2023-01-22 23:13:37.960 [DEBUG] [thread-id 1] - Executing function: 'us.functions.global.onboarding.navigateOnboardingToHome'
2023-01-22 23:13:37.966 [DEBUG] [thread-id 1] - Executing function: 'us.function.utils.getEnvironmentValue'
2023-01-22 23:13:37.971 [DEBUG] [thread-id 1] - Store in: store the value 'teflon' in the variable 'env'
2023-01-22 23:13:38.099 [DEBUG] [thread-id 1] - Verify identifier: {//XCUIElementTypeStaticText[@name="WelcomeViewController.titleLabel"] | //XCUIElementTypeStaticText[@name="SignUpNudgeWelcomeViewController.titleLabel"]=[true]}
2023-01-22 23:13:48.180 [DEBUG] [thread-id 1] - conditionally execute a flow. condition: false
2023-01-22 23:13:48.356 [DEBUG] [thread-id 1] - Click element: '//XCUIElementTypeStaticText[@name="Continue"] | //XCUIElementTypeStaticText[@name="Next"] | //XCUIElementTypeStaticText[@name="Continue as guest"]'
2023-01-22 23:13:49.070 [DEBUG] [thread-id 1] - Verify identifier: {NotificationPermissionViewController.titleLabel=[true]}
2023-01-22 23:13:49.186 [DEBUG] [thread-id 1] - Click element: '//XCUIElementTypeStaticText[@name="Not now"] | //XCUIElementTypeButton[@name="cta.cancel.notifications"]'
2023-01-22 23:14:10.324 [DEBUG] [thread-id 1] - Main failed: Is not present: 'Share your location'
2023-01-22 23:14:10.430 [DEBUG] [thread-id 1] - Executing scenario: 'After'
2023-01-22 23:14:10.439 [DEBUG] [thread-id 1] - Executing function: 'us.functions.utils.afterSteps'
2023-01-22 23:14:10.454 [WARN] [thread-id 1] - variable testStatus was used, but r2 could not find a value for this variable. returning default of null
2023-01-22 23:14:10.500 [DEBUG] [thread-id 1] - conditionally execute a flow. condition: false
2023-01-22 23:14:10.602 [DEBUG] [thread-id 1] - Test failed
2023-01-22 23:14:10.717 [DEBUG] [thread-id 1] - Executing function: 'us.functions.utils.closeErrorAlertIfExists'
2023-01-22 23:14:26.385 [DEBUG] [thread-id 1] - Created report: /Users/m0k0a2f/glass-automation/report/index.html
2023-01-22 23:16:19.104 [DEBUG] [thread-id 1] - Executing R2 3.30.0: '/Users/m0k0a2f/glass-automation/us/test/test-scripts/android/golden-flows/PetRx-flows/C2666399-PetRX-multi-fulfilment-Shipping-mixed-order.yaml' on device: 'Pixel_5_API_31'
2023-01-22 23:16:21.702 [DEBUG] [thread-id 1] - Created report: /Users/m0k0a2f/glass-automation/report/index.html
2023-01-22 23:17:39.706 [DEBUG] [thread-id 1] - Executing R2 3.30.0: '/Users/m0k0a2f/glass-automation/./us/test/test-scripts/ios/golden-flows/PetRx-flows/C2666399-PetRX-multi-fulfilment-Shipping-mixed-order.yaml' on device: 'iPhone 13'
2023-01-22 23:18:22.586 [DEBUG] [thread-id 1] - Executing scenario: 'Before'
2023-01-22 23:18:22.592 [DEBUG] [thread-id 1] - Execute before steps
2023-01-22 23:18:22.594 [DEBUG] [thread-id 1] - R2_SUBFLOW_PRE_TRANSACTION
2023-01-22 23:18:22.597 [DEBUG] [thread-id 1] - Executing function: 'us.functions.utils.astro.clearCart'
2023-01-22 23:18:22.710 [DEBUG] [thread-id 1] - Call API: 'http://astro.walmart.com/api/v2/teflon/customer/walpandroid@gmail.com/clearcart'
2023-01-22 23:18:40.236 [DEBUG] [thread-id 1] - Response code is: '200'. Response body is: '{"astroStatus":"SUCCESS","astroDescription":"CART_CLEARED","astroDetails":{"dbSessionMap":{"CXO_CART_ST":"{\"mtoken\":\"1:14#157364753#2=169040766#8=85669888\"}"},"checkoutable":false,"cart":{"id":"4cb5a3a0-d181-4494-a850-4577f8f3a343","buyer":{"id":"958647ca-1069-4bb6-9770-9c628979f279","type":"CUSTOMER"},"storeIds":[],"itemCount":0,"entityErrors":[],"shipping":{"id":"2a746f22-ea1d-4888-bd85-0d19fa470565","dbLockVersion":0,"dbSessionMap":{},"dbLockMap":{},"postalCode":"95122","city":"San Jose","state":"CA","countryCode":"USA","latitude":37.606689,"longitude":-122.426362,"isPOBox":false,"isAPOFPO":false},"currencyCode":"USD","preview":false,"tenantId":0,"verticalId":0,"checkoutableErrors":[],"intent":"PICKUP","pickupStore":{"city":"San Jose","stateOrProvinceCode":"CA","countryCode":"USA","postalCode":"95122","storeId":"32144","services":[]},"deliveryStore":{"city":"San Jose","stateOrProvinceCode":"CA","countryCode":"USA","postalCode":"95122","storeId":"32144","services":[]},"fulfillmentPlans":[],"accessPoints":[],"reservations":[],"isExplicitIntent":false,"hasGiftEligibleItem":false,"warnings":[],"restrictions":[]},"isOmniPromiseResponse":true}}'
2023-01-22 23:18:40.369 [DEBUG] [thread-id 1] - Cart cleared for walpandroid@gmail.com
2023-01-22 23:18:40.476 [DEBUG] [thread-id 1] - Using us-errors-helpers.yaml
2023-01-22 23:18:40.574 [DEBUG] [thread-id 1] - Start Main
2023-01-22 23:18:40.577 [DEBUG] [thread-id 1] - Executing function: 'us.functions.global.onboarding.navigateOnboardingToHome'
2023-01-22 23:18:40.587 [DEBUG] [thread-id 1] - Executing function: 'us.function.utils.getEnvironmentValue'
2023-01-22 23:18:40.593 [DEBUG] [thread-id 1] - Store in: store the value 'teflon' in the variable 'env'
2023-01-22 23:18:40.726 [DEBUG] [thread-id 1] - Verify identifier: {//XCUIElementTypeStaticText[@name="WelcomeViewController.titleLabel"] | //XCUIElementTypeStaticText[@name="SignUpNudgeWelcomeViewController.titleLabel"]=[true]}
2023-01-22 23:18:50.792 [DEBUG] [thread-id 1] - conditionally execute a flow. condition: false
2023-01-22 23:18:50.980 [DEBUG] [thread-id 1] - Click element: '//XCUIElementTypeStaticText[@name="Continue"] | //XCUIElementTypeStaticText[@name="Next"] | //XCUIElementTypeStaticText[@name="Continue as guest"]'
2023-01-22 23:18:51.724 [DEBUG] [thread-id 1] - Verify identifier: {NotificationPermissionViewController.titleLabel=[true]}
2023-01-22 23:18:51.844 [DEBUG] [thread-id 1] - Click element: '//XCUIElementTypeStaticText[@name="Not now"] | //XCUIElementTypeButton[@name="cta.cancel.notifications"]'
2023-01-22 23:19:12.840 [DEBUG] [thread-id 1] - Main failed: Is not present: 'Share your location'
2023-01-22 23:19:12.967 [DEBUG] [thread-id 1] - Executing scenario: 'After'
2023-01-22 23:19:12.977 [DEBUG] [thread-id 1] - Executing function: 'us.functions.utils.afterSteps'
2023-01-22 23:19:12.990 [WARN] [thread-id 1] - variable testStatus was used, but r2 could not find a value for this variable. returning default of null
2023-01-22 23:19:13.031 [DEBUG] [thread-id 1] - conditionally execute a flow. condition: false
2023-01-22 23:19:13.126 [DEBUG] [thread-id 1] - Test failed
2023-01-22 23:19:13.221 [DEBUG] [thread-id 1] - Executing function: 'us.functions.utils.closeErrorAlertIfExists'
2023-01-22 23:20:08.019 [DEBUG] [thread-id 1] - Executing R2 3.30.0: '/Users/m0k0a2f/glass-automation/./us/test/test-scripts/ios/golden-flows/PetRx-flows/C2666399-PetRX-multi-fulfilment-Shipping-mixed-order.yaml' on device: 'iPhone 13'
2023-01-22 23:20:50.127 [DEBUG] [thread-id 1] - Executing scenario: 'Before'
2023-01-22 23:20:50.142 [DEBUG] [thread-id 1] - Execute before steps
2023-01-22 23:20:50.145 [DEBUG] [thread-id 1] - R2_SUBFLOW_PRE_TRANSACTION
2023-01-22 23:20:50.147 [DEBUG] [thread-id 1] - Executing function: 'us.functions.utils.astro.clearCart'
2023-01-22 23:20:50.261 [DEBUG] [thread-id 1] - Call API: 'http://astro.walmart.com/api/v2/teflon/customer/walpandroid@gmail.com/clearcart'
2023-01-22 23:21:04.099 [DEBUG] [thread-id 1] - Response code is: '200'. Response body is: '{"astroStatus":"SUCCESS","astroDescription":"CART_CLEARED","astroDetails":{"dbSessionMap":{"CXO_CART_ST":"{\"mtoken\":\"1:14#157365014#2=169040766#8=85670159\"}"},"checkoutable":false,"cart":{"id":"4cb5a3a0-d181-4494-a850-4577f8f3a343","buyer":{"id":"958647ca-1069-4bb6-9770-9c628979f279","type":"CUSTOMER"},"storeIds":[],"itemCount":0,"entityErrors":[],"shipping":{"id":"fe0d328d-07d4-4ad4-bacd-4dafe443207f","dbLockVersion":0,"dbSessionMap":{},"dbLockMap":{},"postalCode":"95122","city":"San Jose","state":"CA","countryCode":"USA","latitude":37.606689,"longitude":-122.426362,"isPOBox":false,"isAPOFPO":false},"currencyCode":"USD","preview":false,"tenantId":0,"verticalId":0,"checkoutableErrors":[],"intent":"PICKUP","pickupStore":{"city":"San Jose","stateOrProvinceCode":"CA","countryCode":"USA","postalCode":"95122","storeId":"32144","services":[]},"deliveryStore":{"city":"San Jose","stateOrProvinceCode":"CA","countryCode":"USA","postalCode":"95122","storeId":"32144","services":[]},"fulfillmentPlans":[],"accessPoints":[],"reservations":[],"isExplicitIntent":false,"hasGiftEligibleItem":false,"warnings":[],"restrictions":[]},"isOmniPromiseResponse":true}}'
2023-01-22 23:21:04.232 [DEBUG] [thread-id 1] - Cart cleared for walpandroid@gmail.com
2023-01-22 23:21:04.342 [DEBUG] [thread-id 1] - Using us-errors-helpers.yaml
2023-01-22 23:21:04.433 [DEBUG] [thread-id 1] - Start Main
2023-01-22 23:21:04.436 [DEBUG] [thread-id 1] - Executing function: 'us.functions.global.onboarding.navigateOnboardingToHome'
2023-01-22 23:21:04.444 [DEBUG] [thread-id 1] - Executing function: 'us.function.utils.getEnvironmentValue'
2023-01-22 23:21:04.449 [DEBUG] [thread-id 1] - Store in: store the value 'teflon' in the variable 'env'
2023-01-22 23:21:04.576 [DEBUG] [thread-id 1] - Verify identifier: {//XCUIElementTypeStaticText[@name="WelcomeViewController.titleLabel"] | //XCUIElementTypeStaticText[@name="SignUpNudgeWelcomeViewController.titleLabel"]=[true]}
2023-01-22 23:21:14.629 [DEBUG] [thread-id 1] - conditionally execute a flow. condition: false
2023-01-22 23:21:14.812 [DEBUG] [thread-id 1] - Click element: '//XCUIElementTypeStaticText[@name="Continue"] | //XCUIElementTypeStaticText[@name="Next"] | //XCUIElementTypeStaticText[@name="Continue as guest"]'
2023-01-22 23:21:15.611 [DEBUG] [thread-id 1] - Verify identifier: {NotificationPermissionViewController.titleLabel=[true]}
2023-01-22 23:21:15.728 [DEBUG] [thread-id 1] - Click element: '//XCUIElementTypeStaticText[@name="Not now"] | //XCUIElementTypeButton[@name="cta.cancel.notifications"]'
2023-01-22 23:21:19.488 [DEBUG] [thread-id 1] - Verify identifier: {Share your location=[true]}
2023-01-22 23:21:19.528 [DEBUG] [thread-id 1] - Click element: 'Enter zip code'
2023-01-22 23:21:29.773 [DEBUG] [thread-id 1] - conditionally execute a flow. condition: false
2023-01-22 23:21:29.881 [DEBUG] [thread-id 1] - Observed personalizedScreen
2023-01-22 23:21:29.987 [DEBUG] [thread-id 1] - conditionally execute a flow. condition: true
2023-01-22 23:21:30.103 [DEBUG] [thread-id 1] - Click element: 'Continue'
2023-01-22 23:21:44.052 [DEBUG] [thread-id 1] - conditionally execute a flow. condition: true
2023-01-22 23:21:54.322 [DEBUG] [thread-id 1] - conditionally execute a flow. condition: true
2023-01-22 23:21:54.438 [DEBUG] [thread-id 1] - Click element: 'Continue'
2023-01-22 23:21:55.740 [DEBUG] [thread-id 1] - conditionally execute a flow. condition: true
2023-01-22 23:21:56.802 [DEBUG] [thread-id 1] - Click element: 'Allow'
2023-01-22 23:22:28.283 [DEBUG] [thread-id 1] - Executing function: 'us.functions.utils.tryAgainWhenThereIsError'
2023-01-22 23:22:28.303 [DEBUG] [thread-id 1] - loop: from 0 to 2
2023-01-22 23:22:28.459 [DEBUG] [thread-id 1] - 0
2023-01-22 23:22:38.717 [DEBUG] [thread-id 1] - conditionally execute a flow. condition: false
2023-01-22 23:22:38.870 [DEBUG] [thread-id 1] - Executing function: 'us.functions.onboarding.handleTechnicalErrorPage'
2023-01-22 23:22:38.871 [DEBUG] [thread-id 1] - sleep:  5000 milliseconds
2023-01-22 23:22:43.905 [DEBUG] [thread-id 1] - loop: from 0 to 4
2023-01-22 23:22:44.095 [DEBUG] [thread-id 1] - 0
2023-01-22 23:22:54.523 [DEBUG] [thread-id 1] - conditionally execute a flow. condition: false
2023-01-22 23:22:54.667 [DEBUG] [thread-id 1] - No Technical Error Page observed
2023-01-22 23:22:54.833 [DEBUG] [thread-id 1] - Executing function: 'us.functions.gic.collapseIfExpanded'
2023-01-22 23:22:54.986 [DEBUG] [thread-id 1] - conditionally execute a flow. condition: true
2023-01-22 23:22:55.283 [DEBUG] [thread-id 1] - Click element: '//*[contains(@label,"Expanded")]'
2023-01-22 23:22:55.477 [DEBUG] [thread-id 1] - Executing function: 'us.functions.home.navigateHomeToSignIn'
2023-01-22 23:22:55.956 [DEBUG] [thread-id 1] - Click element: 'Account'
2023-01-22 23:22:56.244 [DEBUG] [thread-id 1] - sleep:  3000 milliseconds
2023-01-22 23:22:59.758 [DEBUG] [thread-id 1] - Verify identifier: {//XCUIElementTypeButton[@name="Account.SignInButton"] | //XCUIElementTypeButton[@name="HeaderView.loginButton"] | //XCUIElementTypeButton[@label="SignInYourAccountTableViewCell.signInButton"] | //XCUIElementTypeButton[@label="Sign in"] | //XCUIElementTypeButton[@label="Sign in or create an account"]=[true]}
2023-01-22 23:22:59.760 [DEBUG] [thread-id 1] - loop: from 1 to 3
2023-01-22 23:23:00.367 [DEBUG] [thread-id 1] - conditionally execute a flow. condition: true
2023-01-22 23:23:00.965 [DEBUG] [thread-id 1] - Click element: '//XCUIElementTypeButton[@name="Account.SignInButton"] | //XCUIElementTypeButton[@name="HeaderView.loginButton"] | //XCUIElementTypeButton[@label="SignInYourAccountTableViewCell.signInButton"] | //XCUIElementTypeButton[@label="Sign in"] | //XCUIElementTypeButton[@label="Sign in or create an account"]'
2023-01-22 23:23:01.749 [DEBUG] [thread-id 1] - sleep:  3000 milliseconds
2023-01-22 23:23:05.379 [DEBUG] [thread-id 1] - conditionally execute a flow. condition: true
2023-01-22 23:23:05.705 [DEBUG] [thread-id 1] - Store in: store the value 'true' in the variable 'signInValidated'
2023-01-22 23:23:06.072 [DEBUG] [thread-id 1] - conditionally execute a flow. condition: true
2023-01-22 23:23:06.392 [DEBUG] [thread-id 1] - SignIn page loaded
2023-01-22 23:23:06.716 [DEBUG] [thread-id 1] - Store in: store the value 'false' in the variable 'signInValidated'
2023-01-22 23:23:06.728 [DEBUG] [thread-id 1] - Executing function: 'us.functions.global.authentication.signInAccount'
2023-01-22 23:23:06.734 [WARN] [thread-id 1] - variable validateSignInPage was used, but r2 could not find a value for this variable. returning default of null
2023-01-22 23:23:06.739 [DEBUG] [thread-id 1] - Executing function: 'us.functions.global.authentication.dismissSelectSavedPasswordDialog'
2023-01-22 23:23:17.350 [DEBUG] [thread-id 1] - Verify identifier: {//XCUIElementTypeTextField=[true]}
2023-01-22 23:23:17.604 [DEBUG] [thread-id 1] - Enter text: 'walpandroid@gmail.com'
2023-01-22 23:23:23.245 [DEBUG] [thread-id 1] - conditionally execute a flow. condition: true
2023-01-22 23:23:24.340 [DEBUG] [thread-id 1] - loop: from 1 to 3
2023-01-22 23:23:25.402 [DEBUG] [thread-id 1] - sleep:  3000 milliseconds
2023-01-22 23:23:30.074 [DEBUG] [thread-id 1] - conditionally execute a flow. condition: true
2023-01-22 23:23:31.647 [DEBUG] [thread-id 1] - Click element: '//XCUIElementTypeButton[@name="SignInView.ctaButton" or @name="WelcomeView.ctaButton"]'
2023-01-22 23:23:33.524 [DEBUG] [thread-id 1] - conditionally execute a flow. condition: true
2023-01-22 23:23:34.556 [DEBUG] [thread-id 1] - Store in: store the value 'true' in the variable 'signInValidated'
2023-01-22 23:23:36.641 [DEBUG] [thread-id 1] - conditionally execute a flow. condition: true
2023-01-22 23:23:37.654 [DEBUG] [thread-id 1] - Store in: store the value 'false' in the variable 'signInValidated'
2023-01-22 23:23:38.690 [DEBUG] [thread-id 1] - Email entered
2023-01-22 23:23:38.711 [WARN] [thread-id 1] - variable validateSignInPage was used, but r2 could not find a value for this variable. returning default of null
2023-01-22 23:23:38.716 [DEBUG] [thread-id 1] - loop: from 1 to 3
2023-01-22 23:23:39.744 [DEBUG] [thread-id 1] - sleep:  2000 milliseconds
2023-01-22 23:23:43.134 [DEBUG] [thread-id 1] - conditionally execute a flow. condition: true
2023-01-22 23:23:44.449 [DEBUG] [thread-id 1] - Enter text: 'Testing@123'
2023-01-22 23:23:48.113 [DEBUG] [thread-id 1] - sleep:  1000 milliseconds
2023-01-22 23:23:50.892 [DEBUG] [thread-id 1] - Click element: '//XCUIElementTypeStaticText[@name="Sign in"] | //XCUIElementTypeButton[@label="Sign In" or @label="Sign in"] | //XCUIElementTypeButton[@name="OtpView.ctaButton"] | //XCUIElementTypeButton[@label="Sign in or create an account"]'
2023-01-22 23:23:52.364 [DEBUG] [thread-id 1] - sleep:  2000 milliseconds
2023-01-22 23:24:06.977 [DEBUG] [thread-id 1] - Hide keyboard: 'true'
2023-01-22 23:24:08.242 [DEBUG] [thread-id 1] - conditionally execute a flow. condition: true
2023-01-22 23:24:09.271 [DEBUG] [thread-id 1] - Store in: store the value 'true' in the variable 'signInValidated'
2023-01-22 23:24:10.325 [DEBUG] [thread-id 1] - conditionally execute a flow. condition: true
2023-01-22 23:24:11.353 [DEBUG] [thread-id 1] - Account signed in
2023-01-22 23:24:11.630 [DEBUG] [thread-id 1] - conditionally execute a flow. condition: true
2023-01-22 23:24:12.895 [DEBUG] [thread-id 1] - Click element: '//XCUIElementTypeButton[@name="Don’t Allow"] | //XCUIElementTypeButton[@name="Don’t Allow"]'
2023-01-22 23:24:13.529 [DEBUG] [thread-id 1] - Executing function: 'us.functions.utils.handleCartMergePopup'
2023-01-22 23:24:13.533 [DEBUG] [thread-id 1] - sleep:  7000 milliseconds
2023-01-22 23:24:20.562 [DEBUG] [thread-id 1] - loop: from 0 to 4
2023-01-22 23:24:21.565 [DEBUG] [thread-id 1] - 0
2023-01-22 23:24:32.988 [DEBUG] [thread-id 1] - conditionally execute a flow. condition: false
2023-01-22 23:24:33.685 [DEBUG] [thread-id 1] - No Technical Error Page observed
2023-01-22 23:24:34.405 [DEBUG] [thread-id 1] - Executing function: 'us.functions.global.navigation.accountToHome'
2023-01-22 23:24:34.924 [DEBUG] [thread-id 1] - Click element: '//XCUIElementTypeButton[@name="Shop"] |  //XCUIElementTypeButton[@name="Home"]'
2023-01-22 23:24:35.239 [DEBUG] [thread-id 1] - Executing function: 'us.functions.home.closeWPlusPromotionPopUpIfDisplayed'
2023-01-22 23:24:35.239 [DEBUG] [thread-id 1] - sleep:  5000 milliseconds
2023-01-22 23:24:50.854 [DEBUG] [thread-id 1] - Verify identifier: {//XCUIElementTypeSearchField[@name="Search Walmart"] | //XCUIElementTypeOther[@name="Search Walmart"]/XCUIElementTypeOther | //XCUIElementTypeOther[@name="Search Walmart"]=[true]}
2023-01-22 23:24:50.855 [DEBUG] [thread-id 1] - Executing function: 'us.functions.home.rateDriverPopup'
2023-01-22 23:24:50.856 [DEBUG] [thread-id 1] - loop: from 1 to 6
2023-01-22 23:24:51.271 [DEBUG] [thread-id 1] - 1
2023-01-22 23:25:01.800 [DEBUG] [thread-id 1] - conditionally execute a flow. condition: false
2023-01-22 23:25:02.198 [DEBUG] [thread-id 1] - Executing function: 'us.functions.home.setStore'
2023-01-22 23:25:02.227 [DEBUG] [thread-id 1] - Executing function: 'us.functions.global.navigation.goToDeepLink'
2023-01-22 23:25:02.233 [DEBUG] [thread-id 1] - Verify value of: '$deepLinkUrl'
2023-01-22 23:25:02.236 [DEBUG] [thread-id 1] - Open link: 'walmart://ip/894010516'
2023-01-22 23:25:04.798 [DEBUG] [thread-id 1] - Executing function: 'us.functions.global.navigation.openDeepLink'
2023-01-22 23:25:14.993 [DEBUG] [thread-id 1] - Executing function: 'us.functions.utils.handleTechnicalErrorPopup'
2023-01-22 23:25:14.995 [DEBUG] [thread-id 1] - Store in: store the value 'false' in the variable 'errorRemoved'
2023-01-22 23:25:14.995 [DEBUG] [thread-id 1] - sleep:  10000 milliseconds
2023-01-22 23:25:25.016 [DEBUG] [thread-id 1] - loop: from 0 to 3
2023-01-22 23:25:25.968 [DEBUG] [thread-id 1] - 0
2023-01-22 23:25:37.360 [DEBUG] [thread-id 1] - conditionally execute a flow. condition: false
2023-01-22 23:25:38.238 [DEBUG] [thread-id 1] - Store in: store the value 'true' in the variable 'errorRemoved'
2023-01-22 23:25:39.124 [DEBUG] [thread-id 1] - No Technical Error Pop up observed
2023-01-22 23:25:40.037 [DEBUG] [thread-id 1] - Executing function: 'us.functions.item.petrxItem.verifyPresent'
2023-01-22 23:25:42.226 [DEBUG] [thread-id 1] - Verify identifier: {TitleView_productTitle=[true], //XCUIElementTypeStaticText[@name="PriceView_primaryProductPrice"]=[true], Prescription required=[true]}
2023-01-22 23:25:42.227 [DEBUG] [thread-id 1] - Scroll: down
2023-01-22 23:25:48.910 [DEBUG] [thread-id 1] - Verify identifier: {Pickup not available at Carrollton Pharmacy Check availability nearby=[true]}
2023-01-22 23:25:48.913 [DEBUG] [thread-id 1] - Executing function: 'us.functions.item.addItemToCart'
2023-01-22 23:25:48.923 [DEBUG] [thread-id 1] - Executing function: 'us.functions.item.preAddToCartSteps'
2023-01-22 23:25:49.773 [DEBUG] [thread-id 1] - sleep:  2000 milliseconds
2023-01-22 23:25:55.750 [DEBUG] [thread-id 1] - Item wasn't Added initially, continuing with scenario
2023-01-22 23:25:55.758 [DEBUG] [thread-id 1] - Executing function: 'us.functions.item.validateAndClickAddToCartButton'
2023-01-22 23:25:56.406 [DEBUG] [thread-id 1] - conditionally execute a flow. condition: true
2023-01-22 23:25:57.250 [DEBUG] [thread-id 1] - ATC button present
2023-01-22 23:25:58.010 [DEBUG] [thread-id 1] - Click element: '(//XCUIElementTypeButton[@name="stepper.mainButton"])[1] | //XCUIElementTypeOther[@name="stepper.addToCartButton"] | (//XCUIElementTypeOther[contains(@name,"GlassStepperView.inner")]) | //XCUIElementTypeButton[@name="stepper.mainButton"]'
2023-01-22 23:25:58.401 [DEBUG] [thread-id 1] - sleep:  3000 milliseconds
2023-01-22 23:26:01.443 [WARN] [thread-id 1] - variable skipPostAddToCartSteps was used, but r2 could not find a value for this variable. returning default of null
2023-01-22 23:26:01.451 [DEBUG] [thread-id 1] - conditionally execute a flow. condition: true
2023-01-22 23:26:02.317 [DEBUG] [thread-id 1] - Executing function: 'us.functions.item.postAddToCartSteps'
2023-01-22 23:26:12.545 [WARN] [thread-id 1] - variable closeButtonNotDisplayed was used, but r2 could not find a value for this variable. returning default of null
2023-01-22 23:26:12.546 [DEBUG] [thread-id 1] - conditionally execute a flow. condition: false
2023-01-22 23:26:13.415 [DEBUG] [thread-id 1] - Executing function: 'us.functions.item.handlePAC'
2023-01-22 23:26:13.415 [DEBUG] [thread-id 1] - sleep:  5000 milliseconds
2023-01-22 23:26:30.030 [DEBUG] [thread-id 1] - sleep:  1000 milliseconds
2023-01-22 23:26:31.952 [WARN] [thread-id 1] - variable qty was used, but r2 could not find a value for this variable. returning default of null
2023-01-22 23:26:31.952 [WARN] [thread-id 1] - variable qty was used, but r2 could not find a value for this variable. returning default of null
2023-01-22 23:26:32.545 [DEBUG] [thread-id 1] - Verify identifier: {//XCUIElementTypeStaticText[@name="1 added"]| //XCUIElementTypeOther[@name="add-to-cart-button"] | //XCUIElementTypeStaticText[@label="null"] | Max 1=[true]}
2023-01-22 23:26:43.612 [DEBUG] [thread-id 1] - Executing function: 'us.functions.item.closeItemPage'
2023-01-22 23:26:43.615 [DEBUG] [thread-id 1] - conditionally execute a flow. condition: true
2023-01-22 23:26:47.670 [DEBUG] [thread-id 1] - Click element: 'ItemDetailsViewController_itemDetailCloseButton'
2023-01-22 23:26:49.096 [DEBUG] [thread-id 1] - Verify identifier: {TitleView_productTitle=[true]}
2023-01-22 23:26:49.097 [DEBUG] [thread-id 1] - sleep:  3000 milliseconds
2023-01-22 23:26:52.100 [DEBUG] [thread-id 1] - Verify identifier: {Your cart is empty=[true]}
2023-01-22 23:26:52.101 [DEBUG] [thread-id 1] - Store in: store the value 'false' in the variable 'closeButtonNotDisplayed'
2023-01-22 23:26:52.134 [DEBUG] [thread-id 1] - Executing function: 'us.functions.global.navigation.toCartFromNavBar'
2023-01-22 23:26:52.454 [DEBUG] [thread-id 1] - Verify identifier: {//XCUIElementTypeNavigationBar[@name="Shop"]/XCUIElementTypeButton | //XCUIElementTypeButton[contains(@label, "Your cart")] | //XCUIElementTypeButton[(@name="SearchResultsViewController.cartButton") or (contains(@label,"Your cart contains") and contains(@label,"The estimated total is")) or (@label="Your cart is empty")]=[true]}
2023-01-22 23:26:52.759 [DEBUG] [thread-id 1] - Click element: '//XCUIElementTypeNavigationBar[@name="Shop"]/XCUIElementTypeButton | //XCUIElementTypeButton[contains(@label, "Your cart")] | //XCUIElementTypeButton[(@name="SearchResultsViewController.cartButton") or (contains(@label,"Your cart contains") and contains(@label,"The estimated total is")) or (@label="Your cart is empty")]'
2023-01-22 23:26:55.064 [DEBUG] [thread-id 1] - Verify identifier: {Cart=[true]}
2023-01-22 23:26:55.066 [DEBUG] [thread-id 1] - Executing function: 'us.functions.utils.handleTechnicalErrorPageInCart'
2023-01-22 23:26:55.067 [DEBUG] [thread-id 1] - sleep:  15000 milliseconds
2023-01-22 23:27:10.090 [DEBUG] [thread-id 1] - Store in: store the value 'false' in the variable 'cartPageLoaded'
2023-01-22 23:27:10.096 [DEBUG] [thread-id 1] - loop: from 0 to 7
2023-01-22 23:27:10.523 [DEBUG] [thread-id 1] - 0
2023-01-22 23:27:10.901 [DEBUG] [thread-id 1] - conditionally execute a flow. condition: true
2023-01-22 23:27:21.402 [DEBUG] [thread-id 1] - conditionally execute a flow. condition: false
2023-01-22 23:27:32.141 [DEBUG] [thread-id 1] - conditionally execute a flow. condition: true
2023-01-22 23:27:32.467 [DEBUG] [thread-id 1] - Store in: store the value 'true' in the variable 'cartPageLoaded'
2023-01-22 23:27:32.802 [DEBUG] [thread-id 1] - conditionally execute a flow. condition: false
2023-01-22 23:27:33.138 [DEBUG] [thread-id 1] - conditionally execute a flow. condition: true
2023-01-22 23:27:33.476 [DEBUG] [thread-id 1] - Cart page loaded successfully
2023-01-22 23:27:33.496 [DEBUG] [thread-id 1] - Executing function: 'us.functions.cart.verifyCardDetails'
2023-01-22 23:27:33.497 [DEBUG] [thread-id 1] - Executing function: 'us.functions.utils.getFulfillmentTextsToCompare'
2023-01-22 23:27:33.501 [WARN] [thread-id 1] - variable altFulfillmentText was used, but r2 could not find a value for this variable. returning default of null
2023-01-22 23:27:33.514 [DEBUG] [thread-id 1] - conditionally execute a flow. condition: true
2023-01-22 23:27:33.830 [DEBUG] [thread-id 1] - conditionally execute a flow. condition: true
2023-01-22 23:27:34.133 [DEBUG] [thread-id 1] - Store in: store the value 'shipping' in the variable 'altFulfillmentText'
2023-01-22 23:27:34.152 [DEBUG] [thread-id 1] - -------Validate Shipping cart details function start-------
2023-01-22 23:27:34.154 [WARN] [thread-id 1] - variable initialCartDataSetup was used, but r2 could not find a value for this variable. returning default of null
2023-01-22 23:27:34.157 [DEBUG] [thread-id 1] - conditionally execute a flow. condition: true
2023-01-22 23:27:34.400 [DEBUG] [thread-id 1] - sleep:  5000 milliseconds
2023-01-22 23:27:39.647 [DEBUG] [thread-id 1] - conditionally execute a flow. condition: true
2023-01-22 23:27:39.841 [DEBUG] [thread-id 1] - Cart page displayed
2023-01-22 23:27:40.042 [WARN] [thread-id 1] - variable validationScope was used, but r2 could not find a value for this variable. returning default of null
2023-01-22 23:27:40.240 [DEBUG] [thread-id 1] - Store in: store the value 'complete' in the variable 'initialCartDataSetup'
2023-01-22 23:28:00.686 [DEBUG] [thread-id 1] - conditionally execute a flow. condition: true
2023-01-22 23:28:01.560 [DEBUG] [thread-id 1] - Main failed: FAILURE - teflon - Added items are not available in cart page
2023-01-22 23:28:48.707 [DEBUG] [thread-id 1] - Executing R2 3.30.0: '/Users/m0k0a2f/glass-automation/./us/test/test-scripts/ios/golden-flows/PetRx-flows/C2666399-PetRX-multi-fulfilment-Shipping-mixed-order.yaml' on device: 'iPhone 13'
2023-01-22 23:29:30.980 [DEBUG] [thread-id 1] - Executing scenario: 'Before'
2023-01-22 23:29:30.986 [DEBUG] [thread-id 1] - Execute before steps
2023-01-22 23:29:30.989 [DEBUG] [thread-id 1] - R2_SUBFLOW_PRE_TRANSACTION
2023-01-22 23:29:30.992 [DEBUG] [thread-id 1] - Executing function: 'us.functions.utils.astro.clearCart'
2023-01-22 23:29:31.110 [DEBUG] [thread-id 1] - Call API: 'http://astro.walmart.com/api/v2/teflon/customer/walpandroid@gmail.com/clearcart'
2023-01-22 23:29:43.975 [DEBUG] [thread-id 1] - Response code is: '200'. Response body is: '{"astroStatus":"SUCCESS","astroDescription":"CART_CLEARED","astroDetails":{"dbSessionMap":{"CXO_CART_ST":"{\"mtoken\":\"1:14#157365326#2=169040766#8=85670523\"}"},"checkoutable":false,"cart":{"id":"4cb5a3a0-d181-4494-a850-4577f8f3a343","buyer":{"id":"958647ca-1069-4bb6-9770-9c628979f279","type":"CUSTOMER"},"storeIds":[],"itemCount":0,"entityErrors":[],"shipping":{"id":"554fae7f-6ce3-49a0-9428-9399e535d0ca","dbLockVersion":0,"dbSessionMap":{},"dbLockMap":{},"postalCode":"95122","city":"San Jose","state":"CA","countryCode":"USA","latitude":37.606689,"longitude":-122.426362,"isPOBox":false,"isAPOFPO":false},"currencyCode":"USD","preview":false,"tenantId":0,"verticalId":0,"checkoutableErrors":[],"intent":"PICKUP","pickupStore":{"city":"San Jose","stateOrProvinceCode":"CA","countryCode":"USA","postalCode":"95122","storeId":"32144","services":[]},"deliveryStore":{"city":"San Jose","stateOrProvinceCode":"CA","countryCode":"USA","postalCode":"95122","storeId":"32144","services":[]},"fulfillmentPlans":[],"accessPoints":[],"reservations":[],"isExplicitIntent":false,"hasGiftEligibleItem":false,"warnings":[],"restrictions":[]},"isOmniPromiseResponse":true}}'
2023-01-22 23:29:44.131 [DEBUG] [thread-id 1] - Cart cleared for walpandroid@gmail.com
2023-01-22 23:29:44.233 [DEBUG] [thread-id 1] - Using us-errors-helpers.yaml
2023-01-22 23:29:44.321 [DEBUG] [thread-id 1] - Start Main
2023-01-22 23:29:44.324 [DEBUG] [thread-id 1] - Executing function: 'us.functions.global.onboarding.navigateOnboardingToHome'
2023-01-22 23:29:44.326 [DEBUG] [thread-id 1] - Executing function: 'us.function.utils.getEnvironmentValue'
2023-01-22 23:29:44.332 [DEBUG] [thread-id 1] - Store in: store the value 'teflon' in the variable 'env'
2023-01-22 23:29:44.465 [DEBUG] [thread-id 1] - Verify identifier: {//XCUIElementTypeStaticText[@name="WelcomeViewController.titleLabel"] | //XCUIElementTypeStaticText[@name="SignUpNudgeWelcomeViewController.titleLabel"]=[true]}
2023-01-22 23:29:54.514 [DEBUG] [thread-id 1] - conditionally execute a flow. condition: false
2023-01-22 23:29:54.709 [DEBUG] [thread-id 1] - Click element: '//XCUIElementTypeStaticText[@name="Continue"] | //XCUIElementTypeStaticText[@name="Next"] | //XCUIElementTypeStaticText[@name="Continue as guest"]'
2023-01-22 23:29:55.484 [DEBUG] [thread-id 1] - Verify identifier: {NotificationPermissionViewController.titleLabel=[true]}
2023-01-22 23:29:55.603 [DEBUG] [thread-id 1] - Click element: '//XCUIElementTypeStaticText[@name="Not now"] | //XCUIElementTypeButton[@name="cta.cancel.notifications"]'
2023-01-22 23:30:16.593 [DEBUG] [thread-id 1] - Main failed: Is not present: 'Share your location'
2023-01-22 23:30:16.690 [DEBUG] [thread-id 1] - Executing scenario: 'After'
2023-01-22 23:30:16.698 [DEBUG] [thread-id 1] - Executing function: 'us.functions.utils.afterSteps'
2023-01-22 23:30:16.711 [WARN] [thread-id 1] - variable testStatus was used, but r2 could not find a value for this variable. returning default of null
2023-01-22 23:30:16.753 [DEBUG] [thread-id 1] - conditionally execute a flow. condition: false
2023-01-22 23:30:16.859 [DEBUG] [thread-id 1] - Test failed
2023-01-22 23:30:16.977 [DEBUG] [thread-id 1] - Executing function: 'us.functions.utils.closeErrorAlertIfExists'
2023-01-22 23:30:32.686 [DEBUG] [thread-id 1] - Created report: /Users/m0k0a2f/glass-automation/report/index.html
2023-01-22 23:32:59.709 [DEBUG] [thread-id 1] - Executing R2 3.30.0: '/Users/m0k0a2f/glass-automation/./us/test/test-scripts/ios/golden-flows/PetRx-flows/C2666399-PetRX-multi-fulfilment-Shipping-mixed-order.yaml' on device: 'iPhone 13'
2023-01-22 23:33:44.652 [DEBUG] [thread-id 1] - Executing scenario: 'Before'
2023-01-22 23:33:44.660 [DEBUG] [thread-id 1] - Execute before steps
2023-01-22 23:33:44.662 [DEBUG] [thread-id 1] - R2_SUBFLOW_PRE_TRANSACTION
2023-01-22 23:33:44.665 [DEBUG] [thread-id 1] - Executing function: 'us.functions.utils.astro.clearCart'
2023-01-22 23:33:44.783 [DEBUG] [thread-id 1] - Call API: 'http://astro.walmart.com/api/v2/teflon/customer/walpandroid@gmail.com/clearcart'
2023-01-22 23:34:15.118 [ERROR] [thread-id 1] - java.net.SocketTimeoutException: timeout
2023-01-22 23:34:15.123 [INFO] [thread-id 1] - Empty response from callAPI using http://astro.walmart.com/api/v2/teflon/customer/walpandroid@gmail.com/clearcart retrying...
2023-01-22 23:34:17.140 [INFO] [thread-id 1] - Call API: 'http://astro.walmart.com/api/v2/teflon/customer/walpandroid@gmail.com/clearcart'
2023-01-22 23:34:38.174 [DEBUG] [thread-id 1] - Response code is: '400'. Response body is: '{"astroStatus":"FAIL","astroDescription":"AUTHSIGNATURE - Error generating authSignature","astroDetails":{"statusCode":521,"errors":"<!DOCTYPE html><html><head><title>Error: 521</title></head><body style=\"font-family: monospace\"><h1>521</h1><h2>An error occurred while attempting to load this content.</h2></body></html>\n"}}'
2023-01-22 23:34:38.175 [INFO] [thread-id 1] - Expected '200' but got '400'. retrying...
2023-01-22 23:34:40.191 [INFO] [thread-id 1] - Call API: 'http://astro.walmart.com/api/v2/teflon/customer/walpandroid@gmail.com/clearcart'
2023-01-22 23:35:01.587 [DEBUG] [thread-id 1] - Response code is: '200'. Response body is: '{"astroStatus":"SUCCESS","astroDescription":"CART_CLEARED","astroDetails":{"dbSessionMap":{"CXO_CART_ST":"{\"mtoken\":\"1:14#157365659#2=169042129#8=85670861\"}"},"checkoutable":false,"cart":{"id":"4cb5a3a0-d181-4494-a850-4577f8f3a343","buyer":{"id":"958647ca-1069-4bb6-9770-9c628979f279","type":"CUSTOMER"},"storeIds":[],"itemCount":0,"entityErrors":[],"shipping":{"id":"f5c908b1-b062-4e51-82af-ac1dd66031c0","dbLockVersion":0,"dbSessionMap":{},"dbLockMap":{},"postalCode":"95122","city":"San Jose","state":"CA","countryCode":"USA","latitude":37.606689,"longitude":-122.426362,"isPOBox":false,"isAPOFPO":false},"currencyCode":"USD","preview":false,"tenantId":0,"verticalId":0,"checkoutableErrors":[],"intent":"PICKUP","pickupStore":{"city":"San Jose","stateOrProvinceCode":"CA","countryCode":"USA","postalCode":"95122","storeId":"32144","services":[]},"deliveryStore":{"city":"San Jose","stateOrProvinceCode":"CA","countryCode":"USA","postalCode":"95122","storeId":"32144","services":[]},"fulfillmentPlans":[],"accessPoints":[],"reservations":[],"isExplicitIntent":false,"hasGiftEligibleItem":false,"warnings":[],"restrictions":[]},"isOmniPromiseResponse":true}}'
2023-01-22 23:35:01.747 [DEBUG] [thread-id 1] - Cart cleared for walpandroid@gmail.com
2023-01-22 23:35:01.851 [DEBUG] [thread-id 1] - Using us-errors-helpers.yaml
2023-01-22 23:35:01.943 [DEBUG] [thread-id 1] - Start Main
2023-01-22 23:35:01.948 [DEBUG] [thread-id 1] - Executing function: 'us.functions.global.onboarding.navigateOnboardingToHome'
2023-01-22 23:35:01.954 [DEBUG] [thread-id 1] - Executing function: 'us.function.utils.getEnvironmentValue'
2023-01-22 23:35:01.960 [DEBUG] [thread-id 1] - Store in: store the value 'teflon' in the variable 'env'
2023-01-22 23:35:02.356 [DEBUG] [thread-id 1] - Verify identifier: {//XCUIElementTypeStaticText[@name="WelcomeViewController.titleLabel"] | //XCUIElementTypeStaticText[@name="SignUpNudgeWelcomeViewController.titleLabel"]=[true]}
2023-01-22 23:35:12.394 [DEBUG] [thread-id 1] - conditionally execute a flow. condition: false
2023-01-22 23:35:12.586 [DEBUG] [thread-id 1] - Click element: '//XCUIElementTypeStaticText[@name="Continue"] | //XCUIElementTypeStaticText[@name="Next"] | //XCUIElementTypeStaticText[@name="Continue as guest"]'
2023-01-22 23:35:13.322 [DEBUG] [thread-id 1] - Verify identifier: {NotificationPermissionViewController.titleLabel=[true]}
2023-01-22 23:35:13.445 [DEBUG] [thread-id 1] - Click element: '//XCUIElementTypeStaticText[@name="Not now"] | //XCUIElementTypeButton[@name="cta.cancel.notifications"]'
2023-01-22 23:35:23.093 [DEBUG] [thread-id 1] - Verify identifier: {Share your location=[true]}
2023-01-22 23:35:23.152 [DEBUG] [thread-id 1] - Click element: 'Enter zip code'
2023-01-22 23:35:33.345 [DEBUG] [thread-id 1] - conditionally execute a flow. condition: false
2023-01-22 23:35:33.453 [DEBUG] [thread-id 1] - Observed personalizedScreen
2023-01-22 23:35:33.549 [DEBUG] [thread-id 1] - conditionally execute a flow. condition: true
2023-01-22 23:35:33.668 [DEBUG] [thread-id 1] - Click element: 'Continue'
2023-01-22 23:35:44.059 [DEBUG] [thread-id 1] - conditionally execute a flow. condition: true
2023-01-22 23:35:54.286 [DEBUG] [thread-id 1] - conditionally execute a flow. condition: true
2023-01-22 23:35:54.407 [DEBUG] [thread-id 1] - Click element: 'Continue'
2023-01-22 23:35:55.706 [DEBUG] [thread-id 1] - conditionally execute a flow. condition: true
2023-01-22 23:35:56.809 [DEBUG] [thread-id 1] - Click element: 'Allow'
2023-01-22 23:36:28.522 [DEBUG] [thread-id 1] - Executing function: 'us.functions.utils.tryAgainWhenThereIsError'
2023-01-22 23:36:28.544 [DEBUG] [thread-id 1] - loop: from 0 to 2
2023-01-22 23:36:28.705 [DEBUG] [thread-id 1] - 0
2023-01-22 23:36:39.082 [DEBUG] [thread-id 1] - conditionally execute a flow. condition: false
2023-01-22 23:36:39.243 [DEBUG] [thread-id 1] - Executing function: 'us.functions.onboarding.handleTechnicalErrorPage'
2023-01-22 23:36:39.243 [DEBUG] [thread-id 1] - sleep:  5000 milliseconds
2023-01-22 23:36:44.274 [DEBUG] [thread-id 1] - loop: from 0 to 4
2023-01-22 23:36:44.442 [DEBUG] [thread-id 1] - 0
2023-01-22 23:36:54.849 [DEBUG] [thread-id 1] - conditionally execute a flow. condition: false
2023-01-22 23:36:54.995 [DEBUG] [thread-id 1] - No Technical Error Page observed
2023-01-22 23:36:55.156 [DEBUG] [thread-id 1] - Executing function: 'us.functions.gic.collapseIfExpanded'
2023-01-22 23:36:55.319 [DEBUG] [thread-id 1] - conditionally execute a flow. condition: true
2023-01-22 23:36:55.623 [DEBUG] [thread-id 1] - Click element: '//*[contains(@label,"Expanded")]'
2023-01-22 23:36:55.811 [DEBUG] [thread-id 1] - Executing function: 'us.functions.home.navigateHomeToSignIn'
2023-01-22 23:36:56.230 [DEBUG] [thread-id 1] - Click element: 'Account'
2023-01-22 23:36:56.499 [DEBUG] [thread-id 1] - sleep:  3000 milliseconds
2023-01-22 23:37:00.026 [DEBUG] [thread-id 1] - Verify identifier: {//XCUIElementTypeButton[@name="Account.SignInButton"] | //XCUIElementTypeButton[@name="HeaderView.loginButton"] | //XCUIElementTypeButton[@label="SignInYourAccountTableViewCell.signInButton"] | //XCUIElementTypeButton[@label="Sign in"] | //XCUIElementTypeButton[@label="Sign in or create an account"]=[true]}
2023-01-22 23:37:00.028 [DEBUG] [thread-id 1] - loop: from 1 to 3
2023-01-22 23:37:00.661 [DEBUG] [thread-id 1] - conditionally execute a flow. condition: true
2023-01-22 23:37:01.281 [DEBUG] [thread-id 1] - Click element: '//XCUIElementTypeButton[@name="Account.SignInButton"] | //XCUIElementTypeButton[@name="HeaderView.loginButton"] | //XCUIElementTypeButton[@label="SignInYourAccountTableViewCell.signInButton"] | //XCUIElementTypeButton[@label="Sign in"] | //XCUIElementTypeButton[@label="Sign in or create an account"]'
2023-01-22 23:37:02.076 [DEBUG] [thread-id 1] - sleep:  3000 milliseconds
2023-01-22 23:37:05.654 [DEBUG] [thread-id 1] - conditionally execute a flow. condition: true
2023-01-22 23:37:06.000 [DEBUG] [thread-id 1] - Store in: store the value 'true' in the variable 'signInValidated'
2023-01-22 23:37:06.372 [DEBUG] [thread-id 1] - conditionally execute a flow. condition: true
2023-01-22 23:37:06.704 [DEBUG] [thread-id 1] - SignIn page loaded
2023-01-22 23:37:07.038 [DEBUG] [thread-id 1] - Store in: store the value 'false' in the variable 'signInValidated'
2023-01-22 23:37:07.047 [DEBUG] [thread-id 1] - Executing function: 'us.functions.global.authentication.signInAccount'
2023-01-22 23:37:07.056 [WARN] [thread-id 1] - variable validateSignInPage was used, but r2 could not find a value for this variable. returning default of null
2023-01-22 23:37:07.062 [DEBUG] [thread-id 1] - Executing function: 'us.functions.global.authentication.dismissSelectSavedPasswordDialog'
2023-01-22 23:37:17.556 [DEBUG] [thread-id 1] - Verify identifier: {//XCUIElementTypeTextField=[true]}
2023-01-22 23:37:17.813 [DEBUG] [thread-id 1] - Enter text: 'walpandroid@gmail.com'
2023-01-22 23:37:23.119 [DEBUG] [thread-id 1] - conditionally execute a flow. condition: true
2023-01-22 23:37:24.197 [DEBUG] [thread-id 1] - loop: from 1 to 3
2023-01-22 23:37:25.265 [DEBUG] [thread-id 1] - sleep:  3000 milliseconds
2023-01-22 23:37:29.943 [DEBUG] [thread-id 1] - conditionally execute a flow. condition: true
2023-01-22 23:37:31.565 [DEBUG] [thread-id 1] - Click element: '//XCUIElementTypeButton[@name="SignInView.ctaButton" or @name="WelcomeView.ctaButton"]'
2023-01-22 23:37:34.791 [DEBUG] [thread-id 1] - conditionally execute a flow. condition: true
2023-01-22 23:37:35.862 [DEBUG] [thread-id 1] - Store in: store the value 'true' in the variable 'signInValidated'
2023-01-22 23:37:37.970 [DEBUG] [thread-id 1] - conditionally execute a flow. condition: true
2023-01-22 23:37:39.038 [DEBUG] [thread-id 1] - Store in: store the value 'false' in the variable 'signInValidated'
2023-01-22 23:37:40.114 [DEBUG] [thread-id 1] - Email entered
2023-01-22 23:37:40.135 [WARN] [thread-id 1] - variable validateSignInPage was used, but r2 could not find a value for this variable. returning default of null
2023-01-22 23:37:40.136 [DEBUG] [thread-id 1] - loop: from 1 to 3
2023-01-22 23:37:41.206 [DEBUG] [thread-id 1] - sleep:  2000 milliseconds
2023-01-22 23:37:44.607 [DEBUG] [thread-id 1] - conditionally execute a flow. condition: true
2023-01-22 23:37:45.993 [DEBUG] [thread-id 1] - Enter text: 'Testing@123'
2023-01-22 23:37:49.717 [DEBUG] [thread-id 1] - sleep:  1000 milliseconds
2023-01-22 23:37:52.555 [DEBUG] [thread-id 1] - Click element: '//XCUIElementTypeStaticText[@name="Sign in"] | //XCUIElementTypeButton[@label="Sign In" or @label="Sign in"] | //XCUIElementTypeButton[@name="OtpView.ctaButton"] | //XCUIElementTypeButton[@label="Sign in or create an account"]'
2023-01-22 23:37:53.985 [DEBUG] [thread-id 1] - sleep:  2000 milliseconds
2023-01-22 23:38:08.716 [DEBUG] [thread-id 1] - Hide keyboard: 'true'
2023-01-22 23:38:10.022 [DEBUG] [thread-id 1] - conditionally execute a flow. condition: true
2023-01-22 23:38:11.077 [DEBUG] [thread-id 1] - Store in: store the value 'true' in the variable 'signInValidated'
2023-01-22 23:38:12.155 [DEBUG] [thread-id 1] - conditionally execute a flow. condition: true
2023-01-22 23:38:13.230 [DEBUG] [thread-id 1] - Account signed in
2023-01-22 23:38:13.524 [DEBUG] [thread-id 1] - conditionally execute a flow. condition: true
2023-01-22 23:38:14.837 [DEBUG] [thread-id 1] - Click element: '//XCUIElementTypeButton[@name="Don’t Allow"] | //XCUIElementTypeButton[@name="Don’t Allow"]'
2023-01-22 23:38:15.467 [DEBUG] [thread-id 1] - Executing function: 'us.functions.utils.handleCartMergePopup'
2023-01-22 23:38:15.467 [DEBUG] [thread-id 1] - sleep:  7000 milliseconds
2023-01-22 23:38:22.484 [DEBUG] [thread-id 1] - loop: from 0 to 4
2023-01-22 23:38:23.390 [DEBUG] [thread-id 1] - 0
2023-01-22 23:38:35.286 [DEBUG] [thread-id 1] - conditionally execute a flow. condition: false
2023-01-22 23:38:36.047 [DEBUG] [thread-id 1] - No Technical Error Page observed
2023-01-22 23:38:36.796 [DEBUG] [thread-id 1] - Executing function: 'us.functions.global.navigation.accountToHome'
2023-01-22 23:38:37.401 [DEBUG] [thread-id 1] - Click element: '//XCUIElementTypeButton[@name="Shop"] |  //XCUIElementTypeButton[@name="Home"]'
2023-01-22 23:38:37.727 [DEBUG] [thread-id 1] - Executing function: 'us.functions.home.closeWPlusPromotionPopUpIfDisplayed'
2023-01-22 23:38:37.727 [DEBUG] [thread-id 1] - sleep:  5000 milliseconds
2023-01-22 23:38:53.268 [DEBUG] [thread-id 1] - Verify identifier: {//XCUIElementTypeSearchField[@name="Search Walmart"] | //XCUIElementTypeOther[@name="Search Walmart"]/XCUIElementTypeOther | //XCUIElementTypeOther[@name="Search Walmart"]=[true]}
2023-01-22 23:38:53.269 [DEBUG] [thread-id 1] - Executing function: 'us.functions.home.rateDriverPopup'
2023-01-22 23:38:53.273 [DEBUG] [thread-id 1] - loop: from 1 to 6
2023-01-22 23:38:53.705 [DEBUG] [thread-id 1] - 1
2023-01-22 23:39:04.342 [DEBUG] [thread-id 1] - conditionally execute a flow. condition: false
2023-01-22 23:39:04.756 [DEBUG] [thread-id 1] - Executing function: 'us.functions.home.setStore'
2023-01-22 23:39:04.800 [DEBUG] [thread-id 1] - Executing function: 'us.functions.utils.getSearchableItem'
2023-01-22 23:39:04.807 [DEBUG] [thread-id 1] - Store in: store the value 'null' in the variable 'itemFetched'
2023-01-22 23:39:04.810 [DEBUG] [thread-id 1] - Store in: store the value 'null' in the variable 'deeplinkURL'
2023-01-22 23:39:04.837 [DEBUG] [thread-id 1] - conditionally execute a flow. condition: false
2023-01-22 23:39:05.243 [DEBUG] [thread-id 1] - Item fetched by Astro API
2023-01-22 23:39:05.651 [DEBUG] [thread-id 1] - Executing function: 'us.functions.utils.fetchAstroAvailableItem'
2023-01-22 23:39:05.657 [DEBUG] [thread-id 1] - Fetching Item available in stock using Astro API for Item type FC_DELIVERY
2023-01-22 23:39:05.661 [WARN] [thread-id 1] - variable storeId was used, but r2 could not find a value for this variable. returning default of null
2023-01-22 23:39:05.673 [DEBUG] [thread-id 1] - conditionally execute a flow. condition: true
2023-01-22 23:39:06.075 [DEBUG] [thread-id 1] - Store in: store the value '32144' in the variable 'storeId'
2023-01-22 23:39:06.091 [WARN] [thread-id 1] - variable nextGen was used, but r2 could not find a value for this variable. returning default of null
2023-01-22 23:39:06.094 [WARN] [thread-id 1] - variable itemStatusHeader was used, but r2 could not find a value for this variable. returning default of null
2023-01-22 23:39:06.095 [DEBUG] [thread-id 1] - conditionally execute a flow. condition: true
2023-01-22 23:39:06.498 [DEBUG] [thread-id 1] - Store in: store the value 'SUCCESS' in the variable 'itemStatusHeader'
2023-01-22 23:39:06.514 [WARN] [thread-id 1] - variable itemFilter was used, but r2 could not find a value for this variable. returning default of null
2023-01-22 23:39:06.517 [DEBUG] [thread-id 1] - conditionally execute a flow. condition: false
2023-01-22 23:39:06.934 [DEBUG] [thread-id 1] - Store in: store the value 'http://astro.walmart.com/api/v3/teflon/internal/getItemHealth/32144/FC_DELIVERY' in the variable 'fetchURL'
2023-01-22 23:39:06.951 [DEBUG] [thread-id 1] - Store in: store the value 'null' in the variable 'itemDetails'
2023-01-22 23:39:07.365 [WARN] [thread-id 1] - variable version was used, but r2 could not find a value for this variable. returning default of null
2023-01-22 23:39:07.369 [DEBUG] [thread-id 1] - conditionally execute a flow. condition: false
2023-01-22 23:39:07.777 [DEBUG] [thread-id 1] - Old API
2023-01-22 23:39:08.190 [DEBUG] [thread-id 1] - Call API: 'http://astro.walmart.com/api/v3/teflon/internal/getItemHealth/32144/FC_DELIVERY'
2023-01-22 23:39:13.904 [DEBUG] [thread-id 1] - Response code is: '200'. Response body is: '{"astroStatus":"SUCCESS","astroDescription":"Item Health details found in itemHealth Collection","astroDetails":[{"itemId":"945213102","astroStatus":"SUCCESS","astroDescription":"FC_DELIVERY ORDER CREATED","orderType":"FC_DELIVERY","storeId":"32144","orderNumber":100000093652667,"_id":"619e898cf7efa49aed2a41e0","createdAt":"2021-11-24T18:50:52.843Z","updatedAt":"2023-01-23T06:02:29.762Z","__v":0},{"itemId":"816076989","astroStatus":"SUCCESS","astroDescription":"FC_DELIVERY ORDER CREATED","orderType":"FC_DELIVERY","storeId":"32144","orderNumber":100000093652897,"_id":"619e8f69ff2f80e76d91009e","createdAt":"2021-11-24T19:15:53.083Z","updatedAt":"2023-01-23T06:11:08.303Z","__v":0},{"itemId":"419971512","astroStatus":"SUCCESS","astroDescription":"FC_DELIVERY ORDER CREATED","orderType":"FC_DELIVERY","storeId":"32144","orderNumber":100000093653079,"_id":"619e8f81ff2f80e76d9100a2","createdAt":"2021-11-24T19:16:17.468Z","updatedAt":"2023-01-23T06:34:46.280Z","__v":0}]}'
2023-01-22 23:39:14.348 [DEBUG] [thread-id 1] - conditionally execute a flow. condition: false
2023-01-22 23:39:14.755 [DEBUG] [thread-id 1] - SUCCESSFUL item fetched from astro API.
2023-01-22 23:39:15.174 [DEBUG] [thread-id 1] - loop: over '[{"itemId":"945213102","astroStatus":"SUCCESS","astroDescription":"FC_DELIVERY ORDER CREATED","orderType":"FC_DELIVERY","storeId":"32144","orderNumber":100000093652667,"_id":"619e898cf7efa49aed2a41e0","createdAt":"2021-11-24T18:50:52.843Z","updatedAt":"2023-01-23T06:02:29.762Z","__v":0},{"itemId":"816076989","astroStatus":"SUCCESS","astroDescription":"FC_DELIVERY ORDER CREATED","orderType":"FC_DELIVERY","storeId":"32144","orderNumber":100000093652897,"_id":"619e8f69ff2f80e76d91009e","createdAt":"2021-11-24T19:15:53.083Z","updatedAt":"2023-01-23T06:11:08.303Z","__v":0},{"itemId":"419971512","astroStatus":"SUCCESS","astroDescription":"FC_DELIVERY ORDER CREATED","orderType":"FC_DELIVERY","storeId":"32144","orderNumber":100000093653079,"_id":"619e8f81ff2f80e76d9100a2","createdAt":"2021-11-24T19:16:17.468Z","updatedAt":"2023-01-23T06:34:46.280Z","__v":0}]'
2023-01-22 23:39:15.581 [DEBUG] [thread-id 1] - Store in: store the value 'null' in the variable 'itemDetails'
2023-01-22 23:39:15.993 [DEBUG] [thread-id 1] - {"itemId":"945213102","astroStatus":"SUCCESS","astroDescription":"FC_DELIVERY ORDER CREATED","orderType":"FC_DELIVERY","storeId":"32144","orderNumber":100000093652667,"_id":"619e898cf7efa49aed2a41e0","createdAt":"2021-11-24T18:50:52.843Z","updatedAt":"2023-01-23T06:02:29.762Z","__v":0}
2023-01-22 23:39:16.407 [DEBUG] [thread-id 1] - Store in: store the value '945213102' in the variable 'itemFetched'
2023-01-22 23:39:16.825 [DEBUG] [thread-id 1] - Store in: store the value 'SUCCESS' in the variable 'itemStatus'
2023-01-22 23:39:17.230 [WARN] [thread-id 1] - variable healthCheck was used, but r2 could not find a value for this variable. returning default of null
2023-01-22 23:39:17.634 [DEBUG] [thread-id 1] - conditionally execute a flow. condition: true
2023-01-22 23:39:18.027 [WARN] [thread-id 1] - variable skipForNext was used, but r2 could not find a value for this variable. returning default of null
2023-01-22 23:39:18.430 [WARN] [thread-id 1] - variable excludeFetchedItem was used, but r2 could not find a value for this variable. returning default of null
2023-01-22 23:39:18.431 [DEBUG] [thread-id 1] - conditionally execute a flow. condition: false
2023-01-22 23:39:18.823 [DEBUG] [thread-id 1] - Executing function: 'us.functions.utils.itemHealthCheck'
2023-01-22 23:39:18.825 [DEBUG] [thread-id 1] - Checking item eligibility before proceeding
2023-01-22 23:39:18.829 [DEBUG] [thread-id 1] - Store in: store the value 'false' in the variable 'itemEligiblity'
2023-01-22 23:39:18.831 [DEBUG] [thread-id 1] - Store in: store the value 'false' in the variable 'ignoreItem'
2023-01-22 23:39:18.833 [DEBUG] [thread-id 1] - loop: over '["158353031","669597065","446886409", "803629599", "888307914", "574523299"]'
2023-01-22 23:39:21.315 [DEBUG] [thread-id 1] - conditionally execute a flow. condition: false
2023-01-22 23:39:21.705 [DEBUG] [thread-id 1] - conditionally execute a flow. condition: true
2023-01-22 23:39:22.495 [DEBUG] [thread-id 1] - Call API: 'http://astro.walmart.com/api/v2/teflon/itemHealthCheck?shippingNode=32144&orderType=FC_DELIVERY&itemId=945213102'
2023-01-22 23:39:35.598 [DEBUG] [thread-id 1] - Response code is: '200'. Response body is: '{"status":"OK","offerId":"175B8F0529284A0282DCAB4654AEC444","eligibility":{"orderType":"FC_DELIVERY","shipNode":"32144","preferredDeliveryRoute":{"nodeType":"FC","shipNode":"2379","carrierType":"FREIGHT","xmlCarrierMethodCode":"43"},"isEligible":true},"appStatus":[{"app":"IRO","status":"OK","errors":[]},{"app":"IRORollUps","status":"OK","errors":[]},{"app":"OASIS","status":"OK","errors":[]},{"app":"IQS","status":"OK","errors":[]},{"app":"GBAS","status":"OK","errors":[]},{"app":"MCSE","status":"OK","errors":[]},{"app":"MCSEPromise","status":"OK","errors":[]}]}'
2023-01-22 23:39:36.050 [DEBUG] [thread-id 1] - conditionally execute a flow. condition: true
2023-01-22 23:39:36.867 [DEBUG] [thread-id 1] - Stock available Item Id 945213102 for type FC_DELIVERY
2023-01-22 23:39:37.266 [DEBUG] [thread-id 1] - Store in: store the value 'false' in the variable 'skipForNext'
2023-01-22 23:39:37.684 [DEBUG] [thread-id 1] - Store in: store the value 'false' in the variable 'excludeFetchedItem'
2023-01-22 23:39:37.693 [DEBUG] [thread-id 1] - Store in: store the value 'null' in the variable 'storeId'
2023-01-22 23:39:37.694 [DEBUG] [thread-id 1] - Store in: store the value 'null' in the variable 'itemStatusHeader'
2023-01-22 23:39:37.694 [DEBUG] [thread-id 1] - Store in: store the value 'false' in the variable 'healthCheck'
2023-01-22 23:39:37.694 [DEBUG] [thread-id 1] - Store in: store the value 'null' in the variable 'version'
2023-01-22 23:39:37.695 [DEBUG] [thread-id 1] - Store in: store the value 'null' in the variable 'itemFilter'
2023-01-22 23:39:37.702 [DEBUG] [thread-id 1] - Store in: store the value 'null' in the variable 'backupItem'
2023-01-22 23:39:37.703 [DEBUG] [thread-id 1] - Store in: store the value 'null' in the variable 'source'
2023-01-22 23:39:37.703 [DEBUG] [thread-id 1] - Store in: store the value 'walmart://item/945213102' in the variable 'deeplinkURl'
2023-01-22 23:39:37.703 [DEBUG] [thread-id 1] - Item:945213102
2023-01-22 23:39:37.704 [DEBUG] [thread-id 1] - deeplinkURL:walmart://item/945213102
2023-01-22 23:39:37.705 [DEBUG] [thread-id 1] - Executing function: 'us.functions.global.navigation.goToDeepLink'
2023-01-22 23:39:37.706 [DEBUG] [thread-id 1] - Verify value of: '$deepLinkUrl'
2023-01-22 23:39:37.707 [DEBUG] [thread-id 1] - Open link: 'walmart://item/945213102'
2023-01-22 23:39:38.309 [DEBUG] [thread-id 1] - Executing function: 'us.functions.global.navigation.openDeepLink'
2023-01-22 23:39:49.051 [DEBUG] [thread-id 1] - Executing function: 'us.functions.utils.handleTechnicalErrorPopup'
2023-01-22 23:39:49.052 [DEBUG] [thread-id 1] - Store in: store the value 'false' in the variable 'errorRemoved'
2023-01-22 23:39:49.052 [DEBUG] [thread-id 1] - sleep:  10000 milliseconds
2023-01-22 23:39:59.056 [DEBUG] [thread-id 1] - loop: from 0 to 3
2023-01-22 23:39:59.984 [DEBUG] [thread-id 1] - 0
2023-01-22 23:40:10.932 [DEBUG] [thread-id 1] - conditionally execute a flow. condition: false
2023-01-22 23:40:11.881 [DEBUG] [thread-id 1] - Store in: store the value 'true' in the variable 'errorRemoved'
2023-01-22 23:40:12.817 [DEBUG] [thread-id 1] - No Technical Error Pop up observed
2023-01-22 23:40:13.734 [DEBUG] [thread-id 1] - Executing function: 'us.functions.item.addItemToCart'
2023-01-22 23:40:13.735 [DEBUG] [thread-id 1] - Executing function: 'us.functions.item.preAddToCartSteps'
2023-01-22 23:40:14.623 [DEBUG] [thread-id 1] - sleep:  2000 milliseconds
2023-01-22 23:40:21.054 [DEBUG] [thread-id 1] - Item wasn't Added initially, continuing with scenario
2023-01-22 23:40:21.064 [DEBUG] [thread-id 1] - Executing function: 'us.functions.item.validateAndClickAddToCartButton'
2023-01-22 23:40:21.811 [DEBUG] [thread-id 1] - conditionally execute a flow. condition: true
2023-01-22 23:40:22.749 [DEBUG] [thread-id 1] - ATC button present
2023-01-22 23:40:23.623 [DEBUG] [thread-id 1] - Click element: '(//XCUIElementTypeButton[@name="stepper.mainButton"])[1] | //XCUIElementTypeOther[@name="stepper.addToCartButton"] | (//XCUIElementTypeOther[contains(@name,"GlassStepperView.inner")]) | //XCUIElementTypeButton[@name="stepper.mainButton"]'
2023-01-22 23:40:24.039 [DEBUG] [thread-id 1] - sleep:  3000 milliseconds
2023-01-22 23:40:27.044 [WARN] [thread-id 1] - variable skipPostAddToCartSteps was used, but r2 could not find a value for this variable. returning default of null
2023-01-22 23:40:27.048 [DEBUG] [thread-id 1] - conditionally execute a flow. condition: true
2023-01-22 23:40:28.042 [DEBUG] [thread-id 1] - Executing function: 'us.functions.item.postAddToCartSteps'
2023-01-22 23:40:38.642 [WARN] [thread-id 1] - variable closeButtonNotDisplayed was used, but r2 could not find a value for this variable. returning default of null
2023-01-22 23:40:38.645 [DEBUG] [thread-id 1] - conditionally execute a flow. condition: false
2023-01-22 23:40:39.653 [DEBUG] [thread-id 1] - Executing function: 'us.functions.item.handlePAC'
2023-01-22 23:40:39.654 [DEBUG] [thread-id 1] - sleep:  5000 milliseconds
2023-01-22 23:40:56.415 [DEBUG] [thread-id 1] - sleep:  1000 milliseconds
2023-01-22 23:40:58.366 [WARN] [thread-id 1] - variable qty was used, but r2 could not find a value for this variable. returning default of null
2023-01-22 23:40:58.367 [WARN] [thread-id 1] - variable qty was used, but r2 could not find a value for this variable. returning default of null
2023-01-22 23:40:59.102 [DEBUG] [thread-id 1] - Verify identifier: {//XCUIElementTypeStaticText[@name="1 added"]| //XCUIElementTypeOther[@name="add-to-cart-button"] | //XCUIElementTypeStaticText[@label="null"] | Max 1=[true]}
2023-01-22 23:41:10.329 [DEBUG] [thread-id 1] - Executing function: 'us.functions.item.closeItemPage'
2023-01-22 23:41:10.332 [DEBUG] [thread-id 1] - conditionally execute a flow. condition: true
2023-01-22 23:41:14.521 [DEBUG] [thread-id 1] - Click element: 'ItemDetailsViewController_itemDetailCloseButton'
2023-01-22 23:41:16.143 [DEBUG] [thread-id 1] - Verify identifier: {TitleView_productTitle=[true]}
2023-01-22 23:41:16.143 [DEBUG] [thread-id 1] - sleep:  3000 milliseconds
2023-01-22 23:41:19.149 [DEBUG] [thread-id 1] - Verify identifier: {Your cart is empty=[true]}
2023-01-22 23:41:19.150 [DEBUG] [thread-id 1] - Store in: store the value 'false' in the variable 'closeButtonNotDisplayed'
2023-01-22 23:41:19.168 [DEBUG] [thread-id 1] - Executing function: 'us.functions.utils.getSearchableItem'
2023-01-22 23:41:19.169 [DEBUG] [thread-id 1] - Store in: store the value 'null' in the variable 'itemFetched'
2023-01-22 23:41:19.169 [DEBUG] [thread-id 1] - Store in: store the value 'null' in the variable 'deeplinkURL'
2023-01-22 23:41:19.173 [DEBUG] [thread-id 1] - conditionally execute a flow. condition: false
2023-01-22 23:41:19.570 [DEBUG] [thread-id 1] - Item fetched by Astro API
2023-01-22 23:41:19.972 [DEBUG] [thread-id 1] - Fetching Item available in stock using Astro API for Item type MP_WFS_DELIVERY
2023-01-22 23:41:19.977 [DEBUG] [thread-id 1] - conditionally execute a flow. condition: true
2023-01-22 23:41:20.360 [DEBUG] [thread-id 1] - Store in: store the value '32144' in the variable 'storeId'
2023-01-22 23:41:20.369 [WARN] [thread-id 1] - variable nextGen was used, but r2 could not find a value for this variable. returning default of null
2023-01-22 23:41:20.371 [DEBUG] [thread-id 1] - conditionally execute a flow. condition: true
2023-01-22 23:41:20.769 [DEBUG] [thread-id 1] - Store in: store the value 'SUCCESS' in the variable 'itemStatusHeader'
2023-01-22 23:41:20.778 [DEBUG] [thread-id 1] - conditionally execute a flow. condition: false
2023-01-22 23:41:21.189 [DEBUG] [thread-id 1] - Store in: store the value 'http://astro.walmart.com/api/v3/teflon/internal/getItemHealth/32144/MP_WFS_DELIVERY' in the variable 'fetchURL'
2023-01-22 23:41:21.206 [DEBUG] [thread-id 1] - Store in: store the value 'null' in the variable 'itemDetails'
2023-01-22 23:41:21.592 [DEBUG] [thread-id 1] - conditionally execute a flow. condition: false
2023-01-22 23:41:21.979 [DEBUG] [thread-id 1] - Old API
2023-01-22 23:41:22.382 [DEBUG] [thread-id 1] - Call API: 'http://astro.walmart.com/api/v3/teflon/internal/getItemHealth/32144/MP_WFS_DELIVERY'
2023-01-22 23:41:45.037 [DEBUG] [thread-id 1] - Response code is: '200'. Response body is: '{"astroStatus":"SUCCESS","astroDescription":"Item Health details found in itemHealth Collection","astroDetails":[{"itemId":"749435147","astroStatus":"SUCCESS","astroDescription":"MP_DELIVERY ORDER CREATED","orderType":"MP_WFS_DELIVERY","storeId":"32144","orderNumber":100000093652716,"_id":"61e8a66db08f4954590c93b6","createdAt":"2022-01-20T00:01:49.009Z","updatedAt":"2023-01-23T06:03:07.195Z","__v":0},{"itemId":"199364656","astroStatus":"SUCCESS","astroDescription":"MP_DELIVERY ORDER CREATED","orderType":"MP_WFS_DELIVERY","storeId":"32144","orderNumber":100000093652820,"_id":"61e8a6c4b08f4954590c93b8","createdAt":"2022-01-20T00:03:16.984Z","updatedAt":"2023-01-23T06:07:48.661Z","__v":0}]}'
2023-01-22 23:41:45.494 [DEBUG] [thread-id 1] - conditionally execute a flow. condition: false
2023-01-22 23:41:45.881 [DEBUG] [thread-id 1] - SUCCESSFUL item fetched from astro API.
2023-01-22 23:41:46.283 [DEBUG] [thread-id 1] - loop: over '[{"itemId":"749435147","astroStatus":"SUCCESS","astroDescription":"MP_DELIVERY ORDER CREATED","orderType":"MP_WFS_DELIVERY","storeId":"32144","orderNumber":100000093652716,"_id":"61e8a66db08f4954590c93b6","createdAt":"2022-01-20T00:01:49.009Z","updatedAt":"2023-01-23T06:03:07.195Z","__v":0},{"itemId":"199364656","astroStatus":"SUCCESS","astroDescription":"MP_DELIVERY ORDER CREATED","orderType":"MP_WFS_DELIVERY","storeId":"32144","orderNumber":100000093652820,"_id":"61e8a6c4b08f4954590c93b8","createdAt":"2022-01-20T00:03:16.984Z","updatedAt":"2023-01-23T06:07:48.661Z","__v":0}]'
2023-01-22 23:41:46.674 [DEBUG] [thread-id 1] - Store in: store the value 'null' in the variable 'itemDetails'
2023-01-22 23:41:47.066 [DEBUG] [thread-id 1] - {"itemId":"749435147","astroStatus":"SUCCESS","astroDescription":"MP_DELIVERY ORDER CREATED","orderType":"MP_WFS_DELIVERY","storeId":"32144","orderNumber":100000093652716,"_id":"61e8a66db08f4954590c93b6","createdAt":"2022-01-20T00:01:49.009Z","updatedAt":"2023-01-23T06:03:07.195Z","__v":0}
2023-01-22 23:41:47.458 [DEBUG] [thread-id 1] - Store in: store the value '749435147' in the variable 'itemFetched'
2023-01-22 23:41:47.848 [DEBUG] [thread-id 1] - Store in: store the value 'SUCCESS' in the variable 'itemStatus'
2023-01-22 23:41:48.657 [DEBUG] [thread-id 1] - conditionally execute a flow. condition: true
2023-01-22 23:41:49.480 [DEBUG] [thread-id 1] - conditionally execute a flow. condition: false
2023-01-22 23:41:49.889 [DEBUG] [thread-id 1] - Checking item eligibility before proceeding
2023-01-22 23:41:49.889 [DEBUG] [thread-id 1] - Store in: store the value 'false' in the variable 'itemEligiblity'
2023-01-22 23:41:49.889 [DEBUG] [thread-id 1] - Store in: store the value 'false' in the variable 'ignoreItem'
2023-01-22 23:41:49.891 [DEBUG] [thread-id 1] - loop: over '["158353031","669597065","446886409", "803629599", "888307914", "574523299"]'
2023-01-22 23:41:52.349 [DEBUG] [thread-id 1] - conditionally execute a flow. condition: false
2023-01-22 23:41:52.754 [DEBUG] [thread-id 1] - conditionally execute a flow. condition: false
2023-01-22 23:41:53.144 [DEBUG] [thread-id 1] - Skipping item eligibility check
2023-01-22 23:41:53.553 [DEBUG] [thread-id 1] - Store in: store the value 'true' in the variable 'itemEligiblity'
2023-01-22 23:41:53.975 [DEBUG] [thread-id 1] - conditionally execute a flow. condition: true
2023-01-22 23:41:54.807 [DEBUG] [thread-id 1] - Stock available Item Id 749435147 for type MP_WFS_DELIVERY
2023-01-22 23:41:55.198 [DEBUG] [thread-id 1] - Store in: store the value 'false' in the variable 'skipForNext'
2023-01-22 23:41:55.588 [DEBUG] [thread-id 1] - Store in: store the value 'false' in the variable 'excludeFetchedItem'
2023-01-22 23:41:55.598 [DEBUG] [thread-id 1] - Store in: store the value 'null' in the variable 'storeId'
2023-01-22 23:41:55.599 [DEBUG] [thread-id 1] - Store in: store the value 'null' in the variable 'itemStatusHeader'
2023-01-22 23:41:55.599 [DEBUG] [thread-id 1] - Store in: store the value 'false' in the variable 'healthCheck'
2023-01-22 23:41:55.599 [DEBUG] [thread-id 1] - Store in: store the value 'null' in the variable 'version'
2023-01-22 23:41:55.599 [DEBUG] [thread-id 1] - Store in: store the value 'null' in the variable 'itemFilter'
2023-01-22 23:41:55.609 [DEBUG] [thread-id 1] - Store in: store the value 'null' in the variable 'backupItem'
2023-01-22 23:41:55.609 [DEBUG] [thread-id 1] - Store in: store the value 'null' in the variable 'source'
2023-01-22 23:41:55.610 [DEBUG] [thread-id 1] - Store in: store the value 'walmart://item/749435147' in the variable 'deeplinkURl'
2023-01-22 23:41:55.611 [DEBUG] [thread-id 1] - Item:749435147
2023-01-22 23:41:55.612 [DEBUG] [thread-id 1] - deeplinkURL:walmart://item/749435147
2023-01-22 23:41:55.613 [DEBUG] [thread-id 1] - Executing function: 'us.functions.global.navigation.goToDeepLink'
2023-01-22 23:41:55.614 [DEBUG] [thread-id 1] - Verify value of: '$deepLinkUrl'
2023-01-22 23:41:55.618 [DEBUG] [thread-id 1] - Open link: 'walmart://item/749435147'
2023-01-22 23:42:07.065 [DEBUG] [thread-id 1] - Store in: store the value 'false' in the variable 'errorRemoved'
2023-01-22 23:42:07.070 [DEBUG] [thread-id 1] - sleep:  10000 milliseconds
2023-01-22 23:42:17.075 [DEBUG] [thread-id 1] - loop: from 0 to 3
2023-01-22 23:42:18.416 [DEBUG] [thread-id 1] - 0
2023-01-22 23:42:29.969 [DEBUG] [thread-id 1] - conditionally execute a flow. condition: false
2023-01-22 23:42:31.396 [DEBUG] [thread-id 1] - Store in: store the value 'true' in the variable 'errorRemoved'
2023-01-22 23:42:32.769 [DEBUG] [thread-id 1] - No Technical Error Pop up observed
2023-01-22 23:42:34.093 [DEBUG] [thread-id 1] - Executing function: 'us.functions.item.addItemToCart'
2023-01-22 23:42:35.419 [DEBUG] [thread-id 1] - sleep:  2000 milliseconds
2023-01-22 23:42:43.882 [DEBUG] [thread-id 1] - Item wasn't Added initially, continuing with scenario
2023-01-22 23:42:44.965 [DEBUG] [thread-id 1] - conditionally execute a flow. condition: true
2023-01-22 23:42:46.366 [DEBUG] [thread-id 1] - ATC button present
2023-01-22 23:42:47.656 [DEBUG] [thread-id 1] - Click element: '(//XCUIElementTypeButton[@name="stepper.mainButton"])[1] | //XCUIElementTypeOther[@name="stepper.addToCartButton"] | (//XCUIElementTypeOther[contains(@name,"GlassStepperView.inner")]) | //XCUIElementTypeButton[@name="stepper.mainButton"]'
2023-01-22 23:42:48.209 [DEBUG] [thread-id 1] - sleep:  3000 milliseconds
2023-01-22 23:42:51.214 [WARN] [thread-id 1] - variable skipPostAddToCartSteps was used, but r2 could not find a value for this variable. returning default of null
2023-01-22 23:42:51.215 [DEBUG] [thread-id 1] - conditionally execute a flow. condition: true
2023-01-22 23:43:02.781 [DEBUG] [thread-id 1] - conditionally execute a flow. condition: false
2023-01-22 23:43:04.203 [DEBUG] [thread-id 1] - sleep:  5000 milliseconds
2023-01-22 23:43:21.767 [DEBUG] [thread-id 1] - sleep:  1000 milliseconds
2023-01-22 23:43:24.180 [WARN] [thread-id 1] - variable qty was used, but r2 could not find a value for this variable. returning default of null
2023-01-22 23:43:24.181 [WARN] [thread-id 1] - variable qty was used, but r2 could not find a value for this variable. returning default of null
2023-01-22 23:43:25.291 [DEBUG] [thread-id 1] - Verify identifier: {//XCUIElementTypeStaticText[@name="1 added"]| //XCUIElementTypeOther[@name="add-to-cart-button"] | //XCUIElementTypeStaticText[@label="null"] | Max 1=[true]}
2023-01-22 23:43:36.972 [DEBUG] [thread-id 1] - conditionally execute a flow. condition: true
2023-01-22 23:43:41.672 [DEBUG] [thread-id 1] - Click element: 'ItemDetailsViewController_itemDetailCloseButton'
2023-01-22 23:43:43.533 [DEBUG] [thread-id 1] - Verify identifier: {TitleView_productTitle=[true]}
2023-01-22 23:43:43.538 [DEBUG] [thread-id 1] - sleep:  3000 milliseconds
2023-01-22 23:43:46.540 [DEBUG] [thread-id 1] - Verify identifier: {Your cart is empty=[true]}
2023-01-22 23:43:46.541 [DEBUG] [thread-id 1] - Store in: store the value 'false' in the variable 'closeButtonNotDisplayed'
2023-01-22 23:43:46.570 [DEBUG] [thread-id 1] - Executing function: 'us.functions.global.navigation.goToDeepLink'
2023-01-22 23:43:46.577 [DEBUG] [thread-id 1] - Verify value of: '$deepLinkUrl'
2023-01-22 23:43:46.577 [DEBUG] [thread-id 1] - Open link: 'walmart://ip/894010516'
2023-01-22 23:43:58.110 [DEBUG] [thread-id 1] - Store in: store the value 'false' in the variable 'errorRemoved'
2023-01-22 23:43:58.111 [DEBUG] [thread-id 1] - sleep:  10000 milliseconds
2023-01-22 23:44:08.118 [DEBUG] [thread-id 1] - loop: from 0 to 3
2023-01-22 23:44:09.069 [DEBUG] [thread-id 1] - 0
2023-01-22 23:44:20.655 [DEBUG] [thread-id 1] - conditionally execute a flow. condition: false
2023-01-22 23:44:21.653 [DEBUG] [thread-id 1] - Store in: store the value 'true' in the variable 'errorRemoved'
2023-01-22 23:44:22.640 [DEBUG] [thread-id 1] - No Technical Error Pop up observed
2023-01-22 23:44:23.662 [DEBUG] [thread-id 1] - Executing function: 'us.functions.item.petrxItem.verifyPresent'
2023-01-22 23:44:26.293 [DEBUG] [thread-id 1] - Verify identifier: {TitleView_productTitle=[true], //XCUIElementTypeStaticText[@name="PriceView_primaryProductPrice"]=[true], Prescription required=[true]}
2023-01-22 23:44:26.294 [DEBUG] [thread-id 1] - Scroll: down
2023-01-22 23:44:33.078 [DEBUG] [thread-id 1] - Verify identifier: {Pickup not available at Carrollton Pharmacy Check availability nearby=[true]}
2023-01-22 23:44:33.080 [DEBUG] [thread-id 1] - Executing function: 'us.functions.item.addItemToCart'
2023-01-22 23:44:33.978 [DEBUG] [thread-id 1] - sleep:  2000 milliseconds
2023-01-22 23:44:40.442 [DEBUG] [thread-id 1] - Item wasn't Added initially, continuing with scenario
2023-01-22 23:44:41.218 [DEBUG] [thread-id 1] - conditionally execute a flow. condition: true
2023-01-22 23:44:42.177 [DEBUG] [thread-id 1] - ATC button present
2023-01-22 23:44:43.075 [DEBUG] [thread-id 1] - Click element: '(//XCUIElementTypeButton[@name="stepper.mainButton"])[1] | //XCUIElementTypeOther[@name="stepper.addToCartButton"] | (//XCUIElementTypeOther[contains(@name,"GlassStepperView.inner")]) | //XCUIElementTypeButton[@name="stepper.mainButton"]'
2023-01-22 23:44:43.489 [DEBUG] [thread-id 1] - sleep:  3000 milliseconds
2023-01-22 23:44:46.522 [WARN] [thread-id 1] - variable skipPostAddToCartSteps was used, but r2 could not find a value for this variable. returning default of null
2023-01-22 23:44:46.523 [DEBUG] [thread-id 1] - conditionally execute a flow. condition: true
2023-01-22 23:44:58.996 [DEBUG] [thread-id 1] - conditionally execute a flow. condition: false
2023-01-22 23:44:59.918 [DEBUG] [thread-id 1] - sleep:  5000 milliseconds
2023-01-22 23:45:16.491 [DEBUG] [thread-id 1] - sleep:  1000 milliseconds
2023-01-22 23:45:18.432 [WARN] [thread-id 1] - variable qty was used, but r2 could not find a value for this variable. returning default of null
2023-01-22 23:45:18.432 [WARN] [thread-id 1] - variable qty was used, but r2 could not find a value for this variable. returning default of null
2023-01-22 23:45:19.096 [DEBUG] [thread-id 1] - Verify identifier: {//XCUIElementTypeStaticText[@name="1 added"]| //XCUIElementTypeOther[@name="add-to-cart-button"] | //XCUIElementTypeStaticText[@label="null"] | Max 1=[true]}
2023-01-22 23:45:30.225 [DEBUG] [thread-id 1] - conditionally execute a flow. condition: true
2023-01-22 23:45:34.352 [DEBUG] [thread-id 1] - Click element: 'ItemDetailsViewController_itemDetailCloseButton'
2023-01-22 23:45:35.831 [DEBUG] [thread-id 1] - Verify identifier: {TitleView_productTitle=[true]}
2023-01-22 23:45:35.832 [DEBUG] [thread-id 1] - sleep:  3000 milliseconds
2023-01-22 23:45:38.837 [DEBUG] [thread-id 1] - Verify identifier: {Your cart is empty=[true]}
2023-01-22 23:45:38.838 [DEBUG] [thread-id 1] - Store in: store the value 'false' in the variable 'closeButtonNotDisplayed'
2023-01-22 23:45:38.867 [DEBUG] [thread-id 1] - Executing function: 'us.functions.global.navigation.toCartFromNavBar'
2023-01-22 23:45:39.236 [DEBUG] [thread-id 1] - Verify identifier: {//XCUIElementTypeNavigationBar[@name="Shop"]/XCUIElementTypeButton | //XCUIElementTypeButton[contains(@label, "Your cart")] | //XCUIElementTypeButton[(@name="SearchResultsViewController.cartButton") or (contains(@label,"Your cart contains") and contains(@label,"The estimated total is")) or (@label="Your cart is empty")]=[true]}
2023-01-22 23:45:39.591 [DEBUG] [thread-id 1] - Click element: '//XCUIElementTypeNavigationBar[@name="Shop"]/XCUIElementTypeButton | //XCUIElementTypeButton[contains(@label, "Your cart")] | //XCUIElementTypeButton[(@name="SearchResultsViewController.cartButton") or (contains(@label,"Your cart contains") and contains(@label,"The estimated total is")) or (@label="Your cart is empty")]'
2023-01-22 23:45:42.558 [DEBUG] [thread-id 1] - Verify identifier: {Cart=[true]}
2023-01-22 23:45:42.558 [DEBUG] [thread-id 1] - Executing function: 'us.functions.utils.handleTechnicalErrorPageInCart'
2023-01-22 23:45:42.558 [DEBUG] [thread-id 1] - sleep:  15000 milliseconds
2023-01-22 23:45:57.564 [DEBUG] [thread-id 1] - Store in: store the value 'false' in the variable 'cartPageLoaded'
2023-01-22 23:45:57.567 [DEBUG] [thread-id 1] - loop: from 0 to 7
2023-01-22 23:45:58.336 [DEBUG] [thread-id 1] - 0
2023-01-22 23:45:59.111 [DEBUG] [thread-id 1] - conditionally execute a flow. condition: true
2023-01-22 23:46:10.251 [DEBUG] [thread-id 1] - conditionally execute a flow. condition: false
2023-01-22 23:46:32.495 [DEBUG] [thread-id 1] - conditionally execute a flow. condition: false
2023-01-22 23:46:34.097 [DEBUG] [thread-id 1] - conditionally execute a flow. condition: true
2023-01-22 23:46:34.886 [DEBUG] [thread-id 1] - Store in: store the value 'true' in the variable 'cartPageLoaded'
2023-01-22 23:46:35.673 [DEBUG] [thread-id 1] - conditionally execute a flow. condition: false
2023-01-22 23:46:36.443 [DEBUG] [thread-id 1] - conditionally execute a flow. condition: true
2023-01-22 23:46:37.199 [DEBUG] [thread-id 1] - Cart page loaded successfully
2023-01-22 23:46:37.221 [DEBUG] [thread-id 1] - Executing function: 'us.functions.cart.verifyCardDetails'
2023-01-22 23:46:37.241 [DEBUG] [thread-id 1] - Executing function: 'us.functions.utils.getFulfillmentTextsToCompare'
2023-01-22 23:46:37.244 [WARN] [thread-id 1] - variable altFulfillmentText was used, but r2 could not find a value for this variable. returning default of null
2023-01-22 23:46:37.248 [DEBUG] [thread-id 1] - conditionally execute a flow. condition: true
2023-01-22 23:46:38.028 [DEBUG] [thread-id 1] - conditionally execute a flow. condition: true
2023-01-22 23:46:38.789 [DEBUG] [thread-id 1] - Store in: store the value 'shipping' in the variable 'altFulfillmentText'
2023-01-22 23:46:38.819 [DEBUG] [thread-id 1] - -------Validate Shipping cart details function start-------
2023-01-22 23:46:38.839 [WARN] [thread-id 1] - variable initialCartDataSetup was used, but r2 could not find a value for this variable. returning default of null
2023-01-22 23:46:38.855 [DEBUG] [thread-id 1] - conditionally execute a flow. condition: true
2023-01-22 23:46:39.619 [DEBUG] [thread-id 1] - sleep:  5000 milliseconds
2023-01-22 23:46:45.439 [DEBUG] [thread-id 1] - conditionally execute a flow. condition: true
2023-01-22 23:46:46.204 [DEBUG] [thread-id 1] - Cart page displayed
2023-01-22 23:46:46.979 [WARN] [thread-id 1] - variable validationScope was used, but r2 could not find a value for this variable. returning default of null
2023-01-22 23:46:47.750 [DEBUG] [thread-id 1] - Store in: store the value 'complete' in the variable 'initialCartDataSetup'
2023-01-22 23:47:19.079 [DEBUG] [thread-id 1] - conditionally execute a flow. condition: false
2023-01-22 23:47:20.729 [DEBUG] [thread-id 1] - Main failed: FAILURE - teflon - Shipping fulfillment section not displayed in cart page
2023-01-22 23:47:45.239 [DEBUG] [thread-id 1] - Executing scenario: 'After'
2023-01-22 23:47:45.256 [DEBUG] [thread-id 1] - Executing function: 'us.functions.utils.afterSteps'
2023-01-22 23:47:45.264 [WARN] [thread-id 1] - variable testStatus was used, but r2 could not find a value for this variable. returning default of null
2023-01-22 23:47:45.266 [DEBUG] [thread-id 1] - conditionally execute a flow. condition: false
2023-01-22 23:47:46.045 [DEBUG] [thread-id 1] - Test failed
2023-01-22 23:47:46.862 [DEBUG] [thread-id 1] - Executing function: 'us.functions.utils.closeErrorAlertIfExists'
2023-01-22 23:48:03.768 [DEBUG] [thread-id 1] - Created report: /Users/m0k0a2f/glass-automation/report/index.html
