2023-11-16 11:48:06.542 [DEBUG] [thread-id 1] - Executing R2 3.38.1: '/Users/m0k0a2f/glass-automation/./us/test/test-scripts/android/golden-flows/wplus-flows/Wplus-ibotta-rewards/C2671353-Android-Ibotta-Rewards-Cancelled.yaml' on device: 'Pixel_5_API_31'
2023-11-16 11:48:20.455 [DEBUG] [thread-id 1] - Executing scenario: 'Before'
2023-11-16 11:48:20.457 [DEBUG] [thread-id 1] - R2_EXTEND_TRIAL_MEMBER_FLOW
2023-11-16 11:48:20.458 [DEBUG] [thread-id 1] - Timestamp: 1700164100458
2023-11-16 11:48:20.459 [DEBUG] [thread-id 1] - Store in: store the value 'wplususer1700164100458@walmart.com' in the variable 'customerEmail'
2023-11-16 11:48:20.461 [DEBUG] [thread-id 1] - Executing function: 'us.functions.utils.astro.createTrialAccountConvertToPaid'
2023-11-16 11:48:20.462 [DEBUG] [thread-id 1] - Create Account
2023-11-16 11:48:20.463 [DEBUG] [thread-id 1] - {"firstName":"Test","lastName":"User","emailAddress":"wplususer1700164100458@walmart.com","phoneNumber":"4089999999","password":"E2epassword$","paymentMethods":["VISA"],"postalAddress":{"address":"1395 Leeward Dr","city":"San Jose","state":"CA","country":"USA","postalCode":"95122"},"wplusSubscription":{"tenure":"Annual","extendTrial":false,"isNextGen":true}}
2023-11-16 11:48:20.463 [DEBUG] [thread-id 1] - Call API: 'http://astro.walmart.com/api/v2/teflon/customer'
2023-11-16 11:48:35.482 [DEBUG] [thread-id 1] - Response code is: '200'. Response body is: '{"astroStatus":"SUCCESS","astroDescription":"SIGNUP_SUCCESS","astroDetails":{"status":"OK","statusCode":200,"customerAccountId":"4c9cce51-68e1-48dd-8032-b4247530b986","customerDetails":{"firstName":"Test","lastName":"User","emailAddress":"wplususer1700164100458@walmart.com","phoneNumber":"4089999999","password":"E2epassword$","paymentMethods":["VISA"],"postalAddress":{"address":"1395 Leeward Dr","city":"San Jose","state":"CA","country":"USA","postalCode":"95122"},"wplusSubscription":{"tenure":"Annual","extendTrial":false,"isNextGen":true}},"addDeliveryPreference":"OK","addPaymentPreference":"OK","addPaymentPreferenceId":"f9cdf807-a6ad-476a-90f6-009c1af7b56a","customerPatch":"OK","wPlusActivationRes":{"statusCode":200,"description":"wplusActivation Successfully","response":{"astroStatus":"SUCCESS","astroDescription":"Added W+ membership for customer wplususer1700164100458@walmart.com","astroDetails":{"status":"CREATED","header":null,"errors":null,"payload":{"id":"b154f04c-1c73-425e-8626-841e02bd39ce","customerId":"4c9cce51-68e1-48dd-8032-b4247530b986","startDate":1702756113973,"endDate":null,"enrolledDate":1700164113973,"tenant":0,"verticalId":0,"martId":null,"createdByConsumer":"2d66e48d-fcaa-4b81-b624-0f0556a24bcd","modifiedByConsumer":null,"identifiers":[],"legacyMembershipId":null,"trial":{"enrollmentDate":1700164113973,"extensions":null},"plan":{"id":"TRIAL30","description":"30 Day Trial","displayName":"Walmart +","price":0,"currency":"USD","duration":{"value":30,"unit":"DAY","description":"Monthly"},"association":null},"nextPlan":{"id":"BASE365","description":"Array of benefits across App, Grocery, and Stores","displayName":"Walmart +","price":98,"currency":"USD","duration":{"value":365,"unit":"DAY","description":"Annual"},"association":null},"preference":{"paymentId":"f9cdf807-a6ad-476a-90f6-009c1af7b56a","addressId":"f1b59467-1455-4c9b-8efb-443e543cc162"},"renewal":{"autoRenewal":true,"nextBillingDate":1702756113973,"lastBillingDate":null,"nextPlanProratedAmount":null,"nextPlanProratedDuration":null,"dunning":false,"transactionId":null,"dayOfMonth":16,"cycleCount":null,"previousSwitchedBillingDates":null,"reminder":{}},"pauseCycle":{"cycles":[],"prospectiveBillingDate":1705434513973,"pauseStatus":"INELIGIBLE","pauseCount":0},"benefits":[{"code":"ACC","name":"WMPlus Auto Care Center Benefits","description":"Free Roadhazard Warranty with Install, and Free Flat Tire Repair for Members.","active":true,"addon":false},{"code":"CASHBACK","name":"Member Rewards","description":"Earn rewards on select items.","active":true,"addon":false},{"code":"DELIVERY_UNLIMITED","name":"Free delivery from your store","description":"Groceries & more delivered as soon as today, at the low prices you love","active":true,"addon":false},{"code":"FREE_SHIPPING","name":"Free shipping","description":"Items shipped by Walmart ship free —no order minimum. Shipping fee will be waived at checkout. *Restrictions apply.","active":true,"addon":false},{"code":"ITEM_REWARDS","name":"ITEM_REWARDS","description":"Earn rewards on eligible items","active":true,"addon":false},{"code":"LMD_FREE_RETURNS","name":"LMD Free Returns","description":"LMD Free Returns","active":true,"addon":false},{"code":"PET_BENEFITS","name":"PET_BENEFITS","description":"Pet partnerships and rewards offering","active":true,"addon":false},{"code":"RX_DISCOUNT","name":"LMD Free Returns","description":"LMD Free Returns.","active":true,"addon":false},{"code":"SCAN_N_GO","name":"Mobile scan & go","description":"Check out as you shop to make store shopping fast and contact-free.","active":true,"addon":false},{"code":"STREAMING","name":"Paramount Plus","description":"Enjoy critically-acclaimed originals, exclusive live sports, hit movies. Coming soon.","active":true,"addon":false},{"code":"STREAMING_TV","name":"PlutoTV","description":"Watch 250+ channels of free TV and 1000's of on-demand movies and TV shows.","active":true,"addon":false},{"code":"SUBSCRIPTION","name":"SUBSCRIPTION","description":"Paid members save a discount on eligible, household items and get free shipping with no order minimum","active":true,"addon":false},{"code":"TRAVEL","name":"EXPEDIA","description":"White label site offering W+ customers rewards associated with travel reservations.","active":true,"addon":false},{"code":"UPGRADE_FOR_EARLY_ACCESS","name":"UPGRADE_FOR_EARLY_ACCESS","description":"Paid members get exclusive early access to online Black Friday deals","active":true,"addon":false},{"code":"W_FUEL","name":"Member prices on fuel","description":"Member prices on fuel*** Save up to 10¢ per gallon on fuel at Exxon, Mobil, Walmart & Murphy stations.","active":true,"addon":false}],"cancel":null,"meta":{"payroll":false,"requireConsent":false,"consented":false,"programs":null,"referrer":null,"bundleSignup":false,"type":null,"discountGroup":null,"userAgent":null,"test":false},"membershipDiscount":{"discounts":null,"totalDiscount":0},"createdDate":1700164113973,"createdBy":"4c9cce51-68e1-48dd-8032-b4247530b986","modifiedDate":1700164113973,"modifiedBy":"4c9cce51-68e1-48dd-8032-b4247530b986","addons":null,"badges":[],"state":"trial","trialEligibleAddons":["INHOMETRIAL30","TRIAL30","INHOME30","INHOME365","TRIAL_TEST_RV","TRIAL180","TRIAL90","B2BTRIAL30","PRARTNERAUTOMATIONTEST","SHOWTIME30","SHOWTIME365","B2BTRIAL365","B2BTRIAL3650"],"cookies":{"names":{"status":"_m","hash":"_mc"},"status":"5","hash":"wprcDn2a4LE6yJPIcIdWGnR6PAfuR1raYlWgAWSH77Q=","ttl":5184000},"trialPeriod":true,"remainingDays":30}},"astroInfo":null}}}}'
2023-11-16 11:48:35.486 [DEBUG] [thread-id 1] - Account created successfully
2023-11-16 11:48:35.495 [DEBUG] [thread-id 1] - Converting Trial to Paid Member
2023-11-16 11:48:35.497 [DEBUG] [thread-id 1] - Executing function: 'us.functions.utils.astro.convertTrialtoPaidMember'
2023-11-16 11:48:35.497 [DEBUG] [thread-id 1] - Convert Trial to Paid Member
2023-11-16 11:48:35.498 [DEBUG] [thread-id 1] - wplususer1700164100458@walmart.com
2023-11-16 11:48:35.499 [DEBUG] [thread-id 1] - {"firstName":"Test","lastName":"User","emailAddress":"wplususer1700164100458@walmart.com","phoneNumber":"4089999999","password":"E2epassword$","paymentMethods":["VISA"],"postalAddress":{"address":"1395 Leeward Dr","city":"San Jose","state":"CA","country":"USA","postalCode":"95122"},"wplusSubscription":{"tenure":"Annual","extendTrial":false,"isNextGen":true}}
2023-11-16 11:48:35.499 [DEBUG] [thread-id 1] - Call API: 'http://astro.walmart.com/api/v2/teflon/account/wplususer1700164100458@walmart.com/wplus'
2023-11-16 11:48:44.439 [DEBUG] [thread-id 1] - Response code is: '200'. Response body is: '{"astroStatus":"SUCCESS","astroDescription":"Converted to paid W+ membership for customer wplususer1700164100458@walmart.com","astroDetails":{"status":"OK","header":null,"errors":null,"payload":{"id":"b154f04c-1c73-425e-8626-841e02bd39ce","customerId":"4c9cce51-68e1-48dd-8032-b4247530b986","startDate":1700164123331,"endDate":null,"enrolledDate":1700164113973,"tenant":0,"verticalId":2,"martId":null,"createdByConsumer":"2d66e48d-fcaa-4b81-b624-0f0556a24bcd","modifiedByConsumer":"2d66e48d-fcaa-4b81-b624-0f0556a24bcd","identifiers":[],"legacyMembershipId":null,"trial":{"enrollmentDate":1700164113973,"extensions":null},"plan":{"id":"BASE365","description":"Array of benefits across App, Grocery, and Stores","displayName":"Walmart +","price":98,"currency":"USD","duration":{"value":365,"unit":"DAY","description":"Annual"},"association":null},"nextPlan":{"id":"BASE365","description":"Array of benefits across App, Grocery, and Stores","displayName":"Walmart +","price":98,"currency":"USD","duration":{"value":365,"unit":"DAY","description":"Annual"},"association":null},"preference":{"paymentId":"f9cdf807-a6ad-476a-90f6-009c1af7b56a","addressId":"f1b59467-1455-4c9b-8efb-443e543cc162"},"renewal":{"autoRenewal":true,"nextBillingDate":1731786523331,"lastBillingDate":null,"nextPlanProratedAmount":null,"nextPlanProratedDuration":null,"dunning":false,"transactionId":null,"dayOfMonth":null,"cycleCount":null,"previousSwitchedBillingDates":null,"reminder":{}},"pauseCycle":{"cycles":[],"prospectiveBillingDate":1734378523331,"pauseStatus":"ELIGIBLE","pauseCount":0},"benefits":[{"code":"ACC","name":"WMPlus Auto Care Center Benefits","description":"Free Roadhazard Warranty with Install, and Free Flat Tire Repair for Members.","active":true,"addon":false},{"code":"CASHBACK","name":"Member Rewards","description":"Earn rewards on select items.","active":true,"addon":false},{"code":"DELIVERY_UNLIMITED","name":"Free delivery from your store","description":"Groceries & more delivered as soon as today, at the low prices you love","active":true,"addon":false},{"code":"EARLY_ACCESS","name":"EARLY_ACCESS","description":"Paid members get exclusive early access to online Black Friday deals","active":true,"addon":false},{"code":"EXPRESS_PROMO","name":"WMPlus Free Express Promotion","description":"1 Free express delivery for month of December.","active":true,"addon":false},{"code":"FREE_SHIPPING","name":"Free shipping","description":"Items shipped by Walmart ship free —no order minimum. Shipping fee will be waived at checkout. *Restrictions apply.","active":true,"addon":false},{"code":"ITEM_REWARDS","name":"ITEM_REWARDS","description":"Earn rewards on eligible items","active":true,"addon":false},{"code":"LMD_FREE_RETURNS","name":"LMD Free Returns","description":"LMD Free Returns","active":true,"addon":false},{"code":"PET_BENEFITS","name":"PET_BENEFITS","description":"Pet partnerships and rewards offering","active":true,"addon":false},{"code":"RX_DISCOUNT","name":"LMD Free Returns","description":"LMD Free Returns.","active":true,"addon":false},{"code":"SCAN_N_GO","name":"Mobile scan & go","description":"Check out as you shop to make store shopping fast and contact-free.","active":true,"addon":false},{"code":"STREAMING","name":"Paramount Plus","description":"Enjoy critically-acclaimed originals, exclusive live sports, hit movies. Coming soon.","active":true,"addon":false},{"code":"STREAMING_TV","name":"PlutoTV","description":"Watch 250+ channels of free TV and 1000's of on-demand movies and TV shows.","active":true,"addon":false},{"code":"SUBSCRIPTION","name":"SUBSCRIPTION","description":"Paid members save a discount on eligible, household items and get free shipping with no order minimum","active":true,"addon":false},{"code":"TRAVEL","name":"EXPEDIA","description":"White label site offering W+ customers rewards associated with travel reservations.","active":true,"addon":false},{"code":"W_FUEL","name":"Member prices on fuel","description":"Member prices on fuel*** Save up to 10¢ per gallon on fuel at Exxon, Mobil, Walmart & Murphy stations.","active":true,"addon":false}],"cancel":null,"meta":{"payroll":false,"requireConsent":false,"consented":false,"programs":null,"referrer":null,"bundleSignup":false,"type":null,"discountGroup":null,"userAgent":null,"test":false},"membershipDiscount":{"discounts":null,"totalDiscount":0},"createdDate":1700164113973,"createdBy":"4c9cce51-68e1-48dd-8032-b4247530b986","modifiedDate":1700164123331,"modifiedBy":"AstroTest","addons":null,"badges":[],"state":"active","trialEligibleAddons":["INHOMETRIAL30","TRIAL30","INHOME30","INHOME365","TRIAL_TEST_RV","TRIAL180","TRIAL90","B2BTRIAL30","PRARTNERAUTOMATIONTEST","SHOWTIME30","SHOWTIME365","B2BTRIAL365","B2BTRIAL3650"],"cookies":{"names":{"status":"_m","hash":"_mc"},"status":"1","hash":"3YbEwxvNxDj4INobEXKY7qo+FbVkyZSKKyQkJCUo8GQ=","ttl":5184000},"trialPeriod":false,"remainingDays":366}},"astroInfo":null}'
2023-11-16 11:48:44.556 [DEBUG] [thread-id 1] - Using us-errors-helpers.yaml
2023-11-16 11:48:44.617 [DEBUG] [thread-id 1] - Start Main
2023-11-16 11:48:44.619 [DEBUG] [thread-id 1] - Executing function: 'us.functions.global.onboarding.navigateOnboardingToHome'
2023-11-16 11:48:44.620 [DEBUG] [thread-id 1] - Executing function: 'us.function.utils.getEnvironmentValue'
2023-11-16 11:48:44.621 [DEBUG] [thread-id 1] - Store in: store the value 'teflon' in the variable 'env'
2023-11-16 11:48:44.622 [DEBUG] [thread-id 1] - Start Activity: 'com.walmart.android.debug.com.walmart.glass.integration.splash.SplashActivity'
2023-11-16 11:48:57.912 [DEBUG] [thread-id 1] - conditionally execute a flow. condition: false
2023-11-16 11:48:57.947 [DEBUG] [thread-id 1] - Verify identifier: {com.walmart.android.debug:id/onboarding_welcome_title_textview=[true]}
2023-11-16 11:49:07.956 [DEBUG] [thread-id 1] - conditionally execute a flow. condition: false
2023-11-16 11:49:07.991 [DEBUG] [thread-id 1] - Verify identifier: {com.walmart.android.debug:id/onboarding_welcome_title_textview=[true]}
2023-11-16 11:49:08.073 [DEBUG] [thread-id 1] - Click element: 'com.walmart.android.debug:id/onboarding_welcome_secondary_button'
2023-11-16 11:49:18.982 [DEBUG] [thread-id 1] - Verify identifier: {com.walmart.android.debug:id/onboarding_location_title_textview=[true]}
2023-11-16 11:49:19.025 [DEBUG] [thread-id 1] - Click element: 'com.walmart.android.debug:id/onboarding_zip_code_button'
2023-11-16 11:49:19.855 [DEBUG] [thread-id 1] - Verify identifier: {com.walmart.android.debug:id/onboarding_title_textview=[true]}
2023-11-16 11:49:20.398 [DEBUG] [thread-id 1] - Click element: 'com.walmart.android.debug:id/onboarding_zip_code_textinput'
2023-11-16 11:49:21.779 [DEBUG] [thread-id 1] - Enter text: '95122'
2023-11-16 11:49:24.302 [DEBUG] [thread-id 1] - Hide keyboard: 'true'
2023-11-16 11:49:31.064 [DEBUG] [thread-id 1] - Click element: 'com.walmart.android.debug:id/onboarding_zip_code_search_button'
2023-11-16 11:49:31.675 [DEBUG] [thread-id 1] - sleep:  3000 milliseconds
2023-11-16 11:49:34.678 [DEBUG] [thread-id 1] - loop: from 0 to 3
2023-11-16 11:49:36.289 [DEBUG] [thread-id 1] - 0
2023-11-16 11:49:46.793 [DEBUG] [thread-id 1] - conditionally execute a flow. condition: false
2023-11-16 11:49:56.846 [DEBUG] [thread-id 1] - Verify identifier: {com.walmart.android.debug:id/onboarding_title_textview=[true]}
2023-11-16 11:49:56.847 [DEBUG] [thread-id 1] - Executing function: 'us.functions.global.onboarding.popUpScreen'
2023-11-16 11:49:56.848 [DEBUG] [thread-id 1] - sleep:  3000 milliseconds
2023-11-16 11:50:09.862 [DEBUG] [thread-id 1] - sleep:  3000 milliseconds
2023-11-16 11:50:12.868 [DEBUG] [thread-id 1] - Executing function: 'us.functions.global.onboarding.smartLock.DismissNoneOfTheAbove'
2023-11-16 11:50:22.897 [DEBUG] [thread-id 1] - sleep:  3000 milliseconds
2023-11-16 11:50:25.903 [DEBUG] [thread-id 1] - Executing function: 'us.functions.home.personalizedPopUpScreenClose'
2023-11-16 11:50:25.904 [DEBUG] [thread-id 1] - sleep:  5000 milliseconds
2023-11-16 11:50:30.913 [DEBUG] [thread-id 1] - conditionally execute a flow. condition: true
2023-11-16 11:50:31.088 [DEBUG] [thread-id 1] - Click element: 'com.walmart.android.debug:id/marketing_privacy_bottom_sheet_deny_btn'
2023-11-16 11:50:31.687 [DEBUG] [thread-id 1] - sleep:  3000 milliseconds
2023-11-16 11:50:34.692 [DEBUG] [thread-id 1] - Executing function: 'us.functions.utils.tryAgainWhenThereIsError'
2023-11-16 11:50:34.695 [DEBUG] [thread-id 1] - loop: from 0 to 3
2023-11-16 11:50:35.162 [DEBUG] [thread-id 1] - 0
2023-11-16 11:50:45.225 [DEBUG] [thread-id 1] - conditionally execute a flow. condition: false
2023-11-16 11:50:56.218 [DEBUG] [thread-id 1] - Executing function: 'us.functions.gic.collapseIfExpanded'
2023-11-16 11:50:56.309 [DEBUG] [thread-id 1] - conditionally execute a flow. condition: true
2023-11-16 11:50:56.421 [DEBUG] [thread-id 1] - Click element: '//android.widget.ImageView[contains(@content-desc,"expanded")]'
2023-11-16 11:50:58.258 [DEBUG] [thread-id 1] - Verify identifier: {com.walmart.android.debug:id/search_view=[true]}
2023-11-16 11:50:58.258 [DEBUG] [thread-id 1] - Executing function: 'us.functions.home.handleReorderToolTip'
2023-11-16 11:51:08.268 [DEBUG] [thread-id 1] - conditionally execute a flow. condition: false
2023-11-16 11:51:08.317 [DEBUG] [thread-id 1] - no tooltip displayed
2023-11-16 11:51:08.318 [DEBUG] [thread-id 1] - Executing function: 'us.functions.utils.handleTechnicalErrorPopup'
2023-11-16 11:51:08.322 [DEBUG] [thread-id 1] - Store in: store the value 'false' in the variable 'errorRemoved'
2023-11-16 11:51:08.322 [DEBUG] [thread-id 1] - sleep:  7000 milliseconds
2023-11-16 11:51:15.330 [DEBUG] [thread-id 1] - loop: from 0 to 3
2023-11-16 11:51:15.399 [DEBUG] [thread-id 1] - 0
2023-11-16 11:51:25.467 [DEBUG] [thread-id 1] - conditionally execute a flow. condition: false
2023-11-16 11:51:25.514 [DEBUG] [thread-id 1] - Store in: store the value 'true' in the variable 'errorRemoved'
2023-11-16 11:51:25.600 [DEBUG] [thread-id 1] - No Technical Error Pop up observed
2023-11-16 11:51:26.253 [DEBUG] [thread-id 1] - Executing function: 'us.functions.home.navigateHomeToSignIn'
2023-11-16 11:51:26.313 [DEBUG] [thread-id 1] - Click element: 'com.walmart.android.debug:id/navigation_account'
2023-11-16 11:51:27.245 [DEBUG] [thread-id 1] - sleep:  5000 milliseconds
2023-11-16 11:51:32.347 [DEBUG] [thread-id 1] - Verify identifier: {//*[@resource-id="com.walmart.android.debug:id/sign_in_button"]|//*[@resource-id="com.walmart.android.debug:id/account_sign_in_button"]=[true]}
2023-11-16 11:51:32.349 [DEBUG] [thread-id 1] - loop: from 1 to 3
2023-11-16 11:51:32.403 [DEBUG] [thread-id 1] - Executing function: 'us.functions.global.onboarding.smartLock.DismissNoneOfTheAbove'
2023-11-16 11:51:42.497 [DEBUG] [thread-id 1] - conditionally execute a flow. condition: true
2023-11-16 11:51:42.579 [DEBUG] [thread-id 1] - Click element: '//*[@resource-id="com.walmart.android.debug:id/sign_in_button"]|//*[@resource-id="com.walmart.android.debug:id/account_sign_in_button"]'
2023-11-16 11:51:43.399 [DEBUG] [thread-id 1] - sleep:  3000 milliseconds
2023-11-16 11:51:46.984 [DEBUG] [thread-id 1] - conditionally execute a flow. condition: true
2023-11-16 11:51:47.037 [DEBUG] [thread-id 1] - Store in: store the value 'true' in the variable 'signInValidated'
2023-11-16 11:51:47.072 [DEBUG] [thread-id 1] - conditionally execute a flow. condition: true
2023-11-16 11:51:47.097 [DEBUG] [thread-id 1] - SignIn page loaded
2023-11-16 11:51:47.124 [DEBUG] [thread-id 1] - Store in: store the value 'false' in the variable 'signInValidated'
2023-11-16 11:51:47.125 [DEBUG] [thread-id 1] - Executing function: 'us.functions.global.authentication.signInAccount'
2023-11-16 11:51:47.126 [DEBUG] [thread-id 1] - Executing function: 'us.functions.global.onboarding.smartLock.DismissNoneOfTheAbove'
2023-11-16 11:51:57.146 [WARN] [thread-id 1] - variable validateSignInPage was used, but r2 could not find a value for this variable. returning default of null
2023-11-16 11:51:57.187 [DEBUG] [thread-id 1] - Verify identifier: {//android.widget.EditText[@text="Email"]=[true]}
2023-11-16 11:51:57.219 [DEBUG] [thread-id 1] - Enter text: 'wplususer1700164100458@walmart.com'
2023-11-16 11:51:59.322 [DEBUG] [thread-id 1] - loop: from 1 to 3
2023-11-16 11:52:00.011 [DEBUG] [thread-id 1] - sleep:  3000 milliseconds
2023-11-16 11:52:03.132 [DEBUG] [thread-id 1] - conditionally execute a flow. condition: true
2023-11-16 11:52:03.305 [DEBUG] [thread-id 1] - Click element: 'com.walmart.android.debug:id/auth_button_main'
2023-11-16 11:52:04.654 [DEBUG] [thread-id 1] - sleep:  5000 milliseconds
2023-11-16 11:52:10.694 [DEBUG] [thread-id 1] - conditionally execute a flow. condition: true
2023-11-16 11:52:10.719 [DEBUG] [thread-id 1] - Store in: store the value 'true' in the variable 'signInValidated'
2023-11-16 11:52:10.753 [DEBUG] [thread-id 1] - conditionally execute a flow. condition: true
2023-11-16 11:52:10.784 [DEBUG] [thread-id 1] - Store in: store the value 'false' in the variable 'signInValidated'
2023-11-16 11:52:10.808 [DEBUG] [thread-id 1] - Email entered
2023-11-16 11:52:30.877 [WARN] [thread-id 1] - variable validateSignInPage was used, but r2 could not find a value for this variable. returning default of null
2023-11-16 11:52:30.879 [DEBUG] [thread-id 1] - loop: from 1 to 3
2023-11-16 11:52:30.903 [DEBUG] [thread-id 1] - sleep:  2000 milliseconds
2023-11-16 11:52:32.951 [DEBUG] [thread-id 1] - conditionally execute a flow. condition: true
2023-11-16 11:52:33.010 [DEBUG] [thread-id 1] - Enter text: 'E2epassword$'
2023-11-16 11:52:35.789 [DEBUG] [thread-id 1] - Press go back key: 'true'
2023-11-16 11:52:37.063 [DEBUG] [thread-id 1] - sleep:  1000 milliseconds
2023-11-16 11:52:38.136 [DEBUG] [thread-id 1] - Click element: 'com.walmart.android.debug:id/auth_button_main'
2023-11-16 11:52:38.968 [DEBUG] [thread-id 1] - sleep:  5000 milliseconds
2023-11-16 11:52:44.058 [DEBUG] [thread-id 1] - conditionally execute a flow. condition: true
2023-11-16 11:52:44.949 [DEBUG] [thread-id 1] - Store in: store the value 'true' in the variable 'signInValidated'
2023-11-16 11:52:45.004 [DEBUG] [thread-id 1] - Executing function: 'us.functions.global.authentication.handleSomethingWentWrongError'
2023-11-16 11:52:45.004 [DEBUG] [thread-id 1] - sleep:  5000 milliseconds
2023-11-16 11:52:50.014 [DEBUG] [thread-id 1] - loop: from 0 to 3
2023-11-16 11:52:50.099 [DEBUG] [thread-id 1] - 0
2023-11-16 11:53:00.148 [DEBUG] [thread-id 1] - conditionally execute a flow. condition: false
2023-11-16 11:53:00.174 [DEBUG] [thread-id 1] - conditionally execute a flow. condition: true
2023-11-16 11:53:00.203 [DEBUG] [thread-id 1] - Account signed in
2023-11-16 11:53:10.249 [DEBUG] [thread-id 1] - Executing function: 'us.functions.utils.handleCartMergePopup'
2023-11-16 11:53:10.250 [DEBUG] [thread-id 1] - sleep:  7000 milliseconds
2023-11-16 11:53:17.257 [DEBUG] [thread-id 1] - loop: from 0 to 4
2023-11-16 11:53:17.308 [DEBUG] [thread-id 1] - 0
2023-11-16 11:53:27.357 [DEBUG] [thread-id 1] - conditionally execute a flow. condition: false
2023-11-16 11:53:27.386 [DEBUG] [thread-id 1] - No cart merge popup observed
2023-11-16 11:53:27.447 [DEBUG] [thread-id 1] - Executing function: 'us.functions.global.navigation.accountToHome'
2023-11-16 11:53:27.450 [DEBUG] [thread-id 1] - conditionally execute a flow. condition: true
2023-11-16 11:53:27.476 [DEBUG] [thread-id 1] - Scroll: up
2023-11-16 11:53:52.017 [DEBUG] [thread-id 1] - Main failed: Is not present: 'com.walmart.android.debug:id/purchase_history_header'
2023-11-16 11:53:52.039 [DEBUG] [thread-id 1] - Executing scenario: 'After'
2023-11-16 11:53:52.040 [DEBUG] [thread-id 1] - Executing function: 'us.functions.utils.afterSteps'
2023-11-16 11:53:52.040 [WARN] [thread-id 1] - variable testStatus was used, but r2 could not find a value for this variable. returning default of null
2023-11-16 11:53:52.041 [DEBUG] [thread-id 1] - conditionally execute a flow. condition: false
2023-11-16 11:53:52.063 [DEBUG] [thread-id 1] - Test failed
2023-11-16 11:54:04.621 [DEBUG] [thread-id 1] - Created report: /Users/m0k0a2f/glass-automation/report/index.html
