2023-11-01 18:57:56.888 [DEBUG] [thread-id 1] - Executing R2 3.38.1: '/Users/m0k0a2f/glass-automation/./us/test/test-scripts/android/golden-flows/PetRx-flows/C2666400-PetRX-multiple-Pet-Vet-order.yaml' on device: 'Pixel_6_API_33'
2023-11-01 18:57:59.328 [DEBUG] [thread-id 1] - Created report: /Users/m0k0a2f/glass-automation/report/index.html
2023-11-01 19:01:01.989 [DEBUG] [thread-id 1] - Executing R2 3.38.1: '/Users/m0k0a2f/glass-automation/./us/test/test-scripts/android/golden-flows/PetRx-flows/C2666400-PetRX-multiple-Pet-Vet-order.yaml' on device: 'Pixel_6_API_33'
2023-11-01 19:01:03.763 [DEBUG] [thread-id 1] - Created report: /Users/m0k0a2f/glass-automation/report/index.html
2023-11-01 19:08:40.599 [DEBUG] [thread-id 1] - Executing R2 3.38.1: '/Users/m0k0a2f/glass-automation/./us/test/test-scripts/android/golden-flows/PetRx-flows/C2666400-PetRX-multiple-Pet-Vet-order.yaml' on device: 'Pixel_5_API_31'
2023-11-01 19:08:56.822 [DEBUG] [thread-id 1] - Executing scenario: 'Before'
2023-11-01 19:08:56.824 [DEBUG] [thread-id 1] - R2_SUBFLOW_PRE_TRANSACTION
2023-11-01 19:08:56.827 [DEBUG] [thread-id 1] - Executing function: 'us.functions.utils.astro.clearCart'
2023-11-01 19:08:56.871 [DEBUG] [thread-id 1] - Call API: 'http://astro.walmart.com/api/v2/teflon/customer/e2e.teflon.flow.petRx.android.multi@cloudtest.org/clearcart'
2023-11-01 19:09:10.868 [DEBUG] [thread-id 1] - Response code is: '200'. Response body is: '{"astroStatus":"SUCCESS","astroDescription":"CART_CLEARED","astroDetails":{"dbSessionMap":{"CXO_CART_ST":"{\"mtoken\":\"4:23#299429587#2=34068320#8=323190113\"}"},"checkoutable":false,"cart":{"id":"516ec68d-4d43-4bd3-ae43-b6265d8beed1","buyer":{"id":"8e730fbd-e65c-4efc-ba8d-660deaa11380","type":"CUSTOMER"},"storeIds":[],"itemCount":0,"entityErrors":[],"shipping":{"id":"454a0846-d5d2-4250-a955-7ff9b5db3fa4","dbLockVersion":0,"postalCode":"95122","city":"San Jose","state":"CA","countryCode":"USA","latitude":37.606689,"longitude":-122.426362,"isPOBox":false,"isAPOFPO":false},"currencyCode":"USD","preview":false,"tenantId":0,"verticalId":0,"checkoutableErrors":[],"intent":"PICKUP","pickupStore":{"city":"San Jose","stateOrProvinceCode":"CA","countryCode":"USA","postalCode":"95122","storeId":"32144","services":[]},"deliveryStore":{"city":"San Jose","stateOrProvinceCode":"CA","countryCode":"USA","postalCode":"95122","storeId":"32144","services":[]},"mpStores":[],"fulfillmentPlans":[],"accessPoints":[{"id":"f681d48a-7be4-43ea-8e10-229a1f00db37","name":"32144 - Home Delivery","storeId":32144,"fulfillmentType":"DELIVERY","fulfillmentOption":"DELIVERY","supportedTimeZone":"US/Pacific","locationInstruction":"[{\"type\":\"CHECKIN_DEFAULT\",\"value\":\"<div> <p> In order to  protect the safety of our customers & associates, we've temporarily moved to a no-contact pickup in store process. </p> <br /> <br /><b>Please bring your government-issued ID</b><br /> <ol> <li>Check in with the app to let us know you're on the way.</li> <li> Park in a designated pickup spot, stay in your vehicle and keep your windows rolled up. </li> <li> A Walmart associate will request access to your trunk or back seat, then they'll load your order. </li> <li>You're all set! The associate will sign for the order.</li> </ol> </div>\"},{\"type\":\"EMAIL_DEFAULT\",\"value\":\"<div> <p> In order to  protect the safety of our customers & associates, we've temporarily moved to a no-contact pickup in store process. </p> <br /> <br /><b>Please bring your government-issued ID</b><br /> <ol> <li>Check in with the app to let us know you're on the way.</li> <li> Park in a designated pickup spot, stay in your vehicle and keep your windows rolled up. </li> <li> A Walmart associate will request access to your trunk or back seat, then they'll load your order. </li> <li>You're all set! The associate will sign for the order.</li> </ol> </div>\"}]","isStoreEbtEligible":true,"allowAlcohol":true,"restrictions":[],"accessType":"DELIVERY_ADDRESS","storeCategory":"Supercenter","nodeType":"STORE","pickupStartBuffer":0,"allowBagFee":true,"isBagFeeMandatory":false,"address":{"postalCode":"95122","addressLineOne":"777 Story Rd","city":"San Jose","state":"CA","addressTypeName":"OFFICE","isPOBox":false,"countryCode":"USA"}},{"id":"6168c2e3-fc36-4827-98e6-d717d10af1d6","name":"Walmart San Jose Store #32144","storeId":32144,"fulfillmentType":"INSTORE_PICKUP","fulfillmentOption":"PICKUP","supportedTimeZone":"US/Pacific","locationInstruction":"[{\"type\":\"CHECKIN_DEFAULT\",\"value\":\"<div><p><b>Please bring your government-issued ID</b></p><br /><br /><ol><li>Download and use the app to let us know you're on the way and view your parking guide.</li><li>Park in a designated pickup spot. Using the app, enter your parking info and an associate will come to you.</li><li>Show your ID to the associate if required.</li><li>The associate will request access to your trunk or back seat, then will load your items.</li><li>You're all set! Check the app to see if you need to move to any other pickup locations.</li></ol></div>\"},{\"type\":\"EMAIL_DEFAULT\",\"value\":\"NA\"},{\"type\":\"CHECKIN_1\",\"value\":\"Next, tell us when you’ve parked. Park by the pickup sign and enter your parking info so we can find you faster.\"}]","isStoreEbtEligible":true,"allowAlcohol":true,"restrictions":[],"accessType":"PICKUP_CURBSIDE","storeCategory":"Supercenter","nodeType":"STORE","pickupStartBuffer":5,"allowBagFee":true,"isBagFeeMandatory":false,"address":{"postalCode":"95122","addressLineOne":"777 Story Rd","city":"San Jose","state":"CA","addressTypeName":"OFFICE","isPOBox":false,"countryCode":"USA"}}],"reservations":[],"isExplicitIntent":false,"hasGiftEligibleItem":false,"warnings":[],"restrictions":[]},"isOmniPromiseResponse":true,"uniqueInstallationOfferIdHolder":[]}}'
2023-11-01 19:09:11.139 [DEBUG] [thread-id 1] - Cart cleared for e2e.teflon.flow.petRx.android.multi@cloudtest.org
2023-11-01 19:09:11.340 [DEBUG] [thread-id 1] - Using us-errors-helpers.yaml
2023-11-01 19:09:11.520 [DEBUG] [thread-id 1] - Start Main
2023-11-01 19:09:11.522 [DEBUG] [thread-id 1] - Executing function: 'us.functions.global.onboarding.navigateOnboardingToHome'
2023-11-01 19:09:11.524 [DEBUG] [thread-id 1] - Executing function: 'us.function.utils.getEnvironmentValue'
2023-11-01 19:09:11.524 [DEBUG] [thread-id 1] - Store in: store the value 'teflon' in the variable 'env'
2023-11-01 19:09:11.525 [DEBUG] [thread-id 1] - Start Activity: 'com.walmart.android.debug.com.walmart.glass.integration.splash.SplashActivity'
2023-11-01 19:09:25.407 [DEBUG] [thread-id 1] - conditionally execute a flow. condition: false
2023-11-01 19:09:25.442 [DEBUG] [thread-id 1] - Verify identifier: {com.walmart.android.debug:id/onboarding_welcome_title_textview=[true]}
2023-11-01 19:09:35.550 [DEBUG] [thread-id 1] - conditionally execute a flow. condition: false
2023-11-01 19:09:35.702 [DEBUG] [thread-id 1] - Verify identifier: {com.walmart.android.debug:id/onboarding_welcome_title_textview=[true]}
2023-11-01 19:09:36.056 [DEBUG] [thread-id 1] - Click element: 'com.walmart.android.debug:id/onboarding_welcome_secondary_button'
2023-11-01 19:09:47.271 [DEBUG] [thread-id 1] - Verify identifier: {com.walmart.android.debug:id/onboarding_location_title_textview=[true]}
2023-11-01 19:09:47.386 [DEBUG] [thread-id 1] - Click element: 'com.walmart.android.debug:id/onboarding_zip_code_button'
2023-11-01 19:09:48.425 [DEBUG] [thread-id 1] - Verify identifier: {com.walmart.android.debug:id/onboarding_title_textview=[true]}
2023-11-01 19:09:49.029 [DEBUG] [thread-id 1] - Click element: 'com.walmart.android.debug:id/onboarding_zip_code_textinput'
2023-11-01 19:09:50.577 [DEBUG] [thread-id 1] - Enter text: '95122'
2023-11-01 19:09:53.110 [DEBUG] [thread-id 1] - Hide keyboard: 'true'
2023-11-01 19:09:59.842 [DEBUG] [thread-id 1] - Click element: 'com.walmart.android.debug:id/onboarding_zip_code_search_button'
2023-11-01 19:10:00.541 [DEBUG] [thread-id 1] - sleep:  3000 milliseconds
2023-11-01 19:10:03.545 [DEBUG] [thread-id 1] - loop: from 0 to 3
2023-11-01 19:10:05.137 [DEBUG] [thread-id 1] - 0
2023-11-01 19:10:15.931 [DEBUG] [thread-id 1] - conditionally execute a flow. condition: false
2023-11-01 19:10:26.007 [DEBUG] [thread-id 1] - Verify identifier: {com.walmart.android.debug:id/onboarding_title_textview=[true]}
2023-11-01 19:10:26.008 [DEBUG] [thread-id 1] - Executing function: 'us.functions.global.onboarding.popUpScreen'
2023-11-01 19:10:26.008 [DEBUG] [thread-id 1] - sleep:  3000 milliseconds
2023-11-01 19:10:39.031 [DEBUG] [thread-id 1] - sleep:  3000 milliseconds
2023-11-01 19:10:42.039 [DEBUG] [thread-id 1] - Executing function: 'us.functions.global.onboarding.smartLock.DismissNoneOfTheAbove'
2023-11-01 19:10:52.057 [DEBUG] [thread-id 1] - sleep:  3000 milliseconds
2023-11-01 19:10:55.059 [DEBUG] [thread-id 1] - Executing function: 'us.functions.home.personalizedPopUpScreenClose'
2023-11-01 19:10:55.060 [DEBUG] [thread-id 1] - sleep:  5000 milliseconds
2023-11-01 19:11:00.070 [DEBUG] [thread-id 1] - conditionally execute a flow. condition: true
2023-11-01 19:11:00.264 [DEBUG] [thread-id 1] - Click element: 'com.walmart.android.debug:id/marketing_privacy_bottom_sheet_deny_btn'
2023-11-01 19:11:00.904 [DEBUG] [thread-id 1] - sleep:  3000 milliseconds
2023-11-01 19:11:03.914 [DEBUG] [thread-id 1] - Executing function: 'us.functions.utils.tryAgainWhenThereIsError'
2023-11-01 19:11:03.920 [DEBUG] [thread-id 1] - loop: from 0 to 3
2023-11-01 19:11:04.064 [DEBUG] [thread-id 1] - 0
2023-11-01 19:11:14.209 [DEBUG] [thread-id 1] - conditionally execute a flow. condition: false
2023-11-01 19:11:24.341 [DEBUG] [thread-id 1] - Executing function: 'us.functions.gic.collapseIfExpanded'
2023-11-01 19:11:24.427 [DEBUG] [thread-id 1] - conditionally execute a flow. condition: true
2023-11-01 19:11:24.524 [DEBUG] [thread-id 1] - Click element: '//android.widget.ImageView[contains(@content-desc,"expanded")]'
2023-11-01 19:11:26.125 [DEBUG] [thread-id 1] - Verify identifier: {com.walmart.android.debug:id/search_view=[true]}
2023-11-01 19:11:26.126 [DEBUG] [thread-id 1] - Executing function: 'us.functions.home.handleReorderToolTip'
2023-11-01 19:11:36.144 [DEBUG] [thread-id 1] - conditionally execute a flow. condition: false
2023-11-01 19:11:36.181 [DEBUG] [thread-id 1] - no tooltip displayed
2023-11-01 19:11:36.181 [DEBUG] [thread-id 1] - Executing function: 'us.functions.home.navigateHomeToSignIn'
2023-11-01 19:11:36.278 [DEBUG] [thread-id 1] - Click element: 'com.walmart.android.debug:id/navigation_account'
2023-11-01 19:11:36.971 [DEBUG] [thread-id 1] - sleep:  5000 milliseconds
2023-11-01 19:11:42.107 [DEBUG] [thread-id 1] - Verify identifier: {//*[@resource-id="com.walmart.android.debug:id/sign_in_button"]|//*[@resource-id="com.walmart.android.debug:id/account_sign_in_button"]=[true]}
2023-11-01 19:11:42.109 [DEBUG] [thread-id 1] - loop: from 1 to 3
2023-11-01 19:11:42.161 [DEBUG] [thread-id 1] - Executing function: 'us.functions.global.onboarding.smartLock.DismissNoneOfTheAbove'
2023-11-01 19:11:52.255 [DEBUG] [thread-id 1] - conditionally execute a flow. condition: true
2023-11-01 19:11:52.343 [DEBUG] [thread-id 1] - Click element: '//*[@resource-id="com.walmart.android.debug:id/sign_in_button"]|//*[@resource-id="com.walmart.android.debug:id/account_sign_in_button"]'
2023-11-01 19:11:53.475 [DEBUG] [thread-id 1] - sleep:  3000 milliseconds
2023-11-01 19:11:57.130 [DEBUG] [thread-id 1] - conditionally execute a flow. condition: true
2023-11-01 19:11:57.163 [DEBUG] [thread-id 1] - Store in: store the value 'true' in the variable 'signInValidated'
2023-11-01 19:11:57.198 [DEBUG] [thread-id 1] - conditionally execute a flow. condition: true
2023-11-01 19:11:57.220 [DEBUG] [thread-id 1] - SignIn page loaded
2023-11-01 19:11:57.243 [DEBUG] [thread-id 1] - Store in: store the value 'false' in the variable 'signInValidated'
2023-11-01 19:11:57.245 [DEBUG] [thread-id 1] - Executing function: 'us.functions.global.authentication.signInAccount'
2023-11-01 19:11:57.245 [DEBUG] [thread-id 1] - Executing function: 'us.functions.global.onboarding.smartLock.DismissNoneOfTheAbove'
2023-11-01 19:12:07.255 [WARN] [thread-id 1] - variable validateSignInPage was used, but r2 could not find a value for this variable. returning default of null
2023-11-01 19:12:07.311 [DEBUG] [thread-id 1] - Verify identifier: {//android.widget.EditText[@text="Email"]=[true]}
2023-11-01 19:12:07.340 [DEBUG] [thread-id 1] - Enter text: 'e2e.teflon.flow.petRx.android.multi@cloudtest.org'
2023-11-01 19:12:09.927 [DEBUG] [thread-id 1] - loop: from 1 to 3
2023-11-01 19:12:10.925 [DEBUG] [thread-id 1] - sleep:  3000 milliseconds
2023-11-01 19:12:14.085 [DEBUG] [thread-id 1] - conditionally execute a flow. condition: true
2023-11-01 19:12:14.226 [DEBUG] [thread-id 1] - Click element: 'com.walmart.android.debug:id/auth_button_main'
2023-11-01 19:12:15.337 [DEBUG] [thread-id 1] - sleep:  5000 milliseconds
2023-11-01 19:12:20.927 [DEBUG] [thread-id 1] - conditionally execute a flow. condition: true
2023-11-01 19:12:20.969 [DEBUG] [thread-id 1] - Store in: store the value 'true' in the variable 'signInValidated'
2023-11-01 19:12:21.012 [DEBUG] [thread-id 1] - conditionally execute a flow. condition: true
2023-11-01 19:12:21.036 [DEBUG] [thread-id 1] - Store in: store the value 'false' in the variable 'signInValidated'
2023-11-01 19:12:21.060 [DEBUG] [thread-id 1] - Email entered
2023-11-01 19:12:41.094 [WARN] [thread-id 1] - variable validateSignInPage was used, but r2 could not find a value for this variable. returning default of null
2023-11-01 19:12:41.096 [DEBUG] [thread-id 1] - loop: from 1 to 3
2023-11-01 19:12:41.140 [DEBUG] [thread-id 1] - sleep:  2000 milliseconds
2023-11-01 19:12:43.194 [DEBUG] [thread-id 1] - conditionally execute a flow. condition: true
2023-11-01 19:12:43.286 [DEBUG] [thread-id 1] - Enter text: 'E2epassword$'
2023-11-01 19:12:46.293 [DEBUG] [thread-id 1] - Press go back key: 'true'
2023-11-01 19:12:47.653 [DEBUG] [thread-id 1] - sleep:  1000 milliseconds
2023-11-01 19:12:48.757 [DEBUG] [thread-id 1] - Click element: 'com.walmart.android.debug:id/auth_button_main'
2023-11-01 19:12:49.517 [DEBUG] [thread-id 1] - sleep:  5000 milliseconds
2023-11-01 19:12:54.789 [DEBUG] [thread-id 1] - conditionally execute a flow. condition: true
2023-11-01 19:12:54.869 [DEBUG] [thread-id 1] - Store in: store the value 'true' in the variable 'signInValidated'
2023-11-01 19:12:55.728 [DEBUG] [thread-id 1] - Executing function: 'us.functions.global.authentication.handleSomethingWentWrongError'
2023-11-01 19:12:55.729 [DEBUG] [thread-id 1] - sleep:  5000 milliseconds
2023-11-01 19:13:00.735 [DEBUG] [thread-id 1] - loop: from 0 to 3
2023-11-01 19:13:00.866 [DEBUG] [thread-id 1] - 0
2023-11-01 19:13:10.948 [DEBUG] [thread-id 1] - conditionally execute a flow. condition: false
2023-11-01 19:13:11.005 [DEBUG] [thread-id 1] - conditionally execute a flow. condition: true
2023-11-01 19:13:11.060 [DEBUG] [thread-id 1] - Account signed in
2023-11-01 19:13:21.101 [DEBUG] [thread-id 1] - Executing function: 'us.functions.utils.handleCartMergePopup'
2023-11-01 19:13:21.102 [DEBUG] [thread-id 1] - sleep:  7000 milliseconds
2023-11-01 19:13:28.106 [DEBUG] [thread-id 1] - loop: from 0 to 4
2023-11-01 19:13:28.205 [DEBUG] [thread-id 1] - 0
2023-11-01 19:13:38.305 [DEBUG] [thread-id 1] - conditionally execute a flow. condition: false
2023-11-01 19:13:38.357 [DEBUG] [thread-id 1] - No cart merge popup observed
2023-11-01 19:13:38.407 [DEBUG] [thread-id 1] - Executing function: 'us.functions.global.navigation.accountToHome'
2023-11-01 19:13:38.409 [DEBUG] [thread-id 1] - conditionally execute a flow. condition: true
2023-11-01 19:13:38.466 [DEBUG] [thread-id 1] - Scroll: up
2023-11-01 19:13:39.183 [DEBUG] [thread-id 1] - Verify identifier: {com.walmart.android.debug:id/purchase_history_header=[true]}
2023-11-01 19:13:49.246 [DEBUG] [thread-id 1] - Click element: 'com.walmart.android.debug:id/navigation_shop'
2023-11-01 19:13:49.923 [DEBUG] [thread-id 1] - Executing function: 'us.functions.home.closeWPlusPromotionPopUpIfDisplayed'
2023-11-01 19:13:49.924 [DEBUG] [thread-id 1] - sleep:  5000 milliseconds
2023-11-01 19:14:04.938 [DEBUG] [thread-id 1] - Executing function: 'us.functions.home.rateDriverPopup'
2023-11-01 19:14:04.939 [DEBUG] [thread-id 1] - sleep:  7000 milliseconds
2023-11-01 19:14:11.947 [DEBUG] [thread-id 1] - loop: from 1 to 6
2023-11-01 19:14:12.027 [DEBUG] [thread-id 1] - 1
2023-11-01 19:14:22.138 [DEBUG] [thread-id 1] - conditionally execute a flow. condition: false
2023-11-01 19:14:22.195 [DEBUG] [thread-id 1] - Executing function: 'us.functions.home.changeStore'
2023-11-01 19:14:22.257 [DEBUG] [thread-id 1] - conditionally execute a flow. condition: true
2023-11-01 19:14:22.350 [DEBUG] [thread-id 1] - Click element: '//android.widget.ImageView[contains(@resource-id, "com.walmart.android.debug:id/global_intent_center_collapsed_chevron") and (contains(@content-desc,"collapsed") or contains(@content-desc,"collapse"))]'
2023-11-01 19:14:22.991 [WARN] [thread-id 1] - variable storeOnly was used, but r2 could not find a value for this variable. returning default of null
2023-11-01 19:14:22.994 [DEBUG] [thread-id 1] - conditionally execute a flow. condition: true
2023-11-01 19:14:34.071 [DEBUG] [thread-id 1] - conditionally execute a flow. condition: false
2023-11-01 19:14:43.183 [DEBUG] [thread-id 1] - Click element: '//android.widget.ImageView[contains(@content-desc, "Pickup") and contains(@content-desc, "2 of 3")] | //*[@resource-id = "com.walmart.android.debug:id/card_btn_hot_pickup"]'
2023-11-01 19:14:43.810 [WARN] [thread-id 1] - variable driverpopup was used, but r2 could not find a value for this variable. returning default of null
2023-11-01 19:14:53.889 [DEBUG] [thread-id 1] - sleep:  2000 milliseconds
2023-11-01 19:14:55.895 [DEBUG] [thread-id 1] - Executing function: 'us.functions.home.closeWPlusPromotionPopUpIfDisplayed'
2023-11-01 19:14:55.896 [DEBUG] [thread-id 1] - sleep:  5000 milliseconds
2023-11-01 19:15:24.118 [DEBUG] [thread-id 1] - Click element: '//*[contains(@resource-id, "global_intent_center_expanded_view")]//androidx.cardview.widget.CardView[contains(@resource-id, "global_intent_center_expanded_large_card")][position()=last()]//*[contains(@resource-id, "global_intent_center_large_card_chevron")] | //*[@resource-id="com.walmart.android.debug:id/gic_hot_pickup_card"]//*[@resource-id = "com.walmart.android.debug:id/gic_hot_card_content"]'
2023-11-01 19:15:46.991 [DEBUG] [thread-id 1] - conditionally execute a flow. condition: false
2023-11-01 19:16:08.164 [DEBUG] [thread-id 1] - Enter text: '75006'
2023-11-01 19:17:43.574 [DEBUG] [thread-id 1] - Click element: '//*[@resource-id="com.walmart.android.debug:id/storeslector_access_points_recycler_view"]/android.view.ViewGroup[1]'
2023-11-01 19:18:06.200 [DEBUG] [thread-id 1] - Click element: 'com.walmart.android.debug:id/store_selector_store_save_button'
2023-11-01 19:20:11.036 [DEBUG] [thread-id 1] - sleep:  5000 milliseconds
2023-11-01 19:20:26.240 [DEBUG] [thread-id 1] - Executing function: 'us.functions.utils.handleTechnicalErrorPopup'
2023-11-01 19:20:26.242 [DEBUG] [thread-id 1] - Store in: store the value 'false' in the variable 'errorRemoved'
2023-11-01 19:20:26.243 [DEBUG] [thread-id 1] - sleep:  7000 milliseconds
2023-11-01 19:20:33.250 [DEBUG] [thread-id 1] - loop: from 0 to 3
2023-11-01 19:20:33.363 [DEBUG] [thread-id 1] - 0
2023-11-01 19:20:33.480 [DEBUG] [thread-id 1] - conditionally execute a flow. condition: true
2023-11-01 19:20:33.605 [DEBUG] [thread-id 1] - get string: from '//*[@text="Retry"] | //android.widget.Button[@text="Try again"] | //android.widget.Button[@text="OK"] | //android.widget.Button[@text="Okay"]' [type='text']
2023-11-01 19:20:33.702 [DEBUG] [thread-id 1] - Click element: '//*[@text="Retry"] | //android.widget.Button[@text="Try again"] | //android.widget.Button[@text="OK"] | //android.widget.Button[@text="Okay"]'
2023-11-01 19:20:34.521 [DEBUG] [thread-id 1] - 1
2023-11-01 19:20:35.621 [DEBUG] [thread-id 1] - conditionally execute a flow. condition: true
2023-11-01 19:20:35.717 [DEBUG] [thread-id 1] - get string: from '//*[@text="Retry"] | //android.widget.Button[@text="Try again"] | //android.widget.Button[@text="OK"] | //android.widget.Button[@text="Okay"]' [type='text']
2023-11-01 19:20:35.807 [DEBUG] [thread-id 1] - Click element: '//*[@text="Retry"] | //android.widget.Button[@text="Try again"] | //android.widget.Button[@text="OK"] | //android.widget.Button[@text="Okay"]'
2023-11-01 19:20:36.566 [DEBUG] [thread-id 1] - 2
2023-11-01 19:20:37.725 [DEBUG] [thread-id 1] - conditionally execute a flow. condition: true
2023-11-01 19:20:37.819 [DEBUG] [thread-id 1] - get string: from '//*[@text="Retry"] | //android.widget.Button[@text="Try again"] | //android.widget.Button[@text="OK"] | //android.widget.Button[@text="Okay"]' [type='text']
2023-11-01 19:20:37.913 [DEBUG] [thread-id 1] - Click element: '//*[@text="Retry"] | //android.widget.Button[@text="Try again"] | //android.widget.Button[@text="OK"] | //android.widget.Button[@text="Okay"]'
2023-11-01 19:20:38.494 [DEBUG] [thread-id 1] - conditionally execute a flow. condition: true
2023-11-01 19:20:58.804 [DEBUG] [thread-id 1] - conditionally execute a flow. condition: true
2023-11-01 19:20:58.906 [DEBUG] [thread-id 1] - Click element: 'com.walmart.android.debug:id/global_intent_center_collapsed_chevron'
2023-11-01 19:21:00.572 [DEBUG] [thread-id 1] - Verify identifier: {com.walmart.android.debug:id/global_intent_center_collapsed_location=[true]}
2023-11-01 19:21:00.574 [DEBUG] [thread-id 1] - Store in: store the value 'false' in the variable 'storeOnly'
2023-11-01 19:21:00.576 [DEBUG] [thread-id 1] - R2_SUBFLOW_POST_TRANSACTION
2023-11-01 19:21:00.578 [DEBUG] [thread-id 1] - Executing function: 'us.functions.utils.fetchFromDataList'
2023-11-01 19:21:00.582 [DEBUG] [thread-id 1] - conditionally execute a flow. condition: false
2023-11-01 19:21:00.642 [DEBUG] [thread-id 1] - Store in: store the value 'FC_DELIVERY' in the variable 'itemGroup'
2023-11-01 19:21:00.643 [DEBUG] [thread-id 1] - loop: over '["894010516", "1996033768", "2034355960", "1051886288", "22471933", "1201002894", "22471997"]'
2023-11-01 19:21:00.692 [DEBUG] [thread-id 1] - Executing function: 'us.functions.utils.checkItemTransactabality'
2023-11-01 19:21:00.692 [DEBUG] [thread-id 1] - Store in: store the value 'false' in the variable 'itemEligible'
2023-11-01 19:21:00.693 [DEBUG] [thread-id 1] - Call API: 'http://astro.walmart.com/api/v2/teflon/item/transactability'
2023-11-01 19:21:15.446 [DEBUG] [thread-id 1] - Response code is: '200'. Response body is: '{"astroStatus":"SUCCESS","astroDescription":"CART - ADD_TO_CART SUCCESS","astroDetails":{"dbSessionMap":{"CXO_CART_ST":"{\"mtoken\":\"4:23#299430031#2=34068811#8=323190941\"}"},"checkoutable":true,"cart":{"id":"516ec68d-4d43-4bd3-ae43-b6265d8beed1","buyer":{"id":"8e730fbd-e65c-4efc-ba8d-660deaa11380","type":"CUSTOMER"},"storeIds":[],"itemCount":1,"entityErrors":[],"shipping":{"id":"4a123ea4-373a-4eb5-b1c2-3f015474ec69","dbLockVersion":0,"firstName":"test","lastName":"auto","addressId":"35e650b4-6296-4ce8-bc4c-fdce5bfe562c","postalCode":"95122","city":"San Jose","state":"CA","countryCode":"USA","addressLineOne":"1350 Bacchus Dr","latitude":37.325936,"longitude":-121.843014,"phone":"4083453453","deliveryInstructions":"","addressType":"BOTH","isPOBox":false,"isAPOFPO":false,"lastModifiedDate":1697070643043,"deliveryInstructionsDetails":[{"deliveryInstructionType":"REGULAR","deliveryInstruction":""}]},"summary":{"subTotal":15.31,"grandTotal":22.3,"minimumThreshold":35,"balanceToReachThreshold":19.69,"fees":[{"type":"MIN_THRESHOLD_FEE","amount":6.99}],"serviceCharges":[]},"suggestedSlots":[{"id":"d46b3d74-c91a-4b92-b532-291c99b58a55-2023-11-02","fulfillmentType":"INSTORE_PICKUP","fulfillmentOption":"PICKUP","accessType":"PICKUP_CURBSIDE","isUnscheduled":false,"accessPointId":"3aa02c56-40ae-406e-a20b-3d9f5f32707f","expressSlot":false,"slaInMins":0,"startTime":1698922800000,"endTime":1698926400000,"cutoffTime":1698901200000,"supportedTimeZone":"US/Eastern","slotPrice":2,"ids":[],"restrictions":[],"status":"AVAILABLE","priority":0,"isAlcoholRestricted":false}],"currencyCode":"USD","preview":false,"tenantId":0,"verticalId":0,"checkoutableErrors":[],"intent":"DELIVERY","pickupStore":{"city":"Frederick","stateOrProvinceCode":"MD","countryCode":"USA","postalCode":"21704","storeId":"32140","services":[{"name":"PICK_UP_TODAY"},{"name":"BAKERY"},{"name":"SITE_2_STORE"},{"name":"TIRE_AND_LUBE"},{"name":"DELI"},{"name":"GROCERY_PICKUP_DELIVERY"}]},"deliveryStore":{"city":"Frederick","stateOrProvinceCode":"MD","countryCode":"USA","postalCode":"21704","storeId":"32140","services":[{"name":"PICK_UP_TODAY"},{"name":"BAKERY"},{"name":"SITE_2_STORE"},{"name":"TIRE_AND_LUBE"},{"name":"DELI"},{"name":"GROCERY_PICKUP_DELIVERY"}]},"mpStores":[],"fulfillmentPlans":[{"isDefault":true,"fulfillmentModules":[{"name":"UNSCHEDULED_DELIVERY","fulfillmentGroups":[{"sellerId":"455A2F43226F41319399794332C71B7F","fulfillmentOptions":[{"fulfillmentType":"DELIVERY","accessType":"DELIVERY_ADDRESS","accessMode":"NATIONAL_CARRIER","isSelected":true,"isUnscheduled":true,"dateStartRange":1699048740000,"dateEndRange":1699048740000,"itemGroups":[{"itemIds":["df42f3a8-80ab-46c2-b5a9-284f27f5cbb5"],"dateTime":1699048740000,"accessMode":"NATIONAL_CARRIER","itemDetails":[],"orderCutoffTime":1698969600000}],"strategy":"SLA_TIER_BASED_PROMISE"}],"fulfillmentSellerType":"WALMART"}],"checkoutableErrors":[],"checkoutable":true,"summary":{"subTotal":15.31,"grandTotal":15.31}}]}],"accessPoints":[{"id":"6057d155-5457-422e-8e9e-8385b42c1abc","name":"7400 Guilford Dr","storeId":32140,"fulfillmentType":"DELIVERY","fulfillmentOption":"DELIVERY","supportedTimeZone":"US/Eastern","locationInstruction":"[{\"type\":\"CHECKIN_DEFAULT\",\"value\":\"Leave the product at the door step\"}]","isStoreEbtEligible":false,"allowAlcohol":true,"restrictions":[],"accessType":"DELIVERY_ADDRESS","storeCategory":"Pharmacy","nodeType":"STORE","pickupStartBuffer":0,"allowBagFee":false,"isBagFeeMandatory":false,"address":{"postalCode":"21704","addressLineOne":"7400 Guilford Dr","city":"Frederick","state":"MD","addressTypeName":"OFFICE","isPOBox":false,"countryCode":"USA"}},{"id":"3aa02c56-40ae-406e-a20b-3d9f5f32707f","name":"32140 In Store Pickup","storeId":32140,"fulfillmentType":"INSTORE_PICKUP","fulfillmentOption":"PICKUP","supportedTimeZone":"US/Eastern","locationInstruction":"[{\"type\":\"CHECKIN_DEFAULT\",\"value\":\"32140 - We&rsquo;ll email you when your order is ready!! Once you get the email,  check in with the Walmart Grocery app to let us know you&rsquo;re on the way</li><li>Follow the orange signs to the pickup area , and park in any designated spot</li><li>We&rsquo;ll bring your order out to you!</li></ol>\"}]","isStoreEbtEligible":true,"allowAlcohol":true,"restrictions":[],"accessType":"PICKUP_CURBSIDE","storeCategory":"Pharmacy","nodeType":"STORE","pickupStartBuffer":0,"allowBagFee":true,"isBagFeeMandatory":false,"address":{"postalCode":"21704","addressLineOne":"7400 Guilford Dr","city":"Frederick","state":"MD","addressTypeName":"OFFICE","isPOBox":false,"countryCode":"USA"}}],"reservations":[],"isExplicitIntent":true,"hasGiftEligibleItem":false,"marketPlacePickup":true,"warnings":[],"restrictions":[],"accInstallationSelection":{"isExplicitPackageSelection":false}},"items":[{"id":"df42f3a8-80ab-46c2-b5a9-284f27f5cbb5","quantity":1,"price":15.31,"oldPrice":15.31,"linePrice":15.31,"pricePerUnit":15.31,"pricePerUnitUoM":"EA","USItemId":"894010516","USSellerId":"0","offerId":"D34CC8A40CA54C4CB9F4C3353721DF1D","name":"DALIRESP 500MCG","seller":{"name":"Walmart.com","type":"INTERNAL","id":"455A2F43226F41319399794332C71B7F","catalogSellerId":0},"availableQuantity":1818178150,"maxItemCountPerOrder":1000,"minItemCountPerOrder":1,"primaryCategoryPath":"0:5431:7711239","charPrimaryCategoryPath":"Home Page/Pharmacy/Prescription Medication","sort":1698891674413,"entityErrors":[],"createdDateTime":1698891674413,"isAlcohol":false,"isTemperatureTimeRestricted":false,"isSubstitutionEligible":false,"weightIncrement":1,"unitOfMeasure":"EA","type":"REGULAR","itemClassId":"1","upc":"303100095304","productId":"3NMSJXGFGLHD","isSnapEligible":false,"isSubstitutionsAllowed":false,"productSegment":"Health & Beauty","salesUnit":"Each","wupc":"0030310009530","productUrl":"/ip/DALIRESP-500MCG/894010516","productType":"Prescription Medicines","sourcingDetails":{"currentSelection":"SHIPPING","nodeAvailableQuantity":1818178150},"warnings":[],"fulfillmentDetails":{"fulfillmentId":"5185800b-f632-449a-b70a-c4d7a87680e8","slaTier":"THREE_TO_FIVE_DAY","fulfillmentType":"DELIVERY","nodeType":"STORE","fulfillmentTypeClassification":["PHARMACY_PETS"],"initialItemType":"ONLINE_ONLY","isNewItemToCart":true,"fulfillmentMode":"UNSCHEDULED","accessMode":"NATIONAL_CARRIER","accessType":"DELIVERY_ADDRESS","availableFulfillmentOptions":["UNSCHEDULED_DELIVERY"],"fulfillmentModuleName":"UNSCHEDULED_DELIVERY","shippingFulfillmentDate":1699048740000,"maxOrderQuantity":{"unscheduledDelivery":1000}},"shortDescription":"DALIRESP 500MCG TAB","associations":[],"fulfillmentPrerequisites":[{"preRequisiteList":["MUST_SHIP_ALONE","MIN_BOX_PROTECTION_REQUIRED"]}],"isEventActive":false,"events":[],"nodeLevelSellables":[],"isPetRxItem":true,"tierPrice":true,"legacyItemId":"894010516","gtin":"00303100095304","productClassType":"REGULAR","reportingHierarchy":"40000:43000:43004:43110:43300","isPapEligible":false,"isCheckoutAmendable":false,"petItemType":"PET_RX_ITEM","compositions":[],"isSubscriptionEligible":false,"isCashbackEligible":false}],"lastModifiedTime":1698891675374,"cartVersion":3063,"isOmniPromiseResponse":true,"uniqueInstallationOfferIdHolder":[]},"astroInfo":null}'
2023-11-01 19:21:15.464 [DEBUG] [thread-id 1] - conditionally execute a flow. condition: true
2023-11-01 19:21:15.615 [DEBUG] [thread-id 1] - Store in: store the value 'true' in the variable 'itemEligible'
2023-11-01 19:21:15.684 [DEBUG] [thread-id 1] - conditionally execute a flow. condition: true
2023-11-01 19:21:15.732 [DEBUG] [thread-id 1] - Store in: store the value '894010516' in the variable 'itemFetched'
2023-11-01 19:21:15.782 [DEBUG] [thread-id 1] - Store in: store the value 'walmart://item/894010516' in the variable 'deeplinkURl'
2023-11-01 19:21:15.838 [DEBUG] [thread-id 1] - Item:894010516
2023-11-01 19:21:15.887 [DEBUG] [thread-id 1] - deeplinkURL:walmart://item/894010516
2023-11-01 19:21:15.941 [DEBUG] [thread-id 1] - conditionally execute a flow. condition: true
2023-11-01 19:21:15.984 [DEBUG] [thread-id 1] - Eligible item is 894010516 for type FC_DELIVERY
2023-11-01 19:21:15.985 [DEBUG] [thread-id 1] - Executing function: 'us.functions.global.navigation.goToDeepLink'
2023-11-01 19:21:15.986 [DEBUG] [thread-id 1] - Verify value of: '$deepLinkUrl'
2023-11-01 19:21:15.986 [DEBUG] [thread-id 1] - Open link: 'walmart://item/894010516'
2023-11-01 19:21:16.291 [DEBUG] [thread-id 1] - Executing function: 'us.functions.item.petrxItem.verifyPresent'
2023-11-01 19:21:19.089 [DEBUG] [thread-id 1] - Verify identifier: {com.walmart.android.debug:id/item_name=[true], com.walmart.android.debug:id/item_price=[true], Prescription required=[true]}
2023-11-01 19:21:19.090 [DEBUG] [thread-id 1] - Executing function: 'us.functions.item.addItemToCart'
2023-11-01 19:21:19.096 [DEBUG] [thread-id 1] - Executing function: 'us.functions.item.preAddToCartSteps'
2023-11-01 19:21:19.096 [DEBUG] [thread-id 1] - sleep:  5000 milliseconds
2023-11-01 19:21:24.102 [DEBUG] [thread-id 1] - Executing function: 'us.functions.home.closeWPlusPromotionPopUpIfDisplayed'
2023-11-01 19:21:24.102 [DEBUG] [thread-id 1] - sleep:  5000 milliseconds
2023-11-01 19:21:49.156 [DEBUG] [thread-id 1] - Executing function: 'us.functions.utils.tryAgainWhenThereIsError'
2023-11-01 19:21:49.157 [DEBUG] [thread-id 1] - loop: from 0 to 3
2023-11-01 19:21:49.194 [DEBUG] [thread-id 1] - 0
2023-11-01 19:21:59.244 [DEBUG] [thread-id 1] - conditionally execute a flow. condition: false
2023-11-01 19:21:59.326 [DEBUG] [thread-id 1] - sleep:  2000 milliseconds
2023-11-01 19:22:11.411 [DEBUG] [thread-id 1] - Add to cart decrement button is not present
2023-11-01 19:22:11.418 [DEBUG] [thread-id 1] - Executing function: 'us.functions.item.validateAndClickAddToCartButton'
2023-11-01 19:22:11.420 [DEBUG] [thread-id 1] - conditionally execute a flow. condition: true
2023-11-01 19:22:11.458 [DEBUG] [thread-id 1] - ATC button present
2023-11-01 19:22:11.509 [DEBUG] [thread-id 1] - Click element: 'com.walmart.android.debug:id/add_to_cart'
2023-11-01 19:22:12.195 [DEBUG] [thread-id 1] - sleep:  3000 milliseconds
2023-11-01 19:22:15.207 [WARN] [thread-id 1] - variable skipPostAddToCartSteps was used, but r2 could not find a value for this variable. returning default of null
2023-11-01 19:22:15.208 [DEBUG] [thread-id 1] - conditionally execute a flow. condition: true
2023-11-01 19:22:15.296 [DEBUG] [thread-id 1] - Executing function: 'us.functions.item.postAddToCartSteps'
2023-11-01 19:22:45.412 [DEBUG] [thread-id 1] - Executing function: 'us.functions.item.handlePAC'
2023-11-01 19:22:55.431 [DEBUG] [thread-id 1] - Executing function: 'us.functions.item.closeItemPage'
2023-11-01 19:22:55.432 [DEBUG] [thread-id 1] - loop: from 0 to 3
2023-11-01 19:22:55.479 [DEBUG] [thread-id 1] - conditionally execute a flow. condition: true
2023-11-01 19:22:55.575 [DEBUG] [thread-id 1] - Click element: 'com.walmart.android.debug:id/icon_close'
2023-11-01 19:23:06.937 [DEBUG] [thread-id 1] - conditionally execute a flow. condition: false
2023-11-01 19:23:06.980 [DEBUG] [thread-id 1] - sleep:  5000 milliseconds
2023-11-01 19:23:11.989 [DEBUG] [thread-id 1] - Verify identifier: {com.walmart.android.debug:id/item_name || com.walmart.android.debug:id/item_redesign_name || com.walmart.android.debug:id/item_name_smaller_title=[true]}
2023-11-01 19:23:11.992 [DEBUG] [thread-id 1] - Verify identifier: {com.walmart.android.debug:id/cart_summary_count=[true]}
2023-11-01 19:23:11.994 [DEBUG] [thread-id 1] - Store in: store the value 'false' in the variable 'skipPostAddToCartSteps'
2023-11-01 19:23:11.995 [DEBUG] [thread-id 1] - Store in: store the value 'false' in the variable 'apiFetch'
2023-11-01 19:23:11.997 [DEBUG] [thread-id 1] - Executing function: 'us.functions.global.navigation.toCartFromNavBar'
2023-11-01 19:23:12.080 [DEBUG] [thread-id 1] - Verify identifier: {com.walmart.android.debug:id/cart_summary_icon=[true]}
2023-11-01 19:23:12.160 [DEBUG] [thread-id 1] - Click element: 'com.walmart.android.debug:id/cart_summary_icon'
2023-11-01 19:23:12.805 [DEBUG] [thread-id 1] - sleep:  6000 milliseconds
2023-11-01 19:23:18.814 [DEBUG] [thread-id 1] - Executing function: 'us.functions.cart.itemMultiSellerUpdatePopUp'
2023-11-01 19:23:28.821 [DEBUG] [thread-id 1] - Executing function: 'us.functions.cart.storeChangePopUp'
2023-11-01 19:23:48.842 [DEBUG] [thread-id 1] - conditionally execute a flow. condition: false
2023-11-01 19:23:58.881 [DEBUG] [thread-id 1] - conditionally execute a flow. condition: false
2023-11-01 19:23:58.910 [WARN] [thread-id 1] - variable skipValidation was used, but r2 could not find a value for this variable. returning default of null
2023-11-01 19:23:58.911 [DEBUG] [thread-id 1] - conditionally execute a flow. condition: true
2023-11-01 19:23:58.948 [DEBUG] [thread-id 1] - Executing function: 'us.functions.utils.handleTechnicalErrorPageInCart'
2023-11-01 19:23:58.950 [DEBUG] [thread-id 1] - Store in: store the value 'false' in the variable 'cartPageLoaded'
2023-11-01 19:23:58.951 [DEBUG] [thread-id 1] - loop: from 0 to 7
2023-11-01 19:23:58.977 [DEBUG] [thread-id 1] - 0
2023-11-01 19:23:59.050 [DEBUG] [thread-id 1] - conditionally execute a flow. condition: true
2023-11-01 19:24:09.089 [DEBUG] [thread-id 1] - conditionally execute a flow. condition: false
2023-11-01 19:24:19.192 [DEBUG] [thread-id 1] - conditionally execute a flow. condition: true
2023-11-01 19:24:19.214 [DEBUG] [thread-id 1] - Store in: store the value 'true' in the variable 'cartPageLoaded'
2023-11-01 19:24:19.239 [DEBUG] [thread-id 1] - conditionally execute a flow. condition: false
2023-11-01 19:24:19.264 [DEBUG] [thread-id 1] - conditionally execute a flow. condition: true
2023-11-01 19:24:19.298 [DEBUG] [thread-id 1] - Cart page loaded successfully
2023-11-01 19:24:19.316 [DEBUG] [thread-id 1] - Scroll: up
2023-11-01 19:24:44.446 [DEBUG] [thread-id 1] - Main failed: Is not present: 'com.walmart.android.debug:id/cartText'
2023-11-01 19:24:44.469 [DEBUG] [thread-id 1] - Executing scenario: 'After'
2023-11-01 19:24:44.470 [DEBUG] [thread-id 1] - Executing function: 'us.functions.utils.afterSteps'
2023-11-01 19:24:44.470 [WARN] [thread-id 1] - variable testStatus was used, but r2 could not find a value for this variable. returning default of null
2023-11-01 19:24:44.471 [DEBUG] [thread-id 1] - conditionally execute a flow. condition: false
2023-11-01 19:24:44.493 [DEBUG] [thread-id 1] - Test failed
2023-11-01 19:24:47.375 [DEBUG] [thread-id 1] - Created report: /Users/m0k0a2f/glass-automation/report/index.html
2023-11-01 19:33:26.112 [DEBUG] [thread-id 1] - Executing R2 3.38.1: '/Users/m0k0a2f/glass-automation/./us/test/test-scripts/android/golden-flows/PetRx-flows/C2666400-PetRX-multiple-Pet-Vet-order.yaml' on device: 'Pixel_5_API_31'
2023-11-01 19:33:38.717 [DEBUG] [thread-id 1] - Executing scenario: 'Before'
2023-11-01 19:33:38.719 [DEBUG] [thread-id 1] - R2_SUBFLOW_PRE_TRANSACTION
2023-11-01 19:33:38.722 [DEBUG] [thread-id 1] - Executing function: 'us.functions.utils.astro.clearCart'
2023-11-01 19:33:38.789 [DEBUG] [thread-id 1] - Call API: 'http://astro.walmart.com/api/v2/teflon/customer/e2e.teflon.flow.petRx.android.multi@cloudtest.org/clearcart'
2023-11-01 19:33:51.789 [DEBUG] [thread-id 1] - Response code is: '200'. Response body is: '{"astroStatus":"SUCCESS","astroDescription":"CART_CLEARED","astroDetails":{"dbSessionMap":{"CXO_CART_ST":"{\"mtoken\":\"4:23#299430869#2=34069732#8=323192543\"}"},"checkoutable":false,"cart":{"id":"516ec68d-4d43-4bd3-ae43-b6265d8beed1","buyer":{"id":"8e730fbd-e65c-4efc-ba8d-660deaa11380","type":"CUSTOMER"},"storeIds":[],"itemCount":0,"entityErrors":[],"shipping":{"id":"61d7afa8-b1d9-4817-ad05-fb687635793d","dbLockVersion":0,"postalCode":"95122","city":"San Jose","state":"CA","countryCode":"USA","latitude":37.606689,"longitude":-122.426362,"isPOBox":false,"isAPOFPO":false},"currencyCode":"USD","preview":false,"tenantId":0,"verticalId":0,"checkoutableErrors":[],"intent":"PICKUP","pickupStore":{"city":"San Jose","stateOrProvinceCode":"CA","countryCode":"USA","postalCode":"95122","storeId":"32144","services":[]},"deliveryStore":{"city":"San Jose","stateOrProvinceCode":"CA","countryCode":"USA","postalCode":"95122","storeId":"32144","services":[]},"mpStores":[],"fulfillmentPlans":[],"accessPoints":[],"reservations":[],"isExplicitIntent":false,"hasGiftEligibleItem":false,"warnings":[],"restrictions":[]},"isOmniPromiseResponse":true,"uniqueInstallationOfferIdHolder":[]}}'
2023-11-01 19:33:51.897 [DEBUG] [thread-id 1] - Cart cleared for e2e.teflon.flow.petRx.android.multi@cloudtest.org
2023-11-01 19:33:51.947 [DEBUG] [thread-id 1] - Using us-errors-helpers.yaml
2023-11-01 19:33:51.990 [DEBUG] [thread-id 1] - Start Main
2023-11-01 19:33:51.992 [DEBUG] [thread-id 1] - Executing function: 'us.functions.global.onboarding.navigateOnboardingToHome'
2023-11-01 19:33:51.993 [DEBUG] [thread-id 1] - Executing function: 'us.function.utils.getEnvironmentValue'
2023-11-01 19:33:51.993 [DEBUG] [thread-id 1] - Store in: store the value 'teflon' in the variable 'env'
2023-11-01 19:33:51.994 [DEBUG] [thread-id 1] - Start Activity: 'com.walmart.android.debug.com.walmart.glass.integration.splash.SplashActivity'
2023-11-01 19:34:05.738 [DEBUG] [thread-id 1] - conditionally execute a flow. condition: false
2023-11-01 19:34:05.770 [DEBUG] [thread-id 1] - Verify identifier: {com.walmart.android.debug:id/onboarding_welcome_title_textview=[true]}
2023-11-01 19:34:15.775 [DEBUG] [thread-id 1] - conditionally execute a flow. condition: false
2023-11-01 19:34:15.801 [DEBUG] [thread-id 1] - Verify identifier: {com.walmart.android.debug:id/onboarding_welcome_title_textview=[true]}
2023-11-01 19:34:15.862 [DEBUG] [thread-id 1] - Click element: 'com.walmart.android.debug:id/onboarding_welcome_secondary_button'
2023-11-01 19:34:26.672 [DEBUG] [thread-id 1] - Verify identifier: {com.walmart.android.debug:id/onboarding_location_title_textview=[true]}
2023-11-01 19:34:26.711 [DEBUG] [thread-id 1] - Click element: 'com.walmart.android.debug:id/onboarding_zip_code_button'
2023-11-01 19:34:27.539 [DEBUG] [thread-id 1] - Verify identifier: {com.walmart.android.debug:id/onboarding_title_textview=[true]}
2023-11-01 19:34:28.138 [DEBUG] [thread-id 1] - Click element: 'com.walmart.android.debug:id/onboarding_zip_code_textinput'
2023-11-01 19:34:29.540 [DEBUG] [thread-id 1] - Enter text: '95122'
2023-11-01 19:34:32.004 [DEBUG] [thread-id 1] - Hide keyboard: 'true'
2023-11-01 19:34:38.744 [DEBUG] [thread-id 1] - Click element: 'com.walmart.android.debug:id/onboarding_zip_code_search_button'
2023-11-01 19:34:39.418 [DEBUG] [thread-id 1] - sleep:  3000 milliseconds
2023-11-01 19:34:42.425 [DEBUG] [thread-id 1] - loop: from 0 to 3
2023-11-01 19:34:43.005 [DEBUG] [thread-id 1] - 0
2023-11-01 19:34:53.069 [DEBUG] [thread-id 1] - conditionally execute a flow. condition: false
2023-11-01 19:35:03.120 [DEBUG] [thread-id 1] - Verify identifier: {com.walmart.android.debug:id/onboarding_title_textview=[true]}
2023-11-01 19:35:03.120 [DEBUG] [thread-id 1] - Executing function: 'us.functions.global.onboarding.popUpScreen'
2023-11-01 19:35:03.120 [DEBUG] [thread-id 1] - sleep:  3000 milliseconds
2023-11-01 19:35:16.148 [DEBUG] [thread-id 1] - sleep:  3000 milliseconds
2023-11-01 19:35:19.153 [DEBUG] [thread-id 1] - Executing function: 'us.functions.global.onboarding.smartLock.DismissNoneOfTheAbove'
2023-11-01 19:35:29.163 [DEBUG] [thread-id 1] - sleep:  3000 milliseconds
2023-11-01 19:35:32.166 [DEBUG] [thread-id 1] - Executing function: 'us.functions.home.personalizedPopUpScreenClose'
2023-11-01 19:35:32.167 [DEBUG] [thread-id 1] - sleep:  5000 milliseconds
2023-11-01 19:35:37.173 [DEBUG] [thread-id 1] - conditionally execute a flow. condition: true
2023-11-01 19:35:37.325 [DEBUG] [thread-id 1] - Click element: 'com.walmart.android.debug:id/marketing_privacy_bottom_sheet_deny_btn'
2023-11-01 19:35:38.011 [DEBUG] [thread-id 1] - sleep:  3000 milliseconds
2023-11-01 19:35:41.015 [DEBUG] [thread-id 1] - Executing function: 'us.functions.utils.tryAgainWhenThereIsError'
2023-11-01 19:35:41.017 [DEBUG] [thread-id 1] - loop: from 0 to 3
2023-11-01 19:35:41.160 [DEBUG] [thread-id 1] - 0
2023-11-01 19:35:51.233 [DEBUG] [thread-id 1] - conditionally execute a flow. condition: false
2023-11-01 19:36:01.289 [DEBUG] [thread-id 1] - Executing function: 'us.functions.gic.collapseIfExpanded'
2023-11-01 19:36:01.346 [DEBUG] [thread-id 1] - conditionally execute a flow. condition: true
2023-11-01 19:36:01.437 [DEBUG] [thread-id 1] - Click element: '//android.widget.ImageView[contains(@content-desc,"expanded")]'
2023-11-01 19:36:03.596 [DEBUG] [thread-id 1] - Verify identifier: {com.walmart.android.debug:id/search_view=[true]}
2023-11-01 19:36:03.597 [DEBUG] [thread-id 1] - Executing function: 'us.functions.home.handleReorderToolTip'
2023-11-01 19:36:13.620 [DEBUG] [thread-id 1] - conditionally execute a flow. condition: false
2023-11-01 19:36:13.661 [DEBUG] [thread-id 1] - no tooltip displayed
2023-11-01 19:36:13.661 [DEBUG] [thread-id 1] - Executing function: 'us.functions.home.navigateHomeToSignIn'
2023-11-01 19:36:13.709 [DEBUG] [thread-id 1] - Click element: 'com.walmart.android.debug:id/navigation_account'
2023-11-01 19:36:14.328 [DEBUG] [thread-id 1] - sleep:  5000 milliseconds
2023-11-01 19:36:19.417 [DEBUG] [thread-id 1] - Verify identifier: {//*[@resource-id="com.walmart.android.debug:id/sign_in_button"]|//*[@resource-id="com.walmart.android.debug:id/account_sign_in_button"]=[true]}
2023-11-01 19:36:19.419 [DEBUG] [thread-id 1] - loop: from 1 to 3
2023-11-01 19:36:19.462 [DEBUG] [thread-id 1] - Executing function: 'us.functions.global.onboarding.smartLock.DismissNoneOfTheAbove'
2023-11-01 19:36:29.568 [DEBUG] [thread-id 1] - conditionally execute a flow. condition: true
2023-11-01 19:36:29.642 [DEBUG] [thread-id 1] - Click element: '//*[@resource-id="com.walmart.android.debug:id/sign_in_button"]|//*[@resource-id="com.walmart.android.debug:id/account_sign_in_button"]'
2023-11-01 19:36:30.477 [DEBUG] [thread-id 1] - sleep:  3000 milliseconds
2023-11-01 19:36:34.054 [DEBUG] [thread-id 1] - conditionally execute a flow. condition: true
2023-11-01 19:36:34.079 [DEBUG] [thread-id 1] - Store in: store the value 'true' in the variable 'signInValidated'
2023-11-01 19:36:34.114 [DEBUG] [thread-id 1] - conditionally execute a flow. condition: true
2023-11-01 19:36:34.135 [DEBUG] [thread-id 1] - SignIn page loaded
2023-11-01 19:36:34.156 [DEBUG] [thread-id 1] - Store in: store the value 'false' in the variable 'signInValidated'
2023-11-01 19:36:34.157 [DEBUG] [thread-id 1] - Executing function: 'us.functions.global.authentication.signInAccount'
2023-11-01 19:36:34.157 [DEBUG] [thread-id 1] - Executing function: 'us.functions.global.onboarding.smartLock.DismissNoneOfTheAbove'
2023-11-01 19:36:44.174 [WARN] [thread-id 1] - variable validateSignInPage was used, but r2 could not find a value for this variable. returning default of null
2023-11-01 19:36:44.210 [DEBUG] [thread-id 1] - Verify identifier: {//android.widget.EditText[@text="Email"]=[true]}
2023-11-01 19:36:44.241 [DEBUG] [thread-id 1] - Enter text: 'e2e.teflon.flow.petRx.android.multi@cloudtest.org'
2023-11-01 19:36:46.402 [DEBUG] [thread-id 1] - loop: from 1 to 3
2023-11-01 19:36:47.100 [DEBUG] [thread-id 1] - sleep:  3000 milliseconds
2023-11-01 19:36:50.208 [DEBUG] [thread-id 1] - conditionally execute a flow. condition: true
2023-11-01 19:36:50.346 [DEBUG] [thread-id 1] - Click element: 'com.walmart.android.debug:id/auth_button_main'
2023-11-01 19:36:51.141 [DEBUG] [thread-id 1] - sleep:  5000 milliseconds
2023-11-01 19:36:56.720 [DEBUG] [thread-id 1] - conditionally execute a flow. condition: true
2023-11-01 19:36:56.769 [DEBUG] [thread-id 1] - Store in: store the value 'true' in the variable 'signInValidated'
2023-11-01 19:36:56.801 [DEBUG] [thread-id 1] - conditionally execute a flow. condition: true
2023-11-01 19:36:56.832 [DEBUG] [thread-id 1] - Store in: store the value 'false' in the variable 'signInValidated'
2023-11-01 19:36:56.855 [DEBUG] [thread-id 1] - Email entered
2023-11-01 19:37:16.896 [WARN] [thread-id 1] - variable validateSignInPage was used, but r2 could not find a value for this variable. returning default of null
2023-11-01 19:37:16.899 [DEBUG] [thread-id 1] - loop: from 1 to 3
2023-11-01 19:37:16.924 [DEBUG] [thread-id 1] - sleep:  2000 milliseconds
2023-11-01 19:37:19.015 [DEBUG] [thread-id 1] - conditionally execute a flow. condition: true
2023-11-01 19:37:19.097 [DEBUG] [thread-id 1] - Enter text: 'E2epassword$'
2023-11-01 19:37:21.938 [DEBUG] [thread-id 1] - Press go back key: 'true'
2023-11-01 19:37:23.204 [DEBUG] [thread-id 1] - sleep:  1000 milliseconds
2023-11-01 19:37:24.318 [DEBUG] [thread-id 1] - Click element: 'com.walmart.android.debug:id/auth_button_main'
2023-11-01 19:37:25.051 [DEBUG] [thread-id 1] - sleep:  5000 milliseconds
2023-11-01 19:37:30.327 [DEBUG] [thread-id 1] - conditionally execute a flow. condition: true
2023-11-01 19:37:31.357 [DEBUG] [thread-id 1] - Store in: store the value 'true' in the variable 'signInValidated'
2023-11-01 19:37:31.420 [DEBUG] [thread-id 1] - Executing function: 'us.functions.global.authentication.handleSomethingWentWrongError'
2023-11-01 19:37:31.421 [DEBUG] [thread-id 1] - sleep:  5000 milliseconds
2023-11-01 19:37:36.438 [DEBUG] [thread-id 1] - loop: from 0 to 3
2023-11-01 19:37:36.497 [DEBUG] [thread-id 1] - 0
2023-11-01 19:37:46.638 [DEBUG] [thread-id 1] - conditionally execute a flow. condition: false
2023-11-01 19:37:46.697 [DEBUG] [thread-id 1] - conditionally execute a flow. condition: true
2023-11-01 19:37:46.753 [DEBUG] [thread-id 1] - Account signed in
2023-11-01 19:37:56.832 [DEBUG] [thread-id 1] - Executing function: 'us.functions.utils.handleCartMergePopup'
2023-11-01 19:37:56.832 [DEBUG] [thread-id 1] - sleep:  7000 milliseconds
2023-11-01 19:38:03.840 [DEBUG] [thread-id 1] - loop: from 0 to 4
2023-11-01 19:38:03.950 [DEBUG] [thread-id 1] - 0
2023-11-01 19:38:14.019 [DEBUG] [thread-id 1] - conditionally execute a flow. condition: false
2023-11-01 19:38:14.071 [DEBUG] [thread-id 1] - No cart merge popup observed
2023-11-01 19:38:14.121 [DEBUG] [thread-id 1] - Executing function: 'us.functions.global.navigation.accountToHome'
2023-11-01 19:38:14.122 [DEBUG] [thread-id 1] - conditionally execute a flow. condition: true
2023-11-01 19:38:14.175 [DEBUG] [thread-id 1] - Scroll: up
2023-11-01 19:38:14.872 [DEBUG] [thread-id 1] - Verify identifier: {com.walmart.android.debug:id/purchase_history_header=[true]}
2023-11-01 19:38:24.922 [DEBUG] [thread-id 1] - Click element: 'com.walmart.android.debug:id/navigation_shop'
2023-11-01 19:38:25.573 [DEBUG] [thread-id 1] - Executing function: 'us.functions.home.closeWPlusPromotionPopUpIfDisplayed'
2023-11-01 19:38:25.574 [DEBUG] [thread-id 1] - sleep:  5000 milliseconds
2023-11-01 19:38:40.609 [DEBUG] [thread-id 1] - Executing function: 'us.functions.home.rateDriverPopup'
2023-11-01 19:38:40.619 [DEBUG] [thread-id 1] - sleep:  7000 milliseconds
2023-11-01 19:38:47.626 [DEBUG] [thread-id 1] - loop: from 1 to 6
2023-11-01 19:38:47.735 [DEBUG] [thread-id 1] - 1
2023-11-01 19:38:57.791 [DEBUG] [thread-id 1] - conditionally execute a flow. condition: false
2023-11-01 19:38:57.855 [DEBUG] [thread-id 1] - Executing function: 'us.functions.home.changeStore'
2023-11-01 19:38:57.918 [DEBUG] [thread-id 1] - conditionally execute a flow. condition: true
2023-11-01 19:38:58.006 [DEBUG] [thread-id 1] - Click element: '//android.widget.ImageView[contains(@resource-id, "com.walmart.android.debug:id/global_intent_center_collapsed_chevron") and (contains(@content-desc,"collapsed") or contains(@content-desc,"collapse"))]'
2023-11-01 19:38:58.676 [WARN] [thread-id 1] - variable storeOnly was used, but r2 could not find a value for this variable. returning default of null
2023-11-01 19:38:58.681 [DEBUG] [thread-id 1] - conditionally execute a flow. condition: true
2023-11-01 19:39:09.735 [DEBUG] [thread-id 1] - conditionally execute a flow. condition: false
2023-11-01 19:39:18.839 [DEBUG] [thread-id 1] - Click element: '//android.widget.ImageView[contains(@content-desc, "Pickup") and contains(@content-desc, "2 of 3")] | //*[@resource-id = "com.walmart.android.debug:id/card_btn_hot_pickup"]'
2023-11-01 19:39:19.449 [WARN] [thread-id 1] - variable driverpopup was used, but r2 could not find a value for this variable. returning default of null
2023-11-01 19:39:29.486 [DEBUG] [thread-id 1] - sleep:  2000 milliseconds
2023-11-01 19:39:31.497 [DEBUG] [thread-id 1] - Executing function: 'us.functions.home.closeWPlusPromotionPopUpIfDisplayed'
2023-11-01 19:39:31.498 [DEBUG] [thread-id 1] - sleep:  5000 milliseconds
2023-11-01 19:39:59.802 [DEBUG] [thread-id 1] - Click element: '//*[contains(@resource-id, "global_intent_center_expanded_view")]//androidx.cardview.widget.CardView[contains(@resource-id, "global_intent_center_expanded_large_card")][position()=last()]//*[contains(@resource-id, "global_intent_center_large_card_chevron")] | //*[@resource-id="com.walmart.android.debug:id/gic_hot_pickup_card"]//*[@resource-id = "com.walmart.android.debug:id/gic_hot_card_content"]'
2023-11-01 19:40:22.751 [DEBUG] [thread-id 1] - conditionally execute a flow. condition: false
2023-11-01 19:40:44.065 [DEBUG] [thread-id 1] - Enter text: '75006'
2023-11-01 19:42:18.500 [DEBUG] [thread-id 1] - Click element: '//*[@resource-id="com.walmart.android.debug:id/storeslector_access_points_recycler_view"]/android.view.ViewGroup[1]'
2023-11-01 19:42:30.503 [DEBUG] [thread-id 1] - Click element: 'com.walmart.android.debug:id/store_selector_store_save_button'
2023-11-01 19:44:35.192 [DEBUG] [thread-id 1] - sleep:  5000 milliseconds
2023-11-01 19:44:50.380 [DEBUG] [thread-id 1] - Executing function: 'us.functions.utils.handleTechnicalErrorPopup'
2023-11-01 19:44:50.383 [DEBUG] [thread-id 1] - Store in: store the value 'false' in the variable 'errorRemoved'
2023-11-01 19:44:50.383 [DEBUG] [thread-id 1] - sleep:  7000 milliseconds
2023-11-01 19:44:57.394 [DEBUG] [thread-id 1] - loop: from 0 to 3
2023-11-01 19:44:57.504 [DEBUG] [thread-id 1] - 0
2023-11-01 19:44:57.622 [DEBUG] [thread-id 1] - conditionally execute a flow. condition: true
2023-11-01 19:44:57.759 [DEBUG] [thread-id 1] - get string: from '//*[@text="Retry"] | //android.widget.Button[@text="Try again"] | //android.widget.Button[@text="OK"] | //android.widget.Button[@text="Okay"]' [type='text']
2023-11-01 19:44:57.873 [DEBUG] [thread-id 1] - Click element: '//*[@text="Retry"] | //android.widget.Button[@text="Try again"] | //android.widget.Button[@text="OK"] | //android.widget.Button[@text="Okay"]'
2023-11-01 19:44:58.678 [DEBUG] [thread-id 1] - 1
2023-11-01 19:44:59.670 [DEBUG] [thread-id 1] - conditionally execute a flow. condition: true
2023-11-01 19:44:59.817 [DEBUG] [thread-id 1] - get string: from '//*[@text="Retry"] | //android.widget.Button[@text="Try again"] | //android.widget.Button[@text="OK"] | //android.widget.Button[@text="Okay"]' [type='text']
2023-11-01 19:44:59.937 [DEBUG] [thread-id 1] - Click element: '//*[@text="Retry"] | //android.widget.Button[@text="Try again"] | //android.widget.Button[@text="OK"] | //android.widget.Button[@text="Okay"]'
2023-11-01 19:45:01.502 [DEBUG] [thread-id 1] - 2
2023-11-01 19:45:02.735 [DEBUG] [thread-id 1] - conditionally execute a flow. condition: true
2023-11-01 19:45:02.897 [DEBUG] [thread-id 1] - get string: from '//*[@text="Retry"] | //android.widget.Button[@text="Try again"] | //android.widget.Button[@text="OK"] | //android.widget.Button[@text="Okay"]' [type='text']
2023-11-01 19:45:03.008 [DEBUG] [thread-id 1] - Click element: '//*[@text="Retry"] | //android.widget.Button[@text="Try again"] | //android.widget.Button[@text="OK"] | //android.widget.Button[@text="Okay"]'
2023-11-01 19:45:03.645 [DEBUG] [thread-id 1] - conditionally execute a flow. condition: true
2023-11-01 19:45:25.272 [DEBUG] [thread-id 1] - conditionally execute a flow. condition: true
2023-11-01 19:45:25.392 [DEBUG] [thread-id 1] - Click element: 'com.walmart.android.debug:id/global_intent_center_collapsed_chevron'
2023-11-01 19:45:26.967 [DEBUG] [thread-id 1] - Verify identifier: {com.walmart.android.debug:id/global_intent_center_collapsed_location=[true]}
2023-11-01 19:45:26.968 [DEBUG] [thread-id 1] - Store in: store the value 'false' in the variable 'storeOnly'
2023-11-01 19:45:26.969 [DEBUG] [thread-id 1] - R2_SUBFLOW_POST_TRANSACTION
2023-11-01 19:45:26.970 [DEBUG] [thread-id 1] - Executing function: 'us.functions.utils.fetchFromDataList'
2023-11-01 19:45:26.975 [DEBUG] [thread-id 1] - conditionally execute a flow. condition: false
2023-11-01 19:45:27.039 [DEBUG] [thread-id 1] - Store in: store the value 'FC_DELIVERY' in the variable 'itemGroup'
2023-11-01 19:45:27.040 [DEBUG] [thread-id 1] - loop: over '["1996033768", "2034355960", "1051886288", "22471933", "1201002894", "22471997"]'
2023-11-01 19:45:27.132 [DEBUG] [thread-id 1] - Executing function: 'us.functions.utils.checkItemTransactabality'
2023-11-01 19:45:27.135 [DEBUG] [thread-id 1] - Store in: store the value 'false' in the variable 'itemEligible'
2023-11-01 19:45:27.137 [DEBUG] [thread-id 1] - Call API: 'http://astro.walmart.com/api/v2/teflon/item/transactability'
2023-11-01 19:45:41.754 [DEBUG] [thread-id 1] - Response code is: '200'. Response body is: '{"astroStatus":"SUCCESS","astroDescription":"CART - ADD_TO_CART SUCCESS","astroDetails":{"dbSessionMap":{"CXO_CART_ST":"{\"mtoken\":\"4:23#299431565#2=34070340#8=323193840\"}"},"checkoutable":true,"cart":{"id":"516ec68d-4d43-4bd3-ae43-b6265d8beed1","buyer":{"id":"8e730fbd-e65c-4efc-ba8d-660deaa11380","type":"CUSTOMER"},"storeIds":[],"itemCount":1,"entityErrors":[],"shipping":{"id":"c6294b9e-c85f-4e69-8053-693da75013d7","dbLockVersion":0,"firstName":"test","lastName":"auto","addressId":"35e650b4-6296-4ce8-bc4c-fdce5bfe562c","postalCode":"95122","city":"San Jose","state":"CA","countryCode":"USA","addressLineOne":"1350 Bacchus Dr","latitude":37.325936,"longitude":-121.843014,"phone":"4083453453","deliveryInstructions":"","addressType":"BOTH","isPOBox":false,"isAPOFPO":false,"lastModifiedDate":1697070643043,"deliveryInstructionsDetails":[{"deliveryInstructionType":"REGULAR","deliveryInstruction":""}]},"summary":{"subTotal":123.18,"grandTotal":123.18,"balanceToReachThreshold":0,"fees":[{"type":"MIN_THRESHOLD_FEE","amount":0}],"serviceCharges":[]},"suggestedSlots":[{"id":"d46b3d74-c91a-4b92-b532-291c99b58a55-2023-11-02","fulfillmentType":"INSTORE_PICKUP","fulfillmentOption":"PICKUP","accessType":"PICKUP_CURBSIDE","isUnscheduled":false,"accessPointId":"3aa02c56-40ae-406e-a20b-3d9f5f32707f","expressSlot":false,"slaInMins":0,"startTime":1698922800000,"endTime":1698926400000,"cutoffTime":1698901200000,"supportedTimeZone":"US/Eastern","slotPrice":2,"ids":[],"restrictions":[],"status":"AVAILABLE","priority":0,"isAlcoholRestricted":false}],"currencyCode":"USD","preview":false,"tenantId":0,"verticalId":0,"checkoutableErrors":[],"intent":"DELIVERY","pickupStore":{"city":"Frederick","stateOrProvinceCode":"MD","countryCode":"USA","postalCode":"21704","storeId":"32140","services":[{"name":"TIRE_AND_LUBE"},{"name":"PICK_UP_TODAY"},{"name":"SITE_2_STORE"},{"name":"BAKERY"},{"name":"DELI"},{"name":"GROCERY_PICKUP_DELIVERY"}]},"deliveryStore":{"city":"Frederick","stateOrProvinceCode":"MD","countryCode":"USA","postalCode":"21704","storeId":"32140","services":[{"name":"TIRE_AND_LUBE"},{"name":"PICK_UP_TODAY"},{"name":"SITE_2_STORE"},{"name":"BAKERY"},{"name":"DELI"},{"name":"GROCERY_PICKUP_DELIVERY"}]},"mpStores":[],"fulfillmentPlans":[{"isDefault":true,"fulfillmentModules":[{"name":"UNSCHEDULED_DELIVERY","fulfillmentGroups":[{"sellerId":"455A2F43226F41319399794332C71B7F","fulfillmentOptions":[{"fulfillmentType":"DELIVERY","accessType":"DELIVERY_ADDRESS","accessMode":"NATIONAL_CARRIER","isSelected":true,"isUnscheduled":true,"dateStartRange":1698962340000,"dateEndRange":1698962340000,"itemGroups":[{"itemIds":["fbef4efe-59a6-4ffd-88a2-bc491951d64e"],"dateTime":1698962340000,"accessMode":"NATIONAL_CARRIER","itemDetails":[{"lineItemId":"fbef4efe-59a6-4ffd-88a2-bc491951d64e"}],"orderCutoffTime":1698985800000}],"strategy":"SLA_TIER_BASED_PROMISE"}],"fulfillmentSellerType":"WALMART"}],"checkoutableErrors":[],"checkoutable":true,"summary":{"subTotal":123.18,"grandTotal":123.18}}]}],"accessPoints":[{"id":"6057d155-5457-422e-8e9e-8385b42c1abc","name":"7400 Guilford Dr","storeId":32140,"fulfillmentType":"DELIVERY","fulfillmentOption":"DELIVERY","supportedTimeZone":"US/Eastern","locationInstruction":"[{\"type\":\"CHECKIN_DEFAULT\",\"value\":\"Leave the product at the door step\"}]","isStoreEbtEligible":false,"allowAlcohol":true,"restrictions":[],"accessType":"DELIVERY_ADDRESS","storeCategory":"Pharmacy","nodeType":"STORE","pickupStartBuffer":0,"allowBagFee":false,"isBagFeeMandatory":false,"address":{"postalCode":"21704","addressLineOne":"7400 Guilford Dr","city":"Frederick","state":"MD","addressTypeName":"OFFICE","isPOBox":false,"countryCode":"USA"}},{"id":"3aa02c56-40ae-406e-a20b-3d9f5f32707f","name":"32140 In Store Pickup","storeId":32140,"fulfillmentType":"INSTORE_PICKUP","fulfillmentOption":"PICKUP","supportedTimeZone":"US/Eastern","locationInstruction":"[{\"type\":\"CHECKIN_DEFAULT\",\"value\":\"32140 - We&rsquo;ll email you when your order is ready!! Once you get the email,  check in with the Walmart Grocery app to let us know you&rsquo;re on the way</li><li>Follow the orange signs to the pickup area , and park in any designated spot</li><li>We&rsquo;ll bring your order out to you!</li></ol>\"}]","isStoreEbtEligible":true,"allowAlcohol":true,"restrictions":[],"accessType":"PICKUP_CURBSIDE","storeCategory":"Pharmacy","nodeType":"STORE","pickupStartBuffer":0,"allowBagFee":true,"isBagFeeMandatory":false,"address":{"postalCode":"21704","addressLineOne":"7400 Guilford Dr","city":"Frederick","state":"MD","addressTypeName":"OFFICE","isPOBox":false,"countryCode":"USA"}}],"reservations":[],"isExplicitIntent":true,"hasGiftEligibleItem":false,"marketPlacePickup":true,"warnings":[],"restrictions":[],"accInstallationSelection":{"isExplicitPackageSelection":false}},"items":[{"id":"fbef4efe-59a6-4ffd-88a2-bc491951d64e","quantity":1,"price":123.18,"oldPrice":123.18,"linePrice":123.18,"pricePerUnit":20.53,"pricePerUnitUoM":"EA","USItemId":"1996033768","USSellerId":"0","offerId":"CA2D6744CE0A43DA8AE2385B7E13AC00","name":"NEXGARD","seller":{"name":"Walmart.com","type":"INTERNAL","id":"455A2F43226F41319399794332C71B7F","catalogSellerId":0},"variants":[{"name":"Medicine Strength","value":"24.1-60LBS","rank":0}],"availableQuantity":916716860,"maxItemCountPerOrder":1000,"minItemCountPerOrder":1,"primaryCategoryPath":"0:5431:7711239","charPrimaryCategoryPath":"Home Page/Pharmacy/Prescription Medication","sort":1698893140682,"entityErrors":[],"createdDateTime":1698893140682,"isAlcohol":false,"isTemperatureTimeRestricted":false,"isSubstitutionEligible":true,"weightIncrement":1,"unitOfMeasure":"EA","type":"REGULAR","itemClassId":"1","upc":"359415240922","productId":"2RJWJYQTM39T","isSnapEligible":false,"isSubstitutionsAllowed":true,"productSegment":"Health & Beauty","salesUnit":"Each","wupc":"0035941524092","productUrl":"/ip/NEXGARD/1996033768","productType":"Prescription Medicines","sourcingDetails":{"currentSelection":"SHIPPING","nodeAvailableQuantity":916716860},"warnings":[],"fulfillmentDetails":{"fulfillmentId":"1b1c8f0b-02a2-4543-a388-3a180362ce30","slaTier":"THREE_TO_FIVE_DAY","fulfillmentType":"DELIVERY","nodeType":"STORE","fulfillmentTypeClassification":["PHARMACY_PETS"],"initialItemType":"ONLINE_ONLY","isNewItemToCart":true,"fulfillmentMode":"UNSCHEDULED","accessMode":"NATIONAL_CARRIER","accessType":"DELIVERY_ADDRESS","availableFulfillmentOptions":["UNSCHEDULED_DELIVERY"],"fulfillmentModuleName":"UNSCHEDULED_DELIVERY","shippingFulfillmentDate":1698962340000,"maxOrderQuantity":{"unscheduledDelivery":1000}},"shortDescription":"NEXGARD DOG 24.1-60LBS TAB","associations":[],"fulfillmentPrerequisites":[{"preRequisiteList":["MUST_SHIP_ALONE","MIN_BOX_PROTECTION_REQUIRED"]}],"isEventActive":false,"events":[],"nodeLevelSellables":[],"isPetRxItem":true,"tierPrice":true,"legacyItemId":"1996033768","gtin":"00359415240922","productClassType":"VARIANT","reportingHierarchy":"40000:43000:43004:43110:43300","isPapEligible":false,"isCheckoutAmendable":false,"petItemType":"PET_RX_ITEM","compositions":[],"isSubscriptionEligible":false,"isCashbackEligible":false}],"lastModifiedTime":1698893141679,"cartVersion":3077,"isOmniPromiseResponse":true,"uniqueInstallationOfferIdHolder":[]},"astroInfo":null}'
2023-11-01 19:45:41.764 [DEBUG] [thread-id 1] - conditionally execute a flow. condition: true
2023-11-01 19:45:41.852 [DEBUG] [thread-id 1] - Store in: store the value 'true' in the variable 'itemEligible'
2023-11-01 19:45:41.910 [DEBUG] [thread-id 1] - conditionally execute a flow. condition: true
2023-11-01 19:45:41.965 [DEBUG] [thread-id 1] - Store in: store the value '1996033768' in the variable 'itemFetched'
2023-11-01 19:45:42.025 [DEBUG] [thread-id 1] - Store in: store the value 'walmart://item/1996033768' in the variable 'deeplinkURl'
2023-11-01 19:45:42.079 [DEBUG] [thread-id 1] - Item:1996033768
2023-11-01 19:45:42.131 [DEBUG] [thread-id 1] - deeplinkURL:walmart://item/1996033768
2023-11-01 19:45:42.187 [DEBUG] [thread-id 1] - conditionally execute a flow. condition: true
2023-11-01 19:45:42.244 [DEBUG] [thread-id 1] - Eligible item is 1996033768 for type FC_DELIVERY
2023-11-01 19:45:42.245 [DEBUG] [thread-id 1] - Executing function: 'us.functions.global.navigation.goToDeepLink'
2023-11-01 19:45:42.246 [DEBUG] [thread-id 1] - Verify value of: '$deepLinkUrl'
2023-11-01 19:45:42.246 [DEBUG] [thread-id 1] - Open link: 'walmart://item/1996033768'
2023-11-01 19:45:42.606 [DEBUG] [thread-id 1] - Executing function: 'us.functions.item.petrxItem.verifyPresent'
2023-11-01 19:45:47.241 [DEBUG] [thread-id 1] - Verify identifier: {com.walmart.android.debug:id/item_name=[true], com.walmart.android.debug:id/item_price=[true], Prescription required=[true]}
2023-11-01 19:45:47.243 [DEBUG] [thread-id 1] - Executing function: 'us.functions.item.addItemToCart'
2023-11-01 19:45:47.244 [DEBUG] [thread-id 1] - Executing function: 'us.functions.item.preAddToCartSteps'
2023-11-01 19:45:47.244 [DEBUG] [thread-id 1] - sleep:  5000 milliseconds
2023-11-01 19:45:52.262 [DEBUG] [thread-id 1] - Executing function: 'us.functions.home.closeWPlusPromotionPopUpIfDisplayed'
2023-11-01 19:45:52.264 [DEBUG] [thread-id 1] - sleep:  5000 milliseconds
2023-11-01 19:46:17.341 [DEBUG] [thread-id 1] - Executing function: 'us.functions.utils.tryAgainWhenThereIsError'
2023-11-01 19:46:17.342 [DEBUG] [thread-id 1] - loop: from 0 to 3
2023-11-01 19:46:17.378 [DEBUG] [thread-id 1] - 0
2023-11-01 19:46:27.422 [DEBUG] [thread-id 1] - conditionally execute a flow. condition: false
2023-11-01 19:46:27.504 [DEBUG] [thread-id 1] - sleep:  2000 milliseconds
2023-11-01 19:46:39.572 [DEBUG] [thread-id 1] - Add to cart decrement button is not present
2023-11-01 19:46:39.573 [DEBUG] [thread-id 1] - Executing function: 'us.functions.item.validateAndClickAddToCartButton'
2023-11-01 19:46:39.574 [DEBUG] [thread-id 1] - conditionally execute a flow. condition: true
2023-11-01 19:46:39.607 [DEBUG] [thread-id 1] - ATC button present
2023-11-01 19:46:39.657 [DEBUG] [thread-id 1] - Click element: 'com.walmart.android.debug:id/add_to_cart'
2023-11-01 19:46:40.294 [DEBUG] [thread-id 1] - sleep:  3000 milliseconds
2023-11-01 19:46:43.300 [WARN] [thread-id 1] - variable skipPostAddToCartSteps was used, but r2 could not find a value for this variable. returning default of null
2023-11-01 19:46:43.301 [DEBUG] [thread-id 1] - conditionally execute a flow. condition: true
2023-11-01 19:46:43.361 [DEBUG] [thread-id 1] - Executing function: 'us.functions.item.postAddToCartSteps'
2023-11-01 19:47:13.386 [DEBUG] [thread-id 1] - Executing function: 'us.functions.item.handlePAC'
2023-11-01 19:47:23.427 [DEBUG] [thread-id 1] - Executing function: 'us.functions.item.closeItemPage'
2023-11-01 19:47:23.428 [DEBUG] [thread-id 1] - loop: from 0 to 3
2023-11-01 19:47:23.471 [DEBUG] [thread-id 1] - conditionally execute a flow. condition: true
2023-11-01 19:47:23.559 [DEBUG] [thread-id 1] - Click element: 'com.walmart.android.debug:id/icon_close'
2023-11-01 19:47:34.347 [DEBUG] [thread-id 1] - conditionally execute a flow. condition: false
2023-11-01 19:47:34.396 [DEBUG] [thread-id 1] - sleep:  5000 milliseconds
2023-11-01 19:47:39.406 [DEBUG] [thread-id 1] - Verify identifier: {com.walmart.android.debug:id/item_name || com.walmart.android.debug:id/item_redesign_name || com.walmart.android.debug:id/item_name_smaller_title=[true]}
2023-11-01 19:47:39.409 [DEBUG] [thread-id 1] - Verify identifier: {com.walmart.android.debug:id/cart_summary_count=[true]}
2023-11-01 19:47:39.412 [DEBUG] [thread-id 1] - Store in: store the value 'false' in the variable 'skipPostAddToCartSteps'
2023-11-01 19:47:39.416 [DEBUG] [thread-id 1] - Store in: store the value 'false' in the variable 'apiFetch'
2023-11-01 19:47:39.418 [DEBUG] [thread-id 1] - Executing function: 'us.functions.global.navigation.toCartFromNavBar'
2023-11-01 19:47:39.507 [DEBUG] [thread-id 1] - Verify identifier: {com.walmart.android.debug:id/cart_summary_icon=[true]}
2023-11-01 19:47:39.568 [DEBUG] [thread-id 1] - Click element: 'com.walmart.android.debug:id/cart_summary_icon'
2023-11-01 19:47:40.193 [DEBUG] [thread-id 1] - sleep:  6000 milliseconds
2023-11-01 19:47:46.198 [DEBUG] [thread-id 1] - Executing function: 'us.functions.cart.itemMultiSellerUpdatePopUp'
2023-11-01 19:47:56.205 [DEBUG] [thread-id 1] - Executing function: 'us.functions.cart.storeChangePopUp'
2023-11-01 19:48:16.217 [DEBUG] [thread-id 1] - conditionally execute a flow. condition: false
2023-11-01 19:48:26.262 [DEBUG] [thread-id 1] - conditionally execute a flow. condition: false
2023-11-01 19:48:26.310 [WARN] [thread-id 1] - variable skipValidation was used, but r2 could not find a value for this variable. returning default of null
2023-11-01 19:48:26.310 [DEBUG] [thread-id 1] - conditionally execute a flow. condition: true
2023-11-01 19:48:26.341 [DEBUG] [thread-id 1] - Executing function: 'us.functions.utils.handleTechnicalErrorPageInCart'
2023-11-01 19:48:26.341 [DEBUG] [thread-id 1] - Store in: store the value 'false' in the variable 'cartPageLoaded'
2023-11-01 19:48:26.342 [DEBUG] [thread-id 1] - loop: from 0 to 7
2023-11-01 19:48:26.374 [DEBUG] [thread-id 1] - 0
2023-11-01 19:48:26.450 [DEBUG] [thread-id 1] - conditionally execute a flow. condition: true
2023-11-01 19:48:36.486 [DEBUG] [thread-id 1] - conditionally execute a flow. condition: false
2023-11-01 19:48:56.613 [DEBUG] [thread-id 1] - conditionally execute a flow. condition: false
2023-11-01 19:48:56.651 [DEBUG] [thread-id 1] - conditionally execute a flow. condition: true
2023-11-01 19:48:56.686 [DEBUG] [thread-id 1] - Store in: store the value 'true' in the variable 'cartPageLoaded'
2023-11-01 19:48:56.737 [DEBUG] [thread-id 1] - conditionally execute a flow. condition: false
2023-11-01 19:48:56.772 [DEBUG] [thread-id 1] - conditionally execute a flow. condition: true
2023-11-01 19:48:56.800 [DEBUG] [thread-id 1] - Cart page loaded successfully
2023-11-01 19:48:56.831 [DEBUG] [thread-id 1] - Scroll: up
2023-11-01 19:49:21.122 [DEBUG] [thread-id 1] - Main failed: Is not present: 'com.walmart.android.debug:id/cartText'
2023-11-01 19:49:21.197 [DEBUG] [thread-id 1] - Executing scenario: 'After'
2023-11-01 19:49:21.197 [DEBUG] [thread-id 1] - Executing function: 'us.functions.utils.afterSteps'
2023-11-01 19:49:21.198 [WARN] [thread-id 1] - variable testStatus was used, but r2 could not find a value for this variable. returning default of null
2023-11-01 19:49:21.198 [DEBUG] [thread-id 1] - conditionally execute a flow. condition: false
2023-11-01 19:49:21.234 [DEBUG] [thread-id 1] - Test failed
2023-11-01 19:49:24.044 [DEBUG] [thread-id 1] - Created report: /Users/m0k0a2f/glass-automation/report/index.html
2023-11-01 20:32:16.008 [DEBUG] [thread-id 1] - Executing R2 3.38.1: '/Users/m0k0a2f/glass-automation/./us/test/test-scripts/android/golden-flows/PetRx-flows/C2697048-PetRx-Auto-refill-prescription-from-prescriptionManagementPage.yaml' on device: 'Pixel_5_API_31'
2023-11-01 20:32:29.243 [DEBUG] [thread-id 1] - Executing scenario: 'Before'
2023-11-01 20:32:29.245 [DEBUG] [thread-id 1] - R2_SUBFLOW_PRE_TRANSACTION
2023-11-01 20:32:29.318 [DEBUG] [thread-id 1] - Using us-errors-helpers.yaml
2023-11-01 20:32:29.355 [DEBUG] [thread-id 1] - Start Main
2023-11-01 20:32:29.356 [DEBUG] [thread-id 1] - Timestamp: 1698895949356
2023-11-01 20:32:29.360 [DEBUG] [thread-id 1] - Executing function: 'us.functions.utils.astro.clearCart'
2023-11-01 20:32:29.396 [DEBUG] [thread-id 1] - Call API: 'http://astro.walmart.com/api/v2/teflon/customer/pbtester.harish@gmail.com/clearcart'
2023-11-01 20:32:43.058 [DEBUG] [thread-id 1] - Response code is: '200'. Response body is: '{"astroStatus":"SUCCESS","astroDescription":"CART_CLEARED","astroDetails":{"dbSessionMap":{"CXO_CART_ST":"{\"mtoken\":\"4:23#299434273#2=34074433#8=323198040\"}"},"checkoutable":false,"cart":{"id":"693a7ff9-7bf1-419d-bb40-9b4cfeb87fad","buyer":{"id":"bb283625-0bcc-4498-8f50-1a7214208cc8","type":"CUSTOMER"},"storeIds":[],"itemCount":0,"entityErrors":[],"shipping":{"id":"7748acda-03e5-4a38-ab44-f5fb729c9690","dbLockVersion":0,"postalCode":"95122","city":"San Jose","state":"CA","countryCode":"USA","latitude":37.606689,"longitude":-122.426362,"isPOBox":false,"isAPOFPO":false,"isAddressChangedExplicitly":true},"currencyCode":"USD","preview":false,"tenantId":0,"verticalId":0,"checkoutableErrors":[],"intent":"PICKUP","pickupStore":{"city":"San Jose","stateOrProvinceCode":"CA","countryCode":"USA","postalCode":"95122","storeId":"32144","services":[]},"deliveryStore":{"city":"San Jose","stateOrProvinceCode":"CA","countryCode":"USA","postalCode":"95122","storeId":"32144","services":[]},"mpStores":[],"fulfillmentPlans":[],"accessPoints":[],"reservations":[],"isExplicitIntent":false,"hasGiftEligibleItem":false,"warnings":[],"restrictions":[]},"isOmniPromiseResponse":true,"uniqueInstallationOfferIdHolder":[]}}'
2023-11-01 20:32:43.281 [DEBUG] [thread-id 1] - Cart cleared for pbtester.harish@gmail.com
2023-11-01 20:32:43.288 [DEBUG] [thread-id 1] - Executing function: 'us.functions.global.onboarding.navigateOnboardingToHome'
2023-11-01 20:32:43.289 [DEBUG] [thread-id 1] - Executing function: 'us.function.utils.getEnvironmentValue'
2023-11-01 20:32:43.290 [DEBUG] [thread-id 1] - Store in: store the value 'teflon' in the variable 'env'
2023-11-01 20:32:43.291 [DEBUG] [thread-id 1] - Start Activity: 'com.walmart.android.debug.com.walmart.glass.integration.splash.SplashActivity'
2023-11-01 20:32:56.617 [DEBUG] [thread-id 1] - conditionally execute a flow. condition: false
2023-11-01 20:32:56.670 [DEBUG] [thread-id 1] - Verify identifier: {com.walmart.android.debug:id/onboarding_welcome_title_textview=[true]}
2023-11-01 20:33:06.875 [DEBUG] [thread-id 1] - conditionally execute a flow. condition: false
2023-11-01 20:33:06.947 [DEBUG] [thread-id 1] - Verify identifier: {com.walmart.android.debug:id/onboarding_welcome_title_textview=[true]}
2023-11-01 20:33:07.140 [DEBUG] [thread-id 1] - Click element: 'com.walmart.android.debug:id/onboarding_welcome_secondary_button'
2023-11-01 20:33:18.236 [DEBUG] [thread-id 1] - Verify identifier: {com.walmart.android.debug:id/onboarding_location_title_textview=[true]}
2023-11-01 20:33:18.416 [DEBUG] [thread-id 1] - Click element: 'com.walmart.android.debug:id/onboarding_zip_code_button'
2023-11-01 20:33:19.538 [DEBUG] [thread-id 1] - Verify identifier: {com.walmart.android.debug:id/onboarding_title_textview=[true]}
2023-11-01 20:33:20.091 [DEBUG] [thread-id 1] - Click element: 'com.walmart.android.debug:id/onboarding_zip_code_textinput'
2023-11-01 20:33:21.555 [DEBUG] [thread-id 1] - Enter text: '95122'
2023-11-01 20:33:24.038 [DEBUG] [thread-id 1] - Hide keyboard: 'true'
2023-11-01 20:33:30.721 [DEBUG] [thread-id 1] - Click element: 'com.walmart.android.debug:id/onboarding_zip_code_search_button'
2023-11-01 20:33:31.388 [DEBUG] [thread-id 1] - sleep:  3000 milliseconds
2023-11-01 20:33:34.394 [DEBUG] [thread-id 1] - loop: from 0 to 3
2023-11-01 20:33:35.576 [DEBUG] [thread-id 1] - 0
2023-11-01 20:33:46.032 [DEBUG] [thread-id 1] - conditionally execute a flow. condition: false
2023-11-01 20:33:56.099 [DEBUG] [thread-id 1] - Verify identifier: {com.walmart.android.debug:id/onboarding_title_textview=[true]}
2023-11-01 20:33:56.099 [DEBUG] [thread-id 1] - Executing function: 'us.functions.global.onboarding.popUpScreen'
2023-11-01 20:33:56.099 [DEBUG] [thread-id 1] - sleep:  3000 milliseconds
2023-11-01 20:34:09.108 [DEBUG] [thread-id 1] - sleep:  3000 milliseconds
2023-11-01 20:34:12.117 [DEBUG] [thread-id 1] - Executing function: 'us.functions.global.onboarding.smartLock.DismissNoneOfTheAbove'
2023-11-01 20:34:22.122 [DEBUG] [thread-id 1] - sleep:  3000 milliseconds
2023-11-01 20:34:25.128 [DEBUG] [thread-id 1] - Executing function: 'us.functions.home.personalizedPopUpScreenClose'
2023-11-01 20:34:25.129 [DEBUG] [thread-id 1] - sleep:  5000 milliseconds
2023-11-01 20:34:30.135 [DEBUG] [thread-id 1] - conditionally execute a flow. condition: true
2023-11-01 20:34:30.274 [DEBUG] [thread-id 1] - Click element: 'com.walmart.android.debug:id/marketing_privacy_bottom_sheet_deny_btn'
2023-11-01 20:34:30.934 [DEBUG] [thread-id 1] - sleep:  3000 milliseconds
2023-11-01 20:34:33.938 [DEBUG] [thread-id 1] - Executing function: 'us.functions.utils.tryAgainWhenThereIsError'
2023-11-01 20:34:33.945 [DEBUG] [thread-id 1] - loop: from 0 to 3
2023-11-01 20:34:34.069 [DEBUG] [thread-id 1] - 0
2023-11-01 20:34:44.149 [DEBUG] [thread-id 1] - conditionally execute a flow. condition: false
2023-11-01 20:34:54.240 [DEBUG] [thread-id 1] - Executing function: 'us.functions.gic.collapseIfExpanded'
2023-11-01 20:34:54.307 [DEBUG] [thread-id 1] - conditionally execute a flow. condition: true
2023-11-01 20:34:54.416 [DEBUG] [thread-id 1] - Click element: '//android.widget.ImageView[contains(@content-desc,"expanded")]'
2023-11-01 20:34:56.043 [DEBUG] [thread-id 1] - Verify identifier: {com.walmart.android.debug:id/search_view=[true]}
2023-11-01 20:34:56.044 [DEBUG] [thread-id 1] - Executing function: 'us.functions.home.handleReorderToolTip'
2023-11-01 20:35:06.084 [DEBUG] [thread-id 1] - conditionally execute a flow. condition: false
2023-11-01 20:35:06.136 [DEBUG] [thread-id 1] - no tooltip displayed
2023-11-01 20:35:06.139 [DEBUG] [thread-id 1] - Executing function: 'us.functions.home.navigateHomeToSignIn'
2023-11-01 20:35:06.204 [DEBUG] [thread-id 1] - Click element: 'com.walmart.android.debug:id/navigation_account'
2023-11-01 20:35:06.850 [DEBUG] [thread-id 1] - sleep:  5000 milliseconds
2023-11-01 20:35:11.921 [DEBUG] [thread-id 1] - Verify identifier: {//*[@resource-id="com.walmart.android.debug:id/sign_in_button"]|//*[@resource-id="com.walmart.android.debug:id/account_sign_in_button"]=[true]}
2023-11-01 20:35:11.923 [DEBUG] [thread-id 1] - loop: from 1 to 3
2023-11-01 20:35:11.975 [DEBUG] [thread-id 1] - Executing function: 'us.functions.global.onboarding.smartLock.DismissNoneOfTheAbove'
2023-11-01 20:35:22.077 [DEBUG] [thread-id 1] - conditionally execute a flow. condition: true
2023-11-01 20:35:22.172 [DEBUG] [thread-id 1] - Click element: '//*[@resource-id="com.walmart.android.debug:id/sign_in_button"]|//*[@resource-id="com.walmart.android.debug:id/account_sign_in_button"]'
2023-11-01 20:35:23.022 [DEBUG] [thread-id 1] - sleep:  3000 milliseconds
2023-11-01 20:35:26.625 [DEBUG] [thread-id 1] - conditionally execute a flow. condition: true
2023-11-01 20:35:26.662 [DEBUG] [thread-id 1] - Store in: store the value 'true' in the variable 'signInValidated'
2023-11-01 20:35:26.706 [DEBUG] [thread-id 1] - conditionally execute a flow. condition: true
2023-11-01 20:35:26.728 [DEBUG] [thread-id 1] - SignIn page loaded
2023-11-01 20:35:26.749 [DEBUG] [thread-id 1] - Store in: store the value 'false' in the variable 'signInValidated'
2023-11-01 20:35:26.750 [DEBUG] [thread-id 1] - Executing function: 'us.functions.global.authentication.signInAccount'
2023-11-01 20:35:26.750 [DEBUG] [thread-id 1] - Executing function: 'us.functions.global.onboarding.smartLock.DismissNoneOfTheAbove'
2023-11-01 20:35:36.760 [WARN] [thread-id 1] - variable validateSignInPage was used, but r2 could not find a value for this variable. returning default of null
2023-11-01 20:35:36.806 [DEBUG] [thread-id 1] - Verify identifier: {//android.widget.EditText[@text="Email"]=[true]}
2023-11-01 20:35:36.833 [DEBUG] [thread-id 1] - Enter text: 'pbtester.harish@gmail.com'
2023-11-01 20:35:38.926 [DEBUG] [thread-id 1] - loop: from 1 to 3
2023-11-01 20:35:39.638 [DEBUG] [thread-id 1] - sleep:  3000 milliseconds
2023-11-01 20:35:42.772 [DEBUG] [thread-id 1] - conditionally execute a flow. condition: true
2023-11-01 20:35:42.894 [DEBUG] [thread-id 1] - Click element: 'com.walmart.android.debug:id/auth_button_main'
2023-11-01 20:35:43.685 [DEBUG] [thread-id 1] - sleep:  5000 milliseconds
2023-11-01 20:35:49.286 [DEBUG] [thread-id 1] - conditionally execute a flow. condition: true
2023-11-01 20:35:49.332 [DEBUG] [thread-id 1] - Store in: store the value 'true' in the variable 'signInValidated'
2023-11-01 20:35:49.370 [DEBUG] [thread-id 1] - conditionally execute a flow. condition: true
2023-11-01 20:35:49.398 [DEBUG] [thread-id 1] - Store in: store the value 'false' in the variable 'signInValidated'
2023-11-01 20:35:49.421 [DEBUG] [thread-id 1] - Email entered
2023-11-01 20:36:09.453 [WARN] [thread-id 1] - variable validateSignInPage was used, but r2 could not find a value for this variable. returning default of null
2023-11-01 20:36:09.461 [DEBUG] [thread-id 1] - loop: from 1 to 3
2023-11-01 20:36:09.492 [DEBUG] [thread-id 1] - sleep:  2000 milliseconds
2023-11-01 20:36:11.566 [DEBUG] [thread-id 1] - conditionally execute a flow. condition: true
2023-11-01 20:36:11.662 [DEBUG] [thread-id 1] - Enter text: 'Password@1234'
2023-11-01 20:36:14.518 [DEBUG] [thread-id 1] - Press go back key: 'true'
2023-11-01 20:36:15.755 [DEBUG] [thread-id 1] - sleep:  1000 milliseconds
2023-11-01 20:36:16.832 [DEBUG] [thread-id 1] - Click element: 'com.walmart.android.debug:id/auth_button_main'
2023-11-01 20:36:17.538 [DEBUG] [thread-id 1] - sleep:  5000 milliseconds
2023-11-01 20:36:24.179 [DEBUG] [thread-id 1] - conditionally execute a flow. condition: true
2023-11-01 20:36:24.237 [DEBUG] [thread-id 1] - Store in: store the value 'true' in the variable 'signInValidated'
2023-11-01 20:36:24.515 [DEBUG] [thread-id 1] - Executing function: 'us.functions.global.authentication.handleSomethingWentWrongError'
2023-11-01 20:36:24.517 [DEBUG] [thread-id 1] - sleep:  5000 milliseconds
2023-11-01 20:36:29.524 [DEBUG] [thread-id 1] - loop: from 0 to 3
2023-11-01 20:36:29.633 [DEBUG] [thread-id 1] - 0
2023-11-01 20:36:39.696 [DEBUG] [thread-id 1] - conditionally execute a flow. condition: false
2023-11-01 20:36:39.757 [DEBUG] [thread-id 1] - conditionally execute a flow. condition: true
2023-11-01 20:36:39.810 [DEBUG] [thread-id 1] - Account signed in
2023-11-01 20:36:49.873 [DEBUG] [thread-id 1] - Executing function: 'us.functions.utils.handleCartMergePopup'
2023-11-01 20:36:49.874 [DEBUG] [thread-id 1] - sleep:  7000 milliseconds
2023-11-01 20:36:56.878 [DEBUG] [thread-id 1] - loop: from 0 to 4
2023-11-01 20:36:56.974 [DEBUG] [thread-id 1] - 0
2023-11-01 20:37:07.076 [DEBUG] [thread-id 1] - conditionally execute a flow. condition: false
2023-11-01 20:37:07.125 [DEBUG] [thread-id 1] - No cart merge popup observed
2023-11-01 20:37:07.174 [DEBUG] [thread-id 1] - Executing function: 'us.functions.global.navigation.toTab'
2023-11-01 20:37:07.179 [DEBUG] [thread-id 1] - Executing function: 'us.functions.utils.scrollIfNotVisible'
2023-11-01 20:37:07.180 [WARN] [thread-id 1] - variable scrollLimit was used, but r2 could not find a value for this variable. returning default of null
2023-11-01 20:37:07.184 [DEBUG] [thread-id 1] - conditionally execute a flow. condition: true
2023-11-01 20:37:07.235 [DEBUG] [thread-id 1] - Store in: store the value '5' in the variable 'scrollLimit'
2023-11-01 20:37:07.236 [DEBUG] [thread-id 1] - Scroll limit set to - 5
2023-11-01 20:37:07.274 [DEBUG] [thread-id 1] - conditionally execute a flow. condition: true
2023-11-01 20:37:07.315 [DEBUG] [thread-id 1] - Required identifier already displayed
2023-11-01 20:37:07.315 [DEBUG] [thread-id 1] - Resetting scrollPosition variable to default
2023-11-01 20:37:07.316 [DEBUG] [thread-id 1] - Store in: store the value 'null' in the variable 'scrollPosition'
2023-11-01 20:37:07.316 [DEBUG] [thread-id 1] - Store in: store the value 'null' in the variable 'identifierScope'
2023-11-01 20:37:07.317 [DEBUG] [thread-id 1] - Store in: store the value 'null' in the variable 'scrollLimit'
2023-11-01 20:37:07.348 [DEBUG] [thread-id 1] - Click element: '//android.widget.FrameLayout[contains(@content-desc, "Account")]'
2023-11-01 20:37:08.018 [DEBUG] [thread-id 1] - Executing function: 'us.functions.global.navigation.toSubTab'
2023-11-01 20:37:08.021 [DEBUG] [thread-id 1] - Executing function: 'us.functions.utils.scrollIfNotVisible'
2023-11-01 20:37:08.024 [DEBUG] [thread-id 1] - conditionally execute a flow. condition: true
2023-11-01 20:37:09.109 [DEBUG] [thread-id 1] - Store in: store the value '5' in the variable 'scrollLimit'
2023-11-01 20:37:09.110 [DEBUG] [thread-id 1] - Scroll limit set to - 5
2023-11-01 20:37:19.148 [DEBUG] [thread-id 1] - conditionally execute a flow. condition: false
2023-11-01 20:37:19.194 [DEBUG] [thread-id 1] - conditionally execute a flow. condition: true
2023-11-01 20:37:19.257 [DEBUG] [thread-id 1] - conditionally execute a flow. condition: true
2023-11-01 20:37:19.316 [DEBUG] [thread-id 1] - Scroll: down
2023-11-01 20:37:28.629 [DEBUG] [thread-id 1] - Resetting scrollPosition variable to default
2023-11-01 20:37:28.630 [DEBUG] [thread-id 1] - Store in: store the value 'null' in the variable 'scrollPosition'
2023-11-01 20:37:28.630 [DEBUG] [thread-id 1] - Store in: store the value 'null' in the variable 'identifierScope'
2023-11-01 20:37:28.630 [DEBUG] [thread-id 1] - Store in: store the value 'null' in the variable 'scrollLimit'
2023-11-01 20:37:28.663 [DEBUG] [thread-id 1] - Click element: '//android.widget.TextView[@text="Pets"]'
2023-11-01 20:37:29.284 [DEBUG] [thread-id 1] - sleep:  5000 milliseconds
2023-11-01 20:37:34.288 [DEBUG] [thread-id 1] - Executing function: 'us.functions.global.navigation.toSubTab'
2023-11-01 20:37:34.289 [DEBUG] [thread-id 1] - conditionally execute a flow. condition: true
2023-11-01 20:37:34.372 [DEBUG] [thread-id 1] - Store in: store the value '5' in the variable 'scrollLimit'
2023-11-01 20:37:34.373 [DEBUG] [thread-id 1] - Scroll limit set to - 5
2023-11-01 20:37:44.408 [DEBUG] [thread-id 1] - conditionally execute a flow. condition: false
2023-11-01 20:37:44.482 [DEBUG] [thread-id 1] - conditionally execute a flow. condition: true
2023-11-01 20:37:44.521 [DEBUG] [thread-id 1] - conditionally execute a flow. condition: true
2023-11-01 20:37:44.564 [DEBUG] [thread-id 1] - Scroll: down
2023-11-01 20:37:48.110 [DEBUG] [thread-id 1] - Resetting scrollPosition variable to default
2023-11-01 20:37:48.111 [DEBUG] [thread-id 1] - Store in: store the value 'null' in the variable 'scrollPosition'
2023-11-01 20:37:48.111 [DEBUG] [thread-id 1] - Store in: store the value 'null' in the variable 'identifierScope'
2023-11-01 20:37:48.111 [DEBUG] [thread-id 1] - Store in: store the value 'null' in the variable 'scrollLimit'
2023-11-01 20:37:48.142 [DEBUG] [thread-id 1] - Click element: '//android.widget.TextView[@text="Prescriptions"]'
2023-11-01 20:37:48.737 [DEBUG] [thread-id 1] - Executing function: 'us.functions.petRxAutoRefill'
2023-11-01 20:37:52.777 [DEBUG] [thread-id 1] - Verify identifier: {//android.widget.TextView[@text="Manage Prescriptions"]=[true]}
2023-11-01 20:37:52.777 [DEBUG] [thread-id 1] - sleep:  10000 milliseconds
2023-11-01 20:38:02.858 [DEBUG] [thread-id 1] - conditionally execute a flow. condition: true
2023-11-01 20:38:02.918 [DEBUG] [thread-id 1] - Refill now button is not visible and scrolling down!!!
2023-11-01 20:38:02.975 [DEBUG] [thread-id 1] - Scroll: down
2023-11-01 20:38:15.129 [DEBUG] [thread-id 1] - Verify identifier: {com.walmart.android.debug:id/product_name=[true], //android.widget.TextView[@text="Time to refill"]=[true]}
2023-11-01 20:38:15.130 [DEBUG] [thread-id 1] - Executing function: 'us.functions.utils.scrollIfNotVisible'
2023-11-01 20:38:15.130 [DEBUG] [thread-id 1] - conditionally execute a flow. condition: true
2023-11-01 20:38:15.172 [DEBUG] [thread-id 1] - Store in: store the value '5' in the variable 'scrollLimit'
2023-11-01 20:38:15.173 [DEBUG] [thread-id 1] - Scroll limit set to - 5
2023-11-01 20:38:15.208 [DEBUG] [thread-id 1] - conditionally execute a flow. condition: true
2023-11-01 20:38:15.247 [DEBUG] [thread-id 1] - Required identifier already displayed
2023-11-01 20:38:15.248 [DEBUG] [thread-id 1] - Resetting scrollPosition variable to default
2023-11-01 20:38:15.248 [DEBUG] [thread-id 1] - Store in: store the value 'null' in the variable 'scrollPosition'
2023-11-01 20:38:15.248 [DEBUG] [thread-id 1] - Store in: store the value 'null' in the variable 'identifierScope'
2023-11-01 20:38:15.248 [DEBUG] [thread-id 1] - Store in: store the value 'null' in the variable 'scrollLimit'
2023-11-01 20:38:15.279 [DEBUG] [thread-id 1] - Verify identifier: {//android.widget.Button[@text="Refill now"]=[true]}
2023-11-01 20:38:36.172 [DEBUG] [thread-id 1] - Main failed: Cannot click '//android.widget.TextView[@text="Subscribe to auto-delivery"]'
2023-11-01 20:38:36.247 [DEBUG] [thread-id 1] - Executing scenario: 'After'
2023-11-01 20:38:36.248 [DEBUG] [thread-id 1] - Executing function: 'us.functions.utils.afterSteps'
2023-11-01 20:38:36.248 [WARN] [thread-id 1] - variable testStatus was used, but r2 could not find a value for this variable. returning default of null
2023-11-01 20:38:36.248 [DEBUG] [thread-id 1] - conditionally execute a flow. condition: false
2023-11-01 20:38:36.305 [DEBUG] [thread-id 1] - Test failed
2023-11-01 20:38:38.997 [DEBUG] [thread-id 1] - Created report: /Users/m0k0a2f/glass-automation/report/index.html
