2022-11-13 22:16:05.581 [WARN] [thread-id 1] - no flow for function 'ca.test.functions.home.navigateHomeToSignInIos'. this function will not be available to call.
2022-11-13 22:16:33.311 [DEBUG] [thread-id 1] - Executing R2 3.29.0: '/Users/m0k0a2f/glass-automation/./us/test/test-scripts/ios/golden-flows/multifulfillment-flows/flow007-glass-multi-fulfillment-fc-ud+sc-scheduled-pickup-3p-proseller-Post-Txn.yaml' on device: 'iPhone 13'
2022-11-13 22:17:20.047 [DEBUG] [thread-id 1] - Executing scenario: 'Before'
2022-11-13 22:17:20.053 [DEBUG] [thread-id 1] - R2_SUBFLOW_POST_TRANSACTION
2022-11-13 22:17:20.056 [DEBUG] [thread-id 1] - Executing function: 'us.functions.utils.getSearchableItem'
2022-11-13 22:17:20.057 [DEBUG] [thread-id 1] - Store in: store the value 'null' in the variable 'itemFetched'
2022-11-13 22:17:20.057 [DEBUG] [thread-id 1] - Store in: store the value 'null' in the variable 'deeplinkURL'
2022-11-13 22:17:20.112 [DEBUG] [thread-id 1] - conditionally execute a flow. condition: false
2022-11-13 22:17:20.182 [DEBUG] [thread-id 1] - Item fetched by Astro API
2022-11-13 22:17:20.256 [DEBUG] [thread-id 1] - Executing function: 'us.functions.utils.fetchAstroAvailableItem'
2022-11-13 22:17:20.263 [DEBUG] [thread-id 1] - Fetching Item available in stock using Astro API for Item type FC_DELIVERY
2022-11-13 22:17:20.265 [WARN] [thread-id 1] - variable storeId was used, but r2 could not find a value for this variable. returning default of null
2022-11-13 22:17:20.278 [DEBUG] [thread-id 1] - conditionally execute a flow. condition: true
2022-11-13 22:17:20.341 [DEBUG] [thread-id 1] - Store in: store the value '32144' in the variable 'storeId'
2022-11-13 22:17:20.349 [WARN] [thread-id 1] - variable itemStatusHeader was used, but r2 could not find a value for this variable. returning default of null
2022-11-13 22:17:20.355 [DEBUG] [thread-id 1] - conditionally execute a flow. condition: true
2022-11-13 22:17:20.417 [DEBUG] [thread-id 1] - Store in: store the value 'SUCCESS' in the variable 'itemStatusHeader'
2022-11-13 22:17:20.425 [DEBUG] [thread-id 1] - Store in: store the value 'null' in the variable 'itemDetails'
2022-11-13 22:17:20.490 [DEBUG] [thread-id 1] - Call API: 'http://astro.walmart.com/api/v3/teflon/internal/getItemHealth/32144/FC_DELIVERY'
2022-11-13 22:17:25.560 [ERROR] [thread-id 1] - java.net.UnknownHostException: astro.walmart.com: nodename nor servname provided, or not known
2022-11-13 22:17:25.561 [INFO] [thread-id 1] - Empty response from callAPI using http://astro.walmart.com/api/v3/teflon/internal/getItemHealth/32144/FC_DELIVERY retrying...
2022-11-13 22:17:27.572 [INFO] [thread-id 1] - Call API: 'http://astro.walmart.com/api/v3/teflon/internal/getItemHealth/32144/FC_DELIVERY'
2022-11-13 22:17:32.580 [ERROR] [thread-id 1] - java.net.UnknownHostException: astro.walmart.com
2022-11-13 22:17:32.581 [INFO] [thread-id 1] - Empty response from callAPI using http://astro.walmart.com/api/v3/teflon/internal/getItemHealth/32144/FC_DELIVERY retrying...
2022-11-13 22:17:34.590 [INFO] [thread-id 1] - Call API: 'http://astro.walmart.com/api/v3/teflon/internal/getItemHealth/32144/FC_DELIVERY'
2022-11-13 22:17:39.599 [ERROR] [thread-id 1] - java.net.UnknownHostException: astro.walmart.com: nodename nor servname provided, or not known
2022-11-13 22:17:39.600 [INFO] [thread-id 1] - Empty response from callAPI using http://astro.walmart.com/api/v3/teflon/internal/getItemHealth/32144/FC_DELIVERY retrying...
2022-11-13 22:17:41.601 [INFO] [thread-id 1] - Call API: 'http://astro.walmart.com/api/v3/teflon/internal/getItemHealth/32144/FC_DELIVERY'
2022-11-13 22:17:46.612 [ERROR] [thread-id 1] - java.net.UnknownHostException: astro.walmart.com
2022-11-13 22:17:46.612 [INFO] [thread-id 1] - Empty response from callAPI using http://astro.walmart.com/api/v3/teflon/internal/getItemHealth/32144/FC_DELIVERY retrying...
2022-11-13 22:17:48.618 [INFO] [thread-id 1] - Call API: 'http://astro.walmart.com/api/v3/teflon/internal/getItemHealth/32144/FC_DELIVERY'
2022-11-13 22:17:53.633 [ERROR] [thread-id 1] - java.net.UnknownHostException: astro.walmart.com: nodename nor servname provided, or not known
2022-11-13 22:17:53.634 [INFO] [thread-id 1] - Empty response from callAPI using http://astro.walmart.com/api/v3/teflon/internal/getItemHealth/32144/FC_DELIVERY retrying...
2022-11-13 22:17:55.638 [INFO] [thread-id 1] - Call API: 'http://astro.walmart.com/api/v3/teflon/internal/getItemHealth/32144/FC_DELIVERY'
2022-11-13 22:18:00.647 [ERROR] [thread-id 1] - java.net.UnknownHostException: astro.walmart.com
2022-11-13 22:18:00.776 [DEBUG] [thread-id 1] - Store in: store the value 'unavailable' in the variable 'itemDetails'
2022-11-13 22:18:00.793 [WARN] [thread-id 1] - variable fetchItemStatus was used, but r2 could not find a value for this variable. returning default of null
2022-11-13 22:18:00.806 [DEBUG] [thread-id 1] - Store in: store the value 'null' in the variable 'storeId'
2022-11-13 22:18:00.806 [DEBUG] [thread-id 1] - Store in: store the value 'null' in the variable 'itemStatusHeader'
2022-11-13 22:18:00.806 [DEBUG] [thread-id 1] - Store in: store the value 'false' in the variable 'healthCheck'
2022-11-13 22:18:00.830 [DEBUG] [thread-id 1] - conditionally execute a flow. condition: true
2022-11-13 22:18:00.895 [DEBUG] [thread-id 1] - conditionally execute a flow. condition: false
2022-11-13 22:18:00.965 [DEBUG] [thread-id 1] - Store in: store the value '553478431' in the variable 'itemFetched'
2022-11-13 22:18:00.981 [DEBUG] [thread-id 1] - Store in: store the value 'null' in the variable 'backupItem'
2022-11-13 22:18:00.982 [DEBUG] [thread-id 1] - Store in: store the value 'null' in the variable 'source'
2022-11-13 22:18:00.983 [DEBUG] [thread-id 1] - Store in: store the value 'walmart://item/553478431' in the variable 'deeplinkURl'
2022-11-13 22:18:00.985 [DEBUG] [thread-id 1] - Item:553478431
2022-11-13 22:18:00.986 [DEBUG] [thread-id 1] - deeplinkURL:walmart://item/553478431
2022-11-13 22:18:00.987 [DEBUG] [thread-id 1] - Store in: store the value '553478431' in the variable 'item1'
2022-11-13 22:18:00.988 [DEBUG] [thread-id 1] - Executing function: 'us.functions.utils.getSearchableItem'
2022-11-13 22:18:00.988 [DEBUG] [thread-id 1] - Store in: store the value 'null' in the variable 'itemFetched'
2022-11-13 22:18:00.988 [DEBUG] [thread-id 1] - Store in: store the value 'null' in the variable 'deeplinkURL'
2022-11-13 22:18:00.988 [DEBUG] [thread-id 1] - conditionally execute a flow. condition: false
2022-11-13 22:18:01.053 [DEBUG] [thread-id 1] - Item fetched by Astro API
2022-11-13 22:18:01.130 [DEBUG] [thread-id 1] - Fetching Item available in stock using Astro API for Item type STORE_SCHEDULED_PICKUP
2022-11-13 22:18:01.132 [DEBUG] [thread-id 1] - conditionally execute a flow. condition: true
2022-11-13 22:18:01.203 [DEBUG] [thread-id 1] - Store in: store the value '32144' in the variable 'storeId'
2022-11-13 22:18:01.213 [DEBUG] [thread-id 1] - conditionally execute a flow. condition: true
2022-11-13 22:18:01.280 [DEBUG] [thread-id 1] - Store in: store the value 'SUCCESS' in the variable 'itemStatusHeader'
2022-11-13 22:18:01.287 [DEBUG] [thread-id 1] - Store in: store the value 'null' in the variable 'itemDetails'
2022-11-13 22:18:01.352 [DEBUG] [thread-id 1] - Call API: 'http://astro.walmart.com/api/v3/teflon/internal/getItemHealth/32144/STORE_SCHEDULED_PICKUP'
2022-11-13 22:18:06.404 [ERROR] [thread-id 1] - java.net.UnknownHostException: astro.walmart.com: nodename nor servname provided, or not known
2022-11-13 22:18:06.497 [DEBUG] [thread-id 1] - Call API: 'http://astro.walmart.com/api/v3/teflon/internal/getItemHealth/32144/STORE_SCHEDULED_PICKUP'
2022-11-13 22:18:11.512 [ERROR] [thread-id 1] - java.net.UnknownHostException: astro.walmart.com
2022-11-13 22:18:11.598 [DEBUG] [thread-id 1] - Call API: 'http://astro.walmart.com/api/v3/teflon/internal/getItemHealth/32144/STORE_SCHEDULED_PICKUP'
2022-11-13 22:18:16.607 [ERROR] [thread-id 1] - java.net.UnknownHostException: astro.walmart.com: nodename nor servname provided, or not known
2022-11-13 22:18:16.693 [DEBUG] [thread-id 1] - Call API: 'http://astro.walmart.com/api/v3/teflon/internal/getItemHealth/32144/STORE_SCHEDULED_PICKUP'
2022-11-13 22:18:21.712 [ERROR] [thread-id 1] - java.net.UnknownHostException: astro.walmart.com
2022-11-13 22:18:21.791 [DEBUG] [thread-id 1] - Store in: store the value 'unavailable' in the variable 'itemDetails'
2022-11-13 22:18:21.800 [WARN] [thread-id 1] - variable fetchItemStatus was used, but r2 could not find a value for this variable. returning default of null
2022-11-13 22:18:21.800 [DEBUG] [thread-id 1] - Store in: store the value 'null' in the variable 'storeId'
2022-11-13 22:18:21.801 [DEBUG] [thread-id 1] - Store in: store the value 'null' in the variable 'itemStatusHeader'
2022-11-13 22:18:21.801 [DEBUG] [thread-id 1] - Store in: store the value 'false' in the variable 'healthCheck'
2022-11-13 22:18:21.811 [DEBUG] [thread-id 1] - conditionally execute a flow. condition: true
2022-11-13 22:18:21.879 [DEBUG] [thread-id 1] - conditionally execute a flow. condition: false
2022-11-13 22:18:21.946 [DEBUG] [thread-id 1] - Store in: store the value '196319477' in the variable 'itemFetched'
2022-11-13 22:18:21.964 [DEBUG] [thread-id 1] - Store in: store the value 'null' in the variable 'backupItem'
2022-11-13 22:18:21.964 [DEBUG] [thread-id 1] - Store in: store the value 'null' in the variable 'source'
2022-11-13 22:18:21.965 [DEBUG] [thread-id 1] - Store in: store the value 'walmart://item/196319477' in the variable 'deeplinkURl'
2022-11-13 22:18:21.965 [DEBUG] [thread-id 1] - Item:196319477
2022-11-13 22:18:21.965 [DEBUG] [thread-id 1] - deeplinkURL:walmart://item/196319477
2022-11-13 22:18:21.966 [DEBUG] [thread-id 1] - Store in: store the value '196319477' in the variable 'item2'
2022-11-13 22:18:21.968 [DEBUG] [thread-id 1] - Executing function: 'us.functions.utils.fetchFromDataList'
2022-11-13 22:18:21.970 [DEBUG] [thread-id 1] - conditionally execute a flow. condition: true
2022-11-13 22:18:22.045 [DEBUG] [thread-id 1] - Store in: store the value '32144' in the variable 'storeId'
2022-11-13 22:18:22.052 [DEBUG] [thread-id 1] - conditionally execute a flow. condition: true
2022-11-13 22:18:22.118 [DEBUG] [thread-id 1] - Store in: store the value 'MP_DELIVERY' in the variable 'itemGroup'
2022-11-13 22:18:22.133 [DEBUG] [thread-id 1] - loop: over '["113749870", "199364656", "963310356", "633626820"]'
2022-11-13 22:18:22.204 [DEBUG] [thread-id 1] - Executing function: 'us.functions.utils.checkItemTransactabality'
2022-11-13 22:18:22.205 [DEBUG] [thread-id 1] - Store in: store the value 'false' in the variable 'itemEligible'
2022-11-13 22:18:22.206 [DEBUG] [thread-id 1] - Call API: 'http://astro.walmart.com/api/v2/teflon/item/transactability'
2022-11-13 22:18:32.226 [ERROR] [thread-id 1] - java.net.UnknownHostException: astro.walmart.com: nodename nor servname provided, or not known
2022-11-13 22:18:32.228 [INFO] [thread-id 1] - Empty response from callAPI using http://astro.walmart.com/api/v2/teflon/item/transactability retrying...
2022-11-13 22:18:34.233 [INFO] [thread-id 1] - Call API: 'http://astro.walmart.com/api/v2/teflon/item/transactability'
2022-11-13 22:18:44.243 [ERROR] [thread-id 1] - java.net.UnknownHostException: astro.walmart.com: nodename nor servname provided, or not known
2022-11-13 22:18:44.244 [INFO] [thread-id 1] - Empty response from callAPI using http://astro.walmart.com/api/v2/teflon/item/transactability retrying...
2022-11-13 22:18:46.249 [INFO] [thread-id 1] - Call API: 'http://astro.walmart.com/api/v2/teflon/item/transactability'
2022-11-13 22:19:07.971 [WARN] [thread-id 1] - no flow for function 'ca.test.functions.home.navigateHomeToSignInIos'. this function will not be available to call.
2022-11-13 22:19:36.089 [DEBUG] [thread-id 1] - Executing R2 3.29.0: '/Users/m0k0a2f/glass-automation/./us/test/test-scripts/ios/golden-flows/multifulfillment-flows/flow007-glass-multi-fulfillment-fc-ud+sc-scheduled-pickup-3p-proseller-Post-Txn.yaml' on device: 'iPhone 13'
2022-11-13 22:20:11.342 [DEBUG] [thread-id 1] - Executing scenario: 'Before'
2022-11-13 22:20:11.349 [DEBUG] [thread-id 1] - R2_SUBFLOW_POST_TRANSACTION
2022-11-13 22:20:11.352 [DEBUG] [thread-id 1] - Executing function: 'us.functions.utils.getSearchableItem'
2022-11-13 22:20:11.354 [DEBUG] [thread-id 1] - Store in: store the value 'null' in the variable 'itemFetched'
2022-11-13 22:20:11.355 [DEBUG] [thread-id 1] - Store in: store the value 'null' in the variable 'deeplinkURL'
2022-11-13 22:20:11.407 [DEBUG] [thread-id 1] - conditionally execute a flow. condition: false
2022-11-13 22:20:11.505 [DEBUG] [thread-id 1] - Item fetched by Astro API
2022-11-13 22:20:11.580 [DEBUG] [thread-id 1] - Executing function: 'us.functions.utils.fetchAstroAvailableItem'
2022-11-13 22:20:11.592 [DEBUG] [thread-id 1] - Fetching Item available in stock using Astro API for Item type FC_DELIVERY
2022-11-13 22:20:11.599 [WARN] [thread-id 1] - variable storeId was used, but r2 could not find a value for this variable. returning default of null
2022-11-13 22:20:11.609 [DEBUG] [thread-id 1] - conditionally execute a flow. condition: true
2022-11-13 22:20:11.687 [DEBUG] [thread-id 1] - Store in: store the value '32144' in the variable 'storeId'
2022-11-13 22:20:11.706 [WARN] [thread-id 1] - variable itemStatusHeader was used, but r2 could not find a value for this variable. returning default of null
2022-11-13 22:20:11.719 [DEBUG] [thread-id 1] - conditionally execute a flow. condition: true
2022-11-13 22:20:11.784 [DEBUG] [thread-id 1] - Store in: store the value 'SUCCESS' in the variable 'itemStatusHeader'
2022-11-13 22:20:11.796 [DEBUG] [thread-id 1] - Store in: store the value 'null' in the variable 'itemDetails'
2022-11-13 22:20:11.875 [DEBUG] [thread-id 1] - Call API: 'http://astro.walmart.com/api/v3/teflon/internal/getItemHealth/32144/FC_DELIVERY'
2022-11-13 22:20:17.249 [DEBUG] [thread-id 1] - Response code is: '200'. Response body is: '{"astroStatus":"SUCCESS","astroDescription":"Item Health details found in itemHealth Collection","astroDetails":[{"itemId":"945213102","astroStatus":"SUCCESS","astroDescription":"FC_DELIVERY ORDER CREATED","orderType":"FC_DELIVERY","storeId":"32144","orderNumber":100000079281021,"_id":"619e898cf7efa49aed2a41e0","createdAt":"2021-11-24T18:50:52.843Z","updatedAt":"2022-11-14T06:01:05.542Z","__v":0},{"itemId":"816076989","astroStatus":"SUCCESS","astroDescription":"FC_DELIVERY ORDER CREATED","orderType":"FC_DELIVERY","storeId":"32144","orderNumber":100000079281126,"_id":"619e8f69ff2f80e76d91009e","createdAt":"2021-11-24T19:15:53.083Z","updatedAt":"2022-11-14T06:04:33.575Z","__v":0},{"itemId":"419971512","astroStatus":"SUCCESS","astroDescription":"FC_DELIVERY ORDER CREATED","orderType":"FC_DELIVERY","storeId":"32144","orderNumber":100000079281224,"_id":"619e8f81ff2f80e76d9100a2","createdAt":"2021-11-24T19:16:17.468Z","updatedAt":"2022-11-14T06:19:28.134Z","__v":0}]}'
2022-11-13 22:20:17.359 [DEBUG] [thread-id 1] - conditionally execute a flow. condition: false
2022-11-13 22:20:17.423 [DEBUG] [thread-id 1] - SUCCESSFUL item fetched from astro API.
2022-11-13 22:20:17.521 [DEBUG] [thread-id 1] - loop: over '[{"itemId":"945213102","astroStatus":"SUCCESS","astroDescription":"FC_DELIVERY ORDER CREATED","orderType":"FC_DELIVERY","storeId":"32144","orderNumber":100000079281021,"_id":"619e898cf7efa49aed2a41e0","createdAt":"2021-11-24T18:50:52.843Z","updatedAt":"2022-11-14T06:01:05.542Z","__v":0},{"itemId":"816076989","astroStatus":"SUCCESS","astroDescription":"FC_DELIVERY ORDER CREATED","orderType":"FC_DELIVERY","storeId":"32144","orderNumber":100000079281126,"_id":"619e8f69ff2f80e76d91009e","createdAt":"2021-11-24T19:15:53.083Z","updatedAt":"2022-11-14T06:04:33.575Z","__v":0},{"itemId":"419971512","astroStatus":"SUCCESS","astroDescription":"FC_DELIVERY ORDER CREATED","orderType":"FC_DELIVERY","storeId":"32144","orderNumber":100000079281224,"_id":"619e8f81ff2f80e76d9100a2","createdAt":"2021-11-24T19:16:17.468Z","updatedAt":"2022-11-14T06:19:28.134Z","__v":0}]'
2022-11-13 22:20:17.590 [DEBUG] [thread-id 1] - Store in: store the value 'null' in the variable 'itemDetails'
2022-11-13 22:20:17.666 [DEBUG] [thread-id 1] - {"itemId":"945213102","astroStatus":"SUCCESS","astroDescription":"FC_DELIVERY ORDER CREATED","orderType":"FC_DELIVERY","storeId":"32144","orderNumber":100000079281021,"_id":"619e898cf7efa49aed2a41e0","createdAt":"2021-11-24T18:50:52.843Z","updatedAt":"2022-11-14T06:01:05.542Z","__v":0}
2022-11-13 22:20:17.747 [DEBUG] [thread-id 1] - Store in: store the value '945213102' in the variable 'itemFetched'
2022-11-13 22:20:17.821 [DEBUG] [thread-id 1] - Store in: store the value 'SUCCESS' in the variable 'itemStatus'
2022-11-13 22:20:17.894 [WARN] [thread-id 1] - variable healthCheck was used, but r2 could not find a value for this variable. returning default of null
2022-11-13 22:20:17.972 [DEBUG] [thread-id 1] - conditionally execute a flow. condition: true
2022-11-13 22:20:18.048 [WARN] [thread-id 1] - variable skipForNext was used, but r2 could not find a value for this variable. returning default of null
2022-11-13 22:20:18.124 [WARN] [thread-id 1] - variable excludeFetchedItem was used, but r2 could not find a value for this variable. returning default of null
2022-11-13 22:20:18.125 [DEBUG] [thread-id 1] - conditionally execute a flow. condition: false
2022-11-13 22:20:18.194 [DEBUG] [thread-id 1] - Executing function: 'us.functions.utils.itemHealthCheck'
2022-11-13 22:20:18.198 [DEBUG] [thread-id 1] - Checking item eligibility before proceeding
2022-11-13 22:20:18.202 [DEBUG] [thread-id 1] - Store in: store the value 'false' in the variable 'itemEligiblity'
2022-11-13 22:20:18.205 [DEBUG] [thread-id 1] - Store in: store the value 'false' in the variable 'ignoreItem'
2022-11-13 22:20:18.209 [DEBUG] [thread-id 1] - loop: over '["158353031","669597065","446886409", "803629599"]'
2022-11-13 22:20:18.548 [DEBUG] [thread-id 1] - conditionally execute a flow. condition: false
2022-11-13 22:20:18.633 [DEBUG] [thread-id 1] - conditionally execute a flow. condition: true
2022-11-13 22:20:18.784 [DEBUG] [thread-id 1] - Call API: 'http://astro.walmart.com/api/v2/teflon/itemHealthCheck?shippingNode=32144&orderType=FC_DELIVERY&itemId=945213102'
2022-11-13 22:20:27.541 [DEBUG] [thread-id 1] - Response code is: '200'. Response body is: '{"status":"OK","offerId":"175B8F0529284A0282DCAB4654AEC444","eligibility":{"orderType":"FC_DELIVERY","shipNode":"32144","preferredDeliveryRoute":{"nodeType":"FC","shipNode":"8300","carrierType":"GROUND"},"isEligible":true}}'
2022-11-13 22:20:27.649 [DEBUG] [thread-id 1] - conditionally execute a flow. condition: true
2022-11-13 22:20:27.800 [DEBUG] [thread-id 1] - Stock available Item Id 945213102 for type FC_DELIVERY
2022-11-13 22:20:27.875 [DEBUG] [thread-id 1] - Store in: store the value 'false' in the variable 'skipForNext'
2022-11-13 22:20:27.949 [DEBUG] [thread-id 1] - Store in: store the value 'false' in the variable 'excludeFetchedItem'
2022-11-13 22:20:27.958 [DEBUG] [thread-id 1] - Store in: store the value 'null' in the variable 'storeId'
2022-11-13 22:20:27.959 [DEBUG] [thread-id 1] - Store in: store the value 'null' in the variable 'itemStatusHeader'
2022-11-13 22:20:27.960 [DEBUG] [thread-id 1] - Store in: store the value 'false' in the variable 'healthCheck'
2022-11-13 22:20:27.972 [DEBUG] [thread-id 1] - Store in: store the value 'null' in the variable 'backupItem'
2022-11-13 22:20:27.974 [DEBUG] [thread-id 1] - Store in: store the value 'null' in the variable 'source'
2022-11-13 22:20:27.975 [DEBUG] [thread-id 1] - Store in: store the value 'walmart://item/945213102' in the variable 'deeplinkURl'
2022-11-13 22:20:27.976 [DEBUG] [thread-id 1] - Item:945213102
2022-11-13 22:20:27.977 [DEBUG] [thread-id 1] - deeplinkURL:walmart://item/945213102
2022-11-13 22:20:27.981 [DEBUG] [thread-id 1] - Store in: store the value '945213102' in the variable 'item1'
2022-11-13 22:20:27.982 [DEBUG] [thread-id 1] - Executing function: 'us.functions.utils.getSearchableItem'
2022-11-13 22:20:27.983 [DEBUG] [thread-id 1] - Store in: store the value 'null' in the variable 'itemFetched'
2022-11-13 22:20:27.983 [DEBUG] [thread-id 1] - Store in: store the value 'null' in the variable 'deeplinkURL'
2022-11-13 22:20:27.983 [DEBUG] [thread-id 1] - conditionally execute a flow. condition: false
2022-11-13 22:20:28.052 [DEBUG] [thread-id 1] - Item fetched by Astro API
2022-11-13 22:20:28.153 [DEBUG] [thread-id 1] - Fetching Item available in stock using Astro API for Item type STORE_SCHEDULED_PICKUP
2022-11-13 22:20:28.158 [DEBUG] [thread-id 1] - conditionally execute a flow. condition: true
2022-11-13 22:20:28.227 [DEBUG] [thread-id 1] - Store in: store the value '32144' in the variable 'storeId'
2022-11-13 22:20:28.236 [DEBUG] [thread-id 1] - conditionally execute a flow. condition: true
2022-11-13 22:20:28.302 [DEBUG] [thread-id 1] - Store in: store the value 'SUCCESS' in the variable 'itemStatusHeader'
2022-11-13 22:20:28.310 [DEBUG] [thread-id 1] - Store in: store the value 'null' in the variable 'itemDetails'
2022-11-13 22:20:28.375 [DEBUG] [thread-id 1] - Call API: 'http://astro.walmart.com/api/v3/teflon/internal/getItemHealth/32144/STORE_SCHEDULED_PICKUP'
2022-11-13 22:20:33.643 [DEBUG] [thread-id 1] - Response code is: '200'. Response body is: '{"astroStatus":"SUCCESS","astroDescription":"Item Health details found in itemHealth Collection","astroDetails":[{"itemId":"158353031","astroStatus":"SUCCESS","astroDescription":"STORE_SCHEDULED_PICKUP ORDER CREATED","orderType":"STORE_SCHEDULED_PICKUP","storeId":"32144","orderNumber":5882207930969,"_id":"619e8f87ff2f80e76d9100a3","createdAt":"2021-11-24T19:16:23.599Z","updatedAt":"2022-11-14T03:24:59.688Z","__v":0},{"itemId":"336485950","astroStatus":"SUCCESS","astroDescription":"STORE_SCHEDULED_PICKUP ORDER CREATED","orderType":"STORE_SCHEDULED_PICKUP","storeId":"32144","orderNumber":5882207030464,"_id":"619e8ff8ff2f80e76d9100ac","createdAt":"2021-11-24T19:18:16.439Z","updatedAt":"2022-11-14T03:40:20.170Z","__v":0},{"itemId":"803629599","astroStatus":"SUCCESS","astroDescription":"STORE_SCHEDULED_PICKUP ORDER CREATED","orderType":"STORE_SCHEDULED_PICKUP","storeId":"32144","orderNumber":5882207130965,"_id":"619e905fff2f80e76d9100b2","createdAt":"2021-11-24T19:19:59.505Z","updatedAt":"2022-11-14T03:46:19.101Z","__v":0}]}'
2022-11-13 22:20:33.721 [DEBUG] [thread-id 1] - conditionally execute a flow. condition: false
2022-11-13 22:20:33.786 [DEBUG] [thread-id 1] - SUCCESSFUL item fetched from astro API.
2022-11-13 22:20:33.867 [DEBUG] [thread-id 1] - loop: over '[{"itemId":"158353031","astroStatus":"SUCCESS","astroDescription":"STORE_SCHEDULED_PICKUP ORDER CREATED","orderType":"STORE_SCHEDULED_PICKUP","storeId":"32144","orderNumber":5882207930969,"_id":"619e8f87ff2f80e76d9100a3","createdAt":"2021-11-24T19:16:23.599Z","updatedAt":"2022-11-14T03:24:59.688Z","__v":0},{"itemId":"336485950","astroStatus":"SUCCESS","astroDescription":"STORE_SCHEDULED_PICKUP ORDER CREATED","orderType":"STORE_SCHEDULED_PICKUP","storeId":"32144","orderNumber":5882207030464,"_id":"619e8ff8ff2f80e76d9100ac","createdAt":"2021-11-24T19:18:16.439Z","updatedAt":"2022-11-14T03:40:20.170Z","__v":0},{"itemId":"803629599","astroStatus":"SUCCESS","astroDescription":"STORE_SCHEDULED_PICKUP ORDER CREATED","orderType":"STORE_SCHEDULED_PICKUP","storeId":"32144","orderNumber":5882207130965,"_id":"619e905fff2f80e76d9100b2","createdAt":"2021-11-24T19:19:59.505Z","updatedAt":"2022-11-14T03:46:19.101Z","__v":0}]'
2022-11-13 22:20:33.935 [DEBUG] [thread-id 1] - Store in: store the value 'null' in the variable 'itemDetails'
2022-11-13 22:20:34.005 [DEBUG] [thread-id 1] - {"itemId":"158353031","astroStatus":"SUCCESS","astroDescription":"STORE_SCHEDULED_PICKUP ORDER CREATED","orderType":"STORE_SCHEDULED_PICKUP","storeId":"32144","orderNumber":5882207930969,"_id":"619e8f87ff2f80e76d9100a3","createdAt":"2021-11-24T19:16:23.599Z","updatedAt":"2022-11-14T03:24:59.688Z","__v":0}
2022-11-13 22:20:34.088 [DEBUG] [thread-id 1] - Store in: store the value '158353031' in the variable 'itemFetched'
2022-11-13 22:20:34.162 [DEBUG] [thread-id 1] - Store in: store the value 'SUCCESS' in the variable 'itemStatus'
2022-11-13 22:20:34.314 [DEBUG] [thread-id 1] - conditionally execute a flow. condition: true
2022-11-13 22:20:34.458 [DEBUG] [thread-id 1] - conditionally execute a flow. condition: false
2022-11-13 22:20:34.523 [DEBUG] [thread-id 1] - Checking item eligibility before proceeding
2022-11-13 22:20:34.523 [DEBUG] [thread-id 1] - Store in: store the value 'false' in the variable 'itemEligiblity'
2022-11-13 22:20:34.523 [DEBUG] [thread-id 1] - Store in: store the value 'false' in the variable 'ignoreItem'
2022-11-13 22:20:34.523 [DEBUG] [thread-id 1] - loop: over '["158353031","669597065","446886409", "803629599"]'
2022-11-13 22:20:34.589 [DEBUG] [thread-id 1] - conditionally execute a flow. condition: true
2022-11-13 22:20:34.656 [DEBUG] [thread-id 1] - Store in: store the value 'true' in the variable 'ignoreItem'
2022-11-13 22:20:34.732 [DEBUG] [thread-id 1] - conditionally execute a flow. condition: true
2022-11-13 22:20:34.797 [DEBUG] [thread-id 1] - Trying for other item as this is in excluded list of item ids
2022-11-13 22:20:34.959 [DEBUG] [thread-id 1] - Store in: store the value 'null' in the variable 'itemDetails'
2022-11-13 22:20:35.030 [DEBUG] [thread-id 1] - {"itemId":"336485950","astroStatus":"SUCCESS","astroDescription":"STORE_SCHEDULED_PICKUP ORDER CREATED","orderType":"STORE_SCHEDULED_PICKUP","storeId":"32144","orderNumber":5882207030464,"_id":"619e8ff8ff2f80e76d9100ac","createdAt":"2021-11-24T19:18:16.439Z","updatedAt":"2022-11-14T03:40:20.170Z","__v":0}
2022-11-13 22:20:35.101 [DEBUG] [thread-id 1] - Store in: store the value '336485950' in the variable 'itemFetched'
2022-11-13 22:20:35.171 [DEBUG] [thread-id 1] - Store in: store the value 'SUCCESS' in the variable 'itemStatus'
2022-11-13 22:20:35.310 [DEBUG] [thread-id 1] - conditionally execute a flow. condition: true
2022-11-13 22:20:35.444 [DEBUG] [thread-id 1] - conditionally execute a flow. condition: false
2022-11-13 22:20:35.510 [DEBUG] [thread-id 1] - Checking item eligibility before proceeding
2022-11-13 22:20:35.511 [DEBUG] [thread-id 1] - Store in: store the value 'false' in the variable 'itemEligiblity'
2022-11-13 22:20:35.511 [DEBUG] [thread-id 1] - Store in: store the value 'false' in the variable 'ignoreItem'
2022-11-13 22:20:35.511 [DEBUG] [thread-id 1] - loop: over '["158353031","669597065","446886409", "803629599"]'
2022-11-13 22:20:35.797 [DEBUG] [thread-id 1] - conditionally execute a flow. condition: false
2022-11-13 22:20:35.862 [DEBUG] [thread-id 1] - conditionally execute a flow. condition: true
2022-11-13 22:20:35.994 [DEBUG] [thread-id 1] - Call API: 'http://astro.walmart.com/api/v2/teflon/itemHealthCheck?shippingNode=32144&orderType=STORE_SCHEDULED_PICKUP&itemId=336485950'
2022-11-13 22:20:42.724 [DEBUG] [thread-id 1] - Response code is: '200'. Response body is: '{"status":"OK","offerId":"7073B2CF2C3541458FACD424F76B0E60","eligibility":{"orderType":"STORE_SCHEDULED_PICKUP","shipNode":"32144","isEligible":true}}'
2022-11-13 22:20:42.822 [DEBUG] [thread-id 1] - conditionally execute a flow. condition: true
2022-11-13 22:20:42.968 [DEBUG] [thread-id 1] - Stock available Item Id 336485950 for type STORE_SCHEDULED_PICKUP
2022-11-13 22:20:43.045 [DEBUG] [thread-id 1] - Store in: store the value 'false' in the variable 'skipForNext'
2022-11-13 22:20:43.116 [DEBUG] [thread-id 1] - Store in: store the value 'false' in the variable 'excludeFetchedItem'
2022-11-13 22:20:43.122 [DEBUG] [thread-id 1] - Store in: store the value 'null' in the variable 'storeId'
2022-11-13 22:20:43.122 [DEBUG] [thread-id 1] - Store in: store the value 'null' in the variable 'itemStatusHeader'
2022-11-13 22:20:43.122 [DEBUG] [thread-id 1] - Store in: store the value 'false' in the variable 'healthCheck'
2022-11-13 22:20:43.131 [DEBUG] [thread-id 1] - Store in: store the value 'null' in the variable 'backupItem'
2022-11-13 22:20:43.131 [DEBUG] [thread-id 1] - Store in: store the value 'null' in the variable 'source'
2022-11-13 22:20:43.132 [DEBUG] [thread-id 1] - Store in: store the value 'walmart://item/336485950' in the variable 'deeplinkURl'
2022-11-13 22:20:43.132 [DEBUG] [thread-id 1] - Item:336485950
2022-11-13 22:20:43.132 [DEBUG] [thread-id 1] - deeplinkURL:walmart://item/336485950
2022-11-13 22:20:43.134 [DEBUG] [thread-id 1] - Store in: store the value '336485950' in the variable 'item2'
2022-11-13 22:20:43.136 [DEBUG] [thread-id 1] - Executing function: 'us.functions.utils.fetchFromDataList'
2022-11-13 22:20:43.139 [DEBUG] [thread-id 1] - conditionally execute a flow. condition: true
2022-11-13 22:20:43.202 [DEBUG] [thread-id 1] - Store in: store the value '32144' in the variable 'storeId'
2022-11-13 22:20:43.217 [DEBUG] [thread-id 1] - conditionally execute a flow. condition: true
2022-11-13 22:20:43.310 [DEBUG] [thread-id 1] - Store in: store the value 'MP_DELIVERY' in the variable 'itemGroup'
2022-11-13 22:20:43.339 [DEBUG] [thread-id 1] - loop: over '["113749870", "199364656", "963310356", "633626820"]'
2022-11-13 22:20:43.407 [DEBUG] [thread-id 1] - Executing function: 'us.functions.utils.checkItemTransactabality'
2022-11-13 22:20:43.408 [DEBUG] [thread-id 1] - Store in: store the value 'false' in the variable 'itemEligible'
2022-11-13 22:20:43.408 [DEBUG] [thread-id 1] - Call API: 'http://astro.walmart.com/api/v2/teflon/item/transactability'
2022-11-13 22:20:58.272 [DEBUG] [thread-id 1] - Response code is: '200'. Response body is: '{"astroStatus":"SUCCESS","astroDescription":"CART - ADD_TO_CART SUCCESS","astroDetails":{"dbSessionMap":{"CXO_CART_ST":"{\"mtoken\":\"2:14#140564833#2=149874097#8=63049037\"}"},"checkoutable":true,"cart":{"id":"8e32e55d-9fa7-4d26-96bc-061540467020","buyer":{"id":"99ebd34a-34a1-44ce-b469-20698d8e7dd3","type":"CUSTOMER"},"accessPoint":{"id":"6168c2e3-fc36-4827-98e6-d717d10af1d6","fulfillmentOption":"PICKUP"},"storeIds":[],"itemCount":1,"entityErrors":[],"shipping":{"id":"c6323222-212b-4819-80df-1e6ea9ac6a90","dbLockVersion":0,"firstName":"e2e","lastName":"user","addressId":"dc24146a-4fee-4c7f-aa26-eaa6a4ac11b7","postalCode":"95122","city":"San Jose","state":"CA","countryCode":"USA","addressLineOne":"1694 Adrian Way","latitude":37.338559,"longitude":-121.826741,"phone":"4084805557","addressType":"OFFICE","isPOBox":false,"isAPOFPO":false,"lastModifiedDate":1621490490030},"summary":{"subTotal":45,"grandTotal":45,"balanceToReachThreshold":0,"fees":[{"type":"MIN_THRESHOLD_FEE","amount":0}]},"suggestedSlots":[],"currencyCode":"USD","preview":false,"tenantId":0,"verticalId":0,"checkoutableErrors":[],"intent":"DELIVERY","pickupStore":{"city":"San Jose","stateOrProvinceCode":"CA","countryCode":"USA","postalCode":"95122","storeId":"32144","services":[]},"deliveryStore":{"city":"San Jose","stateOrProvinceCode":"CA","countryCode":"USA","postalCode":"95122","storeId":"32144","services":[]},"mpStores":[],"fulfillmentPlans":[{"isDefault":true,"fulfillmentModules":[{"name":"UNSCHEDULED_DELIVERY","fulfillmentGroups":[{"sellerId":"E7AF78635D8D4EDABDBFDDEEE76A4766","fulfillmentOptions":[{"fulfillmentType":"DELIVERY","accessType":"DELIVERY_ADDRESS","accessMode":"NATIONAL_CARRIER","isSelected":true,"isUnscheduled":true,"dateStartRange":1668729540000,"dateEndRange":1668729540000,"itemGroups":[{"itemIds":["78331f1e-6030-4220-adf4-719dfede7dc1"],"dateTime":1668729540000,"accessMode":"NATIONAL_CARRIER","itemDetails":[{"lineItemId":"78331f1e-6030-4220-adf4-719dfede7dc1","isGiftEligible":true,"isOverBoxEligible":true}]}],"strategy":"SLA_TIER_BASED_PROMISE"}],"fulfillmentSellerType":"WFS"}],"checkoutableErrors":[],"checkoutable":true,"summary":{"subTotal":45,"grandTotal":45}}]}],"accessPoints":[],"reservations":[],"isExplicitIntent":true,"hasGiftEligibleItem":true,"marketPlacePickup":true,"warnings":[],"restrictions":[]},"items":[{"id":"78331f1e-6030-4220-adf4-719dfede7dc1","quantity":1,"price":45,"oldPrice":45,"linePrice":45,"USItemId":"113749870","USSellerId":"127287","offerId":"24BA083B10E94CB387805A616E6ADE1D","name":"Infants I'm the Big Brother Baseball Bodysuit","seller":{"name":"WM-MP TEST ACCOUNT - DO NOT PLACE ORDER 1","type":"EXTERNAL","id":"E7AF78635D8D4EDABDBFDDEEE76A4766","hasSellerBadge":true,"catalogSellerId":127287},"availableQuantity":177462,"maxItemCountPerOrder":12,"minItemCountPerOrder":1,"primaryCategoryPath":"-1","charPrimaryCategoryPath":"UNNAV","sort":1668406857514,"entityErrors":[],"createdDateTime":1668406857514,"isAlcohol":false,"isSubstitutionEligible":false,"weightIncrement":1,"unitOfMeasure":"EA","type":"REGULAR","itemClassId":"1","productId":"69DVWE8TZVTT","isSnapEligible":false,"isSubstitutionsAllowed":false,"productSegment":"Clothing, Shoes & Accessories","salesUnit":"Each","wupc":"0606292129997","productUrl":"/ip/Infants-I-m-the-Big-Brother-Baseball-Bodysuit/113749870","productType":"T-Shirts","sourcingDetails":{"currentSelection":"SHIPPING","nodeAvailableQuantity":177462},"giftEligible":true,"warnings":[],"fulfillmentDetails":{"fulfillmentId":"9f908531-ee0c-49d8-b7e4-5b26433aa8a0","slaTier":"TWO_DAY","shipMethod":"EXPEDITED","fulfillmentType":"DELIVERY","nodeType":"FC","fulfillmentTypeClassification":[],"initialItemType":"ONLINE_ONLY","isNewItemToCart":true,"fulfillmentMode":"UNSCHEDULED","accessMode":"NATIONAL_CARRIER","availableFulfillmentOptions":["UNSCHEDULED_DELIVERY"],"fulfillmentModuleName":"UNSCHEDULED_DELIVERY","shippingFulfillmentDate":1668729540000},"shortDescription":"Pop's House You Say? ALPACA my bags! Youth T-Shirt featuring a cute jumping alpaca. Ideal birthday gift for your son or daughter who can't wait for their next visit to Pop's.","fulfillmentPrerequisites":[],"isWplusEarlyAccess":false,"isEventActive":false,"events":["AE"],"nodeLevelSellables":[],"legacyItemId":"113749870","manufacturerName":"Inktastic","gtin":"06062921299974","brand":"Gravity Threads","productClassType":"REGULAR","reportingHierarchy":"50000:59000:59900:59990:59999","isPapEligible":false,"isCheckoutAmendable":false}],"lastModifiedTime":1668406858267,"cartVersion":13842,"isOmniPromiseResponse":true}}'
2022-11-13 22:20:58.285 [DEBUG] [thread-id 1] - conditionally execute a flow. condition: true
2022-11-13 22:20:58.360 [DEBUG] [thread-id 1] - Store in: store the value 'true' in the variable 'itemEligible'
2022-11-13 22:20:58.451 [DEBUG] [thread-id 1] - conditionally execute a flow. condition: true
2022-11-13 22:20:58.510 [DEBUG] [thread-id 1] - Store in: store the value '113749870' in the variable 'itemFetched'
2022-11-13 22:20:58.580 [DEBUG] [thread-id 1] - Store in: store the value 'walmart://item/113749870' in the variable 'deeplinkURl'
2022-11-13 22:20:58.650 [DEBUG] [thread-id 1] - Item:113749870
2022-11-13 22:20:58.737 [DEBUG] [thread-id 1] - deeplinkURL:walmart://item/113749870
2022-11-13 22:20:58.814 [DEBUG] [thread-id 1] - conditionally execute a flow. condition: true
2022-11-13 22:20:58.883 [DEBUG] [thread-id 1] - Eligible item is 113749870 for type MP_PRO_SELLER
2022-11-13 22:20:58.891 [DEBUG] [thread-id 1] - Store in: store the value '113749870' in the variable 'item3'
2022-11-13 22:20:58.892 [DEBUG] [thread-id 1] - Executing function: 'us.functions.utils.astro.createOrder'
2022-11-13 22:20:58.893 [DEBUG] [thread-id 1] - Create order
2022-11-13 22:20:58.893 [DEBUG] [thread-id 1] - loop: from 0 to 5
2022-11-13 22:20:58.960 [DEBUG] [thread-id 1] - Store in: store the value 'null' in the variable 'errorCode'
2022-11-13 22:20:59.030 [DEBUG] [thread-id 1] - Store in: store the value 'null' in the variable 'orderCreationStatus'
2022-11-13 22:20:59.104 [DEBUG] [thread-id 1] - Call API: 'http://astro.walmart.com/api/v2/teflon/order'
2022-11-13 22:21:15.266 [DEBUG] [thread-id 1] - Response code is: '400'. Response body is: '{"astroStatus":"FAIL","astroDescription":"CHECKOUT - CONTRACT_CREATION_ERROR 500.CHECKOUT_SERVICE.799","astroDetails":{"customerId":"99ebd34a-34a1-44ce-b469-20698d8e7dd3","cartId":"8e32e55d-9fa7-4d26-96bc-061540467020","createContractResponse":{"statusCode":500,"checkout_correlation_id":"c84739f7-a6fb-4d34-8092-161a09635249","errors":{"statusCode":500,"error":"UnifiedPromise Service failed with error","message":"UnifiedPromise Service failed with error","errorIdentifiers":[{"key":"cartId","value":"8e32e55d-9fa7-4d26-96bc-061540467020"},{"key":"errorCode","value":"500.UP.SHIPPRICE.102"},{"key":"description","value":"Unsucessful response from shipprice"}],"pangaeaErrors":["500.CHECKOUT_SERVICE.799"]}},"astro_logs":[{"CART":{"success":"CART SUCCESS"}},{"CHECKOUT":{"fail":"CHECKOUT - CONTRACT_CREATION_ERROR 500.CHECKOUT_SERVICE.799"}}]}}'
2022-11-13 22:21:15.387 [DEBUG] [thread-id 1] - conditionally execute a flow. condition: false
2022-11-13 22:21:15.456 [DEBUG] [thread-id 1] - Failure in order creation. Retrying after 30 secs
2022-11-13 22:21:15.530 [DEBUG] [thread-id 1] - sleep:  30000 milliseconds
2022-11-13 22:21:45.613 [DEBUG] [thread-id 1] - Store in: store the value 'null' in the variable 'errorCode'
2022-11-13 22:21:45.680 [DEBUG] [thread-id 1] - Store in: store the value 'null' in the variable 'orderCreationStatus'
2022-11-13 22:21:45.747 [DEBUG] [thread-id 1] - Call API: 'http://astro.walmart.com/api/v2/teflon/order'
2022-11-13 22:22:03.795 [DEBUG] [thread-id 1] - Response code is: '200'. Response body is: '{"astroStatus":"SUCCESS","astroDescription":"STORE_SCHEDULED_PICKUP,FC_DELIVERY,MP_DELIVERY ORDER CREATED","astroDetails":{"orderSummary":{"customerId":"99ebd34a-34a1-44ce-b469-20698d8e7dd3","cartId":"8e32e55d-9fa7-4d26-96bc-061540467020","orderInfo":{"orderId":"5882207230065","status":"SEND_TO_OMS","orderVersion":0,"amendReservationCount":0,"amendPaymentCount":0,"mobileNumber":"5103295632"},"buyerInfo":{"customerAccountId":"99ebd34a-34a1-44ce-b469-20698d8e7dd3","email":"e2e.teflon.flow.007b@gmail.com"}},"orderDetails":{"dbSessionTokenMap":{"CXO_PC_ST":"95fdc2b8-1c14-4209-bcc7-1cef80ee230b|{\"mtoken\":\"0:3#103027969#2=110466071#7=105147602#8=51337812\",\"itoken\":{\"orderId\":\"0:5#19332437#2=20556640#7=19529416#8=19724886\"}}"},"id":"95fdc2b8-1c14-4209-bcc7-1cef80ee230b","checkoutFlowType":"Regular","cartId":"8e32e55d-9fa7-4d26-96bc-061540467020","items":[{"id":"2a650d51-f4ab-4340-8045-4d8738c8bdf4","offerId":"24BA083B10E94CB387805A616E6ADE1D","productId":"69DVWE8TZVTT","productName":"Infants I'm the Big Brother Baseball Bodysuit","productType":"T-Shirts","usItemId":113749870,"seller":{"name":"WM-MP TEST ACCOUNT - DO NOT PLACE ORDER 1","type":"EXTERNAL","id":"E7AF78635D8D4EDABDBFDDEEE76A4766","hasSellerBadge":true},"thumbnailUrl":"https://i5-qa.walmartimages.com/asr/b5e67047-bf51-4bd4-ac59-b47fa1de642c.67e42181c88ae28b80824b632bf5b012.jpeg","variants":[],"productClassType":"REGULAR","quantity":1,"unitPrice":45,"linePrice":45,"type":"REGULAR","unitOfMeasure":"EA","salesUnit":"Each","brand":"Gravity Threads","charPrimaryCategoryPath":"UNNAV","primaryCategoryPath":"-1","isAlcohol":false,"isAgeRestricted":false,"isSubstitutionEligible":false,"isSubstitutionSelected":false,"isSnapEligible":false,"maxItemCountPerOrder":12,"minItemCountPerOrder":1,"fulfillmentDetails":{"fulfillmentId":"b136023a-7175-4fb8-b8df-1cafd509844f","slaTier":"TWO_DAY","shipMethod":"EXPEDITED","fulfillmentType":"DELIVERY","nodeType":"FC","fulfillmentMode":"UNSCHEDULED","accessMode":"NATIONAL_CARRIER"},"sourcingDetails":{"currentSelection":"SHIPPING","requestedSelection":"SHIPPING"},"isAssociateDiscountEligible":false,"promotions":[],"events":["AE"],"lineItemNumber":"1","isWplusEarlyAccess":false,"isEventActive":false,"isPetRxItem":false,"customAttributes":[]},{"id":"d98c29cb-4ebe-4255-8d2f-c148df2ea7d0","offerId":"175B8F0529284A0282DCAB4654AEC444","productId":"5KCPK029PELC","productName":"Remedy 20 inch Top Memory Foam Mattress with Cover - Queen","productType":"Canvas Art Prints","usItemId":945213102,"seller":{"name":"Walmart.com","type":"INTERNAL","id":"455A2F43226F41319399794332C71B7F"},"thumbnailUrl":"https://i5-qa.walmartimages.com/asr/fef337dc-bfc7-4ac6-a3cf-baa710ce8ad6_1.c2943eb9516563f1af0d4b68131c1465.jpeg","variants":[],"productClassType":"REGULAR","quantity":1,"unitPrice":50,"linePrice":50,"pricePerUnit":50,"pricePerUnitUoM":"EA","type":"REGULAR","unitOfMeasure":"EA","salesUnit":"Each","averageWeight":1,"brand":"Goodlife","charPrimaryCategoryPath":"Home Page/Home/Decor/Wall Decor/Wall Decor","primaryCategoryPath":"0:4044:133012:5208936:922699","isAlcohol":false,"isAgeRestricted":false,"isSubstitutionEligible":false,"isSubstitutionSelected":false,"isSnapEligible":false,"maxItemCountPerOrder":4,"minItemCountPerOrder":1,"fulfillmentDetails":{"fulfillmentId":"360e9c57-0a1a-493e-993b-c14fc8d7dfc0","slaTier":"FREIGHT","fulfillmentType":"DELIVERY","nodeType":"FC","fulfillmentTypeClassification":["FREIGHT"],"fulfillmentMode":"UNSCHEDULED","accessMode":"NATIONAL_CARRIER"},"sourcingDetails":{"currentSelection":"SHIPPING","requestedSelection":"SHIPPING"},"isAssociateDiscountEligible":true,"promotions":[],"lineItemNumber":"2","isWplusEarlyAccess":false,"isEventActive":false,"isPetRxItem":false,"customAttributes":[]},{"id":"b50dfe0a-6d28-450c-9de3-f19e1faa7f0f","offerId":"7073B2CF2C3541458FACD424F76B0E60","productId":"2AHWA1K3CRNW","productName":"Great Value Thin Crust Pepperoni Pizza, 14.4 oz","productType":"Pizza","usItemId":336485950,"seller":{"name":"Walmart.com","type":"INTERNAL","id":"455A2F43226F41319399794332C71B7F"},"thumbnailUrl":"https://i5-qa.walmartimages.com/asr/1cfa7ff7-bda6-4d6f-b2ba-d5bf67250859.c6b8566d27b31857e0703c8a33515e62.jpeg","variants":[],"productClassType":"REGULAR","quantity":1,"unitPrice":50,"linePrice":50,"pricePerUnitUoM":"EA","type":"REGULAR","unitOfMeasure":"EA","salesUnit":"Each","brand":"&nbsp;Great Value","charPrimaryCategoryPath":"Home Page/Food/Frozen Foods/Pizza","primaryCategoryPath":"0:976759:976791:1001416","isAlcohol":false,"isAgeRestricted":false,"isSubstitutionEligible":true,"isSubstitutionSelected":true,"isSnapEligible":true,"maxItemCountPerOrder":12,"minItemCountPerOrder":1,"fulfillmentDetails":{"fulfillmentId":"f32a8683-f343-4053-be8c-ff51e57a3f06","slaTier":"THREE_TO_FIVE_DAY","fulfillmentType":"PICKUP","nodeType":"STORE","fulfillmentTypeClassification":["PERISHABLE"],"fulfillmentMode":"SCHEDULED","accessMode":"DRIVE_IN"},"sourcingDetails":{"currentSelection":"PICKUP","requestedSelection":"PICKUP"},"isAssociateDiscountEligible":false,"promotions":[],"lineItemNumber":"3","isWplusEarlyAccess":false,"isEventActive":false,"substitutions":[{"prefType":"NO_PREF"}],"isPetRxItem":false,"customAttributes":[]}],"shipping":{"postalCode":"95122","addressLineOne":"1694 Adrian Way","city":"San Jose","state":"CA","countryCode":"USA","latitude":37.338559,"longitude":-121.826741,"isPoBox":false,"isApoFpo":false,"firstName":"e2e","lastName":"user","phone":"5103295632","preferenceId":"dc24146a-4fee-4c7f-aa26-eaa6a4ac11b7","deliveryOption":"LEAVE_AT_DOOR"},"pickup":{"postalCode":"95122","addressLineOne":"777 Story Rd","city":"San Jose","state":"CA","storeId":32144,"storeName":"Walmart San Jose Store #32144","countryCode":"USA"},"pickupPeople":[{"id":"8fff0cad-c746-45e1-a155-ed1db4454ad4","firstName":"Teflon","lastName":"User","email":"e2e.teflon.flow.007b@gmail.com","isPrimary":true}],"buyer":{"customerAccountId":"99ebd34a-34a1-44ce-b469-20698d8e7dd3","firstName":"Teflon","lastName":"User","email":"e2e.teflon.flow.007b@gmail.com","emailType":"registered","phone":"4084805557","isGuest":false,"isAssociate":false,"hasAssociateDiscountInfo":false,"isAssociateDiscountApplied":false,"hasCapOneCard":false},"summary":{"subTotal":145,"taxTotal":8.91,"taxIsEstimate":false,"grandTotal":183.88,"quantityTotal":3,"shippingCosts":[],"fees":[{"type":"MIN_THRESHOLD_FEE","amount":0},{"type":"SLOT_FEE","amount":0},{"type":"FREIGHT_PRICE","amount":29.97}],"weightHoldTotal":0,"authHoldTotal":186.38,"minimumThreshold":35,"promotions":[],"amountUnallocated":0,"isGrandTotalChanged":false,"discounts":[]},"allowedPaymentTypes":[{"type":"CREDITCARD"},{"type":"EBTCASH"},{"type":"EBTSNAP"},{"type":"GIFTCARD"},{"type":"PAYPAL"},{"type":"WMT_REWARDS"},{"type":"SOLUTRAN"},{"type":"DEBITCARD"}],"payments":[{"paymentId":"ede8e70c-8311-4db5-98ef-df4090596c17","paymentType":"CREDITCARD","cardType":"AMEX","amountPaid":186.38,"lastFour":"8431","expires":"202512","firstName":"Teflon","lastName":"User","fullName":"Teflon User","phone":"4084805557","email":"e2e.teflon.flow.007b@gmail.com","billToAddressLineOne":"1694 Adrian Way","billToCity":"San Jose","billToState":"CA","billToPostalCode":"95122","preferenceId":"db730788-0105-40b7-95aa-b338e635ddad","initiateCardinal":{},"paymentHandle":"51b3c8ef-38ac-4661-9d7c-17eaa55ca60a","cvvRequired":false,"cardAccountLinked":false,"entityErrors":[]}],"order":{"orderId":"5882207230065","status":"SEND_TO_OMS","orderVersion":0,"amendReservationCount":0,"amendPaymentCount":0,"mobileNumber":"5103295632"},"fulfillmentGroups":[],"terms":{"alcoholAccepted":false,"bagFeeAccepted":false,"smsOptInAccepted":true},"entityErrors":[],"itemCount":3,"donationDetails":{"charityEIN":"131635294","charityName":"United Way","donation":{"currencyAmount":0.12,"currencyUnit":"USD"},"acceptDonation":false},"tenderPlanId":"cbe38605-b58c-43cc-a6e8-c1a4e502e8ef","allocationSummary":{"defaultAllocation":true,"eligibleForSmartAllocation":true,"allPayments":{"CREDITCARD":1},"selectablePayments":{"CREDITCARD":1},"expiredPayments":{}},"promotions":[],"fulfillmentPlans":[{"isDefault":true,"fulfillmentModules":[{"name":"UNSCHEDULED_DELIVERY","fulfillmentGroups":[{"sellerId":"455A2F43226F41319399794332C71B7F","fulfillmentOptions":[{"fulfillmentType":"DELIVERY","accessType":"DELIVERY_ADDRESS","accessMode":"NATIONAL_CARRIER","isSelected":true,"isUnscheduled":true,"dateStartRange":1668815940000,"dateEndRange":1668815940000,"itemGroups":[{"itemIds":["d98c29cb-4ebe-4255-8d2f-c148df2ea7d0"],"dateTime":1668815940000,"options":[{"fulfillmentId":"360e9c57-0a1a-493e-993b-c14fc8d7dfc0","slaTier":"FREIGHT","shipPrice":29.97,"dateTime":1668815940000,"isSelected":true}],"accessMode":"NATIONAL_CARRIER","itemDetails":[]}],"strategy":"SLA_TIER_BASED_PROMISE"}],"fulfillmentSellerType":"WALMART"},{"sellerId":"E7AF78635D8D4EDABDBFDDEEE76A4766","fulfillmentOptions":[{"fulfillmentType":"DELIVERY","accessType":"DELIVERY_ADDRESS","accessMode":"NATIONAL_CARRIER","isSelected":true,"isUnscheduled":true,"dateStartRange":1668729540000,"dateEndRange":1668729540000,"itemGroups":[{"itemIds":["2a650d51-f4ab-4340-8045-4d8738c8bdf4"],"dateTime":1668729540000,"accessMode":"NATIONAL_CARRIER","itemDetails":[{"lineItemId":"2a650d51-f4ab-4340-8045-4d8738c8bdf4","isGiftEligible":true,"isOverBoxEligible":true}]}],"strategy":"SLA_TIER_BASED_PROMISE"}],"fulfillmentSellerType":"WFS"}],"checkoutableErrors":[]},{"name":"STORE","fulfillmentGroups":[{"sellerId":"455A2F43226F41319399794332C71B7F","fulfillmentOptions":[{"fulfillmentType":"PICKUP","accessType":"PICKUP_CURBSIDE","accessMode":"DRIVE_IN","isSelected":true,"isUnscheduled":false,"accessPointId":"6168c2e3-fc36-4827-98e6-d717d10af1d6","slotId":"6b5f8307-2e4f-4f3a-808b-8b0e5263f2d8-2022-11-15","itemGroups":[{"itemIds":["b50dfe0a-6d28-450c-9de3-f19e1faa7f0f"],"accessMode":"DRIVE_IN","itemDetails":[]}],"slotIds":[]}],"fulfillmentSellerType":"WALMART"}],"checkoutableErrors":[]}]}],"accessPoints":[{"id":"6168c2e3-fc36-4827-98e6-d717d10af1d6","name":"Walmart San Jose Store #32144","storeId":32144,"fulfillmentType":"INSTORE_PICKUP","fulfillmentOption":"PICKUP","supportedTimeZone":"US/Pacific","locationInstruction":"[{\"type\":\"CHECKIN_DEFAULT\",\"value\":\"<div> <p> In order to protect the safety of our customers & associates, we've temporarily moved to a no-contact pickup in store process or curbside. </p> <br /> <br /><b>Please bring your government-issued ID</b><br /> <ol> <li>Check in with the app to let us know you're on the way.</li> <li> Park in a designated pickup spot, stay in your vehicle and keep your windows rolled up. </li> <li> A Walmart associate will request access to your trunk or back seat, then they'll load your order. </li> <li>You're all set! The associate will sign for the order.</li> </ol> </div>\"},{\"type\":\"EMAIL_DEFAULT\",\"value\":\"NA\"},{\"type\":\"CHECKIN_1\",\"value\":\"Next, tell us when you’ve parked. Park by the pickup sign and enter your parking info so we can find you faster.\"}]","isCrowdSourced":false,"isStoreEbtEligible":true,"allowAlcohol":true,"accessType":"PICKUP_CURBSIDE","storeCategory":"Supercenter","tippingEnabled":true,"memberTipDisabled":false,"enableBag":"BagBanned","nodeType":"STORE","allowBagFee":true,"acceptsPAP":true,"bagFeeValue":0,"address":{"postalCode":"95122","addressLineOne":"777 Story Rd","city":"San Jose","state":"CA","addressTypeName":"OFFICE","isPOBox":false,"isAPOFPO":false,"countryCode":"USA"}},{"id":"f681d48a-7be4-43ea-8e10-229a1f00db37","name":"32144 - Home Delivery","storeId":32144,"fulfillmentType":"DELIVERY","fulfillmentOption":"DELIVERY","supportedTimeZone":"US/Pacific","locationInstruction":"[{\"type\":\"CHECKIN_DEFAULT\",\"value\":\"<div> <p> In order to protect the safety of our customers & associates, we've temporarily moved to a no-contact pickup in store process. </p> <br /> <br /><b>Please bring your government-issued ID</b><br /> <ol> <li>Check in with the app to let us know you're on the way.</li> <li> Park in a designated pickup spot, stay in your vehicle and keep your windows rolled up. </li> <li> A Walmart associate will request access to your trunk or back seat, then they'll load your order. </li> <li>You're all set! The associate will sign for the order.</li> </ol> </div>\"},{\"type\":\"EMAIL_DEFAULT\",\"value\":\"<div> <p> In order to protect the safety of our customers & associates, we've temporarily moved to a no-contact pickup in store process. </p> <br /> <br /><b>Please bring your government-issued ID</b><br /> <ol> <li>Check in with the app to let us know you're on the way.</li> <li> Park in a designated pickup spot, stay in your vehicle and keep your windows rolled up. </li> <li> A Walmart associate will request access to your trunk or back seat, then they'll load your order. </li> <li>You're all set! The associate will sign for the order.</li> </ol> </div>\"}]","isStoreEbtEligible":true,"allowAlcohol":true,"accessType":"DELIVERY_ADDRESS","storeCategory":"Supercenter","tippingEnabled":true,"memberTipDisabled":false,"enableBag":"BagOptional","nodeType":"STORE","allowBagFee":false,"acceptsPAP":true,"bagFeeValue":0,"address":{"postalCode":"95122","addressLineOne":"777 Story Rd","city":"San Jose","state":"CA","addressTypeName":"OFFICE","isPOBox":false,"isAPOFPO":false,"countryCode":"USA"}}],"reservations":[{"id":"a88efc85-1c73-4ee6-b9a5-40d18173c880","expired":false,"crowdSourceCarrier":"NA","startTime":1668499200000,"supportedTimeZone":"US/Pacific","accessPointId":"6168c2e3-fc36-4827-98e6-d717d10af1d6","isSelectedByUser":true,"storeId":32144,"selectedSlot":{"id":"6b5f8307-2e4f-4f3a-808b-8b0e5263f2d8-2022-11-15","startTime":1668499200000,"endTime":1668502800000,"cutoffTime":1668488400000,"price":0,"slotPrice":0,"slaInMins":0,"type":"Another Day","priority":0,"expressItemLimit":0,"amendableItemSize":0,"isAlcoholRestricted":false,"accessPointId":"6168c2e3-fc36-4827-98e6-d717d10af1d6","fulfillmentType":"INSTORE_PICKUP","fulfillmentOption":"PICKUP","allowedAmendDateTime":"2022-11-15T05:00:00+0000","accessType":"PICKUP_CURBSIDE","date":1668499200000,"day":"2022-11-15","supportedTimeZone":"US/Pacific","isSlaTimeChanged":false},"fulfillmentOption":"PICKUP","locationType":"Store","fulfillmentStoreId":32144,"dispenseType":"PICKUP_CURBSIDE","priority":0,"orderStatus":"BOOKSLOT"}],"pickupStore":{"city":"San Jose","stateOrProvinceCode":"CA","countryCode":"USA","postalCode":"95122","storeId":"32144","services":[{"name":"TIRE_AND_LUBE","phone":"330-337-9044"},{"name":"WIRELESS_MOBILE"}],"storeFeeTier":"D"},"deliveryStore":{"city":"San Jose","stateOrProvinceCode":"CA","countryCode":"USA","postalCode":"95122","storeId":"32144","services":[{"name":"TIRE_AND_LUBE","phone":"330-337-9044"},{"name":"WIRELESS_MOBILE"}],"storeFeeTier":"D"},"allowSubstitutionForOrder":true,"customAttributes":{"OMS_KAFKA_CLUSTER_NAME":"us-southnew"}},"astro_logs":[{"CART":{"success":"CART SUCCESS"}},{"CHECKOUT":{"success":"CHECKOUT SUCCESS"}}]}}'
2022-11-13 22:22:03.883 [DEBUG] [thread-id 1] - conditionally execute a flow. condition: true
2022-11-13 22:22:03.946 [DEBUG] [thread-id 1] - Order successfully created.
2022-11-13 22:22:04.039 [DEBUG] [thread-id 1] - conditionally execute a flow. condition: true
2022-11-13 22:22:04.118 [DEBUG] [thread-id 1] - 5882207230065
2022-11-13 22:22:04.118 [DEBUG] [thread-id 1] - sleep:  100000 milliseconds
2022-11-13 22:23:44.221 [DEBUG] [thread-id 1] - Using us-errors-helpers.yaml
2022-11-13 22:23:44.299 [DEBUG] [thread-id 1] - Start Main
2022-11-13 22:23:44.301 [DEBUG] [thread-id 1] - Executing function: 'us.functions.global.onboarding.navigateOnboardingToHome'
2022-11-13 22:23:44.302 [DEBUG] [thread-id 1] - Executing function: 'us.function.utils.getEnvironmentValue'
2022-11-13 22:23:44.303 [DEBUG] [thread-id 1] - Store in: store the value 'teflon' in the variable 'env'
2022-11-13 22:23:44.423 [DEBUG] [thread-id 1] - Verify identifier: {//XCUIElementTypeStaticText[@name="WelcomeViewController.titleLabel"] | //XCUIElementTypeStaticText[@name="SignUpNudgeWelcomeViewController.titleLabel"]=[true]}
2022-11-13 22:23:54.425 [DEBUG] [thread-id 1] - conditionally execute a flow. condition: false
2022-11-13 22:23:54.571 [DEBUG] [thread-id 1] - Click element: '//XCUIElementTypeStaticText[@name="Continue"] | //XCUIElementTypeStaticText[@name="Next"] | //XCUIElementTypeStaticText[@name="Continue as guest"]'
2022-11-13 22:23:55.224 [DEBUG] [thread-id 1] - Verify identifier: {NotificationPermissionViewController.titleLabel=[true]}
2022-11-13 22:23:55.320 [DEBUG] [thread-id 1] - Click element: '//XCUIElementTypeStaticText[@name="Not now"] | //XCUIElementTypeButton[@name="cta.cancel.notifications"]'
2022-11-13 22:24:18.095 [DEBUG] [thread-id 1] - Main failed: Is not present: 'Share your location'
2022-11-13 22:24:18.183 [DEBUG] [thread-id 1] - Executing scenario: 'After'
2022-11-13 22:24:18.196 [DEBUG] [thread-id 1] - Executing function: 'us.functions.utils.afterSteps'
2022-11-13 22:24:18.209 [WARN] [thread-id 1] - variable testStatus was used, but r2 could not find a value for this variable. returning default of null
2022-11-13 22:24:18.213 [DEBUG] [thread-id 1] - conditionally execute a flow. condition: false
2022-11-13 22:24:18.275 [DEBUG] [thread-id 1] - Test failed
2022-11-13 22:24:18.342 [DEBUG] [thread-id 1] - Executing function: 'us.functions.utils.closeErrorAlertIfExists'
2022-11-13 22:24:33.661 [DEBUG] [thread-id 1] - Created report: /Users/m0k0a2f/glass-automation/report/index.html
2022-11-13 22:31:41.510 [WARN] [thread-id 1] - no flow for function 'ca.test.functions.home.navigateHomeToSignInIos'. this function will not be available to call.
2022-11-13 22:32:10.641 [DEBUG] [thread-id 1] - Executing R2 3.29.0: '/Users/m0k0a2f/glass-automation/./us/test/test-scripts/ios/golden-flows/multifulfillment-flows/flow045-glass-mixedOrder-sc+fc-Promo$off.yaml' on device: 'iPhone 13'
2022-11-13 22:32:46.824 [DEBUG] [thread-id 1] - Executing scenario: 'Before'
2022-11-13 22:32:46.832 [DEBUG] [thread-id 1] - Execute before steps
2022-11-13 22:32:46.850 [DEBUG] [thread-id 1] - R2_SUBFLOW_PRE_TRANSACTION
2022-11-13 22:32:46.977 [DEBUG] [thread-id 1] - Using us-errors-helpers.yaml
2022-11-13 22:32:47.052 [DEBUG] [thread-id 1] - Start Main
2022-11-13 22:32:47.054 [DEBUG] [thread-id 1] - Timestamp: 1668407567053
2022-11-13 22:32:47.057 [DEBUG] [thread-id 1] - Executing function: 'us.functions.global.onboarding.navigateOnboardingToHome'
2022-11-13 22:32:47.059 [DEBUG] [thread-id 1] - Executing function: 'us.function.utils.getEnvironmentValue'
2022-11-13 22:32:47.060 [DEBUG] [thread-id 1] - Store in: store the value 'teflon' in the variable 'env'
2022-11-13 22:32:47.185 [DEBUG] [thread-id 1] - Verify identifier: {//XCUIElementTypeStaticText[@name="WelcomeViewController.titleLabel"] | //XCUIElementTypeStaticText[@name="SignUpNudgeWelcomeViewController.titleLabel"]=[true]}
2022-11-13 22:32:57.226 [DEBUG] [thread-id 1] - conditionally execute a flow. condition: false
2022-11-13 22:32:57.360 [DEBUG] [thread-id 1] - Click element: '//XCUIElementTypeStaticText[@name="Continue"] | //XCUIElementTypeStaticText[@name="Next"] | //XCUIElementTypeStaticText[@name="Continue as guest"]'
2022-11-13 22:32:57.999 [DEBUG] [thread-id 1] - Verify identifier: {NotificationPermissionViewController.titleLabel=[true]}
2022-11-13 22:32:58.088 [DEBUG] [thread-id 1] - Click element: '//XCUIElementTypeStaticText[@name="Not now"] | //XCUIElementTypeButton[@name="cta.cancel.notifications"]'
2022-11-13 22:33:19.010 [DEBUG] [thread-id 1] - Main failed: Is not present: 'Share your location'
2022-11-13 22:33:24.383 [DEBUG] [thread-id 1] - Created report: /Users/m0k0a2f/glass-automation/report/index.html
2022-11-13 22:33:40.586 [WARN] [thread-id 1] - no flow for function 'ca.test.functions.home.navigateHomeToSignInIos'. this function will not be available to call.
2022-11-13 22:34:07.876 [DEBUG] [thread-id 1] - Executing R2 3.29.0: '/Users/m0k0a2f/glass-automation/./us/test/test-scripts/ios/golden-flows/multifulfillment-flows/flow045-glass-mixedOrder-sc+fc-Promo$off.yaml' on device: 'iPhone 13'
2022-11-13 22:34:42.920 [DEBUG] [thread-id 1] - Executing scenario: 'Before'
2022-11-13 22:34:42.926 [DEBUG] [thread-id 1] - Execute before steps
2022-11-13 22:34:42.932 [DEBUG] [thread-id 1] - R2_SUBFLOW_PRE_TRANSACTION
2022-11-13 22:34:43.034 [DEBUG] [thread-id 1] - Using us-errors-helpers.yaml
2022-11-13 22:34:43.119 [DEBUG] [thread-id 1] - Start Main
2022-11-13 22:34:43.126 [DEBUG] [thread-id 1] - Timestamp: 1668407683125
2022-11-13 22:34:43.136 [DEBUG] [thread-id 1] - Executing function: 'us.functions.global.onboarding.navigateOnboardingToHome'
2022-11-13 22:34:43.138 [DEBUG] [thread-id 1] - Executing function: 'us.function.utils.getEnvironmentValue'
2022-11-13 22:34:43.141 [DEBUG] [thread-id 1] - Store in: store the value 'teflon' in the variable 'env'
2022-11-13 22:34:43.243 [DEBUG] [thread-id 1] - Verify identifier: {//XCUIElementTypeStaticText[@name="WelcomeViewController.titleLabel"] | //XCUIElementTypeStaticText[@name="SignUpNudgeWelcomeViewController.titleLabel"]=[true]}
2022-11-13 22:34:53.296 [DEBUG] [thread-id 1] - conditionally execute a flow. condition: false
2022-11-13 22:34:53.445 [DEBUG] [thread-id 1] - Click element: '//XCUIElementTypeStaticText[@name="Continue"] | //XCUIElementTypeStaticText[@name="Next"] | //XCUIElementTypeStaticText[@name="Continue as guest"]'
2022-11-13 22:34:54.110 [DEBUG] [thread-id 1] - Verify identifier: {NotificationPermissionViewController.titleLabel=[true]}
2022-11-13 22:34:54.198 [DEBUG] [thread-id 1] - Click element: '//XCUIElementTypeStaticText[@name="Not now"] | //XCUIElementTypeButton[@name="cta.cancel.notifications"]'
2022-11-13 22:35:15.037 [DEBUG] [thread-id 1] - Main failed: Is not present: 'Share your location'
2022-11-13 22:35:19.866 [DEBUG] [thread-id 1] - Created report: /Users/m0k0a2f/glass-automation/report/index.html
2022-11-13 22:52:53.946 [WARN] [thread-id 1] - no flow for function 'ca.test.functions.home.navigateHomeToSignInIos'. this function will not be available to call.
2022-11-13 22:53:23.028 [DEBUG] [thread-id 1] - Executing R2 3.29.0: '/Users/m0k0a2f/glass-automation/./us/test/test-scripts/ios/golden-flows/multifulfillment-flows/flow045-glass-mixedOrder-sc+fc-Promo$off.yaml' on device: 'iPhone 13'
2022-11-13 22:54:10.873 [DEBUG] [thread-id 1] - Executing scenario: 'Before'
2022-11-13 22:54:10.881 [DEBUG] [thread-id 1] - Execute before steps
2022-11-13 22:54:10.886 [DEBUG] [thread-id 1] - R2_SUBFLOW_PRE_TRANSACTION
2022-11-13 22:54:10.968 [DEBUG] [thread-id 1] - Using us-errors-helpers.yaml
2022-11-13 22:54:11.051 [DEBUG] [thread-id 1] - Start Main
2022-11-13 22:54:11.058 [DEBUG] [thread-id 1] - Timestamp: 1668408851058
2022-11-13 22:54:11.067 [DEBUG] [thread-id 1] - Executing function: 'us.functions.global.onboarding.navigateOnboardingToHome'
2022-11-13 22:54:11.073 [DEBUG] [thread-id 1] - Executing function: 'us.function.utils.getEnvironmentValue'
2022-11-13 22:54:11.075 [DEBUG] [thread-id 1] - Store in: store the value 'teflon' in the variable 'env'
2022-11-13 22:54:11.171 [DEBUG] [thread-id 1] - Verify identifier: {//XCUIElementTypeStaticText[@name="WelcomeViewController.titleLabel"] | //XCUIElementTypeStaticText[@name="SignUpNudgeWelcomeViewController.titleLabel"]=[true]}
2022-11-13 22:54:21.189 [DEBUG] [thread-id 1] - conditionally execute a flow. condition: false
2022-11-13 22:54:21.329 [DEBUG] [thread-id 1] - Click element: '//XCUIElementTypeStaticText[@name="Continue"] | //XCUIElementTypeStaticText[@name="Next"] | //XCUIElementTypeStaticText[@name="Continue as guest"]'
2022-11-13 22:54:22.073 [DEBUG] [thread-id 1] - Verify identifier: {NotificationPermissionViewController.titleLabel=[true]}
2022-11-13 22:54:22.161 [DEBUG] [thread-id 1] - Click element: '//XCUIElementTypeStaticText[@name="Not now"] | //XCUIElementTypeButton[@name="cta.cancel.notifications"]'
2022-11-13 22:54:44.554 [DEBUG] [thread-id 1] - Main failed: Is not present: 'Share your location'
2022-11-13 22:54:49.781 [DEBUG] [thread-id 1] - Created report: /Users/m0k0a2f/glass-automation/report/index.html
2022-11-13 23:14:38.508 [WARN] [thread-id 1] - no flow for function 'ca.test.functions.home.navigateHomeToSignInIos'. this function will not be available to call.
2022-11-13 23:15:07.687 [DEBUG] [thread-id 1] - Executing R2 3.29.0: '/Users/m0k0a2f/glass-automation/./us/test/test-scripts/ios/golden-flows/multifulfillment-flows/flow045-glass-mixedOrder-sc+fc-Promo$off.yaml' on device: 'iPhone 13'
2022-11-13 23:15:46.067 [DEBUG] [thread-id 1] - Executing scenario: 'Before'
2022-11-13 23:15:46.076 [DEBUG] [thread-id 1] - Execute before steps
2022-11-13 23:15:46.077 [DEBUG] [thread-id 1] - R2_SUBFLOW_PRE_TRANSACTION
2022-11-13 23:15:46.161 [DEBUG] [thread-id 1] - Using us-errors-helpers.yaml
2022-11-13 23:15:46.236 [DEBUG] [thread-id 1] - Start Main
2022-11-13 23:15:46.238 [DEBUG] [thread-id 1] - Timestamp: 1668410146238
2022-11-13 23:15:46.241 [DEBUG] [thread-id 1] - Executing function: 'us.functions.global.onboarding.navigateOnboardingToHome'
2022-11-13 23:15:46.242 [DEBUG] [thread-id 1] - Executing function: 'us.function.utils.getEnvironmentValue'
2022-11-13 23:15:46.244 [DEBUG] [thread-id 1] - Store in: store the value 'teflon' in the variable 'env'
2022-11-13 23:15:46.322 [DEBUG] [thread-id 1] - Verify identifier: {//XCUIElementTypeStaticText[@name="WelcomeViewController.titleLabel"] | //XCUIElementTypeStaticText[@name="SignUpNudgeWelcomeViewController.titleLabel"]=[true]}
2022-11-13 23:15:56.368 [DEBUG] [thread-id 1] - conditionally execute a flow. condition: false
2022-11-13 23:15:56.511 [DEBUG] [thread-id 1] - Click element: '//XCUIElementTypeStaticText[@name="Continue"] | //XCUIElementTypeStaticText[@name="Next"] | //XCUIElementTypeStaticText[@name="Continue as guest"]'
2022-11-13 23:15:57.174 [DEBUG] [thread-id 1] - Verify identifier: {NotificationPermissionViewController.titleLabel=[true]}
2022-11-13 23:15:57.262 [DEBUG] [thread-id 1] - Click element: '//XCUIElementTypeStaticText[@name="Not now"] | //XCUIElementTypeButton[@name="cta.cancel.notifications"]'
2022-11-13 23:15:57.697 [DEBUG] [thread-id 1] - Verify identifier: {Share your location=[true]}
2022-11-13 23:15:57.729 [DEBUG] [thread-id 1] - Click element: 'Enter zip code'
2022-11-13 23:15:58.383 [DEBUG] [thread-id 1] - conditionally execute a flow. condition: true
2022-11-13 23:15:58.530 [DEBUG] [thread-id 1] - Enter text: '95122'
2022-11-13 23:16:11.807 [DEBUG] [thread-id 1] - Click element: '//XCUIElementTypeStaticText[@name="Search"]'
2022-11-13 23:16:13.153 [DEBUG] [thread-id 1] - conditionally execute a flow. condition: true
2022-11-13 23:16:23.561 [DEBUG] [thread-id 1] - conditionally execute a flow. condition: true
2022-11-13 23:16:23.695 [DEBUG] [thread-id 1] - Click element: 'Continue'
2022-11-13 23:16:25.070 [DEBUG] [thread-id 1] - conditionally execute a flow. condition: true
2022-11-13 23:16:26.183 [DEBUG] [thread-id 1] - Click element: 'Allow'
2022-11-13 23:16:57.549 [DEBUG] [thread-id 1] - Executing function: 'us.functions.utils.tryAgainWhenThereIsError'
2022-11-13 23:16:57.573 [DEBUG] [thread-id 1] - loop: from 0 to 2
2022-11-13 23:16:57.788 [DEBUG] [thread-id 1] - 0
2022-11-13 23:17:08.120 [DEBUG] [thread-id 1] - conditionally execute a flow. condition: false
2022-11-13 23:17:08.322 [DEBUG] [thread-id 1] - Executing function: 'us.functions.onboarding.handleTechnicalErrorPage'
2022-11-13 23:17:08.322 [DEBUG] [thread-id 1] - sleep:  5000 milliseconds
2022-11-13 23:17:13.330 [DEBUG] [thread-id 1] - loop: from 0 to 4
2022-11-13 23:17:13.528 [DEBUG] [thread-id 1] - 0
2022-11-13 23:17:23.967 [DEBUG] [thread-id 1] - conditionally execute a flow. condition: false
2022-11-13 23:17:24.157 [DEBUG] [thread-id 1] - No Technical Error Page observed
2022-11-13 23:17:24.360 [DEBUG] [thread-id 1] - Executing function: 'us.functions.gic.collapseIfExpanded'
2022-11-13 23:17:24.488 [DEBUG] [thread-id 1] - conditionally execute a flow. condition: true
2022-11-13 23:17:24.818 [DEBUG] [thread-id 1] - Click element: '//*[contains(@label,"Expanded")]'
2022-11-13 23:17:25.009 [DEBUG] [thread-id 1] - Executing function: 'us.functions.global.authentication.createAccountFlow'
2022-11-13 23:17:25.412 [DEBUG] [thread-id 1] - Click element: 'Account'
2022-11-13 23:17:26.072 [DEBUG] [thread-id 1] - Click element: '//XCUIElementTypeButton[@name="Account.SignInButton"] | //XCUIElementTypeButton[@name="HeaderView.loginButton"] | //XCUIElementTypeButton[@label="SignInYourAccountTableViewCell.signInButton"] | //XCUIElementTypeButton[@label="Sign in"] | //XCUIElementTypeButton[@label="Sign in or create an account"]'
2022-11-13 23:17:26.322 [DEBUG] [thread-id 1] - Executing function: 'us.functions.global.authentication.dismissSelectSavedPasswordDialog'
2022-11-13 23:17:36.740 [DEBUG] [thread-id 1] - Executing function: 'us.functions.global.authentication.createAccountFromSignInScreen'
2022-11-13 23:17:47.019 [DEBUG] [thread-id 1] - conditionally execute a flow. condition: false
2022-11-13 23:17:47.548 [DEBUG] [thread-id 1] - Enter text: 'e2e.teflon.ios.flow049.1668410146238@gmail.com'
2022-11-13 23:17:58.239 [DEBUG] [thread-id 1] - Click element: 'SignInView.ctaButton'
2022-11-13 23:17:59.144 [DEBUG] [thread-id 1] - sleep:  5000 milliseconds
2022-11-13 23:18:04.347 [DEBUG] [thread-id 1] - Verify if present: '//XCUIElementTypeOther[1]/XCUIElementTypeTextField'
2022-11-13 23:18:04.543 [DEBUG] [thread-id 1] - Enter text: 'TestFirst'
2022-11-13 23:18:07.164 [DEBUG] [thread-id 1] - Enter text: 'TestLast'
2022-11-13 23:18:09.828 [DEBUG] [thread-id 1] - Click element: '//XCUIElementTypeOther[4]/XCUIElementTypeSecureTextField | //XCUIElementTypeOther[@name="SignUpView.passwordField"]'
2022-11-13 23:18:10.169 [DEBUG] [thread-id 1] - sleep:  2000 milliseconds
2022-11-13 23:18:12.614 [DEBUG] [thread-id 1] - Enter text: 'us.data.flow049.ios.password'
2022-11-13 23:18:19.587 [DEBUG] [thread-id 1] - Click element: 'Done'
2022-11-13 23:18:19.950 [DEBUG] [thread-id 1] - Hide keyboard: 'true'
2022-11-13 23:18:20.175 [DEBUG] [thread-id 1] - sleep:  5000 milliseconds
2022-11-13 23:18:25.544 [DEBUG] [thread-id 1] - conditionally execute a flow. condition: true
2022-11-13 23:18:26.460 [DEBUG] [thread-id 1] - Click element: '//XCUIElementTypeStaticText[@name="Create an account"] |  //XCUIElementTypeButton[@name="SignInView.createAccountButton"]'
2022-11-13 23:18:27.008 [DEBUG] [thread-id 1] - sleep:  3000 milliseconds
2022-11-13 23:18:52.448 [DEBUG] [thread-id 1] - Main failed: Is present: '//XCUIElementTypeStaticText[@name="Create an account"] |  //XCUIElementTypeButton[@name="SignInView.createAccountButton"]'
2022-11-13 23:18:58.574 [DEBUG] [thread-id 1] - Created report: /Users/m0k0a2f/glass-automation/report/index.html
2022-11-13 23:23:31.077 [WARN] [thread-id 1] - no flow for function 'ca.test.functions.home.navigateHomeToSignInIos'. this function will not be available to call.
2022-11-13 23:23:59.587 [DEBUG] [thread-id 1] - Executing R2 3.29.0: '/Users/m0k0a2f/glass-automation/./us/test/test-scripts/ios/golden-flows/multifulfillment-flows/Petrx-mixed.yaml' on device: 'iPhone 13'
2022-11-13 23:24:35.413 [DEBUG] [thread-id 1] - Executing scenario: 'Before'
2022-11-13 23:24:35.426 [DEBUG] [thread-id 1] - Execute before steps
2022-11-13 23:24:35.429 [DEBUG] [thread-id 1] - R2_SUBFLOW_PRE_TRANSACTION
2022-11-13 23:24:35.516 [DEBUG] [thread-id 1] - Using us-errors-helpers.yaml
2022-11-13 23:24:35.612 [DEBUG] [thread-id 1] - Start Main
2022-11-13 23:24:35.705 [DEBUG] [thread-id 1] - Timestamp: 1668410675705
2022-11-13 23:24:35.712 [DEBUG] [thread-id 1] - Executing function: 'us.functions.global.onboarding.navigateOnboardingToHome'
2022-11-13 23:24:35.714 [DEBUG] [thread-id 1] - Executing function: 'us.function.utils.getEnvironmentValue'
2022-11-13 23:24:35.716 [DEBUG] [thread-id 1] - Store in: store the value 'teflon' in the variable 'env'
2022-11-13 23:24:35.796 [DEBUG] [thread-id 1] - Verify identifier: {//XCUIElementTypeStaticText[@name="WelcomeViewController.titleLabel"] | //XCUIElementTypeStaticText[@name="SignUpNudgeWelcomeViewController.titleLabel"]=[true]}
2022-11-13 23:24:45.816 [DEBUG] [thread-id 1] - conditionally execute a flow. condition: false
2022-11-13 23:24:45.950 [DEBUG] [thread-id 1] - Click element: '//XCUIElementTypeStaticText[@name="Continue"] | //XCUIElementTypeStaticText[@name="Next"] | //XCUIElementTypeStaticText[@name="Continue as guest"]'
2022-11-13 23:24:46.656 [DEBUG] [thread-id 1] - Verify identifier: {NotificationPermissionViewController.titleLabel=[true]}
2022-11-13 23:24:46.755 [DEBUG] [thread-id 1] - Click element: '//XCUIElementTypeStaticText[@name="Not now"] | //XCUIElementTypeButton[@name="cta.cancel.notifications"]'
2022-11-13 23:25:02.240 [DEBUG] [thread-id 1] - Verify identifier: {Share your location=[true]}
2022-11-13 23:25:02.275 [DEBUG] [thread-id 1] - Click element: 'Enter zip code'
2022-11-13 23:25:12.485 [DEBUG] [thread-id 1] - conditionally execute a flow. condition: false
2022-11-13 23:25:12.561 [DEBUG] [thread-id 1] - Observed personalizedScreen
2022-11-13 23:25:12.635 [DEBUG] [thread-id 1] - conditionally execute a flow. condition: true
2022-11-13 23:25:12.725 [DEBUG] [thread-id 1] - Click element: 'Continue'
2022-11-13 23:25:23.065 [DEBUG] [thread-id 1] - conditionally execute a flow. condition: true
2022-11-13 23:25:33.250 [DEBUG] [thread-id 1] - conditionally execute a flow. condition: true
2022-11-13 23:25:33.334 [DEBUG] [thread-id 1] - Click element: 'Continue'
2022-11-13 23:25:34.670 [DEBUG] [thread-id 1] - conditionally execute a flow. condition: true
2022-11-13 23:25:35.818 [DEBUG] [thread-id 1] - Click element: 'Allow'
2022-11-13 23:26:06.921 [DEBUG] [thread-id 1] - Executing function: 'us.functions.utils.tryAgainWhenThereIsError'
2022-11-13 23:26:06.944 [DEBUG] [thread-id 1] - loop: from 0 to 2
2022-11-13 23:26:07.082 [DEBUG] [thread-id 1] - 0
2022-11-13 23:26:17.356 [DEBUG] [thread-id 1] - conditionally execute a flow. condition: false
2022-11-13 23:26:17.464 [DEBUG] [thread-id 1] - Executing function: 'us.functions.onboarding.handleTechnicalErrorPage'
2022-11-13 23:26:17.468 [DEBUG] [thread-id 1] - sleep:  5000 milliseconds
2022-11-13 23:26:22.473 [DEBUG] [thread-id 1] - loop: from 0 to 4
2022-11-13 23:26:22.591 [DEBUG] [thread-id 1] - 0
2022-11-13 23:26:32.728 [DEBUG] [thread-id 1] - conditionally execute a flow. condition: false
2022-11-13 23:26:32.830 [DEBUG] [thread-id 1] - No Technical Error Page observed
2022-11-13 23:26:32.946 [DEBUG] [thread-id 1] - Executing function: 'us.functions.gic.collapseIfExpanded'
2022-11-13 23:26:33.067 [DEBUG] [thread-id 1] - conditionally execute a flow. condition: true
2022-11-13 23:26:33.286 [DEBUG] [thread-id 1] - Click element: '//*[contains(@label,"Expanded")]'
2022-11-13 23:26:33.459 [DEBUG] [thread-id 1] - Executing function: 'us.functions.global.authentication.createAccountFlow'
2022-11-13 23:26:33.850 [DEBUG] [thread-id 1] - Click element: 'Account'
2022-11-13 23:26:34.513 [DEBUG] [thread-id 1] - Click element: '//XCUIElementTypeButton[@name="Account.SignInButton"] | //XCUIElementTypeButton[@name="HeaderView.loginButton"] | //XCUIElementTypeButton[@label="SignInYourAccountTableViewCell.signInButton"] | //XCUIElementTypeButton[@label="Sign in"] | //XCUIElementTypeButton[@label="Sign in or create an account"]'
2022-11-13 23:26:34.716 [DEBUG] [thread-id 1] - Executing function: 'us.functions.global.authentication.dismissSelectSavedPasswordDialog'
2022-11-13 23:26:44.805 [DEBUG] [thread-id 1] - Executing function: 'us.functions.global.authentication.createAccountFromSignInScreen'
2022-11-13 23:26:54.822 [DEBUG] [thread-id 1] - conditionally execute a flow. condition: false
2022-11-13 23:26:55.180 [DEBUG] [thread-id 1] - Enter text: 'e2e.teflon.ios.flow049.1668410675705@gmail.com'
2022-11-13 23:27:06.015 [DEBUG] [thread-id 1] - Click element: 'SignInView.ctaButton'
2022-11-13 23:27:07.008 [DEBUG] [thread-id 1] - sleep:  5000 milliseconds
2022-11-13 23:27:12.242 [DEBUG] [thread-id 1] - Verify if present: '//XCUIElementTypeOther[1]/XCUIElementTypeTextField'
2022-11-13 23:27:12.443 [DEBUG] [thread-id 1] - Enter text: 'TestFirst'
2022-11-13 23:27:15.019 [DEBUG] [thread-id 1] - Enter text: 'TestLast'
2022-11-13 23:27:17.624 [DEBUG] [thread-id 1] - Click element: '//XCUIElementTypeOther[4]/XCUIElementTypeSecureTextField | //XCUIElementTypeOther[@name="SignUpView.passwordField"]'
2022-11-13 23:27:17.879 [DEBUG] [thread-id 1] - sleep:  2000 milliseconds
2022-11-13 23:27:20.332 [DEBUG] [thread-id 1] - Enter text: 'E2epassword'
2022-11-13 23:27:23.851 [DEBUG] [thread-id 1] - Click element: 'Done'
2022-11-13 23:27:24.186 [DEBUG] [thread-id 1] - Hide keyboard: 'true'
2022-11-13 23:27:24.430 [DEBUG] [thread-id 1] - sleep:  5000 milliseconds
2022-11-13 23:27:40.369 [DEBUG] [thread-id 1] - sleep:  3000 milliseconds
2022-11-13 23:27:43.593 [DEBUG] [thread-id 1] - Verify identifier: {//XCUIElementTypeStaticText[@name="Create an account"] |  //XCUIElementTypeButton[@name="SignInView.createAccountButton"]=[true]}
2022-11-13 23:27:43.854 [DEBUG] [thread-id 1] - conditionally execute a flow. condition: true
2022-11-13 23:27:45.207 [DEBUG] [thread-id 1] - Click element: '//XCUIElementTypeButton[@name="Don’t Allow"] | //XCUIElementTypeButton[@name="Don’t Allow"]'
2022-11-13 23:27:46.366 [DEBUG] [thread-id 1] - Executing function: 'us.functions.utils.handleCartMergePopup'
2022-11-13 23:27:46.366 [DEBUG] [thread-id 1] - sleep:  7000 milliseconds
2022-11-13 23:27:53.387 [DEBUG] [thread-id 1] - loop: from 0 to 4
2022-11-13 23:27:53.873 [DEBUG] [thread-id 1] - 0
2022-11-13 23:28:04.494 [DEBUG] [thread-id 1] - conditionally execute a flow. condition: false
2022-11-13 23:28:04.978 [DEBUG] [thread-id 1] - No Technical Error Page observed
2022-11-13 23:28:05.481 [DEBUG] [thread-id 1] - Executing function: 'us.functions.global.navigation.accountToHome'
2022-11-13 23:28:05.881 [DEBUG] [thread-id 1] - Click element: '//XCUIElementTypeButton[@name="Shop"] |  //XCUIElementTypeButton[@name="Home"]'
2022-11-13 23:28:06.130 [DEBUG] [thread-id 1] - Executing function: 'us.functions.home.closeWPlusPromotionPopUpIfDisplayed'
2022-11-13 23:28:06.131 [DEBUG] [thread-id 1] - sleep:  5000 milliseconds
2022-11-13 23:28:21.745 [DEBUG] [thread-id 1] - Verify identifier: {//XCUIElementTypeSearchField[@name="Search Walmart"] | //XCUIElementTypeOther[@name="Search Walmart"]/XCUIElementTypeOther | //XCUIElementTypeOther[@name="Search Walmart"]=[true]}
2022-11-13 23:28:21.747 [DEBUG] [thread-id 1] - Executing function: 'us.functions.utils.getSearchableItem'
2022-11-13 23:28:21.749 [DEBUG] [thread-id 1] - Store in: store the value 'null' in the variable 'itemFetched'
2022-11-13 23:28:21.749 [DEBUG] [thread-id 1] - Store in: store the value 'null' in the variable 'deeplinkURL'
2022-11-13 23:28:21.757 [WARN] [thread-id 1] - variable source was used, but r2 could not find a value for this variable. returning default of null
2022-11-13 23:28:21.797 [DEBUG] [thread-id 1] - conditionally execute a flow. condition: false
2022-11-13 23:28:22.113 [DEBUG] [thread-id 1] - Item fetched by Astro API
2022-11-13 23:28:22.427 [DEBUG] [thread-id 1] - Executing function: 'us.functions.utils.fetchAstroAvailableItem'
2022-11-13 23:28:22.437 [DEBUG] [thread-id 1] - Fetching Item available in stock using Astro API for Item type Store_Perishable_Each_Weight
2022-11-13 23:28:22.441 [WARN] [thread-id 1] - variable storeId was used, but r2 could not find a value for this variable. returning default of null
2022-11-13 23:28:22.456 [DEBUG] [thread-id 1] - conditionally execute a flow. condition: true
2022-11-13 23:28:22.770 [DEBUG] [thread-id 1] - Store in: store the value '32144' in the variable 'storeId'
2022-11-13 23:28:22.788 [WARN] [thread-id 1] - variable itemStatusHeader was used, but r2 could not find a value for this variable. returning default of null
2022-11-13 23:28:22.794 [DEBUG] [thread-id 1] - conditionally execute a flow. condition: true
2022-11-13 23:28:23.098 [DEBUG] [thread-id 1] - Store in: store the value 'SUCCESS' in the variable 'itemStatusHeader'
2022-11-13 23:28:23.116 [DEBUG] [thread-id 1] - Store in: store the value 'null' in the variable 'itemDetails'
2022-11-13 23:28:23.429 [DEBUG] [thread-id 1] - Call API: 'http://astro.walmart.com/api/v3/teflon/internal/getItemHealth/32144/Store_Perishable_Each_Weight'
2022-11-13 23:28:28.863 [DEBUG] [thread-id 1] - Response code is: '200'. Response body is: '{"astroStatus":"FAIL","astroDescription":"No Order Types found in itemHealth Collection","astroDetails":[]}'
2022-11-13 23:28:29.228 [DEBUG] [thread-id 1] - conditionally execute a flow. condition: true
2022-11-13 23:28:49.288 [DEBUG] [thread-id 1] - Store in: store the value 'unavailable' in the variable 'itemDetails'
2022-11-13 23:28:49.297 [DEBUG] [thread-id 1] - conditionally execute a flow. condition: true
2022-11-13 23:29:10.388 [DEBUG] [thread-id 1] - Main failed: DATA_FAILURE - teflon, no eligible item for the tag - Store_Perishable_Each_Weight and store 32144 found
2022-11-13 23:29:12.019 [DEBUG] [thread-id 1] - Executing R2 3.29.0: '/Users/m0k0a2f/glass-automation/./us/test/test-scripts/ios/golden-flows/multifulfillment-flows/flow045-glass-mixedOrder-sc+fc-Promo$off copy.yaml' on device: 'iPhone 13'
2022-11-13 23:29:49.319 [DEBUG] [thread-id 1] - Executing scenario: 'Before'
2022-11-13 23:29:49.322 [DEBUG] [thread-id 1] - Execute before steps
2022-11-13 23:29:49.324 [DEBUG] [thread-id 1] - R2_SUBFLOW_PRE_TRANSACTION
2022-11-13 23:29:49.393 [DEBUG] [thread-id 1] - Using us-errors-helpers.yaml
2022-11-13 23:29:49.460 [DEBUG] [thread-id 1] - Start Main
2022-11-13 23:29:49.460 [DEBUG] [thread-id 1] - Timestamp: 1668410989460
2022-11-13 23:29:49.462 [DEBUG] [thread-id 1] - Executing function: 'us.functions.global.onboarding.navigateOnboardingToHome'
2022-11-13 23:29:49.462 [DEBUG] [thread-id 1] - Executing function: 'us.function.utils.getEnvironmentValue'
2022-11-13 23:29:49.462 [DEBUG] [thread-id 1] - Store in: store the value 'teflon' in the variable 'env'
2022-11-13 23:29:49.535 [DEBUG] [thread-id 1] - Verify identifier: {//XCUIElementTypeStaticText[@name="WelcomeViewController.titleLabel"] | //XCUIElementTypeStaticText[@name="SignUpNudgeWelcomeViewController.titleLabel"]=[true]}
2022-11-13 23:29:59.576 [DEBUG] [thread-id 1] - conditionally execute a flow. condition: false
2022-11-13 23:29:59.704 [DEBUG] [thread-id 1] - Click element: '//XCUIElementTypeStaticText[@name="Continue"] | //XCUIElementTypeStaticText[@name="Next"] | //XCUIElementTypeStaticText[@name="Continue as guest"]'
2022-11-13 23:30:00.301 [DEBUG] [thread-id 1] - Verify identifier: {NotificationPermissionViewController.titleLabel=[true]}
2022-11-13 23:30:00.389 [DEBUG] [thread-id 1] - Click element: '//XCUIElementTypeStaticText[@name="Not now"] | //XCUIElementTypeButton[@name="cta.cancel.notifications"]'
2022-11-13 23:30:20.806 [DEBUG] [thread-id 1] - Main failed: Is not present: 'Share your location'
2022-11-13 23:30:26.299 [DEBUG] [thread-id 1] - Created report: /Users/m0k0a2f/glass-automation/report/index.html
