2022-12-24 13:25:10.604 [DEBUG] [thread-id 1] - Executing R2 3.29.0: '/Users/m0k0a2f/glass-automation/./us/test/test-scripts/ios/golden-flows/PetRx-flows/flow0349-PetRX-multiple-Pet-Vet-order.yaml' on device: 'iPhone 13'
2022-12-24 13:25:32.507 [DEBUG] [thread-id 1] - Created report: /Users/m0k0a2f/glass-automation/report/index.html
2022-12-24 13:34:50.791 [DEBUG] [thread-id 1] - Executing R2 3.29.0: '/Users/m0k0a2f/glass-automation/./us/test/test-scripts/ios/golden-flows/PetRx-flows/flow0349-PetRX-multiple-Pet-Vet-order.yaml' on device: 'iPhone 13'
2022-12-24 13:36:11.444 [DEBUG] [thread-id 1] - Executing scenario: 'Before'
2022-12-24 13:36:11.459 [DEBUG] [thread-id 1] - Execute before steps
2022-12-24 13:36:11.462 [DEBUG] [thread-id 1] - R2_SUBFLOW_PRE_TRANSACTION
2022-12-24 13:36:11.466 [DEBUG] [thread-id 1] - Executing function: 'us.functions.utils.astro.clearCart'
2022-12-24 13:36:11.625 [DEBUG] [thread-id 1] - Call API: 'http://astro.walmart.com/api/v2/teflon/customer/walp@gmail.com/clearcart'
2022-12-24 13:36:21.706 [ERROR] [thread-id 1] - java.net.UnknownHostException: astro.walmart.com: nodename nor servname provided, or not known
2022-12-24 13:36:21.707 [INFO] [thread-id 1] - Empty response from callAPI using http://astro.walmart.com/api/v2/teflon/customer/walp@gmail.com/clearcart retrying...
2022-12-24 13:36:23.718 [INFO] [thread-id 1] - Call API: 'http://astro.walmart.com/api/v2/teflon/customer/walp@gmail.com/clearcart'
2022-12-24 13:36:33.734 [ERROR] [thread-id 1] - java.net.UnknownHostException: astro.walmart.com: nodename nor servname provided, or not known
2022-12-24 13:36:33.734 [INFO] [thread-id 1] - Empty response from callAPI using http://astro.walmart.com/api/v2/teflon/customer/walp@gmail.com/clearcart retrying...
2022-12-24 13:36:35.743 [INFO] [thread-id 1] - Call API: 'http://astro.walmart.com/api/v2/teflon/customer/walp@gmail.com/clearcart'
2022-12-24 13:36:45.750 [ERROR] [thread-id 1] - java.net.UnknownHostException: astro.walmart.com: nodename nor servname provided, or not known
2022-12-24 13:36:45.751 [INFO] [thread-id 1] - Empty response from callAPI using http://astro.walmart.com/api/v2/teflon/customer/walp@gmail.com/clearcart retrying...
2022-12-24 13:36:47.756 [INFO] [thread-id 1] - Call API: 'http://astro.walmart.com/api/v2/teflon/customer/walp@gmail.com/clearcart'
2022-12-24 13:36:57.769 [ERROR] [thread-id 1] - java.net.UnknownHostException: astro.walmart.com: nodename nor servname provided, or not known
2022-12-24 13:36:57.770 [INFO] [thread-id 1] - Empty response from callAPI using http://astro.walmart.com/api/v2/teflon/customer/walp@gmail.com/clearcart retrying...
2022-12-24 13:36:59.775 [INFO] [thread-id 1] - Call API: 'http://astro.walmart.com/api/v2/teflon/customer/walp@gmail.com/clearcart'
2022-12-24 13:37:09.791 [ERROR] [thread-id 1] - java.net.UnknownHostException: astro.walmart.com: nodename nor servname provided, or not known
2022-12-24 13:37:09.792 [INFO] [thread-id 1] - Empty response from callAPI using http://astro.walmart.com/api/v2/teflon/customer/walp@gmail.com/clearcart retrying...
2022-12-24 13:37:11.796 [INFO] [thread-id 1] - Call API: 'http://astro.walmart.com/api/v2/teflon/customer/walp@gmail.com/clearcart'
2022-12-24 13:37:21.815 [ERROR] [thread-id 1] - java.net.UnknownHostException: astro.walmart.com: nodename nor servname provided, or not known
2022-12-24 13:37:22.058 [WARN] [thread-id 1] - variable clearCartStatus was used, but r2 could not find a value for this variable. returning default of null
2022-12-24 13:37:22.094 [DEBUG] [thread-id 1] - conditionally execute a flow. condition: true
2022-12-24 13:37:23.897 [DEBUG] [thread-id 1] - Before failed: API_FAILURE - ASTRO - Cart not cleared
2022-12-24 13:37:24.107 [DEBUG] [thread-id 1] - Executing scenario: 'After'
2022-12-24 13:37:24.108 [DEBUG] [thread-id 1] - Executing function: 'us.functions.utils.afterSteps'
2022-12-24 13:37:24.118 [WARN] [thread-id 1] - variable testStatus was used, but r2 could not find a value for this variable. returning default of null
2022-12-24 13:37:24.127 [DEBUG] [thread-id 1] - conditionally execute a flow. condition: false
2022-12-24 13:37:24.235 [DEBUG] [thread-id 1] - Test failed
2022-12-24 13:37:24.365 [DEBUG] [thread-id 1] - Executing function: 'us.functions.utils.closeErrorAlertIfExists'
2022-12-24 13:37:39.121 [DEBUG] [thread-id 1] - Created report: /Users/m0k0a2f/glass-automation/report/index.html
2022-12-24 13:46:00.112 [DEBUG] [thread-id 1] - Executing R2 3.29.0: '/Users/m0k0a2f/glass-automation/./us/test/test-scripts/ios/golden-flows/PetRx-flows/flow0349-PetRX-multiple-Pet-Vet-order.yaml' on device: 'iPhone 13'
2022-12-24 13:47:03.207 [DEBUG] [thread-id 1] - Executing scenario: 'Before'
2022-12-24 13:47:03.213 [DEBUG] [thread-id 1] - Execute before steps
2022-12-24 13:47:03.215 [DEBUG] [thread-id 1] - R2_SUBFLOW_PRE_TRANSACTION
2022-12-24 13:47:03.217 [DEBUG] [thread-id 1] - Executing function: 'us.functions.utils.astro.clearCart'
2022-12-24 13:47:03.360 [DEBUG] [thread-id 1] - Call API: 'http://astro.walmart.com/api/v2/teflon/customer/walp@gmail.com/clearcart'
2022-12-24 13:47:21.387 [DEBUG] [thread-id 1] - Response code is: '200'. Response body is: '{"astroStatus":"SUCCESS","astroDescription":"CART_CLEARED","astroDetails":{"dbSessionMap":{"CXO_CART_ST":"{\"mtoken\":\"1:14#149513999#2=160117027#8=75317741\"}"},"checkoutable":false,"cart":{"id":"18b2983d-a2ff-4269-bd1f-dbf449a49322","buyer":{"id":"70c68aba-a7ca-49ca-9daf-3eec75e8f609","type":"CUSTOMER"},"storeIds":[],"itemCount":0,"entityErrors":[],"shipping":{"id":"12d983aa-be13-4257-ba7f-bc930b94767f","dbLockVersion":0,"dbSessionMap":{},"dbLockMap":{},"postalCode":"95122","city":"San Jose","state":"CA","countryCode":"USA","latitude":37.606689,"longitude":-122.426362,"isPOBox":false,"isAPOFPO":false},"currencyCode":"USD","preview":false,"tenantId":0,"verticalId":0,"checkoutableErrors":[],"intent":"PICKUP","pickupStore":{"city":"San Jose","stateOrProvinceCode":"CA","countryCode":"USA","postalCode":"95122","storeId":"32144","services":[]},"deliveryStore":{"city":"San Jose","stateOrProvinceCode":"CA","countryCode":"USA","postalCode":"95122","storeId":"32144","services":[]},"mpStores":[],"fulfillmentPlans":[],"accessPoints":[{"id":"f681d48a-7be4-43ea-8e10-229a1f00db37","name":"32144 - Home Delivery","storeId":32144,"fulfillmentType":"DELIVERY","fulfillmentOption":"DELIVERY","supportedTimeZone":"US/Pacific","locationInstruction":"[{\"type\":\"CHECKIN_DEFAULT\",\"value\":\"<div> <p> In order to protect the safety of our customers & associates, we've temporarily moved to a no-contact pickup in store process. </p> <br /> <br /><b>Please bring your government-issued ID</b><br /> <ol> <li>Check in with the app to let us know you're on the way.</li> <li> Park in a designated pickup spot, stay in your vehicle and keep your windows rolled up. </li> <li> A Walmart associate will request access to your trunk or back seat, then they'll load your order. </li> <li>You're all set! The associate will sign for the order.</li> </ol> </div>\"},{\"type\":\"EMAIL_DEFAULT\",\"value\":\"<div> <p> In order to protect the safety of our customers & associates, we've temporarily moved to a no-contact pickup in store process. </p> <br /> <br /><b>Please bring your government-issued ID</b><br /> <ol> <li>Check in with the app to let us know you're on the way.</li> <li> Park in a designated pickup spot, stay in your vehicle and keep your windows rolled up. </li> <li> A Walmart associate will request access to your trunk or back seat, then they'll load your order. </li> <li>You're all set! The associate will sign for the order.</li> </ol> </div>\"}]","isStoreEbtEligible":false,"allowAlcohol":false,"restrictions":[],"accessType":"DELIVERY_ADDRESS","storeCategory":"Supercenter","nodeType":"STORE","allowBagFee":true,"isBagFeeMandatory":false,"address":{"postalCode":"95122","addressLineOne":"777 Story Rd","city":"San Jose","state":"CA","addressTypeName":"OFFICE","isPOBox":false,"countryCode":"USA"}},{"id":"6168c2e3-fc36-4827-98e6-d717d10af1d6","name":"Walmart San Jose Store #32144","storeId":32144,"fulfillmentType":"INSTORE_PICKUP","fulfillmentOption":"PICKUP","supportedTimeZone":"US/Pacific","locationInstruction":"[{\"type\":\"CHECKIN_DEFAULT\",\"value\":\"<div> <p> In order to protect the safety of our customers & associates, we've temporarily moved to a no-contact pickup in store process or curbside. </p> <br /> <br /><b>Please bring your government-issued ID</b><br /> <ol> <li>Check in with the app to let us know you're on the way.</li> <li> Park in a designated pickup spot, stay in your vehicle and keep your windows rolled up. </li> <li> A Walmart associate will request access to your trunk or back seat, then they'll load your order. </li> <li>You're all set! The associate will sign for the order.</li> </ol> </div>\"},{\"type\":\"EMAIL_DEFAULT\",\"value\":\"NA\"},{\"type\":\"CHECKIN_1\",\"value\":\"Next, tell us when you’ve parked. Park by the pickup sign and enter your parking info so we can find you faster.\"}]","isStoreEbtEligible":true,"allowAlcohol":true,"restrictions":[],"accessType":"PICKUP_CURBSIDE","storeCategory":"Supercenter","nodeType":"STORE","allowBagFee":true,"isBagFeeMandatory":false,"address":{"postalCode":"95122","addressLineOne":"777 Story Rd","city":"San Jose","state":"CA","addressTypeName":"OFFICE","isPOBox":false,"countryCode":"USA"}}],"reservations":[],"isExplicitIntent":false,"hasGiftEligibleItem":false,"warnings":[],"restrictions":[]},"isOmniPromiseResponse":true}}'
2022-12-24 13:47:21.571 [DEBUG] [thread-id 1] - Cart cleared for walp@gmail.com
2022-12-24 13:47:21.722 [DEBUG] [thread-id 1] - Using us-errors-helpers.yaml
2022-12-24 13:47:21.846 [DEBUG] [thread-id 1] - Start Main
2022-12-24 13:47:21.854 [DEBUG] [thread-id 1] - Executing function: 'us.functions.global.onboarding.navigateOnboardingToHome'
2022-12-24 13:47:21.857 [DEBUG] [thread-id 1] - Executing function: 'us.function.utils.getEnvironmentValue'
2022-12-24 13:47:21.862 [DEBUG] [thread-id 1] - Store in: store the value 'teflon' in the variable 'env'
2022-12-24 13:47:22.045 [DEBUG] [thread-id 1] - Verify identifier: {//XCUIElementTypeStaticText[@name="WelcomeViewController.titleLabel"] | //XCUIElementTypeStaticText[@name="SignUpNudgeWelcomeViewController.titleLabel"]=[true]}
2022-12-24 13:47:32.155 [DEBUG] [thread-id 1] - conditionally execute a flow. condition: false
2022-12-24 13:47:32.449 [DEBUG] [thread-id 1] - Click element: '//XCUIElementTypeStaticText[@name="Continue"] | //XCUIElementTypeStaticText[@name="Next"] | //XCUIElementTypeStaticText[@name="Continue as guest"]'
2022-12-24 13:47:33.449 [DEBUG] [thread-id 1] - Verify identifier: {NotificationPermissionViewController.titleLabel=[true]}
2022-12-24 13:47:33.624 [DEBUG] [thread-id 1] - Click element: '//XCUIElementTypeStaticText[@name="Not now"] | //XCUIElementTypeButton[@name="cta.cancel.notifications"]'
2022-12-24 13:47:34.022 [DEBUG] [thread-id 1] - Verify identifier: {Share your location=[true]}
2022-12-24 13:47:34.080 [DEBUG] [thread-id 1] - Click element: 'Enter zip code'
2022-12-24 13:47:44.383 [DEBUG] [thread-id 1] - conditionally execute a flow. condition: false
2022-12-24 13:47:44.513 [DEBUG] [thread-id 1] - Observed personalizedScreen
2022-12-24 13:47:44.658 [DEBUG] [thread-id 1] - conditionally execute a flow. condition: true
2022-12-24 13:47:44.857 [DEBUG] [thread-id 1] - Click element: 'Continue'
2022-12-24 13:48:29.509 [DEBUG] [thread-id 1] - Executing function: 'us.functions.utils.tryAgainWhenThereIsError'
2022-12-24 13:48:29.528 [DEBUG] [thread-id 1] - loop: from 0 to 2
2022-12-24 13:48:31.360 [DEBUG] [thread-id 1] - 0
2022-12-24 13:48:44.254 [DEBUG] [thread-id 1] - conditionally execute a flow. condition: false
2022-12-24 13:48:46.089 [DEBUG] [thread-id 1] - Executing function: 'us.functions.onboarding.handleTechnicalErrorPage'
2022-12-24 13:48:46.090 [DEBUG] [thread-id 1] - sleep:  5000 milliseconds
2022-12-24 13:48:51.107 [DEBUG] [thread-id 1] - loop: from 0 to 4
2022-12-24 13:48:52.914 [DEBUG] [thread-id 1] - 0
2022-12-24 13:49:06.240 [DEBUG] [thread-id 1] - conditionally execute a flow. condition: false
2022-12-24 13:49:08.054 [DEBUG] [thread-id 1] - No Technical Error Page observed
2022-12-24 13:49:09.914 [DEBUG] [thread-id 1] - Executing function: 'us.functions.gic.collapseIfExpanded'
2022-12-24 13:49:20.040 [DEBUG] [thread-id 1] - conditionally execute a flow. condition: false
2022-12-24 13:49:20.170 [DEBUG] [thread-id 1] - gic is collapsed
2022-12-24 13:49:20.183 [DEBUG] [thread-id 1] - Executing function: 'us.functions.home.navigateHomeToSignIn'
2022-12-24 13:49:41.119 [DEBUG] [thread-id 1] - Main failed: Cannot click 'Account'
2022-12-24 13:49:41.279 [DEBUG] [thread-id 1] - Executing scenario: 'After'
2022-12-24 13:49:41.289 [DEBUG] [thread-id 1] - Executing function: 'us.functions.utils.afterSteps'
2022-12-24 13:49:41.298 [WARN] [thread-id 1] - variable testStatus was used, but r2 could not find a value for this variable. returning default of null
2022-12-24 13:49:41.334 [DEBUG] [thread-id 1] - conditionally execute a flow. condition: false
2022-12-24 13:49:41.443 [DEBUG] [thread-id 1] - Test failed
2022-12-24 13:49:41.553 [DEBUG] [thread-id 1] - Executing function: 'us.functions.utils.closeErrorAlertIfExists'
2022-12-24 13:50:25.061 [DEBUG] [thread-id 1] - Executing R2 3.29.0: '/Users/m0k0a2f/glass-automation/./us/test/test-scripts/ios/golden-flows/PetRx-flows/flow0349-PetRX-multiple-Pet-Vet-order.yaml' on device: 'iPhone 13'
2022-12-24 13:51:06.375 [DEBUG] [thread-id 1] - Executing scenario: 'Before'
2022-12-24 13:51:06.382 [DEBUG] [thread-id 1] - Execute before steps
2022-12-24 13:51:06.384 [DEBUG] [thread-id 1] - R2_SUBFLOW_PRE_TRANSACTION
2022-12-24 13:51:06.387 [DEBUG] [thread-id 1] - Executing function: 'us.functions.utils.astro.clearCart'
2022-12-24 13:51:06.528 [DEBUG] [thread-id 1] - Call API: 'http://astro.walmart.com/api/v2/teflon/customer/walp@gmail.com/clearcart'
2022-12-24 13:51:19.374 [DEBUG] [thread-id 1] - Response code is: '200'. Response body is: '{"astroStatus":"SUCCESS","astroDescription":"CART_CLEARED","astroDetails":{"dbSessionMap":{"CXO_CART_ST":"{\"mtoken\":\"1:14#149514338#2=160117027#8=75317741\"}"},"checkoutable":false,"cart":{"id":"18b2983d-a2ff-4269-bd1f-dbf449a49322","buyer":{"id":"70c68aba-a7ca-49ca-9daf-3eec75e8f609","type":"CUSTOMER"},"storeIds":[],"itemCount":0,"entityErrors":[],"shipping":{"id":"fc528500-fbfe-4ab9-9afe-c64d4a07cf85","dbLockVersion":0,"dbSessionMap":{},"dbLockMap":{},"postalCode":"95122","city":"San Jose","state":"CA","countryCode":"USA","latitude":37.606689,"longitude":-122.426362,"isPOBox":false,"isAPOFPO":false},"currencyCode":"USD","preview":false,"tenantId":0,"verticalId":0,"checkoutableErrors":[],"intent":"PICKUP","pickupStore":{"city":"San Jose","stateOrProvinceCode":"CA","countryCode":"USA","postalCode":"95122","storeId":"32144","services":[]},"deliveryStore":{"city":"San Jose","stateOrProvinceCode":"CA","countryCode":"USA","postalCode":"95122","storeId":"32144","services":[]},"fulfillmentPlans":[],"accessPoints":[{"id":"f681d48a-7be4-43ea-8e10-229a1f00db37","name":"32144 - Home Delivery","storeId":32144,"fulfillmentType":"DELIVERY","fulfillmentOption":"DELIVERY","supportedTimeZone":"US/Pacific","locationInstruction":"[{\"type\":\"CHECKIN_DEFAULT\",\"value\":\"<div> <p> In order to protect the safety of our customers & associates, we've temporarily moved to a no-contact pickup in store process. </p> <br /> <br /><b>Please bring your government-issued ID</b><br /> <ol> <li>Check in with the app to let us know you're on the way.</li> <li> Park in a designated pickup spot, stay in your vehicle and keep your windows rolled up. </li> <li> A Walmart associate will request access to your trunk or back seat, then they'll load your order. </li> <li>You're all set! The associate will sign for the order.</li> </ol> </div>\"},{\"type\":\"EMAIL_DEFAULT\",\"value\":\"<div> <p> In order to protect the safety of our customers & associates, we've temporarily moved to a no-contact pickup in store process. </p> <br /> <br /><b>Please bring your government-issued ID</b><br /> <ol> <li>Check in with the app to let us know you're on the way.</li> <li> Park in a designated pickup spot, stay in your vehicle and keep your windows rolled up. </li> <li> A Walmart associate will request access to your trunk or back seat, then they'll load your order. </li> <li>You're all set! The associate will sign for the order.</li> </ol> </div>\"}]","isStoreEbtEligible":false,"allowAlcohol":false,"restrictions":[],"accessType":"DELIVERY_ADDRESS","storeCategory":"Supercenter","nodeType":"STORE","allowBagFee":true,"isBagFeeMandatory":false,"address":{"postalCode":"95122","addressLineOne":"777 Story Rd","city":"San Jose","state":"CA","addressTypeName":"OFFICE","isPOBox":false,"countryCode":"USA"}},{"id":"6168c2e3-fc36-4827-98e6-d717d10af1d6","name":"Walmart San Jose Store #32144","storeId":32144,"fulfillmentType":"INSTORE_PICKUP","fulfillmentOption":"PICKUP","supportedTimeZone":"US/Pacific","locationInstruction":"[{\"type\":\"CHECKIN_DEFAULT\",\"value\":\"<div> <p> In order to protect the safety of our customers & associates, we've temporarily moved to a no-contact pickup in store process or curbside. </p> <br /> <br /><b>Please bring your government-issued ID</b><br /> <ol> <li>Check in with the app to let us know you're on the way.</li> <li> Park in a designated pickup spot, stay in your vehicle and keep your windows rolled up. </li> <li> A Walmart associate will request access to your trunk or back seat, then they'll load your order. </li> <li>You're all set! The associate will sign for the order.</li> </ol> </div>\"},{\"type\":\"EMAIL_DEFAULT\",\"value\":\"NA\"},{\"type\":\"CHECKIN_1\",\"value\":\"Next, tell us when you’ve parked. Park by the pickup sign and enter your parking info so we can find you faster.\"}]","isStoreEbtEligible":true,"allowAlcohol":true,"restrictions":[],"accessType":"PICKUP_CURBSIDE","storeCategory":"Supercenter","nodeType":"STORE","allowBagFee":true,"isBagFeeMandatory":false,"address":{"postalCode":"95122","addressLineOne":"777 Story Rd","city":"San Jose","state":"CA","addressTypeName":"OFFICE","isPOBox":false,"countryCode":"USA"}}],"reservations":[],"isExplicitIntent":false,"hasGiftEligibleItem":false,"warnings":[],"restrictions":[]},"isOmniPromiseResponse":true}}'
2022-12-24 13:51:19.553 [DEBUG] [thread-id 1] - Cart cleared for walp@gmail.com
2022-12-24 13:51:19.699 [DEBUG] [thread-id 1] - Using us-errors-helpers.yaml
2022-12-24 13:51:19.822 [DEBUG] [thread-id 1] - Start Main
2022-12-24 13:51:19.825 [DEBUG] [thread-id 1] - Executing function: 'us.functions.global.onboarding.navigateOnboardingToHome'
2022-12-24 13:51:19.828 [DEBUG] [thread-id 1] - Executing function: 'us.function.utils.getEnvironmentValue'
2022-12-24 13:51:19.837 [DEBUG] [thread-id 1] - Store in: store the value 'teflon' in the variable 'env'
2022-12-24 13:51:20.029 [DEBUG] [thread-id 1] - Verify identifier: {//XCUIElementTypeStaticText[@name="WelcomeViewController.titleLabel"] | //XCUIElementTypeStaticText[@name="SignUpNudgeWelcomeViewController.titleLabel"]=[true]}
2022-12-24 13:51:30.127 [DEBUG] [thread-id 1] - conditionally execute a flow. condition: false
2022-12-24 13:51:30.399 [DEBUG] [thread-id 1] - Click element: '//XCUIElementTypeStaticText[@name="Continue"] | //XCUIElementTypeStaticText[@name="Next"] | //XCUIElementTypeStaticText[@name="Continue as guest"]'
2022-12-24 13:51:31.310 [DEBUG] [thread-id 1] - Verify identifier: {NotificationPermissionViewController.titleLabel=[true]}
2022-12-24 13:51:31.535 [DEBUG] [thread-id 1] - Click element: '//XCUIElementTypeStaticText[@name="Not now"] | //XCUIElementTypeButton[@name="cta.cancel.notifications"]'
2022-12-24 13:51:31.882 [DEBUG] [thread-id 1] - Verify identifier: {Share your location=[true]}
2022-12-24 13:51:31.940 [DEBUG] [thread-id 1] - Click element: 'Enter zip code'
2022-12-24 13:51:42.253 [DEBUG] [thread-id 1] - conditionally execute a flow. condition: false
2022-12-24 13:51:42.389 [DEBUG] [thread-id 1] - Observed personalizedScreen
2022-12-24 13:51:42.533 [DEBUG] [thread-id 1] - conditionally execute a flow. condition: true
2022-12-24 13:51:42.714 [DEBUG] [thread-id 1] - Click element: 'Continue'
2022-12-24 13:51:44.534 [DEBUG] [thread-id 1] - conditionally execute a flow. condition: true
2022-12-24 13:51:46.089 [DEBUG] [thread-id 1] - Click element: 'Ask App Not to Track'
2022-12-24 13:52:16.970 [DEBUG] [thread-id 1] - Executing function: 'us.functions.utils.tryAgainWhenThereIsError'
2022-12-24 13:52:16.999 [DEBUG] [thread-id 1] - loop: from 0 to 2
2022-12-24 13:52:17.218 [DEBUG] [thread-id 1] - 0
2022-12-24 13:52:27.870 [DEBUG] [thread-id 1] - conditionally execute a flow. condition: false
2022-12-24 13:52:28.104 [DEBUG] [thread-id 1] - Executing function: 'us.functions.onboarding.handleTechnicalErrorPage'
2022-12-24 13:52:28.105 [DEBUG] [thread-id 1] - sleep:  5000 milliseconds
2022-12-24 13:52:33.121 [DEBUG] [thread-id 1] - loop: from 0 to 4
2022-12-24 13:52:33.375 [DEBUG] [thread-id 1] - 0
2022-12-24 13:52:43.824 [DEBUG] [thread-id 1] - conditionally execute a flow. condition: false
2022-12-24 13:52:44.034 [DEBUG] [thread-id 1] - No Technical Error Page observed
2022-12-24 13:52:44.306 [DEBUG] [thread-id 1] - Executing function: 'us.functions.gic.collapseIfExpanded'
2022-12-24 13:52:44.559 [DEBUG] [thread-id 1] - conditionally execute a flow. condition: true
2022-12-24 13:52:44.995 [DEBUG] [thread-id 1] - Click element: '//*[contains(@label,"Expanded")]'
2022-12-24 13:52:45.262 [DEBUG] [thread-id 1] - Executing function: 'us.functions.home.navigateHomeToSignIn'
2022-12-24 13:52:45.895 [DEBUG] [thread-id 1] - Click element: 'Account'
2022-12-24 13:52:46.268 [DEBUG] [thread-id 1] - sleep:  3000 milliseconds
2022-12-24 13:52:49.962 [DEBUG] [thread-id 1] - Verify identifier: {//XCUIElementTypeButton[@name="Account.SignInButton"] | //XCUIElementTypeButton[@name="HeaderView.loginButton"] | //XCUIElementTypeButton[@label="SignInYourAccountTableViewCell.signInButton"] | //XCUIElementTypeButton[@label="Sign in"] | //XCUIElementTypeButton[@label="Sign in or create an account"]=[true]}
2022-12-24 13:52:49.968 [DEBUG] [thread-id 1] - loop: from 1 to 3
2022-12-24 13:52:50.835 [DEBUG] [thread-id 1] - conditionally execute a flow. condition: true
2022-12-24 13:52:51.738 [DEBUG] [thread-id 1] - Click element: '//XCUIElementTypeButton[@name="Account.SignInButton"] | //XCUIElementTypeButton[@name="HeaderView.loginButton"] | //XCUIElementTypeButton[@label="SignInYourAccountTableViewCell.signInButton"] | //XCUIElementTypeButton[@label="Sign in"] | //XCUIElementTypeButton[@label="Sign in or create an account"]'
2022-12-24 13:52:52.665 [DEBUG] [thread-id 1] - sleep:  3000 milliseconds
2022-12-24 13:52:56.435 [DEBUG] [thread-id 1] - conditionally execute a flow. condition: true
2022-12-24 13:52:56.803 [DEBUG] [thread-id 1] - Store in: store the value 'true' in the variable 'signInValidated'
2022-12-24 13:52:57.227 [DEBUG] [thread-id 1] - conditionally execute a flow. condition: true
2022-12-24 13:52:57.622 [DEBUG] [thread-id 1] - SignIn page loaded
2022-12-24 13:52:58.019 [DEBUG] [thread-id 1] - Store in: store the value 'false' in the variable 'signInValidated'
2022-12-24 13:52:58.042 [DEBUG] [thread-id 1] - Executing function: 'us.functions.global.authentication.signInAccount'
2022-12-24 13:52:58.057 [WARN] [thread-id 1] - variable validateSignInPage was used, but r2 could not find a value for this variable. returning default of null
2022-12-24 13:52:58.065 [DEBUG] [thread-id 1] - Executing function: 'us.functions.global.authentication.dismissSelectSavedPasswordDialog'
2022-12-24 13:53:08.927 [DEBUG] [thread-id 1] - Verify identifier: {//XCUIElementTypeTextField=[true]}
2022-12-24 13:53:09.289 [DEBUG] [thread-id 1] - Enter text: 'walp@gmail.com'
2022-12-24 13:53:12.967 [DEBUG] [thread-id 1] - loop: from 1 to 3
2022-12-24 13:53:14.199 [DEBUG] [thread-id 1] - sleep:  3000 milliseconds
2022-12-24 13:53:18.592 [DEBUG] [thread-id 1] - conditionally execute a flow. condition: true
2022-12-24 13:53:20.053 [DEBUG] [thread-id 1] - Click element: 'SignInView.ctaButton'
2022-12-24 13:53:22.326 [DEBUG] [thread-id 1] - conditionally execute a flow. condition: true
2022-12-24 13:53:23.646 [DEBUG] [thread-id 1] - Store in: store the value 'true' in the variable 'signInValidated'
2022-12-24 13:53:25.025 [DEBUG] [thread-id 1] - conditionally execute a flow. condition: true
2022-12-24 13:53:26.209 [DEBUG] [thread-id 1] - Store in: store the value 'false' in the variable 'signInValidated'
2022-12-24 13:53:27.500 [DEBUG] [thread-id 1] - Email entered
2022-12-24 13:53:27.518 [WARN] [thread-id 1] - variable validateSignInPage was used, but r2 could not find a value for this variable. returning default of null
2022-12-24 13:53:27.520 [DEBUG] [thread-id 1] - loop: from 1 to 3
2022-12-24 13:53:28.804 [DEBUG] [thread-id 1] - sleep:  2000 milliseconds
2022-12-24 13:53:32.632 [DEBUG] [thread-id 1] - conditionally execute a flow. condition: true
2022-12-24 13:53:34.517 [DEBUG] [thread-id 1] - Enter text: 'Testing@123'
2022-12-24 13:53:38.558 [DEBUG] [thread-id 1] - sleep:  1000 milliseconds
2022-12-24 13:53:41.835 [DEBUG] [thread-id 1] - Click element: '//XCUIElementTypeStaticText[@name="Sign in"] | //XCUIElementTypeButton[@label="Sign In" or @label="Sign in"] | //XCUIElementTypeButton[@name="OtpView.ctaButton"] | //XCUIElementTypeButton[@label="Sign in or create an account"]'
2022-12-24 13:53:43.571 [DEBUG] [thread-id 1] - sleep:  2000 milliseconds
2022-12-24 13:53:59.988 [DEBUG] [thread-id 1] - Hide keyboard: 'true'
2022-12-24 13:54:01.859 [DEBUG] [thread-id 1] - conditionally execute a flow. condition: true
2022-12-24 13:54:03.292 [DEBUG] [thread-id 1] - Store in: store the value 'true' in the variable 'signInValidated'
2022-12-24 13:54:04.765 [DEBUG] [thread-id 1] - conditionally execute a flow. condition: true
2022-12-24 13:54:06.219 [DEBUG] [thread-id 1] - Account signed in
2022-12-24 13:54:06.660 [DEBUG] [thread-id 1] - conditionally execute a flow. condition: true
2022-12-24 13:54:08.569 [DEBUG] [thread-id 1] - Click element: '//XCUIElementTypeButton[@name="Don’t Allow"] | //XCUIElementTypeButton[@name="Don’t Allow"]'
2022-12-24 13:54:09.240 [DEBUG] [thread-id 1] - Executing function: 'us.functions.utils.handleCartMergePopup'
2022-12-24 13:54:09.241 [DEBUG] [thread-id 1] - sleep:  7000 milliseconds
2022-12-24 13:54:16.264 [DEBUG] [thread-id 1] - loop: from 0 to 4
2022-12-24 13:54:17.181 [DEBUG] [thread-id 1] - 0
2022-12-24 13:54:28.070 [DEBUG] [thread-id 1] - conditionally execute a flow. condition: false
2022-12-24 13:54:28.829 [DEBUG] [thread-id 1] - No Technical Error Page observed
2022-12-24 13:54:29.628 [DEBUG] [thread-id 1] - Executing function: 'us.functions.global.navigation.accountToHome'
2022-12-24 13:54:30.340 [DEBUG] [thread-id 1] - Click element: '//XCUIElementTypeButton[@name="Shop"] |  //XCUIElementTypeButton[@name="Home"]'
2022-12-24 13:54:30.707 [DEBUG] [thread-id 1] - Executing function: 'us.functions.home.closeWPlusPromotionPopUpIfDisplayed'
2022-12-24 13:54:30.708 [DEBUG] [thread-id 1] - sleep:  5000 milliseconds
2022-12-24 13:54:36.547 [DEBUG] [thread-id 1] - conditionally execute a flow. condition: true
2022-12-24 13:54:38.192 [DEBUG] [thread-id 1] - Click element: '//XCUIElementTypeButton[@name="SplashPageViewController.closeButton" or contains(@label, "Close Walmart plus promotional pop up")] | //XCUIElementTypeNavigationBar[@name="WalmartPlus.SplashPageView"]/XCUIElementTypeButton|//XCUIElementTypeButton[@name="close"]'
2022-12-24 13:54:39.341 [DEBUG] [thread-id 1] - Verify identifier: {//XCUIElementTypeSearchField[@name="Search Walmart"] | //XCUIElementTypeOther[@name="Search Walmart"]/XCUIElementTypeOther | //XCUIElementTypeOther[@name="Search Walmart"]=[true]}
2022-12-24 13:54:39.344 [DEBUG] [thread-id 1] - Executing function: 'us.functions.home.rateDriverPopup'
2022-12-24 13:54:39.352 [DEBUG] [thread-id 1] - loop: from 1 to 6
2022-12-24 13:54:39.976 [DEBUG] [thread-id 1] - 1
2022-12-24 13:54:51.137 [DEBUG] [thread-id 1] - conditionally execute a flow. condition: false
2022-12-24 13:54:51.721 [DEBUG] [thread-id 1] - Executing function: 'us.functions.home.setStore'
2022-12-24 13:54:51.760 [DEBUG] [thread-id 1] - Executing function: 'us.functions.utils.getSearchableItem'
2022-12-24 13:54:51.762 [DEBUG] [thread-id 1] - Store in: store the value 'null' in the variable 'itemFetched'
2022-12-24 13:54:51.763 [DEBUG] [thread-id 1] - Store in: store the value 'null' in the variable 'deeplinkURL'
2022-12-24 13:54:51.769 [DEBUG] [thread-id 1] - conditionally execute a flow. condition: false
2022-12-24 13:54:52.342 [DEBUG] [thread-id 1] - Item fetched by Astro API
2022-12-24 13:54:52.924 [DEBUG] [thread-id 1] - Executing function: 'us.functions.utils.fetchAstroAvailableItem'
2022-12-24 13:54:52.932 [DEBUG] [thread-id 1] - Fetching Item available in stock using Astro API for Item type FC_DELIVERY
2022-12-24 13:54:52.934 [WARN] [thread-id 1] - variable storeId was used, but r2 could not find a value for this variable. returning default of null
2022-12-24 13:54:52.948 [DEBUG] [thread-id 1] - conditionally execute a flow. condition: true
2022-12-24 13:54:53.510 [DEBUG] [thread-id 1] - Store in: store the value '32144' in the variable 'storeId'
2022-12-24 13:54:53.538 [WARN] [thread-id 1] - variable itemStatusHeader was used, but r2 could not find a value for this variable. returning default of null
2022-12-24 13:54:53.539 [DEBUG] [thread-id 1] - conditionally execute a flow. condition: true
2022-12-24 13:54:54.110 [DEBUG] [thread-id 1] - Store in: store the value 'SUCCESS' in the variable 'itemStatusHeader'
2022-12-24 13:54:54.139 [DEBUG] [thread-id 1] - conditionally execute a flow. condition: true
2022-12-24 13:54:54.731 [DEBUG] [thread-id 1] - Store in: store the value 'nextgen' in the variable 'version'
2022-12-24 13:54:54.797 [DEBUG] [thread-id 1] - Store in: store the value 'null' in the variable 'itemDetails'
2022-12-24 13:54:55.380 [DEBUG] [thread-id 1] - conditionally execute a flow. condition: true
2022-12-24 13:54:55.957 [DEBUG] [thread-id 1] - NextGen API
2022-12-24 13:54:56.554 [DEBUG] [thread-id 1] - Call API: 'http://astro.walmart.com/api/v3/teflon/internal/getItemHealth/32144/FC_DELIVERY'
2022-12-24 13:55:01.972 [DEBUG] [thread-id 1] - Response code is: '200'. Response body is: '{"astroStatus":"SUCCESS","astroDescription":"Item Health details found in itemHealth Collection","astroDetails":[{"itemId":"1937310256","astroStatus":"SUCCESS","astroDescription":"FC_DELIVERY (1937310256), ORDER CREATED","orderType":"FC_DELIVERY","storeId":"32144","orderNumber":null,"eligiblePaths":[],"inEligiblePaths":[],"_id":"6352f4ae2110d44bb44f332f","__v":0,"createdAt":"2022-10-21T19:36:14.049Z","updatedAt":"2022-12-24T21:51:40.067Z"},{"itemId":"1168705544","astroStatus":"SUCCESS","astroDescription":"FC_DELIVERY (1168705544), ORDER CREATED","orderType":"FC_DELIVERY","storeId":"32144","orderNumber":null,"eligiblePaths":[],"inEligiblePaths":[],"_id":"6352f4ae8d5c5e54d46a5c53","__v":0,"createdAt":"2022-10-21T19:36:14.101Z","updatedAt":"2022-12-24T21:51:39.778Z"},{"itemId":"1463850714","astroStatus":"SUCCESS","astroDescription":"FC_DELIVERY (1463850714), ORDER CREATED","orderType":"FC_DELIVERY","storeId":"32144","orderNumber":null,"eligiblePaths":[],"inEligiblePaths":[],"_id":"6352f4aed30e002434082bd0","__v":0,"createdAt":"2022-10-21T19:36:14.741Z","updatedAt":"2022-12-24T21:51:39.371Z"}]}'
2022-12-24 13:55:02.663 [DEBUG] [thread-id 1] - conditionally execute a flow. condition: false
2022-12-24 13:55:03.261 [DEBUG] [thread-id 1] - SUCCESSFUL item fetched from astro API.
2022-12-24 13:55:03.890 [DEBUG] [thread-id 1] - loop: over '[{"itemId":"1937310256","astroStatus":"SUCCESS","astroDescription":"FC_DELIVERY (1937310256), ORDER CREATED","orderType":"FC_DELIVERY","storeId":"32144","orderNumber":null,"eligiblePaths":[],"inEligiblePaths":[],"_id":"6352f4ae2110d44bb44f332f","__v":0,"createdAt":"2022-10-21T19:36:14.049Z","updatedAt":"2022-12-24T21:51:40.067Z"},{"itemId":"1168705544","astroStatus":"SUCCESS","astroDescription":"FC_DELIVERY (1168705544), ORDER CREATED","orderType":"FC_DELIVERY","storeId":"32144","orderNumber":null,"eligiblePaths":[],"inEligiblePaths":[],"_id":"6352f4ae8d5c5e54d46a5c53","__v":0,"createdAt":"2022-10-21T19:36:14.101Z","updatedAt":"2022-12-24T21:51:39.778Z"},{"itemId":"1463850714","astroStatus":"SUCCESS","astroDescription":"FC_DELIVERY (1463850714), ORDER CREATED","orderType":"FC_DELIVERY","storeId":"32144","orderNumber":null,"eligiblePaths":[],"inEligiblePaths":[],"_id":"6352f4aed30e002434082bd0","__v":0,"createdAt":"2022-10-21T19:36:14.741Z","updatedAt":"2022-12-24T21:51:39.371Z"}]'
2022-12-24 13:55:04.487 [DEBUG] [thread-id 1] - Store in: store the value 'null' in the variable 'itemDetails'
2022-12-24 13:55:05.093 [DEBUG] [thread-id 1] - {"itemId":"1937310256","astroStatus":"SUCCESS","astroDescription":"FC_DELIVERY (1937310256), ORDER CREATED","orderType":"FC_DELIVERY","storeId":"32144","orderNumber":null,"eligiblePaths":[],"inEligiblePaths":[],"_id":"6352f4ae2110d44bb44f332f","__v":0,"createdAt":"2022-10-21T19:36:14.049Z","updatedAt":"2022-12-24T21:51:40.067Z"}
2022-12-24 13:55:05.718 [DEBUG] [thread-id 1] - Store in: store the value '1937310256' in the variable 'itemFetched'
2022-12-24 13:55:06.353 [DEBUG] [thread-id 1] - Store in: store the value 'SUCCESS' in the variable 'itemStatus'
2022-12-24 13:55:07.004 [WARN] [thread-id 1] - variable healthCheck was used, but r2 could not find a value for this variable. returning default of null
2022-12-24 13:55:07.637 [DEBUG] [thread-id 1] - conditionally execute a flow. condition: true
2022-12-24 13:55:08.231 [WARN] [thread-id 1] - variable skipForNext was used, but r2 could not find a value for this variable. returning default of null
2022-12-24 13:55:08.861 [WARN] [thread-id 1] - variable excludeFetchedItem was used, but r2 could not find a value for this variable. returning default of null
2022-12-24 13:55:08.866 [DEBUG] [thread-id 1] - conditionally execute a flow. condition: false
2022-12-24 13:55:09.486 [DEBUG] [thread-id 1] - Executing function: 'us.functions.utils.itemHealthCheck'
2022-12-24 13:55:09.488 [DEBUG] [thread-id 1] - Checking item eligibility before proceeding
2022-12-24 13:55:09.489 [DEBUG] [thread-id 1] - Store in: store the value 'false' in the variable 'itemEligiblity'
2022-12-24 13:55:09.489 [DEBUG] [thread-id 1] - Store in: store the value 'false' in the variable 'ignoreItem'
2022-12-24 13:55:09.490 [DEBUG] [thread-id 1] - loop: over '["158353031","669597065","446886409", "803629599", "888307914"]'
2022-12-24 13:55:12.587 [DEBUG] [thread-id 1] - conditionally execute a flow. condition: false
2022-12-24 13:55:13.190 [DEBUG] [thread-id 1] - conditionally execute a flow. condition: true
2022-12-24 13:55:14.435 [DEBUG] [thread-id 1] - Call API: 'http://astro.walmart.com/api/v2/teflon/itemHealthCheck?shippingNode=32144&orderType=FC_DELIVERY&itemId=1937310256'
2022-12-24 13:55:26.440 [DEBUG] [thread-id 1] - Response code is: '200'. Response body is: '{"status":"OK","offerId":"BE9D54DF5E4D4E1C8C9B864C4D69EFE4","eligibility":{"orderType":"FC_DELIVERY","shipNode":"32144","preferredDeliveryRoute":{"nodeType":"FC","shipNode":"2379","carrierType":"GROUND","xmlCarrierMethodCode":"67"},"isEligible":true}}'
2022-12-24 13:55:27.142 [DEBUG] [thread-id 1] - conditionally execute a flow. condition: true
2022-12-24 13:55:28.385 [DEBUG] [thread-id 1] - Stock available Item Id 1937310256 for type FC_DELIVERY
2022-12-24 13:55:28.952 [DEBUG] [thread-id 1] - Store in: store the value 'false' in the variable 'skipForNext'
2022-12-24 13:55:29.522 [DEBUG] [thread-id 1] - Store in: store the value 'false' in the variable 'excludeFetchedItem'
2022-12-24 13:55:29.536 [DEBUG] [thread-id 1] - Store in: store the value 'null' in the variable 'storeId'
2022-12-24 13:55:29.538 [DEBUG] [thread-id 1] - Store in: store the value 'null' in the variable 'itemStatusHeader'
2022-12-24 13:55:29.541 [DEBUG] [thread-id 1] - Store in: store the value 'false' in the variable 'healthCheck'
2022-12-24 13:55:29.543 [DEBUG] [thread-id 1] - Store in: store the value 'null' in the variable 'version'
2022-12-24 13:55:29.572 [DEBUG] [thread-id 1] - Store in: store the value 'null' in the variable 'backupItem'
2022-12-24 13:55:29.574 [DEBUG] [thread-id 1] - Store in: store the value 'null' in the variable 'source'
2022-12-24 13:55:29.577 [DEBUG] [thread-id 1] - Store in: store the value 'walmart://item/1937310256' in the variable 'deeplinkURl'
2022-12-24 13:55:29.579 [DEBUG] [thread-id 1] - Item:1937310256
2022-12-24 13:55:29.580 [DEBUG] [thread-id 1] - deeplinkURL:walmart://item/1937310256
2022-12-24 13:55:29.580 [DEBUG] [thread-id 1] - Executing function: 'us.functions.global.navigation.goToDeepLink'
2022-12-24 13:55:29.581 [DEBUG] [thread-id 1] - Verify value of: '$deepLinkUrl'
2022-12-24 13:55:29.582 [DEBUG] [thread-id 1] - Open link: 'walmart://item/1937310256'
2022-12-24 13:55:30.223 [DEBUG] [thread-id 1] - Executing function: 'us.functions.global.navigation.openDeepLink'
2022-12-24 13:55:40.823 [DEBUG] [thread-id 1] - Executing function: 'us.functions.utils.handleTechnicalErrorPopup'
2022-12-24 13:55:40.827 [DEBUG] [thread-id 1] - Store in: store the value 'false' in the variable 'errorRemoved'
2022-12-24 13:55:40.827 [DEBUG] [thread-id 1] - sleep:  10000 milliseconds
2022-12-24 13:55:50.839 [DEBUG] [thread-id 1] - loop: from 0 to 3
2022-12-24 13:55:52.082 [DEBUG] [thread-id 1] - 0
2022-12-24 13:56:03.393 [DEBUG] [thread-id 1] - conditionally execute a flow. condition: false
2022-12-24 13:56:04.615 [DEBUG] [thread-id 1] - Store in: store the value 'true' in the variable 'errorRemoved'
2022-12-24 13:56:05.811 [DEBUG] [thread-id 1] - No Technical Error Pop up observed
2022-12-24 13:56:07.019 [DEBUG] [thread-id 1] - Executing function: 'us.functions.item.addItemToCart'
2022-12-24 13:56:08.165 [DEBUG] [thread-id 1] - sleep:  2000 milliseconds
2022-12-24 13:56:16.693 [DEBUG] [thread-id 1] - Item wasn't Added initially, continuing with scenario
2022-12-24 13:56:17.947 [DEBUG] [thread-id 1] - conditionally execute a flow. condition: true
2022-12-24 13:56:19.195 [DEBUG] [thread-id 1] - ATC button present
2022-12-24 13:56:20.581 [DEBUG] [thread-id 1] - Click element: '(//XCUIElementTypeButton[@name="stepper.mainButton"])[1] | //XCUIElementTypeOther[@name="stepper.addToCartButton"] | (//XCUIElementTypeOther[contains(@name,"GlassStepperView.inner")]) | //XCUIElementTypeButton[@name="stepper.mainButton"]'
2022-12-24 13:56:21.122 [DEBUG] [thread-id 1] - sleep:  3000 milliseconds
2022-12-24 13:56:34.451 [WARN] [thread-id 1] - variable closeButtonNotDisplayed was used, but r2 could not find a value for this variable. returning default of null
2022-12-24 13:56:34.453 [DEBUG] [thread-id 1] - conditionally execute a flow. condition: false
2022-12-24 13:56:35.731 [DEBUG] [thread-id 1] - Executing function: 'us.functions.item.handlePAC'
2022-12-24 13:56:35.731 [DEBUG] [thread-id 1] - sleep:  5000 milliseconds
2022-12-24 13:56:52.316 [DEBUG] [thread-id 1] - sleep:  1000 milliseconds
2022-12-24 13:56:54.644 [WARN] [thread-id 1] - variable qty was used, but r2 could not find a value for this variable. returning default of null
2022-12-24 13:56:54.646 [WARN] [thread-id 1] - variable qty was used, but r2 could not find a value for this variable. returning default of null
2022-12-24 13:56:55.807 [DEBUG] [thread-id 1] - Verify identifier: {//XCUIElementTypeStaticText[@name="1 added"]| //XCUIElementTypeOther[@name="add-to-cart-button"] | //XCUIElementTypeStaticText[@label="null"] | Max 1=[true]}
2022-12-24 13:57:12.021 [DEBUG] [thread-id 1] - Click element: 'ItemDetailsViewController_itemDetailCloseButton'
2022-12-24 13:57:12.714 [DEBUG] [thread-id 1] - Verify identifier: {TitleView_productTitle=[true]}
2022-12-24 13:57:12.714 [DEBUG] [thread-id 1] - sleep:  3000 milliseconds
2022-12-24 13:57:16.309 [DEBUG] [thread-id 1] - Verify identifier: {Your cart is empty=[true]}
2022-12-24 13:57:16.310 [DEBUG] [thread-id 1] - Store in: store the value 'false' in the variable 'closeButtonNotDisplayed'
2022-12-24 13:57:16.310 [DEBUG] [thread-id 1] - Executing function: 'us.functions.global.navigation.goToDeepLink'
2022-12-24 13:57:16.312 [DEBUG] [thread-id 1] - Verify value of: '$deepLinkUrl'
2022-12-24 13:57:16.313 [DEBUG] [thread-id 1] - Open link: 'walmart://ip/894010516'
2022-12-24 13:57:27.586 [DEBUG] [thread-id 1] - Store in: store the value 'false' in the variable 'errorRemoved'
2022-12-24 13:57:27.587 [DEBUG] [thread-id 1] - sleep:  10000 milliseconds
2022-12-24 13:57:37.589 [DEBUG] [thread-id 1] - loop: from 0 to 3
2022-12-24 13:57:38.876 [DEBUG] [thread-id 1] - 0
2022-12-24 13:57:52.112 [DEBUG] [thread-id 1] - conditionally execute a flow. condition: false
2022-12-24 13:57:53.307 [DEBUG] [thread-id 1] - Store in: store the value 'true' in the variable 'errorRemoved'
2022-12-24 13:57:54.561 [DEBUG] [thread-id 1] - No Technical Error Pop up observed
2022-12-24 13:57:55.842 [DEBUG] [thread-id 1] - Executing function: 'us.functions.item.petrxItem.verifyPresent'
2022-12-24 13:57:59.547 [DEBUG] [thread-id 1] - Verify identifier: {TitleView_productTitle=[true], //XCUIElementTypeStaticText[@name="PriceView_primaryProductPrice"]=[true], Prescription required=[true]}
2022-12-24 13:57:59.548 [DEBUG] [thread-id 1] - Scroll: down
2022-12-24 13:58:07.475 [DEBUG] [thread-id 1] - Verify identifier: {Pickup not available at Carrollton Pharmacy Check availability nearby=[true]}
2022-12-24 13:58:07.477 [DEBUG] [thread-id 1] - Executing function: 'us.functions.item.addItemToCart'
2022-12-24 13:58:08.649 [DEBUG] [thread-id 1] - sleep:  2000 milliseconds
2022-12-24 13:58:16.770 [DEBUG] [thread-id 1] - Item wasn't Added initially, continuing with scenario
2022-12-24 13:58:17.948 [DEBUG] [thread-id 1] - conditionally execute a flow. condition: true
2022-12-24 13:58:19.108 [DEBUG] [thread-id 1] - ATC button present
2022-12-24 13:58:20.422 [DEBUG] [thread-id 1] - Click element: '(//XCUIElementTypeButton[@name="stepper.mainButton"])[1] | //XCUIElementTypeOther[@name="stepper.addToCartButton"] | (//XCUIElementTypeOther[contains(@name,"GlassStepperView.inner")]) | //XCUIElementTypeButton[@name="stepper.mainButton"]'
2022-12-24 13:58:20.995 [DEBUG] [thread-id 1] - sleep:  3000 milliseconds
2022-12-24 13:58:36.004 [DEBUG] [thread-id 1] - conditionally execute a flow. condition: false
2022-12-24 13:58:37.206 [DEBUG] [thread-id 1] - sleep:  5000 milliseconds
2022-12-24 13:58:55.496 [DEBUG] [thread-id 1] - sleep:  1000 milliseconds
2022-12-24 13:58:57.712 [WARN] [thread-id 1] - variable qty was used, but r2 could not find a value for this variable. returning default of null
2022-12-24 13:58:57.713 [WARN] [thread-id 1] - variable qty was used, but r2 could not find a value for this variable. returning default of null
2022-12-24 13:58:58.842 [DEBUG] [thread-id 1] - Verify identifier: {//XCUIElementTypeStaticText[@name="1 added"]| //XCUIElementTypeOther[@name="add-to-cart-button"] | //XCUIElementTypeStaticText[@label="null"] | Max 1=[true]}
2022-12-24 13:59:16.460 [DEBUG] [thread-id 1] - Click element: 'ItemDetailsViewController_itemDetailCloseButton'
2022-12-24 13:59:18.661 [DEBUG] [thread-id 1] - Verify identifier: {TitleView_productTitle=[true]}
2022-12-24 13:59:18.662 [DEBUG] [thread-id 1] - sleep:  3000 milliseconds
2022-12-24 13:59:21.669 [DEBUG] [thread-id 1] - Verify identifier: {Your cart is empty=[true]}
2022-12-24 13:59:21.671 [DEBUG] [thread-id 1] - Store in: store the value 'false' in the variable 'closeButtonNotDisplayed'
2022-12-24 13:59:21.713 [DEBUG] [thread-id 1] - Executing function: 'us.functions.global.navigation.toCartFromNavBar'
2022-12-24 13:59:22.372 [DEBUG] [thread-id 1] - Verify identifier: {//XCUIElementTypeNavigationBar[@name="Shop"]/XCUIElementTypeButton | //XCUIElementTypeButton[contains(@label, "Your cart")] | //XCUIElementTypeButton[(@name="SearchResultsViewController.cartButton") or (contains(@label,"Your cart contains") and contains(@label,"The estimated total is")) or (@label="Your cart is empty")]=[true]}
2022-12-24 13:59:22.991 [DEBUG] [thread-id 1] - Click element: '//XCUIElementTypeNavigationBar[@name="Shop"]/XCUIElementTypeButton | //XCUIElementTypeButton[contains(@label, "Your cart")] | //XCUIElementTypeButton[(@name="SearchResultsViewController.cartButton") or (contains(@label,"Your cart contains") and contains(@label,"The estimated total is")) or (@label="Your cart is empty")]'
2022-12-24 13:59:24.995 [DEBUG] [thread-id 1] - Verify identifier: {Cart=[true]}
2022-12-24 13:59:24.995 [DEBUG] [thread-id 1] - Executing function: 'us.functions.utils.handleTechnicalErrorPageInCart'
2022-12-24 13:59:24.995 [DEBUG] [thread-id 1] - sleep:  15000 milliseconds
2022-12-24 13:59:40.001 [DEBUG] [thread-id 1] - Store in: store the value 'false' in the variable 'cartPageLoaded'
2022-12-24 13:59:40.005 [DEBUG] [thread-id 1] - loop: from 0 to 7
2022-12-24 13:59:41.353 [DEBUG] [thread-id 1] - 0
2022-12-24 13:59:42.512 [DEBUG] [thread-id 1] - conditionally execute a flow. condition: true
2022-12-24 13:59:44.512 [DEBUG] [thread-id 1] - conditionally execute a flow. condition: true
2022-12-24 13:59:45.597 [DEBUG] [thread-id 1] - Store in: store the value 'true' in the variable 'cartPageLoaded'
2022-12-24 13:59:57.648 [DEBUG] [thread-id 1] - conditionally execute a flow. condition: false
2022-12-24 14:00:00.034 [DEBUG] [thread-id 1] - conditionally execute a flow. condition: true
2022-12-24 14:00:01.093 [DEBUG] [thread-id 1] - Store in: store the value 'true' in the variable 'cartPageLoaded'
2022-12-24 14:00:02.218 [DEBUG] [thread-id 1] - conditionally execute a flow. condition: false
2022-12-24 14:00:03.252 [DEBUG] [thread-id 1] - conditionally execute a flow. condition: true
2022-12-24 14:00:04.268 [DEBUG] [thread-id 1] - Cart page loaded successfully
2022-12-24 14:00:04.281 [DEBUG] [thread-id 1] - Executing function: 'us.functions.cart.increaseToMaxQty'
2022-12-24 14:00:04.284 [DEBUG] [thread-id 1] - Executing function: 'us.functions.utils.scrollIfNotVisible'
2022-12-24 14:00:05.668 [DEBUG] [thread-id 1] - Verify identifier: {stepper.incrementButton=[true]}
2022-12-24 14:00:06.724 [DEBUG] [thread-id 1] - Element already visible, scrolling is skipped
2022-12-24 14:00:06.814 [DEBUG] [thread-id 1] - Resetting scrollPosition variable to default
2022-12-24 14:00:06.817 [DEBUG] [thread-id 1] - Store in: store the value 'null' in the variable 'scrollPosition'
2022-12-24 14:00:06.819 [DEBUG] [thread-id 1] - Store in: store the value 'null' in the variable 'identifierScope'
2022-12-24 14:00:07.890 [DEBUG] [thread-id 1] - Verify identifier: {stepper.incrementButton=[true]}
2022-12-24 14:00:07.891 [DEBUG] [thread-id 1] - loop: from 0 to 1
2022-12-24 14:00:09.130 [DEBUG] [thread-id 1] - Click element: 'stepper.incrementButton'
2022-12-24 14:00:10.882 [DEBUG] [thread-id 1] - 0
2022-12-24 14:00:10.895 [DEBUG] [thread-id 1] - R2_SUBFLOW_TRANSACTION
2022-12-24 14:00:10.896 [DEBUG] [thread-id 1] - Executing function: 'us.functions.global.navigation.toCartFromNavBar'
2022-12-24 14:00:33.521 [DEBUG] [thread-id 1] - Main failed: Is not present: '//XCUIElementTypeNavigationBar[@name="Shop"]/XCUIElementTypeButton | //XCUIElementTypeButton[contains(@label, "Your cart")] | //XCUIElementTypeButton[(@name="SearchResultsViewController.cartButton") or (contains(@label,"Your cart contains") and contains(@label,"The estimated total is")) or (@label="Your cart is empty")]'
2022-12-24 14:00:34.638 [DEBUG] [thread-id 1] - Executing scenario: 'After'
2022-12-24 14:00:34.657 [DEBUG] [thread-id 1] - Executing function: 'us.functions.utils.afterSteps'
2022-12-24 14:00:34.664 [WARN] [thread-id 1] - variable testStatus was used, but r2 could not find a value for this variable. returning default of null
2022-12-24 14:00:34.667 [DEBUG] [thread-id 1] - conditionally execute a flow. condition: false
2022-12-24 14:00:35.737 [DEBUG] [thread-id 1] - Test failed
2022-12-24 14:00:36.821 [DEBUG] [thread-id 1] - Executing function: 'us.functions.utils.closeErrorAlertIfExists'
2022-12-24 14:00:53.339 [DEBUG] [thread-id 1] - Created report: /Users/m0k0a2f/glass-automation/report/index.html
2022-12-24 14:04:17.601 [DEBUG] [thread-id 1] - Executing R2 3.29.0: '/Users/m0k0a2f/glass-automation/./us/test/test-scripts/ios/golden-flows/PetRx-flows/flow0349-PetRX-multiple-Pet-Vet-order.yaml' on device: 'iPhone 13'
2022-12-24 14:05:00.592 [DEBUG] [thread-id 1] - Executing scenario: 'Before'
2022-12-24 14:05:00.608 [DEBUG] [thread-id 1] - Execute before steps
2022-12-24 14:05:00.614 [DEBUG] [thread-id 1] - R2_SUBFLOW_PRE_TRANSACTION
2022-12-24 14:05:00.620 [DEBUG] [thread-id 1] - Executing function: 'us.functions.utils.astro.clearCart'
2022-12-24 14:05:00.789 [DEBUG] [thread-id 1] - Call API: 'http://astro.walmart.com/api/v2/teflon/customer/walp@gmail.com/clearcart'
2022-12-24 14:05:20.227 [DEBUG] [thread-id 1] - Response code is: '200'. Response body is: '{"astroStatus":"SUCCESS","astroDescription":"CART_CLEARED","astroDetails":{"dbSessionMap":{"CXO_CART_ST":"{\"mtoken\":\"1:14#149515514#2=160118638#8=75317741\"}"},"checkoutable":false,"cart":{"id":"18b2983d-a2ff-4269-bd1f-dbf449a49322","buyer":{"id":"70c68aba-a7ca-49ca-9daf-3eec75e8f609","type":"CUSTOMER"},"storeIds":[],"itemCount":0,"entityErrors":[],"shipping":{"id":"bab4aeaa-4894-4ccc-8232-cbff963775a8","dbLockVersion":0,"dbSessionMap":{},"dbLockMap":{},"postalCode":"95122","city":"San Jose","state":"CA","countryCode":"USA","latitude":37.606689,"longitude":-122.426362,"isPOBox":false,"isAPOFPO":false},"currencyCode":"USD","preview":false,"tenantId":0,"verticalId":0,"checkoutableErrors":[],"intent":"PICKUP","pickupStore":{"city":"San Jose","stateOrProvinceCode":"CA","countryCode":"USA","postalCode":"95122","storeId":"32144","services":[]},"deliveryStore":{"city":"San Jose","stateOrProvinceCode":"CA","countryCode":"USA","postalCode":"95122","storeId":"32144","services":[]},"mpStores":[],"fulfillmentPlans":[],"accessPoints":[{"id":"f681d48a-7be4-43ea-8e10-229a1f00db37","name":"32144 - Home Delivery","storeId":32144,"fulfillmentType":"DELIVERY","fulfillmentOption":"DELIVERY","supportedTimeZone":"US/Pacific","locationInstruction":"[{\"type\":\"CHECKIN_DEFAULT\",\"value\":\"<div> <p> In order to protect the safety of our customers & associates, we've temporarily moved to a no-contact pickup in store process. </p> <br /> <br /><b>Please bring your government-issued ID</b><br /> <ol> <li>Check in with the app to let us know you're on the way.</li> <li> Park in a designated pickup spot, stay in your vehicle and keep your windows rolled up. </li> <li> A Walmart associate will request access to your trunk or back seat, then they'll load your order. </li> <li>You're all set! The associate will sign for the order.</li> </ol> </div>\"},{\"type\":\"EMAIL_DEFAULT\",\"value\":\"<div> <p> In order to protect the safety of our customers & associates, we've temporarily moved to a no-contact pickup in store process. </p> <br /> <br /><b>Please bring your government-issued ID</b><br /> <ol> <li>Check in with the app to let us know you're on the way.</li> <li> Park in a designated pickup spot, stay in your vehicle and keep your windows rolled up. </li> <li> A Walmart associate will request access to your trunk or back seat, then they'll load your order. </li> <li>You're all set! The associate will sign for the order.</li> </ol> </div>\"}]","isStoreEbtEligible":false,"allowAlcohol":false,"restrictions":[],"accessType":"DELIVERY_ADDRESS","storeCategory":"Supercenter","nodeType":"STORE","allowBagFee":true,"isBagFeeMandatory":false,"address":{"postalCode":"95122","addressLineOne":"777 Story Rd","city":"San Jose","state":"CA","addressTypeName":"OFFICE","isPOBox":false,"countryCode":"USA"}},{"id":"6168c2e3-fc36-4827-98e6-d717d10af1d6","name":"Walmart San Jose Store #32144","storeId":32144,"fulfillmentType":"INSTORE_PICKUP","fulfillmentOption":"PICKUP","supportedTimeZone":"US/Pacific","locationInstruction":"[{\"type\":\"CHECKIN_DEFAULT\",\"value\":\"<div> <p> In order to protect the safety of our customers & associates, we've temporarily moved to a no-contact pickup in store process or curbside. </p> <br /> <br /><b>Please bring your government-issued ID</b><br /> <ol> <li>Check in with the app to let us know you're on the way.</li> <li> Park in a designated pickup spot, stay in your vehicle and keep your windows rolled up. </li> <li> A Walmart associate will request access to your trunk or back seat, then they'll load your order. </li> <li>You're all set! The associate will sign for the order.</li> </ol> </div>\"},{\"type\":\"EMAIL_DEFAULT\",\"value\":\"NA\"},{\"type\":\"CHECKIN_1\",\"value\":\"Next, tell us when you’ve parked. Park by the pickup sign and enter your parking info so we can find you faster.\"}]","isStoreEbtEligible":true,"allowAlcohol":true,"restrictions":[],"accessType":"PICKUP_CURBSIDE","storeCategory":"Supercenter","nodeType":"STORE","allowBagFee":true,"isBagFeeMandatory":false,"address":{"postalCode":"95122","addressLineOne":"777 Story Rd","city":"San Jose","state":"CA","addressTypeName":"OFFICE","isPOBox":false,"countryCode":"USA"}}],"reservations":[],"isExplicitIntent":false,"hasGiftEligibleItem":false,"warnings":[],"restrictions":[]},"isOmniPromiseResponse":true}}'
2022-12-24 14:05:20.448 [DEBUG] [thread-id 1] - Cart cleared for walp@gmail.com
2022-12-24 14:05:20.671 [DEBUG] [thread-id 1] - Using us-errors-helpers.yaml
2022-12-24 14:05:20.822 [DEBUG] [thread-id 1] - Start Main
2022-12-24 14:05:20.825 [DEBUG] [thread-id 1] - Executing function: 'us.functions.global.onboarding.navigateOnboardingToHome'
2022-12-24 14:05:20.829 [DEBUG] [thread-id 1] - Executing function: 'us.function.utils.getEnvironmentValue'
2022-12-24 14:05:20.847 [DEBUG] [thread-id 1] - Store in: store the value 'teflon' in the variable 'env'
2022-12-24 14:05:21.022 [DEBUG] [thread-id 1] - Verify identifier: {//XCUIElementTypeStaticText[@name="WelcomeViewController.titleLabel"] | //XCUIElementTypeStaticText[@name="SignUpNudgeWelcomeViewController.titleLabel"]=[true]}
2022-12-24 14:05:31.094 [DEBUG] [thread-id 1] - conditionally execute a flow. condition: false
2022-12-24 14:05:31.384 [DEBUG] [thread-id 1] - Click element: '//XCUIElementTypeStaticText[@name="Continue"] | //XCUIElementTypeStaticText[@name="Next"] | //XCUIElementTypeStaticText[@name="Continue as guest"]'
2022-12-24 14:05:32.231 [DEBUG] [thread-id 1] - Verify identifier: {NotificationPermissionViewController.titleLabel=[true]}
2022-12-24 14:05:32.423 [DEBUG] [thread-id 1] - Click element: '//XCUIElementTypeStaticText[@name="Not now"] | //XCUIElementTypeButton[@name="cta.cancel.notifications"]'
2022-12-24 14:05:32.812 [DEBUG] [thread-id 1] - Verify identifier: {Share your location=[true]}
2022-12-24 14:05:32.869 [DEBUG] [thread-id 1] - Click element: 'Enter zip code'
2022-12-24 14:05:43.206 [DEBUG] [thread-id 1] - conditionally execute a flow. condition: false
2022-12-24 14:05:43.338 [DEBUG] [thread-id 1] - Observed personalizedScreen
2022-12-24 14:05:43.493 [DEBUG] [thread-id 1] - conditionally execute a flow. condition: true
2022-12-24 14:05:43.685 [DEBUG] [thread-id 1] - Click element: 'Continue'
2022-12-24 14:06:31.480 [DEBUG] [thread-id 1] - Executing function: 'us.functions.utils.tryAgainWhenThereIsError'
2022-12-24 14:06:31.496 [DEBUG] [thread-id 1] - loop: from 0 to 2
2022-12-24 14:06:33.350 [DEBUG] [thread-id 1] - 0
2022-12-24 14:06:46.808 [DEBUG] [thread-id 1] - conditionally execute a flow. condition: false
2022-12-24 14:06:48.870 [DEBUG] [thread-id 1] - Executing function: 'us.functions.onboarding.handleTechnicalErrorPage'
2022-12-24 14:06:48.871 [DEBUG] [thread-id 1] - sleep:  5000 milliseconds
2022-12-24 14:06:53.896 [DEBUG] [thread-id 1] - loop: from 0 to 4
2022-12-24 14:06:55.887 [DEBUG] [thread-id 1] - 0
2022-12-24 14:07:08.234 [DEBUG] [thread-id 1] - conditionally execute a flow. condition: false
2022-12-24 14:07:10.084 [DEBUG] [thread-id 1] - No Technical Error Page observed
2022-12-24 14:07:12.019 [DEBUG] [thread-id 1] - Executing function: 'us.functions.gic.collapseIfExpanded'
2022-12-24 14:07:23.745 [DEBUG] [thread-id 1] - conditionally execute a flow. condition: false
2022-12-24 14:07:25.758 [DEBUG] [thread-id 1] - gic is collapsed
2022-12-24 14:07:25.827 [DEBUG] [thread-id 1] - Executing function: 'us.functions.home.navigateHomeToSignIn'
2022-12-24 14:07:47.735 [DEBUG] [thread-id 1] - Main failed: Cannot click 'Account'
2022-12-24 14:07:49.689 [DEBUG] [thread-id 1] - Executing scenario: 'After'
2022-12-24 14:07:49.706 [DEBUG] [thread-id 1] - Executing function: 'us.functions.utils.afterSteps'
2022-12-24 14:07:49.713 [WARN] [thread-id 1] - variable testStatus was used, but r2 could not find a value for this variable. returning default of null
2022-12-24 14:07:49.751 [DEBUG] [thread-id 1] - conditionally execute a flow. condition: false
2022-12-24 14:07:51.692 [DEBUG] [thread-id 1] - Test failed
2022-12-24 14:07:53.052 [DEBUG] [thread-id 1] - Executing function: 'us.functions.utils.closeErrorAlertIfExists'
2022-12-24 14:08:39.005 [DEBUG] [thread-id 1] - Executing R2 3.29.0: '/Users/m0k0a2f/glass-automation/./us/test/test-scripts/ios/golden-flows/PetRx-flows/flow0349-PetRX-multiple-Pet-Vet-order.yaml' on device: 'iPhone 13'
2022-12-24 14:09:24.508 [DEBUG] [thread-id 1] - Executing scenario: 'Before'
2022-12-24 14:09:24.515 [DEBUG] [thread-id 1] - Execute before steps
2022-12-24 14:09:24.518 [DEBUG] [thread-id 1] - R2_SUBFLOW_PRE_TRANSACTION
2022-12-24 14:09:24.522 [DEBUG] [thread-id 1] - Executing function: 'us.functions.utils.astro.clearCart'
2022-12-24 14:09:24.687 [DEBUG] [thread-id 1] - Call API: 'http://astro.walmart.com/api/v2/teflon/customer/walp@gmail.com/clearcart'
2022-12-24 14:09:38.666 [DEBUG] [thread-id 1] - Response code is: '200'. Response body is: '{"astroStatus":"SUCCESS","astroDescription":"CART_CLEARED","astroDetails":{"dbSessionMap":{"CXO_CART_ST":"{\"mtoken\":\"1:14#149515838#2=160119198#8=75317741\"}"},"checkoutable":false,"cart":{"id":"18b2983d-a2ff-4269-bd1f-dbf449a49322","buyer":{"id":"70c68aba-a7ca-49ca-9daf-3eec75e8f609","type":"CUSTOMER"},"storeIds":[],"itemCount":0,"entityErrors":[],"shipping":{"id":"fb416c8e-27fa-41c6-bb91-314ab9c938ca","dbLockVersion":0,"dbSessionMap":{},"dbLockMap":{},"postalCode":"95122","city":"San Jose","state":"CA","countryCode":"USA","latitude":37.606689,"longitude":-122.426362,"isPOBox":false,"isAPOFPO":false},"currencyCode":"USD","preview":false,"tenantId":0,"verticalId":0,"checkoutableErrors":[],"intent":"PICKUP","pickupStore":{"city":"San Jose","stateOrProvinceCode":"CA","countryCode":"USA","postalCode":"95122","storeId":"32144","services":[]},"deliveryStore":{"city":"San Jose","stateOrProvinceCode":"CA","countryCode":"USA","postalCode":"95122","storeId":"32144","services":[]},"fulfillmentPlans":[],"accessPoints":[{"id":"f681d48a-7be4-43ea-8e10-229a1f00db37","name":"32144 - Home Delivery","storeId":32144,"fulfillmentType":"DELIVERY","fulfillmentOption":"DELIVERY","supportedTimeZone":"US/Pacific","locationInstruction":"[{\"type\":\"CHECKIN_DEFAULT\",\"value\":\"<div> <p> In order to protect the safety of our customers & associates, we've temporarily moved to a no-contact pickup in store process. </p> <br /> <br /><b>Please bring your government-issued ID</b><br /> <ol> <li>Check in with the app to let us know you're on the way.</li> <li> Park in a designated pickup spot, stay in your vehicle and keep your windows rolled up. </li> <li> A Walmart associate will request access to your trunk or back seat, then they'll load your order. </li> <li>You're all set! The associate will sign for the order.</li> </ol> </div>\"},{\"type\":\"EMAIL_DEFAULT\",\"value\":\"<div> <p> In order to protect the safety of our customers & associates, we've temporarily moved to a no-contact pickup in store process. </p> <br /> <br /><b>Please bring your government-issued ID</b><br /> <ol> <li>Check in with the app to let us know you're on the way.</li> <li> Park in a designated pickup spot, stay in your vehicle and keep your windows rolled up. </li> <li> A Walmart associate will request access to your trunk or back seat, then they'll load your order. </li> <li>You're all set! The associate will sign for the order.</li> </ol> </div>\"}]","isStoreEbtEligible":false,"allowAlcohol":false,"restrictions":[],"accessType":"DELIVERY_ADDRESS","storeCategory":"Supercenter","nodeType":"STORE","allowBagFee":true,"isBagFeeMandatory":false,"address":{"postalCode":"95122","addressLineOne":"777 Story Rd","city":"San Jose","state":"CA","addressTypeName":"OFFICE","isPOBox":false,"countryCode":"USA"}},{"id":"6168c2e3-fc36-4827-98e6-d717d10af1d6","name":"Walmart San Jose Store #32144","storeId":32144,"fulfillmentType":"INSTORE_PICKUP","fulfillmentOption":"PICKUP","supportedTimeZone":"US/Pacific","locationInstruction":"[{\"type\":\"CHECKIN_DEFAULT\",\"value\":\"<div> <p> In order to protect the safety of our customers & associates, we've temporarily moved to a no-contact pickup in store process or curbside. </p> <br /> <br /><b>Please bring your government-issued ID</b><br /> <ol> <li>Check in with the app to let us know you're on the way.</li> <li> Park in a designated pickup spot, stay in your vehicle and keep your windows rolled up. </li> <li> A Walmart associate will request access to your trunk or back seat, then they'll load your order. </li> <li>You're all set! The associate will sign for the order.</li> </ol> </div>\"},{\"type\":\"EMAIL_DEFAULT\",\"value\":\"NA\"},{\"type\":\"CHECKIN_1\",\"value\":\"Next, tell us when you’ve parked. Park by the pickup sign and enter your parking info so we can find you faster.\"}]","isStoreEbtEligible":true,"allowAlcohol":true,"restrictions":[],"accessType":"PICKUP_CURBSIDE","storeCategory":"Supercenter","nodeType":"STORE","allowBagFee":true,"isBagFeeMandatory":false,"address":{"postalCode":"95122","addressLineOne":"777 Story Rd","city":"San Jose","state":"CA","addressTypeName":"OFFICE","isPOBox":false,"countryCode":"USA"}}],"reservations":[],"isExplicitIntent":false,"hasGiftEligibleItem":false,"warnings":[],"restrictions":[]},"isOmniPromiseResponse":true}}'
2022-12-24 14:09:38.840 [DEBUG] [thread-id 1] - Cart cleared for walp@gmail.com
2022-12-24 14:09:39.000 [DEBUG] [thread-id 1] - Using us-errors-helpers.yaml
2022-12-24 14:09:39.140 [DEBUG] [thread-id 1] - Start Main
2022-12-24 14:09:39.145 [DEBUG] [thread-id 1] - Executing function: 'us.functions.global.onboarding.navigateOnboardingToHome'
2022-12-24 14:09:39.150 [DEBUG] [thread-id 1] - Executing function: 'us.function.utils.getEnvironmentValue'
2022-12-24 14:09:39.157 [DEBUG] [thread-id 1] - Store in: store the value 'teflon' in the variable 'env'
2022-12-24 14:09:39.346 [DEBUG] [thread-id 1] - Verify identifier: {//XCUIElementTypeStaticText[@name="WelcomeViewController.titleLabel"] | //XCUIElementTypeStaticText[@name="SignUpNudgeWelcomeViewController.titleLabel"]=[true]}
2022-12-24 14:09:49.369 [DEBUG] [thread-id 1] - conditionally execute a flow. condition: false
2022-12-24 14:09:49.670 [DEBUG] [thread-id 1] - Click element: '//XCUIElementTypeStaticText[@name="Continue"] | //XCUIElementTypeStaticText[@name="Next"] | //XCUIElementTypeStaticText[@name="Continue as guest"]'
2022-12-24 14:09:50.630 [DEBUG] [thread-id 1] - Verify identifier: {NotificationPermissionViewController.titleLabel=[true]}
2022-12-24 14:09:50.851 [DEBUG] [thread-id 1] - Click element: '//XCUIElementTypeStaticText[@name="Not now"] | //XCUIElementTypeButton[@name="cta.cancel.notifications"]'
2022-12-24 14:09:51.212 [DEBUG] [thread-id 1] - Verify identifier: {Share your location=[true]}
2022-12-24 14:09:51.272 [DEBUG] [thread-id 1] - Click element: 'Enter zip code'
2022-12-24 14:10:01.579 [DEBUG] [thread-id 1] - conditionally execute a flow. condition: false
2022-12-24 14:10:01.721 [DEBUG] [thread-id 1] - Observed personalizedScreen
2022-12-24 14:10:01.892 [DEBUG] [thread-id 1] - conditionally execute a flow. condition: true
2022-12-24 14:10:02.056 [DEBUG] [thread-id 1] - Click element: 'Continue'
2022-12-24 14:10:03.702 [DEBUG] [thread-id 1] - conditionally execute a flow. condition: true
2022-12-24 14:10:05.127 [DEBUG] [thread-id 1] - Click element: 'Ask App Not to Track'
2022-12-24 14:10:36.455 [DEBUG] [thread-id 1] - Executing function: 'us.functions.utils.tryAgainWhenThereIsError'
2022-12-24 14:10:36.481 [DEBUG] [thread-id 1] - loop: from 0 to 2
2022-12-24 14:10:36.724 [DEBUG] [thread-id 1] - 0
2022-12-24 14:10:47.038 [DEBUG] [thread-id 1] - conditionally execute a flow. condition: false
2022-12-24 14:10:47.337 [DEBUG] [thread-id 1] - Executing function: 'us.functions.onboarding.handleTechnicalErrorPage'
2022-12-24 14:10:47.338 [DEBUG] [thread-id 1] - sleep:  5000 milliseconds
2022-12-24 14:10:52.344 [DEBUG] [thread-id 1] - loop: from 0 to 4
2022-12-24 14:10:52.561 [DEBUG] [thread-id 1] - 0
2022-12-24 14:11:03.216 [DEBUG] [thread-id 1] - conditionally execute a flow. condition: false
2022-12-24 14:11:03.433 [DEBUG] [thread-id 1] - No Technical Error Page observed
2022-12-24 14:11:03.689 [DEBUG] [thread-id 1] - Executing function: 'us.functions.gic.collapseIfExpanded'
2022-12-24 14:11:03.950 [DEBUG] [thread-id 1] - conditionally execute a flow. condition: true
2022-12-24 14:11:04.402 [DEBUG] [thread-id 1] - Click element: '//*[contains(@label,"Expanded")]'
2022-12-24 14:11:04.693 [DEBUG] [thread-id 1] - Executing function: 'us.functions.home.navigateHomeToSignIn'
2022-12-24 14:11:05.176 [DEBUG] [thread-id 1] - Click element: 'Account'
2022-12-24 14:11:05.548 [DEBUG] [thread-id 1] - sleep:  3000 milliseconds
2022-12-24 14:11:09.251 [DEBUG] [thread-id 1] - Verify identifier: {//XCUIElementTypeButton[@name="Account.SignInButton"] | //XCUIElementTypeButton[@name="HeaderView.loginButton"] | //XCUIElementTypeButton[@label="SignInYourAccountTableViewCell.signInButton"] | //XCUIElementTypeButton[@label="Sign in"] | //XCUIElementTypeButton[@label="Sign in or create an account"]=[true]}
2022-12-24 14:11:09.256 [DEBUG] [thread-id 1] - loop: from 1 to 3
2022-12-24 14:11:10.134 [DEBUG] [thread-id 1] - conditionally execute a flow. condition: true
2022-12-24 14:11:11.019 [DEBUG] [thread-id 1] - Click element: '//XCUIElementTypeButton[@name="Account.SignInButton"] | //XCUIElementTypeButton[@name="HeaderView.loginButton"] | //XCUIElementTypeButton[@label="SignInYourAccountTableViewCell.signInButton"] | //XCUIElementTypeButton[@label="Sign in"] | //XCUIElementTypeButton[@label="Sign in or create an account"]'
2022-12-24 14:11:11.975 [DEBUG] [thread-id 1] - sleep:  3000 milliseconds
2022-12-24 14:11:15.723 [DEBUG] [thread-id 1] - conditionally execute a flow. condition: true
2022-12-24 14:11:16.120 [DEBUG] [thread-id 1] - Store in: store the value 'true' in the variable 'signInValidated'
2022-12-24 14:11:16.562 [DEBUG] [thread-id 1] - conditionally execute a flow. condition: true
2022-12-24 14:11:16.979 [DEBUG] [thread-id 1] - SignIn page loaded
2022-12-24 14:11:17.376 [DEBUG] [thread-id 1] - Store in: store the value 'false' in the variable 'signInValidated'
2022-12-24 14:11:17.398 [DEBUG] [thread-id 1] - Executing function: 'us.functions.global.authentication.signInAccount'
2022-12-24 14:11:17.411 [WARN] [thread-id 1] - variable validateSignInPage was used, but r2 could not find a value for this variable. returning default of null
2022-12-24 14:11:17.417 [DEBUG] [thread-id 1] - Executing function: 'us.functions.global.authentication.dismissSelectSavedPasswordDialog'
2022-12-24 14:11:28.137 [DEBUG] [thread-id 1] - Verify identifier: {//XCUIElementTypeTextField=[true]}
2022-12-24 14:11:28.490 [DEBUG] [thread-id 1] - Enter text: 'walp@gmail.com'
2022-12-24 14:11:32.344 [DEBUG] [thread-id 1] - loop: from 1 to 3
2022-12-24 14:11:33.684 [DEBUG] [thread-id 1] - sleep:  3000 milliseconds
2022-12-24 14:11:38.045 [DEBUG] [thread-id 1] - conditionally execute a flow. condition: true
2022-12-24 14:11:39.532 [DEBUG] [thread-id 1] - Click element: 'SignInView.ctaButton'
2022-12-24 14:11:41.846 [DEBUG] [thread-id 1] - conditionally execute a flow. condition: true
2022-12-24 14:11:43.139 [DEBUG] [thread-id 1] - Store in: store the value 'true' in the variable 'signInValidated'
2022-12-24 14:11:44.507 [DEBUG] [thread-id 1] - conditionally execute a flow. condition: true
2022-12-24 14:11:45.804 [DEBUG] [thread-id 1] - Store in: store the value 'false' in the variable 'signInValidated'
2022-12-24 14:11:47.117 [DEBUG] [thread-id 1] - Email entered
2022-12-24 14:11:47.140 [WARN] [thread-id 1] - variable validateSignInPage was used, but r2 could not find a value for this variable. returning default of null
2022-12-24 14:11:47.143 [DEBUG] [thread-id 1] - loop: from 1 to 3
2022-12-24 14:11:48.466 [DEBUG] [thread-id 1] - sleep:  2000 milliseconds
2022-12-24 14:11:52.310 [DEBUG] [thread-id 1] - conditionally execute a flow. condition: true
2022-12-24 14:11:54.128 [DEBUG] [thread-id 1] - Enter text: 'Testing@123'
2022-12-24 14:11:58.111 [DEBUG] [thread-id 1] - sleep:  1000 milliseconds
2022-12-24 14:12:01.447 [DEBUG] [thread-id 1] - Click element: '//XCUIElementTypeStaticText[@name="Sign in"] | //XCUIElementTypeButton[@label="Sign In" or @label="Sign in"] | //XCUIElementTypeButton[@name="OtpView.ctaButton"] | //XCUIElementTypeButton[@label="Sign in or create an account"]'
2022-12-24 14:12:03.255 [DEBUG] [thread-id 1] - sleep:  2000 milliseconds
2022-12-24 14:12:18.728 [DEBUG] [thread-id 1] - Hide keyboard: 'true'
2022-12-24 14:12:20.897 [DEBUG] [thread-id 1] - conditionally execute a flow. condition: true
2022-12-24 14:12:22.472 [DEBUG] [thread-id 1] - Store in: store the value 'true' in the variable 'signInValidated'
2022-12-24 14:12:24.073 [DEBUG] [thread-id 1] - conditionally execute a flow. condition: true
2022-12-24 14:12:25.565 [DEBUG] [thread-id 1] - Account signed in
2022-12-24 14:12:26.055 [DEBUG] [thread-id 1] - conditionally execute a flow. condition: true
2022-12-24 14:12:28.062 [DEBUG] [thread-id 1] - Click element: '//XCUIElementTypeButton[@name="Don’t Allow"] | //XCUIElementTypeButton[@name="Don’t Allow"]'
2022-12-24 14:12:28.744 [DEBUG] [thread-id 1] - Executing function: 'us.functions.utils.handleCartMergePopup'
2022-12-24 14:12:28.747 [DEBUG] [thread-id 1] - sleep:  7000 milliseconds
2022-12-24 14:12:35.750 [DEBUG] [thread-id 1] - loop: from 0 to 4
2022-12-24 14:12:36.647 [DEBUG] [thread-id 1] - 0
2022-12-24 14:12:48.127 [DEBUG] [thread-id 1] - conditionally execute a flow. condition: false
2022-12-24 14:12:48.906 [DEBUG] [thread-id 1] - No Technical Error Page observed
2022-12-24 14:12:49.742 [DEBUG] [thread-id 1] - Executing function: 'us.functions.global.navigation.accountToHome'
2022-12-24 14:12:50.505 [DEBUG] [thread-id 1] - Click element: '//XCUIElementTypeButton[@name="Shop"] |  //XCUIElementTypeButton[@name="Home"]'
2022-12-24 14:12:50.910 [DEBUG] [thread-id 1] - Executing function: 'us.functions.home.closeWPlusPromotionPopUpIfDisplayed'
2022-12-24 14:12:50.913 [DEBUG] [thread-id 1] - sleep:  5000 milliseconds
2022-12-24 14:12:56.767 [DEBUG] [thread-id 1] - conditionally execute a flow. condition: true
2022-12-24 14:12:58.496 [DEBUG] [thread-id 1] - Click element: '//XCUIElementTypeButton[@name="SplashPageViewController.closeButton" or contains(@label, "Close Walmart plus promotional pop up")] | //XCUIElementTypeNavigationBar[@name="WalmartPlus.SplashPageView"]/XCUIElementTypeButton|//XCUIElementTypeButton[@name="close"]'
2022-12-24 14:12:59.665 [DEBUG] [thread-id 1] - Verify identifier: {//XCUIElementTypeSearchField[@name="Search Walmart"] | //XCUIElementTypeOther[@name="Search Walmart"]/XCUIElementTypeOther | //XCUIElementTypeOther[@name="Search Walmart"]=[true]}
2022-12-24 14:12:59.666 [DEBUG] [thread-id 1] - Executing function: 'us.functions.home.rateDriverPopup'
2022-12-24 14:12:59.669 [DEBUG] [thread-id 1] - loop: from 1 to 6
2022-12-24 14:13:00.284 [DEBUG] [thread-id 1] - 1
2022-12-24 14:13:11.194 [DEBUG] [thread-id 1] - conditionally execute a flow. condition: false
2022-12-24 14:13:11.869 [DEBUG] [thread-id 1] - Executing function: 'us.functions.home.setStore'
2022-12-24 14:13:11.921 [DEBUG] [thread-id 1] - Executing function: 'us.functions.utils.getSearchableItem'
2022-12-24 14:13:11.924 [DEBUG] [thread-id 1] - Store in: store the value 'null' in the variable 'itemFetched'
2022-12-24 14:13:11.925 [DEBUG] [thread-id 1] - Store in: store the value 'null' in the variable 'deeplinkURL'
2022-12-24 14:13:11.932 [DEBUG] [thread-id 1] - conditionally execute a flow. condition: false
2022-12-24 14:13:12.551 [DEBUG] [thread-id 1] - Item fetched by Astro API
2022-12-24 14:13:13.177 [DEBUG] [thread-id 1] - Executing function: 'us.functions.utils.fetchAstroAvailableItem'
2022-12-24 14:13:13.187 [DEBUG] [thread-id 1] - Fetching Item available in stock using Astro API for Item type FC_DELIVERY
2022-12-24 14:13:13.191 [WARN] [thread-id 1] - variable storeId was used, but r2 could not find a value for this variable. returning default of null
2022-12-24 14:13:13.206 [DEBUG] [thread-id 1] - conditionally execute a flow. condition: true
2022-12-24 14:13:13.832 [DEBUG] [thread-id 1] - Store in: store the value '32144' in the variable 'storeId'
2022-12-24 14:13:13.872 [WARN] [thread-id 1] - variable itemStatusHeader was used, but r2 could not find a value for this variable. returning default of null
2022-12-24 14:13:13.878 [DEBUG] [thread-id 1] - conditionally execute a flow. condition: true
2022-12-24 14:13:14.542 [DEBUG] [thread-id 1] - Store in: store the value 'SUCCESS' in the variable 'itemStatusHeader'
2022-12-24 14:13:14.578 [DEBUG] [thread-id 1] - conditionally execute a flow. condition: true
2022-12-24 14:13:15.192 [DEBUG] [thread-id 1] - Store in: store the value 'nextgen' in the variable 'version'
2022-12-24 14:13:15.203 [DEBUG] [thread-id 1] - Store in: store the value 'null' in the variable 'itemDetails'
2022-12-24 14:13:15.812 [DEBUG] [thread-id 1] - conditionally execute a flow. condition: true
2022-12-24 14:13:16.418 [DEBUG] [thread-id 1] - NextGen API
2022-12-24 14:13:17.058 [DEBUG] [thread-id 1] - Call API: 'http://astro.walmart.com/api/v3/teflon/internal/getItemHealth/32144/FC_DELIVERY'
2022-12-24 14:13:32.661 [DEBUG] [thread-id 1] - Response code is: '200'. Response body is: '{"astroStatus":"SUCCESS","astroDescription":"Item Health details found in itemHealth Collection","astroDetails":[{"itemId":"1937310256","astroStatus":"SUCCESS","astroDescription":"FC_DELIVERY (1937310256), ORDER CREATED","orderType":"FC_DELIVERY","storeId":"32144","orderNumber":null,"eligiblePaths":[],"inEligiblePaths":[],"_id":"6352f4ae2110d44bb44f332f","__v":0,"createdAt":"2022-10-21T19:36:14.049Z","updatedAt":"2022-12-24T22:11:46.965Z"},{"itemId":"1168705544","astroStatus":"SUCCESS","astroDescription":"FC_DELIVERY (1168705544), ORDER CREATED","orderType":"FC_DELIVERY","storeId":"32144","orderNumber":null,"eligiblePaths":[],"inEligiblePaths":[],"_id":"6352f4ae8d5c5e54d46a5c53","__v":0,"createdAt":"2022-10-21T19:36:14.101Z","updatedAt":"2022-12-24T22:11:47.964Z"},{"itemId":"1577285523","astroStatus":"SUCCESS","astroDescription":"FC_DELIVERY (1577285523), ORDER CREATED","orderType":"FC_DELIVERY","storeId":"32144","orderNumber":null,"eligiblePaths":[],"inEligiblePaths":[],"_id":"6352f4aeca5dde2ee4d1b24d","__v":0,"createdAt":"2022-10-21T19:36:14.720Z","updatedAt":"2022-12-24T22:11:47.647Z"}]}'
2022-12-24 14:13:33.429 [DEBUG] [thread-id 1] - conditionally execute a flow. condition: false
2022-12-24 14:13:34.031 [DEBUG] [thread-id 1] - SUCCESSFUL item fetched from astro API.
2022-12-24 14:13:34.671 [DEBUG] [thread-id 1] - loop: over '[{"itemId":"1937310256","astroStatus":"SUCCESS","astroDescription":"FC_DELIVERY (1937310256), ORDER CREATED","orderType":"FC_DELIVERY","storeId":"32144","orderNumber":null,"eligiblePaths":[],"inEligiblePaths":[],"_id":"6352f4ae2110d44bb44f332f","__v":0,"createdAt":"2022-10-21T19:36:14.049Z","updatedAt":"2022-12-24T22:11:46.965Z"},{"itemId":"1168705544","astroStatus":"SUCCESS","astroDescription":"FC_DELIVERY (1168705544), ORDER CREATED","orderType":"FC_DELIVERY","storeId":"32144","orderNumber":null,"eligiblePaths":[],"inEligiblePaths":[],"_id":"6352f4ae8d5c5e54d46a5c53","__v":0,"createdAt":"2022-10-21T19:36:14.101Z","updatedAt":"2022-12-24T22:11:47.964Z"},{"itemId":"1577285523","astroStatus":"SUCCESS","astroDescription":"FC_DELIVERY (1577285523), ORDER CREATED","orderType":"FC_DELIVERY","storeId":"32144","orderNumber":null,"eligiblePaths":[],"inEligiblePaths":[],"_id":"6352f4aeca5dde2ee4d1b24d","__v":0,"createdAt":"2022-10-21T19:36:14.720Z","updatedAt":"2022-12-24T22:11:47.647Z"}]'
2022-12-24 14:13:35.255 [DEBUG] [thread-id 1] - Store in: store the value 'null' in the variable 'itemDetails'
2022-12-24 14:13:35.872 [DEBUG] [thread-id 1] - {"itemId":"1937310256","astroStatus":"SUCCESS","astroDescription":"FC_DELIVERY (1937310256), ORDER CREATED","orderType":"FC_DELIVERY","storeId":"32144","orderNumber":null,"eligiblePaths":[],"inEligiblePaths":[],"_id":"6352f4ae2110d44bb44f332f","__v":0,"createdAt":"2022-10-21T19:36:14.049Z","updatedAt":"2022-12-24T22:11:46.965Z"}
2022-12-24 14:13:36.493 [DEBUG] [thread-id 1] - Store in: store the value '1937310256' in the variable 'itemFetched'
2022-12-24 14:13:37.122 [DEBUG] [thread-id 1] - Store in: store the value 'SUCCESS' in the variable 'itemStatus'
2022-12-24 14:13:37.761 [WARN] [thread-id 1] - variable healthCheck was used, but r2 could not find a value for this variable. returning default of null
2022-12-24 14:13:38.384 [DEBUG] [thread-id 1] - conditionally execute a flow. condition: true
2022-12-24 14:13:39.017 [WARN] [thread-id 1] - variable skipForNext was used, but r2 could not find a value for this variable. returning default of null
2022-12-24 14:13:39.639 [WARN] [thread-id 1] - variable excludeFetchedItem was used, but r2 could not find a value for this variable. returning default of null
2022-12-24 14:13:39.642 [DEBUG] [thread-id 1] - conditionally execute a flow. condition: false
2022-12-24 14:13:40.251 [DEBUG] [thread-id 1] - Executing function: 'us.functions.utils.itemHealthCheck'
2022-12-24 14:13:40.254 [DEBUG] [thread-id 1] - Checking item eligibility before proceeding
2022-12-24 14:13:40.255 [DEBUG] [thread-id 1] - Store in: store the value 'false' in the variable 'itemEligiblity'
2022-12-24 14:13:40.257 [DEBUG] [thread-id 1] - Store in: store the value 'false' in the variable 'ignoreItem'
2022-12-24 14:13:40.260 [DEBUG] [thread-id 1] - loop: over '["158353031","669597065","446886409", "803629599", "888307914"]'
2022-12-24 14:13:43.449 [DEBUG] [thread-id 1] - conditionally execute a flow. condition: false
2022-12-24 14:13:44.063 [DEBUG] [thread-id 1] - conditionally execute a flow. condition: true
2022-12-24 14:13:45.274 [DEBUG] [thread-id 1] - Call API: 'http://astro.walmart.com/api/v2/teflon/itemHealthCheck?shippingNode=32144&orderType=FC_DELIVERY&itemId=1937310256'
2022-12-24 14:13:53.017 [DEBUG] [thread-id 1] - Response code is: '200'. Response body is: '{"status":"OK","offerId":"BE9D54DF5E4D4E1C8C9B864C4D69EFE4","eligibility":{"orderType":"FC_DELIVERY","shipNode":"32144","preferredDeliveryRoute":{"nodeType":"FC","shipNode":"2379","carrierType":"GROUND","xmlCarrierMethodCode":"67"},"isEligible":true}}'
2022-12-24 14:13:53.714 [DEBUG] [thread-id 1] - conditionally execute a flow. condition: true
2022-12-24 14:13:54.960 [DEBUG] [thread-id 1] - Stock available Item Id 1937310256 for type FC_DELIVERY
2022-12-24 14:13:55.591 [DEBUG] [thread-id 1] - Store in: store the value 'false' in the variable 'skipForNext'
2022-12-24 14:13:56.200 [DEBUG] [thread-id 1] - Store in: store the value 'false' in the variable 'excludeFetchedItem'
2022-12-24 14:13:56.214 [DEBUG] [thread-id 1] - Store in: store the value 'null' in the variable 'storeId'
2022-12-24 14:13:56.216 [DEBUG] [thread-id 1] - Store in: store the value 'null' in the variable 'itemStatusHeader'
2022-12-24 14:13:56.218 [DEBUG] [thread-id 1] - Store in: store the value 'false' in the variable 'healthCheck'
2022-12-24 14:13:56.219 [DEBUG] [thread-id 1] - Store in: store the value 'null' in the variable 'version'
2022-12-24 14:13:56.250 [DEBUG] [thread-id 1] - Store in: store the value 'null' in the variable 'backupItem'
2022-12-24 14:13:56.253 [DEBUG] [thread-id 1] - Store in: store the value 'null' in the variable 'source'
2022-12-24 14:13:56.257 [DEBUG] [thread-id 1] - Store in: store the value 'walmart://item/1937310256' in the variable 'deeplinkURl'
2022-12-24 14:13:56.260 [DEBUG] [thread-id 1] - Item:1937310256
2022-12-24 14:13:56.261 [DEBUG] [thread-id 1] - deeplinkURL:walmart://item/1937310256
2022-12-24 14:13:56.262 [DEBUG] [thread-id 1] - Executing function: 'us.functions.global.navigation.goToDeepLink'
2022-12-24 14:13:56.264 [DEBUG] [thread-id 1] - Verify value of: '$deepLinkUrl'
2022-12-24 14:13:56.267 [DEBUG] [thread-id 1] - Open link: 'walmart://item/1937310256'
2022-12-24 14:13:56.986 [DEBUG] [thread-id 1] - Executing function: 'us.functions.global.navigation.openDeepLink'
2022-12-24 14:14:08.217 [DEBUG] [thread-id 1] - Executing function: 'us.functions.utils.handleTechnicalErrorPopup'
2022-12-24 14:14:08.220 [DEBUG] [thread-id 1] - Store in: store the value 'false' in the variable 'errorRemoved'
2022-12-24 14:14:08.220 [DEBUG] [thread-id 1] - sleep:  10000 milliseconds
2022-12-24 14:14:18.231 [DEBUG] [thread-id 1] - loop: from 0 to 3
2022-12-24 14:14:19.553 [DEBUG] [thread-id 1] - 0
2022-12-24 14:14:31.458 [DEBUG] [thread-id 1] - conditionally execute a flow. condition: false
2022-12-24 14:14:32.729 [DEBUG] [thread-id 1] - Store in: store the value 'true' in the variable 'errorRemoved'
2022-12-24 14:14:34.052 [DEBUG] [thread-id 1] - No Technical Error Pop up observed
2022-12-24 14:14:35.345 [DEBUG] [thread-id 1] - Executing function: 'us.functions.item.addItemToCart'
2022-12-24 14:14:36.626 [DEBUG] [thread-id 1] - sleep:  2000 milliseconds
2022-12-24 14:14:45.435 [DEBUG] [thread-id 1] - Item wasn't Added initially, continuing with scenario
2022-12-24 14:14:46.709 [DEBUG] [thread-id 1] - conditionally execute a flow. condition: true
2022-12-24 14:14:47.980 [DEBUG] [thread-id 1] - ATC button present
2022-12-24 14:14:49.474 [DEBUG] [thread-id 1] - Click element: '(//XCUIElementTypeButton[@name="stepper.mainButton"])[1] | //XCUIElementTypeOther[@name="stepper.addToCartButton"] | (//XCUIElementTypeOther[contains(@name,"GlassStepperView.inner")]) | //XCUIElementTypeButton[@name="stepper.mainButton"]'
2022-12-24 14:14:50.049 [DEBUG] [thread-id 1] - sleep:  3000 milliseconds
2022-12-24 14:15:03.711 [WARN] [thread-id 1] - variable closeButtonNotDisplayed was used, but r2 could not find a value for this variable. returning default of null
2022-12-24 14:15:03.715 [DEBUG] [thread-id 1] - conditionally execute a flow. condition: false
2022-12-24 14:15:04.968 [DEBUG] [thread-id 1] - Executing function: 'us.functions.item.handlePAC'
2022-12-24 14:15:04.968 [DEBUG] [thread-id 1] - sleep:  5000 milliseconds
2022-12-24 14:15:21.956 [DEBUG] [thread-id 1] - sleep:  1000 milliseconds
2022-12-24 14:15:24.278 [WARN] [thread-id 1] - variable qty was used, but r2 could not find a value for this variable. returning default of null
2022-12-24 14:15:24.279 [WARN] [thread-id 1] - variable qty was used, but r2 could not find a value for this variable. returning default of null
2022-12-24 14:15:25.531 [DEBUG] [thread-id 1] - Verify identifier: {//XCUIElementTypeStaticText[@name="1 added"]| //XCUIElementTypeOther[@name="add-to-cart-button"] | //XCUIElementTypeStaticText[@label="null"] | Max 1=[true]}
2022-12-24 14:15:42.074 [DEBUG] [thread-id 1] - Click element: 'ItemDetailsViewController_itemDetailCloseButton'
2022-12-24 14:15:42.810 [DEBUG] [thread-id 1] - Verify identifier: {TitleView_productTitle=[true]}
2022-12-24 14:15:42.810 [DEBUG] [thread-id 1] - sleep:  3000 milliseconds
2022-12-24 14:15:46.407 [DEBUG] [thread-id 1] - Verify identifier: {Your cart is empty=[true]}
2022-12-24 14:15:46.408 [DEBUG] [thread-id 1] - Store in: store the value 'false' in the variable 'closeButtonNotDisplayed'
2022-12-24 14:15:46.408 [DEBUG] [thread-id 1] - Executing function: 'us.functions.global.navigation.goToDeepLink'
2022-12-24 14:15:46.409 [DEBUG] [thread-id 1] - Verify value of: '$deepLinkUrl'
2022-12-24 14:15:46.410 [DEBUG] [thread-id 1] - Open link: 'walmart://ip/894010516'
2022-12-24 14:15:58.452 [DEBUG] [thread-id 1] - Store in: store the value 'false' in the variable 'errorRemoved'
2022-12-24 14:15:58.452 [DEBUG] [thread-id 1] - sleep:  10000 milliseconds
2022-12-24 14:16:08.456 [DEBUG] [thread-id 1] - loop: from 0 to 3
2022-12-24 14:16:09.648 [DEBUG] [thread-id 1] - 0
2022-12-24 14:16:20.980 [DEBUG] [thread-id 1] - conditionally execute a flow. condition: false
2022-12-24 14:16:22.203 [DEBUG] [thread-id 1] - Store in: store the value 'true' in the variable 'errorRemoved'
2022-12-24 14:16:23.470 [DEBUG] [thread-id 1] - No Technical Error Pop up observed
2022-12-24 14:16:24.772 [DEBUG] [thread-id 1] - Executing function: 'us.functions.item.petrxItem.verifyPresent'
2022-12-24 14:16:28.435 [DEBUG] [thread-id 1] - Verify identifier: {TitleView_productTitle=[true], //XCUIElementTypeStaticText[@name="PriceView_primaryProductPrice"]=[true], Prescription required=[true]}
2022-12-24 14:16:28.437 [DEBUG] [thread-id 1] - Scroll: down
2022-12-24 14:16:36.501 [DEBUG] [thread-id 1] - Verify identifier: {Pickup not available at Carrollton Pharmacy Check availability nearby=[true]}
2022-12-24 14:16:36.503 [DEBUG] [thread-id 1] - Executing function: 'us.functions.item.addItemToCart'
2022-12-24 14:16:37.675 [DEBUG] [thread-id 1] - sleep:  2000 milliseconds
2022-12-24 14:16:45.300 [DEBUG] [thread-id 1] - Item wasn't Added initially, continuing with scenario
2022-12-24 14:16:57.263 [DEBUG] [thread-id 1] - conditionally execute a flow. condition: false
2022-12-24 14:17:06.359 [DEBUG] [thread-id 1] - Main failed: DATA_FAILURE - teflon ADD TO CART button not displayed
2022-12-24 14:17:07.513 [DEBUG] [thread-id 1] - Executing scenario: 'After'
2022-12-24 14:17:07.526 [DEBUG] [thread-id 1] - Executing function: 'us.functions.utils.afterSteps'
2022-12-24 14:17:07.531 [WARN] [thread-id 1] - variable testStatus was used, but r2 could not find a value for this variable. returning default of null
2022-12-24 14:17:07.534 [DEBUG] [thread-id 1] - conditionally execute a flow. condition: false
2022-12-24 14:17:08.650 [DEBUG] [thread-id 1] - Test failed
2022-12-24 14:17:09.819 [DEBUG] [thread-id 1] - Executing function: 'us.functions.utils.closeErrorAlertIfExists'
2022-12-24 14:17:25.379 [DEBUG] [thread-id 1] - Created report: /Users/m0k0a2f/glass-automation/report/index.html
2022-12-24 14:59:54.657 [DEBUG] [thread-id 1] - Executing R2 3.30.0: '/Users/m0k0a2f/glass-automation/./us/test/test-scripts/ios/golden-flows/PetRx-flows/flow0349-PetRX-multiple-Pet-Vet-order.yaml' on device: 'iPhone 13'
2022-12-24 15:00:49.121 [DEBUG] [thread-id 1] - Executing scenario: 'Before'
2022-12-24 15:00:49.127 [DEBUG] [thread-id 1] - Execute before steps
2022-12-24 15:00:49.129 [DEBUG] [thread-id 1] - R2_SUBFLOW_PRE_TRANSACTION
2022-12-24 15:00:49.131 [DEBUG] [thread-id 1] - Executing function: 'us.functions.utils.astro.clearCart'
2022-12-24 15:00:49.277 [DEBUG] [thread-id 1] - Call API: 'http://astro.walmart.com/api/v2/teflon/customer/us.data.ios.flowPetRX.email/clearcart'
2022-12-24 15:00:59.694 [DEBUG] [thread-id 1] - Response code is: '400'. Response body is: '{"statusCode":400,"error":"Bad Request","message":"Invalid request params input"}'
2022-12-24 15:00:59.696 [INFO] [thread-id 1] - Expected '200' but got '400'. retrying...
2022-12-24 15:01:01.710 [INFO] [thread-id 1] - Call API: 'http://astro.walmart.com/api/v2/teflon/customer/us.data.ios.flowPetRX.email/clearcart'
2022-12-24 15:01:11.895 [DEBUG] [thread-id 1] - Response code is: '400'. Response body is: '{"statusCode":400,"error":"Bad Request","message":"Invalid request params input"}'
2022-12-24 15:01:11.897 [INFO] [thread-id 1] - Expected '200' but got '400'. retrying...
2022-12-24 15:01:13.913 [INFO] [thread-id 1] - Call API: 'http://astro.walmart.com/api/v2/teflon/customer/us.data.ios.flowPetRX.email/clearcart'
2022-12-24 15:01:24.111 [DEBUG] [thread-id 1] - Response code is: '400'. Response body is: '{"statusCode":400,"error":"Bad Request","message":"Invalid request params input"}'
2022-12-24 15:01:24.113 [INFO] [thread-id 1] - Expected '200' but got '400'. retrying...
2022-12-24 15:01:26.125 [INFO] [thread-id 1] - Call API: 'http://astro.walmart.com/api/v2/teflon/customer/us.data.ios.flowPetRX.email/clearcart'
2022-12-24 15:01:36.392 [DEBUG] [thread-id 1] - Response code is: '400'. Response body is: '{"statusCode":400,"error":"Bad Request","message":"Invalid request params input"}'
2022-12-24 15:01:36.396 [INFO] [thread-id 1] - Expected '200' but got '400'. retrying...
2022-12-24 15:01:38.410 [INFO] [thread-id 1] - Call API: 'http://astro.walmart.com/api/v2/teflon/customer/us.data.ios.flowPetRX.email/clearcart'
2022-12-24 15:01:48.599 [DEBUG] [thread-id 1] - Response code is: '400'. Response body is: '{"statusCode":400,"error":"Bad Request","message":"Invalid request params input"}'
2022-12-24 15:01:48.600 [INFO] [thread-id 1] - Expected '200' but got '400'. retrying...
2022-12-24 15:01:50.610 [INFO] [thread-id 1] - Call API: 'http://astro.walmart.com/api/v2/teflon/customer/us.data.ios.flowPetRX.email/clearcart'
2022-12-24 15:02:00.790 [DEBUG] [thread-id 1] - Response code is: '400'. Response body is: '{"statusCode":400,"error":"Bad Request","message":"Invalid request params input"}'
2022-12-24 15:02:01.066 [WARN] [thread-id 1] - variable clearCartStatus was used, but r2 could not find a value for this variable. returning default of null
2022-12-24 15:02:01.098 [DEBUG] [thread-id 1] - conditionally execute a flow. condition: true
2022-12-24 15:02:02.266 [DEBUG] [thread-id 1] - Before failed: API_FAILURE - ASTRO - Cart not cleared
2022-12-24 15:02:02.401 [DEBUG] [thread-id 1] - Executing scenario: 'After'
2022-12-24 15:02:02.403 [DEBUG] [thread-id 1] - Executing function: 'us.functions.utils.afterSteps'
2022-12-24 15:02:02.408 [WARN] [thread-id 1] - variable testStatus was used, but r2 could not find a value for this variable. returning default of null
2022-12-24 15:02:02.413 [DEBUG] [thread-id 1] - conditionally execute a flow. condition: false
2022-12-24 15:02:02.537 [DEBUG] [thread-id 1] - Test failed
2022-12-24 15:02:02.663 [DEBUG] [thread-id 1] - Executing function: 'us.functions.utils.closeErrorAlertIfExists'
2022-12-24 15:02:18.028 [DEBUG] [thread-id 1] - Created report: /Users/m0k0a2f/glass-automation/report/index.html
