2023-08-18 14:34:21.328 [ERROR] [thread-id 1] - org.yaml.snakeyaml.constructor.ConstructorException: Cannot create property=profiles for JavaBean=com.walmartlabs.data.dependencies.Dependencies@545607f2
 in 'reader', line 1, column 1:
    general:
    ^
Cannot create property=device for JavaBean=com.walmartlabs.data.dependencies.Profiles@515ebef3
 in 'reader', line 605, column 5:
      - name: looper-prod-rdc-dct
        ^
Cannot create property=orientation for JavaBean=com.walmartlabs.data.dependencies.Device@3015db78
 in 'reader', line 627, column 9:
          - deviceName: ${DEVICE_NAME_IOS}
            ^
Unable to find property 'orientation' on class: com.walmartlabs.data.dependencies.Device
 in 'reader', line 632, column 22:
            orientation: PORTRAIT
                         ^

 in 'reader', line 627, column 7:
          - deviceName: ${DEVICE_NAME_IOS}
          ^

 in 'reader', line 20, column 3:
      - name: local
      ^

2023-08-18 14:35:23.991 [ERROR] [thread-id 1] - org.yaml.snakeyaml.constructor.ConstructorException: Cannot create property=profiles for JavaBean=com.walmartlabs.data.dependencies.Dependencies@34dc85a
 in 'reader', line 1, column 1:
    general:
    ^
Cannot create property=device for JavaBean=com.walmartlabs.data.dependencies.Profiles@27c04377
 in 'reader', line 605, column 5:
      - name: looper-prod-rdc-dct
        ^
Cannot create property=orientation for JavaBean=com.walmartlabs.data.dependencies.Device@39109136
 in 'reader', line 627, column 9:
          - deviceName: ${DEVICE_NAME_IOS}
            ^
Unable to find property 'orientation' on class: com.walmartlabs.data.dependencies.Device
 in 'reader', line 632, column 22:
            orientation: PORTRAIT
                         ^

 in 'reader', line 627, column 7:
          - deviceName: ${DEVICE_NAME_IOS}
          ^

 in 'reader', line 20, column 3:
      - name: local
      ^

