2025-03-25 15:01:07.517 [DEBUG] [thread-id 1] - [0;34mExecuting R2 5.5.0: '/Users/m0k0a2f/glass-automation/us/e2e-tests/test-scripts/android/golden-flows/Financial-Services-Flows/pre-transaction/C2644791-directed-spend-payment.yaml' on device: 'Pixel_8_Pro_API_34'
2025-03-25 15:01:07.553 [INFO] [thread-id 1] - url: http://127.0.0.1:4723
2025-03-25 15:01:37.936 [ERROR] [thread-id 1] - error setting up appium session: 
org.openqa.selenium.SessionNotCreatedException: Could not start a new session. Response code 500. Message: An unknown server-side error occurred while processing the command. Original error: Could not find a driver for automationName 'UiAutomator2' and platformName 'ANDROID'. Have you installed a driver that supports those capabilities? Run 'appium driver list --installed' to see. (Lower-level error: Could not find installed driver to support given caps) 
Host info: host: 'm-xqkh4fwq5j', ip: 'fd00:f85b:3b8e:a30b:0:0:0:12bb%en0'
Build info: version: '4.25.0', revision: '8a8aea2337'
System info: os.name: 'Mac OS X', os.arch: 'aarch64', os.version: '15.3.2', java.version: '20.0.1'
Driver info: io.appium.java_client.android.AndroidDriver
Command: [null, newSession {capabilities=[Capabilities {appium:adbExecTimeout: 50000, appium:app: /Users/m0k0a2f/glass-automa..., appium:appActivity: com.walmart.glass.integrati..., appium:appPackage: com.walmart.android.debug, appium:appiumVersion: 2.0.0, appium:automationName: UiAutomator2, appium:commandTimeout: 600, appium:deviceName: Pixel_8_Pro_API_34, appium:fullReset: true, appium:idleTimeout: 1000, appium:intentFlags: 0, appium:name: C2644791-directed-spend-pay..., appium:newCommandTimeout: 600000, appium:noReset: false, appium:noSign: true, appium:optionalIntentArguments: --es glass.auto.ServiceEnv ..., appium:orientation: PORTRAIT, appium:platformVersion: 14.0, appium:public: share, platformName: ANDROID}]}]
Capabilities {appium:adbExecTimeout: 50000, appium:app: /Users/m0k0a2f/glass-automa..., appium:appActivity: com.walmart.glass.integrati..., appium:appPackage: com.walmart.android.debug, appium:appiumVersion: 2.0.0, appium:automationName: UiAutomator2, appium:commandTimeout: 600, appium:deviceName: Pixel_8_Pro_API_34, appium:fullReset: true, appium:idleTimeout: 1000, appium:intentFlags: 0, appium:name: C2644791-directed-spend-pay..., appium:newCommandTimeout: 600000, appium:noReset: false, appium:noSign: true, appium:optionalIntentArguments: --es glass.auto.ServiceEnv ..., appium:orientation: PORTRAIT, appium:platformVersion: 14.0, appium:public: share, platformName: ANDROID}
	at org.openqa.selenium.remote.ProtocolHandshake.createSession(ProtocolHandshake.java:114) ~[r2-5.5.0.jar:5.5.0]
	at org.openqa.selenium.remote.ProtocolHandshake.createSession(ProtocolHandshake.java:75) ~[r2-5.5.0.jar:5.5.0]
	at org.openqa.selenium.remote.ProtocolHandshake.createSession(ProtocolHandshake.java:61) ~[r2-5.5.0.jar:5.5.0]
	at io.appium.java_client.remote.AppiumCommandExecutor.createSession(AppiumCommandExecutor.java:176) ~[r2-5.5.0.jar:5.5.0]
	at io.appium.java_client.remote.AppiumCommandExecutor.execute(AppiumCommandExecutor.java:237) ~[r2-5.5.0.jar:5.5.0]
	at org.openqa.selenium.remote.RemoteWebDriver.execute(RemoteWebDriver.java:545) ~[r2-5.5.0.jar:5.5.0]
	at io.appium.java_client.AppiumDriver.startSession(AppiumDriver.java:270) ~[r2-5.5.0.jar:5.5.0]
	at org.openqa.selenium.remote.RemoteWebDriver.<init>(RemoteWebDriver.java:174) ~[r2-5.5.0.jar:5.5.0]
	at io.appium.java_client.AppiumDriver.<init>(AppiumDriver.java:91) ~[r2-5.5.0.jar:5.5.0]
	at io.appium.java_client.AppiumDriver.<init>(AppiumDriver.java:103) ~[r2-5.5.0.jar:5.5.0]
	at io.appium.java_client.android.AndroidDriver.<init>(AndroidDriver.java:109) ~[r2-5.5.0.jar:5.5.0]
	at com.walmartlabs.executor.Appium.setupDriver(Appium.java:664) ~[r2-5.5.0.jar:5.5.0]
	at com.walmartlabs.executor.Appium.setupAppium(Appium.java:636) ~[r2-5.5.0.jar:5.5.0]
	at com.walmartlabs.executor.Executor.start(Executor.java:368) [r2-5.5.0.jar:5.5.0]
	at com.walmartlabs.executor.Executor.startExecution(Executor.java:195) [r2-5.5.0.jar:5.5.0]
	at com.walmartlabs.executor.MultipleConfigExecutor.executeConfig(MultipleConfigExecutor.java:319) [r2-5.5.0.jar:5.5.0]
	at com.walmartlabs.executor.MultipleConfigExecutor.start(MultipleConfigExecutor.java:146) [r2-5.5.0.jar:5.5.0]
	at com.walmartlabs.R2.start(R2.java:88) [r2-5.5.0.jar:5.5.0]
	at com.walmartlabs.R2.main(R2.java:133) [r2-5.5.0.jar:5.5.0]
2025-03-25 15:01:38.043 [DEBUG] [thread-id 1] - Created report: /Users/m0k0a2f/glass-automation/report/index.html
2025-03-25 15:03:08.573 [DEBUG] [thread-id 1] - [0;34mExecuting R2 5.5.0: '/Users/m0k0a2f/glass-automation/us/e2e-tests/test-scripts/android/golden-flows/Financial-Services-Flows/pre-transaction/C2644791-directed-spend-payment.yaml' on device: 'Pixel_8_Pro_API_34'
2025-03-25 15:03:08.602 [INFO] [thread-id 1] - url: http://127.0.0.1:4723
2025-03-25 15:03:38.808 [ERROR] [thread-id 1] - error setting up appium session: 
org.openqa.selenium.SessionNotCreatedException: Could not start a new session. Response code 500. Message: An unknown server-side error occurred while processing the command. Original error: Could not find a driver for automationName 'UiAutomator2' and platformName 'ANDROID'. Have you installed a driver that supports those capabilities? Run 'appium driver list --installed' to see. (Lower-level error: Could not find installed driver to support given caps) 
Host info: host: 'm-xqkh4fwq5j', ip: 'fd00:f85b:3b8e:a30b:0:0:0:12bb%en0'
Build info: version: '4.25.0', revision: '8a8aea2337'
System info: os.name: 'Mac OS X', os.arch: 'aarch64', os.version: '15.3.2', java.version: '20.0.1'
Driver info: io.appium.java_client.android.AndroidDriver
Command: [null, newSession {capabilities=[Capabilities {appium:adbExecTimeout: 50000, appium:app: /Users/m0k0a2f/glass-automa..., appium:appActivity: com.walmart.glass.integrati..., appium:appPackage: com.walmart.android.debug, appium:appiumVersion: 2.0.0, appium:automationName: UiAutomator2, appium:commandTimeout: 600, appium:deviceName: Pixel_8_Pro_API_34, appium:fullReset: true, appium:idleTimeout: 1000, appium:intentFlags: 0, appium:name: C2644791-directed-spend-pay..., appium:newCommandTimeout: 600000, appium:noReset: false, appium:noSign: true, appium:optionalIntentArguments: --es glass.auto.ServiceEnv ..., appium:orientation: PORTRAIT, appium:platformVersion: 14.0, appium:public: share, platformName: ANDROID}]}]
Capabilities {appium:adbExecTimeout: 50000, appium:app: /Users/m0k0a2f/glass-automa..., appium:appActivity: com.walmart.glass.integrati..., appium:appPackage: com.walmart.android.debug, appium:appiumVersion: 2.0.0, appium:automationName: UiAutomator2, appium:commandTimeout: 600, appium:deviceName: Pixel_8_Pro_API_34, appium:fullReset: true, appium:idleTimeout: 1000, appium:intentFlags: 0, appium:name: C2644791-directed-spend-pay..., appium:newCommandTimeout: 600000, appium:noReset: false, appium:noSign: true, appium:optionalIntentArguments: --es glass.auto.ServiceEnv ..., appium:orientation: PORTRAIT, appium:platformVersion: 14.0, appium:public: share, platformName: ANDROID}
	at org.openqa.selenium.remote.ProtocolHandshake.createSession(ProtocolHandshake.java:114) ~[r2-5.5.0.jar:5.5.0]
	at org.openqa.selenium.remote.ProtocolHandshake.createSession(ProtocolHandshake.java:75) ~[r2-5.5.0.jar:5.5.0]
	at org.openqa.selenium.remote.ProtocolHandshake.createSession(ProtocolHandshake.java:61) ~[r2-5.5.0.jar:5.5.0]
	at io.appium.java_client.remote.AppiumCommandExecutor.createSession(AppiumCommandExecutor.java:176) ~[r2-5.5.0.jar:5.5.0]
	at io.appium.java_client.remote.AppiumCommandExecutor.execute(AppiumCommandExecutor.java:237) ~[r2-5.5.0.jar:5.5.0]
	at org.openqa.selenium.remote.RemoteWebDriver.execute(RemoteWebDriver.java:545) ~[r2-5.5.0.jar:5.5.0]
	at io.appium.java_client.AppiumDriver.startSession(AppiumDriver.java:270) ~[r2-5.5.0.jar:5.5.0]
	at org.openqa.selenium.remote.RemoteWebDriver.<init>(RemoteWebDriver.java:174) ~[r2-5.5.0.jar:5.5.0]
	at io.appium.java_client.AppiumDriver.<init>(AppiumDriver.java:91) ~[r2-5.5.0.jar:5.5.0]
	at io.appium.java_client.AppiumDriver.<init>(AppiumDriver.java:103) ~[r2-5.5.0.jar:5.5.0]
	at io.appium.java_client.android.AndroidDriver.<init>(AndroidDriver.java:109) ~[r2-5.5.0.jar:5.5.0]
	at com.walmartlabs.executor.Appium.setupDriver(Appium.java:664) ~[r2-5.5.0.jar:5.5.0]
	at com.walmartlabs.executor.Appium.setupAppium(Appium.java:636) ~[r2-5.5.0.jar:5.5.0]
	at com.walmartlabs.executor.Executor.start(Executor.java:368) [r2-5.5.0.jar:5.5.0]
	at com.walmartlabs.executor.Executor.startExecution(Executor.java:195) [r2-5.5.0.jar:5.5.0]
	at com.walmartlabs.executor.MultipleConfigExecutor.executeConfig(MultipleConfigExecutor.java:319) [r2-5.5.0.jar:5.5.0]
	at com.walmartlabs.executor.MultipleConfigExecutor.start(MultipleConfigExecutor.java:146) [r2-5.5.0.jar:5.5.0]
	at com.walmartlabs.R2.start(R2.java:88) [r2-5.5.0.jar:5.5.0]
	at com.walmartlabs.R2.main(R2.java:133) [r2-5.5.0.jar:5.5.0]
2025-03-25 15:03:38.996 [DEBUG] [thread-id 1] - Created report: /Users/m0k0a2f/glass-automation/report/index.html
2025-03-25 15:06:23.029 [DEBUG] [thread-id 1] - [0;34mExecuting R2 5.5.0: '/Users/m0k0a2f/glass-automation/us/e2e-tests/test-scripts/android/golden-flows/Financial-Services-Flows/pre-transaction/C2644791-directed-spend-payment.yaml' on device: 'Pixel_5_API_31'
2025-03-25 15:06:23.063 [INFO] [thread-id 1] - url: http://127.0.0.1:4723
2025-03-25 15:06:53.321 [ERROR] [thread-id 1] - error setting up appium session: 
org.openqa.selenium.SessionNotCreatedException: Could not start a new session. Response code 500. Message: An unknown server-side error occurred while processing the command. Original error: Could not find a driver for automationName 'UiAutomator2' and platformName 'ANDROID'. Have you installed a driver that supports those capabilities? Run 'appium driver list --installed' to see. (Lower-level error: Could not find installed driver to support given caps) 
Host info: host: 'm-xqkh4fwq5j', ip: 'fd00:f85b:3b8e:a30b:0:0:0:12bb%en0'
Build info: version: '4.25.0', revision: '8a8aea2337'
System info: os.name: 'Mac OS X', os.arch: 'aarch64', os.version: '15.3.2', java.version: '20.0.1'
Driver info: io.appium.java_client.android.AndroidDriver
Command: [null, newSession {capabilities=[Capabilities {appium:adbExecTimeout: 50000, appium:app: /Users/m0k0a2f/glass-automa..., appium:appActivity: com.walmart.glass.integrati..., appium:appPackage: com.walmart.android.debug, appium:appiumVersion: 2.0.0, appium:automationName: UiAutomator2, appium:commandTimeout: 600, appium:deviceName: Pixel_5_API_31, appium:fullReset: true, appium:idleTimeout: 1000, appium:intentFlags: 0, appium:name: C2644791-directed-spend-pay..., appium:newCommandTimeout: 600000, appium:noReset: false, appium:noSign: true, appium:optionalIntentArguments: --es glass.auto.ServiceEnv ..., appium:orientation: PORTRAIT, appium:platformVersion: 12.0, appium:public: share, platformName: ANDROID}]}]
Capabilities {appium:adbExecTimeout: 50000, appium:app: /Users/m0k0a2f/glass-automa..., appium:appActivity: com.walmart.glass.integrati..., appium:appPackage: com.walmart.android.debug, appium:appiumVersion: 2.0.0, appium:automationName: UiAutomator2, appium:commandTimeout: 600, appium:deviceName: Pixel_5_API_31, appium:fullReset: true, appium:idleTimeout: 1000, appium:intentFlags: 0, appium:name: C2644791-directed-spend-pay..., appium:newCommandTimeout: 600000, appium:noReset: false, appium:noSign: true, appium:optionalIntentArguments: --es glass.auto.ServiceEnv ..., appium:orientation: PORTRAIT, appium:platformVersion: 12.0, appium:public: share, platformName: ANDROID}
	at org.openqa.selenium.remote.ProtocolHandshake.createSession(ProtocolHandshake.java:114) ~[r2-5.5.0.jar:5.5.0]
	at org.openqa.selenium.remote.ProtocolHandshake.createSession(ProtocolHandshake.java:75) ~[r2-5.5.0.jar:5.5.0]
	at org.openqa.selenium.remote.ProtocolHandshake.createSession(ProtocolHandshake.java:61) ~[r2-5.5.0.jar:5.5.0]
	at io.appium.java_client.remote.AppiumCommandExecutor.createSession(AppiumCommandExecutor.java:176) ~[r2-5.5.0.jar:5.5.0]
	at io.appium.java_client.remote.AppiumCommandExecutor.execute(AppiumCommandExecutor.java:237) ~[r2-5.5.0.jar:5.5.0]
	at org.openqa.selenium.remote.RemoteWebDriver.execute(RemoteWebDriver.java:545) ~[r2-5.5.0.jar:5.5.0]
	at io.appium.java_client.AppiumDriver.startSession(AppiumDriver.java:270) ~[r2-5.5.0.jar:5.5.0]
	at org.openqa.selenium.remote.RemoteWebDriver.<init>(RemoteWebDriver.java:174) ~[r2-5.5.0.jar:5.5.0]
	at io.appium.java_client.AppiumDriver.<init>(AppiumDriver.java:91) ~[r2-5.5.0.jar:5.5.0]
	at io.appium.java_client.AppiumDriver.<init>(AppiumDriver.java:103) ~[r2-5.5.0.jar:5.5.0]
	at io.appium.java_client.android.AndroidDriver.<init>(AndroidDriver.java:109) ~[r2-5.5.0.jar:5.5.0]
	at com.walmartlabs.executor.Appium.setupDriver(Appium.java:664) ~[r2-5.5.0.jar:5.5.0]
	at com.walmartlabs.executor.Appium.setupAppium(Appium.java:636) ~[r2-5.5.0.jar:5.5.0]
	at com.walmartlabs.executor.Executor.start(Executor.java:368) [r2-5.5.0.jar:5.5.0]
	at com.walmartlabs.executor.Executor.startExecution(Executor.java:195) [r2-5.5.0.jar:5.5.0]
	at com.walmartlabs.executor.MultipleConfigExecutor.executeConfig(MultipleConfigExecutor.java:319) [r2-5.5.0.jar:5.5.0]
	at com.walmartlabs.executor.MultipleConfigExecutor.start(MultipleConfigExecutor.java:146) [r2-5.5.0.jar:5.5.0]
	at com.walmartlabs.R2.start(R2.java:88) [r2-5.5.0.jar:5.5.0]
	at com.walmartlabs.R2.main(R2.java:133) [r2-5.5.0.jar:5.5.0]
2025-03-25 15:06:53.576 [DEBUG] [thread-id 1] - Created report: /Users/m0k0a2f/glass-automation/report/index.html
