2024-01-29 12:18:09.760 [DEBUG] [thread-id 1] - Executing R2 3.38.1: '/Users/m0k0a2f/glass-automation/./us/test/test-scripts/ios/golden-flows/PetRx-flows/pre-transaction/C2669431-PetRx-PAM-amends-the-order-customer-see-changes-on-orderHistory.yaml' on device: 'iPhone 14'
2024-01-29 12:21:48.057 [DEBUG] [thread-id 1] - Executing scenario: 'Before'
2024-01-29 12:21:48.059 [DEBUG] [thread-id 1] - Execute before steps
2024-01-29 12:21:48.060 [DEBUG] [thread-id 1] - R2_SUBFLOW_PRE_TRANSACTION
2024-01-29 12:21:48.067 [DEBUG] [thread-id 1] - Executing function: 'us.functions.utils.astro.clearCart'
2024-01-29 12:21:48.280 [DEBUG] [thread-id 1] - Call API: 'http://astro.walmart.com/api/v2/teflon/customer/walp2ios@gmail.com/clearcart'
2024-01-29 12:22:02.498 [DEBUG] [thread-id 1] - Response code is: '200'. Response body is: '{"astroStatus":"SUCCESS","astroDescription":"CART_CLEARED","astroDetails":{"dbSessionMap":{"CXO_CART_ST":"{\"mtoken\":\"4:23#308588001#2=44864583#8=339807861\"}"},"checkoutable":false,"cart":{"id":"d8c6024e-6ee8-4c6b-8662-609531daa6f7","buyer":{"id":"1a7419e9-5b84-4cc2-a4e6-51ca81e2fe75","type":"CUSTOMER"},"storeIds":[],"itemCount":0,"entityErrors":[],"shipping":{"id":"03f5abfb-aa65-44c9-9c32-2d8c83703379","dbLockVersion":0,"postalCode":"95122","city":"San Jose","state":"CA","countryCode":"USA","latitude":37.606689,"longitude":-122.426362,"isPOBox":false,"isAPOFPO":false},"currencyCode":"USD","preview":false,"tenantId":0,"verticalId":0,"checkoutableErrors":[],"intent":"PICKUP","pickupStore":{"city":"San Jose","stateOrProvinceCode":"CA","countryCode":"USA","postalCode":"95122","storeId":"32144","services":[]},"deliveryStore":{"city":"San Jose","stateOrProvinceCode":"CA","countryCode":"USA","postalCode":"95122","storeId":"32144","services":[]},"mpStores":[],"fulfillmentPlans":[],"accessPoints":[{"id":"f681d48a-7be4-43ea-8e10-229a1f00db37","name":"32144 - Home Delivery","storeId":32144,"fulfillmentType":"DELIVERY","fulfillmentOption":"DELIVERY","supportedTimeZone":"US/Pacific","locationInstruction":"[{\"type\":\"CHECKIN_DEFAULT\",\"value\":\"<div> <p> In order to  protect the safety of our customers & associates, we've temporarily moved to a no-contact pickup in store process. </p> <br /> <br /><b>Please bring your government-issued ID</b><br /> <ol> <li>Check in with the app to let us know you're on the way.</li> <li> Park in a designated pickup spot, stay in your vehicle and keep your windows rolled up. </li> <li> A Walmart associate will request access to your trunk or back seat, then they'll load your order. </li> <li>You're all set! The associate will sign for the order.</li> </ol> </div>\"},{\"type\":\"EMAIL_DEFAULT\",\"value\":\"<div> <p> In order to  protect the safety of our customers & associates, we've temporarily moved to a no-contact pickup in store process. </p> <br /> <br /><b>Please bring your government-issued ID</b><br /> <ol> <li>Check in with the app to let us know you're on the way.</li> <li> Park in a designated pickup spot, stay in your vehicle and keep your windows rolled up. </li> <li> A Walmart associate will request access to your trunk or back seat, then they'll load your order. </li> <li>You're all set! The associate will sign for the order.</li> </ol> </div>\"}]","isStoreEbtEligible":true,"allowAlcohol":true,"allowAgeRestricted":true,"restrictions":[],"accessType":"DELIVERY_ADDRESS","storeCategory":"Supercenter","nodeType":"STORE","pickupStartBuffer":0,"allowBagFee":true,"isBagFeeMandatory":false,"address":{"postalCode":"95122","addressLineOne":"777 STORY RD","city":"San Jose","state":"CA","addressTypeName":"OFFICE","isPOBox":false,"countryCode":"USA"}},{"id":"6168c2e3-fc36-4827-98e6-d717d10af1d6","name":"Walmart San Jose Store #32144","storeId":32144,"fulfillmentType":"INSTORE_PICKUP","fulfillmentOption":"PICKUP","supportedTimeZone":"US/Pacific","locationInstruction":"[{\"type\":\"CHECKIN_DEFAULT\",\"value\":\"<div><p><b>Please bring your government-issued ID</b></p><br /><br /><ol><li>Download and use the app to let us know you're on the way and view your parking guide.</li><li>Park in a designated pickup spot. Using the app, enter your parking info and an associate will come to you.</li><li>Show your ID to the associate if required.</li><li>The associate will request access to your trunk or back seat, then will load your items.</li><li>You're all set! Check the app to see if you need to move to any other pickup locations.</li></ol></div>\"},{\"type\":\"EMAIL_DEFAULT\",\"value\":\"NA\"},{\"type\":\"CHECKIN_1\",\"value\":\"Next, tell us when you’ve parked. Park by the pickup sign and enter your parking info so we can find you faster.\"}]","isStoreEbtEligible":true,"allowAlcohol":true,"allowAgeRestricted":false,"restrictions":[],"accessType":"PICKUP_CURBSIDE","storeCategory":"Supercenter","nodeType":"STORE","pickupStartBuffer":5,"allowBagFee":true,"isBagFeeMandatory":false,"address":{"postalCode":"95122","addressLineOne":"777 STORY RD","city":"San Jose","state":"CA","addressTypeName":"OFFICE","isPOBox":false,"countryCode":"USA"}}],"reservations":[],"isExplicitIntent":false,"hasGiftEligibleItem":false,"warnings":[],"restrictions":[]},"isOmniPromiseResponse":true,"uniqueInstallationOfferIdHolder":[]}}'
2024-01-29 12:22:02.725 [DEBUG] [thread-id 1] - Cart cleared for walp2ios@gmail.com
2024-01-29 12:22:02.900 [DEBUG] [thread-id 1] - Using us-errors-helpers.yaml
2024-01-29 12:22:03.066 [DEBUG] [thread-id 1] - Start Main
2024-01-29 12:22:03.067 [DEBUG] [thread-id 1] - Timestamp: 1706559723067
2024-01-29 12:22:03.069 [DEBUG] [thread-id 1] - Executing function: 'us.functions.global.onboarding.navigateOnboardingToHome'
2024-01-29 12:22:03.071 [DEBUG] [thread-id 1] - Executing function: 'us.function.utils.getEnvironmentValue'
2024-01-29 12:22:03.071 [DEBUG] [thread-id 1] - Store in: store the value 'teflon' in the variable 'env'
2024-01-29 12:22:03.072 [DEBUG] [thread-id 1] - Timestamp: 1706559723072
2024-01-29 12:22:03.081 [DEBUG] [thread-id 1] - Welcome screen loaded
2024-01-29 12:22:03.084 [DEBUG] [thread-id 1] - Verify identifier: {SignUpNudgeWelcomeViewController.titleLabel=[true]}
2024-01-29 12:22:13.185 [DEBUG] [thread-id 1] - conditionally execute a flow. condition: false
2024-01-29 12:22:13.378 [DEBUG] [thread-id 1] - Click element: 'cta.cancel.welcome'
2024-01-29 12:22:13.994 [DEBUG] [thread-id 1] - Notifiction Prompt screen loaded
2024-01-29 12:22:14.484 [DEBUG] [thread-id 1] - Verify identifier: {NotificationPermissionViewController.titleLabel=[true]}
2024-01-29 12:22:14.543 [DEBUG] [thread-id 1] - Click element: 'cta.cancel.notifications'
2024-01-29 12:22:15.104 [DEBUG] [thread-id 1] - location screen loaded
2024-01-29 12:22:15.304 [DEBUG] [thread-id 1] - Verify identifier: {LocationPermissionViewController.titleLabel=[true], LocationPermissionViewController.bodyLabel=[true]}
2024-01-29 12:22:15.361 [DEBUG] [thread-id 1] - Click element: 'cta.cancel.location'
2024-01-29 12:22:16.184 [DEBUG] [thread-id 1] - Verify identifier: {label.postal-code-entry=[true]}
2024-01-29 12:22:16.271 [DEBUG] [thread-id 1] - Enter text: '95122'
2024-01-29 12:22:18.453 [DEBUG] [thread-id 1] - Click element: 'cta.continue'
2024-01-29 12:22:18.999 [DEBUG] [thread-id 1] - sleep:  3000 milliseconds
2024-01-29 12:22:22.004 [DEBUG] [thread-id 1] - loop: from 0 to 3
2024-01-29 12:22:22.309 [DEBUG] [thread-id 1] - 0
2024-01-29 12:22:32.697 [DEBUG] [thread-id 1] - conditionally execute a flow. condition: false
2024-01-29 12:22:43.117 [DEBUG] [thread-id 1] - Observed IDFA Sscreen
2024-01-29 12:22:43.407 [DEBUG] [thread-id 1] - conditionally execute a flow. condition: true
2024-01-29 12:22:43.690 [DEBUG] [thread-id 1] - Verify identifier: {ATTPermissionViewController.titleLabel=[true], ATTPermissionViewController.bodyLabel=[true]}
2024-01-29 12:22:44.024 [DEBUG] [thread-id 1] - Click element: 'cta.continue.location'
2024-01-29 12:22:47.090 [DEBUG] [thread-id 1] - Click element: '//XCUIElementTypeButton[@name="Ask App Not to Track"] | //XCUIElementTypeButton[@name="Solicitar a la app no rastrear"]'
2024-01-29 12:22:58.427 [DEBUG] [thread-id 1] - conditionally execute a flow. condition: false
2024-01-29 12:22:59.177 [DEBUG] [thread-id 1] - modal is not displayed
2024-01-29 12:23:09.775 [DEBUG] [thread-id 1] - Executing function: 'us.functions.gic.collapseIfExpanded'
2024-01-29 12:23:10.880 [DEBUG] [thread-id 1] - Verify identifier: {//*[contains(@label,"Expanded")] | //*[contains(@name,"Expanded")]=[true]}
2024-01-29 12:23:11.585 [DEBUG] [thread-id 1] - Collapsing GIC screen
2024-01-29 12:23:12.649 [DEBUG] [thread-id 1] - Click element: '//*[contains(@label,"Expanded")] | //*[contains(@name,"Expanded")]'
2024-01-29 12:23:13.196 [DEBUG] [thread-id 1] - Executing function: 'us.functions.home.navigateHomeToSignIn'
2024-01-29 12:23:13.199 [DEBUG] [thread-id 1] - sleep:  3000 milliseconds
2024-01-29 12:23:27.073 [DEBUG] [thread-id 1] - Click element: 'tab-account-unselected'
2024-01-29 12:23:28.522 [DEBUG] [thread-id 1] - Verify identifier: {SignInYourAccountTableViewCell.signInButton=[true]}
2024-01-29 12:23:28.522 [DEBUG] [thread-id 1] - loop: from 1 to 3
2024-01-29 12:23:29.213 [DEBUG] [thread-id 1] - conditionally execute a flow. condition: true
2024-01-29 12:23:30.052 [DEBUG] [thread-id 1] - Click element: 'SignInYourAccountTableViewCell.signInButton'
2024-01-29 12:23:34.588 [DEBUG] [thread-id 1] - Verify identifier: {WelcomeView.emailField=[true]}
2024-01-29 12:23:36.228 [DEBUG] [thread-id 1] - Store in: store the value 'true' in the variable 'signInValidated'
2024-01-29 12:23:37.864 [DEBUG] [thread-id 1] - conditionally execute a flow. condition: true
2024-01-29 12:23:39.509 [DEBUG] [thread-id 1] - SignIn page loaded
2024-01-29 12:23:41.139 [DEBUG] [thread-id 1] - Store in: store the value 'false' in the variable 'signInValidated'
2024-01-29 12:23:41.162 [DEBUG] [thread-id 1] - Executing function: 'us.functions.global.authentication.signInAccount'
2024-01-29 12:23:42.869 [DEBUG] [thread-id 1] - Verify identifier: {WelcomeView.emailField=[true]}
2024-01-29 12:23:43.120 [DEBUG] [thread-id 1] - Enter text: 'walp2ios@gmail.com'
2024-01-29 12:23:45.225 [DEBUG] [thread-id 1] - Click element: 'WelcomeView.ctaButton'
2024-01-29 12:23:59.978 [DEBUG] [thread-id 1] - conditionally execute a flow. condition: true
2024-01-29 12:24:01.971 [DEBUG] [thread-id 1] - Click element: 'OTPView.passwordOptionStackView'
2024-01-29 12:24:05.348 [DEBUG] [thread-id 1] - Verify identifier: {OTPView.passwordTextField=[true]}
2024-01-29 12:24:05.603 [DEBUG] [thread-id 1] - Enter text: 'Testing@123'
2024-01-29 12:24:07.451 [DEBUG] [thread-id 1] - Click element: 'OTPView.ctaButton'
2024-01-29 12:24:33.124 [DEBUG] [thread-id 1] - conditionally execute a flow. condition: true
2024-01-29 12:24:35.306 [DEBUG] [thread-id 1] - Click element: 'Don’t Allow'
2024-01-29 12:24:36.062 [DEBUG] [thread-id 1] - Executing function: 'us.test.functions.utils.closeWplusPrompt.homeScreen'
2024-01-29 12:24:47.179 [DEBUG] [thread-id 1] - conditionally execute a flow. condition: false
2024-01-29 12:24:48.300 [DEBUG] [thread-id 1] - W+ Plus membership prompt is not present nothing to close continue
2024-01-29 12:24:48.319 [DEBUG] [thread-id 1] - Executing function: 'us.functions.utils.handleCartMergePopup'
2024-01-29 12:24:48.320 [DEBUG] [thread-id 1] - loop: from 0 to 4
2024-01-29 12:24:49.467 [DEBUG] [thread-id 1] - 0
2024-01-29 12:24:56.971 [DEBUG] [thread-id 1] - No Technical Error Page observed
2024-01-29 12:24:58.170 [DEBUG] [thread-id 1] - sleep:  1000 milliseconds
2024-01-29 12:25:10.904 [DEBUG] [thread-id 1] - Executing function: 'us.functions.global.navigation.accountToHome'
2024-01-29 12:25:10.905 [DEBUG] [thread-id 1] - Verify identifier: {Shop=[true]}
2024-01-29 12:25:10.905 [DEBUG] [thread-id 1] - sleep:  2000 milliseconds
2024-01-29 12:25:13.173 [DEBUG] [thread-id 1] - Click element: 'Shop'
2024-01-29 12:25:14.655 [DEBUG] [thread-id 1] - Executing function: 'us.functions.home.closeWPlusPromotionPopUpIfDisplayed'
2024-01-29 12:25:18.100 [DEBUG] [thread-id 1] - Verify identifier: {//XCUIElementTypeButton[@name="SplashPageTermView.primaryButton"]|//XCUIElementTypeButton[@name="WalmartPlusSplashBottomSheet.tryWalmartPlusMemberShipButton"] | //XCUIElementTypeButton[@label="Try your rewards benefit"] | //XCUIElementTypeButton[@name="BenefitEngagementTempoContainerView.primaryButton"]=[true]}
2024-01-29 12:25:20.084 [DEBUG] [thread-id 1] - Click element: '//XCUIElementTypeButton[@name="SplashPageViewController.closeButton" or contains(@label, "Close Walmart plus promotional pop up")] | //XCUIElementTypeNavigationBar[@name="WalmartPlus.SplashPageView"]/XCUIElementTypeButton | //XCUIElementTypeButton[@name="close" or @name="Close"] | //XCUIElementTypeButton[@name="SplashPageViewController.fullScreenCloseButton"] | //XCUIElementTypeButton[@name="MultiSplashViewController.fullScreenCloseButton"]'
2024-01-29 12:25:21.641 [DEBUG] [thread-id 1] - Verify identifier: {Search Walmart=[true]}
2024-01-29 12:25:21.642 [DEBUG] [thread-id 1] - Executing function: 'us.functions.utils.fetchFromDataList'
2024-01-29 12:25:21.643 [DEBUG] [thread-id 1] - conditionally execute a flow. condition: false
2024-01-29 12:25:22.709 [DEBUG] [thread-id 1] - Store in: store the value 'FC_DELIVERY' in the variable 'itemGroup'
2024-01-29 12:25:22.734 [DEBUG] [thread-id 1] - loop: over '["894010516", "1996033768", "2034355960", "1051886288", "22471933", "1201002894", "22471997"]'
2024-01-29 12:25:23.627 [DEBUG] [thread-id 1] - Executing function: 'us.functions.utils.checkItemTransactabality'
2024-01-29 12:25:23.629 [DEBUG] [thread-id 1] - Store in: store the value 'false' in the variable 'itemEligible'
2024-01-29 12:25:23.630 [DEBUG] [thread-id 1] - Call API: 'http://astro.walmart.com/api/v2/teflon/item/transactability'
2024-01-29 12:25:39.897 [DEBUG] [thread-id 1] - Response code is: '200'. Response body is: '{"astroStatus":"SUCCESS","astroDescription":"CART - ADD_TO_CART SUCCESS","astroDetails":{"dbSessionMap":{"CXO_CART_ST":"{\"mtoken\":\"6:23#326293878#2=68393833#8=363468202\"}"},"checkoutable":true,"cart":{"id":"d081e584-ab2e-4ce8-816e-8348f831fad8","buyer":{"id":"958647ca-1069-4bb6-9770-9c628979f279","type":"CUSTOMER"},"accessPoint":{"id":"6168c2e3-fc36-4827-98e6-d717d10af1d6","name":"Walmart San Jose Store #32144","storeId":32144,"fulfillmentType":"INSTORE_PICKUP","fulfillmentOption":"PICKUP","supportedTimeZone":"US/Pacific","locationInstruction":"[{\"type\":\"CHECKIN_DEFAULT\",\"value\":\"<div><p><b>Please bring your government-issued ID</b></p><br /><br /><ol><li>Download and use the app to let us know you're on the way and view your parking guide.</li><li>Park in a designated pickup spot. Using the app, enter your parking info and an associate will come to you.</li><li>Show your ID to the associate if required.</li><li>The associate will request access to your trunk or back seat, then will load your items.</li><li>You're all set! Check the app to see if you need to move to any other pickup locations.</li></ol></div>\"},{\"type\":\"EMAIL_DEFAULT\",\"value\":\"NA\"},{\"type\":\"CHECKIN_1\",\"value\":\"Next, tell us when you’ve parked. Park by the pickup sign and enter your parking info so we can find you faster.\"}]","isStoreEbtEligible":true,"allowAlcohol":true,"allowAgeRestricted":false,"restrictions":[],"accessType":"PICKUP_CURBSIDE","storeCategory":"Supercenter","nodeType":"STORE","pickupStartBuffer":5,"allowBagFee":true,"isBagFeeMandatory":false,"address":{"postalCode":"95122","addressLineOne":"777 STORY RD","city":"San Jose","state":"CA","addressTypeName":"OFFICE","isPOBox":false,"countryCode":"USA"}},"storeIds":[],"itemCount":1,"entityErrors":[],"shipping":{"id":"a23a60ac-d92d-4995-90fb-390fae9eba2d","dbLockVersion":0,"firstName":"test","lastName":"auto","addressId":"de8d2bcf-a236-480d-a6a4-5d0eca7ede46","postalCode":"95122","city":"San Jose","state":"CA","countryCode":"USA","addressLineOne":"1523 Mclaughlin Ave","latitude":37.329121,"longitude":-121.850462,"phone":"2154554845","deliveryInstructions":"","addressType":"OFFICE","isPOBox":false,"isAPOFPO":false,"lastModifiedDate":1706178759039,"isAddressChangedExplicitly":true,"deliveryInstructionsDetails":[{"deliveryInstructionType":"REGULAR","deliveryInstruction":""}]},"summary":{"subTotal":15.31,"grandTotal":22.3,"minimumThreshold":35,"balanceToReachThreshold":19.69,"thresholdOrderTotal":35,"shipPriceBelowThreshold":6.99,"fees":[{"type":"MIN_THRESHOLD_FEE","amount":6.99}],"serviceCharges":[]},"suggestedSlots":[{"id":"f905b5b4-6abc-4825-bb16-85f8d8f52cd1-2024-01-29","fulfillmentType":"DELIVERY","fulfillmentOption":"DELIVERY","accessType":"DELIVERY_ADDRESS","isUnscheduled":false,"accessPointId":"f681d48a-7be4-43ea-8e10-229a1f00db37","expressSlot":false,"slaInMins":0,"startTime":1706580000000,"endTime":1706583600000,"cutoffTime":1706580000000,"supportedTimeZone":"US/Pacific","slotPrice":7.95,"ids":[],"originalSlotPrice":7.95,"restrictions":["TEMPERATURE"],"status":"AVAILABLE","priority":0,"isAlcoholRestricted":false,"storeId":"32144"},{"id":"5d66eb4a-f851-4606-a084-fc07db0b3915-2024-01-29","fulfillmentType":"INSTORE_PICKUP","fulfillmentOption":"PICKUP","accessType":"PICKUP_CURBSIDE","isUnscheduled":false,"accessPointId":"6168c2e3-fc36-4827-98e6-d717d10af1d6","expressSlot":false,"slaInMins":0,"startTime":1706562000000,"endTime":1706565600000,"cutoffTime":1706562000000,"supportedTimeZone":"US/Pacific","slotPrice":0,"ids":[],"restrictions":[],"status":"AVAILABLE","priority":0,"isAlcoholRestricted":false,"storeId":"32144"}],"currencyCode":"USD","preview":false,"tenantId":0,"verticalId":0,"checkoutableErrors":[],"intent":"DELIVERY","pickupStore":{"city":"San Jose","stateOrProvinceCode":"CA","countryCode":"USA","postalCode":"95122","storeId":"32144","services":[{"name":"GARDEN_CENTER"},{"name":"DELI"},{"name":"BAKERY"},{"name":"GROCERY"},{"name":"LIQUOR"},{"name":"VISION_CENTER"},{"name":"PHOTO_CENTER"},{"name":"TIRE_AND_LUBE","phone":"330-337-9044"},{"name":"GROCERY_PICKUP_DELIVERY"}]},"deliveryStore":{"city":"San Jose","stateOrProvinceCode":"CA","countryCode":"USA","postalCode":"95122","storeId":"32144","services":[{"name":"GARDEN_CENTER"},{"name":"DELI"},{"name":"BAKERY"},{"name":"GROCERY"},{"name":"LIQUOR"},{"name":"VISION_CENTER"},{"name":"PHOTO_CENTER"},{"name":"TIRE_AND_LUBE","phone":"330-337-9044"},{"name":"GROCERY_PICKUP_DELIVERY"}]},"mpStores":[],"fulfillmentPlans":[{"isDefault":true,"fulfillmentModules":[{"name":"UNSCHEDULED_DELIVERY","fulfillmentGroups":[{"sellerId":"455A2F43226F41319399794332C71B7F","fulfillmentOptions":[{"fulfillmentType":"DELIVERY","accessType":"DELIVERY_ADDRESS","accessMode":"NATIONAL_CARRIER","isSelected":true,"isUnscheduled":true,"dateStartRange":1706569140000,"dateEndRange":1706569140000,"itemGroups":[{"itemIds":["b4dbf1a4-5ab3-4234-a24e-8ae338d03dba"],"dateTime":1706569140000,"accessMode":"NATIONAL_CARRIER","itemDetails":[{"lineItemId":"b4dbf1a4-5ab3-4234-a24e-8ae338d03dba"}],"orderCutoffTime":1706576400000}],"strategy":"SLA_TIER_BASED_PROMISE"}],"fulfillmentSellerType":"WALMART"}],"checkoutableErrors":[],"checkoutable":true,"summary":{"subTotal":15.31,"grandTotal":15.31}}]}],"accessPoints":[{"id":"f681d48a-7be4-43ea-8e10-229a1f00db37","name":"32144 - Home Delivery","storeId":32144,"fulfillmentType":"DELIVERY","fulfillmentOption":"DELIVERY","supportedTimeZone":"US/Pacific","locationInstruction":"[{\"type\":\"CHECKIN_DEFAULT\",\"value\":\"<div> <p> In order to  protect the safety of our customers & associates, we've temporarily moved to a no-contact pickup in store process. </p> <br /> <br /><b>Please bring your government-issued ID</b><br /> <ol> <li>Check in with the app to let us know you're on the way.</li> <li> Park in a designated pickup spot, stay in your vehicle and keep your windows rolled up. </li> <li> A Walmart associate will request access to your trunk or back seat, then they'll load your order. </li> <li>You're all set! The associate will sign for the order.</li> </ol> </div>\"},{\"type\":\"EMAIL_DEFAULT\",\"value\":\"<div> <p> In order to  protect the safety of our customers & associates, we've temporarily moved to a no-contact pickup in store process. </p> <br /> <br /><b>Please bring your government-issued ID</b><br /> <ol> <li>Check in with the app to let us know you're on the way.</li> <li> Park in a designated pickup spot, stay in your vehicle and keep your windows rolled up. </li> <li> A Walmart associate will request access to your trunk or back seat, then they'll load your order. </li> <li>You're all set! The associate will sign for the order.</li> </ol> </div>\"}]","isStoreEbtEligible":true,"allowAlcohol":true,"allowAgeRestricted":true,"restrictions":[],"accessType":"DELIVERY_ADDRESS","storeCategory":"Supercenter","nodeType":"STORE","pickupStartBuffer":0,"allowBagFee":true,"isBagFeeMandatory":false,"address":{"postalCode":"95122","addressLineOne":"777 STORY RD","city":"San Jose","state":"CA","addressTypeName":"OFFICE","isPOBox":false,"countryCode":"USA"}},{"id":"6168c2e3-fc36-4827-98e6-d717d10af1d6","name":"Walmart San Jose Store #32144","storeId":32144,"fulfillmentType":"INSTORE_PICKUP","fulfillmentOption":"PICKUP","supportedTimeZone":"US/Pacific","locationInstruction":"[{\"type\":\"CHECKIN_DEFAULT\",\"value\":\"<div><p><b>Please bring your government-issued ID</b></p><br /><br /><ol><li>Download and use the app to let us know you're on the way and view your parking guide.</li><li>Park in a designated pickup spot. Using the app, enter your parking info and an associate will come to you.</li><li>Show your ID to the associate if required.</li><li>The associate will request access to your trunk or back seat, then will load your items.</li><li>You're all set! Check the app to see if you need to move to any other pickup locations.</li></ol></div>\"},{\"type\":\"EMAIL_DEFAULT\",\"value\":\"NA\"},{\"type\":\"CHECKIN_1\",\"value\":\"Next, tell us when you’ve parked. Park by the pickup sign and enter your parking info so we can find you faster.\"}]","isStoreEbtEligible":true,"allowAlcohol":true,"allowAgeRestricted":false,"restrictions":[],"accessType":"PICKUP_CURBSIDE","storeCategory":"Supercenter","nodeType":"STORE","pickupStartBuffer":5,"allowBagFee":true,"isBagFeeMandatory":false,"address":{"postalCode":"95122","addressLineOne":"777 STORY RD","city":"San Jose","state":"CA","addressTypeName":"OFFICE","isPOBox":false,"countryCode":"USA"}}],"reservations":[],"isExplicitIntent":true,"hasGiftEligibleItem":false,"marketPlacePickup":true,"warnings":[],"restrictions":[],"accInstallationSelection":{"isExplicitPackageSelection":false}},"items":[{"id":"b4dbf1a4-5ab3-4234-a24e-8ae338d03dba","quantity":1,"price":15.31,"oldPrice":15.31,"linePrice":15.31,"pricePerUnit":15.31,"pricePerUnitUoM":"EA","USItemId":"894010516","USSellerId":"0","offerId":"D34CC8A40CA54C4CB9F4C3353721DF1D","name":"DALIRESP 500MCG","seller":{"name":"Walmart.com","type":"INTERNAL","id":"455A2F43226F41319399794332C71B7F","catalogSellerId":0},"availableQuantity":2147483647,"maxItemCountPerOrder":1000,"minItemCountPerOrder":1,"primaryCategoryPath":"0:5431:7711239","charPrimaryCategoryPath":"Home Page/Pharmacy/Prescription Medication","sort":1706559937474,"entityErrors":[],"createdDateTime":1706559937474,"isAlcohol":false,"isTemperatureTimeRestricted":false,"isSubstitutionEligible":false,"weightIncrement":1,"unitOfMeasure":"EA","type":"REGULAR","itemClassId":"1","upc":"303100095304","productId":"3NMSJXGFGLHD","isSnapEligible":false,"isSubstitutionsAllowed":false,"productSegment":"Health & Beauty","salesUnit":"Each","wupc":"0030310009530","productUrl":"/ip/DALIRESP-500MCG/894010516","productType":"Prescription Medicines","sourcingDetails":{"currentSelection":"SHIPPING","nodeAvailableQuantity":2147483647},"warnings":[],"fulfillmentDetails":{"fulfillmentId":"33ad6b4c-d072-4451-bb2a-0917ad35daec","slaTier":"THREE_TO_FIVE_DAY","fulfillmentType":"DELIVERY","nodeType":"STORE","fulfillmentTypeClassification":["PHARMACY_PETS"],"initialItemType":"ONLINE_ONLY","isNewItemToCart":true,"fulfillmentMode":"UNSCHEDULED","accessMode":"NATIONAL_CARRIER","accessType":"DELIVERY_ADDRESS","availableFulfillmentOptions":["UNSCHEDULED_DELIVERY"],"fulfillmentModuleName":"UNSCHEDULED_DELIVERY","shippingFulfillmentDate":1706569140000,"maxOrderQuantity":{"unscheduledDelivery":1000},"shipNodeId":"999932144"},"shortDescription":"DALIRESP 500MCG TAB","associations":[],"fulfillmentPrerequisites":[{"preRequisiteList":["MUST_SHIP_ALONE","MIN_BOX_PROTECTION_REQUIRED"]}],"isEventActive":false,"events":[],"nodeLevelSellables":[],"isPetRxItem":true,"tierPrice":true,"legacyItemId":"894010516","gtin":"00303100095304","productClassType":"REGULAR","reportingHierarchy":"40000:43000:43004:43110:43300","isPapEligible":false,"isCheckoutAmendable":false,"petItemType":"PET_RX_ITEM","compositions":[],"isSubscriptionEligible":false,"isCashbackEligible":false,"isColdChain":false}],"lastModifiedTime":1706559939849,"cartVersion":4910,"isOmniPromiseResponse":true,"uniqueInstallationOfferIdHolder":[]},"astroInfo":null}'
2024-01-29 12:25:39.908 [DEBUG] [thread-id 1] - conditionally execute a flow. condition: true
2024-01-29 12:25:40.643 [DEBUG] [thread-id 1] - Store in: store the value 'true' in the variable 'itemEligible'
2024-01-29 12:25:41.375 [DEBUG] [thread-id 1] - conditionally execute a flow. condition: true
2024-01-29 12:25:42.070 [DEBUG] [thread-id 1] - Store in: store the value '894010516' in the variable 'itemFetched'
2024-01-29 12:25:42.773 [DEBUG] [thread-id 1] - Store in: store the value 'walmart://item/894010516' in the variable 'deeplinkURl'
2024-01-29 12:25:43.485 [DEBUG] [thread-id 1] - Item:894010516
2024-01-29 12:25:44.210 [DEBUG] [thread-id 1] - deeplinkURL:walmart://item/894010516
2024-01-29 12:25:44.943 [DEBUG] [thread-id 1] - conditionally execute a flow. condition: true
2024-01-29 12:25:45.672 [DEBUG] [thread-id 1] - Eligible item is 894010516 for type FC_DELIVERY
2024-01-29 12:25:45.692 [DEBUG] [thread-id 1] - The Item Id fetched from the for, the list is: 894010516
2024-01-29 12:25:45.692 [DEBUG] [thread-id 1] - Executing function: 'us.functions.global.navigation.goToDeepLink'
2024-01-29 12:25:45.693 [DEBUG] [thread-id 1] - Verify value of: '$deepLinkUrl'
2024-01-29 12:25:45.694 [DEBUG] [thread-id 1] - Open link: 'walmart://item/894010516'
2024-01-29 12:25:50.511 [DEBUG] [thread-id 1] - Executing function: 'us.functions.global.navigation.openDeepLink'
2024-01-29 12:25:57.771 [DEBUG] [thread-id 1] - Deeplink pop up not displayed
2024-01-29 12:25:57.787 [DEBUG] [thread-id 1] - sleep:  2000 milliseconds
2024-01-29 12:25:59.794 [DEBUG] [thread-id 1] - Executing function: 'us.functions.item.addItemToCart'
2024-01-29 12:26:02.237 [DEBUG] [thread-id 1] - Verify identifier: {stepper.mainButton=[true]}
2024-01-29 12:26:05.225 [DEBUG] [thread-id 1] - Click element: 'stepper.mainButton'
2024-01-29 12:26:06.677 [WARN] [thread-id 1] - variable qty was used, but r2 could not find a value for this variable. returning default of null
2024-01-29 12:26:06.678 [WARN] [thread-id 1] - variable qty was used, but r2 could not find a value for this variable. returning default of null
2024-01-29 12:26:08.042 [DEBUG] [thread-id 1] - Verify identifier: {//XCUIElementTypeStaticText[@name="1 added"]| //XCUIElementTypeOther[@name="add-to-cart-button"] | //XCUIElementTypeStaticText[@label="null"] | Max 1=[true]}
2024-01-29 12:26:08.042 [WARN] [thread-id 1] - variable skipPostAddToCartSteps was used, but r2 could not find a value for this variable. returning default of null
2024-01-29 12:26:08.043 [DEBUG] [thread-id 1] - conditionally execute a flow. condition: true
2024-01-29 12:26:10.509 [DEBUG] [thread-id 1] - Executing function: 'us.functions.item.postAddToCartSteps'
2024-01-29 12:26:31.178 [DEBUG] [thread-id 1] - No ACC pop up screen displayed
2024-01-29 12:26:35.040 [DEBUG] [thread-id 1] - Click element: '//XCUIElementTypeButton[@name="Close"]'
2024-01-29 12:26:39.838 [DEBUG] [thread-id 1] - Click element: '//XCUIElementTypeButton[@name="Close"] | //XCUIElementTypeButton[@label="Close"]'
2024-01-29 12:26:40.812 [DEBUG] [thread-id 1] - Executing function: 'us.functions.item.closeItemPage'
2024-01-29 12:27:01.692 [DEBUG] [thread-id 1] - PAC not found
2024-01-29 12:27:22.556 [DEBUG] [thread-id 1] - Item page closed
2024-01-29 12:27:23.315 [WARN] [thread-id 1] - break reached without loop, this may be an error in your flow.
2024-01-29 12:27:34.861 [DEBUG] [thread-id 1] - Main failed: Is present: 'Your cart is empty'
2024-01-29 12:27:35.587 [DEBUG] [thread-id 1] - Executing scenario: 'After'
2024-01-29 12:27:35.588 [DEBUG] [thread-id 1] - Executing function: 'us.functions.utils.afterSteps'
2024-01-29 12:27:35.588 [WARN] [thread-id 1] - variable testStatus was used, but r2 could not find a value for this variable. returning default of null
2024-01-29 12:27:35.588 [DEBUG] [thread-id 1] - conditionally execute a flow. condition: false
2024-01-29 12:27:36.297 [DEBUG] [thread-id 1] - Test failed
2024-01-29 12:27:36.302 [DEBUG] [thread-id 1] - Executing function: 'us.functions.utils.fetchExecutionTime'
2024-01-29 12:27:36.303 [DEBUG] [thread-id 1] - conditionally execute a flow. condition: true
2024-01-29 12:27:37.031 [DEBUG] [thread-id 1] - Timestamp: 1706560057029
2024-01-29 12:27:37.766 [DEBUG] [thread-id 1] - Arithmetic Operation: (1706560057029 - 1706559723072) / 1000 (value = 333.957)
2024-01-29 12:27:37.767 [DEBUG] [thread-id 1] - Store in: store the value '333.957' in the variable 'result'
2024-01-29 12:27:38.519 [DEBUG] [thread-id 1] - 333.957
2024-01-29 12:27:39.247 [DEBUG] [thread-id 1] - Arithmetic Operation: 333.957 / 60 (value = 5.56595)
2024-01-29 12:27:39.252 [DEBUG] [thread-id 1] - Store in: store the value '5.56595' in the variable 'result'
2024-01-29 12:27:39.972 [DEBUG] [thread-id 1] - 5.56595
2024-01-29 12:27:40.719 [DEBUG] [thread-id 1] - Create file: './timestampData.txt' with string '5.56595,'
2024-01-29 12:28:03.293 [DEBUG] [thread-id 1] - Created report: /Users/m0k0a2f/glass-automation/report/index.html
2024-01-29 12:30:34.023 [DEBUG] [thread-id 1] - Executing R2 3.38.1: '/Users/m0k0a2f/glass-automation/./us/test/test-scripts/ios/golden-flows/PetRx-flows/pre-transaction/C2669431-PetRx-PAM-amends-the-order-customer-see-changes-on-orderHistory.yaml' on device: 'iPhone 14'
2024-01-29 12:31:23.167 [DEBUG] [thread-id 1] - Executing scenario: 'Before'
2024-01-29 12:31:23.168 [DEBUG] [thread-id 1] - Execute before steps
2024-01-29 12:31:23.169 [DEBUG] [thread-id 1] - R2_SUBFLOW_PRE_TRANSACTION
2024-01-29 12:31:23.174 [DEBUG] [thread-id 1] - Executing function: 'us.functions.utils.astro.clearCart'
2024-01-29 12:31:23.359 [DEBUG] [thread-id 1] - Call API: 'http://astro.walmart.com/api/v2/teflon/customer/walp2ios@gmail.com/clearcart'
2024-01-29 12:31:36.412 [DEBUG] [thread-id 1] - Response code is: '200'. Response body is: '{"astroStatus":"SUCCESS","astroDescription":"CART_CLEARED","astroDetails":{"dbSessionMap":{"CXO_CART_ST":"{\"mtoken\":\"4:23#308588729#2=44865422#8=339809246\"}"},"checkoutable":false,"cart":{"id":"d8c6024e-6ee8-4c6b-8662-609531daa6f7","buyer":{"id":"1a7419e9-5b84-4cc2-a4e6-51ca81e2fe75","type":"CUSTOMER"},"storeIds":[],"itemCount":0,"entityErrors":[],"shipping":{"id":"84f172af-a5ec-4693-a705-4717547aa86b","dbLockVersion":0,"postalCode":"95122","city":"San Jose","state":"CA","countryCode":"USA","latitude":37.606689,"longitude":-122.426362,"isPOBox":false,"isAPOFPO":false},"currencyCode":"USD","preview":false,"tenantId":0,"verticalId":0,"checkoutableErrors":[],"intent":"PICKUP","pickupStore":{"city":"San Jose","stateOrProvinceCode":"CA","countryCode":"USA","postalCode":"95122","storeId":"32144","services":[]},"deliveryStore":{"city":"San Jose","stateOrProvinceCode":"CA","countryCode":"USA","postalCode":"95122","storeId":"32144","services":[]},"mpStores":[],"fulfillmentPlans":[],"accessPoints":[],"reservations":[],"isExplicitIntent":false,"hasGiftEligibleItem":false,"warnings":[],"restrictions":[]},"isOmniPromiseResponse":true,"uniqueInstallationOfferIdHolder":[]}}'
2024-01-29 12:31:36.603 [DEBUG] [thread-id 1] - Cart cleared for walp2ios@gmail.com
2024-01-29 12:31:36.756 [DEBUG] [thread-id 1] - Using us-errors-helpers.yaml
2024-01-29 12:31:36.904 [DEBUG] [thread-id 1] - Start Main
2024-01-29 12:31:36.906 [DEBUG] [thread-id 1] - Timestamp: 1706560296906
2024-01-29 12:31:36.908 [DEBUG] [thread-id 1] - Executing function: 'us.functions.global.onboarding.navigateOnboardingToHome'
2024-01-29 12:31:36.909 [DEBUG] [thread-id 1] - Executing function: 'us.function.utils.getEnvironmentValue'
2024-01-29 12:31:36.909 [DEBUG] [thread-id 1] - Store in: store the value 'teflon' in the variable 'env'
2024-01-29 12:31:36.910 [DEBUG] [thread-id 1] - Timestamp: 1706560296910
2024-01-29 12:31:36.917 [DEBUG] [thread-id 1] - Welcome screen loaded
2024-01-29 12:31:36.920 [DEBUG] [thread-id 1] - Verify identifier: {SignUpNudgeWelcomeViewController.titleLabel=[true]}
2024-01-29 12:31:47.051 [DEBUG] [thread-id 1] - conditionally execute a flow. condition: false
2024-01-29 12:31:47.245 [DEBUG] [thread-id 1] - Click element: 'cta.cancel.welcome'
2024-01-29 12:31:47.732 [DEBUG] [thread-id 1] - Notifiction Prompt screen loaded
2024-01-29 12:31:48.216 [DEBUG] [thread-id 1] - Verify identifier: {NotificationPermissionViewController.titleLabel=[true]}
2024-01-29 12:31:48.281 [DEBUG] [thread-id 1] - Click element: 'cta.cancel.notifications'
2024-01-29 12:31:48.781 [DEBUG] [thread-id 1] - location screen loaded
2024-01-29 12:31:48.994 [DEBUG] [thread-id 1] - Verify identifier: {LocationPermissionViewController.titleLabel=[true], LocationPermissionViewController.bodyLabel=[true]}
2024-01-29 12:31:49.062 [DEBUG] [thread-id 1] - Click element: 'cta.cancel.location'
2024-01-29 12:31:49.751 [DEBUG] [thread-id 1] - Verify identifier: {label.postal-code-entry=[true]}
2024-01-29 12:31:49.811 [DEBUG] [thread-id 1] - Enter text: '95122'
2024-01-29 12:31:51.673 [DEBUG] [thread-id 1] - Click element: 'cta.continue'
2024-01-29 12:31:52.213 [DEBUG] [thread-id 1] - sleep:  3000 milliseconds
2024-01-29 12:31:55.220 [DEBUG] [thread-id 1] - loop: from 0 to 3
2024-01-29 12:31:55.512 [DEBUG] [thread-id 1] - 0
2024-01-29 12:32:06.162 [DEBUG] [thread-id 1] - conditionally execute a flow. condition: false
2024-01-29 12:32:16.733 [DEBUG] [thread-id 1] - Observed IDFA Sscreen
2024-01-29 12:32:17.000 [DEBUG] [thread-id 1] - conditionally execute a flow. condition: true
2024-01-29 12:32:17.247 [DEBUG] [thread-id 1] - Verify identifier: {ATTPermissionViewController.titleLabel=[true], ATTPermissionViewController.bodyLabel=[true]}
2024-01-29 12:32:17.562 [DEBUG] [thread-id 1] - Click element: 'cta.continue.location'
2024-01-29 12:32:20.478 [DEBUG] [thread-id 1] - Click element: '//XCUIElementTypeButton[@name="Ask App Not to Track"] | //XCUIElementTypeButton[@name="Solicitar a la app no rastrear"]'
2024-01-29 12:32:31.214 [DEBUG] [thread-id 1] - conditionally execute a flow. condition: false
2024-01-29 12:32:31.898 [DEBUG] [thread-id 1] - modal is not displayed
2024-01-29 12:32:41.999 [DEBUG] [thread-id 1] - Executing function: 'us.functions.gic.collapseIfExpanded'
2024-01-29 12:32:43.111 [DEBUG] [thread-id 1] - Verify identifier: {//*[contains(@label,"Expanded")] | //*[contains(@name,"Expanded")]=[true]}
2024-01-29 12:32:43.794 [DEBUG] [thread-id 1] - Collapsing GIC screen
2024-01-29 12:32:44.839 [DEBUG] [thread-id 1] - Click element: '//*[contains(@label,"Expanded")] | //*[contains(@name,"Expanded")]'
2024-01-29 12:32:45.359 [DEBUG] [thread-id 1] - Executing function: 'us.functions.home.navigateHomeToSignIn'
2024-01-29 12:32:45.359 [DEBUG] [thread-id 1] - sleep:  3000 milliseconds
2024-01-29 12:32:59.523 [DEBUG] [thread-id 1] - Click element: 'tab-account-unselected'
2024-01-29 12:33:00.961 [DEBUG] [thread-id 1] - Verify identifier: {SignInYourAccountTableViewCell.signInButton=[true]}
2024-01-29 12:33:00.961 [DEBUG] [thread-id 1] - loop: from 1 to 3
2024-01-29 12:33:01.685 [DEBUG] [thread-id 1] - conditionally execute a flow. condition: true
2024-01-29 12:33:02.530 [DEBUG] [thread-id 1] - Click element: 'SignInYourAccountTableViewCell.signInButton'
2024-01-29 12:33:07.100 [DEBUG] [thread-id 1] - Verify identifier: {WelcomeView.emailField=[true]}
2024-01-29 12:33:08.790 [DEBUG] [thread-id 1] - Store in: store the value 'true' in the variable 'signInValidated'
2024-01-29 12:33:10.469 [DEBUG] [thread-id 1] - conditionally execute a flow. condition: true
2024-01-29 12:33:12.164 [DEBUG] [thread-id 1] - SignIn page loaded
2024-01-29 12:33:13.834 [DEBUG] [thread-id 1] - Store in: store the value 'false' in the variable 'signInValidated'
2024-01-29 12:33:13.843 [DEBUG] [thread-id 1] - Executing function: 'us.functions.global.authentication.signInAccount'
2024-01-29 12:33:15.517 [DEBUG] [thread-id 1] - Verify identifier: {WelcomeView.emailField=[true]}
2024-01-29 12:33:15.757 [DEBUG] [thread-id 1] - Enter text: 'walp2ios@gmail.com'
2024-01-29 12:33:17.696 [DEBUG] [thread-id 1] - Click element: 'WelcomeView.ctaButton'
2024-01-29 12:33:30.443 [DEBUG] [thread-id 1] - conditionally execute a flow. condition: true
2024-01-29 12:33:32.456 [DEBUG] [thread-id 1] - Click element: 'OTPView.passwordOptionStackView'
2024-01-29 12:33:35.219 [DEBUG] [thread-id 1] - Verify identifier: {OTPView.passwordTextField=[true]}
2024-01-29 12:33:35.461 [DEBUG] [thread-id 1] - Enter text: 'Testing@123'
2024-01-29 12:33:37.208 [DEBUG] [thread-id 1] - Click element: 'OTPView.ctaButton'
2024-01-29 12:34:02.387 [DEBUG] [thread-id 1] - conditionally execute a flow. condition: true
2024-01-29 12:34:04.601 [DEBUG] [thread-id 1] - Click element: 'Don’t Allow'
2024-01-29 12:34:05.335 [DEBUG] [thread-id 1] - Executing function: 'us.test.functions.utils.closeWplusPrompt.homeScreen'
2024-01-29 12:34:16.923 [DEBUG] [thread-id 1] - conditionally execute a flow. condition: false
2024-01-29 12:34:18.075 [DEBUG] [thread-id 1] - W+ Plus membership prompt is not present nothing to close continue
2024-01-29 12:34:18.084 [DEBUG] [thread-id 1] - Executing function: 'us.functions.utils.handleCartMergePopup'
2024-01-29 12:34:18.085 [DEBUG] [thread-id 1] - loop: from 0 to 4
2024-01-29 12:34:19.199 [DEBUG] [thread-id 1] - 0
2024-01-29 12:34:26.687 [DEBUG] [thread-id 1] - No Technical Error Page observed
2024-01-29 12:34:27.855 [DEBUG] [thread-id 1] - sleep:  1000 milliseconds
2024-01-29 12:34:40.332 [DEBUG] [thread-id 1] - Executing function: 'us.functions.global.navigation.accountToHome'
2024-01-29 12:34:40.332 [DEBUG] [thread-id 1] - Verify identifier: {Shop=[true]}
2024-01-29 12:34:40.332 [DEBUG] [thread-id 1] - sleep:  2000 milliseconds
2024-01-29 12:34:42.610 [DEBUG] [thread-id 1] - Click element: 'Shop'
2024-01-29 12:34:44.009 [DEBUG] [thread-id 1] - Executing function: 'us.functions.home.closeWPlusPromotionPopUpIfDisplayed'
2024-01-29 12:34:47.222 [DEBUG] [thread-id 1] - Verify identifier: {//XCUIElementTypeButton[@name="SplashPageTermView.primaryButton"]|//XCUIElementTypeButton[@name="WalmartPlusSplashBottomSheet.tryWalmartPlusMemberShipButton"] | //XCUIElementTypeButton[@label="Try your rewards benefit"] | //XCUIElementTypeButton[@name="BenefitEngagementTempoContainerView.primaryButton"]=[true]}
2024-01-29 12:34:49.044 [DEBUG] [thread-id 1] - Click element: '//XCUIElementTypeButton[@name="SplashPageViewController.closeButton" or contains(@label, "Close Walmart plus promotional pop up")] | //XCUIElementTypeNavigationBar[@name="WalmartPlus.SplashPageView"]/XCUIElementTypeButton | //XCUIElementTypeButton[@name="close" or @name="Close"] | //XCUIElementTypeButton[@name="SplashPageViewController.fullScreenCloseButton"] | //XCUIElementTypeButton[@name="MultiSplashViewController.fullScreenCloseButton"]'
2024-01-29 12:34:50.536 [DEBUG] [thread-id 1] - Verify identifier: {Search Walmart=[true]}
2024-01-29 12:34:50.538 [DEBUG] [thread-id 1] - Executing function: 'us.functions.utils.fetchFromDataList'
2024-01-29 12:34:50.541 [DEBUG] [thread-id 1] - conditionally execute a flow. condition: false
2024-01-29 12:34:51.223 [DEBUG] [thread-id 1] - Store in: store the value 'FC_DELIVERY' in the variable 'itemGroup'
2024-01-29 12:34:51.228 [DEBUG] [thread-id 1] - loop: over '["894010516", "1996033768", "2034355960", "1051886288", "22471933", "1201002894", "22471997"]'
2024-01-29 12:34:51.929 [DEBUG] [thread-id 1] - Executing function: 'us.functions.utils.checkItemTransactabality'
2024-01-29 12:34:51.930 [DEBUG] [thread-id 1] - Store in: store the value 'false' in the variable 'itemEligible'
2024-01-29 12:34:51.936 [DEBUG] [thread-id 1] - Call API: 'http://astro.walmart.com/api/v2/teflon/item/transactability'
2024-01-29 12:35:10.094 [DEBUG] [thread-id 1] - Response code is: '200'. Response body is: '{"astroStatus":"SUCCESS","astroDescription":"CART - ADD_TO_CART SUCCESS","astroDetails":{"dbSessionMap":{"CXO_CART_ST":"{\"mtoken\":\"6:23#326294627#2=68394718#8=363469526\"}"},"checkoutable":true,"cart":{"id":"d081e584-ab2e-4ce8-816e-8348f831fad8","buyer":{"id":"958647ca-1069-4bb6-9770-9c628979f279","type":"CUSTOMER"},"accessPoint":{"id":"6168c2e3-fc36-4827-98e6-d717d10af1d6","name":"Walmart San Jose Store #32144","storeId":32144,"fulfillmentType":"INSTORE_PICKUP","fulfillmentOption":"PICKUP","supportedTimeZone":"US/Pacific","locationInstruction":"[{\"type\":\"CHECKIN_DEFAULT\",\"value\":\"<div><p><b>Please bring your government-issued ID</b></p><br /><br /><ol><li>Download and use the app to let us know you're on the way and view your parking guide.</li><li>Park in a designated pickup spot. Using the app, enter your parking info and an associate will come to you.</li><li>Show your ID to the associate if required.</li><li>The associate will request access to your trunk or back seat, then will load your items.</li><li>You're all set! Check the app to see if you need to move to any other pickup locations.</li></ol></div>\"},{\"type\":\"EMAIL_DEFAULT\",\"value\":\"NA\"},{\"type\":\"CHECKIN_1\",\"value\":\"Next, tell us when you’ve parked. Park by the pickup sign and enter your parking info so we can find you faster.\"}]","isStoreEbtEligible":true,"allowAlcohol":true,"allowAgeRestricted":false,"restrictions":[],"accessType":"PICKUP_CURBSIDE","storeCategory":"Supercenter","nodeType":"STORE","pickupStartBuffer":5,"allowBagFee":true,"isBagFeeMandatory":false,"address":{"postalCode":"95122","addressLineOne":"777 STORY RD","city":"San Jose","state":"CA","addressTypeName":"OFFICE","isPOBox":false,"countryCode":"USA"}},"storeIds":[],"itemCount":1,"entityErrors":[],"shipping":{"id":"a23a60ac-d92d-4995-90fb-390fae9eba2d","dbLockVersion":0,"firstName":"test","lastName":"auto","addressId":"de8d2bcf-a236-480d-a6a4-5d0eca7ede46","postalCode":"95122","city":"San Jose","state":"CA","countryCode":"USA","addressLineOne":"1523 Mclaughlin Ave","latitude":37.329121,"longitude":-121.850462,"phone":"2154554845","deliveryInstructions":"","addressType":"OFFICE","isPOBox":false,"isAPOFPO":false,"lastModifiedDate":1706178759039,"isAddressChangedExplicitly":true,"deliveryInstructionsDetails":[{"deliveryInstructionType":"REGULAR","deliveryInstruction":""}]},"summary":{"subTotal":15.31,"grandTotal":22.3,"minimumThreshold":35,"balanceToReachThreshold":19.69,"thresholdOrderTotal":35,"shipPriceBelowThreshold":6.99,"fees":[{"type":"MIN_THRESHOLD_FEE","amount":6.99}],"serviceCharges":[]},"suggestedSlots":[{"id":"f905b5b4-6abc-4825-bb16-85f8d8f52cd1-2024-01-29","fulfillmentType":"DELIVERY","fulfillmentOption":"DELIVERY","accessType":"DELIVERY_ADDRESS","isUnscheduled":false,"accessPointId":"f681d48a-7be4-43ea-8e10-229a1f00db37","expressSlot":false,"slaInMins":0,"startTime":1706580000000,"endTime":1706583600000,"cutoffTime":1706580000000,"supportedTimeZone":"US/Pacific","slotPrice":7.95,"ids":[],"originalSlotPrice":7.95,"restrictions":["TEMPERATURE"],"status":"AVAILABLE","priority":0,"isAlcoholRestricted":false,"storeId":"32144"},{"id":"5d66eb4a-f851-4606-a084-fc07db0b3915-2024-01-29","fulfillmentType":"INSTORE_PICKUP","fulfillmentOption":"PICKUP","accessType":"PICKUP_CURBSIDE","isUnscheduled":false,"accessPointId":"6168c2e3-fc36-4827-98e6-d717d10af1d6","expressSlot":false,"slaInMins":0,"startTime":1706562000000,"endTime":1706565600000,"cutoffTime":1706562000000,"supportedTimeZone":"US/Pacific","slotPrice":0,"ids":[],"restrictions":[],"status":"AVAILABLE","priority":0,"isAlcoholRestricted":false,"storeId":"32144"}],"currencyCode":"USD","preview":false,"tenantId":0,"verticalId":0,"checkoutableErrors":[],"intent":"DELIVERY","pickupStore":{"city":"San Jose","stateOrProvinceCode":"CA","countryCode":"USA","postalCode":"95122","storeId":"32144","services":[{"name":"GARDEN_CENTER"},{"name":"DELI"},{"name":"BAKERY"},{"name":"GROCERY"},{"name":"LIQUOR"},{"name":"VISION_CENTER"},{"name":"PHOTO_CENTER"},{"name":"TIRE_AND_LUBE","phone":"330-337-9044"},{"name":"GROCERY_PICKUP_DELIVERY"}]},"deliveryStore":{"city":"San Jose","stateOrProvinceCode":"CA","countryCode":"USA","postalCode":"95122","storeId":"32144","services":[{"name":"GARDEN_CENTER"},{"name":"DELI"},{"name":"BAKERY"},{"name":"GROCERY"},{"name":"LIQUOR"},{"name":"VISION_CENTER"},{"name":"PHOTO_CENTER"},{"name":"TIRE_AND_LUBE","phone":"330-337-9044"},{"name":"GROCERY_PICKUP_DELIVERY"}]},"mpStores":[],"fulfillmentPlans":[{"isDefault":true,"fulfillmentModules":[{"name":"UNSCHEDULED_DELIVERY","fulfillmentGroups":[{"sellerId":"455A2F43226F41319399794332C71B7F","fulfillmentOptions":[{"fulfillmentType":"DELIVERY","accessType":"DELIVERY_ADDRESS","accessMode":"NATIONAL_CARRIER","isSelected":true,"isUnscheduled":true,"dateStartRange":1706569140000,"dateEndRange":1706569140000,"itemGroups":[{"itemIds":["55a85804-dc06-444c-8b0f-fcc0ab364f8c"],"dateTime":1706569140000,"accessMode":"NATIONAL_CARRIER","itemDetails":[{"lineItemId":"55a85804-dc06-444c-8b0f-fcc0ab364f8c"}],"orderCutoffTime":1706576400000}],"strategy":"SLA_TIER_BASED_PROMISE"}],"fulfillmentSellerType":"WALMART"}],"checkoutableErrors":[],"checkoutable":true,"summary":{"subTotal":15.31,"grandTotal":15.31}}]}],"accessPoints":[{"id":"f681d48a-7be4-43ea-8e10-229a1f00db37","name":"32144 - Home Delivery","storeId":32144,"fulfillmentType":"DELIVERY","fulfillmentOption":"DELIVERY","supportedTimeZone":"US/Pacific","locationInstruction":"[{\"type\":\"CHECKIN_DEFAULT\",\"value\":\"<div> <p> In order to  protect the safety of our customers & associates, we've temporarily moved to a no-contact pickup in store process. </p> <br /> <br /><b>Please bring your government-issued ID</b><br /> <ol> <li>Check in with the app to let us know you're on the way.</li> <li> Park in a designated pickup spot, stay in your vehicle and keep your windows rolled up. </li> <li> A Walmart associate will request access to your trunk or back seat, then they'll load your order. </li> <li>You're all set! The associate will sign for the order.</li> </ol> </div>\"},{\"type\":\"EMAIL_DEFAULT\",\"value\":\"<div> <p> In order to  protect the safety of our customers & associates, we've temporarily moved to a no-contact pickup in store process. </p> <br /> <br /><b>Please bring your government-issued ID</b><br /> <ol> <li>Check in with the app to let us know you're on the way.</li> <li> Park in a designated pickup spot, stay in your vehicle and keep your windows rolled up. </li> <li> A Walmart associate will request access to your trunk or back seat, then they'll load your order. </li> <li>You're all set! The associate will sign for the order.</li> </ol> </div>\"}]","isStoreEbtEligible":true,"allowAlcohol":true,"allowAgeRestricted":true,"restrictions":[],"accessType":"DELIVERY_ADDRESS","storeCategory":"Supercenter","nodeType":"STORE","pickupStartBuffer":0,"allowBagFee":true,"isBagFeeMandatory":false,"address":{"postalCode":"95122","addressLineOne":"777 STORY RD","city":"San Jose","state":"CA","addressTypeName":"OFFICE","isPOBox":false,"countryCode":"USA"}},{"id":"6168c2e3-fc36-4827-98e6-d717d10af1d6","name":"Walmart San Jose Store #32144","storeId":32144,"fulfillmentType":"INSTORE_PICKUP","fulfillmentOption":"PICKUP","supportedTimeZone":"US/Pacific","locationInstruction":"[{\"type\":\"CHECKIN_DEFAULT\",\"value\":\"<div><p><b>Please bring your government-issued ID</b></p><br /><br /><ol><li>Download and use the app to let us know you're on the way and view your parking guide.</li><li>Park in a designated pickup spot. Using the app, enter your parking info and an associate will come to you.</li><li>Show your ID to the associate if required.</li><li>The associate will request access to your trunk or back seat, then will load your items.</li><li>You're all set! Check the app to see if you need to move to any other pickup locations.</li></ol></div>\"},{\"type\":\"EMAIL_DEFAULT\",\"value\":\"NA\"},{\"type\":\"CHECKIN_1\",\"value\":\"Next, tell us when you’ve parked. Park by the pickup sign and enter your parking info so we can find you faster.\"}]","isStoreEbtEligible":true,"allowAlcohol":true,"allowAgeRestricted":false,"restrictions":[],"accessType":"PICKUP_CURBSIDE","storeCategory":"Supercenter","nodeType":"STORE","pickupStartBuffer":5,"allowBagFee":true,"isBagFeeMandatory":false,"address":{"postalCode":"95122","addressLineOne":"777 STORY RD","city":"San Jose","state":"CA","addressTypeName":"OFFICE","isPOBox":false,"countryCode":"USA"}}],"reservations":[],"isExplicitIntent":true,"hasGiftEligibleItem":false,"marketPlacePickup":true,"warnings":[],"restrictions":[],"accInstallationSelection":{"isExplicitPackageSelection":false}},"items":[{"id":"55a85804-dc06-444c-8b0f-fcc0ab364f8c","quantity":1,"price":15.31,"oldPrice":15.31,"linePrice":15.31,"pricePerUnit":15.31,"pricePerUnitUoM":"EA","USItemId":"894010516","USSellerId":"0","offerId":"D34CC8A40CA54C4CB9F4C3353721DF1D","name":"DALIRESP 500MCG","seller":{"name":"Walmart.com","type":"INTERNAL","id":"455A2F43226F41319399794332C71B7F","catalogSellerId":0},"availableQuantity":2147483647,"maxItemCountPerOrder":1000,"minItemCountPerOrder":1,"primaryCategoryPath":"0:5431:7711239","charPrimaryCategoryPath":"Home Page/Pharmacy/Prescription Medication","sort":1706560507727,"entityErrors":[],"createdDateTime":1706560507727,"isAlcohol":false,"isTemperatureTimeRestricted":false,"isSubstitutionEligible":false,"weightIncrement":1,"unitOfMeasure":"EA","type":"REGULAR","itemClassId":"1","upc":"303100095304","productId":"3NMSJXGFGLHD","isSnapEligible":false,"isSubstitutionsAllowed":false,"productSegment":"Health & Beauty","salesUnit":"Each","wupc":"0030310009530","productUrl":"/ip/DALIRESP-500MCG/894010516","productType":"Prescription Medicines","sourcingDetails":{"currentSelection":"SHIPPING","nodeAvailableQuantity":2147483647},"warnings":[],"fulfillmentDetails":{"fulfillmentId":"318be364-da68-4995-ba39-d1e5e2b39374","slaTier":"THREE_TO_FIVE_DAY","fulfillmentType":"DELIVERY","nodeType":"STORE","fulfillmentTypeClassification":["PHARMACY_PETS"],"initialItemType":"ONLINE_ONLY","isNewItemToCart":true,"fulfillmentMode":"UNSCHEDULED","accessMode":"NATIONAL_CARRIER","accessType":"DELIVERY_ADDRESS","availableFulfillmentOptions":["UNSCHEDULED_DELIVERY"],"fulfillmentModuleName":"UNSCHEDULED_DELIVERY","shippingFulfillmentDate":1706569140000,"maxOrderQuantity":{"unscheduledDelivery":1000},"shipNodeId":"999932144"},"shortDescription":"DALIRESP 500MCG TAB","associations":[],"fulfillmentPrerequisites":[{"preRequisiteList":["MUST_SHIP_ALONE","MIN_BOX_PROTECTION_REQUIRED"]}],"isEventActive":false,"events":[],"nodeLevelSellables":[],"isPetRxItem":true,"tierPrice":true,"legacyItemId":"894010516","gtin":"00303100095304","productClassType":"REGULAR","reportingHierarchy":"40000:43000:43004:43110:43300","isPapEligible":false,"isCheckoutAmendable":false,"petItemType":"PET_RX_ITEM","compositions":[],"isSubscriptionEligible":false,"isCashbackEligible":false,"isColdChain":false}],"lastModifiedTime":1706560510051,"cartVersion":4913,"isOmniPromiseResponse":true,"uniqueInstallationOfferIdHolder":[]},"astroInfo":null}'
2024-01-29 12:35:10.106 [DEBUG] [thread-id 1] - conditionally execute a flow. condition: true
2024-01-29 12:35:10.845 [DEBUG] [thread-id 1] - Store in: store the value 'true' in the variable 'itemEligible'
2024-01-29 12:35:11.573 [DEBUG] [thread-id 1] - conditionally execute a flow. condition: true
2024-01-29 12:35:12.305 [DEBUG] [thread-id 1] - Store in: store the value '894010516' in the variable 'itemFetched'
2024-01-29 12:35:13.035 [DEBUG] [thread-id 1] - Store in: store the value 'walmart://item/894010516' in the variable 'deeplinkURl'
2024-01-29 12:35:13.776 [DEBUG] [thread-id 1] - Item:894010516
2024-01-29 12:35:14.539 [DEBUG] [thread-id 1] - deeplinkURL:walmart://item/894010516
2024-01-29 12:35:15.374 [DEBUG] [thread-id 1] - conditionally execute a flow. condition: true
2024-01-29 12:35:16.122 [DEBUG] [thread-id 1] - Eligible item is 894010516 for type FC_DELIVERY
2024-01-29 12:35:16.147 [DEBUG] [thread-id 1] - The Item Id fetched from the for, the list is: 894010516
2024-01-29 12:35:16.148 [DEBUG] [thread-id 1] - Executing function: 'us.functions.global.navigation.goToDeepLink'
2024-01-29 12:35:16.149 [DEBUG] [thread-id 1] - Verify value of: '$deepLinkUrl'
2024-01-29 12:35:16.150 [DEBUG] [thread-id 1] - Open link: 'walmart://item/894010516'
2024-01-29 12:35:21.262 [DEBUG] [thread-id 1] - Executing function: 'us.functions.global.navigation.openDeepLink'
2024-01-29 12:35:29.318 [DEBUG] [thread-id 1] - Deeplink pop up not displayed
2024-01-29 12:35:29.343 [DEBUG] [thread-id 1] - sleep:  2000 milliseconds
2024-01-29 12:35:31.347 [DEBUG] [thread-id 1] - Executing function: 'us.functions.item.addItemToCart'
2024-01-29 12:35:33.629 [DEBUG] [thread-id 1] - Verify identifier: {stepper.mainButton=[true]}
2024-01-29 12:35:36.377 [DEBUG] [thread-id 1] - Click element: 'stepper.mainButton'
2024-01-29 12:35:37.866 [WARN] [thread-id 1] - variable qty was used, but r2 could not find a value for this variable. returning default of null
2024-01-29 12:35:37.867 [WARN] [thread-id 1] - variable qty was used, but r2 could not find a value for this variable. returning default of null
2024-01-29 12:35:39.251 [DEBUG] [thread-id 1] - Verify identifier: {//XCUIElementTypeStaticText[@name="1 added"]| //XCUIElementTypeOther[@name="add-to-cart-button"] | //XCUIElementTypeStaticText[@label="null"] | Max 1=[true]}
2024-01-29 12:35:39.252 [WARN] [thread-id 1] - variable skipPostAddToCartSteps was used, but r2 could not find a value for this variable. returning default of null
2024-01-29 12:35:39.253 [DEBUG] [thread-id 1] - conditionally execute a flow. condition: true
2024-01-29 12:35:41.742 [DEBUG] [thread-id 1] - Executing function: 'us.functions.item.postAddToCartSteps'
2024-01-29 12:36:02.961 [DEBUG] [thread-id 1] - No ACC pop up screen displayed
2024-01-29 12:36:06.943 [DEBUG] [thread-id 1] - Click element: '//XCUIElementTypeButton[@name="Close"]'
2024-01-29 12:36:11.964 [DEBUG] [thread-id 1] - Click element: '//XCUIElementTypeButton[@name="Close"] | //XCUIElementTypeButton[@label="Close"]'
2024-01-29 12:36:12.866 [DEBUG] [thread-id 1] - Executing function: 'us.functions.item.closeItemPage'
2024-01-29 12:36:34.454 [DEBUG] [thread-id 1] - PAC not found
2024-01-29 12:36:55.557 [DEBUG] [thread-id 1] - Item page closed
2024-01-29 12:36:56.283 [WARN] [thread-id 1] - break reached without loop, this may be an error in your flow.
2024-01-29 12:37:07.443 [DEBUG] [thread-id 1] - Main failed: Is present: 'Your cart is empty'
2024-01-29 12:37:08.254 [DEBUG] [thread-id 1] - Executing scenario: 'After'
2024-01-29 12:37:08.256 [DEBUG] [thread-id 1] - Executing function: 'us.functions.utils.afterSteps'
2024-01-29 12:37:08.256 [WARN] [thread-id 1] - variable testStatus was used, but r2 could not find a value for this variable. returning default of null
2024-01-29 12:37:08.257 [DEBUG] [thread-id 1] - conditionally execute a flow. condition: false
2024-01-29 12:37:08.965 [DEBUG] [thread-id 1] - Test failed
2024-01-29 12:37:08.970 [DEBUG] [thread-id 1] - Executing function: 'us.functions.utils.fetchExecutionTime'
2024-01-29 12:37:08.971 [DEBUG] [thread-id 1] - conditionally execute a flow. condition: true
2024-01-29 12:37:09.673 [DEBUG] [thread-id 1] - Timestamp: 1706560629673
2024-01-29 12:37:10.380 [DEBUG] [thread-id 1] - Arithmetic Operation: (1706560629673 - 1706560296910) / 1000 (value = 332.763)
2024-01-29 12:37:10.381 [DEBUG] [thread-id 1] - Store in: store the value '332.763' in the variable 'result'
2024-01-29 12:37:11.081 [DEBUG] [thread-id 1] - 332.763
2024-01-29 12:37:11.812 [DEBUG] [thread-id 1] - Arithmetic Operation: 332.763 / 60 (value = 5.54605)
2024-01-29 12:37:11.813 [DEBUG] [thread-id 1] - Store in: store the value '5.54605' in the variable 'result'
2024-01-29 12:37:12.545 [DEBUG] [thread-id 1] - 5.54605
2024-01-29 12:37:13.246 [DEBUG] [thread-id 1] - Create file: './timestampData.txt' with string '5.54605,'
2024-01-29 12:37:33.719 [DEBUG] [thread-id 1] - Created report: /Users/m0k0a2f/glass-automation/report/index.html
