2023-01-27 09:59:28.007 [DEBUG] [thread-id 1] - Executing R2 3.30.0: '/Users/m0k0a2f/glass-automation/us/test/test-scripts/android/golden-flows/PetRx-flows/post-transaction/Petrx-post.yaml' on device: 'Pixel_5_API_31'
2023-01-27 09:59:43.107 [DEBUG] [thread-id 1] - Executing scenario: 'Before'
2023-01-27 09:59:43.112 [DEBUG] [thread-id 1] - Execute before steps
2023-01-27 09:59:43.145 [DEBUG] [thread-id 1] - R2_SUBFLOW_PRE_TRANSACTION
2023-01-27 09:59:43.257 [DEBUG] [thread-id 1] - Using us-errors-helpers.yaml
2023-01-27 09:59:43.388 [DEBUG] [thread-id 1] - Start Main
2023-01-27 09:59:43.397 [DEBUG] [thread-id 1] - Timestamp: 1674842383396
2023-01-27 09:59:43.405 [DEBUG] [thread-id 1] - Executing function: 'us.functions.global.onboarding.navigateOnboardingToHome'
2023-01-27 09:59:43.408 [DEBUG] [thread-id 1] - Executing function: 'us.function.utils.getEnvironmentValue'
2023-01-27 09:59:43.409 [DEBUG] [thread-id 1] - Store in: store the value 'teflon' in the variable 'env'
2023-01-27 09:59:53.458 [DEBUG] [thread-id 1] - conditionally execute a flow. condition: false
2023-01-27 09:59:53.644 [DEBUG] [thread-id 1] - Verify identifier: {//android.widget.TextView[contains(@text,"Welcome to Walmart")]=[true]}
2023-01-27 09:59:53.662 [DEBUG] [thread-id 1] - Start Activity: 'com.walmart.android.debug.com.walmart.glass.integration.splash.SplashActivity'
2023-01-27 10:00:06.473 [DEBUG] [thread-id 1] - conditionally execute a flow. condition: false
2023-01-27 10:00:06.628 [DEBUG] [thread-id 1] - Verify identifier: {//android.widget.TextView[contains(@text,"Welcome to Walmart")]=[true]}
2023-01-27 10:00:06.874 [DEBUG] [thread-id 1] - Click element: '//android.widget.Button[contains(@text, "Next")] | //android.widget.Button[contains(@text, "Continue")]'
2023-01-27 10:00:09.325 [DEBUG] [thread-id 1] - Verify identifier: {//android.widget.TextView[contains(@text,"Share your location")] | //android.widget.TextView[contains(@text,"Share your precise location")]=[true]}
2023-01-27 10:00:09.388 [DEBUG] [thread-id 1] - Click element: '//android.widget.Button[@text="Enter zip code"]'
2023-01-27 10:00:10.619 [DEBUG] [thread-id 1] - Verify identifier: {//android.widget.TextView[@text ="Share your zip code"]=[true]}
2023-01-27 10:00:11.155 [DEBUG] [thread-id 1] - Click element: '//android.widget.EditText[@text ="Enter zip code"]'
2023-01-27 10:00:12.607 [DEBUG] [thread-id 1] - Enter text: '95122'
2023-01-27 10:00:13.939 [DEBUG] [thread-id 1] - Hide keyboard: 'true'
2023-01-27 10:00:20.660 [DEBUG] [thread-id 1] - Click element: '//android.widget.Button[@text="Search"]'
2023-01-27 10:00:25.389 [DEBUG] [thread-id 1] - Verify identifier: {//android.widget.TextView[@text ="Share your zip code"]=[true]}
2023-01-27 10:00:25.399 [DEBUG] [thread-id 1] - Executing function: 'us.functions.global.onboarding.popUpScreen'
2023-01-27 10:00:25.400 [DEBUG] [thread-id 1] - sleep:  3000 milliseconds
2023-01-27 10:00:38.422 [DEBUG] [thread-id 1] - sleep:  3000 milliseconds
2023-01-27 10:00:41.451 [DEBUG] [thread-id 1] - Executing function: 'us.functions.home.personalizedPopUpScreenClose'
2023-01-27 10:00:41.456 [DEBUG] [thread-id 1] - sleep:  3000 milliseconds
2023-01-27 10:00:44.589 [DEBUG] [thread-id 1] - conditionally execute a flow. condition: true
2023-01-27 10:00:44.668 [DEBUG] [thread-id 1] - Click element: '//android.widget.Button[contains(@text, "Don’t allow")]'
2023-01-27 10:00:45.411 [DEBUG] [thread-id 1] - sleep:  3000 milliseconds
2023-01-27 10:00:48.435 [DEBUG] [thread-id 1] - Executing function: 'us.functions.utils.tryAgainWhenThereIsError'
2023-01-27 10:00:48.463 [DEBUG] [thread-id 1] - loop: from 0 to 3
2023-01-27 10:00:48.640 [DEBUG] [thread-id 1] - 0
2023-01-27 10:00:58.726 [DEBUG] [thread-id 1] - conditionally execute a flow. condition: false
2023-01-27 10:01:09.898 [DEBUG] [thread-id 1] - Executing function: 'us.functions.global.onboarding.smartLock.DismissNoneOfTheAbove'
2023-01-27 10:01:19.960 [DEBUG] [thread-id 1] - Executing function: 'us.functions.gic.collapseIfExpanded'
2023-01-27 10:01:20.047 [DEBUG] [thread-id 1] - conditionally execute a flow. condition: true
2023-01-27 10:01:20.195 [DEBUG] [thread-id 1] - Click element: '//android.widget.ImageView[contains(@content-desc,"expanded")]'
2023-01-27 10:01:21.994 [DEBUG] [thread-id 1] - Verify identifier: {com.walmart.android.debug:id/search_view=[true]}
2023-01-27 10:01:21.996 [DEBUG] [thread-id 1] - Executing function: 'us.functions.home.handleReorderToolTip'
2023-01-27 10:01:32.052 [DEBUG] [thread-id 1] - conditionally execute a flow. condition: false
2023-01-27 10:01:32.113 [DEBUG] [thread-id 1] - no tooltip displayed
2023-01-27 10:01:32.116 [DEBUG] [thread-id 1] - Executing function: 'us.functions.home.navigateHomeToSignIn'
2023-01-27 10:01:32.164 [DEBUG] [thread-id 1] - Click element: '//android.widget.FrameLayout[@content-desc="Account"]/android.widget.ImageView | //android.widget.FrameLayout[@content-desc="Account"]'
2023-01-27 10:01:32.855 [DEBUG] [thread-id 1] - sleep:  5000 milliseconds
2023-01-27 10:01:39.041 [DEBUG] [thread-id 1] - Verify identifier: {//*[@resource-id="com.walmart.android.debug:id/sign_in_button"]|//*[@resource-id="com.walmart.android.debug:id/account_sign_in_button"]=[true]}
2023-01-27 10:01:39.047 [DEBUG] [thread-id 1] - loop: from 1 to 3
2023-01-27 10:01:39.117 [DEBUG] [thread-id 1] - Executing function: 'us.functions.global.onboarding.smartLock.DismissNoneOfTheAbove'
2023-01-27 10:01:49.269 [DEBUG] [thread-id 1] - conditionally execute a flow. condition: true
2023-01-27 10:01:49.349 [DEBUG] [thread-id 1] - Click element: '//*[@resource-id="com.walmart.android.debug:id/sign_in_button"]|//*[@resource-id="com.walmart.android.debug:id/account_sign_in_button"]'
2023-01-27 10:01:50.198 [DEBUG] [thread-id 1] - sleep:  3000 milliseconds
2023-01-27 10:01:53.268 [DEBUG] [thread-id 1] - conditionally execute a flow. condition: true
2023-01-27 10:01:53.289 [DEBUG] [thread-id 1] - Store in: store the value 'true' in the variable 'signInValidated'
2023-01-27 10:01:53.344 [DEBUG] [thread-id 1] - conditionally execute a flow. condition: true
2023-01-27 10:01:53.363 [DEBUG] [thread-id 1] - SignIn page loaded
2023-01-27 10:01:53.382 [DEBUG] [thread-id 1] - Store in: store the value 'false' in the variable 'signInValidated'
2023-01-27 10:01:53.383 [DEBUG] [thread-id 1] - Executing function: 'us.functions.global.authentication.signInAccount'
2023-01-27 10:01:53.384 [DEBUG] [thread-id 1] - Executing function: 'us.functions.global.onboarding.smartLock.DismissNoneOfTheAbove'
2023-01-27 10:02:03.904 [WARN] [thread-id 1] - variable validateSignInPage was used, but r2 could not find a value for this variable. returning default of null
2023-01-27 10:02:03.976 [DEBUG] [thread-id 1] - Verify identifier: {//android.widget.EditText[@text="Email"]=[true]}
2023-01-27 10:02:04.010 [DEBUG] [thread-id 1] - Enter text: 'walpandroid@gmail.com'
2023-01-27 10:02:05.942 [DEBUG] [thread-id 1] - loop: from 1 to 3
2023-01-27 10:02:06.467 [DEBUG] [thread-id 1] - sleep:  3000 milliseconds
2023-01-27 10:02:10.020 [DEBUG] [thread-id 1] - conditionally execute a flow. condition: true
2023-01-27 10:02:10.067 [DEBUG] [thread-id 1] - Click element: '//android.widget.Button[@text="Continue"]'
2023-01-27 10:02:11.470 [DEBUG] [thread-id 1] - sleep:  5000 milliseconds
2023-01-27 10:02:16.628 [DEBUG] [thread-id 1] - conditionally execute a flow. condition: true
2023-01-27 10:02:16.659 [DEBUG] [thread-id 1] - Store in: store the value 'true' in the variable 'signInValidated'
2023-01-27 10:02:16.689 [DEBUG] [thread-id 1] - conditionally execute a flow. condition: true
2023-01-27 10:02:16.713 [DEBUG] [thread-id 1] - Store in: store the value 'false' in the variable 'signInValidated'
2023-01-27 10:02:16.742 [DEBUG] [thread-id 1] - Email entered
2023-01-27 10:02:16.747 [WARN] [thread-id 1] - variable validateSignInPage was used, but r2 could not find a value for this variable. returning default of null
2023-01-27 10:02:16.749 [DEBUG] [thread-id 1] - loop: from 1 to 3
2023-01-27 10:02:16.782 [DEBUG] [thread-id 1] - sleep:  2000 milliseconds
2023-01-27 10:02:19.019 [DEBUG] [thread-id 1] - conditionally execute a flow. condition: true
2023-01-27 10:02:19.084 [DEBUG] [thread-id 1] - Enter text: 'Testing@123'
2023-01-27 10:02:21.453 [DEBUG] [thread-id 1] - Press go back key: 'true'
2023-01-27 10:02:22.235 [DEBUG] [thread-id 1] - sleep:  1000 milliseconds
2023-01-27 10:02:24.999 [DEBUG] [thread-id 1] - Click element: '//android.widget.Button[@text="Sign in"] | //android.widget.Button[contains(@text,"Sign in")]'
2023-01-27 10:02:27.287 [DEBUG] [thread-id 1] - sleep:  5000 milliseconds
2023-01-27 10:02:32.469 [DEBUG] [thread-id 1] - conditionally execute a flow. condition: true
2023-01-27 10:02:32.533 [DEBUG] [thread-id 1] - Store in: store the value 'true' in the variable 'signInValidated'
2023-01-27 10:02:32.614 [DEBUG] [thread-id 1] - conditionally execute a flow. condition: true
2023-01-27 10:02:32.670 [DEBUG] [thread-id 1] - Account signed in
2023-01-27 10:02:32.675 [DEBUG] [thread-id 1] - Executing function: 'us.functions.utils.handleCartMergePopup'
2023-01-27 10:02:32.677 [DEBUG] [thread-id 1] - sleep:  7000 milliseconds
2023-01-27 10:02:39.697 [DEBUG] [thread-id 1] - loop: from 0 to 4
2023-01-27 10:02:39.801 [DEBUG] [thread-id 1] - 0
2023-01-27 10:02:50.219 [DEBUG] [thread-id 1] - conditionally execute a flow. condition: false
2023-01-27 10:02:50.303 [DEBUG] [thread-id 1] - No cart merge popup observed
2023-01-27 10:02:50.362 [DEBUG] [thread-id 1] - Executing function: 'us.functions.global.navigation.accountToHome'
2023-01-27 10:02:50.372 [DEBUG] [thread-id 1] - conditionally execute a flow. condition: true
2023-01-27 10:02:50.427 [DEBUG] [thread-id 1] - Scroll: up
2023-01-27 10:02:52.201 [DEBUG] [thread-id 1] - Verify identifier: {com.walmart.android.debug:id/purchase_history_header=[true]}
2023-01-27 10:02:52.250 [DEBUG] [thread-id 1] - Click element: 'com.walmart.android.debug:id/navigation_shop'
2023-01-27 10:02:52.934 [DEBUG] [thread-id 1] - Executing function: 'us.functions.home.closeWPlusPromotionPopUpIfDisplayed'
2023-01-27 10:02:52.935 [DEBUG] [thread-id 1] - sleep:  5000 milliseconds
2023-01-27 10:03:07.993 [DEBUG] [thread-id 1] - Executing function: 'us.functions.home.rateDriverPopup'
2023-01-27 10:03:07.997 [DEBUG] [thread-id 1] - sleep:  15000 milliseconds
2023-01-27 10:03:23.021 [DEBUG] [thread-id 1] - loop: from 1 to 6
2023-01-27 10:03:24.082 [DEBUG] [thread-id 1] - 1
2023-01-27 10:03:34.185 [DEBUG] [thread-id 1] - conditionally execute a flow. condition: false
2023-01-27 10:03:34.257 [DEBUG] [thread-id 1] - Executing function: 'us.functions.home.setStore'
2023-01-27 10:03:34.292 [DEBUG] [thread-id 1] - conditionally execute a flow. condition: false
2023-01-27 10:03:34.342 [DEBUG] [thread-id 1] - Executing function: 'us.functions.utils.astro.createOrder'
2023-01-27 10:03:34.344 [DEBUG] [thread-id 1] - Create order
2023-01-27 10:03:34.345 [DEBUG] [thread-id 1] - loop: from 0 to 5
2023-01-27 10:03:34.399 [DEBUG] [thread-id 1] - Store in: store the value 'null' in the variable 'errorCode'
2023-01-27 10:03:34.460 [DEBUG] [thread-id 1] - Store in: store the value 'null' in the variable 'orderCreationStatus'
2023-01-27 10:03:34.529 [DEBUG] [thread-id 1] - Call API: 'http://astro.walmart.com/api/v2/teflon/order'
2023-01-27 10:03:42.585 [DEBUG] [thread-id 1] - Response code is: '404'. Response body is: '{"astroStatus":"FAIL","astroDescription":"CART - CREATE_CART_ERROR 500.CART_SERVICE.IRO.DOWNSTREAM.TIMEOUT.100","astroDetails":{"customerId":"70c68aba-a7ca-49ca-9daf-3eec75e8f609","createCartResponse":{"statusCode":500,"cart_correlation_id":"aae73189-afde-4b56-8f0f-1070109c327d","errors":{"statusCode":"500","error":"Timeout error from IRO Service.","message":"Timeout error from IRO.","validation":{"source":"PAYLOAD","keys":["offerId"]},"errorIdentifiers":[],"pangaeaErrors":["500.CART_SERVICE.IRO.DOWNSTREAM.TIMEOUT.100"],"leanMode":true,"cartLeanMode":{"id":"89d02c0b-4b21-4b23-9f66-b08d8f207869","customerId":"70c68aba-a7ca-49ca-9daf-3eec75e8f609","items":[{"id":"77629f15-38da-4ccc-9aab-34725768ef14","offerId":"1D049DFAFE73453197B8D1F5879CEF1A","name":"Item added at 12 34 AM 01 27 2023 UTC","quantity":1},{"id":"169c39fd-db18-4764-b4f8-9b2ccf4c8264","offerId":"24E2A27B3C154CC3893E3091CAC0111C","name":"T-shirt Pants Outfits Set","quantity":1},{"id":"b7d0f48f-f567-4462-81e0-d0ddc84fcdcd","offerId":"60473807C3D34291A219E1D407BF80D8","name":"No Brand Start A Smile Badge Reel","quantity":1}]}}},"astro_logs":[{"CART":{"fail":"CART - CREATE_CART_ERROR 500.CART_SERVICE.IRO.DOWNSTREAM.TIMEOUT.100"}},{"CHECKOUT":{}}]}}'
2023-01-27 10:03:42.865 [DEBUG] [thread-id 1] - conditionally execute a flow. condition: false
2023-01-27 10:03:42.944 [DEBUG] [thread-id 1] - Failure in order creation. Retrying after 30 secs
2023-01-27 10:03:43.002 [DEBUG] [thread-id 1] - sleep:  30000 milliseconds
2023-01-27 10:04:13.070 [DEBUG] [thread-id 1] - Store in: store the value 'null' in the variable 'errorCode'
2023-01-27 10:04:13.123 [DEBUG] [thread-id 1] - Store in: store the value 'null' in the variable 'orderCreationStatus'
2023-01-27 10:04:13.179 [DEBUG] [thread-id 1] - Call API: 'http://astro.walmart.com/api/v2/teflon/order'
2023-01-27 10:04:20.604 [DEBUG] [thread-id 1] - Response code is: '404'. Response body is: '{"astroStatus":"FAIL","astroDescription":"CART - CREATE_CART_ERROR 500.CART_SERVICE.IRO.DOWNSTREAM.TIMEOUT.100","astroDetails":{"customerId":"70c68aba-a7ca-49ca-9daf-3eec75e8f609","createCartResponse":{"statusCode":500,"cart_correlation_id":"ea2aa736-20eb-43da-97b3-021d7c6d400d","errors":{"statusCode":"500","error":"Timeout error from IRO Service.","message":"Timeout error from IRO.","validation":{"source":"PAYLOAD","keys":["offerId"]},"errorIdentifiers":[],"pangaeaErrors":["500.CART_SERVICE.IRO.DOWNSTREAM.TIMEOUT.100"],"leanMode":true,"cartLeanMode":{"id":"89d02c0b-4b21-4b23-9f66-b08d8f207869","customerId":"70c68aba-a7ca-49ca-9daf-3eec75e8f609","items":[{"id":"77629f15-38da-4ccc-9aab-34725768ef14","offerId":"1D049DFAFE73453197B8D1F5879CEF1A","name":"Item added at 12 34 AM 01 27 2023 UTC","quantity":1},{"id":"169c39fd-db18-4764-b4f8-9b2ccf4c8264","offerId":"24E2A27B3C154CC3893E3091CAC0111C","name":"T-shirt Pants Outfits Set","quantity":1},{"id":"b7d0f48f-f567-4462-81e0-d0ddc84fcdcd","offerId":"60473807C3D34291A219E1D407BF80D8","name":"No Brand Start A Smile Badge Reel","quantity":1}]}}},"astro_logs":[{"CART":{"fail":"CART - CREATE_CART_ERROR 500.CART_SERVICE.IRO.DOWNSTREAM.TIMEOUT.100"}},{"CHECKOUT":{}}]}}'
2023-01-27 10:04:21.535 [DEBUG] [thread-id 1] - conditionally execute a flow. condition: false
2023-01-27 10:04:21.605 [DEBUG] [thread-id 1] - Failure in order creation. Retrying after 30 secs
2023-01-27 10:04:21.660 [DEBUG] [thread-id 1] - sleep:  30000 milliseconds
2023-01-27 10:04:51.759 [DEBUG] [thread-id 1] - Store in: store the value 'null' in the variable 'errorCode'
2023-01-27 10:04:51.812 [DEBUG] [thread-id 1] - Store in: store the value 'null' in the variable 'orderCreationStatus'
2023-01-27 10:04:51.870 [DEBUG] [thread-id 1] - Call API: 'http://astro.walmart.com/api/v2/teflon/order'
2023-01-27 10:04:58.402 [DEBUG] [thread-id 1] - Response code is: '404'. Response body is: '{"astroStatus":"FAIL","astroDescription":"CART - CREATE_CART_ERROR 500.CART_SERVICE.IRO.DOWNSTREAM.TIMEOUT.100","astroDetails":{"customerId":"70c68aba-a7ca-49ca-9daf-3eec75e8f609","createCartResponse":{"statusCode":500,"cart_correlation_id":"0ed0d739-a3e3-4028-af94-d7db741273ce","errors":{"statusCode":"500","error":"Timeout error from IRO Service.","message":"Timeout error from IRO.","validation":{"source":"PAYLOAD","keys":["offerId"]},"errorIdentifiers":[],"pangaeaErrors":["500.CART_SERVICE.IRO.DOWNSTREAM.TIMEOUT.100"],"leanMode":true,"cartLeanMode":{"id":"89d02c0b-4b21-4b23-9f66-b08d8f207869","customerId":"70c68aba-a7ca-49ca-9daf-3eec75e8f609","items":[{"id":"77629f15-38da-4ccc-9aab-34725768ef14","offerId":"1D049DFAFE73453197B8D1F5879CEF1A","name":"Item added at 12 34 AM 01 27 2023 UTC","quantity":1},{"id":"169c39fd-db18-4764-b4f8-9b2ccf4c8264","offerId":"24E2A27B3C154CC3893E3091CAC0111C","name":"T-shirt Pants Outfits Set","quantity":1},{"id":"b7d0f48f-f567-4462-81e0-d0ddc84fcdcd","offerId":"60473807C3D34291A219E1D407BF80D8","name":"No Brand Start A Smile Badge Reel","quantity":1}]}}},"astro_logs":[{"CART":{"fail":"CART - CREATE_CART_ERROR 500.CART_SERVICE.IRO.DOWNSTREAM.TIMEOUT.100"}},{"CHECKOUT":{}}]}}'
2023-01-27 10:04:58.854 [DEBUG] [thread-id 1] - conditionally execute a flow. condition: false
2023-01-27 10:04:58.919 [DEBUG] [thread-id 1] - Failure in order creation. Retrying after 30 secs
2023-01-27 10:04:58.967 [DEBUG] [thread-id 1] - sleep:  30000 milliseconds
2023-01-27 10:05:29.083 [DEBUG] [thread-id 1] - Store in: store the value 'null' in the variable 'errorCode'
2023-01-27 10:05:29.135 [DEBUG] [thread-id 1] - Store in: store the value 'null' in the variable 'orderCreationStatus'
2023-01-27 10:05:29.191 [DEBUG] [thread-id 1] - Call API: 'http://astro.walmart.com/api/v2/teflon/order'
2023-01-27 10:05:35.652 [DEBUG] [thread-id 1] - Response code is: '520'. Response body is: '{"astroStatus":"FAIL","astroDescription":"Error in creating order","astroDetails":"{}"}'
2023-01-27 10:05:35.658 [ERROR] [thread-id 1] - java.lang.ClassCastException: java.lang.String cannot be cast to java.util.Map
2023-01-27 10:05:35.795 [DEBUG] [thread-id 1] - conditionally execute a flow. condition: false
2023-01-27 10:05:35.855 [DEBUG] [thread-id 1] - Failure in order creation. Retrying after 30 secs
2023-01-27 10:05:35.911 [DEBUG] [thread-id 1] - sleep:  30000 milliseconds
2023-01-27 10:06:05.988 [DEBUG] [thread-id 1] - Store in: store the value 'null' in the variable 'errorCode'
2023-01-27 10:06:06.048 [DEBUG] [thread-id 1] - Store in: store the value 'null' in the variable 'orderCreationStatus'
2023-01-27 10:06:06.106 [DEBUG] [thread-id 1] - Call API: 'http://astro.walmart.com/api/v2/teflon/order'
2023-01-27 10:06:12.671 [DEBUG] [thread-id 1] - Response code is: '520'. Response body is: '{"astroStatus":"FAIL","astroDescription":"Error in creating order","astroDetails":"{}"}'
2023-01-27 10:06:12.675 [ERROR] [thread-id 1] - java.lang.ClassCastException: java.lang.String cannot be cast to java.util.Map
2023-01-27 10:06:12.786 [DEBUG] [thread-id 1] - conditionally execute a flow. condition: false
2023-01-27 10:06:12.849 [DEBUG] [thread-id 1] - Failure in order creation. Retrying after 30 secs
2023-01-27 10:06:12.895 [DEBUG] [thread-id 1] - sleep:  30000 milliseconds
2023-01-27 10:06:42.961 [DEBUG] [thread-id 1] - conditionally execute a flow. condition: true
2023-01-27 10:06:43.107 [DEBUG] [thread-id 1] - conditionally execute a flow. condition: true
2023-01-27 10:07:05.011 [DEBUG] [thread-id 1] - Main failed: API_FAILURE - ASTRO - CREATE ORDER FAILURE. Error: CART - CREATE_CART_ERROR 500.CART_SERVICE.IRO.DOWNSTREAM.TIMEOUT.100
2023-01-27 10:07:05.280 [DEBUG] [thread-id 1] - Executing scenario: 'After'
2023-01-27 10:07:05.283 [DEBUG] [thread-id 1] - Executing function: 'us.functions.utils.afterSteps'
2023-01-27 10:07:05.284 [DEBUG] [thread-id 1] - Executing function: 'us.functions.utils.log.appVersionAndroid'
2023-01-27 10:07:05.292 [WARN] [thread-id 1] - variable R2_PROFILE was used, but r2 could not find a value for this variable. returning default of null
2023-01-27 10:07:05.297 [DEBUG] [thread-id 1] - conditionally execute a flow. condition: false
2023-01-27 10:07:05.359 [DEBUG] [thread-id 1] - Verify file: 'us/app-versions/android.txt'
2023-01-27 10:07:05.363 [DEBUG] [thread-id 1] - Glass Application version: 23.4
2023-01-27 10:07:07.879 [DEBUG] [thread-id 1] - Created report: /Users/m0k0a2f/glass-automation/report/index.html
2023-01-27 15:37:46.522 [DEBUG] [thread-id 1] - Executing R2 3.30.0: '/Users/m0k0a2f/glass-automation/us/test/test-scripts/android/golden-flows/PetRx-flows/post-transaction/Petrx-post.yaml' on device: 'Pixel_5_API_31'
2023-01-27 15:38:01.386 [DEBUG] [thread-id 1] - Executing scenario: 'Before'
2023-01-27 15:38:01.392 [DEBUG] [thread-id 1] - Execute before steps
2023-01-27 15:38:01.396 [DEBUG] [thread-id 1] - R2_SUBFLOW_PRE_TRANSACTION
2023-01-27 15:38:01.475 [DEBUG] [thread-id 1] - Using us-errors-helpers.yaml
2023-01-27 15:38:01.575 [DEBUG] [thread-id 1] - Start Main
2023-01-27 15:38:01.579 [DEBUG] [thread-id 1] - Timestamp: 1674862681579
2023-01-27 15:38:01.583 [DEBUG] [thread-id 1] - Executing function: 'us.functions.global.onboarding.navigateOnboardingToHome'
2023-01-27 15:38:01.586 [DEBUG] [thread-id 1] - Executing function: 'us.function.utils.getEnvironmentValue'
2023-01-27 15:38:01.589 [DEBUG] [thread-id 1] - Store in: store the value 'teflon' in the variable 'env'
2023-01-27 15:38:11.759 [DEBUG] [thread-id 1] - conditionally execute a flow. condition: false
2023-01-27 15:38:11.867 [DEBUG] [thread-id 1] - Verify identifier: {//android.widget.TextView[contains(@text,"Welcome to Walmart")]=[true]}
2023-01-27 15:38:11.880 [DEBUG] [thread-id 1] - Start Activity: 'com.walmart.android.debug.com.walmart.glass.integration.splash.SplashActivity'
2023-01-27 15:38:24.692 [DEBUG] [thread-id 1] - conditionally execute a flow. condition: false
2023-01-27 15:38:24.735 [DEBUG] [thread-id 1] - Verify identifier: {//android.widget.TextView[contains(@text,"Welcome to Walmart")]=[true]}
2023-01-27 15:38:24.772 [DEBUG] [thread-id 1] - Click element: '//android.widget.Button[contains(@text, "Next")] | //android.widget.Button[contains(@text, "Continue")]'
2023-01-27 15:38:26.769 [DEBUG] [thread-id 1] - Verify identifier: {//android.widget.TextView[contains(@text,"Share your location")] | //android.widget.TextView[contains(@text,"Share your precise location")]=[true]}
2023-01-27 15:38:26.816 [DEBUG] [thread-id 1] - Click element: '//android.widget.Button[@text="Enter zip code"]'
2023-01-27 15:38:27.598 [DEBUG] [thread-id 1] - Verify identifier: {//android.widget.TextView[@text ="Share your zip code"]=[true]}
2023-01-27 15:38:28.219 [DEBUG] [thread-id 1] - Click element: '//android.widget.EditText[@text ="Enter zip code"]'
2023-01-27 15:38:29.749 [DEBUG] [thread-id 1] - Enter text: '95122'
2023-01-27 15:38:31.681 [DEBUG] [thread-id 1] - Hide keyboard: 'true'
2023-01-27 15:38:38.453 [DEBUG] [thread-id 1] - Click element: '//android.widget.Button[@text="Search"]'
2023-01-27 15:38:42.963 [DEBUG] [thread-id 1] - Verify identifier: {//android.widget.TextView[@text ="Share your zip code"]=[true]}
2023-01-27 15:38:42.964 [DEBUG] [thread-id 1] - Executing function: 'us.functions.global.onboarding.popUpScreen'
2023-01-27 15:38:42.965 [DEBUG] [thread-id 1] - sleep:  3000 milliseconds
2023-01-27 15:38:55.986 [DEBUG] [thread-id 1] - sleep:  3000 milliseconds
2023-01-27 15:38:58.996 [DEBUG] [thread-id 1] - Executing function: 'us.functions.home.personalizedPopUpScreenClose'
2023-01-27 15:38:58.998 [DEBUG] [thread-id 1] - sleep:  3000 milliseconds
2023-01-27 15:39:02.164 [DEBUG] [thread-id 1] - conditionally execute a flow. condition: true
2023-01-27 15:39:02.227 [DEBUG] [thread-id 1] - Click element: '//android.widget.Button[contains(@text, "Don’t allow")]'
2023-01-27 15:39:02.853 [DEBUG] [thread-id 1] - sleep:  3000 milliseconds
2023-01-27 15:39:05.871 [DEBUG] [thread-id 1] - Executing function: 'us.functions.utils.tryAgainWhenThereIsError'
2023-01-27 15:39:05.905 [DEBUG] [thread-id 1] - loop: from 0 to 3
2023-01-27 15:39:06.058 [DEBUG] [thread-id 1] - 0
2023-01-27 15:39:16.153 [DEBUG] [thread-id 1] - conditionally execute a flow. condition: false
2023-01-27 15:39:26.256 [DEBUG] [thread-id 1] - Executing function: 'us.functions.global.onboarding.smartLock.DismissNoneOfTheAbove'
2023-01-27 15:39:36.286 [DEBUG] [thread-id 1] - Executing function: 'us.functions.gic.collapseIfExpanded'
2023-01-27 15:39:36.377 [DEBUG] [thread-id 1] - conditionally execute a flow. condition: true
2023-01-27 15:39:36.517 [DEBUG] [thread-id 1] - Click element: '//android.widget.ImageView[contains(@content-desc,"expanded")]'
2023-01-27 15:39:37.220 [DEBUG] [thread-id 1] - Verify identifier: {com.walmart.android.debug:id/search_view=[true]}
2023-01-27 15:39:37.222 [DEBUG] [thread-id 1] - Executing function: 'us.functions.home.handleReorderToolTip'
2023-01-27 15:39:47.238 [DEBUG] [thread-id 1] - conditionally execute a flow. condition: false
2023-01-27 15:39:47.285 [DEBUG] [thread-id 1] - no tooltip displayed
2023-01-27 15:39:47.288 [DEBUG] [thread-id 1] - Executing function: 'us.functions.home.navigateHomeToSignIn'
2023-01-27 15:39:47.328 [DEBUG] [thread-id 1] - Click element: '//android.widget.FrameLayout[@content-desc="Account"]/android.widget.ImageView | //android.widget.FrameLayout[@content-desc="Account"]'
2023-01-27 15:39:47.961 [DEBUG] [thread-id 1] - sleep:  5000 milliseconds
2023-01-27 15:39:53.029 [DEBUG] [thread-id 1] - Verify identifier: {//*[@resource-id="com.walmart.android.debug:id/sign_in_button"]|//*[@resource-id="com.walmart.android.debug:id/account_sign_in_button"]=[true]}
2023-01-27 15:39:53.032 [DEBUG] [thread-id 1] - loop: from 1 to 3
2023-01-27 15:39:53.068 [DEBUG] [thread-id 1] - Executing function: 'us.functions.global.onboarding.smartLock.DismissNoneOfTheAbove'
2023-01-27 15:40:03.198 [DEBUG] [thread-id 1] - conditionally execute a flow. condition: true
2023-01-27 15:40:03.261 [DEBUG] [thread-id 1] - Click element: '//*[@resource-id="com.walmart.android.debug:id/sign_in_button"]|//*[@resource-id="com.walmart.android.debug:id/account_sign_in_button"]'
2023-01-27 15:40:04.101 [DEBUG] [thread-id 1] - sleep:  3000 milliseconds
2023-01-27 15:40:07.239 [DEBUG] [thread-id 1] - conditionally execute a flow. condition: true
2023-01-27 15:40:07.271 [DEBUG] [thread-id 1] - Store in: store the value 'true' in the variable 'signInValidated'
2023-01-27 15:40:07.347 [DEBUG] [thread-id 1] - conditionally execute a flow. condition: true
2023-01-27 15:40:07.360 [DEBUG] [thread-id 1] - SignIn page loaded
2023-01-27 15:40:07.376 [DEBUG] [thread-id 1] - Store in: store the value 'false' in the variable 'signInValidated'
2023-01-27 15:40:07.378 [DEBUG] [thread-id 1] - Executing function: 'us.functions.global.authentication.signInAccount'
2023-01-27 15:40:07.379 [DEBUG] [thread-id 1] - Executing function: 'us.functions.global.onboarding.smartLock.DismissNoneOfTheAbove'
2023-01-27 15:40:17.406 [WARN] [thread-id 1] - variable validateSignInPage was used, but r2 could not find a value for this variable. returning default of null
2023-01-27 15:40:17.455 [DEBUG] [thread-id 1] - Verify identifier: {//android.widget.EditText[@text="Email"]=[true]}
2023-01-27 15:40:17.488 [DEBUG] [thread-id 1] - Enter text: 'walpandroid@gmail.com'
2023-01-27 15:40:20.605 [DEBUG] [thread-id 1] - loop: from 1 to 3
2023-01-27 15:40:21.241 [DEBUG] [thread-id 1] - sleep:  3000 milliseconds
2023-01-27 15:40:24.340 [DEBUG] [thread-id 1] - conditionally execute a flow. condition: true
2023-01-27 15:40:24.403 [DEBUG] [thread-id 1] - Click element: '//android.widget.Button[@text="Continue"]'
2023-01-27 15:40:26.727 [DEBUG] [thread-id 1] - sleep:  5000 milliseconds
2023-01-27 15:40:31.790 [DEBUG] [thread-id 1] - conditionally execute a flow. condition: true
2023-01-27 15:40:31.808 [DEBUG] [thread-id 1] - Store in: store the value 'true' in the variable 'signInValidated'
2023-01-27 15:40:31.827 [DEBUG] [thread-id 1] - conditionally execute a flow. condition: true
2023-01-27 15:40:31.841 [DEBUG] [thread-id 1] - Store in: store the value 'false' in the variable 'signInValidated'
2023-01-27 15:40:31.861 [DEBUG] [thread-id 1] - Email entered
2023-01-27 15:40:31.863 [WARN] [thread-id 1] - variable validateSignInPage was used, but r2 could not find a value for this variable. returning default of null
2023-01-27 15:40:31.866 [DEBUG] [thread-id 1] - loop: from 1 to 3
2023-01-27 15:40:31.882 [DEBUG] [thread-id 1] - sleep:  2000 milliseconds
2023-01-27 15:40:34.003 [DEBUG] [thread-id 1] - conditionally execute a flow. condition: true
2023-01-27 15:40:34.056 [DEBUG] [thread-id 1] - Enter text: 'Testing@123'
2023-01-27 15:40:37.336 [DEBUG] [thread-id 1] - Press go back key: 'true'
2023-01-27 15:40:38.073 [DEBUG] [thread-id 1] - sleep:  1000 milliseconds
2023-01-27 15:40:39.167 [DEBUG] [thread-id 1] - Click element: '//android.widget.Button[@text="Sign in"] | //android.widget.Button[contains(@text,"Sign in")]'
2023-01-27 15:40:39.959 [DEBUG] [thread-id 1] - sleep:  5000 milliseconds
2023-01-27 15:40:46.921 [DEBUG] [thread-id 1] - conditionally execute a flow. condition: true
2023-01-27 15:40:46.974 [DEBUG] [thread-id 1] - Store in: store the value 'true' in the variable 'signInValidated'
2023-01-27 15:40:47.021 [DEBUG] [thread-id 1] - conditionally execute a flow. condition: true
2023-01-27 15:40:47.066 [DEBUG] [thread-id 1] - Account signed in
2023-01-27 15:40:47.069 [DEBUG] [thread-id 1] - Executing function: 'us.functions.utils.handleCartMergePopup'
2023-01-27 15:40:47.070 [DEBUG] [thread-id 1] - sleep:  7000 milliseconds
2023-01-27 15:40:54.082 [DEBUG] [thread-id 1] - loop: from 0 to 4
2023-01-27 15:40:54.889 [DEBUG] [thread-id 1] - 0
2023-01-27 15:41:04.981 [DEBUG] [thread-id 1] - conditionally execute a flow. condition: false
2023-01-27 15:41:05.032 [DEBUG] [thread-id 1] - No cart merge popup observed
2023-01-27 15:41:05.076 [DEBUG] [thread-id 1] - Executing function: 'us.functions.global.navigation.accountToHome'
2023-01-27 15:41:05.086 [DEBUG] [thread-id 1] - conditionally execute a flow. condition: true
2023-01-27 15:41:05.125 [DEBUG] [thread-id 1] - Scroll: up
2023-01-27 15:41:05.821 [DEBUG] [thread-id 1] - Verify identifier: {com.walmart.android.debug:id/purchase_history_header=[true]}
2023-01-27 15:41:05.859 [DEBUG] [thread-id 1] - Click element: 'com.walmart.android.debug:id/navigation_shop'
2023-01-27 15:41:06.519 [DEBUG] [thread-id 1] - Executing function: 'us.functions.home.closeWPlusPromotionPopUpIfDisplayed'
2023-01-27 15:41:06.520 [DEBUG] [thread-id 1] - sleep:  5000 milliseconds
2023-01-27 15:41:21.534 [DEBUG] [thread-id 1] - Executing function: 'us.functions.home.rateDriverPopup'
2023-01-27 15:41:21.536 [DEBUG] [thread-id 1] - sleep:  15000 milliseconds
2023-01-27 15:41:36.564 [DEBUG] [thread-id 1] - loop: from 1 to 6
2023-01-27 15:41:36.678 [DEBUG] [thread-id 1] - 1
2023-01-27 15:41:46.758 [DEBUG] [thread-id 1] - conditionally execute a flow. condition: false
2023-01-27 15:41:46.809 [DEBUG] [thread-id 1] - Executing function: 'us.functions.home.setStore'
2023-01-27 15:41:46.828 [DEBUG] [thread-id 1] - conditionally execute a flow. condition: false
2023-01-27 15:41:46.870 [DEBUG] [thread-id 1] - Executing function: 'us.functions.utils.astro.createOrder'
2023-01-27 15:41:46.871 [DEBUG] [thread-id 1] - Create order
2023-01-27 15:41:46.872 [DEBUG] [thread-id 1] - loop: from 0 to 5
2023-01-27 15:41:46.904 [DEBUG] [thread-id 1] - Store in: store the value 'null' in the variable 'errorCode'
2023-01-27 15:41:46.955 [DEBUG] [thread-id 1] - Store in: store the value 'null' in the variable 'orderCreationStatus'
2023-01-27 15:41:47.001 [DEBUG] [thread-id 1] - Call API: 'http://astro.walmart.com/api/v2/teflon/order'
2023-01-27 15:42:01.520 [DEBUG] [thread-id 1] - Response code is: '200'. Response body is: '{"astroStatus":"SUCCESS","astroDescription":"FC_DELIVERY ORDER CREATED","astroDetails":{"orderSummary":{"customerId":"70c68aba-a7ca-49ca-9daf-3eec75e8f609","cartId":"89d02c0b-4b21-4b23-9f66-b08d8f207869","orderInfo":{"orderId":"100000095913225","status":"SEND_TO_OMS","orderVersion":0,"amendReservationCount":0,"amendPaymentCount":0,"mobileNumber":"5103295632"},"buyerInfo":{"customerAccountId":"70c68aba-a7ca-49ca-9daf-3eec75e8f609","email":"walp@gmail.com"}},"orderDetails":{"dbSessionTokenMap":{"CXO_PC_ST":"b26db74a-acab-47a8-bccb-2afcb7889987|{\"mtoken\":\"0:10#124513136#2=132070885#5=137930779\",\"itoken\":{\"orderId\":\"0:12#23509320#2=24796761#5=26164054\"}}"},"contractType":"PET_RX","id":"b26db74a-acab-47a8-bccb-2afcb7889987","checkoutFlowType":"Regular","cartId":"89d02c0b-4b21-4b23-9f66-b08d8f207869","items":[{"id":"89bae9f3-45ea-45e0-97dd-f4b3430e1dee","offerId":"8E06F342352D4D1DAF73033EC907C649","productId":"5H5TMRC13X50","productName":"BETACILLIN 62.5MG","productType":"Prescription Medicines","usItemId":1051886288,"seller":{"name":"Walmart.com","type":"INTERNAL","id":"455A2F43226F41319399794332C71B7F"},"thumbnailUrl":"https://i5-qa.walmartimages.com/asr/3f5b53e7-bffa-45e5-829b-c6718a2dac07.ead12ded8f3c526349ce655e354ab413.jpeg","variants":[{"name":"Medicine Strength","value":"62.5MG","rank":0}],"productClassType":"VARIANT","quantity":4,"unitPrice":1,"linePrice":4,"pricePerUnit":1,"pricePerUnitUoM":"EA","type":"REGULAR","unitOfMeasure":"EA","salesUnit":"Each","charPrimaryCategoryPath":"Home Page/Pharmacy/Prescription Medication","primaryCategoryPath":"0:5431:7711239","isAlcohol":false,"isAgeRestricted":false,"isSubstitutionEligible":false,"isSubstitutionSelected":true,"isSnapEligible":false,"maxItemCountPerOrder":1000,"minItemCountPerOrder":1,"allowEditQuantity":false,"availableQuantity":9997780,"weightIncrement":1,"fulfillmentDetails":{"fulfillmentId":"2c60dfc0-a030-4dd7-917e-92e2d3ca563b","slaTier":"THREE_TO_FIVE_DAY","fulfillmentType":"DELIVERY","nodeType":"STORE","fulfillmentMode":"UNSCHEDULED","accessMode":"NATIONAL_CARRIER"},"sourcingDetails":{"currentSelection":"SHIPPING","requestedSelection":"SHIPPING"},"isAssociateDiscountEligible":false,"promotions":[],"lineItemNumber":"1","isEventActive":false,"isPetRxItem":true,"petRxItemInfo":{"petId":"3ea9cfe8-fbb9-4a46-82cc-c8ac6d9bc533","prescriberClinicId":"1923842-3185025","clinicName":"STORY ROAD ANIMAL HOSPITAL","prescriberName":"WEINER, RONALD S","isAnchorPetRxItem":true},"customAttributes":[]}],"shipping":{"postalCode":"75006","addressLineOne":"1420 Northridge Dr","city":"Carrollton","state":"TX","countryCode":"USA","latitude":32.982686,"longitude":-96.902592,"isPoBox":false,"isApoFpo":false,"firstName":"S","lastName":"S","phone":"5103295632","preferenceId":"5b2eb9ce-b472-410e-ad6e-a10b49b36759","deliveryOption":"LEAVE_AT_DOOR","deliveryInstructionsDetails":[]},"buyer":{"customerAccountId":"70c68aba-a7ca-49ca-9daf-3eec75e8f609","firstName":"W","lastName":"A","email":"walp@gmail.com","emailType":"registered","phone":"5555555555","isGuest":false,"isAssociate":false,"hasAssociateDiscountInfo":false,"isAssociateDiscountApplied":false,"hasCapOneCard":false},"summary":{"subTotal":4,"taxTotal":0,"taxIsEstimate":false,"grandTotal":10.99,"quantityTotal":4,"shippingCosts":[],"fees":[{"type":"MIN_THRESHOLD_FEE","amount":6.99}],"weightHoldTotal":0,"authHoldTotal":11.79,"additionalAuthHoldTotal":[{"name":"PETRX","amount":{"currencyAmount":0.8,"currencyUnit":"USD"}}],"minimumThreshold":35,"promotions":[],"amountUnallocated":0,"isGrandTotalChanged":false,"discounts":[]},"allowedPaymentTypes":[{"type":"CREDITCARD"},{"type":"EBTCASH"},{"type":"GIFTCARD"},{"type":"PAYPAL"},{"type":"WMT_REWARDS"},{"type":"SOLUTRAN"},{"type":"DEBITCARD"},{"type":"WMTPC"}],"payments":[{"paymentId":"ff98c918-89b6-42f2-9ca9-d058b2edb587","paymentType":"CREDITCARD","cardType":"MASTERCARD","amountPaid":11.79,"lastFour":"1765","expires":"202512","firstName":"W","lastName":"A","fullName":"W A","phone":"5555555555","email":"walp@gmail.com","billToAddressLineOne":"1420 Northridge Dr","billToCity":"Carrollton","billToState":"TX","billToPostalCode":"75006","preferenceId":"a5bef3ae-95ca-4db2-ad51-c14b0742a769","initiateCardinal":{},"paymentHandle":"676872fb-9987-491d-819f-8a4399452e41","cvvRequired":false,"cardAccountLinked":false,"entityErrors":[]}],"order":{"orderId":"100000095913225","status":"SEND_TO_OMS","orderVersion":0,"amendReservationCount":0,"amendPaymentCount":0,"mobileNumber":"5103295632"},"fulfillmentGroups":[],"terms":{"alcoholAccepted":false,"bagFeeAccepted":false,"smsOptInAccepted":true},"entityErrors":[],"itemCount":4,"donationDetails":{"charityEIN":"131635294","charityName":"United Way","donation":{"currencyAmount":0.01,"currencyUnit":"USD"},"acceptDonation":false},"tenderPlanId":"d5defa8c-0000-4389-a402-100022789fd0","allocationSummary":{"defaultAllocation":true,"eligibleForSmartAllocation":true,"allPayments":{"CREDITCARD":1},"selectablePayments":{"CREDITCARD":1},"expiredPayments":{}},"promotions":[],"fulfillmentPlans":[{"isDefault":true,"fulfillmentModules":[{"name":"UNSCHEDULED_DELIVERY","fulfillmentGroups":[{"sellerId":"455A2F43226F41319399794332C71B7F","fulfillmentOptions":[{"fulfillmentType":"DELIVERY","accessType":"DELIVERY_ADDRESS","accessMode":"NATIONAL_CARRIER","isSelected":true,"isUnscheduled":true,"dateStartRange":1675209540000,"dateEndRange":1675209540000,"itemGroups":[{"itemIds":["89bae9f3-45ea-45e0-97dd-f4b3430e1dee"],"dateTime":1675209540000,"accessMode":"NATIONAL_CARRIER","itemDetails":[]}],"strategy":"SLA_TIER_BASED_PROMISE"}],"fulfillmentSellerType":"WALMART"}],"checkoutableErrors":[]}]}],"accessPoints":[],"reservations":[],"pickupStore":{"city":"San Jose","stateOrProvinceCode":"CA","countryCode":"USA","postalCode":"95122","storeId":"32144","services":[]},"deliveryStore":{"city":"San Jose","stateOrProvinceCode":"CA","countryCode":"USA","postalCode":"95122","storeId":"32144","services":[]},"allowSubstitutionForOrder":true,"accountPetAndVetStatus":"multiplePetsAndVets","customAttributes":{"OMS_KAFKA_CLUSTER_NAME":"us-southnew"},"isOrderEligibleToEditQty":true},"astro_logs":[{"CART":{"success":"CART SUCCESS"}},{"CHECKOUT":{"success":"CHECKOUT SUCCESS"}}]}}'
2023-01-27 15:42:01.683 [DEBUG] [thread-id 1] - conditionally execute a flow. condition: true
2023-01-27 15:42:01.757 [DEBUG] [thread-id 1] - Order successfully created.
2023-01-27 15:42:01.822 [DEBUG] [thread-id 1] - conditionally execute a flow. condition: true
2023-01-27 15:42:01.859 [DEBUG] [thread-id 1] - 100000095913225
2023-01-27 15:42:01.864 [DEBUG] [thread-id 1] - Execute Node: 'us/test/helpers/orderValidation.js'
2023-01-27 15:42:02.217 [DEBUG] [thread-id 1] - conditionally execute a flow. condition: true
2023-01-27 15:42:02.294 [DEBUG] [thread-id 1] - Created order validated for fulfillment type correctness
2023-01-27 15:42:02.295 [DEBUG] [thread-id 1] - sleep:  100000 milliseconds
2023-01-27 15:43:42.312 [DEBUG] [thread-id 1] - R2_SUBFLOW_POST_TRANSACTION
2023-01-27 15:43:42.336 [DEBUG] [thread-id 1] - Executing function: 'us.functions.utils.astro.getOrderStatus'
2023-01-27 15:43:42.358 [DEBUG] [thread-id 1] - loop: from 0 to 4
2023-01-27 15:43:42.548 [DEBUG] [thread-id 1] - Get order status for 100000095913225
2023-01-27 15:43:42.611 [DEBUG] [thread-id 1] - Call API: 'http://astro.walmart.com/api/v2/teflon/order/100000095913225'
2023-01-27 15:43:43.113 [DEBUG] [thread-id 1] - Response code is: '200'. Response body is: '{"astroStatus":"SUCCESS","astroDescription":"ORDER_FOUND","astroDetails":{"customerOrderNumber":"100000095913225","version":2,"tenantId":"0","martId":"0","fulfillmentLocationId":"NO_STOREID_FOUND","spokeStoreId":"NO_SPOKE_STOREID_INFO","isExpress":false,"tipInfo":"NO_TIP_INFO","donationsInfo":"NO_DONATION_INFO","orderInformation":[{"nodeType":"STORE","fulfillmentType":"DELIVERY","lineIds":[1],"sellerType_astro":"INTERNAL","lineIdsInfo":{"1":{"seller":{"catalogSellerId":0,"partnerDisplayName":"Walmart.com","legacySellerId":"0","seller":"455A2F43226F41319399794332C71B7F","sellerType":"INTERNAL"},"fulfillmentPath":{"nodeType":"STORE","accessType":"DELIVERY_ADDRESS","accessMode":"NATIONAL_CARRIER","fulfillmentType":"DELIVERY"},"primeLineNo":1,"status":"CANCELLED","statusDescription":"Cancelled","statusCode":"9000","storeFrontId":{"timezone":"America/Chicago","preferred":false,"semStore":false,"onlineStoreFront":false},"USItemId":1051886288,"subsChoices":[],"isPreOrder":false,"maxPromisedDate":"2023-01-31T23:59:00Z","orderedLineDates":[{"actualDate":"1900-01-01T00:00:00.000+0000","dateTypeId":"CANCEL","requestedDate":"1900-01-01T00:00:00.000+0000","expectedDate":"2023-02-01T23:59:59.000+0000","minExpectedDate":"1900-01-01T00:00:00.000+0000","maxExpectedDate":"2023-02-01T23:59:59.000+0000","promisedDate":"2023-01-31T23:59:00.000+0000","minPromisedDate":"2023-01-31T23:59:00.000+0000","maxPromisedDate":"2023-01-31T23:59:00.000+0000"},{"actualDate":"1900-01-01T00:00:00.000+0000","dateTypeId":"DELIVERY","requestedDate":"2023-01-31T23:59:00.000+0000","expectedDate":"2023-01-31T23:59:00.000+0000","minExpectedDate":"2023-01-31T23:59:00.000+0000","maxExpectedDate":"2023-01-31T23:59:00.000+0000","promisedDate":"2023-01-31T23:59:00.000+0000","minPromisedDate":"2023-01-31T23:59:00.000+0000","maxPromisedDate":"2023-01-31T23:59:00.000+0000"}],"productName":"BETACILLIN 62.5MG","unitPrice":{"currencyAmount":1,"currencyUnit":"USD"},"productType":"Prescription Medicines","fulfillmentType":"DELIVERY","orderedQty":{"unitOfMeasure":"EA","measurementValue":4},"shippingMethod":"NO_shippingMethod_INFO_FOUND","upc":"386136001211","referenceId":"NOT_AVAILABLE","referenceType":"NOT_AVAILABLE","orderLineCustomAttributes":{"approvedForAnimals":"Y","maxPromisedDate":"2023-01-31T23:59:00Z","clinicId":"3185025","petId":"3ea9cfe8-fbb9-4a46-82cc-c8ac6d9bc533","prescriberId":"1923842","IsHazmat":"N","checkoutGroupLine":"1","isEventActive":"false","isAEEligible":"false","isConvertedToPickup":"false","pharmacyProductId":"185074","Reshopped":"false","salesUOM":"Each","isBulkBuy":"false","accEligible":"N","sku":"00386136001211","isUnscheduled":"Y","medicineStrength":"62.5MG","IsEligibleForAssociateDiscount":"false","minPromisedDate":"2023-01-31T23:59:00Z","SuperDepartmentId":"43000","isItemEligibleForSubstitution":"true","isUnScheduled":"true","RHPath":"40000:43000:43004:43110:43300","OverrideIROPrice":"N","isCancellable":"false","offerPurchaseType":"BUY-NEW","isVariantReplacement":"false"},"isActiveItem_astro":false,"slaTier":"THREE_TO_FIVE_DAY"}},"fulfillmentType_astro":"STORE_SCHEDULED_DELIVERY","fulfillmentMethod_astro":"SINGLE_FULFILMENT","fulfillmentMethod_astro_Multi":["STORE_SCHEDULED_DELIVERY"],"fulfillmentStoreInfo_astro":{"timezone":"America/Chicago","preferred":false,"semStore":false,"onlineStoreFront":false}}],"gifInfo":"NO_GIF_INFO","gifInfo_Multi":[],"gifInfo_spoke":[],"nilPicked_ReShopEligibleLines":[],"nilPicked_CancelledDueToAltLines":[],"nilPicked_ReShopEligibleLinesInfo":[],"nilPicked_CancelledDueToAltLinesInfo":[],"reshoppedLines":[],"promotions":"NO_Promotions_INFO_FOUND","paymentMethods":[{"piHash":"PIH.ccdb.MASTERCARD.CREDITCARD.30160294.1765","paymentType":"CREDITCARD","pmId":"MASTERCARD","last4DigitsOfCard":"1765","personInfoBillTo":{"address":{"addressLineOne":"1420 Northridge Dr","addressType":"RESIDENTIAL","city":"Carrollton","countryCode":"USA","postalCode":"75006","stateOrProvinceCode":"TX","isLoadingDockAvailable":false,"isApoFpo":false,"isPoBox":false},"name":{"completeName":"W A","firstName":"W","lastName":"A"},"phone":{"completeNumber":"5555555555"},"email":{"emailAddress":"walp@gmail.com"},"isGiftRegistryAddress":false},"amountpromised":{"currencyAmount":11.79,"currencyUnit":"USD"},"paymentReferenceId":"fc9864a0-7505-438b-9257-cbef68f0e159","paymentHandle":"676872fb-9987-491d-819f-8a4399452e41","instrumentExpiry":"2025-12-31T23:41:59Z","amountCollected":{"currencyAmount":0,"currencyUnit":"USD"},"amountRequested":{"currencyAmount":0,"currencyUnit":"USD"},"isInstrumentValid":true,"transactions":[{"transactionType":"AUTHORIZATION","requestedAmount":{"currencyAmount":11.79,"currencyUnit":"USD"},"processedAmount":{"currencyAmount":11.79,"currencyUnit":"USD"},"requestedOn":"1900-01-01T00:00:00.000+0000","processedOn":"1900-01-01T00:00:00.000+0000","response":"SUCCESS","responseCode":"A101","authAVSCode":"AVSXYYNXX","status":"CLOSED"}],"credentialOnFile":{"initiationIndicator":"C","typeIndicator":"C","scheduleIndicator":"U","storedCredentialIndicator":"S"},"paymentGateway":"FirstData","maxChargeLimit":11.79,"paymentReference1":"N","paymentPreferenceId":"a5bef3ae-95ca-4db2-ad51-c14b0742a769","approvalCode":"966554"}],"orderHoldsInfo":[{"holdTypeId":"FRAUD_CHECK_PROCESS","holdTypeName":"FRAUD_CHECK_PROCESS","holdStatus":"RELEASED","holdStatusDate":"2023-01-27T23:42:32.000+0000","holdCreatedDate":"2023-01-27T23:42:02.000+0000","holdReasonCode":"ACCEPT"}],"orderPaymentInfo":{"paymentType":"CREDITCARD","paymentMode":"MASTERCARD"},"orderTotalInfo":{"currencyAmount":0,"currencyUnit":"USD"},"buyerInfo":{"id":"70c68aba-a7ca-49ca-9daf-3eec75e8f609","isGuest":false,"associateInfo":{"shouldApplyAssociateDiscount":false},"primaryContact":{"name":{"firstName":"W","lastName":"A"},"phone":{"completeNumber":"5555555555"},"email":{"emailAddress":"walp@gmail.com"}},"customerType":"INDIVIDUAL"},"astro_info_automation":{"orderStatusInfo":{"STORE_SCHEDULED_DELIVERY":{"status":null,"statusCode":null,"statusDescription":null,"isDelayed":null,"delayedReason":null,"maxPromisedDate":null}},"orderLinesStatusInfo":{"STORE_SCHEDULED_DELIVERY":[{"lineId":1,"itemId":1051886288,"statusCode":"9000","status":"CANCELLED","statusDescription":"Cancelled","referenceId":"NOT_AVAILABLE","maxPromisedDate":"2023-01-31T23:59:00Z","referenceType":"NOT_AVAILABLE","isActiveItem_astro":false}]},"reShoppedOrderLinesStatusInfo":{}},"orderDeliveryReservationDetails":"NO_DeliveryReservationDetails_FOUND","purchaseOrders":"NO_PURCHASE_ORDERS","mpAndWfs_astro_automation":{"mpAndWfsStatusInfo":{"STORE_SCHEDULED_DELIVERY_SFS":{"status":null,"statusCode":null,"statusDescription":null,"maxPromisedDate":null}},"mpAndWfsLinesStatusInfo":{"STORE_SCHEDULED_DELIVERY_SFS":[{"lineId":1,"itemId":1051886288,"statusCode":"9000","status":"CANCELLED","statusDescription":"Cancelled","referenceId":"NOT_AVAILABLE","maxPromisedDate":"2023-01-31T23:59:00Z","referenceType":"NOT_AVAILABLE","isActiveItem_astro":false}]}},"orderNotes":[],"groupInfo":[{"id":"STORE_SHARED","isCancelled":true,"lineIds":["1"],"fulfillmentPath":{"nodeType":"STORE","accessType":"DELIVERY_ADDRESS","accessMode":"NATIONAL_CARRIER","fulfillmentType":"DELIVERY"}}],"osResponse":{"status":"OK","header":{"headerAttributes":{"pageCount":1,"totalCount":1}},"payload":[{"version":2,"buyerInfo":{"id":"70c68aba-a7ca-49ca-9daf-3eec75e8f609","isGuest":false,"associateInfo":{"shouldApplyAssociateDiscount":false},"primaryContact":{"name":{"firstName":"W","lastName":"A"},"phone":{"completeNumber":"5555555555"},"email":{"emailAddress":"walp@gmail.com"}},"customerType":"INDIVIDUAL"},"groupOrderNo":"100000095913225","action":"CREATE","orderNo":"100000095913225","orderType":"DOMESTIC","lastModified":"2023-01-27T23:42:20.000+0000","originSystemId":"VekE0nCOeidm3pOPYS4pUs","originSystemOrderId":"0","orderSource":"PG_OMS","paymentStatus":"AUTHORIZED","paymentRuleId":"PLUTUS","orderOrigin":"1","orderTaxId":"cb3f929d-e70d-40dc-b62d-c14f74c2255c","tenantId":"0","martId":"0","verticalId":"0","orderDate":"2023-01-27T23:42:01.000+0000","orderLines":[{"seller":{"catalogSellerId":0,"partnerDisplayName":"Walmart.com","legacySellerId":"0","seller":"455A2F43226F41319399794332C71B7F","sellerType":"INTERNAL"},"primeLineNo":1,"orderedQty":{"unitOfMeasure":"EA","measurementValue":4},"fulfillmentType":"DELIVERY","fulfillmentPath":{"nodeType":"STORE","accessType":"DELIVERY_ADDRESS","accessMode":"NATIONAL_CARRIER","fulfillmentType":"DELIVERY"},"fulfillmentPrerequisites":["MUST_SHIP_ALONE","MIN_BOX_PROTECTION_REQUIRED"],"giftMessage":{},"orderProduct":{"offerId":{"offerId":"8E06F342352D4D1DAF73033EC907C649","upc":"386136001211","wupc":"0038613600121","gtin":"00386136001211","USItemId":1051886288,"USSellerId":0,"legacyItemId":"1051886288","legacySellerId":"0"},"productName":"BETACILLIN 62.5MG","offerAttributes":{"isMailReturnable":true,"isPerishable":false,"isWarranty":false,"winNo":"599932131","wmDeptNo":"38","isAlcohol":false,"snapEligible":false,"shippingEligibility":"THREE_TO_FIVE_DAY","mustShipAlone":false},"offerLogistics":{"productMeasurements":{"productDimensions":{},"weight":{"unitOfMeasure":"LB","measurementValue":0}},"itemImageURL":"https://i5-qa.walmartimages.com/asr/3f5b53e7-bffa-45e5-829b-c6718a2dac07.ead12ded8f3c526349ce655e354ab413.jpeg"},"productId":{"productId":"5H5TMRC13X50"}},"unitPrice":{"currencyAmount":1,"currencyUnit":"USD"},"shipToAddress":{"address":{"addressLineOne":"1420 Northridge Dr","addressType":"RESIDENTIAL","city":"Carrollton","countryCode":"USA","postalCode":"75006","stateOrProvinceName":"TX","stateOrProvinceCode":"TX","isLoadingDockAvailable":false,"isApoFpo":false,"isPoBox":false,"geoPoint":{"longitude":-96.902592,"latitude":32.982686}},"storeFrontId":{"timezone":"America/Chicago","preferred":false,"semStore":false,"onlineStoreFront":false},"name":{"completeName":"S S","firstName":"S","lastName":"S"},"phone":{"completeNumber":"5103295632"},"smsMobileNo":{"completeNumber":"5103295632"},"email":{"emailAddress":"walp@gmail.com"},"isGiftRegistryAddress":false},"orderedLineDates":[{"actualDate":"1900-01-01T00:00:00.000+0000","dateTypeId":"CANCEL","requestedDate":"1900-01-01T00:00:00.000+0000","expectedDate":"2023-02-01T23:59:59.000+0000","minExpectedDate":"1900-01-01T00:00:00.000+0000","maxExpectedDate":"2023-02-01T23:59:59.000+0000","promisedDate":"2023-01-31T23:59:00.000+0000","minPromisedDate":"2023-01-31T23:59:00.000+0000","maxPromisedDate":"2023-01-31T23:59:00.000+0000"},{"actualDate":"1900-01-01T00:00:00.000+0000","dateTypeId":"DELIVERY","requestedDate":"2023-01-31T23:59:00.000+0000","expectedDate":"2023-01-31T23:59:00.000+0000","minExpectedDate":"2023-01-31T23:59:00.000+0000","maxExpectedDate":"2023-01-31T23:59:00.000+0000","promisedDate":"2023-01-31T23:59:00.000+0000","minPromisedDate":"2023-01-31T23:59:00.000+0000","maxPromisedDate":"2023-01-31T23:59:00.000+0000"}],"charges":[{"chargeCategory":"PRODUCT","chargeName":"ItemPrice","chargeQuantity":{"unitOfMeasure":"EA","measurementValue":0},"chargePerUnit":{"currencyAmount":1,"currencyUnit":"USD"},"isDiscount":false,"isBillable":true,"excessCharge":{"currencyAmount":0,"currencyUnit":"USD"}},{"chargeCategory":"ADDITIONAL_HOLD_AMT","chargeName":"PETRX","chargeQuantity":{"unitOfMeasure":"EA","measurementValue":0},"chargePerUnit":{"currencyAmount":0.2,"currencyUnit":"USD"},"isDiscount":false,"isBillable":true,"excessCharge":{"currencyAmount":0,"currencyUnit":"USD"},"transactionDate":"2023-01-27T23:42:02.000+0000","unitTransactionId":"c00dd05b-9843-404d-ac61-689d09db9905"},{"chargeCategory":"SHIPPING","chargeName":"Shipping","chargeQuantity":{"unitOfMeasure":"EA","measurementValue":0},"chargePerUnit":{"currencyAmount":1.74,"currencyUnit":"USD"},"isDiscount":false,"isBillable":true,"wtxCode":"WTX.2038345.1","excessCharge":{"currencyAmount":0,"currencyUnit":"USD"},"transactionDate":"2023-01-27T23:42:02.000+0000","unitTransactionId":"1ffe4140-0c5a-4ef1-81d5-325a62c339e0"}],"orderLineQuantityInfo":[{"status":"CANCELLED","statusCode":"9000","statusDescription":"Cancelled","statusChangeDate":"2023-01-27T23:42:20.000+0000","statusQuantity":{"unitOfMeasure":"EA","measurementValue":4},"genericStatus":"cancelled","percentageFulfillmentComplete":"100","eligibleCancelAction":"UNAVAILABLE"}],"lineQuantitySummaries":[{"type":"Ordered","quantity":{"unitOfMeasure":"EA","measurementValue":4}},{"type":"Shipped","quantity":{"unitOfMeasure":"EA","measurementValue":0}},{"type":"IntentToCancel","quantity":{"unitOfMeasure":"EA","measurementValue":0}}],"holds":[{"holdTypeId":"PETRX","holdTypeName":"PETRX","holdStatus":"RELEASED","holdStatusDate":"2023-01-27T23:42:20.000+0000","holdCreatedDate":"2023-01-27T23:42:02.000+0000"}],"returnInfo":{"openRMAQuantity":{"unitOfMeasure":"EA","measurementValue":0},"returnableQty":{"unitOfMeasure":"EA","measurementValue":0},"receivedQuantity":{"unitOfMeasure":"EA","measurementValue":0}},"isPreOrder":false,"orderLineCustomAttributes":{"approvedForAnimals":"Y","maxPromisedDate":"2023-01-31T23:59:00Z","clinicId":"3185025","petId":"3ea9cfe8-fbb9-4a46-82cc-c8ac6d9bc533","prescriberId":"1923842","IsHazmat":"N","checkoutGroupLine":"1","isEventActive":"false","isAEEligible":"false","isConvertedToPickup":"false","pharmacyProductId":"185074","Reshopped":"false","salesUOM":"Each","isBulkBuy":"false","accEligible":"N","sku":"00386136001211","isUnscheduled":"Y","medicineStrength":"62.5MG","IsEligibleForAssociateDiscount":"false","minPromisedDate":"2023-01-31T23:59:00Z","SuperDepartmentId":"43000","isItemEligibleForSubstitution":"true","isUnScheduled":"true","RHPath":"40000:43000:43004:43110:43300","OverrideIROPrice":"N","isCancellable":"false","offerPurchaseType":"BUY-NEW","isVariantReplacement":"false"},"isAgeVerificationRequired":false,"instructions":[{"instructionType":"DELIVERY","instructionSubType":"LEAVE_AT_DOOR"}],"extrinsicList":[{"name":"itemClass","value":"1"},{"name":"sodEnabled","value":"N"},{"name":"SOD","value":"N"},{"name":"customerTimezoneMidnightEDD","value":"1675231199999"},{"name":"customerTimezone","value":"America/Chicago"}],"sourceLineNo":"1","isAnchor":false,"customerPreferences":{"isSubstitutable":true,"preferredItemQty":{"unitOfMeasure":"EA","measurementValue":0}},"additionalPriceInfo":{"unitPrice":{"currencyAmount":1,"pricingUOM":"EA"},"discountedUnitPrice":{"currencyAmount":1,"currencyUnit":"USD"},"sellingPrice":{"currencyAmount":0,"currencyUnit":"USD"},"discountedLinePrice":{"currencyAmount":1.94,"currencyUnit":"USD"}},"downPayment":{"currencyAmount":0,"currencyUnit":"USD"},"costOfGoods":{"currencyAmount":0,"currencyUnit":"USD"},"lineId":"1","groupId":"STORE_SHARED","installmentDetails":{"installmentDuration":{"numberOfInstallments":0}},"transactionSummary":[{"transactionType":"IntentToCancel","transactionDetails":{"td_initatedTimeStamp":"20230127T23:42:20","td_intentToCancelQty":"4","td_pendingIntentToCancelQty":"0","td_initiatedBy":"UNRECOGNIZED","requestId":"b5909468-abe7-4e3a-b70c-a7f52e4f69f8","reasonCode":"170"}}],"slaTier":"THREE_TO_FIVE_DAY","wireless":{"autoRefill":false},"fixedDispenseIndicator":"N","productNetContentQuantity":"1","productNetContentUom":"Each","unitPricePerPackContent":{"currencyAmount":1,"currencyUnit":"USD"},"snoozeInfo":{"snoozeId":"1","snoozeExpiration":"2023-01-27T23:42:01.000+0000"},"variantCriteria":{"isOgDisplay":false,"variants":[{"value":"62.5MG","valueRank":0,"displayName":"Medicine Strength"}]},"productPtFamily":"Health","productType":"Prescription Medicines","rootItemCategory":"Health & Beauty","extnWtxCode":"WTX.3001242.1","displayUnitPrice":{"currencyAmount":1,"currencyUnit":"USD"},"isAverageWeightPackedItem":false,"isTaxExempt":false}],"paymentMethods":[{"piHash":"PIH.ccdb.MASTERCARD.CREDITCARD.30160294.1765","paymentType":"CREDITCARD","pmId":"MASTERCARD","last4DigitsOfCard":"1765","personInfoBillTo":{"address":{"addressLineOne":"1420 Northridge Dr","addressType":"RESIDENTIAL","city":"Carrollton","countryCode":"USA","postalCode":"75006","stateOrProvinceCode":"TX","isLoadingDockAvailable":false,"isApoFpo":false,"isPoBox":false},"name":{"completeName":"W A","firstName":"W","lastName":"A"},"phone":{"completeNumber":"5555555555"},"email":{"emailAddress":"walp@gmail.com"},"isGiftRegistryAddress":false},"amountpromised":{"currencyAmount":11.79,"currencyUnit":"USD"},"paymentReferenceId":"fc9864a0-7505-438b-9257-cbef68f0e159","paymentHandle":"676872fb-9987-491d-819f-8a4399452e41","instrumentExpiry":"2025-12-31T23:41:59Z","amountCollected":{"currencyAmount":0,"currencyUnit":"USD"},"amountRequested":{"currencyAmount":0,"currencyUnit":"USD"},"isInstrumentValid":true,"transactions":[{"transactionType":"AUTHORIZATION","requestedAmount":{"currencyAmount":11.79,"currencyUnit":"USD"},"processedAmount":{"currencyAmount":11.79,"currencyUnit":"USD"},"requestedOn":"1900-01-01T00:00:00.000+0000","processedOn":"1900-01-01T00:00:00.000+0000","response":"SUCCESS","responseCode":"A101","authAVSCode":"AVSXYYNXX","status":"CLOSED"}],"credentialOnFile":{"initiationIndicator":"C","typeIndicator":"C","scheduleIndicator":"U","storedCredentialIndicator":"S"},"paymentGateway":"FirstData","maxChargeLimit":11.79,"paymentReference1":"N","paymentPreferenceId":"a5bef3ae-95ca-4db2-ad51-c14b0742a769","approvalCode":"966554"}],"orderNote":[{"contactTime":"2023-01-27T23:42:26.000+0000","noteText":"cancellation-confirmation email is sent. UUID : d2b08c17af33cef0f46c9a5e95f85801d556054b","noteType":"SYS_COMM_TRG"},{"contactTime":"2023-01-27T23:42:05.000+0000","noteText":"order-confirmation email is sent. UUID : 3edf1701ca56a9eca883bfb54ad22b616e0bca4b","noteType":"SYS_COMM_TRG"},{"contactTime":"2023-01-27T23:42:09.000+0000","noteText":"ACCEPT|SCORE:0|ACCEPT","reasonCode":"OTHER","reasonDescription":"ACCEPT","noteType":"SYS_FRAUD_CHK"}],"holds":[{"holdTypeId":"FRAUD_CHECK_PROCESS","holdTypeName":"FRAUD_CHECK_PROCESS","holdStatus":"RELEASED","holdStatusDate":"2023-01-27T23:42:32.000+0000","holdCreatedDate":"2023-01-27T23:42:02.000+0000","holdReasonCode":"ACCEPT"}],"orderLineRelationships":{},"orderPreferences":{"isSendSMSNotification":true},"orderCustomAttributes":{"fulfillmentFlow":"FMS_SOURCED","expoExperimentId":"C5Q12|RxGW-|eTbcU|ftg4c|okfxt|uB4qJ|wDxol|xA91K|DqMF2","isSubstitutionsAllowedForOrder":"true","businessUnitId":"0","AffiliateTimeStamp":"2400-01-01 00:00:00.0","contactlessDelivery":"false","shipPriceBelowThreshold":"6.99","multiQtyEnabled":"true","OMSProgId":"OMSNEXT","TcNo":"07790386666749349338681","PWStatus":"U","thresholdOrderTotal":"35.00","prepurchaseHandle":"3fc1ca03-763c-4537-bb5c-58a66fd5fc5d","amendPaymentCount":"0","IsFraudCheckRqd":"false","chargeforsubs":"true","martId":"0"},"originInfo":{"deviceType":"Browser","userAgent":"Walmart/18110920 CFNetwork/897.15 Darwin/17.5.0","deviceLanguage":"en-US","deviceOS":"ios","deviceTz":"PST","ipv4address":"67.143.161.4","ipv6address":"67.143.161.4","realipv6address":"67.143.161.4","deviceID":"VekE0nCOeidm3pOPYS4pUs","segment":"oaoh"},"isConnectEligible":false,"orderSummary":{"totalAmount":{"currencyAmount":0,"currencyUnit":"USD"}},"createts":"2023-01-27T23:42:02.000+0000","orderInfo":{"isTestMode":false},"contractId":"b26db74a-acab-47a8-bccb-2afcb7889987","returnDetails":{"returnEligibilityInfo":{"lastModified":"2023-01-27T23:43:25.000+0000","orderNo":"100000095913225","originSystemOrderId":"0","orderOrigin":"1","orderLines":[{"lineNo":1,"salesOrderUnitId":"1","salesOrderLineId":1,"unitIdentifierType":"LINE_NO","eligibilityList":[{"channel":"CCA","returnEligibility":{"allowed":false,"reason":{"description":"Return not allowed for this item.","exceptionCode":"66"}},"replacementEligibility":{"allowed":false,"reason":{"description":"Replacement not allowed for this item.","exceptionCode":"66"}},"stageReturnEligibility":{"allowed":false}},{"channel":"MYACCOUNT","returnEligibility":{"allowed":false,"reason":{"description":"Return and Replacement not allowed for this item.","exceptionCode":"66"}},"replacementEligibility":{"allowed":false,"reason":{"description":"Return and Replacement not allowed for this item.","exceptionCode":"66"}},"stageReturnEligibility":{"allowed":false}},{"channel":"STORE","returnEligibility":{"allowed":false,"reason":{"description":"Return and Replacement not allowed for this item.","exceptionCode":"66"}},"replacementEligibility":{"allowed":false,"reason":{"description":"Return and Replacement not allowed for this item.","exceptionCode":"66"}},"stageReturnEligibility":{"allowed":false}},{"channel":"STORE_MP","returnEligibility":{"allowed":false,"reason":{"description":"Return and Replacement not allowed for this item.","exceptionCode":"66"}},"replacementEligibility":{"allowed":false,"reason":{"description":"Return and Replacement not allowed for this item.","exceptionCode":"66"}},"stageReturnEligibility":{"allowed":false}},{"channel":"Chatbot_Returns","returnEligibility":{"allowed":false,"reason":{"description":"Return and Replacement not allowed for this item.","exceptionCode":"66"}},"replacementEligibility":{"allowed":false,"reason":{"description":"Return and Replacement not allowed for this item.","exceptionCode":"66"}},"stageReturnEligibility":{"allowed":false}},{"channel":"IVR_Returns","returnEligibility":{"allowed":false,"reason":{"description":"Return and Replacement not allowed for this item.","exceptionCode":"66"}},"replacementEligibility":{"allowed":false,"reason":{"description":"Return and Replacement not allowed for this item.","exceptionCode":"66"}},"stageReturnEligibility":{"allowed":false}},{"channel":"StoreSelfServe","returnEligibility":{"allowed":false,"reason":{"description":"Return and Replacement not allowed for this item.","exceptionCode":"66"}},"replacementEligibility":{"allowed":false,"reason":{"description":"Return and Replacement not allowed for this item.","exceptionCode":"66"}},"stageReturnEligibility":{"allowed":false}},{"channel":"INHOME_PICKUP","returnEligibility":{"allowed":false,"reason":{"description":"Return and Replacement not allowed for this item.","exceptionCode":"66"}},"replacementEligibility":{"allowed":false,"reason":{"description":"Return and Replacement not allowed for this item.","exceptionCode":"66"}},"stageReturnEligibility":{"allowed":false}},{"channel":"Proactive_Care","returnEligibility":{"allowed":false,"reason":{"description":"Return not allowed for this item.","exceptionCode":"66"}},"replacementEligibility":{"allowed":false,"reason":{"description":"Replacement not allowed for this item.","exceptionCode":"66"}},"stageReturnEligibility":{"allowed":false}},{"channel":"SELFSERVE","returnEligibility":{"allowed":false,"reason":{"description":"Return and Replacement not allowed for this item.","exceptionCode":"66"}},"replacementEligibility":{"allowed":false,"reason":{"description":"Return and Replacement not allowed for this item.","exceptionCode":"66"}},"stageReturnEligibility":{"allowed":false}},{"channel":"GEXPRESS","returnEligibility":{"allowed":false,"reason":{"description":"Return and Replacement not allowed for this item.","exceptionCode":"66"}},"replacementEligibility":{"allowed":false,"reason":{"description":"Return and Replacement not allowed for this item.","exceptionCode":"66"}}},{"channel":"CARRIER_RETURN","returnEligibility":{"allowed":false,"reason":{"description":"Return and Replacement not allowed for this item.","exceptionCode":"66"}},"replacementEligibility":{"allowed":false,"reason":{"description":"Return and Replacement not allowed for this item.","exceptionCode":"66"}}}],"returnInfo":{"openRMAQuantity":{"unitOfMeasure":"EA","measurementValue":0},"returnableQty":{"unitOfMeasure":"EA","measurementValue":0},"receivedQuantity":{"unitOfMeasure":"EA","measurementValue":0},"unShippedQuantity":{"unitOfMeasure":"EA","measurementValue":0},"cancelledQuantity":{"unitOfMeasure":"EA","measurementValue":4}},"customAttributes":[{"name":"isVRAllowed","value":"true"},{"name":"isHazmat","value":"false"},{"name":"isTyreItem","value":"false"},{"name":"isGiftGiverAllowed","value":"true"},{"name":"isGiftReceiverAllowed","value":"false"},{"name":"isCustomerEligibleForInHome","value":"false"}],"itemWeight":4,"isMailReturnable":true,"itemClassId":"1","superDepartmentId":"43000","mailReturnable":true}],"orderConfig":{"orderLinesConfig":[{"lineNo":1,"configs":[{"name":"isOnlineReturnAllowed","value":"true"},{"name":"isReturnable","value":"N"},{"name":"SpecialInstructions","value":"Contact your local store pharmacist. If Home Delivery is used, contact our mail facility at 1-800-273-3455"},{"name":"maxHolidayReturnWindowEndDate","value":"2022-12-31 23:59:59"},{"name":"holidayReturnWindow","value":"30"},{"name":"isCategoryInmarEnabled","value":"false"},{"name":"holidayWindowStartDate","value":"2022-09-20 00:00:01"},{"name":"isReturnableToStage","value":"true"},{"name":"holidayWindowEndDate","value":"2023-01-31 23:59:59"},{"name":"returnWindow","value":"0"},{"name":"isVariantReplacementAllowed","value":"N"},{"name":"isExceptionCaseReturn","value":"N"},{"name":"isEnabledForHolidayReturnWindow","value":"true"},{"name":"isStoreReturnAllowed","value":"false"}]}]}}},"groupInfo":[{"id":"STORE_SHARED","isCancelled":true,"lineIds":["1"],"fulfillmentPath":{"nodeType":"STORE","accessType":"DELIVERY_ADDRESS","accessMode":"NATIONAL_CARRIER","fulfillmentType":"DELIVERY"}}],"petAndVetInfo":{"petInfo":[{"petId":"3ea9cfe8-fbb9-4a46-82cc-c8ac6d9bc533"}],"clinicInfo":[{"clinicId":"3185025","clinicName":"STORY ROAD ANIMAL HOSPITAL","isVerifiedClinic":"Y","address":{"addressLineOne":"1241 STORY RD","addressLineTwo":"","city":"SAN JOSE","postalCode":"951222638","stateOrProvinceCode":"CA"}}],"prescriberInfo":[{"prescriberId":"1923842","prescriberName":"WEINER, RONALD S"}]},"storeDetails":[{"storeId":"32144","isPreferred":true}]}]}}}'
2023-01-27 15:43:43.266 [DEBUG] [thread-id 1] - conditionally execute a flow. condition: true
2023-01-27 15:43:43.332 [DEBUG] [thread-id 1] - Order 100000095913225 found
2023-01-27 15:43:43.383 [DEBUG] [thread-id 1] - Executing function: 'us.functions.global.navigation.goToDeepLink'
2023-01-27 15:43:43.385 [DEBUG] [thread-id 1] - Verify value of: '$deepLinkUrl'
2023-01-27 15:43:43.386 [DEBUG] [thread-id 1] - Open link: 'walmart://orders/100000095913225'
2023-01-27 15:43:43.641 [DEBUG] [thread-id 1] - Executing function: 'us.functions.orderDetails.verifyStoreDeliveryTip.PoOutForDeliveryStatus'
2023-01-27 15:43:43.655 [DEBUG] [thread-id 1] - Executing function: 'us.functions.utils.scrollIfNotVisible'
2023-01-27 15:43:53.669 [DEBUG] [thread-id 1] - conditionally execute a flow. condition: false
2023-01-27 15:43:53.727 [WARN] [thread-id 1] - variable scrollPosition was used, but r2 could not find a value for this variable. returning default of null
2023-01-27 15:43:53.732 [DEBUG] [thread-id 1] - conditionally execute a flow. condition: true
2023-01-27 15:43:53.747 [WARN] [thread-id 1] - variable identifierScope was used, but r2 could not find a value for this variable. returning default of null
2023-01-27 15:43:53.749 [DEBUG] [thread-id 1] - conditionally execute a flow. condition: true
2023-01-27 15:43:53.762 [DEBUG] [thread-id 1] - Scroll: down
2023-01-27 15:43:57.896 [DEBUG] [thread-id 1] - Resetting scrollPosition variable to default
2023-01-27 15:43:57.898 [DEBUG] [thread-id 1] - Store in: store the value 'null' in the variable 'scrollPosition'
2023-01-27 15:43:57.899 [DEBUG] [thread-id 1] - Store in: store the value 'null' in the variable 'identifierScope'
2023-01-27 15:44:20.152 [DEBUG] [thread-id 1] - Main failed: Is not present: '//android.widget.TextView[@resource-id="com.walmart.android.debug:id/driver_tip_label"] |  //android.widget.TextView[@resource-id="com.walmart.android.debug:id/delivery_tip_title"]', '//android.widget.TextView[(@resource-id="com.walmart.android.debug:id/driver_tip_value") or (@resource-id="com.walmart.android.debug:id/delivery_tip_value")]'
2023-01-27 15:44:20.253 [DEBUG] [thread-id 1] - Executing scenario: 'After'
2023-01-27 15:44:20.269 [DEBUG] [thread-id 1] - Executing function: 'us.functions.utils.afterSteps'
2023-01-27 15:44:20.273 [DEBUG] [thread-id 1] - Executing function: 'us.functions.utils.log.appVersionAndroid'
2023-01-27 15:44:20.281 [WARN] [thread-id 1] - variable R2_PROFILE was used, but r2 could not find a value for this variable. returning default of null
2023-01-27 15:44:20.293 [DEBUG] [thread-id 1] - conditionally execute a flow. condition: false
2023-01-27 15:44:20.351 [DEBUG] [thread-id 1] - Verify file: 'us/app-versions/android.txt'
2023-01-27 15:44:20.354 [DEBUG] [thread-id 1] - Glass Application version: 23.4
2023-01-27 15:44:25.125 [DEBUG] [thread-id 1] - Created report: /Users/m0k0a2f/glass-automation/report/index.html
