2025-04-14 16:30:52.962 [DEBUG] [thread-id 1] - Executing R2 4.0.2: '/Users/m0k0a2f/glass-automation/us/unified-e2e-tests/test-scripts/wplus/benefits/production/C2644723-flow-prod-badging-item-page.yaml' on device: 'iPhone 15'
2025-04-14 16:34:28.984 [DEBUG] [thread-id 1] - Executing scenario: 'Before'
2025-04-14 16:34:28.987 [DEBUG] [thread-id 1] - Executing function: 'us.function.utils.getEnvironmentValue'
2025-04-14 16:34:28.987 [DEBUG] [thread-id 1] - Store in: store the value 'Onboarding' in the variable 'executionStage'
2025-04-14 16:34:28.988 [DEBUG] [thread-id 1] - Store in: store the value 'production' in the variable 'env'
2025-04-14 16:34:28.989 [DEBUG] [thread-id 1] - Timestamp: 1744673668989
2025-04-14 16:34:28.990 [DEBUG] [thread-id 1] - Executing function: 'functions.utils.setPlatformInfo'
2025-04-14 16:34:28.990 [DEBUG] [thread-id 1] - Store in: store the value 'Onboarding' in the variable 'executionStage'
2025-04-14 16:34:28.993 [WARN] [thread-id 1] - variable dependencies.general.appPackage was used, but r2 could not find a value for this variable. returning default of null
2025-04-14 16:34:28.993 [DEBUG] [thread-id 1] - Store in: store the value 'null' in the variable 'appPackage'
2025-04-14 16:34:29.004 [DEBUG] [thread-id 1] - conditionally execute a flow. condition: true
2025-04-14 16:34:29.220 [DEBUG] [thread-id 1] - Store in: store the value 'iOS' in the variable 'platform'
2025-04-14 16:34:29.229 [DEBUG] [thread-id 1] - R2_SUBFLOW_PRE_TRANSACTION
2025-04-14 16:34:29.670 [DEBUG] [thread-id 1] - Using us-errors-helpers.yaml
2025-04-14 16:34:30.118 [DEBUG] [thread-id 1] - Start Main
2025-04-14 16:34:30.119 [DEBUG] [thread-id 1] - Executing function: 'unified.us.functions.global.onboarding.navigateOnboardingToHome'
2025-04-14 16:34:30.119 [DEBUG] [thread-id 1] - Store in: store the value 'onboarding' in the variable 'executionStage'
2025-04-14 16:34:30.120 [DEBUG] [thread-id 1] - Welcome screen loaded
2025-04-14 16:34:30.123 [DEBUG] [thread-id 1] - conditionally execute a flow. condition: true
2025-04-14 16:34:30.338 [DEBUG] [thread-id 1] - Verify identifier: {cta.cancel.welcome=[true]}
2025-04-14 16:34:30.557 [DEBUG] [thread-id 1] - Store in: store the value 'true' in the variable 'testStarted'
2025-04-14 16:34:30.816 [DEBUG] [thread-id 1] - Click element: 'cta.cancel.welcome'
2025-04-14 16:34:31.691 [DEBUG] [thread-id 1] - Notifiction Prompt screen loaded
2025-04-14 16:34:31.953 [DEBUG] [thread-id 1] - Verify identifier: {NotificationPermissionViewController.titleLabel=[true]}
2025-04-14 16:34:32.204 [WARN] [thread-id 1] - variable allowNotifications was used, but r2 could not find a value for this variable. returning default of null
2025-04-14 16:34:32.205 [DEBUG] [thread-id 1] - conditionally execute a flow. condition: false
2025-04-14 16:34:34.483 [DEBUG] [thread-id 1] - Click element: 'cta.cancel.notifications'
2025-04-14 16:34:34.925 [DEBUG] [thread-id 1] - location screen loaded
2025-04-14 16:34:35.210 [DEBUG] [thread-id 1] - Verify identifier: {LocationPermissionViewController.titleLabel=[true]}
2025-04-14 16:34:35.211 [DEBUG] [thread-id 1] - Store in: store the value 'true' in the variable 'testStarted'
2025-04-14 16:34:35.249 [DEBUG] [thread-id 1] - Click element: 'Enter zip code'
2025-04-14 16:34:35.937 [DEBUG] [thread-id 1] - Verify identifier: {label.postal-code-entry=[true]}
2025-04-14 16:34:35.937 [DEBUG] [thread-id 1] - sleep:  2000 milliseconds
2025-04-14 16:34:38.000 [DEBUG] [thread-id 1] - Enter text: '95122'
2025-04-14 16:34:39.900 [DEBUG] [thread-id 1] - Click element: 'cta.continue'
2025-04-14 16:34:40.395 [DEBUG] [thread-id 1] - sleep:  3000 milliseconds
2025-04-14 16:34:53.662 [DEBUG] [thread-id 1] - Executing function: 'unified.us.functions.home.handlePersonalizedScreen'
2025-04-14 16:34:53.875 [DEBUG] [thread-id 1] - conditionally execute a flow. condition: true
2025-04-14 16:34:54.092 [DEBUG] [thread-id 1] - Observed Personalize Shopping Screen
2025-04-14 16:34:54.319 [DEBUG] [thread-id 1] - Verify identifier: {ATTPermissionViewController.bodyLabel=[true]}
2025-04-14 16:34:54.876 [DEBUG] [thread-id 1] - conditionally execute a flow. condition: true
2025-04-14 16:34:55.122 [DEBUG] [thread-id 1] - Click element: 'cta.continue.location'
2025-04-14 16:34:57.031 [DEBUG] [thread-id 1] - Personalized Shopping Experience Screen Handled.
2025-04-14 16:35:11.393 [DEBUG] [thread-id 1] - Executing function: 'unified.us.functions.home.toolTip'
2025-04-14 16:35:13.385 [DEBUG] [thread-id 1] - conditionally execute a flow. condition: true
2025-04-14 16:35:15.542 [DEBUG] [thread-id 1] - tooltip displayed
2025-04-14 16:35:19.897 [DEBUG] [thread-id 1] - conditionally execute a flow. condition: true
2025-04-14 16:35:21.851 [DEBUG] [thread-id 1] - Tool close button displayed
2025-04-14 16:35:22.040 [DEBUG] [thread-id 1] - Executing function: 'unified.us.functions.gic.collapseIfExpanded'
2025-04-14 16:35:27.921 [DEBUG] [thread-id 1] - GIC already collapsed
2025-04-14 16:35:30.046 [DEBUG] [thread-id 1] - Verify identifier: {Search Walmart=[true]}
2025-04-14 16:35:30.047 [DEBUG] [thread-id 1] - Executing function: 'unified.us.functions.home.navigateHomeToSignIn'
2025-04-14 16:35:30.048 [DEBUG] [thread-id 1] - Store in: store the value 'Pre-transactions' in the variable 'executionStage'
2025-04-14 16:35:31.464 [DEBUG] [thread-id 1] - Click element: '//XCUIElementTypeButton[@name="Account"] | Account'
2025-04-14 16:35:34.271 [DEBUG] [thread-id 1] - Verify identifier: {//XCUIElementTypeButton[@name="SignInYourAccountTableViewCell.signInButton"] | //XCUIElementTypeButton[@name="SignInYourAccountView.signInButton"]=[true]}
2025-04-14 16:35:34.583 [DEBUG] [thread-id 1] - Click element: '//XCUIElementTypeButton[@name="SignInYourAccountTableViewCell.signInButton"] | //XCUIElementTypeButton[@name="SignInYourAccountView.signInButton"]'
2025-04-14 16:35:36.547 [DEBUG] [thread-id 1] - conditionally execute a flow. condition: true
2025-04-14 16:35:37.764 [DEBUG] [thread-id 1] - Store in: store the value 'true' in the variable 'signInValidated'
2025-04-14 16:35:37.779 [DEBUG] [thread-id 1] - conditionally execute a flow. condition: true
2025-04-14 16:35:38.918 [DEBUG] [thread-id 1] - SignIn page loaded
2025-04-14 16:35:40.137 [DEBUG] [thread-id 1] - Store in: store the value 'false' in the variable 'signInValidated'
2025-04-14 16:35:40.143 [DEBUG] [thread-id 1] - conditionally execute a flow. condition: true
2025-04-14 16:35:41.301 [DEBUG] [thread-id 1] - Store in: store the value 'prod.android.flowacc1@cloudtest.org' in the variable 'email'
2025-04-14 16:35:42.527 [DEBUG] [thread-id 1] - Store in: store the value 'E2epassword$' in the variable 'password'
2025-04-14 16:35:42.543 [DEBUG] [thread-id 1] - Executing function: 'unified.us.functions.global.authentication.signInAccount'
2025-04-14 16:35:42.543 [DEBUG] [thread-id 1] - conditionally execute a flow. condition: true
2025-04-14 16:35:55.434 [DEBUG] [thread-id 1] - Verify identifier: {TextFieldStackView.containerStackView=[true]}
2025-04-14 16:35:55.582 [DEBUG] [thread-id 1] - Enter text: 'prod.android.flowacc1@cloudtest.org'
2025-04-14 16:36:00.454 [DEBUG] [thread-id 1] - Click element: 'WelcomeView.ctaButton'
2025-04-14 16:36:01.203 [DEBUG] [thread-id 1] - sleep:  2000 milliseconds
2025-04-14 16:36:03.853 [DEBUG] [thread-id 1] - conditionally execute a flow. condition: true
2025-04-14 16:36:05.142 [DEBUG] [thread-id 1] - Entered Email Successfully
2025-04-14 16:36:06.467 [DEBUG] [thread-id 1] - conditionally execute a flow. condition: true
2025-04-14 16:36:07.947 [DEBUG] [thread-id 1] - Click element: 'AuthChoiceView.passwordStackView'
2025-04-14 16:36:09.985 [DEBUG] [thread-id 1] - Selected Password Option to Login
2025-04-14 16:36:10.054 [DEBUG] [thread-id 1] - Verify identifier: {TextFieldStackView.textField=[true]}
2025-04-14 16:36:10.210 [DEBUG] [thread-id 1] - Enter text: 'E2epassword$'
2025-04-14 16:36:16.969 [DEBUG] [thread-id 1] - Click element: 'AuthChoiceView.ctaButton'
2025-04-14 16:36:38.711 [DEBUG] [thread-id 1] - conditionally execute a flow. condition: true
2025-04-14 16:36:39.391 [DEBUG] [thread-id 1] - sleep:  2000 milliseconds
2025-04-14 16:36:53.106 [DEBUG] [thread-id 1] - Executing function: 'unified.us.functions.utils.handleCartMergePopup'
2025-04-14 16:37:14.194 [DEBUG] [thread-id 1] - No Technical Error Page observed
2025-04-14 16:37:14.223 [DEBUG] [thread-id 1] - Executing function: 'unified.us.functions.home.toolTip'
2025-04-14 16:37:24.638 [DEBUG] [thread-id 1] - Executing function: 'unified.us.functions.global.navigation.accountToHome'
2025-04-14 16:37:24.639 [DEBUG] [thread-id 1] - Executing function: 'unified.us.functions.global.navigation.toTab'
2025-04-14 16:37:24.640 [DEBUG] [thread-id 1] - Executing function: 'unified.us.functions.utils.scrollIfNotVisible'
2025-04-14 16:37:24.641 [WARN] [thread-id 1] - variable scrollLimit was used, but r2 could not find a value for this variable. returning default of null
2025-04-14 16:37:24.641 [DEBUG] [thread-id 1] - conditionally execute a flow. condition: true
2025-04-14 16:37:25.376 [DEBUG] [thread-id 1] - Store in: store the value '7' in the variable 'scrollLimit'
2025-04-14 16:37:25.392 [DEBUG] [thread-id 1] - Scroll limit set to - 7
2025-04-14 16:37:25.392 [DEBUG] [thread-id 1] - conditionally execute a flow. condition: true
2025-04-14 16:37:26.626 [DEBUG] [thread-id 1] - conditionally execute a flow. condition: true
2025-04-14 16:37:27.310 [DEBUG] [thread-id 1] - Element already visible, scrolling is skipped
2025-04-14 16:37:27.338 [WARN] [thread-id 1] - variable scrollNeeded was used, but r2 could not find a value for this variable. returning default of null
2025-04-14 16:37:27.338 [DEBUG] [thread-id 1] - Resetting scrollPosition variable to default
2025-04-14 16:37:27.339 [DEBUG] [thread-id 1] - Store in: store the value 'null' in the variable 'scrollPosition'
2025-04-14 16:37:27.339 [DEBUG] [thread-id 1] - Store in: store the value 'null' in the variable 'identifierScope'
2025-04-14 16:37:27.339 [DEBUG] [thread-id 1] - Store in: store the value 'null' in the variable 'scrollLimit'
2025-04-14 16:37:27.340 [DEBUG] [thread-id 1] - Store in: store the value 'false' in the variable 'scrollNeeded'
2025-04-14 16:37:27.789 [DEBUG] [thread-id 1] - Click element: '//XCUIElementTypeButton[contains(@name, "Shop")]'
2025-04-14 16:37:28.260 [DEBUG] [thread-id 1] - Executing function: 'unified.us.functions.home.closeWPlusPromotionPopUpIfDisplayed'
2025-04-14 16:37:28.261 [DEBUG] [thread-id 1] - conditionally execute a flow. condition: true
2025-04-14 16:37:43.202 [DEBUG] [thread-id 1] - Executing function: 'unified.us.functions.gic.changeFulfillment'
2025-04-14 16:37:43.203 [DEBUG] [thread-id 1] - Executing function: 'unified.us.functions.gic.expandIfCollapsed'
2025-04-14 16:37:47.346 [DEBUG] [thread-id 1] - Verify identifier: {//*[contains(@label,"Collapsed")] | //*[contains(@name,"Collapsed")]=[true]}
2025-04-14 16:37:51.393 [DEBUG] [thread-id 1] - Click element: '//*[contains(@label,"Collapsed")] | //*[contains(@name,"Collapsed")]'
2025-04-14 16:37:52.428 [DEBUG] [thread-id 1] - Executing function: 'unified.us.functions.gic.setFulfillment'
2025-04-14 16:37:52.429 [DEBUG] [thread-id 1] - conditionally execute a flow. condition: true
2025-04-14 16:38:03.196 [DEBUG] [thread-id 1] - conditionally execute a flow. condition: false
2025-04-14 16:38:05.519 [DEBUG] [thread-id 1] - Click element: '//XCUIElementTypeButton[@name="GlobalIntentCenter.Delivery"] | //XCUIElementTypeButton[contains(@name, "Delivery") ] | //XCUIElementTypeButton[@name="HoTIntentOptionsView" or @name="HoTIntentOptionsPhase2View" and contains(@label,"Delivery")]'
2025-04-14 16:38:06.431 [DEBUG] [thread-id 1] - Delivery intent selected
2025-04-14 16:38:06.866 [DEBUG] [thread-id 1] - sleep:  3000 milliseconds
2025-04-14 16:38:20.085 [DEBUG] [thread-id 1] - Executing function: 'unified.us.functions.gic.collapseIfExpanded'
2025-04-14 16:38:20.833 [DEBUG] [thread-id 1] - Verify identifier: {//*[contains(@label,"Expanded")] | //*[contains(@name,"Expanded")]=[true]}
2025-04-14 16:38:21.300 [DEBUG] [thread-id 1] - Collapsing GIC screen
2025-04-14 16:38:22.027 [DEBUG] [thread-id 1] - Click element: '//*[contains(@label,"Expanded")] | //*[contains(@name,"Expanded")]'
2025-04-14 16:38:22.536 [DEBUG] [thread-id 1] - Executing function: 'unified.us.functions.search.searchItem'
2025-04-14 16:38:23.925 [DEBUG] [thread-id 1] - Verify identifier: {//XCUIElementTypeSearchField[@name="Search Walmart"]=[true]}
2025-04-14 16:38:28.336 [DEBUG] [thread-id 1] - Click element: '//XCUIElementTypeSearchField[@name="Search Walmart"]'
2025-04-14 16:38:29.497 [DEBUG] [thread-id 1] - Enter text: 'toys'
2025-04-14 16:38:40.833 [DEBUG] [thread-id 1] - Executing function: 'unified.us.functions.search.closeEasyWaytoGetOrderPopup'
2025-04-14 16:38:51.505 [DEBUG] [thread-id 1] - Executing function: 'unified.us.functions.utils.scrollIfNotVisible'
2025-04-14 16:38:51.507 [DEBUG] [thread-id 1] - conditionally execute a flow. condition: true
2025-04-14 16:38:52.228 [DEBUG] [thread-id 1] - Store in: store the value '7' in the variable 'scrollLimit'
2025-04-14 16:38:52.240 [DEBUG] [thread-id 1] - Scroll limit set to - 7
2025-04-14 16:38:52.240 [DEBUG] [thread-id 1] - conditionally execute a flow. condition: true
2025-04-14 16:38:53.458 [DEBUG] [thread-id 1] - conditionally execute a flow. condition: true
2025-04-14 16:38:54.157 [DEBUG] [thread-id 1] - Element already visible, scrolling is skipped
2025-04-14 16:38:54.209 [DEBUG] [thread-id 1] - Resetting scrollPosition variable to default
2025-04-14 16:38:54.209 [DEBUG] [thread-id 1] - Store in: store the value 'null' in the variable 'scrollPosition'
2025-04-14 16:38:54.209 [DEBUG] [thread-id 1] - Store in: store the value 'null' in the variable 'identifierScope'
2025-04-14 16:38:54.209 [DEBUG] [thread-id 1] - Store in: store the value 'null' in the variable 'scrollLimit'
2025-04-14 16:38:54.209 [DEBUG] [thread-id 1] - Store in: store the value 'false' in the variable 'scrollNeeded'
2025-04-14 16:38:54.689 [DEBUG] [thread-id 1] - conditionally execute a flow. condition: true
2025-04-14 16:38:55.484 [DEBUG] [thread-id 1] - successfully found an item for the above search criterion
2025-04-14 16:38:55.495 [DEBUG] [thread-id 1] - Executing function: 'unified.us.functions.wplus.verifySavewithWalmartPluspill'
2025-04-14 16:38:55.495 [DEBUG] [thread-id 1] - Executing function: 'us.functions.utils.scrollIfNotVisible'
2025-04-14 16:38:56.806 [DEBUG] [thread-id 1] - Verify identifier: {//XCUIElementTypeButton[contains(@label, "Save with Walmart Plus")] | //XCUIElementTypeCell[contains(@name,"ProductSectionCoordinator_searchPrimaryProductCell")]//XCUIElementTypeOther[contains(@label,"Save with Walmart Plus")]=[true]}
2025-04-14 16:38:57.504 [DEBUG] [thread-id 1] - Element already visible, scrolling is skipped
2025-04-14 16:38:57.511 [DEBUG] [thread-id 1] - Resetting scrollPosition variable to default
2025-04-14 16:38:57.511 [DEBUG] [thread-id 1] - Store in: store the value 'null' in the variable 'scrollPosition'
2025-04-14 16:38:57.511 [DEBUG] [thread-id 1] - Store in: store the value 'null' in the variable 'identifierScope'
2025-04-14 16:38:57.511 [DEBUG] [thread-id 1] - Store in: store the value 'null' in the variable 'limit'
2025-04-14 16:38:57.987 [DEBUG] [thread-id 1] - Verify identifier: {//XCUIElementTypeButton[contains(@label, "Save with Walmart Plus")] | //XCUIElementTypeCell[contains(@name,"ProductSectionCoordinator_searchPrimaryProductCell")]//XCUIElementTypeOther[contains(@label,"Save with Walmart Plus")]=[true]}
2025-04-14 16:38:57.988 [DEBUG] [thread-id 1] - Executing function: 'unified.us.functions.search.clickOnFirstItem'
2025-04-14 16:38:57.989 [WARN] [thread-id 1] - variable noAds was used, but r2 could not find a value for this variable. returning default of null
2025-04-14 16:38:57.989 [WARN] [thread-id 1] - variable subFilter was used, but r2 could not find a value for this variable. returning default of null
2025-04-14 16:38:57.989 [DEBUG] [thread-id 1] - conditionally execute a flow. condition: false
2025-04-14 16:38:58.689 [WARN] [thread-id 1] - variable noAds was used, but r2 could not find a value for this variable. returning default of null
2025-04-14 16:38:58.690 [DEBUG] [thread-id 1] - conditionally execute a flow. condition: true
2025-04-14 16:38:59.394 [DEBUG] [thread-id 1] - conditionally execute a flow. condition: true
2025-04-14 16:39:00.131 [DEBUG] [thread-id 1] - Executing function: 'unified.us.functions.utils.scrollIfNotVisible'
2025-04-14 16:39:00.132 [DEBUG] [thread-id 1] - Scroll limit set to - 10
2025-04-14 16:39:00.132 [DEBUG] [thread-id 1] - conditionally execute a flow. condition: true
2025-04-14 16:39:01.355 [DEBUG] [thread-id 1] - conditionally execute a flow. condition: true
2025-04-14 16:39:02.058 [DEBUG] [thread-id 1] - Element already visible, scrolling is skipped
2025-04-14 16:39:02.114 [DEBUG] [thread-id 1] - Resetting scrollPosition variable to default
2025-04-14 16:39:02.114 [DEBUG] [thread-id 1] - Store in: store the value 'null' in the variable 'scrollPosition'
2025-04-14 16:39:02.114 [DEBUG] [thread-id 1] - Store in: store the value 'null' in the variable 'identifierScope'
2025-04-14 16:39:02.114 [DEBUG] [thread-id 1] - Store in: store the value 'null' in the variable 'scrollLimit'
2025-04-14 16:39:02.114 [DEBUG] [thread-id 1] - Store in: store the value 'false' in the variable 'scrollNeeded'
2025-04-14 16:39:03.317 [DEBUG] [thread-id 1] - Click element: '//XCUIElementTypeCell[contains(@name,"ProductSectionCoordinator_searchPrimaryProductCell_indexPath")]/XCUIElementTypeOther/XCUIElementTypeOther[1]/XCUIElementTypeButton[not(contains(@label, "Sponsored")) and (contains(@label, "reviews"))][1] | //*[contains(@name,"GlassProductTile.mainStackView") and not(contains(@label, "Sponsored")) and (contains(@label, "reviews"))] | //XCUIElementTypeCell[contains(@name,"ProductSectionCoordinator_searchPrimaryProductCell_indexPath")]/XCUIElementTypeOther/XCUIElementTypeOther[1]/XCUIElementTypeButton[1][not(contains(@label, "Sponsored"))]'
2025-04-14 16:39:03.928 [DEBUG] [thread-id 1] - Executing function: 'unified.us.functions.search.verifyItemPageOpened'
2025-04-14 16:39:20.552 [DEBUG] [thread-id 1] - Verify identifier: {//XCUIElementTypeStaticText[@name="BrandNameView_brandName" or @name = "TitleView_productTitle"] | //XCUIElementTypeButton[@name="BrandNameView_brandNameButton"]=[true]}
2025-04-14 16:39:21.668 [DEBUG] [thread-id 1] - Store in: store the value 'null' in the variable 'subFilter'
2025-04-14 16:39:21.670 [DEBUG] [thread-id 1] - Store in: store the value 'null' in the variable 'noAds'
2025-04-14 16:39:21.671 [DEBUG] [thread-id 1] - Store in: store the value 'null' in the variable 'excludeSponsored'
2025-04-14 16:39:21.673 [DEBUG] [thread-id 1] - Store in: store the value 'passed' in the variable 'testStatus'
2025-04-14 16:39:40.258 [DEBUG] [thread-id 1] - Executing scenario: 'After'
2025-04-14 16:39:40.263 [DEBUG] [thread-id 1] - Executing function: 'unified.us.functions.utils.afterSteps'
2025-04-14 16:39:40.265 [DEBUG] [thread-id 1] - conditionally execute a flow. condition: true
2025-04-14 16:39:48.892 [DEBUG] [thread-id 1] - Test passed
2025-04-14 16:40:09.597 [DEBUG] [thread-id 1] - Executing R2 4.0.2: '/Users/m0k0a2f/glass-automation/us/e2e-tests/test-scripts/ios/golden-flows/wplus-flow/deprecated/C2644723-badging-on-search.yaml' on device: 'iPhone 15'
2025-04-14 16:41:11.530 [DEBUG] [thread-id 1] - Executing scenario: 'Before'
2025-04-14 16:41:11.530 [DEBUG] [thread-id 1] - R2_SUBFLOW_PRE_TRANSACTION
2025-04-14 16:41:11.958 [DEBUG] [thread-id 1] - Using us-errors-helpers.yaml
2025-04-14 16:41:12.396 [DEBUG] [thread-id 1] - Start Main
2025-04-14 16:41:12.398 [DEBUG] [thread-id 1] - Executing function: 'us.functions.global.onboarding.allowLocation.navigateOnboardingToHome'
2025-04-14 16:41:12.399 [DEBUG] [thread-id 1] - Store in: store the value 'Onboarding' in the variable 'executionStage'
2025-04-14 16:41:12.506 [DEBUG] [thread-id 1] - Verify identifier: {//XCUIElementTypeButton[@name="SignUpNudgeWelcomeViewController.bodyLabel"] | //XCUIElementTypeStaticText[@name="SignUpNudgeWelcomeViewController.titleLabel"]=[true]}
2025-04-14 16:41:22.523 [DEBUG] [thread-id 1] - conditionally execute a flow. condition: false
2025-04-14 16:41:22.779 [DEBUG] [thread-id 1] - Click element: 'cta.cancel.welcome'
2025-04-14 16:41:23.842 [DEBUG] [thread-id 1] - Verify identifier: {NotificationPermissionViewController.titleLabel=[true]}
2025-04-14 16:41:23.904 [DEBUG] [thread-id 1] - Click element: 'cta.cancel.notifications'
2025-04-14 16:41:24.540 [DEBUG] [thread-id 1] - Verify identifier: {LocationPermissionViewController.titleLabel=[true]}
2025-04-14 16:41:24.654 [DEBUG] [thread-id 1] - Click element: '//XCUIElementTypeButton[@name="cta.continue.location"]'
2025-04-14 16:41:35.183 [DEBUG] [thread-id 1] - conditionally execute a flow. condition: false
2025-04-14 16:41:35.396 [DEBUG] [thread-id 1] - Observed personalizedScreen
2025-04-14 16:41:35.622 [DEBUG] [thread-id 1] - conditionally execute a flow. condition: true
2025-04-14 16:41:35.878 [DEBUG] [thread-id 1] - Click element: 'cta.continue.location'
2025-04-14 16:41:47.274 [DEBUG] [thread-id 1] - sleep:  3000 milliseconds
2025-04-14 16:42:10.656 [DEBUG] [thread-id 1] - Executing function: 'us.functions.utils.tryAgainWhenThereIsError'
2025-04-14 16:42:10.658 [DEBUG] [thread-id 1] - loop: from 0 to 2
2025-04-14 16:42:10.874 [DEBUG] [thread-id 1] - 0
2025-04-14 16:42:21.366 [DEBUG] [thread-id 1] - conditionally execute a flow. condition: false
2025-04-14 16:42:21.591 [DEBUG] [thread-id 1] - Executing function: 'us.functions.onboarding.handleTechnicalErrorPage'
2025-04-14 16:42:21.591 [DEBUG] [thread-id 1] - sleep:  5000 milliseconds
2025-04-14 16:42:26.602 [DEBUG] [thread-id 1] - loop: from 0 to 4
2025-04-14 16:42:26.823 [DEBUG] [thread-id 1] - 0
2025-04-14 16:42:37.255 [DEBUG] [thread-id 1] - conditionally execute a flow. condition: false
2025-04-14 16:42:37.500 [DEBUG] [thread-id 1] - No Technical Error Page observed
2025-04-14 16:42:37.768 [DEBUG] [thread-id 1] - Executing function: 'us.functions.gic.collapseIfExpanded'
2025-04-14 16:42:38.920 [DEBUG] [thread-id 1] - GIC already collapsed
2025-04-14 16:42:38.926 [DEBUG] [thread-id 1] - Executing function: 'us.functions.home.navigateHomeToSignIn'
2025-04-14 16:42:38.926 [DEBUG] [thread-id 1] - Store in: store the value 'Pre-transactions' in the variable 'executionStage'
2025-04-14 16:43:11.049 [DEBUG] [thread-id 1] - Main failed: Cannot click '//XCUIElementTypeButton[@name="Account"] | Account'
2025-04-14 16:43:11.510 [DEBUG] [thread-id 1] - Executing scenario: 'After'
2025-04-14 16:43:11.511 [DEBUG] [thread-id 1] - Executing function: 'us.functions.utils.afterSteps'
2025-04-14 16:43:11.512 [WARN] [thread-id 1] - variable testStatus was used, but r2 could not find a value for this variable. returning default of null
2025-04-14 16:43:11.512 [DEBUG] [thread-id 1] - conditionally execute a flow. condition: false
2025-04-14 16:43:11.740 [DEBUG] [thread-id 1] - Test failed - Pre-transactions
2025-04-14 16:43:11.980 [WARN] [thread-id 1] - variable testStarted was used, but r2 could not find a value for this variable. returning default of null
2025-04-14 16:43:11.981 [DEBUG] [thread-id 1] - conditionally execute a flow. condition: true
2025-04-14 16:43:32.014 [DEBUG] [thread-id 1] - After failed: FAILURE - Unable to Open App
2025-04-14 16:43:34.317 [DEBUG] [thread-id 1] - Created report: /Users/m0k0a2f/glass-automation/report/index.html
2025-04-14 20:53:25.107 [DEBUG] [thread-id 1] - Executing R2 4.0.2: '/Users/m0k0a2f/glass-automation/us/unified-e2e-tests/test-scripts/wplus/benefits/production/C2644723-flow-prod-badging-item-page.yaml' on device: 'iPhone 15'
2025-04-14 20:54:34.411 [DEBUG] [thread-id 1] - Executing scenario: 'Before'
2025-04-14 20:54:34.415 [DEBUG] [thread-id 1] - Executing function: 'us.function.utils.getEnvironmentValue'
2025-04-14 20:54:34.416 [DEBUG] [thread-id 1] - Store in: store the value 'Onboarding' in the variable 'executionStage'
2025-04-14 20:54:34.417 [DEBUG] [thread-id 1] - Store in: store the value 'production' in the variable 'env'
2025-04-14 20:54:34.418 [DEBUG] [thread-id 1] - Timestamp: 1744689274418
2025-04-14 20:54:34.420 [DEBUG] [thread-id 1] - Executing function: 'functions.utils.setPlatformInfo'
2025-04-14 20:54:34.421 [DEBUG] [thread-id 1] - Store in: store the value 'Onboarding' in the variable 'executionStage'
2025-04-14 20:54:34.425 [WARN] [thread-id 1] - variable dependencies.general.appPackage was used, but r2 could not find a value for this variable. returning default of null
2025-04-14 20:54:34.425 [DEBUG] [thread-id 1] - Store in: store the value 'null' in the variable 'appPackage'
2025-04-14 20:54:34.438 [DEBUG] [thread-id 1] - conditionally execute a flow. condition: true
2025-04-14 20:54:34.666 [DEBUG] [thread-id 1] - Store in: store the value 'iOS' in the variable 'platform'
2025-04-14 20:54:34.674 [DEBUG] [thread-id 1] - R2_SUBFLOW_PRE_TRANSACTION
2025-04-14 20:54:35.139 [DEBUG] [thread-id 1] - Using us-errors-helpers.yaml
2025-04-14 20:54:35.650 [DEBUG] [thread-id 1] - Start Main
2025-04-14 20:54:35.651 [DEBUG] [thread-id 1] - Executing function: 'unified.us.functions.global.onboarding.navigateOnboardingToHome'
2025-04-14 20:54:35.651 [DEBUG] [thread-id 1] - Store in: store the value 'onboarding' in the variable 'executionStage'
2025-04-14 20:54:35.652 [DEBUG] [thread-id 1] - Welcome screen loaded
2025-04-14 20:54:35.655 [DEBUG] [thread-id 1] - conditionally execute a flow. condition: true
2025-04-14 20:54:35.881 [DEBUG] [thread-id 1] - Verify identifier: {cta.cancel.welcome=[true]}
2025-04-14 20:54:36.111 [DEBUG] [thread-id 1] - Store in: store the value 'true' in the variable 'testStarted'
2025-04-14 20:54:36.475 [DEBUG] [thread-id 1] - Click element: 'cta.cancel.welcome'
2025-04-14 20:54:37.344 [DEBUG] [thread-id 1] - Notifiction Prompt screen loaded
2025-04-14 20:54:37.612 [DEBUG] [thread-id 1] - Verify identifier: {NotificationPermissionViewController.titleLabel=[true]}
2025-04-14 20:54:37.888 [WARN] [thread-id 1] - variable allowNotifications was used, but r2 could not find a value for this variable. returning default of null
2025-04-14 20:54:37.888 [DEBUG] [thread-id 1] - conditionally execute a flow. condition: false
2025-04-14 20:54:40.186 [DEBUG] [thread-id 1] - Click element: 'cta.cancel.notifications'
2025-04-14 20:54:40.751 [DEBUG] [thread-id 1] - location screen loaded
2025-04-14 20:54:41.013 [DEBUG] [thread-id 1] - Verify identifier: {LocationPermissionViewController.titleLabel=[true]}
2025-04-14 20:54:41.013 [DEBUG] [thread-id 1] - Store in: store the value 'true' in the variable 'testStarted'
2025-04-14 20:54:41.051 [DEBUG] [thread-id 1] - Click element: 'Enter zip code'
2025-04-14 20:54:41.735 [DEBUG] [thread-id 1] - Verify identifier: {label.postal-code-entry=[true]}
2025-04-14 20:54:41.736 [DEBUG] [thread-id 1] - sleep:  2000 milliseconds
2025-04-14 20:54:43.797 [DEBUG] [thread-id 1] - Enter text: '95122'
2025-04-14 20:54:45.658 [DEBUG] [thread-id 1] - Click element: 'cta.continue'
2025-04-14 20:54:46.137 [DEBUG] [thread-id 1] - sleep:  3000 milliseconds
2025-04-14 20:54:59.319 [DEBUG] [thread-id 1] - Executing function: 'unified.us.functions.home.handlePersonalizedScreen'
2025-04-14 20:54:59.646 [DEBUG] [thread-id 1] - conditionally execute a flow. condition: true
2025-04-14 20:54:59.862 [DEBUG] [thread-id 1] - Observed Personalize Shopping Screen
2025-04-14 20:55:00.105 [DEBUG] [thread-id 1] - Verify identifier: {ATTPermissionViewController.bodyLabel=[true]}
2025-04-14 20:55:00.656 [DEBUG] [thread-id 1] - conditionally execute a flow. condition: true
2025-04-14 20:55:00.931 [DEBUG] [thread-id 1] - Click element: 'cta.continue.location'
2025-04-14 20:55:03.153 [DEBUG] [thread-id 1] - Personalized Shopping Experience Screen Handled.
2025-04-14 20:55:17.534 [DEBUG] [thread-id 1] - Executing function: 'unified.us.functions.home.toolTip'
2025-04-14 20:55:19.630 [DEBUG] [thread-id 1] - conditionally execute a flow. condition: true
2025-04-14 20:55:21.832 [DEBUG] [thread-id 1] - tooltip displayed
2025-04-14 20:55:26.288 [DEBUG] [thread-id 1] - conditionally execute a flow. condition: true
2025-04-14 20:55:28.495 [DEBUG] [thread-id 1] - Tool close button displayed
2025-04-14 20:55:28.685 [DEBUG] [thread-id 1] - Executing function: 'unified.us.functions.gic.collapseIfExpanded'
2025-04-14 20:55:34.612 [DEBUG] [thread-id 1] - GIC already collapsed
2025-04-14 20:55:36.818 [DEBUG] [thread-id 1] - Verify identifier: {Search Walmart=[true]}
2025-04-14 20:55:36.819 [DEBUG] [thread-id 1] - Executing function: 'unified.us.functions.home.navigateHomeToSignIn'
2025-04-14 20:55:36.819 [DEBUG] [thread-id 1] - Store in: store the value 'Pre-transactions' in the variable 'executionStage'
2025-04-14 20:55:38.448 [DEBUG] [thread-id 1] - Click element: '//XCUIElementTypeButton[@name="Account"] | Account'
2025-04-14 20:55:40.445 [DEBUG] [thread-id 1] - Verify identifier: {//XCUIElementTypeButton[@name="SignInYourAccountTableViewCell.signInButton"] | //XCUIElementTypeButton[@name="SignInYourAccountView.signInButton"]=[true]}
2025-04-14 20:55:40.765 [DEBUG] [thread-id 1] - Click element: '//XCUIElementTypeButton[@name="SignInYourAccountTableViewCell.signInButton"] | //XCUIElementTypeButton[@name="SignInYourAccountView.signInButton"]'
2025-04-14 20:55:42.652 [DEBUG] [thread-id 1] - conditionally execute a flow. condition: true
2025-04-14 20:55:43.934 [DEBUG] [thread-id 1] - Store in: store the value 'true' in the variable 'signInValidated'
2025-04-14 20:55:43.947 [DEBUG] [thread-id 1] - conditionally execute a flow. condition: true
2025-04-14 20:55:45.145 [DEBUG] [thread-id 1] - SignIn page loaded
2025-04-14 20:55:46.403 [DEBUG] [thread-id 1] - Store in: store the value 'false' in the variable 'signInValidated'
2025-04-14 20:55:46.410 [DEBUG] [thread-id 1] - conditionally execute a flow. condition: true
2025-04-14 20:55:47.603 [DEBUG] [thread-id 1] - Store in: store the value 'prod.android.flowacc1@cloudtest.org' in the variable 'email'
2025-04-14 20:55:49.001 [DEBUG] [thread-id 1] - Store in: store the value 'E2epassword$' in the variable 'password'
2025-04-14 20:55:49.008 [DEBUG] [thread-id 1] - Executing function: 'unified.us.functions.global.authentication.signInAccount'
2025-04-14 20:55:49.009 [DEBUG] [thread-id 1] - conditionally execute a flow. condition: true
2025-04-14 20:56:02.422 [DEBUG] [thread-id 1] - Verify identifier: {TextFieldStackView.containerStackView=[true]}
2025-04-14 20:56:02.571 [DEBUG] [thread-id 1] - Enter text: 'prod.android.flowacc1@cloudtest.org'
2025-04-14 20:56:07.483 [DEBUG] [thread-id 1] - Click element: 'WelcomeView.ctaButton'
2025-04-14 20:56:08.160 [DEBUG] [thread-id 1] - sleep:  2000 milliseconds
2025-04-14 20:56:10.824 [DEBUG] [thread-id 1] - conditionally execute a flow. condition: true
2025-04-14 20:56:12.152 [DEBUG] [thread-id 1] - Entered Email Successfully
2025-04-14 20:56:13.556 [DEBUG] [thread-id 1] - conditionally execute a flow. condition: true
2025-04-14 20:56:15.121 [DEBUG] [thread-id 1] - Click element: 'AuthChoiceView.passwordStackView'
2025-04-14 20:56:17.304 [DEBUG] [thread-id 1] - Selected Password Option to Login
2025-04-14 20:56:17.383 [DEBUG] [thread-id 1] - Verify identifier: {TextFieldStackView.textField=[true]}
2025-04-14 20:56:17.546 [DEBUG] [thread-id 1] - Enter text: 'E2epassword$'
2025-04-14 20:56:24.273 [DEBUG] [thread-id 1] - Click element: 'AuthChoiceView.ctaButton'
2025-04-14 20:56:45.569 [DEBUG] [thread-id 1] - conditionally execute a flow. condition: true
2025-04-14 20:56:46.300 [DEBUG] [thread-id 1] - sleep:  2000 milliseconds
2025-04-14 20:56:59.268 [DEBUG] [thread-id 1] - Executing function: 'unified.us.functions.utils.handleCartMergePopup'
2025-04-14 20:57:20.795 [DEBUG] [thread-id 1] - No Technical Error Page observed
2025-04-14 20:57:20.804 [DEBUG] [thread-id 1] - Executing function: 'unified.us.functions.home.toolTip'
2025-04-14 20:57:30.821 [DEBUG] [thread-id 1] - Executing function: 'unified.us.functions.global.navigation.accountToHome'
2025-04-14 20:57:30.822 [DEBUG] [thread-id 1] - Executing function: 'unified.us.functions.global.navigation.toTab'
2025-04-14 20:57:30.823 [DEBUG] [thread-id 1] - Executing function: 'unified.us.functions.utils.scrollIfNotVisible'
2025-04-14 20:57:30.823 [WARN] [thread-id 1] - variable scrollLimit was used, but r2 could not find a value for this variable. returning default of null
2025-04-14 20:57:30.824 [DEBUG] [thread-id 1] - conditionally execute a flow. condition: true
2025-04-14 20:57:31.565 [DEBUG] [thread-id 1] - Store in: store the value '7' in the variable 'scrollLimit'
2025-04-14 20:57:31.582 [DEBUG] [thread-id 1] - Scroll limit set to - 7
2025-04-14 20:57:31.582 [DEBUG] [thread-id 1] - conditionally execute a flow. condition: true
2025-04-14 20:57:32.969 [DEBUG] [thread-id 1] - conditionally execute a flow. condition: true
2025-04-14 20:57:33.694 [DEBUG] [thread-id 1] - Element already visible, scrolling is skipped
2025-04-14 20:57:33.712 [WARN] [thread-id 1] - variable scrollNeeded was used, but r2 could not find a value for this variable. returning default of null
2025-04-14 20:57:33.712 [DEBUG] [thread-id 1] - Resetting scrollPosition variable to default
2025-04-14 20:57:33.712 [DEBUG] [thread-id 1] - Store in: store the value 'null' in the variable 'scrollPosition'
2025-04-14 20:57:33.713 [DEBUG] [thread-id 1] - Store in: store the value 'null' in the variable 'identifierScope'
2025-04-14 20:57:33.713 [DEBUG] [thread-id 1] - Store in: store the value 'null' in the variable 'scrollLimit'
2025-04-14 20:57:33.714 [DEBUG] [thread-id 1] - Store in: store the value 'false' in the variable 'scrollNeeded'
2025-04-14 20:57:34.194 [DEBUG] [thread-id 1] - Click element: '//XCUIElementTypeButton[contains(@name, "Shop")]'
2025-04-14 20:57:34.678 [DEBUG] [thread-id 1] - Executing function: 'unified.us.functions.home.closeWPlusPromotionPopUpIfDisplayed'
2025-04-14 20:57:34.682 [DEBUG] [thread-id 1] - conditionally execute a flow. condition: true
2025-04-14 20:57:39.531 [DEBUG] [thread-id 1] - conditionally execute a flow. condition: true
2025-04-14 20:57:44.353 [DEBUG] [thread-id 1] - Click element: '//XCUIElementTypeButton[@name="SplashPageViewController.closeButton" or contains(@label, "Close Walmart plus promotional pop up")] | //XCUIElementTypeNavigationBar[@name="WalmartPlus.SplashPageView"]/XCUIElementTypeButton | //XCUIElementTypeButton[@name="close" or @name="Close"] | //XCUIElementTypeButton[@name="SplashPageViewController.fullScreenCloseButton"] | //XCUIElementTypeButton[@name="MultiSplashViewController.fullScreenCloseButton"] | //XCUIElementTypeButton[@name="RepeatBenefitEngagementTopBarView.closeButton"] | //XCUIElementTypeButton[@name="Close"] | //XCUIElementTypeButton[@name="close"]'
2025-04-14 20:57:45.482 [DEBUG] [thread-id 1] - Executing function: 'unified.us.functions.gic.changeFulfillment'
2025-04-14 20:57:45.482 [DEBUG] [thread-id 1] - Executing function: 'unified.us.functions.gic.expandIfCollapsed'
2025-04-14 20:57:49.836 [DEBUG] [thread-id 1] - Verify identifier: {//*[contains(@label,"Collapsed")] | //*[contains(@name,"Collapsed")]=[true]}
2025-04-14 20:57:53.886 [DEBUG] [thread-id 1] - Click element: '//*[contains(@label,"Collapsed")] | //*[contains(@name,"Collapsed")]'
2025-04-14 20:57:54.932 [DEBUG] [thread-id 1] - Executing function: 'unified.us.functions.gic.setFulfillment'
2025-04-14 20:57:54.932 [DEBUG] [thread-id 1] - conditionally execute a flow. condition: true
2025-04-14 20:58:05.560 [DEBUG] [thread-id 1] - conditionally execute a flow. condition: false
2025-04-14 20:58:07.933 [DEBUG] [thread-id 1] - Click element: '//XCUIElementTypeButton[@name="GlobalIntentCenter.Delivery"] | //XCUIElementTypeButton[contains(@name, "Delivery") ] | //XCUIElementTypeButton[@name="HoTIntentOptionsView" or @name="HoTIntentOptionsPhase2View" and contains(@label,"Delivery")]'
2025-04-14 20:58:08.895 [DEBUG] [thread-id 1] - Delivery intent selected
2025-04-14 20:58:09.352 [DEBUG] [thread-id 1] - sleep:  3000 milliseconds
2025-04-14 20:58:22.928 [DEBUG] [thread-id 1] - Executing function: 'unified.us.functions.gic.collapseIfExpanded'
2025-04-14 20:58:23.701 [DEBUG] [thread-id 1] - Verify identifier: {//*[contains(@label,"Expanded")] | //*[contains(@name,"Expanded")]=[true]}
2025-04-14 20:58:24.169 [DEBUG] [thread-id 1] - Collapsing GIC screen
2025-04-14 20:58:24.917 [DEBUG] [thread-id 1] - Click element: '//*[contains(@label,"Expanded")] | //*[contains(@name,"Expanded")]'
2025-04-14 20:58:25.415 [DEBUG] [thread-id 1] - Executing function: 'unified.us.functions.search.searchItem'
2025-04-14 20:58:26.900 [DEBUG] [thread-id 1] - Verify identifier: {//XCUIElementTypeSearchField[@name="Search Walmart"]=[true]}
2025-04-14 20:58:31.298 [DEBUG] [thread-id 1] - Click element: '//XCUIElementTypeSearchField[@name="Search Walmart"]'
2025-04-14 20:58:32.746 [DEBUG] [thread-id 1] - Enter text: 'toys'
2025-04-14 20:58:43.869 [DEBUG] [thread-id 1] - Executing function: 'unified.us.functions.search.closeEasyWaytoGetOrderPopup'
2025-04-14 20:58:54.210 [DEBUG] [thread-id 1] - Executing function: 'unified.us.functions.utils.scrollIfNotVisible'
2025-04-14 20:58:54.211 [DEBUG] [thread-id 1] - conditionally execute a flow. condition: true
2025-04-14 20:58:54.972 [DEBUG] [thread-id 1] - Store in: store the value '7' in the variable 'scrollLimit'
2025-04-14 20:58:54.990 [DEBUG] [thread-id 1] - Scroll limit set to - 7
2025-04-14 20:58:54.990 [DEBUG] [thread-id 1] - conditionally execute a flow. condition: true
2025-04-14 20:58:56.254 [DEBUG] [thread-id 1] - conditionally execute a flow. condition: true
2025-04-14 20:58:56.972 [DEBUG] [thread-id 1] - Element already visible, scrolling is skipped
2025-04-14 20:58:57.030 [DEBUG] [thread-id 1] - Resetting scrollPosition variable to default
2025-04-14 20:58:57.030 [DEBUG] [thread-id 1] - Store in: store the value 'null' in the variable 'scrollPosition'
2025-04-14 20:58:57.030 [DEBUG] [thread-id 1] - Store in: store the value 'null' in the variable 'identifierScope'
2025-04-14 20:58:57.030 [DEBUG] [thread-id 1] - Store in: store the value 'null' in the variable 'scrollLimit'
2025-04-14 20:58:57.030 [DEBUG] [thread-id 1] - Store in: store the value 'false' in the variable 'scrollNeeded'
2025-04-14 20:58:57.532 [DEBUG] [thread-id 1] - conditionally execute a flow. condition: true
2025-04-14 20:58:58.266 [DEBUG] [thread-id 1] - successfully found an item for the above search criterion
2025-04-14 20:58:58.273 [DEBUG] [thread-id 1] - Executing function: 'unified.us.functions.wplus.verifySavewithWalmartPluspill'
2025-04-14 20:58:58.274 [DEBUG] [thread-id 1] - Executing function: 'us.functions.utils.scrollIfNotVisible'
2025-04-14 20:58:59.591 [DEBUG] [thread-id 1] - Verify identifier: {//XCUIElementTypeButton[contains(@label, "Save with Walmart Plus")] | //XCUIElementTypeCell[contains(@name,"ProductSectionCoordinator_searchPrimaryProductCell")]//XCUIElementTypeOther[contains(@label,"Save with Walmart Plus")]=[true]}
2025-04-14 20:59:00.320 [DEBUG] [thread-id 1] - Element already visible, scrolling is skipped
2025-04-14 20:59:00.329 [DEBUG] [thread-id 1] - Resetting scrollPosition variable to default
2025-04-14 20:59:00.330 [DEBUG] [thread-id 1] - Store in: store the value 'null' in the variable 'scrollPosition'
2025-04-14 20:59:00.331 [DEBUG] [thread-id 1] - Store in: store the value 'null' in the variable 'identifierScope'
2025-04-14 20:59:00.332 [DEBUG] [thread-id 1] - Store in: store the value 'null' in the variable 'limit'
2025-04-14 20:59:00.824 [DEBUG] [thread-id 1] - Verify identifier: {//XCUIElementTypeButton[contains(@label, "Save with Walmart Plus")] | //XCUIElementTypeCell[contains(@name,"ProductSectionCoordinator_searchPrimaryProductCell")]//XCUIElementTypeOther[contains(@label,"Save with Walmart Plus")]=[true]}
2025-04-14 20:59:00.825 [DEBUG] [thread-id 1] - Executing function: 'unified.us.functions.search.clickOnFirstItem'
2025-04-14 20:59:00.825 [WARN] [thread-id 1] - variable noAds was used, but r2 could not find a value for this variable. returning default of null
2025-04-14 20:59:00.825 [WARN] [thread-id 1] - variable subFilter was used, but r2 could not find a value for this variable. returning default of null
2025-04-14 20:59:00.826 [DEBUG] [thread-id 1] - conditionally execute a flow. condition: false
2025-04-14 20:59:01.545 [WARN] [thread-id 1] - variable noAds was used, but r2 could not find a value for this variable. returning default of null
2025-04-14 20:59:01.545 [DEBUG] [thread-id 1] - conditionally execute a flow. condition: true
2025-04-14 20:59:02.279 [DEBUG] [thread-id 1] - conditionally execute a flow. condition: true
2025-04-14 20:59:03.055 [DEBUG] [thread-id 1] - Executing function: 'unified.us.functions.utils.scrollIfNotVisible'
2025-04-14 20:59:03.058 [DEBUG] [thread-id 1] - Scroll limit set to - 10
2025-04-14 20:59:03.058 [DEBUG] [thread-id 1] - conditionally execute a flow. condition: true
2025-04-14 20:59:04.432 [DEBUG] [thread-id 1] - conditionally execute a flow. condition: true
2025-04-14 20:59:05.181 [DEBUG] [thread-id 1] - Element already visible, scrolling is skipped
2025-04-14 20:59:05.202 [DEBUG] [thread-id 1] - Resetting scrollPosition variable to default
2025-04-14 20:59:05.202 [DEBUG] [thread-id 1] - Store in: store the value 'null' in the variable 'scrollPosition'
2025-04-14 20:59:05.202 [DEBUG] [thread-id 1] - Store in: store the value 'null' in the variable 'identifierScope'
2025-04-14 20:59:05.202 [DEBUG] [thread-id 1] - Store in: store the value 'null' in the variable 'scrollLimit'
2025-04-14 20:59:05.202 [DEBUG] [thread-id 1] - Store in: store the value 'false' in the variable 'scrollNeeded'
2025-04-14 20:59:06.440 [DEBUG] [thread-id 1] - Click element: '//XCUIElementTypeCell[contains(@name,"ProductSectionCoordinator_searchPrimaryProductCell_indexPath")]/XCUIElementTypeOther/XCUIElementTypeOther[1]/XCUIElementTypeButton[not(contains(@label, "Sponsored")) and (contains(@label, "reviews"))][1] | //*[contains(@name,"GlassProductTile.mainStackView") and not(contains(@label, "Sponsored")) and (contains(@label, "reviews"))] | //XCUIElementTypeCell[contains(@name,"ProductSectionCoordinator_searchPrimaryProductCell_indexPath")]/XCUIElementTypeOther/XCUIElementTypeOther[1]/XCUIElementTypeButton[1][not(contains(@label, "Sponsored"))]'
2025-04-14 20:59:07.014 [DEBUG] [thread-id 1] - Executing function: 'unified.us.functions.search.verifyItemPageOpened'
2025-04-14 20:59:31.336 [DEBUG] [thread-id 1] - Verify identifier: {//XCUIElementTypeStaticText[@name="BrandNameView_brandName" or @name = "TitleView_productTitle"] | //XCUIElementTypeButton[@name="BrandNameView_brandNameButton"]=[true]}
2025-04-14 20:59:32.192 [DEBUG] [thread-id 1] - Store in: store the value 'null' in the variable 'subFilter'
2025-04-14 20:59:32.193 [DEBUG] [thread-id 1] - Store in: store the value 'null' in the variable 'noAds'
2025-04-14 20:59:32.194 [DEBUG] [thread-id 1] - Store in: store the value 'null' in the variable 'excludeSponsored'
2025-04-14 20:59:32.196 [DEBUG] [thread-id 1] - Store in: store the value 'passed' in the variable 'testStatus'
2025-04-14 20:59:51.425 [DEBUG] [thread-id 1] - Executing scenario: 'After'
2025-04-14 20:59:51.432 [DEBUG] [thread-id 1] - Executing function: 'unified.us.functions.utils.afterSteps'
2025-04-14 20:59:51.433 [DEBUG] [thread-id 1] - conditionally execute a flow. condition: true
2025-04-14 21:00:00.208 [DEBUG] [thread-id 1] - Test passed
2025-04-14 21:00:22.105 [DEBUG] [thread-id 1] - Executing R2 4.0.2: '/Users/m0k0a2f/glass-automation/us/e2e-tests/test-scripts/ios/golden-flows/wplus-flow/deprecated/C2644723-badging-on-search.yaml' on device: 'iPhone 15'
2025-04-14 21:01:23.976 [DEBUG] [thread-id 1] - Executing scenario: 'Before'
2025-04-14 21:01:23.977 [DEBUG] [thread-id 1] - R2_SUBFLOW_PRE_TRANSACTION
2025-04-14 21:01:24.449 [DEBUG] [thread-id 1] - Using us-errors-helpers.yaml
2025-04-14 21:01:24.910 [DEBUG] [thread-id 1] - Start Main
2025-04-14 21:01:24.912 [DEBUG] [thread-id 1] - Executing function: 'us.functions.global.onboarding.allowLocation.navigateOnboardingToHome'
2025-04-14 21:01:24.912 [DEBUG] [thread-id 1] - Store in: store the value 'Onboarding' in the variable 'executionStage'
2025-04-14 21:01:25.028 [DEBUG] [thread-id 1] - Verify identifier: {//XCUIElementTypeButton[@name="SignUpNudgeWelcomeViewController.bodyLabel"] | //XCUIElementTypeStaticText[@name="SignUpNudgeWelcomeViewController.titleLabel"]=[true]}
