2025-05-16 16:01:39.918 [ERROR] [thread-id 1] - Cannot parse: /Users/m0k0a2f/glass-automation/us/unified-e2e-tests/modules/cart/functions.yaml
2025-05-16 16:01:39.943 [ERROR] [thread-id 1] - org.yaml.snakeyaml.error.YAMLException: Cannot create property=functions for JavaBean=com.walmartlabs.data.functions.Functions@7f7637b7
 in 'reader', line 1, column 1:
    functions:
    ^
Cannot create property=flow for JavaBean=com.walmartlabs.data.config.scenarios.StepBlocks@1f21f1f
 in 'reader', line 1790, column 5:
      - name: unified.us.functions.wplus ... 
        ^
Cannot create property=if for JavaBean=com.walmartlabs.data.config.scenarios.Flow@3866c045
 in 'reader', line 1792, column 9:
          - if: 
            ^
Cannot create property=then for JavaBean=com.walmartlabs.data.config.scenarios.If@342e2b72
 in 'reader', line 1793, column 11:
              identifier:
              ^
Cannot create property=if for JavaBean=com.walmartlabs.data.config.scenarios.Flow@3de86254
 in 'reader', line 1797, column 15:
                - if:
                  ^
Cannot create property=then for JavaBean=com.walmartlabs.data.config.scenarios.If@3e40eda3
 in 'reader', line 1798, column 17:
                    condition: ${platform} == 'iOS'
                    ^
Cannot create property=click for JavaBean=com.walmartlabs.data.config.scenarios.Flow@4fc8618b
 in 'reader', line 1804, column 21:
                      - click:
                        ^
Cannot create property=useActions for JavaBean=com.walmartlabs.data.config.scenarios.Click@17c3d19a
 in 'reader', line 1805, column 23:
                          identifier: us.mappings.reviewOr ... 
                          ^
Unable to find property 'useActions' on class: com.walmartlabs.data.config.scenarios.Click
 in 'reader', line 1806, column 35:
                          useActions: true  # please download r2 jar 5.6
                                      ^

 in 'reader', line 1805, column 23:
                          identifier: us.mappings.reviewOr ... 
                          ^

 in 'reader', line 1800, column 19:
                      - scroll:
                      ^

 in 'reader', line 1798, column 17:
                    condition: ${platform} == 'iOS'
                    ^

 in 'reader', line 1797, column 13:
                - if:
                ^

 in 'reader', line 1793, column 11:
              identifier:
              ^

 in 'reader', line 1792, column 7:
          - if: 
          ^

 in 'reader', line 2, column 3:
      - name: unified.us.functions.car ... 
      ^

2025-05-16 16:05:22.950 [DEBUG] [thread-id 1] - Executing R2 5.7.1: '/Users/m0k0a2f/glass-automation/us/unified-e2e-tests/test-scripts/wplus/benefits/production/C2664857-paid-member-delivery-item-less-than-35-free-delivery.yaml' on device: 'iPhone 15'
2025-05-16 16:10:17.646 [DEBUG] [thread-id 1] - Executing scenario: 'Before'
2025-05-16 16:10:17.651 [DEBUG] [thread-id 1] - Executing function: 'us.function.utils.getEnvironmentValue'
2025-05-16 16:10:17.652 [DEBUG] [thread-id 1] - Store in: store the value 'Onboarding' in the variable 'executionStage'
2025-05-16 16:10:17.653 [DEBUG] [thread-id 1] - Store in: store the value 'production' in the variable 'env'
2025-05-16 16:10:17.654 [DEBUG] [thread-id 1] - Timestamp: 1747437017654
2025-05-16 16:10:17.655 [DEBUG] [thread-id 1] - Executing function: 'functions.utils.setPlatformInfo'
2025-05-16 16:10:17.656 [DEBUG] [thread-id 1] - Store in: store the value 'Onboarding' in the variable 'executionStage'
2025-05-16 16:10:17.659 [WARN] [thread-id 1] - variable dependencies.general.appPackage was used, but r2 could not find a value for this variable. returning default of null
2025-05-16 16:10:17.660 [DEBUG] [thread-id 1] - Store in: store the value 'null' in the variable 'appPackage'
2025-05-16 16:10:17.670 [DEBUG] [thread-id 1] - conditionally execute a flow. condition: true
2025-05-16 16:10:17.916 [DEBUG] [thread-id 1] - Store in: store the value 'iOS' in the variable 'platform'
2025-05-16 16:10:17.925 [DEBUG] [thread-id 1] - R2_SUBFLOW_PRE_TRANSACTION
2025-05-16 16:10:18.407 [DEBUG] [thread-id 1] - Using us-errors-helpers.yaml
2025-05-16 16:10:18.874 [DEBUG] [thread-id 1] - Start Main
2025-05-16 16:10:18.875 [DEBUG] [thread-id 1] - Executing function: 'unified.us.functions.global.onboarding.navigateOnboardingToHome'
2025-05-16 16:10:18.876 [DEBUG] [thread-id 1] - Store in: store the value 'onboarding' in the variable 'executionStage'
2025-05-16 16:10:18.876 [DEBUG] [thread-id 1] - Welcome screen loaded
2025-05-16 16:10:18.880 [DEBUG] [thread-id 1] - conditionally execute a flow. condition: true
2025-05-16 16:10:19.108 [DEBUG] [thread-id 1] - Verify identifier: {cta.cancel.welcome=[true]}
2025-05-16 16:10:19.352 [DEBUG] [thread-id 1] - Store in: store the value 'true' in the variable 'testStarted'
2025-05-16 16:10:19.660 [DEBUG] [thread-id 1] - Click element: 'cta.cancel.welcome'
2025-05-16 16:10:20.638 [DEBUG] [thread-id 1] - Notifiction Prompt screen loaded
2025-05-16 16:10:21.629 [DEBUG] [thread-id 1] - Verify identifier: {NotificationPermissionViewController.titleLabel=[true]}
2025-05-16 16:10:21.902 [WARN] [thread-id 1] - variable allowNotifications was used, but r2 could not find a value for this variable. returning default of null
2025-05-16 16:10:21.902 [DEBUG] [thread-id 1] - conditionally execute a flow. condition: false
2025-05-16 16:10:24.238 [DEBUG] [thread-id 1] - Click element: 'cta.cancel.notifications'
2025-05-16 16:10:24.700 [DEBUG] [thread-id 1] - location screen loaded
2025-05-16 16:10:25.003 [DEBUG] [thread-id 1] - Verify identifier: {LocationPermissionViewController.titleLabel=[true]}
2025-05-16 16:10:25.004 [DEBUG] [thread-id 1] - Store in: store the value 'true' in the variable 'testStarted'
2025-05-16 16:10:25.047 [DEBUG] [thread-id 1] - Click element: 'Enter zip code'
2025-05-16 16:10:25.767 [DEBUG] [thread-id 1] - Verify identifier: {label.postal-code-entry=[true]}
2025-05-16 16:10:25.767 [DEBUG] [thread-id 1] - sleep:  2000 milliseconds
2025-05-16 16:10:27.864 [DEBUG] [thread-id 1] - Enter text: '95122'
2025-05-16 16:10:29.625 [DEBUG] [thread-id 1] - Click element: 'cta.continue'
2025-05-16 16:10:30.136 [DEBUG] [thread-id 1] - sleep:  3000 milliseconds
2025-05-16 16:10:43.308 [DEBUG] [thread-id 1] - Executing function: 'unified.us.functions.home.handlePersonalizedScreen'
2025-05-16 16:10:43.543 [DEBUG] [thread-id 1] - conditionally execute a flow. condition: true
2025-05-16 16:10:43.773 [DEBUG] [thread-id 1] - Observed Personalize Shopping Screen
2025-05-16 16:10:44.014 [DEBUG] [thread-id 1] - Verify identifier: {ATTPermissionViewController.bodyLabel=[true]}
2025-05-16 16:10:44.480 [DEBUG] [thread-id 1] - conditionally execute a flow. condition: true
2025-05-16 16:10:44.772 [DEBUG] [thread-id 1] - Click element: 'cta.continue.location'
2025-05-16 16:10:51.559 [DEBUG] [thread-id 1] - Personalized Shopping Experience Screen Handled.
2025-05-16 16:10:53.987 [DEBUG] [thread-id 1] - conditionally execute a flow. condition: true
2025-05-16 16:10:58.130 [DEBUG] [thread-id 1] - Click element: '(//XCUIElementTypeButton[@name="GicHighlightView.closeButton"])[2] | //XCUIElementTypeButton[@name="GicHighlightView.closeButton"]'
2025-05-16 16:10:59.544 [DEBUG] [thread-id 1] - Executing function: 'unified.us.functions.home.toolTip'
2025-05-16 16:11:01.159 [DEBUG] [thread-id 1] - conditionally execute a flow. condition: true
2025-05-16 16:11:03.747 [DEBUG] [thread-id 1] - tooltip displayed
2025-05-16 16:11:08.091 [DEBUG] [thread-id 1] - Verify identifier: {//XCUIElementTypeButton[@name="LDCallout.closeLinkButton"]=[true]}
2025-05-16 16:11:10.483 [DEBUG] [thread-id 1] - conditionally execute a flow. condition: true
2025-05-16 16:11:15.090 [DEBUG] [thread-id 1] - Click element: '//XCUIElementTypeButton[@name="LDCallout.closeLinkButton"]'
2025-05-16 16:11:24.789 [DEBUG] [thread-id 1] - Executing function: 'unified.us.functions.gic.collapseIfExpanded'
2025-05-16 16:11:31.670 [DEBUG] [thread-id 1] - GIC already collapsed
2025-05-16 16:11:34.111 [DEBUG] [thread-id 1] - Verify identifier: {Search Walmart=[true]}
2025-05-16 16:11:34.112 [DEBUG] [thread-id 1] - Executing function: 'unified.us.functions.home.navigateHomeToSignIn'
2025-05-16 16:11:34.113 [DEBUG] [thread-id 1] - Store in: store the value 'Pre-transactions' in the variable 'executionStage'
2025-05-16 16:11:35.702 [DEBUG] [thread-id 1] - Click element: '//XCUIElementTypeButton[@name="Account"] | Account'
2025-05-16 16:11:37.888 [DEBUG] [thread-id 1] - Verify identifier: {//XCUIElementTypeButton[@name="SignInYourAccountTableViewCell.signInButton"] | //XCUIElementTypeButton[@name="SignInYourAccountView.signInButton"]=[true]}
2025-05-16 16:11:38.210 [DEBUG] [thread-id 1] - Click element: '//XCUIElementTypeButton[@name="SignInYourAccountTableViewCell.signInButton"] | //XCUIElementTypeButton[@name="SignInYourAccountView.signInButton"]'
2025-05-16 16:11:40.200 [DEBUG] [thread-id 1] - conditionally execute a flow. condition: true
2025-05-16 16:11:41.524 [DEBUG] [thread-id 1] - Store in: store the value 'true' in the variable 'signInValidated'
2025-05-16 16:11:41.537 [DEBUG] [thread-id 1] - conditionally execute a flow. condition: true
2025-05-16 16:11:42.785 [DEBUG] [thread-id 1] - SignIn page loaded
2025-05-16 16:11:44.099 [DEBUG] [thread-id 1] - Store in: store the value 'false' in the variable 'signInValidated'
2025-05-16 16:11:44.106 [DEBUG] [thread-id 1] - Executing function: 'unified.us.functions.global.authentication.signInAccount'
2025-05-16 16:11:44.107 [DEBUG] [thread-id 1] - conditionally execute a flow. condition: true
2025-05-16 16:11:57.856 [DEBUG] [thread-id 1] - Verify identifier: {TextFieldStackView.containerStackView=[true]}
2025-05-16 16:11:58.020 [DEBUG] [thread-id 1] - Enter text: 'paidannual1@cloudtest.org'
2025-05-16 16:12:02.894 [DEBUG] [thread-id 1] - Click element: 'WelcomeView.ctaButton'
2025-05-16 16:12:03.619 [DEBUG] [thread-id 1] - sleep:  2000 milliseconds
2025-05-16 16:12:06.327 [DEBUG] [thread-id 1] - conditionally execute a flow. condition: true
2025-05-16 16:12:07.765 [DEBUG] [thread-id 1] - Entered Email Successfully
2025-05-16 16:12:09.249 [DEBUG] [thread-id 1] - conditionally execute a flow. condition: true
2025-05-16 16:12:10.995 [DEBUG] [thread-id 1] - Click element: 'AuthChoiceView.passwordStackView'
2025-05-16 16:12:13.273 [DEBUG] [thread-id 1] - Selected Password Option to Login
2025-05-16 16:12:13.360 [DEBUG] [thread-id 1] - Verify identifier: {TextFieldStackView.textField=[true]}
2025-05-16 16:12:13.549 [DEBUG] [thread-id 1] - Enter text: 'E2epassword'
2025-05-16 16:12:20.524 [DEBUG] [thread-id 1] - Click element: 'AuthChoiceView.ctaButton'
2025-05-16 16:12:41.938 [DEBUG] [thread-id 1] - conditionally execute a flow. condition: true
2025-05-16 16:12:42.788 [DEBUG] [thread-id 1] - sleep:  2000 milliseconds
2025-05-16 16:12:56.875 [DEBUG] [thread-id 1] - Executing function: 'unified.us.functions.utils.handleCartMergePopup'
2025-05-16 16:13:18.884 [DEBUG] [thread-id 1] - No Technical Error Page observed
2025-05-16 16:13:18.910 [DEBUG] [thread-id 1] - Executing function: 'unified.us.functions.home.toolTip'
2025-05-16 16:13:29.755 [DEBUG] [thread-id 1] - Executing function: 'unified.us.functions.global.navigation.accountToHome'
2025-05-16 16:13:29.756 [DEBUG] [thread-id 1] - Executing function: 'unified.us.functions.global.navigation.toTab'
2025-05-16 16:13:29.757 [DEBUG] [thread-id 1] - Executing function: 'unified.us.functions.utils.scrollIfNotVisible'
2025-05-16 16:13:29.758 [WARN] [thread-id 1] - variable scrollLimit was used, but r2 could not find a value for this variable. returning default of null
2025-05-16 16:13:29.758 [DEBUG] [thread-id 1] - conditionally execute a flow. condition: true
2025-05-16 16:13:30.611 [DEBUG] [thread-id 1] - Store in: store the value '7' in the variable 'scrollLimit'
2025-05-16 16:13:30.629 [DEBUG] [thread-id 1] - Scroll limit set to - 7
2025-05-16 16:13:30.630 [DEBUG] [thread-id 1] - conditionally execute a flow. condition: true
2025-05-16 16:13:32.021 [DEBUG] [thread-id 1] - conditionally execute a flow. condition: true
2025-05-16 16:13:32.856 [DEBUG] [thread-id 1] - Element already visible, scrolling is skipped
2025-05-16 16:13:32.882 [WARN] [thread-id 1] - variable scrollNeeded was used, but r2 could not find a value for this variable. returning default of null
2025-05-16 16:13:32.883 [DEBUG] [thread-id 1] - Resetting scrollPosition variable to default
2025-05-16 16:13:32.884 [DEBUG] [thread-id 1] - Store in: store the value 'null' in the variable 'scrollPosition'
2025-05-16 16:13:32.885 [DEBUG] [thread-id 1] - Store in: store the value 'null' in the variable 'identifierScope'
2025-05-16 16:13:32.886 [DEBUG] [thread-id 1] - Store in: store the value 'null' in the variable 'scrollLimit'
2025-05-16 16:13:32.886 [DEBUG] [thread-id 1] - Store in: store the value 'false' in the variable 'scrollNeeded'
2025-05-16 16:13:33.379 [DEBUG] [thread-id 1] - Click element: '//XCUIElementTypeButton[contains(@name, "Shop")]'
2025-05-16 16:13:34.014 [DEBUG] [thread-id 1] - Executing function: 'unified.us.functions.home.closeWPlusPromotionPopUpIfDisplayed'
2025-05-16 16:13:34.015 [DEBUG] [thread-id 1] - conditionally execute a flow. condition: true
2025-05-16 16:13:47.965 [DEBUG] [thread-id 1] - Executing function: 'unified.us.functions.global.navigation.toCartFromNavBar'
2025-05-16 16:13:47.965 [DEBUG] [thread-id 1] - Store in: store the value 'Transactions' in the variable 'executionStage'
2025-05-16 16:13:50.018 [DEBUG] [thread-id 1] - Verify identifier: {//XCUIElementTypeButton[contains(@label, "Your cart")] | //XCUIElementTypeButton[(@name="SearchResultsViewController.cartButton") or (contains(@label,"Your cart contains") and contains(@label,"The estimated total is")) or (@label="Your cart is empty")]=[true]}
2025-05-16 16:13:52.321 [DEBUG] [thread-id 1] - Click element: '//XCUIElementTypeButton[contains(@label, "Your cart")] | //XCUIElementTypeButton[(@name="SearchResultsViewController.cartButton") or (contains(@label,"Your cart contains") and contains(@label,"The estimated total is")) or (@label="Your cart is empty")]'
2025-05-16 16:13:53.635 [DEBUG] [thread-id 1] - Executing function: 'unified.us.functions.cart.unavailableItemPopUp'
2025-05-16 16:14:19.325 [DEBUG] [thread-id 1] - No Unavailable Item PopUp
2025-05-16 16:14:19.951 [DEBUG] [thread-id 1] - Executing function: 'unified.us.functions.cart.storeChangePopUp'
2025-05-16 16:14:34.776 [DEBUG] [thread-id 1] - No Store Change pop up screen displayed
2025-05-16 16:14:50.422 [DEBUG] [thread-id 1] - conditionally execute a flow. condition: false
2025-05-16 16:15:14.030 [DEBUG] [thread-id 1] - conditionally execute a flow. condition: false
2025-05-16 16:15:21.954 [WARN] [thread-id 1] - variable skipValidation was used, but r2 could not find a value for this variable. returning default of null
2025-05-16 16:15:21.955 [DEBUG] [thread-id 1] - conditionally execute a flow. condition: true
2025-05-16 16:15:43.979 [DEBUG] [thread-id 1] - conditionally execute a flow. condition: true
2025-05-16 16:15:51.675 [DEBUG] [thread-id 1] - cart page loaded
2025-05-16 16:15:52.334 [DEBUG] [thread-id 1] - Executing function: 'unified.us.functions.cart.removeAllCartItems'
2025-05-16 16:15:52.335 [DEBUG] [thread-id 1] - Executing function: 'unified.us.functions.cart.storeChangePopUp'
2025-05-16 16:16:07.202 [DEBUG] [thread-id 1] - No Store Change pop up screen displayed
2025-05-16 16:16:07.822 [DEBUG] [thread-id 1] - Executing function: 'unified.us.functions.cart.removeAdonsNotAvailable'
2025-05-16 16:16:26.876 [DEBUG] [thread-id 1] - No remove Adons pop up screen displayed
2025-05-16 16:16:27.505 [DEBUG] [thread-id 1] - Executing function: 'unified.us.functions.cart.unavailableItemPopUp'
2025-05-16 16:16:46.837 [DEBUG] [thread-id 1] - No Unavailable Item PopUp
2025-05-16 16:17:02.343 [DEBUG] [thread-id 1] - conditionally execute a flow. condition: false
2025-05-16 16:17:10.056 [DEBUG] [thread-id 1] - conditionally execute a flow. condition: true
2025-05-16 16:17:17.697 [DEBUG] [thread-id 1] - Executing function: 'unified.us.functions.cart.seeDetails'
2025-05-16 16:17:17.698 [DEBUG] [thread-id 1] - conditionally execute a flow. condition: true
2025-05-16 16:17:25.429 [DEBUG] [thread-id 1] - loop: from 0 to 5
2025-05-16 16:17:33.120 [DEBUG] [thread-id 1] - 0
2025-05-16 16:18:02.199 [DEBUG] [thread-id 1] - No See details in Cart
2025-05-16 16:18:17.643 [DEBUG] [thread-id 1] - loop: from 0 to 11
2025-05-16 16:18:25.528 [DEBUG] [thread-id 1] - 0
2025-05-16 16:18:48.622 [DEBUG] [thread-id 1] - Smart Budge view not displayed
2025-05-16 16:19:11.194 [DEBUG] [thread-id 1] - Verify identifier: {//XCUIElementTypeButton[contains(@label, "Remove and continue")] | //XCUIElementTypeButton[@name="Remove" or @name = "CartItemTileView.remove"]=[true]}
2025-05-16 16:19:25.680 [DEBUG] [thread-id 1] - conditionally execute a flow. condition: true
2025-05-16 16:19:33.510 [DEBUG] [thread-id 1] - Scroll: down
2025-05-16 16:20:04.186 [DEBUG] [thread-id 1] - Click element: '//XCUIElementTypeButton[contains(@label, "Remove and continue")] | //XCUIElementTypeButton[@name="Remove" or @name = "CartItemTileView.remove"]'
2025-05-16 16:20:15.597 [DEBUG] [thread-id 1] - 1
2025-05-16 16:20:35.565 [DEBUG] [thread-id 1] - Smart Budge view not displayed
2025-05-16 16:21:00.896 [DEBUG] [thread-id 1] - No Items in Cart to Remove
2025-05-16 16:21:14.809 [DEBUG] [thread-id 1] - Executing function: 'unified.us.functions.cart.removeUnavailableItemsFromCart'
2025-05-16 16:21:14.813 [DEBUG] [thread-id 1] - conditionally execute a flow. condition: true
2025-05-16 16:21:35.547 [DEBUG] [thread-id 1] - Executing function: 'unified.us.functions.global.navigation.backNavigation'
2025-05-16 16:21:35.550 [DEBUG] [thread-id 1] - Global Back navigation
2025-05-16 16:21:35.552 [DEBUG] [thread-id 1] - conditionally execute a flow. condition: true
2025-05-16 16:21:46.759 [DEBUG] [thread-id 1] - conditionally execute a flow. condition: true
2025-05-16 16:22:01.178 [DEBUG] [thread-id 1] - Click element: '//XCUIElementTypeButton[@name="Back" or @label="Back"] | //XCUIElementTypeNavigationBar[@name="Cart"]/XCUIElementTypeButton[contains(@name,"Search")] | //XCUIElementTypeNavigationBar/XCUIElementTypeButton[not(contains(@label,"cart"))]'
2025-05-16 16:22:03.717 [DEBUG] [thread-id 1] - Executing function: 'unified.us.functions.gic.changeFulfillment'
2025-05-16 16:22:03.717 [DEBUG] [thread-id 1] - Executing function: 'unified.us.functions.gic.expandIfCollapsed'
2025-05-16 16:22:09.160 [DEBUG] [thread-id 1] - Verify identifier: {//*[contains(@label,"Collapsed")] | //*[contains(@name,"Collapsed")]=[true]}
2025-05-16 16:22:14.025 [DEBUG] [thread-id 1] - Click element: '//*[contains(@label,"Collapsed")] | //*[contains(@name,"Collapsed")]'
2025-05-16 16:22:15.334 [DEBUG] [thread-id 1] - Executing function: 'unified.us.functions.gic.setFulfillment'
2025-05-16 16:22:15.335 [DEBUG] [thread-id 1] - conditionally execute a flow. condition: true
2025-05-16 16:22:26.614 [DEBUG] [thread-id 1] - conditionally execute a flow. condition: false
2025-05-16 16:22:29.400 [DEBUG] [thread-id 1] - Click element: '//XCUIElementTypeButton[@name="GlobalIntentCenter.Delivery"] | //XCUIElementTypeButton[contains(@name, "Delivery") ] | //XCUIElementTypeButton[@name="HoTIntentOptionsView" or @name="HoTIntentOptionsPhase2View" and contains(@label,"Delivery")]'
2025-05-16 16:22:30.742 [DEBUG] [thread-id 1] - Delivery intent selected
2025-05-16 16:22:31.589 [DEBUG] [thread-id 1] - sleep:  3000 milliseconds
2025-05-16 16:22:45.792 [DEBUG] [thread-id 1] - Executing function: 'unified.us.functions.gic.collapseIfExpanded'
2025-05-16 16:22:47.314 [DEBUG] [thread-id 1] - Verify identifier: {//*[contains(@label,"Expanded")] | //*[contains(@name,"Expanded")]=[true]}
2025-05-16 16:22:48.247 [DEBUG] [thread-id 1] - Collapsing GIC screen
2025-05-16 16:22:49.778 [DEBUG] [thread-id 1] - Click element: '//*[contains(@label,"Expanded")] | //*[contains(@name,"Expanded")]'
2025-05-16 16:22:50.412 [DEBUG] [thread-id 1] - Executing function: 'unified.us.functions.search.searchItem'
2025-05-16 16:22:51.928 [DEBUG] [thread-id 1] - Verify identifier: {//XCUIElementTypeSearchField[@name="Search Walmart"] | //XCUIElementTypeNavigationBar[contains(@name,"Search.")]//XCUIElementTypeSearchField | //XCUIElementTypeButton[contains(@name,"Search")]/following-sibling::XCUIElementTypeSearchField=[true]}
2025-05-16 16:22:56.451 [DEBUG] [thread-id 1] - Click element: '//XCUIElementTypeSearchField[@name="Search Walmart"] | //XCUIElementTypeNavigationBar[contains(@name,"Search.")]//XCUIElementTypeSearchField | //XCUIElementTypeButton[contains(@name,"Search")]/following-sibling::XCUIElementTypeSearchField'
2025-05-16 16:22:57.721 [DEBUG] [thread-id 1] - sleep:  3000 milliseconds
2025-05-16 16:23:01.231 [DEBUG] [thread-id 1] - Enter text: 'pen'
2025-05-16 16:23:12.687 [DEBUG] [thread-id 1] - Executing function: 'unified.us.functions.search.closeEasyWaytoGetOrderPopup'
2025-05-16 16:23:23.374 [DEBUG] [thread-id 1] - Executing function: 'unified.us.functions.utils.scrollIfNotVisible'
2025-05-16 16:23:23.375 [DEBUG] [thread-id 1] - conditionally execute a flow. condition: true
2025-05-16 16:23:24.239 [DEBUG] [thread-id 1] - Store in: store the value '7' in the variable 'scrollLimit'
2025-05-16 16:23:24.261 [DEBUG] [thread-id 1] - Scroll limit set to - 7
2025-05-16 16:23:24.261 [DEBUG] [thread-id 1] - conditionally execute a flow. condition: true
2025-05-16 16:23:25.715 [DEBUG] [thread-id 1] - conditionally execute a flow. condition: true
2025-05-16 16:23:26.576 [DEBUG] [thread-id 1] - Element already visible, scrolling is skipped
2025-05-16 16:23:26.586 [DEBUG] [thread-id 1] - Resetting scrollPosition variable to default
2025-05-16 16:23:26.586 [DEBUG] [thread-id 1] - Store in: store the value 'null' in the variable 'scrollPosition'
2025-05-16 16:23:26.587 [DEBUG] [thread-id 1] - Store in: store the value 'null' in the variable 'identifierScope'
2025-05-16 16:23:26.587 [DEBUG] [thread-id 1] - Store in: store the value 'null' in the variable 'scrollLimit'
2025-05-16 16:23:26.587 [DEBUG] [thread-id 1] - Store in: store the value 'false' in the variable 'scrollNeeded'
2025-05-16 16:23:27.084 [DEBUG] [thread-id 1] - conditionally execute a flow. condition: true
2025-05-16 16:23:27.967 [DEBUG] [thread-id 1] - successfully found an item for the above search criterion
2025-05-16 16:23:28.035 [DEBUG] [thread-id 1] - Executing function: 'unified.us.functions.search.clickOnFirstItem'
2025-05-16 16:23:28.037 [WARN] [thread-id 1] - variable noAds was used, but r2 could not find a value for this variable. returning default of null
2025-05-16 16:23:28.037 [WARN] [thread-id 1] - variable excludeSponsored was used, but r2 could not find a value for this variable. returning default of null
2025-05-16 16:23:28.037 [WARN] [thread-id 1] - variable subFilter was used, but r2 could not find a value for this variable. returning default of null
2025-05-16 16:23:28.038 [DEBUG] [thread-id 1] - conditionally execute a flow. condition: true
2025-05-16 16:23:28.910 [DEBUG] [thread-id 1] - Executing function: 'unified.us.functions.utils.scrollIfNotVisible'
2025-05-16 16:23:28.911 [DEBUG] [thread-id 1] - conditionally execute a flow. condition: true
2025-05-16 16:23:29.766 [DEBUG] [thread-id 1] - Store in: store the value '7' in the variable 'scrollLimit'
2025-05-16 16:23:29.784 [DEBUG] [thread-id 1] - Scroll limit set to - 7
2025-05-16 16:23:29.785 [DEBUG] [thread-id 1] - conditionally execute a flow. condition: true
2025-05-16 16:23:31.308 [DEBUG] [thread-id 1] - conditionally execute a flow. condition: true
2025-05-16 16:23:32.164 [DEBUG] [thread-id 1] - Element already visible, scrolling is skipped
2025-05-16 16:23:32.179 [DEBUG] [thread-id 1] - Resetting scrollPosition variable to default
2025-05-16 16:23:32.180 [DEBUG] [thread-id 1] - Store in: store the value 'null' in the variable 'scrollPosition'
2025-05-16 16:23:32.180 [DEBUG] [thread-id 1] - Store in: store the value 'null' in the variable 'identifierScope'
2025-05-16 16:23:32.180 [DEBUG] [thread-id 1] - Store in: store the value 'null' in the variable 'scrollLimit'
2025-05-16 16:23:32.180 [DEBUG] [thread-id 1] - Store in: store the value 'false' in the variable 'scrollNeeded'
2025-05-16 16:23:33.602 [DEBUG] [thread-id 1] - Click element: '(//XCUIElementTypeButton[@name="GlassProductTile.mainStackView"])[1] | //XCUIElementTypeOther[contains(@name,"ProductImageView.stackView")] | //*[contains(@name,"ProductSectionCoordinator_searchPrimaryProductCell")] | //XCUIElementTypeCell[contains(@name,"ProductSectionCoordinator_searchPrimaryProductCell_indexPath")] | (//XCUIElementTypeOther[@name="ProductImageView.stackView"])[1] | (//XCUIElementTypeButton[@name="GlassProductTile.mainStackView"])[2] | //XCUIElementTypeButton[@name="ListView.accessibilityContainer"]'
2025-05-16 16:23:34.189 [DEBUG] [thread-id 1] - Executing function: 'unified.us.functions.search.verifyItemPageOpened'
2025-05-16 16:24:05.055 [DEBUG] [thread-id 1] - Verify identifier: {//XCUIElementTypeStaticText[@name="BrandNameView_brandName" or @name = "TitleView_productTitle"] | //XCUIElementTypeButton[@name="BrandNameView_brandNameButton"]=[true]}
2025-05-16 16:24:06.788 [DEBUG] [thread-id 1] - Store in: store the value 'null' in the variable 'subFilter'
2025-05-16 16:24:06.790 [DEBUG] [thread-id 1] - Store in: store the value 'null' in the variable 'noAds'
2025-05-16 16:24:06.790 [DEBUG] [thread-id 1] - Store in: store the value 'null' in the variable 'excludeSponsored'
2025-05-16 16:24:06.793 [DEBUG] [thread-id 1] - Executing function: 'unified.us.functions.item.addItemToCart'
2025-05-16 16:24:06.794 [DEBUG] [thread-id 1] - Store in: store the value 'Transactions' in the variable 'executionStage'
2025-05-16 16:24:06.795 [DEBUG] [thread-id 1] - Executing function: 'unified.us.functions.item.validateAndClickAddToCartButton'
2025-05-16 16:24:38.613 [DEBUG] [thread-id 1] - Verify identifier: {//XCUIElementTypeButton[@name="stepper.mainButton"] | //XCUIElementTypeButton[@name="PrescriptionOrderFooter.addToCartButton"] | //XCUIElementTypeButton[@name="SubscriptionEnrollmentCTAView.primaryButton"]=[true]}
2025-05-16 16:24:57.370 [DEBUG] [thread-id 1] - ATC button present
2025-05-16 16:25:15.918 [DEBUG] [thread-id 1] - conditionally execute a flow. condition: true
2025-05-16 16:25:34.690 [DEBUG] [thread-id 1] - Executing function: 'unified.us.functions.utils.scrollIfNotVisible'
2025-05-16 16:25:34.692 [DEBUG] [thread-id 1] - Scroll limit set to - 4
2025-05-16 16:25:34.692 [DEBUG] [thread-id 1] - conditionally execute a flow. condition: true
2025-05-16 16:26:10.330 [DEBUG] [thread-id 1] - conditionally execute a flow. condition: true
2025-05-16 16:26:27.328 [DEBUG] [thread-id 1] - Element already visible, scrolling is skipped
2025-05-16 16:26:28.944 [DEBUG] [thread-id 1] - Resetting scrollPosition variable to default
2025-05-16 16:26:28.944 [DEBUG] [thread-id 1] - Store in: store the value 'null' in the variable 'scrollPosition'
2025-05-16 16:26:28.944 [DEBUG] [thread-id 1] - Store in: store the value 'null' in the variable 'identifierScope'
2025-05-16 16:26:28.945 [DEBUG] [thread-id 1] - Store in: store the value 'null' in the variable 'scrollLimit'
2025-05-16 16:26:28.945 [DEBUG] [thread-id 1] - Store in: store the value 'false' in the variable 'scrollNeeded'
2025-05-16 16:27:00.126 [DEBUG] [thread-id 1] - Click element: '//XCUIElementTypeButton[@name="stepper.mainButton"] | //XCUIElementTypeButton[@name="PrescriptionOrderFooter.addToCartButton"] | //XCUIElementTypeButton[@name="SubscriptionEnrollmentCTAView.primaryButton"]'
2025-05-16 16:27:12.793 [WARN] [thread-id 1] - variable skipPostAddToCartSteps was used, but r2 could not find a value for this variable. returning default of null
2025-05-16 16:27:12.795 [DEBUG] [thread-id 1] - conditionally execute a flow. condition: true
2025-05-16 16:27:32.166 [DEBUG] [thread-id 1] - conditionally execute a flow. condition: true
2025-05-16 16:27:53.237 [DEBUG] [thread-id 1] - Executing function: 'unified.us.functions.global.navigation.goToDeepLink'
2025-05-16 16:27:53.238 [DEBUG] [thread-id 1] - Store in: store the value 'Post-transactions' in the variable 'executionStage'
2025-05-16 16:27:53.238 [DEBUG] [thread-id 1] - Open deep link
2025-05-16 16:27:53.238 [DEBUG] [thread-id 1] - walmart://home
2025-05-16 16:27:53.239 [DEBUG] [thread-id 1] - Verify value of: '$deepLinkUrl'
2025-05-16 16:27:53.239 [DEBUG] [thread-id 1] - Open link: 'walmart://home'
2025-05-16 16:27:56.164 [DEBUG] [thread-id 1] - conditionally execute a flow. condition: true
2025-05-16 16:27:59.554 [DEBUG] [thread-id 1] - Executing function: 'unified.us.functions.global.navigation.openDeepLink'
2025-05-16 16:28:04.989 [DEBUG] [thread-id 1] - Deeplink pop up not displayed
2025-05-16 16:28:05.222 [DEBUG] [thread-id 1] - sleep:  5000 milliseconds
2025-05-16 16:28:12.935 [DEBUG] [thread-id 1] - Executing function: 'unified.us.functions.home.closeWPlusPromotionPopUpIfDisplayed'
2025-05-16 16:28:12.935 [DEBUG] [thread-id 1] - conditionally execute a flow. condition: true
2025-05-16 16:28:26.780 [DEBUG] [thread-id 1] - Store in: store the value 'false' in the variable 'skipPostAddToCartSteps'
2025-05-16 16:28:26.781 [DEBUG] [thread-id 1] - Store in: store the value 'false' in the variable 'apiFetch'
2025-05-16 16:28:26.782 [DEBUG] [thread-id 1] - Executing function: 'unified.us.functions.global.navigation.toCartFromNavBar'
2025-05-16 16:28:26.782 [DEBUG] [thread-id 1] - Store in: store the value 'Transactions' in the variable 'executionStage'
2025-05-16 16:28:28.752 [DEBUG] [thread-id 1] - Verify identifier: {//XCUIElementTypeButton[contains(@label, "Your cart")] | //XCUIElementTypeButton[(@name="SearchResultsViewController.cartButton") or (contains(@label,"Your cart contains") and contains(@label,"The estimated total is")) or (@label="Your cart is empty")]=[true]}
2025-05-16 16:28:30.914 [DEBUG] [thread-id 1] - Click element: '//XCUIElementTypeButton[contains(@label, "Your cart")] | //XCUIElementTypeButton[(@name="SearchResultsViewController.cartButton") or (contains(@label,"Your cart contains") and contains(@label,"The estimated total is")) or (@label="Your cart is empty")]'
2025-05-16 16:28:49.361 [DEBUG] [thread-id 1] - No Unavailable Item PopUp
2025-05-16 16:29:04.215 [DEBUG] [thread-id 1] - No Store Change pop up screen displayed
2025-05-16 16:29:19.004 [DEBUG] [thread-id 1] - conditionally execute a flow. condition: false
2025-05-16 16:29:41.417 [DEBUG] [thread-id 1] - conditionally execute a flow. condition: false
2025-05-16 16:29:48.784 [WARN] [thread-id 1] - variable skipValidation was used, but r2 could not find a value for this variable. returning default of null
2025-05-16 16:29:48.785 [DEBUG] [thread-id 1] - conditionally execute a flow. condition: true
2025-05-16 16:30:10.497 [DEBUG] [thread-id 1] - conditionally execute a flow. condition: true
2025-05-16 16:30:17.963 [DEBUG] [thread-id 1] - cart page loaded
2025-05-16 16:30:18.620 [DEBUG] [thread-id 1] - Executing function: 'unified.us.functions.cart.switchBetweenPickUpAndShipping'
2025-05-16 16:30:18.621 [DEBUG] [thread-id 1] - ----------Start of function to switch fulfillment type to delivery----------
2025-05-16 16:30:18.622 [DEBUG] [thread-id 1] - Executing function: 'unified.us.functions.cart.scrollToTopOfCart'
2025-05-16 16:30:18.623 [DEBUG] [thread-id 1] - -------Scroll to top of cart page function start-------
2025-05-16 16:30:25.499 [DEBUG] [thread-id 1] - Executing function: 'us.functions.utils.scrollIfNotVisible'
2025-05-16 16:30:40.366 [DEBUG] [thread-id 1] - Verify identifier: {//XCUIElementTypeStaticText[@name="CartDetailsViewController.headerCartLabel"] | //XCUIElementTypeStaticText[@name="CartEmptyStateViewController.titleLabel" and not(contains(@label,"We're sorry!"))] | //XCUIElementTypeStaticText[@name="CartHeaderCellContainer"]=[true]}
2025-05-16 16:30:47.149 [DEBUG] [thread-id 1] - Element already visible, scrolling is skipped
2025-05-16 16:30:47.739 [DEBUG] [thread-id 1] - Resetting scrollPosition variable to default
2025-05-16 16:30:47.746 [DEBUG] [thread-id 1] - Store in: store the value 'null' in the variable 'scrollPosition'
2025-05-16 16:30:47.747 [DEBUG] [thread-id 1] - Store in: store the value 'null' in the variable 'identifierScope'
2025-05-16 16:30:47.751 [DEBUG] [thread-id 1] - Store in: store the value 'null' in the variable 'limit'
2025-05-16 16:30:54.612 [WARN] [thread-id 1] - variable skip was used, but r2 could not find a value for this variable. returning default of null
2025-05-16 16:30:54.613 [DEBUG] [thread-id 1] - conditionally execute a flow. condition: false
2025-05-16 16:31:08.340 [DEBUG] [thread-id 1] - Verify identifier: {//XCUIElementTypeStaticText[@name="CartDetailsViewController.headerCartLabel"] | //XCUIElementTypeStaticText[@name="CartEmptyStateViewController.titleLabel" and not(contains(@label,"We're sorry!"))] | //XCUIElementTypeStaticText[@name="CartHeaderCellContainer"]=[true]}
2025-05-16 16:31:23.163 [DEBUG] [thread-id 1] - Executing function: 'us.functions.utils.scrollIfNotVisible'
2025-05-16 16:31:33.112 [DEBUG] [thread-id 1] - Verify identifier: {FulfillmentSummaryView.titlePrefixLabel=[true]}
2025-05-16 16:31:40.612 [DEBUG] [thread-id 1] - Element already visible, scrolling is skipped
2025-05-16 16:31:41.229 [DEBUG] [thread-id 1] - Resetting scrollPosition variable to default
2025-05-16 16:31:41.229 [DEBUG] [thread-id 1] - Store in: store the value 'null' in the variable 'scrollPosition'
2025-05-16 16:31:41.230 [DEBUG] [thread-id 1] - Store in: store the value 'null' in the variable 'identifierScope'
2025-05-16 16:31:41.230 [DEBUG] [thread-id 1] - Store in: store the value 'null' in the variable 'limit'
2025-05-16 16:31:41.247 [DEBUG] [thread-id 1] - -------Scroll to top of cart page function end-------
2025-05-16 16:31:48.011 [DEBUG] [thread-id 1] - conditionally execute a flow. condition: true
2025-05-16 16:31:55.463 [DEBUG] [thread-id 1] - Executing function: 'unified.us.functions.utils.getFulfillmentTextsForIntentSelection'
2025-05-16 16:31:55.464 [DEBUG] [thread-id 1] - conditionally execute a flow. condition: false
2025-05-16 16:32:02.898 [DEBUG] [thread-id 1] - conditionally execute a flow. condition: false
2025-05-16 16:32:10.295 [DEBUG] [thread-id 1] - conditionally execute a flow. condition: true
2025-05-16 16:32:17.666 [DEBUG] [thread-id 1] - Store in: store the value 'delivery' in the variable 'fulfillmentType'
2025-05-16 16:32:25.082 [DEBUG] [thread-id 1] - Store in: store the value 'Delivery' in the variable 'altFulfillmentType'
2025-05-16 16:32:32.500 [DEBUG] [thread-id 1] - conditionally execute a flow. condition: true
2025-05-16 16:32:41.788 [DEBUG] [thread-id 1] - Click element: 'CartFulfillmentSwitchingBannerView.fulfillmentImage'
2025-05-16 16:33:01.310 [DEBUG] [thread-id 1] - conditionally execute a flow. condition: true
2025-05-16 16:33:08.951 [DEBUG] [thread-id 1] - conditionally execute a flow. condition: true
2025-05-16 16:33:16.683 [DEBUG] [thread-id 1] - Old GIC view with shipping intent
2025-05-16 16:33:24.440 [WARN] [thread-id 1] - variable skipSwitch was used, but r2 could not find a value for this variable. returning default of null
2025-05-16 16:33:24.440 [DEBUG] [thread-id 1] - conditionally execute a flow. condition: false
2025-05-16 16:33:52.117 [DEBUG] [thread-id 1] - conditionally execute a flow. condition: false
2025-05-16 16:34:00.153 [DEBUG] [thread-id 1] - Required fulfillment type is either already selected or is disabled or not applicable for the the items selected
2025-05-16 16:34:00.827 [DEBUG] [thread-id 1] - ----------End of function to switch fulfillment type to delivery----------
2025-05-16 16:34:00.828 [DEBUG] [thread-id 1] - Executing function: 'unified.us.functions.selectBookingSlotSkipIfNotRequired'
2025-05-16 16:34:00.828 [DEBUG] [thread-id 1] - Executing function: 'unified.us.functions.cart.scrollToTopOfCart'
2025-05-16 16:34:00.829 [DEBUG] [thread-id 1] - -------Scroll to top of cart page function start-------
2025-05-16 16:34:23.939 [DEBUG] [thread-id 1] - Verify identifier: {//XCUIElementTypeStaticText[@name="CartDetailsViewController.headerCartLabel"] | //XCUIElementTypeStaticText[@name="CartEmptyStateViewController.titleLabel" and not(contains(@label,"We're sorry!"))] | //XCUIElementTypeStaticText[@name="CartHeaderCellContainer"]=[true]}
2025-05-16 16:34:31.077 [DEBUG] [thread-id 1] - Element already visible, scrolling is skipped
2025-05-16 16:34:31.700 [DEBUG] [thread-id 1] - Resetting scrollPosition variable to default
2025-05-16 16:34:31.701 [DEBUG] [thread-id 1] - Store in: store the value 'null' in the variable 'scrollPosition'
2025-05-16 16:34:31.701 [DEBUG] [thread-id 1] - Store in: store the value 'null' in the variable 'identifierScope'
2025-05-16 16:34:31.702 [DEBUG] [thread-id 1] - Store in: store the value 'null' in the variable 'limit'
2025-05-16 16:34:38.890 [WARN] [thread-id 1] - variable skip was used, but r2 could not find a value for this variable. returning default of null
2025-05-16 16:34:38.891 [DEBUG] [thread-id 1] - conditionally execute a flow. condition: false
2025-05-16 16:34:53.640 [DEBUG] [thread-id 1] - Verify identifier: {//XCUIElementTypeStaticText[@name="CartDetailsViewController.headerCartLabel"] | //XCUIElementTypeStaticText[@name="CartEmptyStateViewController.titleLabel" and not(contains(@label,"We're sorry!"))] | //XCUIElementTypeStaticText[@name="CartHeaderCellContainer"]=[true]}
2025-05-16 16:35:20.153 [DEBUG] [thread-id 1] - Verify identifier: {FulfillmentSummaryView.titlePrefixLabel=[true]}
2025-05-16 16:35:28.868 [DEBUG] [thread-id 1] - Element already visible, scrolling is skipped
2025-05-16 16:35:29.815 [DEBUG] [thread-id 1] - Resetting scrollPosition variable to default
2025-05-16 16:35:29.817 [DEBUG] [thread-id 1] - Store in: store the value 'null' in the variable 'scrollPosition'
2025-05-16 16:35:29.818 [DEBUG] [thread-id 1] - Store in: store the value 'null' in the variable 'identifierScope'
2025-05-16 16:35:29.818 [DEBUG] [thread-id 1] - Store in: store the value 'null' in the variable 'limit'
2025-05-16 16:35:29.833 [DEBUG] [thread-id 1] - -------Scroll to top of cart page function end-------
2025-05-16 16:35:46.649 [DEBUG] [thread-id 1] - conditionally execute a flow. condition: true
2025-05-16 16:36:15.662 [DEBUG] [thread-id 1] - Executing function: 'unified.us.functions.selectBookingSlot'
2025-05-16 16:36:15.662 [DEBUG] [thread-id 1] - Store in: store the value 'Transactions' in the variable 'executionStage'
2025-05-16 16:36:15.663 [DEBUG] [thread-id 1] - conditionally execute a flow. condition: true
2025-05-16 16:36:23.430 [DEBUG] [thread-id 1] - Store in: store the value '1' in the variable 'slotIndex'
2025-05-16 16:36:30.755 [DEBUG] [thread-id 1] - Store in: store the value '3' in the variable 'slotIndex2'
2025-05-16 16:36:38.101 [WARN] [thread-id 1] - variable wplusUser was used, but r2 could not find a value for this variable. returning default of null
2025-05-16 16:36:38.101 [WARN] [thread-id 1] - variable timeSlot was used, but r2 could not find a value for this variable. returning default of null
2025-05-16 16:36:38.102 [DEBUG] [thread-id 1] - conditionally execute a flow. condition: true
2025-05-16 16:36:45.428 [DEBUG] [thread-id 1] - Store in: store the value 'true' in the variable 'optimize'
2025-05-16 16:36:52.838 [WARN] [thread-id 1] - variable timeSlot was used, but r2 could not find a value for this variable. returning default of null
2025-05-16 16:36:52.839 [DEBUG] [thread-id 1] - conditionally execute a flow. condition: true
2025-05-16 16:37:00.284 [DEBUG] [thread-id 1] - Store in: store the value 'generic' in the variable 'timeSlot'
2025-05-16 16:37:07.661 [DEBUG] [thread-id 1] - Executing function: 'us.functions.loadBookingSlotScreenBasics'
2025-05-16 16:37:07.661 [DEBUG] [thread-id 1] - ------ Loading booking slot screen ------
2025-05-16 16:37:07.662 [DEBUG] [thread-id 1] - conditionally execute a flow. condition: false
2025-05-16 16:37:14.961 [DEBUG] [thread-id 1] - conditionally execute a flow. condition: true
2025-05-16 16:37:22.239 [DEBUG] [thread-id 1] - ------ Loading booking slot screen from cart page ------
2025-05-16 16:37:29.640 [DEBUG] [thread-id 1] - Executing function: 'us.functions.utils.scrollIfNotVisible'
2025-05-16 16:37:39.708 [DEBUG] [thread-id 1] - Verify identifier: {FulfillmentSummaryView.titlePrefixLabel=[true]}
2025-05-16 16:37:47.196 [DEBUG] [thread-id 1] - Element already visible, scrolling is skipped
2025-05-16 16:37:47.787 [DEBUG] [thread-id 1] - Resetting scrollPosition variable to default
2025-05-16 16:37:47.787 [DEBUG] [thread-id 1] - Store in: store the value 'null' in the variable 'scrollPosition'
2025-05-16 16:37:47.788 [DEBUG] [thread-id 1] - Store in: store the value 'null' in the variable 'identifierScope'
2025-05-16 16:37:47.788 [DEBUG] [thread-id 1] - Store in: store the value 'null' in the variable 'limit'
2025-05-16 16:38:09.632 [DEBUG] [thread-id 1] - Verify identifier: {//XCUIElementTypeButton[@name="FulfillmentSummaryView.actionButton" and not(contains(@label,"See Options"))] | //*[contains(@label,"Reserve a new time")]=[true]}
2025-05-16 16:38:16.538 [DEBUG] [thread-id 1] - Element already visible, scrolling is skipped
2025-05-16 16:38:17.212 [DEBUG] [thread-id 1] - Resetting scrollPosition variable to default
2025-05-16 16:38:17.213 [DEBUG] [thread-id 1] - Store in: store the value 'null' in the variable 'scrollPosition'
2025-05-16 16:38:17.213 [DEBUG] [thread-id 1] - Store in: store the value 'null' in the variable 'identifierScope'
2025-05-16 16:38:17.213 [DEBUG] [thread-id 1] - Store in: store the value 'null' in the variable 'limit'
2025-05-16 16:38:34.074 [DEBUG] [thread-id 1] - Verify identifier: {//XCUIElementTypeButton[@name="FulfillmentSummaryView.actionButton" and not(contains(@label,"See Options"))] | //*[contains(@label,"Reserve a new time")]=[true]}
2025-05-16 16:38:41.690 [DEBUG] [thread-id 1] - conditionally execute a flow. condition: true
2025-05-16 16:38:49.130 [DEBUG] [thread-id 1] - conditionally execute a flow. condition: true
2025-05-16 16:39:04.046 [DEBUG] [thread-id 1] - Executing function: 'us.functions.utils.getFulfillmentTextsForIntentSelection'
2025-05-16 16:39:04.047 [DEBUG] [thread-id 1] - conditionally execute a flow. condition: false
2025-05-16 16:39:11.520 [DEBUG] [thread-id 1] - conditionally execute a flow. condition: false
2025-05-16 16:39:18.875 [DEBUG] [thread-id 1] - conditionally execute a flow. condition: true
2025-05-16 16:39:26.346 [DEBUG] [thread-id 1] - Store in: store the value 'delivery' in the variable 'fulfillmentType'
2025-05-16 16:39:36.806 [DEBUG] [thread-id 1] - Store in: store the value 'Delivery' in the variable 'altFulfillmentType'
2025-05-16 16:39:48.345 [DEBUG] [thread-id 1] - conditionally execute a flow. condition: true
2025-05-16 16:39:55.950 [DEBUG] [thread-id 1] - Delivery
2025-05-16 16:40:09.355 [DEBUG] [thread-id 1] - Click element: '//XCUIElementTypeCell[@name="SlotShortcutView.Slot3"]'
2025-05-16 16:40:21.055 [DEBUG] [thread-id 1] - Store in: store the value 'true' in the variable 'skipReserve'
2025-05-16 16:40:42.950 [DEBUG] [thread-id 1] - Slot page loaded
2025-05-16 16:41:08.771 [DEBUG] [thread-id 1] - ------ Loading delivery tab ------
2025-05-16 16:41:08.773 [WARN] [thread-id 1] - variable skipSlotPage was used, but r2 could not find a value for this variable. returning default of null
2025-05-16 16:41:08.773 [DEBUG] [thread-id 1] - conditionally execute a flow. condition: true
2025-05-16 16:41:15.227 [DEBUG] [thread-id 1] - testing Optimization Remove changes after testing
2025-05-16 16:41:15.827 [WARN] [thread-id 1] - variable skipSlotPage was used, but r2 could not find a value for this variable. returning default of null
2025-05-16 16:41:15.827 [DEBUG] [thread-id 1] - conditionally execute a flow. condition: true
2025-05-16 16:41:22.301 [DEBUG] [thread-id 1] - Slot booking functionality skipped for unscheduled pickup
2025-05-16 16:41:29.357 [DEBUG] [thread-id 1] - Store in: store the value 'false' in the variable 'skipReserve'
2025-05-16 16:41:36.366 [DEBUG] [thread-id 1] - Store in: store the value 'false' in the variable 'optimize'
2025-05-16 16:41:36.946 [DEBUG] [thread-id 1] - Executing function: 'us.functions.slotDataReset'
2025-05-16 16:41:36.947 [DEBUG] [thread-id 1] - Store in: store the value 'false' in the variable 'skipSlotPage'
2025-05-16 16:41:36.948 [DEBUG] [thread-id 1] - Store in: store the value 'false' in the variable 'unscheduled'
2025-05-16 16:41:36.949 [DEBUG] [thread-id 1] - Store in: store the value 'null' in the variable 'wplusUser'
2025-05-16 16:41:36.950 [DEBUG] [thread-id 1] - Store in: store the value 'null' in the variable 'page'
2025-05-16 16:41:36.951 [DEBUG] [thread-id 1] - Store in: store the value 'false' in the variable 'skipReserve'
2025-05-16 16:41:36.952 [DEBUG] [thread-id 1] - Store in: store the value 'false' in the variable 'optimize'
2025-05-16 16:41:36.965 [DEBUG] [thread-id 1] - Executing function: 'unified.us.functions.cart.wplus.chargeWaiveOffValidation'
2025-05-16 16:41:51.750 [DEBUG] [thread-id 1] - conditionally execute a flow. condition: false
2025-05-16 16:41:58.832 [WARN] [thread-id 1] - variable cartType was used, but r2 could not find a value for this variable. returning default of null
2025-05-16 16:41:58.833 [DEBUG] [thread-id 1] - conditionally execute a flow. condition: true
2025-05-16 16:42:05.863 [DEBUG] [thread-id 1] - Fetching details about type of items in cart
2025-05-16 16:42:19.964 [WARN] [thread-id 1] - variable minFeeWaived was used, but r2 could not find a value for this variable. returning default of null
2025-05-16 16:42:19.965 [DEBUG] [thread-id 1] - conditionally execute a flow. condition: true
2025-05-16 16:42:27.002 [DEBUG] [thread-id 1] - Store in: store the value 'notWaived' in the variable 'minFeeWaived'
2025-05-16 16:42:34.047 [DEBUG] [thread-id 1] - Executing function: 'unified.us.functions.utils.scrollIfNotVisible'
2025-05-16 16:42:34.047 [DEBUG] [thread-id 1] - conditionally execute a flow. condition: true
2025-05-16 16:42:41.063 [DEBUG] [thread-id 1] - Store in: store the value '7' in the variable 'scrollLimit'
2025-05-16 16:42:41.627 [DEBUG] [thread-id 1] - Scroll limit set to - 7
2025-05-16 16:42:41.627 [DEBUG] [thread-id 1] - conditionally execute a flow. condition: true
2025-05-16 16:43:08.658 [DEBUG] [thread-id 1] - conditionally execute a flow. condition: false
2025-05-16 16:43:15.207 [DEBUG] [thread-id 1] - Store in: store the value 'true' in the variable 'scrollNeeded'
2025-05-16 16:43:15.794 [DEBUG] [thread-id 1] - conditionally execute a flow. condition: true
2025-05-16 16:43:22.223 [DEBUG] [thread-id 1] - conditionally execute a flow. condition: false
2025-05-16 16:43:29.329 [DEBUG] [thread-id 1] - conditionally execute a flow. condition: true
2025-05-16 16:43:36.482 [DEBUG] [thread-id 1] - Scroll: down
2025-05-16 16:44:42.429 [DEBUG] [thread-id 1] - Resetting scrollPosition variable to default
2025-05-16 16:44:42.430 [DEBUG] [thread-id 1] - Store in: store the value 'null' in the variable 'scrollPosition'
2025-05-16 16:44:42.430 [DEBUG] [thread-id 1] - Store in: store the value 'null' in the variable 'identifierScope'
2025-05-16 16:44:42.430 [DEBUG] [thread-id 1] - Store in: store the value 'null' in the variable 'scrollLimit'
2025-05-16 16:44:42.430 [DEBUG] [thread-id 1] - Store in: store the value 'false' in the variable 'scrollNeeded'
2025-05-16 16:44:48.136 [DEBUG] [thread-id 1] - Executing function: 'us.functions.utils.fetchAmountDisplayed'
2025-05-16 16:44:48.137 [DEBUG] [thread-id 1] - Store in: store the value 'Post-transactions' in the variable 'executionStage'
2025-05-16 16:44:48.137 [DEBUG] [thread-id 1] - Fetching only numeric value of given amount/count identifier
2025-05-16 16:44:48.137 [WARN] [thread-id 1] - variable attribute was used, but r2 could not find a value for this variable. returning default of null
2025-05-16 16:44:48.137 [DEBUG] [thread-id 1] - Attribute - null
2025-05-16 16:44:48.137 [WARN] [thread-id 1] - variable attribute was used, but r2 could not find a value for this variable. returning default of null
2025-05-16 16:44:48.138 [DEBUG] [thread-id 1] - conditionally execute a flow. condition: true
2025-05-16 16:45:01.324 [DEBUG] [thread-id 1] - get string: from '//*[@name="POSLineItemView.rightLabel" and contains(@label,"Subtotal")] | //*[@name="POSLineItemView.leftLabel" and contains(@label, "Subtotal") and not(contains(@label, "Old"))] | //XCUIElementTypeStaticText[contains(@name,"POSLineItemView.Subtotal") and contains(@label,"Subtotal")]' [type='null']
2025-05-16 16:45:01.351 [DEBUG] [thread-id 1] - Amount displayed value Subtotal (1 item), $0.98
2025-05-16 16:45:01.353 [DEBUG] [thread-id 1] - Execute Node: 'us/e2e-tests/helpers/splitString.js'
2025-05-16 16:45:01.590 [DEBUG] [thread-id 1] - Execute Node: 'us/e2e-tests/helpers/splitString.js'
2025-05-16 16:45:01.639 [DEBUG] [thread-id 1] - Store in: store the value 'null' in the variable 'attribute'
2025-05-16 16:45:01.639 [DEBUG] [thread-id 1] - Numeric amount value 0.98
2025-05-16 16:45:07.400 [DEBUG] [thread-id 1] - Cart total - 0.98
2025-05-16 16:45:13.739 [WARN] [thread-id 1] - variable cartType was used, but r2 could not find a value for this variable. returning default of null
2025-05-16 16:45:13.739 [DEBUG] [thread-id 1] - Cart type - null
2025-05-16 16:45:26.473 [DEBUG] [thread-id 1] - conditionally execute a flow. condition: true
2025-05-16 16:45:32.730 [WARN] [thread-id 1] - variable cartType was used, but r2 could not find a value for this variable. returning default of null
2025-05-16 16:45:32.731 [DEBUG] [thread-id 1] - conditionally execute a flow. condition: false
2025-05-16 16:45:39.023 [DEBUG] [thread-id 1] - (Amount < 35-00)(With SC pickup/delivery item) For Wplus user, waiveOff text should be/not be displayed
2025-05-16 16:45:45.313 [DEBUG] [thread-id 1] - conditionally execute a flow. condition: false
2025-05-16 16:46:03.115 [DEBUG] [thread-id 1] - Verify identifier: {//XCUIElementTypeStaticText[contains(@value,"Below order minimum (less than $35)") or contains(@value,"below $35 order minimum") or contains(@value,"Below order minimum (less than $35.0)")] | //XCUIElementTypeStaticText[contains(@label, "Below $35 order minimum fee")] | //XCUIElementTypeStaticText[contains(@value,"Express delivery")]=[true], //XCUIElementTypeStaticText[contains(@name,"POSLineItemView") and contains(@label,"Free shipping, no order minimum")]=[true]}
2025-05-16 16:46:09.455 [DEBUG] [thread-id 1] - conditionally execute a flow. condition: true
2025-05-16 16:46:15.706 [DEBUG] [thread-id 1] - (Amount > or < 35-00)(With SC delivery item) For Wplus user, delivery waiveOff text should be displayed
2025-05-16 16:46:38.981 [DEBUG] [thread-id 1] - Verify identifier: {//XCUIElementTypeStaticText[contains(@label, "walmart plus, Free delivery from store") and contains(@label, "is now $0")] | //XCUIElementTypeStaticText[@name="POSLineItemView.Freedeliveryfromstore.$9.95$0"]=[true], //XCUIElementTypeStaticText[contains(@value,"walmart plus")]=[true], //XCUIElementTypeStaticText[@name="POSLineItemView.rightLabel" and contains(@label, " $0")]=[true]}
2025-05-16 16:46:45.316 [DEBUG] [thread-id 1] - Store in: store the value 'null' in the variable 'minFeeWaived'
2025-05-16 16:46:51.586 [DEBUG] [thread-id 1] - Store in: store the value 'null' in the variable 'storeOrderType'
2025-05-16 16:46:52.147 [DEBUG] [thread-id 1] - Executing function: 'unified.us.functions.global.navigation.backNavigation'
2025-05-16 16:46:52.147 [DEBUG] [thread-id 1] - Global Back navigation
2025-05-16 16:46:52.148 [DEBUG] [thread-id 1] - conditionally execute a flow. condition: true
2025-05-16 16:47:03.881 [DEBUG] [thread-id 1] - conditionally execute a flow. condition: true
2025-05-16 16:47:18.810 [DEBUG] [thread-id 1] - Click element: '//XCUIElementTypeButton[@name="Back" or @label="Back"] | //XCUIElementTypeNavigationBar[@name="Cart"]/XCUIElementTypeButton[contains(@name,"Search")] | //XCUIElementTypeNavigationBar/XCUIElementTypeButton[not(contains(@label,"cart"))]'
2025-05-16 16:47:22.534 [DEBUG] [thread-id 1] - Executing function: 'unified.us.functions.search.searchItem'
2025-05-16 16:47:24.711 [DEBUG] [thread-id 1] - Verify identifier: {//XCUIElementTypeSearchField[@name="Search Walmart"] | //XCUIElementTypeNavigationBar[contains(@name,"Search.")]//XCUIElementTypeSearchField | //XCUIElementTypeButton[contains(@name,"Search")]/following-sibling::XCUIElementTypeSearchField=[true]}
2025-05-16 16:47:29.269 [DEBUG] [thread-id 1] - Click element: '//XCUIElementTypeSearchField[@name="Search Walmart"] | //XCUIElementTypeNavigationBar[contains(@name,"Search.")]//XCUIElementTypeSearchField | //XCUIElementTypeButton[contains(@name,"Search")]/following-sibling::XCUIElementTypeSearchField'
2025-05-16 16:47:30.510 [DEBUG] [thread-id 1] - sleep:  3000 milliseconds
2025-05-16 16:47:33.992 [DEBUG] [thread-id 1] - Enter text: 'large toaster oven'
2025-05-16 16:47:55.863 [DEBUG] [thread-id 1] - conditionally execute a flow. condition: true
2025-05-16 16:47:56.619 [DEBUG] [thread-id 1] - Store in: store the value '7' in the variable 'scrollLimit'
2025-05-16 16:47:56.637 [DEBUG] [thread-id 1] - Scroll limit set to - 7
2025-05-16 16:47:56.638 [DEBUG] [thread-id 1] - conditionally execute a flow. condition: true
2025-05-16 16:47:57.933 [DEBUG] [thread-id 1] - conditionally execute a flow. condition: true
2025-05-16 16:47:58.639 [DEBUG] [thread-id 1] - Element already visible, scrolling is skipped
2025-05-16 16:47:58.650 [DEBUG] [thread-id 1] - Resetting scrollPosition variable to default
2025-05-16 16:47:58.650 [DEBUG] [thread-id 1] - Store in: store the value 'null' in the variable 'scrollPosition'
2025-05-16 16:47:58.650 [DEBUG] [thread-id 1] - Store in: store the value 'null' in the variable 'identifierScope'
2025-05-16 16:47:58.650 [DEBUG] [thread-id 1] - Store in: store the value 'null' in the variable 'scrollLimit'
2025-05-16 16:47:58.651 [DEBUG] [thread-id 1] - Store in: store the value 'false' in the variable 'scrollNeeded'
2025-05-16 16:47:59.117 [DEBUG] [thread-id 1] - conditionally execute a flow. condition: true
2025-05-16 16:47:59.841 [DEBUG] [thread-id 1] - successfully found an item for the above search criterion
2025-05-16 16:47:59.897 [DEBUG] [thread-id 1] - Executing function: 'unified.us.functions.search.clickOnFirstItem'
2025-05-16 16:47:59.898 [DEBUG] [thread-id 1] - conditionally execute a flow. condition: true
2025-05-16 16:48:00.620 [DEBUG] [thread-id 1] - conditionally execute a flow. condition: true
2025-05-16 16:48:01.347 [DEBUG] [thread-id 1] - Store in: store the value '7' in the variable 'scrollLimit'
2025-05-16 16:48:01.370 [DEBUG] [thread-id 1] - Scroll limit set to - 7
2025-05-16 16:48:01.370 [DEBUG] [thread-id 1] - conditionally execute a flow. condition: true
2025-05-16 16:48:02.629 [DEBUG] [thread-id 1] - conditionally execute a flow. condition: true
2025-05-16 16:48:03.331 [DEBUG] [thread-id 1] - Element already visible, scrolling is skipped
2025-05-16 16:48:03.340 [DEBUG] [thread-id 1] - Resetting scrollPosition variable to default
2025-05-16 16:48:03.340 [DEBUG] [thread-id 1] - Store in: store the value 'null' in the variable 'scrollPosition'
2025-05-16 16:48:03.340 [DEBUG] [thread-id 1] - Store in: store the value 'null' in the variable 'identifierScope'
2025-05-16 16:48:03.340 [DEBUG] [thread-id 1] - Store in: store the value 'null' in the variable 'scrollLimit'
2025-05-16 16:48:03.340 [DEBUG] [thread-id 1] - Store in: store the value 'false' in the variable 'scrollNeeded'
2025-05-16 16:48:04.504 [DEBUG] [thread-id 1] - Click element: '(//XCUIElementTypeButton[@name="GlassProductTile.mainStackView"])[1] | //XCUIElementTypeOther[contains(@name,"ProductImageView.stackView")] | //*[contains(@name,"ProductSectionCoordinator_searchPrimaryProductCell")] | //XCUIElementTypeCell[contains(@name,"ProductSectionCoordinator_searchPrimaryProductCell_indexPath")] | (//XCUIElementTypeOther[@name="ProductImageView.stackView"])[1] | (//XCUIElementTypeButton[@name="GlassProductTile.mainStackView"])[2] | //XCUIElementTypeButton[@name="ListView.accessibilityContainer"]'
2025-05-16 16:48:45.482 [DEBUG] [thread-id 1] - Verify identifier: {//XCUIElementTypeStaticText[@name="BrandNameView_brandName" or @name = "TitleView_productTitle"] | //XCUIElementTypeButton[@name="BrandNameView_brandNameButton"]=[true]}
2025-05-16 16:48:47.156 [DEBUG] [thread-id 1] - Store in: store the value 'null' in the variable 'subFilter'
2025-05-16 16:48:47.156 [DEBUG] [thread-id 1] - Store in: store the value 'null' in the variable 'noAds'
2025-05-16 16:48:47.157 [DEBUG] [thread-id 1] - Store in: store the value 'null' in the variable 'excludeSponsored'
2025-05-16 16:48:47.159 [DEBUG] [thread-id 1] - Executing function: 'unified.us.functions.item.addItemToCart'
2025-05-16 16:48:47.160 [DEBUG] [thread-id 1] - Store in: store the value 'Transactions' in the variable 'executionStage'
2025-05-16 16:49:18.533 [DEBUG] [thread-id 1] - Verify identifier: {//XCUIElementTypeButton[@name="stepper.mainButton"] | //XCUIElementTypeButton[@name="PrescriptionOrderFooter.addToCartButton"] | //XCUIElementTypeButton[@name="SubscriptionEnrollmentCTAView.primaryButton"]=[true]}
2025-05-16 16:49:37.200 [DEBUG] [thread-id 1] - ATC button present
2025-05-16 16:49:56.364 [DEBUG] [thread-id 1] - conditionally execute a flow. condition: true
2025-05-16 16:50:16.038 [DEBUG] [thread-id 1] - Scroll limit set to - 4
2025-05-16 16:50:16.038 [DEBUG] [thread-id 1] - conditionally execute a flow. condition: true
2025-05-16 16:50:51.558 [DEBUG] [thread-id 1] - conditionally execute a flow. condition: true
2025-05-16 16:51:08.611 [DEBUG] [thread-id 1] - Element already visible, scrolling is skipped
2025-05-16 16:51:10.232 [DEBUG] [thread-id 1] - Resetting scrollPosition variable to default
2025-05-16 16:51:10.232 [DEBUG] [thread-id 1] - Store in: store the value 'null' in the variable 'scrollPosition'
2025-05-16 16:51:10.232 [DEBUG] [thread-id 1] - Store in: store the value 'null' in the variable 'identifierScope'
2025-05-16 16:51:10.232 [DEBUG] [thread-id 1] - Store in: store the value 'null' in the variable 'scrollLimit'
2025-05-16 16:51:10.232 [DEBUG] [thread-id 1] - Store in: store the value 'false' in the variable 'scrollNeeded'
2025-05-16 16:51:41.244 [DEBUG] [thread-id 1] - Click element: '//XCUIElementTypeButton[@name="stepper.mainButton"] | //XCUIElementTypeButton[@name="PrescriptionOrderFooter.addToCartButton"] | //XCUIElementTypeButton[@name="SubscriptionEnrollmentCTAView.primaryButton"]'
2025-05-16 16:51:52.706 [DEBUG] [thread-id 1] - conditionally execute a flow. condition: true
2025-05-16 16:52:09.965 [DEBUG] [thread-id 1] - conditionally execute a flow. condition: true
2025-05-16 16:52:28.725 [DEBUG] [thread-id 1] - Store in: store the value 'Post-transactions' in the variable 'executionStage'
2025-05-16 16:52:28.725 [DEBUG] [thread-id 1] - Open deep link
2025-05-16 16:52:28.725 [DEBUG] [thread-id 1] - walmart://home
2025-05-16 16:52:28.725 [DEBUG] [thread-id 1] - Verify value of: '$deepLinkUrl'
2025-05-16 16:52:28.726 [DEBUG] [thread-id 1] - Open link: 'walmart://home'
2025-05-16 16:52:30.760 [DEBUG] [thread-id 1] - conditionally execute a flow. condition: true
2025-05-16 16:52:38.615 [DEBUG] [thread-id 1] - Deeplink pop up not displayed
2025-05-16 16:52:38.830 [DEBUG] [thread-id 1] - sleep:  5000 milliseconds
2025-05-16 16:52:46.363 [DEBUG] [thread-id 1] - conditionally execute a flow. condition: true
2025-05-16 16:53:00.488 [DEBUG] [thread-id 1] - Store in: store the value 'false' in the variable 'skipPostAddToCartSteps'
2025-05-16 16:53:00.489 [DEBUG] [thread-id 1] - Store in: store the value 'false' in the variable 'apiFetch'
2025-05-16 16:53:00.491 [DEBUG] [thread-id 1] - Executing function: 'unified.us.functions.global.navigation.toCartFromNavBar'
2025-05-16 16:53:00.491 [DEBUG] [thread-id 1] - Store in: store the value 'Transactions' in the variable 'executionStage'
2025-05-16 16:53:02.556 [DEBUG] [thread-id 1] - Verify identifier: {//XCUIElementTypeButton[contains(@label, "Your cart")] | //XCUIElementTypeButton[(@name="SearchResultsViewController.cartButton") or (contains(@label,"Your cart contains") and contains(@label,"The estimated total is")) or (@label="Your cart is empty")]=[true]}
2025-05-16 16:53:04.937 [DEBUG] [thread-id 1] - Click element: '//XCUIElementTypeButton[contains(@label, "Your cart")] | //XCUIElementTypeButton[(@name="SearchResultsViewController.cartButton") or (contains(@label,"Your cart contains") and contains(@label,"The estimated total is")) or (@label="Your cart is empty")]'
2025-05-16 16:53:25.142 [DEBUG] [thread-id 1] - No Unavailable Item PopUp
2025-05-16 16:53:40.251 [DEBUG] [thread-id 1] - No Store Change pop up screen displayed
2025-05-16 16:53:55.280 [DEBUG] [thread-id 1] - conditionally execute a flow. condition: false
2025-05-16 16:54:17.628 [DEBUG] [thread-id 1] - conditionally execute a flow. condition: false
2025-05-16 16:54:25.046 [WARN] [thread-id 1] - variable skipValidation was used, but r2 could not find a value for this variable. returning default of null
2025-05-16 16:54:25.046 [DEBUG] [thread-id 1] - conditionally execute a flow. condition: true
2025-05-16 16:54:46.454 [DEBUG] [thread-id 1] - conditionally execute a flow. condition: true
2025-05-16 16:54:53.975 [DEBUG] [thread-id 1] - cart page loaded
2025-05-16 16:54:54.647 [DEBUG] [thread-id 1] - Executing function: 'unified.us.functions.cart.wplus.chargeWaiveOffValidation'
2025-05-16 16:55:13.755 [DEBUG] [thread-id 1] - conditionally execute a flow. condition: false
2025-05-16 16:55:22.183 [WARN] [thread-id 1] - variable cartType was used, but r2 could not find a value for this variable. returning default of null
2025-05-16 16:55:22.183 [DEBUG] [thread-id 1] - conditionally execute a flow. condition: true
2025-05-16 16:55:30.458 [DEBUG] [thread-id 1] - Fetching details about type of items in cart
2025-05-16 16:55:46.388 [DEBUG] [thread-id 1] - conditionally execute a flow. condition: true
2025-05-16 16:55:54.205 [DEBUG] [thread-id 1] - Store in: store the value 'notWaived' in the variable 'minFeeWaived'
2025-05-16 16:56:01.932 [DEBUG] [thread-id 1] - conditionally execute a flow. condition: true
2025-05-16 16:56:09.577 [DEBUG] [thread-id 1] - Store in: store the value '7' in the variable 'scrollLimit'
2025-05-16 16:56:10.185 [DEBUG] [thread-id 1] - Scroll limit set to - 7
2025-05-16 16:56:10.185 [DEBUG] [thread-id 1] - conditionally execute a flow. condition: true
2025-05-16 16:56:42.411 [DEBUG] [thread-id 1] - conditionally execute a flow. condition: false
2025-05-16 16:56:49.654 [DEBUG] [thread-id 1] - Store in: store the value 'true' in the variable 'scrollNeeded'
2025-05-16 16:56:50.308 [DEBUG] [thread-id 1] - conditionally execute a flow. condition: true
2025-05-16 16:56:57.564 [DEBUG] [thread-id 1] - conditionally execute a flow. condition: false
2025-05-16 16:57:05.395 [DEBUG] [thread-id 1] - conditionally execute a flow. condition: true
2025-05-16 16:57:13.388 [DEBUG] [thread-id 1] - Scroll: down
2025-05-16 16:58:39.395 [DEBUG] [thread-id 1] - Resetting scrollPosition variable to default
2025-05-16 16:58:39.397 [DEBUG] [thread-id 1] - Store in: store the value 'null' in the variable 'scrollPosition'
2025-05-16 16:58:39.397 [DEBUG] [thread-id 1] - Store in: store the value 'null' in the variable 'identifierScope'
2025-05-16 16:58:39.397 [DEBUG] [thread-id 1] - Store in: store the value 'null' in the variable 'scrollLimit'
2025-05-16 16:58:39.397 [DEBUG] [thread-id 1] - Store in: store the value 'false' in the variable 'scrollNeeded'
2025-05-16 16:58:45.626 [DEBUG] [thread-id 1] - Store in: store the value 'Post-transactions' in the variable 'executionStage'
2025-05-16 16:58:45.626 [DEBUG] [thread-id 1] - Fetching only numeric value of given amount/count identifier
2025-05-16 16:58:45.627 [DEBUG] [thread-id 1] - Attribute - null
2025-05-16 16:58:45.627 [DEBUG] [thread-id 1] - conditionally execute a flow. condition: true
2025-05-16 16:58:59.729 [DEBUG] [thread-id 1] - get string: from '//*[@name="POSLineItemView.rightLabel" and contains(@label,"Subtotal")] | //*[@name="POSLineItemView.leftLabel" and contains(@label, "Subtotal") and not(contains(@label, "Old"))] | //XCUIElementTypeStaticText[contains(@name,"POSLineItemView.Subtotal") and contains(@label,"Subtotal")]' [type='null']
2025-05-16 16:58:59.756 [DEBUG] [thread-id 1] - Amount displayed value Subtotal (2 items), $139.98
2025-05-16 16:58:59.756 [DEBUG] [thread-id 1] - Execute Node: 'us/e2e-tests/helpers/splitString.js'
2025-05-16 16:58:59.822 [DEBUG] [thread-id 1] - Execute Node: 'us/e2e-tests/helpers/splitString.js'
2025-05-16 16:58:59.875 [DEBUG] [thread-id 1] - Store in: store the value 'null' in the variable 'attribute'
2025-05-16 16:58:59.875 [DEBUG] [thread-id 1] - Numeric amount value 139.98
2025-05-16 16:59:06.013 [DEBUG] [thread-id 1] - Cart total - 139.98
2025-05-16 16:59:13.019 [WARN] [thread-id 1] - variable cartType was used, but r2 could not find a value for this variable. returning default of null
2025-05-16 16:59:13.022 [DEBUG] [thread-id 1] - Cart type - null
2025-05-16 16:59:19.910 [DEBUG] [thread-id 1] - conditionally execute a flow. condition: true
2025-05-16 16:59:26.648 [DEBUG] [thread-id 1] - (Amount > 35-00) For Wplus user, waiveOff text should not be displayed
2025-05-16 16:59:44.698 [DEBUG] [thread-id 1] - Verify identifier: {//XCUIElementTypeStaticText[contains(@value,"Below order minimum (less than $35)") or contains(@value,"below $35 order minimum") or contains(@value,"Below order minimum (less than $35.0)")] | //XCUIElementTypeStaticText[contains(@label, "Below $35 order minimum fee")] | //XCUIElementTypeStaticText[contains(@value,"Express delivery")]=[true], //XCUIElementTypeStaticText[contains(@name,"POSLineItemView") and contains(@label,"Free shipping, no order minimum")]=[true]}
2025-05-16 17:00:05.015 [DEBUG] [thread-id 1] - conditionally execute a flow. condition: true
2025-05-16 17:00:11.696 [DEBUG] [thread-id 1] - (Amount > or < 35-00)(With SC delivery item) For Wplus user, delivery waiveOff text should be displayed
2025-05-16 17:00:37.296 [DEBUG] [thread-id 1] - Verify identifier: {//XCUIElementTypeStaticText[contains(@label, "walmart plus, Free delivery from store") and contains(@label, "is now $0")] | //XCUIElementTypeStaticText[@name="POSLineItemView.Freedeliveryfromstore.$9.95$0"]=[true], //XCUIElementTypeStaticText[contains(@value,"walmart plus")]=[true], //XCUIElementTypeStaticText[@name="POSLineItemView.rightLabel" and contains(@label, " $0")]=[true]}
2025-05-16 17:00:44.286 [DEBUG] [thread-id 1] - Store in: store the value 'null' in the variable 'minFeeWaived'
2025-05-16 17:00:51.224 [DEBUG] [thread-id 1] - Store in: store the value 'null' in the variable 'storeOrderType'
2025-05-16 17:00:51.877 [DEBUG] [thread-id 1] - Executing function: 'unified.us.functions.cart.continueToCheckout'
2025-05-16 17:00:56.655 [DEBUG] [thread-id 1] - Verify identifier: {//XCUIElementTypeButton[@name="CartPrimaryCTAButton"] | //XCUIElementTypeButton[@name="CartFinishButton"]=[true]}
2025-05-16 17:01:03.500 [DEBUG] [thread-id 1] - Click element: '//XCUIElementTypeButton[@name="CartPrimaryCTAButton"] | //XCUIElementTypeButton[@name="CartFinishButton"]'
2025-05-16 17:01:06.454 [DEBUG] [thread-id 1] - sleep:  3000 milliseconds
2025-05-16 17:01:25.510 [DEBUG] [thread-id 1] - Executing function: 'unified.us.functions.cart.checkOutGetItFasterPopUp'
2025-05-16 17:01:39.051 [DEBUG] [thread-id 1] - Verify identifier: {//XCUIElementTypeStaticText[contains(@label,"Get it faster")] | //XCUIElementTypeStaticText[contains(@label,"Need it faster")] | //XCUIElementTypeStaticText[@name="Get it faster!"]=[true]}
2025-05-16 17:01:51.126 [DEBUG] [thread-id 1] - Click element: '//XCUIElementTypeStaticText[@label ="No thanks"]'
2025-05-16 17:01:56.423 [DEBUG] [thread-id 1] - Executing function: 'unified.us.functions.cart.handleSafetyAdvice'
2025-05-16 17:02:19.055 [DEBUG] [thread-id 1] - Safety Advice Header pop up not available
2025-05-16 17:02:51.159 [DEBUG] [thread-id 1] - Executing function: 'unified.us.functions.cart.handleItemUpdatesBottomTray'
2025-05-16 17:02:51.160 [DEBUG] [thread-id 1] - conditionally execute a flow. condition: true
2025-05-16 17:02:59.343 [DEBUG] [thread-id 1] - No item update pop up
2025-05-16 17:03:00.252 [DEBUG] [thread-id 1] - conditionally execute a flow. condition: true
2025-05-16 17:03:01.963 [DEBUG] [thread-id 1] - Clicked on Checkout button successfully
2025-05-16 17:03:02.089 [WARN] [thread-id 1] - variable giftItem was used, but r2 could not find a value for this variable. returning default of null
2025-05-16 17:03:02.090 [WARN] [thread-id 1] - variable doNotCloseWplusPopup was used, but r2 could not find a value for this variable. returning default of null
2025-05-16 17:03:02.091 [DEBUG] [thread-id 1] - conditionally execute a flow. condition: false
2025-05-16 17:03:03.811 [DEBUG] [thread-id 1] - Executing function: 'unified.us.functions.home.closeWPlusPromotionPopUpIfDisplayed'
2025-05-16 17:03:03.812 [DEBUG] [thread-id 1] - conditionally execute a flow. condition: true
2025-05-16 17:03:19.005 [DEBUG] [thread-id 1] - Executing function: 'unified.us.functions.wplus.handle.SubstitutionPreferencePopup'
2025-05-16 17:03:19.007 [DEBUG] [thread-id 1] - conditionally execute a flow. condition: true
2025-05-16 17:03:20.729 [DEBUG] [thread-id 1] - conditionally execute a flow. condition: true
2025-05-16 17:03:22.318 [DEBUG] [thread-id 1] - Scroll: down
