2024-01-25 13:59:26.221 [DEBUG] [thread-id 1] - Executing R2 3.38.1: '/Users/m0k0a2f/glass-automation/./us/test/test-scripts/ios/prod-flows/Ecomm-And-Fulfillment-Flows/store-single-fulfillment-flows/C2644785-glass-sc-unscheduled-pick-up.yaml' on device: 'iPhone 12 Simulator'
2024-01-25 14:01:54.013 [DEBUG] [thread-id 1] - Created report: /Users/m0k0a2f/glass-automation/report/index.html
2024-01-25 14:13:00.874 [DEBUG] [thread-id 1] - Executing R2 3.38.1: '/Users/m0k0a2f/glass-automation/./us/test/test-scripts/ios/prod-flows/Ecomm-And-Fulfillment-Flows/store-single-fulfillment-flows/C2644785-glass-sc-unscheduled-pick-up.yaml' on device: 'iPhone 12 Simulator'
2024-01-25 14:15:32.003 [DEBUG] [thread-id 1] - Executing scenario: 'Before'
2024-01-25 14:15:32.017 [DEBUG] [thread-id 1] - R2_SUBFLOW_PRE_TRANSACTION
2024-01-25 14:15:33.170 [DEBUG] [thread-id 1] - Using us-errors-helpers.yaml
2024-01-25 14:15:33.816 [DEBUG] [thread-id 1] - Start Main
2024-01-25 14:15:33.828 [DEBUG] [thread-id 1] - Executing function: 'us.functions.global.onboarding.navigateOnboardingToHome'
2024-01-25 14:15:33.834 [DEBUG] [thread-id 1] - Executing function: 'us.function.utils.getEnvironmentValue'
2024-01-25 14:15:33.835 [DEBUG] [thread-id 1] - Store in: store the value 'production' in the variable 'env'
2024-01-25 14:15:33.837 [DEBUG] [thread-id 1] - Timestamp: 1706220933836
2024-01-25 14:15:33.854 [DEBUG] [thread-id 1] - Welcome screen loaded
2024-01-25 14:15:33.857 [DEBUG] [thread-id 1] - Verify identifier: {SignUpNudgeWelcomeViewController.titleLabel=[true]}
2024-01-25 14:15:44.012 [DEBUG] [thread-id 1] - conditionally execute a flow. condition: false
2024-01-25 14:15:44.520 [DEBUG] [thread-id 1] - Click element: 'cta.cancel.welcome'
2024-01-25 14:15:46.490 [DEBUG] [thread-id 1] - Notifiction Prompt screen loaded
2024-01-25 14:15:47.064 [DEBUG] [thread-id 1] - Verify identifier: {NotificationPermissionViewController.titleLabel=[true]}
2024-01-25 14:15:47.328 [DEBUG] [thread-id 1] - Click element: 'cta.cancel.notifications'
2024-01-25 14:15:49.329 [DEBUG] [thread-id 1] - location screen loaded
2024-01-25 14:15:49.851 [DEBUG] [thread-id 1] - Verify identifier: {LocationPermissionViewController.titleLabel=[true], LocationPermissionViewController.bodyLabel=[true]}
2024-01-25 14:15:50.090 [DEBUG] [thread-id 1] - Click element: 'cta.cancel.location'
2024-01-25 14:15:52.807 [DEBUG] [thread-id 1] - Verify identifier: {label.postal-code-entry=[true]}
2024-01-25 14:15:53.058 [DEBUG] [thread-id 1] - Enter text: '95122'
2024-01-25 14:15:58.838 [DEBUG] [thread-id 1] - Click element: 'cta.continue'
2024-01-25 14:16:01.121 [DEBUG] [thread-id 1] - sleep:  3000 milliseconds
2024-01-25 14:16:04.126 [DEBUG] [thread-id 1] - loop: from 0 to 3
2024-01-25 14:16:04.886 [DEBUG] [thread-id 1] - 0
2024-01-25 14:16:15.754 [DEBUG] [thread-id 1] - conditionally execute a flow. condition: false
2024-01-25 14:16:26.998 [DEBUG] [thread-id 1] - Observed IDFA Sscreen
2024-01-25 14:16:27.625 [DEBUG] [thread-id 1] - conditionally execute a flow. condition: true
2024-01-25 14:16:28.154 [DEBUG] [thread-id 1] - Verify identifier: {ATTPermissionViewController.titleLabel=[true], ATTPermissionViewController.bodyLabel=[true]}
2024-01-25 14:16:29.070 [DEBUG] [thread-id 1] - Click element: 'cta.continue.location'
2024-01-25 14:16:38.190 [DEBUG] [thread-id 1] - Click element: '//XCUIElementTypeButton[@name="Ask App Not to Track"] | //XCUIElementTypeButton[@name="Solicitar a la app no rastrear"]'
2024-01-25 14:16:56.252 [DEBUG] [thread-id 1] - conditionally execute a flow. condition: false
2024-01-25 14:16:57.527 [DEBUG] [thread-id 1] - modal is not displayed
2024-01-25 14:17:08.370 [DEBUG] [thread-id 1] - Executing function: 'us.functions.gic.collapseIfExpanded'
2024-01-25 14:17:11.963 [DEBUG] [thread-id 1] - GIC already collapsed
2024-01-25 14:17:12.055 [DEBUG] [thread-id 1] - Executing function: 'us.functions.home.navigateHomeToSignIn'
2024-01-25 14:17:12.056 [DEBUG] [thread-id 1] - sleep:  3000 milliseconds
2024-01-25 14:17:27.390 [DEBUG] [thread-id 1] - Click element: 'Account'
2024-01-25 14:17:31.881 [DEBUG] [thread-id 1] - Verify identifier: {SignInYourAccountTableViewCell.signInButton=[true]}
2024-01-25 14:17:31.882 [DEBUG] [thread-id 1] - loop: from 1 to 3
2024-01-25 14:17:33.350 [DEBUG] [thread-id 1] - conditionally execute a flow. condition: true
2024-01-25 14:17:35.161 [DEBUG] [thread-id 1] - Click element: 'SignInYourAccountTableViewCell.signInButton'
2024-01-25 14:17:44.943 [DEBUG] [thread-id 1] - Verify identifier: {WelcomeView.emailField=[true]}
2024-01-25 14:17:48.235 [DEBUG] [thread-id 1] - Store in: store the value 'true' in the variable 'signInValidated'
2024-01-25 14:17:51.587 [DEBUG] [thread-id 1] - conditionally execute a flow. condition: true
2024-01-25 14:17:55.005 [DEBUG] [thread-id 1] - SignIn page loaded
2024-01-25 14:17:58.303 [DEBUG] [thread-id 1] - Store in: store the value 'false' in the variable 'signInValidated'
2024-01-25 14:17:58.387 [DEBUG] [thread-id 1] - Executing function: 'us.functions.global.authentication.signInAccountCarta'
2024-01-25 14:18:01.911 [DEBUG] [thread-id 1] - conditionally execute a flow. condition: true
2024-01-25 14:18:05.658 [DEBUG] [thread-id 1] - Enter text: 'prod.ios.unschedule@cloudtest.org'
2024-01-25 14:18:18.380 [DEBUG] [thread-id 1] - Click element: 'WelcomeView.ctaButton'
2024-01-25 14:18:25.362 [DEBUG] [thread-id 1] - Sign in Field present!!
2024-01-25 14:18:28.520 [DEBUG] [thread-id 1] - conditionally execute a flow. condition: true
2024-01-25 14:18:32.300 [DEBUG] [thread-id 1] - Enter text: 'E2epassword$'
2024-01-25 14:18:41.943 [DEBUG] [thread-id 1] - Click element: 'OTPView.ctaButton'
2024-01-25 14:18:53.486 [DEBUG] [thread-id 1] - Password Field present!!
2024-01-25 14:18:58.979 [DEBUG] [thread-id 1] - conditionally execute a flow. condition: true
2024-01-25 14:19:04.855 [DEBUG] [thread-id 1] - Click element: 'Don’t Allow'
2024-01-25 14:19:10.027 [DEBUG] [thread-id 1] - Login succesful!!
2024-01-25 14:19:10.120 [DEBUG] [thread-id 1] - Executing function: 'us.functions.global.navigation.accountToHome'
2024-01-25 14:19:10.121 [DEBUG] [thread-id 1] - Verify identifier: {Shop=[true]}
2024-01-25 14:19:10.121 [DEBUG] [thread-id 1] - sleep:  2000 milliseconds
2024-01-25 14:19:12.749 [DEBUG] [thread-id 1] - Click element: 'Shop'
2024-01-25 14:19:16.263 [DEBUG] [thread-id 1] - Executing function: 'us.functions.home.closeWPlusPromotionPopUpIfDisplayed'
2024-01-25 14:19:20.960 [DEBUG] [thread-id 1] - Verify identifier: {//XCUIElementTypeButton[@name="SplashPageTermView.primaryButton"]|//XCUIElementTypeButton[@name="WalmartPlusSplashBottomSheet.tryWalmartPlusMemberShipButton"] | //XCUIElementTypeButton[@label="Try your rewards benefit"] | //XCUIElementTypeButton[@name="BenefitEngagementTempoContainerView.primaryButton"]=[true]}
2024-01-25 14:19:24.503 [DEBUG] [thread-id 1] - Click element: '//XCUIElementTypeButton[@name="SplashPageViewController.closeButton" or contains(@label, "Close Walmart plus promotional pop up")] | //XCUIElementTypeNavigationBar[@name="WalmartPlus.SplashPageView"]/XCUIElementTypeButton | //XCUIElementTypeButton[@name="close" or @name="Close"] | //XCUIElementTypeButton[@name="SplashPageViewController.fullScreenCloseButton"] | //XCUIElementTypeButton[@name="MultiSplashViewController.fullScreenCloseButton"]'
2024-01-25 14:19:27.901 [DEBUG] [thread-id 1] - Verify identifier: {Search Walmart=[true]}
2024-01-25 14:19:27.905 [DEBUG] [thread-id 1] - Executing function: 'us.functions.global.navigation.toCartFromNavBar'
2024-01-25 14:19:28.926 [DEBUG] [thread-id 1] - Verify identifier: {//XCUIElementTypeButton[contains(@label, "Your cart")] | //XCUIElementTypeButton[(@name="SearchResultsViewController.cartButton") or (contains(@label,"Your cart contains") and contains(@label,"The estimated total is")) or (@label="Your cart is empty")]=[true]}
2024-01-25 14:19:29.974 [DEBUG] [thread-id 1] - Click element: '//XCUIElementTypeButton[contains(@label, "Your cart")] | //XCUIElementTypeButton[(@name="SearchResultsViewController.cartButton") or (contains(@label,"Your cart contains") and contains(@label,"The estimated total is")) or (@label="Your cart is empty")]'
2024-01-25 14:19:54.626 [DEBUG] [thread-id 1] - Executing function: 'us.functions.utils.handleTechnicalErrorPageInCart'
2024-01-25 14:19:54.627 [DEBUG] [thread-id 1] - sleep:  15000 milliseconds
2024-01-25 14:20:09.637 [DEBUG] [thread-id 1] - Store in: store the value 'false' in the variable 'cartPageLoaded'
2024-01-25 14:20:09.639 [DEBUG] [thread-id 1] - loop: from 0 to 7
2024-01-25 14:20:12.532 [DEBUG] [thread-id 1] - 0
2024-01-25 14:20:27.186 [DEBUG] [thread-id 1] - conditionally execute a flow. condition: true
2024-01-25 14:20:29.049 [DEBUG] [thread-id 1] - Cart page load error. Retry - 0
2024-01-25 14:20:31.681 [DEBUG] [thread-id 1] - Click element: 'Shop'
2024-01-25 14:20:35.642 [DEBUG] [thread-id 1] - sleep:  5000 milliseconds
2024-01-25 14:20:42.894 [DEBUG] [thread-id 1] - Verify identifier: {//XCUIElementTypeButton[contains(@label, "Your cart")] | //XCUIElementTypeButton[(@name="SearchResultsViewController.cartButton") or (contains(@label,"Your cart contains") and contains(@label,"The estimated total is")) or (@label="Your cart is empty")]=[true]}
2024-01-25 14:20:45.199 [DEBUG] [thread-id 1] - Click element: '//XCUIElementTypeButton[contains(@label, "Your cart")] | //XCUIElementTypeButton[(@name="SearchResultsViewController.cartButton") or (contains(@label,"Your cart contains") and contains(@label,"The estimated total is")) or (@label="Your cart is empty")]'
2024-01-25 14:20:52.261 [DEBUG] [thread-id 1] - sleep:  5000 milliseconds
2024-01-25 14:20:59.224 [DEBUG] [thread-id 1] - 1
2024-01-25 14:21:15.224 [DEBUG] [thread-id 1] - conditionally execute a flow. condition: true
2024-01-25 14:21:17.039 [DEBUG] [thread-id 1] - Cart page load error. Retry - 1
2024-01-25 14:21:19.521 [DEBUG] [thread-id 1] - Click element: 'Shop'
2024-01-25 14:21:23.593 [DEBUG] [thread-id 1] - sleep:  5000 milliseconds
2024-01-25 14:21:30.989 [DEBUG] [thread-id 1] - Verify identifier: {//XCUIElementTypeButton[contains(@label, "Your cart")] | //XCUIElementTypeButton[(@name="SearchResultsViewController.cartButton") or (contains(@label,"Your cart contains") and contains(@label,"The estimated total is")) or (@label="Your cart is empty")]=[true]}
2024-01-25 14:21:33.389 [DEBUG] [thread-id 1] - Click element: '//XCUIElementTypeButton[contains(@label, "Your cart")] | //XCUIElementTypeButton[(@name="SearchResultsViewController.cartButton") or (contains(@label,"Your cart contains") and contains(@label,"The estimated total is")) or (@label="Your cart is empty")]'
2024-01-25 14:21:40.799 [DEBUG] [thread-id 1] - sleep:  5000 milliseconds
2024-01-25 14:21:47.786 [DEBUG] [thread-id 1] - 2
2024-01-25 14:22:04.247 [DEBUG] [thread-id 1] - conditionally execute a flow. condition: true
2024-01-25 14:22:06.089 [DEBUG] [thread-id 1] - Cart page load error. Retry - 2
2024-01-25 14:22:08.519 [DEBUG] [thread-id 1] - Click element: 'Shop'
2024-01-25 14:22:12.578 [DEBUG] [thread-id 1] - sleep:  5000 milliseconds
2024-01-25 14:22:19.803 [DEBUG] [thread-id 1] - Verify identifier: {//XCUIElementTypeButton[contains(@label, "Your cart")] | //XCUIElementTypeButton[(@name="SearchResultsViewController.cartButton") or (contains(@label,"Your cart contains") and contains(@label,"The estimated total is")) or (@label="Your cart is empty")]=[true]}
2024-01-25 14:22:22.122 [DEBUG] [thread-id 1] - Click element: '//XCUIElementTypeButton[contains(@label, "Your cart")] | //XCUIElementTypeButton[(@name="SearchResultsViewController.cartButton") or (contains(@label,"Your cart contains") and contains(@label,"The estimated total is")) or (@label="Your cart is empty")]'
2024-01-25 14:22:26.327 [DEBUG] [thread-id 1] - sleep:  5000 milliseconds
2024-01-25 14:22:33.312 [DEBUG] [thread-id 1] - 3
2024-01-25 14:22:49.167 [DEBUG] [thread-id 1] - conditionally execute a flow. condition: true
2024-01-25 14:22:50.986 [DEBUG] [thread-id 1] - Cart page load error. Retry - 3
2024-01-25 14:22:53.486 [DEBUG] [thread-id 1] - Click element: 'Shop'
2024-01-25 14:22:57.530 [DEBUG] [thread-id 1] - sleep:  5000 milliseconds
2024-01-25 14:23:04.902 [DEBUG] [thread-id 1] - Verify identifier: {//XCUIElementTypeButton[contains(@label, "Your cart")] | //XCUIElementTypeButton[(@name="SearchResultsViewController.cartButton") or (contains(@label,"Your cart contains") and contains(@label,"The estimated total is")) or (@label="Your cart is empty")]=[true]}
2024-01-25 14:23:07.469 [DEBUG] [thread-id 1] - Click element: '//XCUIElementTypeButton[contains(@label, "Your cart")] | //XCUIElementTypeButton[(@name="SearchResultsViewController.cartButton") or (contains(@label,"Your cart contains") and contains(@label,"The estimated total is")) or (@label="Your cart is empty")]'
2024-01-25 14:23:14.667 [DEBUG] [thread-id 1] - sleep:  5000 milliseconds
2024-01-25 14:23:21.625 [DEBUG] [thread-id 1] - 4
2024-01-25 14:23:37.994 [DEBUG] [thread-id 1] - conditionally execute a flow. condition: true
2024-01-25 14:23:39.755 [DEBUG] [thread-id 1] - Cart page load error. Retry - 4
2024-01-25 14:23:42.082 [DEBUG] [thread-id 1] - Click element: 'Shop'
2024-01-25 14:23:45.992 [DEBUG] [thread-id 1] - sleep:  5000 milliseconds
2024-01-25 14:23:53.299 [DEBUG] [thread-id 1] - Verify identifier: {//XCUIElementTypeButton[contains(@label, "Your cart")] | //XCUIElementTypeButton[(@name="SearchResultsViewController.cartButton") or (contains(@label,"Your cart contains") and contains(@label,"The estimated total is")) or (@label="Your cart is empty")]=[true]}
2024-01-25 14:23:55.529 [DEBUG] [thread-id 1] - Click element: '//XCUIElementTypeButton[contains(@label, "Your cart")] | //XCUIElementTypeButton[(@name="SearchResultsViewController.cartButton") or (contains(@label,"Your cart contains") and contains(@label,"The estimated total is")) or (@label="Your cart is empty")]'
2024-01-25 14:24:03.277 [DEBUG] [thread-id 1] - sleep:  5000 milliseconds
2024-01-25 14:24:10.560 [DEBUG] [thread-id 1] - 5
2024-01-25 14:24:25.169 [DEBUG] [thread-id 1] - conditionally execute a flow. condition: true
2024-01-25 14:24:27.100 [DEBUG] [thread-id 1] - Cart page load error. Retry - 5
2024-01-25 14:24:29.840 [DEBUG] [thread-id 1] - Click element: 'Shop'
2024-01-25 14:24:33.899 [DEBUG] [thread-id 1] - sleep:  5000 milliseconds
2024-01-25 14:24:41.409 [DEBUG] [thread-id 1] - Verify identifier: {//XCUIElementTypeButton[contains(@label, "Your cart")] | //XCUIElementTypeButton[(@name="SearchResultsViewController.cartButton") or (contains(@label,"Your cart contains") and contains(@label,"The estimated total is")) or (@label="Your cart is empty")]=[true]}
2024-01-25 14:24:44.038 [DEBUG] [thread-id 1] - Click element: '//XCUIElementTypeButton[contains(@label, "Your cart")] | //XCUIElementTypeButton[(@name="SearchResultsViewController.cartButton") or (contains(@label,"Your cart contains") and contains(@label,"The estimated total is")) or (@label="Your cart is empty")]'
2024-01-25 14:24:51.869 [DEBUG] [thread-id 1] - sleep:  5000 milliseconds
2024-01-25 14:24:59.156 [DEBUG] [thread-id 1] - 6
2024-01-25 14:25:16.172 [DEBUG] [thread-id 1] - conditionally execute a flow. condition: true
2024-01-25 14:25:18.003 [DEBUG] [thread-id 1] - Cart page load error. Retry - 6
2024-01-25 14:25:20.412 [DEBUG] [thread-id 1] - Click element: 'Shop'
2024-01-25 14:25:24.401 [DEBUG] [thread-id 1] - sleep:  5000 milliseconds
2024-01-25 14:25:31.737 [DEBUG] [thread-id 1] - Verify identifier: {//XCUIElementTypeButton[contains(@label, "Your cart")] | //XCUIElementTypeButton[(@name="SearchResultsViewController.cartButton") or (contains(@label,"Your cart contains") and contains(@label,"The estimated total is")) or (@label="Your cart is empty")]=[true]}
2024-01-25 14:25:33.978 [DEBUG] [thread-id 1] - Click element: '//XCUIElementTypeButton[contains(@label, "Your cart")] | //XCUIElementTypeButton[(@name="SearchResultsViewController.cartButton") or (contains(@label,"Your cart contains") and contains(@label,"The estimated total is")) or (@label="Your cart is empty")]'
2024-01-25 14:25:41.202 [DEBUG] [thread-id 1] - sleep:  5000 milliseconds
2024-01-25 14:25:46.378 [DEBUG] [thread-id 1] - conditionally execute a flow. condition: false
2024-01-25 14:26:09.826 [DEBUG] [thread-id 1] - Main failed: ENV_FAILURE - production cart page load ERROR
2024-01-25 14:26:32.157 [DEBUG] [thread-id 1] - Executing scenario: 'After'
2024-01-25 14:26:32.158 [DEBUG] [thread-id 1] - Executing function: 'us.functions.utils.afterSteps'
2024-01-25 14:26:32.160 [WARN] [thread-id 1] - variable testStatus was used, but r2 could not find a value for this variable. returning default of null
2024-01-25 14:26:32.161 [DEBUG] [thread-id 1] - conditionally execute a flow. condition: false
2024-01-25 14:26:33.937 [DEBUG] [thread-id 1] - Test failed
2024-01-25 14:26:34.024 [DEBUG] [thread-id 1] - Executing function: 'us.functions.utils.fetchExecutionTime'
2024-01-25 14:26:34.026 [DEBUG] [thread-id 1] - conditionally execute a flow. condition: true
2024-01-25 14:26:35.902 [DEBUG] [thread-id 1] - Timestamp: 1706221595902
2024-01-25 14:26:37.851 [DEBUG] [thread-id 1] - Arithmetic Operation: (1706221595902 - 1706220933836) / 1000 (value = 662.066)
2024-01-25 14:26:37.852 [DEBUG] [thread-id 1] - Store in: store the value '662.066' in the variable 'result'
2024-01-25 14:26:39.840 [DEBUG] [thread-id 1] - 662.066
2024-01-25 14:26:42.066 [DEBUG] [thread-id 1] - Arithmetic Operation: 662.066 / 60 (value = 11.03443333333333333333333333333333)
2024-01-25 14:26:42.069 [DEBUG] [thread-id 1] - Store in: store the value '11.03443333333333333333333333333333' in the variable 'result'
2024-01-25 14:26:44.207 [DEBUG] [thread-id 1] - 11.03443333333333333333333333333333
2024-01-25 14:26:46.277 [DEBUG] [thread-id 1] - Create file: './timestampData.txt' with string '11.03443333333333333333333333333333,'
2024-01-25 14:26:59.275 [DEBUG] [thread-id 1] - Created report: /Users/m0k0a2f/glass-automation/report/index.html
2024-01-25 14:30:21.399 [DEBUG] [thread-id 1] - Executing R2 3.38.1: '/Users/m0k0a2f/glass-automation/./us/test/test-scripts/ios/prod-flows/Ecomm-And-Fulfillment-Flows/store-single-fulfillment-flows/C2644785-glass-sc-unscheduled-pick-up.yaml' on device: 'iPhone 14'
2024-01-25 14:31:47.393 [DEBUG] [thread-id 1] - Executing scenario: 'Before'
2024-01-25 14:31:47.394 [DEBUG] [thread-id 1] - R2_SUBFLOW_PRE_TRANSACTION
2024-01-25 14:31:47.753 [DEBUG] [thread-id 1] - Using us-errors-helpers.yaml
2024-01-25 14:31:47.938 [DEBUG] [thread-id 1] - Start Main
2024-01-25 14:31:47.941 [DEBUG] [thread-id 1] - Executing function: 'us.functions.global.onboarding.navigateOnboardingToHome'
2024-01-25 14:31:47.942 [DEBUG] [thread-id 1] - Executing function: 'us.function.utils.getEnvironmentValue'
2024-01-25 14:31:47.943 [DEBUG] [thread-id 1] - Store in: store the value 'production' in the variable 'env'
2024-01-25 14:31:47.943 [DEBUG] [thread-id 1] - Timestamp: 1706221907943
2024-01-25 14:31:47.952 [DEBUG] [thread-id 1] - Welcome screen loaded
2024-01-25 14:31:47.954 [DEBUG] [thread-id 1] - Verify identifier: {SignUpNudgeWelcomeViewController.titleLabel=[true]}
2024-01-25 14:31:58.077 [DEBUG] [thread-id 1] - conditionally execute a flow. condition: false
2024-01-25 14:31:58.273 [DEBUG] [thread-id 1] - Click element: 'cta.cancel.welcome'
2024-01-25 14:31:58.759 [DEBUG] [thread-id 1] - Notifiction Prompt screen loaded
2024-01-25 14:31:59.266 [DEBUG] [thread-id 1] - Verify identifier: {NotificationPermissionViewController.titleLabel=[true]}
2024-01-25 14:31:59.328 [DEBUG] [thread-id 1] - Click element: 'cta.cancel.notifications'
2024-01-25 14:31:59.790 [DEBUG] [thread-id 1] - location screen loaded
2024-01-25 14:32:00.011 [DEBUG] [thread-id 1] - Verify identifier: {LocationPermissionViewController.titleLabel=[true], LocationPermissionViewController.bodyLabel=[true]}
2024-01-25 14:32:00.077 [DEBUG] [thread-id 1] - Click element: 'cta.cancel.location'
2024-01-25 14:32:00.770 [DEBUG] [thread-id 1] - Verify identifier: {label.postal-code-entry=[true]}
2024-01-25 14:32:00.836 [DEBUG] [thread-id 1] - Enter text: '95122'
2024-01-25 14:32:02.957 [DEBUG] [thread-id 1] - Click element: 'cta.continue'
2024-01-25 14:32:03.499 [DEBUG] [thread-id 1] - sleep:  3000 milliseconds
2024-01-25 14:32:06.504 [DEBUG] [thread-id 1] - loop: from 0 to 3
2024-01-25 14:32:06.794 [DEBUG] [thread-id 1] - 0
2024-01-25 14:32:17.278 [DEBUG] [thread-id 1] - conditionally execute a flow. condition: false
2024-01-25 14:32:27.759 [DEBUG] [thread-id 1] - Observed IDFA Sscreen
2024-01-25 14:32:28.016 [DEBUG] [thread-id 1] - conditionally execute a flow. condition: true
2024-01-25 14:32:28.270 [DEBUG] [thread-id 1] - Verify identifier: {ATTPermissionViewController.titleLabel=[true], ATTPermissionViewController.bodyLabel=[true]}
2024-01-25 14:32:28.586 [DEBUG] [thread-id 1] - Click element: 'cta.continue.location'
2024-01-25 14:32:31.447 [DEBUG] [thread-id 1] - Click element: '//XCUIElementTypeButton[@name="Ask App Not to Track"] | //XCUIElementTypeButton[@name="Solicitar a la app no rastrear"]'
2024-01-25 14:32:42.154 [DEBUG] [thread-id 1] - conditionally execute a flow. condition: false
2024-01-25 14:32:43.108 [DEBUG] [thread-id 1] - modal is not displayed
2024-01-25 14:32:53.473 [DEBUG] [thread-id 1] - Executing function: 'us.functions.gic.collapseIfExpanded'
2024-01-25 14:32:55.777 [DEBUG] [thread-id 1] - GIC already collapsed
2024-01-25 14:32:55.792 [DEBUG] [thread-id 1] - Executing function: 'us.functions.home.navigateHomeToSignIn'
2024-01-25 14:32:55.792 [DEBUG] [thread-id 1] - sleep:  3000 milliseconds
2024-01-25 14:33:10.060 [DEBUG] [thread-id 1] - Click element: 'tab-account-unselected'
2024-01-25 14:33:11.565 [DEBUG] [thread-id 1] - Verify identifier: {SignInYourAccountTableViewCell.signInButton=[true]}
2024-01-25 14:33:11.565 [DEBUG] [thread-id 1] - loop: from 1 to 3
2024-01-25 14:33:12.239 [DEBUG] [thread-id 1] - conditionally execute a flow. condition: true
2024-01-25 14:33:13.043 [DEBUG] [thread-id 1] - Click element: 'SignInYourAccountTableViewCell.signInButton'
2024-01-25 14:33:17.421 [DEBUG] [thread-id 1] - Verify identifier: {WelcomeView.emailField=[true]}
2024-01-25 14:33:19.071 [DEBUG] [thread-id 1] - Store in: store the value 'true' in the variable 'signInValidated'
2024-01-25 14:33:20.726 [DEBUG] [thread-id 1] - conditionally execute a flow. condition: true
2024-01-25 14:33:22.358 [DEBUG] [thread-id 1] - SignIn page loaded
2024-01-25 14:33:23.994 [DEBUG] [thread-id 1] - Store in: store the value 'false' in the variable 'signInValidated'
2024-01-25 14:33:23.999 [DEBUG] [thread-id 1] - Executing function: 'us.functions.global.authentication.signInAccountCarta'
2024-01-25 14:33:25.626 [DEBUG] [thread-id 1] - conditionally execute a flow. condition: true
2024-01-25 14:33:27.482 [DEBUG] [thread-id 1] - Enter text: 'prod.ios.unschedule@cloudtest.org'
2024-01-25 14:33:31.382 [DEBUG] [thread-id 1] - Click element: 'WelcomeView.ctaButton'
2024-01-25 14:33:34.461 [DEBUG] [thread-id 1] - Sign in Field present!!
2024-01-25 14:33:36.173 [DEBUG] [thread-id 1] - conditionally execute a flow. condition: true
2024-01-25 14:33:38.116 [DEBUG] [thread-id 1] - Enter text: 'E2epassword$'
2024-01-25 14:33:41.595 [DEBUG] [thread-id 1] - Click element: 'OTPView.ctaButton'
2024-01-25 14:33:44.566 [DEBUG] [thread-id 1] - Password Field present!!
2024-01-25 14:33:46.788 [DEBUG] [thread-id 1] - conditionally execute a flow. condition: true
2024-01-25 14:33:48.954 [DEBUG] [thread-id 1] - Click element: 'Don’t Allow'
2024-01-25 14:33:50.801 [DEBUG] [thread-id 1] - Login succesful!!
2024-01-25 14:33:50.809 [DEBUG] [thread-id 1] - Executing function: 'us.functions.global.navigation.accountToHome'
2024-01-25 14:33:50.809 [DEBUG] [thread-id 1] - Verify identifier: {Shop=[true]}
2024-01-25 14:33:50.809 [DEBUG] [thread-id 1] - sleep:  2000 milliseconds
2024-01-25 14:33:53.078 [DEBUG] [thread-id 1] - Click element: 'Shop'
2024-01-25 14:33:54.389 [DEBUG] [thread-id 1] - Executing function: 'us.functions.home.closeWPlusPromotionPopUpIfDisplayed'
2024-01-25 14:33:58.151 [DEBUG] [thread-id 1] - Verify identifier: {//XCUIElementTypeButton[@name="SplashPageTermView.primaryButton"]|//XCUIElementTypeButton[@name="WalmartPlusSplashBottomSheet.tryWalmartPlusMemberShipButton"] | //XCUIElementTypeButton[@label="Try your rewards benefit"] | //XCUIElementTypeButton[@name="BenefitEngagementTempoContainerView.primaryButton"]=[true]}
2024-01-25 14:34:00.324 [DEBUG] [thread-id 1] - Click element: '//XCUIElementTypeButton[@name="SplashPageViewController.closeButton" or contains(@label, "Close Walmart plus promotional pop up")] | //XCUIElementTypeNavigationBar[@name="WalmartPlus.SplashPageView"]/XCUIElementTypeButton | //XCUIElementTypeButton[@name="close" or @name="Close"] | //XCUIElementTypeButton[@name="SplashPageViewController.fullScreenCloseButton"] | //XCUIElementTypeButton[@name="MultiSplashViewController.fullScreenCloseButton"]'
2024-01-25 14:34:02.071 [DEBUG] [thread-id 1] - Verify identifier: {Search Walmart=[true]}
2024-01-25 14:34:02.072 [DEBUG] [thread-id 1] - Executing function: 'us.functions.global.navigation.toCartFromNavBar'
2024-01-25 14:34:02.581 [DEBUG] [thread-id 1] - Verify identifier: {//XCUIElementTypeButton[contains(@label, "Your cart")] | //XCUIElementTypeButton[(@name="SearchResultsViewController.cartButton") or (contains(@label,"Your cart contains") and contains(@label,"The estimated total is")) or (@label="Your cart is empty")]=[true]}
2024-01-25 14:34:03.089 [DEBUG] [thread-id 1] - Click element: '//XCUIElementTypeButton[contains(@label, "Your cart")] | //XCUIElementTypeButton[(@name="SearchResultsViewController.cartButton") or (contains(@label,"Your cart contains") and contains(@label,"The estimated total is")) or (@label="Your cart is empty")]'
2024-01-25 14:34:26.314 [DEBUG] [thread-id 1] - Executing function: 'us.functions.utils.handleTechnicalErrorPageInCart'
2024-01-25 14:34:26.315 [DEBUG] [thread-id 1] - sleep:  15000 milliseconds
2024-01-25 14:34:41.324 [DEBUG] [thread-id 1] - Store in: store the value 'false' in the variable 'cartPageLoaded'
2024-01-25 14:34:41.327 [DEBUG] [thread-id 1] - loop: from 0 to 7
2024-01-25 14:34:44.127 [DEBUG] [thread-id 1] - 0
2024-01-25 14:34:46.300 [DEBUG] [thread-id 1] - conditionally execute a flow. condition: true
2024-01-25 14:34:58.816 [DEBUG] [thread-id 1] - conditionally execute a flow. condition: false
2024-01-25 14:35:22.436 [DEBUG] [thread-id 1] - conditionally execute a flow. condition: false
2024-01-25 14:35:34.606 [DEBUG] [thread-id 1] - conditionally execute a flow. condition: true
2024-01-25 14:35:35.583 [DEBUG] [thread-id 1] - Cart page load error. Retry - 0
2024-01-25 14:35:36.714 [DEBUG] [thread-id 1] - Click element: 'Shop'
2024-01-25 14:35:38.477 [DEBUG] [thread-id 1] - sleep:  5000 milliseconds
2024-01-25 14:35:45.023 [DEBUG] [thread-id 1] - Verify identifier: {//XCUIElementTypeButton[contains(@label, "Your cart")] | //XCUIElementTypeButton[(@name="SearchResultsViewController.cartButton") or (contains(@label,"Your cart contains") and contains(@label,"The estimated total is")) or (@label="Your cart is empty")]=[true]}
2024-01-25 14:35:46.565 [DEBUG] [thread-id 1] - Click element: '//XCUIElementTypeButton[contains(@label, "Your cart")] | //XCUIElementTypeButton[(@name="SearchResultsViewController.cartButton") or (contains(@label,"Your cart contains") and contains(@label,"The estimated total is")) or (@label="Your cart is empty")]'
2024-01-25 14:35:48.804 [DEBUG] [thread-id 1] - sleep:  5000 milliseconds
2024-01-25 14:35:56.049 [DEBUG] [thread-id 1] - 1
2024-01-25 14:36:13.108 [DEBUG] [thread-id 1] - conditionally execute a flow. condition: true
2024-01-25 14:36:15.282 [DEBUG] [thread-id 1] - Cart page load error. Retry - 1
2024-01-25 14:36:17.846 [DEBUG] [thread-id 1] - Click element: 'Shop'
2024-01-25 14:36:20.887 [DEBUG] [thread-id 1] - sleep:  5000 milliseconds
2024-01-25 14:36:27.422 [DEBUG] [thread-id 1] - Verify identifier: {//XCUIElementTypeButton[contains(@label, "Your cart")] | //XCUIElementTypeButton[(@name="SearchResultsViewController.cartButton") or (contains(@label,"Your cart contains") and contains(@label,"The estimated total is")) or (@label="Your cart is empty")]=[true]}
2024-01-25 14:36:28.973 [DEBUG] [thread-id 1] - Click element: '//XCUIElementTypeButton[contains(@label, "Your cart")] | //XCUIElementTypeButton[(@name="SearchResultsViewController.cartButton") or (contains(@label,"Your cart contains") and contains(@label,"The estimated total is")) or (@label="Your cart is empty")]'
2024-01-25 14:36:31.142 [DEBUG] [thread-id 1] - sleep:  5000 milliseconds
2024-01-25 14:36:38.346 [DEBUG] [thread-id 1] - 2
2024-01-25 14:36:55.174 [DEBUG] [thread-id 1] - conditionally execute a flow. condition: true
2024-01-25 14:36:57.338 [DEBUG] [thread-id 1] - Cart page load error. Retry - 2
2024-01-25 14:36:59.951 [DEBUG] [thread-id 1] - Click element: 'Shop'
2024-01-25 14:37:03.135 [DEBUG] [thread-id 1] - sleep:  5000 milliseconds
2024-01-25 14:37:09.625 [DEBUG] [thread-id 1] - Verify identifier: {//XCUIElementTypeButton[contains(@label, "Your cart")] | //XCUIElementTypeButton[(@name="SearchResultsViewController.cartButton") or (contains(@label,"Your cart contains") and contains(@label,"The estimated total is")) or (@label="Your cart is empty")]=[true]}
2024-01-25 14:37:11.108 [DEBUG] [thread-id 1] - Click element: '//XCUIElementTypeButton[contains(@label, "Your cart")] | //XCUIElementTypeButton[(@name="SearchResultsViewController.cartButton") or (contains(@label,"Your cart contains") and contains(@label,"The estimated total is")) or (@label="Your cart is empty")]'
2024-01-25 14:37:13.270 [DEBUG] [thread-id 1] - sleep:  5000 milliseconds
2024-01-25 14:37:20.659 [DEBUG] [thread-id 1] - 3
2024-01-25 14:37:35.513 [DEBUG] [thread-id 1] - conditionally execute a flow. condition: true
2024-01-25 14:37:37.718 [DEBUG] [thread-id 1] - Cart page load error. Retry - 3
2024-01-25 14:37:40.542 [DEBUG] [thread-id 1] - Click element: 'Shop'
2024-01-25 14:37:43.860 [DEBUG] [thread-id 1] - sleep:  5000 milliseconds
2024-01-25 14:37:50.394 [DEBUG] [thread-id 1] - Verify identifier: {//XCUIElementTypeButton[contains(@label, "Your cart")] | //XCUIElementTypeButton[(@name="SearchResultsViewController.cartButton") or (contains(@label,"Your cart contains") and contains(@label,"The estimated total is")) or (@label="Your cart is empty")]=[true]}
2024-01-25 14:37:51.862 [DEBUG] [thread-id 1] - Click element: '//XCUIElementTypeButton[contains(@label, "Your cart")] | //XCUIElementTypeButton[(@name="SearchResultsViewController.cartButton") or (contains(@label,"Your cart contains") and contains(@label,"The estimated total is")) or (@label="Your cart is empty")]'
2024-01-25 14:37:53.988 [DEBUG] [thread-id 1] - sleep:  5000 milliseconds
2024-01-25 14:38:01.345 [DEBUG] [thread-id 1] - 4
2024-01-25 14:38:18.478 [DEBUG] [thread-id 1] - conditionally execute a flow. condition: true
2024-01-25 14:38:20.597 [DEBUG] [thread-id 1] - Cart page load error. Retry - 4
2024-01-25 14:38:23.160 [DEBUG] [thread-id 1] - Click element: 'Shop'
2024-01-25 14:38:26.280 [DEBUG] [thread-id 1] - sleep:  5000 milliseconds
2024-01-25 14:38:32.768 [DEBUG] [thread-id 1] - Verify identifier: {//XCUIElementTypeButton[contains(@label, "Your cart")] | //XCUIElementTypeButton[(@name="SearchResultsViewController.cartButton") or (contains(@label,"Your cart contains") and contains(@label,"The estimated total is")) or (@label="Your cart is empty")]=[true]}
2024-01-25 14:38:34.189 [DEBUG] [thread-id 1] - Click element: '//XCUIElementTypeButton[contains(@label, "Your cart")] | //XCUIElementTypeButton[(@name="SearchResultsViewController.cartButton") or (contains(@label,"Your cart contains") and contains(@label,"The estimated total is")) or (@label="Your cart is empty")]'
2024-01-25 14:38:36.288 [DEBUG] [thread-id 1] - sleep:  5000 milliseconds
2024-01-25 14:38:43.498 [DEBUG] [thread-id 1] - 5
2024-01-25 14:39:01.354 [DEBUG] [thread-id 1] - conditionally execute a flow. condition: true
2024-01-25 14:39:03.808 [DEBUG] [thread-id 1] - Cart page load error. Retry - 5
2024-01-25 14:39:06.606 [DEBUG] [thread-id 1] - Click element: 'Shop'
2024-01-25 14:39:09.919 [DEBUG] [thread-id 1] - sleep:  5000 milliseconds
2024-01-25 14:39:16.567 [DEBUG] [thread-id 1] - Verify identifier: {//XCUIElementTypeButton[contains(@label, "Your cart")] | //XCUIElementTypeButton[(@name="SearchResultsViewController.cartButton") or (contains(@label,"Your cart contains") and contains(@label,"The estimated total is")) or (@label="Your cart is empty")]=[true]}
2024-01-25 14:39:18.174 [DEBUG] [thread-id 1] - Click element: '//XCUIElementTypeButton[contains(@label, "Your cart")] | //XCUIElementTypeButton[(@name="SearchResultsViewController.cartButton") or (contains(@label,"Your cart contains") and contains(@label,"The estimated total is")) or (@label="Your cart is empty")]'
2024-01-25 14:39:20.398 [DEBUG] [thread-id 1] - sleep:  5000 milliseconds
2024-01-25 14:39:27.803 [DEBUG] [thread-id 1] - 6
2024-01-25 14:39:42.697 [DEBUG] [thread-id 1] - conditionally execute a flow. condition: true
2024-01-25 14:39:45.039 [DEBUG] [thread-id 1] - Cart page load error. Retry - 6
2024-01-25 14:39:47.830 [DEBUG] [thread-id 1] - Click element: 'Shop'
2024-01-25 14:39:51.034 [DEBUG] [thread-id 1] - sleep:  5000 milliseconds
2024-01-25 14:39:57.500 [DEBUG] [thread-id 1] - Verify identifier: {//XCUIElementTypeButton[contains(@label, "Your cart")] | //XCUIElementTypeButton[(@name="SearchResultsViewController.cartButton") or (contains(@label,"Your cart contains") and contains(@label,"The estimated total is")) or (@label="Your cart is empty")]=[true]}
2024-01-25 14:39:58.931 [DEBUG] [thread-id 1] - Click element: '//XCUIElementTypeButton[contains(@label, "Your cart")] | //XCUIElementTypeButton[(@name="SearchResultsViewController.cartButton") or (contains(@label,"Your cart contains") and contains(@label,"The estimated total is")) or (@label="Your cart is empty")]'
2024-01-25 14:40:01.027 [DEBUG] [thread-id 1] - sleep:  5000 milliseconds
2024-01-25 14:40:06.074 [DEBUG] [thread-id 1] - conditionally execute a flow. condition: false
2024-01-25 14:40:27.537 [DEBUG] [thread-id 1] - Main failed: ENV_FAILURE - production cart page load ERROR
2024-01-25 14:40:52.504 [DEBUG] [thread-id 1] - Executing scenario: 'After'
2024-01-25 14:40:52.506 [DEBUG] [thread-id 1] - Executing function: 'us.functions.utils.afterSteps'
2024-01-25 14:40:52.506 [WARN] [thread-id 1] - variable testStatus was used, but r2 could not find a value for this variable. returning default of null
2024-01-25 14:40:52.507 [DEBUG] [thread-id 1] - conditionally execute a flow. condition: false
2024-01-25 14:40:54.672 [DEBUG] [thread-id 1] - Test failed
2024-01-25 14:40:54.687 [DEBUG] [thread-id 1] - Executing function: 'us.functions.utils.fetchExecutionTime'
2024-01-25 14:40:54.688 [DEBUG] [thread-id 1] - conditionally execute a flow. condition: true
2024-01-25 14:40:56.857 [DEBUG] [thread-id 1] - Timestamp: 1706222456856
2024-01-25 14:40:59.037 [DEBUG] [thread-id 1] - Arithmetic Operation: (1706222456856 - 1706221907943) / 1000 (value = 548.913)
2024-01-25 14:40:59.038 [DEBUG] [thread-id 1] - Store in: store the value '548.913' in the variable 'result'
2024-01-25 14:41:01.329 [DEBUG] [thread-id 1] - 548.913
2024-01-25 14:41:03.529 [DEBUG] [thread-id 1] - Arithmetic Operation: 548.913 / 60 (value = 9.14855)
2024-01-25 14:41:03.529 [DEBUG] [thread-id 1] - Store in: store the value '9.14855' in the variable 'result'
2024-01-25 14:41:05.738 [DEBUG] [thread-id 1] - 9.14855
2024-01-25 14:41:07.951 [DEBUG] [thread-id 1] - Create file: './timestampData.txt' with string '9.14855,'
2024-01-25 14:41:13.644 [DEBUG] [thread-id 1] - Created report: /Users/m0k0a2f/glass-automation/report/index.html
2024-01-25 14:42:25.187 [DEBUG] [thread-id 1] - Executing R2 3.38.1: '/Users/m0k0a2f/glass-automation/./us/test/test-scripts/ios/prod-flows/Ecomm-And-Fulfillment-Flows/store-single-fulfillment-flows/C2644785-glass-sc-unscheduled-pick-up.yaml' on device: 'iPhone 14'
2024-01-25 14:43:14.182 [DEBUG] [thread-id 1] - Executing scenario: 'Before'
2024-01-25 14:43:14.184 [DEBUG] [thread-id 1] - R2_SUBFLOW_PRE_TRANSACTION
2024-01-25 14:43:14.357 [DEBUG] [thread-id 1] - Using us-errors-helpers.yaml
2024-01-25 14:43:14.537 [DEBUG] [thread-id 1] - Start Main
2024-01-25 14:43:14.539 [DEBUG] [thread-id 1] - Executing function: 'us.functions.global.onboarding.navigateOnboardingToHome'
2024-01-25 14:43:14.540 [DEBUG] [thread-id 1] - Executing function: 'us.function.utils.getEnvironmentValue'
2024-01-25 14:43:14.541 [DEBUG] [thread-id 1] - Store in: store the value 'production' in the variable 'env'
2024-01-25 14:43:14.541 [DEBUG] [thread-id 1] - Timestamp: 1706222594541
2024-01-25 14:43:14.552 [DEBUG] [thread-id 1] - Welcome screen loaded
2024-01-25 14:43:14.554 [DEBUG] [thread-id 1] - Verify identifier: {SignUpNudgeWelcomeViewController.titleLabel=[true]}
2024-01-25 14:43:24.669 [DEBUG] [thread-id 1] - conditionally execute a flow. condition: false
2024-01-25 14:43:24.878 [DEBUG] [thread-id 1] - Click element: 'cta.cancel.welcome'
2024-01-25 14:43:25.437 [DEBUG] [thread-id 1] - Notifiction Prompt screen loaded
2024-01-25 14:43:25.992 [DEBUG] [thread-id 1] - Verify identifier: {NotificationPermissionViewController.titleLabel=[true]}
2024-01-25 14:43:26.053 [DEBUG] [thread-id 1] - Click element: 'cta.cancel.notifications'
2024-01-25 14:43:26.608 [DEBUG] [thread-id 1] - location screen loaded
2024-01-25 14:43:26.825 [DEBUG] [thread-id 1] - Verify identifier: {LocationPermissionViewController.titleLabel=[true], LocationPermissionViewController.bodyLabel=[true]}
2024-01-25 14:43:26.896 [DEBUG] [thread-id 1] - Click element: 'cta.cancel.location'
2024-01-25 14:43:27.612 [DEBUG] [thread-id 1] - Verify identifier: {label.postal-code-entry=[true]}
2024-01-25 14:43:27.685 [DEBUG] [thread-id 1] - Enter text: '95122'
2024-01-25 14:43:29.483 [DEBUG] [thread-id 1] - Click element: 'cta.continue'
2024-01-25 14:43:30.028 [DEBUG] [thread-id 1] - sleep:  3000 milliseconds
2024-01-25 14:43:33.034 [DEBUG] [thread-id 1] - loop: from 0 to 3
2024-01-25 14:43:33.336 [DEBUG] [thread-id 1] - 0
2024-01-25 14:43:43.735 [DEBUG] [thread-id 1] - conditionally execute a flow. condition: false
2024-01-25 14:43:54.158 [DEBUG] [thread-id 1] - Observed IDFA Sscreen
2024-01-25 14:43:54.455 [DEBUG] [thread-id 1] - conditionally execute a flow. condition: true
2024-01-25 14:43:54.726 [DEBUG] [thread-id 1] - Verify identifier: {ATTPermissionViewController.titleLabel=[true], ATTPermissionViewController.bodyLabel=[true]}
2024-01-25 14:43:55.041 [DEBUG] [thread-id 1] - Click element: 'cta.continue.location'
2024-01-25 14:43:57.924 [DEBUG] [thread-id 1] - Click element: '//XCUIElementTypeButton[@name="Ask App Not to Track"] | //XCUIElementTypeButton[@name="Solicitar a la app no rastrear"]'
2024-01-25 14:44:08.809 [DEBUG] [thread-id 1] - conditionally execute a flow. condition: false
2024-01-25 14:44:09.793 [DEBUG] [thread-id 1] - modal is not displayed
2024-01-25 14:44:20.923 [DEBUG] [thread-id 1] - Executing function: 'us.functions.gic.collapseIfExpanded'
2024-01-25 14:44:23.378 [DEBUG] [thread-id 1] - GIC already collapsed
2024-01-25 14:44:23.383 [DEBUG] [thread-id 1] - Executing function: 'us.functions.home.navigateHomeToSignIn'
2024-01-25 14:44:23.383 [DEBUG] [thread-id 1] - sleep:  3000 milliseconds
2024-01-25 14:44:37.770 [DEBUG] [thread-id 1] - Click element: 'tab-account-unselected'
2024-01-25 14:44:39.348 [DEBUG] [thread-id 1] - Verify identifier: {SignInYourAccountTableViewCell.signInButton=[true]}
2024-01-25 14:44:39.348 [DEBUG] [thread-id 1] - loop: from 1 to 3
2024-01-25 14:44:40.010 [DEBUG] [thread-id 1] - conditionally execute a flow. condition: true
2024-01-25 14:44:40.819 [DEBUG] [thread-id 1] - Click element: 'SignInYourAccountTableViewCell.signInButton'
2024-01-25 14:44:44.982 [DEBUG] [thread-id 1] - Verify identifier: {WelcomeView.emailField=[true]}
2024-01-25 14:44:46.585 [DEBUG] [thread-id 1] - Store in: store the value 'true' in the variable 'signInValidated'
2024-01-25 14:44:48.198 [DEBUG] [thread-id 1] - conditionally execute a flow. condition: true
2024-01-25 14:44:49.792 [DEBUG] [thread-id 1] - SignIn page loaded
2024-01-25 14:44:51.428 [DEBUG] [thread-id 1] - Store in: store the value 'false' in the variable 'signInValidated'
2024-01-25 14:44:51.433 [DEBUG] [thread-id 1] - Executing function: 'us.functions.global.authentication.signInAccountCarta'
2024-01-25 14:44:53.031 [DEBUG] [thread-id 1] - conditionally execute a flow. condition: true
2024-01-25 14:44:54.857 [DEBUG] [thread-id 1] - Enter text: 'prod.ios.unschedule@cloudtest.org'
2024-01-25 14:44:58.717 [DEBUG] [thread-id 1] - Click element: 'WelcomeView.ctaButton'
2024-01-25 14:45:01.943 [DEBUG] [thread-id 1] - Sign in Field present!!
2024-01-25 14:45:03.649 [DEBUG] [thread-id 1] - conditionally execute a flow. condition: true
2024-01-25 14:45:05.617 [DEBUG] [thread-id 1] - Enter text: 'E2epassword$'
2024-01-25 14:45:09.089 [DEBUG] [thread-id 1] - Click element: 'OTPView.ctaButton'
2024-01-25 14:45:12.217 [DEBUG] [thread-id 1] - Password Field present!!
2024-01-25 14:45:14.400 [DEBUG] [thread-id 1] - conditionally execute a flow. condition: true
2024-01-25 14:45:16.585 [DEBUG] [thread-id 1] - Click element: 'Don’t Allow'
2024-01-25 14:45:18.487 [DEBUG] [thread-id 1] - Login succesful!!
2024-01-25 14:45:18.493 [DEBUG] [thread-id 1] - Executing function: 'us.functions.global.navigation.accountToHome'
2024-01-25 14:45:18.493 [DEBUG] [thread-id 1] - Verify identifier: {Shop=[true]}
2024-01-25 14:45:18.494 [DEBUG] [thread-id 1] - sleep:  2000 milliseconds
2024-01-25 14:45:20.762 [DEBUG] [thread-id 1] - Click element: 'Shop'
2024-01-25 14:45:22.128 [DEBUG] [thread-id 1] - Executing function: 'us.functions.home.closeWPlusPromotionPopUpIfDisplayed'
2024-01-25 14:45:24.574 [DEBUG] [thread-id 1] - Verify identifier: {//XCUIElementTypeButton[@name="SplashPageTermView.primaryButton"]|//XCUIElementTypeButton[@name="WalmartPlusSplashBottomSheet.tryWalmartPlusMemberShipButton"] | //XCUIElementTypeButton[@label="Try your rewards benefit"] | //XCUIElementTypeButton[@name="BenefitEngagementTempoContainerView.primaryButton"]=[true]}
2024-01-25 14:45:26.788 [DEBUG] [thread-id 1] - Click element: '//XCUIElementTypeButton[@name="SplashPageViewController.closeButton" or contains(@label, "Close Walmart plus promotional pop up")] | //XCUIElementTypeNavigationBar[@name="WalmartPlus.SplashPageView"]/XCUIElementTypeButton | //XCUIElementTypeButton[@name="close" or @name="Close"] | //XCUIElementTypeButton[@name="SplashPageViewController.fullScreenCloseButton"] | //XCUIElementTypeButton[@name="MultiSplashViewController.fullScreenCloseButton"]'
2024-01-25 14:45:28.650 [DEBUG] [thread-id 1] - Verify identifier: {Search Walmart=[true]}
2024-01-25 14:45:28.650 [DEBUG] [thread-id 1] - Executing function: 'us.functions.global.navigation.toCartFromNavBar'
2024-01-25 14:45:29.199 [DEBUG] [thread-id 1] - Verify identifier: {//XCUIElementTypeButton[contains(@label, "Your cart")] | //XCUIElementTypeButton[(@name="SearchResultsViewController.cartButton") or (contains(@label,"Your cart contains") and contains(@label,"The estimated total is")) or (@label="Your cart is empty")]=[true]}
2024-01-25 14:45:29.737 [DEBUG] [thread-id 1] - Click element: '//XCUIElementTypeButton[contains(@label, "Your cart")] | //XCUIElementTypeButton[(@name="SearchResultsViewController.cartButton") or (contains(@label,"Your cart contains") and contains(@label,"The estimated total is")) or (@label="Your cart is empty")]'
2024-01-25 14:45:36.981 [DEBUG] [thread-id 1] - Verify identifier: {//XCUIElementTypeStaticText[@name="CartDetailsViewController.headerCartLabel"] | //XCUIElementTypeStaticText[@name="CartEmptyStateViewController.titleLabel" and not(contains(@label,"We're sorry!"))]=[true]}
2024-01-25 14:45:37.003 [DEBUG] [thread-id 1] - Executing function: 'us.functions.cart.removeAllCartItems'
2024-01-25 14:45:37.005 [DEBUG] [thread-id 1] - Executing function: 'us.functions.cart.storeChangePopUp'
2024-01-25 14:45:47.530 [DEBUG] [thread-id 1] - Executing function: 'us.functions.cart.seeDetails'
2024-01-25 14:45:47.531 [DEBUG] [thread-id 1] - loop: from 0 to 3
2024-01-25 14:45:49.634 [DEBUG] [thread-id 1] - 0
2024-01-25 14:45:57.457 [DEBUG] [thread-id 1] - No See details in Cart
2024-01-25 14:45:59.565 [DEBUG] [thread-id 1] - loop: from 0 to 5
2024-01-25 14:46:01.722 [DEBUG] [thread-id 1] - 0
2024-01-25 14:46:03.867 [DEBUG] [thread-id 1] - Executing function: 'us.functions.cart.storeChangePopUp'
2024-01-25 14:46:16.586 [DEBUG] [thread-id 1] - Executing function: 'us.functions.cart.walmartAssistantPopup'
2024-01-25 14:46:33.552 [DEBUG] [thread-id 1] - Smart Budge view not displayed
2024-01-25 14:46:41.205 [DEBUG] [thread-id 1] - No Items in Cart to Remove
2024-01-25 14:46:43.356 [DEBUG] [thread-id 1] - Executing function: 'us.functions.cart.removeUnavailableItemsFromCart'
2024-01-25 14:46:54.013 [DEBUG] [thread-id 1] - Executing function: 'us.functions.global.navigation.backNavigation'
2024-01-25 14:46:54.014 [DEBUG] [thread-id 1] - sleep:  3000 milliseconds
2024-01-25 14:47:01.742 [DEBUG] [thread-id 1] - Click element: '//XCUIElementTypeButton[@name="Back" or @label="Back"] | //XCUIElementTypeButton[@name="Shop"] | //XCUIElementTypeButton[@name="Home"]| //XCUIElementTypeButton[@name="Registries"] | //XCUIElementTypeButton[@name="My Items"]'
2024-01-25 14:47:02.646 [DEBUG] [thread-id 1] - Executing function: 'us.functions.home.changeStore'
2024-01-25 14:47:02.649 [DEBUG] [thread-id 1] - Executing function: 'us.functions.home.closeWPlusPromotionPopUpIfDisplayed'
2024-01-25 14:47:12.962 [DEBUG] [thread-id 1] - No Wplus pop up displayed
2024-01-25 14:47:12.967 [DEBUG] [thread-id 1] - Executing function: 'us.functions.gic.expandIfCollapsed'
2024-01-25 14:47:14.528 [DEBUG] [thread-id 1] - Verify identifier: {//*[contains(@label,"Collapsed")] | //*[contains(@name,"Collapsed")]=[true]}
2024-01-25 14:47:16.115 [DEBUG] [thread-id 1] - Click element: '//*[contains(@label,"Collapsed")] | //*[contains(@name,"Collapsed")]'
2024-01-25 14:47:16.731 [WARN] [thread-id 1] - variable storeOnly was used, but r2 could not find a value for this variable. returning default of null
2024-01-25 14:47:16.734 [DEBUG] [thread-id 1] - conditionally execute a flow. condition: true
2024-01-25 14:47:28.093 [DEBUG] [thread-id 1] - conditionally execute a flow. condition: false
2024-01-25 14:47:40.809 [DEBUG] [thread-id 1] - Click element: '//XCUIElementTypeButton[@name="GlobalIntentCenter.Pickup"] | //XCUIElementTypeButton[contains(@name, "Pickup") and contains(@name,"1 of 2")]'
2024-01-25 14:47:42.111 [DEBUG] [thread-id 1] - Pickup intent selected
2024-01-25 14:47:45.591 [DEBUG] [thread-id 1] - Click element: '//XCUIElementTypeCollectionView[@name="GlobalIntentCenterViewController.collectionView"]//XCUIElementTypeCell[position()=last()-2 or position()=last()-1]//*[@name="GlobalIntentCenter.FullLocation" and contains(@label,"Pickup")] | //XCUIElementTypeOther[@name="LayoutableChildStackViewController.stackView"]/XCUIElementTypeOther[position()=last()]//XCUIElementTypeOther[@name="HoTLocationsItemDetailsView.containerView"]'
2024-01-25 14:47:57.002 [DEBUG] [thread-id 1] - conditionally execute a flow. condition: false
2024-01-25 14:48:06.296 [DEBUG] [thread-id 1] - Enter text: '95035'
2024-01-25 14:48:19.979 [DEBUG] [thread-id 1] - Click element: '(//XCUIElementTypeButton[@name="StoreSelectionCell.radioButton"])[1] | (//XCUIElementTypeOther[@name="StoreSelectionCell.radioLabelsStackView"])[1]'
2024-01-25 14:48:30.402 [DEBUG] [thread-id 1] - Click element: '//XCUIElementTypeButton[@name="SaveStoreSelectionView.saveButton"]'
2024-01-25 14:48:35.173 [DEBUG] [thread-id 1] - Executing function: 'us.functions.utils.handleTechnicalErrorPopup'
2024-01-25 14:48:35.174 [DEBUG] [thread-id 1] - Store in: store the value 'false' in the variable 'errorRemoved'
2024-01-25 14:48:35.174 [DEBUG] [thread-id 1] - sleep:  5000 milliseconds
2024-01-25 14:48:40.182 [DEBUG] [thread-id 1] - loop: from 0 to 3
2024-01-25 14:48:41.086 [DEBUG] [thread-id 1] - 0
2024-01-25 14:48:53.033 [DEBUG] [thread-id 1] - conditionally execute a flow. condition: false
2024-01-25 14:48:53.875 [DEBUG] [thread-id 1] - Store in: store the value 'true' in the variable 'errorRemoved'
2024-01-25 14:48:54.740 [DEBUG] [thread-id 1] - No Technical Error Pop up observed
2024-01-25 14:49:06.470 [DEBUG] [thread-id 1] - sleep:  2000 milliseconds
2024-01-25 14:49:08.849 [DEBUG] [thread-id 1] - conditionally execute a flow. condition: true
2024-01-25 14:49:09.718 [DEBUG] [thread-id 1] - Executing function: 'us.functions.gic.collapseIfExpanded'
2024-01-25 14:49:11.040 [DEBUG] [thread-id 1] - Verify identifier: {//*[contains(@label,"Expanded")] | //*[contains(@name,"Expanded")]=[true]}
2024-01-25 14:49:11.891 [DEBUG] [thread-id 1] - Collapsing GIC screen
2024-01-25 14:49:13.246 [DEBUG] [thread-id 1] - Click element: '//*[contains(@label,"Expanded")] | //*[contains(@name,"Expanded")]'
2024-01-25 14:49:15.559 [DEBUG] [thread-id 1] - Verify identifier: {//*[contains(@label,"Collapsed")] | //*[contains(@name,"Collapsed")]=[true]}
2024-01-25 14:49:15.564 [DEBUG] [thread-id 1] - Executing function: 'us.functions.search.searchItem'
2024-01-25 14:49:15.564 [DEBUG] [thread-id 1] - Verify identifier: {Search=[true]}
2024-01-25 14:49:15.766 [DEBUG] [thread-id 1] - Click element: 'Search'
2024-01-25 14:49:17.233 [DEBUG] [thread-id 1] - Verify identifier: {Search Walmart=[true]}
2024-01-25 14:49:20.391 [DEBUG] [thread-id 1] - Click element: 'Search Walmart'
2024-01-25 14:49:21.148 [DEBUG] [thread-id 1] - Enter text: 'pens'
2024-01-25 14:49:22.435 [DEBUG] [thread-id 1] - Executing function: 'us.functions.search.closeHowDoYouWantYourOrderBottomTray'
2024-01-25 14:49:28.890 [DEBUG] [thread-id 1] - How do you want pop up not displayed
2024-01-25 14:49:39.801 [DEBUG] [thread-id 1] - Executing function: 'us.functions.utils.scrollIfNotVisible'
2024-01-25 14:49:41.485 [DEBUG] [thread-id 1] - Verify identifier: {(//XCUIElementTypeButton[@name="GlassProductTile.mainStackView"])[1] | //XCUIElementTypeOther[contains(@name,"ProductImageView.stackView")] | //*[contains(@name,"ProductSectionCoordinator_searchPrimaryProductCell")] | //XCUIElementTypeCell[contains(@name,"ProductSectionCoordinator_searchPrimaryProductCell_indexPath")] | (//XCUIElementTypeOther[@name="ProductImageView.stackView"])[1] | (//XCUIElementTypeButton[@name="GlassProductTile.mainStackView"])[2]=[true]}
2024-01-25 14:49:42.575 [DEBUG] [thread-id 1] - Element already visible, scrolling is skipped
2024-01-25 14:49:42.584 [DEBUG] [thread-id 1] - Resetting scrollPosition variable to default
2024-01-25 14:49:42.584 [DEBUG] [thread-id 1] - Store in: store the value 'null' in the variable 'scrollPosition'
2024-01-25 14:49:42.584 [DEBUG] [thread-id 1] - Store in: store the value 'null' in the variable 'identifierScope'
2024-01-25 14:49:42.585 [DEBUG] [thread-id 1] - Store in: store the value 'null' in the variable 'limit'
2024-01-25 14:49:43.114 [DEBUG] [thread-id 1] - conditionally execute a flow. condition: true
2024-01-25 14:49:44.210 [DEBUG] [thread-id 1] - successfully found an item for the above search criterion
2024-01-25 14:49:44.219 [DEBUG] [thread-id 1] - Executing function: 'us.functions.search.clickOnFirstItem'
2024-01-25 14:49:44.219 [WARN] [thread-id 1] - variable subFilter was used, but r2 could not find a value for this variable. returning default of null
2024-01-25 14:49:44.221 [DEBUG] [thread-id 1] - conditionally execute a flow. condition: false
2024-01-25 14:49:45.302 [WARN] [thread-id 1] - variable excludeSponsored was used, but r2 could not find a value for this variable. returning default of null
2024-01-25 14:49:45.302 [DEBUG] [thread-id 1] - conditionally execute a flow. condition: false
2024-01-25 14:49:46.407 [DEBUG] [thread-id 1] - Executing function: 'us.functions.utils.scrollIfNotVisible'
2024-01-25 14:49:48.167 [DEBUG] [thread-id 1] - Verify identifier: {(//XCUIElementTypeButton[@name="GlassProductTile.mainStackView"])[1] | //XCUIElementTypeOther[contains(@name,"ProductImageView.stackView")] | //*[contains(@name,"ProductSectionCoordinator_searchPrimaryProductCell")] | //XCUIElementTypeCell[contains(@name,"ProductSectionCoordinator_searchPrimaryProductCell_indexPath")] | (//XCUIElementTypeOther[@name="ProductImageView.stackView"])[1] | (//XCUIElementTypeButton[@name="GlassProductTile.mainStackView"])[2]=[true]}
2024-01-25 14:49:49.270 [DEBUG] [thread-id 1] - Element already visible, scrolling is skipped
2024-01-25 14:49:49.278 [DEBUG] [thread-id 1] - Resetting scrollPosition variable to default
2024-01-25 14:49:49.278 [DEBUG] [thread-id 1] - Store in: store the value 'null' in the variable 'scrollPosition'
2024-01-25 14:49:49.278 [DEBUG] [thread-id 1] - Store in: store the value 'null' in the variable 'identifierScope'
2024-01-25 14:49:49.278 [DEBUG] [thread-id 1] - Store in: store the value 'null' in the variable 'limit'
2024-01-25 14:49:51.013 [DEBUG] [thread-id 1] - Verify identifier: {(//XCUIElementTypeButton[@name="GlassProductTile.mainStackView"])[1] | //XCUIElementTypeOther[contains(@name,"ProductImageView.stackView")] | //*[contains(@name,"ProductSectionCoordinator_searchPrimaryProductCell")] | //XCUIElementTypeCell[contains(@name,"ProductSectionCoordinator_searchPrimaryProductCell_indexPath")] | (//XCUIElementTypeOther[@name="ProductImageView.stackView"])[1] | (//XCUIElementTypeButton[@name="GlassProductTile.mainStackView"])[2]=[true]}
2024-01-25 14:49:52.787 [DEBUG] [thread-id 1] - Click element: '(//XCUIElementTypeButton[@name="GlassProductTile.mainStackView"])[1] | //XCUIElementTypeOther[contains(@name,"ProductImageView.stackView")] | //*[contains(@name,"ProductSectionCoordinator_searchPrimaryProductCell")] | //XCUIElementTypeCell[contains(@name,"ProductSectionCoordinator_searchPrimaryProductCell_indexPath")] | (//XCUIElementTypeOther[@name="ProductImageView.stackView"])[1] | (//XCUIElementTypeButton[@name="GlassProductTile.mainStackView"])[2]'
2024-01-25 14:49:54.824 [DEBUG] [thread-id 1] - check if item details page is showing
2024-01-25 14:49:54.830 [DEBUG] [thread-id 1] - Executing function: 'us.functions.item.addItemToCart'
2024-01-25 14:50:20.203 [DEBUG] [thread-id 1] - Verify identifier: {stepper.mainButton=[true]}
2024-01-25 14:50:38.062 [DEBUG] [thread-id 1] - Click element: 'stepper.mainButton'
2024-01-25 14:50:46.307 [WARN] [thread-id 1] - variable qty was used, but r2 could not find a value for this variable. returning default of null
2024-01-25 14:50:46.308 [WARN] [thread-id 1] - variable qty was used, but r2 could not find a value for this variable. returning default of null
2024-01-25 14:51:07.218 [DEBUG] [thread-id 1] - Verify identifier: {//XCUIElementTypeStaticText[@name="1 added"]| //XCUIElementTypeOther[@name="add-to-cart-button"] | //XCUIElementTypeStaticText[@label="null"] | Max 1=[true]}
2024-01-25 14:51:07.222 [WARN] [thread-id 1] - variable skipPostAddToCartSteps was used, but r2 could not find a value for this variable. returning default of null
2024-01-25 14:51:07.222 [DEBUG] [thread-id 1] - conditionally execute a flow. condition: true
2024-01-25 14:51:29.218 [DEBUG] [thread-id 1] - Executing function: 'us.functions.item.postAddToCartSteps'
2024-01-25 14:52:21.995 [DEBUG] [thread-id 1] - No ACC pop up screen displayed
2024-01-25 14:52:57.945 [DEBUG] [thread-id 1] - Click element: '//XCUIElementTypeButton[@name="Close"]'
2024-01-25 14:53:32.449 [DEBUG] [thread-id 1] - Click element: '//XCUIElementTypeButton[@name="Close"] | //XCUIElementTypeButton[@label="Close"]'
2024-01-25 14:53:36.596 [DEBUG] [thread-id 1] - Executing function: 'us.functions.item.closeItemPage'
2024-01-25 14:53:58.381 [DEBUG] [thread-id 1] - PAC not found
2024-01-25 14:54:20.422 [DEBUG] [thread-id 1] - Item page closed
2024-01-25 14:54:21.572 [WARN] [thread-id 1] - break reached without loop, this may be an error in your flow.
2024-01-25 14:54:22.718 [DEBUG] [thread-id 1] - Verify identifier: {Your cart is empty=[true]}
2024-01-25 14:54:22.718 [DEBUG] [thread-id 1] - Store in: store the value 'false' in the variable 'skipPostAddToCartSteps'
2024-01-25 14:54:22.718 [DEBUG] [thread-id 1] - Store in: store the value 'false' in the variable 'apiFetch'
2024-01-25 14:54:22.718 [DEBUG] [thread-id 1] - Store in: store the value 'null' in the variable 'itemDataDetails'
2024-01-25 14:54:22.718 [DEBUG] [thread-id 1] - R2_SUBFLOW_TRANSACTION
2024-01-25 14:54:22.718 [DEBUG] [thread-id 1] - Executing function: 'us.functions.global.navigation.toCartFromNavBar'
2024-01-25 14:54:23.361 [DEBUG] [thread-id 1] - Verify identifier: {//XCUIElementTypeButton[contains(@label, "Your cart")] | //XCUIElementTypeButton[(@name="SearchResultsViewController.cartButton") or (contains(@label,"Your cart contains") and contains(@label,"The estimated total is")) or (@label="Your cart is empty")]=[true]}
2024-01-25 14:54:24.002 [DEBUG] [thread-id 1] - Click element: '//XCUIElementTypeButton[contains(@label, "Your cart")] | //XCUIElementTypeButton[(@name="SearchResultsViewController.cartButton") or (contains(@label,"Your cart contains") and contains(@label,"The estimated total is")) or (@label="Your cart is empty")]'
2024-01-25 14:54:35.647 [DEBUG] [thread-id 1] - Verify identifier: {//XCUIElementTypeStaticText[@name="CartDetailsViewController.headerCartLabel"] | //XCUIElementTypeStaticText[@name="CartEmptyStateViewController.titleLabel" and not(contains(@label,"We're sorry!"))]=[true]}
2024-01-25 14:54:35.670 [DEBUG] [thread-id 1] - Executing function: 'us.functions.selectBookingSlot'
2024-01-25 14:54:35.671 [DEBUG] [thread-id 1] - Store in: store the value '1' in the variable 'slotIndex'
2024-01-25 14:54:35.673 [DEBUG] [thread-id 1] - Store in: store the value '3' in the variable 'slotIndex2'
2024-01-25 14:54:35.674 [DEBUG] [thread-id 1] - Executing function: 'us.functions.loadBookingSlotScreenBasics'
2024-01-25 14:54:35.675 [DEBUG] [thread-id 1] - ------ Loading booking slot screen ------
2024-01-25 14:54:35.675 [DEBUG] [thread-id 1] - conditionally execute a flow. condition: false
2024-01-25 14:54:40.665 [DEBUG] [thread-id 1] - conditionally execute a flow. condition: true
2024-01-25 14:54:45.578 [DEBUG] [thread-id 1] - ------ Loading booking slot screen from cart page ------
2024-01-25 14:54:50.450 [DEBUG] [thread-id 1] - Executing function: 'us.functions.cart.scrollToTopOfCart'
2024-01-25 14:54:50.450 [DEBUG] [thread-id 1] - -------Scroll to top of cart page function start-------
2024-01-25 14:54:58.734 [DEBUG] [thread-id 1] - Verify identifier: {//XCUIElementTypeStaticText[@name="CartDetailsViewController.headerCartLabel"] | //XCUIElementTypeStaticText[@name="CartEmptyStateViewController.titleLabel" and not(contains(@label,"We're sorry!"))]=[true]}
2024-01-25 14:55:08.486 [DEBUG] [thread-id 1] - Executing function: 'us.functions.utils.scrollIfNotVisible'
2024-01-25 14:55:15.048 [DEBUG] [thread-id 1] - Verify identifier: {FulfillmentSummaryView.titlePrefixLabel=[true]}
2024-01-25 14:55:20.090 [DEBUG] [thread-id 1] - Element already visible, scrolling is skipped
2024-01-25 14:55:20.094 [DEBUG] [thread-id 1] - Resetting scrollPosition variable to default
2024-01-25 14:55:20.094 [DEBUG] [thread-id 1] - Store in: store the value 'null' in the variable 'scrollPosition'
2024-01-25 14:55:20.094 [DEBUG] [thread-id 1] - Store in: store the value 'null' in the variable 'identifierScope'
2024-01-25 14:55:20.094 [DEBUG] [thread-id 1] - Store in: store the value 'null' in the variable 'limit'
2024-01-25 14:55:20.099 [DEBUG] [thread-id 1] - -------Scroll to top of cart page function end-------
2024-01-25 14:55:25.103 [DEBUG] [thread-id 1] - Executing function: 'us.functions.utils.scrollIfNotVisible'
2024-01-25 14:55:34.042 [DEBUG] [thread-id 1] - Verify identifier: {//XCUIElementTypeButton[@name="FulfillmentSummaryView.actionButton" and not(contains(@label,"See Options"))] | //*[contains(@label,"Reserve a new time")]=[true]}
2024-01-25 14:55:39.219 [DEBUG] [thread-id 1] - Element already visible, scrolling is skipped
2024-01-25 14:55:39.224 [DEBUG] [thread-id 1] - Resetting scrollPosition variable to default
2024-01-25 14:55:39.224 [DEBUG] [thread-id 1] - Store in: store the value 'null' in the variable 'scrollPosition'
2024-01-25 14:55:39.224 [DEBUG] [thread-id 1] - Store in: store the value 'null' in the variable 'identifierScope'
2024-01-25 14:55:39.224 [DEBUG] [thread-id 1] - Store in: store the value 'null' in the variable 'limit'
2024-01-25 14:55:47.644 [DEBUG] [thread-id 1] - Verify identifier: {//XCUIElementTypeButton[@name="FulfillmentSummaryView.actionButton" and not(contains(@label,"See Options"))] | //*[contains(@label,"Reserve a new time")]=[true]}
2024-01-25 14:55:55.908 [DEBUG] [thread-id 1] - Click element: '//XCUIElementTypeButton[@name="FulfillmentSummaryView.actionButton" and not(contains(@label,"See Options"))] | //*[contains(@label,"Reserve a new time")]'
2024-01-25 14:56:13.305 [DEBUG] [thread-id 1] - Slot page loaded
2024-01-25 14:56:32.408 [DEBUG] [thread-id 1] - ------ Loading pickup tab ------
2024-01-25 14:56:32.409 [DEBUG] [thread-id 1] - conditionally execute a flow. condition: true
2024-01-25 14:56:41.552 [DEBUG] [thread-id 1] - Click element: '//XCUIElementTypeButton[@name="Pickup"]'
2024-01-25 14:56:43.397 [WARN] [thread-id 1] - variable skipSlotPage was used, but r2 could not find a value for this variable. returning default of null
2024-01-25 14:56:43.397 [DEBUG] [thread-id 1] - conditionally execute a flow. condition: false
2024-01-25 14:56:49.289 [WARN] [thread-id 1] - variable wplusUser was used, but r2 could not find a value for this variable. returning default of null
2024-01-25 14:56:49.289 [WARN] [thread-id 1] - variable wplusUser was used, but r2 could not find a value for this variable. returning default of null
2024-01-25 14:56:55.183 [WARN] [thread-id 1] - variable slotDay was used, but r2 could not find a value for this variable. returning default of null
2024-01-25 14:56:55.183 [WARN] [thread-id 1] - variable slotDay was used, but r2 could not find a value for this variable. returning default of null
2024-01-25 14:57:01.037 [DEBUG] [thread-id 1] - Executing function: 'us.functions.selectTimeSlotBasics'
2024-01-25 14:57:01.038 [DEBUG] [thread-id 1] - conditionally execute a flow. condition: true
2024-01-25 14:57:07.081 [DEBUG] [thread-id 1] - ------Selecting unscheduled time slot------
2024-01-25 14:57:37.511 [DEBUG] [thread-id 1] - Main failed: ENV_FAILURE - production - Unscheduled slot not displayed
2024-01-25 14:57:43.414 [DEBUG] [thread-id 1] - Executing scenario: 'After'
2024-01-25 14:57:43.415 [DEBUG] [thread-id 1] - Executing function: 'us.functions.utils.afterSteps'
2024-01-25 14:57:43.415 [WARN] [thread-id 1] - variable testStatus was used, but r2 could not find a value for this variable. returning default of null
2024-01-25 14:57:43.415 [DEBUG] [thread-id 1] - conditionally execute a flow. condition: false
2024-01-25 14:57:49.277 [DEBUG] [thread-id 1] - Test failed
2024-01-25 14:57:49.287 [DEBUG] [thread-id 1] - Executing function: 'us.functions.utils.fetchExecutionTime'
2024-01-25 14:57:49.288 [DEBUG] [thread-id 1] - conditionally execute a flow. condition: true
2024-01-25 14:57:55.132 [DEBUG] [thread-id 1] - Timestamp: 1706223475132
2024-01-25 14:58:01.098 [DEBUG] [thread-id 1] - Arithmetic Operation: (1706223475132 - 1706222594541) / 1000 (value = 880.591)
2024-01-25 14:58:01.099 [DEBUG] [thread-id 1] - Store in: store the value '880.591' in the variable 'result'
2024-01-25 14:58:07.200 [DEBUG] [thread-id 1] - 880.591
2024-01-25 14:58:13.302 [DEBUG] [thread-id 1] - Arithmetic Operation: 880.591 / 60 (value = 14.67651666666666666666666666666667)
2024-01-25 14:58:13.304 [DEBUG] [thread-id 1] - Store in: store the value '14.67651666666666666666666666666667' in the variable 'result'
2024-01-25 14:58:19.373 [DEBUG] [thread-id 1] - 14.67651666666666666666666666666667
2024-01-25 14:58:25.250 [DEBUG] [thread-id 1] - Create file: './timestampData.txt' with string '14.67651666666666666666666666666667,'
2024-01-25 14:58:44.387 [DEBUG] [thread-id 1] - Created report: /Users/m0k0a2f/glass-automation/report/index.html
2024-01-25 16:03:11.256 [DEBUG] [thread-id 1] - Executing R2 3.38.1: '/Users/m0k0a2f/glass-automation/./us/test/test-scripts/ios/golden-flows/PetRx-flows/pre-transaction/C2666400-PetRX-multiple-Pet-Vet-order.yaml' on device: 'iPhone 14'
2024-01-25 16:03:54.967 [DEBUG] [thread-id 1] - Executing scenario: 'Before'
2024-01-25 16:03:54.969 [DEBUG] [thread-id 1] - Execute before steps
2024-01-25 16:03:54.970 [DEBUG] [thread-id 1] - R2_SUBFLOW_PRE_TRANSACTION
2024-01-25 16:03:54.972 [DEBUG] [thread-id 1] - Executing function: 'us.functions.utils.astro.clearCart'
2024-01-25 16:03:55.126 [DEBUG] [thread-id 1] - Call API: 'http://astro.walmart.com/api/v2/teflon/customer/e2e.teflon.flow.petRx.ios.multi@cloudtest.org/clearcart'
2024-01-25 16:04:08.874 [DEBUG] [thread-id 1] - Response code is: '200'. Response body is: '{"astroStatus":"SUCCESS","astroDescription":"CART_CLEARED","astroDetails":{"dbSessionMap":{"CXO_CART_ST":"{\"mtoken\":\"5:23#327099407#2=69637617#8=364644437\"}"},"checkoutable":false,"cart":{"id":"bf5c625e-ab19-4e45-a0e1-f696dd14cf4c","buyer":{"id":"59d5829d-792d-4a8e-beb7-667ae6491de2","type":"CUSTOMER"},"accessPoint":{"id":"6168c2e3-fc36-4827-98e6-d717d10af1d6","name":"Walmart San Jose Store #32144","storeId":32144,"fulfillmentType":"INSTORE_PICKUP","fulfillmentOption":"PICKUP","supportedTimeZone":"US/Pacific","locationInstruction":"[{\"type\":\"CHECKIN_DEFAULT\",\"value\":\"<div><p><b>Please bring your government-issued ID</b></p><br /><br /><ol><li>Download and use the app to let us know you're on the way and view your parking guide.</li><li>Park in a designated pickup spot. Using the app, enter your parking info and an associate will come to you.</li><li>Show your ID to the associate if required.</li><li>The associate will request access to your trunk or back seat, then will load your items.</li><li>You're all set! Check the app to see if you need to move to any other pickup locations.</li></ol></div>\"},{\"type\":\"EMAIL_DEFAULT\",\"value\":\"NA\"},{\"type\":\"CHECKIN_1\",\"value\":\"Next, tell us when you’ve parked. Park by the pickup sign and enter your parking info so we can find you faster.\"}]","isStoreEbtEligible":true,"allowAlcohol":true,"allowAgeRestricted":false,"restrictions":[],"accessType":"PICKUP_CURBSIDE","storeCategory":"Supercenter","nodeType":"STORE","pickupStartBuffer":5,"allowBagFee":true,"isBagFeeMandatory":false,"address":{"postalCode":"95122","addressLineOne":"777 STORY RD","city":"San Jose","state":"CA","addressTypeName":"OFFICE","isPOBox":false,"countryCode":"USA"}},"storeIds":[],"itemCount":0,"entityErrors":[],"shipping":{"id":"dd64e434-c6bf-4d18-82d7-52271e55fbeb","dbLockVersion":0,"postalCode":"95122","city":"San Jose","state":"CA","countryCode":"USA","latitude":37.606689,"longitude":-122.426362,"isPOBox":false,"isAPOFPO":false,"isAddressChangedExplicitly":true},"currencyCode":"USD","preview":false,"tenantId":0,"verticalId":0,"checkoutableErrors":[],"intent":"PICKUP","pickupStore":{"city":"San Jose","stateOrProvinceCode":"CA","countryCode":"USA","postalCode":"95122","storeId":"32144","services":[]},"deliveryStore":{"city":"San Jose","stateOrProvinceCode":"CA","countryCode":"USA","postalCode":"95122","storeId":"32144","services":[]},"mpStores":[],"fulfillmentPlans":[],"accessPoints":[{"id":"6168c2e3-fc36-4827-98e6-d717d10af1d6","name":"Walmart San Jose Store #32144","storeId":32144,"fulfillmentType":"INSTORE_PICKUP","fulfillmentOption":"PICKUP","supportedTimeZone":"US/Pacific","locationInstruction":"[{\"type\":\"CHECKIN_DEFAULT\",\"value\":\"<div><p><b>Please bring your government-issued ID</b></p><br /><br /><ol><li>Download and use the app to let us know you're on the way and view your parking guide.</li><li>Park in a designated pickup spot. Using the app, enter your parking info and an associate will come to you.</li><li>Show your ID to the associate if required.</li><li>The associate will request access to your trunk or back seat, then will load your items.</li><li>You're all set! Check the app to see if you need to move to any other pickup locations.</li></ol></div>\"},{\"type\":\"EMAIL_DEFAULT\",\"value\":\"NA\"},{\"type\":\"CHECKIN_1\",\"value\":\"Next, tell us when you’ve parked. Park by the pickup sign and enter your parking info so we can find you faster.\"}]","isStoreEbtEligible":true,"allowAlcohol":true,"allowAgeRestricted":false,"restrictions":[],"accessType":"PICKUP_CURBSIDE","storeCategory":"Supercenter","nodeType":"STORE","pickupStartBuffer":5,"allowBagFee":true,"isBagFeeMandatory":false,"address":{"postalCode":"95122","addressLineOne":"777 STORY RD","city":"San Jose","state":"CA","addressTypeName":"OFFICE","isPOBox":false,"countryCode":"USA"}}],"reservations":[],"isExplicitIntent":false,"hasGiftEligibleItem":false,"warnings":[],"restrictions":[]},"isOmniPromiseResponse":true,"uniqueInstallationOfferIdHolder":[]}}'
2024-01-25 16:04:09.073 [DEBUG] [thread-id 1] - Cart cleared for e2e.teflon.flow.petRx.ios.multi@cloudtest.org
2024-01-25 16:04:09.228 [DEBUG] [thread-id 1] - Using us-errors-helpers.yaml
2024-01-25 16:04:09.377 [DEBUG] [thread-id 1] - Start Main
2024-01-25 16:04:09.379 [DEBUG] [thread-id 1] - Executing function: 'us.functions.global.onboarding.navigateOnboardingToHome'
2024-01-25 16:04:09.381 [DEBUG] [thread-id 1] - Executing function: 'us.function.utils.getEnvironmentValue'
2024-01-25 16:04:09.381 [DEBUG] [thread-id 1] - Store in: store the value 'teflon' in the variable 'env'
2024-01-25 16:04:09.382 [DEBUG] [thread-id 1] - Timestamp: 1706227449382
2024-01-25 16:04:09.391 [DEBUG] [thread-id 1] - Welcome screen loaded
2024-01-25 16:04:09.393 [DEBUG] [thread-id 1] - Verify identifier: {SignUpNudgeWelcomeViewController.titleLabel=[true]}
2024-01-25 16:04:19.537 [DEBUG] [thread-id 1] - conditionally execute a flow. condition: false
2024-01-25 16:04:19.728 [DEBUG] [thread-id 1] - Click element: 'cta.cancel.welcome'
2024-01-25 16:04:20.228 [DEBUG] [thread-id 1] - Notifiction Prompt screen loaded
2024-01-25 16:04:20.704 [DEBUG] [thread-id 1] - Verify identifier: {NotificationPermissionViewController.titleLabel=[true]}
2024-01-25 16:04:20.766 [DEBUG] [thread-id 1] - Click element: 'cta.cancel.notifications'
2024-01-25 16:04:21.249 [DEBUG] [thread-id 1] - location screen loaded
2024-01-25 16:04:21.463 [DEBUG] [thread-id 1] - Verify identifier: {LocationPermissionViewController.titleLabel=[true], LocationPermissionViewController.bodyLabel=[true]}
2024-01-25 16:04:21.529 [DEBUG] [thread-id 1] - Click element: 'cta.cancel.location'
2024-01-25 16:04:22.231 [DEBUG] [thread-id 1] - Verify identifier: {label.postal-code-entry=[true]}
2024-01-25 16:04:22.299 [DEBUG] [thread-id 1] - Enter text: '95122'
2024-01-25 16:04:24.089 [DEBUG] [thread-id 1] - Click element: 'cta.continue'
2024-01-25 16:04:24.628 [DEBUG] [thread-id 1] - sleep:  3000 milliseconds
2024-01-25 16:04:27.636 [DEBUG] [thread-id 1] - loop: from 0 to 3
2024-01-25 16:04:27.931 [DEBUG] [thread-id 1] - 0
2024-01-25 16:04:38.445 [DEBUG] [thread-id 1] - conditionally execute a flow. condition: false
2024-01-25 16:04:48.765 [DEBUG] [thread-id 1] - Observed IDFA Sscreen
2024-01-25 16:04:49.014 [DEBUG] [thread-id 1] - conditionally execute a flow. condition: true
2024-01-25 16:04:49.260 [DEBUG] [thread-id 1] - Verify identifier: {ATTPermissionViewController.titleLabel=[true], ATTPermissionViewController.bodyLabel=[true]}
2024-01-25 16:04:49.564 [DEBUG] [thread-id 1] - Click element: 'cta.continue.location'
2024-01-25 16:04:52.421 [DEBUG] [thread-id 1] - Click element: '//XCUIElementTypeButton[@name="Ask App Not to Track"] | //XCUIElementTypeButton[@name="Solicitar a la app no rastrear"]'
2024-01-25 16:05:03.301 [DEBUG] [thread-id 1] - conditionally execute a flow. condition: false
2024-01-25 16:05:03.963 [DEBUG] [thread-id 1] - modal is not displayed
2024-01-25 16:05:14.605 [DEBUG] [thread-id 1] - Executing function: 'us.functions.gic.collapseIfExpanded'
2024-01-25 16:05:15.675 [DEBUG] [thread-id 1] - Verify identifier: {//*[contains(@label,"Expanded")] | //*[contains(@name,"Expanded")]=[true]}
2024-01-25 16:05:16.345 [DEBUG] [thread-id 1] - Collapsing GIC screen
2024-01-25 16:05:17.404 [DEBUG] [thread-id 1] - Click element: '//*[contains(@label,"Expanded")] | //*[contains(@name,"Expanded")]'
2024-01-25 16:05:17.922 [DEBUG] [thread-id 1] - Executing function: 'us.functions.home.navigateHomeToSignIn'
2024-01-25 16:05:17.922 [DEBUG] [thread-id 1] - sleep:  3000 milliseconds
2024-01-25 16:05:31.930 [DEBUG] [thread-id 1] - Click element: 'tab-account-unselected'
2024-01-25 16:05:33.391 [DEBUG] [thread-id 1] - Verify identifier: {SignInYourAccountTableViewCell.signInButton=[true]}
2024-01-25 16:05:33.391 [DEBUG] [thread-id 1] - loop: from 1 to 3
2024-01-25 16:05:34.120 [DEBUG] [thread-id 1] - conditionally execute a flow. condition: true
2024-01-25 16:05:34.995 [DEBUG] [thread-id 1] - Click element: 'SignInYourAccountTableViewCell.signInButton'
2024-01-25 16:05:39.425 [DEBUG] [thread-id 1] - Verify identifier: {WelcomeView.emailField=[true]}
2024-01-25 16:05:41.176 [DEBUG] [thread-id 1] - Store in: store the value 'true' in the variable 'signInValidated'
2024-01-25 16:05:42.889 [DEBUG] [thread-id 1] - conditionally execute a flow. condition: true
2024-01-25 16:05:44.586 [DEBUG] [thread-id 1] - SignIn page loaded
2024-01-25 16:05:46.320 [DEBUG] [thread-id 1] - Store in: store the value 'false' in the variable 'signInValidated'
2024-01-25 16:05:46.325 [DEBUG] [thread-id 1] - Executing function: 'us.functions.global.authentication.signInAccount'
2024-01-25 16:05:48.025 [DEBUG] [thread-id 1] - Verify identifier: {WelcomeView.emailField=[true]}
2024-01-25 16:05:48.274 [DEBUG] [thread-id 1] - Enter text: 'e2e.teflon.flow.petRx.ios.multi@cloudtest.org'
2024-01-25 16:05:50.751 [DEBUG] [thread-id 1] - Click element: 'WelcomeView.ctaButton'
2024-01-25 16:06:05.813 [DEBUG] [thread-id 1] - conditionally execute a flow. condition: true
2024-01-25 16:06:07.885 [DEBUG] [thread-id 1] - Click element: 'OTPView.passwordOptionStackView'
2024-01-25 16:06:10.753 [DEBUG] [thread-id 1] - Verify identifier: {OTPView.passwordTextField=[true]}
2024-01-25 16:06:11.005 [DEBUG] [thread-id 1] - Enter text: 'E2epassword$'
2024-01-25 16:06:12.781 [DEBUG] [thread-id 1] - Click element: 'OTPView.ctaButton'
2024-01-25 16:06:38.864 [DEBUG] [thread-id 1] - conditionally execute a flow. condition: true
2024-01-25 16:06:41.133 [DEBUG] [thread-id 1] - Click element: 'Don’t Allow'
2024-01-25 16:06:41.884 [DEBUG] [thread-id 1] - Executing function: 'us.test.functions.utils.closeWplusPrompt.homeScreen'
2024-01-25 16:06:53.305 [DEBUG] [thread-id 1] - conditionally execute a flow. condition: false
2024-01-25 16:06:54.530 [DEBUG] [thread-id 1] - W+ Plus membership prompt is not present nothing to close continue
2024-01-25 16:06:54.540 [DEBUG] [thread-id 1] - Executing function: 'us.functions.utils.handleCartMergePopup'
2024-01-25 16:06:54.540 [DEBUG] [thread-id 1] - loop: from 0 to 4
2024-01-25 16:06:55.783 [DEBUG] [thread-id 1] - 0
2024-01-25 16:07:03.854 [DEBUG] [thread-id 1] - No Technical Error Page observed
2024-01-25 16:07:05.156 [DEBUG] [thread-id 1] - sleep:  1000 milliseconds
2024-01-25 16:07:16.960 [DEBUG] [thread-id 1] - Executing function: 'us.functions.global.navigation.accountToHome'
2024-01-25 16:07:16.961 [DEBUG] [thread-id 1] - Verify identifier: {Shop=[true]}
2024-01-25 16:07:16.961 [DEBUG] [thread-id 1] - sleep:  2000 milliseconds
2024-01-25 16:07:19.254 [DEBUG] [thread-id 1] - Click element: 'Shop'
2024-01-25 16:07:20.715 [DEBUG] [thread-id 1] - Executing function: 'us.functions.home.closeWPlusPromotionPopUpIfDisplayed'
2024-01-25 16:07:25.367 [DEBUG] [thread-id 1] - Verify identifier: {//XCUIElementTypeButton[@name="SplashPageTermView.primaryButton"]|//XCUIElementTypeButton[@name="WalmartPlusSplashBottomSheet.tryWalmartPlusMemberShipButton"] | //XCUIElementTypeButton[@label="Try your rewards benefit"] | //XCUIElementTypeButton[@name="BenefitEngagementTempoContainerView.primaryButton"]=[true]}
2024-01-25 16:07:27.259 [DEBUG] [thread-id 1] - Click element: '//XCUIElementTypeButton[@name="SplashPageViewController.closeButton" or contains(@label, "Close Walmart plus promotional pop up")] | //XCUIElementTypeNavigationBar[@name="WalmartPlus.SplashPageView"]/XCUIElementTypeButton | //XCUIElementTypeButton[@name="close" or @name="Close"] | //XCUIElementTypeButton[@name="SplashPageViewController.fullScreenCloseButton"] | //XCUIElementTypeButton[@name="MultiSplashViewController.fullScreenCloseButton"]'
2024-01-25 16:07:28.781 [DEBUG] [thread-id 1] - Verify identifier: {Search Walmart=[true]}
2024-01-25 16:07:28.781 [DEBUG] [thread-id 1] - Executing function: 'us.functions.home.rateDriverPopup'
2024-01-25 16:07:28.782 [DEBUG] [thread-id 1] - loop: from 1 to 6
2024-01-25 16:07:29.519 [DEBUG] [thread-id 1] - 1
2024-01-25 16:07:40.834 [DEBUG] [thread-id 1] - conditionally execute a flow. condition: false
2024-01-25 16:07:41.589 [DEBUG] [thread-id 1] - Executing function: 'us.functions.home.changeStore'
2024-01-25 16:07:41.590 [DEBUG] [thread-id 1] - Executing function: 'us.functions.home.closeWPlusPromotionPopUpIfDisplayed'
2024-01-25 16:07:51.208 [DEBUG] [thread-id 1] - No Wplus pop up displayed
2024-01-25 16:07:51.225 [DEBUG] [thread-id 1] - Executing function: 'us.functions.gic.expandIfCollapsed'
2024-01-25 16:07:52.374 [DEBUG] [thread-id 1] - Verify identifier: {//*[contains(@label,"Collapsed")] | //*[contains(@name,"Collapsed")]=[true]}
2024-01-25 16:07:53.572 [DEBUG] [thread-id 1] - Click element: '//*[contains(@label,"Collapsed")] | //*[contains(@name,"Collapsed")]'
2024-01-25 16:07:54.110 [WARN] [thread-id 1] - variable storeOnly was used, but r2 could not find a value for this variable. returning default of null
2024-01-25 16:07:54.120 [DEBUG] [thread-id 1] - conditionally execute a flow. condition: true
2024-01-25 16:08:06.117 [DEBUG] [thread-id 1] - conditionally execute a flow. condition: false
2024-01-25 16:08:18.391 [DEBUG] [thread-id 1] - Click element: '//XCUIElementTypeButton[@name="GlobalIntentCenter.Pickup"] | //XCUIElementTypeButton[contains(@name, "Pickup") and contains(@name,"1 of 2")]'
2024-01-25 16:08:19.804 [DEBUG] [thread-id 1] - Pickup intent selected
2024-01-25 16:08:23.399 [DEBUG] [thread-id 1] - Click element: '//XCUIElementTypeCollectionView[@name="GlobalIntentCenterViewController.collectionView"]//XCUIElementTypeCell[position()=last()-2 or position()=last()-1]//*[@name="GlobalIntentCenter.FullLocation" and contains(@label,"Pickup")] | //XCUIElementTypeOther[@name="LayoutableChildStackViewController.stackView"]/XCUIElementTypeOther[position()=last()]//XCUIElementTypeOther[@name="HoTLocationsItemDetailsView.containerView"]'
2024-01-25 16:08:37.620 [DEBUG] [thread-id 1] - conditionally execute a flow. condition: false
2024-01-25 16:08:48.580 [DEBUG] [thread-id 1] - Enter text: '95122'
2024-01-25 16:09:05.061 [DEBUG] [thread-id 1] - Click element: '(//XCUIElementTypeButton[@name="StoreSelectionCell.radioButton"])[1] | (//XCUIElementTypeOther[@name="StoreSelectionCell.radioLabelsStackView"])[1]'
2024-01-25 16:09:18.095 [DEBUG] [thread-id 1] - Click element: '//XCUIElementTypeButton[@name="SaveStoreSelectionView.saveButton"]'
2024-01-25 16:09:23.748 [DEBUG] [thread-id 1] - Executing function: 'us.functions.utils.handleTechnicalErrorPopup'
2024-01-25 16:09:23.749 [DEBUG] [thread-id 1] - Store in: store the value 'false' in the variable 'errorRemoved'
2024-01-25 16:09:23.749 [DEBUG] [thread-id 1] - sleep:  5000 milliseconds
2024-01-25 16:09:28.757 [DEBUG] [thread-id 1] - loop: from 0 to 3
2024-01-25 16:09:29.727 [DEBUG] [thread-id 1] - 0
2024-01-25 16:09:41.999 [DEBUG] [thread-id 1] - conditionally execute a flow. condition: false
2024-01-25 16:09:42.955 [DEBUG] [thread-id 1] - Store in: store the value 'true' in the variable 'errorRemoved'
2024-01-25 16:09:43.934 [DEBUG] [thread-id 1] - No Technical Error Pop up observed
2024-01-25 16:09:55.991 [DEBUG] [thread-id 1] - sleep:  2000 milliseconds
2024-01-25 16:09:58.439 [DEBUG] [thread-id 1] - conditionally execute a flow. condition: true
2024-01-25 16:09:59.393 [DEBUG] [thread-id 1] - Executing function: 'us.functions.gic.collapseIfExpanded'
2024-01-25 16:10:00.854 [DEBUG] [thread-id 1] - Verify identifier: {//*[contains(@label,"Expanded")] | //*[contains(@name,"Expanded")]=[true]}
2024-01-25 16:10:01.782 [DEBUG] [thread-id 1] - Collapsing GIC screen
2024-01-25 16:10:03.300 [DEBUG] [thread-id 1] - Click element: '//*[contains(@label,"Expanded")] | //*[contains(@name,"Expanded")]'
2024-01-25 16:10:05.112 [DEBUG] [thread-id 1] - Verify identifier: {//*[contains(@label,"Collapsed")] | //*[contains(@name,"Collapsed")]=[true]}
2024-01-25 16:10:05.119 [DEBUG] [thread-id 1] - Executing function: 'us.functions.utils.fetchFromDataList'
2024-01-25 16:10:05.122 [DEBUG] [thread-id 1] - conditionally execute a flow. condition: false
2024-01-25 16:10:05.894 [DEBUG] [thread-id 1] - Store in: store the value 'FC_DELIVERY' in the variable 'itemGroup'
2024-01-25 16:10:05.899 [DEBUG] [thread-id 1] - loop: over '["894010516", "1996033768", "2034355960", "1051886288", "22471933", "1201002894", "22471997"]'
2024-01-25 16:10:06.622 [DEBUG] [thread-id 1] - Executing function: 'us.functions.utils.checkItemTransactabality'
2024-01-25 16:10:06.626 [DEBUG] [thread-id 1] - Store in: store the value 'false' in the variable 'itemEligible'
2024-01-25 16:10:06.627 [DEBUG] [thread-id 1] - Call API: 'http://astro.walmart.com/api/v2/teflon/item/transactability'
2024-01-25 16:10:21.469 [DEBUG] [thread-id 1] - Response code is: '200'. Response body is: '{"astroStatus":"SUCCESS","astroDescription":"CART - ADD_TO_CART SUCCESS","astroDetails":{"dbSessionMap":{"CXO_CART_ST":"{\"mtoken\":\"5:23#327100037#2=69638273#8=364645655\"}"},"checkoutable":true,"cart":{"id":"bf5c625e-ab19-4e45-a0e1-f696dd14cf4c","buyer":{"id":"59d5829d-792d-4a8e-beb7-667ae6491de2","type":"CUSTOMER"},"accessPoint":{"id":"6168c2e3-fc36-4827-98e6-d717d10af1d6","name":"Walmart San Jose Store #32144","storeId":32144,"fulfillmentType":"INSTORE_PICKUP","fulfillmentOption":"PICKUP","supportedTimeZone":"US/Pacific","locationInstruction":"[{\"type\":\"CHECKIN_DEFAULT\",\"value\":\"<div><p><b>Please bring your government-issued ID</b></p><br /><br /><ol><li>Download and use the app to let us know you're on the way and view your parking guide.</li><li>Park in a designated pickup spot. Using the app, enter your parking info and an associate will come to you.</li><li>Show your ID to the associate if required.</li><li>The associate will request access to your trunk or back seat, then will load your items.</li><li>You're all set! Check the app to see if you need to move to any other pickup locations.</li></ol></div>\"},{\"type\":\"EMAIL_DEFAULT\",\"value\":\"NA\"},{\"type\":\"CHECKIN_1\",\"value\":\"Next, tell us when you’ve parked. Park by the pickup sign and enter your parking info so we can find you faster.\"}]","isStoreEbtEligible":true,"allowAlcohol":true,"allowAgeRestricted":false,"restrictions":[],"accessType":"PICKUP_CURBSIDE","storeCategory":"Supercenter","nodeType":"STORE","pickupStartBuffer":5,"allowBagFee":true,"isBagFeeMandatory":false,"address":{"postalCode":"95122","addressLineOne":"777 STORY RD","city":"San Jose","state":"CA","addressTypeName":"OFFICE","isPOBox":false,"countryCode":"USA"}},"storeIds":[],"itemCount":1,"entityErrors":[],"shipping":{"id":"dd64e434-c6bf-4d18-82d7-52271e55fbeb","dbLockVersion":0,"firstName":"test","lastName":"auto","addressId":"6ba94e2c-c90f-4f66-ab93-06dff87365b9","postalCode":"95122","city":"San Jose","state":"CA","countryCode":"USA","addressLineOne":"1350 Bacchus Dr","latitude":37.325936,"longitude":-121.843014,"phone":"4084353453","deliveryInstructions":"","addressType":"BOTH","isPOBox":false,"isAPOFPO":false,"lastModifiedDate":1705066808008,"isAddressChangedExplicitly":true,"deliveryInstructionsDetails":[{"deliveryInstructionType":"REGULAR","deliveryInstruction":""},{"deliveryInstructionType":"INHOME","deliveryInstruction":""}]},"summary":{"subTotal":15.31,"grandTotal":22.3,"minimumThreshold":35,"balanceToReachThreshold":19.69,"thresholdOrderTotal":35,"shipPriceBelowThreshold":6.99,"fees":[{"type":"MIN_THRESHOLD_FEE","amount":6.99}],"serviceCharges":[]},"suggestedSlots":[{"id":"f905b5b4-6abc-4825-bb16-85f8d8f52cd1-2024-01-25","fulfillmentType":"DELIVERY","fulfillmentOption":"DELIVERY","accessType":"DELIVERY_ADDRESS","isUnscheduled":false,"accessPointId":"f681d48a-7be4-43ea-8e10-229a1f00db37","expressSlot":false,"slaInMins":0,"startTime":1706234400000,"endTime":1706238000000,"cutoffTime":1706234400000,"supportedTimeZone":"US/Pacific","slotPrice":7.95,"ids":[],"originalSlotPrice":7.95,"restrictions":["TEMPERATURE"],"status":"AVAILABLE","priority":0,"isAlcoholRestricted":false,"storeId":"32144"},{"id":"d4426d9c-5f9f-4e4b-b19d-b08d41825c1d-2024-01-25","fulfillmentType":"EXPRESS_PICKUP","fulfillmentOption":"PICKUP","accessType":"PICKUP_CURBSIDE","isUnscheduled":false,"accessPointId":"0ebad96a-c578-4108-8025-6a2da143f790","expressSlot":true,"slaInMins":60,"supportedTimeZone":"US/Pacific","slotPrice":10,"expressFee":10,"expressSlotPrice":0,"ids":[],"restrictions":[],"status":"AVAILABLE","maxItemQty":94,"priority":600,"amendableItemSize":0,"isAlcoholRestricted":false,"storeId":"32144","expressItemLimit":94}],"currencyCode":"USD","preview":false,"tenantId":0,"verticalId":0,"checkoutableErrors":[],"intent":"DELIVERY","pickupStore":{"city":"San Jose","stateOrProvinceCode":"CA","countryCode":"USA","postalCode":"95122","storeId":"32144","services":[{"name":"GARDEN_CENTER"},{"name":"DELI"},{"name":"BAKERY"},{"name":"GROCERY"},{"name":"LIQUOR"},{"name":"VISION_CENTER"},{"name":"PHOTO_CENTER"},{"name":"TIRE_AND_LUBE","phone":"330-337-9044"},{"name":"GROCERY_PICKUP_DELIVERY"}]},"deliveryStore":{"city":"San Jose","stateOrProvinceCode":"CA","countryCode":"USA","postalCode":"95122","storeId":"32144","services":[{"name":"GARDEN_CENTER"},{"name":"DELI"},{"name":"BAKERY"},{"name":"GROCERY"},{"name":"LIQUOR"},{"name":"VISION_CENTER"},{"name":"PHOTO_CENTER"},{"name":"TIRE_AND_LUBE","phone":"330-337-9044"},{"name":"GROCERY_PICKUP_DELIVERY"}]},"mpStores":[],"fulfillmentPlans":[{"isDefault":true,"fulfillmentModules":[{"name":"UNSCHEDULED_DELIVERY","fulfillmentGroups":[{"sellerId":"455A2F43226F41319399794332C71B7F","fulfillmentOptions":[{"fulfillmentType":"DELIVERY","accessType":"DELIVERY_ADDRESS","accessMode":"NATIONAL_CARRIER","isSelected":true,"isUnscheduled":true,"dateStartRange":1706309940000,"dateEndRange":1706309940000,"itemGroups":[{"itemIds":["77f68b7e-f481-456f-93a7-4db126b62b4a"],"dateTime":1706309940000,"accessMode":"NATIONAL_CARRIER","itemDetails":[{"lineItemId":"77f68b7e-f481-456f-93a7-4db126b62b4a"}],"orderCutoffTime":1706317200000}],"strategy":"SLA_TIER_BASED_PROMISE"}],"fulfillmentSellerType":"WALMART"}],"checkoutableErrors":[],"checkoutable":true,"summary":{"subTotal":15.31,"grandTotal":15.31}}]}],"accessPoints":[{"id":"f681d48a-7be4-43ea-8e10-229a1f00db37","name":"32144 - Home Delivery","storeId":32144,"fulfillmentType":"DELIVERY","fulfillmentOption":"DELIVERY","supportedTimeZone":"US/Pacific","locationInstruction":"[{\"type\":\"CHECKIN_DEFAULT\",\"value\":\"<div> <p> In order to  protect the safety of our customers & associates, we've temporarily moved to a no-contact pickup in store process. </p> <br /> <br /><b>Please bring your government-issued ID</b><br /> <ol> <li>Check in with the app to let us know you're on the way.</li> <li> Park in a designated pickup spot, stay in your vehicle and keep your windows rolled up. </li> <li> A Walmart associate will request access to your trunk or back seat, then they'll load your order. </li> <li>You're all set! The associate will sign for the order.</li> </ol> </div>\"},{\"type\":\"EMAIL_DEFAULT\",\"value\":\"<div> <p> In order to  protect the safety of our customers & associates, we've temporarily moved to a no-contact pickup in store process. </p> <br /> <br /><b>Please bring your government-issued ID</b><br /> <ol> <li>Check in with the app to let us know you're on the way.</li> <li> Park in a designated pickup spot, stay in your vehicle and keep your windows rolled up. </li> <li> A Walmart associate will request access to your trunk or back seat, then they'll load your order. </li> <li>You're all set! The associate will sign for the order.</li> </ol> </div>\"}]","isStoreEbtEligible":true,"allowAlcohol":true,"allowAgeRestricted":true,"restrictions":[],"accessType":"DELIVERY_ADDRESS","storeCategory":"Supercenter","nodeType":"STORE","pickupStartBuffer":0,"allowBagFee":true,"isBagFeeMandatory":false,"address":{"postalCode":"95122","addressLineOne":"777 STORY RD","city":"San Jose","state":"CA","addressTypeName":"OFFICE","isPOBox":false,"countryCode":"USA"}},{"id":"6168c2e3-fc36-4827-98e6-d717d10af1d6","name":"Walmart San Jose Store #32144","storeId":32144,"fulfillmentType":"INSTORE_PICKUP","fulfillmentOption":"PICKUP","supportedTimeZone":"US/Pacific","locationInstruction":"[{\"type\":\"CHECKIN_DEFAULT\",\"value\":\"<div><p><b>Please bring your government-issued ID</b></p><br /><br /><ol><li>Download and use the app to let us know you're on the way and view your parking guide.</li><li>Park in a designated pickup spot. Using the app, enter your parking info and an associate will come to you.</li><li>Show your ID to the associate if required.</li><li>The associate will request access to your trunk or back seat, then will load your items.</li><li>You're all set! Check the app to see if you need to move to any other pickup locations.</li></ol></div>\"},{\"type\":\"EMAIL_DEFAULT\",\"value\":\"NA\"},{\"type\":\"CHECKIN_1\",\"value\":\"Next, tell us when you’ve parked. Park by the pickup sign and enter your parking info so we can find you faster.\"}]","isStoreEbtEligible":true,"allowAlcohol":true,"allowAgeRestricted":false,"restrictions":[],"accessType":"PICKUP_CURBSIDE","storeCategory":"Supercenter","nodeType":"STORE","pickupStartBuffer":5,"allowBagFee":true,"isBagFeeMandatory":false,"address":{"postalCode":"95122","addressLineOne":"777 STORY RD","city":"San Jose","state":"CA","addressTypeName":"OFFICE","isPOBox":false,"countryCode":"USA"}}],"reservations":[],"isExplicitIntent":true,"hasGiftEligibleItem":false,"marketPlacePickup":true,"warnings":[],"restrictions":[],"accInstallationSelection":{"isExplicitPackageSelection":false}},"items":[{"id":"77f68b7e-f481-456f-93a7-4db126b62b4a","quantity":1,"price":15.31,"oldPrice":15.31,"linePrice":15.31,"pricePerUnit":15.31,"pricePerUnitUoM":"EA","USItemId":"894010516","USSellerId":"0","offerId":"D34CC8A40CA54C4CB9F4C3353721DF1D","name":"DALIRESP 500MCG","seller":{"name":"Walmart.com","type":"INTERNAL","id":"455A2F43226F41319399794332C71B7F","catalogSellerId":0},"availableQuantity":2147483647,"maxItemCountPerOrder":1000,"minItemCountPerOrder":1,"primaryCategoryPath":"0:5431:7711239","charPrimaryCategoryPath":"Home Page/Pharmacy/Prescription Medication","sort":1706227820177,"entityErrors":[],"createdDateTime":1706227820177,"isAlcohol":false,"isTemperatureTimeRestricted":false,"isSubstitutionEligible":false,"weightIncrement":1,"unitOfMeasure":"EA","type":"REGULAR","itemClassId":"1","upc":"303100095304","productId":"3NMSJXGFGLHD","isSnapEligible":false,"isSubstitutionsAllowed":false,"productSegment":"Health & Beauty","salesUnit":"Each","wupc":"0030310009530","productUrl":"/ip/DALIRESP-500MCG/894010516","productType":"Prescription Medicines","sourcingDetails":{"currentSelection":"SHIPPING","nodeAvailableQuantity":2147483647},"warnings":[],"fulfillmentDetails":{"fulfillmentId":"26b177c3-528c-4eef-bc9c-a3c5f097cd2c","slaTier":"THREE_TO_FIVE_DAY","fulfillmentType":"DELIVERY","nodeType":"STORE","fulfillmentTypeClassification":["PHARMACY_PETS"],"initialItemType":"ONLINE_ONLY","isNewItemToCart":true,"fulfillmentMode":"UNSCHEDULED","accessMode":"NATIONAL_CARRIER","accessType":"DELIVERY_ADDRESS","availableFulfillmentOptions":["UNSCHEDULED_DELIVERY"],"fulfillmentModuleName":"UNSCHEDULED_DELIVERY","shippingFulfillmentDate":1706309940000,"maxOrderQuantity":{"unscheduledDelivery":1000},"shipNodeId":"999932144"},"shortDescription":"DALIRESP 500MCG TAB","associations":[],"fulfillmentPrerequisites":[{"preRequisiteList":["MUST_SHIP_ALONE","MIN_BOX_PROTECTION_REQUIRED"]}],"isEventActive":false,"events":[],"nodeLevelSellables":[],"isPetRxItem":true,"tierPrice":true,"legacyItemId":"894010516","gtin":"00303100095304","productClassType":"REGULAR","reportingHierarchy":"40000:43000:43004:43110:43300","isPapEligible":false,"isCheckoutAmendable":false,"petItemType":"PET_RX_ITEM","compositions":[],"isSubscriptionEligible":false,"isCashbackEligible":false,"isColdChain":false}],"lastModifiedTime":1706227821426,"cartVersion":88,"isOmniPromiseResponse":true,"uniqueInstallationOfferIdHolder":[]},"astroInfo":null}'
2024-01-25 16:10:21.478 [DEBUG] [thread-id 1] - conditionally execute a flow. condition: true
2024-01-25 16:10:22.245 [DEBUG] [thread-id 1] - Store in: store the value 'true' in the variable 'itemEligible'
2024-01-25 16:10:22.993 [DEBUG] [thread-id 1] - conditionally execute a flow. condition: true
2024-01-25 16:10:23.731 [DEBUG] [thread-id 1] - Store in: store the value '894010516' in the variable 'itemFetched'
2024-01-25 16:10:24.471 [DEBUG] [thread-id 1] - Store in: store the value 'walmart://item/894010516' in the variable 'deeplinkURl'
2024-01-25 16:10:25.209 [DEBUG] [thread-id 1] - Item:894010516
2024-01-25 16:10:25.997 [DEBUG] [thread-id 1] - deeplinkURL:walmart://item/894010516
2024-01-25 16:10:26.749 [DEBUG] [thread-id 1] - conditionally execute a flow. condition: true
2024-01-25 16:10:27.497 [DEBUG] [thread-id 1] - Eligible item is 894010516 for type FC_DELIVERY
2024-01-25 16:10:27.501 [DEBUG] [thread-id 1] - Executing function: 'us.functions.global.navigation.goToDeepLink'
2024-01-25 16:10:27.502 [DEBUG] [thread-id 1] - Verify value of: '$deepLinkUrl'
2024-01-25 16:10:27.502 [DEBUG] [thread-id 1] - Open link: 'walmart://item/894010516'
2024-01-25 16:10:27.948 [DEBUG] [thread-id 1] - Executing function: 'us.functions.global.navigation.openDeepLink'
2024-01-25 16:10:36.550 [DEBUG] [thread-id 1] - Deeplink pop up not displayed
2024-01-25 16:10:36.555 [DEBUG] [thread-id 1] - Executing function: 'us.functions.item.petrxItem.verifyPresent'
2024-01-25 16:10:41.611 [DEBUG] [thread-id 1] - Verify identifier: {TitleView_productTitle=[true], //XCUIElementTypeStaticText[@name="PriceView_primaryProductPrice"]=[true], Prescription required=[true]}
2024-01-25 16:10:41.611 [DEBUG] [thread-id 1] - Executing function: 'us.functions.item.addItemToCart'
2024-01-25 16:10:44.008 [DEBUG] [thread-id 1] - Verify identifier: {stepper.mainButton=[true]}
2024-01-25 16:10:46.836 [DEBUG] [thread-id 1] - Click element: 'stepper.mainButton'
2024-01-25 16:10:48.386 [WARN] [thread-id 1] - variable qty was used, but r2 could not find a value for this variable. returning default of null
2024-01-25 16:10:48.388 [WARN] [thread-id 1] - variable qty was used, but r2 could not find a value for this variable. returning default of null
2024-01-25 16:10:49.841 [DEBUG] [thread-id 1] - Verify identifier: {//XCUIElementTypeStaticText[@name="1 added"]| //XCUIElementTypeOther[@name="add-to-cart-button"] | //XCUIElementTypeStaticText[@label="null"] | Max 1=[true]}
2024-01-25 16:10:49.842 [WARN] [thread-id 1] - variable skipPostAddToCartSteps was used, but r2 could not find a value for this variable. returning default of null
2024-01-25 16:10:49.842 [DEBUG] [thread-id 1] - conditionally execute a flow. condition: true
2024-01-25 16:10:52.380 [DEBUG] [thread-id 1] - Executing function: 'us.functions.item.postAddToCartSteps'
2024-01-25 16:11:13.342 [DEBUG] [thread-id 1] - No ACC pop up screen displayed
2024-01-25 16:11:17.291 [DEBUG] [thread-id 1] - Click element: '//XCUIElementTypeButton[@name="Close"]'
2024-01-25 16:11:22.469 [DEBUG] [thread-id 1] - Click element: '//XCUIElementTypeButton[@name="Close"] | //XCUIElementTypeButton[@label="Close"]'
2024-01-25 16:11:23.413 [DEBUG] [thread-id 1] - Executing function: 'us.functions.item.closeItemPage'
2024-01-25 16:11:44.504 [DEBUG] [thread-id 1] - PAC not found
