2022-11-12 08:43:02.179 [WARN] [thread-id 1] - no flow for function 'ca.test.functions.home.navigateHomeToSignInIos'. this function will not be available to call.
2022-11-12 08:43:30.780 [DEBUG] [thread-id 1] - Executing R2 3.29.0: '/Users/m0k0a2f/glass-automation/./us/test/test-scripts/ios/golden-flows/Subsitutions/flow214-Subsitutions-Toggle-OFF-functionality.yaml' on device: 'iPhone 13'
2022-11-12 08:43:42.512 [DEBUG] [thread-id 1] - Created report: /Users/m0k0a2f/glass-automation/report/index.html
2022-11-12 09:04:20.652 [WARN] [thread-id 1] - no flow for function 'ca.test.functions.home.navigateHomeToSignInIos'. this function will not be available to call.
2022-11-12 09:04:48.659 [DEBUG] [thread-id 1] - Executing R2 3.29.0: '/Users/m0k0a2f/glass-automation/./us/test/test-scripts/ios/golden-flows/Subsitutions/flow214-Subsitutions-Toggle-OFF-functionality.yaml' on device: 'iPhone 13'
2022-11-12 09:07:26.758 [DEBUG] [thread-id 1] - Executing scenario: 'Before'
2022-11-12 09:07:26.765 [DEBUG] [thread-id 1] - R2_SUBFLOW_PRE_TRANSACTION
2022-11-12 09:07:26.856 [DEBUG] [thread-id 1] - Using us-errors-helpers.yaml
2022-11-12 09:07:26.934 [DEBUG] [thread-id 1] - Start Main
2022-11-12 09:07:26.937 [DEBUG] [thread-id 1] - Executing function: 'us.functions.global.onboarding.navigateOnboardingToHome'
2022-11-12 09:07:26.940 [DEBUG] [thread-id 1] - Executing function: 'us.function.utils.getEnvironmentValue'
2022-11-12 09:07:26.942 [DEBUG] [thread-id 1] - Store in: store the value 'teflon' in the variable 'env'
2022-11-12 09:07:27.049 [DEBUG] [thread-id 1] - Verify identifier: {//XCUIElementTypeStaticText[@name="WelcomeViewController.titleLabel"] | //XCUIElementTypeStaticText[@name="SignUpNudgeWelcomeViewController.titleLabel"]=[true]}
2022-11-12 09:07:37.094 [DEBUG] [thread-id 1] - conditionally execute a flow. condition: false
2022-11-12 09:07:37.239 [DEBUG] [thread-id 1] - Click element: '//XCUIElementTypeStaticText[@name="Continue"] | //XCUIElementTypeStaticText[@name="Next"] | //XCUIElementTypeStaticText[@name="Continue as guest"]'
2022-11-12 09:07:38.001 [DEBUG] [thread-id 1] - Verify identifier: {NotificationPermissionViewController.titleLabel=[true]}
2022-11-12 09:07:38.088 [DEBUG] [thread-id 1] - Click element: '//XCUIElementTypeStaticText[@name="Not now"] | //XCUIElementTypeButton[@name="cta.cancel.notifications"]'
2022-11-12 09:08:00.690 [DEBUG] [thread-id 1] - Main failed: Is not present: 'Share your location'
2022-11-12 09:08:00.774 [DEBUG] [thread-id 1] - Executing scenario: 'After'
2022-11-12 09:08:00.782 [DEBUG] [thread-id 1] - Executing function: 'us.functions.utils.afterSteps'
2022-11-12 09:08:00.802 [WARN] [thread-id 1] - variable testStatus was used, but r2 could not find a value for this variable. returning default of null
2022-11-12 09:08:00.865 [DEBUG] [thread-id 1] - conditionally execute a flow. condition: false
2022-11-12 09:08:00.970 [DEBUG] [thread-id 1] - Test failed
2022-11-12 09:08:01.059 [DEBUG] [thread-id 1] - Executing function: 'us.functions.utils.closeErrorAlertIfExists'
2022-11-12 09:08:17.951 [DEBUG] [thread-id 1] - Created report: /Users/m0k0a2f/glass-automation/report/index.html
2022-11-12 09:08:40.848 [WARN] [thread-id 1] - no flow for function 'ca.test.functions.home.navigateHomeToSignInIos'. this function will not be available to call.
2022-11-12 09:09:09.656 [DEBUG] [thread-id 1] - Executing R2 3.29.0: '/Users/m0k0a2f/glass-automation/./us/test/test-scripts/ios/golden-flows/Subsitutions/flow214-Subsitutions-Toggle-OFF-functionality.yaml' on device: 'iPhone 13'
2022-11-12 09:09:46.883 [DEBUG] [thread-id 1] - Executing scenario: 'Before'
2022-11-12 09:09:46.893 [DEBUG] [thread-id 1] - R2_SUBFLOW_PRE_TRANSACTION
2022-11-12 09:09:47.006 [DEBUG] [thread-id 1] - Using us-errors-helpers.yaml
2022-11-12 09:09:47.100 [DEBUG] [thread-id 1] - Start Main
2022-11-12 09:09:47.111 [DEBUG] [thread-id 1] - Executing function: 'us.functions.global.onboarding.navigateOnboardingToHome'
2022-11-12 09:09:47.114 [DEBUG] [thread-id 1] - Executing function: 'us.function.utils.getEnvironmentValue'
2022-11-12 09:09:47.117 [DEBUG] [thread-id 1] - Store in: store the value 'teflon' in the variable 'env'
2022-11-12 09:09:47.209 [DEBUG] [thread-id 1] - Verify identifier: {//XCUIElementTypeStaticText[@name="WelcomeViewController.titleLabel"] | //XCUIElementTypeStaticText[@name="SignUpNudgeWelcomeViewController.titleLabel"]=[true]}
2022-11-12 09:09:57.258 [DEBUG] [thread-id 1] - conditionally execute a flow. condition: false
2022-11-12 09:09:57.396 [DEBUG] [thread-id 1] - Click element: '//XCUIElementTypeStaticText[@name="Continue"] | //XCUIElementTypeStaticText[@name="Next"] | //XCUIElementTypeStaticText[@name="Continue as guest"]'
2022-11-12 09:09:58.044 [DEBUG] [thread-id 1] - Verify identifier: {NotificationPermissionViewController.titleLabel=[true]}
2022-11-12 09:09:58.129 [DEBUG] [thread-id 1] - Click element: '//XCUIElementTypeStaticText[@name="Not now"] | //XCUIElementTypeButton[@name="cta.cancel.notifications"]'
2022-11-12 09:10:19.092 [DEBUG] [thread-id 1] - Main failed: Is not present: 'Share your location'
2022-11-12 09:10:19.176 [DEBUG] [thread-id 1] - Executing scenario: 'After'
2022-11-12 09:10:19.185 [DEBUG] [thread-id 1] - Executing function: 'us.functions.utils.afterSteps'
2022-11-12 09:10:19.205 [WARN] [thread-id 1] - variable testStatus was used, but r2 could not find a value for this variable. returning default of null
2022-11-12 09:10:19.246 [DEBUG] [thread-id 1] - conditionally execute a flow. condition: false
2022-11-12 09:10:19.315 [DEBUG] [thread-id 1] - Test failed
2022-11-12 09:10:19.386 [DEBUG] [thread-id 1] - Executing function: 'us.functions.utils.closeErrorAlertIfExists'
2022-11-12 09:10:36.166 [DEBUG] [thread-id 1] - Created report: /Users/m0k0a2f/glass-automation/report/index.html
2022-11-12 09:27:03.923 [WARN] [thread-id 1] - no flow for function 'ca.test.functions.home.navigateHomeToSignInIos'. this function will not be available to call.
2022-11-12 09:27:31.588 [DEBUG] [thread-id 1] - Executing R2 3.29.0: '/Users/m0k0a2f/glass-automation/./us/test/test-scripts/ios/golden-flows/Subsitutions/flow214-Subsitutions-Toggle-OFF-functionality.yaml' on device: 'iPhone 13'
2022-11-12 09:28:07.263 [DEBUG] [thread-id 1] - Executing scenario: 'Before'
2022-11-12 09:28:07.269 [DEBUG] [thread-id 1] - R2_SUBFLOW_PRE_TRANSACTION
2022-11-12 09:28:07.359 [DEBUG] [thread-id 1] - Using us-errors-helpers.yaml
2022-11-12 09:28:07.447 [DEBUG] [thread-id 1] - Start Main
2022-11-12 09:28:07.457 [DEBUG] [thread-id 1] - Executing function: 'us.functions.global.onboarding.navigateOnboardingToHome'
2022-11-12 09:28:07.459 [DEBUG] [thread-id 1] - Executing function: 'us.function.utils.getEnvironmentValue'
2022-11-12 09:28:07.461 [DEBUG] [thread-id 1] - Store in: store the value 'teflon' in the variable 'env'
2022-11-12 09:28:07.548 [DEBUG] [thread-id 1] - Verify identifier: {//XCUIElementTypeStaticText[@name="WelcomeViewController.titleLabel"] | //XCUIElementTypeStaticText[@name="SignUpNudgeWelcomeViewController.titleLabel"]=[true]}
2022-11-12 09:28:17.558 [DEBUG] [thread-id 1] - conditionally execute a flow. condition: false
2022-11-12 09:28:17.699 [DEBUG] [thread-id 1] - Click element: '//XCUIElementTypeStaticText[@name="Continue"] | //XCUIElementTypeStaticText[@name="Next"] | //XCUIElementTypeStaticText[@name="Continue as guest"]'
2022-11-12 09:28:18.404 [DEBUG] [thread-id 1] - Verify identifier: {NotificationPermissionViewController.titleLabel=[true]}
2022-11-12 09:28:18.493 [DEBUG] [thread-id 1] - Click element: '//XCUIElementTypeStaticText[@name="Not now"] | //XCUIElementTypeButton[@name="cta.cancel.notifications"]'
2022-11-12 09:28:18.856 [DEBUG] [thread-id 1] - Verify identifier: {Share your location=[true]}
2022-11-12 09:28:18.887 [DEBUG] [thread-id 1] - Click element: 'Enter zip code'
2022-11-12 09:28:19.445 [DEBUG] [thread-id 1] - conditionally execute a flow. condition: true
2022-11-12 09:28:19.591 [DEBUG] [thread-id 1] - Enter text: '95122'
2022-11-12 09:28:31.738 [DEBUG] [thread-id 1] - Click element: '//XCUIElementTypeStaticText[@name="Search"]'
2022-11-12 09:28:33.134 [DEBUG] [thread-id 1] - conditionally execute a flow. condition: true
2022-11-12 09:28:43.510 [DEBUG] [thread-id 1] - conditionally execute a flow. condition: true
2022-11-12 09:28:43.656 [DEBUG] [thread-id 1] - Click element: 'Continue'
2022-11-12 09:28:45.074 [DEBUG] [thread-id 1] - conditionally execute a flow. condition: true
2022-11-12 09:28:46.153 [DEBUG] [thread-id 1] - Click element: 'Allow'
2022-11-12 09:29:17.587 [DEBUG] [thread-id 1] - Executing function: 'us.functions.utils.tryAgainWhenThereIsError'
2022-11-12 09:29:17.607 [DEBUG] [thread-id 1] - loop: from 0 to 2
2022-11-12 09:29:17.809 [DEBUG] [thread-id 1] - 0
2022-11-12 09:29:28.252 [DEBUG] [thread-id 1] - conditionally execute a flow. condition: false
2022-11-12 09:29:28.445 [DEBUG] [thread-id 1] - Executing function: 'us.functions.onboarding.handleTechnicalErrorPage'
2022-11-12 09:29:28.445 [DEBUG] [thread-id 1] - sleep:  5000 milliseconds
2022-11-12 09:29:33.454 [DEBUG] [thread-id 1] - loop: from 0 to 4
2022-11-12 09:29:33.673 [DEBUG] [thread-id 1] - 0
2022-11-12 09:29:44.029 [DEBUG] [thread-id 1] - conditionally execute a flow. condition: false
2022-11-12 09:29:44.224 [DEBUG] [thread-id 1] - No Technical Error Page observed
2022-11-12 09:29:44.429 [DEBUG] [thread-id 1] - Executing function: 'us.functions.gic.collapseIfExpanded'
2022-11-12 09:29:44.559 [DEBUG] [thread-id 1] - conditionally execute a flow. condition: true
2022-11-12 09:29:44.876 [DEBUG] [thread-id 1] - Click element: '//*[contains(@label,"Expanded")]'
2022-11-12 09:29:45.054 [DEBUG] [thread-id 1] - Timestamp: 1668274185054
2022-11-12 09:29:45.061 [DEBUG] [thread-id 1] - Store in: store the value 'wmtuser1668274185054@walmarttest.com' in the variable 'customerEmail'
2022-11-12 09:29:45.067 [DEBUG] [thread-id 1] - Store in: store the value 'E2epassword$' in the variable 'password'
2022-11-12 09:29:45.069 [DEBUG] [thread-id 1] - Executing function: 'us.functions.utils.astro.createAccount'
2022-11-12 09:29:45.070 [DEBUG] [thread-id 1] - Create Account
2022-11-12 09:29:45.073 [DEBUG] [thread-id 1] - {"firstName": "Native","lastName": "Test","emailAddress": "wmtuser1668274185054@walmarttest.com","phoneNumber": "4088968104","paymentMethods": ["VISA"],"postalAddress": {"address": "1350 Bacchus Dr","city": "San Jose","country": "USA","postalCode": "95122","state": "CA"},"password": "E2epassword$"}
2022-11-12 09:29:45.076 [DEBUG] [thread-id 1] - Call API: 'http://astro.walmart.com/api/v2/teflon/customer'
2022-11-12 09:29:53.110 [DEBUG] [thread-id 1] - Response code is: '200'. Response body is: '{"astroStatus":"SUCCESS","astroDescription":"SIGNUP_SUCCESS","astroDetails":{"status":"OK","statusCode":200,"customerAccountId":"5ceeb183-3418-4305-9600-8b3834a8482d","customerDetails":{"firstName":"Native","lastName":"Test","emailAddress":"wmtuser1668274185054@walmarttest.com","phoneNumber":"4088968104","paymentMethods":["VISA"],"postalAddress":{"address":"1350 Bacchus Dr","city":"San Jose","country":"USA","postalCode":"95122","state":"CA"},"password":"E2epassword$"},"addDeliveryPreference":"OK","addPaymentPreference":"OK","addPaymentPreferenceId":"4d4ed91c-dac1-47d8-a844-7957f0951db5","customerPatch":"OK"}}'
2022-11-12 09:29:53.122 [DEBUG] [thread-id 1] - 4d4ed91c-dac1-47d8-a844-7957f0951db5
2022-11-12 09:29:53.126 [WARN] [thread-id 1] - variable withoutPayment was used, but r2 could not find a value for this variable. returning default of null
2022-11-12 09:29:53.153 [DEBUG] [thread-id 1] - conditionally execute a flow. condition: false
2022-11-12 09:29:53.581 [DEBUG] [thread-id 1] - Account created successfully
2022-11-12 09:29:53.602 [DEBUG] [thread-id 1] - Executing function: 'us.functions.home.navigateHomeToSignIn'
2022-11-12 09:29:53.957 [DEBUG] [thread-id 1] - Click element: 'Account'
2022-11-12 09:29:54.185 [DEBUG] [thread-id 1] - sleep:  3000 milliseconds
2022-11-12 09:29:57.533 [DEBUG] [thread-id 1] - Verify identifier: {//XCUIElementTypeButton[@name="Account.SignInButton"] | //XCUIElementTypeButton[@name="HeaderView.loginButton"] | //XCUIElementTypeButton[@label="SignInYourAccountTableViewCell.signInButton"] | //XCUIElementTypeButton[@label="Sign in"] | //XCUIElementTypeButton[@label="Sign in or create an account"]=[true]}
2022-11-12 09:29:57.534 [DEBUG] [thread-id 1] - loop: from 1 to 3
2022-11-12 09:29:58.133 [DEBUG] [thread-id 1] - conditionally execute a flow. condition: true
2022-11-12 09:29:58.722 [DEBUG] [thread-id 1] - Click element: '//XCUIElementTypeButton[@name="Account.SignInButton"] | //XCUIElementTypeButton[@name="HeaderView.loginButton"] | //XCUIElementTypeButton[@label="SignInYourAccountTableViewCell.signInButton"] | //XCUIElementTypeButton[@label="Sign in"] | //XCUIElementTypeButton[@label="Sign in or create an account"]'
2022-11-12 09:29:59.366 [DEBUG] [thread-id 1] - sleep:  3000 milliseconds
2022-11-12 09:30:02.914 [DEBUG] [thread-id 1] - conditionally execute a flow. condition: true
2022-11-12 09:30:03.319 [DEBUG] [thread-id 1] - Executing function: 'us.functions.global.authentication.signInAccount'
2022-11-12 09:30:03.321 [WARN] [thread-id 1] - variable validateSignInPage was used, but r2 could not find a value for this variable. returning default of null
2022-11-12 09:30:03.324 [DEBUG] [thread-id 1] - Executing function: 'us.functions.global.authentication.dismissSelectSavedPasswordDialog'
2022-11-12 09:30:13.865 [DEBUG] [thread-id 1] - Verify identifier: {//XCUIElementTypeTextField=[true]}
2022-11-12 09:30:14.055 [DEBUG] [thread-id 1] - Enter text: 'wmtuser1668274185054@walmarttest.com'
2022-11-12 09:30:21.808 [DEBUG] [thread-id 1] - loop: from 1 to 3
2022-11-12 09:30:22.512 [DEBUG] [thread-id 1] - sleep:  3000 milliseconds
2022-11-12 09:30:26.216 [DEBUG] [thread-id 1] - conditionally execute a flow. condition: true
2022-11-12 09:30:26.993 [DEBUG] [thread-id 1] - Click element: 'SignInView.ctaButton'
2022-11-12 09:30:27.999 [DEBUG] [thread-id 1] - sleep:  3000 milliseconds
2022-11-12 09:30:41.811 [DEBUG] [thread-id 1] - conditionally execute a flow. condition: false
2022-11-12 09:30:42.509 [WARN] [thread-id 1] - variable validateSignInPage was used, but r2 could not find a value for this variable. returning default of null
2022-11-12 09:30:42.729 [DEBUG] [thread-id 1] - Enter text: 'E2epassword$'
2022-11-12 09:30:45.631 [DEBUG] [thread-id 1] - sleep:  3000 milliseconds
2022-11-12 09:30:58.889 [DEBUG] [thread-id 1] - Hide keyboard: 'true'
2022-11-12 09:30:58.945 [DEBUG] [thread-id 1] - conditionally execute a flow. condition: true
2022-11-12 09:30:59.995 [DEBUG] [thread-id 1] - Executing function: 'us.functions.global.authentication.handleSomethingWentWrongError'
2022-11-12 09:31:00.000 [DEBUG] [thread-id 1] - loop: from 0 to 3
2022-11-12 09:31:01.055 [DEBUG] [thread-id 1] - 0
2022-11-12 09:31:13.014 [DEBUG] [thread-id 1] - conditionally execute a flow. condition: false
2022-11-12 09:31:24.630 [DEBUG] [thread-id 1] - conditionally execute a flow. condition: true
2022-11-12 09:31:25.922 [DEBUG] [thread-id 1] - Click element: '//XCUIElementTypeButton[@name="Don’t Allow"] | //XCUIElementTypeButton[@name="Don’t Allow"]'
2022-11-12 09:31:26.115 [DEBUG] [thread-id 1] - Executing function: 'us.functions.utils.handleCartMergePopup'
2022-11-12 09:31:26.115 [DEBUG] [thread-id 1] - sleep:  7000 milliseconds
2022-11-12 09:31:33.123 [DEBUG] [thread-id 1] - loop: from 0 to 4
2022-11-12 09:31:33.658 [DEBUG] [thread-id 1] - 0
2022-11-12 09:31:44.868 [DEBUG] [thread-id 1] - conditionally execute a flow. condition: false
2022-11-12 09:31:45.343 [DEBUG] [thread-id 1] - No Technical Error Page observed
2022-11-12 09:31:45.816 [DEBUG] [thread-id 1] - Executing function: 'us.functions.global.navigation.accountToHome'
2022-11-12 09:31:46.221 [DEBUG] [thread-id 1] - Click element: '//XCUIElementTypeButton[@name="Shop"] |  //XCUIElementTypeButton[@name="Home"]'
2022-11-12 09:31:46.582 [DEBUG] [thread-id 1] - Executing function: 'us.functions.home.closeWPlusPromotionPopUpIfDisplayed'
2022-11-12 09:31:46.583 [DEBUG] [thread-id 1] - sleep:  5000 milliseconds
2022-11-12 09:31:51.952 [DEBUG] [thread-id 1] - conditionally execute a flow. condition: true
2022-11-12 09:31:52.728 [DEBUG] [thread-id 1] - Click element: '//XCUIElementTypeButton[@name="SplashPageViewController.closeButton" or contains(@label, "Close Walmart plus promotional pop up")] | //XCUIElementTypeNavigationBar[@name="WalmartPlus.SplashPageView"]/XCUIElementTypeButton|//XCUIElementTypeButton[@name="close"]'
2022-11-12 09:31:53.769 [DEBUG] [thread-id 1] - Verify identifier: {//XCUIElementTypeSearchField[@name="Search Walmart"] | //XCUIElementTypeOther[@name="Search Walmart"]/XCUIElementTypeOther | //XCUIElementTypeOther[@name="Search Walmart"]=[true]}
2022-11-12 09:31:53.769 [DEBUG] [thread-id 1] - Executing function: 'us.functions.home.setStore'
2022-11-12 09:31:53.779 [DEBUG] [thread-id 1] - conditionally execute a flow. condition: true
2022-11-12 09:31:54.066 [DEBUG] [thread-id 1] - Executing function: 'us.functions.home.changeStore'
2022-11-12 09:31:54.066 [DEBUG] [thread-id 1] - Executing function: 'us.functions.gic.expandIfCollapsed'
2022-11-12 09:31:54.267 [DEBUG] [thread-id 1] - conditionally execute a flow. condition: true
2022-11-12 09:31:54.752 [DEBUG] [thread-id 1] - Click element: '//*[contains(@label,"Collapsed")]'
2022-11-12 09:31:54.971 [WARN] [thread-id 1] - variable storeOnly was used, but r2 could not find a value for this variable. returning default of null
2022-11-12 09:31:54.976 [DEBUG] [thread-id 1] - conditionally execute a flow. condition: true
2022-11-12 09:32:18.631 [DEBUG] [thread-id 1] - Click element: '//XCUIElementTypeButton[@name="GlobalIntentCenter.Pickup"]'
2022-11-12 09:32:18.999 [DEBUG] [thread-id 1] - Pickup intent selected
2022-11-12 09:32:19.151 [DEBUG] [thread-id 1] - Click element: '//XCUIElementTypeCollectionView[@name="GlobalIntentCenterViewController.collectionView"]//XCUIElementTypeCell[position()=last()-2 or position()=last()-1]//*[@name="GlobalIntentCenter.FullLocation" and contains(@label,"Pickup")]'
2022-11-12 09:32:30.974 [DEBUG] [thread-id 1] - conditionally execute a flow. condition: false
2022-11-12 09:32:32.803 [DEBUG] [thread-id 1] - Enter text: '95122'
2022-11-12 09:32:58.749 [DEBUG] [thread-id 1] - Click element: '(//XCUIElementTypeButton[@name="StoreSelectionCell.radioButton"])[1]'
2022-11-12 09:33:21.228 [DEBUG] [thread-id 1] - Click element: '//XCUIElementTypeButton[@name="SaveStoreSelectionView.saveButton"]'
2022-11-12 09:33:34.442 [DEBUG] [thread-id 1] - Executing function: 'us.functions.utils.handleTechnicalErrorPopup'
2022-11-12 09:33:34.456 [DEBUG] [thread-id 1] - Store in: store the value 'false' in the variable 'errorRemoved'
2022-11-12 09:33:34.457 [DEBUG] [thread-id 1] - sleep:  10000 milliseconds
2022-11-12 09:33:44.501 [DEBUG] [thread-id 1] - loop: from 0 to 3
2022-11-12 09:33:44.734 [DEBUG] [thread-id 1] - 0
2022-11-12 09:33:55.183 [DEBUG] [thread-id 1] - conditionally execute a flow. condition: false
2022-11-12 09:33:55.361 [DEBUG] [thread-id 1] - Store in: store the value 'true' in the variable 'errorRemoved'
2022-11-12 09:33:55.555 [DEBUG] [thread-id 1] - No Technical Error Pop up observed
2022-11-12 09:33:55.867 [DEBUG] [thread-id 1] - conditionally execute a flow. condition: true
2022-11-12 09:33:56.148 [DEBUG] [thread-id 1] - conditionally execute a flow. condition: true
2022-11-12 09:33:56.427 [DEBUG] [thread-id 1] - Click element: '//*[contains(@label,"Expanded")]'
2022-11-12 09:33:57.087 [DEBUG] [thread-id 1] - Verify identifier: {//*[contains(@label,"Collapsed")]=[true]}
2022-11-12 09:33:57.097 [DEBUG] [thread-id 1] - Executing function: 'us.functions.global.navigation.goToDeepLink'
2022-11-12 09:33:57.100 [DEBUG] [thread-id 1] - Verify value of: '$deepLinkUrl'
2022-11-12 09:33:57.101 [DEBUG] [thread-id 1] - Open link: 'walmart://ip/706582708'
2022-11-12 09:33:58.991 [DEBUG] [thread-id 1] - Executing function: 'us.functions.global.navigation.openDeepLink'
2022-11-12 09:34:00.048 [DEBUG] [thread-id 1] - conditionally execute a flow. condition: true
2022-11-12 09:34:01.098 [DEBUG] [thread-id 1] - Click element: 'Open'
2022-11-12 09:34:01.740 [DEBUG] [thread-id 1] - Executing function: 'us.functions.utils.handleTechnicalErrorPopup'
2022-11-12 09:34:01.741 [DEBUG] [thread-id 1] - Store in: store the value 'false' in the variable 'errorRemoved'
2022-11-12 09:34:01.742 [DEBUG] [thread-id 1] - sleep:  10000 milliseconds
2022-11-12 09:34:11.752 [DEBUG] [thread-id 1] - loop: from 0 to 3
2022-11-12 09:34:12.151 [DEBUG] [thread-id 1] - 0
2022-11-12 09:34:22.965 [DEBUG] [thread-id 1] - conditionally execute a flow. condition: false
2022-11-12 09:34:23.313 [DEBUG] [thread-id 1] - Store in: store the value 'true' in the variable 'errorRemoved'
2022-11-12 09:34:23.653 [DEBUG] [thread-id 1] - No Technical Error Pop up observed
2022-11-12 09:34:24.002 [DEBUG] [thread-id 1] - Executing function: 'us.functions.item.addItemToCart'
2022-11-12 09:34:24.345 [DEBUG] [thread-id 1] - sleep:  2000 milliseconds
2022-11-12 09:34:30.261 [DEBUG] [thread-id 1] - Item wasn't Added initially, continuing with scenario
2022-11-12 09:34:40.461 [DEBUG] [thread-id 1] - conditionally execute a flow. condition: false
2022-11-12 09:34:51.870 [DEBUG] [thread-id 1] - Main failed: DATA_FAILURE - teflon ADD TO CART button not displayed
2022-11-12 09:34:52.262 [DEBUG] [thread-id 1] - Executing scenario: 'After'
2022-11-12 09:34:52.263 [DEBUG] [thread-id 1] - Executing function: 'us.functions.utils.afterSteps'
2022-11-12 09:34:52.269 [WARN] [thread-id 1] - variable testStatus was used, but r2 could not find a value for this variable. returning default of null
2022-11-12 09:34:52.273 [DEBUG] [thread-id 1] - conditionally execute a flow. condition: false
2022-11-12 09:34:52.606 [DEBUG] [thread-id 1] - Test failed
2022-11-12 09:34:52.935 [DEBUG] [thread-id 1] - Executing function: 'us.functions.utils.closeErrorAlertIfExists'
2022-11-12 09:35:08.655 [DEBUG] [thread-id 1] - Created report: /Users/m0k0a2f/glass-automation/report/index.html
