2023-04-06 13:22:19.270 [DEBUG] [thread-id 1] - Executing R2 3.31.0: '/Users/m0k0a2f/glass-automation/us/test/test-scripts/android/golden-flows/PetRx-flows/C2666399-PetRX-multi-fulfilment-Shipping-mixed-order.yaml' on device: 'Pixel_5_API_31'
2023-04-06 13:22:21.995 [DEBUG] [thread-id 1] - Created report: /Users/m0k0a2f/glass-automation/report/index.html
2023-04-06 13:39:29.681 [DEBUG] [thread-id 1] - Executing R2 3.31.0: '/Users/m0k0a2f/glass-automation/us/test/test-scripts/android/golden-flows/PetRx-flows/C2666399-PetRX-multi-fulfilment-Shipping-mixed-order.yaml' on device: 'Pixel_5_API_31'
2023-04-06 13:39:33.283 [DEBUG] [thread-id 1] - Created report: /Users/m0k0a2f/glass-automation/report/index.html
2023-04-06 13:40:17.464 [DEBUG] [thread-id 1] - Executing R2 3.31.0: '/Users/m0k0a2f/glass-automation/us/test/test-scripts/android/golden-flows/PetRx-flows/C2666399-PetRX-multi-fulfilment-Shipping-mixed-order.yaml' on device: 'Pixel_5_API_31'
2023-04-06 13:40:19.889 [DEBUG] [thread-id 1] - Created report: /Users/m0k0a2f/glass-automation/report/index.html
2023-04-06 13:44:36.889 [DEBUG] [thread-id 1] - Executing R2 3.31.0: '/Users/m0k0a2f/glass-automation/./us/test/test-scripts/ios/golden-flows/PetRx-flows/post-transaction/C2669431-PetRX-Amends-user-Rejects-change.yaml' on device: 'iPhone 13'
2023-04-06 13:49:24.254 [DEBUG] [thread-id 1] - Executing scenario: 'Before'
2023-04-06 13:49:24.260 [DEBUG] [thread-id 1] - Execute before steps
2023-04-06 13:49:24.263 [DEBUG] [thread-id 1] - R2_SUBFLOW_PRE_TRANSACTION
2023-04-06 13:49:24.266 [DEBUG] [thread-id 1] - Executing function: 'us.functions.utils.astro.createOrder'
2023-04-06 13:49:24.267 [DEBUG] [thread-id 1] - Create order
2023-04-06 13:49:24.269 [DEBUG] [thread-id 1] - loop: from 0 to 5
2023-04-06 13:49:24.368 [DEBUG] [thread-id 1] - Store in: store the value 'null' in the variable 'errorCode'
2023-04-06 13:49:24.478 [DEBUG] [thread-id 1] - Store in: store the value 'null' in the variable 'orderCreationStatus'
2023-04-06 13:49:24.608 [DEBUG] [thread-id 1] - Call API: 'http://astro.walmart.com/api/v2/teflon/order'
2023-04-06 13:49:31.476 [DEBUG] [thread-id 1] - Response code is: '404'. Response body is: '{"astroStatus":"FAIL","astroDescription":"CART - ADD_TO_CART_ERROR 500.UP.GBAS.108","astroDetails":{"customerId":"85f4e7a3-099d-44af-9719-1b92bbd4d319","cartId":"2c64bfa5-ee12-465c-9da0-ee5173f3eddd","addToCartResponse":{"statusCode":206,"cart_correlation_id":"31a15d42-701b-4c23-a27d-201674d84d54","errors":{"dbSessionMap":{"CXO_CART_ST":"{\"mtoken\":\"2:14#182233096#2=196894456#8=117484656\"}","RESPONSE_TYPE":"OMNI_PROMISE"},"checkoutable":false,"cart":{"id":"2c64bfa5-ee12-465c-9da0-ee5173f3eddd","buyer":{"id":"85f4e7a3-099d-44af-9719-1b92bbd4d319","type":"CUSTOMER"},"storeIds":[],"itemCount":0,"entityErrors":[{"code":"out_of_stock","errorcode":"200.CART_SERVICE.5015","description":"No Sla Tier is available.","causes":[{"code":"500.UP.GBAS.108","description":"GBAS inventory not found."}],"USItemId":"1051886288","offerId":"8E06F342352D4D1DAF73033EC907C649","productSegment":"Health & Beauty","productType":"Prescription Medicines","hints":{}}],"shipping":{"id":"c36ff541-0b1f-47a4-84a9-9a3831315946","dbLockVersion":0,"firstName":"y","lastName":"a","addressId":"9de96525-3d58-4f3c-ba5b-b42a603ca470","postalCode":"75006","city":"Carrollton","state":"TX","countryCode":"USA","addressLineOne":"1420 Northridge Dr","latitude":32.982686,"longitude":-96.902592,"phone":"2184884848","deliveryInstructions":"","addressType":"RESIDENTIAL","isPOBox":false,"isAPOFPO":false,"lastModifiedDate":1675804222022},"currencyCode":"USD","preview":false,"tenantId":0,"verticalId":0,"checkoutableErrors":[],"intent":"DELIVERY","pickupStore":{"city":"San Jose","stateOrProvinceCode":"CA","countryCode":"USA","postalCode":"95122","storeId":"32144","services":[]},"deliveryStore":{"city":"San Jose","stateOrProvinceCode":"CA","countryCode":"USA","postalCode":"95122","storeId":"32144","services":[]},"mpStores":[],"fulfillmentPlans":[],"accessPoints":[],"reservations":[],"isExplicitIntent":true,"hasGiftEligibleItem":false,"marketPlacePickup":true,"warnings":[],"restrictions":[]},"lastModifiedTime":1680814171224,"cartVersion":2558,"isOmniPromiseResponse":true}},"astro_logs":[{"CART":{"fail":"CART - ADD_TO_CART_ERROR 500.UP.GBAS.108"}},{"CHECKOUT":{}}]}}'
2023-04-06 13:49:31.754 [DEBUG] [thread-id 1] - conditionally execute a flow. condition: false
2023-04-06 13:49:31.842 [DEBUG] [thread-id 1] - Failure in order creation. Retrying after 30 secs
2023-04-06 13:49:31.937 [DEBUG] [thread-id 1] - sleep:  30000 milliseconds
2023-04-06 13:50:02.137 [DEBUG] [thread-id 1] - Store in: store the value 'null' in the variable 'errorCode'
2023-04-06 13:50:02.249 [DEBUG] [thread-id 1] - Store in: store the value 'null' in the variable 'orderCreationStatus'
2023-04-06 13:50:02.338 [DEBUG] [thread-id 1] - Call API: 'http://astro.walmart.com/api/v2/teflon/order'
2023-04-06 13:50:11.275 [DEBUG] [thread-id 1] - Response code is: '404'. Response body is: '{"astroStatus":"FAIL","astroDescription":"CART - ADD_TO_CART_ERROR 500.UP.GBAS.108","astroDetails":{"customerId":"85f4e7a3-099d-44af-9719-1b92bbd4d319","cartId":"2c64bfa5-ee12-465c-9da0-ee5173f3eddd","addToCartResponse":{"statusCode":206,"cart_correlation_id":"3dc36614-01cb-4e0c-9fc6-ed50702e7a46","errors":{"dbSessionMap":{"CXO_CART_ST":"{\"mtoken\":\"2:14#182233407#2=196894840#8=117485038\"}","RESPONSE_TYPE":"OMNI_PROMISE"},"checkoutable":false,"cart":{"id":"2c64bfa5-ee12-465c-9da0-ee5173f3eddd","buyer":{"id":"85f4e7a3-099d-44af-9719-1b92bbd4d319","type":"CUSTOMER"},"storeIds":[],"itemCount":0,"entityErrors":[{"code":"out_of_stock","errorcode":"200.CART_SERVICE.5015","description":"No Sla Tier is available.","causes":[{"code":"500.UP.GBAS.108","description":"GBAS inventory not found."}],"USItemId":"1051886288","offerId":"8E06F342352D4D1DAF73033EC907C649","productSegment":"Health & Beauty","productType":"Prescription Medicines","hints":{}}],"shipping":{"id":"c36ff541-0b1f-47a4-84a9-9a3831315946","dbLockVersion":0,"firstName":"y","lastName":"a","addressId":"9de96525-3d58-4f3c-ba5b-b42a603ca470","postalCode":"75006","city":"Carrollton","state":"TX","countryCode":"USA","addressLineOne":"1420 Northridge Dr","latitude":32.982686,"longitude":-96.902592,"phone":"2184884848","deliveryInstructions":"","addressType":"RESIDENTIAL","isPOBox":false,"isAPOFPO":false,"lastModifiedDate":1675804222022},"currencyCode":"USD","preview":false,"tenantId":0,"verticalId":0,"checkoutableErrors":[],"intent":"DELIVERY","pickupStore":{"city":"San Jose","stateOrProvinceCode":"CA","countryCode":"USA","postalCode":"95122","storeId":"32144","services":[]},"deliveryStore":{"city":"San Jose","stateOrProvinceCode":"CA","countryCode":"USA","postalCode":"95122","storeId":"32144","services":[]},"mpStores":[],"fulfillmentPlans":[],"accessPoints":[],"reservations":[],"isExplicitIntent":true,"hasGiftEligibleItem":false,"marketPlacePickup":true,"warnings":[],"restrictions":[]},"lastModifiedTime":1680814211173,"cartVersion":2560,"isOmniPromiseResponse":true}},"astro_logs":[{"CART":{"fail":"CART - ADD_TO_CART_ERROR 500.UP.GBAS.108"}},{"CHECKOUT":{}}]}}'
2023-04-06 13:50:11.443 [DEBUG] [thread-id 1] - conditionally execute a flow. condition: false
2023-04-06 13:50:11.533 [DEBUG] [thread-id 1] - Failure in order creation. Retrying after 30 secs
2023-04-06 13:50:11.632 [DEBUG] [thread-id 1] - sleep:  30000 milliseconds
2023-04-06 13:50:41.862 [DEBUG] [thread-id 1] - Store in: store the value 'null' in the variable 'errorCode'
2023-04-06 13:50:41.964 [DEBUG] [thread-id 1] - Store in: store the value 'null' in the variable 'orderCreationStatus'
2023-04-06 13:50:42.064 [DEBUG] [thread-id 1] - Call API: 'http://astro.walmart.com/api/v2/teflon/order'
2023-04-06 13:50:48.042 [DEBUG] [thread-id 1] - Response code is: '404'. Response body is: '{"astroStatus":"FAIL","astroDescription":"CART - ADD_TO_CART_ERROR 500.UP.GBAS.108","astroDetails":{"customerId":"85f4e7a3-099d-44af-9719-1b92bbd4d319","cartId":"2c64bfa5-ee12-465c-9da0-ee5173f3eddd","addToCartResponse":{"statusCode":206,"cart_correlation_id":"58ca995f-f93d-45b6-a870-4acbd8d71af7","errors":{"dbSessionMap":{"CXO_CART_ST":"{\"mtoken\":\"2:14#182233771#2=196895254#8=117485473\"}","RESPONSE_TYPE":"OMNI_PROMISE"},"checkoutable":false,"cart":{"id":"2c64bfa5-ee12-465c-9da0-ee5173f3eddd","buyer":{"id":"85f4e7a3-099d-44af-9719-1b92bbd4d319","type":"CUSTOMER"},"storeIds":[],"itemCount":0,"entityErrors":[{"code":"out_of_stock","errorcode":"200.CART_SERVICE.5015","description":"No Sla Tier is available.","causes":[{"code":"500.UP.GBAS.108","description":"GBAS inventory not found."}],"USItemId":"1051886288","offerId":"8E06F342352D4D1DAF73033EC907C649","productSegment":"Health & Beauty","productType":"Prescription Medicines","hints":{}}],"shipping":{"id":"c36ff541-0b1f-47a4-84a9-9a3831315946","dbLockVersion":0,"firstName":"y","lastName":"a","addressId":"9de96525-3d58-4f3c-ba5b-b42a603ca470","postalCode":"75006","city":"Carrollton","state":"TX","countryCode":"USA","addressLineOne":"1420 Northridge Dr","latitude":32.982686,"longitude":-96.902592,"phone":"2184884848","deliveryInstructions":"","addressType":"RESIDENTIAL","isPOBox":false,"isAPOFPO":false,"lastModifiedDate":1675804222022},"currencyCode":"USD","preview":false,"tenantId":0,"verticalId":0,"checkoutableErrors":[],"intent":"DELIVERY","pickupStore":{"city":"San Jose","stateOrProvinceCode":"CA","countryCode":"USA","postalCode":"95122","storeId":"32144","services":[]},"deliveryStore":{"city":"San Jose","stateOrProvinceCode":"CA","countryCode":"USA","postalCode":"95122","storeId":"32144","services":[]},"mpStores":[],"fulfillmentPlans":[],"accessPoints":[],"reservations":[],"isExplicitIntent":true,"hasGiftEligibleItem":false,"marketPlacePickup":true,"warnings":[],"restrictions":[]},"lastModifiedTime":1680814247900,"cartVersion":2562,"isOmniPromiseResponse":true}},"astro_logs":[{"CART":{"fail":"CART - ADD_TO_CART_ERROR 500.UP.GBAS.108"}},{"CHECKOUT":{}}]}}'
2023-04-06 13:50:48.211 [DEBUG] [thread-id 1] - conditionally execute a flow. condition: false
2023-04-06 13:50:48.292 [DEBUG] [thread-id 1] - Failure in order creation. Retrying after 30 secs
2023-04-06 13:50:48.383 [DEBUG] [thread-id 1] - sleep:  30000 milliseconds
2023-04-06 13:51:18.563 [DEBUG] [thread-id 1] - Store in: store the value 'null' in the variable 'errorCode'
2023-04-06 13:51:18.663 [DEBUG] [thread-id 1] - Store in: store the value 'null' in the variable 'orderCreationStatus'
2023-04-06 13:51:18.761 [DEBUG] [thread-id 1] - Call API: 'http://astro.walmart.com/api/v2/teflon/order'
2023-04-06 13:51:24.853 [DEBUG] [thread-id 1] - Response code is: '404'. Response body is: '{"astroStatus":"FAIL","astroDescription":"CART - ADD_TO_CART_ERROR 500.UP.GBAS.108","astroDetails":{"customerId":"85f4e7a3-099d-44af-9719-1b92bbd4d319","cartId":"2c64bfa5-ee12-465c-9da0-ee5173f3eddd","addToCartResponse":{"statusCode":206,"cart_correlation_id":"8be5f69a-aca5-4bce-8ac4-06a964a52415","errors":{"dbSessionMap":{"CXO_CART_ST":"{\"mtoken\":\"2:14#182234076#2=196895613#8=117485897\"}","RESPONSE_TYPE":"OMNI_PROMISE"},"checkoutable":false,"cart":{"id":"2c64bfa5-ee12-465c-9da0-ee5173f3eddd","buyer":{"id":"85f4e7a3-099d-44af-9719-1b92bbd4d319","type":"CUSTOMER"},"storeIds":[],"itemCount":0,"entityErrors":[{"code":"out_of_stock","errorcode":"200.CART_SERVICE.5015","description":"No Sla Tier is available.","causes":[{"code":"500.UP.GBAS.108","description":"GBAS inventory not found."}],"USItemId":"1051886288","offerId":"8E06F342352D4D1DAF73033EC907C649","productSegment":"Health & Beauty","productType":"Prescription Medicines","hints":{}}],"shipping":{"id":"c36ff541-0b1f-47a4-84a9-9a3831315946","dbLockVersion":0,"firstName":"y","lastName":"a","addressId":"9de96525-3d58-4f3c-ba5b-b42a603ca470","postalCode":"75006","city":"Carrollton","state":"TX","countryCode":"USA","addressLineOne":"1420 Northridge Dr","latitude":32.982686,"longitude":-96.902592,"phone":"2184884848","deliveryInstructions":"","addressType":"RESIDENTIAL","isPOBox":false,"isAPOFPO":false,"lastModifiedDate":1675804222022},"currencyCode":"USD","preview":false,"tenantId":0,"verticalId":0,"checkoutableErrors":[],"intent":"DELIVERY","pickupStore":{"city":"San Jose","stateOrProvinceCode":"CA","countryCode":"USA","postalCode":"95122","storeId":"32144","services":[]},"deliveryStore":{"city":"San Jose","stateOrProvinceCode":"CA","countryCode":"USA","postalCode":"95122","storeId":"32144","services":[]},"mpStores":[],"fulfillmentPlans":[],"accessPoints":[],"reservations":[],"isExplicitIntent":true,"hasGiftEligibleItem":false,"marketPlacePickup":true,"warnings":[],"restrictions":[]},"lastModifiedTime":1680814284730,"cartVersion":2564,"isOmniPromiseResponse":true}},"astro_logs":[{"CART":{"fail":"CART - ADD_TO_CART_ERROR 500.UP.GBAS.108"}},{"CHECKOUT":{}}]}}'
2023-04-06 13:51:25.035 [DEBUG] [thread-id 1] - conditionally execute a flow. condition: false
2023-04-06 13:51:25.120 [DEBUG] [thread-id 1] - Failure in order creation. Retrying after 30 secs
2023-04-06 13:51:25.219 [DEBUG] [thread-id 1] - sleep:  30000 milliseconds
2023-04-06 13:51:55.413 [DEBUG] [thread-id 1] - Store in: store the value 'null' in the variable 'errorCode'
2023-04-06 13:51:55.498 [DEBUG] [thread-id 1] - Store in: store the value 'null' in the variable 'orderCreationStatus'
2023-04-06 13:51:55.592 [DEBUG] [thread-id 1] - Call API: 'http://astro.walmart.com/api/v2/teflon/order'
2023-04-06 13:52:01.662 [DEBUG] [thread-id 1] - Response code is: '404'. Response body is: '{"astroStatus":"FAIL","astroDescription":"CART - ADD_TO_CART_ERROR 500.UP.GBAS.108","astroDetails":{"customerId":"85f4e7a3-099d-44af-9719-1b92bbd4d319","cartId":"2c64bfa5-ee12-465c-9da0-ee5173f3eddd","addToCartResponse":{"statusCode":206,"cart_correlation_id":"83398d99-fd85-4bc3-ba03-9922904ebd2d","errors":{"dbSessionMap":{"CXO_CART_ST":"{\"mtoken\":\"2:14#182234353#2=196895928#8=117486299\"}","RESPONSE_TYPE":"OMNI_PROMISE"},"checkoutable":false,"cart":{"id":"2c64bfa5-ee12-465c-9da0-ee5173f3eddd","buyer":{"id":"85f4e7a3-099d-44af-9719-1b92bbd4d319","type":"CUSTOMER"},"storeIds":[],"itemCount":0,"entityErrors":[{"code":"out_of_stock","errorcode":"200.CART_SERVICE.5015","description":"No Sla Tier is available.","causes":[{"code":"500.UP.GBAS.108","description":"GBAS inventory not found."}],"USItemId":"1051886288","offerId":"8E06F342352D4D1DAF73033EC907C649","productSegment":"Health & Beauty","productType":"Prescription Medicines","hints":{}}],"shipping":{"id":"c36ff541-0b1f-47a4-84a9-9a3831315946","dbLockVersion":0,"firstName":"y","lastName":"a","addressId":"9de96525-3d58-4f3c-ba5b-b42a603ca470","postalCode":"75006","city":"Carrollton","state":"TX","countryCode":"USA","addressLineOne":"1420 Northridge Dr","latitude":32.982686,"longitude":-96.902592,"phone":"2184884848","deliveryInstructions":"","addressType":"RESIDENTIAL","isPOBox":false,"isAPOFPO":false,"lastModifiedDate":1675804222022},"currencyCode":"USD","preview":false,"tenantId":0,"verticalId":0,"checkoutableErrors":[],"intent":"DELIVERY","pickupStore":{"city":"San Jose","stateOrProvinceCode":"CA","countryCode":"USA","postalCode":"95122","storeId":"32144","services":[]},"deliveryStore":{"city":"San Jose","stateOrProvinceCode":"CA","countryCode":"USA","postalCode":"95122","storeId":"32144","services":[]},"mpStores":[],"fulfillmentPlans":[],"accessPoints":[],"reservations":[],"isExplicitIntent":true,"hasGiftEligibleItem":false,"marketPlacePickup":true,"warnings":[],"restrictions":[]},"lastModifiedTime":1680814321557,"cartVersion":2566,"isOmniPromiseResponse":true}},"astro_logs":[{"CART":{"fail":"CART - ADD_TO_CART_ERROR 500.UP.GBAS.108"}},{"CHECKOUT":{}}]}}'
2023-04-06 13:52:01.825 [DEBUG] [thread-id 1] - conditionally execute a flow. condition: false
2023-04-06 13:52:01.905 [DEBUG] [thread-id 1] - Failure in order creation. Retrying after 30 secs
2023-04-06 13:52:01.995 [DEBUG] [thread-id 1] - sleep:  30000 milliseconds
2023-04-06 13:52:32.112 [DEBUG] [thread-id 1] - conditionally execute a flow. condition: true
2023-04-06 13:52:32.215 [DEBUG] [thread-id 1] - conditionally execute a flow. condition: true
2023-04-06 13:52:54.204 [DEBUG] [thread-id 1] - Before failed: API_FAILURE - ASTRO - CREATE ORDER FAILURE. Error: CART - ADD_TO_CART_ERROR 500.UP.GBAS.108
2023-04-06 13:52:54.339 [DEBUG] [thread-id 1] - Executing scenario: 'After'
2023-04-06 13:52:54.340 [DEBUG] [thread-id 1] - Executing function: 'us.functions.utils.afterSteps'
2023-04-06 13:52:54.345 [WARN] [thread-id 1] - variable testStatus was used, but r2 could not find a value for this variable. returning default of null
2023-04-06 13:52:54.354 [DEBUG] [thread-id 1] - conditionally execute a flow. condition: false
2023-04-06 13:52:54.441 [DEBUG] [thread-id 1] - Test failed
2023-04-06 13:52:54.543 [DEBUG] [thread-id 1] - Executing function: 'us.functions.utils.closeErrorAlertIfExists'
2023-04-06 13:53:36.230 [DEBUG] [thread-id 1] - Created report: /Users/m0k0a2f/glass-automation/report/index.html
