2023-05-24 14:16:56.213 [DEBUG] [thread-id 1] - Executing R2 3.36.0: '/Users/m0k0a2f/glass-automation/./us/test/test-scripts/ios/golden-flows/multi-fulfillment-flows/pre-transaction/C2657140-multi-fulfillment-fc+sc-delivery+3p-wfs.yaml' on device: 'iPhone 13'
2023-05-24 14:20:26.132 [DEBUG] [thread-id 1] - Executing scenario: 'Before'
2023-05-24 14:20:26.141 [DEBUG] [thread-id 1] - Execute before steps
2023-05-24 14:20:26.143 [DEBUG] [thread-id 1] - R2_SUBFLOW_PRE_TRANSACTION
2023-05-24 14:20:26.147 [DEBUG] [thread-id 1] - Executing function: 'us.functions.utils.astro.clearCart'
2023-05-24 14:20:26.330 [DEBUG] [thread-id 1] - Call API: 'http://astro.walmart.com/api/v2/teflon/customer/e2e.teflon.flow.ios.005a@gmail.com/clearcart'
2023-05-24 14:20:39.393 [DEBUG] [thread-id 1] - Response code is: '200'. Response body is: '{"astroStatus":"SUCCESS","astroDescription":"CART_CLEARED","astroDetails":{"dbSessionMap":{"CXO_CART_ST":"{\"mtoken\":\"2:14#207345492#2=224222862#8=157019502\"}"},"checkoutable":false,"cart":{"id":"8a4c6527-bc31-4ea9-82dd-7a262737f811","buyer":{"id":"53e11a74-4af6-49d7-88f9-1c41e3b81ed6","type":"CUSTOMER"},"storeIds":[],"itemCount":0,"entityErrors":[],"shipping":{"id":"fc4e10ca-dae1-43f1-9c7d-945c0b692bdf","dbLockVersion":0,"dbSessionMap":{},"dbLockMap":{},"postalCode":"95122","city":"San Jose","state":"CA","countryCode":"USA","latitude":37.606689,"longitude":-122.426362,"isPOBox":false,"isAPOFPO":false},"currencyCode":"USD","preview":false,"tenantId":0,"verticalId":0,"checkoutableErrors":[],"intent":"PICKUP","pickupStore":{"city":"San Jose","stateOrProvinceCode":"CA","countryCode":"USA","postalCode":"95122","storeId":"32144","services":[]},"deliveryStore":{"city":"San Jose","stateOrProvinceCode":"CA","countryCode":"USA","postalCode":"95122","storeId":"32144","services":[]},"fulfillmentPlans":[],"accessPoints":[],"reservations":[],"isExplicitIntent":false,"hasGiftEligibleItem":false,"warnings":[],"restrictions":[]},"isOmniPromiseResponse":true}}'
2023-05-24 14:20:39.692 [DEBUG] [thread-id 1] - Cart cleared for e2e.teflon.flow.ios.005a@gmail.com
2023-05-24 14:20:39.884 [DEBUG] [thread-id 1] - Using us-errors-helpers.yaml
2023-05-24 14:20:40.064 [DEBUG] [thread-id 1] - Start Main
2023-05-24 14:20:40.070 [DEBUG] [thread-id 1] - Executing function: 'us.functions.global.onboarding.navigateOnboardingToHome'
2023-05-24 14:20:40.074 [DEBUG] [thread-id 1] - Executing function: 'us.function.utils.getEnvironmentValue'
2023-05-24 14:20:40.082 [DEBUG] [thread-id 1] - Store in: store the value 'teflon' in the variable 'env'
2023-05-24 14:20:50.225 [DEBUG] [thread-id 1] - conditionally execute a flow. condition: false
2023-05-24 14:20:50.538 [DEBUG] [thread-id 1] - Click element: '//XCUIElementTypeStaticText[@name="Continue"] | //XCUIElementTypeStaticText[@name="Next"] | //XCUIElementTypeStaticText[@name="Continue as guest"]'
2023-05-24 14:20:51.535 [DEBUG] [thread-id 1] - Verify identifier: {NotificationPermissionViewController.titleLabel=[true]}
2023-05-24 14:20:51.683 [DEBUG] [thread-id 1] - Click element: '//XCUIElementTypeStaticText[@name="Not now"] | //XCUIElementTypeButton[@name="cta.cancel.notifications"]'
2023-05-24 14:20:52.187 [DEBUG] [thread-id 1] - Verify identifier: {Share your location=[true]}
2023-05-24 14:20:52.345 [DEBUG] [thread-id 1] - Click element: '//XCUIElementTypeStaticText[@name="Enter zip code"]'
2023-05-24 14:20:52.979 [DEBUG] [thread-id 1] - conditionally execute a flow. condition: true
2023-05-24 14:20:53.322 [DEBUG] [thread-id 1] - Enter text: '95122'
2023-05-24 14:21:05.779 [DEBUG] [thread-id 1] - Click element: '//XCUIElementTypeStaticText[@name="Search"]'
2023-05-24 14:21:07.650 [DEBUG] [thread-id 1] - conditionally execute a flow. condition: true
2023-05-24 14:21:18.233 [DEBUG] [thread-id 1] - conditionally execute a flow. condition: true
2023-05-24 14:21:18.537 [DEBUG] [thread-id 1] - Click element: 'Continue'
2023-05-24 14:21:20.752 [DEBUG] [thread-id 1] - conditionally execute a flow. condition: true
2023-05-24 14:21:22.451 [DEBUG] [thread-id 1] - Click element: 'Allow'
2023-05-24 14:21:58.134 [DEBUG] [thread-id 1] - Executing function: 'us.functions.utils.tryAgainWhenThereIsError'
2023-05-24 14:21:58.160 [DEBUG] [thread-id 1] - loop: from 0 to 2
2023-05-24 14:21:58.584 [DEBUG] [thread-id 1] - 0
2023-05-24 14:22:09.518 [DEBUG] [thread-id 1] - conditionally execute a flow. condition: false
2023-05-24 14:22:09.983 [DEBUG] [thread-id 1] - Executing function: 'us.functions.onboarding.handleTechnicalErrorPage'
2023-05-24 14:22:09.985 [DEBUG] [thread-id 1] - sleep:  5000 milliseconds
2023-05-24 14:22:15.007 [DEBUG] [thread-id 1] - loop: from 0 to 4
2023-05-24 14:22:15.495 [DEBUG] [thread-id 1] - 0
2023-05-24 14:22:26.297 [DEBUG] [thread-id 1] - conditionally execute a flow. condition: false
2023-05-24 14:22:26.748 [DEBUG] [thread-id 1] - No Technical Error Page observed
2023-05-24 14:22:27.322 [DEBUG] [thread-id 1] - Executing function: 'us.functions.gic.collapseIfExpanded'
2023-05-24 14:22:27.531 [DEBUG] [thread-id 1] - conditionally execute a flow. condition: true
2023-05-24 14:22:28.137 [DEBUG] [thread-id 1] - Click element: '//*[contains(@label,"Expanded")]'
2023-05-24 14:22:28.392 [DEBUG] [thread-id 1] - Executing function: 'us.functions.home.navigateHomeToSignIn'
2023-05-24 14:22:29.311 [DEBUG] [thread-id 1] - Click element: 'Account'
2023-05-24 14:22:29.665 [DEBUG] [thread-id 1] - sleep:  3000 milliseconds
2023-05-24 14:22:33.085 [DEBUG] [thread-id 1] - Verify identifier: {//XCUIElementTypeButton[@name="Account.SignInButton"] | //XCUIElementTypeButton[@name="HeaderView.loginButton"] | //XCUIElementTypeButton[@label="SignInYourAccountTableViewCell.signInButton"] | //XCUIElementTypeButton[@label="Sign in"] | //XCUIElementTypeButton[@label="Sign in or create an account"]=[true]}
2023-05-24 14:22:33.086 [DEBUG] [thread-id 1] - loop: from 1 to 3
2023-05-24 14:22:34.054 [DEBUG] [thread-id 1] - conditionally execute a flow. condition: true
2023-05-24 14:22:34.915 [DEBUG] [thread-id 1] - Click element: '//XCUIElementTypeButton[@name="Account.SignInButton"] | //XCUIElementTypeButton[@name="HeaderView.loginButton"] | //XCUIElementTypeButton[@label="SignInYourAccountTableViewCell.signInButton"] | //XCUIElementTypeButton[@label="Sign in"] | //XCUIElementTypeButton[@label="Sign in or create an account"]'
2023-05-24 14:22:36.703 [DEBUG] [thread-id 1] - sleep:  3000 milliseconds
2023-05-24 14:22:41.322 [DEBUG] [thread-id 1] - conditionally execute a flow. condition: true
2023-05-24 14:22:42.528 [DEBUG] [thread-id 1] - Store in: store the value 'true' in the variable 'signInValidated'
2023-05-24 14:22:43.814 [DEBUG] [thread-id 1] - conditionally execute a flow. condition: true
2023-05-24 14:22:45.044 [DEBUG] [thread-id 1] - SignIn page loaded
2023-05-24 14:22:46.304 [DEBUG] [thread-id 1] - Store in: store the value 'false' in the variable 'signInValidated'
2023-05-24 14:22:46.397 [DEBUG] [thread-id 1] - Executing function: 'us.functions.global.authentication.signInAccount'
2023-05-24 14:22:46.407 [WARN] [thread-id 1] - variable validateSignInPage was used, but r2 could not find a value for this variable. returning default of null
2023-05-24 14:22:46.414 [DEBUG] [thread-id 1] - Executing function: 'us.functions.global.authentication.dismissSelectSavedPasswordDialog'
2023-05-24 14:22:57.015 [DEBUG] [thread-id 1] - Verify identifier: {//XCUIElementTypeTextField=[true]}
2023-05-24 14:22:57.298 [DEBUG] [thread-id 1] - Enter text: 'e2e.teflon.flow.ios.005a@gmail.com'
2023-05-24 14:22:58.637 [DEBUG] [thread-id 1] - conditionally execute a flow. condition: true
2023-05-24 14:22:59.879 [DEBUG] [thread-id 1] - loop: from 1 to 3
2023-05-24 14:23:01.100 [DEBUG] [thread-id 1] - sleep:  3000 milliseconds
2023-05-24 14:23:06.022 [DEBUG] [thread-id 1] - conditionally execute a flow. condition: true
2023-05-24 14:23:07.783 [DEBUG] [thread-id 1] - Click element: '//XCUIElementTypeButton[@name="SignInView.ctaButton" or @name="WelcomeView.ctaButton"]'
2023-05-24 14:23:10.616 [DEBUG] [thread-id 1] - conditionally execute a flow. condition: true
2023-05-24 14:23:11.844 [DEBUG] [thread-id 1] - Store in: store the value 'true' in the variable 'signInValidated'
2023-05-24 14:23:14.301 [DEBUG] [thread-id 1] - conditionally execute a flow. condition: true
2023-05-24 14:23:15.549 [DEBUG] [thread-id 1] - Store in: store the value 'false' in the variable 'signInValidated'
2023-05-24 14:23:16.809 [DEBUG] [thread-id 1] - Email entered
2023-05-24 14:23:16.847 [WARN] [thread-id 1] - variable validateSignInPage was used, but r2 could not find a value for this variable. returning default of null
2023-05-24 14:23:16.850 [DEBUG] [thread-id 1] - loop: from 1 to 3
2023-05-24 14:23:18.060 [DEBUG] [thread-id 1] - sleep:  2000 milliseconds
2023-05-24 14:23:21.655 [DEBUG] [thread-id 1] - conditionally execute a flow. condition: true
2023-05-24 14:23:23.191 [DEBUG] [thread-id 1] - Enter text: 'E2epassword$'
2023-05-24 14:23:25.139 [DEBUG] [thread-id 1] - sleep:  1000 milliseconds
2023-05-24 14:23:28.125 [DEBUG] [thread-id 1] - Click element: '//XCUIElementTypeStaticText[@name="Sign in"] | //XCUIElementTypeButton[@label="Sign In" or @label="Sign in"] | //XCUIElementTypeButton[@name="OtpView.ctaButton"] | //XCUIElementTypeButton[@label="Sign in or create an account"]'
2023-05-24 14:23:29.449 [DEBUG] [thread-id 1] - sleep:  2000 milliseconds
2023-05-24 14:23:45.862 [DEBUG] [thread-id 1] - Hide keyboard: 'true'
2023-05-24 14:23:47.757 [DEBUG] [thread-id 1] - conditionally execute a flow. condition: true
2023-05-24 14:23:49.318 [DEBUG] [thread-id 1] - Store in: store the value 'true' in the variable 'signInValidated'
2023-05-24 14:24:01.899 [DEBUG] [thread-id 1] - conditionally execute a flow. condition: true
2023-05-24 14:24:03.458 [DEBUG] [thread-id 1] - Account signed in
2023-05-24 14:24:03.768 [DEBUG] [thread-id 1] - conditionally execute a flow. condition: true
2023-05-24 14:24:05.683 [DEBUG] [thread-id 1] - Click element: '//XCUIElementTypeButton[@name="Don’t Allow"] | //XCUIElementTypeButton[@name="Don’t Allow"]'
2023-05-24 14:24:06.480 [DEBUG] [thread-id 1] - Executing function: 'us.test.functions.utils.closeWplusPrompt.homeScreen'
2023-05-24 14:24:17.508 [DEBUG] [thread-id 1] - conditionally execute a flow. condition: false
2023-05-24 14:24:18.368 [DEBUG] [thread-id 1] - W+ Plus membership prompt is not present nothing to close continue
2023-05-24 14:24:18.451 [DEBUG] [thread-id 1] - Executing function: 'us.functions.utils.handleCartMergePopup'
2023-05-24 14:24:18.462 [DEBUG] [thread-id 1] - sleep:  7000 milliseconds
2023-05-24 14:24:25.474 [DEBUG] [thread-id 1] - loop: from 0 to 4
2023-05-24 14:24:26.366 [DEBUG] [thread-id 1] - 0
2023-05-24 14:24:37.919 [DEBUG] [thread-id 1] - conditionally execute a flow. condition: false
2023-05-24 14:24:38.787 [DEBUG] [thread-id 1] - No Technical Error Page observed
2023-05-24 14:24:39.762 [DEBUG] [thread-id 1] - Executing function: 'us.functions.global.navigation.accountToHome'
2023-05-24 14:24:40.316 [DEBUG] [thread-id 1] - Click element: '//XCUIElementTypeButton[@name="Shop"] |  //XCUIElementTypeButton[@name="Home"]'
2023-05-24 14:24:40.665 [DEBUG] [thread-id 1] - Executing function: 'us.functions.home.closeWPlusPromotionPopUpIfDisplayed'
2023-05-24 14:24:40.667 [DEBUG] [thread-id 1] - sleep:  5000 milliseconds
2023-05-24 14:24:46.341 [DEBUG] [thread-id 1] - conditionally execute a flow. condition: true
2023-05-24 14:24:47.740 [DEBUG] [thread-id 1] - Click element: '//XCUIElementTypeButton[@name="SplashPageViewController.closeButton" or contains(@label, "Close Walmart plus promotional pop up")] | //XCUIElementTypeNavigationBar[@name="WalmartPlus.SplashPageView"]/XCUIElementTypeButton | //XCUIElementTypeButton[@name="close" or @name="Close"] | //XCUIElementTypeButton[@name="SplashPageViewController.fullScreenCloseButton"]'
2023-05-24 14:24:48.626 [DEBUG] [thread-id 1] - Verify identifier: {//XCUIElementTypeSearchField[@name="Search Walmart"] | //XCUIElementTypeOther[@name="Search Walmart"]/XCUIElementTypeOther | //XCUIElementTypeOther[@name="Search Walmart"]=[true]}
2023-05-24 14:24:48.628 [DEBUG] [thread-id 1] - Executing function: 'us.functions.home.rateDriverPopup'
2023-05-24 14:24:48.633 [DEBUG] [thread-id 1] - loop: from 1 to 6
2023-05-24 14:24:49.299 [DEBUG] [thread-id 1] - 1
2023-05-24 14:25:00.437 [DEBUG] [thread-id 1] - conditionally execute a flow. condition: false
2023-05-24 14:25:01.176 [DEBUG] [thread-id 1] - Executing function: 'us.functions.home.setStore'
2023-05-24 14:25:01.227 [DEBUG] [thread-id 1] - conditionally execute a flow. condition: true
2023-05-24 14:25:01.869 [DEBUG] [thread-id 1] - Executing function: 'us.functions.home.changeStore'
2023-05-24 14:25:01.870 [DEBUG] [thread-id 1] - Executing function: 'us.functions.gic.expandIfCollapsed'
2023-05-24 14:25:02.176 [DEBUG] [thread-id 1] - conditionally execute a flow. condition: true
2023-05-24 14:25:03.109 [DEBUG] [thread-id 1] - Click element: '//*[contains(@label,"Collapsed")]'
2023-05-24 14:25:03.430 [WARN] [thread-id 1] - variable storeOnly was used, but r2 could not find a value for this variable. returning default of null
2023-05-24 14:25:03.437 [DEBUG] [thread-id 1] - conditionally execute a flow. condition: true
2023-05-24 14:25:27.668 [DEBUG] [thread-id 1] - Click element: '//XCUIElementTypeButton[@name="GlobalIntentCenter.Pickup"]'
2023-05-24 14:25:28.927 [DEBUG] [thread-id 1] - Pickup intent selected
2023-05-24 14:25:29.216 [DEBUG] [thread-id 1] - Click element: '//XCUIElementTypeCollectionView[@name="GlobalIntentCenterViewController.collectionView"]//XCUIElementTypeCell[position()=last()-2 or position()=last()-1]//*[@name="GlobalIntentCenter.FullLocation" and contains(@label,"Pickup")]'
2023-05-24 14:25:40.506 [DEBUG] [thread-id 1] - conditionally execute a flow. condition: false
2023-05-24 14:25:43.012 [DEBUG] [thread-id 1] - Enter text: '95122'
2023-05-24 14:25:48.124 [DEBUG] [thread-id 1] - Click element: '(//XCUIElementTypeButton[@name="StoreSelectionCell.radioButton"])[1] | (//XCUIElementTypeOther[@name="StoreSelectionCell.radioLabelsStackView"])[1]'
2023-05-24 14:25:51.508 [DEBUG] [thread-id 1] - Click element: '//XCUIElementTypeButton[@name="SaveStoreSelectionView.saveButton"]'
2023-05-24 14:25:54.548 [DEBUG] [thread-id 1] - Executing function: 'us.functions.utils.handleTechnicalErrorPopup'
2023-05-24 14:25:54.554 [DEBUG] [thread-id 1] - Store in: store the value 'false' in the variable 'errorRemoved'
2023-05-24 14:25:54.554 [DEBUG] [thread-id 1] - sleep:  10000 milliseconds
2023-05-24 14:26:04.565 [DEBUG] [thread-id 1] - loop: from 0 to 3
2023-05-24 14:26:05.195 [DEBUG] [thread-id 1] - 0
2023-05-24 14:26:15.875 [DEBUG] [thread-id 1] - conditionally execute a flow. condition: false
2023-05-24 14:26:16.473 [DEBUG] [thread-id 1] - Store in: store the value 'true' in the variable 'errorRemoved'
2023-05-24 14:26:17.110 [DEBUG] [thread-id 1] - No Technical Error Pop up observed
2023-05-24 14:26:28.325 [DEBUG] [thread-id 1] - sleep:  2000 milliseconds
2023-05-24 14:26:30.668 [DEBUG] [thread-id 1] - conditionally execute a flow. condition: true
2023-05-24 14:26:31.256 [DEBUG] [thread-id 1] - Executing function: 'us.functions.gic.collapseIfExpanded'
2023-05-24 14:26:31.538 [DEBUG] [thread-id 1] - conditionally execute a flow. condition: true
2023-05-24 14:26:32.365 [DEBUG] [thread-id 1] - Click element: '//*[contains(@label,"Expanded")]'
2023-05-24 14:26:33.636 [DEBUG] [thread-id 1] - Verify identifier: {//*[contains(@label,"Collapsed")]=[true]}
2023-05-24 14:26:33.655 [DEBUG] [thread-id 1] - Executing function: 'us.functions.utils.getSearchableItem'
2023-05-24 14:26:33.660 [DEBUG] [thread-id 1] - Store in: store the value 'null' in the variable 'itemFetched'
2023-05-24 14:26:33.662 [DEBUG] [thread-id 1] - Store in: store the value 'null' in the variable 'deeplinkURL'
2023-05-24 14:26:33.663 [DEBUG] [thread-id 1] - Store in: store the value 'true' in the variable 'apiFetch'
2023-05-24 14:26:33.672 [DEBUG] [thread-id 1] - conditionally execute a flow. condition: false
2023-05-24 14:26:34.313 [DEBUG] [thread-id 1] - Item fetched by Astro API
2023-05-24 14:26:34.970 [DEBUG] [thread-id 1] - Executing function: 'us.functions.utils.fetchAstroAvailableItem'
2023-05-24 14:26:34.978 [DEBUG] [thread-id 1] - Fetching Item available in stock using Astro API for Item type STORE_SCHEDULED_DELIVERY
2023-05-24 14:26:34.986 [WARN] [thread-id 1] - variable storeId was used, but r2 could not find a value for this variable. returning default of null
2023-05-24 14:26:35.007 [DEBUG] [thread-id 1] - conditionally execute a flow. condition: true
2023-05-24 14:26:35.669 [DEBUG] [thread-id 1] - Store in: store the value '32144' in the variable 'storeId'
2023-05-24 14:26:35.701 [WARN] [thread-id 1] - variable nextGen was used, but r2 could not find a value for this variable. returning default of null
2023-05-24 14:26:35.705 [DEBUG] [thread-id 1] - conditionally execute a flow. condition: true
2023-05-24 14:26:36.371 [DEBUG] [thread-id 1] - Store in: store the value 'nextgen' in the variable 'version'
2023-05-24 14:26:36.409 [WARN] [thread-id 1] - variable itemStatusHeader was used, but r2 could not find a value for this variable. returning default of null
2023-05-24 14:26:36.413 [DEBUG] [thread-id 1] - conditionally execute a flow. condition: true
2023-05-24 14:26:37.072 [DEBUG] [thread-id 1] - Store in: store the value 'SUCCESS' in the variable 'itemStatusHeader'
2023-05-24 14:26:37.089 [WARN] [thread-id 1] - variable itemFilter was used, but r2 could not find a value for this variable. returning default of null
2023-05-24 14:26:37.092 [DEBUG] [thread-id 1] - conditionally execute a flow. condition: false
2023-05-24 14:26:37.740 [DEBUG] [thread-id 1] - Store in: store the value 'http://astro.walmart.com/api/v3/teflon/internal/getItemHealth/32144/STORE_SCHEDULED_DELIVERY' in the variable 'fetchURL'
2023-05-24 14:26:37.749 [DEBUG] [thread-id 1] - Store in: store the value 'null' in the variable 'itemDetails'
2023-05-24 14:26:38.371 [DEBUG] [thread-id 1] - conditionally execute a flow. condition: true
2023-05-24 14:26:39.010 [DEBUG] [thread-id 1] - NextGen API
2023-05-24 14:26:39.749 [DEBUG] [thread-id 1] - Call API: 'http://astro.walmart.com/api/v3/teflon/internal/getItemHealth/32144/STORE_SCHEDULED_DELIVERY'
2023-05-24 14:26:45.227 [DEBUG] [thread-id 1] - Response code is: '200'. Response body is: '{"astroStatus":"SUCCESS","astroDescription":"Item Health details found in itemHealth Collection","astroDetails":[{"itemId":"10801611","astroStatus":"SUCCESS","astroDescription":"STORE_SCHEDULED_DELIVERY (10801611), ORDER CREATED","orderType":"STORE_SCHEDULED_DELIVERY","storeId":"32144","orderNumber":null,"eligiblePaths":["ebtsnap","subsallowed"],"inEligiblePaths":[],"offerId":"5E9D72CEEEF848AFA01539D891B43256","_id":"6352f4baba71e839c00ea08e","__v":0,"createdAt":"2022-10-21T19:36:26.302Z","updatedAt":"2023-05-24T21:22:09.114Z","price":{"currencyAmount":4.48,"currencyUnit":"USD","unit":"EA"}},{"itemId":"596634660","astroStatus":"SUCCESS","astroDescription":"STORE_SCHEDULED_DELIVERY (596634660), ORDER CREATED","orderType":"STORE_SCHEDULED_DELIVERY","storeId":"32144","orderNumber":null,"eligiblePaths":["subsallowed"],"inEligiblePaths":[],"offerId":"CBD243749BF84A88AB61918A88721D1E","_id":"6352f4ba8d5c5e54d46a5c6b","__v":0,"createdAt":"2022-10-21T19:36:26.662Z","updatedAt":"2023-05-24T21:22:09.445Z","price":{"currencyAmount":6.47,"currencyUnit":"USD","unit":"EA"}},{"itemId":"669597065","astroStatus":"SUCCESS","astroDescription":"STORE_SCHEDULED_DELIVERY (669597065), ORDER CREATED","orderType":"STORE_SCHEDULED_DELIVERY","storeId":"32144","orderNumber":null,"eligiblePaths":["buynow"],"inEligiblePaths":[],"offerId":"29A3D1D6E1E44E6BBD29D10BB1020DE0","_id":"6352f4baba71e839c00ea091","__v":0,"createdAt":"2022-10-21T19:36:26.711Z","updatedAt":"2023-05-24T21:22:11.464Z","price":{"currencyAmount":509,"currencyUnit":"USD","unit":"EA"}},{"itemId":"158353031","astroStatus":"SUCCESS","astroDescription":"STORE_SCHEDULED_DELIVERY (158353031), ORDER CREATED","orderType":"STORE_SCHEDULED_DELIVERY","storeId":"32144","orderNumber":null,"eligiblePaths":["ebtsnap","pureweighted"],"inEligiblePaths":[],"offerId":"03745B3A6FFF4FB8961A362BFD16F598","_id":"6352f4bb1578f257acaa40fb","__v":0,"createdAt":"2022-10-21T19:36:27.066Z","updatedAt":"2023-05-24T21:22:10.244Z","price":{"currencyAmount":0.25,"currencyUnit":"USD","unit":"LB"}},{"itemId":"137057728","astroStatus":"SUCCESS","astroDescription":"STORE_SCHEDULED_DELIVERY (137057728), ORDER CREATED","orderType":"STORE_SCHEDULED_DELIVERY","storeId":"32144","orderNumber":null,"eligiblePaths":[],"inEligiblePaths":[],"offerId":"0DE368FD03774DFCA3440A3B316BF30E","_id":"6352f4bb8d5c5e54d46a5c6d","__v":0,"createdAt":"2022-10-21T19:36:27.166Z","updatedAt":"2023-05-24T21:22:10.437Z","price":{"currencyAmount":11.09,"currencyUnit":"USD","unit":"EA"}},{"itemId":"751343660","astroStatus":"SUCCESS","astroDescription":"STORE_SCHEDULED_DELIVERY (751343660), ORDER CREATED","orderType":"STORE_SCHEDULED_DELIVERY","storeId":"32144","orderNumber":null,"eligiblePaths":[],"inEligiblePaths":[],"offerId":"F828B97DD63E43F7861A0B9F1B0962A9","_id":"6352f4bbd30e002434082bf3","__v":0,"createdAt":"2022-10-21T19:36:27.230Z","updatedAt":"2023-05-24T21:22:10.684Z","price":{"currencyAmount":3,"currencyUnit":"USD","unit":"EA"}},{"itemId":"373132685","astroStatus":"SUCCESS","astroDescription":"STORE_SCHEDULED_DELIVERY (373132685), ORDER CREATED","orderType":"STORE_SCHEDULED_DELIVERY","storeId":"32144","orderNumber":null,"eligiblePaths":[],"inEligiblePaths":[],"offerId":"B9F1F129D6074D61BB08AEE0879024F0","_id":"6352f4bb2110d44bb44f3349","__v":0,"createdAt":"2022-10-21T19:36:27.283Z","updatedAt":"2023-05-24T21:22:10.090Z","price":{"currencyAmount":11.09,"currencyUnit":"USD","unit":"EA"}},{"itemId":"333585141","astroStatus":"SUCCESS","astroDescription":"STORE_SCHEDULED_DELIVERY (333585141), ORDER CREATED","orderType":"STORE_SCHEDULED_DELIVERY","storeId":"32144","orderNumber":null,"eligiblePaths":[],"inEligiblePaths":[],"offerId":"D659F8D31C0F447D8F8142BBE5DC6934","_id":"6352f4bbd30e002434082bf4","__v":0,"createdAt":"2022-10-21T19:36:27.394Z","updatedAt":"2023-05-24T21:22:10.313Z","price":{"currencyAmount":22.98,"currencyUnit":"USD","unit":"EA"}}]}'
2023-05-24 14:26:46.061 [DEBUG] [thread-id 1] - conditionally execute a flow. condition: false
2023-05-24 14:26:46.719 [DEBUG] [thread-id 1] - SUCCESSFUL item fetched from astro API.
2023-05-24 14:26:47.381 [DEBUG] [thread-id 1] - loop: over '[{"itemId":"10801611","astroStatus":"SUCCESS","astroDescription":"STORE_SCHEDULED_DELIVERY (10801611), ORDER CREATED","orderType":"STORE_SCHEDULED_DELIVERY","storeId":"32144","orderNumber":null,"eligiblePaths":["ebtsnap","subsallowed"],"inEligiblePaths":[],"offerId":"5E9D72CEEEF848AFA01539D891B43256","_id":"6352f4baba71e839c00ea08e","__v":0,"createdAt":"2022-10-21T19:36:26.302Z","updatedAt":"2023-05-24T21:22:09.114Z","price":{"currencyAmount":4.48,"currencyUnit":"USD","unit":"EA"}},{"itemId":"596634660","astroStatus":"SUCCESS","astroDescription":"STORE_SCHEDULED_DELIVERY (596634660), ORDER CREATED","orderType":"STORE_SCHEDULED_DELIVERY","storeId":"32144","orderNumber":null,"eligiblePaths":["subsallowed"],"inEligiblePaths":[],"offerId":"CBD243749BF84A88AB61918A88721D1E","_id":"6352f4ba8d5c5e54d46a5c6b","__v":0,"createdAt":"2022-10-21T19:36:26.662Z","updatedAt":"2023-05-24T21:22:09.445Z","price":{"currencyAmount":6.47,"currencyUnit":"USD","unit":"EA"}},{"itemId":"669597065","astroStatus":"SUCCESS","astroDescription":"STORE_SCHEDULED_DELIVERY (669597065), ORDER CREATED","orderType":"STORE_SCHEDULED_DELIVERY","storeId":"32144","orderNumber":null,"eligiblePaths":["buynow"],"inEligiblePaths":[],"offerId":"29A3D1D6E1E44E6BBD29D10BB1020DE0","_id":"6352f4baba71e839c00ea091","__v":0,"createdAt":"2022-10-21T19:36:26.711Z","updatedAt":"2023-05-24T21:22:11.464Z","price":{"currencyAmount":509,"currencyUnit":"USD","unit":"EA"}},{"itemId":"158353031","astroStatus":"SUCCESS","astroDescription":"STORE_SCHEDULED_DELIVERY (158353031), ORDER CREATED","orderType":"STORE_SCHEDULED_DELIVERY","storeId":"32144","orderNumber":null,"eligiblePaths":["ebtsnap","pureweighted"],"inEligiblePaths":[],"offerId":"03745B3A6FFF4FB8961A362BFD16F598","_id":"6352f4bb1578f257acaa40fb","__v":0,"createdAt":"2022-10-21T19:36:27.066Z","updatedAt":"2023-05-24T21:22:10.244Z","price":{"currencyAmount":0.25,"currencyUnit":"USD","unit":"LB"}},{"itemId":"137057728","astroStatus":"SUCCESS","astroDescription":"STORE_SCHEDULED_DELIVERY (137057728), ORDER CREATED","orderType":"STORE_SCHEDULED_DELIVERY","storeId":"32144","orderNumber":null,"eligiblePaths":[],"inEligiblePaths":[],"offerId":"0DE368FD03774DFCA3440A3B316BF30E","_id":"6352f4bb8d5c5e54d46a5c6d","__v":0,"createdAt":"2022-10-21T19:36:27.166Z","updatedAt":"2023-05-24T21:22:10.437Z","price":{"currencyAmount":11.09,"currencyUnit":"USD","unit":"EA"}},{"itemId":"751343660","astroStatus":"SUCCESS","astroDescription":"STORE_SCHEDULED_DELIVERY (751343660), ORDER CREATED","orderType":"STORE_SCHEDULED_DELIVERY","storeId":"32144","orderNumber":null,"eligiblePaths":[],"inEligiblePaths":[],"offerId":"F828B97DD63E43F7861A0B9F1B0962A9","_id":"6352f4bbd30e002434082bf3","__v":0,"createdAt":"2022-10-21T19:36:27.230Z","updatedAt":"2023-05-24T21:22:10.684Z","price":{"currencyAmount":3,"currencyUnit":"USD","unit":"EA"}},{"itemId":"373132685","astroStatus":"SUCCESS","astroDescription":"STORE_SCHEDULED_DELIVERY (373132685), ORDER CREATED","orderType":"STORE_SCHEDULED_DELIVERY","storeId":"32144","orderNumber":null,"eligiblePaths":[],"inEligiblePaths":[],"offerId":"B9F1F129D6074D61BB08AEE0879024F0","_id":"6352f4bb2110d44bb44f3349","__v":0,"createdAt":"2022-10-21T19:36:27.283Z","updatedAt":"2023-05-24T21:22:10.090Z","price":{"currencyAmount":11.09,"currencyUnit":"USD","unit":"EA"}},{"itemId":"333585141","astroStatus":"SUCCESS","astroDescription":"STORE_SCHEDULED_DELIVERY (333585141), ORDER CREATED","orderType":"STORE_SCHEDULED_DELIVERY","storeId":"32144","orderNumber":null,"eligiblePaths":[],"inEligiblePaths":[],"offerId":"D659F8D31C0F447D8F8142BBE5DC6934","_id":"6352f4bbd30e002434082bf4","__v":0,"createdAt":"2022-10-21T19:36:27.394Z","updatedAt":"2023-05-24T21:22:10.313Z","price":{"currencyAmount":22.98,"currencyUnit":"USD","unit":"EA"}}]'
2023-05-24 14:26:48.015 [DEBUG] [thread-id 1] - Store in: store the value 'null' in the variable 'itemDetails'
2023-05-24 14:26:48.666 [DEBUG] [thread-id 1] - {"itemId":"10801611","astroStatus":"SUCCESS","astroDescription":"STORE_SCHEDULED_DELIVERY (10801611), ORDER CREATED","orderType":"STORE_SCHEDULED_DELIVERY","storeId":"32144","orderNumber":null,"eligiblePaths":["ebtsnap","subsallowed"],"inEligiblePaths":[],"offerId":"5E9D72CEEEF848AFA01539D891B43256","_id":"6352f4baba71e839c00ea08e","__v":0,"createdAt":"2022-10-21T19:36:26.302Z","updatedAt":"2023-05-24T21:22:09.114Z","price":{"currencyAmount":4.48,"currencyUnit":"USD","unit":"EA"}}
2023-05-24 14:26:49.319 [DEBUG] [thread-id 1] - Store in: store the value '10801611' in the variable 'itemFetched'
2023-05-24 14:26:49.973 [DEBUG] [thread-id 1] - Store in: store the value 'SUCCESS' in the variable 'itemStatus'
2023-05-24 14:26:50.636 [WARN] [thread-id 1] - variable healthCheck was used, but r2 could not find a value for this variable. returning default of null
2023-05-24 14:26:51.308 [DEBUG] [thread-id 1] - conditionally execute a flow. condition: true
2023-05-24 14:26:51.957 [DEBUG] [thread-id 1] - Execute Node: 'us/test/helpers/splitNumberString.js'
2023-05-24 14:26:52.958 [DEBUG] [thread-id 1] - 10801611
2023-05-24 14:26:53.647 [WARN] [thread-id 1] - variable skipForNext was used, but r2 could not find a value for this variable. returning default of null
2023-05-24 14:26:54.346 [WARN] [thread-id 1] - variable excludeFetchedItem was used, but r2 could not find a value for this variable. returning default of null
2023-05-24 14:26:54.348 [DEBUG] [thread-id 1] - conditionally execute a flow. condition: false
2023-05-24 14:26:55.059 [DEBUG] [thread-id 1] - Executing function: 'us.functions.utils.itemHealthCheck'
2023-05-24 14:26:55.063 [DEBUG] [thread-id 1] - Checking item eligibility before proceeding
2023-05-24 14:26:55.065 [DEBUG] [thread-id 1] - Store in: store the value 'false' in the variable 'itemEligiblity'
2023-05-24 14:26:55.066 [DEBUG] [thread-id 1] - Store in: store the value 'false' in the variable 'ignoreItem'
2023-05-24 14:26:55.072 [DEBUG] [thread-id 1] - loop: over '["859271090", "596634660","158353031", "945213102", "981898706", "980623310", "858406964", "131979272", "669597065","591794662","113749870","466215216","751343660","826631822","443922107","458934184"]'
2023-05-24 14:27:05.670 [DEBUG] [thread-id 1] - conditionally execute a flow. condition: false
2023-05-24 14:27:06.314 [DEBUG] [thread-id 1] - conditionally execute a flow. condition: true
2023-05-24 14:27:07.605 [DEBUG] [thread-id 1] - Call API: 'http://astro.walmart.com/api/v2/teflon/itemHealthCheck?shippingNode=32144&orderType=STORE_SCHEDULED_DELIVERY&itemId=10801611'
2023-05-24 14:27:14.698 [DEBUG] [thread-id 1] - Response code is: '200'. Response body is: '{"status":"OK","offerId":"5E9D72CEEEF848AFA01539D891B43256","eligibility":{"orderType":"STORE_SCHEDULED_DELIVERY","shipNode":"32144","isEligible":true}}'
2023-05-24 14:27:15.441 [DEBUG] [thread-id 1] - conditionally execute a flow. condition: true
2023-05-24 14:27:16.743 [DEBUG] [thread-id 1] - Stock available Item Id 10801611 for type STORE_SCHEDULED_DELIVERY
2023-05-24 14:27:17.403 [WARN] [thread-id 1] - variable fetchedItemDataDetails was used, but r2 could not find a value for this variable. returning default of null
2023-05-24 14:27:17.405 [DEBUG] [thread-id 1] - Execute Node: 'us/test/helpers/jsonParser.js'
2023-05-24 14:27:18.169 [DEBUG] [thread-id 1] - Store in: store the value 'false' in the variable 'skipForNext'
2023-05-24 14:27:18.804 [DEBUG] [thread-id 1] - Store in: store the value 'false' in the variable 'excludeFetchedItem'
2023-05-24 14:27:18.828 [DEBUG] [thread-id 1] - Store in: store the value 'null' in the variable 'storeId'
2023-05-24 14:27:18.831 [DEBUG] [thread-id 1] - Store in: store the value 'null' in the variable 'itemStatusHeader'
2023-05-24 14:27:18.832 [DEBUG] [thread-id 1] - Store in: store the value 'false' in the variable 'healthCheck'
2023-05-24 14:27:18.833 [DEBUG] [thread-id 1] - Store in: store the value 'null' in the variable 'version'
2023-05-24 14:27:18.835 [DEBUG] [thread-id 1] - Store in: store the value 'null' in the variable 'itemFilter'
2023-05-24 14:27:18.837 [DEBUG] [thread-id 1] - Store in: store the value 'false' in the variable 'noSubSet'
2023-05-24 14:27:18.876 [DEBUG] [thread-id 1] - Store in: store the value 'null' in the variable 'backupItem'
2023-05-24 14:27:18.878 [DEBUG] [thread-id 1] - Store in: store the value 'null' in the variable 'source'
2023-05-24 14:27:18.881 [DEBUG] [thread-id 1] - Store in: store the value 'walmart://item/10801611' in the variable 'deeplinkURl'
2023-05-24 14:27:18.884 [DEBUG] [thread-id 1] - Item:10801611
2023-05-24 14:27:18.886 [DEBUG] [thread-id 1] - deeplinkURL:walmart://item/10801611
2023-05-24 14:27:18.887 [DEBUG] [thread-id 1] - Executing function: 'us.functions.global.navigation.goToDeepLink'
2023-05-24 14:27:18.889 [DEBUG] [thread-id 1] - Verify value of: '$deepLinkUrl'
2023-05-24 14:27:18.890 [DEBUG] [thread-id 1] - Open link: 'walmart://item/10801611'
2023-05-24 14:27:20.094 [DEBUG] [thread-id 1] - Executing function: 'us.functions.global.navigation.openDeepLink'
2023-05-24 14:27:21.671 [DEBUG] [thread-id 1] - conditionally execute a flow. condition: true
2023-05-24 14:27:23.283 [DEBUG] [thread-id 1] - Click element: 'Open'
2023-05-24 14:27:24.020 [DEBUG] [thread-id 1] - Executing function: 'us.functions.utils.handleTechnicalErrorPopup'
2023-05-24 14:27:24.020 [DEBUG] [thread-id 1] - Store in: store the value 'false' in the variable 'errorRemoved'
2023-05-24 14:27:24.021 [DEBUG] [thread-id 1] - sleep:  10000 milliseconds
2023-05-24 14:27:34.024 [DEBUG] [thread-id 1] - loop: from 0 to 3
2023-05-24 14:27:36.257 [DEBUG] [thread-id 1] - 0
2023-05-24 14:27:49.914 [DEBUG] [thread-id 1] - conditionally execute a flow. condition: false
2023-05-24 14:27:51.355 [DEBUG] [thread-id 1] - Store in: store the value 'true' in the variable 'errorRemoved'
2023-05-24 14:27:52.844 [DEBUG] [thread-id 1] - No Technical Error Pop up observed
2023-05-24 14:27:54.427 [DEBUG] [thread-id 1] - Executing function: 'us.functions.item.addItemToCart'
2023-05-24 14:27:54.444 [DEBUG] [thread-id 1] - Executing function: 'us.functions.item.preAddToCartSteps'
2023-05-24 14:27:55.908 [DEBUG] [thread-id 1] - sleep:  2000 milliseconds
2023-05-24 14:28:04.172 [DEBUG] [thread-id 1] - Item wasn't Added initially, continuing with scenario
2023-05-24 14:28:04.252 [DEBUG] [thread-id 1] - Executing function: 'us.functions.item.validateAndClickAddToCartButton'
2023-05-24 14:28:05.103 [DEBUG] [thread-id 1] - conditionally execute a flow. condition: true
2023-05-24 14:28:06.574 [DEBUG] [thread-id 1] - ATC button present
2023-05-24 14:28:07.591 [DEBUG] [thread-id 1] - Click element: '(//XCUIElementTypeButton[@name="stepper.mainButton"])[1] | //XCUIElementTypeOther[@name="stepper.addToCartButton"] | (//XCUIElementTypeOther[contains(@name,"GlassStepperView.inner")]) | //XCUIElementTypeButton[@name="stepper.mainButton"]'
2023-05-24 14:28:08.068 [DEBUG] [thread-id 1] - sleep:  3000 milliseconds
2023-05-24 14:28:21.383 [WARN] [thread-id 1] - variable skipPostAddToCartSteps was used, but r2 could not find a value for this variable. returning default of null
2023-05-24 14:28:21.385 [DEBUG] [thread-id 1] - conditionally execute a flow. condition: true
2023-05-24 14:28:22.838 [DEBUG] [thread-id 1] - Executing function: 'us.functions.item.postAddToCartSteps'
2023-05-24 14:28:46.744 [WARN] [thread-id 1] - variable closeButtonNotDisplayed was used, but r2 could not find a value for this variable. returning default of null
2023-05-24 14:28:46.747 [DEBUG] [thread-id 1] - conditionally execute a flow. condition: false
2023-05-24 14:28:48.202 [DEBUG] [thread-id 1] - Executing function: 'us.functions.item.handlePAC'
2023-05-24 14:28:48.202 [DEBUG] [thread-id 1] - sleep:  5000 milliseconds
2023-05-24 14:29:04.909 [DEBUG] [thread-id 1] - sleep:  1000 milliseconds
2023-05-24 14:29:07.441 [WARN] [thread-id 1] - variable qty was used, but r2 could not find a value for this variable. returning default of null
2023-05-24 14:29:07.442 [WARN] [thread-id 1] - variable qty was used, but r2 could not find a value for this variable. returning default of null
2023-05-24 14:29:08.359 [DEBUG] [thread-id 1] - Verify identifier: {//XCUIElementTypeStaticText[@name="1 added"]| //XCUIElementTypeOther[@name="add-to-cart-button"] | //XCUIElementTypeStaticText[@label="null"] | Max 1=[true]}
2023-05-24 14:29:21.641 [DEBUG] [thread-id 1] - Executing function: 'us.functions.item.closeItemPage'
2023-05-24 14:29:21.649 [DEBUG] [thread-id 1] - conditionally execute a flow. condition: true
2023-05-24 14:29:26.429 [DEBUG] [thread-id 1] - Click element: 'ItemDetailsViewController_itemDetailCloseButton'
2023-05-24 14:29:28.832 [DEBUG] [thread-id 1] - Verify identifier: {TitleView_productTitle=[true]}
2023-05-24 14:29:28.837 [DEBUG] [thread-id 1] - sleep:  3000 milliseconds
2023-05-24 14:29:31.848 [DEBUG] [thread-id 1] - Verify identifier: {Your cart is empty=[true]}
2023-05-24 14:29:31.853 [DEBUG] [thread-id 1] - Store in: store the value 'false' in the variable 'closeButtonNotDisplayed'
2023-05-24 14:29:31.968 [DEBUG] [thread-id 1] - Store in: store the value 'false' in the variable 'skipPostAddToCartSteps'
2023-05-24 14:29:31.970 [DEBUG] [thread-id 1] - Store in: store the value 'false' in the variable 'apiFetch'
2023-05-24 14:29:31.970 [DEBUG] [thread-id 1] - Executing function: 'us.functions.gic.changeFulfillment'
2023-05-24 14:29:32.286 [DEBUG] [thread-id 1] - conditionally execute a flow. condition: true
2023-05-24 14:29:33.252 [DEBUG] [thread-id 1] - Click element: '//*[contains(@label,"Collapsed")]'
2023-05-24 14:29:34.625 [DEBUG] [thread-id 1] - sleep:  4000 milliseconds
2023-05-24 14:29:38.664 [DEBUG] [thread-id 1] - Executing function: 'us.functions.gic.setFulfillment'
2023-05-24 14:29:38.677 [DEBUG] [thread-id 1] - conditionally execute a flow. condition: true
2023-05-24 14:29:59.856 [DEBUG] [thread-id 1] - Click element: 'GlobalIntentCenter.Shipping'
2023-05-24 14:30:00.188 [DEBUG] [thread-id 1] - sleep:  3000 milliseconds
2023-05-24 14:30:03.631 [DEBUG] [thread-id 1] - conditionally execute a flow. condition: true
2023-05-24 14:30:04.996 [DEBUG] [thread-id 1] - Click element: '//*[contains(@label,"Expanded")]'
2023-05-24 14:30:05.416 [DEBUG] [thread-id 1] - Executing function: 'us.functions.utils.getSearchableItem'
2023-05-24 14:30:05.417 [DEBUG] [thread-id 1] - Store in: store the value 'null' in the variable 'itemFetched'
2023-05-24 14:30:05.431 [DEBUG] [thread-id 1] - Store in: store the value 'null' in the variable 'deeplinkURL'
2023-05-24 14:30:05.431 [DEBUG] [thread-id 1] - Store in: store the value 'true' in the variable 'apiFetch'
2023-05-24 14:30:05.435 [DEBUG] [thread-id 1] - conditionally execute a flow. condition: false
2023-05-24 14:30:06.110 [DEBUG] [thread-id 1] - Item fetched by Astro API
2023-05-24 14:30:06.770 [DEBUG] [thread-id 1] - Fetching Item available in stock using Astro API for Item type FC_DELIVERY
2023-05-24 14:30:06.788 [DEBUG] [thread-id 1] - conditionally execute a flow. condition: true
2023-05-24 14:30:07.430 [DEBUG] [thread-id 1] - Store in: store the value '32144' in the variable 'storeId'
2023-05-24 14:30:07.446 [WARN] [thread-id 1] - variable nextGen was used, but r2 could not find a value for this variable. returning default of null
2023-05-24 14:30:07.455 [DEBUG] [thread-id 1] - conditionally execute a flow. condition: true
2023-05-24 14:30:08.092 [DEBUG] [thread-id 1] - Store in: store the value 'nextgen' in the variable 'version'
2023-05-24 14:30:08.115 [DEBUG] [thread-id 1] - conditionally execute a flow. condition: true
2023-05-24 14:30:08.759 [DEBUG] [thread-id 1] - Store in: store the value 'SUCCESS' in the variable 'itemStatusHeader'
2023-05-24 14:30:08.768 [DEBUG] [thread-id 1] - conditionally execute a flow. condition: false
2023-05-24 14:30:09.407 [DEBUG] [thread-id 1] - Store in: store the value 'http://astro.walmart.com/api/v3/teflon/internal/getItemHealth/32144/FC_DELIVERY' in the variable 'fetchURL'
2023-05-24 14:30:09.419 [DEBUG] [thread-id 1] - Store in: store the value 'null' in the variable 'itemDetails'
2023-05-24 14:30:10.055 [DEBUG] [thread-id 1] - conditionally execute a flow. condition: true
2023-05-24 14:30:10.700 [DEBUG] [thread-id 1] - NextGen API
2023-05-24 14:30:11.351 [DEBUG] [thread-id 1] - Call API: 'http://astro.walmart.com/api/v3/teflon/internal/getItemHealth/32144/FC_DELIVERY'
2023-05-24 14:30:16.777 [DEBUG] [thread-id 1] - Response code is: '200'. Response body is: '{"astroStatus":"SUCCESS","astroDescription":"Item Health details found in itemHealth Collection","astroDetails":[]}'
2023-05-24 14:30:17.492 [DEBUG] [thread-id 1] - conditionally execute a flow. condition: false
2023-05-24 14:30:18.126 [DEBUG] [thread-id 1] - SUCCESSFUL item fetched from astro API.
2023-05-24 14:30:39.248 [DEBUG] [thread-id 1] - Store in: store the value 'unavailable' in the variable 'itemDetails'
2023-05-24 14:30:39.273 [DEBUG] [thread-id 1] - Store in: store the value 'null' in the variable 'storeId'
2023-05-24 14:30:39.274 [DEBUG] [thread-id 1] - Store in: store the value 'null' in the variable 'itemStatusHeader'
2023-05-24 14:30:39.274 [DEBUG] [thread-id 1] - Store in: store the value 'false' in the variable 'healthCheck'
2023-05-24 14:30:39.274 [DEBUG] [thread-id 1] - Store in: store the value 'null' in the variable 'version'
2023-05-24 14:30:39.274 [DEBUG] [thread-id 1] - Store in: store the value 'null' in the variable 'itemFilter'
2023-05-24 14:30:39.274 [DEBUG] [thread-id 1] - Store in: store the value 'false' in the variable 'noSubSet'
2023-05-24 14:30:39.298 [DEBUG] [thread-id 1] - conditionally execute a flow. condition: true
2023-05-24 14:30:39.965 [DEBUG] [thread-id 1] - conditionally execute a flow. condition: false
2023-05-24 14:30:40.605 [DEBUG] [thread-id 1] - Store in: store the value '945213102' in the variable 'itemFetched'
2023-05-24 14:30:40.620 [DEBUG] [thread-id 1] - Store in: store the value 'null' in the variable 'backupItem'
2023-05-24 14:30:40.620 [DEBUG] [thread-id 1] - Store in: store the value 'null' in the variable 'source'
2023-05-24 14:30:40.622 [DEBUG] [thread-id 1] - Store in: store the value 'walmart://item/945213102' in the variable 'deeplinkURl'
2023-05-24 14:30:40.623 [DEBUG] [thread-id 1] - Item:945213102
2023-05-24 14:30:40.623 [DEBUG] [thread-id 1] - deeplinkURL:walmart://item/945213102
2023-05-24 14:30:40.624 [DEBUG] [thread-id 1] - Executing function: 'us.functions.global.navigation.goToDeepLink'
2023-05-24 14:30:40.625 [DEBUG] [thread-id 1] - Verify value of: '$deepLinkUrl'
2023-05-24 14:30:40.627 [DEBUG] [thread-id 1] - Open link: 'walmart://item/945213102'
2023-05-24 14:30:52.731 [DEBUG] [thread-id 1] - Store in: store the value 'false' in the variable 'errorRemoved'
2023-05-24 14:30:52.733 [DEBUG] [thread-id 1] - sleep:  10000 milliseconds
2023-05-24 14:31:02.737 [DEBUG] [thread-id 1] - loop: from 0 to 3
2023-05-24 14:31:04.140 [DEBUG] [thread-id 1] - 0
2023-05-24 14:31:17.274 [DEBUG] [thread-id 1] - conditionally execute a flow. condition: false
2023-05-24 14:31:18.666 [DEBUG] [thread-id 1] - Store in: store the value 'true' in the variable 'errorRemoved'
2023-05-24 14:31:20.101 [DEBUG] [thread-id 1] - No Technical Error Pop up observed
2023-05-24 14:31:21.528 [DEBUG] [thread-id 1] - Executing function: 'us.functions.item.addItemToCart'
2023-05-24 14:31:22.890 [DEBUG] [thread-id 1] - sleep:  2000 milliseconds
2023-05-24 14:31:30.962 [DEBUG] [thread-id 1] - Item wasn't Added initially, continuing with scenario
2023-05-24 14:31:31.791 [DEBUG] [thread-id 1] - conditionally execute a flow. condition: true
2023-05-24 14:31:33.191 [DEBUG] [thread-id 1] - ATC button present
2023-05-24 14:31:34.189 [DEBUG] [thread-id 1] - Click element: '(//XCUIElementTypeButton[@name="stepper.mainButton"])[1] | //XCUIElementTypeOther[@name="stepper.addToCartButton"] | (//XCUIElementTypeOther[contains(@name,"GlassStepperView.inner")]) | //XCUIElementTypeButton[@name="stepper.mainButton"]'
2023-05-24 14:31:34.631 [DEBUG] [thread-id 1] - sleep:  3000 milliseconds
2023-05-24 14:31:47.733 [DEBUG] [thread-id 1] - conditionally execute a flow. condition: true
2023-05-24 14:32:11.780 [DEBUG] [thread-id 1] - conditionally execute a flow. condition: false
2023-05-24 14:32:13.248 [DEBUG] [thread-id 1] - sleep:  5000 milliseconds
2023-05-24 14:32:31.677 [DEBUG] [thread-id 1] - sleep:  1000 milliseconds
2023-05-24 14:32:34.170 [WARN] [thread-id 1] - variable qty was used, but r2 could not find a value for this variable. returning default of null
2023-05-24 14:32:34.172 [WARN] [thread-id 1] - variable qty was used, but r2 could not find a value for this variable. returning default of null
2023-05-24 14:32:34.932 [DEBUG] [thread-id 1] - Verify identifier: {//XCUIElementTypeStaticText[@name="1 added"]| //XCUIElementTypeOther[@name="add-to-cart-button"] | //XCUIElementTypeStaticText[@label="null"] | Max 1=[true]}
2023-05-24 14:32:47.701 [DEBUG] [thread-id 1] - conditionally execute a flow. condition: true
2023-05-24 14:32:52.358 [DEBUG] [thread-id 1] - Click element: 'ItemDetailsViewController_itemDetailCloseButton'
2023-05-24 14:32:54.643 [DEBUG] [thread-id 1] - Verify identifier: {TitleView_productTitle=[true]}
2023-05-24 14:32:54.647 [DEBUG] [thread-id 1] - sleep:  3000 milliseconds
2023-05-24 14:32:57.667 [DEBUG] [thread-id 1] - Verify identifier: {Your cart is empty=[true]}
2023-05-24 14:32:57.671 [DEBUG] [thread-id 1] - Store in: store the value 'false' in the variable 'closeButtonNotDisplayed'
2023-05-24 14:32:57.798 [DEBUG] [thread-id 1] - Store in: store the value 'false' in the variable 'skipPostAddToCartSteps'
2023-05-24 14:32:57.798 [DEBUG] [thread-id 1] - Store in: store the value 'false' in the variable 'apiFetch'
2023-05-24 14:32:57.800 [DEBUG] [thread-id 1] - Executing function: 'us.functions.utils.getSearchableItem'
2023-05-24 14:32:57.801 [DEBUG] [thread-id 1] - Store in: store the value 'null' in the variable 'itemFetched'
2023-05-24 14:32:57.801 [DEBUG] [thread-id 1] - Store in: store the value 'null' in the variable 'deeplinkURL'
2023-05-24 14:32:57.802 [DEBUG] [thread-id 1] - Store in: store the value 'true' in the variable 'apiFetch'
2023-05-24 14:32:57.817 [DEBUG] [thread-id 1] - conditionally execute a flow. condition: false
2023-05-24 14:32:58.539 [DEBUG] [thread-id 1] - Item fetched by Astro API
2023-05-24 14:32:59.244 [DEBUG] [thread-id 1] - Fetching Item available in stock using Astro API for Item type MP_DELIVERY
2023-05-24 14:32:59.257 [DEBUG] [thread-id 1] - conditionally execute a flow. condition: true
2023-05-24 14:32:59.910 [DEBUG] [thread-id 1] - Store in: store the value '32144' in the variable 'storeId'
2023-05-24 14:32:59.931 [WARN] [thread-id 1] - variable nextGen was used, but r2 could not find a value for this variable. returning default of null
2023-05-24 14:32:59.933 [DEBUG] [thread-id 1] - conditionally execute a flow. condition: true
2023-05-24 14:33:00.577 [DEBUG] [thread-id 1] - Store in: store the value 'nextgen' in the variable 'version'
2023-05-24 14:33:00.589 [DEBUG] [thread-id 1] - conditionally execute a flow. condition: true
2023-05-24 14:33:01.237 [DEBUG] [thread-id 1] - Store in: store the value 'SUCCESS' in the variable 'itemStatusHeader'
2023-05-24 14:33:01.250 [DEBUG] [thread-id 1] - conditionally execute a flow. condition: true
2023-05-24 14:33:01.923 [DEBUG] [thread-id 1] - conditionally execute a flow. condition: false
2023-05-24 14:33:02.590 [DEBUG] [thread-id 1] - conditionally execute a flow. condition: false
2023-05-24 14:33:03.233 [DEBUG] [thread-id 1] - conditionally execute a flow. condition: true
2023-05-24 14:33:03.882 [DEBUG] [thread-id 1] - Store in: store the value 'http://astro.walmart.com/api/v3/teflon/internal/getItemHealth/32144/MP_DELIVERY?itemType=wfs' in the variable 'fetchURL'
2023-05-24 14:33:04.579 [DEBUG] [thread-id 1] - Store in: store the value 'nextgen' in the variable 'version'
2023-05-24 14:33:04.607 [DEBUG] [thread-id 1] - Store in: store the value 'null' in the variable 'itemDetails'
2023-05-24 14:33:05.253 [DEBUG] [thread-id 1] - conditionally execute a flow. condition: true
2023-05-24 14:33:05.898 [DEBUG] [thread-id 1] - NextGen API
2023-05-24 14:33:06.548 [DEBUG] [thread-id 1] - Call API: 'http://astro.walmart.com/api/v3/teflon/internal/getItemHealth/32144/MP_DELIVERY?itemType=wfs'
2023-05-24 14:33:11.968 [DEBUG] [thread-id 1] - Response code is: '200'. Response body is: '{"astroStatus":"SUCCESS","astroDescription":"Item Health details found in itemHealth Collection","astroDetails":[{"itemId":"859970634","astroStatus":"SUCCESS","astroDescription":"MP_DELIVERY (859970634), ORDER CREATED","orderType":"MP_DELIVERY","storeId":"32144","orderNumber":null,"eligiblePaths":["deliverr","shopify","wfs"],"inEligiblePaths":[],"offerId":"EA66FF682F0642AA8E31C5B1377B6BE6","_id":"6352f4aaba71e839c00ea037","__v":0,"createdAt":"2022-10-21T19:36:10.019Z","updatedAt":"2023-05-24T21:31:48.408Z","price":{"currencyAmount":1,"currencyUnit":"USD","unit":"EA"}},{"itemId":"113749870","astroStatus":"SUCCESS","astroDescription":"MP_DELIVERY (113749870), ORDER CREATED","orderType":"MP_DELIVERY","storeId":"32144","orderNumber":null,"eligiblePaths":["mpproseller","wfs","buynow"],"inEligiblePaths":[],"offerId":"24BA083B10E94CB387805A616E6ADE1D","_id":"6352f4aaba71e839c00ea039","__v":0,"createdAt":"2022-10-21T19:36:10.528Z","updatedAt":"2023-05-24T21:31:47.894Z","price":{"currencyAmount":45,"currencyUnit":"USD","unit":"EA"}},{"itemId":"1948824194","astroStatus":"SUCCESS","astroDescription":"MP_DELIVERY (1948824194), ORDER CREATED","orderType":"MP_DELIVERY","storeId":"32144","orderNumber":null,"eligiblePaths":["b2b","wfs"],"inEligiblePaths":[],"offerId":"D2136A2CC5F54E4D849055A4E00E7FBC","_id":"63928a0c2110d417acbb5cbd","__v":0,"createdAt":"2022-12-09T01:06:20.241Z","updatedAt":"2023-05-24T21:31:47.140Z","price":{"currencyAmount":14,"currencyUnit":"USD","unit":"EA"}},{"itemId":"199364656","astroStatus":"SUCCESS","astroDescription":"MP_DELIVERY (199364656), ORDER CREATED","orderType":"MP_DELIVERY","storeId":"32144","orderNumber":null,"eligiblePaths":["mpproseller","wfs","buynow"],"inEligiblePaths":[],"offerId":"1F8B90B1AC9C417192AD13B4D3F75644","_id":"63d15bb68d5c5e2aa8302350","__v":0,"createdAt":"2023-01-25T16:41:26.590Z","updatedAt":"2023-05-24T21:31:47.026Z","price":{"currencyAmount":342,"currencyUnit":"USD","unit":"EA"}},{"itemId":"579008132","astroStatus":"SUCCESS","astroDescription":"MP_DELIVERY (579008132), ORDER CREATED","orderType":"MP_DELIVERY","storeId":"32144","orderNumber":null,"eligiblePaths":["shopify","wfs"],"inEligiblePaths":[],"offerId":"238F6E47CAEA4A0B9C7054EBC9600EEA","_id":"6413acbb430f4831e41398aa","__v":0,"createdAt":"2023-03-16T23:56:43.526Z","price":{"currencyAmount":2,"currencyUnit":"USD","unit":"EA"},"updatedAt":"2023-05-24T21:31:47.223Z"}]}'
2023-05-24 14:33:12.763 [DEBUG] [thread-id 1] - conditionally execute a flow. condition: false
2023-05-24 14:33:13.423 [DEBUG] [thread-id 1] - SUCCESSFUL item fetched from astro API.
2023-05-24 14:33:14.175 [DEBUG] [thread-id 1] - loop: over '[{"itemId":"859970634","astroStatus":"SUCCESS","astroDescription":"MP_DELIVERY (859970634), ORDER CREATED","orderType":"MP_DELIVERY","storeId":"32144","orderNumber":null,"eligiblePaths":["deliverr","shopify","wfs"],"inEligiblePaths":[],"offerId":"EA66FF682F0642AA8E31C5B1377B6BE6","_id":"6352f4aaba71e839c00ea037","__v":0,"createdAt":"2022-10-21T19:36:10.019Z","updatedAt":"2023-05-24T21:31:48.408Z","price":{"currencyAmount":1,"currencyUnit":"USD","unit":"EA"}},{"itemId":"113749870","astroStatus":"SUCCESS","astroDescription":"MP_DELIVERY (113749870), ORDER CREATED","orderType":"MP_DELIVERY","storeId":"32144","orderNumber":null,"eligiblePaths":["mpproseller","wfs","buynow"],"inEligiblePaths":[],"offerId":"24BA083B10E94CB387805A616E6ADE1D","_id":"6352f4aaba71e839c00ea039","__v":0,"createdAt":"2022-10-21T19:36:10.528Z","updatedAt":"2023-05-24T21:31:47.894Z","price":{"currencyAmount":45,"currencyUnit":"USD","unit":"EA"}},{"itemId":"1948824194","astroStatus":"SUCCESS","astroDescription":"MP_DELIVERY (1948824194), ORDER CREATED","orderType":"MP_DELIVERY","storeId":"32144","orderNumber":null,"eligiblePaths":["b2b","wfs"],"inEligiblePaths":[],"offerId":"D2136A2CC5F54E4D849055A4E00E7FBC","_id":"63928a0c2110d417acbb5cbd","__v":0,"createdAt":"2022-12-09T01:06:20.241Z","updatedAt":"2023-05-24T21:31:47.140Z","price":{"currencyAmount":14,"currencyUnit":"USD","unit":"EA"}},{"itemId":"199364656","astroStatus":"SUCCESS","astroDescription":"MP_DELIVERY (199364656), ORDER CREATED","orderType":"MP_DELIVERY","storeId":"32144","orderNumber":null,"eligiblePaths":["mpproseller","wfs","buynow"],"inEligiblePaths":[],"offerId":"1F8B90B1AC9C417192AD13B4D3F75644","_id":"63d15bb68d5c5e2aa8302350","__v":0,"createdAt":"2023-01-25T16:41:26.590Z","updatedAt":"2023-05-24T21:31:47.026Z","price":{"currencyAmount":342,"currencyUnit":"USD","unit":"EA"}},{"itemId":"579008132","astroStatus":"SUCCESS","astroDescription":"MP_DELIVERY (579008132), ORDER CREATED","orderType":"MP_DELIVERY","storeId":"32144","orderNumber":null,"eligiblePaths":["shopify","wfs"],"inEligiblePaths":[],"offerId":"238F6E47CAEA4A0B9C7054EBC9600EEA","_id":"6413acbb430f4831e41398aa","__v":0,"createdAt":"2023-03-16T23:56:43.526Z","price":{"currencyAmount":2,"currencyUnit":"USD","unit":"EA"},"updatedAt":"2023-05-24T21:31:47.223Z"}]'
2023-05-24 14:33:14.833 [DEBUG] [thread-id 1] - Store in: store the value 'null' in the variable 'itemDetails'
2023-05-24 14:33:15.498 [DEBUG] [thread-id 1] - {"itemId":"859970634","astroStatus":"SUCCESS","astroDescription":"MP_DELIVERY (859970634), ORDER CREATED","orderType":"MP_DELIVERY","storeId":"32144","orderNumber":null,"eligiblePaths":["deliverr","shopify","wfs"],"inEligiblePaths":[],"offerId":"EA66FF682F0642AA8E31C5B1377B6BE6","_id":"6352f4aaba71e839c00ea037","__v":0,"createdAt":"2022-10-21T19:36:10.019Z","updatedAt":"2023-05-24T21:31:48.408Z","price":{"currencyAmount":1,"currencyUnit":"USD","unit":"EA"}}
2023-05-24 14:33:16.175 [DEBUG] [thread-id 1] - Store in: store the value '859970634' in the variable 'itemFetched'
2023-05-24 14:33:16.832 [DEBUG] [thread-id 1] - Store in: store the value 'SUCCESS' in the variable 'itemStatus'
2023-05-24 14:33:18.162 [DEBUG] [thread-id 1] - conditionally execute a flow. condition: true
2023-05-24 14:33:18.820 [DEBUG] [thread-id 1] - Execute Node: 'us/test/helpers/splitNumberString.js'
2023-05-24 14:33:19.754 [DEBUG] [thread-id 1] - 859970634
2023-05-24 14:33:21.110 [DEBUG] [thread-id 1] - conditionally execute a flow. condition: false
2023-05-24 14:33:21.761 [DEBUG] [thread-id 1] - Checking item eligibility before proceeding
2023-05-24 14:33:21.761 [DEBUG] [thread-id 1] - Store in: store the value 'false' in the variable 'itemEligiblity'
2023-05-24 14:33:21.761 [DEBUG] [thread-id 1] - Store in: store the value 'false' in the variable 'ignoreItem'
2023-05-24 14:33:21.762 [DEBUG] [thread-id 1] - loop: over '["859271090", "596634660","158353031", "945213102", "981898706", "980623310", "858406964", "131979272", "669597065","591794662","113749870","466215216","751343660","826631822","443922107","458934184"]'
2023-05-24 14:33:32.406 [DEBUG] [thread-id 1] - conditionally execute a flow. condition: false
2023-05-24 14:33:33.076 [DEBUG] [thread-id 1] - conditionally execute a flow. condition: false
2023-05-24 14:33:33.735 [DEBUG] [thread-id 1] - conditionally execute a flow. condition: false
2023-05-24 14:33:34.405 [DEBUG] [thread-id 1] - Skipping item eligibility check
2023-05-24 14:33:35.150 [DEBUG] [thread-id 1] - Store in: store the value 'true' in the variable 'itemEligiblity'
2023-05-24 14:33:35.851 [DEBUG] [thread-id 1] - conditionally execute a flow. condition: true
2023-05-24 14:33:37.206 [DEBUG] [thread-id 1] - Stock available Item Id 859970634 for type MP_DELIVERY
2023-05-24 14:33:37.854 [DEBUG] [thread-id 1] - Execute Node: 'us/test/helpers/jsonParser.js'
2023-05-24 14:33:38.665 [DEBUG] [thread-id 1] - Store in: store the value 'false' in the variable 'skipForNext'
2023-05-24 14:33:39.311 [DEBUG] [thread-id 1] - Store in: store the value 'false' in the variable 'excludeFetchedItem'
2023-05-24 14:33:39.320 [DEBUG] [thread-id 1] - Store in: store the value 'null' in the variable 'storeId'
2023-05-24 14:33:39.320 [DEBUG] [thread-id 1] - Store in: store the value 'null' in the variable 'itemStatusHeader'
2023-05-24 14:33:39.320 [DEBUG] [thread-id 1] - Store in: store the value 'false' in the variable 'healthCheck'
2023-05-24 14:33:39.320 [DEBUG] [thread-id 1] - Store in: store the value 'null' in the variable 'version'
2023-05-24 14:33:39.321 [DEBUG] [thread-id 1] - Store in: store the value 'null' in the variable 'itemFilter'
2023-05-24 14:33:39.321 [DEBUG] [thread-id 1] - Store in: store the value 'false' in the variable 'noSubSet'
2023-05-24 14:33:39.333 [DEBUG] [thread-id 1] - Store in: store the value 'null' in the variable 'backupItem'
2023-05-24 14:33:39.334 [DEBUG] [thread-id 1] - Store in: store the value 'null' in the variable 'source'
2023-05-24 14:33:39.334 [DEBUG] [thread-id 1] - Store in: store the value 'walmart://item/859970634' in the variable 'deeplinkURl'
2023-05-24 14:33:39.334 [DEBUG] [thread-id 1] - Item:859970634
2023-05-24 14:33:39.334 [DEBUG] [thread-id 1] - deeplinkURL:walmart://item/859970634
2023-05-24 14:33:39.336 [DEBUG] [thread-id 1] - Executing function: 'us.functions.global.navigation.goToDeepLink'
2023-05-24 14:33:39.336 [DEBUG] [thread-id 1] - Verify value of: '$deepLinkUrl'
2023-05-24 14:33:39.337 [DEBUG] [thread-id 1] - Open link: 'walmart://item/859970634'
2023-05-24 14:33:50.650 [DEBUG] [thread-id 1] - Store in: store the value 'false' in the variable 'errorRemoved'
2023-05-24 14:33:50.664 [DEBUG] [thread-id 1] - sleep:  10000 milliseconds
2023-05-24 14:34:00.675 [DEBUG] [thread-id 1] - loop: from 0 to 3
2023-05-24 14:34:02.131 [DEBUG] [thread-id 1] - 0
2023-05-24 14:34:15.826 [DEBUG] [thread-id 1] - conditionally execute a flow. condition: false
2023-05-24 14:34:17.257 [DEBUG] [thread-id 1] - Store in: store the value 'true' in the variable 'errorRemoved'
2023-05-24 14:34:18.790 [DEBUG] [thread-id 1] - No Technical Error Pop up observed
2023-05-24 14:34:20.279 [DEBUG] [thread-id 1] - Executing function: 'us.functions.item.addItemToCart'
2023-05-24 14:34:21.727 [DEBUG] [thread-id 1] - sleep:  2000 milliseconds
2023-05-24 14:34:29.847 [DEBUG] [thread-id 1] - Item wasn't Added initially, continuing with scenario
2023-05-24 14:34:30.687 [DEBUG] [thread-id 1] - conditionally execute a flow. condition: true
2023-05-24 14:34:32.201 [DEBUG] [thread-id 1] - ATC button present
2023-05-24 14:34:33.196 [DEBUG] [thread-id 1] - Click element: '(//XCUIElementTypeButton[@name="stepper.mainButton"])[1] | //XCUIElementTypeOther[@name="stepper.addToCartButton"] | (//XCUIElementTypeOther[contains(@name,"GlassStepperView.inner")]) | //XCUIElementTypeButton[@name="stepper.mainButton"]'
2023-05-24 14:34:33.688 [DEBUG] [thread-id 1] - sleep:  3000 milliseconds
2023-05-24 14:34:47.059 [DEBUG] [thread-id 1] - conditionally execute a flow. condition: true
2023-05-24 14:35:11.864 [DEBUG] [thread-id 1] - conditionally execute a flow. condition: false
2023-05-24 14:35:13.389 [DEBUG] [thread-id 1] - sleep:  5000 milliseconds
2023-05-24 14:35:30.255 [DEBUG] [thread-id 1] - sleep:  1000 milliseconds
2023-05-24 14:35:32.766 [WARN] [thread-id 1] - variable qty was used, but r2 could not find a value for this variable. returning default of null
2023-05-24 14:35:32.768 [WARN] [thread-id 1] - variable qty was used, but r2 could not find a value for this variable. returning default of null
2023-05-24 14:35:33.566 [DEBUG] [thread-id 1] - Verify identifier: {//XCUIElementTypeStaticText[@name="1 added"]| //XCUIElementTypeOther[@name="add-to-cart-button"] | //XCUIElementTypeStaticText[@label="null"] | Max 1=[true]}
2023-05-24 14:35:46.739 [DEBUG] [thread-id 1] - conditionally execute a flow. condition: true
2023-05-24 14:35:51.453 [DEBUG] [thread-id 1] - Click element: 'ItemDetailsViewController_itemDetailCloseButton'
2023-05-24 14:35:53.856 [DEBUG] [thread-id 1] - Verify identifier: {TitleView_productTitle=[true]}
2023-05-24 14:35:53.857 [DEBUG] [thread-id 1] - sleep:  3000 milliseconds
2023-05-24 14:35:56.867 [DEBUG] [thread-id 1] - Verify identifier: {Your cart is empty=[true]}
2023-05-24 14:35:56.868 [DEBUG] [thread-id 1] - Store in: store the value 'false' in the variable 'closeButtonNotDisplayed'
2023-05-24 14:35:56.918 [DEBUG] [thread-id 1] - Store in: store the value 'false' in the variable 'skipPostAddToCartSteps'
2023-05-24 14:35:56.920 [DEBUG] [thread-id 1] - Store in: store the value 'false' in the variable 'apiFetch'
2023-05-24 14:35:56.920 [DEBUG] [thread-id 1] - R2_SUBFLOW_TRANSACTION
2023-05-24 14:35:56.962 [DEBUG] [thread-id 1] - Executing function: 'us.functions.global.navigation.toCartFromNavBar'
2023-05-24 14:35:57.356 [DEBUG] [thread-id 1] - Verify identifier: {//XCUIElementTypeNavigationBar[@name="Shop"]/XCUIElementTypeButton | //XCUIElementTypeButton[contains(@label, "Your cart")] | //XCUIElementTypeButton[(@name="SearchResultsViewController.cartButton") or (contains(@label,"Your cart contains") and contains(@label,"The estimated total is")) or (@label="Your cart is empty")]=[true]}
2023-05-24 14:35:57.747 [DEBUG] [thread-id 1] - Click element: '//XCUIElementTypeNavigationBar[@name="Shop"]/XCUIElementTypeButton | //XCUIElementTypeButton[contains(@label, "Your cart")] | //XCUIElementTypeButton[(@name="SearchResultsViewController.cartButton") or (contains(@label,"Your cart contains") and contains(@label,"The estimated total is")) or (@label="Your cart is empty")]'
2023-05-24 14:35:59.797 [DEBUG] [thread-id 1] - Verify identifier: {Cart=[true]}
2023-05-24 14:35:59.797 [DEBUG] [thread-id 1] - Executing function: 'us.functions.utils.handleTechnicalErrorPageInCart'
2023-05-24 14:35:59.798 [DEBUG] [thread-id 1] - sleep:  15000 milliseconds
2023-05-24 14:36:14.803 [DEBUG] [thread-id 1] - Store in: store the value 'false' in the variable 'cartPageLoaded'
2023-05-24 14:36:14.807 [DEBUG] [thread-id 1] - loop: from 0 to 7
2023-05-24 14:36:16.237 [DEBUG] [thread-id 1] - 0
2023-05-24 14:36:17.837 [DEBUG] [thread-id 1] - conditionally execute a flow. condition: true
2023-05-24 14:36:29.285 [DEBUG] [thread-id 1] - conditionally execute a flow. condition: false
2023-05-24 14:36:31.056 [DEBUG] [thread-id 1] - conditionally execute a flow. condition: true
2023-05-24 14:36:32.163 [DEBUG] [thread-id 1] - Store in: store the value 'true' in the variable 'cartPageLoaded'
2023-05-24 14:36:43.409 [DEBUG] [thread-id 1] - conditionally execute a flow. condition: false
2023-05-24 14:36:45.334 [DEBUG] [thread-id 1] - conditionally execute a flow. condition: true
2023-05-24 14:36:46.447 [DEBUG] [thread-id 1] - Store in: store the value 'true' in the variable 'cartPageLoaded'
2023-05-24 14:36:47.679 [DEBUG] [thread-id 1] - conditionally execute a flow. condition: false
2023-05-24 14:36:48.861 [DEBUG] [thread-id 1] - conditionally execute a flow. condition: true
2023-05-24 14:36:49.980 [DEBUG] [thread-id 1] - Cart page loaded successfully
2023-05-24 14:36:50.011 [DEBUG] [thread-id 1] - Executing function: 'us.functions.cart.switchBetweenPickUpAndShipping'
2023-05-24 14:36:50.013 [DEBUG] [thread-id 1] - ----------Start of function to switch fulfillment type to pickup----------
2023-05-24 14:36:50.014 [DEBUG] [thread-id 1] - Executing function: 'us.functions.cart.scrollToTopOfCart'
2023-05-24 14:36:50.016 [DEBUG] [thread-id 1] - -------Scroll to top of cart page function start-------
2023-05-24 14:36:50.017 [DEBUG] [thread-id 1] - Scrolling to top of cart page
2023-05-24 14:36:50.017 [DEBUG] [thread-id 1] - sleep:  5000 milliseconds
2023-05-24 14:36:55.026 [DEBUG] [thread-id 1] - Verify identifier: {Cart=[true]}
2023-05-24 14:37:06.153 [DEBUG] [thread-id 1] - conditionally execute a flow. condition: false
2023-05-24 14:37:07.266 [DEBUG] [thread-id 1] - Executing function: 'us.functions.utils.scrollIfNotVisible'
2023-05-24 14:37:09.143 [DEBUG] [thread-id 1] - Verify identifier: {//XCUIElementTypeOther[@name="CartDetailsViewController.stackView"]/XCUIElementTypeOther[not(contains(@name, "cartAlertContainer"))][1]//*[@name="FulfillmentSummaryView.titlePrefixLabel"] | //XCUIElementTypeOther[@name="CartDetailsViewController.stackView"]/XCUIElementTypeOther[not(contains(@name, "cartAlertContainer"))][1]//*[@name="CartFulfillmentSwitchingBannerView.headerLabel"] | //XCUIElementTypeOther[@name="CartCardViewController.containerStackView"]/XCUIElementTypeOther[not(contains(@name, "cartAlertContainer"))][1]//*[@name="FulfillmentSummaryView.titlePrefixLabel"]=[true]}
2023-05-24 14:37:10.299 [DEBUG] [thread-id 1] - Element already visible, scrolling is skipped
2023-05-24 14:37:10.325 [DEBUG] [thread-id 1] - Resetting scrollPosition variable to default
2023-05-24 14:37:10.326 [DEBUG] [thread-id 1] - Store in: store the value 'null' in the variable 'scrollPosition'
2023-05-24 14:37:10.328 [DEBUG] [thread-id 1] - Store in: store the value 'null' in the variable 'identifierScope'
2023-05-24 14:37:10.344 [DEBUG] [thread-id 1] - -------Scroll to top of cart page function end-------
2023-05-24 14:37:20.531 [DEBUG] [thread-id 1] - conditionally execute a flow. condition: false
2023-05-24 14:37:21.623 [DEBUG] [thread-id 1] - No option to switch fulfillment type, skipping
2023-05-24 14:37:21.706 [DEBUG] [thread-id 1] - ----------End of function to switch fulfillment type to pickup----------
2023-05-24 14:37:21.708 [DEBUG] [thread-id 1] - Executing function: 'us.functions.cart.verifyCardDetails'
2023-05-24 14:37:21.710 [DEBUG] [thread-id 1] - Executing function: 'us.functions.utils.getFulfillmentTextsToCompare'
2023-05-24 14:37:21.712 [WARN] [thread-id 1] - variable altFulfillmentText was used, but r2 could not find a value for this variable. returning default of null
2023-05-24 14:37:21.723 [DEBUG] [thread-id 1] - conditionally execute a flow. condition: true
2023-05-24 14:37:22.834 [DEBUG] [thread-id 1] - conditionally execute a flow. condition: true
2023-05-24 14:37:23.934 [DEBUG] [thread-id 1] - Store in: store the value 'shipping' in the variable 'altFulfillmentText'
2023-05-24 14:37:23.991 [DEBUG] [thread-id 1] - -------Validate Shipping cart details function start-------
2023-05-24 14:37:23.993 [WARN] [thread-id 1] - variable initialCartDataSetup was used, but r2 could not find a value for this variable. returning default of null
2023-05-24 14:37:23.994 [DEBUG] [thread-id 1] - conditionally execute a flow. condition: true
2023-05-24 14:37:25.091 [DEBUG] [thread-id 1] - sleep:  5000 milliseconds
2023-05-24 14:37:31.278 [DEBUG] [thread-id 1] - conditionally execute a flow. condition: true
2023-05-24 14:37:32.406 [DEBUG] [thread-id 1] - Cart page displayed
2023-05-24 14:37:33.565 [WARN] [thread-id 1] - variable validationScope was used, but r2 could not find a value for this variable. returning default of null
2023-05-24 14:37:34.754 [DEBUG] [thread-id 1] - Store in: store the value 'complete' in the variable 'initialCartDataSetup'
2023-05-24 14:37:36.651 [DEBUG] [thread-id 1] - Verify identifier: {//XCUIElementTypeStaticText[@name="FulfillmentSummaryView.titlePrefixLabel" and (contains(@label,"Shipping") or contains(@label,"shipping"))]=[true]}
2023-05-24 14:37:36.665 [WARN] [thread-id 1] - variable validationScope was used, but r2 could not find a value for this variable. returning default of null
2023-05-24 14:37:36.666 [DEBUG] [thread-id 1] - conditionally execute a flow. condition: false
2023-05-24 14:37:37.788 [DEBUG] [thread-id 1] - Basic Shipping fulfillment section validation done
2023-05-24 14:37:37.798 [WARN] [thread-id 1] - variable unscheduled was used, but r2 could not find a value for this variable. returning default of null
2023-05-24 14:37:37.799 [WARN] [thread-id 1] - variable partialCheckout was used, but r2 could not find a value for this variable. returning default of null
2023-05-24 14:37:37.802 [DEBUG] [thread-id 1] - Store in: store the value 'null' in the variable 'altFulfillmentText'
2023-05-24 14:37:37.804 [DEBUG] [thread-id 1] - Store in: store the value 'null' in the variable 'validationScope'
2023-05-24 14:37:37.805 [DEBUG] [thread-id 1] - Store in: store the value 'false' in the variable 'unscheduled'
2023-05-24 14:37:37.806 [DEBUG] [thread-id 1] - Store in: store the value 'false' in the variable 'partialCheckout'
2023-05-24 14:37:37.807 [DEBUG] [thread-id 1] - -------Validate Shipping cart details function end-------
2023-05-24 14:37:37.807 [DEBUG] [thread-id 1] - Executing function: 'us.functions.cart.checkoutWithSlotBooking'
2023-05-24 14:37:48.011 [DEBUG] [thread-id 1] - conditionally execute a flow. condition: false
2023-05-24 14:37:49.119 [DEBUG] [thread-id 1] - Store in: store the value 'null' in the variable 'page'
2023-05-24 14:37:50.311 [DEBUG] [thread-id 1] - Executing function: 'us.functions.cart.continueToCheckoutOrNewOrder'
2023-05-24 14:37:50.919 [DEBUG] [thread-id 1] - conditionally execute a flow. condition: true
2023-05-24 14:37:52.628 [DEBUG] [thread-id 1] - Click element: '//XCUIElementTypeButton[@name="CartFinishButton"]'
2023-05-24 14:37:53.048 [DEBUG] [thread-id 1] - Executing function: 'us.functions.reserveSlot.fcormpselectaddressandcontinue'
2023-05-24 14:38:03.712 [DEBUG] [thread-id 1] - Executing function: 'us.functions.home.closeWPlusPromotionPopUpIfDisplayed'
2023-05-24 14:38:03.713 [DEBUG] [thread-id 1] - sleep:  5000 milliseconds
2023-05-24 14:38:19.932 [DEBUG] [thread-id 1] - Executing function: 'us.functions.cart.continueMissingAnythingScreen'
2023-05-24 14:38:19.938 [DEBUG] [thread-id 1] - sleep:  5000 milliseconds
2023-05-24 14:38:35.914 [DEBUG] [thread-id 1] - Executing function: 'us.functions.home.closeWPlusPromotionPopUpIfDisplayed'
2023-05-24 14:38:35.919 [DEBUG] [thread-id 1] - sleep:  5000 milliseconds
2023-05-24 14:38:52.134 [DEBUG] [thread-id 1] - Executing function: 'us.functions.selectBookingSlot'
2023-05-24 14:38:52.136 [DEBUG] [thread-id 1] - Executing function: 'us.functions.loadBookingSlotScreen'
2023-05-24 14:38:52.138 [DEBUG] [thread-id 1] - ------ Loading booking slot screen ------
2023-05-24 14:38:52.159 [DEBUG] [thread-id 1] - conditionally execute a flow. condition: false
2023-05-24 14:38:52.849 [WARN] [thread-id 1] - variable signInRequired was used, but r2 could not find a value for this variable. returning default of null
2023-05-24 14:38:52.854 [DEBUG] [thread-id 1] - Executing function: 'us.functions.utils.handleTechnicalErrorPopup'
2023-05-24 14:38:52.854 [DEBUG] [thread-id 1] - Store in: store the value 'false' in the variable 'errorRemoved'
2023-05-24 14:38:52.855 [DEBUG] [thread-id 1] - sleep:  10000 milliseconds
2023-05-24 14:39:02.861 [DEBUG] [thread-id 1] - loop: from 0 to 3
2023-05-24 14:39:03.524 [DEBUG] [thread-id 1] - 0
2023-05-24 14:39:14.585 [DEBUG] [thread-id 1] - conditionally execute a flow. condition: false
2023-05-24 14:39:15.262 [DEBUG] [thread-id 1] - Store in: store the value 'true' in the variable 'errorRemoved'
2023-05-24 14:39:16.003 [DEBUG] [thread-id 1] - No Technical Error Pop up observed
2023-05-24 14:39:27.112 [WARN] [thread-id 1] - variable skipSlotPage was used, but r2 could not find a value for this variable. returning default of null
2023-05-24 14:39:27.114 [DEBUG] [thread-id 1] - conditionally execute a flow. condition: false
2023-05-24 14:39:27.771 [DEBUG] [thread-id 1] - ------ Loading booking slot screen completed ------
2023-05-24 14:39:28.569 [DEBUG] [thread-id 1] - ------ Loading required tab ------
2023-05-24 14:39:29.999 [DEBUG] [thread-id 1] - conditionally execute a flow. condition: true
2023-05-24 14:39:30.687 [DEBUG] [thread-id 1] - ------ Loading Delivery tab ------
2023-05-24 14:39:41.967 [DEBUG] [thread-id 1] - conditionally execute a flow. condition: false
2023-05-24 14:39:42.645 [DEBUG] [thread-id 1] - Executing function: 'us.functions.selectTabForSlotBooking'
2023-05-24 14:39:42.647 [DEBUG] [thread-id 1] - Executing function: 'us.functions.verifySlotPageIsLoaded'
2023-05-24 14:39:43.304 [DEBUG] [thread-id 1] - Verify identifier: {SlotHoursViewController.tableView=[true]}
2023-05-24 14:39:44.057 [DEBUG] [thread-id 1] - Book slot page loaded
2023-05-24 14:39:44.105 [DEBUG] [thread-id 1] - conditionally execute a flow. condition: false
2023-05-24 14:39:54.804 [DEBUG] [thread-id 1] - conditionally execute a flow. condition: false
2023-05-24 14:39:55.600 [DEBUG] [thread-id 1] - Click element: 'Delivery from store'
2023-05-24 14:39:56.397 [DEBUG] [thread-id 1] - Executing function: 'us.functions.utils.handleTechnicalErrorPopup'
2023-05-24 14:39:56.397 [DEBUG] [thread-id 1] - Store in: store the value 'false' in the variable 'errorRemoved'
2023-05-24 14:39:56.397 [DEBUG] [thread-id 1] - sleep:  10000 milliseconds
2023-05-24 14:40:06.400 [DEBUG] [thread-id 1] - loop: from 0 to 3
2023-05-24 14:40:07.123 [DEBUG] [thread-id 1] - 0
2023-05-24 14:40:18.910 [DEBUG] [thread-id 1] - conditionally execute a flow. condition: false
2023-05-24 14:40:19.616 [DEBUG] [thread-id 1] - Store in: store the value 'true' in the variable 'errorRemoved'
2023-05-24 14:40:20.346 [DEBUG] [thread-id 1] - No Technical Error Pop up observed
2023-05-24 14:40:22.508 [DEBUG] [thread-id 1] - ------ Loading required tab completed ------
2023-05-24 14:40:23.226 [DEBUG] [thread-id 1] - conditionally execute a flow. condition: true
2023-05-24 14:40:23.921 [DEBUG] [thread-id 1] - New address is to be added
2023-05-24 14:40:24.659 [WARN] [thread-id 1] - variable addressAdded was used, but r2 could not find a value for this variable. returning default of null
2023-05-24 14:40:24.660 [DEBUG] [thread-id 1] - conditionally execute a flow. condition: false
2023-05-24 14:40:25.393 [DEBUG] [thread-id 1] - ------ Adding address ------
2023-05-24 14:40:36.765 [DEBUG] [thread-id 1] - conditionally execute a flow. condition: false
2023-05-24 14:40:37.457 [DEBUG] [thread-id 1] - Changing address
2023-05-24 14:40:38.315 [DEBUG] [thread-id 1] - Click element: 'FulfillmentDetailView.changeButton'
2023-05-24 14:40:40.355 [DEBUG] [thread-id 1] - conditionally execute a flow. condition: true
2023-05-24 14:40:41.266 [DEBUG] [thread-id 1] - conditionally execute a flow. condition: true
2023-05-24 14:40:42.156 [DEBUG] [thread-id 1] - Adding existing address
2023-05-24 14:40:43.670 [DEBUG] [thread-id 1] - Click element: '//XCUIElementTypeStaticText[@name="Edit"]//ancestor::XCUIElementTypeCell//XCUIElementTypeButton[@name="AddressSelectTableViewCell.itemStackView"]'
2023-05-24 14:40:45.364 [DEBUG] [thread-id 1] - Click element: '//XCUIElementTypeButton[contains(@label,"Continue")] | //XCUIElementTypeButton[contains(@label, "Save")]'
2023-05-24 14:40:46.688 [DEBUG] [thread-id 1] - sleep:  10000 milliseconds
2023-05-24 14:40:57.680 [DEBUG] [thread-id 1] - Store in: store the value 'true' in the variable 'addressAdded'
2023-05-24 14:40:58.653 [DEBUG] [thread-id 1] - conditionally execute a flow. condition: true
2023-05-24 14:40:59.541 [DEBUG] [thread-id 1] - Address already added
2023-05-24 14:41:00.491 [DEBUG] [thread-id 1] - Executing function: 'us.functions.utils.handleTechnicalErrorPopup'
2023-05-24 14:41:00.492 [DEBUG] [thread-id 1] - Store in: store the value 'false' in the variable 'errorRemoved'
2023-05-24 14:41:00.492 [DEBUG] [thread-id 1] - sleep:  10000 milliseconds
2023-05-24 14:41:10.499 [DEBUG] [thread-id 1] - loop: from 0 to 3
2023-05-24 14:41:11.426 [DEBUG] [thread-id 1] - 0
2023-05-24 14:41:22.533 [DEBUG] [thread-id 1] - conditionally execute a flow. condition: false
2023-05-24 14:41:23.399 [DEBUG] [thread-id 1] - Store in: store the value 'true' in the variable 'errorRemoved'
2023-05-24 14:41:24.346 [DEBUG] [thread-id 1] - No Technical Error Pop up observed
2023-05-24 14:41:26.191 [DEBUG] [thread-id 1] - Store in: store the value 'true' in the variable 'addressAdded'
2023-05-24 14:41:26.236 [WARN] [thread-id 1] - variable skipSlotPage was used, but r2 could not find a value for this variable. returning default of null
2023-05-24 14:41:26.240 [DEBUG] [thread-id 1] - conditionally execute a flow. condition: false
2023-05-24 14:41:27.122 [WARN] [thread-id 1] - variable timeSlot was used, but r2 could not find a value for this variable. returning default of null
2023-05-24 14:41:27.123 [WARN] [thread-id 1] - variable timeSlot was used, but r2 could not find a value for this variable. returning default of null
2023-05-24 14:41:27.127 [DEBUG] [thread-id 1] - conditionally execute a flow. condition: false
2023-05-24 14:41:27.976 [DEBUG] [thread-id 1] - Executing function: 'us.functions.slotDataSetUp'
2023-05-24 14:41:27.983 [WARN] [thread-id 1] - variable timeSlot was used, but r2 could not find a value for this variable. returning default of null
2023-05-24 14:41:27.987 [DEBUG] [thread-id 1] - conditionally execute a flow. condition: true
2023-05-24 14:41:28.848 [DEBUG] [thread-id 1] - Store in: store the value 'generic' in the variable 'timeSlot'
2023-05-24 14:41:29.728 [DEBUG] [thread-id 1] - Executing function: 'us.functions.selectDayForSlotDisplay'
2023-05-24 14:41:29.730 [DEBUG] [thread-id 1] - sleep:  3000 milliseconds
2023-05-24 14:41:43.552 [DEBUG] [thread-id 1] - Executing function: 'us.functions.daySlotInitialSetUp'
2023-05-24 14:41:43.554 [DEBUG] [thread-id 1] - Identifying day for slot selection
2023-05-24 14:41:43.556 [DEBUG] [thread-id 1] - conditionally execute a flow. condition: false
2023-05-24 14:41:44.504 [DEBUG] [thread-id 1] - conditionally execute a flow. condition: true
2023-05-24 14:41:45.434 [DEBUG] [thread-id 1] - Store in: store the value '2' in the variable 'slotDayIndex'
2023-05-24 14:41:46.490 [DEBUG] [thread-id 1] - Store in: store the value '3' in the variable 'slotDayIndexAlt'
2023-05-24 14:41:46.540 [DEBUG] [thread-id 1] - conditionally execute a flow. condition: false
2023-05-24 14:41:59.910 [DEBUG] [thread-id 1] - Click element: '//XCUIElementTypeButton[@name="DaySelectionCollectionCell.circleView" and (contains(@label,"Today") or contains(@label,"today"))]//ancestor::XCUIElementTypeCell/following-sibling::XCUIElementTypeCell[2] | //XCUIElementTypeCollectionView[@name="DaySelectionViewController.collectionView"]/XCUIElementTypeCell[3]'
2023-05-24 14:42:06.450 [DEBUG] [thread-id 1] - Executing function: 'us.functions.checkSlotAvailability'
2023-05-24 14:42:06.453 [DEBUG] [thread-id 1] - loop: from 1 to 3
2023-05-24 14:42:08.359 [DEBUG] [thread-id 1] - Verify identifier: {//XCUIElementTypeTable[@name="SlotHoursViewController.tableView"]/XCUIElementTypeCell/XCUIElementTypeButton[@name="SlotHoursCell.slotHoursView"]=[true]}
2023-05-24 14:42:09.028 [DEBUG] [thread-id 1] - Slots are available on the selected day
2023-05-24 14:42:09.737 [DEBUG] [thread-id 1] - ------ Slot day selection completed ------
2023-05-24 14:42:10.425 [WARN] [thread-id 1] - variable wplusUser was used, but r2 could not find a value for this variable. returning default of null
2023-05-24 14:42:10.425 [WARN] [thread-id 1] - variable wplusUser was used, but r2 could not find a value for this variable. returning default of null
2023-05-24 14:42:10.426 [DEBUG] [thread-id 1] - conditionally execute a flow. condition: false
2023-05-24 14:42:11.088 [WARN] [thread-id 1] - variable wplusUser was used, but r2 could not find a value for this variable. returning default of null
2023-05-24 14:42:11.792 [DEBUG] [thread-id 1] - Executing function: 'us.functions.selectTimeSlot'
2023-05-24 14:42:11.806 [DEBUG] [thread-id 1] - conditionally execute a flow. condition: true
2023-05-24 14:42:12.488 [DEBUG] [thread-id 1] - ------Selecting general time slot------
2023-05-24 14:42:23.414 [DEBUG] [thread-id 1] - conditionally execute a flow. condition: false
2023-05-24 14:42:25.248 [DEBUG] [thread-id 1] - Verify identifier: {(//XCUIElementTypeButton[@name="SlotHoursCell.slotHoursView"])[3]=[true]}
2023-05-24 14:42:25.959 [DEBUG] [thread-id 1] - Required time slot is available for selection
2023-05-24 14:42:26.668 [DEBUG] [thread-id 1] - Executing function: 'us.functions.utils.scrollIfNotVisible'
2023-05-24 14:42:27.807 [DEBUG] [thread-id 1] - Verify identifier: {(//XCUIElementTypeButton[@name="SlotHoursCell.slotHoursView"])[3]=[true]}
2023-05-24 14:42:28.577 [DEBUG] [thread-id 1] - Element already visible, scrolling is skipped
2023-05-24 14:42:28.607 [DEBUG] [thread-id 1] - Resetting scrollPosition variable to default
2023-05-24 14:42:28.607 [DEBUG] [thread-id 1] - Store in: store the value 'null' in the variable 'scrollPosition'
2023-05-24 14:42:28.608 [DEBUG] [thread-id 1] - Store in: store the value 'null' in the variable 'identifierScope'
2023-05-24 14:42:29.768 [DEBUG] [thread-id 1] - Click element: '(//XCUIElementTypeButton[@name="SlotHoursCell.slotHoursView"])[3]'
2023-05-24 14:42:31.012 [DEBUG] [thread-id 1] - sleep:  1000 milliseconds
2023-05-24 14:42:32.740 [DEBUG] [thread-id 1] - Executing function: 'us.functions.reserveSlot.changeStoreHandlingIfRequired'
2023-05-24 14:42:53.375 [DEBUG] [thread-id 1] - Set store window not displayed, skipping store set process
2023-05-24 14:42:54.517 [DEBUG] [thread-id 1] - Verify identifier: {(//XCUIElementTypeButton[@name="SlotHoursCell.slotHoursView"])[3]=[true]}
2023-05-24 14:42:54.530 [DEBUG] [thread-id 1] - ------ Slot time selection completed ------
2023-05-24 14:42:55.255 [DEBUG] [thread-id 1] - Executing function: 'us.mappings.confirmSlotSelection'
2023-05-24 14:42:55.257 [DEBUG] [thread-id 1] - Store in: store the value 'null' in the variable 'buttonType'
2023-05-24 14:42:55.658 [DEBUG] [thread-id 1] - Click element: '//XCUIElementTypeButton[@name="ReserveSlotView.saveButton"]'
2023-05-24 14:43:06.023 [DEBUG] [thread-id 1] - Executing function: 'us.functions.cart.handleItemUpdatesBottomTray'
2023-05-24 14:43:06.534 [DEBUG] [thread-id 1] - conditionally execute a flow. condition: true
2023-05-24 14:43:07.974 [DEBUG] [thread-id 1] - Click element: '//XCUIElementTypeButton[@name="ItemsUpdateViewController.actionButton"] | //XCUIElementTypeStaticText[@name="Got it"]'
2023-05-24 14:43:09.386 [DEBUG] [thread-id 1] - sleep:  5000 milliseconds
2023-05-24 14:43:25.731 [DEBUG] [thread-id 1] - Executing function: 'us.functions.utils.handleTechnicalErrorPopup'
2023-05-24 14:43:25.733 [DEBUG] [thread-id 1] - Store in: store the value 'false' in the variable 'errorRemoved'
2023-05-24 14:43:25.735 [DEBUG] [thread-id 1] - sleep:  10000 milliseconds
2023-05-24 14:43:35.739 [DEBUG] [thread-id 1] - loop: from 0 to 3
2023-05-24 14:43:37.520 [DEBUG] [thread-id 1] - 0
2023-05-24 14:43:51.354 [DEBUG] [thread-id 1] - conditionally execute a flow. condition: false
2023-05-24 14:43:53.106 [DEBUG] [thread-id 1] - Store in: store the value 'true' in the variable 'errorRemoved'
2023-05-24 14:43:54.954 [DEBUG] [thread-id 1] - No Technical Error Pop up observed
2023-05-24 14:44:07.719 [DEBUG] [thread-id 1] - Store in: store the value 'null' in the variable 'buttonType'
2023-05-24 14:44:07.723 [DEBUG] [thread-id 1] - ------ Slot selection saved ------
2023-05-24 14:44:07.782 [DEBUG] [thread-id 1] - Executing function: 'us.functions.slotDataReset'
2023-05-24 14:44:07.783 [DEBUG] [thread-id 1] - Store in: store the value 'false' in the variable 'skipSlotPage'
2023-05-24 14:44:07.788 [DEBUG] [thread-id 1] - Store in: store the value 'false' in the variable 'unscheduled'
2023-05-24 14:44:07.796 [DEBUG] [thread-id 1] - Store in: store the value 'null' in the variable 'wplusUser'
2023-05-24 14:44:07.801 [DEBUG] [thread-id 1] - Store in: store the value 'null' in the variable 'page'
2023-05-24 14:44:09.584 [DEBUG] [thread-id 1] - Executing function: 'us.functions.cart.handleItemUpdatesBottomTray'
2023-05-24 14:44:22.739 [DEBUG] [thread-id 1] - sleep:  5000 milliseconds
2023-05-24 14:44:28.911 [DEBUG] [thread-id 1] - conditionally execute a flow. condition: true
2023-05-24 14:44:31.923 [DEBUG] [thread-id 1] - Click element: '//XCUIElementTypeButton[@name="SplashPageViewController.closeButton" or contains(@label, "Close Walmart plus promotional pop up")] | //XCUIElementTypeNavigationBar[@name="WalmartPlus.SplashPageView"]/XCUIElementTypeButton | //XCUIElementTypeButton[@name="close" or @name="Close"] | //XCUIElementTypeButton[@name="SplashPageViewController.fullScreenCloseButton"]'
2023-05-24 14:44:32.566 [DEBUG] [thread-id 1] - Executing function: 'us.functions.checkout.reviewOrder.verifyCardDetails'
2023-05-24 14:44:32.568 [DEBUG] [thread-id 1] - Executing function: 'us.functions.utils.getFulfillmentTextsToCompare'
2023-05-24 14:44:32.577 [DEBUG] [thread-id 1] - conditionally execute a flow. condition: true
2023-05-24 14:44:34.328 [DEBUG] [thread-id 1] - conditionally execute a flow. condition: false
2023-05-24 14:44:35.861 [DEBUG] [thread-id 1] - conditionally execute a flow. condition: false
2023-05-24 14:44:37.384 [DEBUG] [thread-id 1] - conditionally execute a flow. condition: true
2023-05-24 14:44:38.899 [DEBUG] [thread-id 1] - Store in: store the value 'delivery' in the variable 'altFulfillmentText'
2023-05-24 14:44:38.949 [DEBUG] [thread-id 1] - -----------Delivery section validation start-----------
2023-05-24 14:44:38.950 [WARN] [thread-id 1] - variable initialCheckoutDataSetup was used, but r2 could not find a value for this variable. returning default of null
2023-05-24 14:44:38.951 [DEBUG] [thread-id 1] - conditionally execute a flow. condition: true
2023-05-24 14:44:40.471 [DEBUG] [thread-id 1] - sleep:  5000 milliseconds
2023-05-24 14:44:47.881 [DEBUG] [thread-id 1] - conditionally execute a flow. condition: true
2023-05-24 14:44:49.450 [DEBUG] [thread-id 1] - Review order page loaded successfully
2023-05-24 14:44:51.064 [DEBUG] [thread-id 1] - Store in: store the value 'complete' in the variable 'initialCheckoutDataSetup'
2023-05-24 14:44:51.078 [DEBUG] [thread-id 1] - conditionally execute a flow. condition: false
2023-05-24 14:44:52.602 [DEBUG] [thread-id 1] - conditionally execute a flow. condition: false
2023-05-24 14:44:54.123 [DEBUG] [thread-id 1] - conditionally execute a flow. condition: false
2023-05-24 14:44:55.657 [DEBUG] [thread-id 1] - conditionally execute a flow. condition: false
2023-05-24 14:44:57.173 [DEBUG] [thread-id 1] - Store in: store the value 'Delivery' in the variable 'viewType'
2023-05-24 14:44:57.209 [DEBUG] [thread-id 1] - Validating fulfillment section Delivery
2023-05-24 14:44:59.820 [DEBUG] [thread-id 1] - Verify identifier: {//*[(@name="FulfillmentTitleView.titlePrefixLabel" or @name="FulfillmentSummaryView.titlePrefixLabel") and (contains(@label, "Delivery") or contains(@label, "delivery"))] | //*[@name="FulfillmentSummaryView.detailLabel" and contains(@label, "Delivery")]=[true]}
2023-05-24 14:44:59.889 [DEBUG] [thread-id 1] - Validated basic fulfillment details
2023-05-24 14:44:59.891 [DEBUG] [thread-id 1] - conditionally execute a flow. condition: true
2023-05-24 14:45:04.422 [DEBUG] [thread-id 1] - Verify identifier: {//*[(@name="FulfillmentTitleView.titlePrefixLabel" or @name="FulfillmentSummaryView.titlePrefixLabel") and (contains(@label, "Delivery") or contains(@label, "delivery"))]//ancestor::*[@name="DeliveryViewController.titleView" or @name="DeliveryViewController.titleViewHolder"]//following-sibling::*[@name="DeliveryViewController.containerView"]//*[@name="FulfillmentSummaryView.nameLabel"]=[true], //*[(@name="FulfillmentTitleView.titlePrefixLabel" or @name="FulfillmentSummaryView.titlePrefixLabel") and (contains(@label, "Delivery") or contains(@label, "delivery"))]//ancestor::*[@name="DeliveryViewController.titleView" or @name="DeliveryViewController.titleViewHolder"]//following-sibling::*[@name="DeliveryViewController.containerView"]//*[@name="FulfillmentSummaryView.detailLabel"]=[true], //*[(@name="FulfillmentTitleView.titlePrefixLabel" or @name="FulfillmentSummaryView.titlePrefixLabel") and (contains(@label, "Delivery") or contains(@label, "delivery"))]//ancestor::*[@name="DeliveryViewController.titleView" or @name="DeliveryViewController.titleViewHolder"]//following-sibling::*[@name="DeliveryViewController.containerView"]//*[@name="FulfillmentProductGroupView.countLabel"]=[true]}
2023-05-24 14:45:06.023 [DEBUG] [thread-id 1] - Validated fulfillment time, name, address, item count and view link details
2023-05-24 14:45:07.583 [DEBUG] [thread-id 1] - conditionally execute a flow. condition: false
2023-05-24 14:45:09.119 [WARN] [thread-id 1] - variable expressSlot was used, but r2 could not find a value for this variable. returning default of null
2023-05-24 14:45:09.155 [DEBUG] [thread-id 1] - Store in: store the value 'null' in the variable 'altFulfillmentText'
2023-05-24 14:45:09.155 [DEBUG] [thread-id 1] - -----------Delivery section validation end-------------
2023-05-24 14:45:09.156 [DEBUG] [thread-id 1] - Executing function: 'us.functions.checkout.reviewOrder.verifyingTip'
2023-05-24 14:45:10.718 [DEBUG] [thread-id 1] - Verify identifier: {PlaceOrderView.placeOrderButton=[true]}
2023-05-24 14:45:21.490 [DEBUG] [thread-id 1] - Executing function: 'us.functions.checkout.placeOrder'
2023-05-24 14:45:21.492 [DEBUG] [thread-id 1] - Executing function: 'us.functions.checkout.confirmCvvBeforePlaceOrder'
2023-05-24 14:45:21.492 [DEBUG] [thread-id 1] - Scroll: down
2023-05-24 14:45:37.700 [DEBUG] [thread-id 1] - loop: from 1 to 4
2023-05-24 14:45:39.286 [DEBUG] [thread-id 1] - Place order try count - 1
2023-05-24 14:45:40.947 [DEBUG] [thread-id 1] - Verify identifier: {PlaceOrderView.placeOrderButton=[true]}
2023-05-24 14:45:52.894 [DEBUG] [thread-id 1] - Click element: 'PlaceOrderView.placeOrderButton'
2023-05-24 14:45:55.434 [WARN] [thread-id 1] - variable ebtExists was used, but r2 could not find a value for this variable. returning default of null
2023-05-24 14:45:57.070 [DEBUG] [thread-id 1] - sleep:  15000 milliseconds
2023-05-24 14:46:27.271 [DEBUG] [thread-id 1] - conditionally execute a flow. condition: false
2023-05-24 14:46:41.997 [DEBUG] [thread-id 1] - conditionally execute a flow. condition: false
2023-05-24 14:46:45.108 [DEBUG] [thread-id 1] - Executing function: 'us.functions.orderConfirmation.orderCreationValidation'
2023-05-24 14:46:48.053 [DEBUG] [thread-id 1] - conditionally execute a flow. condition: true
2023-05-24 14:46:51.063 [DEBUG] [thread-id 1] - Order created successfully
2023-05-24 14:46:51.077 [DEBUG] [thread-id 1] - R2_SUBFLOW_POST_TRANSACTION
2023-05-24 14:46:51.078 [DEBUG] [thread-id 1] - Executing function: 'us.functions.orderConfirmation.ratings'
2023-05-24 14:46:51.078 [DEBUG] [thread-id 1] - sleep:  10000 milliseconds
2023-05-24 14:47:01.875 [DEBUG] [thread-id 1] - conditionally execute a flow. condition: true
2023-05-24 14:47:05.494 [DEBUG] [thread-id 1] - Click element: '//XCUIElementTypeButton[@name="Not Now"]'
2023-05-24 14:47:05.968 [DEBUG] [thread-id 1] - Executing function: 'us.functions.orderConfirmation.getOrderNumber'
2023-05-24 14:47:08.821 [DEBUG] [thread-id 1] - get string: from 'OrderNumberViewController.orderNumberLabel' [type='null']
2023-05-24 14:47:08.821 [DEBUG] [thread-id 1] - sleep:  30000 milliseconds
2023-05-24 14:47:38.826 [DEBUG] [thread-id 1] - 100000137751852
2023-05-24 14:47:38.829 [DEBUG] [thread-id 1] - Executing function: 'us.functions.orderConfirmation.verifyCardDetails'
2023-05-24 14:47:38.834 [DEBUG] [thread-id 1] - Executing function: 'us.functions.utils.getFulfillmentTextsToCompare'
2023-05-24 14:47:38.838 [DEBUG] [thread-id 1] - conditionally execute a flow. condition: true
2023-05-24 14:47:40.952 [DEBUG] [thread-id 1] - conditionally execute a flow. condition: true
2023-05-24 14:47:43.056 [DEBUG] [thread-id 1] - Store in: store the value 'shipping' in the variable 'altFulfillmentText'
2023-05-24 14:47:43.100 [DEBUG] [thread-id 1] - -----------Shipping section validation start-----------
2023-05-24 14:47:43.102 [WARN] [thread-id 1] - variable OCMainValidated was used, but r2 could not find a value for this variable. returning default of null
2023-05-24 14:47:43.103 [DEBUG] [thread-id 1] - conditionally execute a flow. condition: true
2023-05-24 14:47:45.195 [DEBUG] [thread-id 1] - sleep:  5000 milliseconds
2023-05-24 14:47:52.296 [DEBUG] [thread-id 1] - Verify identifier: {OrderNumberViewController.orderNumberLabel=[true]}
2023-05-24 14:47:54.345 [DEBUG] [thread-id 1] - Store in: store the value 'complete' in the variable 'OCMainValidated'
2023-05-24 14:47:54.417 [DEBUG] [thread-id 1] - conditionally execute a flow. condition: false
2023-05-24 14:47:56.504 [DEBUG] [thread-id 1] - conditionally execute a flow. condition: false
2023-05-24 14:47:58.535 [DEBUG] [thread-id 1] - conditionally execute a flow. condition: false
2023-05-24 14:48:00.610 [DEBUG] [thread-id 1] - conditionally execute a flow. condition: false
2023-05-24 14:48:02.696 [DEBUG] [thread-id 1] - Store in: store the value 'Delivery' in the variable 'viewType'
2023-05-24 14:48:02.818 [DEBUG] [thread-id 1] - Validating fulfillment section Shipping
2023-05-24 14:48:03.650 [DEBUG] [thread-id 1] - Verify identifier: {//*[(@name="FulfillmentTitleView.titlePrefixLabel" or @name="FulfillmentSummaryView.alternateTitleLabel") and (contains(@label, "Shipping") or contains(@label, "shipping"))] | //*[@name="FulfillmentSummaryView.detailLabel" and (contains(@label, "Shipping") or contains(@label, "shipping"))]=[true]}
2023-05-24 14:48:03.665 [DEBUG] [thread-id 1] - Validated basic fulfillment details
2023-05-24 14:48:03.674 [DEBUG] [thread-id 1] - conditionally execute a flow. condition: true
2023-05-24 14:48:08.256 [DEBUG] [thread-id 1] - Verify identifier: {//*[@name="FulfillmentTitleView.titlePrefixLabel" and (contains(@label, "Shipping") or contains(@label, "shipping"))]//ancestor::*[@name="DeliveryViewController.titleView"]//following-sibling::*[@name="DeliveryViewController.containerView"]//*[@name="FulfillmentSummaryView.detailLabel"] | //XCUIElementTypeStaticText[@name="FulfillmentSummaryView.alternateTitleLabel" and (contains(@label, "Shipping") or contains(@label, "shipping"))]//following-sibling::*//*[@name="FulfillmentSummaryView.detailLabel"]=[true], //*[@name="FulfillmentTitleView.titlePrefixLabel" and (contains(@label, "Shipping") or contains(@label, "shipping"))]//ancestor::*[@name="DeliveryViewController.titleView"]//following-sibling::*[@name="DeliveryViewController.containerView"]//*[@name="FulfillmentSummaryView.addressLabel"] | //XCUIElementTypeStaticText[@name="FulfillmentSummaryView.alternateTitleLabel" and (contains(@label, "Shipping") or contains(@label, "shipping"))]//following-sibling::*[@name="FulfillmentSummaryView.addressLabel"]=[true], //*[(@name="FulfillmentTitleView.titlePrefixLabel" or @name="FulfillmentSummaryView.alternateTitleLabel") and (contains(@label, "Shipping") or contains(@label, "shipping"))]//ancestor::*[@name="DeliveryViewController.titleView" or @name="DeliveryViewController.fulfillmentView"]//following-sibling::*[@name="DeliveryViewController.containerView" or @name="DeliveryViewController.productView"]//*[@name="FulfillmentProductGroupView.countLabel"]=[true]}
2023-05-24 14:48:10.447 [DEBUG] [thread-id 1] - Validated fulfillment time, name, adrress and item count details
2023-05-24 14:48:10.479 [DEBUG] [thread-id 1] - Store in: store the value 'null' in the variable 'altFulfillmentText'
2023-05-24 14:48:10.480 [DEBUG] [thread-id 1] - -----------Shipping section validation end-------------
2023-05-24 14:48:10.481 [DEBUG] [thread-id 1] - Executing function: 'us.functions.orderConfirmation.verifyCardDetails'
2023-05-24 14:48:10.484 [DEBUG] [thread-id 1] - conditionally execute a flow. condition: true
2023-05-24 14:48:12.593 [DEBUG] [thread-id 1] - conditionally execute a flow. condition: false
2023-05-24 14:48:14.703 [DEBUG] [thread-id 1] - conditionally execute a flow. condition: false
2023-05-24 14:48:16.818 [DEBUG] [thread-id 1] - conditionally execute a flow. condition: true
2023-05-24 14:48:18.933 [DEBUG] [thread-id 1] - Store in: store the value 'delivery' in the variable 'altFulfillmentText'
2023-05-24 14:48:18.974 [DEBUG] [thread-id 1] - -----------Delivery section validation start-----------
2023-05-24 14:48:18.975 [DEBUG] [thread-id 1] - conditionally execute a flow. condition: false
2023-05-24 14:48:21.090 [DEBUG] [thread-id 1] - Order confirmation headers already validated. Validating fulfillment section now
2023-05-24 14:48:21.177 [DEBUG] [thread-id 1] - conditionally execute a flow. condition: false
2023-05-24 14:48:23.297 [DEBUG] [thread-id 1] - conditionally execute a flow. condition: false
2023-05-24 14:48:25.418 [DEBUG] [thread-id 1] - conditionally execute a flow. condition: false
2023-05-24 14:48:27.512 [DEBUG] [thread-id 1] - conditionally execute a flow. condition: false
2023-05-24 14:48:29.622 [DEBUG] [thread-id 1] - Store in: store the value 'Delivery' in the variable 'viewType'
2023-05-24 14:48:29.685 [DEBUG] [thread-id 1] - Validating fulfillment section Delivery
2023-05-24 14:48:30.532 [DEBUG] [thread-id 1] - Verify identifier: {//*[(@name="FulfillmentTitleView.titlePrefixLabel" or @name="FulfillmentSummaryView.alternateTitleLabel") and (contains(@label, "Delivery") or contains(@label, "delivery"))] | //*[@name="FulfillmentSummaryView.detailLabel" and (contains(@label, "Delivery") or contains(@label, "delivery"))]=[true]}
2023-05-24 14:48:30.532 [DEBUG] [thread-id 1] - Validated basic fulfillment details
2023-05-24 14:48:30.533 [DEBUG] [thread-id 1] - conditionally execute a flow. condition: true
2023-05-24 14:48:35.073 [DEBUG] [thread-id 1] - Verify identifier: {//*[@name="FulfillmentTitleView.titlePrefixLabel" and (contains(@label, "Delivery") or contains(@label, "delivery"))]//ancestor::*[@name="DeliveryViewController.titleView"]//following-sibling::*[@name="DeliveryViewController.containerView"]//*[@name="FulfillmentSummaryView.addressLabel"] | //XCUIElementTypeStaticText[@name="FulfillmentSummaryView.alternateTitleLabel" and (contains(@label, "Delivery") or contains(@label, "delivery"))]//following-sibling::*[@name="FulfillmentSummaryView.addressLabel"]=[true], //*[@name="FulfillmentTitleView.titlePrefixLabel" and (contains(@label, "Delivery") or contains(@label, "delivery"))]//ancestor::*[@name="DeliveryViewController.titleView"]//following-sibling::*[@name="DeliveryViewController.containerView"]//*[@name="FulfillmentSummaryView.detailLabel"] | //XCUIElementTypeStaticText[@name="FulfillmentSummaryView.alternateTitleLabel" and (contains(@label, "Delivery") or contains(@label, "delivery"))]//following-sibling::*//*[@name="FulfillmentSummaryView.detailLabel"]=[true], //*[(@name="FulfillmentTitleView.titlePrefixLabel" or @name="FulfillmentSummaryView.alternateTitleLabel") and (contains(@label, "Delivery") or contains(@label, "delivery"))]//ancestor::*[@name="DeliveryViewController.titleView" or @name="DeliveryViewController.fulfillmentView"]//following-sibling::*[@name="DeliveryViewController.containerView" or @name="DeliveryViewController.productView"]//*[@name="FulfillmentProductGroupView.countLabel"]=[true]}
2023-05-24 14:48:37.232 [DEBUG] [thread-id 1] - Validated fulfillment time, name, adrress and item count details
2023-05-24 14:48:37.258 [DEBUG] [thread-id 1] - Store in: store the value 'null' in the variable 'altFulfillmentText'
2023-05-24 14:48:37.258 [DEBUG] [thread-id 1] - -----------Delivery section validation end-------------
2023-05-24 14:48:37.258 [DEBUG] [thread-id 1] - Store in: store the value 'passed' in the variable 'testStatus'
2023-05-24 14:48:39.439 [DEBUG] [thread-id 1] - Executing scenario: 'After'
2023-05-24 14:48:39.444 [DEBUG] [thread-id 1] - Executing function: 'us.functions.utils.afterSteps'
2023-05-24 14:48:39.447 [DEBUG] [thread-id 1] - conditionally execute a flow. condition: true
2023-05-24 14:48:41.507 [DEBUG] [thread-id 1] - Test passed
2023-05-24 14:48:49.410 [DEBUG] [thread-id 1] - Executing R2 3.36.0: '/Users/m0k0a2f/glass-automation/./us/test/test-scripts/ios/prod-flows/mixed-fulfillment-flows/C2657140-multi-fulfillment-fc+sc-scheduled-delivery.yaml' on device: 'iPhone 13'
2023-05-24 14:51:10.947 [DEBUG] [thread-id 1] - Created report: /Users/m0k0a2f/glass-automation/report/index.html
