2023-06-23 12:03:53.554 [DEBUG] [thread-id 1] - Executing R2 3.37.0: '/Users/m0k0a2f/glass-automation/./us/test/test-scripts/ios/golden-flows/PetRx-flows/pre-transaction/C2666399-PetRX-multi-fulfilment-Shipping-mixed-order.yaml' on device: 'iPhone 13'
2023-06-23 12:06:56.274 [DEBUG] [thread-id 1] - Executing scenario: 'Before'
2023-06-23 12:06:56.277 [DEBUG] [thread-id 1] - Execute before steps
2023-06-23 12:06:56.279 [DEBUG] [thread-id 1] - R2_SUBFLOW_PRE_TRANSACTION
2023-06-23 12:06:56.282 [DEBUG] [thread-id 1] - Executing function: 'us.functions.utils.astro.clearCart'
2023-06-23 12:06:56.462 [DEBUG] [thread-id 1] - Call API: 'http://astro.walmart.com/api/v2/teflon/customer/walp@gmail.com/clearcart'
2023-06-23 12:07:09.227 [DEBUG] [thread-id 1] - Response code is: '200'. Response body is: '{"astroStatus":"SUCCESS","astroDescription":"CART_CLEARED","astroDetails":{"dbSessionMap":{"CXO_CART_ST":"{\"mtoken\":\"2:14#249120465#2=234540100#8=235111355\"}"},"checkoutable":false,"cart":{"id":"fb162a7e-6f3e-42a6-b2fc-9c05ebe3a0e9","buyer":{"id":"70c68aba-a7ca-49ca-9daf-3eec75e8f609","type":"CUSTOMER"},"accessPoint":{"id":"6168c2e3-fc36-4827-98e6-d717d10af1d6","name":"Walmart San Jose Store #32144","storeId":32144,"fulfillmentType":"INSTORE_PICKUP","fulfillmentOption":"PICKUP","supportedTimeZone":"US/Pacific","locationInstruction":"[{\"type\":\"CHECKIN_DEFAULT\",\"value\":\"<div> <p> In order to protect the safety of our customers & associates, we've temporarily moved to a no-contact pickup in store process or curbside. </p> <br /> <br /><b>Please bring your government-issued ID</b><br /> <ol> <li>Check in with the app to let us know you're on the way.</li> <li> Park in a designated pickup spot, stay in your vehicle and keep your windows rolled up. </li> <li> A Walmart associate will request access to your trunk or back seat, then they'll load your order. </li> <li>You're all set! The associate will sign for the order.</li> </ol> </div>\"},{\"type\":\"EMAIL_DEFAULT\",\"value\":\"NA\"},{\"type\":\"CHECKIN_1\",\"value\":\"Next, tell us when you’ve parked. Park by the pickup sign and enter your parking info so we can find you faster.\"}]","isStoreEbtEligible":true,"allowAlcohol":true,"restrictions":[],"accessType":"PICKUP_CURBSIDE","storeCategory":"Supercenter","nodeType":"STORE","allowBagFee":true,"isBagFeeMandatory":false,"address":{"postalCode":"95122","addressLineOne":"777 Story Rd","city":"San Jose","state":"CA","addressTypeName":"OFFICE","isPOBox":false,"countryCode":"USA"}},"storeIds":[],"itemCount":0,"entityErrors":[],"shipping":{"id":"5b0886f6-0435-4001-ae66-bc6871890806","dbLockVersion":0,"postalCode":"95122","city":"San Jose","state":"CA","countryCode":"USA","latitude":37.606689,"longitude":-122.426362,"isPOBox":false,"isAPOFPO":false},"currencyCode":"USD","preview":false,"tenantId":0,"verticalId":0,"checkoutableErrors":[],"intent":"PICKUP","pickupStore":{"city":"San Jose","stateOrProvinceCode":"CA","countryCode":"USA","postalCode":"95122","storeId":"32144","services":[]},"deliveryStore":{"city":"San Jose","stateOrProvinceCode":"CA","countryCode":"USA","postalCode":"95122","storeId":"32144","services":[]},"mpStores":[],"fulfillmentPlans":[],"accessPoints":[{"id":"6168c2e3-fc36-4827-98e6-d717d10af1d6","name":"Walmart San Jose Store #32144","storeId":32144,"fulfillmentType":"INSTORE_PICKUP","fulfillmentOption":"PICKUP","supportedTimeZone":"US/Pacific","locationInstruction":"[{\"type\":\"CHECKIN_DEFAULT\",\"value\":\"<div> <p> In order to protect the safety of our customers & associates, we've temporarily moved to a no-contact pickup in store process or curbside. </p> <br /> <br /><b>Please bring your government-issued ID</b><br /> <ol> <li>Check in with the app to let us know you're on the way.</li> <li> Park in a designated pickup spot, stay in your vehicle and keep your windows rolled up. </li> <li> A Walmart associate will request access to your trunk or back seat, then they'll load your order. </li> <li>You're all set! The associate will sign for the order.</li> </ol> </div>\"},{\"type\":\"EMAIL_DEFAULT\",\"value\":\"NA\"},{\"type\":\"CHECKIN_1\",\"value\":\"Next, tell us when you’ve parked. Park by the pickup sign and enter your parking info so we can find you faster.\"}]","isStoreEbtEligible":true,"allowAlcohol":true,"restrictions":[],"accessType":"PICKUP_CURBSIDE","storeCategory":"Supercenter","nodeType":"STORE","allowBagFee":true,"isBagFeeMandatory":false,"address":{"postalCode":"95122","addressLineOne":"777 Story Rd","city":"San Jose","state":"CA","addressTypeName":"OFFICE","isPOBox":false,"countryCode":"USA"}}],"reservations":[],"isExplicitIntent":false,"hasGiftEligibleItem":false,"warnings":[],"restrictions":[]},"isOmniPromiseResponse":true}}'
2023-06-23 12:07:09.474 [DEBUG] [thread-id 1] - Cart cleared for walp@gmail.com
2023-06-23 12:07:09.654 [DEBUG] [thread-id 1] - Using us-errors-helpers.yaml
2023-06-23 12:07:09.817 [DEBUG] [thread-id 1] - Start Main
2023-06-23 12:07:09.821 [DEBUG] [thread-id 1] - Executing function: 'us.functions.global.onboarding.navigateOnboardingToHome'
2023-06-23 12:07:09.824 [DEBUG] [thread-id 1] - Executing function: 'us.function.utils.getEnvironmentValue'
2023-06-23 12:07:09.860 [DEBUG] [thread-id 1] - Store in: store the value 'teflon' in the variable 'env'
2023-06-23 12:07:09.866 [DEBUG] [thread-id 1] - Welcome screen loaded
2023-06-23 12:07:09.875 [DEBUG] [thread-id 1] - Verify identifier: {SignUpNudgeWelcomeViewController.titleLabel=[true]}
2023-06-23 12:07:20.026 [DEBUG] [thread-id 1] - conditionally execute a flow. condition: false
2023-06-23 12:07:20.252 [DEBUG] [thread-id 1] - Click element: 'cta.cancel.welcome'
2023-06-23 12:07:20.708 [DEBUG] [thread-id 1] - Notifiction Prompt screen loaded
2023-06-23 12:07:21.410 [DEBUG] [thread-id 1] - Verify identifier: {NotificationPermissionViewController.titleLabel=[true]}
2023-06-23 12:07:21.470 [DEBUG] [thread-id 1] - Click element: 'cta.cancel.notifications'
2023-06-23 12:07:21.692 [DEBUG] [thread-id 1] - location screen loaded
2023-06-23 12:07:21.918 [DEBUG] [thread-id 1] - Verify identifier: {LocationPermissionViewController.titleLabel=[true], LocationPermissionViewController.bodyLabel=[true]}
2023-06-23 12:07:21.970 [DEBUG] [thread-id 1] - Click element: 'cta.cancel.location'
2023-06-23 12:07:22.607 [DEBUG] [thread-id 1] - Verify identifier: {label.postal-code-entry=[true]}
2023-06-23 12:07:22.663 [DEBUG] [thread-id 1] - Enter text: '95122'
2023-06-23 12:07:24.277 [DEBUG] [thread-id 1] - Click element: 'cta.continue'
2023-06-23 12:07:24.546 [DEBUG] [thread-id 1] - Observed IDFA Sscreen
2023-06-23 12:07:26.191 [DEBUG] [thread-id 1] - conditionally execute a flow. condition: true
2023-06-23 12:07:26.484 [DEBUG] [thread-id 1] - Verify identifier: {ATTPermissionViewController.titleLabel=[true], ATTPermissionViewController.bodyLabel=[true]}
2023-06-23 12:07:26.782 [DEBUG] [thread-id 1] - Click element: 'cta.continue.location'
2023-06-23 12:07:29.123 [DEBUG] [thread-id 1] - Click element: 'Ask App Not to Track'
2023-06-23 12:07:40.219 [DEBUG] [thread-id 1] - conditionally execute a flow. condition: false
2023-06-23 12:07:40.624 [DEBUG] [thread-id 1] - modal is not displayed
2023-06-23 12:07:40.642 [DEBUG] [thread-id 1] - Executing function: 'us.functions.gic.collapseIfExpanded'
2023-06-23 12:07:41.304 [DEBUG] [thread-id 1] - Verify identifier: {//*[contains(@label,"Expanded")]=[true]}
2023-06-23 12:07:41.785 [DEBUG] [thread-id 1] - Collapsing GIC screen
2023-06-23 12:07:42.396 [DEBUG] [thread-id 1] - Click element: '//*[contains(@label,"Expanded")]'
2023-06-23 12:07:42.664 [DEBUG] [thread-id 1] - Executing function: 'us.functions.home.navigateHomeToSignIn'
2023-06-23 12:07:43.597 [DEBUG] [thread-id 1] - Click element: 'Account'
2023-06-23 12:07:44.797 [DEBUG] [thread-id 1] - Verify identifier: {SignInYourAccountTableViewCell.signInButton=[true]}
2023-06-23 12:07:44.806 [DEBUG] [thread-id 1] - loop: from 1 to 3
2023-06-23 12:07:45.349 [DEBUG] [thread-id 1] - conditionally execute a flow. condition: true
2023-06-23 12:07:45.968 [DEBUG] [thread-id 1] - Click element: 'SignInYourAccountTableViewCell.signInButton'
2023-06-23 12:07:49.169 [DEBUG] [thread-id 1] - Verify identifier: {WelcomeView.emailField=[true]}
2023-06-23 12:07:50.422 [DEBUG] [thread-id 1] - Store in: store the value 'true' in the variable 'signInValidated'
2023-06-23 12:07:51.702 [DEBUG] [thread-id 1] - conditionally execute a flow. condition: true
2023-06-23 12:07:52.981 [DEBUG] [thread-id 1] - SignIn page loaded
2023-06-23 12:07:54.244 [DEBUG] [thread-id 1] - Store in: store the value 'false' in the variable 'signInValidated'
2023-06-23 12:07:54.262 [DEBUG] [thread-id 1] - Executing function: 'us.functions.global.authentication.signInAccount'
2023-06-23 12:07:54.276 [WARN] [thread-id 1] - variable validateSignInPage was used, but r2 could not find a value for this variable. returning default of null
2023-06-23 12:07:54.289 [DEBUG] [thread-id 1] - Executing function: 'us.functions.global.authentication.dismissSelectSavedPasswordDialog'
2023-06-23 12:07:57.241 [DEBUG] [thread-id 1] - Password selection dialog not displayed
2023-06-23 12:07:58.485 [DEBUG] [thread-id 1] - Verify identifier: {WelcomeView.emailField=[true]}
2023-06-23 12:07:58.623 [DEBUG] [thread-id 1] - Enter text: 'walp@gmail.com'
2023-06-23 12:07:59.465 [DEBUG] [thread-id 1] - conditionally execute a flow. condition: true
2023-06-23 12:08:00.744 [DEBUG] [thread-id 1] - loop: from 1 to 3
2023-06-23 12:08:02.014 [DEBUG] [thread-id 1] - sleep:  3000 milliseconds
2023-06-23 12:08:06.395 [DEBUG] [thread-id 1] - conditionally execute a flow. condition: true
2023-06-23 12:08:07.757 [DEBUG] [thread-id 1] - Click element: 'WelcomeView.ctaButton'
2023-06-23 12:08:11.612 [DEBUG] [thread-id 1] - Retrying login
2023-06-23 12:08:12.882 [DEBUG] [thread-id 1] - sleep:  3000 milliseconds
2023-06-23 12:08:30.869 [DEBUG] [thread-id 1] - Verify identifier: {WelcomeView.emailField=[true]}
2023-06-23 12:08:32.201 [DEBUG] [thread-id 1] - Store in: store the value 'true' in the variable 'signInValidated'
2023-06-23 12:08:34.715 [DEBUG] [thread-id 1] - conditionally execute a flow. condition: true
2023-06-23 12:08:35.940 [DEBUG] [thread-id 1] - Store in: store the value 'false' in the variable 'signInValidated'
2023-06-23 12:08:37.190 [DEBUG] [thread-id 1] - Email entered
2023-06-23 12:08:39.878 [DEBUG] [thread-id 1] - Verify identifier: {OTPView.passwordOptionStackView=[true]}
2023-06-23 12:08:39.921 [WARN] [thread-id 1] - variable validateSignInPage was used, but r2 could not find a value for this variable. returning default of null
2023-06-23 12:08:39.923 [DEBUG] [thread-id 1] - loop: from 1 to 3
2023-06-23 12:08:41.181 [DEBUG] [thread-id 1] - sleep:  2000 milliseconds
2023-06-23 12:08:44.538 [DEBUG] [thread-id 1] - conditionally execute a flow. condition: true
2023-06-23 12:08:45.988 [DEBUG] [thread-id 1] - Enter text: 'Testing@123'
2023-06-23 12:08:47.998 [DEBUG] [thread-id 1] - sleep:  1000 milliseconds
2023-06-23 12:08:50.470 [DEBUG] [thread-id 1] - Click element: 'OTPView.ctaButton'
2023-06-23 12:08:51.791 [DEBUG] [thread-id 1] - sleep:  2000 milliseconds
2023-06-23 12:09:07.173 [DEBUG] [thread-id 1] - Hide keyboard: 'true'
2023-06-23 12:09:08.857 [DEBUG] [thread-id 1] - conditionally execute a flow. condition: true
2023-06-23 12:09:10.448 [DEBUG] [thread-id 1] - Store in: store the value 'true' in the variable 'signInValidated'
2023-06-23 12:09:23.203 [DEBUG] [thread-id 1] - conditionally execute a flow. condition: true
2023-06-23 12:09:24.815 [DEBUG] [thread-id 1] - Account signed in
2023-06-23 12:09:26.408 [DEBUG] [thread-id 1] - Store in: store the value 'false' in the variable 'signInValidated'
2023-06-23 12:09:27.983 [DEBUG] [thread-id 1] - Account Sign in Success
2023-06-23 12:09:29.562 [DEBUG] [thread-id 1] - conditionally execute a flow. condition: true
2023-06-23 12:09:31.203 [DEBUG] [thread-id 1] - Click element: 'Don’t Allow'
2023-06-23 12:09:32.002 [DEBUG] [thread-id 1] - Executing function: 'us.test.functions.utils.closeWplusPrompt.homeScreen'
2023-06-23 12:09:42.661 [DEBUG] [thread-id 1] - conditionally execute a flow. condition: false
2023-06-23 12:09:43.680 [DEBUG] [thread-id 1] - W+ Plus membership prompt is not present nothing to close continue
2023-06-23 12:09:43.709 [DEBUG] [thread-id 1] - Executing function: 'us.functions.utils.handleCartMergePopup'
2023-06-23 12:09:43.709 [DEBUG] [thread-id 1] - sleep:  7000 milliseconds
2023-06-23 12:09:50.723 [DEBUG] [thread-id 1] - loop: from 0 to 4
2023-06-23 12:09:51.771 [DEBUG] [thread-id 1] - 0
2023-06-23 12:10:04.119 [DEBUG] [thread-id 1] - conditionally execute a flow. condition: false
2023-06-23 12:10:05.158 [DEBUG] [thread-id 1] - No Technical Error Page observed
2023-06-23 12:10:06.212 [DEBUG] [thread-id 1] - Executing function: 'us.functions.global.navigation.accountToHome'
2023-06-23 12:10:06.400 [DEBUG] [thread-id 1] - Click element: 'Shop'
2023-06-23 12:10:06.984 [DEBUG] [thread-id 1] - Executing function: 'us.functions.home.closeWPlusPromotionPopUpIfDisplayed'
2023-06-23 12:10:06.985 [DEBUG] [thread-id 1] - sleep:  8000 milliseconds
2023-06-23 12:10:25.917 [DEBUG] [thread-id 1] - conditionally execute a flow. condition: false
2023-06-23 12:10:37.341 [DEBUG] [thread-id 1] - Verify identifier: {Search Walmart=[true]}
2023-06-23 12:10:37.343 [DEBUG] [thread-id 1] - Executing function: 'us.functions.home.rateDriverPopup'
2023-06-23 12:10:37.348 [DEBUG] [thread-id 1] - loop: from 1 to 6
2023-06-23 12:10:38.005 [DEBUG] [thread-id 1] - 1
2023-06-23 12:10:48.930 [DEBUG] [thread-id 1] - conditionally execute a flow. condition: false
2023-06-23 12:10:49.597 [DEBUG] [thread-id 1] - Executing function: 'us.functions.home.changeStore'
2023-06-23 12:10:49.620 [DEBUG] [thread-id 1] - Executing function: 'us.functions.gic.expandIfCollapsed'
2023-06-23 12:10:50.557 [DEBUG] [thread-id 1] - Verify identifier: {//*[contains(@label,"Collapsed")]=[true]}
2023-06-23 12:10:51.506 [DEBUG] [thread-id 1] - Click element: '//*[contains(@label,"Collapsed")]'
2023-06-23 12:10:51.836 [WARN] [thread-id 1] - variable storeOnly was used, but r2 could not find a value for this variable. returning default of null
2023-06-23 12:10:51.850 [DEBUG] [thread-id 1] - conditionally execute a flow. condition: true
2023-06-23 12:11:15.669 [DEBUG] [thread-id 1] - Click element: 'GlobalIntentCenter.Pickup'
2023-06-23 12:11:17.029 [DEBUG] [thread-id 1] - Pickup intent selected
2023-06-23 12:11:20.481 [DEBUG] [thread-id 1] - Click element: '//XCUIElementTypeCollectionView[@name="GlobalIntentCenterViewController.collectionView"]//XCUIElementTypeCell[position()=last()-2 or position()=last()-1]//*[@name="GlobalIntentCenter.FullLocation" and contains(@label,"Pickup")]'
2023-06-23 12:11:31.660 [DEBUG] [thread-id 1] - conditionally execute a flow. condition: false
2023-06-23 12:11:34.155 [DEBUG] [thread-id 1] - Enter text: '75006'
2023-06-23 12:11:38.835 [DEBUG] [thread-id 1] - Click element: '(//XCUIElementTypeButton[@name="StoreSelectionCell.radioButton"])[1] | (//XCUIElementTypeOther[@name="StoreSelectionCell.radioLabelsStackView"])[1]'
2023-06-23 12:11:42.472 [DEBUG] [thread-id 1] - Click element: '//XCUIElementTypeButton[@name="SaveStoreSelectionView.saveButton"]'
2023-06-23 12:11:46.376 [DEBUG] [thread-id 1] - Executing function: 'us.functions.utils.handleTechnicalErrorPopup'
2023-06-23 12:11:46.377 [DEBUG] [thread-id 1] - Store in: store the value 'false' in the variable 'errorRemoved'
2023-06-23 12:11:46.377 [DEBUG] [thread-id 1] - sleep:  10000 milliseconds
2023-06-23 12:11:56.405 [DEBUG] [thread-id 1] - loop: from 0 to 3
2023-06-23 12:11:57.079 [DEBUG] [thread-id 1] - 0
2023-06-23 12:12:07.958 [DEBUG] [thread-id 1] - conditionally execute a flow. condition: false
2023-06-23 12:12:08.545 [DEBUG] [thread-id 1] - Store in: store the value 'true' in the variable 'errorRemoved'
2023-06-23 12:12:09.158 [DEBUG] [thread-id 1] - No Technical Error Pop up observed
2023-06-23 12:12:20.565 [DEBUG] [thread-id 1] - sleep:  2000 milliseconds
2023-06-23 12:12:22.914 [DEBUG] [thread-id 1] - conditionally execute a flow. condition: true
2023-06-23 12:12:23.539 [DEBUG] [thread-id 1] - Executing function: 'us.functions.gic.collapseIfExpanded'
2023-06-23 12:12:24.418 [DEBUG] [thread-id 1] - Verify identifier: {//*[contains(@label,"Expanded")]=[true]}
2023-06-23 12:12:25.064 [DEBUG] [thread-id 1] - Collapsing GIC screen
2023-06-23 12:12:25.986 [DEBUG] [thread-id 1] - Click element: '//*[contains(@label,"Expanded")]'
2023-06-23 12:12:27.269 [DEBUG] [thread-id 1] - Verify identifier: {//*[contains(@label,"Collapsed")]=[true]}
2023-06-23 12:12:27.284 [DEBUG] [thread-id 1] - Executing function: 'us.functions.utils.getSearchableItem'
2023-06-23 12:12:27.287 [DEBUG] [thread-id 1] - Store in: store the value 'null' in the variable 'itemFetched'
2023-06-23 12:12:27.288 [DEBUG] [thread-id 1] - Store in: store the value 'null' in the variable 'deeplinkURL'
2023-06-23 12:12:27.288 [DEBUG] [thread-id 1] - Store in: store the value 'true' in the variable 'apiFetch'
2023-06-23 12:12:27.302 [DEBUG] [thread-id 1] - conditionally execute a flow. condition: false
2023-06-23 12:12:27.950 [DEBUG] [thread-id 1] - Item fetched by Astro API
2023-06-23 12:12:28.583 [DEBUG] [thread-id 1] - Executing function: 'us.functions.utils.fetchAstroAvailableItem'
2023-06-23 12:12:28.589 [DEBUG] [thread-id 1] - Fetching Item available in stock using Astro API for Item type FC_DELIVERY
2023-06-23 12:12:28.591 [WARN] [thread-id 1] - variable storeId was used, but r2 could not find a value for this variable. returning default of null
2023-06-23 12:12:28.609 [DEBUG] [thread-id 1] - conditionally execute a flow. condition: true
2023-06-23 12:12:29.236 [DEBUG] [thread-id 1] - Store in: store the value '32144' in the variable 'storeId'
2023-06-23 12:12:29.253 [WARN] [thread-id 1] - variable nextGen was used, but r2 could not find a value for this variable. returning default of null
2023-06-23 12:12:29.259 [DEBUG] [thread-id 1] - conditionally execute a flow. condition: true
2023-06-23 12:12:29.895 [DEBUG] [thread-id 1] - Store in: store the value 'nextgen' in the variable 'version'
2023-06-23 12:12:29.910 [WARN] [thread-id 1] - variable itemStatusHeader was used, but r2 could not find a value for this variable. returning default of null
2023-06-23 12:12:29.918 [DEBUG] [thread-id 1] - conditionally execute a flow. condition: true
2023-06-23 12:12:30.597 [DEBUG] [thread-id 1] - Store in: store the value 'SUCCESS' in the variable 'itemStatusHeader'
2023-06-23 12:12:30.645 [WARN] [thread-id 1] - variable itemFilter was used, but r2 could not find a value for this variable. returning default of null
2023-06-23 12:12:30.650 [DEBUG] [thread-id 1] - conditionally execute a flow. condition: false
2023-06-23 12:12:31.278 [DEBUG] [thread-id 1] - Store in: store the value 'http://astro.walmart.com/api/v3/teflon/internal/getItemHealth/32144/FC_DELIVERY' in the variable 'fetchURL'
2023-06-23 12:12:31.292 [DEBUG] [thread-id 1] - Store in: store the value 'null' in the variable 'itemDetails'
2023-06-23 12:12:31.939 [DEBUG] [thread-id 1] - conditionally execute a flow. condition: true
2023-06-23 12:12:32.594 [DEBUG] [thread-id 1] - NextGen API
2023-06-23 12:12:33.248 [DEBUG] [thread-id 1] - Call API: 'http://astro.walmart.com/api/v3/teflon/internal/getItemHealth/32144/FC_DELIVERY'
2023-06-23 12:12:38.788 [DEBUG] [thread-id 1] - Response code is: '200'. Response body is: '{"astroStatus":"SUCCESS","astroDescription":"Item Health details found in itemHealth Collection","astroDetails":[{"itemId":"1577285523","astroStatus":"SUCCESS","astroDescription":"FC_DELIVERY (1577285523), ORDER CREATED","orderType":"FC_DELIVERY","storeId":"32144","orderNumber":null,"eligiblePaths":[],"inEligiblePaths":[],"offerId":"F987D04F6EE047258EA0D4FC3E39FAE3","_id":"6352f4aeca5dde2ee4d1b24d","__v":0,"createdAt":"2022-10-21T19:36:14.720Z","updatedAt":"2023-06-23T19:07:26.936Z","price":{"currencyAmount":15.99,"currencyUnit":"USD","unit":"EA"}},{"itemId":"443922107","astroStatus":"SUCCESS","astroDescription":"FC_DELIVERY (443922107), ORDER CREATED","orderType":"FC_DELIVERY","storeId":"32144","orderNumber":null,"eligiblePaths":["subsallowed"],"inEligiblePaths":[],"offerId":"5839282B02F0454CAB41F1313484737C","_id":"6352f4afba71e839c00ea04f","__v":0,"createdAt":"2022-10-21T19:36:15.305Z","updatedAt":"2023-06-23T19:07:27.810Z","price":{"currencyAmount":21.49,"currencyUnit":"USD","unit":"EA"}},{"itemId":"1180510267","astroStatus":"SUCCESS","astroDescription":"FC_DELIVERY (1180510267), ORDER CREATED","orderType":"FC_DELIVERY","storeId":"32144","orderNumber":null,"eligiblePaths":[],"inEligiblePaths":[],"offerId":"67E7713124C44B97B43C18A012B8D24D","_id":"6352f4afd30e002434082bd2","__v":0,"createdAt":"2022-10-21T19:36:15.671Z","updatedAt":"2023-06-23T19:07:28.259Z","price":{"currencyAmount":7.99,"currencyUnit":"USD","unit":"EA"}},{"itemId":"466215216","astroStatus":"SUCCESS","astroDescription":"FC_DELIVERY (466215216), ORDER CREATED","orderType":"FC_DELIVERY","storeId":"32144","orderNumber":null,"eligiblePaths":["subsallowed"],"inEligiblePaths":[],"offerId":"A4E2C3C8451E4988B06BE2EC5558AAD2","_id":"6352f4b0ca5dde2ee4d1b251","__v":0,"createdAt":"2022-10-21T19:36:16.041Z","updatedAt":"2023-06-23T19:07:26.322Z","price":{"currencyAmount":4.97,"currencyUnit":"USD","unit":"EA"}},{"itemId":"171651135","astroStatus":"SUCCESS","astroDescription":"FC_DELIVERY (171651135), ORDER CREATED","orderType":"FC_DELIVERY","storeId":"32144","orderNumber":null,"eligiblePaths":[],"inEligiblePaths":[],"offerId":"D2C8C88754D640C9AA1E7CF50D5225D7","_id":"6352f4b0d30e002434082bd3","__v":0,"createdAt":"2022-10-21T19:36:16.043Z","updatedAt":"2023-06-23T19:07:26.104Z","price":{"currencyAmount":1.89,"currencyUnit":"USD","unit":"EA"}},{"itemId":"291089218","astroStatus":"SUCCESS","astroDescription":"FC_DELIVERY (291089218), ORDER CREATED","orderType":"FC_DELIVERY","storeId":"32144","orderNumber":null,"eligiblePaths":["subsallowed"],"inEligiblePaths":[],"offerId":"83C5BA85CAE045EAA614ABB4B63FA4A4","_id":"6352f4b01578f257acaa40e4","__v":0,"createdAt":"2022-10-21T19:36:16.186Z","updatedAt":"2023-06-23T19:07:25.950Z","price":{"currencyAmount":3.99,"currencyUnit":"USD","unit":"EA"}},{"itemId":"832701813","astroStatus":"SUCCESS","astroDescription":"FC_DELIVERY (832701813), ORDER CREATED","orderType":"FC_DELIVERY","storeId":"32144","orderNumber":null,"eligiblePaths":[],"inEligiblePaths":[],"offerId":"7EE15210F990430B87B9E581EF0EE853","_id":"6352f4b01578f257acaa40e5","__v":0,"createdAt":"2022-10-21T19:36:16.338Z","updatedAt":"2023-06-23T19:07:25.925Z","price":{"currencyAmount":4.98,"currencyUnit":"USD","unit":"EA"}},{"itemId":"905642438","astroStatus":"SUCCESS","astroDescription":"FC_DELIVERY (905642438), ORDER CREATED","orderType":"FC_DELIVERY","storeId":"32144","orderNumber":null,"eligiblePaths":[],"inEligiblePaths":[],"offerId":"8528992FFA354419BEA42DD8070B701B","_id":"6352f4b0ba71e839c00ea056","__v":0,"createdAt":"2022-10-21T19:36:16.453Z","updatedAt":"2023-06-23T19:07:26.961Z","price":{"currencyAmount":21,"currencyUnit":"USD","unit":"EA"}}]}'
2023-06-23 12:12:39.624 [DEBUG] [thread-id 1] - conditionally execute a flow. condition: false
2023-06-23 12:12:40.264 [DEBUG] [thread-id 1] - SUCCESSFUL item fetched from astro API.
2023-06-23 12:12:40.921 [DEBUG] [thread-id 1] - loop: over '[{"itemId":"1577285523","astroStatus":"SUCCESS","astroDescription":"FC_DELIVERY (1577285523), ORDER CREATED","orderType":"FC_DELIVERY","storeId":"32144","orderNumber":null,"eligiblePaths":[],"inEligiblePaths":[],"offerId":"F987D04F6EE047258EA0D4FC3E39FAE3","_id":"6352f4aeca5dde2ee4d1b24d","__v":0,"createdAt":"2022-10-21T19:36:14.720Z","updatedAt":"2023-06-23T19:07:26.936Z","price":{"currencyAmount":15.99,"currencyUnit":"USD","unit":"EA"}},{"itemId":"443922107","astroStatus":"SUCCESS","astroDescription":"FC_DELIVERY (443922107), ORDER CREATED","orderType":"FC_DELIVERY","storeId":"32144","orderNumber":null,"eligiblePaths":["subsallowed"],"inEligiblePaths":[],"offerId":"5839282B02F0454CAB41F1313484737C","_id":"6352f4afba71e839c00ea04f","__v":0,"createdAt":"2022-10-21T19:36:15.305Z","updatedAt":"2023-06-23T19:07:27.810Z","price":{"currencyAmount":21.49,"currencyUnit":"USD","unit":"EA"}},{"itemId":"1180510267","astroStatus":"SUCCESS","astroDescription":"FC_DELIVERY (1180510267), ORDER CREATED","orderType":"FC_DELIVERY","storeId":"32144","orderNumber":null,"eligiblePaths":[],"inEligiblePaths":[],"offerId":"67E7713124C44B97B43C18A012B8D24D","_id":"6352f4afd30e002434082bd2","__v":0,"createdAt":"2022-10-21T19:36:15.671Z","updatedAt":"2023-06-23T19:07:28.259Z","price":{"currencyAmount":7.99,"currencyUnit":"USD","unit":"EA"}},{"itemId":"466215216","astroStatus":"SUCCESS","astroDescription":"FC_DELIVERY (466215216), ORDER CREATED","orderType":"FC_DELIVERY","storeId":"32144","orderNumber":null,"eligiblePaths":["subsallowed"],"inEligiblePaths":[],"offerId":"A4E2C3C8451E4988B06BE2EC5558AAD2","_id":"6352f4b0ca5dde2ee4d1b251","__v":0,"createdAt":"2022-10-21T19:36:16.041Z","updatedAt":"2023-06-23T19:07:26.322Z","price":{"currencyAmount":4.97,"currencyUnit":"USD","unit":"EA"}},{"itemId":"171651135","astroStatus":"SUCCESS","astroDescription":"FC_DELIVERY (171651135), ORDER CREATED","orderType":"FC_DELIVERY","storeId":"32144","orderNumber":null,"eligiblePaths":[],"inEligiblePaths":[],"offerId":"D2C8C88754D640C9AA1E7CF50D5225D7","_id":"6352f4b0d30e002434082bd3","__v":0,"createdAt":"2022-10-21T19:36:16.043Z","updatedAt":"2023-06-23T19:07:26.104Z","price":{"currencyAmount":1.89,"currencyUnit":"USD","unit":"EA"}},{"itemId":"291089218","astroStatus":"SUCCESS","astroDescription":"FC_DELIVERY (291089218), ORDER CREATED","orderType":"FC_DELIVERY","storeId":"32144","orderNumber":null,"eligiblePaths":["subsallowed"],"inEligiblePaths":[],"offerId":"83C5BA85CAE045EAA614ABB4B63FA4A4","_id":"6352f4b01578f257acaa40e4","__v":0,"createdAt":"2022-10-21T19:36:16.186Z","updatedAt":"2023-06-23T19:07:25.950Z","price":{"currencyAmount":3.99,"currencyUnit":"USD","unit":"EA"}},{"itemId":"832701813","astroStatus":"SUCCESS","astroDescription":"FC_DELIVERY (832701813), ORDER CREATED","orderType":"FC_DELIVERY","storeId":"32144","orderNumber":null,"eligiblePaths":[],"inEligiblePaths":[],"offerId":"7EE15210F990430B87B9E581EF0EE853","_id":"6352f4b01578f257acaa40e5","__v":0,"createdAt":"2022-10-21T19:36:16.338Z","updatedAt":"2023-06-23T19:07:25.925Z","price":{"currencyAmount":4.98,"currencyUnit":"USD","unit":"EA"}},{"itemId":"905642438","astroStatus":"SUCCESS","astroDescription":"FC_DELIVERY (905642438), ORDER CREATED","orderType":"FC_DELIVERY","storeId":"32144","orderNumber":null,"eligiblePaths":[],"inEligiblePaths":[],"offerId":"8528992FFA354419BEA42DD8070B701B","_id":"6352f4b0ba71e839c00ea056","__v":0,"createdAt":"2022-10-21T19:36:16.453Z","updatedAt":"2023-06-23T19:07:26.961Z","price":{"currencyAmount":21,"currencyUnit":"USD","unit":"EA"}}]'
2023-06-23 12:12:41.552 [DEBUG] [thread-id 1] - Store in: store the value 'null' in the variable 'itemDetails'
2023-06-23 12:12:42.197 [DEBUG] [thread-id 1] - {"itemId":"1577285523","astroStatus":"SUCCESS","astroDescription":"FC_DELIVERY (1577285523), ORDER CREATED","orderType":"FC_DELIVERY","storeId":"32144","orderNumber":null,"eligiblePaths":[],"inEligiblePaths":[],"offerId":"F987D04F6EE047258EA0D4FC3E39FAE3","_id":"6352f4aeca5dde2ee4d1b24d","__v":0,"createdAt":"2022-10-21T19:36:14.720Z","updatedAt":"2023-06-23T19:07:26.936Z","price":{"currencyAmount":15.99,"currencyUnit":"USD","unit":"EA"}}
2023-06-23 12:12:42.855 [DEBUG] [thread-id 1] - Store in: store the value '1577285523' in the variable 'itemFetched'
2023-06-23 12:12:43.502 [DEBUG] [thread-id 1] - Store in: store the value 'SUCCESS' in the variable 'itemStatus'
2023-06-23 12:12:44.136 [WARN] [thread-id 1] - variable healthCheck was used, but r2 could not find a value for this variable. returning default of null
2023-06-23 12:12:44.785 [DEBUG] [thread-id 1] - conditionally execute a flow. condition: true
2023-06-23 12:12:45.430 [DEBUG] [thread-id 1] - Execute Node: 'us/test/helpers/splitNumberString.js'
2023-06-23 12:12:46.378 [DEBUG] [thread-id 1] - 1577285523
2023-06-23 12:12:47.063 [WARN] [thread-id 1] - variable skipForNext was used, but r2 could not find a value for this variable. returning default of null
2023-06-23 12:12:47.858 [WARN] [thread-id 1] - variable excludeFetchedItem was used, but r2 could not find a value for this variable. returning default of null
2023-06-23 12:12:47.860 [DEBUG] [thread-id 1] - conditionally execute a flow. condition: false
2023-06-23 12:12:48.527 [DEBUG] [thread-id 1] - Executing function: 'us.functions.utils.itemHealthCheck'
2023-06-23 12:12:48.531 [DEBUG] [thread-id 1] - Checking item eligibility before proceeding
2023-06-23 12:12:48.532 [DEBUG] [thread-id 1] - Store in: store the value 'false' in the variable 'itemEligiblity'
2023-06-23 12:12:48.533 [DEBUG] [thread-id 1] - Store in: store the value 'false' in the variable 'ignoreItem'
2023-06-23 12:12:48.537 [DEBUG] [thread-id 1] - loop: over '["859271090","158353031", "945213102", "981898706", "980623310", "858406964", "131979272","591794662","113749870","466215216","751343660","826631822","443922107","458934184","10801611","1577285523","1827541330","178236317","1180510267"]'
2023-06-23 12:12:59.054 [DEBUG] [thread-id 1] - conditionally execute a flow. condition: true
2023-06-23 12:12:59.698 [DEBUG] [thread-id 1] - Store in: store the value 'true' in the variable 'ignoreItem'
2023-06-23 12:13:00.351 [DEBUG] [thread-id 1] - conditionally execute a flow. condition: true
2023-06-23 12:13:00.997 [DEBUG] [thread-id 1] - Trying for other item as this is in excluded list of item ids
2023-06-23 12:13:02.314 [DEBUG] [thread-id 1] - Store in: store the value 'null' in the variable 'itemDetails'
2023-06-23 12:13:02.980 [DEBUG] [thread-id 1] - {"itemId":"443922107","astroStatus":"SUCCESS","astroDescription":"FC_DELIVERY (443922107), ORDER CREATED","orderType":"FC_DELIVERY","storeId":"32144","orderNumber":null,"eligiblePaths":["subsallowed"],"inEligiblePaths":[],"offerId":"5839282B02F0454CAB41F1313484737C","_id":"6352f4afba71e839c00ea04f","__v":0,"createdAt":"2022-10-21T19:36:15.305Z","updatedAt":"2023-06-23T19:07:27.810Z","price":{"currencyAmount":21.49,"currencyUnit":"USD","unit":"EA"}}
2023-06-23 12:13:03.638 [DEBUG] [thread-id 1] - Store in: store the value '443922107' in the variable 'itemFetched'
2023-06-23 12:13:04.268 [DEBUG] [thread-id 1] - Store in: store the value 'SUCCESS' in the variable 'itemStatus'
2023-06-23 12:13:04.911 [WARN] [thread-id 1] - variable healthCheck was used, but r2 could not find a value for this variable. returning default of null
2023-06-23 12:13:05.545 [DEBUG] [thread-id 1] - conditionally execute a flow. condition: true
2023-06-23 12:13:06.177 [DEBUG] [thread-id 1] - Execute Node: 'us/test/helpers/splitNumberString.js'
2023-06-23 12:13:07.065 [DEBUG] [thread-id 1] - 443922107
2023-06-23 12:13:07.711 [WARN] [thread-id 1] - variable skipForNext was used, but r2 could not find a value for this variable. returning default of null
2023-06-23 12:13:08.355 [WARN] [thread-id 1] - variable excludeFetchedItem was used, but r2 could not find a value for this variable. returning default of null
2023-06-23 12:13:08.356 [DEBUG] [thread-id 1] - conditionally execute a flow. condition: false
2023-06-23 12:13:09.021 [DEBUG] [thread-id 1] - Checking item eligibility before proceeding
2023-06-23 12:13:09.023 [DEBUG] [thread-id 1] - Store in: store the value 'false' in the variable 'itemEligiblity'
2023-06-23 12:13:09.024 [DEBUG] [thread-id 1] - Store in: store the value 'false' in the variable 'ignoreItem'
2023-06-23 12:13:09.027 [DEBUG] [thread-id 1] - loop: over '["859271090","158353031", "945213102", "981898706", "980623310", "858406964", "131979272","591794662","113749870","466215216","751343660","826631822","443922107","458934184","10801611","1577285523","1827541330","178236317","1180510267"]'
2023-06-23 12:13:17.421 [DEBUG] [thread-id 1] - conditionally execute a flow. condition: true
2023-06-23 12:13:18.127 [DEBUG] [thread-id 1] - Store in: store the value 'true' in the variable 'ignoreItem'
2023-06-23 12:13:18.818 [DEBUG] [thread-id 1] - conditionally execute a flow. condition: true
2023-06-23 12:13:19.444 [DEBUG] [thread-id 1] - Trying for other item as this is in excluded list of item ids
2023-06-23 12:13:20.777 [DEBUG] [thread-id 1] - Store in: store the value 'null' in the variable 'itemDetails'
2023-06-23 12:13:21.416 [DEBUG] [thread-id 1] - {"itemId":"1180510267","astroStatus":"SUCCESS","astroDescription":"FC_DELIVERY (1180510267), ORDER CREATED","orderType":"FC_DELIVERY","storeId":"32144","orderNumber":null,"eligiblePaths":[],"inEligiblePaths":[],"offerId":"67E7713124C44B97B43C18A012B8D24D","_id":"6352f4afd30e002434082bd2","__v":0,"createdAt":"2022-10-21T19:36:15.671Z","updatedAt":"2023-06-23T19:07:28.259Z","price":{"currencyAmount":7.99,"currencyUnit":"USD","unit":"EA"}}
2023-06-23 12:13:22.056 [DEBUG] [thread-id 1] - Store in: store the value '1180510267' in the variable 'itemFetched'
2023-06-23 12:13:22.688 [DEBUG] [thread-id 1] - Store in: store the value 'SUCCESS' in the variable 'itemStatus'
2023-06-23 12:13:23.321 [WARN] [thread-id 1] - variable healthCheck was used, but r2 could not find a value for this variable. returning default of null
2023-06-23 12:13:23.963 [DEBUG] [thread-id 1] - conditionally execute a flow. condition: true
2023-06-23 12:13:24.594 [DEBUG] [thread-id 1] - Execute Node: 'us/test/helpers/splitNumberString.js'
2023-06-23 12:13:25.375 [DEBUG] [thread-id 1] - 1180510267
2023-06-23 12:13:26.006 [WARN] [thread-id 1] - variable skipForNext was used, but r2 could not find a value for this variable. returning default of null
2023-06-23 12:13:26.645 [WARN] [thread-id 1] - variable excludeFetchedItem was used, but r2 could not find a value for this variable. returning default of null
2023-06-23 12:13:26.646 [DEBUG] [thread-id 1] - conditionally execute a flow. condition: false
2023-06-23 12:13:27.279 [DEBUG] [thread-id 1] - Checking item eligibility before proceeding
2023-06-23 12:13:27.280 [DEBUG] [thread-id 1] - Store in: store the value 'false' in the variable 'itemEligiblity'
2023-06-23 12:13:27.280 [DEBUG] [thread-id 1] - Store in: store the value 'false' in the variable 'ignoreItem'
2023-06-23 12:13:27.283 [DEBUG] [thread-id 1] - loop: over '["859271090","158353031", "945213102", "981898706", "980623310", "858406964", "131979272","591794662","113749870","466215216","751343660","826631822","443922107","458934184","10801611","1577285523","1827541330","178236317","1180510267"]'
2023-06-23 12:13:39.655 [DEBUG] [thread-id 1] - conditionally execute a flow. condition: true
2023-06-23 12:13:40.286 [DEBUG] [thread-id 1] - Store in: store the value 'true' in the variable 'ignoreItem'
2023-06-23 12:13:40.925 [DEBUG] [thread-id 1] - conditionally execute a flow. condition: true
2023-06-23 12:13:41.582 [DEBUG] [thread-id 1] - Trying for other item as this is in excluded list of item ids
2023-06-23 12:13:42.935 [DEBUG] [thread-id 1] - Store in: store the value 'null' in the variable 'itemDetails'
2023-06-23 12:13:43.611 [DEBUG] [thread-id 1] - {"itemId":"466215216","astroStatus":"SUCCESS","astroDescription":"FC_DELIVERY (466215216), ORDER CREATED","orderType":"FC_DELIVERY","storeId":"32144","orderNumber":null,"eligiblePaths":["subsallowed"],"inEligiblePaths":[],"offerId":"A4E2C3C8451E4988B06BE2EC5558AAD2","_id":"6352f4b0ca5dde2ee4d1b251","__v":0,"createdAt":"2022-10-21T19:36:16.041Z","updatedAt":"2023-06-23T19:07:26.322Z","price":{"currencyAmount":4.97,"currencyUnit":"USD","unit":"EA"}}
2023-06-23 12:13:44.282 [DEBUG] [thread-id 1] - Store in: store the value '466215216' in the variable 'itemFetched'
2023-06-23 12:13:44.939 [DEBUG] [thread-id 1] - Store in: store the value 'SUCCESS' in the variable 'itemStatus'
2023-06-23 12:13:45.581 [WARN] [thread-id 1] - variable healthCheck was used, but r2 could not find a value for this variable. returning default of null
2023-06-23 12:13:46.202 [DEBUG] [thread-id 1] - conditionally execute a flow. condition: true
2023-06-23 12:13:46.835 [DEBUG] [thread-id 1] - Execute Node: 'us/test/helpers/splitNumberString.js'
2023-06-23 12:13:47.708 [DEBUG] [thread-id 1] - 466215216
2023-06-23 12:13:48.371 [WARN] [thread-id 1] - variable skipForNext was used, but r2 could not find a value for this variable. returning default of null
2023-06-23 12:13:49.063 [WARN] [thread-id 1] - variable excludeFetchedItem was used, but r2 could not find a value for this variable. returning default of null
2023-06-23 12:13:49.064 [DEBUG] [thread-id 1] - conditionally execute a flow. condition: false
2023-06-23 12:13:49.704 [DEBUG] [thread-id 1] - Checking item eligibility before proceeding
2023-06-23 12:13:49.705 [DEBUG] [thread-id 1] - Store in: store the value 'false' in the variable 'itemEligiblity'
2023-06-23 12:13:49.705 [DEBUG] [thread-id 1] - Store in: store the value 'false' in the variable 'ignoreItem'
2023-06-23 12:13:49.708 [DEBUG] [thread-id 1] - loop: over '["859271090","158353031", "945213102", "981898706", "980623310", "858406964", "131979272","591794662","113749870","466215216","751343660","826631822","443922107","458934184","10801611","1577285523","1827541330","178236317","1180510267"]'
2023-06-23 12:13:56.128 [DEBUG] [thread-id 1] - conditionally execute a flow. condition: true
2023-06-23 12:13:56.756 [DEBUG] [thread-id 1] - Store in: store the value 'true' in the variable 'ignoreItem'
2023-06-23 12:13:57.404 [DEBUG] [thread-id 1] - conditionally execute a flow. condition: true
2023-06-23 12:13:58.042 [DEBUG] [thread-id 1] - Trying for other item as this is in excluded list of item ids
2023-06-23 12:13:59.432 [DEBUG] [thread-id 1] - Store in: store the value 'null' in the variable 'itemDetails'
2023-06-23 12:14:00.067 [DEBUG] [thread-id 1] - {"itemId":"171651135","astroStatus":"SUCCESS","astroDescription":"FC_DELIVERY (171651135), ORDER CREATED","orderType":"FC_DELIVERY","storeId":"32144","orderNumber":null,"eligiblePaths":[],"inEligiblePaths":[],"offerId":"D2C8C88754D640C9AA1E7CF50D5225D7","_id":"6352f4b0d30e002434082bd3","__v":0,"createdAt":"2022-10-21T19:36:16.043Z","updatedAt":"2023-06-23T19:07:26.104Z","price":{"currencyAmount":1.89,"currencyUnit":"USD","unit":"EA"}}
2023-06-23 12:14:00.710 [DEBUG] [thread-id 1] - Store in: store the value '171651135' in the variable 'itemFetched'
2023-06-23 12:14:01.354 [DEBUG] [thread-id 1] - Store in: store the value 'SUCCESS' in the variable 'itemStatus'
2023-06-23 12:14:02.008 [WARN] [thread-id 1] - variable healthCheck was used, but r2 could not find a value for this variable. returning default of null
2023-06-23 12:14:02.673 [DEBUG] [thread-id 1] - conditionally execute a flow. condition: true
2023-06-23 12:14:03.336 [DEBUG] [thread-id 1] - Execute Node: 'us/test/helpers/splitNumberString.js'
2023-06-23 12:14:04.073 [DEBUG] [thread-id 1] - 171651135
2023-06-23 12:14:04.707 [WARN] [thread-id 1] - variable skipForNext was used, but r2 could not find a value for this variable. returning default of null
2023-06-23 12:14:05.356 [WARN] [thread-id 1] - variable excludeFetchedItem was used, but r2 could not find a value for this variable. returning default of null
2023-06-23 12:14:05.357 [DEBUG] [thread-id 1] - conditionally execute a flow. condition: false
2023-06-23 12:14:05.985 [DEBUG] [thread-id 1] - Checking item eligibility before proceeding
2023-06-23 12:14:05.987 [DEBUG] [thread-id 1] - Store in: store the value 'false' in the variable 'itemEligiblity'
2023-06-23 12:14:05.987 [DEBUG] [thread-id 1] - Store in: store the value 'false' in the variable 'ignoreItem'
2023-06-23 12:14:05.990 [DEBUG] [thread-id 1] - loop: over '["859271090","158353031", "945213102", "981898706", "980623310", "858406964", "131979272","591794662","113749870","466215216","751343660","826631822","443922107","458934184","10801611","1577285523","1827541330","178236317","1180510267"]'
2023-06-23 12:14:18.422 [DEBUG] [thread-id 1] - conditionally execute a flow. condition: false
2023-06-23 12:14:19.111 [DEBUG] [thread-id 1] - conditionally execute a flow. condition: true
2023-06-23 12:14:20.472 [DEBUG] [thread-id 1] - Call API: 'http://astro.walmart.com/api/v2/teflon/itemHealthCheck?shippingNode=32144&orderType=FC_DELIVERY&itemId=171651135'
2023-06-23 12:14:29.150 [DEBUG] [thread-id 1] - Response code is: '200'. Response body is: '{"status":"OK","offerId":"D2C8C88754D640C9AA1E7CF50D5225D7","eligibility":{"orderType":"FC_DELIVERY","shipNode":"32144","preferredDeliveryRoute":{"nodeType":"FC","shipNode":"8511","carrierType":"GROUND","xmlCarrierMethodCode":"4000"},"isEligible":true}}'
2023-06-23 12:14:29.943 [DEBUG] [thread-id 1] - conditionally execute a flow. condition: true
2023-06-23 12:14:31.293 [DEBUG] [thread-id 1] - Stock available Item Id 171651135 for type FC_DELIVERY
2023-06-23 12:14:31.949 [WARN] [thread-id 1] - variable fetchedItemDataDetails was used, but r2 could not find a value for this variable. returning default of null
2023-06-23 12:14:31.950 [DEBUG] [thread-id 1] - Execute Node: 'us/test/helpers/jsonParser.js'
2023-06-23 12:14:32.686 [DEBUG] [thread-id 1] - Store in: store the value 'false' in the variable 'skipForNext'
2023-06-23 12:14:33.341 [DEBUG] [thread-id 1] - Store in: store the value 'false' in the variable 'excludeFetchedItem'
2023-06-23 12:14:33.351 [DEBUG] [thread-id 1] - Store in: store the value 'null' in the variable 'storeId'
2023-06-23 12:14:33.352 [DEBUG] [thread-id 1] - Store in: store the value 'null' in the variable 'itemStatusHeader'
2023-06-23 12:14:33.352 [DEBUG] [thread-id 1] - Store in: store the value 'false' in the variable 'healthCheck'
2023-06-23 12:14:33.353 [DEBUG] [thread-id 1] - Store in: store the value 'null' in the variable 'version'
2023-06-23 12:14:33.354 [DEBUG] [thread-id 1] - Store in: store the value 'null' in the variable 'itemFilter'
2023-06-23 12:14:33.354 [DEBUG] [thread-id 1] - Store in: store the value 'false' in the variable 'noSubSet'
2023-06-23 12:14:33.366 [DEBUG] [thread-id 1] - Store in: store the value 'null' in the variable 'backupItem'
2023-06-23 12:14:33.366 [DEBUG] [thread-id 1] - Store in: store the value 'null' in the variable 'source'
2023-06-23 12:14:33.367 [DEBUG] [thread-id 1] - Store in: store the value 'walmart://item/171651135' in the variable 'deeplinkURl'
2023-06-23 12:14:33.367 [DEBUG] [thread-id 1] - Item:171651135
2023-06-23 12:14:33.368 [DEBUG] [thread-id 1] - deeplinkURL:walmart://item/171651135
2023-06-23 12:14:33.368 [DEBUG] [thread-id 1] - Executing function: 'us.functions.global.navigation.goToDeepLink'
2023-06-23 12:14:33.370 [DEBUG] [thread-id 1] - Verify value of: '$deepLinkUrl'
2023-06-23 12:14:33.371 [DEBUG] [thread-id 1] - Open link: 'walmart://item/171651135'
2023-06-23 12:14:36.186 [DEBUG] [thread-id 1] - Executing function: 'us.functions.global.navigation.openDeepLink'
2023-06-23 12:14:37.813 [DEBUG] [thread-id 1] - Verify identifier: {Open in “Walmart”?=[true]}
2023-06-23 12:14:39.598 [DEBUG] [thread-id 1] - Click element: 'Open'
2023-06-23 12:14:39.894 [DEBUG] [thread-id 1] - Executing function: 'us.functions.item.addItemToCart'
2023-06-23 12:14:39.897 [DEBUG] [thread-id 1] - Executing function: 'us.functions.item.preAddToCartSteps'
2023-06-23 12:14:41.107 [DEBUG] [thread-id 1] - sleep:  2000 milliseconds
2023-06-23 12:14:49.916 [DEBUG] [thread-id 1] - Item wasn't Added initially, continuing with scenario
2023-06-23 12:14:49.923 [DEBUG] [thread-id 1] - Executing function: 'us.functions.item.validateAndClickAddToCartButton'
2023-06-23 12:14:50.903 [DEBUG] [thread-id 1] - conditionally execute a flow. condition: true
2023-06-23 12:14:52.585 [DEBUG] [thread-id 1] - ATC button present
2023-06-23 12:14:53.741 [DEBUG] [thread-id 1] - Click element: '(//XCUIElementTypeButton[@name="stepper.mainButton"])[1] | //XCUIElementTypeOther[@name="stepper.addToCartButton"] | (//XCUIElementTypeOther[contains(@name,"GlassStepperView.inner")]) | //XCUIElementTypeButton[@name="stepper.mainButton"]'
2023-06-23 12:14:54.247 [DEBUG] [thread-id 1] - sleep:  3000 milliseconds
2023-06-23 12:15:07.485 [WARN] [thread-id 1] - variable skipPostAddToCartSteps was used, but r2 could not find a value for this variable. returning default of null
2023-06-23 12:15:07.488 [DEBUG] [thread-id 1] - conditionally execute a flow. condition: true
2023-06-23 12:15:09.143 [DEBUG] [thread-id 1] - Executing function: 'us.functions.item.postAddToCartSteps'
2023-06-23 12:15:30.909 [WARN] [thread-id 1] - variable closeButtonNotDisplayed was used, but r2 could not find a value for this variable. returning default of null
2023-06-23 12:15:30.913 [DEBUG] [thread-id 1] - conditionally execute a flow. condition: false
2023-06-23 12:15:32.610 [DEBUG] [thread-id 1] - Executing function: 'us.functions.item.handlePAC'
2023-06-23 12:15:32.611 [DEBUG] [thread-id 1] - sleep:  5000 milliseconds
2023-06-23 12:15:50.925 [DEBUG] [thread-id 1] - sleep:  1000 milliseconds
2023-06-23 12:15:53.685 [WARN] [thread-id 1] - variable qty was used, but r2 could not find a value for this variable. returning default of null
2023-06-23 12:15:53.685 [WARN] [thread-id 1] - variable qty was used, but r2 could not find a value for this variable. returning default of null
2023-06-23 12:15:54.627 [DEBUG] [thread-id 1] - Verify identifier: {//XCUIElementTypeStaticText[@name="1 added"]| //XCUIElementTypeOther[@name="add-to-cart-button"] | //XCUIElementTypeStaticText[@label="null"] | Max 1=[true]}
2023-06-23 12:16:08.171 [DEBUG] [thread-id 1] - Executing function: 'us.functions.item.closeItemPage'
2023-06-23 12:16:08.174 [DEBUG] [thread-id 1] - conditionally execute a flow. condition: true
2023-06-23 12:16:13.260 [DEBUG] [thread-id 1] - Click element: 'ItemDetailsViewController_itemDetailCloseButton'
2023-06-23 12:16:15.783 [DEBUG] [thread-id 1] - Verify identifier: {TitleView_productTitle=[true]}
2023-06-23 12:16:15.786 [DEBUG] [thread-id 1] - sleep:  3000 milliseconds
2023-06-23 12:16:18.791 [DEBUG] [thread-id 1] - Verify identifier: {Your cart is empty=[true]}
2023-06-23 12:16:18.792 [DEBUG] [thread-id 1] - Store in: store the value 'false' in the variable 'closeButtonNotDisplayed'
2023-06-23 12:16:18.814 [DEBUG] [thread-id 1] - Store in: store the value 'false' in the variable 'skipPostAddToCartSteps'
2023-06-23 12:16:18.816 [DEBUG] [thread-id 1] - Store in: store the value 'false' in the variable 'apiFetch'
2023-06-23 12:16:18.817 [DEBUG] [thread-id 1] - Executing function: 'us.functions.utils.fetchFromDataList'
2023-06-23 12:16:18.830 [DEBUG] [thread-id 1] - conditionally execute a flow. condition: false
2023-06-23 12:16:19.495 [DEBUG] [thread-id 1] - Store in: store the value 'FC_DELIVERY' in the variable 'itemGroup'
2023-06-23 12:16:19.512 [DEBUG] [thread-id 1] - loop: over '["1201002894", "22471997", "894010516", "1996033768", "2034355960", "1051886288", "22471933"]'
2023-06-23 12:16:20.155 [DEBUG] [thread-id 1] - Executing function: 'us.functions.utils.checkItemTransactabality'
2023-06-23 12:16:20.156 [DEBUG] [thread-id 1] - Store in: store the value 'false' in the variable 'itemEligible'
2023-06-23 12:16:20.156 [DEBUG] [thread-id 1] - Call API: 'http://astro.walmart.com/api/v2/teflon/item/transactability'
2023-06-23 12:16:34.508 [DEBUG] [thread-id 1] - Response code is: '200'. Response body is: '{"astroStatus":"SUCCESS","astroDescription":"CART - ADD_TO_CART SUCCESS","astroDetails":{"dbSessionMap":{"CXO_CART_ST":"{\"mtoken\":\"2:14#249126404#2=234540100#8=235122249\"}"},"checkoutable":true,"cart":{"id":"18569304-d1a1-4bd0-b9df-3b8ad155406a","buyer":{"id":"1a7419e9-5b84-4cc2-a4e6-51ca81e2fe75","type":"CUSTOMER"},"storeIds":[],"itemCount":1,"entityErrors":[],"shipping":{"id":"99a1d8c9-0dd6-45ed-bff7-ca3477016b9a","dbLockVersion":0,"firstName":"Walp","lastName":"T","addressId":"45d4c288-d6ff-432c-83ca-07c418ad7ce8","postalCode":"75006","city":"Carrollton","state":"TX","countryCode":"USA","addressLineOne":"1420 Northridge Dr","latitude":32.982686,"longitude":-96.902592,"phone":"2184848848","addressType":"RESIDENTIAL","isPOBox":false,"isAPOFPO":false,"lastModifiedDate":1674595194054,"isAddressChangedExplicitly":true},"summary":{"subTotal":0.02,"grandTotal":7.01,"minimumThreshold":35,"balanceToReachThreshold":34.98,"fees":[{"type":"MIN_THRESHOLD_FEE","amount":6.99}],"serviceCharges":[]},"suggestedSlots":[{"id":"379be06d-aea3-4f16-a097-1d71d3be57b0-2023-06-23","fulfillmentType":"INSTORE_PICKUP","fulfillmentOption":"PICKUP","accessType":"PICKUP_CURBSIDE","isUnscheduled":false,"accessPointId":"3aa02c56-40ae-406e-a20b-3d9f5f32707f","expressSlot":false,"slaInMins":0,"startTime":1687554000000,"endTime":1687557600000,"cutoffTime":1687550400000,"supportedTimeZone":"US/Eastern","slotPrice":2,"ids":[],"restrictions":[],"status":"AVAILABLE","priority":0,"isAlcoholRestricted":false}],"currencyCode":"USD","preview":false,"tenantId":0,"verticalId":0,"checkoutableErrors":[],"intent":"DELIVERY","pickupStore":{"city":"Frederick","stateOrProvinceCode":"MD","countryCode":"USA","postalCode":"21704","storeId":"32140","services":[{"name":"DELI"},{"name":"GROCERY_PICKUP_DELIVERY"},{"name":"BAKERY"},{"name":"PICK_UP_TODAY"},{"name":"TIRE_AND_LUBE"},{"name":"SITE_2_STORE"}]},"deliveryStore":{"city":"Frederick","stateOrProvinceCode":"MD","countryCode":"USA","postalCode":"21704","storeId":"32140","services":[{"name":"DELI"},{"name":"GROCERY_PICKUP_DELIVERY"},{"name":"BAKERY"},{"name":"PICK_UP_TODAY"},{"name":"TIRE_AND_LUBE"},{"name":"SITE_2_STORE"}]},"mpStores":[],"fulfillmentPlans":[{"isDefault":true,"fulfillmentModules":[{"name":"UNSCHEDULED_DELIVERY","fulfillmentGroups":[{"sellerId":"455A2F43226F41319399794332C71B7F","fulfillmentOptions":[{"fulfillmentType":"DELIVERY","accessType":"DELIVERY_ADDRESS","accessMode":"NATIONAL_CARRIER","isSelected":true,"isUnscheduled":true,"dateStartRange":1688252340000,"dateEndRange":1688252340000,"itemGroups":[{"itemIds":["5e1eb5dd-f11c-4d97-9cd7-a91790799550"],"dateTime":1688252340000,"accessMode":"NATIONAL_CARRIER","itemDetails":[]}],"strategy":"SLA_TIER_BASED_PROMISE"}],"fulfillmentSellerType":"WALMART"}],"checkoutableErrors":[],"checkoutable":true,"summary":{"subTotal":0.02,"grandTotal":0.02}}]}],"accessPoints":[{"id":"6057d155-5457-422e-8e9e-8385b42c1abc","name":"7400 Guilford Dr","storeId":32140,"fulfillmentType":"DELIVERY","fulfillmentOption":"DELIVERY","supportedTimeZone":"US/Eastern","locationInstruction":"[{\"type\":\"CHECKIN_DEFAULT\",\"value\":\"Leave the product at the door step\"}]","isStoreEbtEligible":false,"allowAlcohol":true,"restrictions":[],"accessType":"DELIVERY_ADDRESS","storeCategory":"Pharmacy","nodeType":"STORE","allowBagFee":false,"isBagFeeMandatory":false,"address":{"postalCode":"21704","addressLineOne":"7400 Guilford Dr","city":"Frederick","state":"MD","addressTypeName":"OFFICE","isPOBox":false,"countryCode":"USA"}},{"id":"3aa02c56-40ae-406e-a20b-3d9f5f32707f","name":"32140 In Store Pickup","storeId":32140,"fulfillmentType":"INSTORE_PICKUP","fulfillmentOption":"PICKUP","supportedTimeZone":"US/Eastern","locationInstruction":"[{\"type\":\"CHECKIN_DEFAULT\",\"value\":\"32140 - We&rsquo;ll email you when your order is ready!! Once you get the email,  check in with the Walmart Grocery app to let us know you&rsquo;re on the way</li><li>Follow the orange signs to the pickup area , and park in any designated spot</li><li>We&rsquo;ll bring your order out to you!</li></ol>\"}]","isStoreEbtEligible":true,"allowAlcohol":true,"restrictions":[],"accessType":"PICKUP_CURBSIDE","storeCategory":"Pharmacy","nodeType":"STORE","allowBagFee":true,"isBagFeeMandatory":false,"address":{"postalCode":"21704","addressLineOne":"7400 Guilford Dr","city":"Frederick","state":"MD","addressTypeName":"OFFICE","isPOBox":false,"countryCode":"USA"}}],"reservations":[],"isExplicitIntent":true,"hasGiftEligibleItem":false,"marketPlacePickup":true,"warnings":[],"restrictions":[]},"items":[{"id":"5e1eb5dd-f11c-4d97-9cd7-a91790799550","quantity":1,"price":0.02,"oldPrice":0.02,"linePrice":0.02,"pricePerUnit":0,"pricePerUnitUoM":"EA","USItemId":"1201002894","USSellerId":"0","offerId":"A9300DB777794DF5BC98AA1546EC0EF7","name":"FLUOXETINE","seller":{"name":"Walmart.com","type":"INTERNAL","id":"455A2F43226F41319399794332C71B7F","catalogSellerId":0},"availableQuantity":9865512,"maxItemCountPerOrder":12,"minItemCountPerOrder":1,"primaryCategoryPath":"0:5431:7711239","charPrimaryCategoryPath":"Home Page/Pharmacy/Prescription Medication","sort":1687547793510,"entityErrors":[],"createdDateTime":1687547793510,"isAlcohol":false,"isTemperatureTimeRestricted":false,"isSubstitutionEligible":false,"weightIncrement":1,"unitOfMeasure":"EA","type":"REGULAR","itemClassId":"1","upc":"362332022915","productId":"60B4EYOQFV2C","isSnapEligible":false,"isSubstitutionsAllowed":false,"productSegment":"Health & Beauty","salesUnit":"Each","wupc":"0036233202291","productUrl":"/ip/FLUOXETINE/1201002894","productType":"Prescription Medicines","sourcingDetails":{"currentSelection":"SHIPPING","nodeAvailableQuantity":9865512},"warnings":[],"fulfillmentDetails":{"fulfillmentId":"4ae9d0ff-d321-4695-9d2f-50e384d9f870","slaTier":"THREE_TO_FIVE_DAY","fulfillmentType":"DELIVERY","nodeType":"STORE","fulfillmentTypeClassification":["PHARMACY_PETS"],"initialItemType":"ONLINE_ONLY","isNewItemToCart":true,"fulfillmentMode":"UNSCHEDULED","accessMode":"NATIONAL_CARRIER","accessType":"DELIVERY_ADDRESS","availableFulfillmentOptions":["UNSCHEDULED_DELIVERY"],"fulfillmentModuleName":"UNSCHEDULED_DELIVERY","shippingFulfillmentDate":1688252340000},"shortDescription":"FLUOXETINE 10MG     CAP","associations":[],"fulfillmentPrerequisites":[{"preRequisiteList":["MUST_SHIP_ALONE","MIN_BOX_PROTECTION_REQUIRED"]}],"isEventActive":false,"events":[],"nodeLevelSellables":[],"isPetRxItem":true,"legacyItemId":"1201002894","gtin":"00362332022915","productClassType":"REGULAR","reportingHierarchy":"40000:43000:43004:43110:43300","isPapEligible":false,"isCheckoutAmendable":false,"petItemType":"PET_RX_ITEM","compositions":[]}],"lastModifiedTime":1687547794566,"cartVersion":712,"isOmniPromiseResponse":true},"astroInfo":null}'
2023-06-23 12:16:34.557 [DEBUG] [thread-id 1] - conditionally execute a flow. condition: true
2023-06-23 12:16:35.220 [DEBUG] [thread-id 1] - Store in: store the value 'true' in the variable 'itemEligible'
2023-06-23 12:16:35.870 [DEBUG] [thread-id 1] - conditionally execute a flow. condition: true
2023-06-23 12:16:36.505 [DEBUG] [thread-id 1] - Store in: store the value '1201002894' in the variable 'itemFetched'
2023-06-23 12:16:37.159 [DEBUG] [thread-id 1] - Store in: store the value 'walmart://item/1201002894' in the variable 'deeplinkURl'
2023-06-23 12:16:37.798 [DEBUG] [thread-id 1] - Item:1201002894
2023-06-23 12:16:38.442 [DEBUG] [thread-id 1] - deeplinkURL:walmart://item/1201002894
2023-06-23 12:16:39.107 [DEBUG] [thread-id 1] - conditionally execute a flow. condition: true
2023-06-23 12:16:39.745 [DEBUG] [thread-id 1] - Eligible item is 1201002894 for type FC_DELIVERY
2023-06-23 12:16:39.752 [DEBUG] [thread-id 1] - Executing function: 'us.functions.global.navigation.goToDeepLink'
2023-06-23 12:16:39.753 [DEBUG] [thread-id 1] - Verify value of: '$deepLinkUrl'
2023-06-23 12:16:39.753 [DEBUG] [thread-id 1] - Open link: 'walmart://item/1201002894'
2023-06-23 12:16:46.998 [DEBUG] [thread-id 1] - Deeplink pop up not displayed
2023-06-23 12:16:47.005 [DEBUG] [thread-id 1] - Executing function: 'us.functions.item.petrxItem.verifyPresent'
2023-06-23 12:16:50.270 [DEBUG] [thread-id 1] - Verify identifier: {TitleView_productTitle=[true], //XCUIElementTypeStaticText[@name="PriceView_primaryProductPrice"]=[true], Prescription required=[true]}
2023-06-23 12:16:50.272 [DEBUG] [thread-id 1] - Scroll: down
2023-06-23 12:16:58.613 [DEBUG] [thread-id 1] - conditionally execute a flow. condition: true
2023-06-23 12:16:59.982 [DEBUG] [thread-id 1] - Pet Rx item present as expected
2023-06-23 12:16:59.997 [DEBUG] [thread-id 1] - Executing function: 'us.functions.item.addItemToCart'
2023-06-23 12:17:01.374 [DEBUG] [thread-id 1] - sleep:  2000 milliseconds
2023-06-23 12:17:09.458 [DEBUG] [thread-id 1] - Item wasn't Added initially, continuing with scenario
2023-06-23 12:17:10.302 [DEBUG] [thread-id 1] - conditionally execute a flow. condition: true
2023-06-23 12:17:11.686 [DEBUG] [thread-id 1] - ATC button present
2023-06-23 12:17:12.662 [DEBUG] [thread-id 1] - Click element: '(//XCUIElementTypeButton[@name="stepper.mainButton"])[1] | //XCUIElementTypeOther[@name="stepper.addToCartButton"] | (//XCUIElementTypeOther[contains(@name,"GlassStepperView.inner")]) | //XCUIElementTypeButton[@name="stepper.mainButton"]'
2023-06-23 12:17:13.125 [DEBUG] [thread-id 1] - sleep:  3000 milliseconds
2023-06-23 12:17:27.521 [DEBUG] [thread-id 1] - conditionally execute a flow. condition: true
2023-06-23 12:17:51.785 [DEBUG] [thread-id 1] - conditionally execute a flow. condition: false
2023-06-23 12:17:53.201 [DEBUG] [thread-id 1] - sleep:  5000 milliseconds
2023-06-23 12:18:11.751 [DEBUG] [thread-id 1] - sleep:  1000 milliseconds
2023-06-23 12:18:14.332 [WARN] [thread-id 1] - variable qty was used, but r2 could not find a value for this variable. returning default of null
2023-06-23 12:18:14.333 [WARN] [thread-id 1] - variable qty was used, but r2 could not find a value for this variable. returning default of null
2023-06-23 12:18:15.137 [DEBUG] [thread-id 1] - Verify identifier: {//XCUIElementTypeStaticText[@name="1 added"]| //XCUIElementTypeOther[@name="add-to-cart-button"] | //XCUIElementTypeStaticText[@label="null"] | Max 1=[true]}
2023-06-23 12:18:28.081 [DEBUG] [thread-id 1] - conditionally execute a flow. condition: true
2023-06-23 12:18:32.737 [DEBUG] [thread-id 1] - Click element: 'ItemDetailsViewController_itemDetailCloseButton'
2023-06-23 12:18:34.998 [DEBUG] [thread-id 1] - Verify identifier: {TitleView_productTitle=[true]}
2023-06-23 12:18:35.001 [DEBUG] [thread-id 1] - sleep:  3000 milliseconds
2023-06-23 12:18:38.010 [DEBUG] [thread-id 1] - Verify identifier: {Your cart is empty=[true]}
2023-06-23 12:18:38.012 [DEBUG] [thread-id 1] - Store in: store the value 'false' in the variable 'closeButtonNotDisplayed'
2023-06-23 12:18:38.043 [DEBUG] [thread-id 1] - Store in: store the value 'false' in the variable 'skipPostAddToCartSteps'
2023-06-23 12:18:38.043 [DEBUG] [thread-id 1] - Store in: store the value 'false' in the variable 'apiFetch'
2023-06-23 12:18:38.072 [DEBUG] [thread-id 1] - Executing function: 'us.functions.global.navigation.toCartFromNavBar'
2023-06-23 12:18:38.497 [DEBUG] [thread-id 1] - Verify identifier: {//XCUIElementTypeButton[contains(@label, "Your cart")] | //XCUIElementTypeButton[(@name="SearchResultsViewController.cartButton") or (contains(@label,"Your cart contains") and contains(@label,"The estimated total is")) or (@label="Your cart is empty")]=[true]}
2023-06-23 12:18:38.881 [DEBUG] [thread-id 1] - Click element: '//XCUIElementTypeButton[contains(@label, "Your cart")] | //XCUIElementTypeButton[(@name="SearchResultsViewController.cartButton") or (contains(@label,"Your cart contains") and contains(@label,"The estimated total is")) or (@label="Your cart is empty")]'
2023-06-23 12:18:41.159 [DEBUG] [thread-id 1] - Verify identifier: {Cart=[true]}
2023-06-23 12:18:41.164 [DEBUG] [thread-id 1] - Executing function: 'us.functions.utils.handleTechnicalErrorPageInCart'
2023-06-23 12:18:41.164 [DEBUG] [thread-id 1] - sleep:  15000 milliseconds
2023-06-23 12:18:56.185 [DEBUG] [thread-id 1] - Store in: store the value 'false' in the variable 'cartPageLoaded'
2023-06-23 12:18:56.188 [DEBUG] [thread-id 1] - loop: from 0 to 7
2023-06-23 12:18:58.243 [DEBUG] [thread-id 1] - 0
2023-06-23 12:18:59.867 [DEBUG] [thread-id 1] - conditionally execute a flow. condition: true
2023-06-23 12:19:02.361 [DEBUG] [thread-id 1] - conditionally execute a flow. condition: true
2023-06-23 12:19:03.990 [DEBUG] [thread-id 1] - Store in: store the value 'true' in the variable 'cartPageLoaded'
2023-06-23 12:19:16.923 [DEBUG] [thread-id 1] - conditionally execute a flow. condition: false
2023-06-23 12:19:19.689 [DEBUG] [thread-id 1] - conditionally execute a flow. condition: true
2023-06-23 12:19:21.281 [DEBUG] [thread-id 1] - Store in: store the value 'true' in the variable 'cartPageLoaded'
2023-06-23 12:19:22.924 [DEBUG] [thread-id 1] - conditionally execute a flow. condition: false
2023-06-23 12:19:24.600 [DEBUG] [thread-id 1] - conditionally execute a flow. condition: true
2023-06-23 12:19:26.202 [DEBUG] [thread-id 1] - Cart page loaded successfully
2023-06-23 12:19:26.218 [DEBUG] [thread-id 1] - Executing function: 'us.functions.cart.verifyCardDetails'
2023-06-23 12:19:26.220 [DEBUG] [thread-id 1] - Executing function: 'us.functions.utils.getFulfillmentTextsToCompare'
2023-06-23 12:19:26.222 [WARN] [thread-id 1] - variable altFulfillmentText was used, but r2 could not find a value for this variable. returning default of null
2023-06-23 12:19:26.227 [DEBUG] [thread-id 1] - conditionally execute a flow. condition: true
2023-06-23 12:19:27.838 [DEBUG] [thread-id 1] - conditionally execute a flow. condition: true
2023-06-23 12:19:29.433 [DEBUG] [thread-id 1] - Store in: store the value 'shipping' in the variable 'altFulfillmentText'
2023-06-23 12:19:29.444 [DEBUG] [thread-id 1] - -------Validate Shipping cart details function start-------
2023-06-23 12:19:29.444 [WARN] [thread-id 1] - variable initialCartDataSetup was used, but r2 could not find a value for this variable. returning default of null
2023-06-23 12:19:29.445 [DEBUG] [thread-id 1] - conditionally execute a flow. condition: true
2023-06-23 12:19:31.039 [DEBUG] [thread-id 1] - sleep:  5000 milliseconds
2023-06-23 12:19:37.713 [DEBUG] [thread-id 1] - conditionally execute a flow. condition: true
2023-06-23 12:19:39.322 [DEBUG] [thread-id 1] - Cart page displayed
2023-06-23 12:19:40.942 [WARN] [thread-id 1] - variable validationScope was used, but r2 could not find a value for this variable. returning default of null
2023-06-23 12:19:42.626 [DEBUG] [thread-id 1] - Store in: store the value 'complete' in the variable 'initialCartDataSetup'
2023-06-23 12:19:45.323 [DEBUG] [thread-id 1] - Verify identifier: {//XCUIElementTypeStaticText[@name="FulfillmentSummaryView.titlePrefixLabel" and (contains(@label,"Shipping") or contains(@label,"shipping"))]=[true]}
2023-06-23 12:19:45.333 [WARN] [thread-id 1] - variable validationScope was used, but r2 could not find a value for this variable. returning default of null
2023-06-23 12:19:45.334 [DEBUG] [thread-id 1] - conditionally execute a flow. condition: false
2023-06-23 12:19:46.941 [DEBUG] [thread-id 1] - Basic Shipping fulfillment section validation done
2023-06-23 12:19:46.947 [WARN] [thread-id 1] - variable unscheduled was used, but r2 could not find a value for this variable. returning default of null
2023-06-23 12:19:46.948 [WARN] [thread-id 1] - variable partialCheckout was used, but r2 could not find a value for this variable. returning default of null
2023-06-23 12:19:46.949 [DEBUG] [thread-id 1] - Store in: store the value 'null' in the variable 'altFulfillmentText'
2023-06-23 12:19:46.949 [DEBUG] [thread-id 1] - Store in: store the value 'null' in the variable 'validationScope'
2023-06-23 12:19:46.949 [DEBUG] [thread-id 1] - Store in: store the value 'false' in the variable 'unscheduled'
2023-06-23 12:19:46.949 [DEBUG] [thread-id 1] - Store in: store the value 'false' in the variable 'partialCheckout'
2023-06-23 12:19:46.950 [DEBUG] [thread-id 1] - -------Validate Shipping cart details function end-------
2023-06-23 12:19:46.950 [DEBUG] [thread-id 1] - Executing function: 'us.functions.cart.continueToCheckout'
2023-06-23 12:19:47.849 [DEBUG] [thread-id 1] - Verify identifier: {//XCUIElementTypeButton[@name="CartFinishButton"]=[true]}
2023-06-23 12:19:47.850 [DEBUG] [thread-id 1] - sleep:  3000 milliseconds
2023-06-23 12:19:51.856 [DEBUG] [thread-id 1] - Click element: '//XCUIElementTypeButton[@name="CartFinishButton"]'
2023-06-23 12:19:52.377 [DEBUG] [thread-id 1] - sleep:  3000 milliseconds
2023-06-23 12:20:07.609 [DEBUG] [thread-id 1] - sleep:  5000 milliseconds
2023-06-23 12:20:24.796 [DEBUG] [thread-id 1] - Executing function: 'us.functions.home.closeWPlusPromotionPopUpIfDisplayed'
2023-06-23 12:20:24.799 [DEBUG] [thread-id 1] - sleep:  8000 milliseconds
2023-06-23 12:20:43.110 [DEBUG] [thread-id 1] - conditionally execute a flow. condition: false
2023-06-23 12:20:56.491 [DEBUG] [thread-id 1] - Executing function: 'us.functions.cart.handleItemUpdatesBottomTray'
2023-06-23 12:21:09.605 [DEBUG] [thread-id 1] - conditionally execute a flow. condition: true
2023-06-23 12:21:12.581 [DEBUG] [thread-id 1] - Click element: '//XCUIElementTypeButton[@name="LastCallViewController.continueButton"]'
2023-06-23 12:21:13.190 [DEBUG] [thread-id 1] - Executing function: 'us.functions.utils.handleTechnicalErrorPopup'
2023-06-23 12:21:13.190 [DEBUG] [thread-id 1] - Store in: store the value 'false' in the variable 'errorRemoved'
2023-06-23 12:21:13.191 [DEBUG] [thread-id 1] - sleep:  10000 milliseconds
2023-06-23 12:21:23.201 [DEBUG] [thread-id 1] - loop: from 0 to 3
2023-06-23 12:21:25.169 [DEBUG] [thread-id 1] - 0
2023-06-23 12:21:37.137 [DEBUG] [thread-id 1] - conditionally execute a flow. condition: false
2023-06-23 12:21:39.065 [DEBUG] [thread-id 1] - Store in: store the value 'true' in the variable 'errorRemoved'
2023-06-23 12:21:40.968 [DEBUG] [thread-id 1] - No Technical Error Pop up observed
2023-06-23 12:21:43.908 [DEBUG] [thread-id 1] - conditionally execute a flow. condition: true
2023-06-23 12:21:46.833 [DEBUG] [thread-id 1] - Click element: '//XCUIElementTypeButton[@name="CartFinishButton"]'
2023-06-23 12:22:05.337 [DEBUG] [thread-id 1] - conditionally execute a flow. condition: false
2023-06-23 12:22:07.239 [WARN] [thread-id 1] - variable skipErrorValidation was used, but r2 could not find a value for this variable. returning default of null
2023-06-23 12:22:07.240 [DEBUG] [thread-id 1] - conditionally execute a flow. condition: false
2023-06-23 12:22:17.904 [DEBUG] [thread-id 1] - Main failed: ENV_FAILURE - teflon - Review order page not loaded, still displaying cart page after click on checkout button
2023-06-23 12:22:20.017 [DEBUG] [thread-id 1] - Executing scenario: 'After'
2023-06-23 12:22:20.033 [DEBUG] [thread-id 1] - Executing function: 'us.functions.utils.afterSteps'
2023-06-23 12:22:20.040 [WARN] [thread-id 1] - variable testStatus was used, but r2 could not find a value for this variable. returning default of null
2023-06-23 12:22:20.042 [DEBUG] [thread-id 1] - conditionally execute a flow. condition: false
2023-06-23 12:22:21.959 [DEBUG] [thread-id 1] - Test failed
2023-06-23 12:22:50.328 [DEBUG] [thread-id 1] - Created report: /Users/m0k0a2f/glass-automation/report/index.html
