2024-01-18 19:07:11.971 [DEBUG] [thread-id 1] - Executing R2 3.38.1: '/Users/m0k0a2f/glass-automation/./us/test/test-scripts/ios/golden-flows/PetRx-flows/pre-transaction/C2666399-PetRX-multi-fulfilment-Shipping-mixed-order.yaml' on device: 'iPhone 14'
2024-01-18 19:08:34.867 [DEBUG] [thread-id 1] - Executing scenario: 'Before'
2024-01-18 19:08:34.868 [DEBUG] [thread-id 1] - Execute before steps
2024-01-18 19:08:34.869 [DEBUG] [thread-id 1] - R2_SUBFLOW_PRE_TRANSACTION
2024-01-18 19:08:34.888 [DEBUG] [thread-id 1] - Executing function: 'us.functions.utils.astro.clearCart'
2024-01-18 19:08:35.084 [DEBUG] [thread-id 1] - Call API: 'http://astro.walmart.com/api/v2/teflon/customer/walp@gmail.com/clearcart'
2024-01-18 19:08:47.836 [DEBUG] [thread-id 1] - Response code is: '200'. Response body is: '{"astroStatus":"SUCCESS","astroDescription":"CART_CLEARED","astroDetails":{"dbSessionMap":{"CXO_CART_ST":"{\"mtoken\":\"5:23#326346278#2=68751292#8=363275705\"}"},"checkoutable":false,"cart":{"id":"c7bab9ce-4c89-48a7-9ba0-72130c0113d3","buyer":{"id":"70c68aba-a7ca-49ca-9daf-3eec75e8f609","type":"CUSTOMER"},"storeIds":[],"itemCount":0,"entityErrors":[],"shipping":{"id":"24f8eb2c-8566-475a-9670-e9445924afda","dbLockVersion":0,"postalCode":"95122","city":"San Jose","state":"CA","countryCode":"USA","latitude":37.606689,"longitude":-122.426362,"isPOBox":false,"isAPOFPO":false},"currencyCode":"USD","preview":false,"tenantId":0,"verticalId":0,"checkoutableErrors":[],"intent":"PICKUP","pickupStore":{"city":"San Jose","stateOrProvinceCode":"CA","countryCode":"USA","postalCode":"95122","storeId":"32144","services":[]},"deliveryStore":{"city":"San Jose","stateOrProvinceCode":"CA","countryCode":"USA","postalCode":"95122","storeId":"32144","services":[]},"mpStores":[],"fulfillmentPlans":[],"accessPoints":[],"reservations":[],"isExplicitIntent":false,"hasGiftEligibleItem":false,"warnings":[],"restrictions":[]},"isOmniPromiseResponse":true,"uniqueInstallationOfferIdHolder":[]}}'
2024-01-18 19:08:48.023 [DEBUG] [thread-id 1] - Cart cleared for walp@gmail.com
2024-01-18 19:08:48.189 [DEBUG] [thread-id 1] - Using us-errors-helpers.yaml
2024-01-18 19:08:48.350 [DEBUG] [thread-id 1] - Start Main
2024-01-18 19:08:48.353 [DEBUG] [thread-id 1] - Executing function: 'us.functions.global.onboarding.navigateOnboardingToHome'
2024-01-18 19:08:48.354 [DEBUG] [thread-id 1] - Executing function: 'us.function.utils.getEnvironmentValue'
2024-01-18 19:08:48.354 [DEBUG] [thread-id 1] - Store in: store the value 'teflon' in the variable 'env'
2024-01-18 19:08:48.355 [DEBUG] [thread-id 1] - Timestamp: 1705633728355
2024-01-18 19:08:48.363 [DEBUG] [thread-id 1] - Welcome screen loaded
2024-01-18 19:08:48.366 [DEBUG] [thread-id 1] - Verify identifier: {SignUpNudgeWelcomeViewController.titleLabel=[true]}
2024-01-18 19:08:58.368 [DEBUG] [thread-id 1] - conditionally execute a flow. condition: false
2024-01-18 19:08:58.568 [DEBUG] [thread-id 1] - Click element: 'cta.cancel.welcome'
2024-01-18 19:08:59.091 [DEBUG] [thread-id 1] - Notifiction Prompt screen loaded
2024-01-18 19:08:59.589 [DEBUG] [thread-id 1] - Verify identifier: {NotificationPermissionViewController.titleLabel=[true]}
2024-01-18 19:08:59.651 [DEBUG] [thread-id 1] - Click element: 'cta.cancel.notifications'
2024-01-18 19:09:00.138 [DEBUG] [thread-id 1] - location screen loaded
2024-01-18 19:09:00.342 [DEBUG] [thread-id 1] - Verify identifier: {LocationPermissionViewController.titleLabel=[true], LocationPermissionViewController.bodyLabel=[true]}
2024-01-18 19:09:00.405 [DEBUG] [thread-id 1] - Click element: 'cta.cancel.location'
2024-01-18 19:09:01.140 [DEBUG] [thread-id 1] - Verify identifier: {label.postal-code-entry=[true]}
2024-01-18 19:09:01.203 [DEBUG] [thread-id 1] - Enter text: '95122'
2024-01-18 19:09:03.425 [DEBUG] [thread-id 1] - Click element: 'cta.continue'
2024-01-18 19:09:03.976 [DEBUG] [thread-id 1] - sleep:  3000 milliseconds
2024-01-18 19:09:06.983 [DEBUG] [thread-id 1] - loop: from 0 to 3
2024-01-18 19:09:07.293 [DEBUG] [thread-id 1] - 0
2024-01-18 19:09:17.843 [DEBUG] [thread-id 1] - conditionally execute a flow. condition: false
2024-01-18 19:09:28.239 [DEBUG] [thread-id 1] - Observed IDFA Sscreen
2024-01-18 19:09:28.504 [DEBUG] [thread-id 1] - conditionally execute a flow. condition: true
2024-01-18 19:09:28.773 [DEBUG] [thread-id 1] - Verify identifier: {ATTPermissionViewController.titleLabel=[true], ATTPermissionViewController.bodyLabel=[true]}
2024-01-18 19:09:29.099 [DEBUG] [thread-id 1] - Click element: 'cta.continue.location'
2024-01-18 19:09:32.393 [DEBUG] [thread-id 1] - Click element: '//XCUIElementTypeButton[@name="Ask App Not to Track"] | //XCUIElementTypeButton[@name="Solicitar a la app no rastrear"]'
2024-01-18 19:09:43.356 [DEBUG] [thread-id 1] - conditionally execute a flow. condition: false
2024-01-18 19:09:44.043 [DEBUG] [thread-id 1] - modal is not displayed
2024-01-18 19:09:54.902 [DEBUG] [thread-id 1] - Executing function: 'us.functions.gic.collapseIfExpanded'
2024-01-18 19:09:55.958 [DEBUG] [thread-id 1] - Verify identifier: {//*[contains(@label,"Expanded")] | //*[contains(@name,"Expanded")]=[true]}
2024-01-18 19:09:56.637 [DEBUG] [thread-id 1] - Collapsing GIC screen
2024-01-18 19:09:57.725 [DEBUG] [thread-id 1] - Click element: '//*[contains(@label,"Expanded")] | //*[contains(@name,"Expanded")]'
2024-01-18 19:09:58.232 [DEBUG] [thread-id 1] - Executing function: 'us.functions.home.navigateHomeToSignIn'
2024-01-18 19:09:58.232 [DEBUG] [thread-id 1] - sleep:  3000 milliseconds
2024-01-18 19:10:12.218 [DEBUG] [thread-id 1] - Click element: 'tab-account-unselected'
2024-01-18 19:10:13.636 [DEBUG] [thread-id 1] - Verify identifier: {SignInYourAccountTableViewCell.signInButton=[true]}
2024-01-18 19:10:13.636 [DEBUG] [thread-id 1] - loop: from 1 to 3
2024-01-18 19:10:14.342 [DEBUG] [thread-id 1] - conditionally execute a flow. condition: true
2024-01-18 19:10:15.171 [DEBUG] [thread-id 1] - Click element: 'SignInYourAccountTableViewCell.signInButton'
2024-01-18 19:10:19.523 [DEBUG] [thread-id 1] - Verify identifier: {WelcomeView.emailField=[true]}
2024-01-18 19:10:21.223 [DEBUG] [thread-id 1] - Store in: store the value 'true' in the variable 'signInValidated'
2024-01-18 19:10:22.950 [DEBUG] [thread-id 1] - conditionally execute a flow. condition: true
2024-01-18 19:10:24.693 [DEBUG] [thread-id 1] - SignIn page loaded
2024-01-18 19:10:26.439 [DEBUG] [thread-id 1] - Store in: store the value 'false' in the variable 'signInValidated'
2024-01-18 19:10:26.456 [DEBUG] [thread-id 1] - Executing function: 'us.functions.global.authentication.signInAccount'
2024-01-18 19:10:28.177 [DEBUG] [thread-id 1] - Verify identifier: {WelcomeView.emailField=[true]}
2024-01-18 19:10:28.414 [DEBUG] [thread-id 1] - Enter text: 'walp@gmail.com'
2024-01-18 19:10:30.372 [DEBUG] [thread-id 1] - Click element: 'WelcomeView.ctaButton'
2024-01-18 19:10:43.213 [DEBUG] [thread-id 1] - conditionally execute a flow. condition: true
2024-01-18 19:10:45.225 [DEBUG] [thread-id 1] - Click element: 'OTPView.passwordOptionStackView'
2024-01-18 19:10:48.019 [DEBUG] [thread-id 1] - Verify identifier: {OTPView.passwordTextField=[true]}
2024-01-18 19:10:48.260 [DEBUG] [thread-id 1] - Enter text: 'Testing@123'
2024-01-18 19:10:49.997 [DEBUG] [thread-id 1] - Click element: 'OTPView.ctaButton'
2024-01-18 19:11:14.375 [DEBUG] [thread-id 1] - conditionally execute a flow. condition: true
2024-01-18 19:11:17.007 [DEBUG] [thread-id 1] - Click element: 'Don’t Allow'
2024-01-18 19:11:17.757 [DEBUG] [thread-id 1] - Executing function: 'us.test.functions.utils.closeWplusPrompt.homeScreen'
2024-01-18 19:11:18.688 [DEBUG] [thread-id 1] - conditionally execute a flow. condition: true
2024-01-18 19:11:20.646 [DEBUG] [thread-id 1] - W+ Plus membership prompt is present closing.
2024-01-18 19:11:23.507 [DEBUG] [thread-id 1] - Click element: '//XCUIElementTypeButton[@name="SplashPageViewController.closeButton" or contains(@label, "Close Walmart plus promotional pop up")] | //XCUIElementTypeNavigationBar[@name="WalmartPlus.SplashPageView"]/XCUIElementTypeButton | //XCUIElementTypeButton[@name="close" or @name="Close"] | //XCUIElementTypeButton[@name="SplashPageViewController.fullScreenCloseButton"] | //XCUIElementTypeButton[@name="MultiSplashViewController.fullScreenCloseButton"]'
2024-01-18 19:11:25.244 [DEBUG] [thread-id 1] - W+ Benefits prompt is dismissed!
2024-01-18 19:11:25.249 [DEBUG] [thread-id 1] - Executing function: 'us.functions.utils.handleCartMergePopup'
2024-01-18 19:11:25.250 [DEBUG] [thread-id 1] - loop: from 0 to 4
2024-01-18 19:11:26.107 [DEBUG] [thread-id 1] - 0
2024-01-18 19:11:32.810 [DEBUG] [thread-id 1] - No Technical Error Page observed
2024-01-18 19:11:33.664 [DEBUG] [thread-id 1] - sleep:  1000 milliseconds
2024-01-18 19:11:45.540 [DEBUG] [thread-id 1] - Executing function: 'us.functions.global.navigation.accountToHome'
2024-01-18 19:11:45.540 [DEBUG] [thread-id 1] - Verify identifier: {Shop=[true]}
2024-01-18 19:11:45.540 [DEBUG] [thread-id 1] - sleep:  2000 milliseconds
2024-01-18 19:11:47.736 [DEBUG] [thread-id 1] - Click element: 'Shop'
2024-01-18 19:11:48.861 [DEBUG] [thread-id 1] - Executing function: 'us.functions.home.closeWPlusPromotionPopUpIfDisplayed'
2024-01-18 19:11:57.754 [DEBUG] [thread-id 1] - No Wplus pop up displayed
2024-01-18 19:11:58.464 [DEBUG] [thread-id 1] - Verify identifier: {Search Walmart=[true]}
2024-01-18 19:11:58.464 [DEBUG] [thread-id 1] - Executing function: 'us.functions.home.rateDriverPopup'
2024-01-18 19:11:58.465 [DEBUG] [thread-id 1] - loop: from 1 to 6
2024-01-18 19:11:59.159 [DEBUG] [thread-id 1] - 1
2024-01-18 19:12:10.210 [DEBUG] [thread-id 1] - conditionally execute a flow. condition: false
2024-01-18 19:12:10.921 [DEBUG] [thread-id 1] - Executing function: 'us.functions.gic.changeFulfillment'
2024-01-18 19:12:10.922 [DEBUG] [thread-id 1] - Executing function: 'us.functions.gic.expandIfCollapsed'
2024-01-18 19:12:12.031 [DEBUG] [thread-id 1] - Verify identifier: {//*[contains(@label,"Collapsed")] | //*[contains(@name,"Collapsed")]=[true]}
2024-01-18 19:12:13.146 [DEBUG] [thread-id 1] - Click element: '//*[contains(@label,"Collapsed")] | //*[contains(@name,"Collapsed")]'
2024-01-18 19:12:13.666 [DEBUG] [thread-id 1] - Executing function: 'us.functions.gic.setFulfillment'
2024-01-18 19:12:23.746 [DEBUG] [thread-id 1] - conditionally execute a flow. condition: false
2024-01-18 19:12:26.545 [DEBUG] [thread-id 1] - Click element: '//XCUIElementTypeButton[@name="GlobalIntentCenter.Shipping"] | //XCUIElementTypeButton[contains(@name, "Shipping") ]'
2024-01-18 19:12:28.830 [DEBUG] [thread-id 1] - Shipping intent selected
2024-01-18 19:12:30.449 [DEBUG] [thread-id 1] - sleep:  3000 milliseconds
2024-01-18 19:12:33.473 [DEBUG] [thread-id 1] - Executing function: 'us.functions.gic.collapseIfExpanded'
2024-01-18 19:12:35.892 [DEBUG] [thread-id 1] - Verify identifier: {//*[contains(@label,"Expanded")] | //*[contains(@name,"Expanded")]=[true]}
2024-01-18 19:12:37.546 [DEBUG] [thread-id 1] - Collapsing GIC screen
2024-01-18 19:12:39.972 [DEBUG] [thread-id 1] - Click element: '//*[contains(@label,"Expanded")] | //*[contains(@name,"Expanded")]'
2024-01-18 19:12:47.906 [DEBUG] [thread-id 1] - Executing function: 'us.functions.utils.getSearchableItem'
2024-01-18 19:12:47.907 [DEBUG] [thread-id 1] - Store in: store the value 'null' in the variable 'itemFetched'
2024-01-18 19:12:47.907 [DEBUG] [thread-id 1] - Store in: store the value 'null' in the variable 'deeplinkURL'
2024-01-18 19:12:47.907 [DEBUG] [thread-id 1] - Store in: store the value 'true' in the variable 'apiFetch'
2024-01-18 19:12:47.908 [WARN] [thread-id 1] - variable useHardCodedItem was used, but r2 could not find a value for this variable. returning default of null
2024-01-18 19:12:47.908 [DEBUG] [thread-id 1] - conditionally execute a flow. condition: false
2024-01-18 19:12:49.553 [DEBUG] [thread-id 1] - conditionally execute a flow. condition: false
2024-01-18 19:12:51.179 [DEBUG] [thread-id 1] - Item fetched by Astro API
2024-01-18 19:12:52.810 [DEBUG] [thread-id 1] - Executing function: 'us.functions.utils.fetchAstroAvailableItem'
2024-01-18 19:12:52.810 [DEBUG] [thread-id 1] - Fetching Item available in stock using Astro API for Item type FC_DELIVERY
2024-01-18 19:12:52.811 [WARN] [thread-id 1] - variable storeId was used, but r2 could not find a value for this variable. returning default of null
2024-01-18 19:12:52.813 [DEBUG] [thread-id 1] - conditionally execute a flow. condition: true
2024-01-18 19:12:54.447 [DEBUG] [thread-id 1] - Store in: store the value '32144' in the variable 'storeId'
2024-01-18 19:12:54.456 [WARN] [thread-id 1] - variable nextGen was used, but r2 could not find a value for this variable. returning default of null
2024-01-18 19:12:54.456 [DEBUG] [thread-id 1] - conditionally execute a flow. condition: true
2024-01-18 19:12:56.095 [DEBUG] [thread-id 1] - Store in: store the value 'nextgen' in the variable 'version'
2024-01-18 19:12:56.099 [WARN] [thread-id 1] - variable itemStatusHeader was used, but r2 could not find a value for this variable. returning default of null
2024-01-18 19:12:56.100 [DEBUG] [thread-id 1] - conditionally execute a flow. condition: true
2024-01-18 19:12:57.763 [DEBUG] [thread-id 1] - Store in: store the value 'SUCCESS' in the variable 'itemStatusHeader'
2024-01-18 19:12:57.773 [WARN] [thread-id 1] - variable itemFilter was used, but r2 could not find a value for this variable. returning default of null
2024-01-18 19:12:57.773 [DEBUG] [thread-id 1] - conditionally execute a flow. condition: false
2024-01-18 19:12:59.415 [DEBUG] [thread-id 1] - Store in: store the value 'http://astro.walmart.com/api/v3/teflon/internal/getItemHealth/32144/FC_DELIVERY' in the variable 'fetchURL'
2024-01-18 19:12:59.420 [DEBUG] [thread-id 1] - Store in: store the value 'null' in the variable 'itemDetails'
2024-01-18 19:13:01.067 [DEBUG] [thread-id 1] - conditionally execute a flow. condition: true
2024-01-18 19:13:02.695 [DEBUG] [thread-id 1] - NextGen API
2024-01-18 19:13:04.340 [DEBUG] [thread-id 1] - Call API: 'http://astro.walmart.com/api/v3/teflon/internal/getItemHealth/32144/FC_DELIVERY'
2024-01-18 19:13:09.686 [DEBUG] [thread-id 1] - Response code is: '200'. Response body is: '{"astroStatus":"SUCCESS","astroDescription":"Items found in itemHealth Collection","astroDetails":[{"itemId":"1168705544","astroStatus":"SUCCESS","astroDescription":"FC_DELIVERY (1168705544), ORDER CREATED","orderType":"FC_DELIVERY","storeId":"32144","orderNumber":null,"eligiblePaths":[],"paymentTypes":["cc"],"inEligiblePaths":[],"offerId":"BD41035073924A80A186E58C75AFCED7","_id":"6352f4ae8d5c5e54d46a5c53","__v":0,"createdAt":"2022-10-21T19:36:14.101Z","updatedAt":"2024-01-19T03:12:26.304Z","price":{"currencyAmount":9.98,"currencyUnit":"USD","unit":"EA"}},{"itemId":"832701813","astroStatus":"SUCCESS","astroDescription":"FC_DELIVERY (832701813), ORDER CREATED","orderType":"FC_DELIVERY","storeId":"32144","orderNumber":null,"eligiblePaths":[],"paymentTypes":["cc"],"inEligiblePaths":[],"offerId":"7EE15210F990430B87B9E581EF0EE853","_id":"6352f4b01578f257acaa40e5","__v":0,"createdAt":"2022-10-21T19:36:16.338Z","updatedAt":"2024-01-19T03:12:25.411Z","price":{"currencyAmount":4.98,"currencyUnit":"USD","unit":"EA"}},{"itemId":"1126228020","astroStatus":"SUCCESS","astroDescription":"FC_DELIVERY (1126228020), ORDER CREATED","orderType":"FC_DELIVERY","storeId":"32144","orderNumber":null,"eligiblePaths":[],"paymentTypes":["cc"],"inEligiblePaths":[],"offerId":"4ECFF890A0BC4FFC8A88C70F05DD37C6","_id":"6352f4b2ba71e839c00ea061","__v":0,"createdAt":"2022-10-21T19:36:18.010Z","updatedAt":"2024-01-19T03:12:22.497Z","price":{"currencyAmount":18.5,"currencyUnit":"USD","unit":"EA"}},{"itemId":"693349901","astroStatus":"SUCCESS","astroDescription":"FC_DELIVERY (693349901), ORDER CREATED","orderType":"FC_DELIVERY","storeId":"32144","orderNumber":null,"eligiblePaths":["buynow"],"paymentTypes":["cc"],"inEligiblePaths":[],"offerId":"35C29C3CF81C420BA81D80F9FD9E36AA","_id":"6352f4b2d30e002434082bd9","__v":0,"createdAt":"2022-10-21T19:36:18.695Z","updatedAt":"2024-01-19T03:12:22.174Z","price":{"currencyAmount":170,"currencyUnit":"USD","unit":"EA"}},{"itemId":"180914550","astroStatus":"SUCCESS","astroDescription":"FC_DELIVERY (180914550), ORDER CREATED","orderType":"FC_DELIVERY","storeId":"32144","orderNumber":null,"eligiblePaths":["associatediscount","subsallowed"],"paymentTypes":["cc"],"inEligiblePaths":[],"offerId":"CEE55637DC144327BF8FD0C4C96D9BFB","_id":"6352f4b4ba71e839c00ea068","__v":0,"createdAt":"2022-10-21T19:36:20.314Z","updatedAt":"2024-01-19T03:12:22.321Z","price":{"currencyAmount":2.97,"currencyUnit":"USD","unit":"EA"}},{"itemId":"732383650","astroStatus":"SUCCESS","astroDescription":"FC_DELIVERY (732383650), ORDER CREATED","orderType":"FC_DELIVERY","storeId":"32144","orderNumber":null,"eligiblePaths":["buynow"],"paymentTypes":["cc"],"inEligiblePaths":[],"offerId":"BADE6F5D1325455EB835D9D12579AF24","_id":"6352f4b4ba71e839c00ea06d","__v":0,"createdAt":"2022-10-21T19:36:20.542Z","updatedAt":"2024-01-19T03:12:21.833Z","price":{"currencyAmount":0}},{"itemId":"822481324","astroStatus":"SUCCESS","astroDescription":"FC_DELIVERY (822481324), ORDER CREATED","orderType":"FC_DELIVERY","storeId":"32144","orderNumber":null,"eligiblePaths":["subsallowed","buynow"],"paymentTypes":["cc"],"inEligiblePaths":[],"offerId":"47ABD531463D4C88B894C0F731111A8E","_id":"6352f4b42110d44bb44f3337","__v":0,"createdAt":"2022-10-21T19:36:20.643Z","updatedAt":"2024-01-19T03:12:22.510Z","price":{"currencyAmount":0}},{"itemId":"595198706","astroStatus":"SUCCESS","astroDescription":"FC_DELIVERY (595198706), ORDER CREATED","orderType":"FC_DELIVERY","storeId":"32144","orderNumber":null,"eligiblePaths":["keepit","fastreplace","multivariant","registry","subsallowed"],"paymentTypes":["cc"],"inEligiblePaths":[],"offerId":"C25F4B49800C4C4997C8E57ED0E0DFB6","_id":"6352f4b52110d44bb44f333a","__v":0,"createdAt":"2022-10-21T19:36:21.361Z","updatedAt":"2024-01-19T03:12:21.921Z","price":{"currencyAmount":5,"currencyUnit":"USD","unit":"EA"}},{"itemId":"1822965598","astroStatus":"SUCCESS","astroDescription":"FC_DELIVERY (1822965598), ORDER CREATED","orderType":"FC_DELIVERY","storeId":"32144","orderNumber":null,"eligiblePaths":["virtualpack"],"paymentTypes":["cc"],"inEligiblePaths":[],"offerId":"F4FE662EF1BF4A5DAF27D217A2899B20","_id":"6352f4b6ca5dde2ee4d1b266","__v":0,"createdAt":"2022-10-21T19:36:22.057Z","updatedAt":"2024-01-19T03:12:22.367Z","price":{"currencyAmount":7.6,"currencyUnit":"USD","unit":"EA"}},{"itemId":"305579977","astroStatus":"SUCCESS","astroDescription":"FC_DELIVERY (305579977), ORDER CREATED","orderType":"FC_DELIVERY","storeId":"32144","orderNumber":null,"eligiblePaths":[],"paymentTypes":["cc"],"inEligiblePaths":[],"offerId":"D81617C809B649CBBFC2696871C103BF","_id":"63ec05f6f6ee0e55f0877a00","__v":0,"createdAt":"2023-02-14T22:06:46.801Z","price":{"currencyAmount":25,"currencyUnit":"USD","unit":"EA"},"updatedAt":"2024-01-19T03:12:27.881Z"},{"itemId":"821681268","astroStatus":"SUCCESS","astroDescription":"FC_DELIVERY (821681268), ORDER CREATED","orderType":"FC_DELIVERY","storeId":"32144","orderNumber":null,"eligiblePaths":["preorder"],"paymentTypes":["cc"],"inEligiblePaths":[],"offerId":"FBF389D8894A4BDAACA8795A7EB7706A","_id":"641c83a5b2ad5031d40afdd3","__v":0,"createdAt":"2023-03-23T16:51:49.812Z","price":{"currencyAmount":41.09,"currencyUnit":"USD"},"updatedAt":"2024-01-19T03:12:28.536Z"},{"itemId":"441746984","astroStatus":"SUCCESS","astroDescription":"FC_DELIVERY (441746984), ORDER CREATED","orderType":"FC_DELIVERY","storeId":"32144","orderNumber":null,"eligiblePaths":[],"paymentTypes":["cc"],"inEligiblePaths":[],"offerId":"A6D50794E4C646F1A25ED4D4813B1BE3","_id":"641c83a68d5c5e34c0c79ee6","__v":0,"createdAt":"2023-03-23T16:51:50.019Z","price":{"currencyAmount":35,"currencyUnit":"USD","unit":"EA"},"updatedAt":"2024-01-19T03:12:28.439Z"}]}'
2024-01-18 19:13:11.350 [DEBUG] [thread-id 1] - conditionally execute a flow. condition: false
2024-01-18 19:13:12.996 [DEBUG] [thread-id 1] - SUCCESSFUL item fetched from astro API.
2024-01-18 19:13:14.642 [DEBUG] [thread-id 1] - loop: over '[{"itemId":"1168705544","astroStatus":"SUCCESS","astroDescription":"FC_DELIVERY (1168705544), ORDER CREATED","orderType":"FC_DELIVERY","storeId":"32144","orderNumber":null,"eligiblePaths":[],"paymentTypes":["cc"],"inEligiblePaths":[],"offerId":"BD41035073924A80A186E58C75AFCED7","_id":"6352f4ae8d5c5e54d46a5c53","__v":0,"createdAt":"2022-10-21T19:36:14.101Z","updatedAt":"2024-01-19T03:12:26.304Z","price":{"currencyAmount":9.98,"currencyUnit":"USD","unit":"EA"}},{"itemId":"832701813","astroStatus":"SUCCESS","astroDescription":"FC_DELIVERY (832701813), ORDER CREATED","orderType":"FC_DELIVERY","storeId":"32144","orderNumber":null,"eligiblePaths":[],"paymentTypes":["cc"],"inEligiblePaths":[],"offerId":"7EE15210F990430B87B9E581EF0EE853","_id":"6352f4b01578f257acaa40e5","__v":0,"createdAt":"2022-10-21T19:36:16.338Z","updatedAt":"2024-01-19T03:12:25.411Z","price":{"currencyAmount":4.98,"currencyUnit":"USD","unit":"EA"}},{"itemId":"1126228020","astroStatus":"SUCCESS","astroDescription":"FC_DELIVERY (1126228020), ORDER CREATED","orderType":"FC_DELIVERY","storeId":"32144","orderNumber":null,"eligiblePaths":[],"paymentTypes":["cc"],"inEligiblePaths":[],"offerId":"4ECFF890A0BC4FFC8A88C70F05DD37C6","_id":"6352f4b2ba71e839c00ea061","__v":0,"createdAt":"2022-10-21T19:36:18.010Z","updatedAt":"2024-01-19T03:12:22.497Z","price":{"currencyAmount":18.5,"currencyUnit":"USD","unit":"EA"}},{"itemId":"693349901","astroStatus":"SUCCESS","astroDescription":"FC_DELIVERY (693349901), ORDER CREATED","orderType":"FC_DELIVERY","storeId":"32144","orderNumber":null,"eligiblePaths":["buynow"],"paymentTypes":["cc"],"inEligiblePaths":[],"offerId":"35C29C3CF81C420BA81D80F9FD9E36AA","_id":"6352f4b2d30e002434082bd9","__v":0,"createdAt":"2022-10-21T19:36:18.695Z","updatedAt":"2024-01-19T03:12:22.174Z","price":{"currencyAmount":170,"currencyUnit":"USD","unit":"EA"}},{"itemId":"180914550","astroStatus":"SUCCESS","astroDescription":"FC_DELIVERY (180914550), ORDER CREATED","orderType":"FC_DELIVERY","storeId":"32144","orderNumber":null,"eligiblePaths":["associatediscount","subsallowed"],"paymentTypes":["cc"],"inEligiblePaths":[],"offerId":"CEE55637DC144327BF8FD0C4C96D9BFB","_id":"6352f4b4ba71e839c00ea068","__v":0,"createdAt":"2022-10-21T19:36:20.314Z","updatedAt":"2024-01-19T03:12:22.321Z","price":{"currencyAmount":2.97,"currencyUnit":"USD","unit":"EA"}},{"itemId":"732383650","astroStatus":"SUCCESS","astroDescription":"FC_DELIVERY (732383650), ORDER CREATED","orderType":"FC_DELIVERY","storeId":"32144","orderNumber":null,"eligiblePaths":["buynow"],"paymentTypes":["cc"],"inEligiblePaths":[],"offerId":"BADE6F5D1325455EB835D9D12579AF24","_id":"6352f4b4ba71e839c00ea06d","__v":0,"createdAt":"2022-10-21T19:36:20.542Z","updatedAt":"2024-01-19T03:12:21.833Z","price":{"currencyAmount":0}},{"itemId":"822481324","astroStatus":"SUCCESS","astroDescription":"FC_DELIVERY (822481324), ORDER CREATED","orderType":"FC_DELIVERY","storeId":"32144","orderNumber":null,"eligiblePaths":["subsallowed","buynow"],"paymentTypes":["cc"],"inEligiblePaths":[],"offerId":"47ABD531463D4C88B894C0F731111A8E","_id":"6352f4b42110d44bb44f3337","__v":0,"createdAt":"2022-10-21T19:36:20.643Z","updatedAt":"2024-01-19T03:12:22.510Z","price":{"currencyAmount":0}},{"itemId":"595198706","astroStatus":"SUCCESS","astroDescription":"FC_DELIVERY (595198706), ORDER CREATED","orderType":"FC_DELIVERY","storeId":"32144","orderNumber":null,"eligiblePaths":["keepit","fastreplace","multivariant","registry","subsallowed"],"paymentTypes":["cc"],"inEligiblePaths":[],"offerId":"C25F4B49800C4C4997C8E57ED0E0DFB6","_id":"6352f4b52110d44bb44f333a","__v":0,"createdAt":"2022-10-21T19:36:21.361Z","updatedAt":"2024-01-19T03:12:21.921Z","price":{"currencyAmount":5,"currencyUnit":"USD","unit":"EA"}},{"itemId":"1822965598","astroStatus":"SUCCESS","astroDescription":"FC_DELIVERY (1822965598), ORDER CREATED","orderType":"FC_DELIVERY","storeId":"32144","orderNumber":null,"eligiblePaths":["virtualpack"],"paymentTypes":["cc"],"inEligiblePaths":[],"offerId":"F4FE662EF1BF4A5DAF27D217A2899B20","_id":"6352f4b6ca5dde2ee4d1b266","__v":0,"createdAt":"2022-10-21T19:36:22.057Z","updatedAt":"2024-01-19T03:12:22.367Z","price":{"currencyAmount":7.6,"currencyUnit":"USD","unit":"EA"}},{"itemId":"305579977","astroStatus":"SUCCESS","astroDescription":"FC_DELIVERY (305579977), ORDER CREATED","orderType":"FC_DELIVERY","storeId":"32144","orderNumber":null,"eligiblePaths":[],"paymentTypes":["cc"],"inEligiblePaths":[],"offerId":"D81617C809B649CBBFC2696871C103BF","_id":"63ec05f6f6ee0e55f0877a00","__v":0,"createdAt":"2023-02-14T22:06:46.801Z","price":{"currencyAmount":25,"currencyUnit":"USD","unit":"EA"},"updatedAt":"2024-01-19T03:12:27.881Z"},{"itemId":"821681268","astroStatus":"SUCCESS","astroDescription":"FC_DELIVERY (821681268), ORDER CREATED","orderType":"FC_DELIVERY","storeId":"32144","orderNumber":null,"eligiblePaths":["preorder"],"paymentTypes":["cc"],"inEligiblePaths":[],"offerId":"FBF389D8894A4BDAACA8795A7EB7706A","_id":"641c83a5b2ad5031d40afdd3","__v":0,"createdAt":"2023-03-23T16:51:49.812Z","price":{"currencyAmount":41.09,"currencyUnit":"USD"},"updatedAt":"2024-01-19T03:12:28.536Z"},{"itemId":"441746984","astroStatus":"SUCCESS","astroDescription":"FC_DELIVERY (441746984), ORDER CREATED","orderType":"FC_DELIVERY","storeId":"32144","orderNumber":null,"eligiblePaths":[],"paymentTypes":["cc"],"inEligiblePaths":[],"offerId":"A6D50794E4C646F1A25ED4D4813B1BE3","_id":"641c83a68d5c5e34c0c79ee6","__v":0,"createdAt":"2023-03-23T16:51:50.019Z","price":{"currencyAmount":35,"currencyUnit":"USD","unit":"EA"},"updatedAt":"2024-01-19T03:12:28.439Z"}]'
2024-01-18 19:13:16.306 [DEBUG] [thread-id 1] - Store in: store the value 'null' in the variable 'itemDetails'
2024-01-18 19:13:17.941 [DEBUG] [thread-id 1] - {"itemId":"1168705544","astroStatus":"SUCCESS","astroDescription":"FC_DELIVERY (1168705544), ORDER CREATED","orderType":"FC_DELIVERY","storeId":"32144","orderNumber":null,"eligiblePaths":[],"paymentTypes":["cc"],"inEligiblePaths":[],"offerId":"BD41035073924A80A186E58C75AFCED7","_id":"6352f4ae8d5c5e54d46a5c53","__v":0,"createdAt":"2022-10-21T19:36:14.101Z","updatedAt":"2024-01-19T03:12:26.304Z","price":{"currencyAmount":9.98,"currencyUnit":"USD","unit":"EA"}}
2024-01-18 19:13:19.687 [DEBUG] [thread-id 1] - Store in: store the value '1168705544' in the variable 'itemFetched'
2024-01-18 19:13:21.345 [DEBUG] [thread-id 1] - Store in: store the value 'SUCCESS' in the variable 'itemStatus'
2024-01-18 19:13:22.971 [WARN] [thread-id 1] - variable healthCheck was used, but r2 could not find a value for this variable. returning default of null
2024-01-18 19:13:24.625 [DEBUG] [thread-id 1] - conditionally execute a flow. condition: true
2024-01-18 19:13:26.256 [DEBUG] [thread-id 1] - Execute Node: 'us/test/helpers/splitNumberString.js'
2024-01-18 19:13:29.120 [DEBUG] [thread-id 1] - 1168705544
2024-01-18 19:13:30.800 [WARN] [thread-id 1] - variable skipForNext was used, but r2 could not find a value for this variable. returning default of null
2024-01-18 19:13:32.450 [WARN] [thread-id 1] - variable excludeFetchedItem was used, but r2 could not find a value for this variable. returning default of null
2024-01-18 19:13:32.450 [DEBUG] [thread-id 1] - conditionally execute a flow. condition: false
2024-01-18 19:13:34.102 [DEBUG] [thread-id 1] - Executing function: 'us.functions.utils.itemHealthCheck'
2024-01-18 19:13:34.102 [DEBUG] [thread-id 1] - Checking item eligibility before proceeding
2024-01-18 19:13:34.103 [DEBUG] [thread-id 1] - Store in: store the value 'false' in the variable 'itemEligiblity'
2024-01-18 19:13:34.103 [DEBUG] [thread-id 1] - Store in: store the value 'false' in the variable 'ignoreItem'
2024-01-18 19:13:34.103 [DEBUG] [thread-id 1] - loop: over '["723602803", "782385737","859271090", "945213102", "981898706", "858406964", "131979272","591794662","113749870","751343660","826631822","1827541330","440350224","339293095","499284126279","514005942312","221369579","333585141","224072158","137057728","1093892980","669597065","611158052","938629577","967762968","779762816","638389556","373132685","10801611","339274535","491840475","641554029","346735708","530910063","171651135","596634660","336485950","166648379","741882966","388444748","1569268724","119565244","741882966","336485950","668031026","291089218","579008132","209452107","5000048752","472115968","443922107","693349901","180914550","822481324","595198706","111220513","584610022","1822965598","290297660","553478431","770168458","888307914","1948824194","594448100","3384529183","617199772","803629599","1873169929","275542301","458934184","1937310256","961462791","261719437","290297660","226360605","1763400678"]'
2024-01-18 19:15:39.430 [DEBUG] [thread-id 1] - conditionally execute a flow. condition: false
2024-01-18 19:15:41.079 [DEBUG] [thread-id 1] - conditionally execute a flow. condition: true
2024-01-18 19:15:44.353 [DEBUG] [thread-id 1] - Call API: 'http://astro.walmart.com/api/v2/teflon/itemHealthCheck?shippingNode=32144&orderType=FC_DELIVERY&itemId=1168705544'
2024-01-18 19:15:49.654 [DEBUG] [thread-id 1] - Response code is: '200'. Response body is: '{"status":"OK","offerId":"BD41035073924A80A186E58C75AFCED7","eligibility":{"orderType":"FC_DELIVERY","shipNode":"32144","preferredDeliveryRoute":{"nodeType":"FC","shipNode":"9615","carrierType":"GROUND","xmlCarrierMethodCode":"4000"},"isEligible":true}}'
2024-01-18 19:15:51.364 [DEBUG] [thread-id 1] - conditionally execute a flow. condition: true
2024-01-18 19:15:54.865 [DEBUG] [thread-id 1] - Stock available Item Id 1168705544 for type FC_DELIVERY
2024-01-18 19:15:56.529 [WARN] [thread-id 1] - variable fetchedItemDataDetails was used, but r2 could not find a value for this variable. returning default of null
2024-01-18 19:15:56.530 [DEBUG] [thread-id 1] - Execute Node: 'us/test/helpers/jsonParser.js'
2024-01-18 19:15:58.195 [DEBUG] [thread-id 1] - Store in: store the value 'false' in the variable 'skipForNext'
2024-01-18 19:15:59.815 [DEBUG] [thread-id 1] - Store in: store the value 'false' in the variable 'excludeFetchedItem'
2024-01-18 19:15:59.820 [DEBUG] [thread-id 1] - Store in: store the value 'null' in the variable 'storeId'
2024-01-18 19:15:59.820 [DEBUG] [thread-id 1] - Store in: store the value 'null' in the variable 'itemStatusHeader'
2024-01-18 19:15:59.820 [DEBUG] [thread-id 1] - Store in: store the value 'false' in the variable 'healthCheck'
2024-01-18 19:15:59.820 [DEBUG] [thread-id 1] - Store in: store the value 'null' in the variable 'version'
2024-01-18 19:15:59.821 [DEBUG] [thread-id 1] - Store in: store the value 'null' in the variable 'itemFilter'
2024-01-18 19:15:59.821 [DEBUG] [thread-id 1] - Store in: store the value 'false' in the variable 'noSubSet'
2024-01-18 19:16:01.493 [DEBUG] [thread-id 1] - Store in: store the value 'null' in the variable 'backupItem'
2024-01-18 19:16:01.493 [DEBUG] [thread-id 1] - Store in: store the value 'null' in the variable 'source'
2024-01-18 19:16:01.493 [DEBUG] [thread-id 1] - Store in: store the value 'null' in the variable 'useHardCodedItem'
2024-01-18 19:16:01.494 [DEBUG] [thread-id 1] - Store in: store the value 'walmart://item/1168705544' in the variable 'deeplinkURl'
2024-01-18 19:16:01.494 [DEBUG] [thread-id 1] - Item:1168705544
2024-01-18 19:16:01.495 [DEBUG] [thread-id 1] - deeplinkURL:walmart://item/1168705544
2024-01-18 19:16:01.495 [DEBUG] [thread-id 1] - Executing function: 'us.functions.global.navigation.goToDeepLink'
2024-01-18 19:16:01.495 [DEBUG] [thread-id 1] - Verify value of: '$deepLinkUrl'
2024-01-18 19:16:01.495 [DEBUG] [thread-id 1] - Open link: 'walmart://item/1168705544'
2024-01-18 19:16:01.931 [DEBUG] [thread-id 1] - Executing function: 'us.functions.global.navigation.openDeepLink'
2024-01-18 19:16:06.102 [DEBUG] [thread-id 1] - Deeplink pop up not displayed
2024-01-18 19:16:06.114 [DEBUG] [thread-id 1] - Executing function: 'us.functions.item.addItemToCart'
2024-01-18 19:16:19.401 [DEBUG] [thread-id 1] - Verify identifier: {stepper.mainButton=[true]}
2024-01-18 19:16:24.669 [DEBUG] [thread-id 1] - Click element: 'stepper.mainButton'
2024-01-18 19:16:27.284 [WARN] [thread-id 1] - variable qty was used, but r2 could not find a value for this variable. returning default of null
2024-01-18 19:16:27.284 [WARN] [thread-id 1] - variable qty was used, but r2 could not find a value for this variable. returning default of null
2024-01-18 19:16:27.935 [DEBUG] [thread-id 1] - Verify identifier: {//XCUIElementTypeStaticText[@name="1 added"]| //XCUIElementTypeOther[@name="add-to-cart-button"] | //XCUIElementTypeStaticText[@label="null"] | Max 1=[true]}
2024-01-18 19:16:27.936 [WARN] [thread-id 1] - variable skipPostAddToCartSteps was used, but r2 could not find a value for this variable. returning default of null
2024-01-18 19:16:27.936 [DEBUG] [thread-id 1] - conditionally execute a flow. condition: true
2024-01-18 19:16:28.966 [DEBUG] [thread-id 1] - Executing function: 'us.functions.item.postAddToCartSteps'
2024-01-18 19:16:58.755 [DEBUG] [thread-id 1] - No ACC pop up screen displayed
2024-01-18 19:17:06.083 [DEBUG] [thread-id 1] - Click element: '//XCUIElementTypeButton[@name="Close"]'
2024-01-18 19:17:15.413 [DEBUG] [thread-id 1] - Click element: '//XCUIElementTypeButton[@name="Close"] | //XCUIElementTypeButton[@label="Close"]'
2024-01-18 19:17:16.884 [DEBUG] [thread-id 1] - Executing function: 'us.functions.item.closeItemPage'
2024-01-18 19:17:37.939 [DEBUG] [thread-id 1] - PAC not found
2024-01-18 19:17:59.383 [DEBUG] [thread-id 1] - Item page closed
2024-01-18 19:18:00.106 [WARN] [thread-id 1] - break reached without loop, this may be an error in your flow.
2024-01-18 19:18:11.747 [DEBUG] [thread-id 1] - Main failed: Is present: 'Your cart is empty'
2024-01-18 19:18:12.459 [DEBUG] [thread-id 1] - Executing scenario: 'After'
2024-01-18 19:18:12.460 [DEBUG] [thread-id 1] - Executing function: 'us.functions.utils.afterSteps'
2024-01-18 19:18:12.461 [WARN] [thread-id 1] - variable testStatus was used, but r2 could not find a value for this variable. returning default of null
2024-01-18 19:18:12.461 [DEBUG] [thread-id 1] - conditionally execute a flow. condition: false
2024-01-18 19:18:13.126 [DEBUG] [thread-id 1] - Test failed
2024-01-18 19:18:13.131 [DEBUG] [thread-id 1] - Executing function: 'us.functions.utils.fetchExecutionTime'
2024-01-18 19:18:13.131 [DEBUG] [thread-id 1] - conditionally execute a flow. condition: true
2024-01-18 19:18:13.794 [DEBUG] [thread-id 1] - Timestamp: 1705634293794
2024-01-18 19:18:14.452 [DEBUG] [thread-id 1] - Arithmetic Operation: (1705634293794 - 1705633728355) / 1000 (value = 565.439)
2024-01-18 19:18:14.453 [DEBUG] [thread-id 1] - Store in: store the value '565.439' in the variable 'result'
2024-01-18 19:18:15.171 [DEBUG] [thread-id 1] - 565.439
2024-01-18 19:18:15.834 [DEBUG] [thread-id 1] - Arithmetic Operation: 565.439 / 60 (value = 9.423983333333333333333333333333333)
2024-01-18 19:18:15.835 [DEBUG] [thread-id 1] - Store in: store the value '9.423983333333333333333333333333333' in the variable 'result'
2024-01-18 19:18:16.496 [DEBUG] [thread-id 1] - 9.423983333333333333333333333333333
2024-01-18 19:18:17.181 [DEBUG] [thread-id 1] - Create file: './timestampData.txt' with string '9.423983333333333333333333333333333,'
2024-01-18 19:18:20.569 [DEBUG] [thread-id 1] - Created report: /Users/m0k0a2f/glass-automation/report/index.html
2024-01-18 19:19:44.188 [DEBUG] [thread-id 1] - Executing R2 3.38.1: '/Users/m0k0a2f/glass-automation/./us/test/test-scripts/android/golden-flows/multi-fulfillment-flows/Petrx_try_BE_nov2023.yaml' on device: 'Pixel_6_API_33'
2024-01-18 19:19:45.587 [DEBUG] [thread-id 1] - Created report: /Users/m0k0a2f/glass-automation/report/index.html
2024-01-18 19:23:31.108 [DEBUG] [thread-id 1] - Executing R2 3.38.1: '/Users/m0k0a2f/glass-automation/./us/test/test-scripts/android/golden-flows/multi-fulfillment-flows/Petrx_try_BE_nov2023.yaml' on device: 'Pixel5_API_31'
2024-01-18 19:23:32.670 [DEBUG] [thread-id 1] - Created report: /Users/m0k0a2f/glass-automation/report/index.html
2024-01-18 19:26:13.433 [DEBUG] [thread-id 1] - Executing R2 3.38.1: '/Users/m0k0a2f/glass-automation/./us/test/test-scripts/android/golden-flows/multi-fulfillment-flows/Petrx_try_BE_nov2023.yaml' on device: 'Pixel5_API_31'
2024-01-18 19:26:24.267 [DEBUG] [thread-id 1] - Created report: /Users/m0k0a2f/glass-automation/report/index.html
2024-01-18 19:31:57.996 [DEBUG] [thread-id 1] - Executing R2 3.38.1: '/Users/m0k0a2f/glass-automation/./us/test/test-scripts/ios/golden-flows/Financial-Services-Flows/pre-transaction/C2644793-ebt-payment-fc+sc-pickup.yaml' on device: 'iPhone 14'
2024-01-18 19:32:49.958 [DEBUG] [thread-id 1] - Executing scenario: 'Before'
2024-01-18 19:32:49.960 [DEBUG] [thread-id 1] - R2_SUBFLOW_PRE_TRANSACTION
2024-01-18 19:32:49.962 [DEBUG] [thread-id 1] - Executing function: 'us.functions.utils.astro.clearCart'
2024-01-18 19:32:50.152 [DEBUG] [thread-id 1] - Call API: 'http://astro.walmart.com/api/v2/teflon/customer/e2e.ios.ebtpayment@cloudtest.org/clearcart'
2024-01-18 19:33:03.709 [DEBUG] [thread-id 1] - Response code is: '200'. Response body is: '{"astroStatus":"SUCCESS","astroDescription":"CART_CLEARED","astroDetails":{"dbSessionMap":{"CXO_CART_ST":"{\"mtoken\":\"3:23#306951082#2=43036771#8=336912052\"}"},"checkoutable":false,"cart":{"id":"bb979021-8994-4b8b-96d3-84661ff6a348","buyer":{"id":"830c9127-da72-4412-9ce5-17af59689359","type":"CUSTOMER"},"accessPoint":{"id":"6168c2e3-fc36-4827-98e6-d717d10af1d6","name":"Walmart San Jose Store #32144","storeId":32144,"fulfillmentType":"INSTORE_PICKUP","fulfillmentOption":"PICKUP","supportedTimeZone":"US/Pacific","locationInstruction":"[{\"type\":\"CHECKIN_DEFAULT\",\"value\":\"<div><p><b>Please bring your government-issued ID</b></p><br /><br /><ol><li>Download and use the app to let us know you're on the way and view your parking guide.</li><li>Park in a designated pickup spot. Using the app, enter your parking info and an associate will come to you.</li><li>Show your ID to the associate if required.</li><li>The associate will request access to your trunk or back seat, then will load your items.</li><li>You're all set! Check the app to see if you need to move to any other pickup locations.</li></ol></div>\"},{\"type\":\"EMAIL_DEFAULT\",\"value\":\"NA\"},{\"type\":\"CHECKIN_1\",\"value\":\"Next, tell us when you’ve parked. Park by the pickup sign and enter your parking info so we can find you faster.\"}]","isStoreEbtEligible":true,"allowAlcohol":true,"allowAgeRestricted":false,"restrictions":[],"accessType":"PICKUP_CURBSIDE","storeCategory":"Supercenter","nodeType":"STORE","pickupStartBuffer":5,"allowBagFee":true,"isBagFeeMandatory":false,"address":{"postalCode":"95122","addressLineOne":"777 STORY RD","city":"San Jose","state":"CA","addressTypeName":"OFFICE","isPOBox":false,"countryCode":"USA"}},"storeIds":[],"itemCount":0,"entityErrors":[],"shipping":{"id":"206cbff9-c64e-4534-af0b-5d47d179b25e","dbLockVersion":0,"postalCode":"95122","city":"San Jose","state":"CA","countryCode":"USA","latitude":37.606689,"longitude":-122.426362,"isPOBox":false,"isAPOFPO":false},"currencyCode":"USD","preview":false,"tenantId":0,"verticalId":0,"checkoutableErrors":[],"intent":"PICKUP","pickupStore":{"city":"San Jose","stateOrProvinceCode":"CA","countryCode":"USA","postalCode":"95122","storeId":"32144","services":[]},"deliveryStore":{"city":"San Jose","stateOrProvinceCode":"CA","countryCode":"USA","postalCode":"95122","storeId":"32144","services":[]},"mpStores":[],"fulfillmentPlans":[],"accessPoints":[],"reservations":[],"isExplicitIntent":false,"hasGiftEligibleItem":false,"warnings":[],"restrictions":[],"hasUPResiliencyResponse":true},"isOmniPromiseResponse":true,"uniqueInstallationOfferIdHolder":[]}}'
2024-01-18 19:33:03.903 [DEBUG] [thread-id 1] - Cart cleared for e2e.ios.ebtpayment@cloudtest.org
2024-01-18 19:33:04.061 [DEBUG] [thread-id 1] - Using us-errors-helpers.yaml
2024-01-18 19:33:04.215 [DEBUG] [thread-id 1] - Start Main
2024-01-18 19:33:04.217 [DEBUG] [thread-id 1] - Executing function: 'us.functions.global.onboarding.navigateOnboardingToHome'
2024-01-18 19:33:04.219 [DEBUG] [thread-id 1] - Executing function: 'us.function.utils.getEnvironmentValue'
2024-01-18 19:33:04.219 [DEBUG] [thread-id 1] - Store in: store the value 'teflon' in the variable 'env'
2024-01-18 19:33:04.221 [DEBUG] [thread-id 1] - Timestamp: 1705635184220
2024-01-18 19:33:04.229 [DEBUG] [thread-id 1] - Welcome screen loaded
2024-01-18 19:33:04.232 [DEBUG] [thread-id 1] - Verify identifier: {SignUpNudgeWelcomeViewController.titleLabel=[true]}
2024-01-18 19:33:14.293 [DEBUG] [thread-id 1] - conditionally execute a flow. condition: false
2024-01-18 19:33:14.494 [DEBUG] [thread-id 1] - Click element: 'cta.cancel.welcome'
2024-01-18 19:33:14.977 [DEBUG] [thread-id 1] - Notifiction Prompt screen loaded
2024-01-18 19:33:15.469 [DEBUG] [thread-id 1] - Verify identifier: {NotificationPermissionViewController.titleLabel=[true]}
2024-01-18 19:33:15.527 [DEBUG] [thread-id 1] - Click element: 'cta.cancel.notifications'
2024-01-18 19:33:16.006 [DEBUG] [thread-id 1] - location screen loaded
2024-01-18 19:33:16.213 [DEBUG] [thread-id 1] - Verify identifier: {LocationPermissionViewController.titleLabel=[true], LocationPermissionViewController.bodyLabel=[true]}
2024-01-18 19:33:16.284 [DEBUG] [thread-id 1] - Click element: 'cta.cancel.location'
2024-01-18 19:33:16.972 [DEBUG] [thread-id 1] - Verify identifier: {label.postal-code-entry=[true]}
2024-01-18 19:33:17.035 [DEBUG] [thread-id 1] - Enter text: '95122'
2024-01-18 19:33:18.815 [DEBUG] [thread-id 1] - Click element: 'cta.continue'
2024-01-18 19:33:19.340 [DEBUG] [thread-id 1] - sleep:  3000 milliseconds
2024-01-18 19:33:22.348 [DEBUG] [thread-id 1] - loop: from 0 to 3
2024-01-18 19:33:22.655 [DEBUG] [thread-id 1] - 0
2024-01-18 19:33:33.202 [DEBUG] [thread-id 1] - conditionally execute a flow. condition: false
2024-01-18 19:33:43.545 [DEBUG] [thread-id 1] - Observed IDFA Sscreen
2024-01-18 19:33:43.806 [DEBUG] [thread-id 1] - conditionally execute a flow. condition: true
2024-01-18 19:33:44.064 [DEBUG] [thread-id 1] - Verify identifier: {ATTPermissionViewController.titleLabel=[true], ATTPermissionViewController.bodyLabel=[true]}
2024-01-18 19:33:44.385 [DEBUG] [thread-id 1] - Click element: 'cta.continue.location'
2024-01-18 19:33:47.545 [DEBUG] [thread-id 1] - Click element: '//XCUIElementTypeButton[@name="Ask App Not to Track"] | //XCUIElementTypeButton[@name="Solicitar a la app no rastrear"]'
2024-01-18 19:33:58.630 [DEBUG] [thread-id 1] - conditionally execute a flow. condition: false
2024-01-18 19:33:59.291 [DEBUG] [thread-id 1] - modal is not displayed
2024-01-18 19:34:09.965 [DEBUG] [thread-id 1] - Executing function: 'us.functions.gic.collapseIfExpanded'
2024-01-18 19:34:11.026 [DEBUG] [thread-id 1] - Verify identifier: {//*[contains(@label,"Expanded")] | //*[contains(@name,"Expanded")]=[true]}
2024-01-18 19:34:11.685 [DEBUG] [thread-id 1] - Collapsing GIC screen
2024-01-18 19:34:12.751 [DEBUG] [thread-id 1] - Click element: '//*[contains(@label,"Expanded")] | //*[contains(@name,"Expanded")]'
2024-01-18 19:34:13.271 [DEBUG] [thread-id 1] - Executing function: 'us.functions.home.navigateHomeToSignIn'
2024-01-18 19:34:13.271 [DEBUG] [thread-id 1] - sleep:  3000 milliseconds
2024-01-18 19:34:27.094 [DEBUG] [thread-id 1] - Click element: 'tab-account-unselected'
2024-01-18 19:34:28.521 [DEBUG] [thread-id 1] - Verify identifier: {SignInYourAccountTableViewCell.signInButton=[true]}
2024-01-18 19:34:28.521 [DEBUG] [thread-id 1] - loop: from 1 to 3
2024-01-18 19:34:29.226 [DEBUG] [thread-id 1] - conditionally execute a flow. condition: true
2024-01-18 19:34:30.065 [DEBUG] [thread-id 1] - Click element: 'SignInYourAccountTableViewCell.signInButton'
2024-01-18 19:34:34.350 [DEBUG] [thread-id 1] - Verify identifier: {WelcomeView.emailField=[true]}
2024-01-18 19:34:36.012 [DEBUG] [thread-id 1] - Store in: store the value 'true' in the variable 'signInValidated'
2024-01-18 19:34:37.699 [DEBUG] [thread-id 1] - conditionally execute a flow. condition: true
2024-01-18 19:34:39.370 [DEBUG] [thread-id 1] - SignIn page loaded
2024-01-18 19:34:41.060 [DEBUG] [thread-id 1] - Store in: store the value 'false' in the variable 'signInValidated'
2024-01-18 19:34:41.067 [DEBUG] [thread-id 1] - Executing function: 'us.functions.global.authentication.signInAccount'
2024-01-18 19:34:42.740 [DEBUG] [thread-id 1] - Verify identifier: {WelcomeView.emailField=[true]}
2024-01-18 19:34:42.974 [DEBUG] [thread-id 1] - Enter text: 'e2e.ios.ebtpayment@cloudtest.org'
2024-01-18 19:34:45.223 [DEBUG] [thread-id 1] - Click element: 'WelcomeView.ctaButton'
2024-01-18 19:34:59.343 [DEBUG] [thread-id 1] - conditionally execute a flow. condition: true
2024-01-18 19:35:01.349 [DEBUG] [thread-id 1] - Click element: 'OTPView.passwordOptionStackView'
2024-01-18 19:35:04.135 [DEBUG] [thread-id 1] - Verify identifier: {OTPView.passwordTextField=[true]}
2024-01-18 19:35:04.380 [DEBUG] [thread-id 1] - Enter text: 'E2epassword$'
2024-01-18 19:35:06.129 [DEBUG] [thread-id 1] - Click element: 'OTPView.ctaButton'
2024-01-18 19:35:30.241 [DEBUG] [thread-id 1] - conditionally execute a flow. condition: true
2024-01-18 19:35:32.884 [DEBUG] [thread-id 1] - Click element: 'Don’t Allow'
2024-01-18 19:35:33.643 [DEBUG] [thread-id 1] - Executing function: 'us.test.functions.utils.closeWplusPrompt.homeScreen'
2024-01-18 19:35:34.492 [DEBUG] [thread-id 1] - conditionally execute a flow. condition: true
2024-01-18 19:35:36.292 [DEBUG] [thread-id 1] - W+ Plus membership prompt is present closing.
2024-01-18 19:35:38.909 [DEBUG] [thread-id 1] - Click element: '//XCUIElementTypeButton[@name="SplashPageViewController.closeButton" or contains(@label, "Close Walmart plus promotional pop up")] | //XCUIElementTypeNavigationBar[@name="WalmartPlus.SplashPageView"]/XCUIElementTypeButton | //XCUIElementTypeButton[@name="close" or @name="Close"] | //XCUIElementTypeButton[@name="SplashPageViewController.fullScreenCloseButton"] | //XCUIElementTypeButton[@name="MultiSplashViewController.fullScreenCloseButton"]'
2024-01-18 19:35:40.491 [DEBUG] [thread-id 1] - W+ Benefits prompt is dismissed!
2024-01-18 19:35:40.495 [DEBUG] [thread-id 1] - Executing function: 'us.functions.utils.handleCartMergePopup'
2024-01-18 19:35:40.496 [DEBUG] [thread-id 1] - loop: from 0 to 4
2024-01-18 19:35:41.218 [DEBUG] [thread-id 1] - 0
2024-01-18 19:35:48.008 [DEBUG] [thread-id 1] - No Technical Error Page observed
2024-01-18 19:35:48.735 [DEBUG] [thread-id 1] - sleep:  1000 milliseconds
2024-01-18 19:36:00.071 [DEBUG] [thread-id 1] - Executing function: 'us.functions.global.navigation.accountToHome'
2024-01-18 19:36:00.071 [DEBUG] [thread-id 1] - Verify identifier: {Shop=[true]}
2024-01-18 19:36:00.072 [DEBUG] [thread-id 1] - sleep:  2000 milliseconds
2024-01-18 19:36:02.238 [DEBUG] [thread-id 1] - Click element: 'Shop'
2024-01-18 19:36:03.279 [DEBUG] [thread-id 1] - Executing function: 'us.functions.home.closeWPlusPromotionPopUpIfDisplayed'
2024-01-18 19:36:12.139 [DEBUG] [thread-id 1] - No Wplus pop up displayed
2024-01-18 19:36:12.842 [DEBUG] [thread-id 1] - Verify identifier: {Search Walmart=[true]}
2024-01-18 19:36:12.843 [DEBUG] [thread-id 1] - Executing function: 'us.functions.home.setStore'
2024-01-18 19:36:12.844 [DEBUG] [thread-id 1] - conditionally execute a flow. condition: true
2024-01-18 19:36:13.521 [DEBUG] [thread-id 1] - Executing function: 'us.functions.home.changeStore'
2024-01-18 19:36:13.522 [DEBUG] [thread-id 1] - Executing function: 'us.functions.home.closeWPlusPromotionPopUpIfDisplayed'
2024-01-18 19:36:22.428 [DEBUG] [thread-id 1] - No Wplus pop up displayed
2024-01-18 19:36:22.433 [DEBUG] [thread-id 1] - Executing function: 'us.functions.gic.expandIfCollapsed'
2024-01-18 19:36:23.542 [DEBUG] [thread-id 1] - Verify identifier: {//*[contains(@label,"Collapsed")] | //*[contains(@name,"Collapsed")]=[true]}
2024-01-18 19:36:24.697 [DEBUG] [thread-id 1] - Click element: '//*[contains(@label,"Collapsed")] | //*[contains(@name,"Collapsed")]'
2024-01-18 19:36:25.222 [WARN] [thread-id 1] - variable storeOnly was used, but r2 could not find a value for this variable. returning default of null
2024-01-18 19:36:25.223 [DEBUG] [thread-id 1] - conditionally execute a flow. condition: true
2024-01-18 19:36:36.710 [DEBUG] [thread-id 1] - conditionally execute a flow. condition: false
2024-01-18 19:36:50.271 [DEBUG] [thread-id 1] - Click element: '//XCUIElementTypeButton[@name="GlobalIntentCenter.Pickup"] | //XCUIElementTypeButton[contains(@name, "Pickup") and contains(@name,"1 of 2")]'
2024-01-18 19:36:52.433 [DEBUG] [thread-id 1] - Pickup intent selected
2024-01-18 19:37:18.118 [DEBUG] [thread-id 1] - Main failed: Cannot click '//XCUIElementTypeCollectionView[@name="GlobalIntentCenterViewController.collectionView"]//XCUIElementTypeCell[position()=last()-2 or position()=last()-1]//*[@name="GlobalIntentCenter.FullLocation" and contains(@label,"Pickup")] | //XCUIElementTypeOther[@name="LayoutableChildStackViewController.stackView"]/XCUIElementTypeOther[position()=last()]//XCUIElementTypeOther[@name="HoTLocationsItemDetailsView.containerView"]'
2024-01-18 19:37:19.762 [DEBUG] [thread-id 1] - Executing scenario: 'After'
2024-01-18 19:37:19.763 [DEBUG] [thread-id 1] - Executing function: 'us.functions.utils.afterSteps'
2024-01-18 19:37:19.763 [WARN] [thread-id 1] - variable testStatus was used, but r2 could not find a value for this variable. returning default of null
2024-01-18 19:37:19.764 [DEBUG] [thread-id 1] - conditionally execute a flow. condition: false
2024-01-18 19:37:21.424 [DEBUG] [thread-id 1] - Test failed
2024-01-18 19:37:21.428 [DEBUG] [thread-id 1] - Executing function: 'us.functions.utils.fetchExecutionTime'
2024-01-18 19:37:21.429 [DEBUG] [thread-id 1] - conditionally execute a flow. condition: true
2024-01-18 19:37:23.069 [DEBUG] [thread-id 1] - Timestamp: 1705635443069
2024-01-18 19:37:24.751 [DEBUG] [thread-id 1] - Arithmetic Operation: (1705635443069 - 1705635184220) / 1000 (value = 258.849)
2024-01-18 19:37:24.751 [DEBUG] [thread-id 1] - Store in: store the value '258.849' in the variable 'result'
2024-01-18 19:37:26.424 [DEBUG] [thread-id 1] - 258.849
2024-01-18 19:37:28.104 [DEBUG] [thread-id 1] - Arithmetic Operation: 258.849 / 60 (value = 4.31415)
2024-01-18 19:37:28.104 [DEBUG] [thread-id 1] - Store in: store the value '4.31415' in the variable 'result'
2024-01-18 19:37:29.700 [DEBUG] [thread-id 1] - 4.31415
2024-01-18 19:37:31.356 [DEBUG] [thread-id 1] - Create file: './timestampData.txt' with string '4.31415,'
2024-01-18 19:37:35.648 [DEBUG] [thread-id 1] - Created report: /Users/m0k0a2f/glass-automation/report/index.html
2024-01-18 19:53:29.504 [DEBUG] [thread-id 1] - Executing R2 3.38.1: '/Users/m0k0a2f/glass-automation/./us/test/test-scripts/ios/golden-flows/Financial-Services-Flows/pre-transaction/C2644793-ebt-payment-fc+sc-pickup.yaml' on device: 'iPhone 14'
2024-01-18 19:54:28.679 [DEBUG] [thread-id 1] - Executing scenario: 'Before'
2024-01-18 19:54:28.681 [DEBUG] [thread-id 1] - R2_SUBFLOW_PRE_TRANSACTION
2024-01-18 19:54:28.690 [DEBUG] [thread-id 1] - Executing function: 'us.functions.utils.astro.clearCart'
2024-01-18 19:54:28.868 [DEBUG] [thread-id 1] - Call API: 'http://astro.walmart.com/api/v2/teflon/customer/e2e.ios.ebtpayment@cloudtest.org/clearcart'
2024-01-18 19:54:41.919 [DEBUG] [thread-id 1] - Response code is: '200'. Response body is: '{"astroStatus":"SUCCESS","astroDescription":"CART_CLEARED","astroDetails":{"dbSessionMap":{"CXO_CART_ST":"{\"mtoken\":\"3:23#306951863#2=43037733#8=336913433\"}"},"checkoutable":false,"cart":{"id":"bb979021-8994-4b8b-96d3-84661ff6a348","buyer":{"id":"830c9127-da72-4412-9ce5-17af59689359","type":"CUSTOMER"},"accessPoint":{"id":"6168c2e3-fc36-4827-98e6-d717d10af1d6","fulfillmentType":"INSTORE_PICKUP","fulfillmentOption":"PICKUP","supportedTimeZone":"US/Pacific","amendableItemSize":0},"storeIds":[],"itemCount":0,"entityErrors":[],"shipping":{"id":"98d08d2b-29c9-4cad-b93a-1bb6ae52ddb0","dbLockVersion":0,"postalCode":"95122","city":"San Jose","state":"CA","countryCode":"USA","latitude":37.606689,"longitude":-122.426362,"isPOBox":false,"isAPOFPO":false},"currencyCode":"USD","preview":false,"tenantId":0,"verticalId":0,"checkoutableErrors":[],"intent":"PICKUP","pickupStore":{"city":"San Jose","stateOrProvinceCode":"CA","countryCode":"USA","postalCode":"95122","storeId":"32144","services":[]},"deliveryStore":{"city":"San Jose","stateOrProvinceCode":"CA","countryCode":"USA","postalCode":"95122","storeId":"32144","services":[]},"mpStores":[],"fulfillmentPlans":[],"accessPoints":[{"id":"6168c2e3-fc36-4827-98e6-d717d10af1d6","fulfillmentType":"INSTORE_PICKUP","fulfillmentOption":"PICKUP","supportedTimeZone":"US/Pacific","amendableItemSize":0}],"reservations":[],"isExplicitIntent":false,"hasGiftEligibleItem":false,"warnings":[],"restrictions":[],"hasUPResiliencyResponse":true},"isOmniPromiseResponse":true,"uniqueInstallationOfferIdHolder":[]}}'
2024-01-18 19:54:42.133 [DEBUG] [thread-id 1] - Cart cleared for e2e.ios.ebtpayment@cloudtest.org
2024-01-18 19:54:42.308 [DEBUG] [thread-id 1] - Using us-errors-helpers.yaml
2024-01-18 19:54:42.472 [DEBUG] [thread-id 1] - Start Main
2024-01-18 19:54:42.474 [DEBUG] [thread-id 1] - Executing function: 'us.functions.utils.getSearchableItem'
2024-01-18 19:54:42.475 [DEBUG] [thread-id 1] - Store in: store the value 'null' in the variable 'itemFetched'
2024-01-18 19:54:42.475 [DEBUG] [thread-id 1] - Store in: store the value 'null' in the variable 'deeplinkURL'
2024-01-18 19:54:42.476 [DEBUG] [thread-id 1] - Store in: store the value 'true' in the variable 'apiFetch'
2024-01-18 19:54:42.476 [WARN] [thread-id 1] - variable useHardCodedItem was used, but r2 could not find a value for this variable. returning default of null
2024-01-18 19:54:42.486 [DEBUG] [thread-id 1] - conditionally execute a flow. condition: false
2024-01-18 19:54:42.640 [DEBUG] [thread-id 1] - conditionally execute a flow. condition: false
2024-01-18 19:54:42.799 [DEBUG] [thread-id 1] - Item fetched by Astro API
2024-01-18 19:54:42.971 [DEBUG] [thread-id 1] - Executing function: 'us.functions.utils.fetchAstroAvailableItem'
2024-01-18 19:54:42.972 [DEBUG] [thread-id 1] - Fetching Item available in stock using Astro API for Item type STORE_SCHEDULED_PICKUP
2024-01-18 19:54:42.972 [WARN] [thread-id 1] - variable storeId was used, but r2 could not find a value for this variable. returning default of null
2024-01-18 19:54:42.974 [DEBUG] [thread-id 1] - conditionally execute a flow. condition: true
2024-01-18 19:54:43.131 [DEBUG] [thread-id 1] - Store in: store the value '32144' in the variable 'storeId'
2024-01-18 19:54:43.137 [WARN] [thread-id 1] - variable nextGen was used, but r2 could not find a value for this variable. returning default of null
2024-01-18 19:54:43.137 [DEBUG] [thread-id 1] - conditionally execute a flow. condition: true
2024-01-18 19:54:43.287 [DEBUG] [thread-id 1] - Store in: store the value 'nextgen' in the variable 'version'
2024-01-18 19:54:43.293 [WARN] [thread-id 1] - variable itemStatusHeader was used, but r2 could not find a value for this variable. returning default of null
2024-01-18 19:54:43.293 [DEBUG] [thread-id 1] - conditionally execute a flow. condition: true
2024-01-18 19:54:43.448 [DEBUG] [thread-id 1] - Store in: store the value 'SUCCESS' in the variable 'itemStatusHeader'
2024-01-18 19:54:43.454 [DEBUG] [thread-id 1] - conditionally execute a flow. condition: true
2024-01-18 19:54:43.617 [WARN] [thread-id 1] - variable itemSubFilter was used, but r2 could not find a value for this variable. returning default of null
2024-01-18 19:54:43.617 [DEBUG] [thread-id 1] - conditionally execute a flow. condition: false
2024-01-18 19:54:43.768 [DEBUG] [thread-id 1] - conditionally execute a flow. condition: false
2024-01-18 19:54:43.919 [WARN] [thread-id 1] - variable itemSubFilter was used, but r2 could not find a value for this variable. returning default of null
2024-01-18 19:54:43.919 [DEBUG] [thread-id 1] - conditionally execute a flow. condition: false
2024-01-18 19:54:44.068 [DEBUG] [thread-id 1] - conditionally execute a flow. condition: false
2024-01-18 19:54:44.220 [DEBUG] [thread-id 1] - conditionally execute a flow. condition: true
2024-01-18 19:54:44.376 [DEBUG] [thread-id 1] - Store in: store the value 'http://astro.walmart.com/api/v3/teflon/internal/getItemHealth/32144/STORE_SCHEDULED_PICKUP?itemType=ebtsnap' in the variable 'fetchURL'
2024-01-18 19:54:44.567 [DEBUG] [thread-id 1] - Store in: store the value 'nextgen' in the variable 'version'
2024-01-18 19:54:44.572 [DEBUG] [thread-id 1] - Store in: store the value 'null' in the variable 'itemDetails'
2024-01-18 19:54:44.732 [DEBUG] [thread-id 1] - conditionally execute a flow. condition: true
2024-01-18 19:54:44.896 [DEBUG] [thread-id 1] - NextGen API
2024-01-18 19:54:45.063 [DEBUG] [thread-id 1] - Call API: 'http://astro.walmart.com/api/v3/teflon/internal/getItemHealth/32144/STORE_SCHEDULED_PICKUP?itemType=ebtsnap'
2024-01-18 19:54:50.247 [DEBUG] [thread-id 1] - Response code is: '200'. Response body is: '{"astroStatus":"SUCCESS","astroDescription":"Items found in itemHealth Collection","astroDetails":[{"itemId":"741882966","astroStatus":"SUCCESS","astroDescription":"STORE_SCHEDULED_PICKUP (741882966), ORDER CREATED","orderType":"STORE_SCHEDULED_PICKUP","storeId":"32144","orderNumber":null,"eligiblePaths":["ebtsnap","rewards","subsallowed"],"paymentTypes":["cc"],"inEligiblePaths":[],"offerId":"BB5D316EAE0D4951A5177662956B290B","_id":"6352f4b8ca5dde2ee4d1b26d","__v":0,"createdAt":"2022-10-21T19:36:24.704Z","updatedAt":"2024-01-19T03:52:10.531Z","price":{"currencyAmount":18,"currencyUnit":"USD","unit":"EA"}},{"itemId":"516252273","astroStatus":"SUCCESS","astroDescription":"STORE_SCHEDULED_PICKUP (516252273), ORDER CREATED","orderType":"STORE_SCHEDULED_PICKUP","storeId":"32144","orderNumber":null,"eligiblePaths":["ebtsnap","subsallowed","packweighted"],"paymentTypes":["cc"],"inEligiblePaths":[],"offerId":"71D9090860324AC38B8FA080431BD2B8","_id":"6352f4b82110d44bb44f3343","__v":0,"createdAt":"2022-10-21T19:36:24.741Z","updatedAt":"2024-01-19T03:52:11.800Z","price":{"currencyAmount":0.51,"currencyUnit":"USD","unit":"LB"}},{"itemId":"803629599","astroStatus":"SUCCESS","astroDescription":"STORE_SCHEDULED_PICKUP (803629599), ORDER CREATED","orderType":"STORE_SCHEDULED_PICKUP","storeId":"32144","orderNumber":null,"eligiblePaths":["ebtsnap","b2b","subsallowed"],"paymentTypes":["cc"],"inEligiblePaths":[],"offerId":"849FD7037C7446469AA20076ABD4D511","_id":"6352f4b99ec84d4820684f1d","__v":0,"createdAt":"2022-10-21T19:36:25.140Z","updatedAt":"2024-01-19T03:52:11.793Z","price":{"currencyAmount":23,"currencyUnit":"USD","unit":"EA"}},{"itemId":"10898594","astroStatus":"SUCCESS","astroDescription":"STORE_SCHEDULED_PICKUP (10898594), ORDER CREATED","orderType":"STORE_SCHEDULED_PICKUP","storeId":"32144","orderNumber":null,"eligiblePaths":["ebtsnap","subsallowed"],"paymentTypes":["cc"],"inEligiblePaths":[],"offerId":"EFC27219A20443719D0197518F93F0CE","_id":"6352f4b91578f257acaa40f7","__v":0,"createdAt":"2022-10-21T19:36:25.257Z","updatedAt":"2024-01-19T03:52:10.764Z","price":{"currencyAmount":100,"currencyUnit":"USD","unit":"EA"}},{"itemId":"961350767","astroStatus":"SUCCESS","astroDescription":"STORE_SCHEDULED_PICKUP (961350767), ORDER CREATED","orderType":"STORE_SCHEDULED_PICKUP","storeId":"32144","orderNumber":null,"eligiblePaths":["ebtsnap","b2b","subsallowed"],"paymentTypes":["cc"],"inEligiblePaths":[],"offerId":"45B26A3A78574CD79135A686018CE342","_id":"63d15f4b2110d45450eb3bd7","__v":0,"createdAt":"2023-01-25T16:56:43.187Z","updatedAt":"2024-01-19T03:52:14.618Z","price":{"currencyAmount":0.05,"currencyUnit":"USD","unit":"EA"}},{"itemId":"345874623","astroStatus":"SUCCESS","astroDescription":"STORE_SCHEDULED_PICKUP (345874623), ORDER CREATED","orderType":"STORE_SCHEDULED_PICKUP","storeId":"32144","orderNumber":null,"eligiblePaths":["ebtsnap","subsallowed","hubnspoke"],"paymentTypes":["cc"],"inEligiblePaths":[],"offerId":"24A879404A074F39B354007D2DF12C5F","_id":"63d15f4b8d5c5e2aa8302e36","__v":0,"createdAt":"2023-01-25T16:56:43.185Z","updatedAt":"2024-01-19T03:52:14.700Z","price":{"currencyAmount":1.5,"currencyUnit":"USD","unit":"EA"}},{"itemId":"868253277","astroStatus":"SUCCESS","astroDescription":"STORE_SCHEDULED_PICKUP (868253277), ORDER CREATED","orderType":"STORE_SCHEDULED_PICKUP","storeId":"32144","orderNumber":null,"eligiblePaths":["ebtsnap","subsallowed","pureweighted"],"paymentTypes":["cc"],"inEligiblePaths":[],"offerId":"627BE3F954A14E25A00F630553EAB7B7","_id":"63d15f4bbd229c3e8091f7cb","__v":0,"createdAt":"2023-01-25T16:56:43.485Z","updatedAt":"2024-01-19T03:52:14.868Z","price":{"currencyAmount":2.05,"currencyUnit":"USD","unit":"LB"}},{"itemId":"196904542","astroStatus":"SUCCESS","astroDescription":"STORE_SCHEDULED_PICKUP (196904542), ORDER CREATED","orderType":"STORE_SCHEDULED_PICKUP","storeId":"32144","orderNumber":null,"eligiblePaths":["ebtsnap","subsallowed","eachweighted"],"paymentTypes":["cc"],"inEligiblePaths":[],"offerId":"92164DA672374B56B17139D3EB547306","_id":"63d15f4c9ec84d293861a91b","__v":0,"createdAt":"2023-01-25T16:56:44.332Z","updatedAt":"2024-01-19T03:52:14.552Z","price":{"currencyAmount":4.09,"currencyUnit":"USD","unit":"LB"}},{"itemId":"456547542","astroStatus":"SUCCESS","astroDescription":"STORE_SCHEDULED_PICKUP (456547542), ORDER CREATED","orderType":"STORE_SCHEDULED_PICKUP","storeId":"32144","orderNumber":null,"eligiblePaths":["ebtsnap","b2b","subsallowed"],"paymentTypes":["cc"],"inEligiblePaths":[],"offerId":"4754AA8488D4425F95A479E0202BF2FA","_id":"63d9cb8ece5ab7368810a711","__v":0,"createdAt":"2023-02-01T02:16:46.315Z","updatedAt":"2024-01-19T03:52:14.514Z","price":{"currencyAmount":28.4,"currencyUnit":"USD","unit":"EA"}}]}'
2024-01-18 19:54:50.559 [DEBUG] [thread-id 1] - conditionally execute a flow. condition: false
2024-01-18 19:54:50.729 [DEBUG] [thread-id 1] - SUCCESSFUL item fetched from astro API.
2024-01-18 19:54:50.903 [DEBUG] [thread-id 1] - loop: over '[{"itemId":"741882966","astroStatus":"SUCCESS","astroDescription":"STORE_SCHEDULED_PICKUP (741882966), ORDER CREATED","orderType":"STORE_SCHEDULED_PICKUP","storeId":"32144","orderNumber":null,"eligiblePaths":["ebtsnap","rewards","subsallowed"],"paymentTypes":["cc"],"inEligiblePaths":[],"offerId":"BB5D316EAE0D4951A5177662956B290B","_id":"6352f4b8ca5dde2ee4d1b26d","__v":0,"createdAt":"2022-10-21T19:36:24.704Z","updatedAt":"2024-01-19T03:52:10.531Z","price":{"currencyAmount":18,"currencyUnit":"USD","unit":"EA"}},{"itemId":"516252273","astroStatus":"SUCCESS","astroDescription":"STORE_SCHEDULED_PICKUP (516252273), ORDER CREATED","orderType":"STORE_SCHEDULED_PICKUP","storeId":"32144","orderNumber":null,"eligiblePaths":["ebtsnap","subsallowed","packweighted"],"paymentTypes":["cc"],"inEligiblePaths":[],"offerId":"71D9090860324AC38B8FA080431BD2B8","_id":"6352f4b82110d44bb44f3343","__v":0,"createdAt":"2022-10-21T19:36:24.741Z","updatedAt":"2024-01-19T03:52:11.800Z","price":{"currencyAmount":0.51,"currencyUnit":"USD","unit":"LB"}},{"itemId":"803629599","astroStatus":"SUCCESS","astroDescription":"STORE_SCHEDULED_PICKUP (803629599), ORDER CREATED","orderType":"STORE_SCHEDULED_PICKUP","storeId":"32144","orderNumber":null,"eligiblePaths":["ebtsnap","b2b","subsallowed"],"paymentTypes":["cc"],"inEligiblePaths":[],"offerId":"849FD7037C7446469AA20076ABD4D511","_id":"6352f4b99ec84d4820684f1d","__v":0,"createdAt":"2022-10-21T19:36:25.140Z","updatedAt":"2024-01-19T03:52:11.793Z","price":{"currencyAmount":23,"currencyUnit":"USD","unit":"EA"}},{"itemId":"10898594","astroStatus":"SUCCESS","astroDescription":"STORE_SCHEDULED_PICKUP (10898594), ORDER CREATED","orderType":"STORE_SCHEDULED_PICKUP","storeId":"32144","orderNumber":null,"eligiblePaths":["ebtsnap","subsallowed"],"paymentTypes":["cc"],"inEligiblePaths":[],"offerId":"EFC27219A20443719D0197518F93F0CE","_id":"6352f4b91578f257acaa40f7","__v":0,"createdAt":"2022-10-21T19:36:25.257Z","updatedAt":"2024-01-19T03:52:10.764Z","price":{"currencyAmount":100,"currencyUnit":"USD","unit":"EA"}},{"itemId":"961350767","astroStatus":"SUCCESS","astroDescription":"STORE_SCHEDULED_PICKUP (961350767), ORDER CREATED","orderType":"STORE_SCHEDULED_PICKUP","storeId":"32144","orderNumber":null,"eligiblePaths":["ebtsnap","b2b","subsallowed"],"paymentTypes":["cc"],"inEligiblePaths":[],"offerId":"45B26A3A78574CD79135A686018CE342","_id":"63d15f4b2110d45450eb3bd7","__v":0,"createdAt":"2023-01-25T16:56:43.187Z","updatedAt":"2024-01-19T03:52:14.618Z","price":{"currencyAmount":0.05,"currencyUnit":"USD","unit":"EA"}},{"itemId":"345874623","astroStatus":"SUCCESS","astroDescription":"STORE_SCHEDULED_PICKUP (345874623), ORDER CREATED","orderType":"STORE_SCHEDULED_PICKUP","storeId":"32144","orderNumber":null,"eligiblePaths":["ebtsnap","subsallowed","hubnspoke"],"paymentTypes":["cc"],"inEligiblePaths":[],"offerId":"24A879404A074F39B354007D2DF12C5F","_id":"63d15f4b8d5c5e2aa8302e36","__v":0,"createdAt":"2023-01-25T16:56:43.185Z","updatedAt":"2024-01-19T03:52:14.700Z","price":{"currencyAmount":1.5,"currencyUnit":"USD","unit":"EA"}},{"itemId":"868253277","astroStatus":"SUCCESS","astroDescription":"STORE_SCHEDULED_PICKUP (868253277), ORDER CREATED","orderType":"STORE_SCHEDULED_PICKUP","storeId":"32144","orderNumber":null,"eligiblePaths":["ebtsnap","subsallowed","pureweighted"],"paymentTypes":["cc"],"inEligiblePaths":[],"offerId":"627BE3F954A14E25A00F630553EAB7B7","_id":"63d15f4bbd229c3e8091f7cb","__v":0,"createdAt":"2023-01-25T16:56:43.485Z","updatedAt":"2024-01-19T03:52:14.868Z","price":{"currencyAmount":2.05,"currencyUnit":"USD","unit":"LB"}},{"itemId":"196904542","astroStatus":"SUCCESS","astroDescription":"STORE_SCHEDULED_PICKUP (196904542), ORDER CREATED","orderType":"STORE_SCHEDULED_PICKUP","storeId":"32144","orderNumber":null,"eligiblePaths":["ebtsnap","subsallowed","eachweighted"],"paymentTypes":["cc"],"inEligiblePaths":[],"offerId":"92164DA672374B56B17139D3EB547306","_id":"63d15f4c9ec84d293861a91b","__v":0,"createdAt":"2023-01-25T16:56:44.332Z","updatedAt":"2024-01-19T03:52:14.552Z","price":{"currencyAmount":4.09,"currencyUnit":"USD","unit":"LB"}},{"itemId":"456547542","astroStatus":"SUCCESS","astroDescription":"STORE_SCHEDULED_PICKUP (456547542), ORDER CREATED","orderType":"STORE_SCHEDULED_PICKUP","storeId":"32144","orderNumber":null,"eligiblePaths":["ebtsnap","b2b","subsallowed"],"paymentTypes":["cc"],"inEligiblePaths":[],"offerId":"4754AA8488D4425F95A479E0202BF2FA","_id":"63d9cb8ece5ab7368810a711","__v":0,"createdAt":"2023-02-01T02:16:46.315Z","updatedAt":"2024-01-19T03:52:14.514Z","price":{"currencyAmount":28.4,"currencyUnit":"USD","unit":"EA"}}]'
2024-01-18 19:54:51.086 [DEBUG] [thread-id 1] - Store in: store the value 'null' in the variable 'itemDetails'
2024-01-18 19:54:51.248 [DEBUG] [thread-id 1] - {"itemId":"741882966","astroStatus":"SUCCESS","astroDescription":"STORE_SCHEDULED_PICKUP (741882966), ORDER CREATED","orderType":"STORE_SCHEDULED_PICKUP","storeId":"32144","orderNumber":null,"eligiblePaths":["ebtsnap","rewards","subsallowed"],"paymentTypes":["cc"],"inEligiblePaths":[],"offerId":"BB5D316EAE0D4951A5177662956B290B","_id":"6352f4b8ca5dde2ee4d1b26d","__v":0,"createdAt":"2022-10-21T19:36:24.704Z","updatedAt":"2024-01-19T03:52:10.531Z","price":{"currencyAmount":18,"currencyUnit":"USD","unit":"EA"}}
2024-01-18 19:54:51.415 [DEBUG] [thread-id 1] - Store in: store the value '741882966' in the variable 'itemFetched'
2024-01-18 19:54:51.588 [DEBUG] [thread-id 1] - Store in: store the value 'SUCCESS' in the variable 'itemStatus'
2024-01-18 19:54:51.777 [WARN] [thread-id 1] - variable healthCheck was used, but r2 could not find a value for this variable. returning default of null
2024-01-18 19:54:51.948 [DEBUG] [thread-id 1] - conditionally execute a flow. condition: true
2024-01-18 19:54:52.102 [DEBUG] [thread-id 1] - Execute Node: 'us/test/helpers/splitNumberString.js'
2024-01-18 19:54:52.955 [DEBUG] [thread-id 1] - 741882966
2024-01-18 19:54:53.109 [WARN] [thread-id 1] - variable skipForNext was used, but r2 could not find a value for this variable. returning default of null
2024-01-18 19:54:53.267 [WARN] [thread-id 1] - variable excludeFetchedItem was used, but r2 could not find a value for this variable. returning default of null
2024-01-18 19:54:53.268 [DEBUG] [thread-id 1] - conditionally execute a flow. condition: false
2024-01-18 19:54:53.418 [DEBUG] [thread-id 1] - Executing function: 'us.functions.utils.itemHealthCheck'
2024-01-18 19:54:53.419 [DEBUG] [thread-id 1] - Checking item eligibility before proceeding
2024-01-18 19:54:53.419 [DEBUG] [thread-id 1] - Store in: store the value 'false' in the variable 'itemEligiblity'
2024-01-18 19:54:53.419 [DEBUG] [thread-id 1] - Store in: store the value 'false' in the variable 'ignoreItem'
2024-01-18 19:54:53.420 [DEBUG] [thread-id 1] - loop: over '["723602803", "782385737","859271090", "945213102", "981898706", "858406964", "131979272","591794662","113749870","751343660","826631822","1827541330","440350224","339293095","499284126279","514005942312","221369579","333585141","224072158","137057728","1093892980","669597065","611158052","938629577","967762968","779762816","638389556","373132685","10801611","339274535","491840475","641554029","346735708","530910063","171651135","596634660","336485950","166648379","741882966","388444748","1569268724","119565244","741882966","336485950","668031026","291089218","579008132","209452107","5000048752","472115968","443922107","693349901","180914550","822481324","595198706","111220513","584610022","1822965598","290297660","553478431","770168458","888307914","1948824194","594448100","3384529183","617199772","803629599","1873169929","275542301","458934184","1937310256","961462791","261719437","290297660","226360605","1763400678"]'
2024-01-18 19:54:59.526 [DEBUG] [thread-id 1] - conditionally execute a flow. condition: true
2024-01-18 19:54:59.676 [DEBUG] [thread-id 1] - Store in: store the value 'true' in the variable 'ignoreItem'
2024-01-18 19:54:59.833 [DEBUG] [thread-id 1] - conditionally execute a flow. condition: true
2024-01-18 19:54:59.978 [DEBUG] [thread-id 1] - Trying for other item as this is in excluded list of item ids
2024-01-18 19:55:00.295 [DEBUG] [thread-id 1] - Store in: store the value 'null' in the variable 'itemDetails'
2024-01-18 19:55:00.448 [DEBUG] [thread-id 1] - {"itemId":"516252273","astroStatus":"SUCCESS","astroDescription":"STORE_SCHEDULED_PICKUP (516252273), ORDER CREATED","orderType":"STORE_SCHEDULED_PICKUP","storeId":"32144","orderNumber":null,"eligiblePaths":["ebtsnap","subsallowed","packweighted"],"paymentTypes":["cc"],"inEligiblePaths":[],"offerId":"71D9090860324AC38B8FA080431BD2B8","_id":"6352f4b82110d44bb44f3343","__v":0,"createdAt":"2022-10-21T19:36:24.741Z","updatedAt":"2024-01-19T03:52:11.800Z","price":{"currencyAmount":0.51,"currencyUnit":"USD","unit":"LB"}}
2024-01-18 19:55:00.596 [DEBUG] [thread-id 1] - Store in: store the value '516252273' in the variable 'itemFetched'
2024-01-18 19:55:00.743 [DEBUG] [thread-id 1] - Store in: store the value 'SUCCESS' in the variable 'itemStatus'
2024-01-18 19:55:00.892 [WARN] [thread-id 1] - variable healthCheck was used, but r2 could not find a value for this variable. returning default of null
2024-01-18 19:55:01.043 [DEBUG] [thread-id 1] - conditionally execute a flow. condition: true
2024-01-18 19:55:01.189 [DEBUG] [thread-id 1] - Execute Node: 'us/test/helpers/splitNumberString.js'
2024-01-18 19:55:01.378 [DEBUG] [thread-id 1] - 516252273
2024-01-18 19:55:01.526 [WARN] [thread-id 1] - variable skipForNext was used, but r2 could not find a value for this variable. returning default of null
2024-01-18 19:55:01.676 [WARN] [thread-id 1] - variable excludeFetchedItem was used, but r2 could not find a value for this variable. returning default of null
2024-01-18 19:55:01.677 [DEBUG] [thread-id 1] - conditionally execute a flow. condition: false
2024-01-18 19:55:01.824 [DEBUG] [thread-id 1] - Checking item eligibility before proceeding
2024-01-18 19:55:01.824 [DEBUG] [thread-id 1] - Store in: store the value 'false' in the variable 'itemEligiblity'
2024-01-18 19:55:01.824 [DEBUG] [thread-id 1] - Store in: store the value 'false' in the variable 'ignoreItem'
2024-01-18 19:55:01.824 [DEBUG] [thread-id 1] - loop: over '["723602803", "782385737","859271090", "945213102", "981898706", "858406964", "131979272","591794662","113749870","751343660","826631822","1827541330","440350224","339293095","499284126279","514005942312","221369579","333585141","224072158","137057728","1093892980","669597065","611158052","938629577","967762968","779762816","638389556","373132685","10801611","339274535","491840475","641554029","346735708","530910063","171651135","596634660","336485950","166648379","741882966","388444748","1569268724","119565244","741882966","336485950","668031026","291089218","579008132","209452107","5000048752","472115968","443922107","693349901","180914550","822481324","595198706","111220513","584610022","1822965598","290297660","553478431","770168458","888307914","1948824194","594448100","3384529183","617199772","803629599","1873169929","275542301","458934184","1937310256","961462791","261719437","290297660","226360605","1763400678"]'
2024-01-18 19:55:15.322 [DEBUG] [thread-id 1] - conditionally execute a flow. condition: false
2024-01-18 19:55:15.472 [DEBUG] [thread-id 1] - conditionally execute a flow. condition: true
2024-01-18 19:55:15.775 [DEBUG] [thread-id 1] - Call API: 'http://astro.walmart.com/api/v2/teflon/itemHealthCheck?shippingNode=32144&orderType=STORE_SCHEDULED_PICKUP&itemId=516252273'
2024-01-18 19:55:22.022 [DEBUG] [thread-id 1] - Response code is: '200'. Response body is: '{"status":"OK","offerId":"71D9090860324AC38B8FA080431BD2B8","eligibility":{"orderType":"STORE_SCHEDULED_PICKUP","shipNode":"32144","isEligible":true}}'
2024-01-18 19:55:22.248 [DEBUG] [thread-id 1] - conditionally execute a flow. condition: true
2024-01-18 19:55:22.565 [DEBUG] [thread-id 1] - Stock available Item Id 516252273 for type STORE_SCHEDULED_PICKUP
2024-01-18 19:55:22.722 [WARN] [thread-id 1] - variable fetchedItemDataDetails was used, but r2 could not find a value for this variable. returning default of null
2024-01-18 19:55:22.722 [DEBUG] [thread-id 1] - Execute Node: 'us/test/helpers/jsonParser.js'
2024-01-18 19:55:22.925 [DEBUG] [thread-id 1] - Store in: store the value 'false' in the variable 'skipForNext'
2024-01-18 19:55:23.076 [DEBUG] [thread-id 1] - Store in: store the value 'false' in the variable 'excludeFetchedItem'
2024-01-18 19:55:23.080 [DEBUG] [thread-id 1] - Store in: store the value 'null' in the variable 'storeId'
2024-01-18 19:55:23.080 [DEBUG] [thread-id 1] - Store in: store the value 'null' in the variable 'itemStatusHeader'
2024-01-18 19:55:23.081 [DEBUG] [thread-id 1] - Store in: store the value 'false' in the variable 'healthCheck'
2024-01-18 19:55:23.081 [DEBUG] [thread-id 1] - Store in: store the value 'null' in the variable 'version'
2024-01-18 19:55:23.081 [DEBUG] [thread-id 1] - Store in: store the value 'null' in the variable 'itemFilter'
2024-01-18 19:55:23.083 [DEBUG] [thread-id 1] - Store in: store the value 'false' in the variable 'noSubSet'
2024-01-18 19:55:23.244 [DEBUG] [thread-id 1] - Store in: store the value 'null' in the variable 'backupItem'
2024-01-18 19:55:23.244 [DEBUG] [thread-id 1] - Store in: store the value 'null' in the variable 'source'
2024-01-18 19:55:23.244 [DEBUG] [thread-id 1] - Store in: store the value 'null' in the variable 'useHardCodedItem'
2024-01-18 19:55:23.245 [DEBUG] [thread-id 1] - Store in: store the value 'walmart://item/516252273' in the variable 'deeplinkURl'
2024-01-18 19:55:23.245 [DEBUG] [thread-id 1] - Item:516252273
2024-01-18 19:55:23.246 [DEBUG] [thread-id 1] - deeplinkURL:walmart://item/516252273
2024-01-18 19:55:23.246 [DEBUG] [thread-id 1] - Executing function: 'us.functions.global.navigation.goToDeepLink'
2024-01-18 19:55:23.247 [DEBUG] [thread-id 1] - Verify value of: '$deepLinkUrl'
2024-01-18 19:55:23.247 [DEBUG] [thread-id 1] - Open link: 'walmart://item/516252273'
2024-01-18 19:55:25.786 [DEBUG] [thread-id 1] - Executing function: 'us.functions.global.navigation.openDeepLink'
2024-01-18 19:55:28.939 [DEBUG] [thread-id 1] - Deeplink pop up not displayed
2024-01-18 19:55:28.945 [DEBUG] [thread-id 1] - Executing function: 'us.functions.item.addItemToCart'
2024-01-18 19:56:59.147 [DEBUG] [thread-id 1] - conditionally execute a flow. condition: false
2024-01-18 19:56:59.316 [DEBUG] [thread-id 1] - conditionally execute a flow. condition: true
2024-01-18 19:56:59.473 [DEBUG] [thread-id 1] - Store in: store the value '[ Source - AstroAPI ] [ ItemId - 516252273 ] [ Tag - STORE_SCHEDULED_PICKUP ] ' in the variable 'itemDataDetails'
2024-01-18 19:56:59.644 [WARN] [thread-id 1] - variable env was used, but r2 could not find a value for this variable. returning default of null
2024-01-18 19:56:59.811 [WARN] [thread-id 1] - variable env was used, but r2 could not find a value for this variable. returning default of null
2024-01-18 19:56:59.973 [WARN] [thread-id 1] - variable env was used, but r2 could not find a value for this variable. returning default of null
2024-01-18 19:57:00.140 [WARN] [thread-id 1] - variable env was used, but r2 could not find a value for this variable. returning default of null
2024-01-18 19:57:00.299 [WARN] [thread-id 1] - variable env was used, but r2 could not find a value for this variable. returning default of null
2024-01-18 19:57:00.472 [WARN] [thread-id 1] - variable env was used, but r2 could not find a value for this variable. returning default of null
2024-01-18 19:57:00.643 [WARN] [thread-id 1] - variable env was used, but r2 could not find a value for this variable. returning default of null
2024-01-18 19:57:00.825 [WARN] [thread-id 1] - variable env was used, but r2 could not find a value for this variable. returning default of null
2024-01-18 19:57:00.989 [WARN] [thread-id 1] - variable env was used, but r2 could not find a value for this variable. returning default of null
2024-01-18 19:57:01.147 [WARN] [thread-id 1] - variable env was used, but r2 could not find a value for this variable. returning default of null
2024-01-18 19:57:01.307 [WARN] [thread-id 1] - variable env was used, but r2 could not find a value for this variable. returning default of null
2024-01-18 19:57:01.461 [WARN] [thread-id 1] - variable env was used, but r2 could not find a value for this variable. returning default of null
2024-01-18 19:57:01.622 [WARN] [thread-id 1] - variable env was used, but r2 could not find a value for this variable. returning default of null
2024-01-18 19:57:01.785 [WARN] [thread-id 1] - variable env was used, but r2 could not find a value for this variable. returning default of null
2024-01-18 19:57:01.949 [WARN] [thread-id 1] - variable env was used, but r2 could not find a value for this variable. returning default of null
2024-01-18 19:57:02.107 [WARN] [thread-id 1] - variable env was used, but r2 could not find a value for this variable. returning default of null
2024-01-18 19:57:02.266 [WARN] [thread-id 1] - variable env was used, but r2 could not find a value for this variable. returning default of null
2024-01-18 19:57:02.436 [WARN] [thread-id 1] - variable env was used, but r2 could not find a value for this variable. returning default of null
2024-01-18 19:57:02.595 [WARN] [thread-id 1] - variable env was used, but r2 could not find a value for this variable. returning default of null
2024-01-18 19:57:02.768 [WARN] [thread-id 1] - variable env was used, but r2 could not find a value for this variable. returning default of null
2024-01-18 19:57:02.935 [WARN] [thread-id 1] - variable env was used, but r2 could not find a value for this variable. returning default of null
2024-01-18 19:57:03.097 [WARN] [thread-id 1] - variable env was used, but r2 could not find a value for this variable. returning default of null
2024-01-18 19:57:03.257 [WARN] [thread-id 1] - variable env was used, but r2 could not find a value for this variable. returning default of null
2024-01-18 19:57:03.420 [WARN] [thread-id 1] - variable env was used, but r2 could not find a value for this variable. returning default of null
2024-01-18 19:57:03.577 [WARN] [thread-id 1] - variable env was used, but r2 could not find a value for this variable. returning default of null
2024-01-18 19:57:03.732 [WARN] [thread-id 1] - variable env was used, but r2 could not find a value for this variable. returning default of null
2024-01-18 19:57:03.885 [WARN] [thread-id 1] - variable env was used, but r2 could not find a value for this variable. returning default of null
2024-01-18 19:57:04.045 [WARN] [thread-id 1] - variable env was used, but r2 could not find a value for this variable. returning default of null
2024-01-18 19:57:04.213 [WARN] [thread-id 1] - variable env was used, but r2 could not find a value for this variable. returning default of null
2024-01-18 19:57:04.381 [WARN] [thread-id 1] - variable env was used, but r2 could not find a value for this variable. returning default of null
2024-01-18 19:57:04.544 [WARN] [thread-id 1] - variable env was used, but r2 could not find a value for this variable. returning default of null
2024-01-18 19:57:04.703 [WARN] [thread-id 1] - variable env was used, but r2 could not find a value for this variable. returning default of null
2024-01-18 19:57:04.858 [WARN] [thread-id 1] - variable env was used, but r2 could not find a value for this variable. returning default of null
2024-01-18 19:57:05.019 [WARN] [thread-id 1] - variable env was used, but r2 could not find a value for this variable. returning default of null
2024-01-18 19:57:05.177 [WARN] [thread-id 1] - variable env was used, but r2 could not find a value for this variable. returning default of null
2024-01-18 19:57:05.336 [WARN] [thread-id 1] - variable env was used, but r2 could not find a value for this variable. returning default of null
2024-01-18 19:57:05.502 [WARN] [thread-id 1] - variable env was used, but r2 could not find a value for this variable. returning default of null
2024-01-18 19:57:05.667 [WARN] [thread-id 1] - variable env was used, but r2 could not find a value for this variable. returning default of null
2024-01-18 19:57:05.828 [WARN] [thread-id 1] - variable env was used, but r2 could not find a value for this variable. returning default of null
2024-01-18 19:57:05.985 [WARN] [thread-id 1] - variable env was used, but r2 could not find a value for this variable. returning default of null
2024-01-18 19:57:06.141 [WARN] [thread-id 1] - variable env was used, but r2 could not find a value for this variable. returning default of null
2024-01-18 19:57:06.308 [WARN] [thread-id 1] - variable env was used, but r2 could not find a value for this variable. returning default of null
2024-01-18 19:57:06.465 [WARN] [thread-id 1] - variable env was used, but r2 could not find a value for this variable. returning default of null
2024-01-18 19:57:06.641 [WARN] [thread-id 1] - variable env was used, but r2 could not find a value for this variable. returning default of null
2024-01-18 19:57:06.799 [WARN] [thread-id 1] - variable env was used, but r2 could not find a value for this variable. returning default of null
2024-01-18 19:57:06.971 [WARN] [thread-id 1] - variable env was used, but r2 could not find a value for this variable. returning default of null
2024-01-18 19:57:07.132 [WARN] [thread-id 1] - variable env was used, but r2 could not find a value for this variable. returning default of null
2024-01-18 19:57:07.289 [WARN] [thread-id 1] - variable env was used, but r2 could not find a value for this variable. returning default of null
2024-01-18 19:57:07.466 [WARN] [thread-id 1] - variable env was used, but r2 could not find a value for this variable. returning default of null
2024-01-18 19:57:07.646 [WARN] [thread-id 1] - variable env was used, but r2 could not find a value for this variable. returning default of null
2024-01-18 19:57:07.815 [WARN] [thread-id 1] - variable env was used, but r2 could not find a value for this variable. returning default of null
2024-01-18 19:57:07.983 [WARN] [thread-id 1] - variable env was used, but r2 could not find a value for this variable. returning default of null
2024-01-18 19:57:08.147 [WARN] [thread-id 1] - variable env was used, but r2 could not find a value for this variable. returning default of null
2024-01-18 19:57:08.306 [WARN] [thread-id 1] - variable env was used, but r2 could not find a value for this variable. returning default of null
2024-01-18 19:57:08.473 [WARN] [thread-id 1] - variable env was used, but r2 could not find a value for this variable. returning default of null
2024-01-18 19:57:08.634 [WARN] [thread-id 1] - variable env was used, but r2 could not find a value for this variable. returning default of null
2024-01-18 19:57:08.794 [WARN] [thread-id 1] - variable env was used, but r2 could not find a value for this variable. returning default of null
2024-01-18 19:57:08.958 [WARN] [thread-id 1] - variable env was used, but r2 could not find a value for this variable. returning default of null
2024-01-18 19:57:09.118 [WARN] [thread-id 1] - variable env was used, but r2 could not find a value for this variable. returning default of null
2024-01-18 19:57:09.272 [WARN] [thread-id 1] - variable env was used, but r2 could not find a value for this variable. returning default of null
2024-01-18 19:57:09.432 [WARN] [thread-id 1] - variable env was used, but r2 could not find a value for this variable. returning default of null
2024-01-18 19:57:09.593 [WARN] [thread-id 1] - variable env was used, but r2 could not find a value for this variable. returning default of null
2024-01-18 19:57:09.757 [WARN] [thread-id 1] - variable env was used, but r2 could not find a value for this variable. returning default of null
2024-01-18 19:57:09.918 [WARN] [thread-id 1] - variable env was used, but r2 could not find a value for this variable. returning default of null
2024-01-18 19:57:10.086 [WARN] [thread-id 1] - variable env was used, but r2 could not find a value for this variable. returning default of null
2024-01-18 19:57:10.263 [WARN] [thread-id 1] - variable env was used, but r2 could not find a value for this variable. returning default of null
2024-01-18 19:57:10.435 [WARN] [thread-id 1] - variable env was used, but r2 could not find a value for this variable. returning default of null
2024-01-18 19:57:10.596 [WARN] [thread-id 1] - variable env was used, but r2 could not find a value for this variable. returning default of null
2024-01-18 19:57:10.767 [WARN] [thread-id 1] - variable env was used, but r2 could not find a value for this variable. returning default of null
2024-01-18 19:57:10.932 [WARN] [thread-id 1] - variable env was used, but r2 could not find a value for this variable. returning default of null
2024-01-18 19:57:11.095 [WARN] [thread-id 1] - variable env was used, but r2 could not find a value for this variable. returning default of null
2024-01-18 19:57:11.261 [WARN] [thread-id 1] - variable env was used, but r2 could not find a value for this variable. returning default of null
2024-01-18 19:57:11.422 [WARN] [thread-id 1] - variable env was used, but r2 could not find a value for this variable. returning default of null
2024-01-18 19:57:11.579 [WARN] [thread-id 1] - variable env was used, but r2 could not find a value for this variable. returning default of null
2024-01-18 19:57:11.741 [WARN] [thread-id 1] - variable env was used, but r2 could not find a value for this variable. returning default of null
2024-01-18 19:57:11.911 [WARN] [thread-id 1] - variable env was used, but r2 could not find a value for this variable. returning default of null
2024-01-18 19:57:12.082 [WARN] [thread-id 1] - variable env was used, but r2 could not find a value for this variable. returning default of null
2024-01-18 19:57:12.240 [WARN] [thread-id 1] - variable env was used, but r2 could not find a value for this variable. returning default of null
2024-01-18 19:57:12.396 [WARN] [thread-id 1] - variable env was used, but r2 could not find a value for this variable. returning default of null
2024-01-18 19:57:12.551 [WARN] [thread-id 1] - variable env was used, but r2 could not find a value for this variable. returning default of null
2024-01-18 19:57:12.712 [WARN] [thread-id 1] - variable env was used, but r2 could not find a value for this variable. returning default of null
2024-01-18 19:57:12.876 [WARN] [thread-id 1] - variable env was used, but r2 could not find a value for this variable. returning default of null
2024-01-18 19:57:13.047 [WARN] [thread-id 1] - variable env was used, but r2 could not find a value for this variable. returning default of null
2024-01-18 19:57:13.215 [WARN] [thread-id 1] - variable env was used, but r2 could not find a value for this variable. returning default of null
2024-01-18 19:57:13.383 [WARN] [thread-id 1] - variable env was used, but r2 could not find a value for this variable. returning default of null
2024-01-18 19:57:13.545 [WARN] [thread-id 1] - variable env was used, but r2 could not find a value for this variable. returning default of null
2024-01-18 19:57:13.715 [WARN] [thread-id 1] - variable env was used, but r2 could not find a value for this variable. returning default of null
2024-01-18 19:57:13.879 [WARN] [thread-id 1] - variable env was used, but r2 could not find a value for this variable. returning default of null
2024-01-18 19:57:14.044 [WARN] [thread-id 1] - variable env was used, but r2 could not find a value for this variable. returning default of null
2024-01-18 19:57:14.208 [WARN] [thread-id 1] - variable env was used, but r2 could not find a value for this variable. returning default of null
2024-01-18 19:57:14.374 [WARN] [thread-id 1] - variable env was used, but r2 could not find a value for this variable. returning default of null
2024-01-18 19:57:14.540 [WARN] [thread-id 1] - variable env was used, but r2 could not find a value for this variable. returning default of null
2024-01-18 19:57:14.705 [WARN] [thread-id 1] - variable env was used, but r2 could not find a value for this variable. returning default of null
2024-01-18 19:57:14.872 [WARN] [thread-id 1] - variable env was used, but r2 could not find a value for this variable. returning default of null
2024-01-18 19:57:15.039 [WARN] [thread-id 1] - variable env was used, but r2 could not find a value for this variable. returning default of null
2024-01-18 19:57:15.209 [WARN] [thread-id 1] - variable env was used, but r2 could not find a value for this variable. returning default of null
2024-01-18 19:57:15.378 [WARN] [thread-id 1] - variable env was used, but r2 could not find a value for this variable. returning default of null
2024-01-18 19:57:15.543 [WARN] [thread-id 1] - variable env was used, but r2 could not find a value for this variable. returning default of null
2024-01-18 19:57:15.707 [WARN] [thread-id 1] - variable env was used, but r2 could not find a value for this variable. returning default of null
2024-01-18 19:57:15.872 [WARN] [thread-id 1] - variable env was used, but r2 could not find a value for this variable. returning default of null
2024-01-18 19:57:16.037 [WARN] [thread-id 1] - variable env was used, but r2 could not find a value for this variable. returning default of null
2024-01-18 19:57:16.201 [WARN] [thread-id 1] - variable env was used, but r2 could not find a value for this variable. returning default of null
2024-01-18 19:57:16.373 [WARN] [thread-id 1] - variable env was used, but r2 could not find a value for this variable. returning default of null
2024-01-18 19:57:16.542 [WARN] [thread-id 1] - variable env was used, but r2 could not find a value for this variable. returning default of null
2024-01-18 19:57:16.703 [WARN] [thread-id 1] - variable env was used, but r2 could not find a value for this variable. returning default of null
2024-01-18 19:57:16.863 [WARN] [thread-id 1] - variable env was used, but r2 could not find a value for this variable. returning default of null
2024-01-18 19:57:17.035 [WARN] [thread-id 1] - variable env was used, but r2 could not find a value for this variable. returning default of null
2024-01-18 19:57:17.202 [WARN] [thread-id 1] - variable env was used, but r2 could not find a value for this variable. returning default of null
2024-01-18 19:57:17.364 [WARN] [thread-id 1] - variable env was used, but r2 could not find a value for this variable. returning default of null
2024-01-18 19:57:17.529 [WARN] [thread-id 1] - variable env was used, but r2 could not find a value for this variable. returning default of null
2024-01-18 19:57:17.695 [WARN] [thread-id 1] - variable env was used, but r2 could not find a value for this variable. returning default of null
2024-01-18 19:57:17.855 [WARN] [thread-id 1] - variable env was used, but r2 could not find a value for this variable. returning default of null
2024-01-18 19:57:18.025 [WARN] [thread-id 1] - variable env was used, but r2 could not find a value for this variable. returning default of null
2024-01-18 19:57:18.185 [WARN] [thread-id 1] - variable env was used, but r2 could not find a value for this variable. returning default of null
2024-01-18 19:57:18.349 [WARN] [thread-id 1] - variable env was used, but r2 could not find a value for this variable. returning default of null
2024-01-18 19:57:18.514 [WARN] [thread-id 1] - variable env was used, but r2 could not find a value for this variable. returning default of null
2024-01-18 19:57:18.675 [WARN] [thread-id 1] - variable env was used, but r2 could not find a value for this variable. returning default of null
2024-01-18 19:57:18.836 [WARN] [thread-id 1] - variable env was used, but r2 could not find a value for this variable. returning default of null
2024-01-18 19:57:19.002 [WARN] [thread-id 1] - variable env was used, but r2 could not find a value for this variable. returning default of null
2024-01-18 19:57:19.167 [WARN] [thread-id 1] - variable env was used, but r2 could not find a value for this variable. returning default of null
2024-01-18 19:57:19.331 [WARN] [thread-id 1] - variable env was used, but r2 could not find a value for this variable. returning default of null
2024-01-18 19:57:19.493 [WARN] [thread-id 1] - variable env was used, but r2 could not find a value for this variable. returning default of null
2024-01-18 19:57:20.551 [DEBUG] [thread-id 1] - Main failed: DATA_FAILURE - null - ADD TO CART button not displayed - [ Source - AstroAPI ] [ ItemId - 516252273 ] [ Tag - STORE_SCHEDULED_PICKUP ] 
