2024-05-13 15:19:18.270 [DEBUG] [thread-id 1] - Executing R2 4.0.0: '/Users/m0k0a2f/glass-automation/./us/test/test-scripts/ios/golden-flows/Ecomm-And-Fulfillment-Flows/amends-flows/C2662497-amend-sc-delivery-order-from-odp-cart-reschedule-slot-amend-card.yaml' on device: 'iPhone 14 Pro'
2024-05-13 15:22:58.313 [DEBUG] [thread-id 1] - Executing scenario: 'Before'
2024-05-13 15:22:58.315 [DEBUG] [thread-id 1] - R2_SUBFLOW_PRE_TRANSACTION
2024-05-13 15:22:58.316 [DEBUG] [thread-id 1] - Timestamp: 1715638978316
2024-05-13 15:22:58.317 [DEBUG] [thread-id 1] - Store in: store the value 'wplususer1715638978316@cloudtest.org' in the variable 'customerEmail'
2024-05-13 15:22:58.318 [DEBUG] [thread-id 1] - Store in: store the value 'E2epassword$' in the variable 'password'
2024-05-13 15:22:58.867 [DEBUG] [thread-id 1] - Using us-errors-helpers.yaml
2024-05-13 15:22:59.401 [DEBUG] [thread-id 1] - Start Main
2024-05-13 15:22:59.404 [DEBUG] [thread-id 1] - Executing function: 'us.functions.global.onboarding.navigateOnboardingToHome'
2024-05-13 15:22:59.406 [DEBUG] [thread-id 1] - Executing function: 'us.function.utils.getEnvironmentValue'
2024-05-13 15:22:59.406 [DEBUG] [thread-id 1] - Store in: store the value 'teflon' in the variable 'env'
2024-05-13 15:22:59.407 [DEBUG] [thread-id 1] - Timestamp: 1715638979407
2024-05-13 15:22:59.418 [DEBUG] [thread-id 1] - Welcome screen loaded
2024-05-13 15:22:59.565 [DEBUG] [thread-id 1] - Verify identifier: {//XCUIElementTypeButton[@name="SignUpNudgeWelcomeViewController.bodyLabel"]=[true]}
2024-05-13 15:23:09.739 [DEBUG] [thread-id 1] - conditionally execute a flow. condition: false
2024-05-13 15:23:10.060 [DEBUG] [thread-id 1] - Click element: 'cta.cancel.welcome'
2024-05-13 15:23:10.743 [DEBUG] [thread-id 1] - Notifiction Prompt screen loaded
2024-05-13 15:23:11.476 [DEBUG] [thread-id 1] - Verify identifier: {NotificationPermissionViewController.titleLabel=[true]}
2024-05-13 15:23:13.539 [DEBUG] [thread-id 1] - Click element: 'cta.cancel.notifications'
2024-05-13 15:23:13.989 [DEBUG] [thread-id 1] - location screen loaded
2024-05-13 15:23:14.332 [DEBUG] [thread-id 1] - Verify identifier: {LocationPermissionViewController.titleLabel=[true], LocationPermissionViewController.bodyLabel=[true]}
2024-05-13 15:23:14.385 [DEBUG] [thread-id 1] - Click element: 'cta.cancel.location'
2024-05-13 15:23:15.195 [DEBUG] [thread-id 1] - Verify identifier: {label.postal-code-entry=[true]}
2024-05-13 15:23:15.249 [DEBUG] [thread-id 1] - Enter text: '95122'
2024-05-13 15:23:17.865 [DEBUG] [thread-id 1] - Click element: 'cta.continue'
2024-05-13 15:23:18.401 [DEBUG] [thread-id 1] - sleep:  3000 milliseconds
2024-05-13 15:23:21.408 [DEBUG] [thread-id 1] - loop: from 0 to 3
2024-05-13 15:23:21.692 [DEBUG] [thread-id 1] - 0
2024-05-13 15:23:32.143 [DEBUG] [thread-id 1] - conditionally execute a flow. condition: false
2024-05-13 15:23:42.794 [DEBUG] [thread-id 1] - Observed IDFA Sscreen
2024-05-13 15:23:42.794 [DEBUG] [thread-id 1] - sleep:  3000 milliseconds
2024-05-13 15:23:46.065 [DEBUG] [thread-id 1] - conditionally execute a flow. condition: true
2024-05-13 15:23:46.328 [DEBUG] [thread-id 1] - Verify identifier: {ATTPermissionViewController.titleLabel=[true], ATTPermissionViewController.bodyLabel=[true]}
2024-05-13 15:23:56.675 [DEBUG] [thread-id 1] - Click element: 'cta.continue.location'
2024-05-13 15:24:02.086 [DEBUG] [thread-id 1] - Click element: '//XCUIElementTypeButton[@name="Ask App Not to Track"] | //XCUIElementTypeButton[@name="Solicitar a la app no rastrear"]'
2024-05-13 15:24:12.912 [DEBUG] [thread-id 1] - conditionally execute a flow. condition: false
2024-05-13 15:24:13.577 [DEBUG] [thread-id 1] - modal is not displayed
2024-05-13 15:24:24.386 [DEBUG] [thread-id 1] - Executing function: 'us.functions.gic.collapseIfExpanded'
2024-05-13 15:24:25.540 [DEBUG] [thread-id 1] - Verify identifier: {//*[contains(@label,"Expanded")] | //*[contains(@name,"Expanded")]=[true]}
2024-05-13 15:24:26.229 [DEBUG] [thread-id 1] - Collapsing GIC screen
2024-05-13 15:24:27.398 [DEBUG] [thread-id 1] - Click element: '//*[contains(@label,"Expanded")] | //*[contains(@name,"Expanded")]'
2024-05-13 15:24:27.936 [DEBUG] [thread-id 1] - Executing function: 'us.functions.utils.astro.createAccount'
2024-05-13 15:24:27.937 [DEBUG] [thread-id 1] - Create Account
2024-05-13 15:24:27.939 [DEBUG] [thread-id 1] - {"firstName": "Native","lastName": "Team","emailAddress": "wplususer1715638978316@cloudtest.org","phoneNumber": "5403900079","verification":"phone","paymentMethods": ["MASTERCARD"],"postalAddress": {"address": "778 Story Road","city": "San Jose","country": "USA","postalCode": "95122","state": "CA"},"password": "E2epassword$"}
2024-05-13 15:24:27.940 [DEBUG] [thread-id 1] - loop: from 1 to 4
2024-05-13 15:24:28.722 [DEBUG] [thread-id 1] - Call API: 'http://astro.walmart.com/api/v2/teflon/customer'
2024-05-13 15:25:01.780 [DEBUG] [thread-id 1] - Response code is: '200'. Response body is: '{"astroStatus":"SUCCESS","astroDescription":"SIGNUP_SUCCESS","astroDetails":{"status":"OK","statusCode":200,"customerAccountId":"df672235-6d5a-4acc-a059-1a3904b63fdd","customerDetails":{"firstName":"Native","lastName":"Team","emailAddress":"wplususer1715638978316@cloudtest.org","phoneNumber":"5403900079","verification":"phone","paymentMethods":["MASTERCARD"],"postalAddress":{"address":"778 Story Road","city":"San Jose","country":"USA","postalCode":"95122","state":"CA","linetwo":"","linethree":""},"password":"E2epassword$"},"addDeliveryPreference":"OK","addPaymentPreference":"OK","addPaymentPreferenceId":"3ba1c0f9-6db9-4c3a-9caf-95e4117f8fca","customerPatch":"OK"}}'
2024-05-13 15:25:02.564 [DEBUG] [thread-id 1] - Store in: store the value '15403900079' in the variable 'astroPhoneNumber'
2024-05-13 15:25:03.345 [DEBUG] [thread-id 1] - conditionally execute a flow. condition: true
2024-05-13 15:25:04.177 [DEBUG] [thread-id 1] - conditionally execute a flow. condition: true
2024-05-13 15:25:04.977 [DEBUG] [thread-id 1] - 3ba1c0f9-6db9-4c3a-9caf-95e4117f8fca
2024-05-13 15:25:05.743 [WARN] [thread-id 1] - variable withoutPayment was used, but r2 could not find a value for this variable. returning default of null
2024-05-13 15:25:05.746 [DEBUG] [thread-id 1] - conditionally execute a flow. condition: false
2024-05-13 15:25:06.502 [DEBUG] [thread-id 1] - Account created successfully
2024-05-13 15:25:07.299 [DEBUG] [thread-id 1] - ------- Account created Successfully -------
2024-05-13 15:25:08.092 [DEBUG] [thread-id 1] - Executing function: 'us.functions.utils.astro.addPaymentToExistingAccount'
2024-05-13 15:25:08.092 [DEBUG] [thread-id 1] - Add Payment
2024-05-13 15:25:08.093 [DEBUG] [thread-id 1] - {"firstName":"Native","lastName":"Test","emailAddress":"wplususer1715638978316@cloudtest.org","phoneNumber":"4089999999","paymentMethods": ["VISA"],"postalAddress":{"address":"1350 Bacchus Dr","city":"San Jose","state":"CA","country":"USA","postalCode":"95122"}}
2024-05-13 15:25:08.093 [DEBUG] [thread-id 1] - Store in: store the value 'null' in the variable 'astroStatus'
2024-05-13 15:25:08.093 [DEBUG] [thread-id 1] - loop: from 1 to 4
2024-05-13 15:25:08.861 [DEBUG] [thread-id 1] - Call API: 'http://astro.walmart.com/api/v2/teflon/customer/paymentPreferences'
2024-05-13 15:25:18.927 [DEBUG] [thread-id 1] - Response code is: '200'. Response body is: '{"astroStatus":"SUCCESS","astroDescription":"Payment preference added successfully!","astroDetails":{"customerAccountId":"df672235-6d5a-4acc-a059-1a3904b63fdd","addPayementPreference":{"status":"OK","payload":{"paymentMethodInfo":{"createdDate":"2024-05-13T22:25:16.016+0000","modifiedDate":"2024-05-13T22:25:16.016+0000","createdByTenantId":"elh9ie","modifiedByTenantId":"elh9ie","paymentMethodId":"56f8129c-05f8-49d6-9f32-7d2a72e740c6","firstName":"Native","lastName":"Test","paymentMethodType":"CREDITCARD","paymentId":"PIH.ccdb.VISA.CREDITCARD.30160261.0026","cardExpiryDate":"2026-05-31","phoneCountry":"US","phoneCountryCode":"+1","phoneNumber":"4089999999","billingAddress":{"addressLineOne":"1350 Bacchus Dr","addressLineTwo":"APT","city":"San Jose","state":"CA","postalCode":"95122","countryCode":"USA","countryName":"USA","billingAddressId":"42c3a6ae-6c2b-41dd-b2cc-53f00338fab7"},"isPreferred":true,"isCvvRequired":false,"cvvVerifiedFirstDate":"2024-05-13T22:25:16.016+0000","cvvVerifiedLastDate":"2024-05-13T22:25:16.016+0000","instrumentMetaData":{"instrumentType":"CREDITCARD","program":{"id":"","name":""},"brand":{"id":"","name":""}},"p2pePihash":"PIH.p2pe.VISA.CREDITCARD.9A51BAECBE90CADE73DA10D408093732026869075516-401200.0026"}}}},"astroInfo":null}'
2024-05-13 15:25:19.722 [DEBUG] [thread-id 1] - conditionally execute a flow. condition: true
2024-05-13 15:25:20.499 [DEBUG] [thread-id 1] - conditionally execute a flow. condition: true
2024-05-13 15:25:21.293 [DEBUG] [thread-id 1] - Payment added successfully
2024-05-13 15:25:22.101 [DEBUG] [thread-id 1] - Executing function: 'us.functions.home.navigateHomeToSignIn'
2024-05-13 15:25:22.102 [DEBUG] [thread-id 1] - sleep:  3000 milliseconds
2024-05-13 15:25:36.161 [DEBUG] [thread-id 1] - Click element: 'tab-account-unselected'
2024-05-13 15:25:37.731 [DEBUG] [thread-id 1] - Verify identifier: {SignInYourAccountTableViewCell.signInButton=[true]}
2024-05-13 15:25:37.732 [DEBUG] [thread-id 1] - loop: from 1 to 3
2024-05-13 15:25:38.422 [DEBUG] [thread-id 1] - conditionally execute a flow. condition: true
2024-05-13 15:25:39.323 [DEBUG] [thread-id 1] - Click element: 'SignInYourAccountTableViewCell.signInButton'
2024-05-13 15:25:43.667 [DEBUG] [thread-id 1] - Verify identifier: {TextFieldStackView.containerStackView=[true]}
2024-05-13 15:25:45.301 [DEBUG] [thread-id 1] - Store in: store the value 'true' in the variable 'signInValidated'
2024-05-13 15:25:46.911 [DEBUG] [thread-id 1] - conditionally execute a flow. condition: true
2024-05-13 15:25:48.526 [DEBUG] [thread-id 1] - SignIn page loaded
2024-05-13 15:25:50.129 [DEBUG] [thread-id 1] - Store in: store the value 'false' in the variable 'signInValidated'
2024-05-13 15:25:50.136 [DEBUG] [thread-id 1] - Executing function: 'us.functions.global.authentication.signInAccount'
2024-05-13 15:25:51.717 [DEBUG] [thread-id 1] - Verify identifier: {TextFieldStackView.containerStackView=[true]}
2024-05-13 15:25:51.937 [DEBUG] [thread-id 1] - Enter text: 'wplususer1715638978316@cloudtest.org'
2024-05-13 15:25:54.116 [DEBUG] [thread-id 1] - Click element: 'WelcomeView.ctaButton'
2024-05-13 15:26:06.396 [DEBUG] [thread-id 1] - conditionally execute a flow. condition: true
2024-05-13 15:26:07.694 [DEBUG] [thread-id 1] - Click element: 'AuthChoiceView.passwordStackView'
2024-05-13 15:26:08.518 [DEBUG] [thread-id 1] - Verify identifier: {TextFieldStackView.textField=[true]}
2024-05-13 15:26:08.719 [DEBUG] [thread-id 1] - Enter text: 'E2epassword$'
2024-05-13 15:26:12.310 [DEBUG] [thread-id 1] - Click element: 'AuthChoiceView.ctaButton'
2024-05-13 15:26:26.559 [DEBUG] [thread-id 1] - conditionally execute a flow. condition: true
2024-05-13 15:26:30.880 [DEBUG] [thread-id 1] - conditionally execute a flow. condition: false
2024-05-13 15:26:35.021 [DEBUG] [thread-id 1] - conditionally execute a flow. condition: true
2024-05-13 15:26:51.968 [DEBUG] [thread-id 1] - sleep:  2000 milliseconds
2024-05-13 15:26:54.588 [DEBUG] [thread-id 1] - conditionally execute a flow. condition: true
2024-05-13 15:26:59.258 [DEBUG] [thread-id 1] - Click element: '//XCUIElementTypeButton[@name="Don’t Allow"]'
2024-05-13 15:26:59.963 [DEBUG] [thread-id 1] - Executing function: 'us.test.functions.utils.closeWplusPrompt.homeScreen'
2024-05-13 15:27:10.338 [DEBUG] [thread-id 1] - conditionally execute a flow. condition: false
2024-05-13 15:27:11.225 [DEBUG] [thread-id 1] - W+ Plus membership prompt is not present nothing to close continue
2024-05-13 15:27:11.234 [DEBUG] [thread-id 1] - Executing function: 'us.functions.home.closeWplusBottomSheetBannerIfDisplayed'
2024-05-13 15:27:11.234 [DEBUG] [thread-id 1] - sleep:  3000 milliseconds
2024-05-13 15:27:24.341 [DEBUG] [thread-id 1] - Executing function: 'us.functions.utils.handleCartMergePopup'
2024-05-13 15:27:24.342 [DEBUG] [thread-id 1] - loop: from 0 to 4
2024-05-13 15:27:25.250 [DEBUG] [thread-id 1] - 0
2024-05-13 15:27:31.739 [DEBUG] [thread-id 1] - No Technical Error Page observed
2024-05-13 15:27:32.672 [DEBUG] [thread-id 1] - sleep:  1000 milliseconds
2024-05-13 15:27:33.673 [DEBUG] [thread-id 1] - validate if tooltip is present and closing it
2024-05-13 15:27:44.967 [DEBUG] [thread-id 1] - Executing function: 'us.functions.global.navigation.goToDeepLink'
2024-05-13 15:27:44.968 [DEBUG] [thread-id 1] - Verify value of: '$deepLinkUrl'
2024-05-13 15:27:44.969 [DEBUG] [thread-id 1] - Open link: 'walmart://home'
2024-05-13 15:27:46.958 [DEBUG] [thread-id 1] - Executing function: 'us.functions.global.navigation.openDeepLink'
2024-05-13 15:27:51.449 [DEBUG] [thread-id 1] - Verify identifier: {Open in “Walmart”?=[true]}
2024-05-13 15:27:55.751 [DEBUG] [thread-id 1] - Click element: 'Open'
2024-05-13 15:27:56.569 [DEBUG] [thread-id 1] - Executing function: 'us.functions.home.closeWPlusPromotionPopUpIfDisplayed'
2024-05-13 15:28:02.213 [DEBUG] [thread-id 1] - Verify identifier: {//XCUIElementTypeButton[@name="SplashPageTermView.primaryButton"]|//XCUIElementTypeButton[@name="WalmartPlusSplashBottomSheet.tryWalmartPlusMemberShipButton"] | //XCUIElementTypeButton[@label="Try your rewards benefit"] | //XCUIElementTypeButton[@name="BenefitEngagementTempoContainerView.primaryButton"] | //XCUIElementTypeNavigationBar[@name="Walmart plus"] | //XCUIElementTypeNavigationBar[@name="WalmartPlus.SplashPageView"]=[true]}
2024-05-13 15:28:04.587 [DEBUG] [thread-id 1] - conditionally execute a flow. condition: true
2024-05-13 15:28:06.902 [DEBUG] [thread-id 1] - Click element: '//XCUIElementTypeButton[@name="SplashPageViewController.closeButton" or contains(@label, "Close Walmart plus promotional pop up")] | //XCUIElementTypeNavigationBar[@name="WalmartPlus.SplashPageView"]/XCUIElementTypeButton | //XCUIElementTypeButton[@name="close" or @name="Close"] | //XCUIElementTypeButton[@name="SplashPageViewController.fullScreenCloseButton"] | //XCUIElementTypeButton[@name="MultiSplashViewController.fullScreenCloseButton"]'
2024-05-13 15:28:07.595 [DEBUG] [thread-id 1] - Executing function: 'us.functions.home.setStore'
2024-05-13 15:28:07.596 [DEBUG] [thread-id 1] - conditionally execute a flow. condition: true
2024-05-13 15:28:08.624 [DEBUG] [thread-id 1] - Store in: store the value '95122' in the variable 'zipcode'
2024-05-13 15:28:09.105 [DEBUG] [thread-id 1] - conditionally execute a flow. condition: true
2024-05-13 15:28:09.937 [DEBUG] [thread-id 1] - Executing function: 'us.functions.home.changeStore'
2024-05-13 15:28:09.938 [DEBUG] [thread-id 1] - Executing function: 'us.functions.home.closeWPlusPromotionPopUpIfDisplayed'
2024-05-13 15:28:17.491 [DEBUG] [thread-id 1] - No Wplus pop up displayed
2024-05-13 15:28:17.497 [DEBUG] [thread-id 1] - Executing function: 'us.functions.gic.expandIfCollapsed'
2024-05-13 15:28:18.866 [DEBUG] [thread-id 1] - Verify identifier: {//*[contains(@label,"Collapsed")] | //*[contains(@name,"Collapsed")]=[true]}
2024-05-13 15:28:20.326 [DEBUG] [thread-id 1] - Click element: '//*[contains(@label,"Collapsed")] | //*[contains(@name,"Collapsed")]'
2024-05-13 15:28:20.895 [WARN] [thread-id 1] - variable storeOnly was used, but r2 could not find a value for this variable. returning default of null
2024-05-13 15:28:20.897 [DEBUG] [thread-id 1] - conditionally execute a flow. condition: true
2024-05-13 15:28:32.522 [DEBUG] [thread-id 1] - conditionally execute a flow. condition: false
2024-05-13 15:28:45.035 [DEBUG] [thread-id 1] - Click element: '//XCUIElementTypeButton[@name="GlobalIntentCenter.Pickup"] | //XCUIElementTypeButton[contains(@name, "Pickup") and contains(@name,"1 of 2")]'
2024-05-13 15:28:46.530 [DEBUG] [thread-id 1] - Pickup intent selected
2024-05-13 15:28:50.000 [DEBUG] [thread-id 1] - Click element: '//XCUIElementTypeCollectionView[@name="GlobalIntentCenterViewController.collectionView"]//XCUIElementTypeCell[position()=last()-2 or position()=last()-1]//*[@name="GlobalIntentCenter.FullLocation" and contains(@label,"Pickup")] | //XCUIElementTypeOther[@name="LayoutableChildStackViewController.stackView"]/XCUIElementTypeOther[position()=last()]//XCUIElementTypeOther[@name="HoTLocationsItemDetailsView.containerView"]'
2024-05-13 15:29:00.588 [DEBUG] [thread-id 1] - conditionally execute a flow. condition: false
2024-05-13 15:29:02.121 [DEBUG] [thread-id 1] - Enter text: '95122'
2024-05-13 15:29:14.259 [DEBUG] [thread-id 1] - Click element: '(//XCUIElementTypeButton[@name="StoreSelectionCell.radioButton"])[1] | (//XCUIElementTypeOther[@name="StoreSelectionCell.radioLabelsStackView"])[1]'
2024-05-13 15:29:27.911 [DEBUG] [thread-id 1] - Click element: '//XCUIElementTypeButton[@name="SaveStoreSelectionView.saveButton"]'
2024-05-13 15:29:33.568 [DEBUG] [thread-id 1] - Executing function: 'us.functions.utils.handleTechnicalErrorPopup'
2024-05-13 15:29:33.569 [DEBUG] [thread-id 1] - Store in: store the value 'false' in the variable 'errorRemoved'
2024-05-13 15:29:33.569 [DEBUG] [thread-id 1] - sleep:  5000 milliseconds
2024-05-13 15:29:38.570 [DEBUG] [thread-id 1] - loop: from 0 to 3
2024-05-13 15:29:39.527 [DEBUG] [thread-id 1] - 0
2024-05-13 15:29:51.225 [DEBUG] [thread-id 1] - conditionally execute a flow. condition: false
2024-05-13 15:29:52.165 [DEBUG] [thread-id 1] - Store in: store the value 'true' in the variable 'errorRemoved'
2024-05-13 15:29:53.088 [DEBUG] [thread-id 1] - No Technical Error Pop up observed
2024-05-13 15:30:04.373 [DEBUG] [thread-id 1] - sleep:  2000 milliseconds
2024-05-13 15:30:06.822 [DEBUG] [thread-id 1] - conditionally execute a flow. condition: true
2024-05-13 15:30:07.792 [DEBUG] [thread-id 1] - Executing function: 'us.functions.gic.collapseIfExpanded'
2024-05-13 15:30:09.451 [DEBUG] [thread-id 1] - Verify identifier: {//*[contains(@label,"Expanded")] | //*[contains(@name,"Expanded")]=[true]}
2024-05-13 15:30:10.383 [DEBUG] [thread-id 1] - Collapsing GIC screen
2024-05-13 15:30:11.898 [DEBUG] [thread-id 1] - Click element: '//*[contains(@label,"Expanded")] | //*[contains(@name,"Expanded")]'
2024-05-13 15:30:13.890 [DEBUG] [thread-id 1] - Verify identifier: {//*[contains(@label,"Collapsed")] | //*[contains(@name,"Collapsed")]=[true]}
2024-05-13 15:30:13.900 [DEBUG] [thread-id 1] - R2_SUBFLOW_POST_TRANSACTION
2024-05-13 15:30:13.901 [DEBUG] [thread-id 1] - Executing function: 'us.functions.utils.getSearchableItem'
2024-05-13 15:30:13.901 [DEBUG] [thread-id 1] - Store in: store the value 'null' in the variable 'itemFetched'
2024-05-13 15:30:13.901 [DEBUG] [thread-id 1] - Store in: store the value 'null' in the variable 'deeplinkURL'
2024-05-13 15:30:13.902 [DEBUG] [thread-id 1] - Store in: store the value 'true' in the variable 'apiFetch'
2024-05-13 15:30:13.902 [WARN] [thread-id 1] - variable useHardCodedItem was used, but r2 could not find a value for this variable. returning default of null
2024-05-13 15:30:13.902 [DEBUG] [thread-id 1] - conditionally execute a flow. condition: false
2024-05-13 15:30:14.857 [WARN] [thread-id 1] - variable source was used, but r2 could not find a value for this variable. returning default of null
2024-05-13 15:30:14.858 [DEBUG] [thread-id 1] - conditionally execute a flow. condition: false
2024-05-13 15:30:15.708 [DEBUG] [thread-id 1] - Item fetched by Astro API
2024-05-13 15:30:16.562 [DEBUG] [thread-id 1] - Executing function: 'us.functions.utils.fetchAstroAvailableItem'
2024-05-13 15:30:16.563 [DEBUG] [thread-id 1] - Fetching Item available in stock using Astro API for Item type STORE_SCHEDULED_DELIVERY
2024-05-13 15:30:16.563 [WARN] [thread-id 1] - variable storeId was used, but r2 could not find a value for this variable. returning default of null
2024-05-13 15:30:16.565 [DEBUG] [thread-id 1] - conditionally execute a flow. condition: true
2024-05-13 15:30:17.390 [DEBUG] [thread-id 1] - Store in: store the value '32144' in the variable 'storeId'
2024-05-13 15:30:17.396 [WARN] [thread-id 1] - variable nextGen was used, but r2 could not find a value for this variable. returning default of null
2024-05-13 15:30:17.397 [DEBUG] [thread-id 1] - conditionally execute a flow. condition: true
2024-05-13 15:30:18.221 [DEBUG] [thread-id 1] - Store in: store the value 'nextgen' in the variable 'version'
2024-05-13 15:30:18.233 [WARN] [thread-id 1] - variable itemStatusHeader was used, but r2 could not find a value for this variable. returning default of null
2024-05-13 15:30:18.233 [DEBUG] [thread-id 1] - conditionally execute a flow. condition: true
2024-05-13 15:30:19.084 [DEBUG] [thread-id 1] - Store in: store the value 'SUCCESS' in the variable 'itemStatusHeader'
2024-05-13 15:30:19.090 [WARN] [thread-id 1] - variable itemFilter was used, but r2 could not find a value for this variable. returning default of null
2024-05-13 15:30:19.090 [DEBUG] [thread-id 1] - conditionally execute a flow. condition: false
2024-05-13 15:30:19.941 [DEBUG] [thread-id 1] - Store in: store the value 'http://astro.walmart.com/api/v3/teflon/internal/getItemHealth/32144/STORE_SCHEDULED_DELIVERY' in the variable 'fetchURL'
2024-05-13 15:30:19.946 [DEBUG] [thread-id 1] - Store in: store the value 'null' in the variable 'itemDetails'
2024-05-13 15:30:20.780 [DEBUG] [thread-id 1] - conditionally execute a flow. condition: true
2024-05-13 15:30:21.606 [DEBUG] [thread-id 1] - NextGen API
2024-05-13 15:30:22.443 [DEBUG] [thread-id 1] - Call API: 'http://astro.walmart.com/api/v3/teflon/internal/getItemHealth/32144/STORE_SCHEDULED_DELIVERY'
2024-05-13 15:30:27.890 [DEBUG] [thread-id 1] - Response code is: '200'. Response body is: '{"astroStatus":"SUCCESS","astroDescription":"Items found in itemHealth Collection","astroDetails":[{"itemId":"2931930047","astroStatus":"SUCCESS","astroDescription":"STORE_SCHEDULED_DELIVERY (2931930047), ORDER CREATED","orderType":"STORE_SCHEDULED_DELIVERY","storeId":"32144","orderNumber":null,"eligiblePaths":[],"paymentTypes":["cc"],"inEligiblePaths":[],"offerId":"440CA2987E084C5DB3A06A36B3A1BC09","_id":"639a33daf6ee0e285496954f","__v":0,"createdAt":"2022-12-14T20:36:42.363Z","updatedAt":"2024-05-13T22:30:04.202Z","price":{"currencyAmount":13.97,"currencyUnit":"USD","unit":"EA"}},{"itemId":"2466884336","astroStatus":"SUCCESS","astroDescription":"STORE_SCHEDULED_DELIVERY (2466884336), ORDER CREATED","orderType":"STORE_SCHEDULED_DELIVERY","storeId":"32144","orderNumber":null,"eligiblePaths":["virtualpack"],"paymentTypes":["cc"],"inEligiblePaths":[],"offerId":"0FEA963A27144050BD2605C6850CD3F9","_id":"63eabde3ba71e8525875b841","__v":0,"createdAt":"2023-02-13T22:46:59.527Z","updatedAt":"2024-05-13T22:30:04.123Z","price":{"currencyAmount":14.74,"currencyUnit":"USD","unit":"EA"}},{"itemId":"2192550703","astroStatus":"SUCCESS","astroDescription":"STORE_SCHEDULED_DELIVERY (2192550703), ORDER CREATED","orderType":"STORE_SCHEDULED_DELIVERY","storeId":"32144","orderNumber":null,"eligiblePaths":["virtualpack"],"paymentTypes":["cc"],"inEligiblePaths":[],"offerId":"7BD1BA40BA4C4554863D619DD97EA911","_id":"63eabde3f6ee0e55f082ea89","__v":0,"createdAt":"2023-02-13T22:46:59.538Z","updatedAt":"2024-05-13T22:30:02.930Z","price":{"currencyAmount":28.01,"currencyUnit":"USD","unit":"EA"}},{"itemId":"3108846509","astroStatus":"SUCCESS","astroDescription":"STORE_SCHEDULED_DELIVERY (3108846509), ORDER CREATED","orderType":"STORE_SCHEDULED_DELIVERY","storeId":"32144","orderNumber":null,"eligiblePaths":["teparaturetimerestricted"],"paymentTypes":["cc"],"inEligiblePaths":[],"offerId":"8B90DDEF959C4405A403DA1E15F89394","_id":"6487a635e507cedcd8006f2b","__v":0,"createdAt":"2023-06-12T23:11:49.656Z","price":{"currencyAmount":6.97,"currencyUnit":"USD","unit":"EA"},"updatedAt":"2024-05-13T22:30:02.891Z"},{"itemId":"242467890","astroStatus":"SUCCESS","astroDescription":"STORE_SCHEDULED_DELIVERY (242467890), ORDER CREATED","orderType":"STORE_SCHEDULED_DELIVERY","storeId":"32144","orderNumber":null,"eligiblePaths":[],"paymentTypes":["cc"],"inEligiblePaths":[],"offerId":"FDA2179E630445EE9B996F88F2B4067D","_id":"64c8ab897660077b986e26f0","__v":0,"createdAt":"2023-08-01T06:51:53.370Z","price":{"currencyAmount":125,"currencyUnit":"USD"},"updatedAt":"2024-05-13T22:30:03.657Z"},{"itemId":"5012720420","astroStatus":"SUCCESS","astroDescription":"STORE_SCHEDULED_DELIVERY (5012720420), ORDER CREATED","orderType":"STORE_SCHEDULED_DELIVERY","storeId":"32144","orderNumber":null,"eligiblePaths":["alcohol"],"paymentTypes":["cc"],"inEligiblePaths":[],"offerId":"3E9A1FCD2D70386DB0E2773A471DFF1F","_id":"65258b9b84ad8e9ed0906460","__v":0,"createdAt":"2023-10-10T17:36:27.574Z","price":{"currencyAmount":28,"currencyUnit":"USD","unit":"EA"},"updatedAt":"2024-05-13T22:30:03.362Z"},{"itemId":"5000021802","astroStatus":"SUCCESS","astroDescription":"STORE_SCHEDULED_DELIVERY (5000021802), ORDER CREATED","orderType":"STORE_SCHEDULED_DELIVERY","storeId":"32144","orderNumber":null,"eligiblePaths":["og"],"paymentTypes":["cc"],"inEligiblePaths":[],"offerId":"5E913604ED3F37E1AEA3A34F3406C2D6","_id":"65431ceb39e868a08ca34d9f","__v":0,"createdAt":"2023-11-02T03:52:11.724Z","price":{"currencyAmount":6,"currencyUnit":"USD"},"updatedAt":"2024-05-13T22:30:03.457Z"},{"itemId":"5000021797","astroStatus":"SUCCESS","astroDescription":"STORE_SCHEDULED_DELIVERY (5000021797), ORDER CREATED","orderType":"STORE_SCHEDULED_DELIVERY","storeId":"32144","orderNumber":null,"eligiblePaths":["og"],"paymentTypes":["cc"],"inEligiblePaths":[],"offerId":"4E5AD42391A6325B80D21D2324B7CDE4","_id":"65431cebf1bdf4c0fcc100f7","__v":0,"createdAt":"2023-11-02T03:52:11.792Z","price":{"currencyAmount":38,"currencyUnit":"USD"},"updatedAt":"2024-05-13T22:30:03.207Z"},{"itemId":"186572457","astroStatus":"SUCCESS","astroDescription":"STORE_SCHEDULED_DELIVERY (186572457), ORDER CREATED","orderType":"STORE_SCHEDULED_DELIVERY","storeId":"32144","orderNumber":null,"eligiblePaths":["ebtsnap","pureweighted"],"paymentTypes":["cc"],"inEligiblePaths":[],"offerId":"B310FB32F0F848519E2A39671D2B9E5E","_id":"661d70070921d5fe84fb8ed8","__v":0,"createdAt":"2024-04-15T18:20:54.981Z","price":{"currencyAmount":4.49,"currencyUnit":"USD","unit":"LB"},"updatedAt":"2024-05-13T22:30:02.969Z"},{"itemId":"5000021798","astroStatus":"SUCCESS","astroDescription":"STORE_SCHEDULED_DELIVERY (5000021798), ORDER CREATED","orderType":"STORE_SCHEDULED_DELIVERY","storeId":"32144","orderNumber":null,"eligiblePaths":["og"],"paymentTypes":["cc"],"inEligiblePaths":[],"offerId":"9B9490793CA53A4D81E77288EE4317D6","_id":"663c02c8b970f37fd1354808","__v":0,"createdAt":"2024-05-08T22:55:04.761Z","price":{"currencyAmount":3,"currencyUnit":"USD","unit":"EA"},"updatedAt":"2024-05-13T22:30:03.256Z"},{"itemId":"5000021804","astroStatus":"SUCCESS","astroDescription":"STORE_SCHEDULED_DELIVERY (5000021804), ORDER CREATED","orderType":"STORE_SCHEDULED_DELIVERY","storeId":"32144","orderNumber":null,"eligiblePaths":["og"],"paymentTypes":["cc"],"inEligiblePaths":[],"offerId":"78A9EA195DB73EF8AD7B71A4F7928E67","_id":"663c02c9ef84f4c918acb97b","__v":0,"createdAt":"2024-05-08T22:55:05.336Z","price":{"currencyAmount":2,"currencyUnit":"USD"},"updatedAt":"2024-05-13T22:30:03.371Z"},{"itemId":"2141302655","astroStatus":"SUCCESS","astroDescription":"STORE_SCHEDULED_DELIVERY (2141302655), ORDER CREATED","orderType":"STORE_SCHEDULED_DELIVERY","storeId":"32144","orderNumber":null,"eligiblePaths":[],"paymentTypes":[],"inEligiblePaths":[],"offerId":"2C07F31EEF2743B2916FA933E08B0B4A","_id":"663c02c9cdde2c64d626c986","__v":0,"createdAt":"2024-05-08T22:55:05.418Z","price":{"currencyAmount":40,"currencyUnit":"USD","unit":"EA"},"updatedAt":"2024-05-13T22:30:04.435Z"},{"itemId":"204121657","astroStatus":"SUCCESS","astroDescription":"STORE_SCHEDULED_DELIVERY (204121657), ORDER CREATED","orderType":"STORE_SCHEDULED_DELIVERY","storeId":"32144","orderNumber":null,"eligiblePaths":[],"paymentTypes":[],"inEligiblePaths":[],"offerId":"5F551B8BCA9949CD8EA1DF1A7BC2DDEE","_id":"663c02caff07c69b1a89ca01","__v":0,"createdAt":"2024-05-08T22:55:06.271Z","price":{"currencyAmount":65.5,"currencyUnit":"USD"},"updatedAt":"2024-05-13T22:30:04.295Z"},{"itemId":"2879443191","astroStatus":"SUCCESS","astroDescription":"STORE_SCHEDULED_DELIVERY (2879443191), ORDER CREATED","orderType":"STORE_SCHEDULED_DELIVERY","storeId":"32144","orderNumber":null,"eligiblePaths":[],"paymentTypes":[],"inEligiblePaths":[],"offerId":"E0EAB8EF986C4BF2961B360BAE058A4B","_id":"663c02cb02252fdb78e76049","__v":0,"createdAt":"2024-05-08T22:55:07.055Z","price":{"currencyAmount":8,"currencyUnit":"USD","unit":"EA"},"updatedAt":"2024-05-13T22:30:04.675Z"}]}'
2024-05-13 15:30:28.731 [DEBUG] [thread-id 1] - conditionally execute a flow. condition: false
2024-05-13 15:30:29.568 [DEBUG] [thread-id 1] - SUCCESSFUL item fetched from astro API.
2024-05-13 15:30:30.421 [DEBUG] [thread-id 1] - loop: over '[{"itemId":"2931930047","astroStatus":"SUCCESS","astroDescription":"STORE_SCHEDULED_DELIVERY (2931930047), ORDER CREATED","orderType":"STORE_SCHEDULED_DELIVERY","storeId":"32144","orderNumber":null,"eligiblePaths":[],"paymentTypes":["cc"],"inEligiblePaths":[],"offerId":"440CA2987E084C5DB3A06A36B3A1BC09","_id":"639a33daf6ee0e285496954f","__v":0,"createdAt":"2022-12-14T20:36:42.363Z","updatedAt":"2024-05-13T22:30:04.202Z","price":{"currencyAmount":13.97,"currencyUnit":"USD","unit":"EA"}},{"itemId":"2466884336","astroStatus":"SUCCESS","astroDescription":"STORE_SCHEDULED_DELIVERY (2466884336), ORDER CREATED","orderType":"STORE_SCHEDULED_DELIVERY","storeId":"32144","orderNumber":null,"eligiblePaths":["virtualpack"],"paymentTypes":["cc"],"inEligiblePaths":[],"offerId":"0FEA963A27144050BD2605C6850CD3F9","_id":"63eabde3ba71e8525875b841","__v":0,"createdAt":"2023-02-13T22:46:59.527Z","updatedAt":"2024-05-13T22:30:04.123Z","price":{"currencyAmount":14.74,"currencyUnit":"USD","unit":"EA"}},{"itemId":"2192550703","astroStatus":"SUCCESS","astroDescription":"STORE_SCHEDULED_DELIVERY (2192550703), ORDER CREATED","orderType":"STORE_SCHEDULED_DELIVERY","storeId":"32144","orderNumber":null,"eligiblePaths":["virtualpack"],"paymentTypes":["cc"],"inEligiblePaths":[],"offerId":"7BD1BA40BA4C4554863D619DD97EA911","_id":"63eabde3f6ee0e55f082ea89","__v":0,"createdAt":"2023-02-13T22:46:59.538Z","updatedAt":"2024-05-13T22:30:02.930Z","price":{"currencyAmount":28.01,"currencyUnit":"USD","unit":"EA"}},{"itemId":"3108846509","astroStatus":"SUCCESS","astroDescription":"STORE_SCHEDULED_DELIVERY (3108846509), ORDER CREATED","orderType":"STORE_SCHEDULED_DELIVERY","storeId":"32144","orderNumber":null,"eligiblePaths":["teparaturetimerestricted"],"paymentTypes":["cc"],"inEligiblePaths":[],"offerId":"8B90DDEF959C4405A403DA1E15F89394","_id":"6487a635e507cedcd8006f2b","__v":0,"createdAt":"2023-06-12T23:11:49.656Z","price":{"currencyAmount":6.97,"currencyUnit":"USD","unit":"EA"},"updatedAt":"2024-05-13T22:30:02.891Z"},{"itemId":"242467890","astroStatus":"SUCCESS","astroDescription":"STORE_SCHEDULED_DELIVERY (242467890), ORDER CREATED","orderType":"STORE_SCHEDULED_DELIVERY","storeId":"32144","orderNumber":null,"eligiblePaths":[],"paymentTypes":["cc"],"inEligiblePaths":[],"offerId":"FDA2179E630445EE9B996F88F2B4067D","_id":"64c8ab897660077b986e26f0","__v":0,"createdAt":"2023-08-01T06:51:53.370Z","price":{"currencyAmount":125,"currencyUnit":"USD"},"updatedAt":"2024-05-13T22:30:03.657Z"},{"itemId":"5012720420","astroStatus":"SUCCESS","astroDescription":"STORE_SCHEDULED_DELIVERY (5012720420), ORDER CREATED","orderType":"STORE_SCHEDULED_DELIVERY","storeId":"32144","orderNumber":null,"eligiblePaths":["alcohol"],"paymentTypes":["cc"],"inEligiblePaths":[],"offerId":"3E9A1FCD2D70386DB0E2773A471DFF1F","_id":"65258b9b84ad8e9ed0906460","__v":0,"createdAt":"2023-10-10T17:36:27.574Z","price":{"currencyAmount":28,"currencyUnit":"USD","unit":"EA"},"updatedAt":"2024-05-13T22:30:03.362Z"},{"itemId":"5000021802","astroStatus":"SUCCESS","astroDescription":"STORE_SCHEDULED_DELIVERY (5000021802), ORDER CREATED","orderType":"STORE_SCHEDULED_DELIVERY","storeId":"32144","orderNumber":null,"eligiblePaths":["og"],"paymentTypes":["cc"],"inEligiblePaths":[],"offerId":"5E913604ED3F37E1AEA3A34F3406C2D6","_id":"65431ceb39e868a08ca34d9f","__v":0,"createdAt":"2023-11-02T03:52:11.724Z","price":{"currencyAmount":6,"currencyUnit":"USD"},"updatedAt":"2024-05-13T22:30:03.457Z"},{"itemId":"5000021797","astroStatus":"SUCCESS","astroDescription":"STORE_SCHEDULED_DELIVERY (5000021797), ORDER CREATED","orderType":"STORE_SCHEDULED_DELIVERY","storeId":"32144","orderNumber":null,"eligiblePaths":["og"],"paymentTypes":["cc"],"inEligiblePaths":[],"offerId":"4E5AD42391A6325B80D21D2324B7CDE4","_id":"65431cebf1bdf4c0fcc100f7","__v":0,"createdAt":"2023-11-02T03:52:11.792Z","price":{"currencyAmount":38,"currencyUnit":"USD"},"updatedAt":"2024-05-13T22:30:03.207Z"},{"itemId":"186572457","astroStatus":"SUCCESS","astroDescription":"STORE_SCHEDULED_DELIVERY (186572457), ORDER CREATED","orderType":"STORE_SCHEDULED_DELIVERY","storeId":"32144","orderNumber":null,"eligiblePaths":["ebtsnap","pureweighted"],"paymentTypes":["cc"],"inEligiblePaths":[],"offerId":"B310FB32F0F848519E2A39671D2B9E5E","_id":"661d70070921d5fe84fb8ed8","__v":0,"createdAt":"2024-04-15T18:20:54.981Z","price":{"currencyAmount":4.49,"currencyUnit":"USD","unit":"LB"},"updatedAt":"2024-05-13T22:30:02.969Z"},{"itemId":"5000021798","astroStatus":"SUCCESS","astroDescription":"STORE_SCHEDULED_DELIVERY (5000021798), ORDER CREATED","orderType":"STORE_SCHEDULED_DELIVERY","storeId":"32144","orderNumber":null,"eligiblePaths":["og"],"paymentTypes":["cc"],"inEligiblePaths":[],"offerId":"9B9490793CA53A4D81E77288EE4317D6","_id":"663c02c8b970f37fd1354808","__v":0,"createdAt":"2024-05-08T22:55:04.761Z","price":{"currencyAmount":3,"currencyUnit":"USD","unit":"EA"},"updatedAt":"2024-05-13T22:30:03.256Z"},{"itemId":"5000021804","astroStatus":"SUCCESS","astroDescription":"STORE_SCHEDULED_DELIVERY (5000021804), ORDER CREATED","orderType":"STORE_SCHEDULED_DELIVERY","storeId":"32144","orderNumber":null,"eligiblePaths":["og"],"paymentTypes":["cc"],"inEligiblePaths":[],"offerId":"78A9EA195DB73EF8AD7B71A4F7928E67","_id":"663c02c9ef84f4c918acb97b","__v":0,"createdAt":"2024-05-08T22:55:05.336Z","price":{"currencyAmount":2,"currencyUnit":"USD"},"updatedAt":"2024-05-13T22:30:03.371Z"},{"itemId":"2141302655","astroStatus":"SUCCESS","astroDescription":"STORE_SCHEDULED_DELIVERY (2141302655), ORDER CREATED","orderType":"STORE_SCHEDULED_DELIVERY","storeId":"32144","orderNumber":null,"eligiblePaths":[],"paymentTypes":[],"inEligiblePaths":[],"offerId":"2C07F31EEF2743B2916FA933E08B0B4A","_id":"663c02c9cdde2c64d626c986","__v":0,"createdAt":"2024-05-08T22:55:05.418Z","price":{"currencyAmount":40,"currencyUnit":"USD","unit":"EA"},"updatedAt":"2024-05-13T22:30:04.435Z"},{"itemId":"204121657","astroStatus":"SUCCESS","astroDescription":"STORE_SCHEDULED_DELIVERY (204121657), ORDER CREATED","orderType":"STORE_SCHEDULED_DELIVERY","storeId":"32144","orderNumber":null,"eligiblePaths":[],"paymentTypes":[],"inEligiblePaths":[],"offerId":"5F551B8BCA9949CD8EA1DF1A7BC2DDEE","_id":"663c02caff07c69b1a89ca01","__v":0,"createdAt":"2024-05-08T22:55:06.271Z","price":{"currencyAmount":65.5,"currencyUnit":"USD"},"updatedAt":"2024-05-13T22:30:04.295Z"},{"itemId":"2879443191","astroStatus":"SUCCESS","astroDescription":"STORE_SCHEDULED_DELIVERY (2879443191), ORDER CREATED","orderType":"STORE_SCHEDULED_DELIVERY","storeId":"32144","orderNumber":null,"eligiblePaths":[],"paymentTypes":[],"inEligiblePaths":[],"offerId":"E0EAB8EF986C4BF2961B360BAE058A4B","_id":"663c02cb02252fdb78e76049","__v":0,"createdAt":"2024-05-08T22:55:07.055Z","price":{"currencyAmount":8,"currencyUnit":"USD","unit":"EA"},"updatedAt":"2024-05-13T22:30:04.675Z"}]'
2024-05-13 15:30:31.298 [DEBUG] [thread-id 1] - Store in: store the value 'null' in the variable 'itemDetails'
2024-05-13 15:30:32.165 [DEBUG] [thread-id 1] - {"itemId":"2931930047","astroStatus":"SUCCESS","astroDescription":"STORE_SCHEDULED_DELIVERY (2931930047), ORDER CREATED","orderType":"STORE_SCHEDULED_DELIVERY","storeId":"32144","orderNumber":null,"eligiblePaths":[],"paymentTypes":["cc"],"inEligiblePaths":[],"offerId":"440CA2987E084C5DB3A06A36B3A1BC09","_id":"639a33daf6ee0e285496954f","__v":0,"createdAt":"2022-12-14T20:36:42.363Z","updatedAt":"2024-05-13T22:30:04.202Z","price":{"currencyAmount":13.97,"currencyUnit":"USD","unit":"EA"}}
2024-05-13 15:30:33.027 [DEBUG] [thread-id 1] - Store in: store the value '2931930047' in the variable 'itemFetched'
2024-05-13 15:30:33.872 [DEBUG] [thread-id 1] - Store in: store the value 'SUCCESS' in the variable 'itemStatus'
2024-05-13 15:30:34.712 [WARN] [thread-id 1] - variable healthCheck was used, but r2 could not find a value for this variable. returning default of null
2024-05-13 15:30:35.556 [DEBUG] [thread-id 1] - conditionally execute a flow. condition: true
2024-05-13 15:30:36.422 [DEBUG] [thread-id 1] - Execute Node: 'us/test/helpers/splitNumberString.js'
2024-05-13 15:30:38.394 [DEBUG] [thread-id 1] - 2931930047
2024-05-13 15:30:39.276 [DEBUG] [thread-id 1] - conditionally execute a flow. condition: true
2024-05-13 15:30:40.145 [DEBUG] [thread-id 1] - Store in: store the value '2931930047' in the variable 'skipItemId'
2024-05-13 15:30:40.991 [WARN] [thread-id 1] - variable excludeFetchedItem was used, but r2 could not find a value for this variable. returning default of null
2024-05-13 15:30:40.992 [DEBUG] [thread-id 1] - conditionally execute a flow. condition: false
2024-05-13 15:30:42.683 [DEBUG] [thread-id 1] - Stock available Item Id 2931930047 for type STORE_SCHEDULED_DELIVERY
2024-05-13 15:30:43.550 [WARN] [thread-id 1] - variable fetchedItemDataDetails was used, but r2 could not find a value for this variable. returning default of null
2024-05-13 15:30:43.550 [DEBUG] [thread-id 1] - Execute Node: 'us/test/helpers/jsonParser.js'
2024-05-13 15:30:44.494 [DEBUG] [thread-id 1] - Store in: store the value 'false' in the variable 'skipForNext'
2024-05-13 15:30:45.363 [DEBUG] [thread-id 1] - Store in: store the value 'false' in the variable 'excludeFetchedItem'
2024-05-13 15:30:45.370 [DEBUG] [thread-id 1] - Store in: store the value 'null' in the variable 'storeId'
2024-05-13 15:30:45.370 [DEBUG] [thread-id 1] - Store in: store the value 'null' in the variable 'itemStatusHeader'
2024-05-13 15:30:45.370 [DEBUG] [thread-id 1] - Store in: store the value 'false' in the variable 'healthCheck'
2024-05-13 15:30:45.371 [DEBUG] [thread-id 1] - Store in: store the value 'null' in the variable 'version'
2024-05-13 15:30:45.371 [DEBUG] [thread-id 1] - Store in: store the value 'null' in the variable 'itemFilter'
2024-05-13 15:30:45.371 [DEBUG] [thread-id 1] - Store in: store the value 'false' in the variable 'noSubSet'
2024-05-13 15:30:46.258 [DEBUG] [thread-id 1] - Store in: store the value 'null' in the variable 'backupItem'
2024-05-13 15:30:46.258 [DEBUG] [thread-id 1] - Store in: store the value 'null' in the variable 'source'
2024-05-13 15:30:46.258 [DEBUG] [thread-id 1] - Store in: store the value 'null' in the variable 'useHardCodedItem'
2024-05-13 15:30:46.259 [DEBUG] [thread-id 1] - Store in: store the value 'walmart://item/2931930047' in the variable 'deeplinkURl'
2024-05-13 15:30:46.259 [DEBUG] [thread-id 1] - Item:2931930047
2024-05-13 15:30:46.259 [DEBUG] [thread-id 1] - deeplinkURL:walmart://item/2931930047
2024-05-13 15:30:46.259 [DEBUG] [thread-id 1] - Store in: store the value '2931930047' in the variable 'item1'
2024-05-13 15:30:46.260 [DEBUG] [thread-id 1] - Executing function: 'us.functions.utils.astro.createOrder'
2024-05-13 15:30:46.260 [DEBUG] [thread-id 1] - Create order
2024-05-13 15:30:46.260 [DEBUG] [thread-id 1] - loop: from 0 to 5
2024-05-13 15:30:47.109 [DEBUG] [thread-id 1] - Store in: store the value 'null' in the variable 'errorCode'
2024-05-13 15:30:47.942 [DEBUG] [thread-id 1] - Store in: store the value 'null' in the variable 'orderCreationStatus'
2024-05-13 15:30:48.798 [DEBUG] [thread-id 1] - Call API: 'http://astro.walmart.com/api/v2/teflon/order'
2024-05-13 15:30:56.517 [DEBUG] [thread-id 1] - Response code is: '404'. Response body is: '{"astroStatus":"FAIL","astroDescription":"ITEM ERROR - No STORE module found in cart","astroDetails":{"customerId":"df672235-6d5a-4acc-a059-1a3904b63fdd","cartId":"abfda912-4e6c-426a-a4a0-359f3a12e538","addToCartResponse":{"dbSessionMap":{"CXO_CART_ST":"{\"mtoken\":\"6:23#343243359#2=88191469#8=394380680\"}","RESPONSE_TYPE":"OMNI_PROMISE"},"checkoutable":true,"cart":{"id":"abfda912-4e6c-426a-a4a0-359f3a12e538","buyer":{"id":"df672235-6d5a-4acc-a059-1a3904b63fdd","type":"CUSTOMER"},"accessPoint":{"id":"6168c2e3-fc36-4827-98e6-d717d10af1d6","fulfillmentOption":"PICKUP"},"storeIds":[],"itemCount":1,"entityErrors":[],"shipping":{"id":"5762ec04-4978-41a5-bea3-de37efe5afbf","dbLockVersion":0,"firstName":"Native","lastName":"Team","addressId":"3387fcda-6351-4c5f-bb82-62fa3a2f71eb","postalCode":"95122","city":"San Jose","state":"CA","countryCode":"USA","addressLineOne":"778 Story Road","phoneCountryCode":"+1","phoneCountry":"US","countryName":"USA","latitude":37.329302,"longitude":-121.858305,"phone":"5403900079","deliveryInstructions":"LEAVE AT DOORSTEP","addressType":"RESIDENTIAL","isPOBox":false,"isAPOFPO":false,"lastModifiedDate":1715639097057,"deliveryInstructionsDetails":[{"deliveryInstructionType":"REGULAR","deliveryInstruction":"LEAVE AT DOORSTEP"}]},"summary":{"subTotal":13.97,"grandTotal":20.96,"minimumThreshold":35,"balanceToReachThreshold":21.03,"thresholdOrderTotal":35,"shipPriceBelowThreshold":6.99,"fees":[{"type":"MIN_THRESHOLD_FEE","amount":6.99}],"serviceCharges":[]},"suggestedSlots":[],"currencyCode":"USD","preview":false,"tenantId":0,"tenantIdentifier":"elh9ie","verticalId":0,"checkoutableErrors":[],"intent":"DELIVERY","pickupStore":{"city":"San Jose","stateOrProvinceCode":"CA","countryCode":"USA","postalCode":"95122","storeId":"32144","services":[]},"deliveryStore":{"city":"San Jose","stateOrProvinceCode":"CA","countryCode":"USA","postalCode":"95122","storeId":"32144","services":[]},"mpStores":[],"fulfillmentPlans":[{"isDefault":true,"fulfillmentModules":[{"name":"UNSCHEDULED_DELIVERY","fulfillmentGroups":[{"sellerId":"455A2F43226F41319399794332C71B7F","fulfillmentOptions":[{"fulfillmentType":"DELIVERY","accessType":"DELIVERY_ADDRESS","accessMode":"NATIONAL_CARRIER","isSelected":true,"isUnscheduled":true,"dateStartRange":1715886000000,"dateEndRange":1715886000000,"itemGroups":[{"itemIds":["d6c23f16-95e2-4783-8608-c9f6c6673968"],"dateTime":1715886000000,"accessMode":"NATIONAL_CARRIER","itemDetails":[{"lineItemId":"d6c23f16-95e2-4783-8608-c9f6c6673968","isGiftEligible":true,"isOverBoxEligible":true}]}],"strategy":"SLA_TIER_BASED_PROMISE"}],"fulfillmentSellerType":"WALMART"}],"checkoutableErrors":[],"checkoutable":true,"summary":{"subTotal":13.97,"grandTotal":13.97}}]}],"accessPoints":[],"reservations":[],"isExplicitIntent":true,"hasGiftEligibleItem":true,"marketPlacePickup":true,"warnings":[],"restrictions":[],"accInstallationSelection":{"isExplicitPackageSelection":false},"hasUPResiliencyResponse":true},"items":[{"id":"d6c23f16-95e2-4783-8608-c9f6c6673968","quantity":1,"price":13.97,"oldPrice":13.97,"linePrice":13.97,"pricePerUnit":13.97,"pricePerUnitUoM":"EA","USItemId":"2931930047","USSellerId":"0","offerId":"440CA2987E084C5DB3A06A36B3A1BC09","name":"TIDL Sport Cryotherapy Pain Relief Spray, Plant Powered, Topical Pain Relief, Revives Muscles & Joints, Daily Use, 3 oz. Spray","seller":{"name":"Walmart.com","type":"INTERNAL","id":"455A2F43226F41319399794332C71B7F","catalogSellerId":0},"availableQuantity":9999,"maxItemCountPerOrder":12,"minItemCountPerOrder":1,"primaryCategoryPath":"-1","charPrimaryCategoryPath":"UNNAV","sort":1715639455849,"entityErrors":[],"createdDateTime":1715639455849,"isAlcohol":false,"isTemperatureTimeRestricted":false,"isSubstitutionEligible":true,"weightIncrement":1,"unitOfMeasure":"EA","type":"REGULAR","itemClassId":"1","productId":"70PJDNB0FA12","isSnapEligible":false,"isSubstitutionsAllowed":true,"productSegment":"Health & Beauty","salesUnit":"Each","wupc":"0066859103414","productUrl":"/ip/TIDL-Sport-Cryotherapy-Pain-Relief-Spray-Plant-Powered-Topical-Pain-Relief-Revives-Muscles-Joints-Daily-Use-3-oz-Spray/2931930047","productType":"Over-the-Counter Medicines","sourcingDetails":{"currentSelection":"SHIPPING","nodeAvailableQuantity":5146},"giftEligible":true,"giftOverboxEligible":true,"warnings":[],"fulfillmentDetails":{"fulfillmentId":"6ac098f7-f498-44ba-85ac-7782f47443c6","slaTier":"TWO_DAY","fulfillmentType":"DELIVERY","nodeType":"FC","fulfillmentChannel":[],"initialItemType":"ONLINE_ONLY","isNewItemToCart":true,"fulfillmentMode":"UNSCHEDULED","accessMode":"NATIONAL_CARRIER","accessType":"DELIVERY_ADDRESS","availableFulfillmentOptions":["UNSCHEDULED_DELIVERY"],"fulfillmentModuleName":"UNSCHEDULED_DELIVERY","shippingFulfillmentDate":1715886000000,"maxOrderQuantity":{"unscheduledDelivery":12}},"shortDescription":"Pharmacy OTC","associations":[],"fulfillmentPrerequisites":[{"preRequisiteList":["MIN_BOX_PROTECTION_REQUIRED"]}],"events":[],"nodeLevelSellables":[],"legacyItemId":"2931930047","gtin":"00668591034141","brand":"TIDL Sport","productClassType":"REGULAR","reportingHierarchy":"90000:99000:99900:99990:99999","isPapEligible":false,"isCheckoutAmendable":false,"compositions":[],"isCashbackEligible":true,"isColdChain":false,"cartSelectedFulfillment":"SHIPPING","isExportEligible":false}],"lastModifiedTime":1715639456395,"cartVersion":4,"isOmniPromiseResponse":true,"uniqueInstallationOfferIdHolder":[]},"astro_logs":[{"CART":{"fail":"ITEM ERROR - No STORE module found in cart"}},{"CHECKOUT":{}}]},"astroInfo":null}'
2024-05-13 15:30:57.344 [DEBUG] [thread-id 1] - conditionally execute a flow. condition: false
2024-05-13 15:30:58.186 [DEBUG] [thread-id 1] - Failure in order creation. Retrying after 30 secs
2024-05-13 15:30:59.049 [DEBUG] [thread-id 1] - sleep:  30000 milliseconds
2024-05-13 15:31:29.951 [DEBUG] [thread-id 1] - Store in: store the value 'null' in the variable 'errorCode'
2024-05-13 15:31:30.813 [DEBUG] [thread-id 1] - Store in: store the value 'null' in the variable 'orderCreationStatus'
2024-05-13 15:31:31.673 [DEBUG] [thread-id 1] - Call API: 'http://astro.walmart.com/api/v2/teflon/order'
2024-05-13 15:31:37.952 [DEBUG] [thread-id 1] - Response code is: '404'. Response body is: '{"astroStatus":"FAIL","astroDescription":"ITEM ERROR - No STORE module found in cart","astroDetails":{"customerId":"df672235-6d5a-4acc-a059-1a3904b63fdd","cartId":"abfda912-4e6c-426a-a4a0-359f3a12e538","addToCartResponse":{"dbSessionMap":{"CXO_CART_ST":"{\"mtoken\":\"6:23#343243508#2=88191655#8=394380936\"}","RESPONSE_TYPE":"OMNI_PROMISE"},"checkoutable":true,"cart":{"id":"abfda912-4e6c-426a-a4a0-359f3a12e538","buyer":{"id":"df672235-6d5a-4acc-a059-1a3904b63fdd","type":"CUSTOMER"},"accessPoint":{"id":"6168c2e3-fc36-4827-98e6-d717d10af1d6","fulfillmentOption":"PICKUP"},"storeIds":[],"itemCount":1,"entityErrors":[],"shipping":{"id":"5762ec04-4978-41a5-bea3-de37efe5afbf","dbLockVersion":0,"firstName":"Native","lastName":"Team","addressId":"3387fcda-6351-4c5f-bb82-62fa3a2f71eb","postalCode":"95122","city":"San Jose","state":"CA","countryCode":"USA","addressLineOne":"778 Story Road","phoneCountryCode":"+1","phoneCountry":"US","countryName":"USA","latitude":37.329302,"longitude":-121.858305,"phone":"5403900079","deliveryInstructions":"LEAVE AT DOORSTEP","addressType":"RESIDENTIAL","isPOBox":false,"isAPOFPO":false,"lastModifiedDate":1715639097057,"deliveryInstructionsDetails":[{"deliveryInstructionType":"REGULAR","deliveryInstruction":"LEAVE AT DOORSTEP"}]},"summary":{"subTotal":13.97,"grandTotal":20.96,"minimumThreshold":35,"balanceToReachThreshold":21.03,"thresholdOrderTotal":35,"shipPriceBelowThreshold":6.99,"fees":[{"type":"MIN_THRESHOLD_FEE","amount":6.99}],"serviceCharges":[]},"suggestedSlots":[],"currencyCode":"USD","preview":false,"tenantId":0,"tenantIdentifier":"elh9ie","verticalId":0,"checkoutableErrors":[],"intent":"DELIVERY","pickupStore":{"city":"San Jose","stateOrProvinceCode":"CA","countryCode":"USA","postalCode":"95122","storeId":"32144","services":[]},"deliveryStore":{"city":"San Jose","stateOrProvinceCode":"CA","countryCode":"USA","postalCode":"95122","storeId":"32144","services":[]},"mpStores":[],"fulfillmentPlans":[{"isDefault":true,"fulfillmentModules":[{"name":"UNSCHEDULED_DELIVERY","fulfillmentGroups":[{"sellerId":"455A2F43226F41319399794332C71B7F","fulfillmentOptions":[{"fulfillmentType":"DELIVERY","accessType":"DELIVERY_ADDRESS","accessMode":"NATIONAL_CARRIER","isSelected":true,"isUnscheduled":true,"dateStartRange":1715886000000,"dateEndRange":1715886000000,"itemGroups":[{"itemIds":["f8bd8889-8a12-4db8-8526-27aac6aaefc1"],"dateTime":1715886000000,"accessMode":"NATIONAL_CARRIER","itemDetails":[{"lineItemId":"f8bd8889-8a12-4db8-8526-27aac6aaefc1","isGiftEligible":true,"isOverBoxEligible":true}]}],"strategy":"SLA_TIER_BASED_PROMISE"}],"fulfillmentSellerType":"WALMART"}],"checkoutableErrors":[],"checkoutable":true,"summary":{"subTotal":13.97,"grandTotal":13.97}}]}],"accessPoints":[],"reservations":[],"isExplicitIntent":true,"hasGiftEligibleItem":true,"marketPlacePickup":true,"warnings":[],"restrictions":[],"accInstallationSelection":{"isExplicitPackageSelection":false},"hasUPResiliencyResponse":true},"items":[{"id":"f8bd8889-8a12-4db8-8526-27aac6aaefc1","quantity":1,"price":13.97,"oldPrice":13.97,"linePrice":13.97,"pricePerUnit":13.97,"pricePerUnitUoM":"EA","USItemId":"2931930047","USSellerId":"0","offerId":"440CA2987E084C5DB3A06A36B3A1BC09","name":"TIDL Sport Cryotherapy Pain Relief Spray, Plant Powered, Topical Pain Relief, Revives Muscles & Joints, Daily Use, 3 oz. Spray","seller":{"name":"Walmart.com","type":"INTERNAL","id":"455A2F43226F41319399794332C71B7F","catalogSellerId":0},"availableQuantity":9999,"maxItemCountPerOrder":12,"minItemCountPerOrder":1,"primaryCategoryPath":"-1","charPrimaryCategoryPath":"UNNAV","sort":1715639497724,"entityErrors":[],"createdDateTime":1715639497724,"isAlcohol":false,"isTemperatureTimeRestricted":false,"isSubstitutionEligible":true,"weightIncrement":1,"unitOfMeasure":"EA","type":"REGULAR","itemClassId":"1","productId":"70PJDNB0FA12","isSnapEligible":false,"isSubstitutionsAllowed":true,"productSegment":"Health & Beauty","salesUnit":"Each","wupc":"0066859103414","productUrl":"/ip/TIDL-Sport-Cryotherapy-Pain-Relief-Spray-Plant-Powered-Topical-Pain-Relief-Revives-Muscles-Joints-Daily-Use-3-oz-Spray/2931930047","productType":"Over-the-Counter Medicines","sourcingDetails":{"currentSelection":"SHIPPING","nodeAvailableQuantity":5146},"giftEligible":true,"giftOverboxEligible":true,"warnings":[],"fulfillmentDetails":{"fulfillmentId":"ae10084d-9469-4211-b132-6d8548ce2728","slaTier":"TWO_DAY","fulfillmentType":"DELIVERY","nodeType":"FC","fulfillmentChannel":[],"initialItemType":"ONLINE_ONLY","isNewItemToCart":true,"fulfillmentMode":"UNSCHEDULED","accessMode":"NATIONAL_CARRIER","accessType":"DELIVERY_ADDRESS","availableFulfillmentOptions":["UNSCHEDULED_DELIVERY"],"fulfillmentModuleName":"UNSCHEDULED_DELIVERY","shippingFulfillmentDate":1715886000000,"maxOrderQuantity":{"unscheduledDelivery":12}},"shortDescription":"Pharmacy OTC","associations":[],"fulfillmentPrerequisites":[{"preRequisiteList":["MIN_BOX_PROTECTION_REQUIRED"]}],"events":[],"nodeLevelSellables":[],"legacyItemId":"2931930047","gtin":"00668591034141","brand":"TIDL Sport","productClassType":"REGULAR","reportingHierarchy":"90000:99000:99900:99990:99999","isPapEligible":false,"isCheckoutAmendable":false,"compositions":[],"isCashbackEligible":true,"isColdChain":false,"cartSelectedFulfillment":"SHIPPING","isExportEligible":false}],"lastModifiedTime":1715639498027,"cartVersion":6,"isOmniPromiseResponse":true,"uniqueInstallationOfferIdHolder":[]},"astro_logs":[{"CART":{"fail":"ITEM ERROR - No STORE module found in cart"}},{"CHECKOUT":{}}]},"astroInfo":null}'
2024-05-13 15:31:38.806 [DEBUG] [thread-id 1] - conditionally execute a flow. condition: false
2024-05-13 15:31:39.629 [DEBUG] [thread-id 1] - Failure in order creation. Retrying after 30 secs
2024-05-13 15:31:40.492 [DEBUG] [thread-id 1] - sleep:  30000 milliseconds
2024-05-13 15:32:11.389 [DEBUG] [thread-id 1] - Store in: store the value 'null' in the variable 'errorCode'
2024-05-13 15:32:12.278 [DEBUG] [thread-id 1] - Store in: store the value 'null' in the variable 'orderCreationStatus'
2024-05-13 15:32:13.149 [DEBUG] [thread-id 1] - Call API: 'http://astro.walmart.com/api/v2/teflon/order'
2024-05-13 15:32:19.631 [DEBUG] [thread-id 1] - Response code is: '404'. Response body is: '{"astroStatus":"FAIL","astroDescription":"ITEM ERROR - No STORE module found in cart","astroDetails":{"customerId":"df672235-6d5a-4acc-a059-1a3904b63fdd","cartId":"abfda912-4e6c-426a-a4a0-359f3a12e538","addToCartResponse":{"dbSessionMap":{"CXO_CART_ST":"{\"mtoken\":\"6:23#343243585#2=88191761#8=394381068\"}","RESPONSE_TYPE":"OMNI_PROMISE"},"checkoutable":true,"cart":{"id":"abfda912-4e6c-426a-a4a0-359f3a12e538","buyer":{"id":"df672235-6d5a-4acc-a059-1a3904b63fdd","type":"CUSTOMER"},"accessPoint":{"id":"6168c2e3-fc36-4827-98e6-d717d10af1d6","fulfillmentOption":"PICKUP"},"storeIds":[],"itemCount":1,"entityErrors":[],"shipping":{"id":"5762ec04-4978-41a5-bea3-de37efe5afbf","dbLockVersion":0,"firstName":"Native","lastName":"Team","addressId":"3387fcda-6351-4c5f-bb82-62fa3a2f71eb","postalCode":"95122","city":"San Jose","state":"CA","countryCode":"USA","addressLineOne":"778 Story Road","phoneCountryCode":"+1","phoneCountry":"US","countryName":"USA","latitude":37.329302,"longitude":-121.858305,"phone":"5403900079","deliveryInstructions":"LEAVE AT DOORSTEP","addressType":"RESIDENTIAL","isPOBox":false,"isAPOFPO":false,"lastModifiedDate":1715639097057,"deliveryInstructionsDetails":[{"deliveryInstructionType":"REGULAR","deliveryInstruction":"LEAVE AT DOORSTEP"}]},"summary":{"subTotal":13.97,"grandTotal":20.96,"minimumThreshold":35,"balanceToReachThreshold":21.03,"thresholdOrderTotal":35,"shipPriceBelowThreshold":6.99,"fees":[{"type":"MIN_THRESHOLD_FEE","amount":6.99}],"serviceCharges":[]},"suggestedSlots":[],"currencyCode":"USD","preview":false,"tenantId":0,"tenantIdentifier":"elh9ie","verticalId":0,"checkoutableErrors":[],"intent":"DELIVERY","pickupStore":{"city":"San Jose","stateOrProvinceCode":"CA","countryCode":"USA","postalCode":"95122","storeId":"32144","services":[]},"deliveryStore":{"city":"San Jose","stateOrProvinceCode":"CA","countryCode":"USA","postalCode":"95122","storeId":"32144","services":[]},"mpStores":[],"fulfillmentPlans":[{"isDefault":true,"fulfillmentModules":[{"name":"UNSCHEDULED_DELIVERY","fulfillmentGroups":[{"sellerId":"455A2F43226F41319399794332C71B7F","fulfillmentOptions":[{"fulfillmentType":"DELIVERY","accessType":"DELIVERY_ADDRESS","accessMode":"NATIONAL_CARRIER","isSelected":true,"isUnscheduled":true,"dateStartRange":1715886000000,"dateEndRange":1715886000000,"itemGroups":[{"itemIds":["93d8420b-24d4-4172-88bb-056ecbde09c1"],"dateTime":1715886000000,"accessMode":"NATIONAL_CARRIER","itemDetails":[{"lineItemId":"93d8420b-24d4-4172-88bb-056ecbde09c1","isGiftEligible":true,"isOverBoxEligible":true}]}],"strategy":"SLA_TIER_BASED_PROMISE"}],"fulfillmentSellerType":"WALMART"}],"checkoutableErrors":[],"checkoutable":true,"summary":{"subTotal":13.97,"grandTotal":13.97}}]}],"accessPoints":[],"reservations":[],"isExplicitIntent":true,"hasGiftEligibleItem":true,"marketPlacePickup":true,"warnings":[],"restrictions":[],"accInstallationSelection":{"isExplicitPackageSelection":false},"hasUPResiliencyResponse":true},"items":[{"id":"93d8420b-24d4-4172-88bb-056ecbde09c1","quantity":1,"price":13.97,"oldPrice":13.97,"linePrice":13.97,"pricePerUnit":13.97,"pricePerUnitUoM":"EA","USItemId":"2931930047","USSellerId":"0","offerId":"440CA2987E084C5DB3A06A36B3A1BC09","name":"TIDL Sport Cryotherapy Pain Relief Spray, Plant Powered, Topical Pain Relief, Revives Muscles & Joints, Daily Use, 3 oz. Spray","seller":{"name":"Walmart.com","type":"INTERNAL","id":"455A2F43226F41319399794332C71B7F","catalogSellerId":0},"availableQuantity":9999,"maxItemCountPerOrder":12,"minItemCountPerOrder":1,"primaryCategoryPath":"-1","charPrimaryCategoryPath":"UNNAV","sort":1715639539403,"entityErrors":[],"createdDateTime":1715639539403,"isAlcohol":false,"isTemperatureTimeRestricted":false,"isSubstitutionEligible":true,"weightIncrement":1,"unitOfMeasure":"EA","type":"REGULAR","itemClassId":"1","productId":"70PJDNB0FA12","isSnapEligible":false,"isSubstitutionsAllowed":true,"productSegment":"Health & Beauty","salesUnit":"Each","wupc":"0066859103414","productUrl":"/ip/TIDL-Sport-Cryotherapy-Pain-Relief-Spray-Plant-Powered-Topical-Pain-Relief-Revives-Muscles-Joints-Daily-Use-3-oz-Spray/2931930047","productType":"Over-the-Counter Medicines","sourcingDetails":{"currentSelection":"SHIPPING","nodeAvailableQuantity":5146},"giftEligible":true,"giftOverboxEligible":true,"warnings":[],"fulfillmentDetails":{"fulfillmentId":"22518208-6c0c-46f4-8a47-774dee143f83","slaTier":"TWO_DAY","fulfillmentType":"DELIVERY","nodeType":"FC","fulfillmentChannel":[],"initialItemType":"ONLINE_ONLY","isNewItemToCart":true,"fulfillmentMode":"UNSCHEDULED","accessMode":"NATIONAL_CARRIER","accessType":"DELIVERY_ADDRESS","availableFulfillmentOptions":["UNSCHEDULED_DELIVERY"],"fulfillmentModuleName":"UNSCHEDULED_DELIVERY","shippingFulfillmentDate":1715886000000,"maxOrderQuantity":{"unscheduledDelivery":12}},"shortDescription":"Pharmacy OTC","associations":[],"fulfillmentPrerequisites":[{"preRequisiteList":["MIN_BOX_PROTECTION_REQUIRED"]}],"events":[],"nodeLevelSellables":[],"legacyItemId":"2931930047","gtin":"00668591034141","brand":"TIDL Sport","productClassType":"REGULAR","reportingHierarchy":"90000:99000:99900:99990:99999","isPapEligible":false,"isCheckoutAmendable":false,"compositions":[],"isCashbackEligible":true,"isColdChain":false,"cartSelectedFulfillment":"SHIPPING","isExportEligible":false}],"lastModifiedTime":1715639539703,"cartVersion":8,"isOmniPromiseResponse":true,"uniqueInstallationOfferIdHolder":[]},"astro_logs":[{"CART":{"fail":"ITEM ERROR - No STORE module found in cart"}},{"CHECKOUT":{}}]},"astroInfo":null}'
2024-05-13 15:32:20.659 [DEBUG] [thread-id 1] - conditionally execute a flow. condition: false
2024-05-13 15:32:21.539 [DEBUG] [thread-id 1] - Failure in order creation. Retrying after 30 secs
2024-05-13 15:32:22.408 [DEBUG] [thread-id 1] - sleep:  30000 milliseconds
2024-05-13 15:32:53.279 [DEBUG] [thread-id 1] - Store in: store the value 'null' in the variable 'errorCode'
2024-05-13 15:32:54.165 [DEBUG] [thread-id 1] - Store in: store the value 'null' in the variable 'orderCreationStatus'
2024-05-13 15:32:55.061 [DEBUG] [thread-id 1] - Call API: 'http://astro.walmart.com/api/v2/teflon/order'
2024-05-13 15:33:01.208 [DEBUG] [thread-id 1] - Response code is: '404'. Response body is: '{"astroStatus":"FAIL","astroDescription":"ITEM ERROR - No STORE module found in cart","astroDetails":{"customerId":"df672235-6d5a-4acc-a059-1a3904b63fdd","cartId":"abfda912-4e6c-426a-a4a0-359f3a12e538","addToCartResponse":{"dbSessionMap":{"CXO_CART_ST":"{\"mtoken\":\"6:23#343243681#2=88191878#8=394381233\"}","RESPONSE_TYPE":"OMNI_PROMISE"},"checkoutable":true,"cart":{"id":"abfda912-4e6c-426a-a4a0-359f3a12e538","buyer":{"id":"df672235-6d5a-4acc-a059-1a3904b63fdd","type":"CUSTOMER"},"accessPoint":{"id":"6168c2e3-fc36-4827-98e6-d717d10af1d6","fulfillmentOption":"PICKUP"},"storeIds":[],"itemCount":1,"entityErrors":[],"shipping":{"id":"5762ec04-4978-41a5-bea3-de37efe5afbf","dbLockVersion":0,"firstName":"Native","lastName":"Team","addressId":"3387fcda-6351-4c5f-bb82-62fa3a2f71eb","postalCode":"95122","city":"San Jose","state":"CA","countryCode":"USA","addressLineOne":"778 Story Road","phoneCountryCode":"+1","phoneCountry":"US","countryName":"USA","latitude":37.329302,"longitude":-121.858305,"phone":"5403900079","deliveryInstructions":"LEAVE AT DOORSTEP","addressType":"RESIDENTIAL","isPOBox":false,"isAPOFPO":false,"lastModifiedDate":1715639097057,"deliveryInstructionsDetails":[{"deliveryInstructionType":"REGULAR","deliveryInstruction":"LEAVE AT DOORSTEP"}]},"summary":{"subTotal":13.97,"grandTotal":20.96,"minimumThreshold":35,"balanceToReachThreshold":21.03,"thresholdOrderTotal":35,"shipPriceBelowThreshold":6.99,"fees":[{"type":"MIN_THRESHOLD_FEE","amount":6.99}],"serviceCharges":[]},"suggestedSlots":[],"currencyCode":"USD","preview":false,"tenantId":0,"tenantIdentifier":"elh9ie","verticalId":0,"checkoutableErrors":[],"intent":"DELIVERY","pickupStore":{"city":"San Jose","stateOrProvinceCode":"CA","countryCode":"USA","postalCode":"95122","storeId":"32144","services":[]},"deliveryStore":{"city":"San Jose","stateOrProvinceCode":"CA","countryCode":"USA","postalCode":"95122","storeId":"32144","services":[]},"mpStores":[],"fulfillmentPlans":[{"isDefault":true,"fulfillmentModules":[{"name":"UNSCHEDULED_DELIVERY","fulfillmentGroups":[{"sellerId":"455A2F43226F41319399794332C71B7F","fulfillmentOptions":[{"fulfillmentType":"DELIVERY","accessType":"DELIVERY_ADDRESS","accessMode":"NATIONAL_CARRIER","isSelected":true,"isUnscheduled":true,"dateStartRange":1715886000000,"dateEndRange":1715886000000,"itemGroups":[{"itemIds":["87d1455f-d2d7-473e-a7d4-9d1e4bdbb407"],"dateTime":1715886000000,"accessMode":"NATIONAL_CARRIER","itemDetails":[{"lineItemId":"87d1455f-d2d7-473e-a7d4-9d1e4bdbb407","isGiftEligible":true,"isOverBoxEligible":true}]}],"strategy":"SLA_TIER_BASED_PROMISE"}],"fulfillmentSellerType":"WALMART"}],"checkoutableErrors":[],"checkoutable":true,"summary":{"subTotal":13.97,"grandTotal":13.97}}]}],"accessPoints":[],"reservations":[],"isExplicitIntent":true,"hasGiftEligibleItem":true,"marketPlacePickup":true,"warnings":[],"restrictions":[],"accInstallationSelection":{"isExplicitPackageSelection":false},"hasUPResiliencyResponse":true},"items":[{"id":"87d1455f-d2d7-473e-a7d4-9d1e4bdbb407","quantity":1,"price":13.97,"oldPrice":13.97,"linePrice":13.97,"pricePerUnit":13.97,"pricePerUnitUoM":"EA","USItemId":"2931930047","USSellerId":"0","offerId":"440CA2987E084C5DB3A06A36B3A1BC09","name":"TIDL Sport Cryotherapy Pain Relief Spray, Plant Powered, Topical Pain Relief, Revives Muscles & Joints, Daily Use, 3 oz. Spray","seller":{"name":"Walmart.com","type":"INTERNAL","id":"455A2F43226F41319399794332C71B7F","catalogSellerId":0},"availableQuantity":9999,"maxItemCountPerOrder":12,"minItemCountPerOrder":1,"primaryCategoryPath":"-1","charPrimaryCategoryPath":"UNNAV","sort":1715639580846,"entityErrors":[],"createdDateTime":1715639580846,"isAlcohol":false,"isTemperatureTimeRestricted":false,"isSubstitutionEligible":true,"weightIncrement":1,"unitOfMeasure":"EA","type":"REGULAR","itemClassId":"1","productId":"70PJDNB0FA12","isSnapEligible":false,"isSubstitutionsAllowed":true,"productSegment":"Health & Beauty","salesUnit":"Each","wupc":"0066859103414","productUrl":"/ip/TIDL-Sport-Cryotherapy-Pain-Relief-Spray-Plant-Powered-Topical-Pain-Relief-Revives-Muscles-Joints-Daily-Use-3-oz-Spray/2931930047","productType":"Over-the-Counter Medicines","sourcingDetails":{"currentSelection":"SHIPPING","nodeAvailableQuantity":5146},"giftEligible":true,"giftOverboxEligible":true,"warnings":[],"fulfillmentDetails":{"fulfillmentId":"327c1f75-10a1-44d2-845d-13084832001a","slaTier":"TWO_DAY","fulfillmentType":"DELIVERY","nodeType":"FC","fulfillmentChannel":[],"initialItemType":"ONLINE_ONLY","isNewItemToCart":true,"fulfillmentMode":"UNSCHEDULED","accessMode":"NATIONAL_CARRIER","accessType":"DELIVERY_ADDRESS","availableFulfillmentOptions":["UNSCHEDULED_DELIVERY"],"fulfillmentModuleName":"UNSCHEDULED_DELIVERY","shippingFulfillmentDate":1715886000000,"maxOrderQuantity":{"unscheduledDelivery":12}},"shortDescription":"Pharmacy OTC","associations":[],"fulfillmentPrerequisites":[{"preRequisiteList":["MIN_BOX_PROTECTION_REQUIRED"]}],"events":[],"nodeLevelSellables":[],"legacyItemId":"2931930047","gtin":"00668591034141","brand":"TIDL Sport","productClassType":"REGULAR","reportingHierarchy":"90000:99000:99900:99990:99999","isPapEligible":false,"isCheckoutAmendable":false,"compositions":[],"isCashbackEligible":true,"isColdChain":false,"cartSelectedFulfillment":"SHIPPING","isExportEligible":false}],"lastModifiedTime":1715639581284,"cartVersion":10,"isOmniPromiseResponse":true,"uniqueInstallationOfferIdHolder":[]},"astro_logs":[{"CART":{"fail":"ITEM ERROR - No STORE module found in cart"}},{"CHECKOUT":{}}]},"astroInfo":null}'
2024-05-13 15:33:02.144 [DEBUG] [thread-id 1] - conditionally execute a flow. condition: false
2024-05-13 15:33:03.051 [DEBUG] [thread-id 1] - Failure in order creation. Retrying after 30 secs
2024-05-13 15:33:03.960 [DEBUG] [thread-id 1] - sleep:  30000 milliseconds
2024-05-13 15:33:34.815 [DEBUG] [thread-id 1] - Store in: store the value 'null' in the variable 'errorCode'
2024-05-13 15:33:35.698 [DEBUG] [thread-id 1] - Store in: store the value 'null' in the variable 'orderCreationStatus'
2024-05-13 15:33:36.645 [DEBUG] [thread-id 1] - Call API: 'http://astro.walmart.com/api/v2/teflon/order'
2024-05-13 15:33:43.121 [DEBUG] [thread-id 1] - Response code is: '404'. Response body is: '{"astroStatus":"FAIL","astroDescription":"ITEM ERROR - No STORE module found in cart","astroDetails":{"customerId":"df672235-6d5a-4acc-a059-1a3904b63fdd","cartId":"abfda912-4e6c-426a-a4a0-359f3a12e538","addToCartResponse":{"dbSessionMap":{"CXO_CART_ST":"{\"mtoken\":\"6:23#343243905#2=88192177#8=394381610\"}","RESPONSE_TYPE":"OMNI_PROMISE"},"checkoutable":true,"cart":{"id":"abfda912-4e6c-426a-a4a0-359f3a12e538","buyer":{"id":"df672235-6d5a-4acc-a059-1a3904b63fdd","type":"CUSTOMER"},"accessPoint":{"id":"6168c2e3-fc36-4827-98e6-d717d10af1d6","fulfillmentOption":"PICKUP"},"storeIds":[],"itemCount":1,"entityErrors":[],"shipping":{"id":"5762ec04-4978-41a5-bea3-de37efe5afbf","dbLockVersion":0,"firstName":"Native","lastName":"Team","addressId":"3387fcda-6351-4c5f-bb82-62fa3a2f71eb","postalCode":"95122","city":"San Jose","state":"CA","countryCode":"USA","addressLineOne":"778 Story Road","phoneCountryCode":"+1","phoneCountry":"US","countryName":"USA","latitude":37.329302,"longitude":-121.858305,"phone":"5403900079","deliveryInstructions":"LEAVE AT DOORSTEP","addressType":"RESIDENTIAL","isPOBox":false,"isAPOFPO":false,"lastModifiedDate":1715639097057,"deliveryInstructionsDetails":[{"deliveryInstructionType":"REGULAR","deliveryInstruction":"LEAVE AT DOORSTEP"}]},"summary":{"subTotal":13.97,"grandTotal":20.96,"minimumThreshold":35,"balanceToReachThreshold":21.03,"thresholdOrderTotal":35,"shipPriceBelowThreshold":6.99,"fees":[{"type":"MIN_THRESHOLD_FEE","amount":6.99}],"serviceCharges":[]},"suggestedSlots":[],"currencyCode":"USD","preview":false,"tenantId":0,"tenantIdentifier":"elh9ie","verticalId":0,"checkoutableErrors":[],"intent":"DELIVERY","pickupStore":{"city":"San Jose","stateOrProvinceCode":"CA","countryCode":"USA","postalCode":"95122","storeId":"32144","services":[]},"deliveryStore":{"city":"San Jose","stateOrProvinceCode":"CA","countryCode":"USA","postalCode":"95122","storeId":"32144","services":[]},"mpStores":[],"fulfillmentPlans":[{"isDefault":true,"fulfillmentModules":[{"name":"UNSCHEDULED_DELIVERY","fulfillmentGroups":[{"sellerId":"455A2F43226F41319399794332C71B7F","fulfillmentOptions":[{"fulfillmentType":"DELIVERY","accessType":"DELIVERY_ADDRESS","accessMode":"NATIONAL_CARRIER","isSelected":true,"isUnscheduled":true,"dateStartRange":1715886000000,"dateEndRange":1715886000000,"itemGroups":[{"itemIds":["e971bdd0-5c43-4d78-b79b-8b48dc92aa90"],"dateTime":1715886000000,"accessMode":"NATIONAL_CARRIER","itemDetails":[{"lineItemId":"e971bdd0-5c43-4d78-b79b-8b48dc92aa90","isGiftEligible":true,"isOverBoxEligible":true}]}],"strategy":"SLA_TIER_BASED_PROMISE"}],"fulfillmentSellerType":"WALMART"}],"checkoutableErrors":[],"checkoutable":true,"summary":{"subTotal":13.97,"grandTotal":13.97}}]}],"accessPoints":[],"reservations":[],"isExplicitIntent":true,"hasGiftEligibleItem":true,"marketPlacePickup":true,"warnings":[],"restrictions":[],"accInstallationSelection":{"isExplicitPackageSelection":false},"hasUPResiliencyResponse":true},"items":[{"id":"e971bdd0-5c43-4d78-b79b-8b48dc92aa90","quantity":1,"price":13.97,"oldPrice":13.97,"linePrice":13.97,"pricePerUnit":13.97,"pricePerUnitUoM":"EA","USItemId":"2931930047","USSellerId":"0","offerId":"440CA2987E084C5DB3A06A36B3A1BC09","name":"TIDL Sport Cryotherapy Pain Relief Spray, Plant Powered, Topical Pain Relief, Revives Muscles & Joints, Daily Use, 3 oz. Spray","seller":{"name":"Walmart.com","type":"INTERNAL","id":"455A2F43226F41319399794332C71B7F","catalogSellerId":0},"availableQuantity":9999,"maxItemCountPerOrder":12,"minItemCountPerOrder":1,"primaryCategoryPath":"-1","charPrimaryCategoryPath":"UNNAV","sort":1715639622903,"entityErrors":[],"createdDateTime":1715639622903,"isAlcohol":false,"isTemperatureTimeRestricted":false,"isSubstitutionEligible":true,"weightIncrement":1,"unitOfMeasure":"EA","type":"REGULAR","itemClassId":"1","productId":"70PJDNB0FA12","isSnapEligible":false,"isSubstitutionsAllowed":true,"productSegment":"Health & Beauty","salesUnit":"Each","wupc":"0066859103414","productUrl":"/ip/TIDL-Sport-Cryotherapy-Pain-Relief-Spray-Plant-Powered-Topical-Pain-Relief-Revives-Muscles-Joints-Daily-Use-3-oz-Spray/2931930047","productType":"Over-the-Counter Medicines","sourcingDetails":{"currentSelection":"SHIPPING","nodeAvailableQuantity":5146},"giftEligible":true,"giftOverboxEligible":true,"warnings":[],"fulfillmentDetails":{"fulfillmentId":"ec3189a3-d982-438c-8f75-32c74b017bb2","slaTier":"TWO_DAY","fulfillmentType":"DELIVERY","nodeType":"FC","fulfillmentChannel":[],"initialItemType":"ONLINE_ONLY","isNewItemToCart":true,"fulfillmentMode":"UNSCHEDULED","accessMode":"NATIONAL_CARRIER","accessType":"DELIVERY_ADDRESS","availableFulfillmentOptions":["UNSCHEDULED_DELIVERY"],"fulfillmentModuleName":"UNSCHEDULED_DELIVERY","shippingFulfillmentDate":1715886000000,"maxOrderQuantity":{"unscheduledDelivery":12}},"shortDescription":"Pharmacy OTC","associations":[],"fulfillmentPrerequisites":[{"preRequisiteList":["MIN_BOX_PROTECTION_REQUIRED"]}],"events":[],"nodeLevelSellables":[],"legacyItemId":"2931930047","gtin":"00668591034141","brand":"TIDL Sport","productClassType":"REGULAR","reportingHierarchy":"90000:99000:99900:99990:99999","isPapEligible":false,"isCheckoutAmendable":false,"compositions":[],"isCashbackEligible":true,"isColdChain":false,"cartSelectedFulfillment":"SHIPPING","isExportEligible":false}],"lastModifiedTime":1715639623197,"cartVersion":12,"isOmniPromiseResponse":true,"uniqueInstallationOfferIdHolder":[]},"astro_logs":[{"CART":{"fail":"ITEM ERROR - No STORE module found in cart"}},{"CHECKOUT":{}}]},"astroInfo":null}'
2024-05-13 15:33:44.063 [DEBUG] [thread-id 1] - conditionally execute a flow. condition: false
2024-05-13 15:33:44.938 [DEBUG] [thread-id 1] - Failure in order creation. Retrying after 30 secs
2024-05-13 15:33:45.791 [DEBUG] [thread-id 1] - sleep:  30000 milliseconds
2024-05-13 15:34:15.826 [DEBUG] [thread-id 1] - conditionally execute a flow. condition: true
2024-05-13 15:34:16.687 [DEBUG] [thread-id 1] - conditionally execute a flow. condition: true
2024-05-13 15:34:37.374 [DEBUG] [thread-id 1] - Main failed: API_FAILURE - ASTRO - CREATE ORDER FAILURE - Error: ITEM ERROR - No STORE module found in cart - Fetched Items: {"STORE_SCHEDULED_DELIVERY":"2931930047"}
2024-05-13 15:34:39.188 [DEBUG] [thread-id 1] - Executing scenario: 'After'
2024-05-13 15:34:39.189 [DEBUG] [thread-id 1] - Executing function: 'us.functions.utils.afterSteps'
2024-05-13 15:34:39.190 [WARN] [thread-id 1] - variable testStatus was used, but r2 could not find a value for this variable. returning default of null
2024-05-13 15:34:39.190 [DEBUG] [thread-id 1] - conditionally execute a flow. condition: false
2024-05-13 15:34:40.056 [DEBUG] [thread-id 1] - Test failed
2024-05-13 15:34:46.498 [DEBUG] [thread-id 1] - Created report: /Users/m0k0a2f/glass-automation/report/index.html
