2023-06-29 15:24:26.473 [DEBUG] [thread-id 1] - Executing R2 3.37.0: '/Users/m0k0a2f/glass-automation/./us/test/test-scripts/ios/golden-flows/guided-delivery-instructions/C2693165-Edit-GDI-in-checkout.yaml' on device: 'iPhone 13'
2023-06-29 15:28:37.671 [DEBUG] [thread-id 1] - Executing scenario: 'Before'
2023-06-29 15:28:37.679 [DEBUG] [thread-id 1] - Execute before steps
2023-06-29 15:28:37.680 [DEBUG] [thread-id 1] - R2_SUBFLOW_PRE_TRANSACTION
2023-06-29 15:28:37.683 [DEBUG] [thread-id 1] - Executing function: 'us.functions.utils.astro.clearCart'
2023-06-29 15:28:37.850 [DEBUG] [thread-id 1] - Call API: 'http://astro.walmart.com/api/v2/teflon/customer/e2e.teflon.flow.ios.005a@gmail.com/clearcart'
2023-06-29 15:28:50.672 [DEBUG] [thread-id 1] - Response code is: '200'. Response body is: '{"astroStatus":"SUCCESS","astroDescription":"CART_CLEARED","astroDetails":{"dbSessionMap":{"CXO_CART_ST":"{\"mtoken\":\"2:14#253700791#2=270800804#8=242929554\"}"},"checkoutable":false,"cart":{"id":"2a59388d-573a-4ddb-a35e-b088e814b0c3","buyer":{"id":"53e11a74-4af6-49d7-88f9-1c41e3b81ed6","type":"CUSTOMER"},"accessPoint":{"id":"0ebad96a-c578-4108-8025-6a2da143f790","fulfillmentOption":"PICKUP"},"storeIds":[],"itemCount":0,"entityErrors":[],"shipping":{"id":"b7294f56-2832-4ee5-a212-c97fa0adbcd4","dbLockVersion":0,"postalCode":"95122","city":"San Jose","state":"CA","countryCode":"USA","latitude":37.606689,"longitude":-122.426362,"isPOBox":false,"isAPOFPO":false,"isAddressChangedExplicitly":true},"currencyCode":"USD","preview":false,"tenantId":0,"verticalId":0,"checkoutableErrors":[],"intent":"PICKUP","pickupStore":{"city":"San Jose","stateOrProvinceCode":"CA","countryCode":"USA","postalCode":"95122","storeId":"32144","services":[]},"deliveryStore":{"city":"San Jose","stateOrProvinceCode":"CA","countryCode":"USA","postalCode":"95122","storeId":"32144","services":[]},"mpStores":[],"fulfillmentPlans":[],"accessPoints":[{"id":"0ebad96a-c578-4108-8025-6a2da143f790","fulfillmentOption":"PICKUP"}],"reservations":[],"isExplicitIntent":false,"hasGiftEligibleItem":false,"warnings":[],"restrictions":[]},"isOmniPromiseResponse":true}}'
2023-06-29 15:28:50.917 [DEBUG] [thread-id 1] - Cart cleared for e2e.teflon.flow.ios.005a@gmail.com
2023-06-29 15:28:51.098 [DEBUG] [thread-id 1] - Using us-errors-helpers.yaml
2023-06-29 15:28:51.255 [DEBUG] [thread-id 1] - Start Main
2023-06-29 15:28:51.266 [DEBUG] [thread-id 1] - Executing function: 'us.functions.global.onboarding.navigateOnboardingToHome'
2023-06-29 15:28:51.268 [DEBUG] [thread-id 1] - Executing function: 'us.function.utils.getEnvironmentValue'
2023-06-29 15:28:51.268 [DEBUG] [thread-id 1] - Store in: store the value 'teflon' in the variable 'env'
2023-06-29 15:28:51.269 [DEBUG] [thread-id 1] - Welcome screen loaded
2023-06-29 15:28:51.272 [DEBUG] [thread-id 1] - Verify identifier: {SignUpNudgeWelcomeViewController.titleLabel=[true]}
2023-06-29 15:29:01.279 [DEBUG] [thread-id 1] - conditionally execute a flow. condition: false
2023-06-29 15:29:01.472 [DEBUG] [thread-id 1] - Click element: 'cta.cancel.welcome'
2023-06-29 15:29:01.935 [DEBUG] [thread-id 1] - Notifiction Prompt screen loaded
2023-06-29 15:29:02.551 [DEBUG] [thread-id 1] - Verify identifier: {NotificationPermissionViewController.titleLabel=[true]}
2023-06-29 15:29:02.596 [DEBUG] [thread-id 1] - Click element: 'cta.cancel.notifications'
2023-06-29 15:29:02.829 [DEBUG] [thread-id 1] - location screen loaded
2023-06-29 15:29:03.015 [DEBUG] [thread-id 1] - Verify identifier: {LocationPermissionViewController.titleLabel=[true], LocationPermissionViewController.bodyLabel=[true]}
2023-06-29 15:29:03.062 [DEBUG] [thread-id 1] - Click element: 'cta.cancel.location'
2023-06-29 15:29:08.778 [DEBUG] [thread-id 1] - Verify identifier: {label.postal-code-entry=[true]}
2023-06-29 15:29:08.832 [DEBUG] [thread-id 1] - Enter text: '95122'
2023-06-29 15:29:11.426 [DEBUG] [thread-id 1] - Click element: 'cta.continue'
2023-06-29 15:29:11.691 [DEBUG] [thread-id 1] - Observed IDFA Sscreen
2023-06-29 15:29:13.166 [DEBUG] [thread-id 1] - conditionally execute a flow. condition: true
2023-06-29 15:29:13.511 [DEBUG] [thread-id 1] - Verify identifier: {ATTPermissionViewController.titleLabel=[true], ATTPermissionViewController.bodyLabel=[true]}
2023-06-29 15:29:13.898 [DEBUG] [thread-id 1] - Click element: 'cta.continue.location'
2023-06-29 15:29:16.369 [DEBUG] [thread-id 1] - Click element: 'Ask App Not to Track'
2023-06-29 15:29:27.337 [DEBUG] [thread-id 1] - conditionally execute a flow. condition: false
2023-06-29 15:29:27.766 [DEBUG] [thread-id 1] - modal is not displayed
2023-06-29 15:29:27.798 [DEBUG] [thread-id 1] - Executing function: 'us.functions.gic.collapseIfExpanded'
2023-06-29 15:29:28.406 [DEBUG] [thread-id 1] - Verify identifier: {//*[contains(@label,"Expanded")]=[true]}
2023-06-29 15:29:28.837 [DEBUG] [thread-id 1] - Collapsing GIC screen
2023-06-29 15:29:29.503 [DEBUG] [thread-id 1] - Click element: '//*[contains(@label,"Expanded")]'
2023-06-29 15:29:29.737 [DEBUG] [thread-id 1] - Executing function: 'us.functions.home.navigateHomeToSignIn'
2023-06-29 15:29:30.617 [DEBUG] [thread-id 1] - Click element: 'Account'
2023-06-29 15:29:31.836 [DEBUG] [thread-id 1] - Verify identifier: {SignInYourAccountTableViewCell.signInButton=[true]}
2023-06-29 15:29:31.837 [DEBUG] [thread-id 1] - loop: from 1 to 3
2023-06-29 15:29:32.368 [DEBUG] [thread-id 1] - conditionally execute a flow. condition: true
2023-06-29 15:29:32.993 [DEBUG] [thread-id 1] - Click element: 'SignInYourAccountTableViewCell.signInButton'
2023-06-29 15:29:36.193 [DEBUG] [thread-id 1] - Verify identifier: {WelcomeView.emailField=[true]}
2023-06-29 15:29:37.481 [DEBUG] [thread-id 1] - Store in: store the value 'true' in the variable 'signInValidated'
2023-06-29 15:29:38.769 [DEBUG] [thread-id 1] - conditionally execute a flow. condition: true
2023-06-29 15:29:40.007 [DEBUG] [thread-id 1] - SignIn page loaded
2023-06-29 15:29:41.333 [DEBUG] [thread-id 1] - Store in: store the value 'false' in the variable 'signInValidated'
2023-06-29 15:29:41.361 [DEBUG] [thread-id 1] - Executing function: 'us.functions.global.authentication.signInAccount'
2023-06-29 15:29:42.622 [DEBUG] [thread-id 1] - Verify identifier: {WelcomeView.emailField=[true]}
2023-06-29 15:29:42.773 [DEBUG] [thread-id 1] - Enter text: 'e2e.teflon.flow.ios.005a@gmail.com'
2023-06-29 15:29:44.126 [DEBUG] [thread-id 1] - Click element: 'WelcomeView.ctaButton'
2023-06-29 15:29:48.099 [DEBUG] [thread-id 1] - Verify identifier: {OTPView.passwordTextField=[true]}
2023-06-29 15:29:48.234 [DEBUG] [thread-id 1] - Enter text: 'E2epassword$'
2023-06-29 15:29:49.183 [DEBUG] [thread-id 1] - Click element: 'OTPView.ctaButton'
2023-06-29 15:30:02.346 [DEBUG] [thread-id 1] - conditionally execute a flow. condition: true
2023-06-29 15:30:04.050 [DEBUG] [thread-id 1] - Click element: 'Don’t Allow'
2023-06-29 15:30:04.772 [DEBUG] [thread-id 1] - Executing function: 'us.test.functions.utils.closeWplusPrompt.homeScreen'
2023-06-29 15:30:15.828 [DEBUG] [thread-id 1] - conditionally execute a flow. condition: false
2023-06-29 15:30:16.739 [DEBUG] [thread-id 1] - W+ Plus membership prompt is not present nothing to close continue
2023-06-29 15:30:16.785 [DEBUG] [thread-id 1] - Executing function: 'us.functions.utils.handleCartMergePopup'
2023-06-29 15:30:16.787 [DEBUG] [thread-id 1] - loop: from 0 to 4
2023-06-29 15:30:17.708 [DEBUG] [thread-id 1] - 0
2023-06-29 15:30:23.785 [DEBUG] [thread-id 1] - No Technical Error Page observed
2023-06-29 15:30:24.717 [DEBUG] [thread-id 1] - Executing function: 'us.functions.global.navigation.accountToHome'
2023-06-29 15:30:24.874 [DEBUG] [thread-id 1] - Click element: 'Shop'
2023-06-29 15:30:25.339 [DEBUG] [thread-id 1] - Executing function: 'us.functions.home.closeWPlusPromotionPopUpIfDisplayed'
2023-06-29 15:30:28.282 [DEBUG] [thread-id 1] - Verify identifier: {//XCUIElementTypeButton[@name="SplashPageTermView.primaryButton"]|//XCUIElementTypeButton[@name="WalmartPlusSplashBottomSheet.tryWalmartPlusMemberShipButton"] | //XCUIElementTypeButton[@label="Try your rewards benefit"] | //XCUIElementTypeButton[@name="BenefitEngagementTempoContainerView.primaryButton"]=[true]}
2023-06-29 15:30:29.778 [DEBUG] [thread-id 1] - Click element: '//XCUIElementTypeButton[@name="SplashPageViewController.closeButton" or contains(@label, "Close Walmart plus promotional pop up")] | //XCUIElementTypeNavigationBar[@name="WalmartPlus.SplashPageView"]/XCUIElementTypeButton | //XCUIElementTypeButton[@name="close" or @name="Close"] | //XCUIElementTypeButton[@name="SplashPageViewController.fullScreenCloseButton"]'
2023-06-29 15:30:30.986 [DEBUG] [thread-id 1] - Verify identifier: {Search Walmart=[true]}
2023-06-29 15:30:30.986 [DEBUG] [thread-id 1] - Executing function: 'us.functions.home.rateDriverPopup'
2023-06-29 15:30:30.988 [DEBUG] [thread-id 1] - loop: from 1 to 6
2023-06-29 15:30:31.625 [DEBUG] [thread-id 1] - 1
2023-06-29 15:30:42.417 [DEBUG] [thread-id 1] - conditionally execute a flow. condition: false
2023-06-29 15:30:43.082 [DEBUG] [thread-id 1] - Executing function: 'us.functions.home.setStore'
2023-06-29 15:30:43.088 [DEBUG] [thread-id 1] - conditionally execute a flow. condition: true
2023-06-29 15:30:43.744 [DEBUG] [thread-id 1] - Executing function: 'us.functions.home.changeStore'
2023-06-29 15:30:43.746 [DEBUG] [thread-id 1] - Executing function: 'us.functions.gic.expandIfCollapsed'
2023-06-29 15:30:44.695 [DEBUG] [thread-id 1] - Verify identifier: {//*[contains(@label,"Collapsed")]=[true]}
2023-06-29 15:30:45.697 [DEBUG] [thread-id 1] - Click element: '//*[contains(@label,"Collapsed")]'
2023-06-29 15:30:46.018 [WARN] [thread-id 1] - variable storeOnly was used, but r2 could not find a value for this variable. returning default of null
2023-06-29 15:30:46.019 [DEBUG] [thread-id 1] - conditionally execute a flow. condition: true
2023-06-29 15:31:09.684 [DEBUG] [thread-id 1] - Click element: 'GlobalIntentCenter.Pickup'
2023-06-29 15:31:11.090 [DEBUG] [thread-id 1] - Pickup intent selected
2023-06-29 15:31:14.498 [DEBUG] [thread-id 1] - Click element: '//XCUIElementTypeCollectionView[@name="GlobalIntentCenterViewController.collectionView"]//XCUIElementTypeCell[position()=last()-2 or position()=last()-1]//*[@name="GlobalIntentCenter.FullLocation" and contains(@label,"Pickup")]'
2023-06-29 15:31:26.125 [DEBUG] [thread-id 1] - conditionally execute a flow. condition: false
2023-06-29 15:31:28.620 [DEBUG] [thread-id 1] - Enter text: '95122'
2023-06-29 15:31:34.108 [DEBUG] [thread-id 1] - Click element: '(//XCUIElementTypeButton[@name="StoreSelectionCell.radioButton"])[1] | (//XCUIElementTypeOther[@name="StoreSelectionCell.radioLabelsStackView"])[1]'
2023-06-29 15:31:37.570 [DEBUG] [thread-id 1] - Click element: '//XCUIElementTypeButton[@name="SaveStoreSelectionView.saveButton"]'
2023-06-29 15:31:41.508 [DEBUG] [thread-id 1] - Executing function: 'us.functions.utils.handleTechnicalErrorPopup'
2023-06-29 15:31:41.509 [DEBUG] [thread-id 1] - Store in: store the value 'false' in the variable 'errorRemoved'
2023-06-29 15:31:41.517 [DEBUG] [thread-id 1] - sleep:  5000 milliseconds
2023-06-29 15:31:46.523 [DEBUG] [thread-id 1] - loop: from 0 to 3
2023-06-29 15:31:47.185 [DEBUG] [thread-id 1] - 0
2023-06-29 15:31:58.615 [DEBUG] [thread-id 1] - conditionally execute a flow. condition: false
2023-06-29 15:31:59.206 [DEBUG] [thread-id 1] - Store in: store the value 'true' in the variable 'errorRemoved'
2023-06-29 15:31:59.835 [DEBUG] [thread-id 1] - No Technical Error Pop up observed
2023-06-29 15:32:11.171 [DEBUG] [thread-id 1] - sleep:  2000 milliseconds
2023-06-29 15:32:13.548 [DEBUG] [thread-id 1] - conditionally execute a flow. condition: true
2023-06-29 15:32:14.155 [DEBUG] [thread-id 1] - Executing function: 'us.functions.gic.collapseIfExpanded'
2023-06-29 15:32:15.035 [DEBUG] [thread-id 1] - Verify identifier: {//*[contains(@label,"Expanded")]=[true]}
2023-06-29 15:32:15.659 [DEBUG] [thread-id 1] - Collapsing GIC screen
2023-06-29 15:32:16.546 [DEBUG] [thread-id 1] - Click element: '//*[contains(@label,"Expanded")]'
2023-06-29 15:32:17.785 [DEBUG] [thread-id 1] - Verify identifier: {//*[contains(@label,"Collapsed")]=[true]}
2023-06-29 15:32:17.801 [DEBUG] [thread-id 1] - Executing function: 'us.functions.utils.getSearchableItem'
2023-06-29 15:32:17.803 [DEBUG] [thread-id 1] - Store in: store the value 'null' in the variable 'itemFetched'
2023-06-29 15:32:17.804 [DEBUG] [thread-id 1] - Store in: store the value 'null' in the variable 'deeplinkURL'
2023-06-29 15:32:17.805 [DEBUG] [thread-id 1] - Store in: store the value 'true' in the variable 'apiFetch'
2023-06-29 15:32:17.807 [DEBUG] [thread-id 1] - conditionally execute a flow. condition: false
2023-06-29 15:32:18.446 [DEBUG] [thread-id 1] - Item fetched by Astro API
2023-06-29 15:32:19.103 [DEBUG] [thread-id 1] - Executing function: 'us.functions.utils.fetchAstroAvailableItem'
2023-06-29 15:32:19.106 [DEBUG] [thread-id 1] - Fetching Item available in stock using Astro API for Item type STORE_SCHEDULED_DELIVERY
2023-06-29 15:32:19.107 [WARN] [thread-id 1] - variable storeId was used, but r2 could not find a value for this variable. returning default of null
2023-06-29 15:32:19.116 [DEBUG] [thread-id 1] - conditionally execute a flow. condition: true
2023-06-29 15:32:19.749 [DEBUG] [thread-id 1] - Store in: store the value '32144' in the variable 'storeId'
2023-06-29 15:32:19.761 [WARN] [thread-id 1] - variable nextGen was used, but r2 could not find a value for this variable. returning default of null
2023-06-29 15:32:19.762 [DEBUG] [thread-id 1] - conditionally execute a flow. condition: true
2023-06-29 15:32:20.403 [DEBUG] [thread-id 1] - Store in: store the value 'nextgen' in the variable 'version'
2023-06-29 15:32:20.412 [WARN] [thread-id 1] - variable itemStatusHeader was used, but r2 could not find a value for this variable. returning default of null
2023-06-29 15:32:20.413 [DEBUG] [thread-id 1] - conditionally execute a flow. condition: true
2023-06-29 15:32:21.061 [DEBUG] [thread-id 1] - Store in: store the value 'SUCCESS' in the variable 'itemStatusHeader'
2023-06-29 15:32:21.070 [WARN] [thread-id 1] - variable itemFilter was used, but r2 could not find a value for this variable. returning default of null
2023-06-29 15:32:21.071 [DEBUG] [thread-id 1] - conditionally execute a flow. condition: false
2023-06-29 15:32:21.708 [DEBUG] [thread-id 1] - Store in: store the value 'http://astro.walmart.com/api/v3/teflon/internal/getItemHealth/32144/STORE_SCHEDULED_DELIVERY' in the variable 'fetchURL'
2023-06-29 15:32:21.731 [DEBUG] [thread-id 1] - Store in: store the value 'null' in the variable 'itemDetails'
2023-06-29 15:32:22.391 [DEBUG] [thread-id 1] - conditionally execute a flow. condition: true
2023-06-29 15:32:23.050 [DEBUG] [thread-id 1] - NextGen API
2023-06-29 15:32:23.705 [DEBUG] [thread-id 1] - Call API: 'http://astro.walmart.com/api/v3/teflon/internal/getItemHealth/32144/STORE_SCHEDULED_DELIVERY'
2023-06-29 15:32:29.099 [DEBUG] [thread-id 1] - Response code is: '200'. Response body is: '{"astroStatus":"SUCCESS","astroDescription":"Item Health details found in itemHealth Collection","astroDetails":[{"itemId":"596634660","astroStatus":"SUCCESS","astroDescription":"STORE_SCHEDULED_DELIVERY (596634660), ORDER CREATED","orderType":"STORE_SCHEDULED_DELIVERY","storeId":"32144","orderNumber":null,"eligiblePaths":["subsallowed"],"inEligiblePaths":[],"offerId":"CBD243749BF84A88AB61918A88721D1E","_id":"6352f4ba8d5c5e54d46a5c6b","__v":0,"createdAt":"2022-10-21T19:36:26.662Z","updatedAt":"2023-06-29T22:31:49.529Z","price":{"currencyAmount":6.47,"currencyUnit":"USD","unit":"EA"}},{"itemId":"669597065","astroStatus":"SUCCESS","astroDescription":"STORE_SCHEDULED_DELIVERY (669597065), ORDER CREATED","orderType":"STORE_SCHEDULED_DELIVERY","storeId":"32144","orderNumber":null,"eligiblePaths":["careplan"],"inEligiblePaths":[],"offerId":"29A3D1D6E1E44E6BBD29D10BB1020DE0","_id":"6352f4baba71e839c00ea091","__v":0,"createdAt":"2022-10-21T19:36:26.711Z","updatedAt":"2023-06-29T22:31:47.214Z","price":{"currencyAmount":509,"currencyUnit":"USD","unit":"EA"}},{"itemId":"158353031","astroStatus":"SUCCESS","astroDescription":"STORE_SCHEDULED_DELIVERY (158353031), ORDER CREATED","orderType":"STORE_SCHEDULED_DELIVERY","storeId":"32144","orderNumber":null,"eligiblePaths":["ebtsnap","pureweighted"],"inEligiblePaths":[],"offerId":"03745B3A6FFF4FB8961A362BFD16F598","_id":"6352f4bb1578f257acaa40fb","__v":0,"createdAt":"2022-10-21T19:36:27.066Z","updatedAt":"2023-06-29T22:31:47.250Z","price":{"currencyAmount":0.25,"currencyUnit":"USD","unit":"LB"}},{"itemId":"591794662","astroStatus":"SUCCESS","astroDescription":"STORE_SCHEDULED_DELIVERY (591794662), ORDER CREATED","orderType":"STORE_SCHEDULED_DELIVERY","storeId":"32144","orderNumber":null,"eligiblePaths":[],"inEligiblePaths":[],"offerId":"1D072D5C4A8A4732A5C662E7DD374AB2","_id":"6352f4bb2110d44bb44f3348","__v":0,"createdAt":"2022-10-21T19:36:27.190Z","updatedAt":"2023-06-29T22:31:48.439Z","price":{"currencyAmount":3,"currencyUnit":"USD","unit":"EA"}},{"itemId":"751343660","astroStatus":"SUCCESS","astroDescription":"STORE_SCHEDULED_DELIVERY (751343660), ORDER CREATED","orderType":"STORE_SCHEDULED_DELIVERY","storeId":"32144","orderNumber":null,"eligiblePaths":[],"inEligiblePaths":[],"offerId":"F828B97DD63E43F7861A0B9F1B0962A9","_id":"6352f4bbd30e002434082bf3","__v":0,"createdAt":"2022-10-21T19:36:27.230Z","updatedAt":"2023-06-29T22:31:48.437Z","price":{"currencyAmount":3,"currencyUnit":"USD","unit":"EA"}},{"itemId":"373132685","astroStatus":"SUCCESS","astroDescription":"STORE_SCHEDULED_DELIVERY (373132685), ORDER CREATED","orderType":"STORE_SCHEDULED_DELIVERY","storeId":"32144","orderNumber":null,"eligiblePaths":[],"inEligiblePaths":[],"offerId":"B9F1F129D6074D61BB08AEE0879024F0","_id":"6352f4bb2110d44bb44f3349","__v":0,"createdAt":"2022-10-21T19:36:27.283Z","updatedAt":"2023-06-29T22:31:47.968Z","price":{"currencyAmount":11.09,"currencyUnit":"USD","unit":"EA"}},{"itemId":"333585141","astroStatus":"SUCCESS","astroDescription":"STORE_SCHEDULED_DELIVERY (333585141), ORDER CREATED","orderType":"STORE_SCHEDULED_DELIVERY","storeId":"32144","orderNumber":null,"eligiblePaths":[],"inEligiblePaths":[],"offerId":"D659F8D31C0F447D8F8142BBE5DC6934","_id":"6352f4bbd30e002434082bf4","__v":0,"createdAt":"2022-10-21T19:36:27.394Z","updatedAt":"2023-06-29T22:31:48.510Z","price":{"currencyAmount":22.98,"currencyUnit":"USD","unit":"EA"}},{"itemId":"779762816","astroStatus":"SUCCESS","astroDescription":"STORE_SCHEDULED_DELIVERY (779762816), ORDER CREATED","orderType":"STORE_SCHEDULED_DELIVERY","storeId":"32144","orderNumber":null,"eligiblePaths":["ebtsnap","subsallowed"],"inEligiblePaths":[],"offerId":"7571DBA75B93435B900E62FE83DA5B5A","_id":"6352f4bb1578f257acaa40fe","__v":0,"createdAt":"2022-10-21T19:36:27.729Z","updatedAt":"2023-06-29T22:31:47.205Z","price":{"currencyAmount":1.17,"currencyUnit":"USD","unit":"LB"}}]}'
2023-06-29 15:32:29.793 [DEBUG] [thread-id 1] - conditionally execute a flow. condition: false
2023-06-29 15:32:30.453 [DEBUG] [thread-id 1] - SUCCESSFUL item fetched from astro API.
2023-06-29 15:32:31.118 [DEBUG] [thread-id 1] - loop: over '[{"itemId":"596634660","astroStatus":"SUCCESS","astroDescription":"STORE_SCHEDULED_DELIVERY (596634660), ORDER CREATED","orderType":"STORE_SCHEDULED_DELIVERY","storeId":"32144","orderNumber":null,"eligiblePaths":["subsallowed"],"inEligiblePaths":[],"offerId":"CBD243749BF84A88AB61918A88721D1E","_id":"6352f4ba8d5c5e54d46a5c6b","__v":0,"createdAt":"2022-10-21T19:36:26.662Z","updatedAt":"2023-06-29T22:31:49.529Z","price":{"currencyAmount":6.47,"currencyUnit":"USD","unit":"EA"}},{"itemId":"669597065","astroStatus":"SUCCESS","astroDescription":"STORE_SCHEDULED_DELIVERY (669597065), ORDER CREATED","orderType":"STORE_SCHEDULED_DELIVERY","storeId":"32144","orderNumber":null,"eligiblePaths":["careplan"],"inEligiblePaths":[],"offerId":"29A3D1D6E1E44E6BBD29D10BB1020DE0","_id":"6352f4baba71e839c00ea091","__v":0,"createdAt":"2022-10-21T19:36:26.711Z","updatedAt":"2023-06-29T22:31:47.214Z","price":{"currencyAmount":509,"currencyUnit":"USD","unit":"EA"}},{"itemId":"158353031","astroStatus":"SUCCESS","astroDescription":"STORE_SCHEDULED_DELIVERY (158353031), ORDER CREATED","orderType":"STORE_SCHEDULED_DELIVERY","storeId":"32144","orderNumber":null,"eligiblePaths":["ebtsnap","pureweighted"],"inEligiblePaths":[],"offerId":"03745B3A6FFF4FB8961A362BFD16F598","_id":"6352f4bb1578f257acaa40fb","__v":0,"createdAt":"2022-10-21T19:36:27.066Z","updatedAt":"2023-06-29T22:31:47.250Z","price":{"currencyAmount":0.25,"currencyUnit":"USD","unit":"LB"}},{"itemId":"591794662","astroStatus":"SUCCESS","astroDescription":"STORE_SCHEDULED_DELIVERY (591794662), ORDER CREATED","orderType":"STORE_SCHEDULED_DELIVERY","storeId":"32144","orderNumber":null,"eligiblePaths":[],"inEligiblePaths":[],"offerId":"1D072D5C4A8A4732A5C662E7DD374AB2","_id":"6352f4bb2110d44bb44f3348","__v":0,"createdAt":"2022-10-21T19:36:27.190Z","updatedAt":"2023-06-29T22:31:48.439Z","price":{"currencyAmount":3,"currencyUnit":"USD","unit":"EA"}},{"itemId":"751343660","astroStatus":"SUCCESS","astroDescription":"STORE_SCHEDULED_DELIVERY (751343660), ORDER CREATED","orderType":"STORE_SCHEDULED_DELIVERY","storeId":"32144","orderNumber":null,"eligiblePaths":[],"inEligiblePaths":[],"offerId":"F828B97DD63E43F7861A0B9F1B0962A9","_id":"6352f4bbd30e002434082bf3","__v":0,"createdAt":"2022-10-21T19:36:27.230Z","updatedAt":"2023-06-29T22:31:48.437Z","price":{"currencyAmount":3,"currencyUnit":"USD","unit":"EA"}},{"itemId":"373132685","astroStatus":"SUCCESS","astroDescription":"STORE_SCHEDULED_DELIVERY (373132685), ORDER CREATED","orderType":"STORE_SCHEDULED_DELIVERY","storeId":"32144","orderNumber":null,"eligiblePaths":[],"inEligiblePaths":[],"offerId":"B9F1F129D6074D61BB08AEE0879024F0","_id":"6352f4bb2110d44bb44f3349","__v":0,"createdAt":"2022-10-21T19:36:27.283Z","updatedAt":"2023-06-29T22:31:47.968Z","price":{"currencyAmount":11.09,"currencyUnit":"USD","unit":"EA"}},{"itemId":"333585141","astroStatus":"SUCCESS","astroDescription":"STORE_SCHEDULED_DELIVERY (333585141), ORDER CREATED","orderType":"STORE_SCHEDULED_DELIVERY","storeId":"32144","orderNumber":null,"eligiblePaths":[],"inEligiblePaths":[],"offerId":"D659F8D31C0F447D8F8142BBE5DC6934","_id":"6352f4bbd30e002434082bf4","__v":0,"createdAt":"2022-10-21T19:36:27.394Z","updatedAt":"2023-06-29T22:31:48.510Z","price":{"currencyAmount":22.98,"currencyUnit":"USD","unit":"EA"}},{"itemId":"779762816","astroStatus":"SUCCESS","astroDescription":"STORE_SCHEDULED_DELIVERY (779762816), ORDER CREATED","orderType":"STORE_SCHEDULED_DELIVERY","storeId":"32144","orderNumber":null,"eligiblePaths":["ebtsnap","subsallowed"],"inEligiblePaths":[],"offerId":"7571DBA75B93435B900E62FE83DA5B5A","_id":"6352f4bb1578f257acaa40fe","__v":0,"createdAt":"2022-10-21T19:36:27.729Z","updatedAt":"2023-06-29T22:31:47.205Z","price":{"currencyAmount":1.17,"currencyUnit":"USD","unit":"LB"}}]'
2023-06-29 15:32:31.804 [DEBUG] [thread-id 1] - Store in: store the value 'null' in the variable 'itemDetails'
2023-06-29 15:32:32.485 [DEBUG] [thread-id 1] - {"itemId":"596634660","astroStatus":"SUCCESS","astroDescription":"STORE_SCHEDULED_DELIVERY (596634660), ORDER CREATED","orderType":"STORE_SCHEDULED_DELIVERY","storeId":"32144","orderNumber":null,"eligiblePaths":["subsallowed"],"inEligiblePaths":[],"offerId":"CBD243749BF84A88AB61918A88721D1E","_id":"6352f4ba8d5c5e54d46a5c6b","__v":0,"createdAt":"2022-10-21T19:36:26.662Z","updatedAt":"2023-06-29T22:31:49.529Z","price":{"currencyAmount":6.47,"currencyUnit":"USD","unit":"EA"}}
2023-06-29 15:32:33.141 [DEBUG] [thread-id 1] - Store in: store the value '596634660' in the variable 'itemFetched'
2023-06-29 15:32:33.810 [DEBUG] [thread-id 1] - Store in: store the value 'SUCCESS' in the variable 'itemStatus'
2023-06-29 15:32:34.469 [WARN] [thread-id 1] - variable healthCheck was used, but r2 could not find a value for this variable. returning default of null
2023-06-29 15:32:35.124 [DEBUG] [thread-id 1] - conditionally execute a flow. condition: true
2023-06-29 15:32:35.808 [DEBUG] [thread-id 1] - Execute Node: 'us/test/helpers/splitNumberString.js'
2023-06-29 15:32:36.782 [DEBUG] [thread-id 1] - 596634660
2023-06-29 15:32:37.421 [WARN] [thread-id 1] - variable skipForNext was used, but r2 could not find a value for this variable. returning default of null
2023-06-29 15:32:38.061 [WARN] [thread-id 1] - variable excludeFetchedItem was used, but r2 could not find a value for this variable. returning default of null
2023-06-29 15:32:38.061 [DEBUG] [thread-id 1] - conditionally execute a flow. condition: false
2023-06-29 15:32:38.691 [DEBUG] [thread-id 1] - Executing function: 'us.functions.utils.itemHealthCheck'
2023-06-29 15:32:38.693 [DEBUG] [thread-id 1] - Checking item eligibility before proceeding
2023-06-29 15:32:38.694 [DEBUG] [thread-id 1] - Store in: store the value 'false' in the variable 'itemEligiblity'
2023-06-29 15:32:38.695 [DEBUG] [thread-id 1] - Store in: store the value 'false' in the variable 'ignoreItem'
2023-06-29 15:32:38.696 [DEBUG] [thread-id 1] - loop: over '["859271090","158353031", "945213102", "981898706", "980623310", "858406964", "131979272","591794662","113749870","466215216","751343660","826631822","443922107","458934184","10801611","1577285523","1827541330","178236317","1180510267"]'
2023-06-29 15:32:50.895 [DEBUG] [thread-id 1] - conditionally execute a flow. condition: false
2023-06-29 15:32:51.552 [DEBUG] [thread-id 1] - conditionally execute a flow. condition: true
2023-06-29 15:32:52.842 [DEBUG] [thread-id 1] - Call API: 'http://astro.walmart.com/api/v2/teflon/itemHealthCheck?shippingNode=32144&orderType=STORE_SCHEDULED_DELIVERY&itemId=596634660'
2023-06-29 15:32:58.018 [DEBUG] [thread-id 1] - Response code is: '200'. Response body is: '{"status":"OK","offerId":"CBD243749BF84A88AB61918A88721D1E","eligibility":{"orderType":"STORE_SCHEDULED_DELIVERY","shipNode":"32144","isEligible":true}}'
2023-06-29 15:32:58.758 [DEBUG] [thread-id 1] - conditionally execute a flow. condition: true
2023-06-29 15:33:00.166 [DEBUG] [thread-id 1] - Stock available Item Id 596634660 for type STORE_SCHEDULED_DELIVERY
2023-06-29 15:33:00.819 [WARN] [thread-id 1] - variable fetchedItemDataDetails was used, but r2 could not find a value for this variable. returning default of null
2023-06-29 15:33:00.820 [DEBUG] [thread-id 1] - Execute Node: 'us/test/helpers/jsonParser.js'
2023-06-29 15:33:01.670 [DEBUG] [thread-id 1] - Store in: store the value 'false' in the variable 'skipForNext'
2023-06-29 15:33:02.309 [DEBUG] [thread-id 1] - Store in: store the value 'false' in the variable 'excludeFetchedItem'
2023-06-29 15:33:02.321 [DEBUG] [thread-id 1] - Store in: store the value 'null' in the variable 'storeId'
2023-06-29 15:33:02.322 [DEBUG] [thread-id 1] - Store in: store the value 'null' in the variable 'itemStatusHeader'
2023-06-29 15:33:02.323 [DEBUG] [thread-id 1] - Store in: store the value 'false' in the variable 'healthCheck'
2023-06-29 15:33:02.324 [DEBUG] [thread-id 1] - Store in: store the value 'null' in the variable 'version'
2023-06-29 15:33:02.324 [DEBUG] [thread-id 1] - Store in: store the value 'null' in the variable 'itemFilter'
2023-06-29 15:33:02.325 [DEBUG] [thread-id 1] - Store in: store the value 'false' in the variable 'noSubSet'
2023-06-29 15:33:02.339 [DEBUG] [thread-id 1] - Store in: store the value 'null' in the variable 'backupItem'
2023-06-29 15:33:02.340 [DEBUG] [thread-id 1] - Store in: store the value 'null' in the variable 'source'
2023-06-29 15:33:02.340 [DEBUG] [thread-id 1] - Store in: store the value 'walmart://item/596634660' in the variable 'deeplinkURl'
2023-06-29 15:33:02.340 [DEBUG] [thread-id 1] - Item:596634660
2023-06-29 15:33:02.341 [DEBUG] [thread-id 1] - deeplinkURL:walmart://item/596634660
2023-06-29 15:33:02.341 [DEBUG] [thread-id 1] - Executing function: 'us.functions.global.navigation.goToDeepLink'
2023-06-29 15:33:02.341 [DEBUG] [thread-id 1] - Verify value of: '$deepLinkUrl'
2023-06-29 15:33:02.342 [DEBUG] [thread-id 1] - Open link: 'walmart://item/596634660'
2023-06-29 15:33:08.237 [DEBUG] [thread-id 1] - Executing function: 'us.functions.global.navigation.openDeepLink'
2023-06-29 15:33:09.900 [DEBUG] [thread-id 1] - Verify identifier: {Open in “Walmart”?=[true]}
2023-06-29 15:33:11.538 [DEBUG] [thread-id 1] - Click element: 'Open'
2023-06-29 15:33:12.183 [DEBUG] [thread-id 1] - Executing function: 'us.functions.item.addItemToCart'
2023-06-29 15:33:21.237 [DEBUG] [thread-id 1] - Verify identifier: {stepper.mainButton=[true]}
2023-06-29 15:33:22.916 [DEBUG] [thread-id 1] - Click element: 'stepper.mainButton'
2023-06-29 15:33:23.542 [WARN] [thread-id 1] - variable qty was used, but r2 could not find a value for this variable. returning default of null
2023-06-29 15:33:23.543 [WARN] [thread-id 1] - variable qty was used, but r2 could not find a value for this variable. returning default of null
2023-06-29 15:33:24.600 [DEBUG] [thread-id 1] - Verify identifier: {//XCUIElementTypeStaticText[@name="1 added"]| //XCUIElementTypeOther[@name="add-to-cart-button"] | //XCUIElementTypeStaticText[@label="null"] | Max 1=[true]}
2023-06-29 15:33:24.602 [DEBUG] [thread-id 1] - Executing function: 'us.functions.item.postAddToCartSteps'
2023-06-29 15:33:46.707 [DEBUG] [thread-id 1] - No ACC pop up screen displayed
2023-06-29 15:34:08.254 [DEBUG] [thread-id 1] - No PAC overlay pop up screen displayed
2023-06-29 15:34:10.769 [DEBUG] [thread-id 1] - Click element: '//XCUIElementTypeButton[@name="Close"] | //XCUIElementTypeButton[@label="Close"]'
2023-06-29 15:34:11.234 [DEBUG] [thread-id 1] - Executing function: 'us.functions.item.closeItemPage'
2023-06-29 15:34:31.903 [DEBUG] [thread-id 1] - PAC not found
2023-06-29 15:34:52.883 [DEBUG] [thread-id 1] - Item page closed
2023-06-29 15:34:53.512 [WARN] [thread-id 1] - break reached without loop, this may be an error in your flow.
2023-06-29 15:34:54.142 [DEBUG] [thread-id 1] - Verify identifier: {Your cart is empty=[true]}
2023-06-29 15:34:54.143 [DEBUG] [thread-id 1] - Store in: store the value 'false' in the variable 'skipPostAddToCartSteps'
2023-06-29 15:34:54.143 [DEBUG] [thread-id 1] - Store in: store the value 'false' in the variable 'apiFetch'
2023-06-29 15:34:54.144 [DEBUG] [thread-id 1] - Executing function: 'us.functions.gic.changeFulfillment'
2023-06-29 15:34:54.146 [DEBUG] [thread-id 1] - Executing function: 'us.functions.gic.expandIfCollapsed'
2023-06-29 15:34:55.071 [DEBUG] [thread-id 1] - Verify identifier: {//*[contains(@label,"Collapsed")]=[true]}
2023-06-29 15:34:56.019 [DEBUG] [thread-id 1] - Click element: '//*[contains(@label,"Collapsed")]'
2023-06-29 15:34:56.300 [DEBUG] [thread-id 1] - Executing function: 'us.functions.gic.setFulfillment'
2023-06-29 15:34:57.787 [DEBUG] [thread-id 1] - Click element: 'GlobalIntentCenter.Shipping'
2023-06-29 15:34:59.237 [DEBUG] [thread-id 1] - Shipping intent selected
2023-06-29 15:34:59.244 [DEBUG] [thread-id 1] - sleep:  3000 milliseconds
2023-06-29 15:35:02.247 [DEBUG] [thread-id 1] - Executing function: 'us.functions.gic.collapseIfExpanded'
2023-06-29 15:35:03.646 [DEBUG] [thread-id 1] - Verify identifier: {//*[contains(@label,"Expanded")]=[true]}
2023-06-29 15:35:04.544 [DEBUG] [thread-id 1] - Collapsing GIC screen
2023-06-29 15:35:05.874 [DEBUG] [thread-id 1] - Click element: '//*[contains(@label,"Expanded")]'
2023-06-29 15:35:06.247 [DEBUG] [thread-id 1] - Executing function: 'us.functions.utils.getSearchableItem'
2023-06-29 15:35:06.253 [DEBUG] [thread-id 1] - Store in: store the value 'null' in the variable 'itemFetched'
2023-06-29 15:35:06.253 [DEBUG] [thread-id 1] - Store in: store the value 'null' in the variable 'deeplinkURL'
2023-06-29 15:35:06.253 [DEBUG] [thread-id 1] - Store in: store the value 'true' in the variable 'apiFetch'
2023-06-29 15:35:06.258 [DEBUG] [thread-id 1] - conditionally execute a flow. condition: false
2023-06-29 15:35:06.915 [DEBUG] [thread-id 1] - Item fetched by Astro API
2023-06-29 15:35:07.569 [DEBUG] [thread-id 1] - Fetching Item available in stock using Astro API for Item type FC_DELIVERY
2023-06-29 15:35:07.570 [DEBUG] [thread-id 1] - conditionally execute a flow. condition: true
2023-06-29 15:35:08.199 [DEBUG] [thread-id 1] - Store in: store the value '32144' in the variable 'storeId'
2023-06-29 15:35:08.205 [WARN] [thread-id 1] - variable nextGen was used, but r2 could not find a value for this variable. returning default of null
2023-06-29 15:35:08.207 [DEBUG] [thread-id 1] - conditionally execute a flow. condition: true
2023-06-29 15:35:08.842 [DEBUG] [thread-id 1] - Store in: store the value 'nextgen' in the variable 'version'
2023-06-29 15:35:08.854 [DEBUG] [thread-id 1] - conditionally execute a flow. condition: true
2023-06-29 15:35:09.487 [DEBUG] [thread-id 1] - Store in: store the value 'SUCCESS' in the variable 'itemStatusHeader'
2023-06-29 15:35:09.517 [DEBUG] [thread-id 1] - conditionally execute a flow. condition: false
2023-06-29 15:35:10.141 [DEBUG] [thread-id 1] - Store in: store the value 'http://astro.walmart.com/api/v3/teflon/internal/getItemHealth/32144/FC_DELIVERY' in the variable 'fetchURL'
2023-06-29 15:35:10.148 [DEBUG] [thread-id 1] - Store in: store the value 'null' in the variable 'itemDetails'
2023-06-29 15:35:10.781 [DEBUG] [thread-id 1] - conditionally execute a flow. condition: true
2023-06-29 15:35:11.410 [DEBUG] [thread-id 1] - NextGen API
2023-06-29 15:35:12.041 [DEBUG] [thread-id 1] - Call API: 'http://astro.walmart.com/api/v3/teflon/internal/getItemHealth/32144/FC_DELIVERY'
2023-06-29 15:35:17.488 [DEBUG] [thread-id 1] - Response code is: '200'. Response body is: '{"astroStatus":"SUCCESS","astroDescription":"Item Health details found in itemHealth Collection","astroDetails":[{"itemId":"443922107","astroStatus":"SUCCESS","astroDescription":"FC_DELIVERY (443922107), ORDER CREATED","orderType":"FC_DELIVERY","storeId":"32144","orderNumber":null,"eligiblePaths":["subsallowed"],"inEligiblePaths":[],"offerId":"5839282B02F0454CAB41F1313484737C","_id":"6352f4afba71e839c00ea04f","__v":0,"createdAt":"2022-10-21T19:36:15.305Z","updatedAt":"2023-06-29T22:32:07.469Z","price":{"currencyAmount":21.49,"currencyUnit":"USD","unit":"EA"}},{"itemId":"1180510267","astroStatus":"SUCCESS","astroDescription":"FC_DELIVERY (1180510267), ORDER CREATED","orderType":"FC_DELIVERY","storeId":"32144","orderNumber":null,"eligiblePaths":[],"inEligiblePaths":[],"offerId":"67E7713124C44B97B43C18A012B8D24D","_id":"6352f4afd30e002434082bd2","__v":0,"createdAt":"2022-10-21T19:36:15.671Z","updatedAt":"2023-06-29T22:32:07.503Z","price":{"currencyAmount":7.99,"currencyUnit":"USD","unit":"EA"}},{"itemId":"171651135","astroStatus":"SUCCESS","astroDescription":"FC_DELIVERY (171651135), ORDER CREATED","orderType":"FC_DELIVERY","storeId":"32144","orderNumber":null,"eligiblePaths":[],"inEligiblePaths":[],"offerId":"D2C8C88754D640C9AA1E7CF50D5225D7","_id":"6352f4b0d30e002434082bd3","__v":0,"createdAt":"2022-10-21T19:36:16.043Z","updatedAt":"2023-06-29T22:32:06.493Z","price":{"currencyAmount":1.89,"currencyUnit":"USD","unit":"EA"}},{"itemId":"291089218","astroStatus":"SUCCESS","astroDescription":"FC_DELIVERY (291089218), ORDER CREATED","orderType":"FC_DELIVERY","storeId":"32144","orderNumber":null,"eligiblePaths":["subsallowed"],"inEligiblePaths":[],"offerId":"83C5BA85CAE045EAA614ABB4B63FA4A4","_id":"6352f4b01578f257acaa40e4","__v":0,"createdAt":"2022-10-21T19:36:16.186Z","updatedAt":"2023-06-29T22:32:06.002Z","price":{"currencyAmount":3.99,"currencyUnit":"USD","unit":"EA"}},{"itemId":"832701813","astroStatus":"SUCCESS","astroDescription":"FC_DELIVERY (832701813), ORDER CREATED","orderType":"FC_DELIVERY","storeId":"32144","orderNumber":null,"eligiblePaths":[],"inEligiblePaths":[],"offerId":"7EE15210F990430B87B9E581EF0EE853","_id":"6352f4b01578f257acaa40e5","__v":0,"createdAt":"2022-10-21T19:36:16.338Z","updatedAt":"2023-06-29T22:32:06.411Z","price":{"currencyAmount":4.98,"currencyUnit":"USD","unit":"EA"}},{"itemId":"905642438","astroStatus":"SUCCESS","astroDescription":"FC_DELIVERY (905642438), ORDER CREATED","orderType":"FC_DELIVERY","storeId":"32144","orderNumber":null,"eligiblePaths":[],"inEligiblePaths":[],"offerId":"8528992FFA354419BEA42DD8070B701B","_id":"6352f4b0ba71e839c00ea056","__v":0,"createdAt":"2022-10-21T19:36:16.453Z","updatedAt":"2023-06-29T22:32:07.544Z","price":{"currencyAmount":21,"currencyUnit":"USD","unit":"EA"}},{"itemId":"199458814","astroStatus":"SUCCESS","astroDescription":"FC_DELIVERY (199458814), ORDER CREATED","orderType":"FC_DELIVERY","storeId":"32144","orderNumber":null,"eligiblePaths":["rewards","nonconfig"],"inEligiblePaths":[],"offerId":"A9AD771841C5436B930F25442551F604","_id":"6352f4b0d30e002434082bd5","__v":0,"createdAt":"2022-10-21T19:36:16.754Z","updatedAt":"2023-06-29T22:32:07.591Z","price":{"currencyAmount":0}},{"itemId":"1827541330","astroStatus":"SUCCESS","astroDescription":"FC_DELIVERY (1827541330), ORDER CREATED","orderType":"FC_DELIVERY","storeId":"32144","orderNumber":null,"eligiblePaths":["buynow"],"inEligiblePaths":[],"offerId":"D1A5E2FDF8B145E08158671D5C6EA9B2","_id":"6352f4b0d30e002434082bd6","__v":0,"createdAt":"2022-10-21T19:36:16.875Z","updatedAt":"2023-06-29T22:32:05.962Z","price":{"currencyAmount":63.27,"currencyUnit":"USD","unit":"EA"}}]}'
2023-06-29 15:35:18.265 [DEBUG] [thread-id 1] - conditionally execute a flow. condition: false
2023-06-29 15:35:18.910 [DEBUG] [thread-id 1] - SUCCESSFUL item fetched from astro API.
2023-06-29 15:35:19.586 [DEBUG] [thread-id 1] - loop: over '[{"itemId":"443922107","astroStatus":"SUCCESS","astroDescription":"FC_DELIVERY (443922107), ORDER CREATED","orderType":"FC_DELIVERY","storeId":"32144","orderNumber":null,"eligiblePaths":["subsallowed"],"inEligiblePaths":[],"offerId":"5839282B02F0454CAB41F1313484737C","_id":"6352f4afba71e839c00ea04f","__v":0,"createdAt":"2022-10-21T19:36:15.305Z","updatedAt":"2023-06-29T22:32:07.469Z","price":{"currencyAmount":21.49,"currencyUnit":"USD","unit":"EA"}},{"itemId":"1180510267","astroStatus":"SUCCESS","astroDescription":"FC_DELIVERY (1180510267), ORDER CREATED","orderType":"FC_DELIVERY","storeId":"32144","orderNumber":null,"eligiblePaths":[],"inEligiblePaths":[],"offerId":"67E7713124C44B97B43C18A012B8D24D","_id":"6352f4afd30e002434082bd2","__v":0,"createdAt":"2022-10-21T19:36:15.671Z","updatedAt":"2023-06-29T22:32:07.503Z","price":{"currencyAmount":7.99,"currencyUnit":"USD","unit":"EA"}},{"itemId":"171651135","astroStatus":"SUCCESS","astroDescription":"FC_DELIVERY (171651135), ORDER CREATED","orderType":"FC_DELIVERY","storeId":"32144","orderNumber":null,"eligiblePaths":[],"inEligiblePaths":[],"offerId":"D2C8C88754D640C9AA1E7CF50D5225D7","_id":"6352f4b0d30e002434082bd3","__v":0,"createdAt":"2022-10-21T19:36:16.043Z","updatedAt":"2023-06-29T22:32:06.493Z","price":{"currencyAmount":1.89,"currencyUnit":"USD","unit":"EA"}},{"itemId":"291089218","astroStatus":"SUCCESS","astroDescription":"FC_DELIVERY (291089218), ORDER CREATED","orderType":"FC_DELIVERY","storeId":"32144","orderNumber":null,"eligiblePaths":["subsallowed"],"inEligiblePaths":[],"offerId":"83C5BA85CAE045EAA614ABB4B63FA4A4","_id":"6352f4b01578f257acaa40e4","__v":0,"createdAt":"2022-10-21T19:36:16.186Z","updatedAt":"2023-06-29T22:32:06.002Z","price":{"currencyAmount":3.99,"currencyUnit":"USD","unit":"EA"}},{"itemId":"832701813","astroStatus":"SUCCESS","astroDescription":"FC_DELIVERY (832701813), ORDER CREATED","orderType":"FC_DELIVERY","storeId":"32144","orderNumber":null,"eligiblePaths":[],"inEligiblePaths":[],"offerId":"7EE15210F990430B87B9E581EF0EE853","_id":"6352f4b01578f257acaa40e5","__v":0,"createdAt":"2022-10-21T19:36:16.338Z","updatedAt":"2023-06-29T22:32:06.411Z","price":{"currencyAmount":4.98,"currencyUnit":"USD","unit":"EA"}},{"itemId":"905642438","astroStatus":"SUCCESS","astroDescription":"FC_DELIVERY (905642438), ORDER CREATED","orderType":"FC_DELIVERY","storeId":"32144","orderNumber":null,"eligiblePaths":[],"inEligiblePaths":[],"offerId":"8528992FFA354419BEA42DD8070B701B","_id":"6352f4b0ba71e839c00ea056","__v":0,"createdAt":"2022-10-21T19:36:16.453Z","updatedAt":"2023-06-29T22:32:07.544Z","price":{"currencyAmount":21,"currencyUnit":"USD","unit":"EA"}},{"itemId":"199458814","astroStatus":"SUCCESS","astroDescription":"FC_DELIVERY (199458814), ORDER CREATED","orderType":"FC_DELIVERY","storeId":"32144","orderNumber":null,"eligiblePaths":["rewards","nonconfig"],"inEligiblePaths":[],"offerId":"A9AD771841C5436B930F25442551F604","_id":"6352f4b0d30e002434082bd5","__v":0,"createdAt":"2022-10-21T19:36:16.754Z","updatedAt":"2023-06-29T22:32:07.591Z","price":{"currencyAmount":0}},{"itemId":"1827541330","astroStatus":"SUCCESS","astroDescription":"FC_DELIVERY (1827541330), ORDER CREATED","orderType":"FC_DELIVERY","storeId":"32144","orderNumber":null,"eligiblePaths":["buynow"],"inEligiblePaths":[],"offerId":"D1A5E2FDF8B145E08158671D5C6EA9B2","_id":"6352f4b0d30e002434082bd6","__v":0,"createdAt":"2022-10-21T19:36:16.875Z","updatedAt":"2023-06-29T22:32:05.962Z","price":{"currencyAmount":63.27,"currencyUnit":"USD","unit":"EA"}}]'
2023-06-29 15:35:20.233 [DEBUG] [thread-id 1] - Store in: store the value 'null' in the variable 'itemDetails'
2023-06-29 15:35:20.873 [DEBUG] [thread-id 1] - {"itemId":"443922107","astroStatus":"SUCCESS","astroDescription":"FC_DELIVERY (443922107), ORDER CREATED","orderType":"FC_DELIVERY","storeId":"32144","orderNumber":null,"eligiblePaths":["subsallowed"],"inEligiblePaths":[],"offerId":"5839282B02F0454CAB41F1313484737C","_id":"6352f4afba71e839c00ea04f","__v":0,"createdAt":"2022-10-21T19:36:15.305Z","updatedAt":"2023-06-29T22:32:07.469Z","price":{"currencyAmount":21.49,"currencyUnit":"USD","unit":"EA"}}
2023-06-29 15:35:21.524 [DEBUG] [thread-id 1] - Store in: store the value '443922107' in the variable 'itemFetched'
2023-06-29 15:35:22.157 [DEBUG] [thread-id 1] - Store in: store the value 'SUCCESS' in the variable 'itemStatus'
2023-06-29 15:35:23.452 [DEBUG] [thread-id 1] - conditionally execute a flow. condition: true
2023-06-29 15:35:24.079 [DEBUG] [thread-id 1] - Execute Node: 'us/test/helpers/splitNumberString.js'
2023-06-29 15:35:24.916 [DEBUG] [thread-id 1] - 443922107
2023-06-29 15:35:26.201 [DEBUG] [thread-id 1] - conditionally execute a flow. condition: false
2023-06-29 15:35:26.838 [DEBUG] [thread-id 1] - Checking item eligibility before proceeding
2023-06-29 15:35:26.838 [DEBUG] [thread-id 1] - Store in: store the value 'false' in the variable 'itemEligiblity'
2023-06-29 15:35:26.838 [DEBUG] [thread-id 1] - Store in: store the value 'false' in the variable 'ignoreItem'
2023-06-29 15:35:26.839 [DEBUG] [thread-id 1] - loop: over '["859271090","158353031", "945213102", "981898706", "980623310", "858406964", "131979272","591794662","113749870","466215216","751343660","826631822","443922107","458934184","10801611","1577285523","1827541330","178236317","1180510267"]'
2023-06-29 15:35:35.333 [DEBUG] [thread-id 1] - conditionally execute a flow. condition: true
2023-06-29 15:35:35.972 [DEBUG] [thread-id 1] - Store in: store the value 'true' in the variable 'ignoreItem'
2023-06-29 15:35:36.636 [DEBUG] [thread-id 1] - conditionally execute a flow. condition: true
2023-06-29 15:35:37.267 [DEBUG] [thread-id 1] - Trying for other item as this is in excluded list of item ids
2023-06-29 15:35:38.635 [DEBUG] [thread-id 1] - Store in: store the value 'null' in the variable 'itemDetails'
2023-06-29 15:35:39.352 [DEBUG] [thread-id 1] - {"itemId":"1180510267","astroStatus":"SUCCESS","astroDescription":"FC_DELIVERY (1180510267), ORDER CREATED","orderType":"FC_DELIVERY","storeId":"32144","orderNumber":null,"eligiblePaths":[],"inEligiblePaths":[],"offerId":"67E7713124C44B97B43C18A012B8D24D","_id":"6352f4afd30e002434082bd2","__v":0,"createdAt":"2022-10-21T19:36:15.671Z","updatedAt":"2023-06-29T22:32:07.503Z","price":{"currencyAmount":7.99,"currencyUnit":"USD","unit":"EA"}}
2023-06-29 15:35:40.016 [DEBUG] [thread-id 1] - Store in: store the value '1180510267' in the variable 'itemFetched'
2023-06-29 15:35:40.683 [DEBUG] [thread-id 1] - Store in: store the value 'SUCCESS' in the variable 'itemStatus'
2023-06-29 15:35:42.018 [DEBUG] [thread-id 1] - conditionally execute a flow. condition: true
2023-06-29 15:35:42.668 [DEBUG] [thread-id 1] - Execute Node: 'us/test/helpers/splitNumberString.js'
2023-06-29 15:35:43.510 [DEBUG] [thread-id 1] - 1180510267
2023-06-29 15:35:44.817 [DEBUG] [thread-id 1] - conditionally execute a flow. condition: false
2023-06-29 15:35:45.459 [DEBUG] [thread-id 1] - Checking item eligibility before proceeding
2023-06-29 15:35:45.459 [DEBUG] [thread-id 1] - Store in: store the value 'false' in the variable 'itemEligiblity'
2023-06-29 15:35:45.459 [DEBUG] [thread-id 1] - Store in: store the value 'false' in the variable 'ignoreItem'
2023-06-29 15:35:45.460 [DEBUG] [thread-id 1] - loop: over '["859271090","158353031", "945213102", "981898706", "980623310", "858406964", "131979272","591794662","113749870","466215216","751343660","826631822","443922107","458934184","10801611","1577285523","1827541330","178236317","1180510267"]'
2023-06-29 15:35:58.129 [DEBUG] [thread-id 1] - conditionally execute a flow. condition: true
2023-06-29 15:35:58.804 [DEBUG] [thread-id 1] - Store in: store the value 'true' in the variable 'ignoreItem'
2023-06-29 15:35:59.541 [DEBUG] [thread-id 1] - conditionally execute a flow. condition: true
2023-06-29 15:36:00.188 [DEBUG] [thread-id 1] - Trying for other item as this is in excluded list of item ids
2023-06-29 15:36:01.543 [DEBUG] [thread-id 1] - Store in: store the value 'null' in the variable 'itemDetails'
2023-06-29 15:36:02.243 [DEBUG] [thread-id 1] - {"itemId":"171651135","astroStatus":"SUCCESS","astroDescription":"FC_DELIVERY (171651135), ORDER CREATED","orderType":"FC_DELIVERY","storeId":"32144","orderNumber":null,"eligiblePaths":[],"inEligiblePaths":[],"offerId":"D2C8C88754D640C9AA1E7CF50D5225D7","_id":"6352f4b0d30e002434082bd3","__v":0,"createdAt":"2022-10-21T19:36:16.043Z","updatedAt":"2023-06-29T22:32:06.493Z","price":{"currencyAmount":1.89,"currencyUnit":"USD","unit":"EA"}}
2023-06-29 15:36:02.934 [DEBUG] [thread-id 1] - Store in: store the value '171651135' in the variable 'itemFetched'
2023-06-29 15:36:03.608 [DEBUG] [thread-id 1] - Store in: store the value 'SUCCESS' in the variable 'itemStatus'
2023-06-29 15:36:04.932 [DEBUG] [thread-id 1] - conditionally execute a flow. condition: true
2023-06-29 15:36:05.576 [DEBUG] [thread-id 1] - Execute Node: 'us/test/helpers/splitNumberString.js'
2023-06-29 15:36:06.434 [DEBUG] [thread-id 1] - 171651135
2023-06-29 15:36:07.706 [DEBUG] [thread-id 1] - conditionally execute a flow. condition: false
2023-06-29 15:36:08.354 [DEBUG] [thread-id 1] - Checking item eligibility before proceeding
2023-06-29 15:36:08.354 [DEBUG] [thread-id 1] - Store in: store the value 'false' in the variable 'itemEligiblity'
2023-06-29 15:36:08.354 [DEBUG] [thread-id 1] - Store in: store the value 'false' in the variable 'ignoreItem'
2023-06-29 15:36:08.354 [DEBUG] [thread-id 1] - loop: over '["859271090","158353031", "945213102", "981898706", "980623310", "858406964", "131979272","591794662","113749870","466215216","751343660","826631822","443922107","458934184","10801611","1577285523","1827541330","178236317","1180510267"]'
2023-06-29 15:36:20.735 [DEBUG] [thread-id 1] - conditionally execute a flow. condition: false
2023-06-29 15:36:21.370 [DEBUG] [thread-id 1] - conditionally execute a flow. condition: true
2023-06-29 15:36:22.659 [DEBUG] [thread-id 1] - Call API: 'http://astro.walmart.com/api/v2/teflon/itemHealthCheck?shippingNode=32144&orderType=FC_DELIVERY&itemId=171651135'
2023-06-29 15:36:27.972 [DEBUG] [thread-id 1] - Response code is: '200'. Response body is: '{"status":"OK","offerId":"D2C8C88754D640C9AA1E7CF50D5225D7","eligibility":{"orderType":"FC_DELIVERY","shipNode":"32144","preferredDeliveryRoute":{"nodeType":"FC","shipNode":"8511","carrierType":"GROUND","xmlCarrierMethodCode":"4000"},"isEligible":true}}'
2023-06-29 15:36:28.695 [DEBUG] [thread-id 1] - conditionally execute a flow. condition: true
2023-06-29 15:36:29.979 [DEBUG] [thread-id 1] - Stock available Item Id 171651135 for type FC_DELIVERY
2023-06-29 15:36:30.622 [DEBUG] [thread-id 1] - Execute Node: 'us/test/helpers/jsonParser.js'
2023-06-29 15:36:31.349 [DEBUG] [thread-id 1] - Store in: store the value 'false' in the variable 'skipForNext'
2023-06-29 15:36:31.979 [DEBUG] [thread-id 1] - Store in: store the value 'false' in the variable 'excludeFetchedItem'
2023-06-29 15:36:31.986 [DEBUG] [thread-id 1] - Store in: store the value 'null' in the variable 'storeId'
2023-06-29 15:36:31.987 [DEBUG] [thread-id 1] - Store in: store the value 'null' in the variable 'itemStatusHeader'
2023-06-29 15:36:31.987 [DEBUG] [thread-id 1] - Store in: store the value 'false' in the variable 'healthCheck'
2023-06-29 15:36:31.987 [DEBUG] [thread-id 1] - Store in: store the value 'null' in the variable 'version'
2023-06-29 15:36:31.987 [DEBUG] [thread-id 1] - Store in: store the value 'null' in the variable 'itemFilter'
2023-06-29 15:36:31.987 [DEBUG] [thread-id 1] - Store in: store the value 'false' in the variable 'noSubSet'
2023-06-29 15:36:31.994 [DEBUG] [thread-id 1] - Store in: store the value 'null' in the variable 'backupItem'
2023-06-29 15:36:31.994 [DEBUG] [thread-id 1] - Store in: store the value 'null' in the variable 'source'
2023-06-29 15:36:31.999 [DEBUG] [thread-id 1] - Store in: store the value 'walmart://item/171651135' in the variable 'deeplinkURl'
2023-06-29 15:36:31.999 [DEBUG] [thread-id 1] - Item:171651135
2023-06-29 15:36:31.999 [DEBUG] [thread-id 1] - deeplinkURL:walmart://item/171651135
2023-06-29 15:36:32.000 [DEBUG] [thread-id 1] - Executing function: 'us.functions.global.navigation.goToDeepLink'
2023-06-29 15:36:32.000 [DEBUG] [thread-id 1] - Verify value of: '$deepLinkUrl'
2023-06-29 15:36:32.000 [DEBUG] [thread-id 1] - Open link: 'walmart://item/171651135'
2023-06-29 15:36:40.121 [DEBUG] [thread-id 1] - Deeplink pop up not displayed
2023-06-29 15:36:40.145 [DEBUG] [thread-id 1] - Executing function: 'us.functions.item.addItemToCart'
2023-06-29 15:36:41.730 [DEBUG] [thread-id 1] - Verify identifier: {stepper.mainButton=[true]}
2023-06-29 15:36:43.570 [DEBUG] [thread-id 1] - Click element: 'stepper.mainButton'
2023-06-29 15:36:44.251 [WARN] [thread-id 1] - variable qty was used, but r2 could not find a value for this variable. returning default of null
2023-06-29 15:36:44.254 [WARN] [thread-id 1] - variable qty was used, but r2 could not find a value for this variable. returning default of null
2023-06-29 15:36:45.276 [DEBUG] [thread-id 1] - Verify identifier: {//XCUIElementTypeStaticText[@name="1 added"]| //XCUIElementTypeOther[@name="add-to-cart-button"] | //XCUIElementTypeStaticText[@label="null"] | Max 1=[true]}
2023-06-29 15:37:07.144 [DEBUG] [thread-id 1] - No ACC pop up screen displayed
2023-06-29 15:37:30.773 [DEBUG] [thread-id 1] - No PAC overlay pop up screen displayed
2023-06-29 15:37:33.553 [DEBUG] [thread-id 1] - Click element: '//XCUIElementTypeButton[@name="Close"] | //XCUIElementTypeButton[@label="Close"]'
2023-06-29 15:37:55.467 [DEBUG] [thread-id 1] - PAC not found
2023-06-29 15:38:16.471 [DEBUG] [thread-id 1] - Item page closed
2023-06-29 15:38:17.136 [WARN] [thread-id 1] - break reached without loop, this may be an error in your flow.
2023-06-29 15:38:17.145 [DEBUG] [thread-id 1] - Verify identifier: {Your cart is empty=[true]}
2023-06-29 15:38:17.145 [DEBUG] [thread-id 1] - Store in: store the value 'false' in the variable 'skipPostAddToCartSteps'
2023-06-29 15:38:17.146 [DEBUG] [thread-id 1] - Store in: store the value 'false' in the variable 'apiFetch'
2023-06-29 15:38:17.147 [DEBUG] [thread-id 1] - Executing function: 'us.functions.utils.getSearchableItem'
2023-06-29 15:38:17.147 [DEBUG] [thread-id 1] - Store in: store the value 'null' in the variable 'itemFetched'
2023-06-29 15:38:17.147 [DEBUG] [thread-id 1] - Store in: store the value 'null' in the variable 'deeplinkURL'
2023-06-29 15:38:17.147 [DEBUG] [thread-id 1] - Store in: store the value 'true' in the variable 'apiFetch'
2023-06-29 15:38:17.148 [DEBUG] [thread-id 1] - conditionally execute a flow. condition: false
2023-06-29 15:38:17.793 [DEBUG] [thread-id 1] - Item fetched by Astro API
2023-06-29 15:38:18.489 [DEBUG] [thread-id 1] - Fetching Item available in stock using Astro API for Item type MP_DELIVERY
2023-06-29 15:38:18.490 [DEBUG] [thread-id 1] - conditionally execute a flow. condition: true
2023-06-29 15:38:19.137 [DEBUG] [thread-id 1] - Store in: store the value '32144' in the variable 'storeId'
2023-06-29 15:38:19.156 [WARN] [thread-id 1] - variable nextGen was used, but r2 could not find a value for this variable. returning default of null
2023-06-29 15:38:19.157 [DEBUG] [thread-id 1] - conditionally execute a flow. condition: true
2023-06-29 15:38:19.817 [DEBUG] [thread-id 1] - Store in: store the value 'nextgen' in the variable 'version'
2023-06-29 15:38:19.826 [DEBUG] [thread-id 1] - conditionally execute a flow. condition: true
2023-06-29 15:38:20.451 [DEBUG] [thread-id 1] - Store in: store the value 'SUCCESS' in the variable 'itemStatusHeader'
2023-06-29 15:38:20.461 [DEBUG] [thread-id 1] - conditionally execute a flow. condition: true
2023-06-29 15:38:21.098 [DEBUG] [thread-id 1] - conditionally execute a flow. condition: false
2023-06-29 15:38:21.739 [DEBUG] [thread-id 1] - conditionally execute a flow. condition: false
2023-06-29 15:38:22.376 [DEBUG] [thread-id 1] - conditionally execute a flow. condition: true
2023-06-29 15:38:23.033 [DEBUG] [thread-id 1] - Store in: store the value 'http://astro.walmart.com/api/v3/teflon/internal/getItemHealth/32144/MP_DELIVERY?itemType=wfs' in the variable 'fetchURL'
2023-06-29 15:38:23.702 [DEBUG] [thread-id 1] - Store in: store the value 'nextgen' in the variable 'version'
2023-06-29 15:38:23.727 [DEBUG] [thread-id 1] - Store in: store the value 'null' in the variable 'itemDetails'
2023-06-29 15:38:24.362 [DEBUG] [thread-id 1] - conditionally execute a flow. condition: true
2023-06-29 15:38:25.001 [DEBUG] [thread-id 1] - NextGen API
2023-06-29 15:38:25.662 [DEBUG] [thread-id 1] - Call API: 'http://astro.walmart.com/api/v3/teflon/internal/getItemHealth/32144/MP_DELIVERY?itemType=wfs'
2023-06-29 15:38:31.049 [DEBUG] [thread-id 1] - Response code is: '200'. Response body is: '{"astroStatus":"SUCCESS","astroDescription":"Item Health details found in itemHealth Collection","astroDetails":[{"itemId":"113749870","astroStatus":"SUCCESS","astroDescription":"MP_DELIVERY (113749870), ORDER CREATED","orderType":"MP_DELIVERY","storeId":"32144","orderNumber":null,"eligiblePaths":["wfs","buynow"],"inEligiblePaths":[],"offerId":"24BA083B10E94CB387805A616E6ADE1D","_id":"6352f4aaba71e839c00ea039","__v":0,"createdAt":"2022-10-21T19:36:10.528Z","updatedAt":"2023-06-29T22:37:18.503Z","price":{"currencyAmount":45,"currencyUnit":"USD","unit":"EA"}},{"itemId":"1948824194","astroStatus":"SUCCESS","astroDescription":"MP_DELIVERY (1948824194), ORDER CREATED","orderType":"MP_DELIVERY","storeId":"32144","orderNumber":null,"eligiblePaths":["b2b","wfs"],"inEligiblePaths":[],"offerId":"D2136A2CC5F54E4D849055A4E00E7FBC","_id":"63928a0c2110d417acbb5cbd","__v":0,"createdAt":"2022-12-09T01:06:20.241Z","updatedAt":"2023-06-29T22:37:14.354Z","price":{"currencyAmount":14,"currencyUnit":"USD","unit":"EA"}},{"itemId":"579008132","astroStatus":"SUCCESS","astroDescription":"MP_DELIVERY (579008132), ORDER CREATED","orderType":"MP_DELIVERY","storeId":"32144","orderNumber":null,"eligiblePaths":["shopify","wfs"],"inEligiblePaths":[],"offerId":"238F6E47CAEA4A0B9C7054EBC9600EEA","_id":"6413acbb430f4831e41398aa","__v":0,"createdAt":"2023-03-16T23:56:43.526Z","price":{"currencyAmount":2,"currencyUnit":"USD","unit":"EA"},"updatedAt":"2023-06-29T22:37:15.655Z"}]}'
2023-06-29 15:38:31.857 [DEBUG] [thread-id 1] - conditionally execute a flow. condition: false
2023-06-29 15:38:32.514 [DEBUG] [thread-id 1] - SUCCESSFUL item fetched from astro API.
2023-06-29 15:38:33.167 [DEBUG] [thread-id 1] - loop: over '[{"itemId":"113749870","astroStatus":"SUCCESS","astroDescription":"MP_DELIVERY (113749870), ORDER CREATED","orderType":"MP_DELIVERY","storeId":"32144","orderNumber":null,"eligiblePaths":["wfs","buynow"],"inEligiblePaths":[],"offerId":"24BA083B10E94CB387805A616E6ADE1D","_id":"6352f4aaba71e839c00ea039","__v":0,"createdAt":"2022-10-21T19:36:10.528Z","updatedAt":"2023-06-29T22:37:18.503Z","price":{"currencyAmount":45,"currencyUnit":"USD","unit":"EA"}},{"itemId":"1948824194","astroStatus":"SUCCESS","astroDescription":"MP_DELIVERY (1948824194), ORDER CREATED","orderType":"MP_DELIVERY","storeId":"32144","orderNumber":null,"eligiblePaths":["b2b","wfs"],"inEligiblePaths":[],"offerId":"D2136A2CC5F54E4D849055A4E00E7FBC","_id":"63928a0c2110d417acbb5cbd","__v":0,"createdAt":"2022-12-09T01:06:20.241Z","updatedAt":"2023-06-29T22:37:14.354Z","price":{"currencyAmount":14,"currencyUnit":"USD","unit":"EA"}},{"itemId":"579008132","astroStatus":"SUCCESS","astroDescription":"MP_DELIVERY (579008132), ORDER CREATED","orderType":"MP_DELIVERY","storeId":"32144","orderNumber":null,"eligiblePaths":["shopify","wfs"],"inEligiblePaths":[],"offerId":"238F6E47CAEA4A0B9C7054EBC9600EEA","_id":"6413acbb430f4831e41398aa","__v":0,"createdAt":"2023-03-16T23:56:43.526Z","price":{"currencyAmount":2,"currencyUnit":"USD","unit":"EA"},"updatedAt":"2023-06-29T22:37:15.655Z"}]'
2023-06-29 15:38:33.802 [DEBUG] [thread-id 1] - Store in: store the value 'null' in the variable 'itemDetails'
2023-06-29 15:38:34.458 [DEBUG] [thread-id 1] - {"itemId":"113749870","astroStatus":"SUCCESS","astroDescription":"MP_DELIVERY (113749870), ORDER CREATED","orderType":"MP_DELIVERY","storeId":"32144","orderNumber":null,"eligiblePaths":["wfs","buynow"],"inEligiblePaths":[],"offerId":"24BA083B10E94CB387805A616E6ADE1D","_id":"6352f4aaba71e839c00ea039","__v":0,"createdAt":"2022-10-21T19:36:10.528Z","updatedAt":"2023-06-29T22:37:18.503Z","price":{"currencyAmount":45,"currencyUnit":"USD","unit":"EA"}}
2023-06-29 15:38:35.102 [DEBUG] [thread-id 1] - Store in: store the value '113749870' in the variable 'itemFetched'
2023-06-29 15:38:35.738 [DEBUG] [thread-id 1] - Store in: store the value 'SUCCESS' in the variable 'itemStatus'
2023-06-29 15:38:37.070 [DEBUG] [thread-id 1] - conditionally execute a flow. condition: true
2023-06-29 15:38:37.712 [DEBUG] [thread-id 1] - Execute Node: 'us/test/helpers/splitNumberString.js'
2023-06-29 15:38:38.529 [DEBUG] [thread-id 1] - 113749870
2023-06-29 15:38:39.803 [DEBUG] [thread-id 1] - conditionally execute a flow. condition: false
2023-06-29 15:38:40.437 [DEBUG] [thread-id 1] - Checking item eligibility before proceeding
2023-06-29 15:38:40.437 [DEBUG] [thread-id 1] - Store in: store the value 'false' in the variable 'itemEligiblity'
2023-06-29 15:38:40.437 [DEBUG] [thread-id 1] - Store in: store the value 'false' in the variable 'ignoreItem'
2023-06-29 15:38:40.438 [DEBUG] [thread-id 1] - loop: over '["859271090","158353031", "945213102", "981898706", "980623310", "858406964", "131979272","591794662","113749870","466215216","751343660","826631822","443922107","458934184","10801611","1577285523","1827541330","178236317","1180510267"]'
2023-06-29 15:38:46.439 [DEBUG] [thread-id 1] - conditionally execute a flow. condition: true
2023-06-29 15:38:47.128 [DEBUG] [thread-id 1] - Store in: store the value 'true' in the variable 'ignoreItem'
2023-06-29 15:38:47.791 [DEBUG] [thread-id 1] - conditionally execute a flow. condition: true
2023-06-29 15:38:48.439 [DEBUG] [thread-id 1] - Trying for other item as this is in excluded list of item ids
2023-06-29 15:38:49.768 [DEBUG] [thread-id 1] - Store in: store the value 'null' in the variable 'itemDetails'
2023-06-29 15:38:50.438 [DEBUG] [thread-id 1] - {"itemId":"1948824194","astroStatus":"SUCCESS","astroDescription":"MP_DELIVERY (1948824194), ORDER CREATED","orderType":"MP_DELIVERY","storeId":"32144","orderNumber":null,"eligiblePaths":["b2b","wfs"],"inEligiblePaths":[],"offerId":"D2136A2CC5F54E4D849055A4E00E7FBC","_id":"63928a0c2110d417acbb5cbd","__v":0,"createdAt":"2022-12-09T01:06:20.241Z","updatedAt":"2023-06-29T22:37:14.354Z","price":{"currencyAmount":14,"currencyUnit":"USD","unit":"EA"}}
2023-06-29 15:38:51.096 [DEBUG] [thread-id 1] - Store in: store the value '1948824194' in the variable 'itemFetched'
2023-06-29 15:38:51.773 [DEBUG] [thread-id 1] - Store in: store the value 'SUCCESS' in the variable 'itemStatus'
2023-06-29 15:38:53.157 [DEBUG] [thread-id 1] - conditionally execute a flow. condition: true
2023-06-29 15:38:53.794 [DEBUG] [thread-id 1] - Execute Node: 'us/test/helpers/splitNumberString.js'
2023-06-29 15:38:54.643 [DEBUG] [thread-id 1] - 1948824194
2023-06-29 15:38:55.927 [DEBUG] [thread-id 1] - conditionally execute a flow. condition: false
2023-06-29 15:38:56.562 [DEBUG] [thread-id 1] - Checking item eligibility before proceeding
2023-06-29 15:38:56.563 [DEBUG] [thread-id 1] - Store in: store the value 'false' in the variable 'itemEligiblity'
2023-06-29 15:38:56.563 [DEBUG] [thread-id 1] - Store in: store the value 'false' in the variable 'ignoreItem'
2023-06-29 15:38:56.564 [DEBUG] [thread-id 1] - loop: over '["859271090","158353031", "945213102", "981898706", "980623310", "858406964", "131979272","591794662","113749870","466215216","751343660","826631822","443922107","458934184","10801611","1577285523","1827541330","178236317","1180510267"]'
2023-06-29 15:39:08.957 [DEBUG] [thread-id 1] - conditionally execute a flow. condition: false
2023-06-29 15:39:09.596 [DEBUG] [thread-id 1] - conditionally execute a flow. condition: false
2023-06-29 15:39:10.225 [DEBUG] [thread-id 1] - conditionally execute a flow. condition: false
2023-06-29 15:39:10.862 [DEBUG] [thread-id 1] - Skipping item eligibility check
2023-06-29 15:39:11.502 [DEBUG] [thread-id 1] - Store in: store the value 'true' in the variable 'itemEligiblity'
2023-06-29 15:39:12.154 [DEBUG] [thread-id 1] - conditionally execute a flow. condition: true
2023-06-29 15:39:13.542 [DEBUG] [thread-id 1] - Stock available Item Id 1948824194 for type MP_DELIVERY
2023-06-29 15:39:14.178 [DEBUG] [thread-id 1] - Execute Node: 'us/test/helpers/jsonParser.js'
2023-06-29 15:39:15.021 [DEBUG] [thread-id 1] - Store in: store the value 'false' in the variable 'skipForNext'
2023-06-29 15:39:15.658 [DEBUG] [thread-id 1] - Store in: store the value 'false' in the variable 'excludeFetchedItem'
2023-06-29 15:39:15.663 [DEBUG] [thread-id 1] - Store in: store the value 'null' in the variable 'storeId'
2023-06-29 15:39:15.664 [DEBUG] [thread-id 1] - Store in: store the value 'null' in the variable 'itemStatusHeader'
2023-06-29 15:39:15.670 [DEBUG] [thread-id 1] - Store in: store the value 'false' in the variable 'healthCheck'
2023-06-29 15:39:15.670 [DEBUG] [thread-id 1] - Store in: store the value 'null' in the variable 'version'
2023-06-29 15:39:15.670 [DEBUG] [thread-id 1] - Store in: store the value 'null' in the variable 'itemFilter'
2023-06-29 15:39:15.671 [DEBUG] [thread-id 1] - Store in: store the value 'false' in the variable 'noSubSet'
2023-06-29 15:39:15.681 [DEBUG] [thread-id 1] - Store in: store the value 'null' in the variable 'backupItem'
2023-06-29 15:39:15.682 [DEBUG] [thread-id 1] - Store in: store the value 'null' in the variable 'source'
2023-06-29 15:39:15.683 [DEBUG] [thread-id 1] - Store in: store the value 'walmart://item/1948824194' in the variable 'deeplinkURl'
2023-06-29 15:39:15.686 [DEBUG] [thread-id 1] - Item:1948824194
2023-06-29 15:39:15.687 [DEBUG] [thread-id 1] - deeplinkURL:walmart://item/1948824194
2023-06-29 15:39:15.687 [DEBUG] [thread-id 1] - Executing function: 'us.functions.global.navigation.goToDeepLink'
2023-06-29 15:39:15.688 [DEBUG] [thread-id 1] - Verify value of: '$deepLinkUrl'
2023-06-29 15:39:15.688 [DEBUG] [thread-id 1] - Open link: 'walmart://item/1948824194'
2023-06-29 15:39:22.934 [DEBUG] [thread-id 1] - Deeplink pop up not displayed
2023-06-29 15:39:22.950 [DEBUG] [thread-id 1] - Executing function: 'us.functions.item.addItemToCart'
2023-06-29 15:39:24.397 [DEBUG] [thread-id 1] - Verify identifier: {stepper.mainButton=[true]}
2023-06-29 15:39:26.120 [DEBUG] [thread-id 1] - Click element: 'stepper.mainButton'
2023-06-29 15:39:26.789 [WARN] [thread-id 1] - variable qty was used, but r2 could not find a value for this variable. returning default of null
2023-06-29 15:39:26.789 [WARN] [thread-id 1] - variable qty was used, but r2 could not find a value for this variable. returning default of null
2023-06-29 15:39:27.795 [DEBUG] [thread-id 1] - Verify identifier: {//XCUIElementTypeStaticText[@name="1 added"]| //XCUIElementTypeOther[@name="add-to-cart-button"] | //XCUIElementTypeStaticText[@label="null"] | Max 1=[true]}
2023-06-29 15:39:50.327 [DEBUG] [thread-id 1] - No ACC pop up screen displayed
2023-06-29 15:40:11.934 [DEBUG] [thread-id 1] - No PAC overlay pop up screen displayed
2023-06-29 15:40:14.454 [DEBUG] [thread-id 1] - Click element: '//XCUIElementTypeButton[@name="Close"] | //XCUIElementTypeButton[@label="Close"]'
2023-06-29 15:40:36.098 [DEBUG] [thread-id 1] - PAC not found
2023-06-29 15:40:56.984 [DEBUG] [thread-id 1] - Item page closed
2023-06-29 15:40:57.650 [WARN] [thread-id 1] - break reached without loop, this may be an error in your flow.
2023-06-29 15:40:57.657 [DEBUG] [thread-id 1] - Verify identifier: {Your cart is empty=[true]}
2023-06-29 15:40:57.657 [DEBUG] [thread-id 1] - Store in: store the value 'false' in the variable 'skipPostAddToCartSteps'
2023-06-29 15:40:57.657 [DEBUG] [thread-id 1] - Store in: store the value 'false' in the variable 'apiFetch'
2023-06-29 15:40:57.657 [DEBUG] [thread-id 1] - R2_SUBFLOW_TRANSACTION
2023-06-29 15:40:57.659 [DEBUG] [thread-id 1] - Executing function: 'us.functions.global.navigation.toCartFromNavBar'
2023-06-29 15:40:58.049 [DEBUG] [thread-id 1] - Verify identifier: {//XCUIElementTypeButton[contains(@label, "Your cart")] | //XCUIElementTypeButton[(@name="SearchResultsViewController.cartButton") or (contains(@label,"Your cart contains") and contains(@label,"The estimated total is")) or (@label="Your cart is empty")]=[true]}
2023-06-29 15:40:58.469 [DEBUG] [thread-id 1] - Click element: '//XCUIElementTypeButton[contains(@label, "Your cart")] | //XCUIElementTypeButton[(@name="SearchResultsViewController.cartButton") or (contains(@label,"Your cart contains") and contains(@label,"The estimated total is")) or (@label="Your cart is empty")]'
2023-06-29 15:41:04.899 [DEBUG] [thread-id 1] - Verify identifier: {CartDetailsViewController.headerCartLabel=[true]}
2023-06-29 15:41:04.913 [DEBUG] [thread-id 1] - Executing function: 'us.functions.cart.switchBetweenPickUpAndShipping'
2023-06-29 15:41:04.914 [DEBUG] [thread-id 1] - ----------Start of function to switch fulfillment type to pickup----------
2023-06-29 15:41:04.917 [DEBUG] [thread-id 1] - Executing function: 'us.functions.cart.scrollToTopOfCart'
2023-06-29 15:41:04.918 [DEBUG] [thread-id 1] - -------Scroll to top of cart page function start-------
2023-06-29 15:41:06.306 [DEBUG] [thread-id 1] - Verify identifier: {CartDetailsViewController.headerCartLabel=[true]}
2023-06-29 15:41:08.626 [DEBUG] [thread-id 1] - Executing function: 'us.functions.utils.scrollIfNotVisible'
2023-06-29 15:41:10.027 [DEBUG] [thread-id 1] - Verify identifier: {FulfillmentSummaryView.titlePrefixLabel=[true]}
2023-06-29 15:41:11.156 [DEBUG] [thread-id 1] - Element already visible, scrolling is skipped
2023-06-29 15:41:11.172 [DEBUG] [thread-id 1] - Resetting scrollPosition variable to default
2023-06-29 15:41:11.173 [DEBUG] [thread-id 1] - Store in: store the value 'null' in the variable 'scrollPosition'
2023-06-29 15:41:11.174 [DEBUG] [thread-id 1] - Store in: store the value 'null' in the variable 'identifierScope'
2023-06-29 15:41:11.182 [DEBUG] [thread-id 1] - -------Scroll to top of cart page function end-------
2023-06-29 15:41:12.345 [DEBUG] [thread-id 1] - conditionally execute a flow. condition: true
2023-06-29 15:41:13.477 [DEBUG] [thread-id 1] - Executing function: 'us.functions.utils.getFulfillmentTextsForIntentSelection'
2023-06-29 15:41:13.478 [DEBUG] [thread-id 1] - conditionally execute a flow. condition: false
2023-06-29 15:41:14.617 [DEBUG] [thread-id 1] - conditionally execute a flow. condition: true
2023-06-29 15:41:15.741 [DEBUG] [thread-id 1] - Store in: store the value 'pickup' in the variable 'fulfillmentType'
2023-06-29 15:41:16.890 [DEBUG] [thread-id 1] - Store in: store the value 'Pickup' in the variable 'altFulfillmentType'
2023-06-29 15:41:39.486 [DEBUG] [thread-id 1] - Item fulfillment type is either already in pickup or no option to switch to pickup hence skipping
2023-06-29 15:41:39.504 [DEBUG] [thread-id 1] - ----------End of function to switch fulfillment type to pickup----------
2023-06-29 15:41:39.506 [DEBUG] [thread-id 1] - Executing function: 'us.functions.cart.verifyCardDetails'
2023-06-29 15:41:39.508 [DEBUG] [thread-id 1] - Executing function: 'us.functions.utils.getFulfillmentTextsToCompare'
2023-06-29 15:41:39.510 [WARN] [thread-id 1] - variable altFulfillmentText was used, but r2 could not find a value for this variable. returning default of null
2023-06-29 15:41:39.511 [DEBUG] [thread-id 1] - conditionally execute a flow. condition: true
2023-06-29 15:41:40.667 [DEBUG] [thread-id 1] - conditionally execute a flow. condition: true
2023-06-29 15:41:41.820 [DEBUG] [thread-id 1] - Store in: store the value 'shipping' in the variable 'altFulfillmentText'
2023-06-29 15:41:41.916 [DEBUG] [thread-id 1] - -------Validate Shipping cart details function start-------
2023-06-29 15:41:41.917 [WARN] [thread-id 1] - variable initialCartDataSetup was used, but r2 could not find a value for this variable. returning default of null
2023-06-29 15:41:41.918 [DEBUG] [thread-id 1] - conditionally execute a flow. condition: true
2023-06-29 15:41:43.063 [DEBUG] [thread-id 1] - sleep:  5000 milliseconds
2023-06-29 15:41:49.233 [DEBUG] [thread-id 1] - conditionally execute a flow. condition: true
2023-06-29 15:41:50.385 [DEBUG] [thread-id 1] - Cart page displayed
2023-06-29 15:41:51.553 [WARN] [thread-id 1] - variable validationScope was used, but r2 could not find a value for this variable. returning default of null
2023-06-29 15:41:52.717 [DEBUG] [thread-id 1] - Store in: store the value 'complete' in the variable 'initialCartDataSetup'
2023-06-29 15:41:54.623 [DEBUG] [thread-id 1] - Verify identifier: {//XCUIElementTypeStaticText[@name="FulfillmentSummaryView.titlePrefixLabel" and (contains(@label,"Shipping") or contains(@label,"shipping"))]=[true]}
2023-06-29 15:41:54.630 [WARN] [thread-id 1] - variable validationScope was used, but r2 could not find a value for this variable. returning default of null
2023-06-29 15:41:54.630 [DEBUG] [thread-id 1] - conditionally execute a flow. condition: false
2023-06-29 15:41:55.775 [DEBUG] [thread-id 1] - Basic Shipping fulfillment section validation done
2023-06-29 15:41:55.784 [WARN] [thread-id 1] - variable unscheduled was used, but r2 could not find a value for this variable. returning default of null
2023-06-29 15:41:55.786 [WARN] [thread-id 1] - variable partialCheckout was used, but r2 could not find a value for this variable. returning default of null
2023-06-29 15:41:55.789 [DEBUG] [thread-id 1] - Store in: store the value 'null' in the variable 'altFulfillmentText'
2023-06-29 15:41:55.790 [DEBUG] [thread-id 1] - Store in: store the value 'null' in the variable 'validationScope'
2023-06-29 15:41:55.791 [DEBUG] [thread-id 1] - Store in: store the value 'false' in the variable 'unscheduled'
2023-06-29 15:41:55.791 [DEBUG] [thread-id 1] - Store in: store the value 'false' in the variable 'partialCheckout'
2023-06-29 15:41:55.792 [DEBUG] [thread-id 1] - -------Validate Shipping cart details function end-------
2023-06-29 15:41:55.793 [DEBUG] [thread-id 1] - Executing function: 'us.functions.cart.checkoutWithSlotBooking'
2023-06-29 15:42:05.930 [DEBUG] [thread-id 1] - conditionally execute a flow. condition: false
2023-06-29 15:42:07.034 [DEBUG] [thread-id 1] - Store in: store the value 'null' in the variable 'page'
2023-06-29 15:42:08.196 [DEBUG] [thread-id 1] - Executing function: 'us.functions.cart.continueToCheckoutOrNewOrder'
2023-06-29 15:42:08.197 [DEBUG] [thread-id 1] - conditionally execute a flow. condition: true
2023-06-29 15:42:09.526 [DEBUG] [thread-id 1] - Click element: 'Start a new order'
2023-06-29 15:42:10.099 [DEBUG] [thread-id 1] - Executing function: 'us.functions.reserveSlot.fcormpselectaddressandcontinue'
2023-06-29 15:42:21.130 [DEBUG] [thread-id 1] - Executing function: 'us.functions.cart.continueMissingAnythingScreen'
2023-06-29 15:42:26.658 [DEBUG] [thread-id 1] - Missing anything popup not displayed
2023-06-29 15:42:27.324 [DEBUG] [thread-id 1] - Executing function: 'us.functions.home.closeWPlusPromotionPopUpIfDisplayed'
2023-06-29 15:42:33.053 [DEBUG] [thread-id 1] - No Wplus pop up displayed
2023-06-29 15:42:33.725 [DEBUG] [thread-id 1] - Executing function: 'us.functions.selectBookingSlot'
2023-06-29 15:42:33.726 [WARN] [thread-id 1] - variable timeSlot was used, but r2 could not find a value for this variable. returning default of null
2023-06-29 15:42:33.728 [DEBUG] [thread-id 1] - conditionally execute a flow. condition: true
2023-06-29 15:42:34.379 [DEBUG] [thread-id 1] - Store in: store the value 'generic' in the variable 'timeSlot'
2023-06-29 15:42:34.387 [DEBUG] [thread-id 1] - Executing function: 'us.functions.loadBookingSlotScreenBasics'
2023-06-29 15:42:34.390 [DEBUG] [thread-id 1] - ------ Loading booking slot screen ------
2023-06-29 15:42:34.391 [DEBUG] [thread-id 1] - conditionally execute a flow. condition: false
2023-06-29 15:42:36.659 [DEBUG] [thread-id 1] - Slot page loaded
2023-06-29 15:42:36.668 [DEBUG] [thread-id 1] - ------ Loading delivery tab ------
2023-06-29 15:42:36.669 [DEBUG] [thread-id 1] - conditionally execute a flow. condition: false
2023-06-29 15:42:37.410 [DEBUG] [thread-id 1] - Click element: 'Delivery from store'
2023-06-29 15:42:37.778 [WARN] [thread-id 1] - variable skipSlotPage was used, but r2 could not find a value for this variable. returning default of null
2023-06-29 15:42:37.778 [DEBUG] [thread-id 1] - conditionally execute a flow. condition: false
2023-06-29 15:42:38.209 [DEBUG] [thread-id 1] - Executing function: 'us.functions.selectTimeSlotBasics'
2023-06-29 15:42:38.211 [DEBUG] [thread-id 1] - conditionally execute a flow. condition: true
2023-06-29 15:42:38.500 [DEBUG] [thread-id 1] - ------Selecting general time slot------
2023-06-29 15:42:40.968 [DEBUG] [thread-id 1] - Verify identifier: {(//XCUIElementTypeButton[@name="SlotHoursCell.slotHoursView"])[3]=[true]}
2023-06-29 15:42:42.127 [DEBUG] [thread-id 1] - Click element: '(//XCUIElementTypeButton[@name="SlotHoursCell.slotHoursView"])[3]'
2023-06-29 15:42:43.820 [DEBUG] [thread-id 1] - Verify identifier: {(//XCUIElementTypeButton[@name="SlotHoursCell.slotHoursView"])[3]=[true]}
2023-06-29 15:42:43.829 [DEBUG] [thread-id 1] - ------ Slot time selection completed ------
2023-06-29 15:42:44.541 [DEBUG] [thread-id 1] - Executing function: 'us.mappings.confirmSlotSelectionBasics'
2023-06-29 15:42:44.542 [DEBUG] [thread-id 1] - loop: from 0 to 2
2023-06-29 15:42:45.660 [DEBUG] [thread-id 1] - Click element: '//XCUIElementTypeButton[@name="ReserveSlotView.saveButton"]'
2023-06-29 15:42:48.519 [DEBUG] [thread-id 1] - Verify identifier: {//XCUIElementTypeButton[contains(@name, "Try later") or contains(@name, "Try again") or contains(@label, "Try again")] | //XCUIElementTypeButton[contains(@name, "Retry") or contains(@name, "OK")]=[true]}
2023-06-29 15:42:49.854 [DEBUG] [thread-id 1] - Click element: '//XCUIElementTypeButton[contains(@name, "Try later") or contains(@name, "Try again") or contains(@label, "Try again")] | //XCUIElementTypeButton[contains(@name, "Retry") or contains(@name, "OK")]'
2023-06-29 15:42:51.406 [DEBUG] [thread-id 1] - Click element: '(//XCUIElementTypeButton[@name="SlotHoursCell.slotHoursView"])[3]'
2023-06-29 15:42:53.009 [DEBUG] [thread-id 1] - Click element: '//XCUIElementTypeButton[@name="ReserveSlotView.saveButton"]'
2023-06-29 15:43:00.013 [DEBUG] [thread-id 1] - Executing function: 'us.functions.cart.continueMissingAnythingScreen'
2023-06-29 15:43:01.548 [DEBUG] [thread-id 1] - Verify identifier: {//XCUIElementTypeStaticText[@name="Missing anything?"]=[true]}
2023-06-29 15:43:03.109 [DEBUG] [thread-id 1] - Click element: '//XCUIElementTypeButton[@name="LastCallViewController.continueButton"]'
2023-06-29 15:43:05.423 [DEBUG] [thread-id 1] - Slot saved
2023-06-29 15:43:06.280 [DEBUG] [thread-id 1] - ------ Slot selection saved ------
2023-06-29 15:43:07.124 [DEBUG] [thread-id 1] - Executing function: 'us.functions.cart.handleItemUpdatesBottomTray'
2023-06-29 15:43:12.864 [DEBUG] [thread-id 1] - No item update pop up
2023-06-29 15:43:19.578 [DEBUG] [thread-id 1] - No Wplus pop up displayed
2023-06-29 15:43:19.595 [DEBUG] [thread-id 1] - Executing function: 'us.functions.checkout.reviewOrder.verifyCardDetails'
2023-06-29 15:43:19.597 [DEBUG] [thread-id 1] - Executing function: 'us.functions.utils.getFulfillmentTextsToCompare'
2023-06-29 15:43:19.597 [DEBUG] [thread-id 1] - conditionally execute a flow. condition: true
2023-06-29 15:43:20.404 [DEBUG] [thread-id 1] - conditionally execute a flow. condition: false
2023-06-29 15:43:21.204 [DEBUG] [thread-id 1] - conditionally execute a flow. condition: false
2023-06-29 15:43:22.030 [DEBUG] [thread-id 1] - conditionally execute a flow. condition: true
2023-06-29 15:43:22.860 [DEBUG] [thread-id 1] - Store in: store the value 'delivery' in the variable 'altFulfillmentText'
2023-06-29 15:43:22.974 [DEBUG] [thread-id 1] - -----------Delivery section validation start-----------
2023-06-29 15:43:22.975 [WARN] [thread-id 1] - variable initialCheckoutDataSetup was used, but r2 could not find a value for this variable. returning default of null
2023-06-29 15:43:22.978 [DEBUG] [thread-id 1] - conditionally execute a flow. condition: true
2023-06-29 15:43:23.789 [DEBUG] [thread-id 1] - sleep:  5000 milliseconds
2023-06-29 15:43:40.222 [DEBUG] [thread-id 1] - conditionally execute a flow. condition: false
2023-06-29 15:43:50.986 [DEBUG] [thread-id 1] - Main failed: ENV_FAILURE - teflon review order page load ERROR
2023-06-29 15:44:10.753 [DEBUG] [thread-id 1] - Main failed: 
2023-06-29 15:44:35.939 [DEBUG] [thread-id 1] - Executing scenario: 'After'
2023-06-29 15:44:35.941 [DEBUG] [thread-id 1] - Executing function: 'us.functions.utils.afterSteps'
2023-06-29 15:44:35.943 [WARN] [thread-id 1] - variable testStatus was used, but r2 could not find a value for this variable. returning default of null
2023-06-29 15:44:35.943 [DEBUG] [thread-id 1] - conditionally execute a flow. condition: false
2023-06-29 15:44:36.625 [DEBUG] [thread-id 1] - Test failed
2023-06-29 15:45:00.080 [DEBUG] [thread-id 1] - Created report: /Users/m0k0a2f/glass-automation/report/index.html
