2025-05-17 00:05:58.452 [DEBUG] [thread-id 1] - Main failed: 
2025-05-17 00:06:02.228 [DEBUG] [thread-id 1] - Executing scenario: 'After'
2025-05-17 00:06:02.229 [DEBUG] [thread-id 1] - Executing function: 'unified.us.functions.utils.afterSteps'
2025-05-17 00:06:02.229 [WARN] [thread-id 1] - variable testStatus was used, but r2 could not find a value for this variable. returning default of null
2025-05-17 00:06:02.229 [DEBUG] [thread-id 1] - conditionally execute a flow. condition: false
2025-05-17 00:10:04.519 [DEBUG] [thread-id 1] - Test failed
2025-05-17 00:25:52.974 [DEBUG] [thread-id 1] - Executing R2 5.7.1: '/Users/m0k0a2f/glass-automation/us/e2e-tests/test-scripts/ios/golden-flows/wplus-flow/deprecated/C2664857-paid-member-delivery-item-less-than-35-free-delivery.yaml' on device: 'iPhone 15'
2025-05-17 01:28:37.408 [ERROR] [thread-id 1] - error setting up appium session: 
org.openqa.selenium.SessionNotCreatedException: Could not start a new session. Possible causes are invalid address of the remote server or browser start-up failure. 
Host info: host: 'm-xqkh4fwq5j', ip: 'fe80:0:0:0:c0:5ed2:624c:13b0%en0'
	at org.openqa.selenium.remote.RemoteWebDriver.execute(RemoteWebDriver.java:563) ~[r2.jar:5.7.1]
	at io.appium.java_client.AppiumDriver.startSession(AppiumDriver.java:270) ~[r2.jar:5.7.1]
	at org.openqa.selenium.remote.RemoteWebDriver.<init>(RemoteWebDriver.java:174) ~[r2.jar:5.7.1]
	at io.appium.java_client.AppiumDriver.<init>(AppiumDriver.java:91) ~[r2.jar:5.7.1]
	at io.appium.java_client.AppiumDriver.<init>(AppiumDriver.java:103) ~[r2.jar:5.7.1]
	at io.appium.java_client.ios.IOSDriver.<init>(IOSDriver.java:101) ~[r2.jar:5.7.1]
	at com.walmartlabs.executor.Appium.setupDriver(Appium.java:732) ~[r2.jar:5.7.1]
	at com.walmartlabs.executor.Appium.setupAppium(Appium.java:654) ~[r2.jar:5.7.1]
	at com.walmartlabs.executor.Executor.start(Executor.java:368) [r2.jar:5.7.1]
	at com.walmartlabs.executor.Executor.startExecution(Executor.java:195) [r2.jar:5.7.1]
	at com.walmartlabs.executor.MultipleConfigExecutor.executeConfig(MultipleConfigExecutor.java:319) [r2.jar:5.7.1]
	at com.walmartlabs.executor.MultipleConfigExecutor.start(MultipleConfigExecutor.java:146) [r2.jar:5.7.1]
	at com.walmartlabs.R2.start(R2.java:88) [r2.jar:5.7.1]
	at com.walmartlabs.R2.main(R2.java:133) [r2.jar:5.7.1]
Caused by: org.openqa.selenium.TimeoutException: java.net.http.HttpTimeoutException: request timed out
Build info: version: '4.25.0', revision: '8a8aea2337'
System info: os.name: 'Mac OS X', os.arch: 'aarch64', os.version: '15.3.2', java.version: '20.0.1'
Driver info: driver.version: IOSDriver
	at org.openqa.selenium.remote.http.jdk.JdkHttpClient.execute0(JdkHttpClient.java:408) ~[r2.jar:5.7.1]
	at io.appium.java_client.internal.filters.AppiumIdempotencyFilter.lambda$apply$0(AppiumIdempotencyFilter.java:35) ~[r2.jar:5.7.1]
	at io.appium.java_client.internal.filters.AppiumUserAgentFilter.lambda$apply$0(AppiumUserAgentFilter.java:87) ~[r2.jar:5.7.1]
	at org.openqa.selenium.remote.http.Filter.lambda$andFinally$1(Filter.java:55) ~[r2.jar:5.7.1]
	at org.openqa.selenium.remote.http.jdk.JdkHttpClient.execute(JdkHttpClient.java:374) ~[r2.jar:5.7.1]
	at org.openqa.selenium.remote.ProtocolHandshake.createSession(ProtocolHandshake.java:89) ~[r2.jar:5.7.1]
	at org.openqa.selenium.remote.ProtocolHandshake.createSession(ProtocolHandshake.java:75) ~[r2.jar:5.7.1]
	at org.openqa.selenium.remote.ProtocolHandshake.createSession(ProtocolHandshake.java:61) ~[r2.jar:5.7.1]
	at io.appium.java_client.remote.AppiumCommandExecutor.createSession(AppiumCommandExecutor.java:176) ~[r2.jar:5.7.1]
	at io.appium.java_client.remote.AppiumCommandExecutor.execute(AppiumCommandExecutor.java:237) ~[r2.jar:5.7.1]
	at org.openqa.selenium.remote.RemoteWebDriver.execute(RemoteWebDriver.java:545) ~[r2.jar:5.7.1]
	... 13 more
Caused by: java.net.http.HttpTimeoutException: request timed out
	at jdk.internal.net.http.ResponseTimerEvent.handle(ResponseTimerEvent.java:63) ~[java.net.http:?]
	at jdk.internal.net.http.HttpClientImpl.purgeTimeoutsAndReturnNextDeadline(HttpClientImpl.java:1689) ~[java.net.http:?]
	at jdk.internal.net.http.HttpClientImpl$SelectorManager.run(HttpClientImpl.java:1258) ~[java.net.http:?]
2025-05-17 01:28:37.694 [DEBUG] [thread-id 1] - Created report: /Users/m0k0a2f/glass-automation/report/index.html
