2025-04-30 10:46:02.595 [DEBUG] [thread-id 1] - Executing R2 4.0.2: '/Users/m0k0a2f/glass-automation/us/unified-e2e-tests/test-scripts/ecomm-and-fulfillment-flows/acc-auto-care-center-flows/production/C2708581-omni-service-Tire-purchase-and-install-enter-through-ACC-Home-Page.yaml' on device: 'iPhone 15'
2025-04-30 10:59:04.865 [DEBUG] [thread-id 1] - Executing scenario: 'After'
2025-04-30 10:59:05.085 [DEBUG] [thread-id 1] - Executing function: 'unified.us.functions.utils.afterSteps'
2025-04-30 10:59:05.091 [WARN] [thread-id 1] - variable testStatus was used, but r2 could not find a value for this variable. returning default of null
2025-04-30 10:59:05.113 [DEBUG] [thread-id 1] - conditionally execute a flow. condition: false
2025-04-30 11:01:05.159 [DEBUG] [thread-id 1] - Test failed
2025-04-30 11:04:05.209 [WARN] [thread-id 1] - variable testStarted was used, but r2 could not find a value for this variable. returning default of null
2025-04-30 11:04:05.213 [DEBUG] [thread-id 1] - conditionally execute a flow. condition: true
2025-04-30 11:08:05.932 [DEBUG] [thread-id 1] - After failed: FAILURE - Unable to Open App
2025-04-30 11:08:55.786 [ERROR] [thread-id 1] - org.openqa.selenium.WebDriverException: An unknown server-side error occurred while processing the command. Original error: Could not proxy command to the remote server. Original error: connect ECONNREFUSED 127.0.0.1:8100
Build info: version: '4.13.0', revision: 'ba948ece5b*'
System info: os.name: 'Mac OS X', os.arch: 'aarch64', os.version: '15.3.2', java.version: '20.0.1'
Driver info: io.appium.java_client.ios.IOSDriver
Command: [47503afd-154b-4bda-982f-ede7444e446a, executeScript {script=mobile: queryAppState, args=[{bundleId=com.walmart.beta.electronics}]}]
Capabilities {appium:app: /Users/m0k0a2f/glass-automa..., appium:appiumVersion: 2.0.0, appium:autoAcceptAlerts: true, appium:automationName: XCUITest, appium:bundleId: com.walmart.beta.electronics, appium:commandTimeout: 600, appium:databaseEnabled: false, appium:deviceName: iPhone 15, appium:fullReset: false, appium:idleTimeout: 1000, appium:iosInstallPause: 20000, appium:javascriptEnabled: true, appium:launchTimeout: 6000000, appium:locationContextEnabled: false, appium:name: C2708581-omni-service-Tire-..., appium:networkConnectionEnabled: false, appium:newCommandTimeout: 90000, appium:noReset: false, appium:orientation: PORTRAIT, appium:platformVersion: 17.4, appium:processArguments: {args: [-kGlassExpEnabled, true, -com.walmart.px.skip-catcha, YES, -com.walmart.px.skip-captcha, YES], env: {ccm: {"checkout.buyNow.verifyPho..., config: {"environment":"production"}}}, appium:public: share, appium:takesScreenshot: true, appium:udid: A8620649-FB31-434C-8256-561..., appium:waitForQuiescence: false, appium:webStorageEnabled: false, platformName: IOS}
Session ID: 47503afd-154b-4bda-982f-ede7444e446a
2025-04-30 11:08:56.225 [DEBUG] [thread-id 1] - Created report: /Users/m0k0a2f/glass-automation/report/index.html
2025-04-30 11:10:00.887 [DEBUG] [thread-id 1] - Executing R2 4.0.2: '/Users/m0k0a2f/glass-automation/us/unified-e2e-tests/test-scripts/ecomm-and-fulfillment-flows/acc-auto-care-center-flows/production/C2708581-omni-service-Tire-purchase-and-install-enter-through-ACC-Home-Page.yaml' on device: 'iPhone 15'
2025-04-30 11:12:41.306 [DEBUG] [thread-id 1] - Executing scenario: 'Before'
2025-04-30 11:12:41.310 [DEBUG] [thread-id 1] - Executing function: 'us.function.utils.getEnvironmentValue'
2025-04-30 11:12:41.311 [DEBUG] [thread-id 1] - Store in: store the value 'Onboarding' in the variable 'executionStage'
2025-04-30 11:12:41.312 [DEBUG] [thread-id 1] - Store in: store the value 'production' in the variable 'env'
2025-04-30 11:12:41.313 [DEBUG] [thread-id 1] - Timestamp: 1746036761313
2025-04-30 11:12:41.315 [DEBUG] [thread-id 1] - Executing function: 'functions.utils.setPlatformInfo'
2025-04-30 11:12:41.315 [DEBUG] [thread-id 1] - Store in: store the value 'Onboarding' in the variable 'executionStage'
2025-04-30 11:12:41.319 [WARN] [thread-id 1] - variable dependencies.general.appPackage was used, but r2 could not find a value for this variable. returning default of null
2025-04-30 11:12:41.319 [DEBUG] [thread-id 1] - Store in: store the value 'null' in the variable 'appPackage'
2025-04-30 11:12:41.330 [DEBUG] [thread-id 1] - conditionally execute a flow. condition: true
2025-04-30 11:12:41.593 [DEBUG] [thread-id 1] - Store in: store the value 'iOS' in the variable 'platform'
2025-04-30 11:12:41.602 [DEBUG] [thread-id 1] - R2_SUBFLOW_PRE_TRANSACTION
2025-04-30 11:12:42.061 [DEBUG] [thread-id 1] - Using us-errors-helpers.yaml
2025-04-30 11:12:42.500 [DEBUG] [thread-id 1] - Store in: store the value 'onboarding' in the variable 'executionStage'
2025-04-30 11:12:42.501 [DEBUG] [thread-id 1] - Welcome screen loaded
2025-04-30 11:12:42.505 [DEBUG] [thread-id 1] - conditionally execute a flow. condition: true
2025-04-30 11:12:42.731 [DEBUG] [thread-id 1] - Verify identifier: {cta.cancel.welcome=[true]}
2025-04-30 11:12:42.950 [DEBUG] [thread-id 1] - Store in: store the value 'true' in the variable 'testStarted'
2025-04-30 11:12:43.206 [DEBUG] [thread-id 1] - Click element: 'cta.cancel.welcome'
2025-04-30 11:12:44.072 [DEBUG] [thread-id 1] - Notifiction Prompt screen loaded
2025-04-30 11:12:44.316 [DEBUG] [thread-id 1] - Verify identifier: {NotificationPermissionViewController.titleLabel=[true]}
2025-04-30 11:12:44.557 [WARN] [thread-id 1] - variable allowNotifications was used, but r2 could not find a value for this variable. returning default of null
2025-04-30 11:12:44.558 [DEBUG] [thread-id 1] - conditionally execute a flow. condition: false
2025-04-30 11:12:46.830 [DEBUG] [thread-id 1] - Click element: 'cta.cancel.notifications'
2025-04-30 11:12:47.340 [DEBUG] [thread-id 1] - location screen loaded
2025-04-30 11:12:47.636 [DEBUG] [thread-id 1] - Verify identifier: {LocationPermissionViewController.titleLabel=[true]}
2025-04-30 11:12:47.636 [DEBUG] [thread-id 1] - Store in: store the value 'true' in the variable 'testStarted'
2025-04-30 11:12:47.677 [DEBUG] [thread-id 1] - Click element: 'Enter zip code'
2025-04-30 11:12:48.377 [DEBUG] [thread-id 1] - Verify identifier: {label.postal-code-entry=[true]}
2025-04-30 11:12:48.377 [DEBUG] [thread-id 1] - sleep:  2000 milliseconds
2025-04-30 11:12:50.466 [DEBUG] [thread-id 1] - Enter text: '95122'
2025-04-30 11:12:52.213 [DEBUG] [thread-id 1] - Click element: 'cta.continue'
2025-04-30 11:12:52.696 [DEBUG] [thread-id 1] - sleep:  3000 milliseconds
2025-04-30 11:13:05.780 [DEBUG] [thread-id 1] - Executing function: 'unified.us.functions.home.handlePersonalizedScreen'
2025-04-30 11:13:05.982 [DEBUG] [thread-id 1] - conditionally execute a flow. condition: true
2025-04-30 11:13:06.200 [DEBUG] [thread-id 1] - Observed Personalize Shopping Screen
2025-04-30 11:13:06.444 [DEBUG] [thread-id 1] - Verify identifier: {ATTPermissionViewController.bodyLabel=[true]}
2025-04-30 11:13:06.860 [DEBUG] [thread-id 1] - conditionally execute a flow. condition: true
2025-04-30 11:13:07.118 [DEBUG] [thread-id 1] - Click element: 'cta.continue.location'
2025-04-30 11:13:08.987 [DEBUG] [thread-id 1] - Personalized Shopping Experience Screen Handled.
2025-04-30 11:13:22.237 [DEBUG] [thread-id 1] - Executing function: 'unified.us.functions.home.toolTip'
2025-04-30 11:13:23.670 [DEBUG] [thread-id 1] - conditionally execute a flow. condition: true
2025-04-30 11:13:25.704 [DEBUG] [thread-id 1] - tooltip displayed
2025-04-30 11:13:30.284 [DEBUG] [thread-id 1] - conditionally execute a flow. condition: true
2025-04-30 11:13:32.490 [DEBUG] [thread-id 1] - Tool close button displayed
2025-04-30 11:13:32.682 [DEBUG] [thread-id 1] - Executing function: 'unified.us.functions.gic.collapseIfExpanded'
2025-04-30 11:13:38.489 [DEBUG] [thread-id 1] - GIC already collapsed
2025-04-30 11:13:40.696 [DEBUG] [thread-id 1] - Verify identifier: {Search Walmart=[true]}
2025-04-30 11:13:40.698 [DEBUG] [thread-id 1] - Executing function: 'unified.us.functions.utils.handleTechnicalErrorPopup'
2025-04-30 11:13:40.699 [DEBUG] [thread-id 1] - Store in: store the value 'false' in the variable 'errorRemoved'
2025-04-30 11:13:40.700 [DEBUG] [thread-id 1] - sleep:  7000 milliseconds
2025-04-30 11:13:47.703 [DEBUG] [thread-id 1] - loop: from 0 to 3
2025-04-30 11:13:49.663 [DEBUG] [thread-id 1] - 0
2025-04-30 11:14:04.352 [DEBUG] [thread-id 1] - conditionally execute a flow. condition: false
2025-04-30 11:14:06.347 [DEBUG] [thread-id 1] - Store in: store the value 'true' in the variable 'errorRemoved'
2025-04-30 11:14:08.455 [DEBUG] [thread-id 1] - No Technical Error Pop up observed
2025-04-30 11:14:10.595 [DEBUG] [thread-id 1] - Executing function: 'unified.us.functions.home.navigateHomeToSignIn'
2025-04-30 11:14:10.596 [DEBUG] [thread-id 1] - Store in: store the value 'Pre-transactions' in the variable 'executionStage'
2025-04-30 11:14:11.914 [DEBUG] [thread-id 1] - Click element: '//XCUIElementTypeButton[@name="Account"] | Account'
2025-04-30 11:14:14.472 [DEBUG] [thread-id 1] - Verify identifier: {//XCUIElementTypeButton[@name="SignInYourAccountTableViewCell.signInButton"] | //XCUIElementTypeButton[@name="SignInYourAccountView.signInButton"]=[true]}
2025-04-30 11:14:14.763 [DEBUG] [thread-id 1] - Click element: '//XCUIElementTypeButton[@name="SignInYourAccountTableViewCell.signInButton"] | //XCUIElementTypeButton[@name="SignInYourAccountView.signInButton"]'
2025-04-30 11:14:16.537 [DEBUG] [thread-id 1] - conditionally execute a flow. condition: true
2025-04-30 11:14:17.646 [DEBUG] [thread-id 1] - Store in: store the value 'true' in the variable 'signInValidated'
2025-04-30 11:14:17.705 [DEBUG] [thread-id 1] - conditionally execute a flow. condition: true
2025-04-30 11:14:18.795 [DEBUG] [thread-id 1] - SignIn page loaded
2025-04-30 11:14:19.892 [DEBUG] [thread-id 1] - Store in: store the value 'false' in the variable 'signInValidated'
2025-04-30 11:14:19.947 [DEBUG] [thread-id 1] - Executing function: 'unified.us.functions.global.authentication.signInAccountWithParams'
2025-04-30 11:14:19.948 [DEBUG] [thread-id 1] - Store in: store the value 'Pre-transactions' in the variable 'executionStage'
2025-04-30 11:14:19.948 [DEBUG] [thread-id 1] - Executing function: 'unified.us.functions.authentication.signInInfo'
2025-04-30 11:14:19.949 [DEBUG] [thread-id 1] - conditionally execute a flow. condition: true
2025-04-30 11:14:21.031 [DEBUG] [thread-id 1] - Store in: store the value 'prod.ios.acc.tires@cloudtest.org' in the variable 'email'
2025-04-30 11:14:22.126 [DEBUG] [thread-id 1] - Store in: store the value 'E2epassword$' in the variable 'password'
2025-04-30 11:14:22.179 [DEBUG] [thread-id 1] - Executing function: 'unified.us.functions.global.authentication.signInAccount'
2025-04-30 11:14:22.180 [DEBUG] [thread-id 1] - conditionally execute a flow. condition: true
2025-04-30 11:14:35.791 [DEBUG] [thread-id 1] - Verify identifier: {TextFieldStackView.containerStackView=[true]}
2025-04-30 11:14:35.932 [DEBUG] [thread-id 1] - Enter text: 'prod.ios.acc.tires@cloudtest.org'
2025-04-30 11:14:40.882 [DEBUG] [thread-id 1] - Click element: 'WelcomeView.ctaButton'
2025-04-30 11:14:41.611 [DEBUG] [thread-id 1] - sleep:  2000 milliseconds
2025-04-30 11:14:44.237 [DEBUG] [thread-id 1] - conditionally execute a flow. condition: true
2025-04-30 11:14:45.490 [DEBUG] [thread-id 1] - Entered Email Successfully
2025-04-30 11:14:46.820 [DEBUG] [thread-id 1] - conditionally execute a flow. condition: true
2025-04-30 11:14:48.343 [DEBUG] [thread-id 1] - Click element: 'AuthChoiceView.passwordStackView'
2025-04-30 11:14:50.508 [DEBUG] [thread-id 1] - Selected Password Option to Login
2025-04-30 11:14:50.569 [DEBUG] [thread-id 1] - Verify identifier: {TextFieldStackView.textField=[true]}
2025-04-30 11:14:50.737 [DEBUG] [thread-id 1] - Enter text: 'E2epassword$'
2025-04-30 11:14:57.489 [DEBUG] [thread-id 1] - Click element: 'AuthChoiceView.ctaButton'
2025-04-30 11:15:19.446 [DEBUG] [thread-id 1] - conditionally execute a flow. condition: true
2025-04-30 11:15:20.107 [DEBUG] [thread-id 1] - sleep:  2000 milliseconds
2025-04-30 11:15:33.099 [DEBUG] [thread-id 1] - Executing function: 'unified.us.functions.utils.handleCartMergePopup'
2025-04-30 11:15:53.874 [DEBUG] [thread-id 1] - No Technical Error Page observed
2025-04-30 11:15:53.881 [DEBUG] [thread-id 1] - Executing function: 'unified.us.functions.home.toolTip'
2025-04-30 11:16:03.899 [DEBUG] [thread-id 1] - Executing function: 'unified.us.functions.global.navigation.goToServicesFromTabBar'
2025-04-30 11:16:03.900 [DEBUG] [thread-id 1] - Store in: store the value 'Pre-transactions' in the variable 'executionStage'
2025-04-30 11:16:03.901 [DEBUG] [thread-id 1] - Navigate to service via tab bar
2025-04-30 11:16:04.598 [DEBUG] [thread-id 1] - Verify identifier: {Services=[true]}
2025-04-30 11:16:04.599 [WARN] [thread-id 1] - variable doubleClick was used, but r2 could not find a value for this variable. returning default of null
2025-04-30 11:16:04.600 [DEBUG] [thread-id 1] - conditionally execute a flow. condition: false
2025-04-30 11:16:05.362 [DEBUG] [thread-id 1] - Click element: 'Services'
2025-04-30 11:16:05.971 [DEBUG] [thread-id 1] - sleep:  5000 milliseconds
2025-04-30 11:16:10.974 [DEBUG] [thread-id 1] - Executing function: 'unified.us.functions.services.handleJoinOnePopup'
2025-04-30 11:16:17.106 [DEBUG] [thread-id 1] - No Join one popup displayed
2025-04-30 11:16:17.116 [DEBUG] [thread-id 1] - Executing function: 'unified.us.functions.services.naviagteToServices'
2025-04-30 11:16:17.118 [DEBUG] [thread-id 1] - Store in: store the value 'Pre-transactions' in the variable 'executionStage'
2025-04-30 11:16:17.123 [DEBUG] [thread-id 1] - Executing function: 'unified.us.functions.global.navigation.goToServicesFromTabBar'
2025-04-30 11:16:17.124 [DEBUG] [thread-id 1] - Store in: store the value 'Pre-transactions' in the variable 'executionStage'
2025-04-30 11:16:17.124 [DEBUG] [thread-id 1] - Navigate to service via tab bar
2025-04-30 11:16:17.672 [DEBUG] [thread-id 1] - Verify identifier: {Services=[true]}
2025-04-30 11:16:17.673 [WARN] [thread-id 1] - variable doubleClick was used, but r2 could not find a value for this variable. returning default of null
2025-04-30 11:16:17.674 [DEBUG] [thread-id 1] - conditionally execute a flow. condition: false
2025-04-30 11:16:18.302 [DEBUG] [thread-id 1] - Click element: 'Services'
2025-04-30 11:16:18.892 [DEBUG] [thread-id 1] - sleep:  5000 milliseconds
2025-04-30 11:16:30.223 [DEBUG] [thread-id 1] - No Join one popup displayed
2025-04-30 11:16:30.235 [DEBUG] [thread-id 1] - Navigating to Auto Services
2025-04-30 11:16:30.235 [DEBUG] [thread-id 1] - Executing function: 'unified.us.functions.utils.scrollIfNotVisible'
2025-04-30 11:16:30.236 [WARN] [thread-id 1] - variable scrollLimit was used, but r2 could not find a value for this variable. returning default of null
2025-04-30 11:16:30.236 [DEBUG] [thread-id 1] - conditionally execute a flow. condition: true
2025-04-30 11:16:30.782 [DEBUG] [thread-id 1] - Store in: store the value '7' in the variable 'scrollLimit'
2025-04-30 11:16:30.796 [DEBUG] [thread-id 1] - Scroll limit set to - 7
2025-04-30 11:16:30.797 [DEBUG] [thread-id 1] - conditionally execute a flow. condition: true
2025-04-30 11:16:31.645 [DEBUG] [thread-id 1] - conditionally execute a flow. condition: true
2025-04-30 11:16:32.191 [DEBUG] [thread-id 1] - Element already visible, scrolling is skipped
2025-04-30 11:16:32.206 [WARN] [thread-id 1] - variable scrollNeeded was used, but r2 could not find a value for this variable. returning default of null
2025-04-30 11:16:32.207 [DEBUG] [thread-id 1] - Resetting scrollPosition variable to default
2025-04-30 11:16:32.207 [DEBUG] [thread-id 1] - Store in: store the value 'null' in the variable 'scrollPosition'
2025-04-30 11:16:32.208 [DEBUG] [thread-id 1] - Store in: store the value 'null' in the variable 'identifierScope'
2025-04-30 11:16:32.208 [DEBUG] [thread-id 1] - Store in: store the value 'null' in the variable 'scrollLimit'
2025-04-30 11:16:32.208 [DEBUG] [thread-id 1] - Store in: store the value 'false' in the variable 'scrollNeeded'
2025-04-30 11:16:32.459 [DEBUG] [thread-id 1] - conditionally execute a flow. condition: true
2025-04-30 11:16:33.261 [DEBUG] [thread-id 1] - Click element: '//XCUIElementTypeButton[contains(@label,"Auto Services")]'
2025-04-30 11:16:34.190 [DEBUG] [thread-id 1] - sleep:  3000 milliseconds
2025-04-30 11:16:48.690 [DEBUG] [thread-id 1] - Executing function: 'unified.us.functions.services.acc.virtualGarageRemoveVehicle'
2025-04-30 11:16:48.690 [DEBUG] [thread-id 1] - Executing function: 'unified.us.functions.utils.scrollIfNotVisible'
2025-04-30 11:16:48.691 [DEBUG] [thread-id 1] - conditionally execute a flow. condition: true
2025-04-30 11:16:49.438 [DEBUG] [thread-id 1] - Store in: store the value '7' in the variable 'scrollLimit'
2025-04-30 11:16:49.452 [DEBUG] [thread-id 1] - Scroll limit set to - 7
2025-04-30 11:16:49.452 [DEBUG] [thread-id 1] - conditionally execute a flow. condition: true
2025-04-30 11:16:50.414 [DEBUG] [thread-id 1] - conditionally execute a flow. condition: true
2025-04-30 11:16:51.043 [DEBUG] [thread-id 1] - Element already visible, scrolling is skipped
2025-04-30 11:16:51.063 [DEBUG] [thread-id 1] - Resetting scrollPosition variable to default
2025-04-30 11:16:51.063 [DEBUG] [thread-id 1] - Store in: store the value 'null' in the variable 'scrollPosition'
2025-04-30 11:16:51.063 [DEBUG] [thread-id 1] - Store in: store the value 'null' in the variable 'identifierScope'
2025-04-30 11:16:51.064 [DEBUG] [thread-id 1] - Store in: store the value 'null' in the variable 'scrollLimit'
2025-04-30 11:16:51.064 [DEBUG] [thread-id 1] - Store in: store the value 'false' in the variable 'scrollNeeded'
2025-04-30 11:16:51.361 [DEBUG] [thread-id 1] - Click element: '//XCUIElementTypeButton[@label="Virtual Garage. Manage your vehicles"]'
2025-04-30 11:16:51.870 [DEBUG] [thread-id 1] - sleep:  2000 milliseconds
2025-04-30 11:16:53.877 [DEBUG] [thread-id 1] - Executing function: 'unified.us.functions.scanner.allowLocation'
2025-04-30 11:16:53.879 [DEBUG] [thread-id 1] - conditionally execute a flow. condition: true
2025-04-30 11:17:15.448 [DEBUG] [thread-id 1] - conditionally execute a flow. condition: true
2025-04-30 11:17:15.916 [DEBUG] [thread-id 1] - Already Car is Added, Removing the Car
2025-04-30 11:17:16.686 [DEBUG] [thread-id 1] - Click element: '//XCUIElementTypeTable[@name="ACCMyVehiclesVehicleList"] | //XCUIElementTypeOther[@name="MyVehiclesVehicleRowView.vehicleInfoStackView"]'
2025-04-30 11:17:17.574 [DEBUG] [thread-id 1] - sleep:  5000 milliseconds
2025-04-30 11:17:23.528 [DEBUG] [thread-id 1] - Verify identifier: {//XCUIElementTypeButton[@name="VehicleDetailsView.actionButton" and @label="Edit vehicle information"]=[true], //XCUIElementTypeStaticText[@name="Vehicle details"]=[true]}
2025-04-30 11:17:24.228 [DEBUG] [thread-id 1] - Click element: '//XCUIElementTypeButton[@name="VehicleDetailsView.actionButton" and @label="Edit vehicle information"]'
2025-04-30 11:17:25.251 [DEBUG] [thread-id 1] - sleep:  2000 milliseconds
2025-04-30 11:17:28.513 [DEBUG] [thread-id 1] - Verify identifier: {//XCUIElementTypeStaticText[@name="Remove vehicle"]=[true]}
2025-04-30 11:17:29.673 [DEBUG] [thread-id 1] - Click element: '//XCUIElementTypeStaticText[@name="Remove vehicle"]'
2025-04-30 11:17:30.697 [DEBUG] [thread-id 1] - sleep:  2000 milliseconds
2025-04-30 11:17:33.579 [DEBUG] [thread-id 1] - Click element: '//XCUIElementTypeStaticText[@name="Remove"]'
2025-04-30 11:17:35.755 [DEBUG] [thread-id 1] - Click element: '//XCUIElementTypeButton[@name="Auto Care Center"]'
2025-04-30 11:17:36.233 [DEBUG] [thread-id 1] - Executing function: 'unified.us.functions.services.acc.virtualGarageAddVehicle'
2025-04-30 11:17:36.645 [DEBUG] [thread-id 1] - Click element: '//XCUIElementTypeButton[@label="Virtual Garage. Manage your vehicles"]'
2025-04-30 11:17:38.536 [DEBUG] [thread-id 1] - Click element: '//XCUIElementTypeButton[@label="Add a vehicle"] | //XCUIElementTypeButton[@name="MyVehiclesVehiclesCardView.addAVehicleLinkButton"]'
2025-04-30 11:17:39.106 [DEBUG] [thread-id 1] - Verify identifier: {Add a vehicle=[true]}
2025-04-30 11:17:39.109 [DEBUG] [thread-id 1] - conditionally execute a flow. condition: true
2025-04-30 11:17:43.094 [DEBUG] [thread-id 1] - Click element: '//XCUIElementTypeTextField[@name="TextFieldStackView.textField" and @label="Year*"]'
2025-04-30 11:17:44.842 [DEBUG] [thread-id 1] - Enter text: '2019'
2025-04-30 11:17:48.594 [DEBUG] [thread-id 1] - Click element: 'done'
2025-04-30 11:17:53.629 [DEBUG] [thread-id 1] - Click element: '//XCUIElementTypeOther[@name="FitmentFieldCell_vehicleMake"] | //XCUIElementTypeTextField[@value="Choose make"]'
2025-04-30 11:17:55.515 [DEBUG] [thread-id 1] - Enter text: 'Alfa Romeo'
2025-04-30 11:17:59.568 [DEBUG] [thread-id 1] - Click element: 'done'
2025-04-30 11:18:04.857 [DEBUG] [thread-id 1] - Click element: '//XCUIElementTypeOther[@name="FitmentFieldCell_vehicleModel"] | //XCUIElementTypeTextField[@value="Choose model"]'
2025-04-30 11:18:06.560 [DEBUG] [thread-id 1] - Enter text: 'Giulia'
2025-04-30 11:18:10.023 [DEBUG] [thread-id 1] - Click element: 'done'
2025-04-30 11:18:15.076 [DEBUG] [thread-id 1] - Click element: '//XCUIElementTypeOther[@name="FitmentFieldCell_SmartSubModel"] | //XCUIElementTypeTextField[@value="Choose sub model"] | //XCUIElementTypeTextField[@label="Sub model*" or @label="Submodel*"]'
2025-04-30 11:18:16.718 [DEBUG] [thread-id 1] - Enter text: 'TI'
2025-04-30 11:18:20.102 [DEBUG] [thread-id 1] - Click element: 'done'
2025-04-30 11:18:20.779 [DEBUG] [thread-id 1] - Executing function: 'us.functions.utils.scrollIfNotVisible'
2025-04-30 11:18:22.226 [DEBUG] [thread-id 1] - Verify identifier: {//XCUIElementTypeButton[@name="FitmentFooterActionsView.saveButton"] | //XCUIElementTypeButton[@name="VehicleFooterActionsView.saveButton"]=[true]}
2025-04-30 11:18:22.918 [DEBUG] [thread-id 1] - Element already visible, scrolling is skipped
2025-04-30 11:18:22.931 [DEBUG] [thread-id 1] - Resetting scrollPosition variable to default
2025-04-30 11:18:22.931 [DEBUG] [thread-id 1] - Store in: store the value 'null' in the variable 'scrollPosition'
2025-04-30 11:18:22.931 [DEBUG] [thread-id 1] - Store in: store the value 'null' in the variable 'identifierScope'
2025-04-30 11:18:22.932 [DEBUG] [thread-id 1] - Store in: store the value 'null' in the variable 'limit'
2025-04-30 11:18:23.326 [DEBUG] [thread-id 1] - Click element: '//XCUIElementTypeButton[@name="FitmentFooterActionsView.saveButton"] | //XCUIElementTypeButton[@name="VehicleFooterActionsView.saveButton"]'
2025-04-30 11:18:23.841 [DEBUG] [thread-id 1] - sleep:  5000 milliseconds
2025-04-30 11:18:29.176 [DEBUG] [thread-id 1] - conditionally execute a flow. condition: true
2025-04-30 11:18:30.099 [DEBUG] [thread-id 1] - Click element: '//XCUIElementTypeButton[@label="Got it"]'
2025-04-30 11:18:30.983 [DEBUG] [thread-id 1] - Click element: '//XCUIElementTypeButton[@label="Auto Care Center"]'
2025-04-30 11:18:32.016 [DEBUG] [thread-id 1] - Executing function: 'unified.us.functions.services.acc.schedulingService'
2025-04-30 11:18:32.788 [DEBUG] [thread-id 1] - Verify identifier: {//XCUIElementTypeStaticText[@label="Auto Care Center"] | //XCUIElementTypeStaticText[@label="Welcome to the Auto Care Center"]=[true], //XCUIElementTypeButton[contains(@label, "Schedule a service")]=[true]}
2025-04-30 11:18:33.073 [DEBUG] [thread-id 1] - Click element: '//XCUIElementTypeButton[contains(@label, "Schedule a service")]'
2025-04-30 11:18:33.542 [DEBUG] [thread-id 1] - Executing function: 'unified.us.functions.services.acc.schedulingService.selectVehicle'
2025-04-30 11:18:33.543 [DEBUG] [thread-id 1] - sleep:  3000 milliseconds
2025-04-30 11:18:37.257 [DEBUG] [thread-id 1] - Verify identifier: {(//XCUIElementTypeOther[@name="GlassCard.stackView"])[1]=[true], //XCUIElementTypeStaticText[contains(@label, "Vehicle, 1 of 4")] | //XCUIElementTypeStaticText[contains(@label, "Vehicle, 1 of 3")]=[true], //XCUIElementTypeStaticText[@label="Which vehicle needs service?"]=[true], //XCUIElementTypeOther[@name="WorkflowSelectableItemView.clickVerticalLabelsStackView"]=[true]}
2025-04-30 11:18:37.430 [DEBUG] [thread-id 1] - Click element: '(//XCUIElementTypeOther[@name="GlassCard.stackView"])[1]'
2025-04-30 11:18:37.866 [DEBUG] [thread-id 1] - sleep:  2000 milliseconds
2025-04-30 11:18:40.084 [DEBUG] [thread-id 1] - Click element: '//XCUIElementTypeButton[@label="Continue"] | //XCUIElementTypeButton[@name="Continue"] | //XCUIElementTypeButton[@name="PrimaryButtonContainerView.primaryButton"]'
2025-04-30 11:18:40.509 [DEBUG] [thread-id 1] - Executing function: 'unified.us.functions.services.acc.schedulingService.serviceselection'
2025-04-30 11:18:43.293 [DEBUG] [thread-id 1] - Verify identifier: {//XCUIElementTypeStaticText[@label="Tire installation"]//following-sibling::XCUIElementTypeStaticText[contains(@label, "Est. duration") and contains(@label, "1 hr")]=[true], //XCUIElementTypeStaticText[@label="Select a service"]=[true], (//XCUIElementTypeStaticText[@name="WorkflowSelectableItemView.subTitleLabel"])[1]=[true], //XCUIElementTypeStaticText[@label="Tire installation"]//following-sibling::XCUIElementTypeStaticText[@label="From $18/tire"]=[true], //XCUIElementTypeStaticText[@label="Oil change"]//following-sibling::XCUIElementTypeStaticText[@label="From $24.88"]=[true], //XCUIElementTypeStaticText[@name="WorkflowSelectionModuleSubtitleRowView.subTitleLabel"]=[true], //XCUIElementTypeStaticText[@label="Tire installation"]=[true], //XCUIElementTypeStaticText[contains(@label, "Services, 2 of 4")]=[true]}
2025-04-30 11:18:43.456 [DEBUG] [thread-id 1] - Click element: '//XCUIElementTypeStaticText[@label="Tire installation"]'
2025-04-30 11:18:44.148 [DEBUG] [thread-id 1] - Click element: '//XCUIElementTypeButton[@label="Continue"] | //XCUIElementTypeButton[@name="Continue"] | //XCUIElementTypeButton[@name="PrimaryButtonContainerView.primaryButton"]'
2025-04-30 11:18:44.593 [DEBUG] [thread-id 1] - Executing function: 'unified.us.functions.services.acc.schedulingService.tireInstallationOption'
2025-04-30 11:18:55.473 [DEBUG] [thread-id 1] - Verify identifier: {//XCUIElementTypeStaticText[@label="Tire installation options"]=[true], //XCUIElementTypeButton[@name="Back"] | //XCUIElementTypeButton[@label="Back"] | //XCUIElementTypeNavigationBar[@name="Search.SearchResultsView"]//XCUIElementTypeButton[contains(@label,"Search")] | //XCUIElementTypeButton[@name="Close Walmart plus promotional pop up"]=[true], //XCUIElementTypeStaticText[contains(@label, "Services, 2 of 4")]=[true]}
2025-04-30 11:18:55.700 [DEBUG] [thread-id 1] - Click element: '//XCUIElementTypeButton[@name="Back"] | //XCUIElementTypeButton[@label="Back"] | //XCUIElementTypeNavigationBar[@name="Search.SearchResultsView"]//XCUIElementTypeButton[contains(@label,"Search")] | //XCUIElementTypeButton[@name="Close Walmart plus promotional pop up"]'
2025-04-30 11:18:56.147 [DEBUG] [thread-id 1] - sleep:  3000 milliseconds
2025-04-30 11:18:59.704 [DEBUG] [thread-id 1] - Verify identifier: {//XCUIElementTypeStaticText[@label="Select a service"]=[true, true], //XCUIElementTypeStaticText[contains(@label, "Services, 2 of 4")]=[true]}
2025-04-30 11:18:59.910 [DEBUG] [thread-id 1] - Click element: '//XCUIElementTypeStaticText[@label="Tire installation"]'
2025-04-30 11:19:00.348 [DEBUG] [thread-id 1] - sleep:  3000 milliseconds
2025-04-30 11:19:03.611 [DEBUG] [thread-id 1] - Click element: '//XCUIElementTypeButton[@label="Continue"] | //XCUIElementTypeButton[@name="Continue"] | //XCUIElementTypeButton[@name="PrimaryButtonContainerView.primaryButton"]'
2025-04-30 11:19:04.048 [DEBUG] [thread-id 1] - sleep:  3000 milliseconds
2025-04-30 11:19:08.049 [DEBUG] [thread-id 1] - Verify identifier: {//XCUIElementTypeStaticText[@label="Do you need to buy tires?"]=[true], //XCUIElementTypeStaticText[@name="WorkflowSelectableItemView.titleLabel" and @label="Yes, I need to buy new tires"]=[true], //XCUIElementTypeStaticText[@name="WorkflowSelectableItemView.titleLabel" and @label="No, I have tires ready to install"]=[true], //XCUIElementTypeStaticText[@label="Tire installation options"]=[true], //XCUIElementTypeStaticText[contains(@label, "Services, 2 of 4")]=[true]}
2025-04-30 11:19:08.291 [DEBUG] [thread-id 1] - Click element: '//XCUIElementTypeStaticText[@name="WorkflowSelectableItemView.titleLabel" and @label="Yes, I need to buy new tires"]'
2025-04-30 11:19:09.120 [DEBUG] [thread-id 1] - Click element: '//XCUIElementTypeButton[@label="Continue"] | //XCUIElementTypeButton[@name="Continue"] | //XCUIElementTypeButton[@name="PrimaryButtonContainerView.primaryButton"]'
2025-04-30 11:19:09.564 [DEBUG] [thread-id 1] - sleep:  3000 milliseconds
2025-04-30 11:19:12.573 [DEBUG] [thread-id 1] - Executing function: 'unified.us.functions.search.acc.schedulingService.accVehicleModule'
2025-04-30 11:19:22.803 [DEBUG] [thread-id 1] - conditionally execute a flow. condition: false
2025-04-30 11:19:23.496 [DEBUG] [thread-id 1] - Executing function: 'unified.us.functions.search.closeHowDoYouWantYourOrderBottomTray'
2025-04-30 11:19:25.122 [DEBUG] [thread-id 1] - How do you want pop up not displayed
2025-04-30 11:19:26.971 [DEBUG] [thread-id 1] - Verify identifier: {VehicleInfoView.titleLabel=[true], //XCUIElementTypeOther[@name="FitmentSearchStatusWidgetView.containerView"]=[true], //XCUIElementTypeStaticText[@label="We need a little more info to check fit."]=[true], //XCUIElementTypeButton[@name="Add more info" or @label="Add more info"]=[true]}
2025-04-30 11:19:27.636 [DEBUG] [thread-id 1] - conditionally execute a flow. condition: true
2025-04-30 11:19:28.517 [DEBUG] [thread-id 1] - Verify identifier: {VehicleInfoView.titleLabel=[true]}
2025-04-30 11:19:29.859 [DEBUG] [thread-id 1] - Vehicle added and displayed are same
2025-04-30 11:19:30.960 [DEBUG] [thread-id 1] - Click element: '//XCUIElementTypeButton[@name="Add more info" or @label="Add more info"]'
2025-04-30 11:19:32.364 [DEBUG] [thread-id 1] - sleep:  3000 milliseconds
2025-04-30 11:19:36.353 [DEBUG] [thread-id 1] - conditionally execute a flow. condition: true
2025-04-30 11:19:38.073 [DEBUG] [thread-id 1] - Click element: '//XCUIElementTypeOther[@name="FitmentFieldCell_SmartSubModel"] | //XCUIElementTypeTextField[@value="Choose sub model"] | //XCUIElementTypeTextField[@label="Sub model*" or @label="Submodel*"]'
2025-04-30 11:19:39.848 [DEBUG] [thread-id 1] - Click element: 'done'
2025-04-30 11:19:42.202 [DEBUG] [thread-id 1] - Click element: '//XCUIElementTypeOther[@name="FitmentFieldCell_TireSize"] | //XCUIElementTypeTextField[@name="TextFieldStackView.textField" and @label="Tire size*"]'
2025-04-30 11:19:44.011 [DEBUG] [thread-id 1] - Click element: 'done'
2025-04-30 11:19:46.777 [DEBUG] [thread-id 1] - sleep:  2000 milliseconds
2025-04-30 11:19:50.328 [DEBUG] [thread-id 1] - Click element: '//XCUIElementTypeButton[@name="FitmentFooterActionsView.saveButton"] | //XCUIElementTypeButton[@name="VehicleFooterActionsView.saveButton"]'
2025-04-30 11:19:50.886 [DEBUG] [thread-id 1] - Store in: store the value 'passed' in the variable 'testStatus'
2025-04-30 11:19:52.845 [DEBUG] [thread-id 1] - Executing scenario: 'After'
2025-04-30 11:19:52.846 [DEBUG] [thread-id 1] - Executing function: 'unified.us.functions.utils.afterSteps'
2025-04-30 11:19:52.846 [DEBUG] [thread-id 1] - conditionally execute a flow. condition: true
2025-04-30 11:19:53.518 [DEBUG] [thread-id 1] - Test passed
2025-04-30 11:19:56.499 [DEBUG] [thread-id 1] - Created report: /Users/m0k0a2f/glass-automation/report/index.html
