2025-01-05 14:36:20.184 [DEBUG] [thread-id 1] - Executing R2 4.0.2: '/Users/m0k0a2f/glass-automation/us/unified-e2e-tests/test-scripts/Ecomm-And-Fulfillment-Flows/item-page-different-items-flows/C2659245-item-page-links-validation-and-sharedItem-pickup-delivery-shipping-guest-signed.yaml' on device: 'iPhone 12'
2025-01-05 14:40:42.611 [DEBUG] [thread-id 1] - Executing scenario: 'Before'
2025-01-05 14:40:42.614 [DEBUG] [thread-id 1] - Executing function: 'us.function.utils.getEnvironmentValue'
2025-01-05 14:40:42.615 [DEBUG] [thread-id 1] - Store in: store the value 'production' in the variable 'env'
2025-01-05 14:40:42.615 [DEBUG] [thread-id 1] - Timestamp: 1736116842615
2025-01-05 14:40:42.617 [DEBUG] [thread-id 1] - Executing function: 'functions.utils.setPlatformInfo'
2025-01-05 14:40:42.620 [WARN] [thread-id 1] - variable dependencies.general.appPackage was used, but r2 could not find a value for this variable. returning default of null
2025-01-05 14:40:42.620 [DEBUG] [thread-id 1] - Store in: store the value 'null' in the variable 'appPackage'
2025-01-05 14:40:42.631 [DEBUG] [thread-id 1] - conditionally execute a flow. condition: true
2025-01-05 14:40:42.878 [DEBUG] [thread-id 1] - Store in: store the value 'iOS' in the variable 'platform'
2025-01-05 14:40:42.889 [DEBUG] [thread-id 1] - R2_SUBFLOW_PRE_TRANSACTION
2025-01-05 14:40:43.600 [DEBUG] [thread-id 1] - Using us-errors-helpers.yaml
2025-01-05 14:40:44.149 [DEBUG] [thread-id 1] - Start Main
2025-01-05 14:40:44.150 [DEBUG] [thread-id 1] - Executing function: 'unified.us.functions.global.onboarding.navigateOnboardingToHome'
2025-01-05 14:40:44.151 [DEBUG] [thread-id 1] - Welcome screen loaded
2025-01-05 14:40:44.154 [DEBUG] [thread-id 1] - Verify identifier: {cta.cancel.welcome=[true]}
2025-01-05 14:40:44.155 [DEBUG] [thread-id 1] - Store in: store the value 'true' in the variable 'testStarted'
2025-01-05 14:40:44.198 [DEBUG] [thread-id 1] - Click element: 'cta.cancel.welcome'
2025-01-05 14:40:44.737 [DEBUG] [thread-id 1] - Notifiction Prompt screen loaded
2025-01-05 14:41:05.634 [DEBUG] [thread-id 1] - Main failed: Is not present: 'LocationPermissionViewController.titleLabel'
2025-01-05 14:41:06.174 [DEBUG] [thread-id 1] - Executing scenario: 'After'
2025-01-05 14:41:06.174 [DEBUG] [thread-id 1] - Executing function: 'unified.us.functions.utils.afterSteps'
2025-01-05 14:41:06.175 [WARN] [thread-id 1] - variable testStatus was used, but r2 could not find a value for this variable. returning default of null
2025-01-05 14:41:06.176 [DEBUG] [thread-id 1] - conditionally execute a flow. condition: false
2025-01-05 14:41:06.426 [DEBUG] [thread-id 1] - Test failed
2025-01-05 14:41:16.190 [DEBUG] [thread-id 1] - Created report: /Users/m0k0a2f/glass-automation/report/index.html
2025-01-05 14:43:03.600 [DEBUG] [thread-id 1] - Executing R2 4.0.2: '/Users/m0k0a2f/glass-automation/us/unified-e2e-tests/test-scripts/Ecomm-And-Fulfillment-Flows/item-page-different-items-flows/C2659245-item-page-links-validation-and-sharedItem-pickup-delivery-shipping-guest-signed.yaml' on device: 'iPhone 12'
2025-01-05 14:46:25.834 [DEBUG] [thread-id 1] - Executing scenario: 'Before'
2025-01-05 14:46:25.836 [DEBUG] [thread-id 1] - Executing function: 'us.function.utils.getEnvironmentValue'
2025-01-05 14:46:25.837 [DEBUG] [thread-id 1] - Store in: store the value 'production' in the variable 'env'
2025-01-05 14:46:25.838 [DEBUG] [thread-id 1] - Timestamp: 1736117185838
2025-01-05 14:46:25.839 [DEBUG] [thread-id 1] - Executing function: 'functions.utils.setPlatformInfo'
2025-01-05 14:46:25.842 [WARN] [thread-id 1] - variable dependencies.general.appPackage was used, but r2 could not find a value for this variable. returning default of null
2025-01-05 14:46:25.842 [DEBUG] [thread-id 1] - Store in: store the value 'null' in the variable 'appPackage'
2025-01-05 14:46:25.851 [DEBUG] [thread-id 1] - conditionally execute a flow. condition: true
2025-01-05 14:46:26.095 [DEBUG] [thread-id 1] - Store in: store the value 'iOS' in the variable 'platform'
2025-01-05 14:46:26.101 [DEBUG] [thread-id 1] - R2_SUBFLOW_PRE_TRANSACTION
2025-01-05 14:46:26.538 [DEBUG] [thread-id 1] - Using us-errors-helpers.yaml
2025-01-05 14:46:26.978 [DEBUG] [thread-id 1] - Start Main
2025-01-05 14:46:26.979 [DEBUG] [thread-id 1] - Executing function: 'unified.us.functions.global.onboarding.navigateOnboardingToHome'
2025-01-05 14:46:26.980 [DEBUG] [thread-id 1] - Welcome screen loaded
2025-01-05 14:46:26.984 [DEBUG] [thread-id 1] - Verify identifier: {cta.cancel.welcome=[true]}
2025-01-05 14:46:26.984 [DEBUG] [thread-id 1] - Store in: store the value 'true' in the variable 'testStarted'
2025-01-05 14:46:27.026 [DEBUG] [thread-id 1] - Click element: 'cta.cancel.welcome'
2025-01-05 14:46:27.593 [DEBUG] [thread-id 1] - Notifiction Prompt screen loaded
2025-01-05 14:46:30.095 [DEBUG] [thread-id 1] - Verify identifier: {LocationPermissionViewController.titleLabel=[true]}
2025-01-05 14:46:30.136 [DEBUG] [thread-id 1] - Click element: 'Enter zip code'
2025-01-05 14:46:30.878 [DEBUG] [thread-id 1] - Verify identifier: {label.postal-code-entry=[true]}
2025-01-05 14:46:30.879 [DEBUG] [thread-id 1] - sleep:  2000 milliseconds
2025-01-05 14:46:32.929 [DEBUG] [thread-id 1] - Enter text: '95122'
2025-01-05 14:46:36.603 [DEBUG] [thread-id 1] - Click element: 'cta.continue'
2025-01-05 14:46:37.120 [DEBUG] [thread-id 1] - sleep:  3000 milliseconds
2025-01-05 14:46:50.377 [DEBUG] [thread-id 1] - conditionally execute a flow. condition: true
2025-01-05 14:46:50.593 [DEBUG] [thread-id 1] - Observed IDFA Screen
2025-01-05 14:46:50.923 [DEBUG] [thread-id 1] - conditionally execute a flow. condition: true
2025-01-05 14:46:51.138 [DEBUG] [thread-id 1] - Verify identifier: {ATTPermissionViewController.titleLabel=[true], ATTPermissionViewController.bodyLabel=[true]}
2025-01-05 14:46:51.396 [DEBUG] [thread-id 1] - Click element: 'cta.continue.location'
2025-01-05 14:46:54.605 [DEBUG] [thread-id 1] - Click element: '//XCUIElementTypeButton[@name="Ask App Not to Track"] | //XCUIElementTypeButton[@name="Solicitar a la app no rastrear"]'
2025-01-05 14:47:22.240 [DEBUG] [thread-id 1] - Executing function: 'unified.us.functions.home.toolTip'
2025-01-05 14:47:24.275 [DEBUG] [thread-id 1] - conditionally execute a flow. condition: true
2025-01-05 14:47:26.417 [DEBUG] [thread-id 1] - tooltip displayed
2025-01-05 14:47:29.593 [DEBUG] [thread-id 1] - Click element with offset: 'LDCallout.closeLinkButton'
2025-01-05 14:47:31.142 [DEBUG] [thread-id 1] - Executing function: 'unified.us.functions.gic.collapseIfExpanded'
2025-01-05 14:47:37.537 [DEBUG] [thread-id 1] - GIC already collapsed
2025-01-05 14:47:39.647 [DEBUG] [thread-id 1] - Verify identifier: {Search Walmart=[true]}
2025-01-05 14:47:39.647 [DEBUG] [thread-id 1] - Executing function: 'unified.us.functions.home.navigateHomeToSignIn'
2025-01-05 14:47:41.360 [DEBUG] [thread-id 1] - Click element: '//XCUIElementTypeButton[@name="Account"] | Account'
2025-01-05 14:47:45.354 [DEBUG] [thread-id 1] - Verify identifier: {//XCUIElementTypeButton[@name="SignInYourAccountTableViewCell.signInButton"]=[true]}
2025-01-05 14:47:45.670 [DEBUG] [thread-id 1] - Click element: '//XCUIElementTypeButton[@name="SignInYourAccountTableViewCell.signInButton"]'
2025-01-05 14:47:47.556 [DEBUG] [thread-id 1] - conditionally execute a flow. condition: true
2025-01-05 14:47:48.786 [DEBUG] [thread-id 1] - Store in: store the value 'true' in the variable 'signInValidated'
2025-01-05 14:47:48.797 [DEBUG] [thread-id 1] - conditionally execute a flow. condition: true
2025-01-05 14:47:50.010 [DEBUG] [thread-id 1] - SignIn page loaded
2025-01-05 14:47:51.237 [DEBUG] [thread-id 1] - Store in: store the value 'false' in the variable 'signInValidated'
2025-01-05 14:47:51.244 [DEBUG] [thread-id 1] - conditionally execute a flow. condition: true
2025-01-05 14:47:52.481 [DEBUG] [thread-id 1] - Store in: store the value 'prod.gicUser1@cloudtest.org' in the variable 'email'
2025-01-05 14:47:53.729 [DEBUG] [thread-id 1] - Store in: store the value 'e2ePassword$' in the variable 'password'
2025-01-05 14:47:53.735 [DEBUG] [thread-id 1] - Executing function: 'unified.us.functions.global.authentication.signInAccount'
2025-01-05 14:47:53.736 [DEBUG] [thread-id 1] - conditionally execute a flow. condition: true
2025-01-05 14:48:07.384 [DEBUG] [thread-id 1] - Verify identifier: {TextFieldStackView.containerStackView=[true]}
2025-01-05 14:48:07.544 [DEBUG] [thread-id 1] - Enter text: 'prod.gicUser1@cloudtest.org'
2025-01-05 14:48:12.311 [DEBUG] [thread-id 1] - Click element: 'WelcomeView.ctaButton'
2025-01-05 14:48:13.027 [DEBUG] [thread-id 1] - sleep:  2000 milliseconds
2025-01-05 14:48:15.807 [DEBUG] [thread-id 1] - conditionally execute a flow. condition: true
2025-01-05 14:48:17.165 [DEBUG] [thread-id 1] - Entered Email Successfully
2025-01-05 14:48:18.534 [DEBUG] [thread-id 1] - conditionally execute a flow. condition: true
2025-01-05 14:48:20.067 [DEBUG] [thread-id 1] - Click element: 'AuthChoiceView.passwordStackView'
2025-01-05 14:48:22.239 [DEBUG] [thread-id 1] - Selected Password Option to Login
2025-01-05 14:48:22.245 [DEBUG] [thread-id 1] - Verify identifier: {TextFieldStackView.textField=[true]}
2025-01-05 14:48:22.414 [DEBUG] [thread-id 1] - Enter text: 'e2ePassword$'
2025-01-05 14:48:29.195 [DEBUG] [thread-id 1] - Click element: 'AuthChoiceView.ctaButton'
2025-01-05 14:48:50.573 [DEBUG] [thread-id 1] - conditionally execute a flow. condition: true
2025-01-05 14:48:51.290 [DEBUG] [thread-id 1] - sleep:  2000 milliseconds
2025-01-05 14:49:04.776 [DEBUG] [thread-id 1] - Executing function: 'unified.us.functions.utils.handleCartMergePopup'
2025-01-05 14:49:26.432 [DEBUG] [thread-id 1] - No Technical Error Page observed
2025-01-05 14:49:26.442 [DEBUG] [thread-id 1] - Executing function: 'unified.us.functions.home.toolTip'
2025-01-05 14:49:36.505 [DEBUG] [thread-id 1] - conditionally execute a flow. condition: false
2025-01-05 14:49:37.176 [DEBUG] [thread-id 1] - no tooltip displayed
2025-01-05 14:49:37.188 [DEBUG] [thread-id 1] - Executing function: 'unified.us.functions.global.navigation.accountToHome'
2025-01-05 14:49:37.189 [DEBUG] [thread-id 1] - Executing function: 'unified.us.functions.global.navigation.toTab'
2025-01-05 14:49:37.190 [DEBUG] [thread-id 1] - Executing function: 'us.functions.utils.scrollIfNotVisible'
2025-01-05 14:49:38.347 [DEBUG] [thread-id 1] - Verify identifier: {//XCUIElementTypeButton[contains(@name, "Shop")]=[true]}
2025-01-05 14:49:39.021 [DEBUG] [thread-id 1] - Element already visible, scrolling is skipped
2025-01-05 14:49:39.031 [DEBUG] [thread-id 1] - Resetting scrollPosition variable to default
2025-01-05 14:49:39.032 [DEBUG] [thread-id 1] - Store in: store the value 'null' in the variable 'scrollPosition'
2025-01-05 14:49:39.033 [DEBUG] [thread-id 1] - Store in: store the value 'null' in the variable 'identifierScope'
2025-01-05 14:49:39.033 [DEBUG] [thread-id 1] - Store in: store the value 'null' in the variable 'limit'
2025-01-05 14:49:39.488 [DEBUG] [thread-id 1] - Click element: '//XCUIElementTypeButton[contains(@name, "Shop")]'
2025-01-05 14:49:39.980 [DEBUG] [thread-id 1] - Executing function: 'unified.us.functions.home.closeWPlusPromotionPopUpIfDisplayed'
2025-01-05 14:49:39.982 [DEBUG] [thread-id 1] - conditionally execute a flow. condition: true
2025-01-05 14:49:54.079 [DEBUG] [thread-id 1] - Executing function: 'unified.us.functions.home.setStore'
2025-01-05 14:49:54.080 [DEBUG] [thread-id 1] - conditionally execute a flow. condition: true
2025-01-05 14:49:56.069 [DEBUG] [thread-id 1] - Store in: store the value '95122' in the variable 'zipcode'
2025-01-05 14:49:56.075 [DEBUG] [thread-id 1] - Executing function: 'unified.us.functions.gic.expandIfCollapsed'
2025-01-05 14:49:59.894 [DEBUG] [thread-id 1] - Verify identifier: {//*[contains(@label,"Collapsed")] | //*[contains(@name,"Collapsed")]=[true]}
2025-01-05 14:50:03.779 [DEBUG] [thread-id 1] - Click element: '//*[contains(@label,"Collapsed")] | //*[contains(@name,"Collapsed")]'
2025-01-05 14:50:14.897 [DEBUG] [thread-id 1] - conditionally execute a flow. condition: false
2025-01-05 14:50:15.479 [DEBUG] [thread-id 1] - Skipping as its already set to the required store
2025-01-05 14:50:16.080 [DEBUG] [thread-id 1] - Executing function: 'unified.us.functions.gic.collapseIfExpanded'
2025-01-05 14:50:17.058 [DEBUG] [thread-id 1] - Verify identifier: {//*[contains(@label,"Expanded")] | //*[contains(@name,"Expanded")]=[true]}
2025-01-05 14:50:17.664 [DEBUG] [thread-id 1] - Collapsing GIC screen
2025-01-05 14:50:18.748 [DEBUG] [thread-id 1] - Click element: '//*[contains(@label,"Expanded")] | //*[contains(@name,"Expanded")]'
2025-01-05 14:50:19.235 [DEBUG] [thread-id 1] - Executing function: 'unified.us.functions.search.searchItem'
2025-01-05 14:50:21.227 [DEBUG] [thread-id 1] - Verify identifier: {Search=[true]}
2025-01-05 14:50:21.606 [DEBUG] [thread-id 1] - Click element: 'Search'
2025-01-05 14:50:22.850 [DEBUG] [thread-id 1] - Verify identifier: {Search Walmart=[true]}
2025-01-05 14:50:25.963 [DEBUG] [thread-id 1] - Click element: 'Search Walmart'
2025-01-05 14:50:26.695 [DEBUG] [thread-id 1] - Enter text: 'Clay Kids'
2025-01-05 14:50:38.014 [DEBUG] [thread-id 1] - Executing function: 'unified.us.functions.home.closeWPlusPromotionPopUpIfDisplayed'
2025-01-05 14:50:38.015 [DEBUG] [thread-id 1] - conditionally execute a flow. condition: true
2025-01-05 14:50:48.856 [DEBUG] [thread-id 1] - Executing function: 'unified.us.functions.utils.scrollIfNotVisible'
2025-01-05 14:50:48.857 [WARN] [thread-id 1] - variable scrollLimit was used, but r2 could not find a value for this variable. returning default of null
2025-01-05 14:50:48.858 [DEBUG] [thread-id 1] - conditionally execute a flow. condition: true
2025-01-05 14:50:49.483 [DEBUG] [thread-id 1] - Store in: store the value '7' in the variable 'scrollLimit'
2025-01-05 14:50:49.489 [DEBUG] [thread-id 1] - Scroll limit set to - 7
2025-01-05 14:50:49.490 [DEBUG] [thread-id 1] - conditionally execute a flow. condition: true
2025-01-05 14:50:50.647 [DEBUG] [thread-id 1] - conditionally execute a flow. condition: true
2025-01-05 14:50:51.286 [DEBUG] [thread-id 1] - Element already visible, scrolling is skipped
2025-01-05 14:50:51.301 [WARN] [thread-id 1] - variable scrollNeeded was used, but r2 could not find a value for this variable. returning default of null
2025-01-05 14:50:51.301 [DEBUG] [thread-id 1] - Resetting scrollPosition variable to default
2025-01-05 14:50:51.302 [DEBUG] [thread-id 1] - Store in: store the value 'null' in the variable 'scrollPosition'
2025-01-05 14:50:51.303 [DEBUG] [thread-id 1] - Store in: store the value 'null' in the variable 'identifierScope'
2025-01-05 14:50:51.303 [DEBUG] [thread-id 1] - Store in: store the value 'null' in the variable 'scrollLimit'
2025-01-05 14:50:51.303 [DEBUG] [thread-id 1] - Store in: store the value 'false' in the variable 'scrollNeeded'
2025-01-05 14:50:51.740 [DEBUG] [thread-id 1] - conditionally execute a flow. condition: true
2025-01-05 14:50:52.390 [DEBUG] [thread-id 1] - successfully found an item for the above search criterion
2025-01-05 14:50:52.400 [DEBUG] [thread-id 1] - Executing function: 'unified.us.functions.gic.changeFulfillment'
2025-01-05 14:50:52.400 [DEBUG] [thread-id 1] - Executing function: 'unified.us.functions.gic.expandIfCollapsed'
2025-01-05 14:50:53.467 [DEBUG] [thread-id 1] - Verify identifier: {//*[contains(@label,"Collapsed")] | //*[contains(@name,"Collapsed")]=[true]}
2025-01-05 14:50:54.533 [DEBUG] [thread-id 1] - Click element: '//*[contains(@label,"Collapsed")] | //*[contains(@name,"Collapsed")]'
2025-01-05 14:50:55.023 [DEBUG] [thread-id 1] - Executing function: 'unified.us.functions.gic.setFulfillment'
2025-01-05 14:50:55.024 [DEBUG] [thread-id 1] - conditionally execute a flow. condition: true
2025-01-05 14:51:06.070 [DEBUG] [thread-id 1] - conditionally execute a flow. condition: false
2025-01-05 14:51:08.465 [DEBUG] [thread-id 1] - Click element: '//XCUIElementTypeButton[@name="GlobalIntentCenter.Shipping"] | //XCUIElementTypeButton[contains(@name, "Shipping") ] | //XCUIElementTypeButton[@name="HoTIntentOptionsView" or @name="HoTIntentOptionsPhase2View" and contains(@label,"Shipping")]'
2025-01-05 14:51:09.467 [DEBUG] [thread-id 1] - Shipping intent selected
2025-01-05 14:51:10.126 [DEBUG] [thread-id 1] - sleep:  3000 milliseconds
2025-01-05 14:51:23.180 [DEBUG] [thread-id 1] - Executing function: 'unified.us.functions.gic.collapseIfExpanded'
2025-01-05 14:51:23.981 [DEBUG] [thread-id 1] - Verify identifier: {//*[contains(@label,"Expanded")] | //*[contains(@name,"Expanded")]=[true]}
2025-01-05 14:51:24.475 [DEBUG] [thread-id 1] - Collapsing GIC screen
2025-01-05 14:51:25.284 [DEBUG] [thread-id 1] - Click element: '//*[contains(@label,"Expanded")] | //*[contains(@name,"Expanded")]'
2025-01-05 14:51:25.742 [DEBUG] [thread-id 1] - Executing function: 'unified.us.functions.search.applyGiftFilter'
2025-01-05 14:51:25.743 [DEBUG] [thread-id 1] - sleep:  10000 milliseconds
2025-01-05 14:51:36.171 [DEBUG] [thread-id 1] - Click element: '//XCUIElementTypeButton[contains(@name, "PillView_name_Sort and filter")] | //*[contains(@name,"Filters")] | //XCUIElementTypeStaticText[@name="Filters"] | //XCUIElementTypeButton[contains(@name, "PillView_name_Filters")]'
2025-01-05 14:51:36.646 [DEBUG] [thread-id 1] - sleep:  4000 milliseconds
2025-01-05 14:51:40.652 [DEBUG] [thread-id 1] - Scroll: down
2025-01-05 14:51:57.864 [DEBUG] [thread-id 1] - conditionally execute a flow. condition: true
2025-01-05 14:52:03.487 [DEBUG] [thread-id 1] - Click element: '//*[@name="Gifting, "]  | //XCUIElementTypeButton[@name="UIButton_Gifting" and @visible = "true"]'
2025-01-05 14:52:04.491 [DEBUG] [thread-id 1] - sleep:  5000 milliseconds
2025-01-05 14:52:15.620 [DEBUG] [thread-id 1] - Click element: '//XCUIElementTypeStaticText[@value="Gift eligible"] | //XCUIElementTypeCell[contains(@label, "Gift eligible")]//XCUIElementTypeButton'
2025-01-05 14:52:16.379 [DEBUG] [thread-id 1] - sleep:  10000 milliseconds
2025-01-05 14:52:27.246 [DEBUG] [thread-id 1] - Click element: '//XCUIElementTypeStaticText[@name="View results"] | //XCUIElementTypeButton[@name="View results"] | //XCUIElementTypeButton[@name="SortAndFilterViewController.applyButton"]'
2025-01-05 14:52:27.929 [DEBUG] [thread-id 1] - sleep:  10000 milliseconds
2025-01-05 14:52:37.932 [DEBUG] [thread-id 1] - Executing function: 'unified.us.functions.search.clickOnFirstItem'
2025-01-05 14:52:37.934 [WARN] [thread-id 1] - variable noAds was used, but r2 could not find a value for this variable. returning default of null
2025-01-05 14:52:37.935 [WARN] [thread-id 1] - variable excludeSponsored was used, but r2 could not find a value for this variable. returning default of null
2025-01-05 14:52:37.935 [WARN] [thread-id 1] - variable subFilter was used, but r2 could not find a value for this variable. returning default of null
2025-01-05 14:52:37.938 [DEBUG] [thread-id 1] - conditionally execute a flow. condition: true
2025-01-05 14:52:38.601 [DEBUG] [thread-id 1] - Executing function: 'unified.us.functions.utils.scrollIfNotVisible'
2025-01-05 14:52:38.602 [DEBUG] [thread-id 1] - conditionally execute a flow. condition: true
2025-01-05 14:52:39.246 [DEBUG] [thread-id 1] - Store in: store the value '7' in the variable 'scrollLimit'
2025-01-05 14:52:39.255 [DEBUG] [thread-id 1] - Scroll limit set to - 7
2025-01-05 14:52:39.255 [DEBUG] [thread-id 1] - conditionally execute a flow. condition: true
2025-01-05 14:52:40.368 [DEBUG] [thread-id 1] - conditionally execute a flow. condition: true
2025-01-05 14:52:41.027 [DEBUG] [thread-id 1] - Element already visible, scrolling is skipped
2025-01-05 14:52:41.041 [DEBUG] [thread-id 1] - Resetting scrollPosition variable to default
2025-01-05 14:52:41.041 [DEBUG] [thread-id 1] - Store in: store the value 'null' in the variable 'scrollPosition'
2025-01-05 14:52:41.041 [DEBUG] [thread-id 1] - Store in: store the value 'null' in the variable 'identifierScope'
2025-01-05 14:52:41.041 [DEBUG] [thread-id 1] - Store in: store the value 'null' in the variable 'scrollLimit'
2025-01-05 14:52:41.041 [DEBUG] [thread-id 1] - Store in: store the value 'false' in the variable 'scrollNeeded'
2025-01-05 14:52:42.146 [DEBUG] [thread-id 1] - Click element: '(//XCUIElementTypeButton[@name="GlassProductTile.mainStackView"])[1] | //XCUIElementTypeOther[contains(@name,"ProductImageView.stackView")] | //*[contains(@name,"ProductSectionCoordinator_searchPrimaryProductCell")] | //XCUIElementTypeCell[contains(@name,"ProductSectionCoordinator_searchPrimaryProductCell_indexPath")] | (//XCUIElementTypeOther[@name="ProductImageView.stackView"])[1] | (//XCUIElementTypeButton[@name="GlassProductTile.mainStackView"])[2] | //XCUIElementTypeButton[@name="ListView.accessibilityContainer"]'
2025-01-05 14:52:42.640 [DEBUG] [thread-id 1] - Executing function: 'unified.us.functions.search.verifyItemPageOpened'
2025-01-05 14:53:09.632 [DEBUG] [thread-id 1] - Verify identifier: {//XCUIElementTypeStaticText[@name="BrandNameView_brandName" or @name = "TitleView_productTitle"] | //XCUIElementTypeButton[@name="BrandNameView_brandNameButton"]=[true]}
2025-01-05 14:53:09.661 [DEBUG] [thread-id 1] - Store in: store the value 'null' in the variable 'subFilter'
2025-01-05 14:53:09.661 [DEBUG] [thread-id 1] - Store in: store the value 'false' in the variable 'noAds'
2025-01-05 14:53:09.661 [DEBUG] [thread-id 1] - Store in: store the value 'false' in the variable 'excludeSponsored'
2025-01-05 14:53:09.662 [DEBUG] [thread-id 1] - Executing function: 'unified.us.functions.item.verifyReturnDetailsLink'
2025-01-05 14:53:09.662 [DEBUG] [thread-id 1] - sleep:  5000 milliseconds
2025-01-05 14:53:14.669 [DEBUG] [thread-id 1] - loop: from 1 to 4
2025-01-05 14:53:26.154 [DEBUG] [thread-id 1] - Drag: from (195,506) to (195,295)
2025-01-05 14:54:08.059 [DEBUG] [thread-id 1] - Drag: from (195,506) to (195,295)
2025-01-05 14:54:49.518 [DEBUG] [thread-id 1] - Drag: from (195,506) to (195,295)
2025-01-05 14:55:47.109 [DEBUG] [thread-id 1] - Main failed: Is not present: 'us.mappings.item.returnDetailsLink'
2025-01-05 14:56:04.722 [DEBUG] [thread-id 1] - Executing scenario: 'After'
2025-01-05 14:56:04.723 [DEBUG] [thread-id 1] - Executing function: 'unified.us.functions.utils.afterSteps'
2025-01-05 14:56:04.723 [WARN] [thread-id 1] - variable testStatus was used, but r2 could not find a value for this variable. returning default of null
2025-01-05 14:56:04.723 [DEBUG] [thread-id 1] - conditionally execute a flow. condition: false
2025-01-05 14:56:13.819 [DEBUG] [thread-id 1] - Test failed
2025-01-05 14:56:46.177 [DEBUG] [thread-id 1] - Created report: /Users/m0k0a2f/glass-automation/report/index.html
2025-01-05 15:39:52.281 [DEBUG] [thread-id 1] - Executing R2 4.0.2: '/Users/m0k0a2f/glass-automation/us/unified-e2e-tests/test-scripts/Ecomm-And-Fulfillment-Flows/item-page-different-items-flows/C2659245-item-page-links-validation-and-sharedItem-pickup-delivery-shipping-guest-signed.yaml' on device: 'iPhone 12'
2025-01-05 15:42:50.157 [DEBUG] [thread-id 1] - Executing scenario: 'Before'
2025-01-05 15:42:50.161 [DEBUG] [thread-id 1] - Executing function: 'us.function.utils.getEnvironmentValue'
2025-01-05 15:42:50.162 [DEBUG] [thread-id 1] - Store in: store the value 'production' in the variable 'env'
2025-01-05 15:42:50.162 [DEBUG] [thread-id 1] - Timestamp: 1736120570162
2025-01-05 15:42:50.163 [DEBUG] [thread-id 1] - Executing function: 'functions.utils.setPlatformInfo'
2025-01-05 15:42:50.166 [WARN] [thread-id 1] - variable dependencies.general.appPackage was used, but r2 could not find a value for this variable. returning default of null
2025-01-05 15:42:50.166 [DEBUG] [thread-id 1] - Store in: store the value 'null' in the variable 'appPackage'
2025-01-05 15:42:50.176 [DEBUG] [thread-id 1] - conditionally execute a flow. condition: true
2025-01-05 15:42:50.391 [DEBUG] [thread-id 1] - Store in: store the value 'iOS' in the variable 'platform'
2025-01-05 15:42:50.397 [DEBUG] [thread-id 1] - R2_SUBFLOW_PRE_TRANSACTION
2025-01-05 15:42:50.849 [DEBUG] [thread-id 1] - Using us-errors-helpers.yaml
2025-01-05 15:42:51.291 [DEBUG] [thread-id 1] - Start Main
2025-01-05 15:42:51.292 [DEBUG] [thread-id 1] - Executing function: 'unified.us.functions.global.onboarding.navigateOnboardingToHome'
2025-01-05 15:42:51.292 [DEBUG] [thread-id 1] - Welcome screen loaded
2025-01-05 15:42:51.296 [DEBUG] [thread-id 1] - Verify identifier: {cta.cancel.welcome=[true]}
2025-01-05 15:42:51.296 [DEBUG] [thread-id 1] - Store in: store the value 'true' in the variable 'testStarted'
2025-01-05 15:42:51.339 [DEBUG] [thread-id 1] - Click element: 'cta.cancel.welcome'
2025-01-05 15:42:51.864 [DEBUG] [thread-id 1] - Notifiction Prompt screen loaded
2025-01-05 15:43:12.710 [DEBUG] [thread-id 1] - Main failed: Is not present: 'LocationPermissionViewController.titleLabel'
2025-01-05 15:43:13.174 [DEBUG] [thread-id 1] - Executing scenario: 'After'
2025-01-05 15:43:13.174 [DEBUG] [thread-id 1] - Executing function: 'unified.us.functions.utils.afterSteps'
2025-01-05 15:43:13.175 [WARN] [thread-id 1] - variable testStatus was used, but r2 could not find a value for this variable. returning default of null
2025-01-05 15:43:13.175 [DEBUG] [thread-id 1] - conditionally execute a flow. condition: false
2025-01-05 15:43:13.396 [DEBUG] [thread-id 1] - Test failed
2025-01-05 15:43:20.882 [DEBUG] [thread-id 1] - Created report: /Users/m0k0a2f/glass-automation/report/index.html
2025-01-05 15:46:14.634 [DEBUG] [thread-id 1] - Executing R2 4.0.2: '/Users/m0k0a2f/glass-automation/us/unified-e2e-tests/test-scripts/Ecomm-And-Fulfillment-Flows/item-page-different-items-flows/C2659245-item-page-links-validation-and-sharedItem-pickup-delivery-shipping-guest-signed.yaml' on device: 'iPhone 12'
2025-01-05 15:49:03.773 [DEBUG] [thread-id 1] - Executing scenario: 'Before'
2025-01-05 15:49:03.776 [DEBUG] [thread-id 1] - Executing function: 'us.function.utils.getEnvironmentValue'
2025-01-05 15:49:03.776 [DEBUG] [thread-id 1] - Store in: store the value 'production' in the variable 'env'
2025-01-05 15:49:03.777 [DEBUG] [thread-id 1] - Timestamp: 1736120943777
2025-01-05 15:49:03.778 [DEBUG] [thread-id 1] - Executing function: 'functions.utils.setPlatformInfo'
2025-01-05 15:49:03.781 [WARN] [thread-id 1] - variable dependencies.general.appPackage was used, but r2 could not find a value for this variable. returning default of null
2025-01-05 15:49:03.781 [DEBUG] [thread-id 1] - Store in: store the value 'null' in the variable 'appPackage'
2025-01-05 15:49:03.791 [DEBUG] [thread-id 1] - conditionally execute a flow. condition: true
2025-01-05 15:49:04.005 [DEBUG] [thread-id 1] - Store in: store the value 'iOS' in the variable 'platform'
2025-01-05 15:49:04.011 [DEBUG] [thread-id 1] - R2_SUBFLOW_PRE_TRANSACTION
2025-01-05 15:49:04.449 [DEBUG] [thread-id 1] - Using us-errors-helpers.yaml
2025-01-05 15:49:04.879 [DEBUG] [thread-id 1] - Start Main
2025-01-05 15:49:04.880 [DEBUG] [thread-id 1] - Executing function: 'unified.us.functions.global.onboarding.navigateOnboardingToHome'
2025-01-05 15:49:04.881 [DEBUG] [thread-id 1] - Welcome screen loaded
2025-01-05 15:49:04.884 [DEBUG] [thread-id 1] - Verify identifier: {cta.cancel.welcome=[true]}
2025-01-05 15:49:04.884 [DEBUG] [thread-id 1] - Store in: store the value 'true' in the variable 'testStarted'
2025-01-05 15:49:04.925 [DEBUG] [thread-id 1] - Click element: 'cta.cancel.welcome'
2025-01-05 15:49:05.443 [DEBUG] [thread-id 1] - Notifiction Prompt screen loaded
2025-01-05 15:49:08.501 [DEBUG] [thread-id 1] - Verify identifier: {LocationPermissionViewController.titleLabel=[true]}
2025-01-05 15:49:08.547 [DEBUG] [thread-id 1] - Click element: 'Enter zip code'
2025-01-05 15:49:09.232 [DEBUG] [thread-id 1] - Verify identifier: {label.postal-code-entry=[true]}
2025-01-05 15:49:09.232 [DEBUG] [thread-id 1] - sleep:  2000 milliseconds
2025-01-05 15:49:11.301 [DEBUG] [thread-id 1] - Enter text: '95122'
2025-01-05 15:49:13.294 [DEBUG] [thread-id 1] - Click element: 'cta.continue'
2025-01-05 15:49:13.776 [DEBUG] [thread-id 1] - sleep:  3000 milliseconds
2025-01-05 15:49:26.943 [DEBUG] [thread-id 1] - conditionally execute a flow. condition: true
2025-01-05 15:49:27.149 [DEBUG] [thread-id 1] - Observed IDFA Screen
2025-01-05 15:49:27.368 [DEBUG] [thread-id 1] - conditionally execute a flow. condition: true
2025-01-05 15:49:27.576 [DEBUG] [thread-id 1] - Verify identifier: {ATTPermissionViewController.titleLabel=[true], ATTPermissionViewController.bodyLabel=[true]}
2025-01-05 15:49:27.825 [DEBUG] [thread-id 1] - Click element: 'cta.continue.location'
2025-01-05 15:49:30.909 [DEBUG] [thread-id 1] - Click element: '//XCUIElementTypeButton[@name="Ask App Not to Track"] | //XCUIElementTypeButton[@name="Solicitar a la app no rastrear"]'
2025-01-05 15:49:54.723 [DEBUG] [thread-id 1] - Executing function: 'unified.us.functions.home.toolTip'
2025-01-05 15:49:55.456 [DEBUG] [thread-id 1] - conditionally execute a flow. condition: true
2025-01-05 15:49:56.194 [DEBUG] [thread-id 1] - tooltip displayed
2025-01-05 15:49:57.400 [DEBUG] [thread-id 1] - Click element with offset: 'LDCallout.closeLinkButton'
2025-01-05 15:49:58.867 [DEBUG] [thread-id 1] - Executing function: 'unified.us.functions.gic.collapseIfExpanded'
2025-01-05 15:50:00.797 [DEBUG] [thread-id 1] - GIC already collapsed
2025-01-05 15:50:01.565 [DEBUG] [thread-id 1] - Verify identifier: {Search Walmart=[true]}
2025-01-05 15:50:01.567 [DEBUG] [thread-id 1] - Executing function: 'unified.us.functions.home.navigateHomeToSignIn'
2025-01-05 15:50:01.998 [DEBUG] [thread-id 1] - Click element: '//XCUIElementTypeButton[@name="Account"] | Account'
2025-01-05 15:50:04.401 [DEBUG] [thread-id 1] - Verify identifier: {//XCUIElementTypeButton[@name="SignInYourAccountTableViewCell.signInButton"]=[true]}
2025-01-05 15:50:04.714 [DEBUG] [thread-id 1] - Click element: '//XCUIElementTypeButton[@name="SignInYourAccountTableViewCell.signInButton"]'
2025-01-05 15:50:06.600 [DEBUG] [thread-id 1] - conditionally execute a flow. condition: true
2025-01-05 15:50:07.788 [DEBUG] [thread-id 1] - Store in: store the value 'true' in the variable 'signInValidated'
2025-01-05 15:50:07.796 [DEBUG] [thread-id 1] - conditionally execute a flow. condition: true
2025-01-05 15:50:08.984 [DEBUG] [thread-id 1] - SignIn page loaded
2025-01-05 15:50:10.187 [DEBUG] [thread-id 1] - Store in: store the value 'false' in the variable 'signInValidated'
2025-01-05 15:50:10.193 [DEBUG] [thread-id 1] - conditionally execute a flow. condition: true
2025-01-05 15:50:11.369 [DEBUG] [thread-id 1] - Store in: store the value 'prod.gicUser1@cloudtest.org' in the variable 'email'
2025-01-05 15:50:12.655 [DEBUG] [thread-id 1] - Store in: store the value 'e2ePassword$' in the variable 'password'
2025-01-05 15:50:12.661 [DEBUG] [thread-id 1] - Executing function: 'unified.us.functions.global.authentication.signInAccount'
2025-01-05 15:50:12.661 [DEBUG] [thread-id 1] - conditionally execute a flow. condition: true
2025-01-05 15:50:25.586 [DEBUG] [thread-id 1] - Verify identifier: {TextFieldStackView.containerStackView=[true]}
2025-01-05 15:50:25.733 [DEBUG] [thread-id 1] - Enter text: 'prod.gicUser1@cloudtest.org'
2025-01-05 15:50:30.440 [DEBUG] [thread-id 1] - Click element: 'WelcomeView.ctaButton'
2025-01-05 15:50:31.285 [DEBUG] [thread-id 1] - sleep:  2000 milliseconds
2025-01-05 15:50:34.314 [DEBUG] [thread-id 1] - conditionally execute a flow. condition: true
2025-01-05 15:50:35.655 [DEBUG] [thread-id 1] - Entered Email Successfully
2025-01-05 15:50:36.956 [DEBUG] [thread-id 1] - conditionally execute a flow. condition: true
2025-01-05 15:50:38.431 [DEBUG] [thread-id 1] - Click element: 'AuthChoiceView.passwordStackView'
2025-01-05 15:50:40.482 [DEBUG] [thread-id 1] - Selected Password Option to Login
2025-01-05 15:50:40.487 [DEBUG] [thread-id 1] - Verify identifier: {TextFieldStackView.textField=[true]}
2025-01-05 15:50:40.651 [DEBUG] [thread-id 1] - Enter text: 'e2ePassword$'
2025-01-05 15:50:47.377 [DEBUG] [thread-id 1] - Click element: 'AuthChoiceView.ctaButton'
2025-01-05 15:51:11.700 [DEBUG] [thread-id 1] - conditionally execute a flow. condition: true
2025-01-05 15:51:13.890 [DEBUG] [thread-id 1] - sleep:  2000 milliseconds
2025-01-05 15:51:18.443 [DEBUG] [thread-id 1] - conditionally execute a flow. condition: true
2025-01-05 15:51:21.974 [DEBUG] [thread-id 1] - Click element: '//XCUIElementTypeButton[@name="Don’t Allow"]'
2025-01-05 15:51:22.631 [DEBUG] [thread-id 1] - Executing function: 'unified.us.functions.utils.handleCartMergePopup'
2025-01-05 15:51:44.015 [DEBUG] [thread-id 1] - No Technical Error Page observed
2025-01-05 15:51:44.020 [DEBUG] [thread-id 1] - Executing function: 'unified.us.functions.home.toolTip'
2025-01-05 15:51:54.441 [DEBUG] [thread-id 1] - conditionally execute a flow. condition: false
2025-01-05 15:51:55.088 [DEBUG] [thread-id 1] - no tooltip displayed
2025-01-05 15:51:55.099 [DEBUG] [thread-id 1] - Executing function: 'unified.us.functions.global.navigation.accountToHome'
2025-01-05 15:51:55.100 [DEBUG] [thread-id 1] - Executing function: 'unified.us.functions.global.navigation.toTab'
2025-01-05 15:51:55.100 [DEBUG] [thread-id 1] - Executing function: 'us.functions.utils.scrollIfNotVisible'
2025-01-05 15:51:56.220 [DEBUG] [thread-id 1] - Verify identifier: {//XCUIElementTypeButton[contains(@name, "Shop")]=[true]}
2025-01-05 15:51:56.877 [DEBUG] [thread-id 1] - Element already visible, scrolling is skipped
2025-01-05 15:51:56.883 [DEBUG] [thread-id 1] - Resetting scrollPosition variable to default
2025-01-05 15:51:56.883 [DEBUG] [thread-id 1] - Store in: store the value 'null' in the variable 'scrollPosition'
2025-01-05 15:51:56.884 [DEBUG] [thread-id 1] - Store in: store the value 'null' in the variable 'identifierScope'
2025-01-05 15:51:56.884 [DEBUG] [thread-id 1] - Store in: store the value 'null' in the variable 'limit'
2025-01-05 15:51:57.331 [DEBUG] [thread-id 1] - Click element: '//XCUIElementTypeButton[contains(@name, "Shop")]'
2025-01-05 15:51:57.787 [DEBUG] [thread-id 1] - Executing function: 'unified.us.functions.home.closeWPlusPromotionPopUpIfDisplayed'
2025-01-05 15:51:57.788 [DEBUG] [thread-id 1] - conditionally execute a flow. condition: true
2025-01-05 15:52:08.629 [DEBUG] [thread-id 1] - Executing function: 'unified.us.functions.home.setStore'
2025-01-05 15:52:08.630 [DEBUG] [thread-id 1] - conditionally execute a flow. condition: true
2025-01-05 15:52:09.382 [DEBUG] [thread-id 1] - Store in: store the value '95122' in the variable 'zipcode'
2025-01-05 15:52:09.388 [DEBUG] [thread-id 1] - Executing function: 'unified.us.functions.gic.expandIfCollapsed'
2025-01-05 15:52:10.718 [DEBUG] [thread-id 1] - Verify identifier: {//*[contains(@label,"Collapsed")] | //*[contains(@name,"Collapsed")]=[true]}
2025-01-05 15:52:12.004 [DEBUG] [thread-id 1] - Click element: '//*[contains(@label,"Collapsed")] | //*[contains(@name,"Collapsed")]'
2025-01-05 15:52:22.557 [DEBUG] [thread-id 1] - conditionally execute a flow. condition: false
2025-01-05 15:52:23.141 [DEBUG] [thread-id 1] - Skipping as its already set to the required store
2025-01-05 15:52:23.717 [DEBUG] [thread-id 1] - Executing function: 'unified.us.functions.gic.collapseIfExpanded'
2025-01-05 15:52:24.678 [DEBUG] [thread-id 1] - Verify identifier: {//*[contains(@label,"Expanded")] | //*[contains(@name,"Expanded")]=[true]}
2025-01-05 15:52:25.253 [DEBUG] [thread-id 1] - Collapsing GIC screen
2025-01-05 15:52:26.223 [DEBUG] [thread-id 1] - Click element: '//*[contains(@label,"Expanded")] | //*[contains(@name,"Expanded")]'
2025-01-05 15:52:26.699 [DEBUG] [thread-id 1] - Executing function: 'unified.us.functions.search.searchItem'
2025-01-05 15:52:27.463 [DEBUG] [thread-id 1] - Verify identifier: {Search=[true]}
2025-01-05 15:52:27.591 [DEBUG] [thread-id 1] - Click element: 'Search'
2025-01-05 15:52:28.197 [DEBUG] [thread-id 1] - Verify identifier: {Search Walmart=[true]}
2025-01-05 15:52:31.306 [DEBUG] [thread-id 1] - Click element: 'Search Walmart'
2025-01-05 15:52:31.906 [DEBUG] [thread-id 1] - Enter text: 'Clay Kids'
2025-01-05 15:52:43.454 [DEBUG] [thread-id 1] - Executing function: 'unified.us.functions.home.closeWPlusPromotionPopUpIfDisplayed'
2025-01-05 15:52:43.454 [DEBUG] [thread-id 1] - conditionally execute a flow. condition: true
2025-01-05 15:52:54.211 [DEBUG] [thread-id 1] - Executing function: 'unified.us.functions.utils.scrollIfNotVisible'
2025-01-05 15:52:54.212 [WARN] [thread-id 1] - variable scrollLimit was used, but r2 could not find a value for this variable. returning default of null
2025-01-05 15:52:54.213 [DEBUG] [thread-id 1] - conditionally execute a flow. condition: true
2025-01-05 15:52:54.821 [DEBUG] [thread-id 1] - Store in: store the value '7' in the variable 'scrollLimit'
2025-01-05 15:52:54.826 [DEBUG] [thread-id 1] - Scroll limit set to - 7
2025-01-05 15:52:54.827 [DEBUG] [thread-id 1] - conditionally execute a flow. condition: true
2025-01-05 15:52:56.004 [DEBUG] [thread-id 1] - conditionally execute a flow. condition: true
2025-01-05 15:52:56.636 [DEBUG] [thread-id 1] - Element already visible, scrolling is skipped
2025-01-05 15:52:56.645 [WARN] [thread-id 1] - variable scrollNeeded was used, but r2 could not find a value for this variable. returning default of null
2025-01-05 15:52:56.645 [DEBUG] [thread-id 1] - Resetting scrollPosition variable to default
2025-01-05 15:52:56.645 [DEBUG] [thread-id 1] - Store in: store the value 'null' in the variable 'scrollPosition'
2025-01-05 15:52:56.646 [DEBUG] [thread-id 1] - Store in: store the value 'null' in the variable 'identifierScope'
2025-01-05 15:52:56.646 [DEBUG] [thread-id 1] - Store in: store the value 'null' in the variable 'scrollLimit'
2025-01-05 15:52:56.647 [DEBUG] [thread-id 1] - Store in: store the value 'false' in the variable 'scrollNeeded'
2025-01-05 15:52:57.069 [DEBUG] [thread-id 1] - conditionally execute a flow. condition: true
2025-01-05 15:52:57.691 [DEBUG] [thread-id 1] - successfully found an item for the above search criterion
2025-01-05 15:52:57.696 [DEBUG] [thread-id 1] - Executing function: 'unified.us.functions.gic.changeFulfillment'
2025-01-05 15:52:57.696 [DEBUG] [thread-id 1] - Executing function: 'unified.us.functions.gic.expandIfCollapsed'
2025-01-05 15:52:58.850 [DEBUG] [thread-id 1] - Verify identifier: {//*[contains(@label,"Collapsed")] | //*[contains(@name,"Collapsed")]=[true]}
2025-01-05 15:52:59.906 [DEBUG] [thread-id 1] - Click element: '//*[contains(@label,"Collapsed")] | //*[contains(@name,"Collapsed")]'
2025-01-05 15:53:00.382 [DEBUG] [thread-id 1] - Executing function: 'unified.us.functions.gic.setFulfillment'
2025-01-05 15:53:00.382 [DEBUG] [thread-id 1] - conditionally execute a flow. condition: true
2025-01-05 15:53:11.201 [DEBUG] [thread-id 1] - conditionally execute a flow. condition: false
2025-01-05 15:53:13.649 [DEBUG] [thread-id 1] - Click element: '//XCUIElementTypeButton[@name="GlobalIntentCenter.Shipping"] | //XCUIElementTypeButton[contains(@name, "Shipping") ] | //XCUIElementTypeButton[@name="HoTIntentOptionsView" or @name="HoTIntentOptionsPhase2View" and contains(@label,"Shipping")]'
2025-01-05 15:53:14.643 [DEBUG] [thread-id 1] - Shipping intent selected
2025-01-05 15:53:15.302 [DEBUG] [thread-id 1] - sleep:  3000 milliseconds
2025-01-05 15:53:28.272 [DEBUG] [thread-id 1] - Executing function: 'unified.us.functions.gic.collapseIfExpanded'
2025-01-05 15:53:29.053 [DEBUG] [thread-id 1] - Verify identifier: {//*[contains(@label,"Expanded")] | //*[contains(@name,"Expanded")]=[true]}
2025-01-05 15:53:29.525 [DEBUG] [thread-id 1] - Collapsing GIC screen
2025-01-05 15:53:30.326 [DEBUG] [thread-id 1] - Click element: '//*[contains(@label,"Expanded")] | //*[contains(@name,"Expanded")]'
2025-01-05 15:53:30.775 [DEBUG] [thread-id 1] - Executing function: 'unified.us.functions.search.applyGiftFilter'
2025-01-05 15:53:30.775 [DEBUG] [thread-id 1] - sleep:  10000 milliseconds
2025-01-05 15:53:41.202 [DEBUG] [thread-id 1] - Click element: '//XCUIElementTypeButton[contains(@name, "PillView_name_Sort and filter")] | //*[contains(@name,"Filters")] | //XCUIElementTypeStaticText[@name="Filters"] | //XCUIElementTypeButton[contains(@name, "PillView_name_Filters")]'
2025-01-05 15:53:41.663 [DEBUG] [thread-id 1] - sleep:  4000 milliseconds
2025-01-05 15:53:45.669 [DEBUG] [thread-id 1] - Scroll: down
2025-01-05 15:54:02.646 [DEBUG] [thread-id 1] - conditionally execute a flow. condition: true
2025-01-05 15:54:08.090 [DEBUG] [thread-id 1] - Click element: '//*[@name="Gifting, "]  | //XCUIElementTypeButton[@name="UIButton_Gifting" and @visible = "true"]'
2025-01-05 15:54:08.968 [DEBUG] [thread-id 1] - sleep:  5000 milliseconds
2025-01-05 15:54:20.014 [DEBUG] [thread-id 1] - Click element: '//XCUIElementTypeStaticText[@value="Gift eligible"] | //XCUIElementTypeCell[contains(@label, "Gift eligible")]//XCUIElementTypeButton'
2025-01-05 15:54:20.756 [DEBUG] [thread-id 1] - sleep:  10000 milliseconds
2025-01-05 15:54:31.642 [DEBUG] [thread-id 1] - Click element: '//XCUIElementTypeStaticText[@name="View results"] | //XCUIElementTypeButton[@name="View results"] | //XCUIElementTypeButton[@name="SortAndFilterViewController.applyButton"]'
2025-01-05 15:54:32.307 [DEBUG] [thread-id 1] - sleep:  10000 milliseconds
2025-01-05 15:54:42.313 [DEBUG] [thread-id 1] - Executing function: 'unified.us.functions.search.clickOnFirstItem'
2025-01-05 15:54:42.316 [WARN] [thread-id 1] - variable noAds was used, but r2 could not find a value for this variable. returning default of null
2025-01-05 15:54:42.316 [WARN] [thread-id 1] - variable excludeSponsored was used, but r2 could not find a value for this variable. returning default of null
2025-01-05 15:54:42.316 [WARN] [thread-id 1] - variable subFilter was used, but r2 could not find a value for this variable. returning default of null
2025-01-05 15:54:42.317 [DEBUG] [thread-id 1] - conditionally execute a flow. condition: true
2025-01-05 15:54:42.944 [DEBUG] [thread-id 1] - Executing function: 'unified.us.functions.utils.scrollIfNotVisible'
2025-01-05 15:54:42.945 [DEBUG] [thread-id 1] - conditionally execute a flow. condition: true
2025-01-05 15:54:43.571 [DEBUG] [thread-id 1] - Store in: store the value '7' in the variable 'scrollLimit'
2025-01-05 15:54:43.579 [DEBUG] [thread-id 1] - Scroll limit set to - 7
2025-01-05 15:54:43.580 [DEBUG] [thread-id 1] - conditionally execute a flow. condition: true
2025-01-05 15:54:44.659 [DEBUG] [thread-id 1] - conditionally execute a flow. condition: true
2025-01-05 15:54:45.287 [DEBUG] [thread-id 1] - Element already visible, scrolling is skipped
2025-01-05 15:54:45.295 [DEBUG] [thread-id 1] - Resetting scrollPosition variable to default
2025-01-05 15:54:45.295 [DEBUG] [thread-id 1] - Store in: store the value 'null' in the variable 'scrollPosition'
2025-01-05 15:54:45.295 [DEBUG] [thread-id 1] - Store in: store the value 'null' in the variable 'identifierScope'
2025-01-05 15:54:45.295 [DEBUG] [thread-id 1] - Store in: store the value 'null' in the variable 'scrollLimit'
2025-01-05 15:54:45.295 [DEBUG] [thread-id 1] - Store in: store the value 'false' in the variable 'scrollNeeded'
2025-01-05 15:54:46.350 [DEBUG] [thread-id 1] - Click element: '(//XCUIElementTypeButton[@name="GlassProductTile.mainStackView"])[1] | //XCUIElementTypeOther[contains(@name,"ProductImageView.stackView")] | //*[contains(@name,"ProductSectionCoordinator_searchPrimaryProductCell")] | //XCUIElementTypeCell[contains(@name,"ProductSectionCoordinator_searchPrimaryProductCell_indexPath")] | (//XCUIElementTypeOther[@name="ProductImageView.stackView"])[1] | (//XCUIElementTypeButton[@name="GlassProductTile.mainStackView"])[2] | //XCUIElementTypeButton[@name="ListView.accessibilityContainer"]'
2025-01-05 15:54:46.827 [DEBUG] [thread-id 1] - Executing function: 'unified.us.functions.search.verifyItemPageOpened'
2025-01-05 15:55:07.061 [DEBUG] [thread-id 1] - Verify identifier: {//XCUIElementTypeStaticText[@name="BrandNameView_brandName" or @name = "TitleView_productTitle"] | //XCUIElementTypeButton[@name="BrandNameView_brandNameButton"]=[true]}
2025-01-05 15:55:07.072 [DEBUG] [thread-id 1] - Store in: store the value 'null' in the variable 'subFilter'
2025-01-05 15:55:07.073 [DEBUG] [thread-id 1] - Store in: store the value 'false' in the variable 'noAds'
2025-01-05 15:55:07.073 [DEBUG] [thread-id 1] - Store in: store the value 'false' in the variable 'excludeSponsored'
2025-01-05 15:55:07.073 [DEBUG] [thread-id 1] - Executing function: 'unified.us.functions.item.verifyReturnDetailsLink'
2025-01-05 15:55:07.073 [DEBUG] [thread-id 1] - sleep:  5000 milliseconds
2025-01-05 15:55:12.085 [DEBUG] [thread-id 1] - loop: from 1 to 8
2025-01-05 15:55:21.710 [DEBUG] [thread-id 1] - Drag: from (195,506) to (195,295)
2025-01-05 15:55:55.987 [DEBUG] [thread-id 1] - Drag: from (195,506) to (195,295)
2025-01-05 15:56:30.105 [DEBUG] [thread-id 1] - Drag: from (195,506) to (195,295)
2025-01-05 15:57:03.827 [DEBUG] [thread-id 1] - Drag: from (195,506) to (195,295)
2025-01-05 15:57:38.079 [DEBUG] [thread-id 1] - Drag: from (195,506) to (195,295)
2025-01-05 15:58:12.498 [DEBUG] [thread-id 1] - Drag: from (195,506) to (195,295)
2025-01-05 15:58:47.486 [DEBUG] [thread-id 1] - Drag: from (195,506) to (195,295)
2025-01-05 15:59:36.661 [DEBUG] [thread-id 1] - Main failed: Is not present: 'us.mappings.item.returnDetailsLink'
2025-01-05 15:59:51.334 [DEBUG] [thread-id 1] - Executing scenario: 'After'
2025-01-05 15:59:51.336 [DEBUG] [thread-id 1] - Executing function: 'unified.us.functions.utils.afterSteps'
2025-01-05 15:59:51.337 [WARN] [thread-id 1] - variable testStatus was used, but r2 could not find a value for this variable. returning default of null
2025-01-05 15:59:51.337 [DEBUG] [thread-id 1] - conditionally execute a flow. condition: false
2025-01-05 15:59:58.660 [DEBUG] [thread-id 1] - Test failed
2025-01-05 16:00:26.928 [DEBUG] [thread-id 1] - Created report: /Users/m0k0a2f/glass-automation/report/index.html
2025-01-05 16:35:11.706 [DEBUG] [thread-id 1] - Executing R2 4.0.2: '/Users/m0k0a2f/glass-automation/us/unified-e2e-tests/test-scripts/Ecomm-And-Fulfillment-Flows/item-page-different-items-flows/C2659245-item-page-links-validation-and-sharedItem-pickup-delivery-shipping-guest-signed.yaml' on device: 'iPhone 12'
2025-01-05 16:38:00.119 [DEBUG] [thread-id 1] - Executing scenario: 'Before'
2025-01-05 16:38:00.122 [DEBUG] [thread-id 1] - Executing function: 'us.function.utils.getEnvironmentValue'
2025-01-05 16:38:00.123 [DEBUG] [thread-id 1] - Store in: store the value 'production' in the variable 'env'
2025-01-05 16:38:00.124 [DEBUG] [thread-id 1] - Timestamp: 1736123880124
2025-01-05 16:38:00.125 [DEBUG] [thread-id 1] - Executing function: 'functions.utils.setPlatformInfo'
2025-01-05 16:38:00.128 [WARN] [thread-id 1] - variable dependencies.general.appPackage was used, but r2 could not find a value for this variable. returning default of null
2025-01-05 16:38:00.128 [DEBUG] [thread-id 1] - Store in: store the value 'null' in the variable 'appPackage'
2025-01-05 16:38:00.138 [DEBUG] [thread-id 1] - conditionally execute a flow. condition: true
2025-01-05 16:38:00.365 [DEBUG] [thread-id 1] - Store in: store the value 'iOS' in the variable 'platform'
2025-01-05 16:38:00.372 [DEBUG] [thread-id 1] - R2_SUBFLOW_PRE_TRANSACTION
2025-01-05 16:38:00.833 [DEBUG] [thread-id 1] - Using us-errors-helpers.yaml
2025-01-05 16:38:01.309 [DEBUG] [thread-id 1] - Start Main
2025-01-05 16:38:01.310 [DEBUG] [thread-id 1] - Executing function: 'unified.us.functions.global.onboarding.navigateOnboardingToHome'
2025-01-05 16:38:01.311 [DEBUG] [thread-id 1] - Welcome screen loaded
2025-01-05 16:38:01.314 [DEBUG] [thread-id 1] - Verify identifier: {cta.cancel.welcome=[true]}
2025-01-05 16:38:01.315 [DEBUG] [thread-id 1] - Store in: store the value 'true' in the variable 'testStarted'
2025-01-05 16:38:01.362 [DEBUG] [thread-id 1] - Click element: 'cta.cancel.welcome'
2025-01-05 16:38:01.903 [DEBUG] [thread-id 1] - Notifiction Prompt screen loaded
2025-01-05 16:38:04.478 [DEBUG] [thread-id 1] - Verify identifier: {LocationPermissionViewController.titleLabel=[true]}
2025-01-05 16:38:04.532 [DEBUG] [thread-id 1] - Click element: 'Enter zip code'
2025-01-05 16:38:05.272 [DEBUG] [thread-id 1] - Verify identifier: {label.postal-code-entry=[true]}
2025-01-05 16:38:05.273 [DEBUG] [thread-id 1] - sleep:  2000 milliseconds
2025-01-05 16:38:07.338 [DEBUG] [thread-id 1] - Enter text: '95122'
2025-01-05 16:38:08.829 [DEBUG] [thread-id 1] - Click element: 'cta.continue'
2025-01-05 16:38:09.324 [DEBUG] [thread-id 1] - sleep:  3000 milliseconds
2025-01-05 16:38:22.370 [DEBUG] [thread-id 1] - conditionally execute a flow. condition: true
2025-01-05 16:38:22.586 [DEBUG] [thread-id 1] - Observed IDFA Screen
2025-01-05 16:38:22.808 [DEBUG] [thread-id 1] - conditionally execute a flow. condition: true
2025-01-05 16:38:23.020 [DEBUG] [thread-id 1] - Verify identifier: {ATTPermissionViewController.titleLabel=[true], ATTPermissionViewController.bodyLabel=[true]}
2025-01-05 16:38:23.277 [DEBUG] [thread-id 1] - Click element: 'cta.continue.location'
2025-01-05 16:38:26.418 [DEBUG] [thread-id 1] - Click element: '//XCUIElementTypeButton[@name="Ask App Not to Track"] | //XCUIElementTypeButton[@name="Solicitar a la app no rastrear"]'
2025-01-05 16:38:54.851 [DEBUG] [thread-id 1] - Executing function: 'unified.us.functions.home.toolTip'
2025-01-05 16:38:57.028 [DEBUG] [thread-id 1] - conditionally execute a flow. condition: true
2025-01-05 16:38:59.257 [DEBUG] [thread-id 1] - tooltip displayed
2025-01-05 16:39:02.497 [DEBUG] [thread-id 1] - Click element with offset: 'LDCallout.closeLinkButton'
2025-01-05 16:39:04.141 [DEBUG] [thread-id 1] - Executing function: 'unified.us.functions.gic.collapseIfExpanded'
2025-01-05 16:39:09.911 [DEBUG] [thread-id 1] - GIC already collapsed
2025-01-05 16:39:12.008 [DEBUG] [thread-id 1] - Verify identifier: {Search Walmart=[true]}
2025-01-05 16:39:12.009 [DEBUG] [thread-id 1] - Executing function: 'unified.us.functions.home.navigateHomeToSignIn'
2025-01-05 16:39:13.395 [DEBUG] [thread-id 1] - Click element: '//XCUIElementTypeButton[@name="Account"] | Account'
2025-01-05 16:39:15.990 [DEBUG] [thread-id 1] - Verify identifier: {//XCUIElementTypeButton[@name="SignInYourAccountTableViewCell.signInButton"]=[true]}
2025-01-05 16:39:16.305 [DEBUG] [thread-id 1] - Click element: '//XCUIElementTypeButton[@name="SignInYourAccountTableViewCell.signInButton"]'
2025-01-05 16:39:18.247 [DEBUG] [thread-id 1] - conditionally execute a flow. condition: true
2025-01-05 16:39:19.527 [DEBUG] [thread-id 1] - Store in: store the value 'true' in the variable 'signInValidated'
2025-01-05 16:39:19.536 [DEBUG] [thread-id 1] - conditionally execute a flow. condition: true
2025-01-05 16:39:20.774 [DEBUG] [thread-id 1] - SignIn page loaded
2025-01-05 16:39:22.020 [DEBUG] [thread-id 1] - Store in: store the value 'false' in the variable 'signInValidated'
2025-01-05 16:39:22.025 [DEBUG] [thread-id 1] - conditionally execute a flow. condition: true
2025-01-05 16:39:23.306 [DEBUG] [thread-id 1] - Store in: store the value 'prod.gicUser1@cloudtest.org' in the variable 'email'
2025-01-05 16:39:24.609 [DEBUG] [thread-id 1] - Store in: store the value 'e2ePassword$' in the variable 'password'
2025-01-05 16:39:24.620 [DEBUG] [thread-id 1] - Executing function: 'unified.us.functions.global.authentication.signInAccount'
2025-01-05 16:39:24.621 [DEBUG] [thread-id 1] - conditionally execute a flow. condition: true
2025-01-05 16:39:38.178 [DEBUG] [thread-id 1] - Verify identifier: {TextFieldStackView.containerStackView=[true]}
2025-01-05 16:39:38.336 [DEBUG] [thread-id 1] - Enter text: 'prod.gicUser1@cloudtest.org'
2025-01-05 16:39:43.221 [DEBUG] [thread-id 1] - Click element: 'WelcomeView.ctaButton'
2025-01-05 16:39:43.922 [DEBUG] [thread-id 1] - sleep:  2000 milliseconds
2025-01-05 16:39:46.645 [DEBUG] [thread-id 1] - conditionally execute a flow. condition: true
2025-01-05 16:39:48.019 [DEBUG] [thread-id 1] - Entered Email Successfully
2025-01-05 16:39:49.465 [DEBUG] [thread-id 1] - conditionally execute a flow. condition: true
2025-01-05 16:39:51.007 [DEBUG] [thread-id 1] - Click element: 'AuthChoiceView.passwordStackView'
2025-01-05 16:39:53.299 [DEBUG] [thread-id 1] - Selected Password Option to Login
2025-01-05 16:39:53.306 [DEBUG] [thread-id 1] - Verify identifier: {TextFieldStackView.textField=[true]}
2025-01-05 16:39:53.483 [DEBUG] [thread-id 1] - Enter text: 'e2ePassword$'
2025-01-05 16:40:00.512 [DEBUG] [thread-id 1] - Click element: 'AuthChoiceView.ctaButton'
2025-01-05 16:40:23.554 [DEBUG] [thread-id 1] - conditionally execute a flow. condition: true
2025-01-05 16:40:25.836 [DEBUG] [thread-id 1] - sleep:  2000 milliseconds
2025-01-05 16:40:30.399 [DEBUG] [thread-id 1] - conditionally execute a flow. condition: true
2025-01-05 16:40:33.962 [DEBUG] [thread-id 1] - Click element: '//XCUIElementTypeButton[@name="Don’t Allow"]'
2025-01-05 16:40:34.628 [DEBUG] [thread-id 1] - Executing function: 'unified.us.functions.utils.handleCartMergePopup'
2025-01-05 16:40:56.565 [DEBUG] [thread-id 1] - No Technical Error Page observed
2025-01-05 16:40:56.570 [DEBUG] [thread-id 1] - Executing function: 'unified.us.functions.home.toolTip'
2025-01-05 16:41:06.848 [DEBUG] [thread-id 1] - conditionally execute a flow. condition: false
2025-01-05 16:41:07.601 [DEBUG] [thread-id 1] - no tooltip displayed
2025-01-05 16:41:07.612 [DEBUG] [thread-id 1] - Executing function: 'unified.us.functions.global.navigation.accountToHome'
2025-01-05 16:41:07.613 [DEBUG] [thread-id 1] - Executing function: 'unified.us.functions.global.navigation.toTab'
2025-01-05 16:41:07.614 [DEBUG] [thread-id 1] - Executing function: 'us.functions.utils.scrollIfNotVisible'
2025-01-05 16:41:09.035 [DEBUG] [thread-id 1] - Verify identifier: {//XCUIElementTypeButton[contains(@name, "Shop")]=[true]}
2025-01-05 16:41:09.758 [DEBUG] [thread-id 1] - Element already visible, scrolling is skipped
2025-01-05 16:41:09.767 [DEBUG] [thread-id 1] - Resetting scrollPosition variable to default
2025-01-05 16:41:09.767 [DEBUG] [thread-id 1] - Store in: store the value 'null' in the variable 'scrollPosition'
2025-01-05 16:41:09.767 [DEBUG] [thread-id 1] - Store in: store the value 'null' in the variable 'identifierScope'
2025-01-05 16:41:09.768 [DEBUG] [thread-id 1] - Store in: store the value 'null' in the variable 'limit'
2025-01-05 16:41:10.363 [DEBUG] [thread-id 1] - Click element: '//XCUIElementTypeButton[contains(@name, "Shop")]'
2025-01-05 16:41:10.860 [DEBUG] [thread-id 1] - Executing function: 'unified.us.functions.home.closeWPlusPromotionPopUpIfDisplayed'
2025-01-05 16:41:10.862 [DEBUG] [thread-id 1] - conditionally execute a flow. condition: true
2025-01-05 16:41:26.480 [DEBUG] [thread-id 1] - Executing function: 'unified.us.functions.home.setStore'
2025-01-05 16:41:26.481 [DEBUG] [thread-id 1] - conditionally execute a flow. condition: true
2025-01-05 16:41:28.585 [DEBUG] [thread-id 1] - Store in: store the value '95122' in the variable 'zipcode'
2025-01-05 16:41:28.592 [DEBUG] [thread-id 1] - Executing function: 'unified.us.functions.gic.expandIfCollapsed'
2025-01-05 16:41:32.666 [DEBUG] [thread-id 1] - Verify identifier: {//*[contains(@label,"Collapsed")] | //*[contains(@name,"Collapsed")]=[true]}
2025-01-05 16:41:36.916 [DEBUG] [thread-id 1] - Click element: '//*[contains(@label,"Collapsed")] | //*[contains(@name,"Collapsed")]'
2025-01-05 16:41:48.577 [DEBUG] [thread-id 1] - conditionally execute a flow. condition: false
2025-01-05 16:41:49.210 [DEBUG] [thread-id 1] - Skipping as its already set to the required store
2025-01-05 16:41:49.851 [DEBUG] [thread-id 1] - Executing function: 'unified.us.functions.gic.collapseIfExpanded'
2025-01-05 16:41:50.888 [DEBUG] [thread-id 1] - Verify identifier: {//*[contains(@label,"Expanded")] | //*[contains(@name,"Expanded")]=[true]}
2025-01-05 16:41:51.528 [DEBUG] [thread-id 1] - Collapsing GIC screen
2025-01-05 16:41:52.575 [DEBUG] [thread-id 1] - Click element: '//*[contains(@label,"Expanded")] | //*[contains(@name,"Expanded")]'
2025-01-05 16:41:53.096 [DEBUG] [thread-id 1] - Executing function: 'unified.us.functions.search.searchItem'
2025-01-05 16:41:55.245 [DEBUG] [thread-id 1] - Verify identifier: {Search=[true]}
2025-01-05 16:41:55.655 [DEBUG] [thread-id 1] - Click element: 'Search'
2025-01-05 16:41:56.988 [DEBUG] [thread-id 1] - Verify identifier: {Search Walmart=[true]}
2025-01-05 16:42:00.115 [DEBUG] [thread-id 1] - Click element: 'Search Walmart'
2025-01-05 16:42:00.791 [DEBUG] [thread-id 1] - Enter text: 'Clay Kids'
2025-01-05 16:42:12.559 [DEBUG] [thread-id 1] - Executing function: 'unified.us.functions.home.closeWPlusPromotionPopUpIfDisplayed'
2025-01-05 16:42:12.560 [DEBUG] [thread-id 1] - conditionally execute a flow. condition: true
2025-01-05 16:42:23.881 [DEBUG] [thread-id 1] - Executing function: 'unified.us.functions.utils.scrollIfNotVisible'
2025-01-05 16:42:23.882 [WARN] [thread-id 1] - variable scrollLimit was used, but r2 could not find a value for this variable. returning default of null
2025-01-05 16:42:23.882 [DEBUG] [thread-id 1] - conditionally execute a flow. condition: true
2025-01-05 16:42:24.552 [DEBUG] [thread-id 1] - Store in: store the value '7' in the variable 'scrollLimit'
2025-01-05 16:42:24.558 [DEBUG] [thread-id 1] - Scroll limit set to - 7
2025-01-05 16:42:24.558 [DEBUG] [thread-id 1] - conditionally execute a flow. condition: true
2025-01-05 16:42:25.732 [DEBUG] [thread-id 1] - conditionally execute a flow. condition: true
2025-01-05 16:42:26.401 [DEBUG] [thread-id 1] - Element already visible, scrolling is skipped
2025-01-05 16:42:26.413 [WARN] [thread-id 1] - variable scrollNeeded was used, but r2 could not find a value for this variable. returning default of null
2025-01-05 16:42:26.414 [DEBUG] [thread-id 1] - Resetting scrollPosition variable to default
2025-01-05 16:42:26.414 [DEBUG] [thread-id 1] - Store in: store the value 'null' in the variable 'scrollPosition'
2025-01-05 16:42:26.415 [DEBUG] [thread-id 1] - Store in: store the value 'null' in the variable 'identifierScope'
2025-01-05 16:42:26.415 [DEBUG] [thread-id 1] - Store in: store the value 'null' in the variable 'scrollLimit'
2025-01-05 16:42:26.415 [DEBUG] [thread-id 1] - Store in: store the value 'false' in the variable 'scrollNeeded'
2025-01-05 16:42:26.877 [DEBUG] [thread-id 1] - conditionally execute a flow. condition: true
2025-01-05 16:42:27.544 [DEBUG] [thread-id 1] - successfully found an item for the above search criterion
2025-01-05 16:42:27.549 [DEBUG] [thread-id 1] - Executing function: 'unified.us.functions.gic.changeFulfillment'
2025-01-05 16:42:27.550 [DEBUG] [thread-id 1] - Executing function: 'unified.us.functions.gic.expandIfCollapsed'
2025-01-05 16:42:28.645 [DEBUG] [thread-id 1] - Verify identifier: {//*[contains(@label,"Collapsed")] | //*[contains(@name,"Collapsed")]=[true]}
2025-01-05 16:42:29.765 [DEBUG] [thread-id 1] - Click element: '//*[contains(@label,"Collapsed")] | //*[contains(@name,"Collapsed")]'
2025-01-05 16:42:30.263 [DEBUG] [thread-id 1] - Executing function: 'unified.us.functions.gic.setFulfillment'
2025-01-05 16:42:30.265 [DEBUG] [thread-id 1] - conditionally execute a flow. condition: true
2025-01-05 16:42:41.349 [DEBUG] [thread-id 1] - conditionally execute a flow. condition: false
2025-01-05 16:42:43.879 [DEBUG] [thread-id 1] - Click element: '//XCUIElementTypeButton[@name="GlobalIntentCenter.Shipping"] | //XCUIElementTypeButton[contains(@name, "Shipping") ] | //XCUIElementTypeButton[@name="HoTIntentOptionsView" or @name="HoTIntentOptionsPhase2View" and contains(@label,"Shipping")]'
2025-01-05 16:42:44.840 [DEBUG] [thread-id 1] - Shipping intent selected
2025-01-05 16:42:45.352 [DEBUG] [thread-id 1] - sleep:  3000 milliseconds
2025-01-05 16:42:59.054 [DEBUG] [thread-id 1] - Executing function: 'unified.us.functions.gic.collapseIfExpanded'
2025-01-05 16:42:59.887 [DEBUG] [thread-id 1] - Verify identifier: {//*[contains(@label,"Expanded")] | //*[contains(@name,"Expanded")]=[true]}
2025-01-05 16:43:00.399 [DEBUG] [thread-id 1] - Collapsing GIC screen
2025-01-05 16:43:01.251 [DEBUG] [thread-id 1] - Click element: '//*[contains(@label,"Expanded")] | //*[contains(@name,"Expanded")]'
2025-01-05 16:43:01.709 [DEBUG] [thread-id 1] - Executing function: 'unified.us.functions.search.applyGiftFilter'
2025-01-05 16:43:01.710 [DEBUG] [thread-id 1] - sleep:  10000 milliseconds
2025-01-05 16:43:12.120 [DEBUG] [thread-id 1] - Click element: '//XCUIElementTypeButton[contains(@name, "PillView_name_Sort and filter")] | //*[contains(@name,"Filters")] | //XCUIElementTypeStaticText[@name="Filters"] | //XCUIElementTypeButton[contains(@name, "PillView_name_Filters")]'
2025-01-05 16:43:12.700 [DEBUG] [thread-id 1] - sleep:  4000 milliseconds
2025-01-05 16:43:16.711 [DEBUG] [thread-id 1] - Scroll: down
2025-01-05 16:43:35.133 [DEBUG] [thread-id 1] - conditionally execute a flow. condition: true
2025-01-05 16:43:41.321 [DEBUG] [thread-id 1] - Click element: '//*[@name="Gifting, "]  | //XCUIElementTypeButton[@name="UIButton_Gifting" and @visible = "true"]'
2025-01-05 16:43:42.281 [DEBUG] [thread-id 1] - sleep:  5000 milliseconds
2025-01-05 16:43:53.420 [DEBUG] [thread-id 1] - Click element: '//XCUIElementTypeStaticText[@value="Gift eligible"] | //XCUIElementTypeCell[contains(@label, "Gift eligible")]//XCUIElementTypeButton'
2025-01-05 16:43:54.241 [DEBUG] [thread-id 1] - sleep:  10000 milliseconds
2025-01-05 16:44:05.179 [DEBUG] [thread-id 1] - Click element: '//XCUIElementTypeStaticText[@name="View results"] | //XCUIElementTypeButton[@name="View results"] | //XCUIElementTypeButton[@name="SortAndFilterViewController.applyButton"]'
2025-01-05 16:44:05.907 [DEBUG] [thread-id 1] - sleep:  10000 milliseconds
2025-01-05 16:44:15.911 [DEBUG] [thread-id 1] - Executing function: 'unified.us.functions.search.clickOnFirstItem'
2025-01-05 16:44:15.916 [WARN] [thread-id 1] - variable noAds was used, but r2 could not find a value for this variable. returning default of null
2025-01-05 16:44:15.916 [WARN] [thread-id 1] - variable excludeSponsored was used, but r2 could not find a value for this variable. returning default of null
2025-01-05 16:44:15.917 [WARN] [thread-id 1] - variable subFilter was used, but r2 could not find a value for this variable. returning default of null
2025-01-05 16:44:15.919 [DEBUG] [thread-id 1] - conditionally execute a flow. condition: true
2025-01-05 16:44:16.626 [DEBUG] [thread-id 1] - Executing function: 'unified.us.functions.utils.scrollIfNotVisible'
2025-01-05 16:44:16.627 [DEBUG] [thread-id 1] - conditionally execute a flow. condition: true
2025-01-05 16:44:17.418 [DEBUG] [thread-id 1] - Store in: store the value '7' in the variable 'scrollLimit'
2025-01-05 16:44:17.431 [DEBUG] [thread-id 1] - Scroll limit set to - 7
2025-01-05 16:44:17.432 [DEBUG] [thread-id 1] - conditionally execute a flow. condition: true
2025-01-05 16:44:18.633 [DEBUG] [thread-id 1] - conditionally execute a flow. condition: true
2025-01-05 16:44:19.320 [DEBUG] [thread-id 1] - Element already visible, scrolling is skipped
2025-01-05 16:44:19.339 [DEBUG] [thread-id 1] - Resetting scrollPosition variable to default
2025-01-05 16:44:19.339 [DEBUG] [thread-id 1] - Store in: store the value 'null' in the variable 'scrollPosition'
2025-01-05 16:44:19.339 [DEBUG] [thread-id 1] - Store in: store the value 'null' in the variable 'identifierScope'
2025-01-05 16:44:19.339 [DEBUG] [thread-id 1] - Store in: store the value 'null' in the variable 'scrollLimit'
2025-01-05 16:44:19.339 [DEBUG] [thread-id 1] - Store in: store the value 'false' in the variable 'scrollNeeded'
2025-01-05 16:44:20.508 [DEBUG] [thread-id 1] - Click element: '(//XCUIElementTypeButton[@name="GlassProductTile.mainStackView"])[1] | //XCUIElementTypeOther[contains(@name,"ProductImageView.stackView")] | //*[contains(@name,"ProductSectionCoordinator_searchPrimaryProductCell")] | //XCUIElementTypeCell[contains(@name,"ProductSectionCoordinator_searchPrimaryProductCell_indexPath")] | (//XCUIElementTypeOther[@name="ProductImageView.stackView"])[1] | (//XCUIElementTypeButton[@name="GlassProductTile.mainStackView"])[2] | //XCUIElementTypeButton[@name="ListView.accessibilityContainer"]'
2025-01-05 16:44:21.012 [DEBUG] [thread-id 1] - Executing function: 'unified.us.functions.search.verifyItemPageOpened'
2025-01-05 16:44:54.996 [DEBUG] [thread-id 1] - Verify identifier: {//XCUIElementTypeStaticText[@name="BrandNameView_brandName" or @name = "TitleView_productTitle"] | //XCUIElementTypeButton[@name="BrandNameView_brandNameButton"]=[true]}
2025-01-05 16:44:55.018 [DEBUG] [thread-id 1] - Store in: store the value 'null' in the variable 'subFilter'
2025-01-05 16:44:55.018 [DEBUG] [thread-id 1] - Store in: store the value 'false' in the variable 'noAds'
2025-01-05 16:44:55.019 [DEBUG] [thread-id 1] - Store in: store the value 'false' in the variable 'excludeSponsored'
2025-01-05 16:44:55.019 [DEBUG] [thread-id 1] - Executing function: 'unified.us.functions.item.verifyReturnDetailsLink'
2025-01-05 16:44:55.019 [DEBUG] [thread-id 1] - sleep:  5000 milliseconds
2025-01-05 16:45:00.030 [DEBUG] [thread-id 1] - loop: from 1 to 8
2025-01-05 16:45:16.258 [DEBUG] [thread-id 1] - Drag: from (195,506) to (195,295)
2025-01-05 16:45:34.628 [DEBUG] [thread-id 1] - conditionally execute a flow. condition: true
2025-01-05 16:45:57.206 [DEBUG] [thread-id 1] - conditionally execute a flow. condition: true
2025-01-05 16:46:09.842 [DEBUG] [thread-id 1] - Return details present
2025-01-05 16:47:00.827 [DEBUG] [thread-id 1] - Main failed: Is not present: 'us.mappings.item.returnDetailsLink'
2025-01-05 16:47:25.542 [DEBUG] [thread-id 1] - Executing scenario: 'After'
2025-01-05 16:47:25.542 [DEBUG] [thread-id 1] - Executing function: 'unified.us.functions.utils.afterSteps'
2025-01-05 16:47:25.543 [WARN] [thread-id 1] - variable testStatus was used, but r2 could not find a value for this variable. returning default of null
2025-01-05 16:47:25.543 [DEBUG] [thread-id 1] - conditionally execute a flow. condition: false
2025-01-05 16:47:37.851 [DEBUG] [thread-id 1] - Test failed
2025-01-05 16:48:26.983 [DEBUG] [thread-id 1] - Created report: /Users/m0k0a2f/glass-automation/report/index.html
2025-01-05 17:09:37.655 [DEBUG] [thread-id 1] - Executing R2 4.0.2: '/Users/m0k0a2f/glass-automation/us/unified-e2e-tests/test-scripts/Ecomm-And-Fulfillment-Flows/item-page-different-items-flows/C2659245-item-page-links-validation-and-sharedItem-pickup-delivery-shipping-guest-signed.yaml' on device: 'iPhone 12'
2025-01-05 17:12:37.119 [DEBUG] [thread-id 1] - Executing scenario: 'Before'
2025-01-05 17:12:37.121 [DEBUG] [thread-id 1] - Executing function: 'us.function.utils.getEnvironmentValue'
2025-01-05 17:12:37.122 [DEBUG] [thread-id 1] - Store in: store the value 'production' in the variable 'env'
2025-01-05 17:12:37.122 [DEBUG] [thread-id 1] - Timestamp: 1736125957122
2025-01-05 17:12:37.123 [DEBUG] [thread-id 1] - Executing function: 'functions.utils.setPlatformInfo'
2025-01-05 17:12:37.126 [WARN] [thread-id 1] - variable dependencies.general.appPackage was used, but r2 could not find a value for this variable. returning default of null
2025-01-05 17:12:37.126 [DEBUG] [thread-id 1] - Store in: store the value 'null' in the variable 'appPackage'
2025-01-05 17:12:37.135 [DEBUG] [thread-id 1] - conditionally execute a flow. condition: true
2025-01-05 17:12:37.355 [DEBUG] [thread-id 1] - Store in: store the value 'iOS' in the variable 'platform'
2025-01-05 17:12:37.362 [DEBUG] [thread-id 1] - R2_SUBFLOW_PRE_TRANSACTION
2025-01-05 17:12:37.809 [DEBUG] [thread-id 1] - Using us-errors-helpers.yaml
2025-01-05 17:12:38.264 [DEBUG] [thread-id 1] - Start Main
2025-01-05 17:12:38.264 [DEBUG] [thread-id 1] - Executing function: 'unified.us.functions.global.onboarding.navigateOnboardingToHome'
2025-01-05 17:12:38.265 [DEBUG] [thread-id 1] - Welcome screen loaded
2025-01-05 17:12:38.269 [DEBUG] [thread-id 1] - Verify identifier: {cta.cancel.welcome=[true]}
2025-01-05 17:12:38.269 [DEBUG] [thread-id 1] - Store in: store the value 'true' in the variable 'testStarted'
2025-01-05 17:12:38.312 [DEBUG] [thread-id 1] - Click element: 'cta.cancel.welcome'
2025-01-05 17:12:38.831 [DEBUG] [thread-id 1] - Notifiction Prompt screen loaded
2025-01-05 17:12:41.060 [DEBUG] [thread-id 1] - Verify identifier: {LocationPermissionViewController.titleLabel=[true]}
2025-01-05 17:12:41.107 [DEBUG] [thread-id 1] - Click element: 'Enter zip code'
2025-01-05 17:12:41.784 [DEBUG] [thread-id 1] - Verify identifier: {label.postal-code-entry=[true]}
2025-01-05 17:12:41.784 [DEBUG] [thread-id 1] - sleep:  2000 milliseconds
2025-01-05 17:12:43.844 [DEBUG] [thread-id 1] - Enter text: '95122'
2025-01-05 17:12:45.677 [DEBUG] [thread-id 1] - Click element: 'cta.continue'
2025-01-05 17:12:46.140 [DEBUG] [thread-id 1] - sleep:  3000 milliseconds
2025-01-05 17:12:59.222 [DEBUG] [thread-id 1] - conditionally execute a flow. condition: true
2025-01-05 17:12:59.434 [DEBUG] [thread-id 1] - Observed IDFA Screen
2025-01-05 17:12:59.649 [DEBUG] [thread-id 1] - conditionally execute a flow. condition: true
2025-01-05 17:12:59.862 [DEBUG] [thread-id 1] - Verify identifier: {ATTPermissionViewController.titleLabel=[true], ATTPermissionViewController.bodyLabel=[true]}
2025-01-05 17:13:00.117 [DEBUG] [thread-id 1] - Click element: 'cta.continue.location'
2025-01-05 17:13:03.237 [DEBUG] [thread-id 1] - Click element: '//XCUIElementTypeButton[@name="Ask App Not to Track"] | //XCUIElementTypeButton[@name="Solicitar a la app no rastrear"]'
2025-01-05 17:13:27.753 [DEBUG] [thread-id 1] - Executing function: 'unified.us.functions.home.toolTip'
2025-01-05 17:13:28.527 [DEBUG] [thread-id 1] - conditionally execute a flow. condition: true
2025-01-05 17:13:29.288 [DEBUG] [thread-id 1] - tooltip displayed
2025-01-05 17:13:30.445 [DEBUG] [thread-id 1] - Click element with offset: 'LDCallout.closeLinkButton'
2025-01-05 17:13:31.874 [DEBUG] [thread-id 1] - Executing function: 'unified.us.functions.gic.collapseIfExpanded'
2025-01-05 17:13:33.811 [DEBUG] [thread-id 1] - GIC already collapsed
2025-01-05 17:13:34.562 [DEBUG] [thread-id 1] - Verify identifier: {Search Walmart=[true]}
2025-01-05 17:13:34.563 [DEBUG] [thread-id 1] - Executing function: 'unified.us.functions.home.navigateHomeToSignIn'
2025-01-05 17:13:34.991 [DEBUG] [thread-id 1] - Click element: '//XCUIElementTypeButton[@name="Account"] | Account'
2025-01-05 17:13:37.269 [DEBUG] [thread-id 1] - Verify identifier: {//XCUIElementTypeButton[@name="SignInYourAccountTableViewCell.signInButton"]=[true]}
2025-01-05 17:13:37.590 [DEBUG] [thread-id 1] - Click element: '//XCUIElementTypeButton[@name="SignInYourAccountTableViewCell.signInButton"]'
2025-01-05 17:13:39.479 [DEBUG] [thread-id 1] - conditionally execute a flow. condition: true
2025-01-05 17:13:40.740 [DEBUG] [thread-id 1] - Store in: store the value 'true' in the variable 'signInValidated'
2025-01-05 17:13:40.749 [DEBUG] [thread-id 1] - conditionally execute a flow. condition: true
2025-01-05 17:13:42.031 [DEBUG] [thread-id 1] - SignIn page loaded
2025-01-05 17:13:43.313 [DEBUG] [thread-id 1] - Store in: store the value 'false' in the variable 'signInValidated'
2025-01-05 17:13:43.319 [DEBUG] [thread-id 1] - conditionally execute a flow. condition: true
2025-01-05 17:13:44.594 [DEBUG] [thread-id 1] - Store in: store the value 'prod.gicUser1@cloudtest.org' in the variable 'email'
2025-01-05 17:13:45.853 [DEBUG] [thread-id 1] - Store in: store the value 'e2ePassword$' in the variable 'password'
2025-01-05 17:13:45.859 [DEBUG] [thread-id 1] - Executing function: 'unified.us.functions.global.authentication.signInAccount'
2025-01-05 17:13:45.860 [DEBUG] [thread-id 1] - conditionally execute a flow. condition: true
2025-01-05 17:13:59.433 [DEBUG] [thread-id 1] - Verify identifier: {TextFieldStackView.containerStackView=[true]}
2025-01-05 17:13:59.585 [DEBUG] [thread-id 1] - Enter text: 'prod.gicUser1@cloudtest.org'
2025-01-05 17:14:04.290 [DEBUG] [thread-id 1] - Click element: 'WelcomeView.ctaButton'
2025-01-05 17:14:04.989 [DEBUG] [thread-id 1] - sleep:  2000 milliseconds
2025-01-05 17:14:07.665 [DEBUG] [thread-id 1] - conditionally execute a flow. condition: true
2025-01-05 17:14:08.999 [DEBUG] [thread-id 1] - Entered Email Successfully
2025-01-05 17:14:10.314 [DEBUG] [thread-id 1] - conditionally execute a flow. condition: true
2025-01-05 17:14:11.779 [DEBUG] [thread-id 1] - Click element: 'AuthChoiceView.passwordStackView'
2025-01-05 17:14:13.873 [DEBUG] [thread-id 1] - Selected Password Option to Login
2025-01-05 17:14:13.879 [DEBUG] [thread-id 1] - Verify identifier: {TextFieldStackView.textField=[true]}
2025-01-05 17:14:14.045 [DEBUG] [thread-id 1] - Enter text: 'e2ePassword$'
2025-01-05 17:14:20.762 [DEBUG] [thread-id 1] - Click element: 'AuthChoiceView.ctaButton'
2025-01-05 17:14:43.036 [DEBUG] [thread-id 1] - conditionally execute a flow. condition: true
2025-01-05 17:14:45.162 [DEBUG] [thread-id 1] - sleep:  2000 milliseconds
2025-01-05 17:14:49.682 [DEBUG] [thread-id 1] - conditionally execute a flow. condition: true
2025-01-05 17:14:53.325 [DEBUG] [thread-id 1] - Click element: '//XCUIElementTypeButton[@name="Don’t Allow"]'
2025-01-05 17:14:54.003 [DEBUG] [thread-id 1] - Executing function: 'unified.us.functions.utils.handleCartMergePopup'
2025-01-05 17:15:15.603 [DEBUG] [thread-id 1] - No Technical Error Page observed
2025-01-05 17:15:15.612 [DEBUG] [thread-id 1] - Executing function: 'unified.us.functions.home.toolTip'
2025-01-05 17:15:25.905 [DEBUG] [thread-id 1] - conditionally execute a flow. condition: false
2025-01-05 17:15:26.552 [DEBUG] [thread-id 1] - no tooltip displayed
2025-01-05 17:15:26.571 [DEBUG] [thread-id 1] - Executing function: 'unified.us.functions.global.navigation.accountToHome'
2025-01-05 17:15:26.572 [DEBUG] [thread-id 1] - Executing function: 'unified.us.functions.global.navigation.toTab'
2025-01-05 17:15:26.573 [DEBUG] [thread-id 1] - Executing function: 'us.functions.utils.scrollIfNotVisible'
2025-01-05 17:15:27.725 [DEBUG] [thread-id 1] - Verify identifier: {//XCUIElementTypeButton[contains(@name, "Shop")]=[true]}
2025-01-05 17:15:28.397 [DEBUG] [thread-id 1] - Element already visible, scrolling is skipped
2025-01-05 17:15:28.403 [DEBUG] [thread-id 1] - Resetting scrollPosition variable to default
2025-01-05 17:15:28.404 [DEBUG] [thread-id 1] - Store in: store the value 'null' in the variable 'scrollPosition'
2025-01-05 17:15:28.404 [DEBUG] [thread-id 1] - Store in: store the value 'null' in the variable 'identifierScope'
2025-01-05 17:15:28.404 [DEBUG] [thread-id 1] - Store in: store the value 'null' in the variable 'limit'
2025-01-05 17:15:28.875 [DEBUG] [thread-id 1] - Click element: '//XCUIElementTypeButton[contains(@name, "Shop")]'
2025-01-05 17:15:29.343 [DEBUG] [thread-id 1] - Executing function: 'unified.us.functions.home.closeWPlusPromotionPopUpIfDisplayed'
2025-01-05 17:15:29.346 [DEBUG] [thread-id 1] - conditionally execute a flow. condition: true
2025-01-05 17:15:41.069 [DEBUG] [thread-id 1] - Executing function: 'unified.us.functions.home.setStore'
2025-01-05 17:15:41.070 [DEBUG] [thread-id 1] - conditionally execute a flow. condition: true
2025-01-05 17:15:41.825 [DEBUG] [thread-id 1] - Store in: store the value '95122' in the variable 'zipcode'
2025-01-05 17:15:41.835 [DEBUG] [thread-id 1] - Executing function: 'unified.us.functions.gic.expandIfCollapsed'
2025-01-05 17:15:43.124 [DEBUG] [thread-id 1] - Verify identifier: {//*[contains(@label,"Collapsed")] | //*[contains(@name,"Collapsed")]=[true]}
2025-01-05 17:15:44.419 [DEBUG] [thread-id 1] - Click element: '//*[contains(@label,"Collapsed")] | //*[contains(@name,"Collapsed")]'
2025-01-05 17:15:55.736 [DEBUG] [thread-id 1] - conditionally execute a flow. condition: false
2025-01-05 17:15:56.353 [DEBUG] [thread-id 1] - Skipping as its already set to the required store
2025-01-05 17:15:56.982 [DEBUG] [thread-id 1] - Executing function: 'unified.us.functions.gic.collapseIfExpanded'
2025-01-05 17:15:57.937 [DEBUG] [thread-id 1] - Verify identifier: {//*[contains(@label,"Expanded")] | //*[contains(@name,"Expanded")]=[true]}
2025-01-05 17:15:58.500 [DEBUG] [thread-id 1] - Collapsing GIC screen
2025-01-05 17:15:59.461 [DEBUG] [thread-id 1] - Click element: '//*[contains(@label,"Expanded")] | //*[contains(@name,"Expanded")]'
2025-01-05 17:15:59.962 [DEBUG] [thread-id 1] - Executing function: 'unified.us.functions.search.searchItem'
2025-01-05 17:16:00.720 [DEBUG] [thread-id 1] - Verify identifier: {Search=[true]}
2025-01-05 17:16:00.847 [DEBUG] [thread-id 1] - Click element: 'Search'
2025-01-05 17:16:01.459 [DEBUG] [thread-id 1] - Verify identifier: {Search Walmart=[true]}
2025-01-05 17:16:04.603 [DEBUG] [thread-id 1] - Click element: 'Search Walmart'
2025-01-05 17:16:05.251 [DEBUG] [thread-id 1] - Enter text: 'Clay Kids'
2025-01-05 17:16:16.626 [DEBUG] [thread-id 1] - Executing function: 'unified.us.functions.home.closeWPlusPromotionPopUpIfDisplayed'
2025-01-05 17:16:16.626 [DEBUG] [thread-id 1] - conditionally execute a flow. condition: true
2025-01-05 17:16:27.253 [DEBUG] [thread-id 1] - Executing function: 'unified.us.functions.utils.scrollIfNotVisible'
2025-01-05 17:16:27.255 [WARN] [thread-id 1] - variable scrollLimit was used, but r2 could not find a value for this variable. returning default of null
2025-01-05 17:16:27.255 [DEBUG] [thread-id 1] - conditionally execute a flow. condition: true
2025-01-05 17:16:27.860 [DEBUG] [thread-id 1] - Store in: store the value '7' in the variable 'scrollLimit'
2025-01-05 17:16:27.866 [DEBUG] [thread-id 1] - Scroll limit set to - 7
2025-01-05 17:16:27.866 [DEBUG] [thread-id 1] - conditionally execute a flow. condition: true
2025-01-05 17:16:28.920 [DEBUG] [thread-id 1] - conditionally execute a flow. condition: true
2025-01-05 17:16:29.532 [DEBUG] [thread-id 1] - Element already visible, scrolling is skipped
2025-01-05 17:16:29.546 [WARN] [thread-id 1] - variable scrollNeeded was used, but r2 could not find a value for this variable. returning default of null
2025-01-05 17:16:29.547 [DEBUG] [thread-id 1] - Resetting scrollPosition variable to default
2025-01-05 17:16:29.547 [DEBUG] [thread-id 1] - Store in: store the value 'null' in the variable 'scrollPosition'
2025-01-05 17:16:29.547 [DEBUG] [thread-id 1] - Store in: store the value 'null' in the variable 'identifierScope'
2025-01-05 17:16:29.547 [DEBUG] [thread-id 1] - Store in: store the value 'null' in the variable 'scrollLimit'
2025-01-05 17:16:29.548 [DEBUG] [thread-id 1] - Store in: store the value 'false' in the variable 'scrollNeeded'
2025-01-05 17:16:29.979 [DEBUG] [thread-id 1] - conditionally execute a flow. condition: true
2025-01-05 17:16:30.588 [DEBUG] [thread-id 1] - successfully found an item for the above search criterion
2025-01-05 17:16:30.596 [DEBUG] [thread-id 1] - Executing function: 'unified.us.functions.gic.changeFulfillment'
2025-01-05 17:16:30.597 [DEBUG] [thread-id 1] - Executing function: 'unified.us.functions.gic.expandIfCollapsed'
2025-01-05 17:16:31.643 [DEBUG] [thread-id 1] - Verify identifier: {//*[contains(@label,"Collapsed")] | //*[contains(@name,"Collapsed")]=[true]}
2025-01-05 17:16:32.672 [DEBUG] [thread-id 1] - Click element: '//*[contains(@label,"Collapsed")] | //*[contains(@name,"Collapsed")]'
2025-01-05 17:16:33.143 [DEBUG] [thread-id 1] - Executing function: 'unified.us.functions.gic.setFulfillment'
2025-01-05 17:16:33.145 [DEBUG] [thread-id 1] - conditionally execute a flow. condition: true
2025-01-05 17:16:43.855 [DEBUG] [thread-id 1] - conditionally execute a flow. condition: false
2025-01-05 17:16:46.170 [DEBUG] [thread-id 1] - Click element: '//XCUIElementTypeButton[@name="GlobalIntentCenter.Shipping"] | //XCUIElementTypeButton[contains(@name, "Shipping") ] | //XCUIElementTypeButton[@name="HoTIntentOptionsView" or @name="HoTIntentOptionsPhase2View" and contains(@label,"Shipping")]'
2025-01-05 17:16:47.139 [DEBUG] [thread-id 1] - Shipping intent selected
2025-01-05 17:16:47.835 [DEBUG] [thread-id 1] - sleep:  3000 milliseconds
2025-01-05 17:17:01.033 [DEBUG] [thread-id 1] - Executing function: 'unified.us.functions.gic.collapseIfExpanded'
2025-01-05 17:17:01.842 [DEBUG] [thread-id 1] - Verify identifier: {//*[contains(@label,"Expanded")] | //*[contains(@name,"Expanded")]=[true]}
2025-01-05 17:17:02.338 [DEBUG] [thread-id 1] - Collapsing GIC screen
2025-01-05 17:17:03.152 [DEBUG] [thread-id 1] - Click element: '//*[contains(@label,"Expanded")] | //*[contains(@name,"Expanded")]'
2025-01-05 17:17:03.595 [DEBUG] [thread-id 1] - Executing function: 'unified.us.functions.search.applyGiftFilter'
2025-01-05 17:17:03.595 [DEBUG] [thread-id 1] - sleep:  10000 milliseconds
2025-01-05 17:17:14.006 [DEBUG] [thread-id 1] - Click element: '//XCUIElementTypeButton[contains(@name, "PillView_name_Sort and filter")] | //*[contains(@name,"Filters")] | //XCUIElementTypeStaticText[@name="Filters"] | //XCUIElementTypeButton[contains(@name, "PillView_name_Filters")]'
2025-01-05 17:17:14.475 [DEBUG] [thread-id 1] - sleep:  4000 milliseconds
2025-01-05 17:17:18.479 [DEBUG] [thread-id 1] - Scroll: down
2025-01-05 17:17:35.513 [DEBUG] [thread-id 1] - conditionally execute a flow. condition: true
2025-01-05 17:17:40.904 [DEBUG] [thread-id 1] - Click element: '//*[@name="Gifting, "]  | //XCUIElementTypeButton[@name="UIButton_Gifting" and @visible = "true"]'
2025-01-05 17:17:41.889 [DEBUG] [thread-id 1] - sleep:  5000 milliseconds
2025-01-05 17:17:52.989 [DEBUG] [thread-id 1] - Click element: '//XCUIElementTypeStaticText[@value="Gift eligible"] | //XCUIElementTypeCell[contains(@label, "Gift eligible")]//XCUIElementTypeButton'
2025-01-05 17:17:53.757 [DEBUG] [thread-id 1] - sleep:  10000 milliseconds
2025-01-05 17:18:04.631 [DEBUG] [thread-id 1] - Click element: '//XCUIElementTypeStaticText[@name="View results"] | //XCUIElementTypeButton[@name="View results"] | //XCUIElementTypeButton[@name="SortAndFilterViewController.applyButton"]'
2025-01-05 17:18:05.323 [DEBUG] [thread-id 1] - sleep:  10000 milliseconds
2025-01-05 17:18:15.335 [DEBUG] [thread-id 1] - Executing function: 'unified.us.functions.search.clickOnFirstItem'
2025-01-05 17:18:15.337 [WARN] [thread-id 1] - variable noAds was used, but r2 could not find a value for this variable. returning default of null
2025-01-05 17:18:15.338 [WARN] [thread-id 1] - variable excludeSponsored was used, but r2 could not find a value for this variable. returning default of null
2025-01-05 17:18:15.338 [WARN] [thread-id 1] - variable subFilter was used, but r2 could not find a value for this variable. returning default of null
2025-01-05 17:18:15.341 [DEBUG] [thread-id 1] - conditionally execute a flow. condition: true
2025-01-05 17:18:15.997 [DEBUG] [thread-id 1] - Executing function: 'unified.us.functions.utils.scrollIfNotVisible'
2025-01-05 17:18:15.998 [DEBUG] [thread-id 1] - conditionally execute a flow. condition: true
2025-01-05 17:18:16.641 [DEBUG] [thread-id 1] - Store in: store the value '7' in the variable 'scrollLimit'
2025-01-05 17:18:16.652 [DEBUG] [thread-id 1] - Scroll limit set to - 7
2025-01-05 17:18:16.652 [DEBUG] [thread-id 1] - conditionally execute a flow. condition: true
2025-01-05 17:18:17.779 [DEBUG] [thread-id 1] - conditionally execute a flow. condition: true
2025-01-05 17:18:18.423 [DEBUG] [thread-id 1] - Element already visible, scrolling is skipped
2025-01-05 17:18:18.432 [DEBUG] [thread-id 1] - Resetting scrollPosition variable to default
2025-01-05 17:18:18.432 [DEBUG] [thread-id 1] - Store in: store the value 'null' in the variable 'scrollPosition'
2025-01-05 17:18:18.432 [DEBUG] [thread-id 1] - Store in: store the value 'null' in the variable 'identifierScope'
2025-01-05 17:18:18.432 [DEBUG] [thread-id 1] - Store in: store the value 'null' in the variable 'scrollLimit'
2025-01-05 17:18:18.432 [DEBUG] [thread-id 1] - Store in: store the value 'false' in the variable 'scrollNeeded'
2025-01-05 17:18:19.517 [DEBUG] [thread-id 1] - Click element: '(//XCUIElementTypeButton[@name="GlassProductTile.mainStackView"])[1] | //XCUIElementTypeOther[contains(@name,"ProductImageView.stackView")] | //*[contains(@name,"ProductSectionCoordinator_searchPrimaryProductCell")] | //XCUIElementTypeCell[contains(@name,"ProductSectionCoordinator_searchPrimaryProductCell_indexPath")] | (//XCUIElementTypeOther[@name="ProductImageView.stackView"])[1] | (//XCUIElementTypeButton[@name="GlassProductTile.mainStackView"])[2] | //XCUIElementTypeButton[@name="ListView.accessibilityContainer"]'
2025-01-05 17:18:20.019 [DEBUG] [thread-id 1] - Executing function: 'unified.us.functions.search.verifyItemPageOpened'
2025-01-05 17:18:46.615 [DEBUG] [thread-id 1] - Verify identifier: {//XCUIElementTypeStaticText[@name="BrandNameView_brandName" or @name = "TitleView_productTitle"] | //XCUIElementTypeButton[@name="BrandNameView_brandNameButton"]=[true]}
2025-01-05 17:18:46.639 [DEBUG] [thread-id 1] - Store in: store the value 'null' in the variable 'subFilter'
2025-01-05 17:18:46.639 [DEBUG] [thread-id 1] - Store in: store the value 'false' in the variable 'noAds'
2025-01-05 17:18:46.640 [DEBUG] [thread-id 1] - Store in: store the value 'false' in the variable 'excludeSponsored'
2025-01-05 17:18:46.640 [DEBUG] [thread-id 1] - Executing function: 'unified.us.functions.item.verifyReturnDetailsLink'
2025-01-05 17:18:46.640 [DEBUG] [thread-id 1] - sleep:  5000 milliseconds
2025-01-05 17:18:51.652 [DEBUG] [thread-id 1] - loop: from 1 to 8
2025-01-05 17:19:04.632 [DEBUG] [thread-id 1] - Drag: from (195,506) to (195,295)
2025-01-05 17:19:20.483 [DEBUG] [thread-id 1] - conditionally execute a flow. condition: true
2025-01-05 17:19:40.103 [DEBUG] [thread-id 1] - conditionally execute a flow. condition: true
2025-01-05 17:19:50.355 [DEBUG] [thread-id 1] - Return details present
2025-01-05 17:20:09.489 [DEBUG] [thread-id 1] - Verify identifier: {//XCUIElementTypeStaticText[@name="Details"]=[true]}
2025-01-05 17:20:30.495 [DEBUG] [thread-id 1] - Click element: '//XCUIElementTypeStaticText[@name="Details"]'
2025-01-05 17:20:59.000 [DEBUG] [thread-id 1] - Verify identifier: {//XCUIElementTypeOther[@name="SellerTitleView.label"]=[true]}
2025-01-05 17:21:34.504 [DEBUG] [thread-id 1] - conditionally execute a flow. condition: false
2025-01-05 17:21:57.831 [DEBUG] [thread-id 1] - Click element: '//XCUIElementTypeButton[@name="close"] | //XCUIElementTypeButton[@label="Close" or @label="close"] | //XCUIElementTypeButton[@name="ItemDetailsViewController_itemDetailCloseButton"]'
2025-01-05 17:22:22.273 [DEBUG] [thread-id 1] - Executing function: 'unified.us.functions.item.verifyGiftEligibleLearnMoreLink'
2025-01-05 17:22:22.274 [DEBUG] [thread-id 1] - Executing function: 'us.functions.utils.scrollIfNotVisible'
2025-01-05 17:22:36.163 [DEBUG] [thread-id 1] - Verify identifier: {GiftingView.learnMoreButton=[true]}
2025-01-05 17:22:46.110 [DEBUG] [thread-id 1] - Element already visible, scrolling is skipped
2025-01-05 17:22:46.124 [DEBUG] [thread-id 1] - Resetting scrollPosition variable to default
2025-01-05 17:22:46.124 [DEBUG] [thread-id 1] - Store in: store the value 'null' in the variable 'scrollPosition'
2025-01-05 17:22:46.124 [DEBUG] [thread-id 1] - Store in: store the value 'null' in the variable 'identifierScope'
2025-01-05 17:22:46.124 [DEBUG] [thread-id 1] - Store in: store the value 'null' in the variable 'limit'
2025-01-05 17:22:56.468 [DEBUG] [thread-id 1] - Verify identifier: {GiftingView.learnMoreButton=[true]}
2025-01-05 17:22:56.471 [DEBUG] [thread-id 1] - Executing function: 'unified.us.functions.item.verifyReviewsScreenAndSubmitReview'
2025-01-05 17:22:56.471 [DEBUG] [thread-id 1] - Executing function: 'us.functions.utils.scrollIfNotVisible'
2025-01-05 17:23:37.509 [DEBUG] [thread-id 1] - conditionally execute a flow. condition: true
2025-01-05 17:23:47.465 [DEBUG] [thread-id 1] - Store in: store the value '5' in the variable 'limit'
2025-01-05 17:23:57.391 [DEBUG] [thread-id 1] - Scroll limit set to 5
2025-01-05 17:24:07.312 [DEBUG] [thread-id 1] - conditionally execute a flow. condition: true
2025-01-05 17:24:17.183 [DEBUG] [thread-id 1] - conditionally execute a flow. condition: true
2025-01-05 17:24:27.079 [DEBUG] [thread-id 1] - Scroll: up
2025-01-05 17:25:14.440 [DEBUG] [thread-id 1] - Resetting scrollPosition variable to default
2025-01-05 17:25:14.442 [DEBUG] [thread-id 1] - Store in: store the value 'null' in the variable 'scrollPosition'
2025-01-05 17:25:14.442 [DEBUG] [thread-id 1] - Store in: store the value 'null' in the variable 'identifierScope'
2025-01-05 17:25:14.442 [DEBUG] [thread-id 1] - Store in: store the value 'null' in the variable 'limit'
2025-01-05 17:25:33.785 [DEBUG] [thread-id 1] - Verify identifier: {//XCUIElementTypeButton[@name="SnapshotView_productRating"] | //*[@name="GlassStarRatingView.ratingView"]=[true]}
2025-01-05 17:25:53.305 [DEBUG] [thread-id 1] - Click element: '//XCUIElementTypeButton[@name="SnapshotView_productRating"] | //*[@name="GlassStarRatingView.ratingView"]'
2025-01-05 17:27:31.578 [DEBUG] [thread-id 1] - Verify identifier: {//XCUIElementTypeStaticText[@name="ReviewDetailHeaderView.titleLabel"] | //XCUIElementTypeStaticText[@label="Customer reviews"]=[true]}
2025-01-05 17:27:31.581 [DEBUG] [thread-id 1] - Store in: store the value 'passed' in the variable 'testStatus'
2025-01-05 17:31:43.190 [DEBUG] [thread-id 1] - Executing scenario: 'After'
2025-01-05 17:31:43.191 [DEBUG] [thread-id 1] - Executing function: 'unified.us.functions.utils.afterSteps'
2025-01-05 17:31:43.192 [DEBUG] [thread-id 1] - conditionally execute a flow. condition: true
2025-01-05 17:34:14.216 [DEBUG] [thread-id 1] - Test passed
2025-01-05 17:39:36.438 [DEBUG] [thread-id 1] - Created report: /Users/m0k0a2f/glass-automation/report/index.html
