2024-03-08 15:35:35.104 [DEBUG] [thread-id 1] - Executing R2 3.38.1: '/Users/m0k0a2f/glass-automation/./us/test/test-scripts/ios/golden-flows/Ecomm-And-Fulfillment-Flows/unified-checkin/C2700120-unified-checkin-for-multi-order-pickup-same-store.yaml' on device: 'iPhone 12 Simulator'
2024-03-08 15:35:39.812 [ERROR] [thread-id 1] - Cannot parse: /Users/m0k0a2f/glass-automation/./us/test/test-scripts/android/golden-flows/Returns-And-Replacement-flows/C2693273-Variant-Replacement.yaml
2024-03-08 15:35:39.813 [ERROR] [thread-id 1] - org.yaml.snakeyaml.error.YAMLException: Cannot create property=scenarios for JavaBean=com.walmartlabs.data.config.Config@5978d8f9
 in 'reader', line 1, column 1:
    general:
    ^
Cannot create property=flow for JavaBean=com.walmartlabs.data.config.scenarios.StepBlocks@56900754
 in 'reader', line 24, column 5:
      - name: Main
        ^
Cannot create property=method for JavaBean=com.walmartlabs.data.config.scenarios.Flow@397851bf
 in 'reader', line 27, column 9:
          - executeAppiumScript:
            ^
Unable to find property 'method' on class: com.walmartlabs.data.config.scenarios.Flow
 in 'reader', line 28, column 17:
            method: "mobile: launchApp"
                    ^

 in 'reader', line 26, column 7:
          - log: Start Main and executing  ... 
          ^

 in 'reader', line 14, column 3:
      - name: Before
      ^

