2023-02-06 22:10:14.599 [DEBUG] [thread-id 1] - Executing R2 3.30.0: '/Users/m0k0a2f/glass-automation/./us/test/test-scripts/ios/golden-flows/PetRx-flows/Petrx-Post/iOSPetrxpost-multi-fulfillment-fc+sc-delivery+3p-wfs.yaml' on device: 'iPhone 13'
2023-02-06 22:12:01.145 [DEBUG] [thread-id 1] - Executing scenario: 'Before'
2023-02-06 22:12:01.150 [DEBUG] [thread-id 1] - Execute before steps
2023-02-06 22:12:01.153 [DEBUG] [thread-id 1] - R2_SUBFLOW_PRE_TRANSACTION
2023-02-06 22:12:01.155 [DEBUG] [thread-id 1] - Executing function: 'us.functions.utils.astro.createOrder'
2023-02-06 22:12:01.156 [DEBUG] [thread-id 1] - Create order
2023-02-06 22:12:01.157 [DEBUG] [thread-id 1] - loop: from 0 to 5
2023-02-06 22:12:01.288 [DEBUG] [thread-id 1] - Store in: store the value 'null' in the variable 'errorCode'
2023-02-06 22:12:01.428 [DEBUG] [thread-id 1] - Store in: store the value 'null' in the variable 'orderCreationStatus'
2023-02-06 22:12:01.574 [DEBUG] [thread-id 1] - Call API: 'http://astro.walmart.com/api/v2/teflon/order'
2023-02-06 22:12:06.877 [DEBUG] [thread-id 1] - Response code is: '404'. Response body is: '{"astroStatus":"FAIL","astroDescription":"IRO - OFFER_ID_NOT_FOUND","astroDetails":{"customerId":"70c68aba-a7ca-49ca-9daf-3eec75e8f609","cartId":"89d02c0b-4b21-4b23-9f66-b08d8f207869","parsedIROResponse":{"status":"PARTIAL","errors":[],"header":{"headerAttributes":{"WM_BU_ID":"0","WM_LOCALE_ID":"en_US","WM_MART_ID":"0","x-o-mart-id":"0"}},"payload":[{"productId":{"USItemId":982872089},"entityErrors":[{"code":"404.IRS.ONLINEROLLUP.102","field":"Application","description":"Offer data was not found at Online Rollup for the input Id.","info":"Requested Identifiers: 982872089","severity":"ERROR","category":"APPLICATION","causes":[{"code":"404.ROLLUP.OFFER.100","field":"productId:1UUDW1J46ULV, storeId:0","description":"Data not found for offer"}],"errorIdentifiers":{"entry":[]}}],"productPublishStatus":"UNPUBLISHED","productClassType":"VARIANT","itemWrapper":{},"transactableOfferCount":0}]},"astro_logs":[{"CART":{"fail":"IRO - OFFER_ID_NOT_FOUND"}},{"CHECKOUT":{}}]}}'
2023-02-06 22:12:07.090 [DEBUG] [thread-id 1] - conditionally execute a flow. condition: false
2023-02-06 22:12:07.202 [DEBUG] [thread-id 1] - Failure in order creation. Retrying after 30 secs
2023-02-06 22:12:07.342 [DEBUG] [thread-id 1] - sleep:  30000 milliseconds
2023-02-06 22:12:37.601 [DEBUG] [thread-id 1] - Store in: store the value 'null' in the variable 'errorCode'
2023-02-06 22:12:37.730 [DEBUG] [thread-id 1] - Store in: store the value 'null' in the variable 'orderCreationStatus'
2023-02-06 22:12:37.879 [DEBUG] [thread-id 1] - Call API: 'http://astro.walmart.com/api/v2/teflon/order'
2023-02-06 22:12:43.132 [DEBUG] [thread-id 1] - Response code is: '404'. Response body is: '{"astroStatus":"FAIL","astroDescription":"IRO - OFFER_ID_NOT_FOUND","astroDetails":{"customerId":"70c68aba-a7ca-49ca-9daf-3eec75e8f609","cartId":"89d02c0b-4b21-4b23-9f66-b08d8f207869","parsedIROResponse":{"status":"PARTIAL","errors":[],"header":{"headerAttributes":{"WM_BU_ID":"0","WM_LOCALE_ID":"en_US","WM_MART_ID":"0","x-o-mart-id":"0"}},"payload":[{"productId":{"USItemId":982872089},"entityErrors":[{"code":"404.IRS.ONLINEROLLUP.102","field":"Application","description":"Offer data was not found at Online Rollup for the input Id.","info":"Requested Identifiers: 982872089","severity":"ERROR","category":"APPLICATION","causes":[{"code":"404.ROLLUP.OFFER.100","field":"productId:1UUDW1J46ULV, storeId:0","description":"Data not found for offer"}],"errorIdentifiers":{"entry":[]}}],"productPublishStatus":"UNPUBLISHED","productClassType":"VARIANT","itemWrapper":{},"transactableOfferCount":0}]},"astro_logs":[{"CART":{"fail":"IRO - OFFER_ID_NOT_FOUND"}},{"CHECKOUT":{}}]}}'
2023-02-06 22:12:43.385 [DEBUG] [thread-id 1] - conditionally execute a flow. condition: false
2023-02-06 22:12:43.485 [DEBUG] [thread-id 1] - Failure in order creation. Retrying after 30 secs
2023-02-06 22:12:43.616 [DEBUG] [thread-id 1] - sleep:  30000 milliseconds
2023-02-06 22:13:13.861 [DEBUG] [thread-id 1] - Store in: store the value 'null' in the variable 'errorCode'
2023-02-06 22:13:14.001 [DEBUG] [thread-id 1] - Store in: store the value 'null' in the variable 'orderCreationStatus'
2023-02-06 22:13:14.137 [DEBUG] [thread-id 1] - Call API: 'http://astro.walmart.com/api/v2/teflon/order'
2023-02-06 22:13:21.774 [DEBUG] [thread-id 1] - Response code is: '404'. Response body is: '{"astroStatus":"FAIL","astroDescription":"IRO - OFFER_ID_NOT_FOUND","astroDetails":{"customerId":"70c68aba-a7ca-49ca-9daf-3eec75e8f609","cartId":"89d02c0b-4b21-4b23-9f66-b08d8f207869","parsedIROResponse":{"status":"PARTIAL","errors":[],"header":{"headerAttributes":{"WM_BU_ID":"0","WM_LOCALE_ID":"en_US","WM_MART_ID":"0","x-o-mart-id":"0"}},"payload":[{"productId":{"USItemId":982872089},"entityErrors":[{"code":"404.IRS.ONLINEROLLUP.102","field":"Application","description":"Offer data was not found at Online Rollup for the input Id.","info":"Requested Identifiers: 982872089","severity":"ERROR","category":"APPLICATION","causes":[{"code":"404.ROLLUP.OFFER.100","field":"productId:1UUDW1J46ULV, storeId:0","description":"Data not found for offer"}],"errorIdentifiers":{"entry":[]}}],"productPublishStatus":"UNPUBLISHED","productClassType":"VARIANT","itemWrapper":{},"transactableOfferCount":0}]},"astro_logs":[{"CART":{"fail":"IRO - OFFER_ID_NOT_FOUND"}},{"CHECKOUT":{}}]}}'
2023-02-06 22:13:22.050 [DEBUG] [thread-id 1] - conditionally execute a flow. condition: false
2023-02-06 22:13:22.157 [DEBUG] [thread-id 1] - Failure in order creation. Retrying after 30 secs
2023-02-06 22:13:22.301 [DEBUG] [thread-id 1] - sleep:  30000 milliseconds
2023-02-06 22:13:52.557 [DEBUG] [thread-id 1] - Store in: store the value 'null' in the variable 'errorCode'
2023-02-06 22:13:52.694 [DEBUG] [thread-id 1] - Store in: store the value 'null' in the variable 'orderCreationStatus'
2023-02-06 22:13:52.838 [DEBUG] [thread-id 1] - Call API: 'http://astro.walmart.com/api/v2/teflon/order'
2023-02-06 22:13:59.234 [DEBUG] [thread-id 1] - Response code is: '404'. Response body is: '{"astroStatus":"FAIL","astroDescription":"IRO - OFFER_ID_NOT_FOUND","astroDetails":{"customerId":"70c68aba-a7ca-49ca-9daf-3eec75e8f609","cartId":"89d02c0b-4b21-4b23-9f66-b08d8f207869","parsedIROResponse":{"status":"PARTIAL","errors":[],"header":{"headerAttributes":{"WM_BU_ID":"0","WM_LOCALE_ID":"en_US","WM_MART_ID":"0","x-o-mart-id":"0"}},"payload":[{"productId":{"USItemId":982872089},"entityErrors":[{"code":"404.IRS.ONLINEROLLUP.102","field":"Application","description":"Offer data was not found at Online Rollup for the input Id.","info":"Requested Identifiers: 982872089","severity":"ERROR","category":"APPLICATION","causes":[{"code":"404.ROLLUP.OFFER.100","field":"productId:1UUDW1J46ULV, storeId:0","description":"Data not found for offer"}],"errorIdentifiers":{"entry":[]}}],"productPublishStatus":"UNPUBLISHED","productClassType":"VARIANT","itemWrapper":{},"transactableOfferCount":0}]},"astro_logs":[{"CART":{"fail":"IRO - OFFER_ID_NOT_FOUND"}},{"CHECKOUT":{}}]}}'
2023-02-06 22:13:59.520 [DEBUG] [thread-id 1] - conditionally execute a flow. condition: false
2023-02-06 22:13:59.642 [DEBUG] [thread-id 1] - Failure in order creation. Retrying after 30 secs
2023-02-06 22:13:59.774 [DEBUG] [thread-id 1] - sleep:  30000 milliseconds
2023-02-06 22:14:29.996 [DEBUG] [thread-id 1] - Store in: store the value 'null' in the variable 'errorCode'
2023-02-06 22:14:30.130 [DEBUG] [thread-id 1] - Store in: store the value 'null' in the variable 'orderCreationStatus'
2023-02-06 22:14:30.266 [DEBUG] [thread-id 1] - Call API: 'http://astro.walmart.com/api/v2/teflon/order'
2023-02-06 22:14:35.642 [DEBUG] [thread-id 1] - Response code is: '404'. Response body is: '{"astroStatus":"FAIL","astroDescription":"IRO - OFFER_ID_NOT_FOUND","astroDetails":{"customerId":"70c68aba-a7ca-49ca-9daf-3eec75e8f609","cartId":"89d02c0b-4b21-4b23-9f66-b08d8f207869","parsedIROResponse":{"status":"PARTIAL","errors":[],"header":{"headerAttributes":{"WM_BU_ID":"0","WM_LOCALE_ID":"en_US","WM_MART_ID":"0","x-o-mart-id":"0"}},"payload":[{"productId":{"USItemId":982872089},"entityErrors":[{"code":"404.IRS.ONLINEROLLUP.102","field":"Application","description":"Offer data was not found at Online Rollup for the input Id.","info":"Requested Identifiers: 982872089","severity":"ERROR","category":"APPLICATION","causes":[{"code":"404.ROLLUP.OFFER.100","field":"productId:1UUDW1J46ULV, storeId:0","description":"Data not found for offer"}],"errorIdentifiers":{"entry":[]}}],"productPublishStatus":"UNPUBLISHED","productClassType":"VARIANT","itemWrapper":{},"transactableOfferCount":0}]},"astro_logs":[{"CART":{"fail":"IRO - OFFER_ID_NOT_FOUND"}},{"CHECKOUT":{}}]}}'
2023-02-06 22:14:35.813 [DEBUG] [thread-id 1] - conditionally execute a flow. condition: false
2023-02-06 22:14:35.917 [DEBUG] [thread-id 1] - Failure in order creation. Retrying after 30 secs
2023-02-06 22:14:36.049 [DEBUG] [thread-id 1] - sleep:  30000 milliseconds
2023-02-06 22:15:06.208 [DEBUG] [thread-id 1] - conditionally execute a flow. condition: true
2023-02-06 22:15:06.326 [DEBUG] [thread-id 1] - conditionally execute a flow. condition: true
2023-02-06 22:15:27.520 [DEBUG] [thread-id 1] - Before failed: API_FAILURE - ASTRO - CREATE ORDER FAILURE. Error: IRO - OFFER_ID_NOT_FOUND
2023-02-06 22:15:27.756 [DEBUG] [thread-id 1] - Executing scenario: 'After'
2023-02-06 22:15:27.762 [DEBUG] [thread-id 1] - Executing function: 'us.functions.utils.afterSteps'
2023-02-06 22:15:27.770 [WARN] [thread-id 1] - variable testStatus was used, but r2 could not find a value for this variable. returning default of null
2023-02-06 22:15:27.778 [DEBUG] [thread-id 1] - conditionally execute a flow. condition: false
2023-02-06 22:15:27.909 [DEBUG] [thread-id 1] - Test failed
2023-02-06 22:15:28.036 [DEBUG] [thread-id 1] - Executing function: 'us.functions.utils.closeErrorAlertIfExists'
2023-02-06 22:16:00.739 [DEBUG] [thread-id 1] - Created report: /Users/m0k0a2f/glass-automation/report/index.html
2023-02-06 22:17:49.752 [DEBUG] [thread-id 1] - Executing R2 3.30.0: '/Users/m0k0a2f/glass-automation/./us/test/test-scripts/ios/golden-flows/PetRx-flows/Petrx-Post/iOSPetrxpost-multi-fulfillment-fc+sc-delivery+3p-wfs.yaml' on device: 'iPhone 13'
2023-02-06 22:18:44.068 [DEBUG] [thread-id 1] - Executing scenario: 'Before'
2023-02-06 22:18:44.073 [DEBUG] [thread-id 1] - Execute before steps
2023-02-06 22:18:44.078 [DEBUG] [thread-id 1] - R2_SUBFLOW_PRE_TRANSACTION
2023-02-06 22:18:44.081 [DEBUG] [thread-id 1] - Executing function: 'us.functions.utils.astro.createOrder'
2023-02-06 22:18:44.082 [DEBUG] [thread-id 1] - Create order
2023-02-06 22:18:44.083 [DEBUG] [thread-id 1] - loop: from 0 to 5
2023-02-06 22:18:44.211 [DEBUG] [thread-id 1] - Store in: store the value 'null' in the variable 'errorCode'
2023-02-06 22:18:44.370 [DEBUG] [thread-id 1] - Store in: store the value 'null' in the variable 'orderCreationStatus'
2023-02-06 22:18:44.549 [DEBUG] [thread-id 1] - Call API: 'http://astro.walmart.com/api/v2/teflon/order'
2023-02-06 22:18:49.794 [DEBUG] [thread-id 1] - Response code is: '404'. Response body is: '{"astroStatus":"FAIL","astroDescription":"IRO - OFFER_ID_NOT_FOUND","astroDetails":{"customerId":"70c68aba-a7ca-49ca-9daf-3eec75e8f609","cartId":"89d02c0b-4b21-4b23-9f66-b08d8f207869","parsedIROResponse":{"status":"PARTIAL","errors":[],"header":{"headerAttributes":{"WM_BU_ID":"0","WM_LOCALE_ID":"en_US","WM_MART_ID":"0","x-o-mart-id":"0"}},"payload":[{"productId":{"USItemId":982872089},"entityErrors":[{"code":"404.IRS.ONLINEROLLUP.102","field":"Application","description":"Offer data was not found at Online Rollup for the input Id.","info":"Requested Identifiers: 982872089","severity":"ERROR","category":"APPLICATION","causes":[{"code":"404.ROLLUP.OFFER.100","field":"productId:1UUDW1J46ULV, storeId:0","description":"Data not found for offer"}],"errorIdentifiers":{"entry":[]}}],"productPublishStatus":"UNPUBLISHED","productClassType":"VARIANT","itemWrapper":{},"transactableOfferCount":0}]},"astro_logs":[{"CART":{"fail":"IRO - OFFER_ID_NOT_FOUND"}},{"CHECKOUT":{}}]}}'
2023-02-06 22:18:50.014 [DEBUG] [thread-id 1] - conditionally execute a flow. condition: false
2023-02-06 22:18:50.146 [DEBUG] [thread-id 1] - Failure in order creation. Retrying after 30 secs
2023-02-06 22:18:50.359 [DEBUG] [thread-id 1] - sleep:  30000 milliseconds
2023-02-06 22:19:20.578 [DEBUG] [thread-id 1] - Store in: store the value 'null' in the variable 'errorCode'
2023-02-06 22:19:20.720 [DEBUG] [thread-id 1] - Store in: store the value 'null' in the variable 'orderCreationStatus'
2023-02-06 22:19:20.874 [DEBUG] [thread-id 1] - Call API: 'http://astro.walmart.com/api/v2/teflon/order'
2023-02-06 22:19:28.081 [DEBUG] [thread-id 1] - Response code is: '404'. Response body is: '{"astroStatus":"FAIL","astroDescription":"IRO - OFFER_ID_NOT_FOUND","astroDetails":{"customerId":"70c68aba-a7ca-49ca-9daf-3eec75e8f609","cartId":"89d02c0b-4b21-4b23-9f66-b08d8f207869","parsedIROResponse":{"status":"PARTIAL","errors":[],"header":{"headerAttributes":{"WM_BU_ID":"0","WM_LOCALE_ID":"en_US","WM_MART_ID":"0","x-o-mart-id":"0"}},"payload":[{"productId":{"USItemId":982872089},"entityErrors":[{"code":"404.IRS.ONLINEROLLUP.102","field":"Application","description":"Offer data was not found at Online Rollup for the input Id.","info":"Requested Identifiers: 982872089","severity":"ERROR","category":"APPLICATION","causes":[{"code":"404.ROLLUP.OFFER.100","field":"productId:1UUDW1J46ULV, storeId:0","description":"Data not found for offer"}],"errorIdentifiers":{"entry":[]}}],"productPublishStatus":"UNPUBLISHED","productClassType":"VARIANT","itemWrapper":{},"transactableOfferCount":0}]},"astro_logs":[{"CART":{"fail":"IRO - OFFER_ID_NOT_FOUND"}},{"CHECKOUT":{}}]}}'
2023-02-06 22:19:28.268 [DEBUG] [thread-id 1] - conditionally execute a flow. condition: false
2023-02-06 22:19:28.389 [DEBUG] [thread-id 1] - Failure in order creation. Retrying after 30 secs
2023-02-06 22:19:28.536 [DEBUG] [thread-id 1] - sleep:  30000 milliseconds
2023-02-06 22:19:58.731 [DEBUG] [thread-id 1] - Store in: store the value 'null' in the variable 'errorCode'
2023-02-06 22:19:58.882 [DEBUG] [thread-id 1] - Store in: store the value 'null' in the variable 'orderCreationStatus'
2023-02-06 22:19:59.022 [DEBUG] [thread-id 1] - Call API: 'http://astro.walmart.com/api/v2/teflon/order'
2023-02-06 22:20:04.285 [DEBUG] [thread-id 1] - Response code is: '404'. Response body is: '{"astroStatus":"FAIL","astroDescription":"IRO - OFFER_ID_NOT_FOUND","astroDetails":{"customerId":"70c68aba-a7ca-49ca-9daf-3eec75e8f609","cartId":"89d02c0b-4b21-4b23-9f66-b08d8f207869","parsedIROResponse":{"status":"PARTIAL","errors":[],"header":{"headerAttributes":{"WM_BU_ID":"0","WM_LOCALE_ID":"en_US","WM_MART_ID":"0","x-o-mart-id":"0"}},"payload":[{"productId":{"USItemId":982872089},"entityErrors":[{"code":"404.IRS.ONLINEROLLUP.102","field":"Application","description":"Offer data was not found at Online Rollup for the input Id.","info":"Requested Identifiers: 982872089","severity":"ERROR","category":"APPLICATION","causes":[{"code":"404.ROLLUP.OFFER.100","field":"productId:1UUDW1J46ULV, storeId:0","description":"Data not found for offer"}],"errorIdentifiers":{"entry":[]}}],"productPublishStatus":"UNPUBLISHED","productClassType":"VARIANT","itemWrapper":{},"transactableOfferCount":0}]},"astro_logs":[{"CART":{"fail":"IRO - OFFER_ID_NOT_FOUND"}},{"CHECKOUT":{}}]}}'
2023-02-06 22:20:04.515 [DEBUG] [thread-id 1] - conditionally execute a flow. condition: false
2023-02-06 22:20:04.630 [DEBUG] [thread-id 1] - Failure in order creation. Retrying after 30 secs
2023-02-06 22:20:04.781 [DEBUG] [thread-id 1] - sleep:  30000 milliseconds
2023-02-06 22:20:34.973 [DEBUG] [thread-id 1] - Store in: store the value 'null' in the variable 'errorCode'
2023-02-06 22:20:35.106 [DEBUG] [thread-id 1] - Store in: store the value 'null' in the variable 'orderCreationStatus'
2023-02-06 22:20:35.262 [DEBUG] [thread-id 1] - Call API: 'http://astro.walmart.com/api/v2/teflon/order'
2023-02-06 22:20:40.389 [DEBUG] [thread-id 1] - Response code is: '404'. Response body is: '{"astroStatus":"FAIL","astroDescription":"IRO - OFFER_ID_NOT_FOUND","astroDetails":{"customerId":"70c68aba-a7ca-49ca-9daf-3eec75e8f609","cartId":"89d02c0b-4b21-4b23-9f66-b08d8f207869","parsedIROResponse":{"status":"PARTIAL","errors":[],"header":{"headerAttributes":{"WM_BU_ID":"0","WM_LOCALE_ID":"en_US","WM_MART_ID":"0","x-o-mart-id":"0"}},"payload":[{"productId":{"USItemId":982872089},"entityErrors":[{"code":"404.IRS.ONLINEROLLUP.102","field":"Application","description":"Offer data was not found at Online Rollup for the input Id.","info":"Requested Identifiers: 982872089","severity":"ERROR","category":"APPLICATION","causes":[{"code":"404.ROLLUP.OFFER.100","field":"productId:1UUDW1J46ULV, storeId:0","description":"Data not found for offer"}],"errorIdentifiers":{"entry":[]}}],"productPublishStatus":"UNPUBLISHED","productClassType":"VARIANT","itemWrapper":{},"transactableOfferCount":0}]},"astro_logs":[{"CART":{"fail":"IRO - OFFER_ID_NOT_FOUND"}},{"CHECKOUT":{}}]}}'
2023-02-06 22:20:40.568 [DEBUG] [thread-id 1] - conditionally execute a flow. condition: false
2023-02-06 22:20:40.685 [DEBUG] [thread-id 1] - Failure in order creation. Retrying after 30 secs
2023-02-06 22:20:40.830 [DEBUG] [thread-id 1] - sleep:  30000 milliseconds
2023-02-06 22:21:11.131 [DEBUG] [thread-id 1] - Store in: store the value 'null' in the variable 'errorCode'
2023-02-06 22:21:11.289 [DEBUG] [thread-id 1] - Store in: store the value 'null' in the variable 'orderCreationStatus'
2023-02-06 22:21:11.426 [DEBUG] [thread-id 1] - Call API: 'http://astro.walmart.com/api/v2/teflon/order'
2023-02-06 22:21:22.584 [DEBUG] [thread-id 1] - Response code is: '404'. Response body is: '{"astroStatus":"FAIL","astroDescription":"IRO - OFFER_ID_NOT_FOUND","astroDetails":{"customerId":"70c68aba-a7ca-49ca-9daf-3eec75e8f609","cartId":"89d02c0b-4b21-4b23-9f66-b08d8f207869","parsedIROResponse":{"status":"PARTIAL","errors":[],"header":{"headerAttributes":{"WM_BU_ID":"0","WM_LOCALE_ID":"en_US","WM_MART_ID":"0","x-o-mart-id":"0"}},"payload":[{"productId":{"USItemId":982872089},"entityErrors":[{"code":"404.IRS.ONLINEROLLUP.102","field":"Application","description":"Offer data was not found at Online Rollup for the input Id.","info":"Requested Identifiers: 982872089","severity":"ERROR","category":"APPLICATION","causes":[{"code":"404.ROLLUP.OFFER.100","field":"productId:1UUDW1J46ULV, storeId:0","description":"Data not found for offer"}],"errorIdentifiers":{"entry":[]}}],"productPublishStatus":"UNPUBLISHED","productClassType":"VARIANT","itemWrapper":{},"transactableOfferCount":0}]},"astro_logs":[{"CART":{"fail":"IRO - OFFER_ID_NOT_FOUND"}},{"CHECKOUT":{}}]}}'
2023-02-06 22:21:22.748 [DEBUG] [thread-id 1] - conditionally execute a flow. condition: false
2023-02-06 22:21:22.869 [DEBUG] [thread-id 1] - Failure in order creation. Retrying after 30 secs
2023-02-06 22:21:23.011 [DEBUG] [thread-id 1] - sleep:  30000 milliseconds
2023-02-06 22:21:53.106 [DEBUG] [thread-id 1] - conditionally execute a flow. condition: true
2023-02-06 22:21:53.250 [DEBUG] [thread-id 1] - conditionally execute a flow. condition: true
2023-02-06 22:22:14.021 [DEBUG] [thread-id 1] - Before failed: API_FAILURE - ASTRO - CREATE ORDER FAILURE. Error: IRO - OFFER_ID_NOT_FOUND
2023-02-06 22:22:14.313 [DEBUG] [thread-id 1] - Executing scenario: 'After'
2023-02-06 22:22:14.318 [DEBUG] [thread-id 1] - Executing function: 'us.functions.utils.afterSteps'
2023-02-06 22:22:14.327 [WARN] [thread-id 1] - variable testStatus was used, but r2 could not find a value for this variable. returning default of null
2023-02-06 22:22:14.335 [DEBUG] [thread-id 1] - conditionally execute a flow. condition: false
2023-02-06 22:22:14.461 [DEBUG] [thread-id 1] - Test failed
2023-02-06 22:22:14.588 [DEBUG] [thread-id 1] - Executing function: 'us.functions.utils.closeErrorAlertIfExists'
2023-02-06 22:22:41.647 [DEBUG] [thread-id 1] - Created report: /Users/m0k0a2f/glass-automation/report/index.html
