2023-01-20 09:29:14.597 [DEBUG] [thread-id 1] - Executing R2 3.30.0: '/Users/m0k0a2f/glass-automation/./us/test/test-scripts/ios/golden-flows/PetRx-flows/C2666399-PetRX-multi-fulfilment-Shipping-mixed-order.yaml' on device: 'iPhone 13'
2023-01-20 09:30:28.364 [DEBUG] [thread-id 1] - Executing scenario: 'Before'
2023-01-20 09:30:28.370 [DEBUG] [thread-id 1] - Execute before steps
2023-01-20 09:30:28.372 [DEBUG] [thread-id 1] - R2_SUBFLOW_PRE_TRANSACTION
2023-01-20 09:30:28.375 [DEBUG] [thread-id 1] - Executing function: 'us.functions.utils.astro.clearCart'
2023-01-20 09:30:28.492 [DEBUG] [thread-id 1] - Call API: 'http://astro.walmart.com/api/v2/teflon/customer/walpandroid@gmail.com/clearcart'
2023-01-20 09:30:41.270 [DEBUG] [thread-id 1] - Response code is: '200'. Response body is: '{"astroStatus":"SUCCESS","astroDescription":"CART_CLEARED","astroDetails":{"dbSessionMap":{"CXO_CART_ST":"{\"mtoken\":\"2:14#158391537#2=170130851#8=86466204\"}"},"checkoutable":false,"cart":{"id":"dfa60841-80d9-4e2d-85a9-ca6aedf04778","buyer":{"id":"958647ca-1069-4bb6-9770-9c628979f279","type":"CUSTOMER"},"storeIds":[],"itemCount":0,"entityErrors":[],"shipping":{"id":"c820dce9-cf53-4360-9fc8-69019783016e","dbLockVersion":0,"dbSessionMap":{},"dbLockMap":{},"postalCode":"95122","city":"San Jose","state":"CA","countryCode":"USA","latitude":37.606689,"longitude":-122.426362,"isPOBox":false,"isAPOFPO":false},"currencyCode":"USD","preview":false,"tenantId":0,"verticalId":0,"checkoutableErrors":[],"intent":"PICKUP","pickupStore":{"city":"San Jose","stateOrProvinceCode":"CA","countryCode":"USA","postalCode":"95122","storeId":"32144","services":[]},"deliveryStore":{"city":"San Jose","stateOrProvinceCode":"CA","countryCode":"USA","postalCode":"95122","storeId":"32144","services":[]},"fulfillmentPlans":[],"accessPoints":[],"reservations":[],"isExplicitIntent":false,"hasGiftEligibleItem":false,"warnings":[],"restrictions":[]},"isOmniPromiseResponse":true}}'
2023-01-20 09:30:41.419 [DEBUG] [thread-id 1] - Cart cleared for walpandroid@gmail.com
2023-01-20 09:30:41.531 [DEBUG] [thread-id 1] - Using us-errors-helpers.yaml
2023-01-20 09:30:41.627 [DEBUG] [thread-id 1] - Start Main
2023-01-20 09:30:41.630 [DEBUG] [thread-id 1] - Executing function: 'us.functions.global.onboarding.navigateOnboardingToHome'
2023-01-20 09:30:41.637 [DEBUG] [thread-id 1] - Executing function: 'us.function.utils.getEnvironmentValue'
2023-01-20 09:30:41.647 [DEBUG] [thread-id 1] - Store in: store the value 'teflon' in the variable 'env'
2023-01-20 09:30:41.794 [DEBUG] [thread-id 1] - Verify identifier: {//XCUIElementTypeStaticText[@name="WelcomeViewController.titleLabel"] | //XCUIElementTypeStaticText[@name="SignUpNudgeWelcomeViewController.titleLabel"]=[true]}
2023-01-20 09:30:51.865 [DEBUG] [thread-id 1] - conditionally execute a flow. condition: false
2023-01-20 09:30:52.072 [DEBUG] [thread-id 1] - Click element: '//XCUIElementTypeStaticText[@name="Continue"] | //XCUIElementTypeStaticText[@name="Next"] | //XCUIElementTypeStaticText[@name="Continue as guest"]'
2023-01-20 09:30:52.906 [DEBUG] [thread-id 1] - Verify identifier: {NotificationPermissionViewController.titleLabel=[true]}
2023-01-20 09:30:53.040 [DEBUG] [thread-id 1] - Click element: '//XCUIElementTypeStaticText[@name="Not now"] | //XCUIElementTypeButton[@name="cta.cancel.notifications"]'
2023-01-20 09:30:53.369 [DEBUG] [thread-id 1] - Verify identifier: {Share your location=[true]}
2023-01-20 09:30:53.409 [DEBUG] [thread-id 1] - Click element: 'Enter zip code'
2023-01-20 09:31:03.660 [DEBUG] [thread-id 1] - conditionally execute a flow. condition: false
2023-01-20 09:31:03.768 [DEBUG] [thread-id 1] - Observed personalizedScreen
2023-01-20 09:31:03.871 [DEBUG] [thread-id 1] - conditionally execute a flow. condition: true
2023-01-20 09:31:04.018 [DEBUG] [thread-id 1] - Click element: 'Continue'
2023-01-20 09:31:48.993 [DEBUG] [thread-id 1] - Executing function: 'us.functions.utils.tryAgainWhenThereIsError'
2023-01-20 09:31:49.009 [DEBUG] [thread-id 1] - loop: from 0 to 2
2023-01-20 09:31:50.583 [DEBUG] [thread-id 1] - 0
2023-01-20 09:32:02.172 [DEBUG] [thread-id 1] - conditionally execute a flow. condition: false
2023-01-20 09:32:02.271 [DEBUG] [thread-id 1] - Executing function: 'us.functions.onboarding.handleTechnicalErrorPage'
2023-01-20 09:32:02.272 [DEBUG] [thread-id 1] - sleep:  5000 milliseconds
2023-01-20 09:32:07.305 [DEBUG] [thread-id 1] - loop: from 0 to 4
2023-01-20 09:32:07.417 [DEBUG] [thread-id 1] - 0
2023-01-20 09:32:17.561 [DEBUG] [thread-id 1] - conditionally execute a flow. condition: false
2023-01-20 09:32:17.655 [DEBUG] [thread-id 1] - No Technical Error Page observed
2023-01-20 09:32:17.773 [DEBUG] [thread-id 1] - Executing function: 'us.functions.gic.collapseIfExpanded'
2023-01-20 09:32:27.890 [DEBUG] [thread-id 1] - conditionally execute a flow. condition: false
2023-01-20 09:32:27.981 [DEBUG] [thread-id 1] - gic is collapsed
2023-01-20 09:32:27.992 [DEBUG] [thread-id 1] - Executing function: 'us.functions.home.navigateHomeToSignIn'
2023-01-20 09:32:49.586 [DEBUG] [thread-id 1] - Main failed: Cannot click 'Account'
2023-01-20 09:32:49.758 [DEBUG] [thread-id 1] - Executing scenario: 'After'
2023-01-20 09:32:49.768 [DEBUG] [thread-id 1] - Executing function: 'us.functions.utils.afterSteps'
2023-01-20 09:32:49.778 [WARN] [thread-id 1] - variable testStatus was used, but r2 could not find a value for this variable. returning default of null
2023-01-20 09:32:49.823 [DEBUG] [thread-id 1] - conditionally execute a flow. condition: false
2023-01-20 09:32:49.948 [DEBUG] [thread-id 1] - Test failed
2023-01-20 09:32:50.060 [DEBUG] [thread-id 1] - Executing function: 'us.functions.utils.closeErrorAlertIfExists'
2023-01-20 09:33:08.837 [DEBUG] [thread-id 1] - Created report: /Users/m0k0a2f/glass-automation/report/index.html
2023-01-20 09:35:59.148 [DEBUG] [thread-id 1] - Executing R2 3.30.0: '/Users/m0k0a2f/glass-automation/./us/test/test-scripts/ios/golden-flows/PetRx-flows/C2666399-PetRX-multi-fulfilment-Shipping-mixed-order.yaml' on device: 'iPhone 13'
2023-01-20 09:36:41.939 [DEBUG] [thread-id 1] - Executing scenario: 'Before'
2023-01-20 09:36:41.945 [DEBUG] [thread-id 1] - Execute before steps
2023-01-20 09:36:41.950 [DEBUG] [thread-id 1] - R2_SUBFLOW_PRE_TRANSACTION
2023-01-20 09:36:41.956 [DEBUG] [thread-id 1] - Executing function: 'us.functions.utils.astro.clearCart'
2023-01-20 09:36:42.085 [DEBUG] [thread-id 1] - Call API: 'http://astro.walmart.com/api/v2/teflon/customer/walpandroid@gmail.com/clearcart'
2023-01-20 09:36:59.120 [DEBUG] [thread-id 1] - Response code is: '200'. Response body is: '{"astroStatus":"SUCCESS","astroDescription":"CART_CLEARED","astroDetails":{"dbSessionMap":{"CXO_CART_ST":"{\"mtoken\":\"2:14#158391910#2=170131069#8=86466609\"}"},"checkoutable":false,"cart":{"id":"dfa60841-80d9-4e2d-85a9-ca6aedf04778","buyer":{"id":"958647ca-1069-4bb6-9770-9c628979f279","type":"CUSTOMER"},"storeIds":[],"itemCount":0,"entityErrors":[],"shipping":{"id":"a299db0c-beea-4f8e-8dd0-b28c435af956","dbLockVersion":0,"dbSessionMap":{},"dbLockMap":{},"postalCode":"95122","city":"San Jose","state":"CA","countryCode":"USA","latitude":37.606689,"longitude":-122.426362,"isPOBox":false,"isAPOFPO":false},"currencyCode":"USD","preview":false,"tenantId":0,"verticalId":0,"checkoutableErrors":[],"intent":"PICKUP","pickupStore":{"city":"San Jose","stateOrProvinceCode":"CA","countryCode":"USA","postalCode":"95122","storeId":"32144","services":[]},"deliveryStore":{"city":"San Jose","stateOrProvinceCode":"CA","countryCode":"USA","postalCode":"95122","storeId":"32144","services":[]},"fulfillmentPlans":[],"accessPoints":[],"reservations":[],"isExplicitIntent":false,"hasGiftEligibleItem":false,"warnings":[],"restrictions":[]},"isOmniPromiseResponse":true}}'
2023-01-20 09:36:59.260 [DEBUG] [thread-id 1] - Cart cleared for walpandroid@gmail.com
2023-01-20 09:36:59.376 [DEBUG] [thread-id 1] - Using us-errors-helpers.yaml
2023-01-20 09:36:59.486 [DEBUG] [thread-id 1] - Start Main
2023-01-20 09:36:59.490 [DEBUG] [thread-id 1] - Executing function: 'us.functions.global.onboarding.navigateOnboardingToHome'
2023-01-20 09:36:59.493 [DEBUG] [thread-id 1] - Executing function: 'us.function.utils.getEnvironmentValue'
2023-01-20 09:36:59.500 [DEBUG] [thread-id 1] - Store in: store the value 'teflon' in the variable 'env'
2023-01-20 09:36:59.651 [DEBUG] [thread-id 1] - Verify identifier: {//XCUIElementTypeStaticText[@name="WelcomeViewController.titleLabel"] | //XCUIElementTypeStaticText[@name="SignUpNudgeWelcomeViewController.titleLabel"]=[true]}
2023-01-20 09:37:09.719 [DEBUG] [thread-id 1] - conditionally execute a flow. condition: false
2023-01-20 09:37:09.923 [DEBUG] [thread-id 1] - Click element: '//XCUIElementTypeStaticText[@name="Continue"] | //XCUIElementTypeStaticText[@name="Next"] | //XCUIElementTypeStaticText[@name="Continue as guest"]'
2023-01-20 09:37:10.779 [DEBUG] [thread-id 1] - Verify identifier: {NotificationPermissionViewController.titleLabel=[true]}
2023-01-20 09:37:10.917 [DEBUG] [thread-id 1] - Click element: '//XCUIElementTypeStaticText[@name="Not now"] | //XCUIElementTypeButton[@name="cta.cancel.notifications"]'
2023-01-20 09:37:11.240 [DEBUG] [thread-id 1] - Verify identifier: {Share your location=[true]}
2023-01-20 09:37:11.282 [DEBUG] [thread-id 1] - Click element: 'Enter zip code'
2023-01-20 09:37:21.515 [DEBUG] [thread-id 1] - conditionally execute a flow. condition: false
2023-01-20 09:37:21.628 [DEBUG] [thread-id 1] - Observed personalizedScreen
2023-01-20 09:37:21.734 [DEBUG] [thread-id 1] - conditionally execute a flow. condition: true
2023-01-20 09:37:21.858 [DEBUG] [thread-id 1] - Click element: 'Continue'
2023-01-20 09:37:32.324 [DEBUG] [thread-id 1] - conditionally execute a flow. condition: true
2023-01-20 09:37:42.601 [DEBUG] [thread-id 1] - conditionally execute a flow. condition: true
2023-01-20 09:37:42.736 [DEBUG] [thread-id 1] - Click element: 'Continue'
2023-01-20 09:37:44.265 [DEBUG] [thread-id 1] - conditionally execute a flow. condition: true
2023-01-20 09:37:45.564 [DEBUG] [thread-id 1] - Click element: 'Allow'
2023-01-20 09:38:17.365 [DEBUG] [thread-id 1] - Executing function: 'us.functions.utils.tryAgainWhenThereIsError'
2023-01-20 09:38:17.387 [DEBUG] [thread-id 1] - loop: from 0 to 2
2023-01-20 09:38:17.556 [DEBUG] [thread-id 1] - 0
2023-01-20 09:38:27.742 [DEBUG] [thread-id 1] - conditionally execute a flow. condition: false
2023-01-20 09:38:27.918 [DEBUG] [thread-id 1] - Executing function: 'us.functions.onboarding.handleTechnicalErrorPage'
2023-01-20 09:38:27.919 [DEBUG] [thread-id 1] - sleep:  5000 milliseconds
2023-01-20 09:38:32.945 [DEBUG] [thread-id 1] - loop: from 0 to 4
2023-01-20 09:38:33.147 [DEBUG] [thread-id 1] - 0
2023-01-20 09:38:43.503 [DEBUG] [thread-id 1] - conditionally execute a flow. condition: false
2023-01-20 09:38:43.671 [DEBUG] [thread-id 1] - No Technical Error Page observed
2023-01-20 09:38:43.855 [DEBUG] [thread-id 1] - Executing function: 'us.functions.gic.collapseIfExpanded'
2023-01-20 09:38:44.044 [DEBUG] [thread-id 1] - conditionally execute a flow. condition: true
2023-01-20 09:38:44.399 [DEBUG] [thread-id 1] - Click element: '//*[contains(@label,"Expanded")]'
2023-01-20 09:38:44.600 [DEBUG] [thread-id 1] - Executing function: 'us.functions.home.navigateHomeToSignIn'
2023-01-20 09:38:45.050 [DEBUG] [thread-id 1] - Click element: 'Account'
2023-01-20 09:38:45.327 [DEBUG] [thread-id 1] - sleep:  3000 milliseconds
2023-01-20 09:38:48.921 [DEBUG] [thread-id 1] - Verify identifier: {//XCUIElementTypeButton[@name="Account.SignInButton"] | //XCUIElementTypeButton[@name="HeaderView.loginButton"] | //XCUIElementTypeButton[@label="SignInYourAccountTableViewCell.signInButton"] | //XCUIElementTypeButton[@label="Sign in"] | //XCUIElementTypeButton[@label="Sign in or create an account"]=[true]}
2023-01-20 09:38:48.923 [DEBUG] [thread-id 1] - loop: from 1 to 3
2023-01-20 09:38:49.623 [DEBUG] [thread-id 1] - conditionally execute a flow. condition: true
2023-01-20 09:38:50.318 [DEBUG] [thread-id 1] - Click element: '//XCUIElementTypeButton[@name="Account.SignInButton"] | //XCUIElementTypeButton[@name="HeaderView.loginButton"] | //XCUIElementTypeButton[@label="SignInYourAccountTableViewCell.signInButton"] | //XCUIElementTypeButton[@label="Sign in"] | //XCUIElementTypeButton[@label="Sign in or create an account"]'
2023-01-20 09:38:51.161 [DEBUG] [thread-id 1] - sleep:  3000 milliseconds
2023-01-20 09:38:54.806 [DEBUG] [thread-id 1] - conditionally execute a flow. condition: true
2023-01-20 09:38:55.164 [DEBUG] [thread-id 1] - Store in: store the value 'true' in the variable 'signInValidated'
2023-01-20 09:38:55.589 [DEBUG] [thread-id 1] - conditionally execute a flow. condition: true
2023-01-20 09:38:55.961 [DEBUG] [thread-id 1] - SignIn page loaded
2023-01-20 09:38:56.317 [DEBUG] [thread-id 1] - Store in: store the value 'false' in the variable 'signInValidated'
2023-01-20 09:38:56.326 [DEBUG] [thread-id 1] - Executing function: 'us.functions.global.authentication.signInAccount'
2023-01-20 09:38:56.332 [WARN] [thread-id 1] - variable validateSignInPage was used, but r2 could not find a value for this variable. returning default of null
2023-01-20 09:38:56.338 [DEBUG] [thread-id 1] - Executing function: 'us.functions.global.authentication.dismissSelectSavedPasswordDialog'
2023-01-20 09:39:07.324 [DEBUG] [thread-id 1] - Verify identifier: {//XCUIElementTypeTextField=[true]}
2023-01-20 09:39:07.601 [DEBUG] [thread-id 1] - Enter text: 'walpandroid@gmail.com'
2023-01-20 09:39:13.702 [DEBUG] [thread-id 1] - conditionally execute a flow. condition: true
2023-01-20 09:39:14.876 [DEBUG] [thread-id 1] - loop: from 1 to 3
2023-01-20 09:39:15.999 [DEBUG] [thread-id 1] - sleep:  3000 milliseconds
2023-01-20 09:39:20.837 [DEBUG] [thread-id 1] - conditionally execute a flow. condition: true
2023-01-20 09:39:22.636 [DEBUG] [thread-id 1] - Click element: '//XCUIElementTypeButton[@name="SignInView.ctaButton" or @name="WelcomeView.ctaButton"]'
2023-01-20 09:39:26.145 [DEBUG] [thread-id 1] - conditionally execute a flow. condition: true
2023-01-20 09:39:27.259 [DEBUG] [thread-id 1] - Store in: store the value 'true' in the variable 'signInValidated'
2023-01-20 09:39:29.452 [DEBUG] [thread-id 1] - conditionally execute a flow. condition: true
2023-01-20 09:39:30.547 [DEBUG] [thread-id 1] - Store in: store the value 'false' in the variable 'signInValidated'
2023-01-20 09:39:31.650 [DEBUG] [thread-id 1] - Email entered
2023-01-20 09:39:31.682 [WARN] [thread-id 1] - variable validateSignInPage was used, but r2 could not find a value for this variable. returning default of null
2023-01-20 09:39:31.688 [DEBUG] [thread-id 1] - loop: from 1 to 3
2023-01-20 09:39:32.805 [DEBUG] [thread-id 1] - sleep:  2000 milliseconds
2023-01-20 09:39:36.315 [DEBUG] [thread-id 1] - conditionally execute a flow. condition: true
2023-01-20 09:39:37.798 [DEBUG] [thread-id 1] - Enter text: 'Testing@123'
2023-01-20 09:39:41.590 [DEBUG] [thread-id 1] - sleep:  1000 milliseconds
2023-01-20 09:39:44.476 [DEBUG] [thread-id 1] - Click element: '//XCUIElementTypeStaticText[@name="Sign in"] | //XCUIElementTypeButton[@label="Sign In" or @label="Sign in"] | //XCUIElementTypeButton[@name="OtpView.ctaButton"] | //XCUIElementTypeButton[@label="Sign in or create an account"]'
2023-01-20 09:39:45.954 [DEBUG] [thread-id 1] - sleep:  2000 milliseconds
2023-01-20 09:40:01.459 [DEBUG] [thread-id 1] - Hide keyboard: 'true'
2023-01-20 09:40:02.846 [DEBUG] [thread-id 1] - conditionally execute a flow. condition: true
2023-01-20 09:40:03.996 [DEBUG] [thread-id 1] - Store in: store the value 'true' in the variable 'signInValidated'
2023-01-20 09:40:05.149 [DEBUG] [thread-id 1] - conditionally execute a flow. condition: true
2023-01-20 09:40:06.251 [DEBUG] [thread-id 1] - Account signed in
2023-01-20 09:40:06.544 [DEBUG] [thread-id 1] - conditionally execute a flow. condition: true
2023-01-20 09:40:07.965 [DEBUG] [thread-id 1] - Click element: '//XCUIElementTypeButton[@name="Don’t Allow"] | //XCUIElementTypeButton[@name="Don’t Allow"]'
2023-01-20 09:40:08.630 [DEBUG] [thread-id 1] - Executing function: 'us.functions.utils.handleCartMergePopup'
2023-01-20 09:40:08.632 [DEBUG] [thread-id 1] - sleep:  7000 milliseconds
2023-01-20 09:40:15.644 [DEBUG] [thread-id 1] - loop: from 0 to 4
2023-01-20 09:40:16.614 [DEBUG] [thread-id 1] - 0
2023-01-20 09:40:28.180 [DEBUG] [thread-id 1] - conditionally execute a flow. condition: false
2023-01-20 09:40:28.947 [DEBUG] [thread-id 1] - No Technical Error Page observed
2023-01-20 09:40:29.697 [DEBUG] [thread-id 1] - Executing function: 'us.functions.global.navigation.accountToHome'
2023-01-20 09:40:30.333 [DEBUG] [thread-id 1] - Click element: '//XCUIElementTypeButton[@name="Shop"] |  //XCUIElementTypeButton[@name="Home"]'
2023-01-20 09:40:30.675 [DEBUG] [thread-id 1] - Executing function: 'us.functions.home.closeWPlusPromotionPopUpIfDisplayed'
2023-01-20 09:40:30.681 [DEBUG] [thread-id 1] - sleep:  5000 milliseconds
2023-01-20 09:40:46.243 [DEBUG] [thread-id 1] - Verify identifier: {//XCUIElementTypeSearchField[@name="Search Walmart"] | //XCUIElementTypeOther[@name="Search Walmart"]/XCUIElementTypeOther | //XCUIElementTypeOther[@name="Search Walmart"]=[true]}
2023-01-20 09:40:46.243 [DEBUG] [thread-id 1] - Executing function: 'us.functions.home.rateDriverPopup'
2023-01-20 09:40:46.246 [DEBUG] [thread-id 1] - loop: from 1 to 6
2023-01-20 09:40:46.695 [DEBUG] [thread-id 1] - 1
2023-01-20 09:40:57.168 [DEBUG] [thread-id 1] - conditionally execute a flow. condition: false
2023-01-20 09:40:57.592 [DEBUG] [thread-id 1] - Executing function: 'us.functions.home.setStore'
2023-01-20 09:40:57.621 [DEBUG] [thread-id 1] - Executing function: 'us.functions.global.navigation.goToDeepLink'
2023-01-20 09:40:57.623 [DEBUG] [thread-id 1] - Verify value of: '$deepLinkUrl'
2023-01-20 09:40:57.625 [DEBUG] [thread-id 1] - Open link: 'walmart://ip/894010516'
2023-01-20 09:40:59.195 [DEBUG] [thread-id 1] - Executing function: 'us.functions.global.navigation.openDeepLink'
2023-01-20 09:41:09.418 [DEBUG] [thread-id 1] - Executing function: 'us.functions.utils.handleTechnicalErrorPopup'
2023-01-20 09:41:09.422 [DEBUG] [thread-id 1] - Store in: store the value 'false' in the variable 'errorRemoved'
2023-01-20 09:41:09.423 [DEBUG] [thread-id 1] - sleep:  10000 milliseconds
2023-01-20 09:41:19.443 [DEBUG] [thread-id 1] - loop: from 0 to 3
2023-01-20 09:41:19.994 [DEBUG] [thread-id 1] - 0
2023-01-20 09:41:20.737 [DEBUG] [thread-id 1] - Main failed: Error found 'We're having technical issues, but we'll be back in a flash.'
2023-01-20 09:41:21.249 [DEBUG] [thread-id 1] - Executing scenario: 'After'
2023-01-20 09:41:21.252 [DEBUG] [thread-id 1] - Executing function: 'us.functions.utils.afterSteps'
2023-01-20 09:41:21.254 [WARN] [thread-id 1] - variable testStatus was used, but r2 could not find a value for this variable. returning default of null
2023-01-20 09:41:21.264 [DEBUG] [thread-id 1] - conditionally execute a flow. condition: false
2023-01-20 09:41:21.756 [DEBUG] [thread-id 1] - Test failed
2023-01-20 09:41:21.961 [DEBUG] [thread-id 1] - After failed: Error found 'We're having technical issues, but we'll be back in a flash.'
2023-01-20 09:41:30.374 [DEBUG] [thread-id 1] - Created report: /Users/m0k0a2f/glass-automation/report/index.html
2023-01-20 15:05:55.530 [DEBUG] [thread-id 1] - Executing R2 3.30.0: '/Users/m0k0a2f/glass-automation/./us/test/test-scripts/ios/golden-flows/PetRx-flows/C2666399-PetRX-multi-fulfilment-Shipping-mixed-order.yaml' on device: 'iPhone 13'
2023-01-20 15:06:48.404 [DEBUG] [thread-id 1] - Executing scenario: 'Before'
2023-01-20 15:06:48.412 [DEBUG] [thread-id 1] - Execute before steps
2023-01-20 15:06:48.416 [DEBUG] [thread-id 1] - R2_SUBFLOW_PRE_TRANSACTION
2023-01-20 15:06:48.420 [DEBUG] [thread-id 1] - Executing function: 'us.functions.utils.astro.clearCart'
2023-01-20 15:06:48.538 [DEBUG] [thread-id 1] - Call API: 'http://astro.walmart.com/api/v2/teflon/customer/walpandroid@gmail.com/clearcart'
2023-01-20 15:07:01.253 [DEBUG] [thread-id 1] - Response code is: '200'. Response body is: '{"astroStatus":"SUCCESS","astroDescription":"CART_CLEARED","astroDetails":{"dbSessionMap":{"CXO_CART_ST":"{\"mtoken\":\"2:14#158507294#2=170271366#8=86609671\"}"},"checkoutable":false,"cart":{"id":"dfa60841-80d9-4e2d-85a9-ca6aedf04778","buyer":{"id":"958647ca-1069-4bb6-9770-9c628979f279","type":"CUSTOMER"},"storeIds":[],"itemCount":0,"entityErrors":[],"shipping":{"id":"ca153456-979c-40a1-a945-ad72737e4364","dbLockVersion":0,"dbSessionMap":{},"dbLockMap":{},"postalCode":"95122","city":"San Jose","state":"CA","countryCode":"USA","latitude":37.606689,"longitude":-122.426362,"isPOBox":false,"isAPOFPO":false},"currencyCode":"USD","preview":false,"tenantId":0,"verticalId":0,"checkoutableErrors":[],"intent":"PICKUP","pickupStore":{"city":"San Jose","stateOrProvinceCode":"CA","countryCode":"USA","postalCode":"95122","storeId":"32144","services":[]},"deliveryStore":{"city":"San Jose","stateOrProvinceCode":"CA","countryCode":"USA","postalCode":"95122","storeId":"32144","services":[]},"fulfillmentPlans":[],"accessPoints":[],"reservations":[],"isExplicitIntent":false,"hasGiftEligibleItem":false,"warnings":[],"restrictions":[]},"isOmniPromiseResponse":true}}'
2023-01-20 15:07:01.416 [DEBUG] [thread-id 1] - Cart cleared for walpandroid@gmail.com
2023-01-20 15:07:01.535 [DEBUG] [thread-id 1] - Using us-errors-helpers.yaml
2023-01-20 15:07:01.635 [DEBUG] [thread-id 1] - Start Main
2023-01-20 15:07:01.637 [DEBUG] [thread-id 1] - Executing function: 'us.functions.global.onboarding.navigateOnboardingToHome'
2023-01-20 15:07:01.640 [DEBUG] [thread-id 1] - Executing function: 'us.function.utils.getEnvironmentValue'
2023-01-20 15:07:01.649 [DEBUG] [thread-id 1] - Store in: store the value 'teflon' in the variable 'env'
2023-01-20 15:07:01.796 [DEBUG] [thread-id 1] - Verify identifier: {//XCUIElementTypeStaticText[@name="WelcomeViewController.titleLabel"] | //XCUIElementTypeStaticText[@name="SignUpNudgeWelcomeViewController.titleLabel"]=[true]}
2023-01-20 15:07:11.873 [DEBUG] [thread-id 1] - conditionally execute a flow. condition: false
2023-01-20 15:07:12.078 [DEBUG] [thread-id 1] - Click element: '//XCUIElementTypeStaticText[@name="Continue"] | //XCUIElementTypeStaticText[@name="Next"] | //XCUIElementTypeStaticText[@name="Continue as guest"]'
2023-01-20 15:07:12.947 [DEBUG] [thread-id 1] - Verify identifier: {NotificationPermissionViewController.titleLabel=[true]}
2023-01-20 15:07:13.086 [DEBUG] [thread-id 1] - Click element: '//XCUIElementTypeStaticText[@name="Not now"] | //XCUIElementTypeButton[@name="cta.cancel.notifications"]'
2023-01-20 15:07:13.417 [DEBUG] [thread-id 1] - Verify identifier: {Share your location=[true]}
2023-01-20 15:07:13.458 [DEBUG] [thread-id 1] - Click element: 'Enter zip code'
2023-01-20 15:07:23.722 [DEBUG] [thread-id 1] - conditionally execute a flow. condition: false
2023-01-20 15:07:23.826 [DEBUG] [thread-id 1] - Observed personalizedScreen
2023-01-20 15:07:23.935 [DEBUG] [thread-id 1] - conditionally execute a flow. condition: true
2023-01-20 15:07:24.108 [DEBUG] [thread-id 1] - Click element: 'Continue'
2023-01-20 15:08:08.626 [DEBUG] [thread-id 1] - Executing function: 'us.functions.utils.tryAgainWhenThereIsError'
2023-01-20 15:08:08.640 [DEBUG] [thread-id 1] - loop: from 0 to 2
2023-01-20 15:08:10.212 [DEBUG] [thread-id 1] - 0
2023-01-20 15:08:22.794 [DEBUG] [thread-id 1] - conditionally execute a flow. condition: false
2023-01-20 15:08:24.376 [DEBUG] [thread-id 1] - Executing function: 'us.functions.onboarding.handleTechnicalErrorPage'
2023-01-20 15:08:24.377 [DEBUG] [thread-id 1] - sleep:  5000 milliseconds
2023-01-20 15:08:29.409 [DEBUG] [thread-id 1] - loop: from 0 to 4
2023-01-20 15:08:30.982 [DEBUG] [thread-id 1] - 0
2023-01-20 15:08:44.191 [DEBUG] [thread-id 1] - conditionally execute a flow. condition: false
2023-01-20 15:08:45.759 [DEBUG] [thread-id 1] - No Technical Error Page observed
2023-01-20 15:08:47.336 [DEBUG] [thread-id 1] - Executing function: 'us.functions.gic.collapseIfExpanded'
2023-01-20 15:08:58.220 [DEBUG] [thread-id 1] - conditionally execute a flow. condition: false
2023-01-20 15:08:59.784 [DEBUG] [thread-id 1] - gic is collapsed
2023-01-20 15:08:59.804 [DEBUG] [thread-id 1] - Executing function: 'us.functions.home.navigateHomeToSignIn'
2023-01-20 15:09:21.782 [DEBUG] [thread-id 1] - Main failed: Cannot click 'Account'
2023-01-20 15:09:23.418 [DEBUG] [thread-id 1] - Executing scenario: 'After'
2023-01-20 15:09:23.426 [DEBUG] [thread-id 1] - Executing function: 'us.functions.utils.afterSteps'
2023-01-20 15:09:23.436 [WARN] [thread-id 1] - variable testStatus was used, but r2 could not find a value for this variable. returning default of null
2023-01-20 15:09:23.474 [DEBUG] [thread-id 1] - conditionally execute a flow. condition: false
2023-01-20 15:09:25.020 [DEBUG] [thread-id 1] - Test failed
2023-01-20 15:09:26.562 [DEBUG] [thread-id 1] - Executing function: 'us.functions.utils.closeErrorAlertIfExists'
2023-01-20 15:09:47.116 [DEBUG] [thread-id 1] - Created report: /Users/m0k0a2f/glass-automation/report/index.html
2023-01-20 15:15:17.052 [DEBUG] [thread-id 1] - Executing R2 3.30.0: '/Users/m0k0a2f/glass-automation/./us/test/test-scripts/ios/golden-flows/PetRx-flows/C2666399-PetRX-multi-fulfilment-Shipping-mixed-order.yaml' on device: 'iPhone 13'
2023-01-20 15:16:10.001 [DEBUG] [thread-id 1] - Executing scenario: 'Before'
2023-01-20 15:16:10.007 [DEBUG] [thread-id 1] - Execute before steps
2023-01-20 15:16:10.009 [DEBUG] [thread-id 1] - R2_SUBFLOW_PRE_TRANSACTION
2023-01-20 15:16:10.011 [DEBUG] [thread-id 1] - Executing function: 'us.functions.utils.astro.clearCart'
2023-01-20 15:16:10.125 [DEBUG] [thread-id 1] - Call API: 'http://astro.walmart.com/api/v2/teflon/customer/walpandroid@gmail.com/clearcart'
2023-01-20 15:16:22.750 [DEBUG] [thread-id 1] - Response code is: '200'. Response body is: '{"astroStatus":"SUCCESS","astroDescription":"CART_CLEARED","astroDetails":{"dbSessionMap":{"CXO_CART_ST":"{\"mtoken\":\"2:14#158511096#2=170276329#8=86614250\"}"},"checkoutable":false,"cart":{"id":"dfa60841-80d9-4e2d-85a9-ca6aedf04778","buyer":{"id":"958647ca-1069-4bb6-9770-9c628979f279","type":"CUSTOMER"},"storeIds":[],"itemCount":0,"entityErrors":[],"shipping":{"id":"bc562463-1159-43e5-9c20-b638bc68ef08","dbLockVersion":0,"dbSessionMap":{},"dbLockMap":{},"postalCode":"95122","city":"San Jose","state":"CA","countryCode":"USA","latitude":37.606689,"longitude":-122.426362,"isPOBox":false,"isAPOFPO":false},"currencyCode":"USD","preview":false,"tenantId":0,"verticalId":0,"checkoutableErrors":[],"intent":"PICKUP","pickupStore":{"city":"San Jose","stateOrProvinceCode":"CA","countryCode":"USA","postalCode":"95122","storeId":"32144","services":[]},"deliveryStore":{"city":"San Jose","stateOrProvinceCode":"CA","countryCode":"USA","postalCode":"95122","storeId":"32144","services":[]},"fulfillmentPlans":[],"accessPoints":[],"reservations":[],"isExplicitIntent":false,"hasGiftEligibleItem":false,"warnings":[],"restrictions":[]},"isOmniPromiseResponse":true}}'
2023-01-20 15:16:22.905 [DEBUG] [thread-id 1] - Cart cleared for walpandroid@gmail.com
2023-01-20 15:16:23.029 [DEBUG] [thread-id 1] - Using us-errors-helpers.yaml
2023-01-20 15:16:23.125 [DEBUG] [thread-id 1] - Start Main
2023-01-20 15:16:23.129 [DEBUG] [thread-id 1] - Executing function: 'us.functions.global.onboarding.navigateOnboardingToHome'
2023-01-20 15:16:23.133 [DEBUG] [thread-id 1] - Executing function: 'us.function.utils.getEnvironmentValue'
2023-01-20 15:16:23.139 [DEBUG] [thread-id 1] - Store in: store the value 'teflon' in the variable 'env'
2023-01-20 15:16:23.276 [DEBUG] [thread-id 1] - Verify identifier: {//XCUIElementTypeStaticText[@name="WelcomeViewController.titleLabel"] | //XCUIElementTypeStaticText[@name="SignUpNudgeWelcomeViewController.titleLabel"]=[true]}
2023-01-20 15:16:33.291 [DEBUG] [thread-id 1] - conditionally execute a flow. condition: false
2023-01-20 15:16:33.481 [DEBUG] [thread-id 1] - Click element: '//XCUIElementTypeStaticText[@name="Continue"] | //XCUIElementTypeStaticText[@name="Next"] | //XCUIElementTypeStaticText[@name="Continue as guest"]'
2023-01-20 15:16:34.294 [DEBUG] [thread-id 1] - Verify identifier: {NotificationPermissionViewController.titleLabel=[true]}
2023-01-20 15:16:34.424 [DEBUG] [thread-id 1] - Click element: '//XCUIElementTypeStaticText[@name="Not now"] | //XCUIElementTypeButton[@name="cta.cancel.notifications"]'
2023-01-20 15:16:34.756 [DEBUG] [thread-id 1] - Verify identifier: {Share your location=[true]}
2023-01-20 15:16:34.797 [DEBUG] [thread-id 1] - Click element: 'Enter zip code'
2023-01-20 15:16:45.043 [DEBUG] [thread-id 1] - conditionally execute a flow. condition: false
2023-01-20 15:16:45.145 [DEBUG] [thread-id 1] - Observed personalizedScreen
2023-01-20 15:16:45.244 [DEBUG] [thread-id 1] - conditionally execute a flow. condition: true
2023-01-20 15:16:45.365 [DEBUG] [thread-id 1] - Click element: 'Continue'
2023-01-20 15:17:28.027 [DEBUG] [thread-id 1] - Executing function: 'us.functions.utils.tryAgainWhenThereIsError'
2023-01-20 15:17:28.046 [DEBUG] [thread-id 1] - loop: from 0 to 2
2023-01-20 15:17:28.149 [DEBUG] [thread-id 1] - 0
2023-01-20 15:17:38.376 [DEBUG] [thread-id 1] - conditionally execute a flow. condition: false
2023-01-20 15:17:38.468 [DEBUG] [thread-id 1] - Executing function: 'us.functions.onboarding.handleTechnicalErrorPage'
2023-01-20 15:17:38.469 [DEBUG] [thread-id 1] - sleep:  5000 milliseconds
2023-01-20 15:17:43.522 [DEBUG] [thread-id 1] - loop: from 0 to 4
2023-01-20 15:17:43.644 [DEBUG] [thread-id 1] - 0
2023-01-20 15:17:53.778 [DEBUG] [thread-id 1] - conditionally execute a flow. condition: false
2023-01-20 15:17:53.872 [DEBUG] [thread-id 1] - No Technical Error Page observed
2023-01-20 15:17:53.969 [DEBUG] [thread-id 1] - Executing function: 'us.functions.gic.collapseIfExpanded'
2023-01-20 15:18:04.057 [DEBUG] [thread-id 1] - conditionally execute a flow. condition: false
2023-01-20 15:18:04.162 [DEBUG] [thread-id 1] - gic is collapsed
2023-01-20 15:18:04.176 [DEBUG] [thread-id 1] - Executing function: 'us.functions.home.navigateHomeToSignIn'
2023-01-20 15:18:25.285 [DEBUG] [thread-id 1] - Main failed: Cannot click 'Account'
2023-01-20 15:18:25.458 [DEBUG] [thread-id 1] - Executing scenario: 'After'
2023-01-20 15:18:25.469 [DEBUG] [thread-id 1] - Executing function: 'us.functions.utils.afterSteps'
2023-01-20 15:18:25.478 [WARN] [thread-id 1] - variable testStatus was used, but r2 could not find a value for this variable. returning default of null
2023-01-20 15:18:25.522 [DEBUG] [thread-id 1] - conditionally execute a flow. condition: false
2023-01-20 15:18:25.619 [DEBUG] [thread-id 1] - Test failed
2023-01-20 15:18:25.713 [DEBUG] [thread-id 1] - Executing function: 'us.functions.utils.closeErrorAlertIfExists'
2023-01-20 15:18:44.011 [DEBUG] [thread-id 1] - Created report: /Users/m0k0a2f/glass-automation/report/index.html
