2024-09-05 21:29:25.849 [DEBUG] [thread-id 1] - Executing R2 4.0.2: '/Users/m0k0a2f/glass-automation/./us/e2e-tests/test-scripts/android/golden-flows/Ecomm-And-Fulfillment-Flows/subscription-flows/C2668906-glass-to-autodelivery-gm-item.yaml' on device: 'Pixel_8_Pro_API_34'
2024-09-05 21:29:25.932 [INFO] [thread-id 1] - url: http://127.0.0.1:4723
2024-09-05 21:29:41.720 [DEBUG] [thread-id 1] - Executing scenario: 'Before'
2024-09-05 21:29:41.722 [DEBUG] [thread-id 1] - Execute before steps
2024-09-05 21:29:41.723 [DEBUG] [thread-id 1] - R2_SUBFLOW_PRE_TRANSACTION
2024-09-05 21:29:41.999 [DEBUG] [thread-id 1] - Using us-errors-helpers.yaml
2024-09-05 21:29:42.227 [DEBUG] [thread-id 1] - Start main
2024-09-05 21:29:42.228 [DEBUG] [thread-id 1] - Timestamp: 1725596982228
2024-09-05 21:29:42.228 [DEBUG] [thread-id 1] - Store in: store the value 'subs1725596982228@walmart.com' in the variable 'customerEmail'
2024-09-05 21:29:42.229 [DEBUG] [thread-id 1] - Store in: store the value 'E2epassword$' in the variable 'password'
2024-09-05 21:29:42.230 [DEBUG] [thread-id 1] - Executing function: 'us.functions.utils.astro.createAccount'
2024-09-05 21:29:42.231 [DEBUG] [thread-id 1] - Create Account
2024-09-05 21:29:42.232 [DEBUG] [thread-id 1] - {"firstName": "Native","lastName": "Work","emailAddress": "subs1725596982228@walmart.com","phoneNumber": "5885479573","verification":"phone","paymentMethods": ["VISA"],"postalAddress": {"address": "1350 Bacchus Dr","city": "San Jose","country": "USA","postalCode": "95122","state": "CA"},"password": "E2epassword$"}
2024-09-05 21:29:42.232 [DEBUG] [thread-id 1] - loop: from 1 to 4
2024-09-05 21:29:42.341 [DEBUG] [thread-id 1] - Call API: 'http://astro.walmart.com/api/v2/teflon/customer'
2024-09-05 21:30:00.746 [DEBUG] [thread-id 1] - Response code is: '200'. Response body is: '{"astroStatus":"SUCCESS","astroDescription":"SIGNUP_SUCCESS","astroDetails":{"status":"OK","statusCode":200,"customerAccountId":"fd282df5-58f5-4c06-84ae-27c52f577478","customerDetails":{"firstName":"Native","lastName":"Work","emailAddress":"subs1725596982228@walmart.com","phoneNumber":"5885479573","verification":"phone","paymentMethods":["VISA"],"postalAddress":{"address":"1350 Bacchus Dr","city":"San Jose","country":"USA","postalCode":"95122","state":"CA"},"password":"E2epassword$"},"addDeliveryPreference":"OK","addPaymentPreference":"OK","addPaymentPreferenceId":"ca885778-cd73-42a2-be77-d2a20a930e70","customerPatch":"OK"}}'
2024-09-05 21:30:00.891 [DEBUG] [thread-id 1] - Store in: store the value '15885479573' in the variable 'astroPhoneNumber'
2024-09-05 21:30:01.538 [DEBUG] [thread-id 1] - conditionally execute a flow. condition: true
2024-09-05 21:30:01.686 [DEBUG] [thread-id 1] - conditionally execute a flow. condition: true
2024-09-05 21:30:01.822 [DEBUG] [thread-id 1] - ca885778-cd73-42a2-be77-d2a20a930e70
2024-09-05 21:30:01.970 [WARN] [thread-id 1] - variable withoutPayment was used, but r2 could not find a value for this variable. returning default of null
2024-09-05 21:30:01.971 [DEBUG] [thread-id 1] - conditionally execute a flow. condition: false
2024-09-05 21:30:02.098 [DEBUG] [thread-id 1] - Account created successfully
2024-09-05 21:30:02.247 [DEBUG] [thread-id 1] - ------- Account created Successfully -------
2024-09-05 21:30:02.369 [DEBUG] [thread-id 1] - Executing function: 'us.functions.global.onboarding.navigateOnboardingToHome'
2024-09-05 21:30:02.370 [DEBUG] [thread-id 1] - Executing function: 'us.function.utils.getEnvironmentValue'
2024-09-05 21:30:02.370 [DEBUG] [thread-id 1] - Store in: store the value 'teflon' in the variable 'env'
2024-09-05 21:30:02.371 [DEBUG] [thread-id 1] - Timestamp: 1725597002371
2024-09-05 21:30:02.371 [DEBUG] [thread-id 1] - Start Activity: 'com.walmart.android.debug.com.walmart.glass.integration.splash.SplashActivity'
2024-09-05 21:30:17.304 [DEBUG] [thread-id 1] - conditionally execute a flow. condition: false
2024-09-05 21:30:17.444 [DEBUG] [thread-id 1] - Verify identifier: {com.walmart.android.debug:id/onboarding_welcome_title_textview=[true]}
2024-09-05 21:30:27.470 [DEBUG] [thread-id 1] - conditionally execute a flow. condition: false
2024-09-05 21:30:27.607 [DEBUG] [thread-id 1] - Verify identifier: {com.walmart.android.debug:id/onboarding_welcome_title_textview=[true]}
2024-09-05 21:30:27.860 [DEBUG] [thread-id 1] - Click element: 'com.walmart.android.debug:id/onboarding_welcome_secondary_button'
2024-09-05 21:30:29.841 [WARN] [thread-id 1] - variable allowNotifications was used, but r2 could not find a value for this variable. returning default of null
2024-09-05 21:30:29.841 [DEBUG] [thread-id 1] - conditionally execute a flow. condition: false
2024-09-05 21:30:29.970 [DEBUG] [thread-id 1] - Verify identifier: {com.walmart.android.debug:id/onboarding_notification_title_textview=[true]}
2024-09-05 21:30:30.437 [DEBUG] [thread-id 1] - Click element: 'com.walmart.android.debug:id/onboarding_maybe_later_button'
2024-09-05 21:30:32.550 [DEBUG] [thread-id 1] - Verify identifier: {com.walmart.android.debug:id/onboarding_location_title_textview=[true]}
2024-09-05 21:30:32.675 [DEBUG] [thread-id 1] - Click element: 'com.walmart.android.debug:id/onboarding_zip_code_button'
2024-09-05 21:30:33.787 [DEBUG] [thread-id 1] - Verify identifier: {com.walmart.android.debug:id/onboarding_title_textview=[true]}
2024-09-05 21:30:34.213 [DEBUG] [thread-id 1] - Click element: '//android.widget.EditText[@text="Enter zip code"] | //android.widget.EditText[@text="Enter postal code"] | //android.widget.EditText[@resource-id="com.walmart.android.debug:id/onboarding_zip_code_textinput"]//android.widget.EditText'
2024-09-05 21:30:35.821 [DEBUG] [thread-id 1] - Enter text: '95122'
2024-09-05 21:30:37.682 [DEBUG] [thread-id 1] - Hide keyboard: 'true'
2024-09-05 21:30:44.988 [DEBUG] [thread-id 1] - Click element: 'com.walmart.android.debug:id/onboarding_zip_code_search_button'
2024-09-05 21:31:03.037 [DEBUG] [thread-id 1] - Main failed: Cannot click 'com.walmart.android.debug:id/onboarding_zip_code_search_button || com.walmart.android.debug:id/manual_barcode_entry_search_button'
2024-09-05 21:31:03.261 [DEBUG] [thread-id 1] - Executing scenario: 'After'
2024-09-05 21:31:03.262 [DEBUG] [thread-id 1] - Executing function: 'us.functions.utils.afterSteps'
2024-09-05 21:31:03.262 [WARN] [thread-id 1] - variable testStatus was used, but r2 could not find a value for this variable. returning default of null
2024-09-05 21:31:03.262 [DEBUG] [thread-id 1] - conditionally execute a flow. condition: false
2024-09-05 21:31:03.367 [DEBUG] [thread-id 1] - Test failed
2024-09-05 21:31:04.992 [DEBUG] [thread-id 1] - Created report: /Users/m0k0a2f/glass-automation/report/index.html
2024-09-05 21:33:03.897 [DEBUG] [thread-id 1] - Executing R2 4.0.2: '/Users/m0k0a2f/glass-automation/./us/e2e-tests/test-scripts/android/golden-flows/Ecomm-And-Fulfillment-Flows/subscription-flows/C2668906-glass-to-autodelivery-gm-item.yaml' on device: 'Pixel_8_Pro_API_34'
2024-09-05 21:33:03.967 [INFO] [thread-id 1] - url: http://127.0.0.1:4723
2024-09-05 21:33:18.580 [DEBUG] [thread-id 1] - Executing scenario: 'Before'
2024-09-05 21:33:18.582 [DEBUG] [thread-id 1] - Execute before steps
2024-09-05 21:33:18.583 [DEBUG] [thread-id 1] - R2_SUBFLOW_PRE_TRANSACTION
2024-09-05 21:33:18.796 [DEBUG] [thread-id 1] - Using us-errors-helpers.yaml
2024-09-05 21:33:19.009 [DEBUG] [thread-id 1] - Start main
2024-09-05 21:33:19.011 [DEBUG] [thread-id 1] - Timestamp: 1725597199011
2024-09-05 21:33:19.016 [DEBUG] [thread-id 1] - Store in: store the value 'subs1725597199011@walmart.com' in the variable 'customerEmail'
2024-09-05 21:33:19.017 [DEBUG] [thread-id 1] - Store in: store the value 'E2epassword$' in the variable 'password'
2024-09-05 21:33:19.018 [DEBUG] [thread-id 1] - Executing function: 'us.functions.utils.astro.createAccount'
2024-09-05 21:33:19.019 [DEBUG] [thread-id 1] - Create Account
2024-09-05 21:33:19.020 [DEBUG] [thread-id 1] - {"firstName": "Native","lastName": "Work","emailAddress": "subs1725597199011@walmart.com","phoneNumber": "5885479573","verification":"phone","paymentMethods": ["VISA"],"postalAddress": {"address": "1350 Bacchus Dr","city": "San Jose","country": "USA","postalCode": "95122","state": "CA"},"password": "E2epassword$"}
2024-09-05 21:33:19.020 [DEBUG] [thread-id 1] - loop: from 1 to 4
2024-09-05 21:33:19.110 [DEBUG] [thread-id 1] - Call API: 'http://astro.walmart.com/api/v2/teflon/customer'
2024-09-05 21:33:37.563 [DEBUG] [thread-id 1] - Response code is: '200'. Response body is: '{"astroStatus":"SUCCESS","astroDescription":"SIGNUP_SUCCESS","astroDetails":{"status":"OK","statusCode":200,"customerAccountId":"d7b57776-c739-42dc-9054-9caa75c46e1a","customerDetails":{"firstName":"Native","lastName":"Work","emailAddress":"subs1725597199011@walmart.com","phoneNumber":"5885479573","verification":"phone","paymentMethods":["VISA"],"postalAddress":{"address":"1350 Bacchus Dr","city":"San Jose","country":"USA","postalCode":"95122","state":"CA"},"password":"E2epassword$"},"addDeliveryPreference":"OK","addPaymentPreference":"OK","addPaymentPreferenceId":"98572cf7-2400-4134-85ed-a95503e895eb","customerPatch":"OK"}}'
2024-09-05 21:33:37.703 [DEBUG] [thread-id 1] - Store in: store the value '15885479573' in the variable 'astroPhoneNumber'
2024-09-05 21:33:37.840 [DEBUG] [thread-id 1] - conditionally execute a flow. condition: true
2024-09-05 21:33:37.952 [DEBUG] [thread-id 1] - conditionally execute a flow. condition: true
2024-09-05 21:33:38.086 [DEBUG] [thread-id 1] - 98572cf7-2400-4134-85ed-a95503e895eb
2024-09-05 21:33:38.213 [WARN] [thread-id 1] - variable withoutPayment was used, but r2 could not find a value for this variable. returning default of null
2024-09-05 21:33:38.216 [DEBUG] [thread-id 1] - conditionally execute a flow. condition: false
2024-09-05 21:33:38.346 [DEBUG] [thread-id 1] - Account created successfully
2024-09-05 21:33:38.467 [DEBUG] [thread-id 1] - ------- Account created Successfully -------
2024-09-05 21:33:38.590 [DEBUG] [thread-id 1] - Executing function: 'us.functions.global.onboarding.navigateOnboardingToHome'
2024-09-05 21:33:38.591 [DEBUG] [thread-id 1] - Executing function: 'us.function.utils.getEnvironmentValue'
2024-09-05 21:33:38.591 [DEBUG] [thread-id 1] - Store in: store the value 'teflon' in the variable 'env'
2024-09-05 21:33:38.592 [DEBUG] [thread-id 1] - Timestamp: 1725597218592
2024-09-05 21:33:38.592 [DEBUG] [thread-id 1] - Start Activity: 'com.walmart.android.debug.com.walmart.glass.integration.splash.SplashActivity'
2024-09-05 21:33:53.472 [DEBUG] [thread-id 1] - conditionally execute a flow. condition: false
2024-09-05 21:33:53.611 [DEBUG] [thread-id 1] - Verify identifier: {com.walmart.android.debug:id/onboarding_welcome_title_textview=[true]}
2024-09-05 21:34:03.738 [DEBUG] [thread-id 1] - conditionally execute a flow. condition: false
2024-09-05 21:34:03.871 [DEBUG] [thread-id 1] - Verify identifier: {com.walmart.android.debug:id/onboarding_welcome_title_textview=[true]}
2024-09-05 21:34:04.139 [DEBUG] [thread-id 1] - Click element: 'com.walmart.android.debug:id/onboarding_welcome_secondary_button'
2024-09-05 21:34:06.137 [WARN] [thread-id 1] - variable allowNotifications was used, but r2 could not find a value for this variable. returning default of null
2024-09-05 21:34:06.137 [DEBUG] [thread-id 1] - conditionally execute a flow. condition: false
2024-09-05 21:34:06.273 [DEBUG] [thread-id 1] - Verify identifier: {com.walmart.android.debug:id/onboarding_notification_title_textview=[true]}
2024-09-05 21:34:06.737 [DEBUG] [thread-id 1] - Click element: 'com.walmart.android.debug:id/onboarding_maybe_later_button'
2024-09-05 21:34:08.830 [DEBUG] [thread-id 1] - Verify identifier: {com.walmart.android.debug:id/onboarding_location_title_textview=[true]}
2024-09-05 21:34:08.972 [DEBUG] [thread-id 1] - Click element: 'com.walmart.android.debug:id/onboarding_zip_code_button'
2024-09-05 21:34:10.143 [DEBUG] [thread-id 1] - Verify identifier: {com.walmart.android.debug:id/onboarding_title_textview=[true]}
2024-09-05 21:34:10.536 [DEBUG] [thread-id 1] - Click element: '//android.widget.EditText[@text="Enter zip code"] | //android.widget.EditText[@text="Enter postal code"] | //android.widget.EditText[@resource-id="com.walmart.android.debug:id/onboarding_zip_code_textinput"]//android.widget.EditText'
2024-09-05 21:34:12.060 [DEBUG] [thread-id 1] - Enter text: '95122'
2024-09-05 21:34:16.500 [DEBUG] [thread-id 1] - Enter text: '95122'
2024-09-05 21:34:18.676 [DEBUG] [thread-id 1] - Hide keyboard: 'true'
2024-09-05 21:34:26.402 [DEBUG] [thread-id 1] - Click element: 'com.walmart.android.debug:id/onboarding_zip_code_search_button'
2024-09-05 21:34:28.163 [DEBUG] [thread-id 1] - sleep:  3000 milliseconds
2024-09-05 21:34:31.169 [DEBUG] [thread-id 1] - loop: from 0 to 3
2024-09-05 21:34:31.725 [DEBUG] [thread-id 1] - 0
2024-09-05 21:34:42.036 [DEBUG] [thread-id 1] - conditionally execute a flow. condition: false
2024-09-05 21:34:52.270 [DEBUG] [thread-id 1] - Verify identifier: {com.walmart.android.debug:id/onboarding_title_textview=[true]}
2024-09-05 21:34:52.271 [DEBUG] [thread-id 1] - Executing function: 'us.functions.global.onboarding.popUpScreen'
2024-09-05 21:34:52.271 [DEBUG] [thread-id 1] - sleep:  3000 milliseconds
2024-09-05 21:35:05.276 [DEBUG] [thread-id 1] - sleep:  3000 milliseconds
2024-09-05 21:35:08.283 [DEBUG] [thread-id 1] - Executing function: 'us.functions.global.onboarding.smartLock.DismissNoneOfTheAbove'
2024-09-05 21:35:18.344 [DEBUG] [thread-id 1] - conditionally execute a flow. condition: false
2024-09-05 21:35:28.484 [DEBUG] [thread-id 1] - sleep:  3000 milliseconds
2024-09-05 21:35:31.489 [DEBUG] [thread-id 1] - Executing function: 'us.functions.home.personalizedPopUpScreenClose'
2024-09-05 21:35:31.490 [DEBUG] [thread-id 1] - sleep:  5000 milliseconds
2024-09-05 21:35:36.499 [DEBUG] [thread-id 1] - conditionally execute a flow. condition: true
2024-09-05 21:35:36.720 [DEBUG] [thread-id 1] - Click element: 'com.walmart.android.debug:id/marketing_privacy_bottom_sheet_deny_btn'
2024-09-05 21:35:37.400 [DEBUG] [thread-id 1] - sleep:  3000 milliseconds
2024-09-05 21:35:40.587 [DEBUG] [thread-id 1] - conditionally execute a flow. condition: true
2024-09-05 21:35:40.911 [DEBUG] [thread-id 1] - Click element: '//android.widget.ImageView[@content-desc="Close"]'
2024-09-05 21:35:41.924 [DEBUG] [thread-id 1] - sleep:  3000 milliseconds
2024-09-05 21:35:44.934 [DEBUG] [thread-id 1] - Executing function: 'us.functions.utils.tryAgainWhenThereIsError'
2024-09-05 21:35:44.937 [DEBUG] [thread-id 1] - loop: from 0 to 3
2024-09-05 21:35:45.514 [DEBUG] [thread-id 1] - 0
2024-09-05 21:35:55.981 [DEBUG] [thread-id 1] - conditionally execute a flow. condition: false
2024-09-05 21:36:06.503 [DEBUG] [thread-id 1] - Executing function: 'us.functions.gic.collapseIfExpanded'
2024-09-05 21:36:17.157 [DEBUG] [thread-id 1] - conditionally execute a flow. condition: false
2024-09-05 21:36:17.320 [DEBUG] [thread-id 1] - gic is collapsed
2024-09-05 21:36:17.470 [DEBUG] [thread-id 1] - Verify identifier: {//android.widget.EditText[@resource-id="com.walmart.android.debug:id/search_view"]=[true]}
2024-09-05 21:36:17.474 [DEBUG] [thread-id 1] - Executing function: 'us.functions.home.handleReorderToolTip'
2024-09-05 21:36:27.483 [DEBUG] [thread-id 1] - conditionally execute a flow. condition: false
2024-09-05 21:36:27.635 [DEBUG] [thread-id 1] - no tooltip displayed
2024-09-05 21:36:27.637 [DEBUG] [thread-id 1] - Executing function: 'us.functions.home.navigateHomeToSignIn'
2024-09-05 21:36:27.776 [DEBUG] [thread-id 1] - Click element: '//android.widget.FrameLayout[contains(@content-desc,"Account")]'
2024-09-05 21:36:29.754 [DEBUG] [thread-id 1] - sleep:  5000 milliseconds
2024-09-05 21:36:34.921 [DEBUG] [thread-id 1] - Verify identifier: {//*[@resource-id="com.walmart.android.debug:id/sign_in_button"]|//*[@resource-id="com.walmart.android.debug:id/account_sign_in_button"]=[true]}
2024-09-05 21:36:34.923 [DEBUG] [thread-id 1] - loop: from 1 to 3
2024-09-05 21:36:35.062 [DEBUG] [thread-id 1] - Executing function: 'us.functions.global.onboarding.smartLock.DismissNoneOfTheAbove'
2024-09-05 21:36:45.132 [DEBUG] [thread-id 1] - conditionally execute a flow. condition: false
2024-09-05 21:36:55.696 [DEBUG] [thread-id 1] - conditionally execute a flow. condition: true
2024-09-05 21:36:55.952 [DEBUG] [thread-id 1] - Click element: '//*[@resource-id="com.walmart.android.debug:id/sign_in_button"]|//*[@resource-id="com.walmart.android.debug:id/account_sign_in_button"]'
2024-09-05 21:36:57.003 [DEBUG] [thread-id 1] - sleep:  3000 milliseconds
2024-09-05 21:37:10.405 [DEBUG] [thread-id 1] - conditionally execute a flow. condition: true
2024-09-05 21:37:10.512 [DEBUG] [thread-id 1] - Store in: store the value 'true' in the variable 'signInValidated'
2024-09-05 21:37:10.609 [DEBUG] [thread-id 1] - conditionally execute a flow. condition: true
2024-09-05 21:37:10.712 [DEBUG] [thread-id 1] - SignIn page loaded
2024-09-05 21:37:10.814 [DEBUG] [thread-id 1] - Store in: store the value 'false' in the variable 'signInValidated'
2024-09-05 21:37:10.817 [DEBUG] [thread-id 1] - Executing function: 'us.functions.global.authentication.signInAccount'
2024-09-05 21:37:10.820 [DEBUG] [thread-id 1] - Executing function: 'us.functions.global.onboarding.smartLock.DismissNoneOfTheAbove'
2024-09-05 21:37:20.893 [DEBUG] [thread-id 1] - conditionally execute a flow. condition: false
2024-09-05 21:37:31.169 [WARN] [thread-id 1] - variable validateSignInPage was used, but r2 could not find a value for this variable. returning default of null
2024-09-05 21:37:41.305 [DEBUG] [thread-id 1] - Verify identifier: {//android.widget.EditText[@content-desc="Email"]/android.widget.FrameLayout/android.widget.EditText | //android.widget.LinearLayout[@resource-id="com.walmart.android.debug:id/auth_field_login_id"]/android.widget.FrameLayout/android.widget.EditText | //android.widget.EditText[@text="Email"] | //android.widget.LinearLayout[@resource-id="com.walmart.android.debug:id/auth_field_login_id_component"]//android.widget.EditText | //android.widget.LinearLayout[@resource-id="com.walmart.android.debug:id/phone_number_field"]//android.widget.EditText=[true]}
2024-09-05 21:37:41.402 [DEBUG] [thread-id 1] - Enter text: 'subs1725597199011@walmart.com'
2024-09-05 21:37:43.301 [DEBUG] [thread-id 1] - loop: from 1 to 3
2024-09-05 21:37:44.025 [DEBUG] [thread-id 1] - sleep:  3000 milliseconds
2024-09-05 21:37:47.146 [DEBUG] [thread-id 1] - conditionally execute a flow. condition: true
2024-09-05 21:37:47.368 [DEBUG] [thread-id 1] - Click element: 'com.walmart.android.debug:id/auth_button_main'
2024-09-05 21:37:48.808 [DEBUG] [thread-id 1] - sleep:  5000 milliseconds
2024-09-05 21:37:53.929 [DEBUG] [thread-id 1] - conditionally execute a flow. condition: true
2024-09-05 21:37:54.145 [DEBUG] [thread-id 1] - Click element: 'Enter your password'
2024-09-05 21:37:55.356 [DEBUG] [thread-id 1] - Selected Password Option to Login
2024-09-05 21:37:55.468 [DEBUG] [thread-id 1] - sleep:  5000 milliseconds
2024-09-05 21:38:00.692 [DEBUG] [thread-id 1] - conditionally execute a flow. condition: true
2024-09-05 21:38:00.808 [DEBUG] [thread-id 1] - Store in: store the value 'true' in the variable 'signInValidated'
2024-09-05 21:38:01.496 [DEBUG] [thread-id 1] - conditionally execute a flow. condition: true
2024-09-05 21:38:01.608 [DEBUG] [thread-id 1] - Store in: store the value 'false' in the variable 'signInValidated'
2024-09-05 21:38:01.721 [DEBUG] [thread-id 1] - Email entered
2024-09-05 21:38:21.867 [WARN] [thread-id 1] - variable validateSignInPage was used, but r2 could not find a value for this variable. returning default of null
2024-09-05 21:38:21.871 [DEBUG] [thread-id 1] - loop: from 1 to 3
2024-09-05 21:38:21.969 [DEBUG] [thread-id 1] - sleep:  2000 milliseconds
2024-09-05 21:38:24.090 [DEBUG] [thread-id 1] - conditionally execute a flow. condition: true
2024-09-05 21:38:24.309 [DEBUG] [thread-id 1] - Enter text: 'E2epassword$'
2024-09-05 21:38:26.907 [DEBUG] [thread-id 1] - Press go back key: 'true'
2024-09-05 21:38:28.335 [DEBUG] [thread-id 1] - sleep:  1000 milliseconds
2024-09-05 21:38:29.620 [DEBUG] [thread-id 1] - Click element: 'com.walmart.android.debug:id/auth_button_main'
2024-09-05 21:38:30.957 [DEBUG] [thread-id 1] - sleep:  5000 milliseconds
2024-09-05 21:38:38.667 [DEBUG] [thread-id 1] - conditionally execute a flow. condition: true
2024-09-05 21:38:38.780 [DEBUG] [thread-id 1] - Store in: store the value 'true' in the variable 'signInValidated'
2024-09-05 21:38:38.913 [DEBUG] [thread-id 1] - Executing function: 'us.functions.global.authentication.handleSomethingWentWrongError'
2024-09-05 21:38:38.913 [DEBUG] [thread-id 1] - sleep:  5000 milliseconds
2024-09-05 21:38:43.920 [DEBUG] [thread-id 1] - loop: from 0 to 3
2024-09-05 21:38:44.299 [DEBUG] [thread-id 1] - 0
2024-09-05 21:38:54.560 [DEBUG] [thread-id 1] - conditionally execute a flow. condition: false
2024-09-05 21:38:54.725 [DEBUG] [thread-id 1] - conditionally execute a flow. condition: true
2024-09-05 21:38:54.904 [DEBUG] [thread-id 1] - Account signed in
2024-09-05 21:39:15.333 [DEBUG] [thread-id 1] - Executing function: 'us.functions.utils.handleCartMergePopup'
2024-09-05 21:39:15.334 [DEBUG] [thread-id 1] - sleep:  7000 milliseconds
2024-09-05 21:39:22.342 [DEBUG] [thread-id 1] - loop: from 0 to 4
2024-09-05 21:39:22.550 [DEBUG] [thread-id 1] - 0
2024-09-05 21:39:33.000 [DEBUG] [thread-id 1] - conditionally execute a flow. condition: false
2024-09-05 21:39:33.165 [DEBUG] [thread-id 1] - No cart merge popup observed
2024-09-05 21:39:33.334 [DEBUG] [thread-id 1] - Executing function: 'us.functions.global.navigation.accountToHome'
2024-09-05 21:39:43.720 [DEBUG] [thread-id 1] - Verify identifier: {//androidx.cardview.widget.CardView[@resource-id="com.walmart.android.debug:id/purchase_history_card"] | //android.widget.TextView[@resource-id="com.walmart.android.debug:id/purchase_history_header"]=[true]}
2024-09-05 21:39:43.732 [DEBUG] [thread-id 1] - conditionally execute a flow. condition: true
2024-09-05 21:39:43.882 [DEBUG] [thread-id 1] - Scroll: down
2024-09-05 21:39:49.657 [DEBUG] [thread-id 1] - Scroll: up
2024-09-05 21:39:55.080 [DEBUG] [thread-id 1] - Click element: 'com.walmart.android.debug:id/navigation_shop'
2024-09-05 21:39:55.708 [DEBUG] [thread-id 1] - Executing function: 'us.functions.home.closeWPlusPromotionPopUpIfDisplayed'
2024-09-05 21:39:55.709 [DEBUG] [thread-id 1] - sleep:  6000 milliseconds
2024-09-05 21:40:12.453 [DEBUG] [thread-id 1] - Executing function: 'us.functions.utils.getSearchableItem'
2024-09-05 21:40:12.456 [DEBUG] [thread-id 1] - Store in: store the value 'null' in the variable 'itemFetched'
2024-09-05 21:40:12.459 [DEBUG] [thread-id 1] - Store in: store the value 'null' in the variable 'deeplinkURL'
2024-09-05 21:40:12.460 [DEBUG] [thread-id 1] - Store in: store the value 'true' in the variable 'apiFetch'
2024-09-05 21:40:12.461 [WARN] [thread-id 1] - variable TEFLON_DATA was used, but r2 could not find a value for this variable. returning default of null
2024-09-05 21:40:12.462 [DEBUG] [thread-id 1] - conditionally execute a flow. condition: true
2024-09-05 21:40:12.603 [WARN] [thread-id 1] - variable TEFLON_DATA was used, but r2 could not find a value for this variable. returning default of null
2024-09-05 21:40:12.603 [DEBUG] [thread-id 1] - Execute Node: 'us/e2e-tests/helpers/itemFetch.js'
2024-09-05 21:40:16.030 [DEBUG] [thread-id 1] - NA
2024-09-05 21:40:16.032 [DEBUG] [thread-id 1] - conditionally execute a flow. condition: true
2024-09-05 21:40:16.193 [DEBUG] [thread-id 1] - conditionally execute a flow. condition: false
2024-09-05 21:40:16.340 [DEBUG] [thread-id 1] - Item fetched by Astro API
2024-09-05 21:40:16.497 [DEBUG] [thread-id 1] - Executing function: 'us.functions.utils.fetchAstroAvailableItem'
2024-09-05 21:40:16.499 [DEBUG] [thread-id 1] - Fetching Item available in stock using Astro API for Item type STORE_SCHEDULED_DELIVERY
2024-09-05 21:40:16.503 [WARN] [thread-id 1] - variable nextGen was used, but r2 could not find a value for this variable. returning default of null
2024-09-05 21:40:16.505 [DEBUG] [thread-id 1] - conditionally execute a flow. condition: true
2024-09-05 21:40:16.645 [DEBUG] [thread-id 1] - Store in: store the value 'nextgen' in the variable 'version'
2024-09-05 21:40:16.646 [WARN] [thread-id 1] - variable itemStatusHeader was used, but r2 could not find a value for this variable. returning default of null
2024-09-05 21:40:16.651 [DEBUG] [thread-id 1] - conditionally execute a flow. condition: true
2024-09-05 21:40:16.796 [DEBUG] [thread-id 1] - Store in: store the value 'SUCCESS' in the variable 'itemStatusHeader'
2024-09-05 21:40:16.808 [DEBUG] [thread-id 1] - conditionally execute a flow. condition: true
2024-09-05 21:40:16.966 [WARN] [thread-id 1] - variable itemSubFilter was used, but r2 could not find a value for this variable. returning default of null
2024-09-05 21:40:16.967 [DEBUG] [thread-id 1] - conditionally execute a flow. condition: false
2024-09-05 21:40:17.109 [DEBUG] [thread-id 1] - conditionally execute a flow. condition: false
2024-09-05 21:40:17.274 [WARN] [thread-id 1] - variable itemSubFilter was used, but r2 could not find a value for this variable. returning default of null
2024-09-05 21:40:17.275 [DEBUG] [thread-id 1] - conditionally execute a flow. condition: false
2024-09-05 21:40:17.443 [DEBUG] [thread-id 1] - conditionally execute a flow. condition: false
2024-09-05 21:40:17.605 [DEBUG] [thread-id 1] - conditionally execute a flow. condition: true
2024-09-05 21:40:17.783 [DEBUG] [thread-id 1] - Store in: store the value 'http://astro.walmart.com/api/v3/teflon/internal/getItemHealth/32144/STORE_SCHEDULED_DELIVERY?itemType=subscriptions' in the variable 'fetchURL'
2024-09-05 21:40:17.940 [DEBUG] [thread-id 1] - Store in: store the value 'nextgen' in the variable 'version'
2024-09-05 21:40:17.942 [DEBUG] [thread-id 1] - Store in: store the value 'null' in the variable 'itemDetails'
2024-09-05 21:40:18.107 [DEBUG] [thread-id 1] - conditionally execute a flow. condition: true
2024-09-05 21:40:18.268 [DEBUG] [thread-id 1] - NextGen API
2024-09-05 21:40:18.488 [DEBUG] [thread-id 1] - Call API: 'http://astro.walmart.com/api/v3/teflon/internal/getItemHealth/32144/STORE_SCHEDULED_DELIVERY?itemType=subscriptions'
2024-09-05 21:40:23.942 [DEBUG] [thread-id 1] - Response code is: '200'. Response body is: '{"astroStatus":"SUCCESS","astroDescription":"Items found in itemHealth Collection","astroDetails":[{"itemId":"5013700929","astroStatus":"SUCCESS","astroDescription":"STORE_SCHEDULED_DELIVERY (5013700929), ORDER CREATED","orderType":"STORE_SCHEDULED_DELIVERY","storeId":"32144","orderNumber":null,"eligiblePaths":["subscriptions"],"paymentTypes":[],"inEligiblePaths":[],"offerId":"930BF668B1E1379685C89ACF42754EC3","_id":"66c3d0d012c3e8f070b88668","__v":0,"createdAt":"2024-08-19T23:10:08.618Z","price":{"currencyAmount":0},"updatedAt":"2024-09-06T04:37:39.437Z"},{"itemId":"5013700939","astroStatus":"SUCCESS","astroDescription":"STORE_SCHEDULED_DELIVERY (5013700939), ORDER CREATED","orderType":"STORE_SCHEDULED_DELIVERY","storeId":"32144","orderNumber":null,"eligiblePaths":["subscriptions"],"paymentTypes":[],"inEligiblePaths":[],"offerId":"283C2C8EBBEE3216AEC44C7310EEA5B2","_id":"66c3d0d088aebb97c056ed59","__v":0,"createdAt":"2024-08-19T23:10:08.827Z","price":{"currencyAmount":0},"updatedAt":"2024-09-06T04:37:39.841Z"}]}'
2024-09-05 21:40:24.126 [DEBUG] [thread-id 1] - conditionally execute a flow. condition: false
2024-09-05 21:40:24.280 [DEBUG] [thread-id 1] - SUCCESSFUL item fetched from astro API.
2024-09-05 21:40:24.427 [DEBUG] [thread-id 1] - loop: over '[{"itemId":"5013700929","astroStatus":"SUCCESS","astroDescription":"STORE_SCHEDULED_DELIVERY (5013700929), ORDER CREATED","orderType":"STORE_SCHEDULED_DELIVERY","storeId":"32144","orderNumber":null,"eligiblePaths":["subscriptions"],"paymentTypes":[],"inEligiblePaths":[],"offerId":"930BF668B1E1379685C89ACF42754EC3","_id":"66c3d0d012c3e8f070b88668","__v":0,"createdAt":"2024-08-19T23:10:08.618Z","price":{"currencyAmount":0},"updatedAt":"2024-09-06T04:37:39.437Z"},{"itemId":"5013700939","astroStatus":"SUCCESS","astroDescription":"STORE_SCHEDULED_DELIVERY (5013700939), ORDER CREATED","orderType":"STORE_SCHEDULED_DELIVERY","storeId":"32144","orderNumber":null,"eligiblePaths":["subscriptions"],"paymentTypes":[],"inEligiblePaths":[],"offerId":"283C2C8EBBEE3216AEC44C7310EEA5B2","_id":"66c3d0d088aebb97c056ed59","__v":0,"createdAt":"2024-08-19T23:10:08.827Z","price":{"currencyAmount":0},"updatedAt":"2024-09-06T04:37:39.841Z"}]'
2024-09-05 21:40:24.566 [DEBUG] [thread-id 1] - Store in: store the value 'null' in the variable 'itemDetails'
2024-09-05 21:40:24.723 [DEBUG] [thread-id 1] - {"itemId":"5013700929","astroStatus":"SUCCESS","astroDescription":"STORE_SCHEDULED_DELIVERY (5013700929), ORDER CREATED","orderType":"STORE_SCHEDULED_DELIVERY","storeId":"32144","orderNumber":null,"eligiblePaths":["subscriptions"],"paymentTypes":[],"inEligiblePaths":[],"offerId":"930BF668B1E1379685C89ACF42754EC3","_id":"66c3d0d012c3e8f070b88668","__v":0,"createdAt":"2024-08-19T23:10:08.618Z","price":{"currencyAmount":0},"updatedAt":"2024-09-06T04:37:39.437Z"}
2024-09-05 21:40:24.886 [DEBUG] [thread-id 1] - Store in: store the value '5013700929' in the variable 'itemFetched'
2024-09-05 21:40:25.040 [DEBUG] [thread-id 1] - Store in: store the value 'SUCCESS' in the variable 'itemStatus'
2024-09-05 21:40:25.203 [WARN] [thread-id 1] - variable healthCheck was used, but r2 could not find a value for this variable. returning default of null
2024-09-05 21:40:25.365 [DEBUG] [thread-id 1] - conditionally execute a flow. condition: true
2024-09-05 21:40:26.303 [DEBUG] [thread-id 1] - Execute Node: 'us/e2e-tests/helpers/splitNumberString.js'
2024-09-05 21:40:26.514 [DEBUG] [thread-id 1] - 5013700929
2024-09-05 21:40:26.665 [WARN] [thread-id 1] - variable skipForNext was used, but r2 could not find a value for this variable. returning default of null
2024-09-05 21:40:26.815 [WARN] [thread-id 1] - variable excludeFetchedItem was used, but r2 could not find a value for this variable. returning default of null
2024-09-05 21:40:26.816 [DEBUG] [thread-id 1] - conditionally execute a flow. condition: false
2024-09-05 21:40:26.965 [DEBUG] [thread-id 1] - Executing function: 'us.functions.utils.itemHealthCheck'
2024-09-05 21:40:26.966 [DEBUG] [thread-id 1] - Checking item eligibility before proceeding
2024-09-05 21:40:26.967 [DEBUG] [thread-id 1] - Store in: store the value 'false' in the variable 'itemEligiblity'
2024-09-05 21:40:26.967 [DEBUG] [thread-id 1] - Store in: store the value 'false' in the variable 'ignoreItem'
2024-09-05 21:40:26.968 [DEBUG] [thread-id 1] - loop: over '["131979272","795796940", "812231723", "2466884336", "472115968", "981898706", "499284126279","10801611", "982133078","242467890"]'
2024-09-05 21:40:28.498 [DEBUG] [thread-id 1] - conditionally execute a flow. condition: false
2024-09-05 21:40:28.695 [DEBUG] [thread-id 1] - conditionally execute a flow. condition: true
2024-09-05 21:40:28.887 [DEBUG] [thread-id 1] - Store in: store the value 'true' in the variable 'itemEligiblity'
2024-09-05 21:40:29.762 [DEBUG] [thread-id 1] - conditionally execute a flow. condition: true
2024-09-05 21:40:30.064 [DEBUG] [thread-id 1] - Stock available Item Id 5013700929 for type STORE_SCHEDULED_DELIVERY
2024-09-05 21:40:30.200 [WARN] [thread-id 1] - variable fetchedItemDataDetails was used, but r2 could not find a value for this variable. returning default of null
2024-09-05 21:40:30.201 [DEBUG] [thread-id 1] - Execute Node: 'us/e2e-tests/helpers/jsonParser.js'
2024-09-05 21:40:30.432 [DEBUG] [thread-id 1] - Store in: store the value 'false' in the variable 'skipForNext'
2024-09-05 21:40:30.583 [DEBUG] [thread-id 1] - Store in: store the value 'false' in the variable 'excludeFetchedItem'
2024-09-05 21:40:30.584 [DEBUG] [thread-id 1] - Store in: store the value 'null' in the variable 'storeId'
2024-09-05 21:40:30.585 [DEBUG] [thread-id 1] - Store in: store the value 'null' in the variable 'itemStatusHeader'
2024-09-05 21:40:30.588 [DEBUG] [thread-id 1] - Store in: store the value 'false' in the variable 'healthCheck'
2024-09-05 21:40:30.589 [DEBUG] [thread-id 1] - Store in: store the value 'null' in the variable 'version'
2024-09-05 21:40:30.590 [DEBUG] [thread-id 1] - Store in: store the value 'null' in the variable 'itemFilter'
2024-09-05 21:40:30.591 [DEBUG] [thread-id 1] - Store in: store the value 'false' in the variable 'noSubSet'
2024-09-05 21:40:30.959 [DEBUG] [thread-id 1] - Store in: store the value 'null' in the variable 'backupItem'
2024-09-05 21:40:30.961 [DEBUG] [thread-id 1] - Store in: store the value 'null' in the variable 'source'
2024-09-05 21:40:30.962 [DEBUG] [thread-id 1] - Store in: store the value 'null' in the variable 'useHardCodedItem'
2024-09-05 21:40:30.963 [DEBUG] [thread-id 1] - Store in: store the value 'walmart://item/5013700929' in the variable 'deeplinkURl'
2024-09-05 21:40:30.964 [DEBUG] [thread-id 1] - Item:5013700929
2024-09-05 21:40:30.965 [DEBUG] [thread-id 1] - deeplinkURL:walmart://item/5013700929
2024-09-05 21:40:30.966 [DEBUG] [thread-id 1] - Store in: store the value '5013700929' in the variable 'item1'
2024-09-05 21:40:30.967 [DEBUG] [thread-id 1] - Executing function: 'us.functions.global.navigation.goToDeepLink'
2024-09-05 21:40:30.967 [DEBUG] [thread-id 1] - Verify value of: '$deepLinkUrl'
2024-09-05 21:40:30.968 [DEBUG] [thread-id 1] - Open link: 'walmart://item/5013700929'
2024-09-05 21:40:31.180 [DEBUG] [thread-id 1] - Executing function: 'us.functions.subs.SubscriptionItempage'
2024-09-05 21:40:31.181 [DEBUG] [thread-id 1] - Executing function: 'us.functions.utils.scrollIfNotVisible'
2024-09-05 21:40:31.181 [WARN] [thread-id 1] - variable scrollLimit was used, but r2 could not find a value for this variable. returning default of null
2024-09-05 21:40:31.181 [DEBUG] [thread-id 1] - conditionally execute a flow. condition: true
2024-09-05 21:40:32.400 [DEBUG] [thread-id 1] - Store in: store the value '7' in the variable 'scrollLimit'
2024-09-05 21:40:32.400 [DEBUG] [thread-id 1] - Scroll limit set to - 7
2024-09-05 21:40:42.444 [DEBUG] [thread-id 1] - conditionally execute a flow. condition: false
2024-09-05 21:40:42.548 [WARN] [thread-id 1] - variable scrollPosition was used, but r2 could not find a value for this variable. returning default of null
2024-09-05 21:40:42.549 [DEBUG] [thread-id 1] - conditionally execute a flow. condition: true
2024-09-05 21:40:42.644 [WARN] [thread-id 1] - variable identifierScope was used, but r2 could not find a value for this variable. returning default of null
2024-09-05 21:40:42.644 [DEBUG] [thread-id 1] - conditionally execute a flow. condition: true
2024-09-05 21:40:42.726 [DEBUG] [thread-id 1] - Scroll: down
2024-09-05 21:40:47.275 [DEBUG] [thread-id 1] - Resetting scrollPosition variable to default
2024-09-05 21:40:47.276 [DEBUG] [thread-id 1] - Store in: store the value 'null' in the variable 'scrollPosition'
2024-09-05 21:40:47.278 [DEBUG] [thread-id 1] - Store in: store the value 'null' in the variable 'identifierScope'
2024-09-05 21:40:47.279 [DEBUG] [thread-id 1] - Store in: store the value 'null' in the variable 'scrollLimit'
2024-09-05 21:41:09.205 [DEBUG] [thread-id 1] - Main failed: Is not present: 'com.walmart.android.debug:id/purchase_option_subscription_button'
2024-09-05 21:41:09.514 [DEBUG] [thread-id 1] - Executing scenario: 'After'
2024-09-05 21:41:09.515 [DEBUG] [thread-id 1] - Executing function: 'us.functions.utils.afterSteps'
2024-09-05 21:41:09.516 [WARN] [thread-id 1] - variable testStatus was used, but r2 could not find a value for this variable. returning default of null
2024-09-05 21:41:09.516 [DEBUG] [thread-id 1] - conditionally execute a flow. condition: false
2024-09-05 21:41:09.946 [DEBUG] [thread-id 1] - Test failed
2024-09-05 21:41:13.842 [DEBUG] [thread-id 1] - Created report: /Users/m0k0a2f/glass-automation/report/index.html
2024-09-05 22:34:31.432 [DEBUG] [thread-id 1] - Executing R2 4.0.2: '/Users/m0k0a2f/glass-automation/./us/e2e-tests/test-scripts/android/golden-flows/Financial-Services-Flows/pre-transaction/C2644805-paypal.yaml' on device: 'Pixel_8_Pro_API_34'
2024-09-05 22:34:31.533 [INFO] [thread-id 1] - url: http://127.0.0.1:4723
2024-09-05 22:34:46.668 [DEBUG] [thread-id 1] - Executing scenario: 'Before'
2024-09-05 22:34:46.671 [DEBUG] [thread-id 1] - R2_SUBFLOW_PRE_TRANSACTION
2024-09-05 22:34:46.966 [DEBUG] [thread-id 1] - Using us-errors-helpers.yaml
2024-09-05 22:34:47.215 [DEBUG] [thread-id 1] - Start Main
2024-09-05 22:34:47.219 [DEBUG] [thread-id 1] - Timestamp: 1725600887219
2024-09-05 22:34:47.220 [DEBUG] [thread-id 1] - Store in: store the value 'paypal1725600887219@walmart.com' in the variable 'customerEmail'
2024-09-05 22:34:47.222 [DEBUG] [thread-id 1] - Store in: store the value 'E2epassword$' in the variable 'password'
2024-09-05 22:34:47.224 [DEBUG] [thread-id 1] - Executing function: 'us.functions.utils.astro.createAccount'
2024-09-05 22:34:47.224 [DEBUG] [thread-id 1] - Create Account
2024-09-05 22:34:47.225 [DEBUG] [thread-id 1] - {"firstName": "Native","lastName": "Team","emailAddress": "paypal1725600887219@walmart.com","phoneNumber": "5885479573","verification":"phone","paymentMethods": ["VISA"],"postalAddress": {"address": "1350 Bacchus Dr","city": "San Jose","country": "USA","postalCode": "95122","state": "CA"},"password": "E2epassword$"}
2024-09-05 22:34:47.226 [DEBUG] [thread-id 1] - loop: from 1 to 4
2024-09-05 22:34:47.326 [DEBUG] [thread-id 1] - Call API: 'http://astro.walmart.com/api/v2/teflon/customer'
2024-09-05 22:35:05.119 [DEBUG] [thread-id 1] - Response code is: '200'. Response body is: '{"astroStatus":"SUCCESS","astroDescription":"SIGNUP_SUCCESS","astroDetails":{"status":"OK","statusCode":200,"customerAccountId":"d02de996-d652-408a-be64-6cccb01ad818","customerDetails":{"firstName":"Native","lastName":"Team","emailAddress":"paypal1725600887219@walmart.com","phoneNumber":"5885479573","verification":"phone","paymentMethods":["VISA"],"postalAddress":{"address":"1350 Bacchus Dr","city":"San Jose","country":"USA","postalCode":"95122","state":"CA"},"password":"E2epassword$"},"addDeliveryPreference":"OK","addPaymentPreference":"OK","addPaymentPreferenceId":"eeef5826-69b6-4281-a08a-30e71bf2b2d9","customerPatch":"OK"}}'
2024-09-05 22:35:05.266 [DEBUG] [thread-id 1] - Store in: store the value '15885479573' in the variable 'astroPhoneNumber'
2024-09-05 22:35:05.434 [DEBUG] [thread-id 1] - conditionally execute a flow. condition: true
2024-09-05 22:35:05.581 [DEBUG] [thread-id 1] - conditionally execute a flow. condition: true
2024-09-05 22:35:05.711 [DEBUG] [thread-id 1] - eeef5826-69b6-4281-a08a-30e71bf2b2d9
2024-09-05 22:35:05.850 [WARN] [thread-id 1] - variable withoutPayment was used, but r2 could not find a value for this variable. returning default of null
2024-09-05 22:35:05.850 [DEBUG] [thread-id 1] - conditionally execute a flow. condition: false
2024-09-05 22:35:06.010 [DEBUG] [thread-id 1] - Account created successfully
2024-09-05 22:35:06.133 [DEBUG] [thread-id 1] - ------- Account created Successfully -------
2024-09-05 22:35:06.272 [DEBUG] [thread-id 1] - Executing function: 'us.functions.global.onboarding.navigateOnboardingToHome'
2024-09-05 22:35:06.273 [DEBUG] [thread-id 1] - Executing function: 'us.function.utils.getEnvironmentValue'
2024-09-05 22:35:06.273 [DEBUG] [thread-id 1] - Store in: store the value 'teflon' in the variable 'env'
2024-09-05 22:35:06.274 [DEBUG] [thread-id 1] - Timestamp: 1725600906273
2024-09-05 22:35:06.274 [DEBUG] [thread-id 1] - Start Activity: 'com.walmart.android.debug.com.walmart.glass.integration.splash.SplashActivity'
2024-09-05 22:35:21.938 [DEBUG] [thread-id 1] - conditionally execute a flow. condition: false
2024-09-05 22:35:22.088 [DEBUG] [thread-id 1] - Verify identifier: {com.walmart.android.debug:id/onboarding_welcome_title_textview=[true]}
2024-09-05 22:35:32.330 [DEBUG] [thread-id 1] - conditionally execute a flow. condition: false
2024-09-05 22:35:32.482 [DEBUG] [thread-id 1] - Verify identifier: {com.walmart.android.debug:id/onboarding_welcome_title_textview=[true]}
2024-09-05 22:35:32.745 [DEBUG] [thread-id 1] - Click element: 'com.walmart.android.debug:id/onboarding_welcome_secondary_button'
2024-09-05 22:35:33.404 [WARN] [thread-id 1] - variable allowNotifications was used, but r2 could not find a value for this variable. returning default of null
2024-09-05 22:35:33.405 [DEBUG] [thread-id 1] - conditionally execute a flow. condition: false
2024-09-05 22:35:34.866 [DEBUG] [thread-id 1] - Verify identifier: {com.walmart.android.debug:id/onboarding_notification_title_textview=[true]}
2024-09-05 22:35:35.316 [DEBUG] [thread-id 1] - Click element: 'com.walmart.android.debug:id/onboarding_maybe_later_button'
2024-09-05 22:35:37.421 [DEBUG] [thread-id 1] - Verify identifier: {com.walmart.android.debug:id/onboarding_location_title_textview=[true]}
2024-09-05 22:35:37.546 [DEBUG] [thread-id 1] - Click element: 'com.walmart.android.debug:id/onboarding_zip_code_button'
2024-09-05 22:35:38.585 [DEBUG] [thread-id 1] - Verify identifier: {com.walmart.android.debug:id/onboarding_title_textview=[true]}
2024-09-05 22:35:39.006 [DEBUG] [thread-id 1] - Click element: '//android.widget.EditText[@text="Enter zip code"] | //android.widget.EditText[@text="Enter postal code"] | //android.widget.EditText[@resource-id="com.walmart.android.debug:id/onboarding_zip_code_textinput"]//android.widget.EditText'
2024-09-05 22:35:40.594 [DEBUG] [thread-id 1] - Enter text: '95122'
2024-09-05 22:35:42.425 [DEBUG] [thread-id 1] - Hide keyboard: 'true'
2024-09-05 22:35:49.629 [DEBUG] [thread-id 1] - Click element: 'com.walmart.android.debug:id/onboarding_zip_code_search_button'
2024-09-05 22:36:07.116 [DEBUG] [thread-id 1] - Main failed: Cannot click 'com.walmart.android.debug:id/onboarding_zip_code_search_button || com.walmart.android.debug:id/manual_barcode_entry_search_button'
2024-09-05 22:36:07.388 [DEBUG] [thread-id 1] - Executing scenario: 'After'
2024-09-05 22:36:07.389 [DEBUG] [thread-id 1] - Executing function: 'us.functions.utils.afterSteps'
2024-09-05 22:36:07.390 [WARN] [thread-id 1] - variable testStatus was used, but r2 could not find a value for this variable. returning default of null
2024-09-05 22:36:07.390 [DEBUG] [thread-id 1] - conditionally execute a flow. condition: false
2024-09-05 22:36:07.513 [DEBUG] [thread-id 1] - Test failed
2024-09-05 22:36:09.213 [DEBUG] [thread-id 1] - Created report: /Users/m0k0a2f/glass-automation/report/index.html
2024-09-05 22:38:20.297 [DEBUG] [thread-id 1] - Executing R2 4.0.2: '/Users/m0k0a2f/glass-automation/./us/e2e-tests/test-scripts/android/golden-flows/Financial-Services-Flows/pre-transaction/C2644805-paypal.yaml' on device: 'Pixel_8_Pro_API_34'
2024-09-05 22:38:20.381 [INFO] [thread-id 1] - url: http://127.0.0.1:4723
2024-09-05 22:38:34.703 [DEBUG] [thread-id 1] - Executing scenario: 'Before'
2024-09-05 22:38:34.705 [DEBUG] [thread-id 1] - R2_SUBFLOW_PRE_TRANSACTION
2024-09-05 22:38:34.942 [DEBUG] [thread-id 1] - Using us-errors-helpers.yaml
2024-09-05 22:38:35.157 [DEBUG] [thread-id 1] - Start Main
2024-09-05 22:38:35.158 [DEBUG] [thread-id 1] - Timestamp: 1725601115158
2024-09-05 22:38:35.159 [DEBUG] [thread-id 1] - Store in: store the value 'paypal1725601115158@walmart.com' in the variable 'customerEmail'
2024-09-05 22:38:35.159 [DEBUG] [thread-id 1] - Store in: store the value 'E2epassword$' in the variable 'password'
2024-09-05 22:38:35.160 [DEBUG] [thread-id 1] - Executing function: 'us.functions.utils.astro.createAccount'
2024-09-05 22:38:35.161 [DEBUG] [thread-id 1] - Create Account
2024-09-05 22:38:35.165 [DEBUG] [thread-id 1] - {"firstName": "Native","lastName": "Team","emailAddress": "paypal1725601115158@walmart.com","phoneNumber": "5885479573","verification":"phone","paymentMethods": ["VISA"],"postalAddress": {"address": "1350 Bacchus Dr","city": "San Jose","country": "USA","postalCode": "95122","state": "CA"},"password": "E2epassword$"}
2024-09-05 22:38:35.166 [DEBUG] [thread-id 1] - loop: from 1 to 4
2024-09-05 22:38:35.281 [DEBUG] [thread-id 1] - Call API: 'http://astro.walmart.com/api/v2/teflon/customer'
2024-09-05 22:38:53.288 [DEBUG] [thread-id 1] - Response code is: '200'. Response body is: '{"astroStatus":"SUCCESS","astroDescription":"SIGNUP_SUCCESS","astroDetails":{"status":"OK","statusCode":200,"customerAccountId":"0c0e5ae1-9b2f-48b3-b5fc-c47b5ce5c989","customerDetails":{"firstName":"Native","lastName":"Team","emailAddress":"paypal1725601115158@walmart.com","phoneNumber":"5885479573","verification":"phone","paymentMethods":["VISA"],"postalAddress":{"address":"1350 Bacchus Dr","city":"San Jose","country":"USA","postalCode":"95122","state":"CA"},"password":"E2epassword$"},"addDeliveryPreference":"OK","addPaymentPreference":"OK","addPaymentPreferenceId":"e5a00acb-9ea8-4a8c-aba7-ee155bd5d2b7","customerPatch":"OK"}}'
2024-09-05 22:38:53.442 [DEBUG] [thread-id 1] - Store in: store the value '15885479573' in the variable 'astroPhoneNumber'
2024-09-05 22:38:53.593 [DEBUG] [thread-id 1] - conditionally execute a flow. condition: true
2024-09-05 22:38:53.735 [DEBUG] [thread-id 1] - conditionally execute a flow. condition: true
2024-09-05 22:38:53.872 [DEBUG] [thread-id 1] - e5a00acb-9ea8-4a8c-aba7-ee155bd5d2b7
2024-09-05 22:38:54.026 [WARN] [thread-id 1] - variable withoutPayment was used, but r2 could not find a value for this variable. returning default of null
2024-09-05 22:38:54.027 [DEBUG] [thread-id 1] - conditionally execute a flow. condition: false
2024-09-05 22:38:54.176 [DEBUG] [thread-id 1] - Account created successfully
2024-09-05 22:38:54.314 [DEBUG] [thread-id 1] - ------- Account created Successfully -------
2024-09-05 22:38:54.453 [DEBUG] [thread-id 1] - Executing function: 'us.functions.global.onboarding.navigateOnboardingToHome'
2024-09-05 22:38:54.454 [DEBUG] [thread-id 1] - Executing function: 'us.function.utils.getEnvironmentValue'
2024-09-05 22:38:54.455 [DEBUG] [thread-id 1] - Store in: store the value 'teflon' in the variable 'env'
2024-09-05 22:38:54.455 [DEBUG] [thread-id 1] - Timestamp: 1725601134455
2024-09-05 22:38:54.456 [DEBUG] [thread-id 1] - Start Activity: 'com.walmart.android.debug.com.walmart.glass.integration.splash.SplashActivity'
2024-09-05 22:39:09.205 [DEBUG] [thread-id 1] - conditionally execute a flow. condition: false
2024-09-05 22:39:09.355 [DEBUG] [thread-id 1] - Verify identifier: {com.walmart.android.debug:id/onboarding_welcome_title_textview=[true]}
2024-09-05 22:39:19.847 [DEBUG] [thread-id 1] - conditionally execute a flow. condition: false
2024-09-05 22:39:19.965 [DEBUG] [thread-id 1] - Verify identifier: {com.walmart.android.debug:id/onboarding_welcome_title_textview=[true]}
2024-09-05 22:39:20.207 [DEBUG] [thread-id 1] - Click element: 'com.walmart.android.debug:id/onboarding_welcome_secondary_button'
2024-09-05 22:39:22.159 [WARN] [thread-id 1] - variable allowNotifications was used, but r2 could not find a value for this variable. returning default of null
2024-09-05 22:39:22.164 [DEBUG] [thread-id 1] - conditionally execute a flow. condition: false
2024-09-05 22:39:22.286 [DEBUG] [thread-id 1] - Verify identifier: {com.walmart.android.debug:id/onboarding_notification_title_textview=[true]}
2024-09-05 22:39:22.756 [DEBUG] [thread-id 1] - Click element: 'com.walmart.android.debug:id/onboarding_maybe_later_button'
2024-09-05 22:39:24.857 [DEBUG] [thread-id 1] - Verify identifier: {com.walmart.android.debug:id/onboarding_location_title_textview=[true]}
2024-09-05 22:39:24.976 [DEBUG] [thread-id 1] - Click element: 'com.walmart.android.debug:id/onboarding_zip_code_button'
2024-09-05 22:39:26.016 [DEBUG] [thread-id 1] - Verify identifier: {com.walmart.android.debug:id/onboarding_title_textview=[true]}
2024-09-05 22:39:26.461 [DEBUG] [thread-id 1] - Click element: '//android.widget.EditText[@text="Enter zip code"] | //android.widget.EditText[@text="Enter postal code"] | //android.widget.EditText[@resource-id="com.walmart.android.debug:id/onboarding_zip_code_textinput"]//android.widget.EditText'
2024-09-05 22:39:28.002 [DEBUG] [thread-id 1] - Enter text: '95122'
2024-09-05 22:39:29.842 [DEBUG] [thread-id 1] - Hide keyboard: 'true'
2024-09-05 22:39:36.677 [DEBUG] [thread-id 1] - Click element: 'com.walmart.android.debug:id/onboarding_zip_code_search_button'
2024-09-05 22:39:47.062 [DEBUG] [thread-id 1] - Click element: 'com.walmart.android.debug:id/onboarding_zip_code_search_button'
2024-09-05 22:39:48.821 [DEBUG] [thread-id 1] - sleep:  3000 milliseconds
2024-09-05 22:39:51.824 [DEBUG] [thread-id 1] - loop: from 0 to 3
2024-09-05 22:39:51.951 [DEBUG] [thread-id 1] - 0
2024-09-05 22:40:02.172 [DEBUG] [thread-id 1] - conditionally execute a flow. condition: false
2024-09-05 22:40:12.449 [DEBUG] [thread-id 1] - Verify identifier: {com.walmart.android.debug:id/onboarding_title_textview=[true]}
2024-09-05 22:40:12.450 [DEBUG] [thread-id 1] - Executing function: 'us.functions.global.onboarding.popUpScreen'
2024-09-05 22:40:12.451 [DEBUG] [thread-id 1] - sleep:  3000 milliseconds
2024-09-05 22:40:25.490 [DEBUG] [thread-id 1] - sleep:  3000 milliseconds
2024-09-05 22:40:28.497 [DEBUG] [thread-id 1] - Executing function: 'us.functions.global.onboarding.smartLock.DismissNoneOfTheAbove'
2024-09-05 22:40:38.585 [DEBUG] [thread-id 1] - conditionally execute a flow. condition: false
2024-09-05 22:40:48.713 [DEBUG] [thread-id 1] - sleep:  3000 milliseconds
2024-09-05 22:40:51.720 [DEBUG] [thread-id 1] - Executing function: 'us.functions.home.personalizedPopUpScreenClose'
2024-09-05 22:40:51.721 [DEBUG] [thread-id 1] - sleep:  5000 milliseconds
2024-09-05 22:40:56.725 [DEBUG] [thread-id 1] - conditionally execute a flow. condition: true
2024-09-05 22:40:56.912 [DEBUG] [thread-id 1] - Click element: 'com.walmart.android.debug:id/marketing_privacy_bottom_sheet_deny_btn'
2024-09-05 22:40:57.544 [DEBUG] [thread-id 1] - sleep:  3000 milliseconds
2024-09-05 22:41:00.713 [DEBUG] [thread-id 1] - conditionally execute a flow. condition: true
2024-09-05 22:41:02.292 [DEBUG] [thread-id 1] - Click element: '//android.widget.ImageView[@content-desc="Close"]'
2024-09-05 22:41:03.028 [DEBUG] [thread-id 1] - sleep:  3000 milliseconds
2024-09-05 22:41:06.036 [DEBUG] [thread-id 1] - Executing function: 'us.functions.utils.tryAgainWhenThereIsError'
2024-09-05 22:41:06.038 [DEBUG] [thread-id 1] - loop: from 0 to 3
2024-09-05 22:41:06.205 [DEBUG] [thread-id 1] - 0
2024-09-05 22:41:16.751 [DEBUG] [thread-id 1] - conditionally execute a flow. condition: false
2024-09-05 22:41:26.935 [DEBUG] [thread-id 1] - Executing function: 'us.functions.gic.collapseIfExpanded'
2024-09-05 22:41:37.287 [DEBUG] [thread-id 1] - conditionally execute a flow. condition: false
2024-09-05 22:41:37.450 [DEBUG] [thread-id 1] - gic is collapsed
2024-09-05 22:41:37.608 [DEBUG] [thread-id 1] - Verify identifier: {//android.widget.EditText[@resource-id="com.walmart.android.debug:id/search_view"]=[true]}
2024-09-05 22:41:37.609 [DEBUG] [thread-id 1] - Executing function: 'us.functions.home.handleReorderToolTip'
2024-09-05 22:41:47.649 [DEBUG] [thread-id 1] - conditionally execute a flow. condition: false
2024-09-05 22:41:47.815 [DEBUG] [thread-id 1] - no tooltip displayed
2024-09-05 22:41:47.817 [DEBUG] [thread-id 1] - Executing function: 'us.functions.home.navigateHomeToSignIn'
2024-09-05 22:41:47.971 [DEBUG] [thread-id 1] - Click element: '//android.widget.FrameLayout[contains(@content-desc,"Account")]'
2024-09-05 22:41:48.613 [DEBUG] [thread-id 1] - sleep:  5000 milliseconds
2024-09-05 22:41:53.755 [DEBUG] [thread-id 1] - Verify identifier: {//*[@resource-id="com.walmart.android.debug:id/sign_in_button"]|//*[@resource-id="com.walmart.android.debug:id/account_sign_in_button"]=[true]}
2024-09-05 22:41:53.757 [DEBUG] [thread-id 1] - loop: from 1 to 3
2024-09-05 22:41:53.896 [DEBUG] [thread-id 1] - Executing function: 'us.functions.global.onboarding.smartLock.DismissNoneOfTheAbove'
2024-09-05 22:42:03.926 [DEBUG] [thread-id 1] - conditionally execute a flow. condition: false
2024-09-05 22:42:14.450 [DEBUG] [thread-id 1] - conditionally execute a flow. condition: true
2024-09-05 22:42:14.712 [DEBUG] [thread-id 1] - Click element: '//*[@resource-id="com.walmart.android.debug:id/sign_in_button"]|//*[@resource-id="com.walmart.android.debug:id/account_sign_in_button"]'
2024-09-05 22:42:15.798 [DEBUG] [thread-id 1] - sleep:  3000 milliseconds
2024-09-05 22:42:29.321 [DEBUG] [thread-id 1] - conditionally execute a flow. condition: true
2024-09-05 22:42:29.431 [DEBUG] [thread-id 1] - Store in: store the value 'true' in the variable 'signInValidated'
2024-09-05 22:42:29.524 [DEBUG] [thread-id 1] - conditionally execute a flow. condition: true
2024-09-05 22:42:29.628 [DEBUG] [thread-id 1] - SignIn page loaded
2024-09-05 22:42:29.723 [DEBUG] [thread-id 1] - Store in: store the value 'false' in the variable 'signInValidated'
2024-09-05 22:42:29.731 [DEBUG] [thread-id 1] - Executing function: 'us.functions.global.authentication.signInAccount'
2024-09-05 22:42:29.733 [DEBUG] [thread-id 1] - Executing function: 'us.functions.global.onboarding.smartLock.DismissNoneOfTheAbove'
2024-09-05 22:42:39.806 [DEBUG] [thread-id 1] - conditionally execute a flow. condition: false
2024-09-05 22:42:49.987 [WARN] [thread-id 1] - variable validateSignInPage was used, but r2 could not find a value for this variable. returning default of null
2024-09-05 22:43:00.232 [DEBUG] [thread-id 1] - Verify identifier: {//android.widget.EditText[@content-desc="Email"]/android.widget.FrameLayout/android.widget.EditText | //android.widget.LinearLayout[@resource-id="com.walmart.android.debug:id/auth_field_login_id"]/android.widget.FrameLayout/android.widget.EditText | //android.widget.EditText[@text="Email"] | //android.widget.LinearLayout[@resource-id="com.walmart.android.debug:id/auth_field_login_id_component"]//android.widget.EditText | //android.widget.LinearLayout[@resource-id="com.walmart.android.debug:id/phone_number_field"]//android.widget.EditText=[true]}
2024-09-05 22:43:00.333 [DEBUG] [thread-id 1] - Enter text: 'paypal1725601115158@walmart.com'
2024-09-05 22:43:02.293 [DEBUG] [thread-id 1] - loop: from 1 to 3
2024-09-05 22:43:03.035 [DEBUG] [thread-id 1] - sleep:  3000 milliseconds
2024-09-05 22:43:06.153 [DEBUG] [thread-id 1] - conditionally execute a flow. condition: true
2024-09-05 22:43:06.373 [DEBUG] [thread-id 1] - Click element: 'com.walmart.android.debug:id/auth_button_main'
2024-09-05 22:43:07.827 [DEBUG] [thread-id 1] - sleep:  5000 milliseconds
2024-09-05 22:43:12.931 [DEBUG] [thread-id 1] - conditionally execute a flow. condition: true
2024-09-05 22:43:13.140 [DEBUG] [thread-id 1] - Click element: 'Enter your password'
2024-09-05 22:43:13.875 [DEBUG] [thread-id 1] - Selected Password Option to Login
2024-09-05 22:43:14.384 [DEBUG] [thread-id 1] - sleep:  5000 milliseconds
2024-09-05 22:43:19.623 [DEBUG] [thread-id 1] - conditionally execute a flow. condition: true
2024-09-05 22:43:19.730 [DEBUG] [thread-id 1] - Store in: store the value 'true' in the variable 'signInValidated'
2024-09-05 22:43:19.851 [DEBUG] [thread-id 1] - conditionally execute a flow. condition: true
2024-09-05 22:43:19.971 [DEBUG] [thread-id 1] - Store in: store the value 'false' in the variable 'signInValidated'
2024-09-05 22:43:20.082 [DEBUG] [thread-id 1] - Email entered
2024-09-05 22:43:40.355 [WARN] [thread-id 1] - variable validateSignInPage was used, but r2 could not find a value for this variable. returning default of null
2024-09-05 22:43:40.357 [DEBUG] [thread-id 1] - loop: from 1 to 3
2024-09-05 22:43:40.458 [DEBUG] [thread-id 1] - sleep:  2000 milliseconds
2024-09-05 22:43:42.589 [DEBUG] [thread-id 1] - conditionally execute a flow. condition: true
2024-09-05 22:43:42.788 [DEBUG] [thread-id 1] - Enter text: 'E2epassword$'
2024-09-05 22:43:45.373 [DEBUG] [thread-id 1] - Press go back key: 'true'
2024-09-05 22:43:46.800 [DEBUG] [thread-id 1] - sleep:  1000 milliseconds
2024-09-05 22:43:48.517 [DEBUG] [thread-id 1] - Click element: 'com.walmart.android.debug:id/auth_button_main'
2024-09-05 22:43:49.690 [DEBUG] [thread-id 1] - Click element: 'com.walmart.android.debug:id/auth_button_main'
2024-09-05 22:43:53.128 [DEBUG] [thread-id 1] - sleep:  5000 milliseconds
2024-09-05 22:43:58.895 [DEBUG] [thread-id 1] - conditionally execute a flow. condition: true
2024-09-05 22:43:59.006 [DEBUG] [thread-id 1] - Store in: store the value 'true' in the variable 'signInValidated'
2024-09-05 22:43:59.130 [DEBUG] [thread-id 1] - Executing function: 'us.functions.global.authentication.handleSomethingWentWrongError'
2024-09-05 22:43:59.131 [DEBUG] [thread-id 1] - sleep:  5000 milliseconds
2024-09-05 22:44:04.137 [DEBUG] [thread-id 1] - loop: from 0 to 3
2024-09-05 22:44:05.600 [DEBUG] [thread-id 1] - 0
2024-09-05 22:44:16.288 [DEBUG] [thread-id 1] - conditionally execute a flow. condition: false
2024-09-05 22:44:16.402 [DEBUG] [thread-id 1] - conditionally execute a flow. condition: true
2024-09-05 22:44:16.521 [DEBUG] [thread-id 1] - Account signed in
2024-09-05 22:44:37.223 [DEBUG] [thread-id 1] - Executing function: 'us.functions.utils.handleCartMergePopup'
2024-09-05 22:44:37.223 [DEBUG] [thread-id 1] - sleep:  7000 milliseconds
2024-09-05 22:44:44.233 [DEBUG] [thread-id 1] - loop: from 0 to 4
2024-09-05 22:44:44.406 [DEBUG] [thread-id 1] - 0
2024-09-05 22:44:54.649 [DEBUG] [thread-id 1] - conditionally execute a flow. condition: false
2024-09-05 22:44:54.884 [DEBUG] [thread-id 1] - No cart merge popup observed
2024-09-05 22:44:55.044 [DEBUG] [thread-id 1] - Executing function: 'us.functions.paypal.changePaymentsButton'
2024-09-05 22:44:55.048 [DEBUG] [thread-id 1] - Executing function: 'us.functions.global.navigation.goToDeepLink'
2024-09-05 22:44:55.048 [DEBUG] [thread-id 1] - Verify value of: '$deepLinkUrl'
2024-09-05 22:44:55.049 [DEBUG] [thread-id 1] - Open link: 'walmart://wallet'
2024-09-05 22:44:55.542 [DEBUG] [thread-id 1] - sleep:  6000 milliseconds
2024-09-05 22:45:01.550 [DEBUG] [thread-id 1] - Scroll: up
2024-09-05 22:45:16.290 [DEBUG] [thread-id 1] - Executing function: 'us.functions.utils.scrollIfNotVisible'
2024-09-05 22:45:16.296 [WARN] [thread-id 1] - variable scrollLimit was used, but r2 could not find a value for this variable. returning default of null
2024-09-05 22:45:16.299 [DEBUG] [thread-id 1] - conditionally execute a flow. condition: true
2024-09-05 22:45:16.453 [DEBUG] [thread-id 1] - Store in: store the value '7' in the variable 'scrollLimit'
2024-09-05 22:45:16.455 [DEBUG] [thread-id 1] - Scroll limit set to - 7
2024-09-05 22:45:16.575 [DEBUG] [thread-id 1] - conditionally execute a flow. condition: true
2024-09-05 22:45:16.702 [DEBUG] [thread-id 1] - Required identifier already displayed
2024-09-05 22:45:16.703 [DEBUG] [thread-id 1] - Resetting scrollPosition variable to default
2024-09-05 22:45:16.703 [DEBUG] [thread-id 1] - Store in: store the value 'null' in the variable 'scrollPosition'
2024-09-05 22:45:16.703 [DEBUG] [thread-id 1] - Store in: store the value 'null' in the variable 'identifierScope'
2024-09-05 22:45:16.704 [DEBUG] [thread-id 1] - Store in: store the value 'null' in the variable 'scrollLimit'
2024-09-05 22:45:16.825 [DEBUG] [thread-id 1] - Click element: '//android.widget.Button[@content-desc="PayPal"]'
2024-09-05 22:45:37.604 [DEBUG] [thread-id 1] - conditionally execute a flow. condition: false
2024-09-05 22:45:37.719 [DEBUG] [thread-id 1] - Executing function: 'us.functions.paypal.logInPage'
2024-09-05 22:45:47.983 [DEBUG] [thread-id 1] - conditionally execute a flow. condition: true
2024-09-05 22:45:48.200 [DEBUG] [thread-id 1] - Click element: '//android.widget.EditText[@resource-id="email"]'
2024-09-05 22:45:50.787 [DEBUG] [thread-id 1] - Enter text: 'pgptest@walmart.com'
2024-09-05 22:45:51.121 [DEBUG] [thread-id 1] - Click element: '//android.widget.Button[@text="Next"]'
2024-09-05 22:45:53.134 [DEBUG] [thread-id 1] - Click element: '//android.widget.EditText[@resource-id="password"]'
2024-09-05 22:45:55.396 [DEBUG] [thread-id 1] - Enter text: 'testing4pgp$'
2024-09-05 22:45:56.279 [DEBUG] [thread-id 1] - Click element: '//android.widget.Button[@text="Log In"]'
2024-09-05 22:45:57.065 [DEBUG] [thread-id 1] - sleep:  5000 milliseconds
2024-09-05 22:46:12.385 [DEBUG] [thread-id 1] - conditionally execute a flow. condition: true
2024-09-05 22:46:12.598 [DEBUG] [thread-id 1] - Click element: '//android.widget.Button[@text="Save and Continue"]'
2024-09-05 22:46:13.464 [DEBUG] [thread-id 1] - sleep:  10000 milliseconds
2024-09-05 22:46:23.474 [DEBUG] [thread-id 1] - sleep:  10000 milliseconds
2024-09-05 22:46:33.481 [DEBUG] [thread-id 1] - Executing function: 'us.functions.paypal.logInPage'
2024-09-05 22:46:53.776 [DEBUG] [thread-id 1] - Executing function: 'us.functions.global.navigation.accountToHomeDeeplink'
2024-09-05 22:46:53.778 [DEBUG] [thread-id 1] - Executing function: 'us.functions.global.navigation.goToDeepLink'
2024-09-05 22:46:53.779 [DEBUG] [thread-id 1] - Verify value of: '$deepLinkUrl'
2024-09-05 22:46:53.779 [DEBUG] [thread-id 1] - Open link: 'walmart://home'
2024-09-05 22:46:53.945 [DEBUG] [thread-id 1] - sleep:  4000 milliseconds
2024-09-05 22:46:57.948 [DEBUG] [thread-id 1] - Executing function: 'us.functions.home.closeWPlusPromotionPopUpIfDisplayed'
2024-09-05 22:46:57.948 [DEBUG] [thread-id 1] - sleep:  6000 milliseconds
2024-09-05 22:47:13.963 [DEBUG] [thread-id 1] - Executing function: 'us.functions.home.setStore'
2024-09-05 22:47:13.964 [DEBUG] [thread-id 1] - conditionally execute a flow. condition: true
2024-09-05 22:47:14.118 [DEBUG] [thread-id 1] - Store in: store the value '95122' in the variable 'zipcode'
2024-09-05 22:47:24.377 [DEBUG] [thread-id 1] - conditionally execute a flow. condition: false
2024-09-05 22:47:24.515 [DEBUG] [thread-id 1] - Executing function: 'us.functions.home.changeStore'
2024-09-05 22:47:24.641 [DEBUG] [thread-id 1] - conditionally execute a flow. condition: true
2024-09-05 22:47:25.705 [DEBUG] [thread-id 1] - Click element: '//android.widget.ImageView[contains(@resource-id, "com.walmart.android.debug:id/global_intent_center_collapsed_chevron") and (contains(@content-desc,"collapsed") or contains(@content-desc,"collapse"))]'
2024-09-05 22:47:27.142 [WARN] [thread-id 1] - variable storeOnly was used, but r2 could not find a value for this variable. returning default of null
2024-09-05 22:47:27.144 [DEBUG] [thread-id 1] - conditionally execute a flow. condition: true
2024-09-05 22:47:37.535 [DEBUG] [thread-id 1] - conditionally execute a flow. condition: false
2024-09-05 22:47:47.667 [DEBUG] [thread-id 1] - Click element: '//android.widget.ImageView[contains(@content-desc, "Pickup") and contains(@content-desc, "2 of 3")] | //*[@resource-id = "com.walmart.android.debug:id/card_btn_hot_pickup"]'
2024-09-05 22:47:48.304 [WARN] [thread-id 1] - variable driverpopup was used, but r2 could not find a value for this variable. returning default of null
2024-09-05 22:47:58.341 [DEBUG] [thread-id 1] - sleep:  2000 milliseconds
2024-09-05 22:48:00.348 [DEBUG] [thread-id 1] - Executing function: 'us.functions.home.closeWPlusPromotionPopUpIfDisplayed'
2024-09-05 22:48:00.349 [DEBUG] [thread-id 1] - sleep:  6000 milliseconds
2024-09-05 22:48:30.950 [DEBUG] [thread-id 1] - Click element: '//*[contains(@resource-id, "global_intent_center_expanded_view")]//androidx.cardview.widget.CardView[contains(@resource-id, "global_intent_center_expanded_large_card")][position()=last()]//*[contains(@resource-id, "global_intent_center_large_card_chevron")] | //*[@resource-id="com.walmart.android.debug:id/gic_hot_pickup_card"]//*[@resource-id = "com.walmart.android.debug:id/gic_hot_card_content"]'
2024-09-05 22:48:31.604 [DEBUG] [thread-id 1] - --- Selecting the store ---
2024-09-05 22:48:53.755 [DEBUG] [thread-id 1] - conditionally execute a flow. condition: false
2024-09-05 22:49:15.452 [DEBUG] [thread-id 1] - Enter text: '95122'
2024-09-05 22:50:50.253 [DEBUG] [thread-id 1] - Click element with offset: '//*[@resource-id="com.walmart.android.debug:id/storeslector_access_points_recycler_view"]/android.view.ViewGroup[1]'
2024-09-05 22:50:51.292 [DEBUG] [thread-id 1] - Click element with offset: '//*[@resource-id="com.walmart.android.debug:id/storeslector_access_points_recycler_view"]/android.view.ViewGroup[1]'
2024-09-05 22:50:52.179 [DEBUG] [thread-id 1] - Click element with offset: '//*[@resource-id="com.walmart.android.debug:id/storeslector_access_points_recycler_view"]/android.view.ViewGroup[1]'
2024-09-05 22:50:52.992 [DEBUG] [thread-id 1] - Click element with offset: '//*[@resource-id="com.walmart.android.debug:id/storeslector_access_points_recycler_view"]/android.view.ViewGroup[1]'
2024-09-05 22:50:53.831 [DEBUG] [thread-id 1] - Click element with offset: '//*[@resource-id="com.walmart.android.debug:id/storeslector_access_points_recycler_view"]/android.view.ViewGroup[1]'
2024-09-05 22:50:54.660 [DEBUG] [thread-id 1] - Click element with offset: '//*[@resource-id="com.walmart.android.debug:id/storeslector_access_points_recycler_view"]/android.view.ViewGroup[1]'
2024-09-05 22:50:55.501 [DEBUG] [thread-id 1] - Click element with offset: '//*[@resource-id="com.walmart.android.debug:id/storeslector_access_points_recycler_view"]/android.view.ViewGroup[1]'
2024-09-05 22:50:56.321 [DEBUG] [thread-id 1] - Click element with offset: '//*[@resource-id="com.walmart.android.debug:id/storeslector_access_points_recycler_view"]/android.view.ViewGroup[1]'
2024-09-05 22:50:57.150 [DEBUG] [thread-id 1] - Click element with offset: '//*[@resource-id="com.walmart.android.debug:id/storeslector_access_points_recycler_view"]/android.view.ViewGroup[1]'
2024-09-05 22:50:57.985 [DEBUG] [thread-id 1] - Click element with offset: '//*[@resource-id="com.walmart.android.debug:id/storeslector_access_points_recycler_view"]/android.view.ViewGroup[1]'
2024-09-05 22:50:58.804 [DEBUG] [thread-id 1] - Click element with offset: '//*[@resource-id="com.walmart.android.debug:id/storeslector_access_points_recycler_view"]/android.view.ViewGroup[1]'
2024-09-05 22:50:59.611 [DEBUG] [thread-id 1] - Click element with offset: '//*[@resource-id="com.walmart.android.debug:id/storeslector_access_points_recycler_view"]/android.view.ViewGroup[1]'
2024-09-05 22:51:00.478 [DEBUG] [thread-id 1] - Click element with offset: '//*[@resource-id="com.walmart.android.debug:id/storeslector_access_points_recycler_view"]/android.view.ViewGroup[1]'
2024-09-05 22:51:01.532 [DEBUG] [thread-id 1] - Click element with offset: '//*[@resource-id="com.walmart.android.debug:id/storeslector_access_points_recycler_view"]/android.view.ViewGroup[1]'
2024-09-05 22:51:02.366 [DEBUG] [thread-id 1] - Click element with offset: '//*[@resource-id="com.walmart.android.debug:id/storeslector_access_points_recycler_view"]/android.view.ViewGroup[1]'
2024-09-05 22:51:03.160 [DEBUG] [thread-id 1] - Click element with offset: '//*[@resource-id="com.walmart.android.debug:id/storeslector_access_points_recycler_view"]/android.view.ViewGroup[1]'
2024-09-05 22:51:03.993 [DEBUG] [thread-id 1] - Click element with offset: '//*[@resource-id="com.walmart.android.debug:id/storeslector_access_points_recycler_view"]/android.view.ViewGroup[1]'
2024-09-05 22:51:04.824 [DEBUG] [thread-id 1] - Click element with offset: '//*[@resource-id="com.walmart.android.debug:id/storeslector_access_points_recycler_view"]/android.view.ViewGroup[1]'
2024-09-05 22:51:05.663 [DEBUG] [thread-id 1] - Click element with offset: '//*[@resource-id="com.walmart.android.debug:id/storeslector_access_points_recycler_view"]/android.view.ViewGroup[1]'
2024-09-05 22:51:06.488 [DEBUG] [thread-id 1] - Click element with offset: '//*[@resource-id="com.walmart.android.debug:id/storeslector_access_points_recycler_view"]/android.view.ViewGroup[1]'
2024-09-05 22:51:07.301 [DEBUG] [thread-id 1] - Click element with offset: '//*[@resource-id="com.walmart.android.debug:id/storeslector_access_points_recycler_view"]/android.view.ViewGroup[1]'
2024-09-05 22:51:08.165 [DEBUG] [thread-id 1] - Click element with offset: '//*[@resource-id="com.walmart.android.debug:id/storeslector_access_points_recycler_view"]/android.view.ViewGroup[1]'
2024-09-05 22:51:09.974 [DEBUG] [thread-id 1] - Main failed: Cannot click '//*[@resource-id="com.walmart.android.debug:id/storeslector_access_points_recycler_view"]/android.view.ViewGroup[1]'
2024-09-05 22:51:10.245 [DEBUG] [thread-id 1] - Executing scenario: 'After'
2024-09-05 22:51:10.246 [DEBUG] [thread-id 1] - Executing function: 'us.functions.utils.afterSteps'
2024-09-05 22:51:10.247 [WARN] [thread-id 1] - variable testStatus was used, but r2 could not find a value for this variable. returning default of null
2024-09-05 22:51:10.247 [DEBUG] [thread-id 1] - conditionally execute a flow. condition: false
2024-09-05 22:51:10.361 [DEBUG] [thread-id 1] - Test failed
2024-09-05 22:51:12.560 [DEBUG] [thread-id 1] - Created report: /Users/m0k0a2f/glass-automation/report/index.html
