2024-03-01 13:58:32.763 [DEBUG] [thread-id 1] - Executing R2 3.38.1: '/Users/m0k0a2f/glass-automation/./us/test/test-scripts/ios/prod-flows/Ecomm-And-Fulfillment-Flows/mixed-fulfillment-flows/C2662263-combined-purhcase-sc-pickup+fc+mp+digital-delivery+3p-giftcard.yaml' on device: 'iPhone 14'
2024-03-01 13:59:49.012 [DEBUG] [thread-id 1] - Executing scenario: 'Before'
2024-03-01 13:59:49.014 [DEBUG] [thread-id 1] - R2_SUBFLOW_PRE_TRANSACTION
2024-03-01 13:59:49.222 [DEBUG] [thread-id 1] - Using us-errors-helpers.yaml
2024-03-01 13:59:49.408 [DEBUG] [thread-id 1] - PRE_TRANSACTION
2024-03-01 13:59:49.409 [DEBUG] [thread-id 1] - Start Main
2024-03-01 13:59:49.411 [DEBUG] [thread-id 1] - Executing function: 'us.functions.global.onboarding.navigateOnboardingToHome'
2024-03-01 13:59:49.413 [DEBUG] [thread-id 1] - Executing function: 'us.function.utils.getEnvironmentValue'
2024-03-01 13:59:49.413 [DEBUG] [thread-id 1] - Store in: store the value 'production' in the variable 'env'
2024-03-01 13:59:49.414 [DEBUG] [thread-id 1] - Timestamp: 1709330389414
2024-03-01 13:59:49.423 [DEBUG] [thread-id 1] - Welcome screen loaded
2024-03-01 13:59:49.562 [DEBUG] [thread-id 1] - Verify identifier: {//XCUIElementTypeButton[@name="SignUpNudgeWelcomeViewController.bodyLabel"]=[true]}
2024-03-01 13:59:59.568 [DEBUG] [thread-id 1] - conditionally execute a flow. condition: false
2024-03-01 13:59:59.767 [DEBUG] [thread-id 1] - Click element: 'cta.cancel.welcome'
2024-03-01 14:00:00.270 [DEBUG] [thread-id 1] - Notifiction Prompt screen loaded
2024-03-01 14:00:00.913 [DEBUG] [thread-id 1] - Verify identifier: {NotificationPermissionViewController.titleLabel=[true]}
2024-03-01 14:00:00.977 [DEBUG] [thread-id 1] - Click element: 'cta.cancel.notifications'
2024-03-01 14:00:01.437 [DEBUG] [thread-id 1] - location screen loaded
2024-03-01 14:00:01.650 [DEBUG] [thread-id 1] - Verify identifier: {LocationPermissionViewController.titleLabel=[true], LocationPermissionViewController.bodyLabel=[true]}
2024-03-01 14:00:01.721 [DEBUG] [thread-id 1] - Click element: 'cta.cancel.location'
2024-03-01 14:00:02.416 [DEBUG] [thread-id 1] - Verify identifier: {label.postal-code-entry=[true]}
2024-03-01 14:00:02.481 [DEBUG] [thread-id 1] - Enter text: '95122'
2024-03-01 14:00:04.657 [DEBUG] [thread-id 1] - Click element: 'cta.continue'
2024-03-01 14:00:05.185 [DEBUG] [thread-id 1] - sleep:  3000 milliseconds
2024-03-01 14:00:08.194 [DEBUG] [thread-id 1] - loop: from 0 to 3
2024-03-01 14:00:08.495 [DEBUG] [thread-id 1] - 0
2024-03-01 14:00:19.032 [DEBUG] [thread-id 1] - conditionally execute a flow. condition: false
2024-03-01 14:00:29.492 [DEBUG] [thread-id 1] - Observed IDFA Sscreen
2024-03-01 14:00:29.752 [DEBUG] [thread-id 1] - conditionally execute a flow. condition: true
2024-03-01 14:00:30.014 [DEBUG] [thread-id 1] - Verify identifier: {ATTPermissionViewController.titleLabel=[true], ATTPermissionViewController.bodyLabel=[true]}
2024-03-01 14:00:30.332 [DEBUG] [thread-id 1] - Click element: 'cta.continue.location'
2024-03-01 14:00:33.488 [DEBUG] [thread-id 1] - Click element: '//XCUIElementTypeButton[@name="Ask App Not to Track"] | //XCUIElementTypeButton[@name="Solicitar a la app no rastrear"]'
2024-03-01 14:00:44.811 [DEBUG] [thread-id 1] - conditionally execute a flow. condition: false
2024-03-01 14:00:45.836 [DEBUG] [thread-id 1] - modal is not displayed
2024-03-01 14:00:57.126 [DEBUG] [thread-id 1] - Executing function: 'us.functions.gic.collapseIfExpanded'
2024-03-01 14:00:59.731 [DEBUG] [thread-id 1] - GIC already collapsed
2024-03-01 14:00:59.735 [DEBUG] [thread-id 1] - Executing function: 'us.functions.home.navigateHomeToSignIn'
2024-03-01 14:00:59.735 [DEBUG] [thread-id 1] - sleep:  3000 milliseconds
2024-03-01 14:01:14.367 [DEBUG] [thread-id 1] - Click element: 'tab-account-unselected'
2024-03-01 14:01:15.941 [DEBUG] [thread-id 1] - Verify identifier: {SignInYourAccountTableViewCell.signInButton=[true]}
2024-03-01 14:01:15.941 [DEBUG] [thread-id 1] - loop: from 1 to 3
2024-03-01 14:01:16.631 [DEBUG] [thread-id 1] - conditionally execute a flow. condition: true
2024-03-01 14:01:17.430 [DEBUG] [thread-id 1] - Click element: 'SignInYourAccountTableViewCell.signInButton'
2024-03-01 14:01:21.563 [DEBUG] [thread-id 1] - Verify identifier: {WelcomeView.emailField=[true]}
2024-03-01 14:01:23.212 [DEBUG] [thread-id 1] - Store in: store the value 'true' in the variable 'signInValidated'
2024-03-01 14:01:24.864 [DEBUG] [thread-id 1] - conditionally execute a flow. condition: true
2024-03-01 14:01:26.492 [DEBUG] [thread-id 1] - SignIn page loaded
2024-03-01 14:01:28.145 [DEBUG] [thread-id 1] - Store in: store the value 'false' in the variable 'signInValidated'
2024-03-01 14:01:28.150 [DEBUG] [thread-id 1] - Executing function: 'us.functions.global.authentication.signInAccount'
2024-03-01 14:01:29.832 [DEBUG] [thread-id 1] - Verify identifier: {WelcomeView.emailField=[true]}
2024-03-01 14:01:30.060 [DEBUG] [thread-id 1] - Enter text: 'prod.ios.ilccflow@cloudtest.org'
2024-03-01 14:01:32.139 [DEBUG] [thread-id 1] - Click element: 'WelcomeView.ctaButton'
2024-03-01 14:01:45.682 [DEBUG] [thread-id 1] - conditionally execute a flow. condition: true
2024-03-01 14:01:47.675 [DEBUG] [thread-id 1] - Click element: 'OTPView.passwordOptionStackView'
2024-03-01 14:01:50.435 [DEBUG] [thread-id 1] - Verify identifier: {OTPView.passwordTextField=[true]}
2024-03-01 14:01:50.674 [DEBUG] [thread-id 1] - Enter text: 'E2epassword'
2024-03-01 14:01:52.407 [DEBUG] [thread-id 1] - Click element: 'OTPView.ctaButton'
2024-03-01 14:02:19.216 [DEBUG] [thread-id 1] - conditionally execute a flow. condition: true
2024-03-01 14:02:21.712 [DEBUG] [thread-id 1] - Click element: 'Don’t Allow'
2024-03-01 14:02:22.441 [DEBUG] [thread-id 1] - Executing function: 'us.test.functions.utils.closeWplusPrompt.homeScreen'
2024-03-01 14:02:33.197 [DEBUG] [thread-id 1] - conditionally execute a flow. condition: false
2024-03-01 14:02:34.285 [DEBUG] [thread-id 1] - W+ Plus membership prompt is not present nothing to close continue
2024-03-01 14:02:34.295 [DEBUG] [thread-id 1] - Executing function: 'us.functions.utils.handleCartMergePopup'
2024-03-01 14:02:34.295 [DEBUG] [thread-id 1] - loop: from 0 to 4
2024-03-01 14:02:35.384 [DEBUG] [thread-id 1] - 0
2024-03-01 14:02:42.452 [DEBUG] [thread-id 1] - No Technical Error Page observed
2024-03-01 14:02:43.557 [DEBUG] [thread-id 1] - sleep:  1000 milliseconds
2024-03-01 14:02:55.055 [DEBUG] [thread-id 1] - Executing function: 'us.functions.home.setStore'
2024-03-01 14:02:55.056 [WARN] [thread-id 1] - variable store was used, but r2 could not find a value for this variable. returning default of null
2024-03-01 14:02:55.057 [DEBUG] [thread-id 1] - Executing function: 'us.functions.global.navigation.goToDeepLink'
2024-03-01 14:02:55.058 [DEBUG] [thread-id 1] - Verify value of: '$deepLinkUrl'
2024-03-01 14:02:55.059 [DEBUG] [thread-id 1] - Open link: 'walmart://expo?expo_preview=true&experiment_spec=zef8u&variation_specs=wtDwX&experiment_count=0'
2024-03-01 14:02:56.637 [DEBUG] [thread-id 1] - Executing function: 'us.functions.global.navigation.openDeepLink'
2024-03-01 14:03:01.278 [DEBUG] [thread-id 1] - Deeplink pop up not displayed
2024-03-01 14:03:01.291 [DEBUG] [thread-id 1] - Executing function: 'us.functions.global.navigation.accountToHome'
2024-03-01 14:03:01.291 [DEBUG] [thread-id 1] - Verify identifier: {Shop=[true]}
2024-03-01 14:03:01.291 [DEBUG] [thread-id 1] - sleep:  2000 milliseconds
2024-03-01 14:03:03.563 [DEBUG] [thread-id 1] - Click element: 'Shop'
2024-03-01 14:03:04.921 [DEBUG] [thread-id 1] - Executing function: 'us.functions.home.closeWPlusPromotionPopUpIfDisplayed'
2024-03-01 14:03:15.010 [DEBUG] [thread-id 1] - No Wplus pop up displayed
2024-03-01 14:03:16.053 [DEBUG] [thread-id 1] - Verify identifier: {Search Walmart=[true]}
2024-03-01 14:03:16.054 [DEBUG] [thread-id 1] - Executing function: 'us.functions.global.navigation.toCartFromNavBar'
2024-03-01 14:03:16.616 [DEBUG] [thread-id 1] - Verify identifier: {//XCUIElementTypeButton[contains(@label, "Your cart")] | //XCUIElementTypeButton[(@name="SearchResultsViewController.cartButton") or (contains(@label,"Your cart contains") and contains(@label,"The estimated total is")) or (@label="Your cart is empty")]=[true]}
2024-03-01 14:03:17.184 [DEBUG] [thread-id 1] - Click element: '//XCUIElementTypeButton[contains(@label, "Your cart")] | //XCUIElementTypeButton[(@name="SearchResultsViewController.cartButton") or (contains(@label,"Your cart contains") and contains(@label,"The estimated total is")) or (@label="Your cart is empty")]'
2024-03-01 14:03:24.647 [DEBUG] [thread-id 1] - Verify identifier: {//XCUIElementTypeStaticText[@name="CartDetailsViewController.headerCartLabel"] | //XCUIElementTypeStaticText[@name="CartEmptyStateViewController.titleLabel" and not(contains(@label,"We're sorry!"))]=[true]}
2024-03-01 14:03:24.657 [DEBUG] [thread-id 1] - Executing function: 'us.functions.cart.removeAllCartItems'
2024-03-01 14:03:24.657 [DEBUG] [thread-id 1] - Executing function: 'us.functions.cart.storeChangePopUp'
2024-03-01 14:03:35.518 [DEBUG] [thread-id 1] - Executing function: 'us.functions.cart.seeDetails'
2024-03-01 14:03:35.519 [DEBUG] [thread-id 1] - loop: from 0 to 5
2024-03-01 14:03:37.691 [DEBUG] [thread-id 1] - 0
2024-03-01 14:03:45.533 [DEBUG] [thread-id 1] - No See details in Cart
2024-03-01 14:03:47.674 [DEBUG] [thread-id 1] - loop: from 0 to 11
2024-03-01 14:03:49.819 [DEBUG] [thread-id 1] - 0
2024-03-01 14:03:51.966 [DEBUG] [thread-id 1] - Executing function: 'us.functions.cart.storeChangePopUp'
2024-03-01 14:04:04.955 [DEBUG] [thread-id 1] - Executing function: 'us.functions.cart.walmartAssistantPopup'
2024-03-01 14:04:22.413 [DEBUG] [thread-id 1] - Smart Budge view not displayed
2024-03-01 14:04:30.204 [DEBUG] [thread-id 1] - No Items in Cart to Remove
2024-03-01 14:04:32.364 [DEBUG] [thread-id 1] - Executing function: 'us.functions.cart.removeUnavailableItemsFromCart'
2024-03-01 14:04:43.000 [DEBUG] [thread-id 1] - Executing function: 'us.functions.global.navigation.backNavigation'
2024-03-01 14:04:43.000 [DEBUG] [thread-id 1] - sleep:  3000 milliseconds
2024-03-01 14:04:50.567 [DEBUG] [thread-id 1] - Click element: '//XCUIElementTypeButton[@name="Back" or @label="Back"] | //XCUIElementTypeButton[@name="Shop"] | //XCUIElementTypeButton[@name="Home"]| //XCUIElementTypeButton[@name="Registries"] | //XCUIElementTypeButton[@name="My Items"] | //XCUIElementTypeNavigationBar[@name="Cart"]/XCUIElementTypeButton[contains(@name,"Search")]'
2024-03-01 14:04:51.445 [DEBUG] [thread-id 1] - Executing function: 'us.functions.global.navigation.goToDeepLink'
2024-03-01 14:04:51.446 [DEBUG] [thread-id 1] - Verify value of: '$deepLinkUrl'
2024-03-01 14:04:51.446 [DEBUG] [thread-id 1] - Open link: 'walmart://item/1294166088'
2024-03-01 14:05:17.895 [DEBUG] [thread-id 1] - Deeplink pop up not displayed
2024-03-01 14:05:17.904 [DEBUG] [thread-id 1] - Executing function: 'us.functions.item.addItemToCart'
2024-03-01 14:05:27.072 [DEBUG] [thread-id 1] - Verify identifier: {stepper.mainButton=[true]}
2024-03-01 14:05:38.107 [DEBUG] [thread-id 1] - Click element: 'stepper.mainButton'
2024-03-01 14:06:15.302 [WARN] [thread-id 1] - variable qty was used, but r2 could not find a value for this variable. returning default of null
2024-03-01 14:06:15.303 [WARN] [thread-id 1] - variable qty was used, but r2 could not find a value for this variable. returning default of null
2024-03-01 14:06:25.145 [DEBUG] [thread-id 1] - Verify identifier: {//XCUIElementTypeStaticText[@name="1 added"]| //XCUIElementTypeOther[@name="add-to-cart-button"] | //XCUIElementTypeStaticText[@label="null"] | Max 1=[true]}
2024-03-01 14:06:25.147 [WARN] [thread-id 1] - variable skipPostAddToCartSteps was used, but r2 could not find a value for this variable. returning default of null
2024-03-01 14:06:25.148 [DEBUG] [thread-id 1] - conditionally execute a flow. condition: true
2024-03-01 14:06:40.676 [DEBUG] [thread-id 1] - Executing function: 'us.functions.item.postAddToCartSteps'
2024-03-01 14:07:19.438 [DEBUG] [thread-id 1] - No ACC pop up screen displayed
2024-03-01 14:07:43.576 [DEBUG] [thread-id 1] - Click element: '//XCUIElementTypeButton[@name="Close"]'
2024-03-01 14:08:03.719 [DEBUG] [thread-id 1] - Click element: '//XCUIElementTypeButton[@name="Close"] | //XCUIElementTypeButton[@label="Close"]'
2024-03-01 14:08:06.460 [DEBUG] [thread-id 1] - Executing function: 'us.functions.item.closeItemPage'
2024-03-01 14:08:27.915 [DEBUG] [thread-id 1] - PAC not found
2024-03-01 14:08:49.834 [DEBUG] [thread-id 1] - Item page closed
2024-03-01 14:08:50.876 [WARN] [thread-id 1] - break reached without loop, this may be an error in your flow.
2024-03-01 14:08:51.934 [DEBUG] [thread-id 1] - Verify identifier: {Your cart is empty=[true]}
2024-03-01 14:08:51.934 [DEBUG] [thread-id 1] - Store in: store the value 'false' in the variable 'skipPostAddToCartSteps'
2024-03-01 14:08:51.935 [DEBUG] [thread-id 1] - Store in: store the value 'false' in the variable 'apiFetch'
2024-03-01 14:08:51.935 [DEBUG] [thread-id 1] - Store in: store the value 'null' in the variable 'itemDataDetails'
2024-03-01 14:08:51.936 [DEBUG] [thread-id 1] - Executing function: 'us.functions.global.navigation.goToDeepLink'
2024-03-01 14:08:51.936 [DEBUG] [thread-id 1] - Verify value of: '$deepLinkUrl'
2024-03-01 14:08:51.937 [DEBUG] [thread-id 1] - Open link: 'walmart://item/1973300922'
2024-03-01 14:09:14.069 [DEBUG] [thread-id 1] - Deeplink pop up not displayed
2024-03-01 14:09:14.082 [DEBUG] [thread-id 1] - Executing function: 'us.functions.item.addItemToCart'
2024-03-01 14:09:22.464 [DEBUG] [thread-id 1] - Verify identifier: {stepper.mainButton=[true]}
2024-03-01 14:09:32.436 [DEBUG] [thread-id 1] - Click element: 'stepper.mainButton'
2024-03-01 14:10:06.510 [WARN] [thread-id 1] - variable qty was used, but r2 could not find a value for this variable. returning default of null
2024-03-01 14:10:06.510 [WARN] [thread-id 1] - variable qty was used, but r2 could not find a value for this variable. returning default of null
2024-03-01 14:10:15.347 [DEBUG] [thread-id 1] - Verify identifier: {//XCUIElementTypeStaticText[@name="1 added"]| //XCUIElementTypeOther[@name="add-to-cart-button"] | //XCUIElementTypeStaticText[@label="null"] | Max 1=[true]}
2024-03-01 14:10:15.349 [DEBUG] [thread-id 1] - conditionally execute a flow. condition: true
2024-03-01 14:11:05.194 [DEBUG] [thread-id 1] - No ACC pop up screen displayed
2024-03-01 14:11:27.717 [DEBUG] [thread-id 1] - Click element: '//XCUIElementTypeButton[@name="Close"]'
2024-03-01 14:11:46.100 [DEBUG] [thread-id 1] - Click element: '//XCUIElementTypeButton[@name="Close"] | //XCUIElementTypeButton[@label="Close"]'
2024-03-01 14:12:09.927 [DEBUG] [thread-id 1] - PAC not found
2024-03-01 14:12:31.809 [DEBUG] [thread-id 1] - Item page closed
2024-03-01 14:12:32.872 [WARN] [thread-id 1] - break reached without loop, this may be an error in your flow.
2024-03-01 14:12:32.881 [DEBUG] [thread-id 1] - Verify identifier: {Your cart is empty=[true]}
2024-03-01 14:12:32.882 [DEBUG] [thread-id 1] - Store in: store the value 'false' in the variable 'skipPostAddToCartSteps'
2024-03-01 14:12:32.882 [DEBUG] [thread-id 1] - Store in: store the value 'false' in the variable 'apiFetch'
2024-03-01 14:12:32.882 [DEBUG] [thread-id 1] - Store in: store the value 'null' in the variable 'itemDataDetails'
2024-03-01 14:12:32.882 [DEBUG] [thread-id 1] - Executing function: 'us.functions.gic.changeFulfillment'
2024-03-01 14:12:32.883 [DEBUG] [thread-id 1] - Executing function: 'us.functions.gic.expandIfCollapsed'
2024-03-01 14:12:34.575 [DEBUG] [thread-id 1] - Verify identifier: {//*[contains(@label,"Collapsed")] | //*[contains(@name,"Collapsed")]=[true]}
2024-03-01 14:12:36.340 [DEBUG] [thread-id 1] - Click element: '//*[contains(@label,"Collapsed")] | //*[contains(@name,"Collapsed")]'
2024-03-01 14:12:36.973 [DEBUG] [thread-id 1] - Executing function: 'us.functions.gic.setFulfillment'
2024-03-01 14:12:47.321 [DEBUG] [thread-id 1] - conditionally execute a flow. condition: false
2024-03-01 14:12:50.033 [DEBUG] [thread-id 1] - Click element: '//XCUIElementTypeButton[@name="GlobalIntentCenter.Shipping"] | //XCUIElementTypeButton[contains(@name, "Shipping") ]'
2024-03-01 14:12:51.260 [DEBUG] [thread-id 1] - Shipping intent selected
2024-03-01 14:12:51.966 [DEBUG] [thread-id 1] - sleep:  3000 milliseconds
2024-03-01 14:12:55.000 [DEBUG] [thread-id 1] - Executing function: 'us.functions.gic.collapseIfExpanded'
2024-03-01 14:12:56.081 [DEBUG] [thread-id 1] - Verify identifier: {//*[contains(@label,"Expanded")] | //*[contains(@name,"Expanded")]=[true]}
2024-03-01 14:12:56.745 [DEBUG] [thread-id 1] - Collapsing GIC screen
2024-03-01 14:12:57.796 [DEBUG] [thread-id 1] - Click element: '//*[contains(@label,"Expanded")] | //*[contains(@name,"Expanded")]'
2024-03-01 14:12:58.336 [DEBUG] [thread-id 1] - Executing function: 'us.functions.global.navigation.goToDeepLink'
2024-03-01 14:12:58.336 [DEBUG] [thread-id 1] - Verify value of: '$deepLinkUrl'
2024-03-01 14:12:58.337 [DEBUG] [thread-id 1] - Open link: 'walmart://item/822836388'
2024-03-01 14:13:31.255 [DEBUG] [thread-id 1] - Deeplink pop up not displayed
2024-03-01 14:13:31.267 [DEBUG] [thread-id 1] - Executing function: 'us.functions.item.addItemToCart'
2024-03-01 14:13:45.889 [DEBUG] [thread-id 1] - Verify identifier: {stepper.mainButton=[true]}
2024-03-01 14:14:04.003 [DEBUG] [thread-id 1] - Click element: 'stepper.mainButton'
2024-03-01 14:14:43.104 [WARN] [thread-id 1] - variable qty was used, but r2 could not find a value for this variable. returning default of null
2024-03-01 14:14:43.105 [WARN] [thread-id 1] - variable qty was used, but r2 could not find a value for this variable. returning default of null
2024-03-01 14:14:52.511 [DEBUG] [thread-id 1] - Verify identifier: {//XCUIElementTypeStaticText[@name="1 added"]| //XCUIElementTypeOther[@name="add-to-cart-button"] | //XCUIElementTypeStaticText[@label="null"] | Max 1=[true]}
2024-03-01 14:14:52.512 [DEBUG] [thread-id 1] - conditionally execute a flow. condition: true
2024-03-01 14:15:45.157 [DEBUG] [thread-id 1] - No ACC pop up screen displayed
2024-03-01 14:16:09.626 [DEBUG] [thread-id 1] - Click element: '//XCUIElementTypeButton[@name="Close"]'
2024-03-01 14:16:57.699 [DEBUG] [thread-id 1] - Click element: '//XCUIElementTypeButton[@name="Close"] | //XCUIElementTypeButton[@label="Close"]'
2024-03-01 14:17:48.561 [DEBUG] [thread-id 1] - Click element: '//XCUIElementTypeButton[@name="Close"] | //XCUIElementTypeButton[@name="AOSBottomSheetViewController_itemDetailCloseButton"] | //XCUIElementTypeButton[@name="MultisellerMPATCBottomSheet.closeXButton"]'
2024-03-01 14:18:12.559 [DEBUG] [thread-id 1] - Click element: 'ItemDetailsViewController_itemDetailCloseButton'
2024-03-01 14:18:21.052 [DEBUG] [thread-id 1] - Verify identifier: {Your cart is empty=[true]}
2024-03-01 14:18:21.052 [DEBUG] [thread-id 1] - Store in: store the value 'false' in the variable 'skipPostAddToCartSteps'
2024-03-01 14:18:21.052 [DEBUG] [thread-id 1] - Store in: store the value 'false' in the variable 'apiFetch'
2024-03-01 14:18:21.052 [DEBUG] [thread-id 1] - Store in: store the value 'null' in the variable 'itemDataDetails'
2024-03-01 14:18:21.054 [DEBUG] [thread-id 1] - Executing function: 'us.functions.global.navigation.goToDeepLink'
2024-03-01 14:18:21.055 [DEBUG] [thread-id 1] - Verify value of: '$deepLinkUrl'
2024-03-01 14:18:21.055 [DEBUG] [thread-id 1] - Open link: 'walmart://item/587182688'
2024-03-01 14:18:54.839 [DEBUG] [thread-id 1] - Deeplink pop up not displayed
2024-03-01 14:18:54.851 [DEBUG] [thread-id 1] - Executing function: 'us.functions.item.addItemToCart'
2024-03-01 14:19:10.643 [DEBUG] [thread-id 1] - Verify identifier: {stepper.mainButton=[true]}
2024-03-01 14:19:29.311 [DEBUG] [thread-id 1] - Click element: 'stepper.mainButton'
2024-03-01 14:20:09.318 [WARN] [thread-id 1] - variable qty was used, but r2 could not find a value for this variable. returning default of null
2024-03-01 14:20:09.320 [WARN] [thread-id 1] - variable qty was used, but r2 could not find a value for this variable. returning default of null
2024-03-01 14:20:19.089 [DEBUG] [thread-id 1] - Verify identifier: {//XCUIElementTypeStaticText[@name="1 added"]| //XCUIElementTypeOther[@name="add-to-cart-button"] | //XCUIElementTypeStaticText[@label="null"] | Max 1=[true]}
2024-03-01 14:20:19.092 [DEBUG] [thread-id 1] - conditionally execute a flow. condition: true
2024-03-01 14:21:14.389 [DEBUG] [thread-id 1] - No ACC pop up screen displayed
2024-03-01 14:21:38.926 [DEBUG] [thread-id 1] - Click element: '//XCUIElementTypeButton[@name="Close"]'
2024-03-01 14:22:29.200 [DEBUG] [thread-id 1] - Click element: '//XCUIElementTypeButton[@name="Close"] | //XCUIElementTypeButton[@label="Close"]'
2024-03-01 14:23:22.885 [DEBUG] [thread-id 1] - Click element: '//XCUIElementTypeButton[@name="Close"] | //XCUIElementTypeButton[@name="AOSBottomSheetViewController_itemDetailCloseButton"] | //XCUIElementTypeButton[@name="MultisellerMPATCBottomSheet.closeXButton"]'
2024-03-01 14:23:47.827 [DEBUG] [thread-id 1] - Click element: 'ItemDetailsViewController_itemDetailCloseButton'
2024-03-01 14:23:56.552 [DEBUG] [thread-id 1] - Verify identifier: {Your cart is empty=[true]}
2024-03-01 14:23:56.552 [DEBUG] [thread-id 1] - Store in: store the value 'false' in the variable 'skipPostAddToCartSteps'
2024-03-01 14:23:56.552 [DEBUG] [thread-id 1] - Store in: store the value 'false' in the variable 'apiFetch'
2024-03-01 14:23:56.553 [DEBUG] [thread-id 1] - Store in: store the value 'null' in the variable 'itemDataDetails'
2024-03-01 14:23:56.553 [DEBUG] [thread-id 1] - Executing function: 'us.functions.gic.changeFulfillment'
2024-03-01 14:23:58.998 [DEBUG] [thread-id 1] - Verify identifier: {//*[contains(@label,"Collapsed")] | //*[contains(@name,"Collapsed")]=[true]}
2024-03-01 14:24:00.700 [DEBUG] [thread-id 1] - Click element: '//*[contains(@label,"Collapsed")] | //*[contains(@name,"Collapsed")]'
2024-03-01 14:24:11.876 [DEBUG] [thread-id 1] - conditionally execute a flow. condition: false
2024-03-01 14:24:14.483 [DEBUG] [thread-id 1] - Click element: '//XCUIElementTypeButton[@name="GlobalIntentCenter.Pickup"] | //XCUIElementTypeButton[contains(@name, "Pickup") ]'
2024-03-01 14:24:15.765 [DEBUG] [thread-id 1] - Pickup intent selected
2024-03-01 14:24:16.610 [DEBUG] [thread-id 1] - sleep:  3000 milliseconds
2024-03-01 14:24:21.052 [DEBUG] [thread-id 1] - Verify identifier: {//*[contains(@label,"Expanded")] | //*[contains(@name,"Expanded")]=[true]}
2024-03-01 14:24:21.923 [DEBUG] [thread-id 1] - Collapsing GIC screen
2024-03-01 14:24:23.326 [DEBUG] [thread-id 1] - Click element: '//*[contains(@label,"Expanded")] | //*[contains(@name,"Expanded")]'
2024-03-01 14:24:23.921 [DEBUG] [thread-id 1] - Executing function: 'us.functions.global.navigation.goToDeepLink'
2024-03-01 14:24:23.922 [DEBUG] [thread-id 1] - Verify value of: '$deepLinkUrl'
2024-03-01 14:24:23.922 [DEBUG] [thread-id 1] - Open link: 'walmart://item/10295066'
2024-03-01 14:24:56.213 [DEBUG] [thread-id 1] - Deeplink pop up not displayed
2024-03-01 14:24:56.225 [DEBUG] [thread-id 1] - Executing function: 'us.functions.item.addItemToCart'
2024-03-01 14:25:08.754 [DEBUG] [thread-id 1] - Verify identifier: {stepper.mainButton=[true]}
2024-03-01 14:25:24.430 [DEBUG] [thread-id 1] - Click element: 'stepper.mainButton'
2024-03-01 14:58:26.181 [WARN] [thread-id 1] - variable qty was used, but r2 could not find a value for this variable. returning default of null
2024-03-01 14:58:26.273 [WARN] [thread-id 1] - variable qty was used, but r2 could not find a value for this variable. returning default of null
2024-03-01 15:05:42.032 [DEBUG] [thread-id 1] - Verify identifier: {//XCUIElementTypeStaticText[@name="1 added"]| //XCUIElementTypeOther[@name="add-to-cart-button"] | //XCUIElementTypeStaticText[@label="null"] | Max 1=[true]}
2024-03-01 15:05:42.127 [DEBUG] [thread-id 1] - conditionally execute a flow. condition: true
2024-03-01 15:06:35.625 [DEBUG] [thread-id 1] - No ACC pop up screen displayed
2024-03-01 15:06:55.852 [DEBUG] [thread-id 1] - Click element: '//XCUIElementTypeButton[@name="Close"]'
2024-03-01 15:07:21.253 [DEBUG] [thread-id 1] - Click element: '//XCUIElementTypeButton[@name="Close"] | //XCUIElementTypeButton[@label="Close"]'
2024-03-01 15:07:46.970 [DEBUG] [thread-id 1] - PAC not found
2024-03-01 15:08:08.891 [DEBUG] [thread-id 1] - Item page closed
2024-03-01 15:08:10.008 [WARN] [thread-id 1] - break reached without loop, this may be an error in your flow.
2024-03-01 15:08:10.015 [DEBUG] [thread-id 1] - Verify identifier: {Your cart is empty=[true]}
2024-03-01 15:08:10.015 [DEBUG] [thread-id 1] - Store in: store the value 'false' in the variable 'skipPostAddToCartSteps'
2024-03-01 15:08:10.015 [DEBUG] [thread-id 1] - Store in: store the value 'false' in the variable 'apiFetch'
2024-03-01 15:08:10.015 [DEBUG] [thread-id 1] - Store in: store the value 'null' in the variable 'itemDataDetails'
2024-03-01 15:08:10.016 [DEBUG] [thread-id 1] - Executing function: 'us.functions.global.navigation.goToDeepLink'
2024-03-01 15:08:10.017 [DEBUG] [thread-id 1] - Verify value of: '$deepLinkUrl'
2024-03-01 15:08:10.017 [DEBUG] [thread-id 1] - Open link: 'walmart://item/10314020'
2024-03-01 15:08:39.975 [DEBUG] [thread-id 1] - Deeplink pop up not displayed
2024-03-01 15:08:39.988 [DEBUG] [thread-id 1] - Executing function: 'us.functions.item.addItemToCart'
2024-03-01 15:08:52.731 [DEBUG] [thread-id 1] - Verify identifier: {stepper.mainButton=[true]}
2024-03-01 15:09:08.733 [DEBUG] [thread-id 1] - Click element: 'stepper.mainButton'
2024-03-01 15:09:27.689 [WARN] [thread-id 1] - variable qty was used, but r2 could not find a value for this variable. returning default of null
2024-03-01 15:09:27.690 [WARN] [thread-id 1] - variable qty was used, but r2 could not find a value for this variable. returning default of null
2024-03-01 15:09:43.434 [DEBUG] [thread-id 1] - Verify identifier: {//XCUIElementTypeStaticText[@name="1 added"]| //XCUIElementTypeOther[@name="add-to-cart-button"] | //XCUIElementTypeStaticText[@label="null"] | Max 1=[true]}
2024-03-01 15:09:43.436 [DEBUG] [thread-id 1] - conditionally execute a flow. condition: true
2024-03-01 15:11:06.912 [DEBUG] [thread-id 1] - No ACC pop up screen displayed
2024-03-01 15:11:44.564 [DEBUG] [thread-id 1] - Click element: '//XCUIElementTypeButton[@name="Close"]'
2024-03-01 15:12:13.609 [DEBUG] [thread-id 1] - Click element: '//XCUIElementTypeButton[@name="Close"] | //XCUIElementTypeButton[@label="Close"]'
2024-03-01 15:12:39.316 [DEBUG] [thread-id 1] - PAC not found
2024-03-01 15:13:01.179 [DEBUG] [thread-id 1] - Item page closed
2024-03-01 15:13:02.266 [WARN] [thread-id 1] - break reached without loop, this may be an error in your flow.
2024-03-01 15:13:02.282 [DEBUG] [thread-id 1] - Verify identifier: {Your cart is empty=[true]}
2024-03-01 15:13:02.283 [DEBUG] [thread-id 1] - Store in: store the value 'false' in the variable 'skipPostAddToCartSteps'
2024-03-01 15:13:02.283 [DEBUG] [thread-id 1] - Store in: store the value 'false' in the variable 'apiFetch'
2024-03-01 15:13:02.283 [DEBUG] [thread-id 1] - Store in: store the value 'null' in the variable 'itemDataDetails'
2024-03-01 15:13:02.283 [DEBUG] [thread-id 1] - Executing function: 'us.functions.gic.changeFulfillment'
2024-03-01 15:13:04.111 [DEBUG] [thread-id 1] - Verify identifier: {//*[contains(@label,"Collapsed")] | //*[contains(@name,"Collapsed")]=[true]}
2024-03-01 15:13:05.933 [DEBUG] [thread-id 1] - Click element: '//*[contains(@label,"Collapsed")] | //*[contains(@name,"Collapsed")]'
2024-03-01 15:13:17.132 [DEBUG] [thread-id 1] - conditionally execute a flow. condition: false
2024-03-01 15:13:20.653 [DEBUG] [thread-id 1] - Click element: '//XCUIElementTypeButton[@name="GlobalIntentCenter.Delivery"] | //XCUIElementTypeButton[contains(@name, "Delivery") ]'
2024-03-01 15:13:22.404 [DEBUG] [thread-id 1] - Delivery intent selected
2024-03-01 15:13:25.187 [DEBUG] [thread-id 1] - sleep:  3000 milliseconds
2024-03-01 15:13:30.374 [DEBUG] [thread-id 1] - Verify identifier: {//*[contains(@label,"Expanded")] | //*[contains(@name,"Expanded")]=[true]}
2024-03-01 15:13:31.665 [DEBUG] [thread-id 1] - Collapsing GIC screen
2024-03-01 15:13:33.764 [DEBUG] [thread-id 1] - Click element: '//*[contains(@label,"Expanded")] | //*[contains(@name,"Expanded")]'
2024-03-01 15:13:34.486 [DEBUG] [thread-id 1] - Executing function: 'us.functions.global.navigation.goToDeepLink'
2024-03-01 15:13:34.487 [DEBUG] [thread-id 1] - Verify value of: '$deepLinkUrl'
2024-03-01 15:13:34.487 [DEBUG] [thread-id 1] - Open link: 'walmart://item/27935840'
2024-03-01 15:14:03.931 [DEBUG] [thread-id 1] - Deeplink pop up not displayed
2024-03-01 15:14:03.942 [DEBUG] [thread-id 1] - Executing function: 'us.functions.item.addItemToCart'
2024-03-01 15:14:14.649 [DEBUG] [thread-id 1] - Verify identifier: {stepper.mainButton=[true]}
2024-03-01 15:14:27.563 [DEBUG] [thread-id 1] - Click element: 'stepper.mainButton'
2024-03-01 15:14:44.518 [WARN] [thread-id 1] - variable qty was used, but r2 could not find a value for this variable. returning default of null
2024-03-01 15:14:44.519 [WARN] [thread-id 1] - variable qty was used, but r2 could not find a value for this variable. returning default of null
2024-03-01 15:15:01.324 [DEBUG] [thread-id 1] - Verify identifier: {//XCUIElementTypeStaticText[@name="1 added"]| //XCUIElementTypeOther[@name="add-to-cart-button"] | //XCUIElementTypeStaticText[@label="null"] | Max 1=[true]}
2024-03-01 15:15:01.325 [DEBUG] [thread-id 1] - conditionally execute a flow. condition: true
2024-03-01 15:16:31.509 [DEBUG] [thread-id 1] - No ACC pop up screen displayed
2024-03-01 15:17:12.453 [DEBUG] [thread-id 1] - Click element: '//XCUIElementTypeButton[@name="Close"]'
2024-03-01 15:17:39.318 [DEBUG] [thread-id 1] - Click element: '//XCUIElementTypeButton[@name="Close"] | //XCUIElementTypeButton[@label="Close"]'
2024-03-01 15:18:04.458 [DEBUG] [thread-id 1] - PAC not found
2024-03-01 15:18:26.453 [DEBUG] [thread-id 1] - Item page closed
2024-03-01 15:18:27.569 [WARN] [thread-id 1] - break reached without loop, this may be an error in your flow.
2024-03-01 15:18:27.583 [DEBUG] [thread-id 1] - Verify identifier: {Your cart is empty=[true]}
2024-03-01 15:18:27.584 [DEBUG] [thread-id 1] - Store in: store the value 'false' in the variable 'skipPostAddToCartSteps'
2024-03-01 15:18:27.584 [DEBUG] [thread-id 1] - Store in: store the value 'false' in the variable 'apiFetch'
2024-03-01 15:18:27.584 [DEBUG] [thread-id 1] - Store in: store the value 'null' in the variable 'itemDataDetails'
2024-03-01 15:18:27.586 [DEBUG] [thread-id 1] - Executing function: 'us.functions.global.navigation.goToDeepLink'
2024-03-01 15:18:27.587 [DEBUG] [thread-id 1] - Verify value of: '$deepLinkUrl'
2024-03-01 15:18:27.587 [DEBUG] [thread-id 1] - Open link: 'walmart://item/617765768'
2024-03-01 15:18:58.511 [DEBUG] [thread-id 1] - Deeplink pop up not displayed
2024-03-01 15:18:58.522 [DEBUG] [thread-id 1] - Executing function: 'us.functions.item.addItemToCart'
2024-03-01 15:19:09.524 [DEBUG] [thread-id 1] - Verify identifier: {stepper.mainButton=[true]}
2024-03-01 15:19:22.595 [DEBUG] [thread-id 1] - Click element: 'stepper.mainButton'
2024-03-01 15:20:04.135 [WARN] [thread-id 1] - variable qty was used, but r2 could not find a value for this variable. returning default of null
2024-03-01 15:20:04.135 [WARN] [thread-id 1] - variable qty was used, but r2 could not find a value for this variable. returning default of null
2024-03-01 15:20:14.562 [DEBUG] [thread-id 1] - Verify identifier: {//XCUIElementTypeStaticText[@name="1 added"]| //XCUIElementTypeOther[@name="add-to-cart-button"] | //XCUIElementTypeStaticText[@label="null"] | Max 1=[true]}
2024-03-01 15:20:14.563 [DEBUG] [thread-id 1] - conditionally execute a flow. condition: true
2024-03-01 15:21:15.196 [DEBUG] [thread-id 1] - No ACC pop up screen displayed
2024-03-01 15:21:42.536 [DEBUG] [thread-id 1] - Click element: '//XCUIElementTypeButton[@name="Close"]'
2024-03-01 15:22:05.884 [DEBUG] [thread-id 1] - Click element: '//XCUIElementTypeButton[@name="Close"] | //XCUIElementTypeButton[@label="Close"]'
2024-03-01 15:22:30.267 [DEBUG] [thread-id 1] - PAC not found
2024-03-01 15:22:51.541 [DEBUG] [thread-id 1] - Item page closed
2024-03-01 15:22:52.601 [WARN] [thread-id 1] - break reached without loop, this may be an error in your flow.
2024-03-01 15:22:52.615 [DEBUG] [thread-id 1] - Verify identifier: {Your cart is empty=[true]}
2024-03-01 15:22:52.615 [DEBUG] [thread-id 1] - Store in: store the value 'false' in the variable 'skipPostAddToCartSteps'
2024-03-01 15:22:52.615 [DEBUG] [thread-id 1] - Store in: store the value 'false' in the variable 'apiFetch'
2024-03-01 15:22:52.615 [DEBUG] [thread-id 1] - Store in: store the value 'null' in the variable 'itemDataDetails'
2024-03-01 15:22:52.615 [DEBUG] [thread-id 1] - Executing function: 'us.functions.gic.changeFulfillment'
2024-03-01 15:22:54.347 [DEBUG] [thread-id 1] - Verify identifier: {//*[contains(@label,"Collapsed")] | //*[contains(@name,"Collapsed")]=[true]}
2024-03-01 15:22:56.101 [DEBUG] [thread-id 1] - Click element: '//*[contains(@label,"Collapsed")] | //*[contains(@name,"Collapsed")]'
2024-03-01 15:23:07.804 [DEBUG] [thread-id 1] - conditionally execute a flow. condition: false
2024-03-01 15:23:12.860 [DEBUG] [thread-id 1] - Click element: '//XCUIElementTypeButton[@name="GlobalIntentCenter.Pickup"] | //XCUIElementTypeButton[contains(@name, "Pickup") ]'
2024-03-01 15:23:14.345 [DEBUG] [thread-id 1] - Pickup intent selected
2024-03-01 15:23:15.263 [DEBUG] [thread-id 1] - sleep:  3000 milliseconds
2024-03-01 15:23:19.753 [DEBUG] [thread-id 1] - Verify identifier: {//*[contains(@label,"Expanded")] | //*[contains(@name,"Expanded")]=[true]}
2024-03-01 15:23:20.671 [DEBUG] [thread-id 1] - Collapsing GIC screen
2024-03-01 15:23:22.147 [DEBUG] [thread-id 1] - Click element: '//*[contains(@label,"Expanded")] | //*[contains(@name,"Expanded")]'
2024-03-01 15:23:22.741 [DEBUG] [thread-id 1] - Executing function: 'us.functions.global.navigation.goToDeepLink'
2024-03-01 15:23:22.741 [DEBUG] [thread-id 1] - Verify value of: '$deepLinkUrl'
2024-03-01 15:23:22.742 [DEBUG] [thread-id 1] - Open link: 'walmart://item/851336175'
2024-03-01 15:23:53.650 [DEBUG] [thread-id 1] - Deeplink pop up not displayed
2024-03-01 15:23:53.661 [DEBUG] [thread-id 1] - Executing function: 'us.functions.item.addItemToCart'
2024-03-01 15:24:07.824 [DEBUG] [thread-id 1] - Verify identifier: {stepper.mainButton=[true]}
2024-03-01 15:24:25.076 [DEBUG] [thread-id 1] - Click element: 'stepper.mainButton'
2024-03-01 15:25:02.822 [WARN] [thread-id 1] - variable qty was used, but r2 could not find a value for this variable. returning default of null
2024-03-01 15:25:02.823 [WARN] [thread-id 1] - variable qty was used, but r2 could not find a value for this variable. returning default of null
2024-03-01 15:25:11.920 [DEBUG] [thread-id 1] - Verify identifier: {//XCUIElementTypeStaticText[@name="1 added"]| //XCUIElementTypeOther[@name="add-to-cart-button"] | //XCUIElementTypeStaticText[@label="null"] | Max 1=[true]}
2024-03-01 15:25:11.922 [DEBUG] [thread-id 1] - conditionally execute a flow. condition: true
2024-03-01 15:25:49.656 [DEBUG] [thread-id 1] - Click element: '//XCUIElementTypeButton[@name="AccInstallationUpsellBottomSheet.closeButton" or @name="DisclaimerViewController.closeButton"]'
2024-03-01 15:26:29.110 [DEBUG] [thread-id 1] - No PAC overlay pop up screen displayed
2024-03-01 15:26:53.887 [DEBUG] [thread-id 1] - Click element: '//XCUIElementTypeButton[@name="Close"] | //XCUIElementTypeButton[@label="Close"]'
2024-03-01 15:27:20.042 [DEBUG] [thread-id 1] - PAC not found
2024-03-01 15:27:41.827 [DEBUG] [thread-id 1] - Item page closed
2024-03-01 15:27:42.904 [WARN] [thread-id 1] - break reached without loop, this may be an error in your flow.
2024-03-01 15:27:42.919 [DEBUG] [thread-id 1] - Verify identifier: {Your cart is empty=[true]}
2024-03-01 15:27:42.920 [DEBUG] [thread-id 1] - Store in: store the value 'false' in the variable 'skipPostAddToCartSteps'
2024-03-01 15:27:42.920 [DEBUG] [thread-id 1] - Store in: store the value 'false' in the variable 'apiFetch'
2024-03-01 15:27:42.920 [DEBUG] [thread-id 1] - Store in: store the value 'null' in the variable 'itemDataDetails'
2024-03-01 15:27:42.921 [DEBUG] [thread-id 1] - Executing function: 'us.functions.global.navigation.goToDeepLink'
2024-03-01 15:27:42.922 [DEBUG] [thread-id 1] - Verify value of: '$deepLinkUrl'
2024-03-01 15:27:42.922 [DEBUG] [thread-id 1] - Open link: 'walmart://item/748448300'
2024-03-01 15:28:13.721 [DEBUG] [thread-id 1] - Deeplink pop up not displayed
2024-03-01 15:28:13.732 [DEBUG] [thread-id 1] - Executing function: 'us.functions.item.addItemToCart'
2024-03-01 15:28:28.007 [DEBUG] [thread-id 1] - Verify identifier: {stepper.mainButton=[true]}
2024-03-01 15:28:45.356 [DEBUG] [thread-id 1] - Click element: 'stepper.mainButton'
2024-03-01 15:29:23.430 [WARN] [thread-id 1] - variable qty was used, but r2 could not find a value for this variable. returning default of null
2024-03-01 15:29:23.433 [WARN] [thread-id 1] - variable qty was used, but r2 could not find a value for this variable. returning default of null
2024-03-01 15:29:32.571 [DEBUG] [thread-id 1] - Verify identifier: {//XCUIElementTypeStaticText[@name="1 added"]| //XCUIElementTypeOther[@name="add-to-cart-button"] | //XCUIElementTypeStaticText[@label="null"] | Max 1=[true]}
2024-03-01 15:29:32.573 [DEBUG] [thread-id 1] - conditionally execute a flow. condition: true
2024-03-01 15:30:10.665 [DEBUG] [thread-id 1] - Click element: '//XCUIElementTypeButton[@name="AccInstallationUpsellBottomSheet.closeButton" or @name="DisclaimerViewController.closeButton"]'
2024-03-01 15:30:50.312 [DEBUG] [thread-id 1] - No PAC overlay pop up screen displayed
2024-03-01 15:31:16.909 [DEBUG] [thread-id 1] - Click element: '//XCUIElementTypeButton[@name="Close"] | //XCUIElementTypeButton[@label="Close"]'
2024-03-01 15:31:43.546 [DEBUG] [thread-id 1] - PAC not found
2024-03-01 15:32:04.901 [DEBUG] [thread-id 1] - Item page closed
2024-03-01 15:32:06.036 [WARN] [thread-id 1] - break reached without loop, this may be an error in your flow.
2024-03-01 15:32:06.050 [DEBUG] [thread-id 1] - Verify identifier: {Your cart is empty=[true]}
2024-03-01 15:32:06.051 [DEBUG] [thread-id 1] - Store in: store the value 'false' in the variable 'skipPostAddToCartSteps'
2024-03-01 15:32:06.051 [DEBUG] [thread-id 1] - Store in: store the value 'false' in the variable 'apiFetch'
2024-03-01 15:32:06.051 [DEBUG] [thread-id 1] - Store in: store the value 'null' in the variable 'itemDataDetails'
2024-03-01 15:32:06.051 [DEBUG] [thread-id 1] - TRANSACTION
2024-03-01 15:32:06.052 [DEBUG] [thread-id 1] - Executing function: 'us.functions.global.navigation.toCartFromNavBar'
2024-03-01 15:32:06.680 [DEBUG] [thread-id 1] - Verify identifier: {//XCUIElementTypeButton[contains(@label, "Your cart")] | //XCUIElementTypeButton[(@name="SearchResultsViewController.cartButton") or (contains(@label,"Your cart contains") and contains(@label,"The estimated total is")) or (@label="Your cart is empty")]=[true]}
2024-03-01 15:32:07.305 [DEBUG] [thread-id 1] - Click element: '//XCUIElementTypeButton[contains(@label, "Your cart")] | //XCUIElementTypeButton[(@name="SearchResultsViewController.cartButton") or (contains(@label,"Your cart contains") and contains(@label,"The estimated total is")) or (@label="Your cart is empty")]'
2024-03-01 15:32:22.413 [DEBUG] [thread-id 1] - Verify identifier: {//XCUIElementTypeStaticText[@name="CartDetailsViewController.headerCartLabel"] | //XCUIElementTypeStaticText[@name="CartEmptyStateViewController.titleLabel" and not(contains(@label,"We're sorry!"))]=[true]}
2024-03-01 15:32:22.440 [DEBUG] [thread-id 1] - Executing function: 'us.functions.cart.verifyCardDetails'
2024-03-01 15:32:22.443 [DEBUG] [thread-id 1] - Executing function: 'us.functions.utils.getFulfillmentTextsToCompare'
2024-03-01 15:32:22.444 [WARN] [thread-id 1] - variable altFulfillmentText was used, but r2 could not find a value for this variable. returning default of null
2024-03-01 15:32:22.446 [DEBUG] [thread-id 1] - conditionally execute a flow. condition: true
2024-03-01 15:32:29.330 [DEBUG] [thread-id 1] - conditionally execute a flow. condition: false
2024-03-01 15:32:36.160 [DEBUG] [thread-id 1] - conditionally execute a flow. condition: true
2024-03-01 15:32:42.940 [DEBUG] [thread-id 1] - Store in: store the value 'pickup' in the variable 'altFulfillmentText'
2024-03-01 15:32:42.960 [DEBUG] [thread-id 1] - -------Validate Pickup cart details function start-------
2024-03-01 15:32:42.960 [WARN] [thread-id 1] - variable initialCartDataSetup was used, but r2 could not find a value for this variable. returning default of null
2024-03-01 15:32:42.961 [DEBUG] [thread-id 1] - conditionally execute a flow. condition: true
2024-03-01 15:32:49.872 [DEBUG] [thread-id 1] - sleep:  3000 milliseconds
2024-03-01 15:33:05.435 [DEBUG] [thread-id 1] - conditionally execute a flow. condition: true
2024-03-01 15:33:12.868 [DEBUG] [thread-id 1] - Cart page displayed
2024-03-01 15:33:20.286 [WARN] [thread-id 1] - variable validationScope was used, but r2 could not find a value for this variable. returning default of null
2024-03-01 15:33:27.167 [DEBUG] [thread-id 1] - Store in: store the value 'complete' in the variable 'initialCartDataSetup'
2024-03-01 15:33:39.164 [DEBUG] [thread-id 1] - Verify identifier: {//XCUIElementTypeStaticText[@name="FulfillmentSummaryView.titlePrefixLabel" and (contains(@label,"Pickup") or contains(@label,"pickup"))]=[true]}
2024-03-01 15:33:39.188 [WARN] [thread-id 1] - variable validationScope was used, but r2 could not find a value for this variable. returning default of null
2024-03-01 15:33:39.188 [DEBUG] [thread-id 1] - conditionally execute a flow. condition: false
2024-03-01 15:33:46.038 [DEBUG] [thread-id 1] - Basic Pickup fulfillment section validation done
2024-03-01 15:33:46.045 [WARN] [thread-id 1] - variable unscheduled was used, but r2 could not find a value for this variable. returning default of null
2024-03-01 15:33:46.046 [WARN] [thread-id 1] - variable partialCheckout was used, but r2 could not find a value for this variable. returning default of null
2024-03-01 15:33:46.046 [DEBUG] [thread-id 1] - Store in: store the value 'null' in the variable 'altFulfillmentText'
2024-03-01 15:33:46.047 [DEBUG] [thread-id 1] - Store in: store the value 'null' in the variable 'validationScope'
2024-03-01 15:33:46.047 [DEBUG] [thread-id 1] - Store in: store the value 'false' in the variable 'unscheduled'
2024-03-01 15:33:46.047 [DEBUG] [thread-id 1] - Store in: store the value 'false' in the variable 'partialCheckout'
2024-03-01 15:33:46.048 [DEBUG] [thread-id 1] - -------Validate Pickup cart details function end-------
2024-03-01 15:33:46.050 [DEBUG] [thread-id 1] - Executing function: 'us.functions.cart.verifyCardDetails'
2024-03-01 15:33:46.050 [DEBUG] [thread-id 1] - conditionally execute a flow. condition: true
2024-03-01 15:33:52.886 [DEBUG] [thread-id 1] - conditionally execute a flow. condition: true
2024-03-01 15:33:59.473 [WARN] [thread-id 1] - variable newGIC was used, but r2 could not find a value for this variable. returning default of null
2024-03-01 15:33:59.474 [DEBUG] [thread-id 1] - conditionally execute a flow. condition: false
2024-03-01 15:34:06.041 [DEBUG] [thread-id 1] - Store in: store the value 'shipping' in the variable 'altFulfillmentText'
2024-03-01 15:34:06.061 [DEBUG] [thread-id 1] - -------Validate Shipping cart details function start-------
2024-03-01 15:34:06.061 [DEBUG] [thread-id 1] - conditionally execute a flow. condition: false
2024-03-01 15:34:12.755 [DEBUG] [thread-id 1] - Cart page already loaded and inital setup is done.
2024-03-01 15:34:23.808 [DEBUG] [thread-id 1] - Verify identifier: {//XCUIElementTypeStaticText[@name="FulfillmentSummaryView.titlePrefixLabel" and (contains(@label,"Shipping") or contains(@label,"shipping"))]=[true]}
2024-03-01 15:34:23.833 [DEBUG] [thread-id 1] - conditionally execute a flow. condition: false
2024-03-01 15:34:30.402 [DEBUG] [thread-id 1] - Basic Shipping fulfillment section validation done
2024-03-01 15:34:30.408 [DEBUG] [thread-id 1] - Store in: store the value 'null' in the variable 'altFulfillmentText'
2024-03-01 15:34:30.408 [DEBUG] [thread-id 1] - Store in: store the value 'null' in the variable 'validationScope'
2024-03-01 15:34:30.408 [DEBUG] [thread-id 1] - Store in: store the value 'false' in the variable 'unscheduled'
2024-03-01 15:34:30.408 [DEBUG] [thread-id 1] - Store in: store the value 'false' in the variable 'partialCheckout'
2024-03-01 15:34:30.408 [DEBUG] [thread-id 1] - -------Validate Shipping cart details function end-------
2024-03-01 15:34:30.408 [DEBUG] [thread-id 1] - Executing function: 'us.functions.bookingSlotFromCart'
2024-03-01 15:34:42.615 [DEBUG] [thread-id 1] - conditionally execute a flow. condition: false
2024-03-01 15:34:49.104 [DEBUG] [thread-id 1] - Executing function: 'us.functions.utils.scrollIfNotVisible'
2024-03-01 15:35:00.288 [DEBUG] [thread-id 1] - Verify identifier: {//XCUIElementTypeButton[@name="FulfillmentSummaryView.actionButton" and not(contains(@label,"See Options"))] | //*[contains(@label,"Reserve a new time")]=[true]}
2024-03-01 15:35:06.838 [DEBUG] [thread-id 1] - Element already visible, scrolling is skipped
2024-03-01 15:35:06.842 [DEBUG] [thread-id 1] - Resetting scrollPosition variable to default
2024-03-01 15:35:06.843 [DEBUG] [thread-id 1] - Store in: store the value 'null' in the variable 'scrollPosition'
2024-03-01 15:35:06.843 [DEBUG] [thread-id 1] - Store in: store the value 'null' in the variable 'identifierScope'
2024-03-01 15:35:06.843 [DEBUG] [thread-id 1] - Store in: store the value 'null' in the variable 'limit'
2024-03-01 15:35:18.748 [DEBUG] [thread-id 1] - Click element with offset: '//XCUIElementTypeButton[@name="FulfillmentSummaryView.actionButton" and not(contains(@label,"See Options"))] | //*[contains(@label,"Reserve a new time")]'
2024-03-01 15:35:54.475 [DEBUG] [thread-id 1] - conditionally execute a flow. condition: true
2024-03-01 15:36:02.185 [DEBUG] [thread-id 1] - Selecting pickup tab
2024-03-01 15:36:13.976 [DEBUG] [thread-id 1] - Click element: '//XCUIElementTypeButton[@name="Pickup"]'
2024-03-01 15:36:31.600 [DEBUG] [thread-id 1] - sleep:  2000 milliseconds
2024-03-01 15:36:40.912 [DEBUG] [thread-id 1] - conditionally execute a flow. condition: false
2024-03-01 15:36:48.235 [DEBUG] [thread-id 1] - Executing function: 'us.functions.daySlotInitialSetUp'
2024-03-01 15:36:48.236 [DEBUG] [thread-id 1] - Identifying day for slot selection
2024-03-01 15:36:48.237 [DEBUG] [thread-id 1] - conditionally execute a flow. condition: false
2024-03-01 15:36:55.779 [DEBUG] [thread-id 1] - conditionally execute a flow. condition: true
2024-03-01 15:37:03.324 [DEBUG] [thread-id 1] - Store in: store the value '2' in the variable 'slotDayIndex'
2024-03-01 15:37:10.699 [DEBUG] [thread-id 1] - Store in: store the value '3' in the variable 'slotDayIndexAlt'
2024-03-01 15:37:23.030 [DEBUG] [thread-id 1] - Click element: '//XCUIElementTypeButton[@name="DaySelectionCollectionCell.circleView" and (contains(@label,"Today") or contains(@label,"today"))]//ancestor::XCUIElementTypeCell/following-sibling::XCUIElementTypeCell[2] | //XCUIElementTypeCollectionView[@name="DaySelectionViewController.collectionView"]/XCUIElementTypeCell[3]'
2024-03-01 15:37:40.240 [DEBUG] [thread-id 1] - Click element: '(//XCUIElementTypeButton[@name="SlotHoursCell.slotHoursView"])[2]'
2024-03-01 15:37:58.164 [DEBUG] [thread-id 1] - Click element: '//XCUIElementTypeButton[@name="ReserveSlotView.saveButton"]'
2024-03-01 15:38:00.783 [DEBUG] [thread-id 1] - Executing function: 'us.functions.cart.seeAllDetails'
2024-03-01 15:38:00.784 [DEBUG] [thread-id 1] - Scroll: down
2024-03-01 16:21:02.128 [DEBUG] [thread-id 1] - Click element: '(//XCUIElementTypeStaticText[@name="CartCardExpandCollapseView.titleLabel"])[1]'
2024-03-01 16:21:04.147 [DEBUG] [thread-id 1] - Scroll: down
2024-03-01 16:21:41.117 [DEBUG] [thread-id 1] - Click element: '(//XCUIElementTypeStaticText[@name="CartCardExpandCollapseView.titleLabel"])[2]'
2024-03-01 16:21:43.309 [DEBUG] [thread-id 1] - Scroll: down
2024-03-01 16:22:22.707 [DEBUG] [thread-id 1] - Click element: '(//XCUIElementTypeStaticText[@name="CartCardExpandCollapseView.titleLabel"])[3]'
2024-03-01 16:22:25.119 [DEBUG] [thread-id 1] - Scroll: down
2024-03-01 16:23:21.507 [DEBUG] [thread-id 1] - Click element: '(//XCUIElementTypeStaticText[@name="CartCardExpandCollapseView.titleLabel"])[4]'
2024-03-01 16:23:24.041 [DEBUG] [thread-id 1] - Executing function: 'us.function.cart.accCheckBox'
2024-03-01 16:23:24.042 [DEBUG] [thread-id 1] - Scroll: up
2024-03-01 16:25:00.561 [DEBUG] [thread-id 1] - Scroll: down
2024-03-01 16:25:34.423 [DEBUG] [thread-id 1] - Click element: '//XCUIElementTypeButton[contains(@label,"Tire installation")] | //*[contains(@name,"Acc_service")] | //XCUIElementTypeButton[@name="CheckboxContainer.button"] | //XCUIElementTypeButton[@name="ACCModuleInstallView.checkbox"]'
2024-03-01 16:25:57.841 [DEBUG] [thread-id 1] - Verify identifier: {//XCUIElementTypeStaticText[@name="ACCModuleInstallView.scheduleSubtitleLabel"]=[true]}
2024-03-01 16:26:03.227 [DEBUG] [thread-id 1] - get string: from '//XCUIElementTypeStaticText[@name="ACCModuleInstallView.scheduleSubtitleLabel"]' [type='null']
2024-03-01 16:26:03.234 [DEBUG] [thread-id 1] - Execute Node: 'us/test/helpers/splitPayment.js'
2024-03-01 16:26:04.696 [DEBUG] [thread-id 1] - Promise time of item is visible and Date stored in variable
2024-03-01 16:26:04.696 [DEBUG] [thread-id 1] - Scroll: up
2024-03-01 16:26:28.131 [DEBUG] [thread-id 1] - Executing function: 'us.function.cart.promiseDateRangeVisible'
2024-03-01 16:26:28.134 [DEBUG] [thread-id 1] - Scroll: down
2024-03-01 16:27:33.990 [DEBUG] [thread-id 1] - Verify identifier: {//XCUIElementTypeStaticText[@name="FCGroup_FulfillmentSummaryView.detailLabel"]=[true]}
2024-03-01 16:27:39.421 [DEBUG] [thread-id 1] - get string: from '//XCUIElementTypeStaticText[@name="FCGroup_FulfillmentSummaryView.detailLabel"]' [type='null']
2024-03-01 16:27:39.425 [DEBUG] [thread-id 1] - Execute Node: 'us/test/helpers/splitPayment.js'
2024-03-01 16:27:39.494 [DEBUG] [thread-id 1] - Promise Date item is visible and stored in a variabe for cross checking
2024-03-01 16:27:39.494 [DEBUG] [thread-id 1] - Scroll: up
2024-03-01 16:28:33.223 [DEBUG] [thread-id 1] - Executing function: 'us.functions.cart.verifyAllCartItems'
2024-03-01 16:28:33.228 [DEBUG] [thread-id 1] - Scroll: up
2024-03-01 16:29:31.410 [DEBUG] [thread-id 1] - Main failed: Is not present: '//XCUIElementTypeStaticText[contains(@value, "(10 of 10 items)")]'
2024-03-01 16:29:40.660 [DEBUG] [thread-id 1] - Executing scenario: 'After'
2024-03-01 16:29:40.661 [DEBUG] [thread-id 1] - Executing function: 'us.functions.utils.afterSteps'
2024-03-01 16:29:40.661 [WARN] [thread-id 1] - variable testStatus was used, but r2 could not find a value for this variable. returning default of null
2024-03-01 16:29:40.662 [DEBUG] [thread-id 1] - conditionally execute a flow. condition: false
2024-03-01 16:29:50.101 [DEBUG] [thread-id 1] - Test failed
2024-03-01 16:30:16.339 [DEBUG] [thread-id 1] - Created report: /Users/m0k0a2f/glass-automation/report/index.html
