2024-01-26 12:34:10.436 [DEBUG] [thread-id 1] - Executing R2 3.38.1: '/Users/m0k0a2f/glass-automation/./us/test/test-scripts/ios/prod-flows/Ecomm-And-Fulfillment-Flows/store-single-fulfillment-flows/C2644785-glass-sc-unscheduled-pick-up.yaml' on device: 'iPhone 12 Simulator'
2024-01-26 12:36:50.024 [DEBUG] [thread-id 1] - Executing scenario: 'Before'
2024-01-26 12:36:50.030 [DEBUG] [thread-id 1] - R2_SUBFLOW_PRE_TRANSACTION
2024-01-26 12:36:50.741 [DEBUG] [thread-id 1] - Using us-errors-helpers.yaml
2024-01-26 12:36:51.239 [DEBUG] [thread-id 1] - Start Main
2024-01-26 12:36:51.248 [DEBUG] [thread-id 1] - Executing function: 'us.functions.global.onboarding.navigateOnboardingToHome'
2024-01-26 12:36:51.252 [DEBUG] [thread-id 1] - Executing function: 'us.function.utils.getEnvironmentValue'
2024-01-26 12:36:51.254 [DEBUG] [thread-id 1] - Store in: store the value 'production' in the variable 'env'
2024-01-26 12:36:51.256 [DEBUG] [thread-id 1] - Timestamp: 1706301411256
2024-01-26 12:36:51.273 [DEBUG] [thread-id 1] - Welcome screen loaded
2024-01-26 12:36:51.277 [DEBUG] [thread-id 1] - Verify identifier: {SignUpNudgeWelcomeViewController.titleLabel=[true]}
2024-01-26 12:37:01.366 [DEBUG] [thread-id 1] - conditionally execute a flow. condition: false
2024-01-26 12:37:01.888 [DEBUG] [thread-id 1] - Click element: 'cta.cancel.welcome'
2024-01-26 12:37:03.870 [DEBUG] [thread-id 1] - Notifiction Prompt screen loaded
2024-01-26 12:37:04.430 [DEBUG] [thread-id 1] - Verify identifier: {NotificationPermissionViewController.titleLabel=[true]}
2024-01-26 12:37:04.652 [DEBUG] [thread-id 1] - Click element: 'cta.cancel.notifications'
2024-01-26 12:37:06.598 [DEBUG] [thread-id 1] - location screen loaded
2024-01-26 12:37:07.096 [DEBUG] [thread-id 1] - Verify identifier: {LocationPermissionViewController.titleLabel=[true], LocationPermissionViewController.bodyLabel=[true]}
2024-01-26 12:37:07.348 [DEBUG] [thread-id 1] - Click element: 'cta.cancel.location'
2024-01-26 12:37:10.299 [DEBUG] [thread-id 1] - Verify identifier: {label.postal-code-entry=[true]}
2024-01-26 12:37:10.534 [DEBUG] [thread-id 1] - Enter text: '95122'
2024-01-26 12:37:16.156 [DEBUG] [thread-id 1] - Click element: 'cta.continue'
2024-01-26 12:37:18.383 [DEBUG] [thread-id 1] - sleep:  3000 milliseconds
2024-01-26 12:37:21.388 [DEBUG] [thread-id 1] - loop: from 0 to 3
2024-01-26 12:37:22.091 [DEBUG] [thread-id 1] - 0
2024-01-26 12:37:33.166 [DEBUG] [thread-id 1] - conditionally execute a flow. condition: false
2024-01-26 12:37:44.772 [DEBUG] [thread-id 1] - Observed IDFA Sscreen
2024-01-26 12:37:45.339 [DEBUG] [thread-id 1] - conditionally execute a flow. condition: true
2024-01-26 12:37:45.905 [DEBUG] [thread-id 1] - Verify identifier: {ATTPermissionViewController.titleLabel=[true], ATTPermissionViewController.bodyLabel=[true]}
2024-01-26 12:37:46.840 [DEBUG] [thread-id 1] - Click element: 'cta.continue.location'
2024-01-26 12:37:56.810 [DEBUG] [thread-id 1] - Click element: '//XCUIElementTypeButton[@name="Ask App Not to Track"] | //XCUIElementTypeButton[@name="Solicitar a la app no rastrear"]'
2024-01-26 12:38:15.059 [DEBUG] [thread-id 1] - conditionally execute a flow. condition: false
2024-01-26 12:38:17.769 [DEBUG] [thread-id 1] - modal is not displayed
2024-01-26 12:38:31.648 [DEBUG] [thread-id 1] - Executing function: 'us.functions.gic.collapseIfExpanded'
2024-01-26 12:38:36.416 [DEBUG] [thread-id 1] - GIC already collapsed
2024-01-26 12:38:36.508 [DEBUG] [thread-id 1] - Executing function: 'us.functions.home.navigateHomeToSignIn'
2024-01-26 12:38:36.508 [DEBUG] [thread-id 1] - sleep:  3000 milliseconds
2024-01-26 12:38:51.471 [DEBUG] [thread-id 1] - Click element: 'Account'
2024-01-26 12:38:55.423 [DEBUG] [thread-id 1] - Verify identifier: {SignInYourAccountTableViewCell.signInButton=[true]}
2024-01-26 12:38:55.424 [DEBUG] [thread-id 1] - loop: from 1 to 3
2024-01-26 12:38:56.776 [DEBUG] [thread-id 1] - conditionally execute a flow. condition: true
2024-01-26 12:38:58.507 [DEBUG] [thread-id 1] - Click element: 'SignInYourAccountTableViewCell.signInButton'
2024-01-26 12:39:08.319 [DEBUG] [thread-id 1] - Verify identifier: {WelcomeView.emailField=[true]}
2024-01-26 12:39:11.711 [DEBUG] [thread-id 1] - Store in: store the value 'true' in the variable 'signInValidated'
2024-01-26 12:39:15.197 [DEBUG] [thread-id 1] - conditionally execute a flow. condition: true
2024-01-26 12:39:18.485 [DEBUG] [thread-id 1] - SignIn page loaded
2024-01-26 12:39:21.846 [DEBUG] [thread-id 1] - Store in: store the value 'false' in the variable 'signInValidated'
2024-01-26 12:39:21.935 [DEBUG] [thread-id 1] - Executing function: 'us.functions.global.authentication.signInAccountCarta'
2024-01-26 12:39:25.143 [DEBUG] [thread-id 1] - conditionally execute a flow. condition: true
2024-01-26 12:39:29.276 [DEBUG] [thread-id 1] - Enter text: 'prod.ios.unschedule@cloudtest.org'
2024-01-26 12:39:42.918 [DEBUG] [thread-id 1] - Click element: 'WelcomeView.ctaButton'
2024-01-26 12:39:48.997 [DEBUG] [thread-id 1] - Sign in Field present!!
2024-01-26 12:39:52.441 [DEBUG] [thread-id 1] - conditionally execute a flow. condition: true
2024-01-26 12:39:56.332 [DEBUG] [thread-id 1] - Enter text: 'E2epassword$'
2024-01-26 12:40:06.472 [DEBUG] [thread-id 1] - Click element: 'OTPView.ctaButton'
2024-01-26 12:40:17.027 [DEBUG] [thread-id 1] - Password Field present!!
2024-01-26 12:40:22.039 [DEBUG] [thread-id 1] - conditionally execute a flow. condition: true
2024-01-26 12:40:27.290 [DEBUG] [thread-id 1] - Click element: 'Don’t Allow'
2024-01-26 12:40:32.323 [DEBUG] [thread-id 1] - Login succesful!!
2024-01-26 12:40:32.407 [DEBUG] [thread-id 1] - Executing function: 'us.functions.global.navigation.accountToHome'
2024-01-26 12:40:32.408 [DEBUG] [thread-id 1] - Verify identifier: {Shop=[true]}
2024-01-26 12:40:32.408 [DEBUG] [thread-id 1] - sleep:  2000 milliseconds
2024-01-26 12:40:35.011 [DEBUG] [thread-id 1] - Click element: 'Shop'
2024-01-26 12:40:39.099 [DEBUG] [thread-id 1] - Executing function: 'us.functions.home.closeWPlusPromotionPopUpIfDisplayed'
2024-01-26 12:40:44.811 [DEBUG] [thread-id 1] - Verify identifier: {//XCUIElementTypeButton[@name="SplashPageTermView.primaryButton"]|//XCUIElementTypeButton[@name="WalmartPlusSplashBottomSheet.tryWalmartPlusMemberShipButton"] | //XCUIElementTypeButton[@label="Try your rewards benefit"] | //XCUIElementTypeButton[@name="BenefitEngagementTempoContainerView.primaryButton"]=[true]}
2024-01-26 12:40:50.328 [DEBUG] [thread-id 1] - Click element: '//XCUIElementTypeButton[@name="SplashPageViewController.closeButton" or contains(@label, "Close Walmart plus promotional pop up")] | //XCUIElementTypeNavigationBar[@name="WalmartPlus.SplashPageView"]/XCUIElementTypeButton | //XCUIElementTypeButton[@name="close" or @name="Close"] | //XCUIElementTypeButton[@name="SplashPageViewController.fullScreenCloseButton"] | //XCUIElementTypeButton[@name="MultiSplashViewController.fullScreenCloseButton"]'
2024-01-26 12:40:54.680 [DEBUG] [thread-id 1] - Verify identifier: {Search Walmart=[true]}
2024-01-26 12:40:54.681 [DEBUG] [thread-id 1] - Executing function: 'us.functions.global.navigation.toCartFromNavBar'
2024-01-26 12:40:57.042 [DEBUG] [thread-id 1] - Verify identifier: {//XCUIElementTypeButton[contains(@label, "Your cart")] | //XCUIElementTypeButton[(@name="SearchResultsViewController.cartButton") or (contains(@label,"Your cart contains") and contains(@label,"The estimated total is")) or (@label="Your cart is empty")]=[true]}
2024-01-26 12:40:59.099 [DEBUG] [thread-id 1] - Click element: '//XCUIElementTypeButton[contains(@label, "Your cart")] | //XCUIElementTypeButton[(@name="SearchResultsViewController.cartButton") or (contains(@label,"Your cart contains") and contains(@label,"The estimated total is")) or (@label="Your cart is empty")]'
2024-01-26 12:41:14.939 [DEBUG] [thread-id 1] - Verify identifier: {//XCUIElementTypeStaticText[@name="CartDetailsViewController.headerCartLabel"] | //XCUIElementTypeStaticText[@name="CartEmptyStateViewController.titleLabel" and not(contains(@label,"We're sorry!"))]=[true]}
2024-01-26 12:41:15.032 [DEBUG] [thread-id 1] - Executing function: 'us.functions.cart.removeAllCartItems'
2024-01-26 12:41:15.033 [DEBUG] [thread-id 1] - Executing function: 'us.functions.cart.storeChangePopUp'
2024-01-26 12:41:25.276 [DEBUG] [thread-id 1] - Executing function: 'us.functions.cart.seeDetails'
2024-01-26 12:41:25.279 [DEBUG] [thread-id 1] - loop: from 0 to 3
2024-01-26 12:41:29.061 [DEBUG] [thread-id 1] - 0
2024-01-26 12:41:47.616 [DEBUG] [thread-id 1] - No See details in Cart
2024-01-26 12:41:52.779 [DEBUG] [thread-id 1] - loop: from 0 to 5
2024-01-26 12:41:57.811 [DEBUG] [thread-id 1] - 0
2024-01-26 12:42:03.185 [DEBUG] [thread-id 1] - Executing function: 'us.functions.cart.storeChangePopUp'
2024-01-26 12:42:22.106 [DEBUG] [thread-id 1] - Executing function: 'us.functions.cart.walmartAssistantPopup'
2024-01-26 12:42:53.635 [DEBUG] [thread-id 1] - Smart Budge view not displayed
2024-01-26 12:43:11.615 [DEBUG] [thread-id 1] - Verify identifier: {//XCUIElementTypeButton[contains(@label, "Remove and continue")] | //XCUIElementTypeButton[@name="Remove" or @name = "CartItemTileView.remove"]=[true]}
2024-01-26 12:43:44.813 [DEBUG] [thread-id 1] - Click element: '//XCUIElementTypeButton[contains(@label, "Remove and continue")] | //XCUIElementTypeButton[@name="Remove" or @name = "CartItemTileView.remove"]'
2024-01-26 12:43:53.119 [DEBUG] [thread-id 1] - 1
2024-01-26 12:44:19.811 [DEBUG] [thread-id 1] - Smart Budge view not displayed
2024-01-26 12:44:24.103 [DEBUG] [thread-id 1] - No Items in Cart to Remove
2024-01-26 12:44:25.352 [DEBUG] [thread-id 1] - Executing function: 'us.functions.cart.removeUnavailableItemsFromCart'
2024-01-26 12:44:36.203 [DEBUG] [thread-id 1] - Executing function: 'us.functions.global.navigation.backNavigation'
2024-01-26 12:44:36.205 [DEBUG] [thread-id 1] - sleep:  3000 milliseconds
2024-01-26 12:44:43.234 [DEBUG] [thread-id 1] - Click element: '//XCUIElementTypeButton[@name="Back" or @label="Back"] | //XCUIElementTypeButton[@name="Shop"] | //XCUIElementTypeButton[@name="Home"]| //XCUIElementTypeButton[@name="Registries"] | //XCUIElementTypeButton[@name="My Items"]'
2024-01-26 12:44:45.375 [DEBUG] [thread-id 1] - Executing function: 'us.functions.home.changeStore'
2024-01-26 12:44:45.377 [DEBUG] [thread-id 1] - Executing function: 'us.functions.home.closeWPlusPromotionPopUpIfDisplayed'
2024-01-26 12:44:55.862 [DEBUG] [thread-id 1] - No Wplus pop up displayed
2024-01-26 12:44:55.979 [DEBUG] [thread-id 1] - Executing function: 'us.functions.gic.expandIfCollapsed'
2024-01-26 12:44:58.518 [DEBUG] [thread-id 1] - Verify identifier: {//*[contains(@label,"Collapsed")] | //*[contains(@name,"Collapsed")]=[true]}
2024-01-26 12:45:01.066 [DEBUG] [thread-id 1] - Click element: '//*[contains(@label,"Collapsed")] | //*[contains(@name,"Collapsed")]'
2024-01-26 12:45:03.224 [WARN] [thread-id 1] - variable storeOnly was used, but r2 could not find a value for this variable. returning default of null
2024-01-26 12:45:03.234 [DEBUG] [thread-id 1] - conditionally execute a flow. condition: true
2024-01-26 12:45:15.727 [DEBUG] [thread-id 1] - conditionally execute a flow. condition: false
2024-01-26 12:45:29.340 [DEBUG] [thread-id 1] - Click element: '//XCUIElementTypeButton[@name="GlobalIntentCenter.Pickup"] | //XCUIElementTypeButton[contains(@name, "Pickup") and contains(@name,"1 of 2")]'
2024-01-26 12:45:34.735 [DEBUG] [thread-id 1] - Pickup intent selected
2024-01-26 12:45:39.109 [DEBUG] [thread-id 1] - Click element: '//XCUIElementTypeCollectionView[@name="GlobalIntentCenterViewController.collectionView"]//XCUIElementTypeCell[position()=last()-2 or position()=last()-1]//*[@name="GlobalIntentCenter.FullLocation" and contains(@label,"Pickup")] | //XCUIElementTypeOther[@name="LayoutableChildStackViewController.stackView"]/XCUIElementTypeOther[position()=last()]//XCUIElementTypeOther[@name="HoTLocationsItemDetailsView.containerView"]'
2024-01-26 12:45:53.464 [DEBUG] [thread-id 1] - conditionally execute a flow. condition: false
2024-01-26 12:45:58.682 [DEBUG] [thread-id 1] - Enter text: '95035'
2024-01-26 12:46:17.672 [DEBUG] [thread-id 1] - Click element: '(//XCUIElementTypeButton[@name="StoreSelectionCell.radioButton"])[1] | (//XCUIElementTypeOther[@name="StoreSelectionCell.radioLabelsStackView"])[1]'
2024-01-26 12:46:25.968 [DEBUG] [thread-id 1] - Click element: '//XCUIElementTypeButton[@name="SaveStoreSelectionView.saveButton"]'
2024-01-26 12:46:34.108 [DEBUG] [thread-id 1] - Executing function: 'us.functions.utils.handleTechnicalErrorPopup'
2024-01-26 12:46:34.109 [DEBUG] [thread-id 1] - Store in: store the value 'false' in the variable 'errorRemoved'
2024-01-26 12:46:34.110 [DEBUG] [thread-id 1] - sleep:  5000 milliseconds
2024-01-26 12:46:39.113 [DEBUG] [thread-id 1] - loop: from 0 to 3
2024-01-26 12:46:40.398 [DEBUG] [thread-id 1] - 0
2024-01-26 12:46:52.777 [DEBUG] [thread-id 1] - conditionally execute a flow. condition: false
2024-01-26 12:46:54.116 [DEBUG] [thread-id 1] - Store in: store the value 'true' in the variable 'errorRemoved'
2024-01-26 12:46:55.576 [DEBUG] [thread-id 1] - No Technical Error Pop up observed
2024-01-26 12:47:07.836 [DEBUG] [thread-id 1] - sleep:  2000 milliseconds
2024-01-26 12:47:10.818 [DEBUG] [thread-id 1] - conditionally execute a flow. condition: true
2024-01-26 12:47:12.115 [DEBUG] [thread-id 1] - Executing function: 'us.functions.gic.collapseIfExpanded'
2024-01-26 12:47:15.047 [DEBUG] [thread-id 1] - Verify identifier: {//*[contains(@label,"Expanded")] | //*[contains(@name,"Expanded")]=[true]}
2024-01-26 12:47:16.327 [DEBUG] [thread-id 1] - Collapsing GIC screen
2024-01-26 12:47:18.875 [DEBUG] [thread-id 1] - Click element: '//*[contains(@label,"Expanded")] | //*[contains(@name,"Expanded")]'
2024-01-26 12:47:23.177 [DEBUG] [thread-id 1] - Verify identifier: {//*[contains(@label,"Collapsed")] | //*[contains(@name,"Collapsed")]=[true]}
2024-01-26 12:47:23.257 [DEBUG] [thread-id 1] - Executing function: 'us.functions.search.searchItem'
2024-01-26 12:47:23.257 [DEBUG] [thread-id 1] - Verify identifier: {Search=[true]}
2024-01-26 12:47:23.593 [DEBUG] [thread-id 1] - Click element: 'Search'
2024-01-26 12:47:26.849 [DEBUG] [thread-id 1] - Verify identifier: {Search Walmart=[true]}
2024-01-26 12:47:30.294 [DEBUG] [thread-id 1] - Click element: 'Search Walmart'
2024-01-26 12:47:32.756 [DEBUG] [thread-id 1] - Enter text: 'pens'
2024-01-26 12:47:41.601 [DEBUG] [thread-id 1] - Executing function: 'us.functions.search.closeHowDoYouWantYourOrderBottomTray'
2024-01-26 12:47:50.396 [DEBUG] [thread-id 1] - How do you want pop up not displayed
2024-01-26 12:48:01.806 [DEBUG] [thread-id 1] - Executing function: 'us.functions.utils.scrollIfNotVisible'
2024-01-26 12:48:05.095 [DEBUG] [thread-id 1] - Verify identifier: {(//XCUIElementTypeButton[@name="GlassProductTile.mainStackView"])[1] | //XCUIElementTypeOther[contains(@name,"ProductImageView.stackView")] | //*[contains(@name,"ProductSectionCoordinator_searchPrimaryProductCell")] | //XCUIElementTypeCell[contains(@name,"ProductSectionCoordinator_searchPrimaryProductCell_indexPath")] | (//XCUIElementTypeOther[@name="ProductImageView.stackView"])[1] | (//XCUIElementTypeButton[@name="GlassProductTile.mainStackView"])[2]=[true]}
2024-01-26 12:48:06.839 [DEBUG] [thread-id 1] - Element already visible, scrolling is skipped
2024-01-26 12:48:06.950 [DEBUG] [thread-id 1] - Resetting scrollPosition variable to default
2024-01-26 12:48:06.952 [DEBUG] [thread-id 1] - Store in: store the value 'null' in the variable 'scrollPosition'
2024-01-26 12:48:06.954 [DEBUG] [thread-id 1] - Store in: store the value 'null' in the variable 'identifierScope'
2024-01-26 12:48:06.955 [DEBUG] [thread-id 1] - Store in: store the value 'null' in the variable 'limit'
2024-01-26 12:48:08.298 [DEBUG] [thread-id 1] - conditionally execute a flow. condition: true
2024-01-26 12:48:09.851 [DEBUG] [thread-id 1] - successfully found an item for the above search criterion
2024-01-26 12:48:09.937 [DEBUG] [thread-id 1] - Executing function: 'us.functions.search.clickOnFirstItem'
2024-01-26 12:48:09.940 [WARN] [thread-id 1] - variable subFilter was used, but r2 could not find a value for this variable. returning default of null
2024-01-26 12:48:09.945 [DEBUG] [thread-id 1] - conditionally execute a flow. condition: false
2024-01-26 12:48:11.519 [WARN] [thread-id 1] - variable excludeSponsored was used, but r2 could not find a value for this variable. returning default of null
2024-01-26 12:48:11.521 [DEBUG] [thread-id 1] - conditionally execute a flow. condition: false
2024-01-26 12:48:13.132 [DEBUG] [thread-id 1] - Executing function: 'us.functions.utils.scrollIfNotVisible'
2024-01-26 12:48:16.490 [DEBUG] [thread-id 1] - Verify identifier: {(//XCUIElementTypeButton[@name="GlassProductTile.mainStackView"])[1] | //XCUIElementTypeOther[contains(@name,"ProductImageView.stackView")] | //*[contains(@name,"ProductSectionCoordinator_searchPrimaryProductCell")] | //XCUIElementTypeCell[contains(@name,"ProductSectionCoordinator_searchPrimaryProductCell_indexPath")] | (//XCUIElementTypeOther[@name="ProductImageView.stackView"])[1] | (//XCUIElementTypeButton[@name="GlassProductTile.mainStackView"])[2]=[true]}
2024-01-26 12:48:18.158 [DEBUG] [thread-id 1] - Element already visible, scrolling is skipped
2024-01-26 12:48:18.241 [DEBUG] [thread-id 1] - Resetting scrollPosition variable to default
2024-01-26 12:48:18.242 [DEBUG] [thread-id 1] - Store in: store the value 'null' in the variable 'scrollPosition'
2024-01-26 12:48:18.242 [DEBUG] [thread-id 1] - Store in: store the value 'null' in the variable 'identifierScope'
2024-01-26 12:48:18.243 [DEBUG] [thread-id 1] - Store in: store the value 'null' in the variable 'limit'
2024-01-26 12:48:21.238 [DEBUG] [thread-id 1] - Verify identifier: {(//XCUIElementTypeButton[@name="GlassProductTile.mainStackView"])[1] | //XCUIElementTypeOther[contains(@name,"ProductImageView.stackView")] | //*[contains(@name,"ProductSectionCoordinator_searchPrimaryProductCell")] | //XCUIElementTypeCell[contains(@name,"ProductSectionCoordinator_searchPrimaryProductCell_indexPath")] | (//XCUIElementTypeOther[@name="ProductImageView.stackView"])[1] | (//XCUIElementTypeButton[@name="GlassProductTile.mainStackView"])[2]=[true]}
2024-01-26 12:48:24.264 [DEBUG] [thread-id 1] - Click element: '(//XCUIElementTypeButton[@name="GlassProductTile.mainStackView"])[1] | //XCUIElementTypeOther[contains(@name,"ProductImageView.stackView")] | //*[contains(@name,"ProductSectionCoordinator_searchPrimaryProductCell")] | //XCUIElementTypeCell[contains(@name,"ProductSectionCoordinator_searchPrimaryProductCell_indexPath")] | (//XCUIElementTypeOther[@name="ProductImageView.stackView"])[1] | (//XCUIElementTypeButton[@name="GlassProductTile.mainStackView"])[2]'
2024-01-26 12:48:55.165 [DEBUG] [thread-id 1] - check if item details page is showing
2024-01-26 12:48:55.272 [DEBUG] [thread-id 1] - Executing function: 'us.functions.item.addItemToCart'
2024-01-26 12:49:03.165 [DEBUG] [thread-id 1] - Verify identifier: {stepper.mainButton=[true]}
2024-01-26 12:49:13.087 [DEBUG] [thread-id 1] - Click element: 'stepper.mainButton'
2024-01-26 12:49:20.221 [WARN] [thread-id 1] - variable qty was used, but r2 could not find a value for this variable. returning default of null
2024-01-26 12:49:20.221 [WARN] [thread-id 1] - variable qty was used, but r2 could not find a value for this variable. returning default of null
2024-01-26 12:49:51.054 [DEBUG] [thread-id 1] - Verify identifier: {//XCUIElementTypeStaticText[@name="1 added"]| //XCUIElementTypeOther[@name="add-to-cart-button"] | //XCUIElementTypeStaticText[@label="null"] | Max 1=[true]}
2024-01-26 12:49:51.058 [WARN] [thread-id 1] - variable skipPostAddToCartSteps was used, but r2 could not find a value for this variable. returning default of null
2024-01-26 12:49:51.059 [DEBUG] [thread-id 1] - conditionally execute a flow. condition: true
2024-01-26 12:50:01.991 [DEBUG] [thread-id 1] - Executing function: 'us.functions.item.postAddToCartSteps'
2024-01-26 12:50:29.257 [DEBUG] [thread-id 1] - No ACC pop up screen displayed
2024-01-26 12:50:47.850 [DEBUG] [thread-id 1] - Click element: '//XCUIElementTypeButton[@name="Close"]'
2024-01-26 12:51:08.719 [DEBUG] [thread-id 1] - Click element: '//XCUIElementTypeButton[@name="Close"] | //XCUIElementTypeButton[@label="Close"]'
2024-01-26 12:51:12.898 [DEBUG] [thread-id 1] - Executing function: 'us.functions.item.closeItemPage'
2024-01-26 12:51:34.661 [DEBUG] [thread-id 1] - PAC not found
2024-01-26 12:51:56.652 [DEBUG] [thread-id 1] - Item page closed
2024-01-26 12:51:58.502 [WARN] [thread-id 1] - break reached without loop, this may be an error in your flow.
2024-01-26 12:51:58.715 [DEBUG] [thread-id 1] - Verify identifier: {Your cart is empty=[true]}
2024-01-26 12:51:58.716 [DEBUG] [thread-id 1] - Store in: store the value 'false' in the variable 'skipPostAddToCartSteps'
2024-01-26 12:51:58.717 [DEBUG] [thread-id 1] - Store in: store the value 'false' in the variable 'apiFetch'
2024-01-26 12:51:58.718 [DEBUG] [thread-id 1] - Store in: store the value 'null' in the variable 'itemDataDetails'
2024-01-26 12:51:58.719 [DEBUG] [thread-id 1] - R2_SUBFLOW_TRANSACTION
2024-01-26 12:51:58.722 [DEBUG] [thread-id 1] - Executing function: 'us.functions.global.navigation.toCartFromNavBar'
2024-01-26 12:52:00.384 [DEBUG] [thread-id 1] - Verify identifier: {//XCUIElementTypeButton[contains(@label, "Your cart")] | //XCUIElementTypeButton[(@name="SearchResultsViewController.cartButton") or (contains(@label,"Your cart contains") and contains(@label,"The estimated total is")) or (@label="Your cart is empty")]=[true]}
2024-01-26 12:52:02.156 [DEBUG] [thread-id 1] - Click element: '//XCUIElementTypeButton[contains(@label, "Your cart")] | //XCUIElementTypeButton[(@name="SearchResultsViewController.cartButton") or (contains(@label,"Your cart contains") and contains(@label,"The estimated total is")) or (@label="Your cart is empty")]'
2024-01-26 12:52:17.975 [DEBUG] [thread-id 1] - Verify identifier: {//XCUIElementTypeStaticText[@name="CartDetailsViewController.headerCartLabel"] | //XCUIElementTypeStaticText[@name="CartEmptyStateViewController.titleLabel" and not(contains(@label,"We're sorry!"))]=[true]}
2024-01-26 12:52:18.059 [DEBUG] [thread-id 1] - Executing function: 'us.functions.selectBookingSlot'
2024-01-26 12:52:18.061 [DEBUG] [thread-id 1] - Store in: store the value '1' in the variable 'slotIndex'
2024-01-26 12:52:18.062 [DEBUG] [thread-id 1] - Store in: store the value '3' in the variable 'slotIndex2'
2024-01-26 12:52:18.065 [DEBUG] [thread-id 1] - Executing function: 'us.functions.loadBookingSlotScreenBasics'
2024-01-26 12:52:18.066 [DEBUG] [thread-id 1] - ------ Loading booking slot screen ------
2024-01-26 12:52:18.066 [DEBUG] [thread-id 1] - conditionally execute a flow. condition: false
2024-01-26 12:52:21.550 [DEBUG] [thread-id 1] - conditionally execute a flow. condition: true
2024-01-26 12:52:24.983 [DEBUG] [thread-id 1] - ------ Loading booking slot screen from cart page ------
2024-01-26 12:52:28.674 [DEBUG] [thread-id 1] - Executing function: 'us.functions.cart.scrollToTopOfCart'
2024-01-26 12:52:28.675 [DEBUG] [thread-id 1] - -------Scroll to top of cart page function start-------
2024-01-26 12:52:35.533 [DEBUG] [thread-id 1] - Verify identifier: {//XCUIElementTypeStaticText[@name="CartDetailsViewController.headerCartLabel"] | //XCUIElementTypeStaticText[@name="CartEmptyStateViewController.titleLabel" and not(contains(@label,"We're sorry!"))]=[true]}
2024-01-26 12:52:42.735 [DEBUG] [thread-id 1] - Executing function: 'us.functions.utils.scrollIfNotVisible'
2024-01-26 12:52:48.067 [DEBUG] [thread-id 1] - Verify identifier: {FulfillmentSummaryView.titlePrefixLabel=[true]}
2024-01-26 12:52:51.890 [DEBUG] [thread-id 1] - Element already visible, scrolling is skipped
2024-01-26 12:52:51.975 [DEBUG] [thread-id 1] - Resetting scrollPosition variable to default
2024-01-26 12:52:51.976 [DEBUG] [thread-id 1] - Store in: store the value 'null' in the variable 'scrollPosition'
2024-01-26 12:52:51.976 [DEBUG] [thread-id 1] - Store in: store the value 'null' in the variable 'identifierScope'
2024-01-26 12:52:51.976 [DEBUG] [thread-id 1] - Store in: store the value 'null' in the variable 'limit'
2024-01-26 12:52:52.076 [DEBUG] [thread-id 1] - -------Scroll to top of cart page function end-------
2024-01-26 12:52:55.675 [DEBUG] [thread-id 1] - Executing function: 'us.functions.utils.scrollIfNotVisible'
2024-01-26 12:53:03.302 [DEBUG] [thread-id 1] - Verify identifier: {//XCUIElementTypeButton[@name="FulfillmentSummaryView.actionButton" and not(contains(@label,"See Options"))] | //*[contains(@label,"Reserve a new time")]=[true]}
2024-01-26 12:53:06.899 [DEBUG] [thread-id 1] - Element already visible, scrolling is skipped
2024-01-26 12:53:06.993 [DEBUG] [thread-id 1] - Resetting scrollPosition variable to default
2024-01-26 12:53:06.994 [DEBUG] [thread-id 1] - Store in: store the value 'null' in the variable 'scrollPosition'
2024-01-26 12:53:06.994 [DEBUG] [thread-id 1] - Store in: store the value 'null' in the variable 'identifierScope'
2024-01-26 12:53:06.996 [DEBUG] [thread-id 1] - Store in: store the value 'null' in the variable 'limit'
2024-01-26 12:53:13.685 [DEBUG] [thread-id 1] - Verify identifier: {//XCUIElementTypeButton[@name="FulfillmentSummaryView.actionButton" and not(contains(@label,"See Options"))] | //*[contains(@label,"Reserve a new time")]=[true]}
2024-01-26 12:53:20.385 [DEBUG] [thread-id 1] - Click element: '//XCUIElementTypeButton[@name="FulfillmentSummaryView.actionButton" and not(contains(@label,"See Options"))] | //*[contains(@label,"Reserve a new time")]'
2024-01-26 12:53:40.765 [DEBUG] [thread-id 1] - Slot page loaded
2024-01-26 12:53:59.991 [DEBUG] [thread-id 1] - ------ Loading pickup tab ------
2024-01-26 12:53:59.994 [DEBUG] [thread-id 1] - conditionally execute a flow. condition: true
2024-01-26 12:54:09.240 [DEBUG] [thread-id 1] - Click element: '//XCUIElementTypeButton[@name="Pickup"]'
2024-01-26 12:54:19.493 [WARN] [thread-id 1] - variable skipSlotPage was used, but r2 could not find a value for this variable. returning default of null
2024-01-26 12:54:19.494 [DEBUG] [thread-id 1] - conditionally execute a flow. condition: false
2024-01-26 12:54:25.058 [WARN] [thread-id 1] - variable wplusUser was used, but r2 could not find a value for this variable. returning default of null
2024-01-26 12:54:25.058 [WARN] [thread-id 1] - variable wplusUser was used, but r2 could not find a value for this variable. returning default of null
2024-01-26 12:54:30.642 [WARN] [thread-id 1] - variable slotDay was used, but r2 could not find a value for this variable. returning default of null
2024-01-26 12:54:30.643 [WARN] [thread-id 1] - variable slotDay was used, but r2 could not find a value for this variable. returning default of null
2024-01-26 12:54:36.960 [DEBUG] [thread-id 1] - Executing function: 'us.functions.selectTimeSlotBasics'
2024-01-26 12:54:36.962 [DEBUG] [thread-id 1] - conditionally execute a flow. condition: true
2024-01-26 12:54:43.408 [DEBUG] [thread-id 1] - ------Selecting unscheduled time slot------
2024-01-26 12:55:13.584 [DEBUG] [thread-id 1] - Main failed: ENV_FAILURE - production - Unscheduled slot not displayed
2024-01-26 12:55:20.039 [DEBUG] [thread-id 1] - Executing scenario: 'After'
2024-01-26 12:55:20.041 [DEBUG] [thread-id 1] - Executing function: 'us.functions.utils.afterSteps'
2024-01-26 12:55:20.042 [WARN] [thread-id 1] - variable testStatus was used, but r2 could not find a value for this variable. returning default of null
2024-01-26 12:55:20.042 [DEBUG] [thread-id 1] - conditionally execute a flow. condition: false
2024-01-26 12:55:26.865 [DEBUG] [thread-id 1] - Test failed
2024-01-26 12:55:26.966 [DEBUG] [thread-id 1] - Executing function: 'us.functions.utils.fetchExecutionTime'
2024-01-26 12:55:26.968 [DEBUG] [thread-id 1] - conditionally execute a flow. condition: true
2024-01-26 12:55:33.424 [DEBUG] [thread-id 1] - Timestamp: 1706302533424
2024-01-26 12:55:39.748 [DEBUG] [thread-id 1] - Arithmetic Operation: (1706302533424 - 1706301411256) / 1000 (value = 1122.168)
2024-01-26 12:55:39.749 [DEBUG] [thread-id 1] - Store in: store the value '1122.168' in the variable 'result'
2024-01-26 12:55:45.717 [DEBUG] [thread-id 1] - 1122.168
2024-01-26 12:55:51.709 [DEBUG] [thread-id 1] - Arithmetic Operation: 1122.168 / 60 (value = 18.7028)
2024-01-26 12:55:51.711 [DEBUG] [thread-id 1] - Store in: store the value '18.7028' in the variable 'result'
2024-01-26 12:55:58.066 [DEBUG] [thread-id 1] - 18.7028
2024-01-26 12:56:05.564 [DEBUG] [thread-id 1] - Create file: './timestampData.txt' with string '18.7028,'
2024-01-26 12:56:29.132 [DEBUG] [thread-id 1] - Created report: /Users/m0k0a2f/glass-automation/report/index.html
