2024-07-25 09:55:30.782 [DEBUG] [thread-id 1] - Executing R2 4.0.2: '/Users/m0k0a2f/glass-automation/./us/e2e-tests/test-scripts/android/golden-flows/Ecomm-And-Fulfillment-Flows/guided-delivery-instructions/C2701363-edit-inhome-GDI-Shipping-mixed-cart-from-reviewpage-and-odp.yaml' on device: 'Pixel_8_Pro_API_34'
2024-07-25 09:55:30.885 [INFO] [thread-id 1] - url: http://127.0.0.1:4723
2024-07-25 09:55:45.782 [DEBUG] [thread-id 1] - Executing scenario: 'Before'
2024-07-25 09:55:45.785 [DEBUG] [thread-id 1] - R2_SUBFLOW_PRE_TRANSACTION
2024-07-25 09:55:45.786 [DEBUG] [thread-id 1] - Executing function: 'us.functions.utils.fetchFromDataList'
2024-07-25 09:55:45.797 [DEBUG] [thread-id 1] - conditionally execute a flow. condition: false
2024-07-25 09:55:45.903 [DEBUG] [thread-id 1] - Store in: store the value 'STORE_SCHEDULED_DELIVERY' in the variable 'itemGroup'
2024-07-25 09:55:45.905 [DEBUG] [thread-id 1] - loop: over '[ "1606518228","715609802", "10898594", "489015493","779762816"]'
2024-07-25 09:55:46.002 [DEBUG] [thread-id 1] - Executing function: 'us.functions.utils.checkItemTransactabality'
2024-07-25 09:55:46.003 [DEBUG] [thread-id 1] - Store in: store the value 'false' in the variable 'itemEligible'
2024-07-25 09:55:46.004 [DEBUG] [thread-id 1] - Call API: 'http://astro.walmart.com/api/v2/teflon/item/transactability'
2024-07-25 09:55:59.664 [DEBUG] [thread-id 1] - Response code is: '520'. Response body is: '{"astroStatus":"FAIL","astroDescription":"Error in checking item transactability","astroDetails":"Error: getaddrinfo ENOTFOUND item-read-api.teflon.iro.itemsiteservices.prod.us.walmart.net","astroInfo":null}'
2024-07-25 09:55:59.939 [DEBUG] [thread-id 1] - Store in: store the value 'false' in the variable 'itemEligible'
2024-07-25 09:55:59.941 [DEBUG] [thread-id 1] - Call API: 'http://astro.walmart.com/api/v2/teflon/item/transactability'
2024-07-25 09:56:13.346 [DEBUG] [thread-id 1] - Response code is: '520'. Response body is: '{"astroStatus":"FAIL","astroDescription":"Error in checking item transactability","astroDetails":"Error: getaddrinfo ENOTFOUND item-read-api.teflon.iro.itemsiteservices.prod.us.walmart.net","astroInfo":null}'
2024-07-25 09:56:13.621 [DEBUG] [thread-id 1] - Store in: store the value 'false' in the variable 'itemEligible'
2024-07-25 09:56:13.622 [DEBUG] [thread-id 1] - Call API: 'http://astro.walmart.com/api/v2/teflon/item/transactability'
2024-07-25 09:56:26.860 [DEBUG] [thread-id 1] - Response code is: '520'. Response body is: '{"astroStatus":"FAIL","astroDescription":"Error in checking item transactability","astroDetails":"Error: getaddrinfo ENOTFOUND item-read-api.teflon.iro.itemsiteservices.prod.us.walmart.net","astroInfo":null}'
2024-07-25 09:56:27.220 [DEBUG] [thread-id 1] - Store in: store the value 'false' in the variable 'itemEligible'
2024-07-25 09:56:27.230 [DEBUG] [thread-id 1] - Call API: 'http://astro.walmart.com/api/v2/teflon/item/transactability'
2024-07-25 09:56:40.490 [DEBUG] [thread-id 1] - Response code is: '520'. Response body is: '{"astroStatus":"FAIL","astroDescription":"Error in checking item transactability","astroDetails":"Error: getaddrinfo ENOTFOUND item-read-api.teflon.iro.itemsiteservices.prod.us.walmart.net","astroInfo":null}'
2024-07-25 09:56:40.754 [DEBUG] [thread-id 1] - Store in: store the value 'false' in the variable 'itemEligible'
2024-07-25 09:56:40.761 [DEBUG] [thread-id 1] - Call API: 'http://astro.walmart.com/api/v2/teflon/item/transactability'
2024-07-25 09:56:54.000 [DEBUG] [thread-id 1] - Response code is: '520'. Response body is: '{"astroStatus":"FAIL","astroDescription":"Error in checking item transactability","astroDetails":"Error: getaddrinfo ENOTFOUND item-read-api.teflon.iro.itemsiteservices.prod.us.walmart.net","astroInfo":null}'
2024-07-25 09:56:54.144 [DEBUG] [thread-id 1] - conditionally execute a flow. condition: false
2024-07-25 09:57:15.786 [DEBUG] [thread-id 1] - Before failed: DATA_FAILURE - Eligible item not found for type STORE_SCHEDULED_DELIVERY
2024-07-25 09:57:15.999 [DEBUG] [thread-id 1] - Executing scenario: 'After'
2024-07-25 09:57:16.000 [DEBUG] [thread-id 1] - Executing function: 'us.functions.utils.afterSteps'
2024-07-25 09:57:16.001 [WARN] [thread-id 1] - variable testStatus was used, but r2 could not find a value for this variable. returning default of null
2024-07-25 09:57:16.002 [DEBUG] [thread-id 1] - conditionally execute a flow. condition: false
2024-07-25 09:57:16.131 [DEBUG] [thread-id 1] - Test failed
2024-07-25 09:57:18.165 [DEBUG] [thread-id 1] - Created report: /Users/m0k0a2f/glass-automation/report/index.html
