2024-09-12 19:41:57.430 [ERROR] [thread-id 1] - com.walmartlabs.exception.TestsNotExecutedException: Cannot find tags or tests with name: c2668906
2024-09-12 19:45:10.152 [DEBUG] [thread-id 1] - Executing R2 4.0.2: '/Users/m0k0a2f/glass-automation/./us/e2e-tests/test-scripts/android/golden-flows/Ecomm-And-Fulfillment-Flows/subscription-flows/C2668906-glass-to-autodelivery-gm-item.yaml' on device: 'Pixel_8_Pro_API_34'
2024-09-12 19:45:10.229 [INFO] [thread-id 1] - url: http://127.0.0.1:4723
2024-09-12 19:45:25.903 [DEBUG] [thread-id 1] - Executing scenario: 'Before'
2024-09-12 19:45:25.908 [DEBUG] [thread-id 1] - Execute before steps
2024-09-12 19:45:25.910 [DEBUG] [thread-id 1] - R2_SUBFLOW_PRE_TRANSACTION
2024-09-12 19:45:26.152 [DEBUG] [thread-id 1] - Using us-errors-helpers.yaml
2024-09-12 19:45:26.401 [DEBUG] [thread-id 1] - Start main
2024-09-12 19:45:26.404 [DEBUG] [thread-id 1] - Timestamp: 1726195526403
2024-09-12 19:45:26.406 [DEBUG] [thread-id 1] - Store in: store the value 'subs1726195526403@walmart.com' in the variable 'customerEmail'
2024-09-12 19:45:26.407 [DEBUG] [thread-id 1] - Store in: store the value 'E2epassword$' in the variable 'password'
2024-09-12 19:45:26.409 [DEBUG] [thread-id 1] - Executing function: 'us.functions.utils.astro.createAccount'
2024-09-12 19:45:26.409 [DEBUG] [thread-id 1] - Create Account
2024-09-12 19:45:26.410 [DEBUG] [thread-id 1] - {"firstName": "Native","lastName": "Work","emailAddress": "subs1726195526403@walmart.com","phoneNumber": "7026229895","verification":"phone","paymentMethods": ["VISA"],"postalAddress": {"address": "1350 Bacchus Dr","city": "San Jose","country": "USA","postalCode": "95122","state": "CA"},"password": "E2epassword$"}
2024-09-12 19:45:26.411 [DEBUG] [thread-id 1] - loop: from 1 to 4
2024-09-12 19:45:26.532 [DEBUG] [thread-id 1] - Call API: 'http://astro.walmart.com/api/v2/teflon/customer'
2024-09-12 19:45:44.645 [DEBUG] [thread-id 1] - Response code is: '200'. Response body is: '{"astroStatus":"SUCCESS","astroDescription":"SIGNUP_SUCCESS","astroDetails":{"status":"OK","statusCode":200,"customerAccountId":"5c21e12a-5d95-43fc-a618-70209e033e79","customerDetails":{"firstName":"Native","lastName":"Work","emailAddress":"subs1726195526403@walmart.com","phoneNumber":"7026229895","verification":"phone","paymentMethods":["VISA"],"postalAddress":{"address":"1350 Bacchus Dr","city":"San Jose","country":"USA","postalCode":"95122","state":"CA"},"password":"E2epassword$"},"addDeliveryPreference":"OK","addPaymentPreference":"OK","addPaymentPreferenceId":"0d71ed41-d5ef-44c8-917c-895113a91e69","customerPatch":"OK"}}'
2024-09-12 19:45:44.797 [DEBUG] [thread-id 1] - Store in: store the value '17026229895' in the variable 'astroPhoneNumber'
2024-09-12 19:45:44.955 [DEBUG] [thread-id 1] - conditionally execute a flow. condition: true
2024-09-12 19:45:45.084 [DEBUG] [thread-id 1] - conditionally execute a flow. condition: true
2024-09-12 19:45:45.208 [DEBUG] [thread-id 1] - 0d71ed41-d5ef-44c8-917c-895113a91e69
2024-09-12 19:45:45.324 [WARN] [thread-id 1] - variable withoutPayment was used, but r2 could not find a value for this variable. returning default of null
2024-09-12 19:45:45.325 [DEBUG] [thread-id 1] - conditionally execute a flow. condition: false
2024-09-12 19:45:45.454 [DEBUG] [thread-id 1] - Account created successfully
2024-09-12 19:45:45.585 [DEBUG] [thread-id 1] - ------- Account created Successfully -------
2024-09-12 19:45:45.767 [DEBUG] [thread-id 1] - Executing function: 'us.functions.global.onboarding.navigateOnboardingToHome'
2024-09-12 19:45:45.768 [DEBUG] [thread-id 1] - Executing function: 'us.function.utils.getEnvironmentValue'
2024-09-12 19:45:45.769 [DEBUG] [thread-id 1] - Store in: store the value 'teflon' in the variable 'env'
2024-09-12 19:45:45.770 [DEBUG] [thread-id 1] - Timestamp: 1726195545770
2024-09-12 19:45:45.771 [DEBUG] [thread-id 1] - Start Activity: 'com.walmart.android.debug.com.walmart.glass.integration.splash.SplashActivity'
2024-09-12 19:46:01.598 [DEBUG] [thread-id 1] - conditionally execute a flow. condition: false
2024-09-12 19:46:01.711 [DEBUG] [thread-id 1] - Verify identifier: {com.walmart.android.debug:id/onboarding_welcome_title_textview=[true]}
2024-09-12 19:46:12.263 [DEBUG] [thread-id 1] - conditionally execute a flow. condition: false
2024-09-12 19:46:12.497 [DEBUG] [thread-id 1] - Verify identifier: {com.walmart.android.debug:id/onboarding_welcome_title_textview=[true]}
2024-09-12 19:46:13.033 [DEBUG] [thread-id 1] - Click element: 'com.walmart.android.debug:id/onboarding_welcome_secondary_button'
2024-09-12 19:46:13.860 [WARN] [thread-id 1] - variable allowNotifications was used, but r2 could not find a value for this variable. returning default of null
2024-09-12 19:46:13.862 [DEBUG] [thread-id 1] - conditionally execute a flow. condition: false
2024-09-12 19:46:15.334 [DEBUG] [thread-id 1] - Verify identifier: {com.walmart.android.debug:id/onboarding_notification_title_textview=[true]}
2024-09-12 19:46:15.765 [DEBUG] [thread-id 1] - Click element: 'com.walmart.android.debug:id/onboarding_maybe_later_button'
2024-09-12 19:46:17.915 [DEBUG] [thread-id 1] - Verify identifier: {com.walmart.android.debug:id/onboarding_location_title_textview=[true]}
2024-09-12 19:46:18.112 [DEBUG] [thread-id 1] - Click element: 'com.walmart.android.debug:id/onboarding_zip_code_button'
2024-09-12 19:46:19.242 [DEBUG] [thread-id 1] - Verify identifier: {com.walmart.android.debug:id/onboarding_title_textview=[true]}
2024-09-12 19:46:19.622 [DEBUG] [thread-id 1] - Click element: '//android.widget.EditText[@text="Enter zip code"] | //android.widget.EditText[@text="Enter postal code"] | //android.widget.EditText[@resource-id="com.walmart.android.debug:id/onboarding_zip_code_textinput"]//android.widget.EditText'
2024-09-12 19:46:21.258 [DEBUG] [thread-id 1] - Enter text: '95122'
2024-09-12 19:46:23.104 [DEBUG] [thread-id 1] - Hide keyboard: 'true'
2024-09-12 19:46:30.090 [DEBUG] [thread-id 1] - Click element: 'com.walmart.android.debug:id/onboarding_zip_code_search_button'
2024-09-12 19:46:33.037 [DEBUG] [thread-id 1] - sleep:  3000 milliseconds
2024-09-12 19:46:36.045 [DEBUG] [thread-id 1] - loop: from 0 to 3
2024-09-12 19:46:36.278 [DEBUG] [thread-id 1] - 0
2024-09-12 19:46:46.605 [DEBUG] [thread-id 1] - conditionally execute a flow. condition: false
2024-09-12 19:46:56.907 [DEBUG] [thread-id 1] - Verify identifier: {com.walmart.android.debug:id/onboarding_title_textview=[true]}
2024-09-12 19:46:56.909 [DEBUG] [thread-id 1] - Executing function: 'us.functions.global.onboarding.popUpScreen'
2024-09-12 19:46:56.910 [DEBUG] [thread-id 1] - sleep:  3000 milliseconds
2024-09-12 19:47:10.000 [DEBUG] [thread-id 1] - sleep:  3000 milliseconds
2024-09-12 19:47:13.013 [DEBUG] [thread-id 1] - Executing function: 'us.functions.global.onboarding.smartLock.DismissNoneOfTheAbove'
2024-09-12 19:47:23.020 [DEBUG] [thread-id 1] - conditionally execute a flow. condition: false
2024-09-12 19:47:33.231 [DEBUG] [thread-id 1] - sleep:  3000 milliseconds
2024-09-12 19:47:36.236 [DEBUG] [thread-id 1] - Executing function: 'us.functions.home.personalizedPopUpScreenClose'
2024-09-12 19:47:36.237 [DEBUG] [thread-id 1] - sleep:  5000 milliseconds
2024-09-12 19:47:41.243 [DEBUG] [thread-id 1] - conditionally execute a flow. condition: true
2024-09-12 19:47:41.449 [DEBUG] [thread-id 1] - Click element: 'com.walmart.android.debug:id/marketing_privacy_bottom_sheet_deny_btn'
2024-09-12 19:47:42.110 [DEBUG] [thread-id 1] - sleep:  3000 milliseconds
2024-09-12 19:47:45.336 [DEBUG] [thread-id 1] - conditionally execute a flow. condition: true
2024-09-12 19:47:45.686 [DEBUG] [thread-id 1] - Click element: '//android.widget.ImageView[@content-desc="Close"]'
2024-09-12 19:47:47.125 [DEBUG] [thread-id 1] - sleep:  3000 milliseconds
2024-09-12 19:47:50.128 [DEBUG] [thread-id 1] - Executing function: 'us.functions.utils.tryAgainWhenThereIsError'
2024-09-12 19:47:50.130 [DEBUG] [thread-id 1] - loop: from 0 to 3
2024-09-12 19:47:50.283 [DEBUG] [thread-id 1] - 0
2024-09-12 19:48:00.717 [DEBUG] [thread-id 1] - conditionally execute a flow. condition: false
2024-09-12 19:48:11.549 [DEBUG] [thread-id 1] - Executing function: 'us.functions.gic.collapseIfExpanded'
2024-09-12 19:48:21.693 [DEBUG] [thread-id 1] - conditionally execute a flow. condition: false
2024-09-12 19:48:21.828 [DEBUG] [thread-id 1] - gic is collapsed
2024-09-12 19:48:21.962 [DEBUG] [thread-id 1] - Verify identifier: {//android.widget.EditText[@resource-id="com.walmart.android.debug:id/search_view"]=[true]}
2024-09-12 19:48:21.964 [DEBUG] [thread-id 1] - Executing function: 'us.functions.home.handleReorderToolTip'
2024-09-12 19:48:32.230 [DEBUG] [thread-id 1] - conditionally execute a flow. condition: false
2024-09-12 19:48:32.360 [DEBUG] [thread-id 1] - no tooltip displayed
2024-09-12 19:48:32.362 [DEBUG] [thread-id 1] - Executing function: 'us.functions.home.navigateHomeToSignIn'
2024-09-12 19:48:32.493 [DEBUG] [thread-id 1] - Click element: '//android.widget.FrameLayout[contains(@content-desc,"Account")]'
2024-09-12 19:48:33.136 [DEBUG] [thread-id 1] - sleep:  5000 milliseconds
2024-09-12 19:48:38.273 [DEBUG] [thread-id 1] - Verify identifier: {//*[@resource-id="com.walmart.android.debug:id/sign_in_button"]|//*[@resource-id="com.walmart.android.debug:id/account_sign_in_button"]=[true]}
2024-09-12 19:48:38.275 [DEBUG] [thread-id 1] - loop: from 1 to 3
2024-09-12 19:48:38.418 [DEBUG] [thread-id 1] - Executing function: 'us.functions.global.onboarding.smartLock.DismissNoneOfTheAbove'
2024-09-12 19:48:48.485 [DEBUG] [thread-id 1] - conditionally execute a flow. condition: false
2024-09-12 19:48:58.913 [DEBUG] [thread-id 1] - conditionally execute a flow. condition: true
2024-09-12 19:48:59.126 [DEBUG] [thread-id 1] - Click element: '//*[@resource-id="com.walmart.android.debug:id/sign_in_button"]|//*[@resource-id="com.walmart.android.debug:id/account_sign_in_button"]'
2024-09-12 19:49:00.116 [DEBUG] [thread-id 1] - sleep:  3000 milliseconds
2024-09-12 19:49:13.467 [DEBUG] [thread-id 1] - conditionally execute a flow. condition: true
2024-09-12 19:49:13.619 [DEBUG] [thread-id 1] - Store in: store the value 'true' in the variable 'signInValidated'
2024-09-12 19:49:13.711 [DEBUG] [thread-id 1] - conditionally execute a flow. condition: true
2024-09-12 19:49:13.791 [DEBUG] [thread-id 1] - SignIn page loaded
2024-09-12 19:49:13.888 [DEBUG] [thread-id 1] - Store in: store the value 'false' in the variable 'signInValidated'
2024-09-12 19:49:13.893 [DEBUG] [thread-id 1] - Executing function: 'us.functions.global.authentication.signInAccount'
2024-09-12 19:49:13.895 [DEBUG] [thread-id 1] - Executing function: 'us.functions.global.onboarding.smartLock.DismissNoneOfTheAbove'
2024-09-12 19:49:23.936 [DEBUG] [thread-id 1] - conditionally execute a flow. condition: false
2024-09-12 19:49:34.082 [WARN] [thread-id 1] - variable validateSignInPage was used, but r2 could not find a value for this variable. returning default of null
2024-09-12 19:49:44.349 [DEBUG] [thread-id 1] - Verify identifier: {//android.widget.EditText[@content-desc="Email"]/android.widget.FrameLayout/android.widget.EditText | //android.widget.LinearLayout[@resource-id="com.walmart.android.debug:id/auth_field_login_id"]/android.widget.FrameLayout/android.widget.EditText | //android.widget.EditText[@text="Email"] | //android.widget.LinearLayout[@resource-id="com.walmart.android.debug:id/auth_field_login_id_component"]//android.widget.EditText | //android.widget.LinearLayout[@resource-id="com.walmart.android.debug:id/phone_number_field"]//android.widget.EditText=[true]}
2024-09-12 19:49:44.429 [DEBUG] [thread-id 1] - Enter text: 'subs1726195526403@walmart.com'
2024-09-12 19:49:46.436 [DEBUG] [thread-id 1] - loop: from 1 to 3
2024-09-12 19:49:47.148 [DEBUG] [thread-id 1] - sleep:  3000 milliseconds
2024-09-12 19:49:50.252 [DEBUG] [thread-id 1] - conditionally execute a flow. condition: true
2024-09-12 19:49:50.423 [DEBUG] [thread-id 1] - Click element: 'com.walmart.android.debug:id/auth_button_main'
2024-09-12 19:49:52.423 [DEBUG] [thread-id 1] - sleep:  5000 milliseconds
2024-09-12 19:49:57.545 [DEBUG] [thread-id 1] - conditionally execute a flow. condition: true
2024-09-12 19:49:57.735 [DEBUG] [thread-id 1] - Click element: 'Enter your password'
2024-09-12 19:49:58.917 [DEBUG] [thread-id 1] - Selected Password Option to Login
2024-09-12 19:49:59.012 [DEBUG] [thread-id 1] - sleep:  5000 milliseconds
2024-09-12 19:50:04.240 [DEBUG] [thread-id 1] - conditionally execute a flow. condition: true
2024-09-12 19:50:04.330 [DEBUG] [thread-id 1] - Store in: store the value 'true' in the variable 'signInValidated'
2024-09-12 19:50:04.432 [DEBUG] [thread-id 1] - conditionally execute a flow. condition: true
2024-09-12 19:50:04.537 [DEBUG] [thread-id 1] - Store in: store the value 'false' in the variable 'signInValidated'
2024-09-12 19:50:04.644 [DEBUG] [thread-id 1] - Email entered
2024-09-12 19:50:24.808 [WARN] [thread-id 1] - variable validateSignInPage was used, but r2 could not find a value for this variable. returning default of null
2024-09-12 19:50:24.809 [DEBUG] [thread-id 1] - loop: from 1 to 3
2024-09-12 19:50:24.891 [DEBUG] [thread-id 1] - sleep:  2000 milliseconds
2024-09-12 19:50:26.995 [DEBUG] [thread-id 1] - conditionally execute a flow. condition: true
2024-09-12 19:50:27.204 [DEBUG] [thread-id 1] - Enter text: 'E2epassword$'
2024-09-12 19:50:29.778 [DEBUG] [thread-id 1] - Press go back key: 'true'
2024-09-12 19:50:31.182 [DEBUG] [thread-id 1] - sleep:  1000 milliseconds
2024-09-12 19:50:33.152 [DEBUG] [thread-id 1] - Click element: 'com.walmart.android.debug:id/auth_button_main'
2024-09-12 19:50:35.477 [DEBUG] [thread-id 1] - sleep:  5000 milliseconds
2024-09-12 19:50:40.658 [DEBUG] [thread-id 1] - conditionally execute a flow. condition: true
2024-09-12 19:50:40.759 [DEBUG] [thread-id 1] - Store in: store the value 'true' in the variable 'signInValidated'
2024-09-12 19:50:40.880 [DEBUG] [thread-id 1] - Executing function: 'us.functions.global.authentication.handleSomethingWentWrongError'
2024-09-12 19:50:40.880 [DEBUG] [thread-id 1] - sleep:  5000 milliseconds
2024-09-12 19:50:45.885 [DEBUG] [thread-id 1] - loop: from 0 to 3
2024-09-12 19:50:46.022 [DEBUG] [thread-id 1] - 0
2024-09-12 19:50:57.091 [DEBUG] [thread-id 1] - conditionally execute a flow. condition: false
2024-09-12 19:50:57.202 [DEBUG] [thread-id 1] - conditionally execute a flow. condition: true
2024-09-12 19:50:57.322 [DEBUG] [thread-id 1] - Account signed in
2024-09-12 19:51:18.004 [DEBUG] [thread-id 1] - Executing function: 'us.functions.utils.handleCartMergePopup'
2024-09-12 19:51:18.005 [DEBUG] [thread-id 1] - sleep:  7000 milliseconds
2024-09-12 19:51:25.012 [DEBUG] [thread-id 1] - loop: from 0 to 4
2024-09-12 19:51:25.168 [DEBUG] [thread-id 1] - 0
2024-09-12 19:51:35.430 [DEBUG] [thread-id 1] - conditionally execute a flow. condition: false
2024-09-12 19:51:35.572 [DEBUG] [thread-id 1] - No cart merge popup observed
2024-09-12 19:51:35.724 [DEBUG] [thread-id 1] - Executing function: 'us.functions.global.navigation.accountToHome'
2024-09-12 19:51:45.865 [DEBUG] [thread-id 1] - Verify identifier: {//androidx.cardview.widget.CardView[@resource-id="com.walmart.android.debug:id/purchase_history_card"] | //android.widget.TextView[@resource-id="com.walmart.android.debug:id/purchase_history_header"]=[true]}
2024-09-12 19:51:45.868 [DEBUG] [thread-id 1] - conditionally execute a flow. condition: true
2024-09-12 19:51:46.000 [DEBUG] [thread-id 1] - Scroll: down
2024-09-12 19:51:51.778 [DEBUG] [thread-id 1] - Scroll: up
2024-09-12 19:51:57.241 [DEBUG] [thread-id 1] - Click element: 'com.walmart.android.debug:id/navigation_shop'
2024-09-12 19:51:58.354 [DEBUG] [thread-id 1] - Executing function: 'us.functions.home.closeWPlusPromotionPopUpIfDisplayed'
2024-09-12 19:51:58.355 [DEBUG] [thread-id 1] - sleep:  6000 milliseconds
2024-09-12 19:52:14.612 [DEBUG] [thread-id 1] - Executing function: 'us.functions.home.setStore'
2024-09-12 19:52:14.613 [DEBUG] [thread-id 1] - conditionally execute a flow. condition: true
2024-09-12 19:52:14.751 [DEBUG] [thread-id 1] - Store in: store the value '95122' in the variable 'zipcode'
2024-09-12 19:52:24.833 [DEBUG] [thread-id 1] - conditionally execute a flow. condition: false
2024-09-12 19:52:24.968 [DEBUG] [thread-id 1] - Executing function: 'us.functions.home.changeStore'
2024-09-12 19:52:25.076 [DEBUG] [thread-id 1] - conditionally execute a flow. condition: true
2024-09-12 19:52:25.343 [DEBUG] [thread-id 1] - Click element: '//android.widget.ImageView[contains(@resource-id, "com.walmart.android.debug:id/global_intent_center_collapsed_chevron") and (contains(@content-desc,"collapsed") or contains(@content-desc,"collapse"))]'
2024-09-12 19:52:26.868 [DEBUG] [thread-id 1] - conditionally execute a flow. condition: false
2024-09-12 19:52:27.042 [DEBUG] [thread-id 1] - Selecting only store without intent
2024-09-12 19:52:27.043 [WARN] [thread-id 1] - variable driverpopup was used, but r2 could not find a value for this variable. returning default of null
2024-09-12 19:52:37.060 [DEBUG] [thread-id 1] - sleep:  2000 milliseconds
2024-09-12 19:52:39.069 [DEBUG] [thread-id 1] - Executing function: 'us.functions.home.closeWPlusPromotionPopUpIfDisplayed'
2024-09-12 19:52:39.070 [DEBUG] [thread-id 1] - sleep:  6000 milliseconds
2024-09-12 19:53:08.684 [DEBUG] [thread-id 1] - Click element: '//*[contains(@resource-id, "global_intent_center_expanded_view")]//androidx.cardview.widget.CardView[contains(@resource-id, "global_intent_center_expanded_large_card")][position()=last()]//*[contains(@resource-id, "global_intent_center_large_card_chevron")] | //*[@resource-id="com.walmart.android.debug:id/gic_hot_pickup_card"]//*[@resource-id = "com.walmart.android.debug:id/gic_hot_card_content"]'
2024-09-12 19:53:09.324 [DEBUG] [thread-id 1] - --- Selecting the store ---
2024-09-12 19:53:31.108 [DEBUG] [thread-id 1] - conditionally execute a flow. condition: false
2024-09-12 19:53:52.207 [DEBUG] [thread-id 1] - Enter text: '95122'
2024-09-12 19:54:59.794 [DEBUG] [thread-id 1] - Click element with offset: '//*[@resource-id="com.walmart.android.debug:id/storeslector_access_points_recycler_view"]/android.view.ViewGroup[1]'
2024-09-12 19:56:22.781 [DEBUG] [thread-id 1] - Click element with offset: '//*[@resource-id="com.walmart.android.debug:id/storeslector_access_points_recycler_view"]/android.view.ViewGroup[1]'
2024-09-12 19:56:24.751 [DEBUG] [thread-id 1] - Main failed: Cannot click '//*[@resource-id="com.walmart.android.debug:id/storeslector_access_points_recycler_view"]/android.view.ViewGroup[1]'
2024-09-12 19:56:34.743 [DEBUG] [thread-id 1] - Executing scenario: 'After'
2024-09-12 19:56:34.744 [DEBUG] [thread-id 1] - Executing function: 'us.functions.utils.afterSteps'
2024-09-12 19:56:34.744 [WARN] [thread-id 1] - variable testStatus was used, but r2 could not find a value for this variable. returning default of null
2024-09-12 19:56:34.745 [DEBUG] [thread-id 1] - conditionally execute a flow. condition: false
2024-09-12 19:56:34.950 [DEBUG] [thread-id 1] - Test failed
2024-09-12 19:56:36.644 [DEBUG] [thread-id 1] - Created report: /Users/m0k0a2f/glass-automation/report/index.html
2024-09-12 19:59:10.036 [DEBUG] [thread-id 172] - Executing R2 4.0.2: '/Users/m0k0a2f/glass-automation/./us/e2e-tests/test-scripts/android/golden-flows/Ecomm-And-Fulfillment-Flows/subscription-flows/C2668906-glass-to-autodelivery-gm-item.yaml' on device: 'Google Pixel 8 Pro GoogleAPI Emulator'
2024-09-12 19:59:10.113 [INFO] [thread-id 172] - url: https://SAUCE_USERNAME:SAUCE_ACCESS_KEY@ondemand.us-west-1.saucelabs.com:443/wd/hub
2024-09-12 19:59:41.303 [ERROR] [thread-id 172] - error setting up appium session: 
org.openqa.selenium.SessionNotCreatedException: Could not start a new session. Response code 401. Message: failed serving request POST /wd/hub/session: Unauthorized 
Host info: host: 'm-xqkh4fwq5j', ip: '2603:8001:723f:c780:c8ba:a63b:e800:dbf5%en0'
Build info: version: '4.13.0', revision: 'ba948ece5b*'
System info: os.name: 'Mac OS X', os.arch: 'aarch64', os.version: '14.6.1', java.version: '20.0.1'
Driver info: io.appium.java_client.android.AndroidDriver
Command: [null, newSession {capabilities=[{appium:adbExecTimeout=50000, appium:app=storage:filename=glass.apk, appium:appActivity=com.walmart.glass.integration.AutomationActivity, appium:appPackage=com.walmart.android.debug, appium:automationName=UiAutomator2, appium:commandTimeout=600, appium:deviceName=Google Pixel 8 Pro GoogleAPI Emulator, appium:fullReset=true, appium:idleTimeout=1000, appium:intentFlags=0, appium:newCommandTimeout=600000, appium:noReset=false, appium:noSign=true, appium:optionalIntentArguments=--es glass.auto.ServiceEnv TEFLON --es glass.auto.CCM '{ "feature.membership.annualPlanOffer.enabled": { "value": false } }', appium:orientation=PORTRAIT, appium:platformVersion=14.0, platformName=ANDROID, sauce:options={public=share, build=r2-glass-${APP_PLATFORM}-${TEST_TAGS}-${TEST_SESSION_ID}, appiumVersion=2.0.0, idleTimeout=1000, commandTimeout=600, name=C2668906-glass-to-autodelivery-gm-item.yaml, deviceOrientation=PORTRAIT}}], desiredCapabilities=Capabilities {appium:adbExecTimeout: 50000, appium:app: storage:filename=glass.apk, appium:appActivity: com.walmart.glass.integrati..., appium:appPackage: com.walmart.android.debug, appium:automationName: UiAutomator2, appium:commandTimeout: 600, appium:deviceName: Google Pixel 8 Pro GoogleAP..., appium:fullReset: true, appium:idleTimeout: 1000, appium:intentFlags: 0, appium:newCommandTimeout: 600000, appium:noReset: false, appium:noSign: true, appium:optionalIntentArguments: --es glass.auto.ServiceEnv ..., appium:orientation: PORTRAIT, appium:platformVersion: 14.0, platformName: ANDROID, sauce:options: {appiumVersion: 2.0.0, build: r2-glass-${APP_PLATFORM}-${..., commandTimeout: 600, deviceOrientation: PORTRAIT, idleTimeout: 1000, name: C2668906-glass-to-autodeliv..., public: share}}}]
Capabilities {appium:adbExecTimeout: 50000, appium:app: storage:filename=glass.apk, appium:appActivity: com.walmart.glass.integrati..., appium:appPackage: com.walmart.android.debug, appium:automationName: UiAutomator2, appium:commandTimeout: 600, appium:deviceName: Google Pixel 8 Pro GoogleAP..., appium:fullReset: true, appium:idleTimeout: 1000, appium:intentFlags: 0, appium:newCommandTimeout: 600000, appium:noReset: false, appium:noSign: true, appium:optionalIntentArguments: --es glass.auto.ServiceEnv ..., appium:orientation: PORTRAIT, appium:platformVersion: 14.0, platformName: ANDROID, sauce:options: {appiumVersion: 2.0.0, build: r2-glass-${APP_PLATFORM}-${..., commandTimeout: 600, deviceOrientation: PORTRAIT, idleTimeout: 1000, name: C2668906-glass-to-autodeliv..., public: share}}
	at org.openqa.selenium.remote.ProtocolHandshake.createSession(ProtocolHandshake.java:140) ~[r2.jar:4.0.2]
	at jdk.internal.reflect.DirectMethodHandleAccessor.invoke(DirectMethodHandleAccessor.java:104) ~[?:?]
	at java.lang.reflect.Method.invoke(Method.java:578) ~[?:?]
	at io.appium.java_client.remote.AppiumProtocolHandshake.createSession(AppiumProtocolHandshake.java:133) ~[r2.jar:4.0.2]
	at io.appium.java_client.remote.AppiumProtocolHandshake.createSession(AppiumProtocolHandshake.java:102) ~[r2.jar:4.0.2]
	at io.appium.java_client.remote.AppiumCommandExecutor.createSession(AppiumCommandExecutor.java:182) ~[r2.jar:4.0.2]
	at io.appium.java_client.remote.AppiumCommandExecutor.execute(AppiumCommandExecutor.java:250) ~[r2.jar:4.0.2]
	at org.openqa.selenium.remote.RemoteWebDriver.execute(RemoteWebDriver.java:602) ~[r2.jar:4.0.2]
	at io.appium.java_client.AppiumDriver.startSession(AppiumDriver.java:274) ~[r2.jar:4.0.2]
	at org.openqa.selenium.remote.RemoteWebDriver.<init>(RemoteWebDriver.java:163) ~[r2.jar:4.0.2]
	at io.appium.java_client.AppiumDriver.<init>(AppiumDriver.java:89) ~[r2.jar:4.0.2]
	at io.appium.java_client.AppiumDriver.<init>(AppiumDriver.java:101) ~[r2.jar:4.0.2]
	at io.appium.java_client.android.AndroidDriver.<init>(AndroidDriver.java:113) ~[r2.jar:4.0.2]
	at com.walmartlabs.executor.Appium.setupDriver(Appium.java:727) ~[r2.jar:4.0.2]
	at com.walmartlabs.executor.Appium.setupAppium(Appium.java:699) ~[r2.jar:4.0.2]
	at com.walmartlabs.executor.Executor.start(Executor.java:360) ~[r2.jar:4.0.2]
	at com.walmartlabs.executor.Executor.startExecution(Executor.java:188) ~[r2.jar:4.0.2]
	at com.walmartlabs.executor.MultipleConfigExecutor.executeConfig(MultipleConfigExecutor.java:319) ~[r2.jar:4.0.2]
	at com.walmartlabs.executor.MultipleConfigExecutor.lambda$getCallable$3(MultipleConfigExecutor.java:727) ~[r2.jar:4.0.2]
	at java.util.concurrent.FutureTask.run(FutureTask.java:317) ~[?:?]
	at java.util.concurrent.ThreadPoolExecutor.runWorker(ThreadPoolExecutor.java:1144) ~[?:?]
	at java.util.concurrent.ThreadPoolExecutor$Worker.run(ThreadPoolExecutor.java:642) ~[?:?]
	at java.lang.Thread.run(Thread.java:1623) [?:?]
2024-09-12 19:59:41.390 [DEBUG] [thread-id 1] - Created report: /Users/m0k0a2f/glass-automation/report/index.html
2024-09-12 20:01:46.671 [DEBUG] [thread-id 1] - Executing R2 4.0.2: '/Users/m0k0a2f/glass-automation/./us/e2e-tests/test-scripts/android/golden-flows/Ecomm-And-Fulfillment-Flows/subscription-flows/C2668906-glass-to-autodelivery-gm-item.yaml' on device: 'Pixel_8_Pro_API_34'
2024-09-12 20:01:46.732 [INFO] [thread-id 1] - url: http://127.0.0.1:4723
2024-09-12 20:02:01.551 [DEBUG] [thread-id 1] - Executing scenario: 'Before'
2024-09-12 20:02:01.553 [DEBUG] [thread-id 1] - Execute before steps
2024-09-12 20:02:01.554 [DEBUG] [thread-id 1] - R2_SUBFLOW_PRE_TRANSACTION
2024-09-12 20:02:01.737 [DEBUG] [thread-id 1] - Using us-errors-helpers.yaml
2024-09-12 20:02:01.914 [DEBUG] [thread-id 1] - Start main
2024-09-12 20:02:01.914 [DEBUG] [thread-id 1] - Timestamp: 1726196521914
2024-09-12 20:02:01.915 [DEBUG] [thread-id 1] - Store in: store the value 'subs1726196521914@walmart.com' in the variable 'customerEmail'
2024-09-12 20:02:01.916 [DEBUG] [thread-id 1] - Store in: store the value 'E2epassword$' in the variable 'password'
2024-09-12 20:02:01.917 [DEBUG] [thread-id 1] - Executing function: 'us.functions.utils.astro.createAccount'
2024-09-12 20:02:01.918 [DEBUG] [thread-id 1] - Create Account
2024-09-12 20:02:01.918 [DEBUG] [thread-id 1] - {"firstName": "Native","lastName": "Work","emailAddress": "subs1726196521914@walmart.com","phoneNumber": "7027643582","verification":"phone","paymentMethods": ["VISA"],"postalAddress": {"address": "1350 Bacchus Dr","city": "San Jose","country": "USA","postalCode": "95122","state": "CA"},"password": "E2epassword$"}
2024-09-12 20:02:01.919 [DEBUG] [thread-id 1] - loop: from 1 to 4
2024-09-12 20:02:02.033 [DEBUG] [thread-id 1] - Call API: 'http://astro.walmart.com/api/v2/teflon/customer'
2024-09-12 20:02:20.787 [DEBUG] [thread-id 1] - Response code is: '200'. Response body is: '{"astroStatus":"SUCCESS","astroDescription":"SIGNUP_SUCCESS","astroDetails":{"status":"OK","statusCode":200,"customerAccountId":"7b18dd90-5e55-4e06-8ef4-6cd1065f491e","customerDetails":{"firstName":"Native","lastName":"Work","emailAddress":"subs1726196521914@walmart.com","phoneNumber":"7027643582","verification":"phone","paymentMethods":["VISA"],"postalAddress":{"address":"1350 Bacchus Dr","city":"San Jose","country":"USA","postalCode":"95122","state":"CA"},"password":"E2epassword$"},"addDeliveryPreference":"OK","addPaymentPreference":"OK","addPaymentPreferenceId":"34584cfe-68ee-4c44-9cc5-8b744f8b1907","customerPatch":"OK"}}'
2024-09-12 20:02:20.912 [DEBUG] [thread-id 1] - Store in: store the value '17027643582' in the variable 'astroPhoneNumber'
2024-09-12 20:02:21.042 [DEBUG] [thread-id 1] - conditionally execute a flow. condition: true
2024-09-12 20:02:21.174 [DEBUG] [thread-id 1] - conditionally execute a flow. condition: true
2024-09-12 20:02:21.295 [DEBUG] [thread-id 1] - 34584cfe-68ee-4c44-9cc5-8b744f8b1907
2024-09-12 20:02:21.408 [WARN] [thread-id 1] - variable withoutPayment was used, but r2 could not find a value for this variable. returning default of null
2024-09-12 20:02:21.409 [DEBUG] [thread-id 1] - conditionally execute a flow. condition: false
2024-09-12 20:02:21.521 [DEBUG] [thread-id 1] - Account created successfully
2024-09-12 20:02:21.647 [DEBUG] [thread-id 1] - ------- Account created Successfully -------
2024-09-12 20:02:21.780 [DEBUG] [thread-id 1] - Executing function: 'us.functions.global.onboarding.navigateOnboardingToHome'
2024-09-12 20:02:21.781 [DEBUG] [thread-id 1] - Executing function: 'us.function.utils.getEnvironmentValue'
2024-09-12 20:02:21.781 [DEBUG] [thread-id 1] - Store in: store the value 'teflon' in the variable 'env'
2024-09-12 20:02:21.782 [DEBUG] [thread-id 1] - Timestamp: 1726196541782
2024-09-12 20:02:21.783 [DEBUG] [thread-id 1] - Start Activity: 'com.walmart.android.debug.com.walmart.glass.integration.splash.SplashActivity'
2024-09-12 20:02:36.669 [DEBUG] [thread-id 1] - conditionally execute a flow. condition: false
2024-09-12 20:02:36.776 [DEBUG] [thread-id 1] - Verify identifier: {com.walmart.android.debug:id/onboarding_welcome_title_textview=[true]}
2024-09-12 20:02:46.942 [DEBUG] [thread-id 1] - conditionally execute a flow. condition: false
2024-09-12 20:02:47.051 [DEBUG] [thread-id 1] - Verify identifier: {com.walmart.android.debug:id/onboarding_welcome_title_textview=[true]}
2024-09-12 20:02:47.312 [DEBUG] [thread-id 1] - Click element: 'com.walmart.android.debug:id/onboarding_welcome_secondary_button'
2024-09-12 20:02:49.302 [WARN] [thread-id 1] - variable allowNotifications was used, but r2 could not find a value for this variable. returning default of null
2024-09-12 20:02:49.302 [DEBUG] [thread-id 1] - conditionally execute a flow. condition: false
2024-09-12 20:02:49.433 [DEBUG] [thread-id 1] - Verify identifier: {com.walmart.android.debug:id/onboarding_notification_title_textview=[true]}
2024-09-12 20:02:49.897 [DEBUG] [thread-id 1] - Click element: 'com.walmart.android.debug:id/onboarding_maybe_later_button'
2024-09-12 20:02:52.061 [DEBUG] [thread-id 1] - Verify identifier: {com.walmart.android.debug:id/onboarding_location_title_textview=[true]}
2024-09-12 20:02:52.166 [DEBUG] [thread-id 1] - Click element: 'com.walmart.android.debug:id/onboarding_zip_code_button'
2024-09-12 20:02:53.180 [DEBUG] [thread-id 1] - Verify identifier: {com.walmart.android.debug:id/onboarding_title_textview=[true]}
2024-09-12 20:02:53.624 [DEBUG] [thread-id 1] - Click element: '//android.widget.EditText[@text="Enter zip code"] | //android.widget.EditText[@text="Enter postal code"] | //android.widget.EditText[@resource-id="com.walmart.android.debug:id/onboarding_zip_code_textinput"]//android.widget.EditText'
2024-09-12 20:02:55.213 [DEBUG] [thread-id 1] - Enter text: '95122'
2024-09-12 20:02:57.078 [DEBUG] [thread-id 1] - Hide keyboard: 'true'
2024-09-12 20:03:03.278 [DEBUG] [thread-id 1] - Click element: 'com.walmart.android.debug:id/onboarding_zip_code_search_button'
2024-09-12 20:03:19.593 [DEBUG] [thread-id 1] - Main failed: Cannot click 'com.walmart.android.debug:id/onboarding_zip_code_search_button || com.walmart.android.debug:id/manual_barcode_entry_search_button'
2024-09-12 20:03:19.824 [DEBUG] [thread-id 1] - Executing scenario: 'After'
2024-09-12 20:03:19.825 [DEBUG] [thread-id 1] - Executing function: 'us.functions.utils.afterSteps'
2024-09-12 20:03:19.825 [WARN] [thread-id 1] - variable testStatus was used, but r2 could not find a value for this variable. returning default of null
2024-09-12 20:03:19.826 [DEBUG] [thread-id 1] - conditionally execute a flow. condition: false
2024-09-12 20:03:19.921 [DEBUG] [thread-id 1] - Test failed
2024-09-12 20:03:21.413 [DEBUG] [thread-id 1] - Created report: /Users/m0k0a2f/glass-automation/report/index.html
2024-09-12 20:05:11.884 [DEBUG] [thread-id 1] - Executing R2 4.0.2: '/Users/m0k0a2f/glass-automation/./us/e2e-tests/test-scripts/android/golden-flows/Ecomm-And-Fulfillment-Flows/subscription-flows/C2668906-glass-to-autodelivery-gm-item.yaml' on device: 'Pixel_8_Pro_API_34'
2024-09-12 20:05:11.944 [INFO] [thread-id 1] - url: http://127.0.0.1:4723
2024-09-12 20:05:25.782 [DEBUG] [thread-id 1] - Executing scenario: 'Before'
2024-09-12 20:05:25.793 [DEBUG] [thread-id 1] - Execute before steps
2024-09-12 20:05:25.794 [DEBUG] [thread-id 1] - R2_SUBFLOW_PRE_TRANSACTION
2024-09-12 20:05:26.009 [DEBUG] [thread-id 1] - Using us-errors-helpers.yaml
2024-09-12 20:05:26.205 [DEBUG] [thread-id 1] - Start main
2024-09-12 20:05:26.212 [DEBUG] [thread-id 1] - Timestamp: 1726196726212
2024-09-12 20:05:26.214 [DEBUG] [thread-id 1] - Store in: store the value 'subs1726196726212@walmart.com' in the variable 'customerEmail'
2024-09-12 20:05:26.214 [DEBUG] [thread-id 1] - Store in: store the value 'E2epassword$' in the variable 'password'
2024-09-12 20:05:26.216 [DEBUG] [thread-id 1] - Executing function: 'us.functions.utils.astro.createAccount'
2024-09-12 20:05:26.217 [DEBUG] [thread-id 1] - Create Account
2024-09-12 20:05:26.217 [DEBUG] [thread-id 1] - {"firstName": "Native","lastName": "Work","emailAddress": "subs1726196726212@walmart.com","phoneNumber": "7025749009","verification":"phone","paymentMethods": ["VISA"],"postalAddress": {"address": "1350 Bacchus Dr","city": "San Jose","country": "USA","postalCode": "95122","state": "CA"},"password": "E2epassword$"}
2024-09-12 20:05:26.218 [DEBUG] [thread-id 1] - loop: from 1 to 4
2024-09-12 20:05:26.303 [DEBUG] [thread-id 1] - Call API: 'http://astro.walmart.com/api/v2/teflon/customer'
2024-09-12 20:05:45.230 [DEBUG] [thread-id 1] - Response code is: '200'. Response body is: '{"astroStatus":"SUCCESS","astroDescription":"SIGNUP_SUCCESS","astroDetails":{"status":"OK","statusCode":200,"customerAccountId":"cc222325-b8df-4839-8332-63b72c5cf680","customerDetails":{"firstName":"Native","lastName":"Work","emailAddress":"subs1726196726212@walmart.com","phoneNumber":"7025749009","verification":"phone","paymentMethods":["VISA"],"postalAddress":{"address":"1350 Bacchus Dr","city":"San Jose","country":"USA","postalCode":"95122","state":"CA"},"password":"E2epassword$"},"addDeliveryPreference":"OK","addPaymentPreference":"OK","addPaymentPreferenceId":"d3f0cb7b-8687-4c6a-ac94-f8f484dfb6d7","customerPatch":"OK"}}'
2024-09-12 20:05:45.381 [DEBUG] [thread-id 1] - Store in: store the value '17025749009' in the variable 'astroPhoneNumber'
2024-09-12 20:05:45.542 [DEBUG] [thread-id 1] - conditionally execute a flow. condition: true
2024-09-12 20:05:45.675 [DEBUG] [thread-id 1] - conditionally execute a flow. condition: true
2024-09-12 20:05:45.817 [DEBUG] [thread-id 1] - d3f0cb7b-8687-4c6a-ac94-f8f484dfb6d7
2024-09-12 20:05:45.975 [WARN] [thread-id 1] - variable withoutPayment was used, but r2 could not find a value for this variable. returning default of null
2024-09-12 20:05:45.976 [DEBUG] [thread-id 1] - conditionally execute a flow. condition: false
2024-09-12 20:05:46.091 [DEBUG] [thread-id 1] - Account created successfully
2024-09-12 20:05:46.203 [DEBUG] [thread-id 1] - ------- Account created Successfully -------
2024-09-12 20:05:46.324 [DEBUG] [thread-id 1] - Executing function: 'us.functions.global.onboarding.navigateOnboardingToHome'
2024-09-12 20:05:46.324 [DEBUG] [thread-id 1] - Executing function: 'us.function.utils.getEnvironmentValue'
2024-09-12 20:05:46.325 [DEBUG] [thread-id 1] - Store in: store the value 'teflon' in the variable 'env'
2024-09-12 20:05:46.326 [DEBUG] [thread-id 1] - Timestamp: 1726196746326
2024-09-12 20:05:46.326 [DEBUG] [thread-id 1] - Start Activity: 'com.walmart.android.debug.com.walmart.glass.integration.splash.SplashActivity'
2024-09-12 20:06:01.485 [DEBUG] [thread-id 1] - conditionally execute a flow. condition: false
2024-09-12 20:06:01.615 [DEBUG] [thread-id 1] - Verify identifier: {com.walmart.android.debug:id/onboarding_welcome_title_textview=[true]}
2024-09-12 20:06:11.634 [DEBUG] [thread-id 1] - conditionally execute a flow. condition: false
2024-09-12 20:06:11.786 [DEBUG] [thread-id 1] - Verify identifier: {com.walmart.android.debug:id/onboarding_welcome_title_textview=[true]}
2024-09-12 20:06:12.462 [DEBUG] [thread-id 1] - Click element: 'com.walmart.android.debug:id/onboarding_welcome_secondary_button'
2024-09-12 20:06:13.314 [WARN] [thread-id 1] - variable allowNotifications was used, but r2 could not find a value for this variable. returning default of null
2024-09-12 20:06:13.314 [DEBUG] [thread-id 1] - conditionally execute a flow. condition: false
2024-09-12 20:06:14.743 [DEBUG] [thread-id 1] - Verify identifier: {com.walmart.android.debug:id/onboarding_notification_title_textview=[true]}
2024-09-12 20:06:15.230 [DEBUG] [thread-id 1] - Click element: 'com.walmart.android.debug:id/onboarding_maybe_later_button'
2024-09-12 20:06:17.345 [DEBUG] [thread-id 1] - Verify identifier: {com.walmart.android.debug:id/onboarding_location_title_textview=[true]}
2024-09-12 20:06:17.471 [DEBUG] [thread-id 1] - Click element: 'com.walmart.android.debug:id/onboarding_zip_code_button'
2024-09-12 20:06:18.955 [DEBUG] [thread-id 1] - Verify identifier: {com.walmart.android.debug:id/onboarding_title_textview=[true]}
2024-09-12 20:06:19.368 [DEBUG] [thread-id 1] - Click element: '//android.widget.EditText[@text="Enter zip code"] | //android.widget.EditText[@text="Enter postal code"] | //android.widget.EditText[@resource-id="com.walmart.android.debug:id/onboarding_zip_code_textinput"]//android.widget.EditText'
2024-09-12 20:06:20.962 [DEBUG] [thread-id 1] - Enter text: '95122'
2024-09-12 20:06:22.818 [DEBUG] [thread-id 1] - Hide keyboard: 'true'
2024-09-12 20:06:29.616 [DEBUG] [thread-id 1] - Click element: 'com.walmart.android.debug:id/onboarding_zip_code_search_button'
2024-09-12 20:06:31.384 [DEBUG] [thread-id 1] - sleep:  3000 milliseconds
2024-09-12 20:06:34.396 [DEBUG] [thread-id 1] - loop: from 0 to 3
2024-09-12 20:06:34.650 [DEBUG] [thread-id 1] - 0
2024-09-12 20:06:44.952 [DEBUG] [thread-id 1] - conditionally execute a flow. condition: false
2024-09-12 20:06:55.170 [DEBUG] [thread-id 1] - Verify identifier: {com.walmart.android.debug:id/onboarding_title_textview=[true]}
2024-09-12 20:06:55.173 [DEBUG] [thread-id 1] - Executing function: 'us.functions.global.onboarding.popUpScreen'
2024-09-12 20:06:55.174 [DEBUG] [thread-id 1] - sleep:  3000 milliseconds
2024-09-12 20:07:08.232 [DEBUG] [thread-id 1] - sleep:  3000 milliseconds
2024-09-12 20:07:11.238 [DEBUG] [thread-id 1] - Executing function: 'us.functions.global.onboarding.smartLock.DismissNoneOfTheAbove'
2024-09-12 20:07:21.244 [DEBUG] [thread-id 1] - conditionally execute a flow. condition: false
2024-09-12 20:07:31.403 [DEBUG] [thread-id 1] - sleep:  3000 milliseconds
2024-09-12 20:07:34.407 [DEBUG] [thread-id 1] - Executing function: 'us.functions.home.personalizedPopUpScreenClose'
2024-09-12 20:07:34.407 [DEBUG] [thread-id 1] - sleep:  5000 milliseconds
2024-09-12 20:07:39.415 [DEBUG] [thread-id 1] - conditionally execute a flow. condition: true
2024-09-12 20:07:39.625 [DEBUG] [thread-id 1] - Click element: 'com.walmart.android.debug:id/marketing_privacy_bottom_sheet_deny_btn'
2024-09-12 20:07:40.272 [DEBUG] [thread-id 1] - sleep:  3000 milliseconds
2024-09-12 20:07:43.435 [DEBUG] [thread-id 1] - conditionally execute a flow. condition: true
2024-09-12 20:07:43.727 [DEBUG] [thread-id 1] - Click element: '//android.widget.ImageView[@content-desc="Close"]'
2024-09-12 20:07:44.833 [DEBUG] [thread-id 1] - sleep:  3000 milliseconds
2024-09-12 20:07:47.838 [DEBUG] [thread-id 1] - Executing function: 'us.functions.utils.tryAgainWhenThereIsError'
2024-09-12 20:07:47.840 [DEBUG] [thread-id 1] - loop: from 0 to 3
2024-09-12 20:07:48.395 [DEBUG] [thread-id 1] - 0
2024-09-12 20:07:58.870 [DEBUG] [thread-id 1] - conditionally execute a flow. condition: false
2024-09-12 20:08:09.378 [DEBUG] [thread-id 1] - Executing function: 'us.functions.gic.collapseIfExpanded'
2024-09-12 20:08:20.034 [DEBUG] [thread-id 1] - conditionally execute a flow. condition: false
2024-09-12 20:08:20.167 [DEBUG] [thread-id 1] - gic is collapsed
2024-09-12 20:08:20.312 [DEBUG] [thread-id 1] - Verify identifier: {//android.widget.EditText[@resource-id="com.walmart.android.debug:id/search_view"]=[true]}
2024-09-12 20:08:20.314 [DEBUG] [thread-id 1] - Executing function: 'us.functions.home.handleReorderToolTip'
2024-09-12 20:08:30.370 [DEBUG] [thread-id 1] - conditionally execute a flow. condition: false
2024-09-12 20:08:30.513 [DEBUG] [thread-id 1] - no tooltip displayed
2024-09-12 20:08:30.515 [DEBUG] [thread-id 1] - Executing function: 'us.functions.home.navigateHomeToSignIn'
2024-09-12 20:08:30.647 [DEBUG] [thread-id 1] - Click element: '//android.widget.FrameLayout[contains(@content-desc,"Account")]'
2024-09-12 20:08:31.262 [DEBUG] [thread-id 1] - sleep:  5000 milliseconds
2024-09-12 20:08:36.417 [DEBUG] [thread-id 1] - Verify identifier: {//*[@resource-id="com.walmart.android.debug:id/sign_in_button"]|//*[@resource-id="com.walmart.android.debug:id/account_sign_in_button"]=[true]}
2024-09-12 20:08:36.419 [DEBUG] [thread-id 1] - loop: from 1 to 3
2024-09-12 20:08:36.547 [DEBUG] [thread-id 1] - Executing function: 'us.functions.global.onboarding.smartLock.DismissNoneOfTheAbove'
2024-09-12 20:08:46.686 [DEBUG] [thread-id 1] - conditionally execute a flow. condition: false
2024-09-12 20:08:57.250 [DEBUG] [thread-id 1] - conditionally execute a flow. condition: true
2024-09-12 20:08:57.465 [DEBUG] [thread-id 1] - Click element: '//*[@resource-id="com.walmart.android.debug:id/sign_in_button"]|//*[@resource-id="com.walmart.android.debug:id/account_sign_in_button"]'
2024-09-12 20:08:58.526 [DEBUG] [thread-id 1] - sleep:  3000 milliseconds
2024-09-12 20:09:11.977 [DEBUG] [thread-id 1] - conditionally execute a flow. condition: true
2024-09-12 20:09:12.078 [DEBUG] [thread-id 1] - Store in: store the value 'true' in the variable 'signInValidated'
2024-09-12 20:09:12.180 [DEBUG] [thread-id 1] - conditionally execute a flow. condition: true
2024-09-12 20:09:12.271 [DEBUG] [thread-id 1] - SignIn page loaded
2024-09-12 20:09:12.362 [DEBUG] [thread-id 1] - Store in: store the value 'false' in the variable 'signInValidated'
2024-09-12 20:09:12.367 [DEBUG] [thread-id 1] - Executing function: 'us.functions.global.authentication.signInAccount'
2024-09-12 20:09:12.374 [DEBUG] [thread-id 1] - Executing function: 'us.functions.global.onboarding.smartLock.DismissNoneOfTheAbove'
2024-09-12 20:09:22.446 [DEBUG] [thread-id 1] - conditionally execute a flow. condition: false
2024-09-12 20:09:32.592 [WARN] [thread-id 1] - variable validateSignInPage was used, but r2 could not find a value for this variable. returning default of null
2024-09-12 20:09:42.840 [DEBUG] [thread-id 1] - Verify identifier: {//android.widget.EditText[@content-desc="Email"]/android.widget.FrameLayout/android.widget.EditText | //android.widget.LinearLayout[@resource-id="com.walmart.android.debug:id/auth_field_login_id"]/android.widget.FrameLayout/android.widget.EditText | //android.widget.EditText[@text="Email"] | //android.widget.LinearLayout[@resource-id="com.walmart.android.debug:id/auth_field_login_id_component"]//android.widget.EditText | //android.widget.LinearLayout[@resource-id="com.walmart.android.debug:id/phone_number_field"]//android.widget.EditText=[true]}
2024-09-12 20:09:42.942 [DEBUG] [thread-id 1] - Enter text: 'subs1726196726212@walmart.com'
2024-09-12 20:09:44.847 [DEBUG] [thread-id 1] - loop: from 1 to 3
2024-09-12 20:09:45.581 [DEBUG] [thread-id 1] - sleep:  3000 milliseconds
2024-09-12 20:09:48.670 [DEBUG] [thread-id 1] - conditionally execute a flow. condition: true
2024-09-12 20:09:48.892 [DEBUG] [thread-id 1] - Click element: 'com.walmart.android.debug:id/auth_button_main'
2024-09-12 20:09:51.423 [DEBUG] [thread-id 1] - sleep:  5000 milliseconds
2024-09-12 20:09:56.526 [DEBUG] [thread-id 1] - conditionally execute a flow. condition: true
2024-09-12 20:09:56.744 [DEBUG] [thread-id 1] - Click element: 'Enter your password'
2024-09-12 20:09:58.097 [DEBUG] [thread-id 1] - Selected Password Option to Login
2024-09-12 20:09:58.200 [DEBUG] [thread-id 1] - sleep:  5000 milliseconds
2024-09-12 20:10:03.430 [DEBUG] [thread-id 1] - conditionally execute a flow. condition: true
2024-09-12 20:10:03.534 [DEBUG] [thread-id 1] - Store in: store the value 'true' in the variable 'signInValidated'
2024-09-12 20:10:03.636 [DEBUG] [thread-id 1] - conditionally execute a flow. condition: true
2024-09-12 20:10:03.733 [DEBUG] [thread-id 1] - Store in: store the value 'false' in the variable 'signInValidated'
2024-09-12 20:10:03.841 [DEBUG] [thread-id 1] - Email entered
2024-09-12 20:10:24.034 [WARN] [thread-id 1] - variable validateSignInPage was used, but r2 could not find a value for this variable. returning default of null
2024-09-12 20:10:24.038 [DEBUG] [thread-id 1] - loop: from 1 to 3
2024-09-12 20:10:24.149 [DEBUG] [thread-id 1] - sleep:  2000 milliseconds
2024-09-12 20:10:26.310 [DEBUG] [thread-id 1] - conditionally execute a flow. condition: true
2024-09-12 20:10:26.527 [DEBUG] [thread-id 1] - Enter text: 'E2epassword$'
2024-09-12 20:10:29.157 [DEBUG] [thread-id 1] - Press go back key: 'true'
2024-09-12 20:10:30.532 [DEBUG] [thread-id 1] - sleep:  1000 milliseconds
2024-09-12 20:10:32.414 [DEBUG] [thread-id 1] - Click element: 'com.walmart.android.debug:id/auth_button_main'
2024-09-12 20:10:35.438 [DEBUG] [thread-id 1] - sleep:  5000 milliseconds
2024-09-12 20:10:40.681 [DEBUG] [thread-id 1] - conditionally execute a flow. condition: true
2024-09-12 20:10:40.805 [DEBUG] [thread-id 1] - Store in: store the value 'true' in the variable 'signInValidated'
2024-09-12 20:10:40.934 [DEBUG] [thread-id 1] - Executing function: 'us.functions.global.authentication.handleSomethingWentWrongError'
2024-09-12 20:10:40.934 [DEBUG] [thread-id 1] - sleep:  5000 milliseconds
2024-09-12 20:10:45.940 [DEBUG] [thread-id 1] - loop: from 0 to 3
2024-09-12 20:10:46.516 [DEBUG] [thread-id 1] - 0
2024-09-12 20:10:56.632 [DEBUG] [thread-id 1] - conditionally execute a flow. condition: false
2024-09-12 20:10:56.783 [DEBUG] [thread-id 1] - conditionally execute a flow. condition: true
2024-09-12 20:10:56.929 [DEBUG] [thread-id 1] - Account signed in
2024-09-12 20:11:17.111 [DEBUG] [thread-id 1] - Executing function: 'us.functions.utils.handleCartMergePopup'
2024-09-12 20:11:17.111 [DEBUG] [thread-id 1] - sleep:  7000 milliseconds
2024-09-12 20:11:24.117 [DEBUG] [thread-id 1] - loop: from 0 to 4
2024-09-12 20:11:24.327 [DEBUG] [thread-id 1] - 0
2024-09-12 20:11:34.762 [DEBUG] [thread-id 1] - conditionally execute a flow. condition: false
2024-09-12 20:11:34.914 [DEBUG] [thread-id 1] - No cart merge popup observed
2024-09-12 20:11:35.071 [DEBUG] [thread-id 1] - Executing function: 'us.functions.global.navigation.accountToHome'
2024-09-12 20:11:45.226 [DEBUG] [thread-id 1] - Verify identifier: {//androidx.cardview.widget.CardView[@resource-id="com.walmart.android.debug:id/purchase_history_card"] | //android.widget.TextView[@resource-id="com.walmart.android.debug:id/purchase_history_header"]=[true]}
2024-09-12 20:11:45.227 [DEBUG] [thread-id 1] - conditionally execute a flow. condition: true
2024-09-12 20:11:45.380 [DEBUG] [thread-id 1] - Scroll: down
2024-09-12 20:11:51.115 [DEBUG] [thread-id 1] - Scroll: up
2024-09-12 20:11:56.540 [DEBUG] [thread-id 1] - Click element: 'com.walmart.android.debug:id/navigation_shop'
2024-09-12 20:11:58.540 [DEBUG] [thread-id 1] - Executing function: 'us.functions.home.closeWPlusPromotionPopUpIfDisplayed'
2024-09-12 20:11:58.541 [DEBUG] [thread-id 1] - sleep:  6000 milliseconds
2024-09-12 20:12:14.883 [DEBUG] [thread-id 1] - Executing function: 'us.functions.utils.getSearchableItem'
2024-09-12 20:12:14.884 [DEBUG] [thread-id 1] - Store in: store the value 'null' in the variable 'itemFetched'
2024-09-12 20:12:14.885 [DEBUG] [thread-id 1] - Store in: store the value 'null' in the variable 'deeplinkURL'
2024-09-12 20:12:14.888 [DEBUG] [thread-id 1] - Store in: store the value 'true' in the variable 'apiFetch'
2024-09-12 20:12:14.891 [WARN] [thread-id 1] - variable TEFLON_DATA was used, but r2 could not find a value for this variable. returning default of null
2024-09-12 20:12:14.892 [DEBUG] [thread-id 1] - conditionally execute a flow. condition: true
2024-09-12 20:12:15.043 [WARN] [thread-id 1] - variable TEFLON_DATA was used, but r2 could not find a value for this variable. returning default of null
2024-09-12 20:12:15.044 [DEBUG] [thread-id 1] - Execute Node: 'us/e2e-tests/helpers/itemFetch.js'
2024-09-12 20:12:15.636 [DEBUG] [thread-id 1] - NA
2024-09-12 20:12:15.639 [DEBUG] [thread-id 1] - conditionally execute a flow. condition: true
2024-09-12 20:12:15.799 [DEBUG] [thread-id 1] - conditionally execute a flow. condition: false
2024-09-12 20:12:15.941 [DEBUG] [thread-id 1] - Item fetched by Astro API
2024-09-12 20:12:16.098 [DEBUG] [thread-id 1] - Executing function: 'us.functions.utils.fetchAstroAvailableItem'
2024-09-12 20:12:16.099 [DEBUG] [thread-id 1] - Fetching Item available in stock using Astro API for Item type STORE_SCHEDULED_DELIVERY
2024-09-12 20:12:16.101 [WARN] [thread-id 1] - variable nextGen was used, but r2 could not find a value for this variable. returning default of null
2024-09-12 20:12:16.106 [DEBUG] [thread-id 1] - conditionally execute a flow. condition: true
2024-09-12 20:12:16.240 [DEBUG] [thread-id 1] - Store in: store the value 'nextgen' in the variable 'version'
2024-09-12 20:12:16.242 [WARN] [thread-id 1] - variable itemStatusHeader was used, but r2 could not find a value for this variable. returning default of null
2024-09-12 20:12:16.243 [DEBUG] [thread-id 1] - conditionally execute a flow. condition: true
2024-09-12 20:12:16.422 [DEBUG] [thread-id 1] - Store in: store the value 'SUCCESS' in the variable 'itemStatusHeader'
2024-09-12 20:12:16.422 [DEBUG] [thread-id 1] - conditionally execute a flow. condition: true
2024-09-12 20:12:17.272 [WARN] [thread-id 1] - variable itemSubFilter was used, but r2 could not find a value for this variable. returning default of null
2024-09-12 20:12:17.273 [DEBUG] [thread-id 1] - conditionally execute a flow. condition: false
2024-09-12 20:12:17.396 [DEBUG] [thread-id 1] - conditionally execute a flow. condition: false
2024-09-12 20:12:17.522 [WARN] [thread-id 1] - variable itemSubFilter was used, but r2 could not find a value for this variable. returning default of null
2024-09-12 20:12:17.526 [DEBUG] [thread-id 1] - conditionally execute a flow. condition: false
2024-09-12 20:12:18.184 [DEBUG] [thread-id 1] - conditionally execute a flow. condition: false
2024-09-12 20:12:18.331 [DEBUG] [thread-id 1] - conditionally execute a flow. condition: true
2024-09-12 20:12:18.471 [DEBUG] [thread-id 1] - Store in: store the value 'http://astro.walmart.com/api/v3/teflon/internal/getItemHealth/32144/STORE_SCHEDULED_DELIVERY?itemType=subscriptions' in the variable 'fetchURL'
2024-09-12 20:12:18.607 [DEBUG] [thread-id 1] - Store in: store the value 'nextgen' in the variable 'version'
2024-09-12 20:12:18.607 [DEBUG] [thread-id 1] - Store in: store the value 'null' in the variable 'itemDetails'
2024-09-12 20:12:18.762 [DEBUG] [thread-id 1] - conditionally execute a flow. condition: true
2024-09-12 20:12:18.893 [DEBUG] [thread-id 1] - NextGen API
2024-09-12 20:12:19.027 [DEBUG] [thread-id 1] - Call API: 'http://astro.walmart.com/api/v3/teflon/internal/getItemHealth/32144/STORE_SCHEDULED_DELIVERY?itemType=subscriptions'
2024-09-12 20:12:24.529 [DEBUG] [thread-id 1] - Response code is: '200'. Response body is: '{"astroStatus":"SUCCESS","astroDescription":"Items found in itemHealth Collection","astroDetails":[{"itemId":"5011485399","astroStatus":"SUCCESS","astroDescription":"STORE_SCHEDULED_DELIVERY (5011485399), ORDER CREATED","orderType":"STORE_SCHEDULED_DELIVERY","storeId":"32144","orderNumber":null,"eligiblePaths":["subscriptions","app e2e regression","minprice=0&maxprice=35","pureweighted"],"paymentTypes":[],"inEligiblePaths":[],"offerId":"672565116D203D0B809598AEB8A684CB","_id":"66c3d0cca81e69e9109db205","__v":0,"createdAt":"2024-08-19T23:10:04.397Z","price":{"currencyAmount":2.98,"currencyUnit":"USD","unit":"LB"},"updatedAt":"2024-09-13T03:08:19.828Z"},{"itemId":"5001440829","astroStatus":"SUCCESS","astroDescription":"STORE_SCHEDULED_DELIVERY (5001440829), ORDER CREATED","orderType":"STORE_SCHEDULED_DELIVERY","storeId":"32144","orderNumber":null,"eligiblePaths":["subscriptions","app e2e regression","minprice=0&maxprice=35"],"paymentTypes":[],"inEligiblePaths":[],"offerId":"61772D568A8D341089DBE26C1627C3B0","_id":"66c3d0ccc8ee369709473e85","__v":0,"createdAt":"2024-08-19T23:10:04.482Z","price":{"currencyAmount":1.96,"currencyUnit":"USD","unit":"EA"},"updatedAt":"2024-09-13T03:08:19.581Z"},{"itemId":"5013669005","astroStatus":"SUCCESS","astroDescription":"STORE_SCHEDULED_DELIVERY (5013669005), ORDER CREATED","orderType":"STORE_SCHEDULED_DELIVERY","storeId":"32144","orderNumber":null,"eligiblePaths":["subscriptions","app e2e regression","minprice=0&maxprice=35","pureweighted"],"paymentTypes":[],"inEligiblePaths":[],"offerId":"9253FF6938CB3867AE23ADF336CAA740","_id":"66c3d0cc04140151c04d5174","__v":0,"createdAt":"2024-08-19T23:10:04.531Z","price":{"currencyAmount":1.12,"currencyUnit":"USD","unit":"LB"},"updatedAt":"2024-09-13T03:08:19.689Z"},{"itemId":"768229775","astroStatus":"SUCCESS","astroDescription":"STORE_SCHEDULED_DELIVERY (768229775), ORDER CREATED","orderType":"STORE_SCHEDULED_DELIVERY","storeId":"32144","orderNumber":null,"eligiblePaths":["subscriptions","app e2e regression","minprice=0&maxprice=35","packweighted"],"paymentTypes":[],"inEligiblePaths":[],"offerId":"AA5EBAB1654E4B83B2D7AF898CE5A946","_id":"66c3d0cc46f8eb719c59575b","__v":0,"createdAt":"2024-08-19T23:10:04.860Z","price":{"currencyAmount":0.97,"currencyUnit":"USD","unit":"LB"},"updatedAt":"2024-09-13T03:08:19.752Z"},{"itemId":"293611736","astroStatus":"SUCCESS","astroDescription":"STORE_SCHEDULED_DELIVERY (293611736), ORDER CREATED","orderType":"STORE_SCHEDULED_DELIVERY","storeId":"32144","orderNumber":null,"eligiblePaths":["subscriptions","app e2e regression","minprice=0&maxprice=35"],"paymentTypes":[],"inEligiblePaths":[],"offerId":"3CC35B8FCBE84668A7D5E4E1BC1E1F6A","_id":"66c3d0ce0e7ead5c7e7d1776","__v":0,"createdAt":"2024-08-19T23:10:06.170Z","price":{"currencyAmount":2.99,"currencyUnit":"USD","unit":"EA"},"updatedAt":"2024-09-13T03:08:19.950Z"},{"itemId":"5013669010","astroStatus":"SUCCESS","astroDescription":"STORE_SCHEDULED_DELIVERY (5013669010), ORDER CREATED","orderType":"STORE_SCHEDULED_DELIVERY","storeId":"32144","orderNumber":null,"eligiblePaths":["subscriptions","app e2e regression","minprice=0&maxprice=35","eachweighted"],"paymentTypes":[],"inEligiblePaths":[],"offerId":"1118A714823E3475A1FE1E0EE578B933","_id":"66c3d0ce3bb9f5f248c68e18","__v":0,"createdAt":"2024-08-19T23:10:06.598Z","price":{"currencyAmount":1.12,"currencyUnit":"USD","unit":"LB"},"updatedAt":"2024-09-13T03:08:19.979Z"},{"itemId":"5006316567","astroStatus":"SUCCESS","astroDescription":"STORE_SCHEDULED_DELIVERY (5006316567), ORDER CREATED","orderType":"STORE_SCHEDULED_DELIVERY","storeId":"32144","orderNumber":null,"eligiblePaths":["subscriptions","app e2e regression","minprice=0&maxprice=35","packweighted"],"paymentTypes":[],"inEligiblePaths":[],"offerId":"ED20B975899E317D9A7E146715F55630","_id":"66c3d0ceaac5da30ecc6b724","__v":0,"createdAt":"2024-08-19T23:10:06.693Z","price":{"currencyAmount":12,"currencyUnit":"USD","unit":"LB"},"updatedAt":"2024-09-13T03:08:18.245Z"},{"itemId":"5013700925","astroStatus":"SUCCESS","astroDescription":"STORE_SCHEDULED_DELIVERY (5013700925), ORDER CREATED","orderType":"STORE_SCHEDULED_DELIVERY","storeId":"32144","orderNumber":null,"eligiblePaths":["subscriptions","app e2e regression","minprice=0&maxprice=35"],"paymentTypes":[],"inEligiblePaths":[],"offerId":"21AC8083974B3F1796BA53D463A477DF","_id":"66c3d0cf88aebb97c056ed58","__v":0,"createdAt":"2024-08-19T23:10:07.207Z","price":{"currencyAmount":15.24,"currencyUnit":"USD"},"updatedAt":"2024-09-13T03:08:20.463Z"},{"itemId":"5013700943","astroStatus":"SUCCESS","astroDescription":"STORE_SCHEDULED_DELIVERY (5013700943), ORDER CREATED","orderType":"STORE_SCHEDULED_DELIVERY","storeId":"32144","orderNumber":null,"eligiblePaths":["subscriptions","app e2e regression","minprice=0&maxprice=35"],"paymentTypes":[],"inEligiblePaths":[],"offerId":"87AC671A4264397B883B0AFC7628CD22","_id":"66c3d0cf5468deccbf4ca1ee","__v":0,"createdAt":"2024-08-19T23:10:07.263Z","price":{"currencyAmount":12.98,"currencyUnit":"USD"},"updatedAt":"2024-09-13T03:08:20.466Z"},{"itemId":"5013700940","astroStatus":"SUCCESS","astroDescription":"STORE_SCHEDULED_DELIVERY (5013700940), ORDER CREATED","orderType":"STORE_SCHEDULED_DELIVERY","storeId":"32144","orderNumber":null,"eligiblePaths":["subscriptions","app e2e regression","minprice=0&maxprice=35"],"paymentTypes":[],"inEligiblePaths":[],"offerId":"591DB6D41BDD30E8BB456F5AF4D8705C","_id":"66c3d0cfd382f195652d4fb0","__v":0,"createdAt":"2024-08-19T23:10:07.402Z","price":{"currencyAmount":16,"currencyUnit":"USD"},"updatedAt":"2024-09-13T03:08:20.472Z"},{"itemId":"5013700929","astroStatus":"SUCCESS","astroDescription":"STORE_SCHEDULED_DELIVERY (5013700929), ORDER CREATED","orderType":"STORE_SCHEDULED_DELIVERY","storeId":"32144","orderNumber":null,"eligiblePaths":["subscriptions","web e2e regression","tc04","app e2e regression","minprice=0&maxprice=35"],"paymentTypes":[],"inEligiblePaths":[],"offerId":"930BF668B1E1379685C89ACF42754EC3","_id":"66c3d0d012c3e8f070b88668","__v":0,"createdAt":"2024-08-19T23:10:08.618Z","price":{"currencyAmount":9.88,"currencyUnit":"USD"},"updatedAt":"2024-09-13T03:08:19.886Z"},{"itemId":"3516280089","astroStatus":"SUCCESS","astroDescription":"STORE_SCHEDULED_DELIVERY (3516280089), ORDER CREATED","orderType":"STORE_SCHEDULED_DELIVERY","storeId":"32144","orderNumber":null,"eligiblePaths":["subscriptions","app e2e regression","minprice=0&maxprice=35"],"paymentTypes":[],"inEligiblePaths":[],"offerId":"5C5B941EEB1B4B93A6E0B77C4105352A","_id":"66c3d1fd36940697b53a1014","__v":0,"createdAt":"2024-08-19T23:15:09.924Z","price":{"currencyAmount":7.97,"currencyUnit":"USD","unit":"EA"},"updatedAt":"2024-09-13T03:08:20.547Z"}]}'
2024-09-12 20:12:24.715 [DEBUG] [thread-id 1] - conditionally execute a flow. condition: false
2024-09-12 20:12:24.858 [DEBUG] [thread-id 1] - SUCCESSFUL item fetched from astro API.
2024-09-12 20:12:25.271 [DEBUG] [thread-id 1] - loop: over '[{"itemId":"5011485399","astroStatus":"SUCCESS","astroDescription":"STORE_SCHEDULED_DELIVERY (5011485399), ORDER CREATED","orderType":"STORE_SCHEDULED_DELIVERY","storeId":"32144","orderNumber":null,"eligiblePaths":["subscriptions","app e2e regression","minprice=0&maxprice=35","pureweighted"],"paymentTypes":[],"inEligiblePaths":[],"offerId":"672565116D203D0B809598AEB8A684CB","_id":"66c3d0cca81e69e9109db205","__v":0,"createdAt":"2024-08-19T23:10:04.397Z","price":{"currencyAmount":2.98,"currencyUnit":"USD","unit":"LB"},"updatedAt":"2024-09-13T03:08:19.828Z"},{"itemId":"5001440829","astroStatus":"SUCCESS","astroDescription":"STORE_SCHEDULED_DELIVERY (5001440829), ORDER CREATED","orderType":"STORE_SCHEDULED_DELIVERY","storeId":"32144","orderNumber":null,"eligiblePaths":["subscriptions","app e2e regression","minprice=0&maxprice=35"],"paymentTypes":[],"inEligiblePaths":[],"offerId":"61772D568A8D341089DBE26C1627C3B0","_id":"66c3d0ccc8ee369709473e85","__v":0,"createdAt":"2024-08-19T23:10:04.482Z","price":{"currencyAmount":1.96,"currencyUnit":"USD","unit":"EA"},"updatedAt":"2024-09-13T03:08:19.581Z"},{"itemId":"5013669005","astroStatus":"SUCCESS","astroDescription":"STORE_SCHEDULED_DELIVERY (5013669005), ORDER CREATED","orderType":"STORE_SCHEDULED_DELIVERY","storeId":"32144","orderNumber":null,"eligiblePaths":["subscriptions","app e2e regression","minprice=0&maxprice=35","pureweighted"],"paymentTypes":[],"inEligiblePaths":[],"offerId":"9253FF6938CB3867AE23ADF336CAA740","_id":"66c3d0cc04140151c04d5174","__v":0,"createdAt":"2024-08-19T23:10:04.531Z","price":{"currencyAmount":1.12,"currencyUnit":"USD","unit":"LB"},"updatedAt":"2024-09-13T03:08:19.689Z"},{"itemId":"768229775","astroStatus":"SUCCESS","astroDescription":"STORE_SCHEDULED_DELIVERY (768229775), ORDER CREATED","orderType":"STORE_SCHEDULED_DELIVERY","storeId":"32144","orderNumber":null,"eligiblePaths":["subscriptions","app e2e regression","minprice=0&maxprice=35","packweighted"],"paymentTypes":[],"inEligiblePaths":[],"offerId":"AA5EBAB1654E4B83B2D7AF898CE5A946","_id":"66c3d0cc46f8eb719c59575b","__v":0,"createdAt":"2024-08-19T23:10:04.860Z","price":{"currencyAmount":0.97,"currencyUnit":"USD","unit":"LB"},"updatedAt":"2024-09-13T03:08:19.752Z"},{"itemId":"293611736","astroStatus":"SUCCESS","astroDescription":"STORE_SCHEDULED_DELIVERY (293611736), ORDER CREATED","orderType":"STORE_SCHEDULED_DELIVERY","storeId":"32144","orderNumber":null,"eligiblePaths":["subscriptions","app e2e regression","minprice=0&maxprice=35"],"paymentTypes":[],"inEligiblePaths":[],"offerId":"3CC35B8FCBE84668A7D5E4E1BC1E1F6A","_id":"66c3d0ce0e7ead5c7e7d1776","__v":0,"createdAt":"2024-08-19T23:10:06.170Z","price":{"currencyAmount":2.99,"currencyUnit":"USD","unit":"EA"},"updatedAt":"2024-09-13T03:08:19.950Z"},{"itemId":"5013669010","astroStatus":"SUCCESS","astroDescription":"STORE_SCHEDULED_DELIVERY (5013669010), ORDER CREATED","orderType":"STORE_SCHEDULED_DELIVERY","storeId":"32144","orderNumber":null,"eligiblePaths":["subscriptions","app e2e regression","minprice=0&maxprice=35","eachweighted"],"paymentTypes":[],"inEligiblePaths":[],"offerId":"1118A714823E3475A1FE1E0EE578B933","_id":"66c3d0ce3bb9f5f248c68e18","__v":0,"createdAt":"2024-08-19T23:10:06.598Z","price":{"currencyAmount":1.12,"currencyUnit":"USD","unit":"LB"},"updatedAt":"2024-09-13T03:08:19.979Z"},{"itemId":"5006316567","astroStatus":"SUCCESS","astroDescription":"STORE_SCHEDULED_DELIVERY (5006316567), ORDER CREATED","orderType":"STORE_SCHEDULED_DELIVERY","storeId":"32144","orderNumber":null,"eligiblePaths":["subscriptions","app e2e regression","minprice=0&maxprice=35","packweighted"],"paymentTypes":[],"inEligiblePaths":[],"offerId":"ED20B975899E317D9A7E146715F55630","_id":"66c3d0ceaac5da30ecc6b724","__v":0,"createdAt":"2024-08-19T23:10:06.693Z","price":{"currencyAmount":12,"currencyUnit":"USD","unit":"LB"},"updatedAt":"2024-09-13T03:08:18.245Z"},{"itemId":"5013700925","astroStatus":"SUCCESS","astroDescription":"STORE_SCHEDULED_DELIVERY (5013700925), ORDER CREATED","orderType":"STORE_SCHEDULED_DELIVERY","storeId":"32144","orderNumber":null,"eligiblePaths":["subscriptions","app e2e regression","minprice=0&maxprice=35"],"paymentTypes":[],"inEligiblePaths":[],"offerId":"21AC8083974B3F1796BA53D463A477DF","_id":"66c3d0cf88aebb97c056ed58","__v":0,"createdAt":"2024-08-19T23:10:07.207Z","price":{"currencyAmount":15.24,"currencyUnit":"USD"},"updatedAt":"2024-09-13T03:08:20.463Z"},{"itemId":"5013700943","astroStatus":"SUCCESS","astroDescription":"STORE_SCHEDULED_DELIVERY (5013700943), ORDER CREATED","orderType":"STORE_SCHEDULED_DELIVERY","storeId":"32144","orderNumber":null,"eligiblePaths":["subscriptions","app e2e regression","minprice=0&maxprice=35"],"paymentTypes":[],"inEligiblePaths":[],"offerId":"87AC671A4264397B883B0AFC7628CD22","_id":"66c3d0cf5468deccbf4ca1ee","__v":0,"createdAt":"2024-08-19T23:10:07.263Z","price":{"currencyAmount":12.98,"currencyUnit":"USD"},"updatedAt":"2024-09-13T03:08:20.466Z"},{"itemId":"5013700940","astroStatus":"SUCCESS","astroDescription":"STORE_SCHEDULED_DELIVERY (5013700940), ORDER CREATED","orderType":"STORE_SCHEDULED_DELIVERY","storeId":"32144","orderNumber":null,"eligiblePaths":["subscriptions","app e2e regression","minprice=0&maxprice=35"],"paymentTypes":[],"inEligiblePaths":[],"offerId":"591DB6D41BDD30E8BB456F5AF4D8705C","_id":"66c3d0cfd382f195652d4fb0","__v":0,"createdAt":"2024-08-19T23:10:07.402Z","price":{"currencyAmount":16,"currencyUnit":"USD"},"updatedAt":"2024-09-13T03:08:20.472Z"},{"itemId":"5013700929","astroStatus":"SUCCESS","astroDescription":"STORE_SCHEDULED_DELIVERY (5013700929), ORDER CREATED","orderType":"STORE_SCHEDULED_DELIVERY","storeId":"32144","orderNumber":null,"eligiblePaths":["subscriptions","web e2e regression","tc04","app e2e regression","minprice=0&maxprice=35"],"paymentTypes":[],"inEligiblePaths":[],"offerId":"930BF668B1E1379685C89ACF42754EC3","_id":"66c3d0d012c3e8f070b88668","__v":0,"createdAt":"2024-08-19T23:10:08.618Z","price":{"currencyAmount":9.88,"currencyUnit":"USD"},"updatedAt":"2024-09-13T03:08:19.886Z"},{"itemId":"3516280089","astroStatus":"SUCCESS","astroDescription":"STORE_SCHEDULED_DELIVERY (3516280089), ORDER CREATED","orderType":"STORE_SCHEDULED_DELIVERY","storeId":"32144","orderNumber":null,"eligiblePaths":["subscriptions","app e2e regression","minprice=0&maxprice=35"],"paymentTypes":[],"inEligiblePaths":[],"offerId":"5C5B941EEB1B4B93A6E0B77C4105352A","_id":"66c3d1fd36940697b53a1014","__v":0,"createdAt":"2024-08-19T23:15:09.924Z","price":{"currencyAmount":7.97,"currencyUnit":"USD","unit":"EA"},"updatedAt":"2024-09-13T03:08:20.547Z"}]'
2024-09-12 20:12:25.424 [DEBUG] [thread-id 1] - Store in: store the value 'null' in the variable 'itemDetails'
2024-09-12 20:12:25.574 [DEBUG] [thread-id 1] - {"itemId":"5011485399","astroStatus":"SUCCESS","astroDescription":"STORE_SCHEDULED_DELIVERY (5011485399), ORDER CREATED","orderType":"STORE_SCHEDULED_DELIVERY","storeId":"32144","orderNumber":null,"eligiblePaths":["subscriptions","app e2e regression","minprice=0&maxprice=35","pureweighted"],"paymentTypes":[],"inEligiblePaths":[],"offerId":"672565116D203D0B809598AEB8A684CB","_id":"66c3d0cca81e69e9109db205","__v":0,"createdAt":"2024-08-19T23:10:04.397Z","price":{"currencyAmount":2.98,"currencyUnit":"USD","unit":"LB"},"updatedAt":"2024-09-13T03:08:19.828Z"}
2024-09-12 20:12:25.733 [DEBUG] [thread-id 1] - Store in: store the value '5011485399' in the variable 'itemFetched'
2024-09-12 20:12:25.883 [DEBUG] [thread-id 1] - Store in: store the value 'SUCCESS' in the variable 'itemStatus'
2024-09-12 20:12:26.028 [WARN] [thread-id 1] - variable healthCheck was used, but r2 could not find a value for this variable. returning default of null
2024-09-12 20:12:26.178 [DEBUG] [thread-id 1] - conditionally execute a flow. condition: true
2024-09-12 20:12:26.330 [DEBUG] [thread-id 1] - Execute Node: 'us/e2e-tests/helpers/splitNumberString.js'
2024-09-12 20:12:26.576 [DEBUG] [thread-id 1] - 5011485399
2024-09-12 20:12:26.729 [WARN] [thread-id 1] - variable skipForNext was used, but r2 could not find a value for this variable. returning default of null
2024-09-12 20:12:26.924 [WARN] [thread-id 1] - variable excludeFetchedItem was used, but r2 could not find a value for this variable. returning default of null
2024-09-12 20:12:26.930 [DEBUG] [thread-id 1] - conditionally execute a flow. condition: false
2024-09-12 20:12:27.836 [DEBUG] [thread-id 1] - Executing function: 'us.functions.utils.itemHealthCheck'
2024-09-12 20:12:27.837 [DEBUG] [thread-id 1] - Checking item eligibility before proceeding
2024-09-12 20:12:27.837 [DEBUG] [thread-id 1] - Store in: store the value 'false' in the variable 'itemEligiblity'
2024-09-12 20:12:27.838 [DEBUG] [thread-id 1] - Store in: store the value 'false' in the variable 'ignoreItem'
2024-09-12 20:12:27.838 [DEBUG] [thread-id 1] - loop: over '["131979272","795796940", "812231723", "2466884336", "472115968", "981898706", "499284126279","10801611", "982133078","242467890","1937310256","858406964"]'
2024-09-12 20:12:29.663 [DEBUG] [thread-id 1] - conditionally execute a flow. condition: false
2024-09-12 20:12:29.816 [DEBUG] [thread-id 1] - conditionally execute a flow. condition: true
2024-09-12 20:12:30.115 [DEBUG] [thread-id 1] - Executing function: 'us.functions.utils.checkItemTransactabality'
2024-09-12 20:12:30.116 [DEBUG] [thread-id 1] - Store in: store the value 'false' in the variable 'itemEligible'
2024-09-12 20:12:30.117 [DEBUG] [thread-id 1] - Call API: 'http://astro.walmart.com/api/v2/teflon/item/transactability'
2024-09-12 20:12:47.961 [DEBUG] [thread-id 1] - Response code is: '404'. Response body is: '{"astroStatus":"FAIL","astroDescription":"CART - ADD_TO_CART_ERROR 404.UP.MCSE.102","astroDetails":{"statusCode":206,"cart_correlation_id":"ca3597a4-5ff9-41c6-8794-d0b0684f1f19","errors":{"dbSessionMap":{"CXO_CART_ST":"{\"mtoken\":\"4:35#350523451#2=99558480#8=410601658\"}"},"checkoutable":false,"cart":{"id":"5ff15eb0-8e0e-4285-be27-22252f2c1daf","buyer":{"id":"bc908831-5155-4556-8521-490d97759fa0","type":"CUSTOMER"},"storeIds":[],"itemCount":0,"entityErrors":[{"code":"out_of_stock","errorcode":"200.CART_SERVICE.5018","description":"No data from Unified Promise","causes":[{"code":"404.UP.MCSE.102","description":"No Fulfillment Possible"}],"USItemId":"5011485399","offerId":"672565116D203D0B809598AEB8A684CB","productSegment":"Food & Beverages","productType":"Single Herbs & Spices","hints":{}}],"shipping":{"id":"f2aa9075-2d8d-4177-a100-183bbcaf4516","dbLockVersion":0,"firstName":"test","lastName":"auto","addressId":"6f05cfe6-34ce-418b-a6b5-337d44171b35","postalCode":"95122","city":"San Jose","state":"CA","countryCode":"USA","addressLineOne":"2476 Barlow Ave","phoneCountryCode":"+1","phoneCountry":"US","latitude":37.344413,"longitude":-121.826732,"phone":"4089045802","deliveryInstructions":"LEAVE AT DOORSTEP","addressType":"RESIDENTIAL","isPOBox":true,"isAPOFPO":false,"lastModifiedDate":1726120847047,"deliveryInstructionsDetails":[{"deliveryInstructionType":"REGULAR","deliveryInstruction":"LEAVE AT DOORSTEP"}]},"currencyCode":"USD","preview":false,"tenantId":0,"tenantIdentifier":"elh9ie","verticalId":0,"checkoutableErrors":[],"intent":"DELIVERY","pickupStore":{"city":"San Jose","stateOrProvinceCode":"CA","countryCode":"USA","postalCode":"95122","storeId":"32144","services":[]},"deliveryStore":{"city":"San Jose","stateOrProvinceCode":"CA","countryCode":"USA","postalCode":"95122","storeId":"32144","services":[]},"mpStores":[],"fulfillmentPlans":[],"accessPoints":[],"reservations":[],"isExplicitIntent":true,"hasGiftEligibleItem":false,"marketPlacePickup":true,"warnings":[],"restrictions":[],"accInstallationSelection":{"isExplicitPackageSelection":false}},"errorItems":[],"lastModifiedTime":1726197167954,"cartVersion":1208,"isOmniPromiseResponse":true,"uniqueInstallationOfferIdHolder":[]}},"astroInfo":null}'
2024-09-12 20:12:49.092 [DEBUG] [thread-id 1] - Store in: store the value 'null' in the variable 'itemDetails'
2024-09-12 20:12:49.240 [DEBUG] [thread-id 1] - {"itemId":"5001440829","astroStatus":"SUCCESS","astroDescription":"STORE_SCHEDULED_DELIVERY (5001440829), ORDER CREATED","orderType":"STORE_SCHEDULED_DELIVERY","storeId":"32144","orderNumber":null,"eligiblePaths":["subscriptions","app e2e regression","minprice=0&maxprice=35"],"paymentTypes":[],"inEligiblePaths":[],"offerId":"61772D568A8D341089DBE26C1627C3B0","_id":"66c3d0ccc8ee369709473e85","__v":0,"createdAt":"2024-08-19T23:10:04.482Z","price":{"currencyAmount":1.96,"currencyUnit":"USD","unit":"EA"},"updatedAt":"2024-09-13T03:08:19.581Z"}
2024-09-12 20:12:49.395 [DEBUG] [thread-id 1] - Store in: store the value '5001440829' in the variable 'itemFetched'
2024-09-12 20:12:49.535 [DEBUG] [thread-id 1] - Store in: store the value 'SUCCESS' in the variable 'itemStatus'
2024-09-12 20:12:49.681 [WARN] [thread-id 1] - variable healthCheck was used, but r2 could not find a value for this variable. returning default of null
2024-09-12 20:12:49.823 [DEBUG] [thread-id 1] - conditionally execute a flow. condition: true
2024-09-12 20:12:49.967 [DEBUG] [thread-id 1] - Execute Node: 'us/e2e-tests/helpers/splitNumberString.js'
2024-09-12 20:12:50.216 [DEBUG] [thread-id 1] - 5001440829
2024-09-12 20:12:50.361 [WARN] [thread-id 1] - variable skipForNext was used, but r2 could not find a value for this variable. returning default of null
2024-09-12 20:12:50.504 [WARN] [thread-id 1] - variable excludeFetchedItem was used, but r2 could not find a value for this variable. returning default of null
2024-09-12 20:12:50.504 [DEBUG] [thread-id 1] - conditionally execute a flow. condition: false
2024-09-12 20:12:50.642 [DEBUG] [thread-id 1] - Checking item eligibility before proceeding
2024-09-12 20:12:50.643 [DEBUG] [thread-id 1] - Store in: store the value 'false' in the variable 'itemEligiblity'
2024-09-12 20:12:50.643 [DEBUG] [thread-id 1] - Store in: store the value 'false' in the variable 'ignoreItem'
2024-09-12 20:12:50.643 [DEBUG] [thread-id 1] - loop: over '["131979272","795796940", "812231723", "2466884336", "472115968", "981898706", "499284126279","10801611", "982133078","242467890","1937310256","858406964"]'
2024-09-12 20:12:52.975 [DEBUG] [thread-id 1] - conditionally execute a flow. condition: false
2024-09-12 20:12:53.127 [DEBUG] [thread-id 1] - conditionally execute a flow. condition: true
2024-09-12 20:12:53.629 [DEBUG] [thread-id 1] - Store in: store the value 'false' in the variable 'itemEligible'
2024-09-12 20:12:53.629 [DEBUG] [thread-id 1] - Call API: 'http://astro.walmart.com/api/v2/teflon/item/transactability'
2024-09-12 20:13:08.270 [DEBUG] [thread-id 1] - Response code is: '404'. Response body is: '{"astroStatus":"FAIL","astroDescription":"CART - ADD_TO_CART_ERROR 404.UP.MCSE.102","astroDetails":{"statusCode":206,"cart_correlation_id":"321f06b5-fcf9-4209-aa78-3e4481bd024e","errors":{"dbSessionMap":{"CXO_CART_ST":"{\"mtoken\":\"4:35#350523489#2=99558553#8=410601729\"}"},"checkoutable":false,"cart":{"id":"5ff15eb0-8e0e-4285-be27-22252f2c1daf","buyer":{"id":"bc908831-5155-4556-8521-490d97759fa0","type":"CUSTOMER"},"storeIds":[],"itemCount":0,"entityErrors":[{"code":"out_of_stock","errorcode":"200.CART_SERVICE.5018","description":"No data from Unified Promise","causes":[{"code":"404.UP.MCSE.102","description":"No Fulfillment Possible"}],"USItemId":"5001440829","offerId":"61772D568A8D341089DBE26C1627C3B0","productSegment":"Everything Else","productType":"default","hints":{}}],"shipping":{"id":"f2aa9075-2d8d-4177-a100-183bbcaf4516","dbLockVersion":0,"firstName":"test","lastName":"auto","addressId":"6f05cfe6-34ce-418b-a6b5-337d44171b35","postalCode":"95122","city":"San Jose","state":"CA","countryCode":"USA","addressLineOne":"2476 Barlow Ave","phoneCountryCode":"+1","phoneCountry":"US","latitude":37.344416,"longitude":-121.826728,"phone":"4089045802","deliveryInstructions":"LEAVE AT DOORSTEP","addressType":"RESIDENTIAL","isPOBox":true,"isAPOFPO":false,"lastModifiedDate":1726120847047,"deliveryInstructionsDetails":[{"deliveryInstructionType":"REGULAR","deliveryInstruction":"LEAVE AT DOORSTEP"}]},"currencyCode":"USD","preview":false,"tenantId":0,"tenantIdentifier":"elh9ie","verticalId":0,"checkoutableErrors":[],"intent":"DELIVERY","pickupStore":{"city":"San Jose","stateOrProvinceCode":"CA","countryCode":"USA","postalCode":"95122","storeId":"32144","services":[]},"deliveryStore":{"city":"San Jose","stateOrProvinceCode":"CA","countryCode":"USA","postalCode":"95122","storeId":"32144","services":[]},"mpStores":[],"fulfillmentPlans":[],"accessPoints":[],"reservations":[],"isExplicitIntent":true,"hasGiftEligibleItem":false,"marketPlacePickup":true,"warnings":[],"restrictions":[],"accInstallationSelection":{"isExplicitPackageSelection":false}},"errorItems":[],"lastModifiedTime":1726197188261,"cartVersion":1210,"isOmniPromiseResponse":true,"uniqueInstallationOfferIdHolder":[]}},"astroInfo":null}'
2024-09-12 20:13:08.754 [DEBUG] [thread-id 1] - Store in: store the value 'null' in the variable 'itemDetails'
2024-09-12 20:13:08.931 [DEBUG] [thread-id 1] - {"itemId":"5013669005","astroStatus":"SUCCESS","astroDescription":"STORE_SCHEDULED_DELIVERY (5013669005), ORDER CREATED","orderType":"STORE_SCHEDULED_DELIVERY","storeId":"32144","orderNumber":null,"eligiblePaths":["subscriptions","app e2e regression","minprice=0&maxprice=35","pureweighted"],"paymentTypes":[],"inEligiblePaths":[],"offerId":"9253FF6938CB3867AE23ADF336CAA740","_id":"66c3d0cc04140151c04d5174","__v":0,"createdAt":"2024-08-19T23:10:04.531Z","price":{"currencyAmount":1.12,"currencyUnit":"USD","unit":"LB"},"updatedAt":"2024-09-13T03:08:19.689Z"}
2024-09-12 20:13:09.798 [DEBUG] [thread-id 1] - Store in: store the value '5013669005' in the variable 'itemFetched'
2024-09-12 20:13:09.943 [DEBUG] [thread-id 1] - Store in: store the value 'SUCCESS' in the variable 'itemStatus'
2024-09-12 20:13:10.092 [WARN] [thread-id 1] - variable healthCheck was used, but r2 could not find a value for this variable. returning default of null
2024-09-12 20:13:10.238 [DEBUG] [thread-id 1] - conditionally execute a flow. condition: true
2024-09-12 20:13:10.417 [DEBUG] [thread-id 1] - Execute Node: 'us/e2e-tests/helpers/splitNumberString.js'
2024-09-12 20:13:10.633 [DEBUG] [thread-id 1] - 5013669005
2024-09-12 20:13:10.755 [WARN] [thread-id 1] - variable skipForNext was used, but r2 could not find a value for this variable. returning default of null
2024-09-12 20:13:10.906 [WARN] [thread-id 1] - variable excludeFetchedItem was used, but r2 could not find a value for this variable. returning default of null
2024-09-12 20:13:10.907 [DEBUG] [thread-id 1] - conditionally execute a flow. condition: false
2024-09-12 20:13:11.033 [DEBUG] [thread-id 1] - Checking item eligibility before proceeding
2024-09-12 20:13:11.033 [DEBUG] [thread-id 1] - Store in: store the value 'false' in the variable 'itemEligiblity'
2024-09-12 20:13:11.039 [DEBUG] [thread-id 1] - Store in: store the value 'false' in the variable 'ignoreItem'
2024-09-12 20:13:11.039 [DEBUG] [thread-id 1] - loop: over '["131979272","795796940", "812231723", "2466884336", "472115968", "981898706", "499284126279","10801611", "982133078","242467890","1937310256","858406964"]'
2024-09-12 20:13:13.338 [DEBUG] [thread-id 1] - conditionally execute a flow. condition: false
2024-09-12 20:13:13.473 [DEBUG] [thread-id 1] - conditionally execute a flow. condition: true
2024-09-12 20:13:13.769 [DEBUG] [thread-id 1] - Store in: store the value 'false' in the variable 'itemEligible'
2024-09-12 20:13:13.770 [DEBUG] [thread-id 1] - Call API: 'http://astro.walmart.com/api/v2/teflon/item/transactability'
2024-09-12 20:13:28.325 [DEBUG] [thread-id 1] - Response code is: '200'. Response body is: '{"astroStatus":"SUCCESS","astroDescription":"CART - ADD_TO_CART SUCCESS","astroDetails":{"dbSessionMap":{"CXO_CART_ST":"{\"mtoken\":\"4:35#350523565#2=99558609#8=410601876\"}"},"checkoutable":false,"cart":{"id":"5ff15eb0-8e0e-4285-be27-22252f2c1daf","buyer":{"id":"bc908831-5155-4556-8521-490d97759fa0","type":"CUSTOMER"},"storeIds":[],"itemCount":1,"entityErrors":[],"shipping":{"id":"f2aa9075-2d8d-4177-a100-183bbcaf4516","dbLockVersion":0,"firstName":"test","lastName":"auto","addressId":"6f05cfe6-34ce-418b-a6b5-337d44171b35","postalCode":"95122","city":"San Jose","state":"CA","countryCode":"USA","addressLineOne":"2476 Barlow Ave","phoneCountryCode":"+1","phoneCountry":"US","latitude":37.344416,"longitude":-121.826728,"phone":"4089045802","deliveryInstructions":"LEAVE AT DOORSTEP","addressType":"RESIDENTIAL","isPOBox":true,"isAPOFPO":false,"lastModifiedDate":1726120847047,"deliveryInstructionsDetails":[{"deliveryInstructionType":"REGULAR","deliveryInstruction":"LEAVE AT DOORSTEP"}]},"summary":{"subTotal":1.12,"grandTotal":8.11,"minimumThreshold":35,"balanceToReachThreshold":33.88,"thresholdOrderTotal":35,"shipPriceBelowThreshold":6.99,"fees":[{"type":"MIN_THRESHOLD_FEE","amount":6.99},{"type":"SLOT_FEE","amount":0}],"serviceCharges":[],"maxOrderTotalLimit":2500},"suggestedSlots":[{"id":"9c4ba735-7e9e-4cb1-b7c8-63e37e5942fc-2024-09-13","fulfillmentType":"INSTORE_PICKUP","fulfillmentOption":"PICKUP","accessType":"PICKUP_CURBSIDE","isUnscheduled":false,"accessPointId":"6168c2e3-fc36-4827-98e6-d717d10af1d6","expressSlot":false,"slaInMins":0,"startTime":1726221600000,"endTime":1726225200000,"cutoffTime":1726214400000,"supportedTimeZone":"US/Pacific","slotPrice":0,"ids":[],"restrictions":[],"status":"AVAILABLE","priority":0,"isAlcoholRestricted":false,"storeId":"32144"}],"currencyCode":"USD","preview":false,"tenantId":0,"tenantIdentifier":"elh9ie","verticalId":0,"checkoutableErrors":["reservation_required"],"intent":"DELIVERY","pickupStore":{"city":"San Jose","stateOrProvinceCode":"CA","countryCode":"USA","postalCode":"95122","storeId":"32144","services":[{"name":"DELI"},{"name":"PHOTO_CENTER"},{"name":"GARDEN_CENTER"},{"name":"GROCERY"},{"name":"FINANCIAL_SERVICES"},{"name":"BAKERY"},{"name":"TIRE_AND_LUBE","phone":"330-337-9044"},{"name":"LIQUOR"},{"name":"VISION_CENTER"},{"name":".COM_SERVICES"},{"name":"ADHOC_TESTING"},{"name":"CAR"},{"name":"CATEGORY_TEST_0816"},{"name":"GROCERY"},{"name":"HOME_FURNITURE"},{"name":"MFC_MANUAL"},{"name":"SC_NEW_TEST0901"},{"name":"SERVICE_DESK"},{"name":"SERVICE_CATEGORY_TEST_1908"},{"name":"GROCERY_PICKUP_DELIVERY"}]},"deliveryStore":{"city":"San Jose","stateOrProvinceCode":"CA","countryCode":"USA","postalCode":"95122","storeId":"32144","services":[{"name":"DELI"},{"name":"PHOTO_CENTER"},{"name":"GARDEN_CENTER"},{"name":"GROCERY"},{"name":"FINANCIAL_SERVICES"},{"name":"BAKERY"},{"name":"TIRE_AND_LUBE","phone":"330-337-9044"},{"name":"LIQUOR"},{"name":"VISION_CENTER"},{"name":".COM_SERVICES"},{"name":"ADHOC_TESTING"},{"name":"CAR"},{"name":"CATEGORY_TEST_0816"},{"name":"GROCERY"},{"name":"HOME_FURNITURE"},{"name":"MFC_MANUAL"},{"name":"SC_NEW_TEST0901"},{"name":"SERVICE_DESK"},{"name":"SERVICE_CATEGORY_TEST_1908"},{"name":"GROCERY_PICKUP_DELIVERY"}]},"mpStores":[],"fulfillmentPlans":[{"isDefault":true,"fulfillmentModules":[{"name":"STORE","fulfillmentGroups":[{"sellerId":"455A2F43226F41319399794332C71B7F","fulfillmentOptions":[{"fulfillmentType":"PICKUP","accessType":"PICKUP_CURBSIDE","accessMode":"DRIVE_IN","isSelected":true,"isUnscheduled":false,"accessPointId":"6168c2e3-fc36-4827-98e6-d717d10af1d6","slotId":"9c4ba735-7e9e-4cb1-b7c8-63e37e5942fc-2024-09-13","itemGroups":[{"itemIds":["dc33bcb1-e8ea-4eda-8193-49ca6a72ac03"],"accessMode":"DRIVE_IN","itemDetails":[{"lineItemId":"dc33bcb1-e8ea-4eda-8193-49ca6a72ac03","wicEligible":false}],"fulfillmentId":"3a221abc-81be-4d43-a1bb-276d091abbb6"}],"slotIds":[]}],"fulfillmentSellerType":"WALMART"}],"checkoutableErrors":["reservation_required"],"checkoutable":false,"summary":{"subTotal":1.12,"grandTotal":1.12}}]}],"accessPoints":[{"id":"6168c2e3-fc36-4827-98e6-d717d10af1d6","name":"Walmart San Jose Store #32144","storeId":32144,"fulfillmentType":"INSTORE_PICKUP","fulfillmentOption":"PICKUP","supportedTimeZone":"US/Pacific","locationInstruction":"[{\"type\":\"CHECKIN_DEFAULT\",\"value\":\"<div><p><b>Please bring your government-issued ID</b></p><br /><br /><ol><li>Download and use the app to let us know you're on the way and view your parking guide.</li><li>Park in a designated pickup spot. Using the app, enter your parking info and an associate will come to you.</li><li>Show your ID to the associate if required.</li><li>The associate will request access to your trunk or back seat, then will load your items.</li><li>You're all set! Check the app to see if you need to move to any other pickup locations.</li></ol></div>\"},{\"type\":\"EMAIL_DEFAULT\",\"value\":\"NA\"},{\"type\":\"CHECKIN_1\",\"value\":\"Next, tell us when youve parked. Park by the pickup sign and enter your parking info so we can find you faster.\"}]","isStoreEbtEligible":true,"allowAlcohol":true,"allowAgeRestricted":true,"restrictions":[],"accessType":"PICKUP_CURBSIDE","storeCategory":"Supercenter","nodeType":"STORE","pickupStartBuffer":5,"allowBagFee":true,"isBagFeeMandatory":false,"address":{"postalCode":"95122","addressLineOne":"777 STORY RD","city":"San Jose","state":"CA","addressTypeName":"OFFICE","isPOBox":false,"countryCode":"USA"}}],"reservations":[],"isExplicitIntent":true,"hasGiftEligibleItem":false,"marketPlacePickup":true,"warnings":[],"restrictions":[],"accInstallationSelection":{"isExplicitPackageSelection":false}},"items":[{"id":"dc33bcb1-e8ea-4eda-8193-49ca6a72ac03","quantity":1,"price":1.12,"oldPrice":1.12,"linePrice":1.12,"pricePerUnit":1.12,"pricePerUnitUoM":"LB","USItemId":"5013669005","identifier":{"id":"5013669005","type":"USItemId"},"USSellerId":"0","offerId":"9253FF6938CB3867AE23ADF336CAA740","name":"Fieldpack Unbranded Red Cabbage","seller":{"name":"Walmart.com","type":"INTERNAL","id":"455A2F43226F41319399794332C71B7F","catalogSellerId":0},"availableQuantity":864.25,"maxItemCountPerOrder":12,"minItemCountPerOrder":0.25,"charPrimaryCategoryPath":"UNNAV","sort":1726197207329,"entityErrors":[],"createdDateTime":1726197207328,"isAlcohol":false,"isTemperatureTimeRestricted":false,"isSubstitutionEligible":false,"weightIncrement":0.25,"unitOfMeasure":"LB","type":"REGULAR","itemClassId":"1","upc":"204554000008","productId":"6A0LKNRBOOSG","isSnapEligible":false,"isSubstitutionsAllowed":false,"productSegment":"Food & Beverages","salesUnit":"Weight","wupc":"0020455400000","productType":"Fresh & Frozen Vegetables","sourcingDetails":{"currentSelection":"PICKUP","accessPointId":"6168c2e3-fc36-4827-98e6-d717d10af1d6","nodeAvailableQuantity":864.25},"warnings":[],"fulfillmentDetails":{"fulfillmentId":"3a221abc-81be-4d43-a1bb-276d091abbb6","slaTier":"ONE_DAY","fulfillmentType":"PICKUP","nodeType":"STORE","fulfillmentTypeClassification":["PERISHABLE"],"fulfillmentChannel":[],"initialItemType":"STORE_ONLY","isNewItemToCart":true,"fulfillmentMode":"SCHEDULED","accessMode":"DRIVE_IN","accessType":"PICKUP_CURBSIDE","availableFulfillmentOptions":["SCHEDULED_PICKUP"],"fulfillmentModuleName":"STORE","maxOrderQuantity":{"pickup":12}},"isMAService":false,"associations":[],"fulfillmentPrerequisites":[{"preRequisiteList":["SCHEDULED_FULFILLMENT_REQUIRED"]}],"isEventActive":false,"events":[],"nodeLevelSellables":[],"legacyItemId":"5013669005","gtin":"00204554000008","brand":"FIELDPACK UNBRANDED","productClassType":"REGULAR","reportingHierarchy":"40000:46000:46001:46104:46233","compositions":[],"isCashbackEligible":true,"wicEligible":false,"isColdChain":true,"cartSelectedFulfillment":"PICKUP","isExportEligible":false,"isMA":false}],"errorItems":[],"lastModifiedTime":1726197208320,"cartVersion":1212,"isOmniPromiseResponse":true,"uniqueInstallationOfferIdHolder":[]},"astroInfo":null}'
2024-09-12 20:13:28.334 [DEBUG] [thread-id 1] - conditionally execute a flow. condition: true
2024-09-12 20:13:28.454 [DEBUG] [thread-id 1] - Store in: store the value 'true' in the variable 'itemEligible'
2024-09-12 20:13:28.607 [DEBUG] [thread-id 1] - conditionally execute a flow. condition: true
2024-09-12 20:13:28.758 [DEBUG] [thread-id 1] - Store in: store the value 'true' in the variable 'itemEligiblity'
2024-09-12 20:13:28.898 [DEBUG] [thread-id 1] - conditionally execute a flow. condition: true
2024-09-12 20:13:29.211 [DEBUG] [thread-id 1] - Stock available Item Id 5013669005 for type STORE_SCHEDULED_DELIVERY
2024-09-12 20:13:29.335 [WARN] [thread-id 1] - variable fetchedItemDataDetails was used, but r2 could not find a value for this variable. returning default of null
2024-09-12 20:13:29.336 [DEBUG] [thread-id 1] - Execute Node: 'us/e2e-tests/helpers/jsonParser.js'
2024-09-12 20:13:29.597 [DEBUG] [thread-id 1] - Store in: store the value 'false' in the variable 'skipForNext'
2024-09-12 20:13:29.742 [DEBUG] [thread-id 1] - Store in: store the value 'false' in the variable 'excludeFetchedItem'
2024-09-12 20:13:29.744 [DEBUG] [thread-id 1] - Store in: store the value 'null' in the variable 'storeId'
2024-09-12 20:13:29.744 [DEBUG] [thread-id 1] - Store in: store the value 'null' in the variable 'itemStatusHeader'
2024-09-12 20:13:29.746 [DEBUG] [thread-id 1] - Store in: store the value 'false' in the variable 'healthCheck'
2024-09-12 20:13:29.747 [DEBUG] [thread-id 1] - Store in: store the value 'null' in the variable 'version'
2024-09-12 20:13:29.748 [DEBUG] [thread-id 1] - Store in: store the value 'null' in the variable 'itemFilter'
2024-09-12 20:13:29.750 [DEBUG] [thread-id 1] - Store in: store the value 'false' in the variable 'noSubSet'
2024-09-12 20:13:29.882 [DEBUG] [thread-id 1] - Store in: store the value 'null' in the variable 'backupItem'
2024-09-12 20:13:29.882 [DEBUG] [thread-id 1] - Store in: store the value 'null' in the variable 'source'
2024-09-12 20:13:29.882 [DEBUG] [thread-id 1] - Store in: store the value 'null' in the variable 'useHardCodedItem'
2024-09-12 20:13:29.883 [DEBUG] [thread-id 1] - Store in: store the value 'walmart://item/5013669005' in the variable 'deeplinkURl'
2024-09-12 20:13:29.883 [DEBUG] [thread-id 1] - Item:5013669005
2024-09-12 20:13:29.883 [DEBUG] [thread-id 1] - deeplinkURL:walmart://item/5013669005
2024-09-12 20:13:29.883 [DEBUG] [thread-id 1] - Store in: store the value '5013669005' in the variable 'item1'
2024-09-12 20:13:29.884 [DEBUG] [thread-id 1] - Executing function: 'us.functions.global.navigation.goToDeepLink'
2024-09-12 20:13:29.884 [DEBUG] [thread-id 1] - Verify value of: '$deepLinkUrl'
2024-09-12 20:13:29.885 [DEBUG] [thread-id 1] - Open link: 'walmart://item/5013669005'
2024-09-12 20:13:30.089 [DEBUG] [thread-id 1] - Store in: store the value 'passed' in the variable 'testStatus'
2024-09-12 20:13:32.035 [DEBUG] [thread-id 1] - Executing scenario: 'After'
2024-09-12 20:13:32.037 [DEBUG] [thread-id 1] - Executing function: 'us.functions.utils.afterSteps'
2024-09-12 20:13:32.038 [DEBUG] [thread-id 1] - conditionally execute a flow. condition: true
2024-09-12 20:13:32.141 [DEBUG] [thread-id 1] - Test passed
2024-09-12 20:13:34.008 [DEBUG] [thread-id 1] - Created report: /Users/m0k0a2f/glass-automation/report/index.html
