2023-11-28 08:50:40.602 [DEBUG] [thread-id 1] - Executing R2 3.38.1: '/Users/m0k0a2f/glass-automation/./us/test/test-scripts/android/golden-flows/payment-flows/pre-transaction/C2644791-directed-spend-payment.yaml' on device: 'Pixel_5_API_31'
2023-11-28 08:51:00.561 [DEBUG] [thread-id 1] - Executing scenario: 'Before'
2023-11-28 08:51:00.563 [DEBUG] [thread-id 1] - R2_SUBFLOW_PRE_TRANSACTION
2023-11-28 08:51:00.565 [DEBUG] [thread-id 1] - Executing function: 'us.functions.utils.astro.clearCart'
2023-11-28 08:51:00.610 [DEBUG] [thread-id 1] - Call API: 'http://astro.walmart.com/api/v2/teflon/customer/e2e.ds.ebt@gmail.com/clearcart'
2023-11-28 08:51:17.813 [DEBUG] [thread-id 1] - Response code is: '200'. Response body is: '{"astroStatus":"SUCCESS","astroDescription":"CART_CLEARED","astroDetails":{"dbSessionMap":{"CXO_CART_ST":"{\"mtoken\":\"6:23#319846135#2=60839490#8=351720174\"}"},"checkoutable":false,"cart":{"id":"172906a2-0c03-4cb4-b0a9-1699132ed31e","buyer":{"id":"edea9c5b-31fa-42ab-969f-7e372169e1c2","type":"CUSTOMER"},"accessPoint":{"id":"6168c2e3-fc36-4827-98e6-d717d10af1d6","name":"Walmart San Jose Store #32144","storeId":32144,"fulfillmentType":"INSTORE_PICKUP","fulfillmentOption":"PICKUP","supportedTimeZone":"US/Pacific","locationInstruction":"[{\"type\":\"CHECKIN_DEFAULT\",\"value\":\"<div><p><b>Please bring your government-issued ID</b></p><br /><br /><ol><li>Download and use the app to let us know you're on the way and view your parking guide.</li><li>Park in a designated pickup spot. Using the app, enter your parking info and an associate will come to you.</li><li>Show your ID to the associate if required.</li><li>The associate will request access to your trunk or back seat, then will load your items.</li><li>You're all set! Check the app to see if you need to move to any other pickup locations.</li></ol></div>\"},{\"type\":\"EMAIL_DEFAULT\",\"value\":\"NA\"},{\"type\":\"CHECKIN_1\",\"value\":\"Next, tell us when you’ve parked. Park by the pickup sign and enter your parking info so we can find you faster.\"}]","isStoreEbtEligible":true,"allowAlcohol":true,"allowAgeRestricted":false,"restrictions":[],"accessType":"PICKUP_CURBSIDE","storeCategory":"Supercenter","nodeType":"STORE","pickupStartBuffer":5,"allowBagFee":true,"isBagFeeMandatory":false,"address":{"postalCode":"95122","addressLineOne":"777 STORY RD","city":"San Jose","state":"CA","addressTypeName":"OFFICE","isPOBox":false,"countryCode":"USA"}},"storeIds":[],"itemCount":0,"entityErrors":[],"shipping":{"id":"3d1b00d4-6258-4945-a3d2-2cf8745acb29","dbLockVersion":0,"postalCode":"95122","city":"San Jose","state":"CA","countryCode":"USA","latitude":37.606689,"longitude":-122.426362,"isPOBox":false,"isAPOFPO":false,"isAddressChangedExplicitly":true},"currencyCode":"USD","preview":false,"tenantId":0,"verticalId":0,"checkoutableErrors":[],"intent":"PICKUP","pickupStore":{"city":"San Jose","stateOrProvinceCode":"CA","countryCode":"USA","postalCode":"95122","storeId":"32144","services":[]},"deliveryStore":{"city":"San Jose","stateOrProvinceCode":"CA","countryCode":"USA","postalCode":"95122","storeId":"32144","services":[]},"mpStores":[],"fulfillmentPlans":[],"accessPoints":[{"id":"6168c2e3-fc36-4827-98e6-d717d10af1d6","name":"Walmart San Jose Store #32144","storeId":32144,"fulfillmentType":"INSTORE_PICKUP","fulfillmentOption":"PICKUP","supportedTimeZone":"US/Pacific","locationInstruction":"[{\"type\":\"CHECKIN_DEFAULT\",\"value\":\"<div><p><b>Please bring your government-issued ID</b></p><br /><br /><ol><li>Download and use the app to let us know you're on the way and view your parking guide.</li><li>Park in a designated pickup spot. Using the app, enter your parking info and an associate will come to you.</li><li>Show your ID to the associate if required.</li><li>The associate will request access to your trunk or back seat, then will load your items.</li><li>You're all set! Check the app to see if you need to move to any other pickup locations.</li></ol></div>\"},{\"type\":\"EMAIL_DEFAULT\",\"value\":\"NA\"},{\"type\":\"CHECKIN_1\",\"value\":\"Next, tell us when you’ve parked. Park by the pickup sign and enter your parking info so we can find you faster.\"}]","isStoreEbtEligible":true,"allowAlcohol":true,"allowAgeRestricted":false,"restrictions":[],"accessType":"PICKUP_CURBSIDE","storeCategory":"Supercenter","nodeType":"STORE","pickupStartBuffer":5,"allowBagFee":true,"isBagFeeMandatory":false,"address":{"postalCode":"95122","addressLineOne":"777 STORY RD","city":"San Jose","state":"CA","addressTypeName":"OFFICE","isPOBox":false,"countryCode":"USA"}}],"reservations":[],"isExplicitIntent":false,"hasGiftEligibleItem":false,"warnings":[],"restrictions":[]},"isOmniPromiseResponse":true,"uniqueInstallationOfferIdHolder":[]}}'
2023-11-28 08:51:17.893 [DEBUG] [thread-id 1] - Cart cleared for e2e.ds.ebt@gmail.com
2023-11-28 08:51:17.934 [DEBUG] [thread-id 1] - Using us-errors-helpers.yaml
2023-11-28 08:51:17.963 [DEBUG] [thread-id 1] - Start Main
2023-11-28 08:51:17.965 [DEBUG] [thread-id 1] - Executing function: 'us.functions.global.onboarding.navigateOnboardingToHome'
2023-11-28 08:51:17.966 [DEBUG] [thread-id 1] - Executing function: 'us.function.utils.getEnvironmentValue'
2023-11-28 08:51:17.967 [DEBUG] [thread-id 1] - Store in: store the value 'teflon' in the variable 'env'
2023-11-28 08:51:17.968 [DEBUG] [thread-id 1] - Start Activity: 'com.walmart.android.debug.com.walmart.glass.integration.splash.SplashActivity'
2023-11-28 08:51:31.180 [DEBUG] [thread-id 1] - conditionally execute a flow. condition: false
2023-11-28 08:51:31.208 [DEBUG] [thread-id 1] - Verify identifier: {com.walmart.android.debug:id/onboarding_welcome_title_textview=[true]}
2023-11-28 08:51:41.304 [DEBUG] [thread-id 1] - conditionally execute a flow. condition: false
2023-11-28 08:51:41.413 [DEBUG] [thread-id 1] - Verify identifier: {com.walmart.android.debug:id/onboarding_welcome_title_textview=[true]}
2023-11-28 08:51:41.672 [DEBUG] [thread-id 1] - Click element: 'com.walmart.android.debug:id/onboarding_welcome_secondary_button'
2023-11-28 08:51:52.876 [DEBUG] [thread-id 1] - Verify identifier: {com.walmart.android.debug:id/onboarding_location_title_textview=[true]}
2023-11-28 08:51:53.091 [DEBUG] [thread-id 1] - Click element: 'com.walmart.android.debug:id/onboarding_zip_code_button'
2023-11-28 08:51:54.176 [DEBUG] [thread-id 1] - Verify identifier: {com.walmart.android.debug:id/onboarding_title_textview=[true]}
2023-11-28 08:51:54.786 [DEBUG] [thread-id 1] - Click element: 'com.walmart.android.debug:id/onboarding_zip_code_textinput'
2023-11-28 08:51:56.323 [DEBUG] [thread-id 1] - Enter text: '95122'
2023-11-28 08:51:58.795 [DEBUG] [thread-id 1] - Hide keyboard: 'true'
2023-11-28 08:52:05.482 [DEBUG] [thread-id 1] - Click element: 'com.walmart.android.debug:id/onboarding_zip_code_search_button'
2023-11-28 08:52:06.144 [DEBUG] [thread-id 1] - sleep:  3000 milliseconds
2023-11-28 08:52:09.150 [DEBUG] [thread-id 1] - loop: from 0 to 3
2023-11-28 08:52:10.927 [DEBUG] [thread-id 1] - 0
2023-11-28 08:52:21.234 [DEBUG] [thread-id 1] - conditionally execute a flow. condition: false
2023-11-28 08:52:31.284 [DEBUG] [thread-id 1] - Verify identifier: {com.walmart.android.debug:id/onboarding_title_textview=[true]}
2023-11-28 08:52:31.285 [DEBUG] [thread-id 1] - Executing function: 'us.functions.global.onboarding.popUpScreen'
2023-11-28 08:52:31.285 [DEBUG] [thread-id 1] - sleep:  3000 milliseconds
2023-11-28 08:52:44.299 [DEBUG] [thread-id 1] - sleep:  3000 milliseconds
2023-11-28 08:52:47.305 [DEBUG] [thread-id 1] - Executing function: 'us.functions.global.onboarding.smartLock.DismissNoneOfTheAbove'
2023-11-28 08:52:57.311 [DEBUG] [thread-id 1] - sleep:  3000 milliseconds
2023-11-28 08:53:00.316 [DEBUG] [thread-id 1] - Executing function: 'us.functions.home.personalizedPopUpScreenClose'
2023-11-28 08:53:00.318 [DEBUG] [thread-id 1] - sleep:  5000 milliseconds
2023-11-28 08:53:05.327 [DEBUG] [thread-id 1] - conditionally execute a flow. condition: true
2023-11-28 08:53:05.469 [DEBUG] [thread-id 1] - Click element: 'com.walmart.android.debug:id/marketing_privacy_bottom_sheet_deny_btn'
2023-11-28 08:53:06.100 [DEBUG] [thread-id 1] - sleep:  3000 milliseconds
2023-11-28 08:53:09.105 [DEBUG] [thread-id 1] - Executing function: 'us.functions.utils.tryAgainWhenThereIsError'
2023-11-28 08:53:09.108 [DEBUG] [thread-id 1] - loop: from 0 to 3
2023-11-28 08:53:09.212 [DEBUG] [thread-id 1] - 0
2023-11-28 08:53:19.288 [DEBUG] [thread-id 1] - conditionally execute a flow. condition: false
2023-11-28 08:53:29.387 [DEBUG] [thread-id 1] - Executing function: 'us.functions.gic.collapseIfExpanded'
2023-11-28 08:53:29.449 [DEBUG] [thread-id 1] - conditionally execute a flow. condition: true
2023-11-28 08:53:29.554 [DEBUG] [thread-id 1] - Click element: '//android.widget.ImageView[contains(@content-desc,"expanded")]'
2023-11-28 08:53:31.217 [DEBUG] [thread-id 1] - Verify identifier: {com.walmart.android.debug:id/search_view=[true]}
2023-11-28 08:53:31.217 [DEBUG] [thread-id 1] - Executing function: 'us.functions.home.handleReorderToolTip'
2023-11-28 08:53:41.250 [DEBUG] [thread-id 1] - conditionally execute a flow. condition: false
2023-11-28 08:53:41.292 [DEBUG] [thread-id 1] - no tooltip displayed
2023-11-28 08:53:41.292 [DEBUG] [thread-id 1] - Executing function: 'us.functions.home.navigateHomeToSignIn'
2023-11-28 08:53:41.342 [DEBUG] [thread-id 1] - Click element: 'com.walmart.android.debug:id/navigation_account'
2023-11-28 08:53:41.984 [DEBUG] [thread-id 1] - sleep:  5000 milliseconds
2023-11-28 08:53:47.141 [DEBUG] [thread-id 1] - Verify identifier: {//*[@resource-id="com.walmart.android.debug:id/sign_in_button"]|//*[@resource-id="com.walmart.android.debug:id/account_sign_in_button"]=[true]}
2023-11-28 08:53:47.143 [DEBUG] [thread-id 1] - loop: from 1 to 3
2023-11-28 08:53:47.181 [DEBUG] [thread-id 1] - Executing function: 'us.functions.global.onboarding.smartLock.DismissNoneOfTheAbove'
2023-11-28 08:53:57.277 [DEBUG] [thread-id 1] - conditionally execute a flow. condition: true
2023-11-28 08:53:57.359 [DEBUG] [thread-id 1] - Click element: '//*[@resource-id="com.walmart.android.debug:id/sign_in_button"]|//*[@resource-id="com.walmart.android.debug:id/account_sign_in_button"]'
2023-11-28 08:53:58.226 [DEBUG] [thread-id 1] - sleep:  3000 milliseconds
2023-11-28 08:54:01.811 [DEBUG] [thread-id 1] - conditionally execute a flow. condition: true
2023-11-28 08:54:01.844 [DEBUG] [thread-id 1] - Store in: store the value 'true' in the variable 'signInValidated'
2023-11-28 08:54:01.880 [DEBUG] [thread-id 1] - conditionally execute a flow. condition: true
2023-11-28 08:54:01.901 [DEBUG] [thread-id 1] - SignIn page loaded
2023-11-28 08:54:01.924 [DEBUG] [thread-id 1] - Store in: store the value 'false' in the variable 'signInValidated'
2023-11-28 08:54:01.925 [DEBUG] [thread-id 1] - Executing function: 'us.functions.global.authentication.signInAccount'
2023-11-28 08:54:01.925 [DEBUG] [thread-id 1] - Executing function: 'us.functions.global.onboarding.smartLock.DismissNoneOfTheAbove'
2023-11-28 08:54:11.935 [WARN] [thread-id 1] - variable validateSignInPage was used, but r2 could not find a value for this variable. returning default of null
2023-11-28 08:54:11.965 [DEBUG] [thread-id 1] - Verify identifier: {//android.widget.EditText[@text="Email"]=[true]}
2023-11-28 08:54:11.990 [DEBUG] [thread-id 1] - Enter text: 'e2e.ds.ebt@gmail.com'
2023-11-28 08:54:14.502 [DEBUG] [thread-id 1] - loop: from 1 to 3
2023-11-28 08:54:15.242 [DEBUG] [thread-id 1] - sleep:  3000 milliseconds
2023-11-28 08:54:18.382 [DEBUG] [thread-id 1] - conditionally execute a flow. condition: true
2023-11-28 08:54:18.544 [DEBUG] [thread-id 1] - Click element: 'com.walmart.android.debug:id/auth_button_main'
2023-11-28 08:54:19.372 [DEBUG] [thread-id 1] - sleep:  5000 milliseconds
2023-11-28 08:54:25.046 [DEBUG] [thread-id 1] - conditionally execute a flow. condition: true
2023-11-28 08:54:25.085 [DEBUG] [thread-id 1] - Store in: store the value 'true' in the variable 'signInValidated'
2023-11-28 08:54:25.118 [DEBUG] [thread-id 1] - conditionally execute a flow. condition: true
2023-11-28 08:54:25.143 [DEBUG] [thread-id 1] - Store in: store the value 'false' in the variable 'signInValidated'
2023-11-28 08:54:25.165 [DEBUG] [thread-id 1] - Email entered
2023-11-28 08:54:45.205 [WARN] [thread-id 1] - variable validateSignInPage was used, but r2 could not find a value for this variable. returning default of null
2023-11-28 08:54:45.206 [DEBUG] [thread-id 1] - loop: from 1 to 3
2023-11-28 08:54:45.227 [DEBUG] [thread-id 1] - sleep:  2000 milliseconds
2023-11-28 08:54:47.300 [DEBUG] [thread-id 1] - conditionally execute a flow. condition: true
2023-11-28 08:54:47.356 [DEBUG] [thread-id 1] - Enter text: 'Testing@123'
2023-11-28 08:54:50.409 [DEBUG] [thread-id 1] - Press go back key: 'true'
2023-11-28 08:54:51.664 [DEBUG] [thread-id 1] - sleep:  1000 milliseconds
2023-11-28 08:54:52.783 [DEBUG] [thread-id 1] - Click element: 'com.walmart.android.debug:id/auth_button_main'
2023-11-28 08:54:53.519 [DEBUG] [thread-id 1] - sleep:  5000 milliseconds
2023-11-28 08:54:59.066 [DEBUG] [thread-id 1] - conditionally execute a flow. condition: true
2023-11-28 08:54:59.118 [DEBUG] [thread-id 1] - Store in: store the value 'true' in the variable 'signInValidated'
2023-11-28 08:54:59.171 [DEBUG] [thread-id 1] - Executing function: 'us.functions.global.authentication.handleSomethingWentWrongError'
2023-11-28 08:54:59.172 [DEBUG] [thread-id 1] - sleep:  5000 milliseconds
2023-11-28 08:55:04.174 [DEBUG] [thread-id 1] - loop: from 0 to 3
2023-11-28 08:55:04.255 [DEBUG] [thread-id 1] - 0
2023-11-28 08:55:14.396 [DEBUG] [thread-id 1] - conditionally execute a flow. condition: false
2023-11-28 08:55:14.464 [DEBUG] [thread-id 1] - conditionally execute a flow. condition: true
2023-11-28 08:55:14.514 [DEBUG] [thread-id 1] - Account signed in
2023-11-28 08:55:24.560 [DEBUG] [thread-id 1] - Executing function: 'us.functions.utils.handleCartMergePopup'
2023-11-28 08:55:24.561 [DEBUG] [thread-id 1] - sleep:  7000 milliseconds
2023-11-28 08:55:31.570 [DEBUG] [thread-id 1] - loop: from 0 to 4
2023-11-28 08:55:31.721 [DEBUG] [thread-id 1] - 0
2023-11-28 08:55:41.847 [DEBUG] [thread-id 1] - conditionally execute a flow. condition: false
2023-11-28 08:55:41.897 [DEBUG] [thread-id 1] - No cart merge popup observed
2023-11-28 08:55:41.953 [DEBUG] [thread-id 1] - Executing function: 'us.functions.global.navigation.accountToHome'
2023-11-28 08:55:41.953 [DEBUG] [thread-id 1] - conditionally execute a flow. condition: true
2023-11-28 08:55:42.003 [DEBUG] [thread-id 1] - Scroll: up
2023-11-28 08:55:42.723 [DEBUG] [thread-id 1] - Verify identifier: {com.walmart.android.debug:id/purchase_history_header=[true]}
2023-11-28 08:55:52.790 [DEBUG] [thread-id 1] - Click element: 'com.walmart.android.debug:id/navigation_shop'
2023-11-28 08:55:53.535 [DEBUG] [thread-id 1] - Executing function: 'us.functions.home.closeWPlusPromotionPopUpIfDisplayed'
2023-11-28 08:55:53.536 [DEBUG] [thread-id 1] - sleep:  5000 milliseconds
2023-11-28 08:56:08.585 [DEBUG] [thread-id 1] - Executing function: 'us.functions.home.setStore'
2023-11-28 08:56:08.590 [DEBUG] [thread-id 1] - conditionally execute a flow. condition: true
2023-11-28 08:56:08.637 [DEBUG] [thread-id 1] - Executing function: 'us.functions.home.changeStore'
2023-11-28 08:56:08.673 [DEBUG] [thread-id 1] - conditionally execute a flow. condition: true
2023-11-28 08:56:08.742 [DEBUG] [thread-id 1] - Click element: '//android.widget.ImageView[contains(@resource-id, "com.walmart.android.debug:id/global_intent_center_collapsed_chevron") and (contains(@content-desc,"collapsed") or contains(@content-desc,"collapse"))]'
2023-11-28 08:56:09.389 [WARN] [thread-id 1] - variable storeOnly was used, but r2 could not find a value for this variable. returning default of null
2023-11-28 08:56:09.390 [DEBUG] [thread-id 1] - conditionally execute a flow. condition: true
2023-11-28 08:56:20.531 [DEBUG] [thread-id 1] - conditionally execute a flow. condition: false
2023-11-28 08:56:29.574 [DEBUG] [thread-id 1] - Click element: '//android.widget.ImageView[contains(@content-desc, "Pickup") and contains(@content-desc, "2 of 3")] | //*[@resource-id = "com.walmart.android.debug:id/card_btn_hot_pickup"]'
2023-11-28 08:56:30.187 [WARN] [thread-id 1] - variable driverpopup was used, but r2 could not find a value for this variable. returning default of null
2023-11-28 08:56:40.251 [DEBUG] [thread-id 1] - sleep:  2000 milliseconds
2023-11-28 08:56:42.261 [DEBUG] [thread-id 1] - Executing function: 'us.functions.home.closeWPlusPromotionPopUpIfDisplayed'
2023-11-28 08:56:42.261 [DEBUG] [thread-id 1] - sleep:  5000 milliseconds
2023-11-28 08:57:10.438 [DEBUG] [thread-id 1] - Click element: '//*[contains(@resource-id, "global_intent_center_expanded_view")]//androidx.cardview.widget.CardView[contains(@resource-id, "global_intent_center_expanded_large_card")][position()=last()]//*[contains(@resource-id, "global_intent_center_large_card_chevron")] | //*[@resource-id="com.walmart.android.debug:id/gic_hot_pickup_card"]//*[@resource-id = "com.walmart.android.debug:id/gic_hot_card_content"]'
2023-11-28 08:57:33.228 [DEBUG] [thread-id 1] - conditionally execute a flow. condition: false
2023-11-28 08:57:54.508 [DEBUG] [thread-id 1] - Enter text: '95122'
2023-11-28 08:59:29.526 [DEBUG] [thread-id 1] - Click element: '//*[@resource-id="com.walmart.android.debug:id/storeslector_access_points_recycler_view"]/android.view.ViewGroup[1]'
2023-11-28 08:59:42.036 [DEBUG] [thread-id 1] - Click element: 'com.walmart.android.debug:id/store_selector_store_save_button'
2023-11-28 09:01:46.679 [DEBUG] [thread-id 1] - sleep:  5000 milliseconds
2023-11-28 09:02:01.901 [DEBUG] [thread-id 1] - Executing function: 'us.functions.utils.handleTechnicalErrorPopup'
2023-11-28 09:02:01.901 [DEBUG] [thread-id 1] - Store in: store the value 'false' in the variable 'errorRemoved'
2023-11-28 09:02:01.901 [DEBUG] [thread-id 1] - sleep:  7000 milliseconds
2023-11-28 09:02:08.914 [DEBUG] [thread-id 1] - loop: from 0 to 3
2023-11-28 09:02:09.045 [DEBUG] [thread-id 1] - 0
2023-11-28 09:02:19.171 [DEBUG] [thread-id 1] - conditionally execute a flow. condition: false
2023-11-28 09:02:19.228 [DEBUG] [thread-id 1] - Store in: store the value 'true' in the variable 'errorRemoved'
2023-11-28 09:02:19.351 [DEBUG] [thread-id 1] - No Technical Error Pop up observed
2023-11-28 09:02:29.611 [DEBUG] [thread-id 1] - conditionally execute a flow. condition: true
2023-11-28 09:02:29.727 [DEBUG] [thread-id 1] - Click element: 'com.walmart.android.debug:id/global_intent_center_collapsed_chevron'
2023-11-28 09:02:30.858 [DEBUG] [thread-id 1] - Verify identifier: {com.walmart.android.debug:id/global_intent_center_collapsed_location=[true]}
2023-11-28 09:02:30.859 [DEBUG] [thread-id 1] - Store in: store the value 'false' in the variable 'storeOnly'
2023-11-28 09:02:30.859 [DEBUG] [thread-id 1] - Executing function: 'us.functions.gic.changeFulfillment'
2023-11-28 09:02:40.876 [DEBUG] [thread-id 1] - conditionally execute a flow. condition: false
2023-11-28 09:02:40.922 [DEBUG] [thread-id 1] - Executing function: 'us.functions.gic.expandIfCollapsed'
2023-11-28 09:02:40.980 [DEBUG] [thread-id 1] - conditionally execute a flow. condition: true
2023-11-28 09:02:41.058 [DEBUG] [thread-id 1] - Click element: '//android.widget.ImageView[contains(@resource-id, "com.walmart.android.debug:id/global_intent_center_collapsed_chevron") and (contains(@content-desc,"collapsed") or contains(@content-desc,"collapse"))]'
2023-11-28 09:02:43.313 [DEBUG] [thread-id 1] - Executing function: 'us.functions.gic.setFulfillment'
2023-11-28 09:02:53.343 [DEBUG] [thread-id 1] - conditionally execute a flow. condition: false
2023-11-28 09:02:53.406 [DEBUG] [thread-id 1] - conditionally execute a flow. condition: true
2023-11-28 09:03:01.827 [DEBUG] [thread-id 1] - Click element: '//android.widget.ImageView[contains(@content-desc,"Shipping 1 of 3") or contains(@content-desc,"Shipping selection 1 of 3")]'
2023-11-28 09:03:04.201 [DEBUG] [thread-id 1] - Click element: '//android.widget.ImageView[contains(@content-desc,"expanded")]'
2023-11-28 09:03:04.805 [DEBUG] [thread-id 1] - Executing function: 'us.functions.utils.getSearchableItem'
2023-11-28 09:03:04.806 [DEBUG] [thread-id 1] - Store in: store the value 'null' in the variable 'itemFetched'
2023-11-28 09:03:04.806 [DEBUG] [thread-id 1] - Store in: store the value 'null' in the variable 'deeplinkURL'
2023-11-28 09:03:04.806 [DEBUG] [thread-id 1] - Store in: store the value 'true' in the variable 'apiFetch'
2023-11-28 09:03:04.806 [WARN] [thread-id 1] - variable useHardCodedItem was used, but r2 could not find a value for this variable. returning default of null
2023-11-28 09:03:04.807 [DEBUG] [thread-id 1] - conditionally execute a flow. condition: false
2023-11-28 09:03:05.825 [DEBUG] [thread-id 1] - conditionally execute a flow. condition: false
2023-11-28 09:03:05.879 [DEBUG] [thread-id 1] - Item fetched by Astro API
2023-11-28 09:03:05.927 [DEBUG] [thread-id 1] - Executing function: 'us.functions.utils.fetchAstroAvailableItem'
2023-11-28 09:03:05.928 [DEBUG] [thread-id 1] - Fetching Item available in stock using Astro API for Item type FC_DELIVERY
2023-11-28 09:03:05.928 [WARN] [thread-id 1] - variable storeId was used, but r2 could not find a value for this variable. returning default of null
2023-11-28 09:03:05.929 [DEBUG] [thread-id 1] - conditionally execute a flow. condition: true
2023-11-28 09:03:05.974 [DEBUG] [thread-id 1] - Store in: store the value '32144' in the variable 'storeId'
2023-11-28 09:03:05.975 [WARN] [thread-id 1] - variable nextGen was used, but r2 could not find a value for this variable. returning default of null
2023-11-28 09:03:05.975 [DEBUG] [thread-id 1] - conditionally execute a flow. condition: true
2023-11-28 09:03:06.021 [DEBUG] [thread-id 1] - Store in: store the value 'nextgen' in the variable 'version'
2023-11-28 09:03:06.021 [WARN] [thread-id 1] - variable itemStatusHeader was used, but r2 could not find a value for this variable. returning default of null
2023-11-28 09:03:06.021 [DEBUG] [thread-id 1] - conditionally execute a flow. condition: true
2023-11-28 09:03:06.065 [DEBUG] [thread-id 1] - Store in: store the value 'SUCCESS' in the variable 'itemStatusHeader'
2023-11-28 09:03:06.065 [WARN] [thread-id 1] - variable itemFilter was used, but r2 could not find a value for this variable. returning default of null
2023-11-28 09:03:06.065 [DEBUG] [thread-id 1] - conditionally execute a flow. condition: false
2023-11-28 09:03:06.108 [DEBUG] [thread-id 1] - Store in: store the value 'http://astro.walmart.com/api/v3/teflon/internal/getItemHealth/32144/FC_DELIVERY' in the variable 'fetchURL'
2023-11-28 09:03:06.108 [DEBUG] [thread-id 1] - Store in: store the value 'null' in the variable 'itemDetails'
2023-11-28 09:03:06.151 [DEBUG] [thread-id 1] - conditionally execute a flow. condition: true
2023-11-28 09:03:06.201 [DEBUG] [thread-id 1] - NextGen API
2023-11-28 09:03:06.248 [DEBUG] [thread-id 1] - Call API: 'http://astro.walmart.com/api/v3/teflon/internal/getItemHealth/32144/FC_DELIVERY'
2023-11-28 09:03:12.750 [DEBUG] [thread-id 1] - Response code is: '200'. Response body is: '{"astroStatus":"SUCCESS","astroDescription":"Items found in itemHealth Collection","astroDetails":[{"itemId":"611158052","astroStatus":"SUCCESS","astroDescription":"FC_DELIVERY (611158052), ORDER CREATED","orderType":"FC_DELIVERY","storeId":"32144","orderNumber":null,"eligiblePaths":["buynow"],"paymentTypes":["cc"],"inEligiblePaths":[],"offerId":"62A27EDCA4B4479AB0EF705D5E2D9390","_id":"6352f4af430f483fa02f55e3","__v":0,"createdAt":"2022-10-21T19:36:15.120Z","updatedAt":"2023-11-28T17:02:26.421Z","price":{"currencyAmount":40,"currencyUnit":"USD"}},{"itemId":"443922107","astroStatus":"SUCCESS","astroDescription":"FC_DELIVERY (443922107), ORDER CREATED","orderType":"FC_DELIVERY","storeId":"32144","orderNumber":null,"eligiblePaths":["subsallowed"],"paymentTypes":["cc"],"inEligiblePaths":[],"offerId":"5839282B02F0454CAB41F1313484737C","_id":"6352f4afba71e839c00ea04f","__v":0,"createdAt":"2022-10-21T19:36:15.305Z","updatedAt":"2023-11-28T17:02:28.152Z","price":{"currencyAmount":22.03,"currencyUnit":"USD"}},{"itemId":"981898706","astroStatus":"SUCCESS","astroDescription":"FC_DELIVERY (981898706), ORDER CREATED","orderType":"FC_DELIVERY","storeId":"32144","orderNumber":null,"eligiblePaths":["buynow"],"paymentTypes":["cc"],"inEligiblePaths":[],"offerId":"B12A394720624A7CB09FC718F8D725F9","_id":"6352f4afca5dde2ee4d1b250","__v":0,"createdAt":"2022-10-21T19:36:15.881Z","updatedAt":"2023-11-28T17:02:26.576Z","price":{"currencyAmount":211,"currencyUnit":"USD"}},{"itemId":"466215216","astroStatus":"SUCCESS","astroDescription":"FC_DELIVERY (466215216), ORDER CREATED","orderType":"FC_DELIVERY","storeId":"32144","orderNumber":null,"eligiblePaths":["subsallowed"],"paymentTypes":["cc"],"inEligiblePaths":[],"offerId":"A4E2C3C8451E4988B06BE2EC5558AAD2","_id":"6352f4b0ca5dde2ee4d1b251","__v":0,"createdAt":"2022-10-21T19:36:16.041Z","updatedAt":"2023-11-28T17:02:26.592Z","price":{"currencyAmount":4.97,"currencyUnit":"USD","unit":"EA"}},{"itemId":"291089218","astroStatus":"SUCCESS","astroDescription":"FC_DELIVERY (291089218), ORDER CREATED","orderType":"FC_DELIVERY","storeId":"32144","orderNumber":null,"eligiblePaths":["associatediscount","subsallowed"],"paymentTypes":["cc"],"inEligiblePaths":[],"offerId":"83C5BA85CAE045EAA614ABB4B63FA4A4","_id":"6352f4b01578f257acaa40e4","__v":0,"createdAt":"2022-10-21T19:36:16.186Z","updatedAt":"2023-11-28T17:02:26.089Z","price":{"currencyAmount":2.67,"currencyUnit":"USD","unit":"EA"}},{"itemId":"832701813","astroStatus":"SUCCESS","astroDescription":"FC_DELIVERY (832701813), ORDER CREATED","orderType":"FC_DELIVERY","storeId":"32144","orderNumber":null,"eligiblePaths":[],"paymentTypes":["cc"],"inEligiblePaths":[],"offerId":"7EE15210F990430B87B9E581EF0EE853","_id":"6352f4b01578f257acaa40e5","__v":0,"createdAt":"2022-10-21T19:36:16.338Z","updatedAt":"2023-11-28T17:02:26.597Z","price":{"currencyAmount":4.98,"currencyUnit":"USD","unit":"EA"}},{"itemId":"693349901","astroStatus":"SUCCESS","astroDescription":"FC_DELIVERY (693349901), ORDER CREATED","orderType":"FC_DELIVERY","storeId":"32144","orderNumber":null,"eligiblePaths":["buynow"],"paymentTypes":["cc"],"inEligiblePaths":[],"offerId":"35C29C3CF81C420BA81D80F9FD9E36AA","_id":"6352f4b2d30e002434082bd9","__v":0,"createdAt":"2022-10-21T19:36:18.695Z","updatedAt":"2023-11-28T17:02:25.731Z","price":{"currencyAmount":170,"currencyUnit":"USD","unit":"EA"}},{"itemId":"180914550","astroStatus":"SUCCESS","astroDescription":"FC_DELIVERY (180914550), ORDER CREATED","orderType":"FC_DELIVERY","storeId":"32144","orderNumber":null,"eligiblePaths":["associatediscount","subsallowed"],"paymentTypes":["cc"],"inEligiblePaths":[],"offerId":"CEE55637DC144327BF8FD0C4C96D9BFB","_id":"6352f4b4ba71e839c00ea068","__v":0,"createdAt":"2022-10-21T19:36:20.314Z","updatedAt":"2023-11-28T17:02:23.615Z","price":{"currencyAmount":2.97,"currencyUnit":"USD","unit":"EA"}},{"itemId":"732383650","astroStatus":"SUCCESS","astroDescription":"FC_DELIVERY (732383650), ORDER CREATED","orderType":"FC_DELIVERY","storeId":"32144","orderNumber":null,"eligiblePaths":["buynow"],"paymentTypes":["cc"],"inEligiblePaths":[],"offerId":"BADE6F5D1325455EB835D9D12579AF24","_id":"6352f4b4ba71e839c00ea06d","__v":0,"createdAt":"2022-10-21T19:36:20.542Z","updatedAt":"2023-11-28T17:02:22.362Z","price":{"currencyAmount":0}},{"itemId":"822481324","astroStatus":"SUCCESS","astroDescription":"FC_DELIVERY (822481324), ORDER CREATED","orderType":"FC_DELIVERY","storeId":"32144","orderNumber":null,"eligiblePaths":["subsallowed","buynow"],"paymentTypes":["cc"],"inEligiblePaths":[],"offerId":"47ABD531463D4C88B894C0F731111A8E","_id":"6352f4b42110d44bb44f3337","__v":0,"createdAt":"2022-10-21T19:36:20.643Z","updatedAt":"2023-11-28T17:02:24.813Z","price":{"currencyAmount":0}}]}'
2023-11-28 09:03:12.880 [DEBUG] [thread-id 1] - conditionally execute a flow. condition: false
2023-11-28 09:03:12.926 [DEBUG] [thread-id 1] - SUCCESSFUL item fetched from astro API.
2023-11-28 09:03:12.974 [DEBUG] [thread-id 1] - loop: over '[{"itemId":"611158052","astroStatus":"SUCCESS","astroDescription":"FC_DELIVERY (611158052), ORDER CREATED","orderType":"FC_DELIVERY","storeId":"32144","orderNumber":null,"eligiblePaths":["buynow"],"paymentTypes":["cc"],"inEligiblePaths":[],"offerId":"62A27EDCA4B4479AB0EF705D5E2D9390","_id":"6352f4af430f483fa02f55e3","__v":0,"createdAt":"2022-10-21T19:36:15.120Z","updatedAt":"2023-11-28T17:02:26.421Z","price":{"currencyAmount":40,"currencyUnit":"USD"}},{"itemId":"443922107","astroStatus":"SUCCESS","astroDescription":"FC_DELIVERY (443922107), ORDER CREATED","orderType":"FC_DELIVERY","storeId":"32144","orderNumber":null,"eligiblePaths":["subsallowed"],"paymentTypes":["cc"],"inEligiblePaths":[],"offerId":"5839282B02F0454CAB41F1313484737C","_id":"6352f4afba71e839c00ea04f","__v":0,"createdAt":"2022-10-21T19:36:15.305Z","updatedAt":"2023-11-28T17:02:28.152Z","price":{"currencyAmount":22.03,"currencyUnit":"USD"}},{"itemId":"981898706","astroStatus":"SUCCESS","astroDescription":"FC_DELIVERY (981898706), ORDER CREATED","orderType":"FC_DELIVERY","storeId":"32144","orderNumber":null,"eligiblePaths":["buynow"],"paymentTypes":["cc"],"inEligiblePaths":[],"offerId":"B12A394720624A7CB09FC718F8D725F9","_id":"6352f4afca5dde2ee4d1b250","__v":0,"createdAt":"2022-10-21T19:36:15.881Z","updatedAt":"2023-11-28T17:02:26.576Z","price":{"currencyAmount":211,"currencyUnit":"USD"}},{"itemId":"466215216","astroStatus":"SUCCESS","astroDescription":"FC_DELIVERY (466215216), ORDER CREATED","orderType":"FC_DELIVERY","storeId":"32144","orderNumber":null,"eligiblePaths":["subsallowed"],"paymentTypes":["cc"],"inEligiblePaths":[],"offerId":"A4E2C3C8451E4988B06BE2EC5558AAD2","_id":"6352f4b0ca5dde2ee4d1b251","__v":0,"createdAt":"2022-10-21T19:36:16.041Z","updatedAt":"2023-11-28T17:02:26.592Z","price":{"currencyAmount":4.97,"currencyUnit":"USD","unit":"EA"}},{"itemId":"291089218","astroStatus":"SUCCESS","astroDescription":"FC_DELIVERY (291089218), ORDER CREATED","orderType":"FC_DELIVERY","storeId":"32144","orderNumber":null,"eligiblePaths":["associatediscount","subsallowed"],"paymentTypes":["cc"],"inEligiblePaths":[],"offerId":"83C5BA85CAE045EAA614ABB4B63FA4A4","_id":"6352f4b01578f257acaa40e4","__v":0,"createdAt":"2022-10-21T19:36:16.186Z","updatedAt":"2023-11-28T17:02:26.089Z","price":{"currencyAmount":2.67,"currencyUnit":"USD","unit":"EA"}},{"itemId":"832701813","astroStatus":"SUCCESS","astroDescription":"FC_DELIVERY (832701813), ORDER CREATED","orderType":"FC_DELIVERY","storeId":"32144","orderNumber":null,"eligiblePaths":[],"paymentTypes":["cc"],"inEligiblePaths":[],"offerId":"7EE15210F990430B87B9E581EF0EE853","_id":"6352f4b01578f257acaa40e5","__v":0,"createdAt":"2022-10-21T19:36:16.338Z","updatedAt":"2023-11-28T17:02:26.597Z","price":{"currencyAmount":4.98,"currencyUnit":"USD","unit":"EA"}},{"itemId":"693349901","astroStatus":"SUCCESS","astroDescription":"FC_DELIVERY (693349901), ORDER CREATED","orderType":"FC_DELIVERY","storeId":"32144","orderNumber":null,"eligiblePaths":["buynow"],"paymentTypes":["cc"],"inEligiblePaths":[],"offerId":"35C29C3CF81C420BA81D80F9FD9E36AA","_id":"6352f4b2d30e002434082bd9","__v":0,"createdAt":"2022-10-21T19:36:18.695Z","updatedAt":"2023-11-28T17:02:25.731Z","price":{"currencyAmount":170,"currencyUnit":"USD","unit":"EA"}},{"itemId":"180914550","astroStatus":"SUCCESS","astroDescription":"FC_DELIVERY (180914550), ORDER CREATED","orderType":"FC_DELIVERY","storeId":"32144","orderNumber":null,"eligiblePaths":["associatediscount","subsallowed"],"paymentTypes":["cc"],"inEligiblePaths":[],"offerId":"CEE55637DC144327BF8FD0C4C96D9BFB","_id":"6352f4b4ba71e839c00ea068","__v":0,"createdAt":"2022-10-21T19:36:20.314Z","updatedAt":"2023-11-28T17:02:23.615Z","price":{"currencyAmount":2.97,"currencyUnit":"USD","unit":"EA"}},{"itemId":"732383650","astroStatus":"SUCCESS","astroDescription":"FC_DELIVERY (732383650), ORDER CREATED","orderType":"FC_DELIVERY","storeId":"32144","orderNumber":null,"eligiblePaths":["buynow"],"paymentTypes":["cc"],"inEligiblePaths":[],"offerId":"BADE6F5D1325455EB835D9D12579AF24","_id":"6352f4b4ba71e839c00ea06d","__v":0,"createdAt":"2022-10-21T19:36:20.542Z","updatedAt":"2023-11-28T17:02:22.362Z","price":{"currencyAmount":0}},{"itemId":"822481324","astroStatus":"SUCCESS","astroDescription":"FC_DELIVERY (822481324), ORDER CREATED","orderType":"FC_DELIVERY","storeId":"32144","orderNumber":null,"eligiblePaths":["subsallowed","buynow"],"paymentTypes":["cc"],"inEligiblePaths":[],"offerId":"47ABD531463D4C88B894C0F731111A8E","_id":"6352f4b42110d44bb44f3337","__v":0,"createdAt":"2022-10-21T19:36:20.643Z","updatedAt":"2023-11-28T17:02:24.813Z","price":{"currencyAmount":0}}]'
2023-11-28 09:03:13.024 [DEBUG] [thread-id 1] - Store in: store the value 'null' in the variable 'itemDetails'
2023-11-28 09:03:13.070 [DEBUG] [thread-id 1] - {"itemId":"611158052","astroStatus":"SUCCESS","astroDescription":"FC_DELIVERY (611158052), ORDER CREATED","orderType":"FC_DELIVERY","storeId":"32144","orderNumber":null,"eligiblePaths":["buynow"],"paymentTypes":["cc"],"inEligiblePaths":[],"offerId":"62A27EDCA4B4479AB0EF705D5E2D9390","_id":"6352f4af430f483fa02f55e3","__v":0,"createdAt":"2022-10-21T19:36:15.120Z","updatedAt":"2023-11-28T17:02:26.421Z","price":{"currencyAmount":40,"currencyUnit":"USD"}}
2023-11-28 09:03:13.117 [DEBUG] [thread-id 1] - Store in: store the value '611158052' in the variable 'itemFetched'
2023-11-28 09:03:13.164 [DEBUG] [thread-id 1] - Store in: store the value 'SUCCESS' in the variable 'itemStatus'
2023-11-28 09:03:13.207 [WARN] [thread-id 1] - variable healthCheck was used, but r2 could not find a value for this variable. returning default of null
2023-11-28 09:03:13.253 [DEBUG] [thread-id 1] - conditionally execute a flow. condition: true
2023-11-28 09:03:13.296 [DEBUG] [thread-id 1] - Execute Node: 'us/test/helpers/splitNumberString.js'
2023-11-28 09:03:13.554 [DEBUG] [thread-id 1] - 611158052
2023-11-28 09:03:13.596 [WARN] [thread-id 1] - variable skipForNext was used, but r2 could not find a value for this variable. returning default of null
2023-11-28 09:03:13.654 [WARN] [thread-id 1] - variable excludeFetchedItem was used, but r2 could not find a value for this variable. returning default of null
2023-11-28 09:03:13.654 [DEBUG] [thread-id 1] - conditionally execute a flow. condition: false
2023-11-28 09:03:13.721 [DEBUG] [thread-id 1] - Executing function: 'us.functions.utils.itemHealthCheck'
2023-11-28 09:03:13.722 [DEBUG] [thread-id 1] - Checking item eligibility before proceeding
2023-11-28 09:03:13.722 [DEBUG] [thread-id 1] - Store in: store the value 'false' in the variable 'itemEligiblity'
2023-11-28 09:03:13.722 [DEBUG] [thread-id 1] - Store in: store the value 'false' in the variable 'ignoreItem'
2023-11-28 09:03:13.723 [DEBUG] [thread-id 1] - loop: over '["723602803", "782385737","859271090", "945213102", "981898706", "858406964", "131979272","591794662","113749870","751343660","826631822","1827541330","440350224","339293095","466215216","499284126279","514005942312","221369579","333585141","224072158","137057728","1093892980","669597065","732383650","611158052","938629577","967762968","779762816","638389556","373132685","10801611","339274535","491840475","641554029","346735708","516252273","530910063","171651135","596634660","336485950","166648379","741882966","388444748","1569268724","119565244","741882966","336485950","668031026","291089218","579008132","209452107","441746984"]'
2023-11-28 09:03:14.967 [DEBUG] [thread-id 1] - conditionally execute a flow. condition: true
2023-11-28 09:03:15.013 [DEBUG] [thread-id 1] - Store in: store the value 'true' in the variable 'ignoreItem'
2023-11-28 09:03:15.057 [DEBUG] [thread-id 1] - conditionally execute a flow. condition: true
2023-11-28 09:03:15.099 [DEBUG] [thread-id 1] - Trying for other item as this is in excluded list of item ids
2023-11-28 09:03:15.194 [DEBUG] [thread-id 1] - Store in: store the value 'null' in the variable 'itemDetails'
2023-11-28 09:03:15.241 [DEBUG] [thread-id 1] - {"itemId":"443922107","astroStatus":"SUCCESS","astroDescription":"FC_DELIVERY (443922107), ORDER CREATED","orderType":"FC_DELIVERY","storeId":"32144","orderNumber":null,"eligiblePaths":["subsallowed"],"paymentTypes":["cc"],"inEligiblePaths":[],"offerId":"5839282B02F0454CAB41F1313484737C","_id":"6352f4afba71e839c00ea04f","__v":0,"createdAt":"2022-10-21T19:36:15.305Z","updatedAt":"2023-11-28T17:02:28.152Z","price":{"currencyAmount":22.03,"currencyUnit":"USD"}}
2023-11-28 09:03:15.286 [DEBUG] [thread-id 1] - Store in: store the value '443922107' in the variable 'itemFetched'
2023-11-28 09:03:15.336 [DEBUG] [thread-id 1] - Store in: store the value 'SUCCESS' in the variable 'itemStatus'
2023-11-28 09:03:15.380 [WARN] [thread-id 1] - variable healthCheck was used, but r2 could not find a value for this variable. returning default of null
2023-11-28 09:03:15.424 [DEBUG] [thread-id 1] - conditionally execute a flow. condition: true
2023-11-28 09:03:15.474 [DEBUG] [thread-id 1] - Execute Node: 'us/test/helpers/splitNumberString.js'
2023-11-28 09:03:15.564 [DEBUG] [thread-id 1] - 443922107
2023-11-28 09:03:15.601 [WARN] [thread-id 1] - variable skipForNext was used, but r2 could not find a value for this variable. returning default of null
2023-11-28 09:03:15.645 [WARN] [thread-id 1] - variable excludeFetchedItem was used, but r2 could not find a value for this variable. returning default of null
2023-11-28 09:03:15.645 [DEBUG] [thread-id 1] - conditionally execute a flow. condition: false
2023-11-28 09:03:15.687 [DEBUG] [thread-id 1] - Checking item eligibility before proceeding
2023-11-28 09:03:15.687 [DEBUG] [thread-id 1] - Store in: store the value 'false' in the variable 'itemEligiblity'
2023-11-28 09:03:15.687 [DEBUG] [thread-id 1] - Store in: store the value 'false' in the variable 'ignoreItem'
2023-11-28 09:03:15.687 [DEBUG] [thread-id 1] - loop: over '["723602803", "782385737","859271090", "945213102", "981898706", "858406964", "131979272","591794662","113749870","751343660","826631822","1827541330","440350224","339293095","466215216","499284126279","514005942312","221369579","333585141","224072158","137057728","1093892980","669597065","732383650","611158052","938629577","967762968","779762816","638389556","373132685","10801611","339274535","491840475","641554029","346735708","516252273","530910063","171651135","596634660","336485950","166648379","741882966","388444748","1569268724","119565244","741882966","336485950","668031026","291089218","579008132","209452107","441746984"]'
2023-11-28 09:03:18.049 [DEBUG] [thread-id 1] - conditionally execute a flow. condition: false
2023-11-28 09:03:18.095 [DEBUG] [thread-id 1] - conditionally execute a flow. condition: true
2023-11-28 09:03:18.177 [DEBUG] [thread-id 1] - Call API: 'http://astro.walmart.com/api/v2/teflon/itemHealthCheck?shippingNode=32144&orderType=FC_DELIVERY&itemId=443922107'
2023-11-28 09:03:28.235 [DEBUG] [thread-id 1] - Response code is: '200'. Response body is: '{"status":"OK","offerId":"5839282B02F0454CAB41F1313484737C","eligibility":{"orderType":"FC_DELIVERY","shipNode":"32144","preferredDeliveryRoute":{"nodeType":"FC","shipNode":"8302","carrierType":"ONE_DAY_AIR","xmlCarrierMethodCode":"24"},"isEligible":true}}'
2023-11-28 09:03:28.342 [DEBUG] [thread-id 1] - conditionally execute a flow. condition: true
2023-11-28 09:03:28.438 [DEBUG] [thread-id 1] - Stock available Item Id 443922107 for type FC_DELIVERY
2023-11-28 09:03:28.481 [WARN] [thread-id 1] - variable fetchedItemDataDetails was used, but r2 could not find a value for this variable. returning default of null
2023-11-28 09:03:28.481 [DEBUG] [thread-id 1] - Execute Node: 'us/test/helpers/jsonParser.js'
2023-11-28 09:03:28.572 [DEBUG] [thread-id 1] - Store in: store the value 'false' in the variable 'skipForNext'
2023-11-28 09:03:28.610 [DEBUG] [thread-id 1] - Store in: store the value 'false' in the variable 'excludeFetchedItem'
2023-11-28 09:03:28.610 [DEBUG] [thread-id 1] - Store in: store the value 'null' in the variable 'storeId'
2023-11-28 09:03:28.611 [DEBUG] [thread-id 1] - Store in: store the value 'null' in the variable 'itemStatusHeader'
2023-11-28 09:03:28.611 [DEBUG] [thread-id 1] - Store in: store the value 'false' in the variable 'healthCheck'
2023-11-28 09:03:28.611 [DEBUG] [thread-id 1] - Store in: store the value 'null' in the variable 'version'
2023-11-28 09:03:28.611 [DEBUG] [thread-id 1] - Store in: store the value 'null' in the variable 'itemFilter'
2023-11-28 09:03:28.611 [DEBUG] [thread-id 1] - Store in: store the value 'false' in the variable 'noSubSet'
2023-11-28 09:03:28.656 [DEBUG] [thread-id 1] - Store in: store the value 'null' in the variable 'backupItem'
2023-11-28 09:03:28.657 [DEBUG] [thread-id 1] - Store in: store the value 'null' in the variable 'source'
2023-11-28 09:03:28.657 [DEBUG] [thread-id 1] - Store in: store the value 'null' in the variable 'useHardCodedItem'
2023-11-28 09:03:28.657 [DEBUG] [thread-id 1] - Store in: store the value 'walmart://item/443922107' in the variable 'deeplinkURl'
2023-11-28 09:03:28.657 [DEBUG] [thread-id 1] - Item:443922107
2023-11-28 09:03:28.657 [DEBUG] [thread-id 1] - deeplinkURL:walmart://item/443922107
2023-11-28 09:03:28.658 [DEBUG] [thread-id 1] - Executing function: 'us.functions.global.navigation.goToDeepLink'
2023-11-28 09:03:28.658 [DEBUG] [thread-id 1] - Verify value of: '$deepLinkUrl'
2023-11-28 09:03:28.658 [DEBUG] [thread-id 1] - Open link: 'walmart://item/443922107'
2023-11-28 09:03:29.027 [DEBUG] [thread-id 1] - Executing function: 'us.functions.item.addItemToCart'
2023-11-28 09:03:29.029 [DEBUG] [thread-id 1] - Executing function: 'us.functions.item.preAddToCartSteps'
2023-11-28 09:03:29.029 [DEBUG] [thread-id 1] - sleep:  5000 milliseconds
2023-11-28 09:03:34.039 [DEBUG] [thread-id 1] - Executing function: 'us.functions.home.closeWPlusPromotionPopUpIfDisplayed'
2023-11-28 09:03:34.039 [DEBUG] [thread-id 1] - sleep:  5000 milliseconds
2023-11-28 09:03:59.166 [DEBUG] [thread-id 1] - Executing function: 'us.functions.utils.tryAgainWhenThereIsError'
2023-11-28 09:03:59.167 [DEBUG] [thread-id 1] - loop: from 0 to 3
2023-11-28 09:03:59.199 [DEBUG] [thread-id 1] - 0
2023-11-28 09:04:09.238 [DEBUG] [thread-id 1] - conditionally execute a flow. condition: false
2023-11-28 09:04:09.300 [DEBUG] [thread-id 1] - sleep:  2000 milliseconds
2023-11-28 09:04:21.350 [DEBUG] [thread-id 1] - Add to cart decrement button is not present
2023-11-28 09:04:21.353 [DEBUG] [thread-id 1] - Executing function: 'us.functions.item.validateAndClickAddToCartButton'
2023-11-28 09:04:21.383 [DEBUG] [thread-id 1] - conditionally execute a flow. condition: true
2023-11-28 09:04:21.415 [DEBUG] [thread-id 1] - ATC button present
2023-11-28 09:04:21.502 [DEBUG] [thread-id 1] - Click element: 'com.walmart.android.debug:id/add_to_cart'
2023-11-28 09:04:22.173 [DEBUG] [thread-id 1] - sleep:  3000 milliseconds
2023-11-28 09:04:25.174 [WARN] [thread-id 1] - variable skipPostAddToCartSteps was used, but r2 could not find a value for this variable. returning default of null
2023-11-28 09:04:25.175 [DEBUG] [thread-id 1] - conditionally execute a flow. condition: true
2023-11-28 09:04:25.588 [DEBUG] [thread-id 1] - Executing function: 'us.functions.item.postAddToCartSteps'
2023-11-28 09:04:55.646 [DEBUG] [thread-id 1] - Executing function: 'us.functions.item.handlePAC'
2023-11-28 09:05:05.672 [DEBUG] [thread-id 1] - Executing function: 'us.functions.item.closeItemPage'
2023-11-28 09:05:05.672 [DEBUG] [thread-id 1] - loop: from 0 to 3
2023-11-28 09:05:05.702 [DEBUG] [thread-id 1] - conditionally execute a flow. condition: true
2023-11-28 09:05:05.789 [DEBUG] [thread-id 1] - Click element: 'com.walmart.android.debug:id/icon_close'
2023-11-28 09:05:16.731 [DEBUG] [thread-id 1] - conditionally execute a flow. condition: false
2023-11-28 09:05:16.779 [DEBUG] [thread-id 1] - sleep:  5000 milliseconds
2023-11-28 09:05:21.790 [DEBUG] [thread-id 1] - Verify identifier: {com.walmart.android.debug:id/item_name || com.walmart.android.debug:id/item_redesign_name || com.walmart.android.debug:id/item_name_smaller_title=[true]}
2023-11-28 09:05:21.794 [DEBUG] [thread-id 1] - Verify identifier: {com.walmart.android.debug:id/cart_summary_count=[true]}
2023-11-28 09:05:21.796 [DEBUG] [thread-id 1] - Store in: store the value 'false' in the variable 'skipPostAddToCartSteps'
2023-11-28 09:05:21.798 [DEBUG] [thread-id 1] - Store in: store the value 'false' in the variable 'apiFetch'
2023-11-28 09:05:21.798 [DEBUG] [thread-id 1] - R2_SUBFLOW_TRANSACTION
2023-11-28 09:05:21.800 [DEBUG] [thread-id 1] - Executing function: 'us.functions.global.navigation.toCartFromNavBar'
2023-11-28 09:05:21.962 [DEBUG] [thread-id 1] - Verify identifier: {com.walmart.android.debug:id/cart_summary_icon=[true]}
2023-11-28 09:05:22.031 [DEBUG] [thread-id 1] - Click element: 'com.walmart.android.debug:id/cart_summary_icon'
2023-11-28 09:05:22.725 [DEBUG] [thread-id 1] - sleep:  6000 milliseconds
2023-11-28 09:05:28.728 [DEBUG] [thread-id 1] - Executing function: 'us.functions.cart.itemMultiSellerUpdatePopUp'
2023-11-28 09:05:39.406 [DEBUG] [thread-id 1] - Executing function: 'us.functions.cart.storeChangePopUp'
2023-11-28 09:06:00.595 [DEBUG] [thread-id 1] - conditionally execute a flow. condition: false
2023-11-28 09:06:10.733 [DEBUG] [thread-id 1] - conditionally execute a flow. condition: false
2023-11-28 09:06:10.795 [WARN] [thread-id 1] - variable skipValidation was used, but r2 could not find a value for this variable. returning default of null
2023-11-28 09:06:10.796 [DEBUG] [thread-id 1] - conditionally execute a flow. condition: true
2023-11-28 09:06:11.556 [DEBUG] [thread-id 1] - Executing function: 'us.functions.utils.handleTechnicalErrorPageInCart'
2023-11-28 09:06:11.557 [DEBUG] [thread-id 1] - Store in: store the value 'false' in the variable 'cartPageLoaded'
2023-11-28 09:06:11.558 [DEBUG] [thread-id 1] - loop: from 0 to 7
2023-11-28 09:06:11.618 [DEBUG] [thread-id 1] - 0
2023-11-28 09:06:11.776 [DEBUG] [thread-id 1] - conditionally execute a flow. condition: true
2023-11-28 09:06:12.530 [DEBUG] [thread-id 1] - conditionally execute a flow. condition: true
2023-11-28 09:06:12.586 [DEBUG] [thread-id 1] - Store in: store the value 'true' in the variable 'cartPageLoaded'
2023-11-28 09:06:22.873 [DEBUG] [thread-id 1] - conditionally execute a flow. condition: false
2023-11-28 09:06:22.929 [DEBUG] [thread-id 1] - conditionally execute a flow. condition: true
2023-11-28 09:06:22.985 [DEBUG] [thread-id 1] - Store in: store the value 'true' in the variable 'cartPageLoaded'
2023-11-28 09:06:23.050 [DEBUG] [thread-id 1] - conditionally execute a flow. condition: false
2023-11-28 09:06:23.100 [DEBUG] [thread-id 1] - conditionally execute a flow. condition: true
2023-11-28 09:06:23.153 [DEBUG] [thread-id 1] - Cart page loaded successfully
2023-11-28 09:06:23.931 [DEBUG] [thread-id 1] - Scroll: up
2023-11-28 09:06:24.642 [DEBUG] [thread-id 1] - Verify identifier: {com.walmart.android.debug:id/cartText=[true]}
2023-11-28 09:06:24.701 [DEBUG] [thread-id 1] - cart page loaded
2023-11-28 09:06:25.457 [DEBUG] [thread-id 1] - Executing function: 'us.functions.utils.waitForLoadingImageToDisappear'
2023-11-28 09:06:25.457 [DEBUG] [thread-id 1] - sleep:  3000 milliseconds
2023-11-28 09:06:28.461 [DEBUG] [thread-id 1] - loop: from 0 to 5
2023-11-28 09:06:38.967 [DEBUG] [thread-id 1] - conditionally execute a flow. condition: false
2023-11-28 09:06:39.026 [DEBUG] [thread-id 1] - Executing function: 'us.functions.cart.switchBetweenPickUpAndShipping'
2023-11-28 09:06:39.029 [DEBUG] [thread-id 1] - ----------Start of function to switch fulfillment type to shipping----------
2023-11-28 09:06:39.031 [DEBUG] [thread-id 1] - Executing function: 'us.functions.cart.scrollToTopOfCart'
2023-11-28 09:06:39.031 [DEBUG] [thread-id 1] - -------Scroll to top of cart page function start-------
2023-11-28 09:06:39.032 [DEBUG] [thread-id 1] - Scrolling to top of cart page
2023-11-28 09:06:39.032 [DEBUG] [thread-id 1] - sleep:  5000 milliseconds
2023-11-28 09:06:44.165 [DEBUG] [thread-id 1] - Verify identifier: {//android.widget.TextView[@text="Cart"] | //android.widget.Button[contains(@text,"Remove")] | //android.widget.Button[@text="Shop similar"] | //android.widget.Button[@text="Start a new order"] | //android.widget.Button[@text="Continue to checkout"] | //android.widget.Button[@text="Checkout all items"]=[true]}
2023-11-28 09:06:54.193 [DEBUG] [thread-id 1] - conditionally execute a flow. condition: false
2023-11-28 09:06:54.248 [DEBUG] [thread-id 1] - loop: from 0 to 7
2023-11-28 09:06:55.041 [DEBUG] [thread-id 1] - Check 0
2023-11-28 09:06:55.874 [DEBUG] [thread-id 1] - conditionally execute a flow. condition: true
2023-11-28 09:06:55.926 [WARN] [thread-id 1] - variable validateText was used, but r2 could not find a value for this variable. returning default of null
2023-11-28 09:06:55.927 [DEBUG] [thread-id 1] - conditionally execute a flow. condition: true
2023-11-28 09:06:56.036 [DEBUG] [thread-id 1] - get string: from '//*[@resource-id="com.walmart.android.debug:id/section_header_card"][1]//*[@resource-id="com.walmart.android.debug:id/fulfillment_method"]' [type='text']
2023-11-28 09:06:56.090 [DEBUG] [thread-id 1] - Scrolling up till cart page top is reached
2023-11-28 09:06:56.144 [DEBUG] [thread-id 1] - Scroll: up
2023-11-28 09:06:59.707 [DEBUG] [thread-id 1] - Check 1
2023-11-28 09:06:59.814 [DEBUG] [thread-id 1] - conditionally execute a flow. condition: true
2023-11-28 09:06:59.870 [DEBUG] [thread-id 1] - conditionally execute a flow. condition: false
2023-11-28 09:07:00.731 [DEBUG] [thread-id 1] - get string: from '//*[@resource-id="com.walmart.android.debug:id/section_header_card"][1]//*[@resource-id="com.walmart.android.debug:id/fulfillment_method"]' [type='text']
2023-11-28 09:07:00.828 [DEBUG] [thread-id 1] - Store currently displayed fulfillment type and compare with previously displayed fulfillment type text
2023-11-28 09:07:01.611 [DEBUG] [thread-id 1] - conditionally execute a flow. condition: true
2023-11-28 09:07:01.675 [DEBUG] [thread-id 1] - Breaking the loop as cart page top is reached
2023-11-28 09:07:01.907 [DEBUG] [thread-id 1] - Store in: store the value 'null' in the variable 'validateText'
2023-11-28 09:07:01.908 [DEBUG] [thread-id 1] - -------Scroll to top of cart page function end-------
2023-11-28 09:07:01.962 [DEBUG] [thread-id 1] - conditionally execute a flow. condition: true
2023-11-28 09:07:02.021 [DEBUG] [thread-id 1] - Executing function: 'us.functions.utils.getFulfillmentTextsForIntentSelection'
2023-11-28 09:07:02.023 [DEBUG] [thread-id 1] - conditionally execute a flow. condition: true
2023-11-28 09:07:02.074 [DEBUG] [thread-id 1] - Store in: store the value 'ship' in the variable 'fulfillmentType'
2023-11-28 09:07:02.126 [DEBUG] [thread-id 1] - Store in: store the value 'Ship' in the variable 'altFulfillmentType'
2023-11-28 09:07:02.181 [DEBUG] [thread-id 1] - conditionally execute a flow. condition: true
2023-11-28 09:07:02.943 [DEBUG] [thread-id 1] - Click element: 'com.walmart.android.debug:id/basket_switching_cart'
2023-11-28 09:07:04.715 [DEBUG] [thread-id 1] - conditionally execute a flow. condition: true
2023-11-28 09:07:04.774 [DEBUG] [thread-id 1] - Old GIC view with shipping intent
2023-11-28 09:07:04.833 [WARN] [thread-id 1] - variable skipSwitch was used, but r2 could not find a value for this variable. returning default of null
2023-11-28 09:07:04.833 [DEBUG] [thread-id 1] - conditionally execute a flow. condition: false
2023-11-28 09:07:14.942 [DEBUG] [thread-id 1] - conditionally execute a flow. condition: false
2023-11-28 09:07:14.991 [DEBUG] [thread-id 1] - Required fulfillment type is either already selected or is disabled or not applicable for the the items selected
2023-11-28 09:07:14.992 [DEBUG] [thread-id 1] - ----------End of function to switch fulfillment type to ship----------
2023-11-28 09:07:14.994 [DEBUG] [thread-id 1] - Executing function: 'us.functions.cart.verifyCardDetails'
2023-11-28 09:07:14.996 [DEBUG] [thread-id 1] - Executing function: 'us.functions.utils.getFulfillmentTextsToCompare'
2023-11-28 09:07:15.000 [WARN] [thread-id 1] - variable altFulfillmentText was used, but r2 could not find a value for this variable. returning default of null
2023-11-28 09:07:15.001 [DEBUG] [thread-id 1] - conditionally execute a flow. condition: true
2023-11-28 09:07:15.048 [DEBUG] [thread-id 1] - conditionally execute a flow. condition: true
2023-11-28 09:07:15.097 [WARN] [thread-id 1] - variable newGIC was used, but r2 could not find a value for this variable. returning default of null
2023-11-28 09:07:15.097 [DEBUG] [thread-id 1] - conditionally execute a flow. condition: false
2023-11-28 09:07:15.140 [DEBUG] [thread-id 1] - Store in: store the value 'shipping' in the variable 'altFulfillmentText'
2023-11-28 09:07:15.141 [DEBUG] [thread-id 1] - -------Validate Shipping cart details function start-------
2023-11-28 09:07:15.142 [WARN] [thread-id 1] - variable initialCartDataSetup was used, but r2 could not find a value for this variable. returning default of null
2023-11-28 09:07:15.142 [DEBUG] [thread-id 1] - conditionally execute a flow. condition: true
2023-11-28 09:07:15.193 [DEBUG] [thread-id 1] - sleep:  5000 milliseconds
2023-11-28 09:07:20.295 [DEBUG] [thread-id 1] - Executing function: 'us.functions.cart.scrollToTopOfCart'
2023-11-28 09:07:20.295 [DEBUG] [thread-id 1] - -------Scroll to top of cart page function start-------
2023-11-28 09:07:20.295 [DEBUG] [thread-id 1] - Scrolling to top of cart page
2023-11-28 09:07:20.295 [DEBUG] [thread-id 1] - sleep:  5000 milliseconds
2023-11-28 09:07:25.446 [DEBUG] [thread-id 1] - Verify identifier: {//android.widget.TextView[@text="Cart"] | //android.widget.Button[contains(@text,"Remove")] | //android.widget.Button[@text="Shop similar"] | //android.widget.Button[@text="Start a new order"] | //android.widget.Button[@text="Continue to checkout"] | //android.widget.Button[@text="Checkout all items"]=[true]}
2023-11-28 09:07:35.460 [DEBUG] [thread-id 1] - conditionally execute a flow. condition: false
2023-11-28 09:07:35.509 [DEBUG] [thread-id 1] - loop: from 0 to 7
2023-11-28 09:07:35.557 [DEBUG] [thread-id 1] - Check 0
2023-11-28 09:07:35.661 [DEBUG] [thread-id 1] - conditionally execute a flow. condition: true
2023-11-28 09:07:35.712 [DEBUG] [thread-id 1] - conditionally execute a flow. condition: true
2023-11-28 09:07:35.814 [DEBUG] [thread-id 1] - get string: from '//*[@resource-id="com.walmart.android.debug:id/section_header_card"][1]//*[@resource-id="com.walmart.android.debug:id/fulfillment_method"]' [type='text']
2023-11-28 09:07:35.867 [DEBUG] [thread-id 1] - Scrolling up till cart page top is reached
2023-11-28 09:07:35.912 [DEBUG] [thread-id 1] - Scroll: up
2023-11-28 09:07:39.489 [DEBUG] [thread-id 1] - Check 1
2023-11-28 09:07:39.591 [DEBUG] [thread-id 1] - conditionally execute a flow. condition: true
2023-11-28 09:07:39.638 [DEBUG] [thread-id 1] - conditionally execute a flow. condition: false
2023-11-28 09:07:39.735 [DEBUG] [thread-id 1] - get string: from '//*[@resource-id="com.walmart.android.debug:id/section_header_card"][1]//*[@resource-id="com.walmart.android.debug:id/fulfillment_method"]' [type='text']
2023-11-28 09:07:39.789 [DEBUG] [thread-id 1] - Store currently displayed fulfillment type and compare with previously displayed fulfillment type text
2023-11-28 09:07:39.837 [DEBUG] [thread-id 1] - conditionally execute a flow. condition: true
2023-11-28 09:07:39.889 [DEBUG] [thread-id 1] - Breaking the loop as cart page top is reached
2023-11-28 09:07:40.080 [DEBUG] [thread-id 1] - Store in: store the value 'null' in the variable 'validateText'
2023-11-28 09:07:40.080 [DEBUG] [thread-id 1] - -------Scroll to top of cart page function end-------
2023-11-28 09:07:40.152 [DEBUG] [thread-id 1] - conditionally execute a flow. condition: true
2023-11-28 09:07:40.205 [DEBUG] [thread-id 1] - Cart page displayed
2023-11-28 09:07:40.251 [WARN] [thread-id 1] - variable validationScope was used, but r2 could not find a value for this variable. returning default of null
2023-11-28 09:07:40.297 [DEBUG] [thread-id 1] - Store in: store the value 'complete' in the variable 'initialCartDataSetup'
2023-11-28 09:07:40.303 [DEBUG] [thread-id 1] - Executing function: 'us.functions.cart.scrollToSection'
2023-11-28 09:07:40.306 [DEBUG] [thread-id 1] - -------Scroll to Shipping section start-------
2023-11-28 09:07:40.307 [DEBUG] [thread-id 1] - Scrolls to the required fulfillment section
2023-11-28 09:07:40.309 [WARN] [thread-id 1] - variable resetScrollDetails was used, but r2 could not find a value for this variable. returning default of null
2023-11-28 09:07:40.310 [DEBUG] [thread-id 1] - Scroll to top of cart page
2023-11-28 09:07:40.310 [WARN] [thread-id 1] - variable firstCartSection was used, but r2 could not find a value for this variable. returning default of null
2023-11-28 09:07:40.310 [DEBUG] [thread-id 1] - conditionally execute a flow. condition: true
2023-11-28 09:07:40.355 [DEBUG] [thread-id 1] - Executing function: 'us.functions.cart.scrollToTopOfCart'
2023-11-28 09:07:40.356 [DEBUG] [thread-id 1] - -------Scroll to top of cart page function start-------
2023-11-28 09:07:40.356 [DEBUG] [thread-id 1] - Scrolling to top of cart page
2023-11-28 09:07:40.356 [DEBUG] [thread-id 1] - sleep:  5000 milliseconds
2023-11-28 09:07:45.470 [DEBUG] [thread-id 1] - Verify identifier: {//android.widget.TextView[@text="Cart"] | //android.widget.Button[contains(@text,"Remove")] | //android.widget.Button[@text="Shop similar"] | //android.widget.Button[@text="Start a new order"] | //android.widget.Button[@text="Continue to checkout"] | //android.widget.Button[@text="Checkout all items"]=[true]}
2023-11-28 09:07:55.508 [DEBUG] [thread-id 1] - conditionally execute a flow. condition: false
2023-11-28 09:07:55.554 [DEBUG] [thread-id 1] - loop: from 0 to 7
2023-11-28 09:07:55.603 [DEBUG] [thread-id 1] - Check 0
2023-11-28 09:07:55.712 [DEBUG] [thread-id 1] - conditionally execute a flow. condition: true
2023-11-28 09:07:55.762 [DEBUG] [thread-id 1] - conditionally execute a flow. condition: true
2023-11-28 09:07:55.872 [DEBUG] [thread-id 1] - get string: from '//*[@resource-id="com.walmart.android.debug:id/section_header_card"][1]//*[@resource-id="com.walmart.android.debug:id/fulfillment_method"]' [type='text']
2023-11-28 09:07:55.927 [DEBUG] [thread-id 1] - Scrolling up till cart page top is reached
2023-11-28 09:07:55.970 [DEBUG] [thread-id 1] - Scroll: up
2023-11-28 09:07:59.483 [DEBUG] [thread-id 1] - Check 1
2023-11-28 09:07:59.585 [DEBUG] [thread-id 1] - conditionally execute a flow. condition: true
2023-11-28 09:07:59.629 [DEBUG] [thread-id 1] - conditionally execute a flow. condition: false
2023-11-28 09:07:59.726 [DEBUG] [thread-id 1] - get string: from '//*[@resource-id="com.walmart.android.debug:id/section_header_card"][1]//*[@resource-id="com.walmart.android.debug:id/fulfillment_method"]' [type='text']
2023-11-28 09:07:59.770 [DEBUG] [thread-id 1] - Store currently displayed fulfillment type and compare with previously displayed fulfillment type text
2023-11-28 09:07:59.823 [DEBUG] [thread-id 1] - conditionally execute a flow. condition: true
2023-11-28 09:07:59.870 [DEBUG] [thread-id 1] - Breaking the loop as cart page top is reached
2023-11-28 09:08:00.053 [DEBUG] [thread-id 1] - Store in: store the value 'null' in the variable 'validateText'
2023-11-28 09:08:00.053 [DEBUG] [thread-id 1] - -------Scroll to top of cart page function end-------
2023-11-28 09:08:10.268 [DEBUG] [thread-id 1] - get string: from '//*[@resource-id="com.walmart.android.debug:id/section_header_card"][1]//*[@resource-id="com.walmart.android.debug:id/fulfillment_method"]' [type='text']
2023-11-28 09:08:10.314 [DEBUG] [thread-id 1] - conditionally execute a flow. condition: true
2023-11-28 09:08:10.358 [DEBUG] [thread-id 1] - Already at the top of cart page
2023-11-28 09:08:10.404 [DEBUG] [thread-id 1] - Skip scrolling if required section is already displayed
2023-11-28 09:08:10.501 [DEBUG] [thread-id 1] - Verify identifier: {//*[@resource-id="com.walmart.android.debug:id/fulfillment_method" and contains(@text, "Shipping")]=[true]}
2023-11-28 09:08:10.546 [DEBUG] [thread-id 1] - Required cart Shipping fulfillment section already displayed.
2023-11-28 09:08:10.547 [DEBUG] [thread-id 1] - Store in: store the value 'false' in the variable 'resetScrollDetails'
2023-11-28 09:08:10.548 [DEBUG] [thread-id 1] - -------Scroll to Shipping section end-------
2023-11-28 09:08:10.643 [DEBUG] [thread-id 1] - Verify identifier: {//*[@resource-id="com.walmart.android.debug:id/fulfillment_method" and (contains(@text, "Shipping") or contains(@text, "shipping"))]=[true]}
2023-11-28 09:08:10.645 [WARN] [thread-id 1] - variable unscheduled was used, but r2 could not find a value for this variable. returning default of null
2023-11-28 09:08:10.646 [WARN] [thread-id 1] - variable validationScope was used, but r2 could not find a value for this variable. returning default of null
2023-11-28 09:08:10.646 [DEBUG] [thread-id 1] - conditionally execute a flow. condition: false
2023-11-28 09:08:10.693 [DEBUG] [thread-id 1] - Basic Shipping fulfillment section validation done
2023-11-28 09:08:10.695 [WARN] [thread-id 1] - variable partialCheckout was used, but r2 could not find a value for this variable. returning default of null
2023-11-28 09:08:10.697 [DEBUG] [thread-id 1] - Store in: store the value 'null' in the variable 'altFulfillmentText'
2023-11-28 09:08:10.702 [DEBUG] [thread-id 1] - Store in: store the value 'null' in the variable 'validationScope'
2023-11-28 09:08:10.705 [DEBUG] [thread-id 1] - Store in: store the value 'false' in the variable 'unscheduled'
2023-11-28 09:08:10.706 [DEBUG] [thread-id 1] - Store in: store the value 'false' in the variable 'partialCheckout'
2023-11-28 09:08:10.707 [DEBUG] [thread-id 1] - -------Validate Shipping cart details function end-------
2023-11-28 09:08:10.708 [DEBUG] [thread-id 1] - Executing function: 'us.functions.cart.continueToCheckout'
2023-11-28 09:08:10.757 [DEBUG] [thread-id 1] - Verify identifier: {com.walmart.android.debug:id/cart_continue_to_checkout_button=[true]}
2023-11-28 09:08:15.901 [DEBUG] [thread-id 1] - Click element: 'com.walmart.android.debug:id/cart_continue_to_checkout_button'
2023-11-28 09:08:16.569 [DEBUG] [thread-id 1] - sleep:  5000 milliseconds
2023-11-28 09:08:21.573 [DEBUG] [thread-id 1] - loop: from 1 to 3
2023-11-28 09:08:31.724 [DEBUG] [thread-id 1] - conditionally execute a flow. condition: false
2023-11-28 09:08:51.766 [DEBUG] [thread-id 1] - Executing function: 'us.functions.reserveSlot.fcormpselectaddressandcontinue'
2023-11-28 09:08:51.796 [DEBUG] [thread-id 1] - conditionally execute a flow. condition: true
2023-11-28 09:08:56.757 [DEBUG] [thread-id 1] - Click element: 'com.walmart.android.debug:id/choose_address_radio_button'
2023-11-28 09:08:57.969 [DEBUG] [thread-id 1] - Click element: 'com.walmart.android.debug:id/select_address_continue_button'
2023-11-28 09:08:58.563 [DEBUG] [thread-id 1] - Executing function: 'us.functions.home.closeWPlusPromotionPopUpIfDisplayed'
2023-11-28 09:08:58.563 [DEBUG] [thread-id 1] - sleep:  5000 milliseconds
2023-11-28 09:09:13.645 [DEBUG] [thread-id 1] - conditionally execute a flow. condition: true
2023-11-28 09:09:13.682 [DEBUG] [thread-id 1] - Clicked on Checkout button successfully
2023-11-28 09:09:13.686 [DEBUG] [thread-id 1] - Executing function: 'us.functions.checkout.reviewOrder.verifyCardDetails'
2023-11-28 09:09:13.688 [DEBUG] [thread-id 1] - Executing function: 'us.functions.utils.getFulfillmentTextsToCompare'
2023-11-28 09:09:13.689 [DEBUG] [thread-id 1] - conditionally execute a flow. condition: true
2023-11-28 09:09:13.725 [DEBUG] [thread-id 1] - conditionally execute a flow. condition: true
2023-11-28 09:09:13.758 [WARN] [thread-id 1] - variable newGIC was used, but r2 could not find a value for this variable. returning default of null
2023-11-28 09:09:13.758 [DEBUG] [thread-id 1] - conditionally execute a flow. condition: false
2023-11-28 09:09:13.784 [DEBUG] [thread-id 1] - Store in: store the value 'shipping' in the variable 'altFulfillmentText'
2023-11-28 09:09:13.785 [DEBUG] [thread-id 1] - -------Validate Shipping review order details function start-------
2023-11-28 09:09:13.785 [WARN] [thread-id 1] - variable initialCheckoutDataSetup was used, but r2 could not find a value for this variable. returning default of null
2023-11-28 09:09:13.785 [DEBUG] [thread-id 1] - conditionally execute a flow. condition: true
2023-11-28 09:09:13.818 [DEBUG] [thread-id 1] - sleep:  5000 milliseconds
2023-11-28 09:09:18.941 [DEBUG] [thread-id 1] - conditionally execute a flow. condition: true
2023-11-28 09:09:18.975 [DEBUG] [thread-id 1] - Review order page loaded successfully
2023-11-28 09:09:19.010 [DEBUG] [thread-id 1] - Store in: store the value 'complete' in the variable 'initialCheckoutDataSetup'
2023-11-28 09:09:19.011 [DEBUG] [thread-id 1] - Executing function: 'us.functions.checkout.reviewOrder.scrollToSection'
2023-11-28 09:09:19.012 [DEBUG] [thread-id 1] - -------Scroll to Shipping section start-------
2023-11-28 09:09:19.013 [DEBUG] [thread-id 1] - Function to scroll and display appropriate fulfillment section
2023-11-28 09:09:19.015 [DEBUG] [thread-id 1] - Scroll to top of review page
2023-11-28 09:09:19.015 [WARN] [thread-id 1] - variable firstReviewSection was used, but r2 could not find a value for this variable. returning default of null
2023-11-28 09:09:19.016 [DEBUG] [thread-id 1] - conditionally execute a flow. condition: true
2023-11-28 09:09:19.048 [DEBUG] [thread-id 1] - Executing function: 'us.functions.checkout.reviewOrder.scrollToTopOfReviewOrder'
2023-11-28 09:09:19.049 [DEBUG] [thread-id 1] - Scrolling to top of review order page
2023-11-28 09:09:19.051 [DEBUG] [thread-id 1] - sleep:  5000 milliseconds
2023-11-28 09:09:24.142 [DEBUG] [thread-id 1] - Verify identifier: {//android.widget.TextView[(@text="Review Order") or (@text="Checkout")]=[true]}
2023-11-28 09:09:24.143 [DEBUG] [thread-id 1] - loop: from 0 to 7
2023-11-28 09:09:24.189 [DEBUG] [thread-id 1] - Check 0
2023-11-28 09:09:24.259 [DEBUG] [thread-id 1] - conditionally execute a flow. condition: true
2023-11-28 09:09:24.290 [DEBUG] [thread-id 1] - conditionally execute a flow. condition: true
2023-11-28 09:09:24.382 [DEBUG] [thread-id 1] - get string: from '//*[@resource-id="com.walmart.android.debug:id/review_order_recycler_view"]/androidx.cardview.widget.CardView[1]//*[@resource-id="com.walmart.android.debug:id/delivery_section_new_title"]' [type='text']
2023-11-28 09:09:24.415 [DEBUG] [thread-id 1] - Scrolling up till cart page top is reached
2023-11-28 09:09:24.447 [DEBUG] [thread-id 1] - Scroll: up
2023-11-28 09:09:27.947 [DEBUG] [thread-id 1] - Check 1
2023-11-28 09:09:28.027 [DEBUG] [thread-id 1] - conditionally execute a flow. condition: true
2023-11-28 09:09:28.063 [DEBUG] [thread-id 1] - conditionally execute a flow. condition: false
2023-11-28 09:09:28.137 [DEBUG] [thread-id 1] - get string: from '//*[@resource-id="com.walmart.android.debug:id/review_order_recycler_view"]/androidx.cardview.widget.CardView[1]//*[@resource-id="com.walmart.android.debug:id/delivery_section_new_title"]' [type='text']
2023-11-28 09:09:28.167 [DEBUG] [thread-id 1] - Store currently displayed fulfillment type and compare with previously displayed fulfillment type text
2023-11-28 09:09:28.205 [DEBUG] [thread-id 1] - conditionally execute a flow. condition: true
2023-11-28 09:09:28.240 [DEBUG] [thread-id 1] - Breaking the loop as review order page top is reached
2023-11-28 09:09:28.343 [DEBUG] [thread-id 1] - Store in: store the value 'null' in the variable 'validateText'
2023-11-28 09:09:28.421 [DEBUG] [thread-id 1] - get string: from '//*[@resource-id="com.walmart.android.debug:id/review_order_recycler_view"]/androidx.cardview.widget.CardView[1]//*[@resource-id="com.walmart.android.debug:id/delivery_section_new_title"]' [type='text']
2023-11-28 09:09:28.451 [DEBUG] [thread-id 1] - Shipping, arrives by
2023-11-28 09:09:28.483 [DEBUG] [thread-id 1] - conditionally execute a flow. condition: true
2023-11-28 09:09:28.528 [DEBUG] [thread-id 1] - Already at the top of review page
2023-11-28 09:09:28.567 [DEBUG] [thread-id 1] - Skip scrolling if required section is already displayed
2023-11-28 09:09:28.642 [DEBUG] [thread-id 1] - Verify identifier: {//*[@resource-id="com.walmart.android.debug:id/delivery_section_new_title" and contains(@text, "Shipping, arrives by")]=[true]}
2023-11-28 09:09:28.675 [DEBUG] [thread-id 1] - Required reviewOrder Shipping fulfillment section already displayed.
2023-11-28 09:09:28.676 [DEBUG] [thread-id 1] - Store in: store the value 'false' in the variable 'resetScrollDetails'
2023-11-28 09:09:28.677 [DEBUG] [thread-id 1] - -------Scroll to Shipping section end-------
2023-11-28 09:09:28.742 [DEBUG] [thread-id 1] - Verify identifier: {//*[@resource-id="com.walmart.android.debug:id/delivery_section_new_title" and (contains(@text, "Shipping") or contains(@text, "shipping"))]=[true]}
2023-11-28 09:09:28.747 [DEBUG] [thread-id 1] - Executing function: 'us.functions.utils.scrollIfNotVisible'
2023-11-28 09:09:28.748 [WARN] [thread-id 1] - variable scrollLimit was used, but r2 could not find a value for this variable. returning default of null
2023-11-28 09:09:28.748 [DEBUG] [thread-id 1] - conditionally execute a flow. condition: true
2023-11-28 09:09:28.782 [DEBUG] [thread-id 1] - Store in: store the value '5' in the variable 'scrollLimit'
2023-11-28 09:09:28.783 [DEBUG] [thread-id 1] - Scroll limit set to - 5
2023-11-28 09:09:28.819 [DEBUG] [thread-id 1] - conditionally execute a flow. condition: true
2023-11-28 09:09:28.851 [DEBUG] [thread-id 1] - Required identifier already displayed
2023-11-28 09:09:28.852 [DEBUG] [thread-id 1] - Resetting scrollPosition variable to default
2023-11-28 09:09:28.852 [DEBUG] [thread-id 1] - Store in: store the value 'null' in the variable 'scrollPosition'
2023-11-28 09:09:28.853 [DEBUG] [thread-id 1] - Store in: store the value 'null' in the variable 'identifierScope'
2023-11-28 09:09:28.853 [DEBUG] [thread-id 1] - Store in: store the value 'null' in the variable 'scrollLimit'
2023-11-28 09:09:28.883 [DEBUG] [thread-id 1] - Verify identifier: {//android.view.ViewGroup[(contains(@content-desc, "Shipping") or contains(@content-desc, "shipping"))]//following-sibling::*[@resource-id="com.walmart.android.debug:id/checkout_delivery_body"]//*[@resource-id="com.walmart.android.debug:id/delivery_pickup_date"]=[true]}
2023-11-28 09:09:28.885 [DEBUG] [thread-id 1] - conditionally execute a flow. condition: true
2023-11-28 09:09:28.917 [DEBUG] [thread-id 1] - Executing function: 'us.functions.utils.scrollIfNotVisible'
2023-11-28 09:09:28.918 [DEBUG] [thread-id 1] - conditionally execute a flow. condition: true
2023-11-28 09:09:28.952 [DEBUG] [thread-id 1] - Store in: store the value '5' in the variable 'scrollLimit'
2023-11-28 09:09:28.952 [DEBUG] [thread-id 1] - Scroll limit set to - 5
2023-11-28 09:09:28.977 [DEBUG] [thread-id 1] - conditionally execute a flow. condition: true
2023-11-28 09:09:29.007 [DEBUG] [thread-id 1] - Required identifier already displayed
2023-11-28 09:09:29.008 [DEBUG] [thread-id 1] - Resetting scrollPosition variable to default
2023-11-28 09:09:29.008 [DEBUG] [thread-id 1] - Store in: store the value 'null' in the variable 'scrollPosition'
2023-11-28 09:09:29.008 [DEBUG] [thread-id 1] - Store in: store the value 'null' in the variable 'identifierScope'
2023-11-28 09:09:29.008 [DEBUG] [thread-id 1] - Store in: store the value 'null' in the variable 'scrollLimit'
2023-11-28 09:09:29.099 [DEBUG] [thread-id 1] - Verify identifier: {//android.view.ViewGroup[(contains(@content-desc, "Shipping") or contains(@content-desc, "shipping"))]//following-sibling::*[@resource-id="com.walmart.android.debug:id/checkout_delivery_body"]//*[@resource-id="com.walmart.android.debug:id/delivery_address"]=[true], //android.view.ViewGroup[(contains(@content-desc, "Shipping") or contains(@content-desc, "shipping"))]//following-sibling::*[@resource-id="com.walmart.android.debug:id/checkout_delivery_body"]//*[@resource-id="com.walmart.android.debug:id/delivery_store_description"]=[true]}
2023-11-28 09:09:29.136 [DEBUG] [thread-id 1] - Name and address validations completed
2023-11-28 09:09:29.169 [DEBUG] [thread-id 1] - conditionally execute a flow. condition: false
2023-11-28 09:09:29.202 [WARN] [thread-id 1] - variable expressSlot was used, but r2 could not find a value for this variable. returning default of null
2023-11-28 09:09:39.249 [DEBUG] [thread-id 1] - Verify identifier: {com.walmart.android.debug:id/order_items_count=[true]}
2023-11-28 09:09:39.249 [DEBUG] [thread-id 1] - Item details validations completed
2023-11-28 09:09:39.249 [DEBUG] [thread-id 1] - Store in: store the value 'null' in the variable 'altFulfillmentText'
2023-11-28 09:09:39.250 [DEBUG] [thread-id 1] - -------Validate Shipping review order details function end-------
2023-11-28 09:09:39.250 [DEBUG] [thread-id 1] - Executing function: 'us.functions.checkout.enterMobileContact'
2023-11-28 09:09:39.251 [DEBUG] [thread-id 1] - Executing function: 'function.checkout.reviewOrder.mobileNumberValidater'
2023-11-28 09:09:39.252 [DEBUG] [thread-id 1] - Executing function: 'us.functions.checkout.reviewOrder.scrollToTopOfReviewOrder'
2023-11-28 09:09:39.252 [DEBUG] [thread-id 1] - Scrolling to top of review order page
2023-11-28 09:09:39.252 [DEBUG] [thread-id 1] - sleep:  5000 milliseconds
2023-11-28 09:09:44.352 [DEBUG] [thread-id 1] - Verify identifier: {//android.widget.TextView[(@text="Review Order") or (@text="Checkout")]=[true]}
2023-11-28 09:09:44.353 [DEBUG] [thread-id 1] - loop: from 0 to 7
2023-11-28 09:09:44.400 [DEBUG] [thread-id 1] - Check 0
2023-11-28 09:09:44.464 [DEBUG] [thread-id 1] - conditionally execute a flow. condition: true
2023-11-28 09:09:44.494 [DEBUG] [thread-id 1] - conditionally execute a flow. condition: true
2023-11-28 09:09:44.580 [DEBUG] [thread-id 1] - get string: from '//*[@resource-id="com.walmart.android.debug:id/review_order_recycler_view"]/androidx.cardview.widget.CardView[1]//*[@resource-id="com.walmart.android.debug:id/delivery_section_new_title"]' [type='text']
2023-11-28 09:09:44.614 [DEBUG] [thread-id 1] - Scrolling up till cart page top is reached
2023-11-28 09:09:44.654 [DEBUG] [thread-id 1] - Scroll: up
2023-11-28 09:09:48.314 [DEBUG] [thread-id 1] - Check 1
2023-11-28 09:09:48.376 [DEBUG] [thread-id 1] - conditionally execute a flow. condition: true
2023-11-28 09:09:48.413 [DEBUG] [thread-id 1] - conditionally execute a flow. condition: false
2023-11-28 09:09:48.492 [DEBUG] [thread-id 1] - get string: from '//*[@resource-id="com.walmart.android.debug:id/review_order_recycler_view"]/androidx.cardview.widget.CardView[1]//*[@resource-id="com.walmart.android.debug:id/delivery_section_new_title"]' [type='text']
2023-11-28 09:09:48.522 [DEBUG] [thread-id 1] - Store currently displayed fulfillment type and compare with previously displayed fulfillment type text
2023-11-28 09:09:48.556 [DEBUG] [thread-id 1] - conditionally execute a flow. condition: true
2023-11-28 09:09:48.593 [DEBUG] [thread-id 1] - Breaking the loop as review order page top is reached
2023-11-28 09:09:48.693 [DEBUG] [thread-id 1] - Store in: store the value 'null' in the variable 'validateText'
2023-11-28 09:09:48.694 [DEBUG] [thread-id 1] - Scroll: down
2023-11-28 09:09:55.131 [DEBUG] [thread-id 1] - Verify identifier: {com.walmart.android.debug:id/module_title=[true]}
2023-11-28 09:09:55.159 [DEBUG] [thread-id 1] - Enter text: '4085551234'
2023-11-28 09:09:56.915 [DEBUG] [thread-id 1] - Press go back key: 'true'
2023-11-28 09:09:57.634 [DEBUG] [thread-id 1] - Executing function: 'us.functions.checkout.reviewOrder.verifyPaymentCardsDisplay'
2023-11-28 09:09:57.634 [DEBUG] [thread-id 1] - sleep:  3000 milliseconds
2023-11-28 09:10:00.640 [DEBUG] [thread-id 1] - Scroll: down
2023-11-28 09:10:04.239 [DEBUG] [thread-id 1] - conditionally execute a flow. condition: true
2023-11-28 09:10:04.295 [DEBUG] [thread-id 1] - Scroll: up
2023-11-28 09:10:16.697 [WARN] [thread-id 1] - variable verifyEBT was used, but r2 could not find a value for this variable. returning default of null
2023-11-28 09:10:16.698 [DEBUG] [thread-id 1] - conditionally execute a flow. condition: false
2023-11-28 09:10:16.737 [WARN] [thread-id 1] - variable verifyEBT was used, but r2 could not find a value for this variable. returning default of null
2023-11-28 09:10:16.738 [WARN] [thread-id 1] - variable verifyGC was used, but r2 could not find a value for this variable. returning default of null
2023-11-28 09:10:16.739 [DEBUG] [thread-id 1] - conditionally execute a flow. condition: false
2023-11-28 09:10:16.768 [WARN] [thread-id 1] - variable verifyGC was used, but r2 could not find a value for this variable. returning default of null
2023-11-28 09:10:16.775 [WARN] [thread-id 1] - variable verifyCC was used, but r2 could not find a value for this variable. returning default of null
2023-11-28 09:10:16.776 [DEBUG] [thread-id 1] - conditionally execute a flow. condition: false
2023-11-28 09:10:16.813 [WARN] [thread-id 1] - variable verifyCC was used, but r2 could not find a value for this variable. returning default of null
2023-11-28 09:10:16.814 [WARN] [thread-id 1] - variable verifyRC was used, but r2 could not find a value for this variable. returning default of null
2023-11-28 09:10:16.814 [DEBUG] [thread-id 1] - conditionally execute a flow. condition: false
2023-11-28 09:10:16.851 [WARN] [thread-id 1] - variable verifyEBT was used, but r2 could not find a value for this variable. returning default of null
2023-11-28 09:10:16.894 [DEBUG] [thread-id 1] - conditionally execute a flow. condition: true
2023-11-28 09:10:38.373 [DEBUG] [thread-id 1] - Main failed: FAILURE - teflon - DS card is not the auto-selected payment method, verification failed in Review Order page
2023-11-28 09:11:01.913 [DEBUG] [thread-id 1] - Executing scenario: 'After'
2023-11-28 09:11:01.914 [DEBUG] [thread-id 1] - Executing function: 'us.functions.utils.afterSteps'
2023-11-28 09:11:01.915 [WARN] [thread-id 1] - variable testStatus was used, but r2 could not find a value for this variable. returning default of null
2023-11-28 09:11:01.915 [DEBUG] [thread-id 1] - conditionally execute a flow. condition: false
2023-11-28 09:11:01.949 [DEBUG] [thread-id 1] - Test failed
2023-11-28 09:11:29.334 [DEBUG] [thread-id 1] - Created report: /Users/m0k0a2f/glass-automation/report/index.html
