2024-01-31 19:27:41.705 [DEBUG] [thread-id 1] - Executing R2 3.38.1: '/Users/m0k0a2f/glass-automation/./us/test/test-scripts/ios/prod-flows/Ecomm-And-Fulfillment-Flows/store-single-fulfillment-flows/C2644789-glass-sc-scheduled-delivery.yaml' on device: 'iPhone 14'
2024-01-31 19:29:37.072 [DEBUG] [thread-id 1] - Executing scenario: 'Before'
2024-01-31 19:29:37.074 [DEBUG] [thread-id 1] - R2_SUBFLOW_PRE_TRANSACTION
2024-01-31 19:29:37.437 [DEBUG] [thread-id 1] - Using us-errors-helpers.yaml
2024-01-31 19:29:37.664 [DEBUG] [thread-id 1] - Start Main
2024-01-31 19:29:37.667 [DEBUG] [thread-id 1] - Executing function: 'us.functions.global.onboarding.navigateOnboardingToHome'
2024-01-31 19:29:37.669 [DEBUG] [thread-id 1] - Executing function: 'us.function.utils.getEnvironmentValue'
2024-01-31 19:29:37.670 [DEBUG] [thread-id 1] - Store in: store the value 'production' in the variable 'env'
2024-01-31 19:29:37.671 [DEBUG] [thread-id 1] - Timestamp: 1706758177671
2024-01-31 19:29:37.683 [DEBUG] [thread-id 1] - Welcome screen loaded
2024-01-31 19:29:37.686 [DEBUG] [thread-id 1] - Verify identifier: {SignUpNudgeWelcomeViewController.titleLabel=[true]}
2024-01-31 19:29:47.773 [DEBUG] [thread-id 1] - conditionally execute a flow. condition: false
2024-01-31 19:29:47.963 [DEBUG] [thread-id 1] - Click element: 'cta.cancel.welcome'
2024-01-31 19:29:48.474 [DEBUG] [thread-id 1] - Notifiction Prompt screen loaded
2024-01-31 19:29:49.039 [DEBUG] [thread-id 1] - Verify identifier: {NotificationPermissionViewController.titleLabel=[true]}
2024-01-31 19:29:49.144 [DEBUG] [thread-id 1] - Click element: 'cta.cancel.notifications'
2024-01-31 19:29:49.603 [DEBUG] [thread-id 1] - location screen loaded
2024-01-31 19:29:49.805 [DEBUG] [thread-id 1] - Verify identifier: {LocationPermissionViewController.titleLabel=[true], LocationPermissionViewController.bodyLabel=[true]}
2024-01-31 19:29:49.867 [DEBUG] [thread-id 1] - Click element: 'cta.cancel.location'
2024-01-31 19:29:50.609 [DEBUG] [thread-id 1] - Verify identifier: {label.postal-code-entry=[true]}
2024-01-31 19:29:50.677 [DEBUG] [thread-id 1] - Enter text: '95122'
2024-01-31 19:29:53.000 [DEBUG] [thread-id 1] - Click element: 'cta.continue'
2024-01-31 19:29:53.536 [DEBUG] [thread-id 1] - sleep:  3000 milliseconds
2024-01-31 19:29:56.547 [DEBUG] [thread-id 1] - loop: from 0 to 3
2024-01-31 19:29:56.851 [DEBUG] [thread-id 1] - 0
2024-01-31 19:30:08.110 [DEBUG] [thread-id 1] - conditionally execute a flow. condition: false
2024-01-31 19:30:18.596 [DEBUG] [thread-id 1] - Observed IDFA Sscreen
2024-01-31 19:30:18.848 [DEBUG] [thread-id 1] - conditionally execute a flow. condition: true
2024-01-31 19:30:19.108 [DEBUG] [thread-id 1] - Verify identifier: {ATTPermissionViewController.titleLabel=[true], ATTPermissionViewController.bodyLabel=[true]}
2024-01-31 19:30:19.426 [DEBUG] [thread-id 1] - Click element: 'cta.continue.location'
2024-01-31 19:30:22.296 [DEBUG] [thread-id 1] - Click element: '//XCUIElementTypeButton[@name="Ask App Not to Track"] | //XCUIElementTypeButton[@name="Solicitar a la app no rastrear"]'
2024-01-31 19:30:33.599 [DEBUG] [thread-id 1] - conditionally execute a flow. condition: false
2024-01-31 19:30:35.148 [DEBUG] [thread-id 1] - modal is not displayed
2024-01-31 19:30:45.769 [DEBUG] [thread-id 1] - Executing function: 'us.functions.gic.collapseIfExpanded'
2024-01-31 19:30:48.782 [DEBUG] [thread-id 1] - GIC already collapsed
2024-01-31 19:30:48.787 [DEBUG] [thread-id 1] - Executing function: 'us.functions.home.navigateHomeToSignIn'
2024-01-31 19:30:48.787 [DEBUG] [thread-id 1] - sleep:  3000 milliseconds
2024-01-31 19:31:04.144 [DEBUG] [thread-id 1] - Click element: 'tab-account-unselected'
2024-01-31 19:31:06.004 [DEBUG] [thread-id 1] - Verify identifier: {SignInYourAccountTableViewCell.signInButton=[true]}
2024-01-31 19:31:06.004 [DEBUG] [thread-id 1] - loop: from 1 to 3
2024-01-31 19:31:06.753 [DEBUG] [thread-id 1] - conditionally execute a flow. condition: true
2024-01-31 19:31:07.578 [DEBUG] [thread-id 1] - Click element: 'SignInYourAccountTableViewCell.signInButton'
2024-01-31 19:31:12.031 [DEBUG] [thread-id 1] - Verify identifier: {WelcomeView.emailField=[true]}
2024-01-31 19:31:13.650 [DEBUG] [thread-id 1] - Store in: store the value 'true' in the variable 'signInValidated'
2024-01-31 19:31:15.324 [DEBUG] [thread-id 1] - conditionally execute a flow. condition: true
2024-01-31 19:31:16.914 [DEBUG] [thread-id 1] - SignIn page loaded
2024-01-31 19:31:18.536 [DEBUG] [thread-id 1] - Store in: store the value 'false' in the variable 'signInValidated'
2024-01-31 19:31:18.548 [DEBUG] [thread-id 1] - Executing function: 'us.functions.global.authentication.signInAccountCarta'
2024-01-31 19:31:20.216 [DEBUG] [thread-id 1] - conditionally execute a flow. condition: true
2024-01-31 19:31:22.104 [DEBUG] [thread-id 1] - Enter text: 'prod.flow004@cloudtest.org'
2024-01-31 19:31:25.934 [DEBUG] [thread-id 1] - Click element: 'WelcomeView.ctaButton'
2024-01-31 19:31:28.785 [DEBUG] [thread-id 1] - Sign in Field present!!
2024-01-31 19:31:30.532 [DEBUG] [thread-id 1] - conditionally execute a flow. condition: true
2024-01-31 19:31:32.476 [DEBUG] [thread-id 1] - Enter text: 'E2epassword$'
2024-01-31 19:31:35.955 [DEBUG] [thread-id 1] - Click element: 'OTPView.ctaButton'
2024-01-31 19:31:40.541 [DEBUG] [thread-id 1] - Password Field present!!
2024-01-31 19:31:42.868 [DEBUG] [thread-id 1] - conditionally execute a flow. condition: true
2024-01-31 19:31:45.310 [DEBUG] [thread-id 1] - Click element: 'Don’t Allow'
2024-01-31 19:31:47.536 [DEBUG] [thread-id 1] - Login succesful!!
2024-01-31 19:31:47.549 [DEBUG] [thread-id 1] - Executing function: 'us.functions.global.navigation.accountToHome'
2024-01-31 19:31:47.549 [DEBUG] [thread-id 1] - Verify identifier: {Shop=[true]}
2024-01-31 19:31:47.549 [DEBUG] [thread-id 1] - sleep:  2000 milliseconds
2024-01-31 19:31:49.819 [DEBUG] [thread-id 1] - Click element: 'Shop'
2024-01-31 19:31:51.300 [DEBUG] [thread-id 1] - Executing function: 'us.functions.home.closeWPlusPromotionPopUpIfDisplayed'
2024-01-31 19:31:54.338 [DEBUG] [thread-id 1] - Verify identifier: {//XCUIElementTypeButton[@name="SplashPageTermView.primaryButton"]|//XCUIElementTypeButton[@name="WalmartPlusSplashBottomSheet.tryWalmartPlusMemberShipButton"] | //XCUIElementTypeButton[@label="Try your rewards benefit"] | //XCUIElementTypeButton[@name="BenefitEngagementTempoContainerView.primaryButton"]=[true]}
2024-01-31 19:31:57.013 [DEBUG] [thread-id 1] - Click element: '//XCUIElementTypeButton[@name="SplashPageViewController.closeButton" or contains(@label, "Close Walmart plus promotional pop up")] | //XCUIElementTypeNavigationBar[@name="WalmartPlus.SplashPageView"]/XCUIElementTypeButton | //XCUIElementTypeButton[@name="close" or @name="Close"] | //XCUIElementTypeButton[@name="SplashPageViewController.fullScreenCloseButton"] | //XCUIElementTypeButton[@name="MultiSplashViewController.fullScreenCloseButton"]'
2024-01-31 19:31:59.336 [DEBUG] [thread-id 1] - Verify identifier: {Search Walmart=[true]}
2024-01-31 19:31:59.337 [DEBUG] [thread-id 1] - Executing function: 'us.functions.global.navigation.toCartFromNavBar'
2024-01-31 19:32:00.027 [DEBUG] [thread-id 1] - Verify identifier: {//XCUIElementTypeButton[contains(@label, "Your cart")] | //XCUIElementTypeButton[(@name="SearchResultsViewController.cartButton") or (contains(@label,"Your cart contains") and contains(@label,"The estimated total is")) or (@label="Your cart is empty")]=[true]}
2024-01-31 19:32:00.805 [DEBUG] [thread-id 1] - Click element: '//XCUIElementTypeButton[contains(@label, "Your cart")] | //XCUIElementTypeButton[(@name="SearchResultsViewController.cartButton") or (contains(@label,"Your cart contains") and contains(@label,"The estimated total is")) or (@label="Your cart is empty")]'
2024-01-31 19:32:16.316 [DEBUG] [thread-id 1] - Verify identifier: {//XCUIElementTypeStaticText[@name="CartDetailsViewController.headerCartLabel"] | //XCUIElementTypeStaticText[@name="CartEmptyStateViewController.titleLabel" and not(contains(@label,"We're sorry!"))]=[true]}
2024-01-31 19:32:16.353 [DEBUG] [thread-id 1] - Executing function: 'us.functions.cart.removeUnavailableItemsFromCart'
2024-01-31 19:32:27.810 [DEBUG] [thread-id 1] - Executing function: 'us.functions.cart.removeAllCartItems'
2024-01-31 19:32:27.812 [DEBUG] [thread-id 1] - Executing function: 'us.functions.cart.storeChangePopUp'
2024-01-31 19:32:39.105 [DEBUG] [thread-id 1] - Executing function: 'us.functions.cart.seeDetails'
2024-01-31 19:32:39.105 [DEBUG] [thread-id 1] - loop: from 0 to 3
2024-01-31 19:32:44.877 [DEBUG] [thread-id 1] - 0
2024-01-31 19:33:06.356 [DEBUG] [thread-id 1] - No See details in Cart
2024-01-31 19:33:12.153 [DEBUG] [thread-id 1] - loop: from 0 to 5
2024-01-31 19:33:17.863 [DEBUG] [thread-id 1] - 0
2024-01-31 19:33:23.745 [DEBUG] [thread-id 1] - Executing function: 'us.functions.cart.storeChangePopUp'
2024-01-31 19:33:41.058 [DEBUG] [thread-id 1] - Executing function: 'us.functions.cart.walmartAssistantPopup'
2024-01-31 19:34:10.176 [DEBUG] [thread-id 1] - Smart Budge view not displayed
2024-01-31 19:34:26.120 [DEBUG] [thread-id 1] - Verify identifier: {//XCUIElementTypeButton[contains(@label, "Remove and continue")] | //XCUIElementTypeButton[@name="Remove" or @name = "CartItemTileView.remove"]=[true]}
2024-01-31 19:34:58.299 [DEBUG] [thread-id 1] - Click element: '//XCUIElementTypeButton[contains(@label, "Remove and continue")] | //XCUIElementTypeButton[@name="Remove" or @name = "CartItemTileView.remove"]'
2024-01-31 19:35:04.167 [DEBUG] [thread-id 1] - 1
2024-01-31 19:35:38.365 [DEBUG] [thread-id 1] - Smart Budge view not displayed
2024-01-31 19:35:46.971 [DEBUG] [thread-id 1] - No Items in Cart to Remove
2024-01-31 19:35:49.478 [DEBUG] [thread-id 1] - Executing function: 'us.functions.global.navigation.backNavigation'
2024-01-31 19:35:49.478 [DEBUG] [thread-id 1] - sleep:  3000 milliseconds
2024-01-31 19:35:57.277 [DEBUG] [thread-id 1] - Click element: '//XCUIElementTypeButton[@name="Back" or @label="Back"] | //XCUIElementTypeButton[@name="Shop"] | //XCUIElementTypeButton[@name="Home"]| //XCUIElementTypeButton[@name="Registries"] | //XCUIElementTypeButton[@name="My Items"]'
2024-01-31 19:35:58.210 [DEBUG] [thread-id 1] - Executing function: 'us.functions.home.setStore'
2024-01-31 19:35:58.215 [DEBUG] [thread-id 1] - conditionally execute a flow. condition: true
2024-01-31 19:36:00.369 [DEBUG] [thread-id 1] - Executing function: 'us.functions.home.changeStore'
2024-01-31 19:36:00.371 [DEBUG] [thread-id 1] - Executing function: 'us.functions.home.closeWPlusPromotionPopUpIfDisplayed'
2024-01-31 19:36:09.427 [DEBUG] [thread-id 1] - No Wplus pop up displayed
2024-01-31 19:36:09.434 [DEBUG] [thread-id 1] - Executing function: 'us.functions.gic.expandIfCollapsed'
2024-01-31 19:36:11.547 [DEBUG] [thread-id 1] - Verify identifier: {//*[contains(@label,"Collapsed")] | //*[contains(@name,"Collapsed")]=[true]}
2024-01-31 19:36:13.634 [DEBUG] [thread-id 1] - Click element: '//*[contains(@label,"Collapsed")] | //*[contains(@name,"Collapsed")]'
2024-01-31 19:36:14.335 [WARN] [thread-id 1] - variable storeOnly was used, but r2 could not find a value for this variable. returning default of null
2024-01-31 19:36:14.336 [DEBUG] [thread-id 1] - conditionally execute a flow. condition: true
2024-01-31 19:36:26.201 [DEBUG] [thread-id 1] - conditionally execute a flow. condition: false
2024-01-31 19:36:38.461 [DEBUG] [thread-id 1] - Click element: '//XCUIElementTypeButton[@name="GlobalIntentCenter.Pickup"] | //XCUIElementTypeButton[contains(@name, "Pickup") and contains(@name,"1 of 2")]'
2024-01-31 19:36:39.885 [DEBUG] [thread-id 1] - Pickup intent selected
2024-01-31 19:36:43.447 [DEBUG] [thread-id 1] - Click element: '//XCUIElementTypeCollectionView[@name="GlobalIntentCenterViewController.collectionView"]//XCUIElementTypeCell[position()=last()-2 or position()=last()-1]//*[@name="GlobalIntentCenter.FullLocation" and contains(@label,"Pickup")] | //XCUIElementTypeOther[@name="LayoutableChildStackViewController.stackView"]/XCUIElementTypeOther[position()=last()]//XCUIElementTypeOther[@name="HoTLocationsItemDetailsView.containerView"]'
2024-01-31 19:36:55.281 [DEBUG] [thread-id 1] - conditionally execute a flow. condition: false
2024-01-31 19:37:03.930 [DEBUG] [thread-id 1] - Enter text: '95122'
2024-01-31 19:37:17.421 [DEBUG] [thread-id 1] - Click element: '(//XCUIElementTypeButton[@name="StoreSelectionCell.radioButton"])[1] | (//XCUIElementTypeOther[@name="StoreSelectionCell.radioLabelsStackView"])[1]'
2024-01-31 19:37:27.357 [DEBUG] [thread-id 1] - Click element: '//XCUIElementTypeButton[@name="SaveStoreSelectionView.saveButton"]'
2024-01-31 19:37:31.928 [DEBUG] [thread-id 1] - Executing function: 'us.functions.utils.handleTechnicalErrorPopup'
2024-01-31 19:37:31.928 [DEBUG] [thread-id 1] - Store in: store the value 'false' in the variable 'errorRemoved'
2024-01-31 19:37:31.928 [DEBUG] [thread-id 1] - sleep:  5000 milliseconds
2024-01-31 19:37:36.937 [DEBUG] [thread-id 1] - loop: from 0 to 3
2024-01-31 19:37:37.839 [DEBUG] [thread-id 1] - 0
2024-01-31 19:37:48.746 [DEBUG] [thread-id 1] - conditionally execute a flow. condition: false
2024-01-31 19:37:49.586 [DEBUG] [thread-id 1] - Store in: store the value 'true' in the variable 'errorRemoved'
2024-01-31 19:37:50.456 [DEBUG] [thread-id 1] - No Technical Error Pop up observed
2024-01-31 19:38:02.261 [DEBUG] [thread-id 1] - sleep:  2000 milliseconds
2024-01-31 19:38:04.623 [DEBUG] [thread-id 1] - conditionally execute a flow. condition: true
2024-01-31 19:38:05.507 [DEBUG] [thread-id 1] - Executing function: 'us.functions.gic.collapseIfExpanded'
2024-01-31 19:38:06.914 [DEBUG] [thread-id 1] - Verify identifier: {//*[contains(@label,"Expanded")] | //*[contains(@name,"Expanded")]=[true]}
2024-01-31 19:38:07.785 [DEBUG] [thread-id 1] - Collapsing GIC screen
2024-01-31 19:38:09.161 [DEBUG] [thread-id 1] - Click element: '//*[contains(@label,"Expanded")] | //*[contains(@name,"Expanded")]'
2024-01-31 19:38:11.707 [DEBUG] [thread-id 1] - Verify identifier: {//*[contains(@label,"Collapsed")] | //*[contains(@name,"Collapsed")]=[true]}
2024-01-31 19:38:11.717 [DEBUG] [thread-id 1] - Executing function: 'us.functions.search.searchItem'
2024-01-31 19:38:11.717 [DEBUG] [thread-id 1] - Verify identifier: {Search=[true]}
2024-01-31 19:38:11.953 [DEBUG] [thread-id 1] - Click element: 'Search'
2024-01-31 19:38:14.023 [DEBUG] [thread-id 1] - Verify identifier: {Search Walmart=[true]}
2024-01-31 19:38:17.176 [DEBUG] [thread-id 1] - Click element: 'Search Walmart'
2024-01-31 19:38:17.942 [DEBUG] [thread-id 1] - Enter text: 'tshirt pack'
2024-01-31 19:38:19.340 [DEBUG] [thread-id 1] - Executing function: 'us.functions.search.closeHowDoYouWantYourOrderBottomTray'
2024-01-31 19:38:25.849 [DEBUG] [thread-id 1] - How do you want pop up not displayed
2024-01-31 19:38:36.595 [DEBUG] [thread-id 1] - Executing function: 'us.functions.utils.scrollIfNotVisible'
2024-01-31 19:38:37.968 [DEBUG] [thread-id 1] - Verify identifier: {(//XCUIElementTypeButton[@name="GlassProductTile.mainStackView"])[1] | //XCUIElementTypeOther[contains(@name,"ProductImageView.stackView")] | //*[contains(@name,"ProductSectionCoordinator_searchPrimaryProductCell")] | //XCUIElementTypeCell[contains(@name,"ProductSectionCoordinator_searchPrimaryProductCell_indexPath")] | (//XCUIElementTypeOther[@name="ProductImageView.stackView"])[1] | (//XCUIElementTypeButton[@name="GlassProductTile.mainStackView"])[2]=[true]}
2024-01-31 19:38:38.815 [DEBUG] [thread-id 1] - Element already visible, scrolling is skipped
2024-01-31 19:38:38.822 [DEBUG] [thread-id 1] - Resetting scrollPosition variable to default
2024-01-31 19:38:38.822 [DEBUG] [thread-id 1] - Store in: store the value 'null' in the variable 'scrollPosition'
2024-01-31 19:38:38.822 [DEBUG] [thread-id 1] - Store in: store the value 'null' in the variable 'identifierScope'
2024-01-31 19:38:38.822 [DEBUG] [thread-id 1] - Store in: store the value 'null' in the variable 'limit'
2024-01-31 19:38:39.256 [DEBUG] [thread-id 1] - conditionally execute a flow. condition: true
2024-01-31 19:38:40.073 [DEBUG] [thread-id 1] - successfully found an item for the above search criterion
2024-01-31 19:38:40.077 [DEBUG] [thread-id 1] - Executing function: 'us.functions.gic.changeFulfillment'
2024-01-31 19:38:40.077 [DEBUG] [thread-id 1] - Executing function: 'us.functions.gic.expandIfCollapsed'
2024-01-31 19:38:41.355 [DEBUG] [thread-id 1] - Verify identifier: {//*[contains(@label,"Collapsed")] | //*[contains(@name,"Collapsed")]=[true]}
2024-01-31 19:38:42.627 [DEBUG] [thread-id 1] - Click element: '//*[contains(@label,"Collapsed")] | //*[contains(@name,"Collapsed")]'
2024-01-31 19:38:43.192 [DEBUG] [thread-id 1] - Executing function: 'us.functions.gic.setFulfillment'
2024-01-31 19:38:53.211 [DEBUG] [thread-id 1] - conditionally execute a flow. condition: false
2024-01-31 19:38:56.339 [DEBUG] [thread-id 1] - Click element: '//XCUIElementTypeButton[@name="GlobalIntentCenter.Delivery"] | //XCUIElementTypeButton[contains(@name, "Delivery") ]'
2024-01-31 19:38:58.065 [DEBUG] [thread-id 1] - Delivery intent selected
2024-01-31 19:39:01.203 [DEBUG] [thread-id 1] - sleep:  3000 milliseconds
2024-01-31 19:39:04.239 [DEBUG] [thread-id 1] - Executing function: 'us.functions.gic.collapseIfExpanded'
2024-01-31 19:39:05.695 [DEBUG] [thread-id 1] - Verify identifier: {//*[contains(@label,"Expanded")] | //*[contains(@name,"Expanded")]=[true]}
2024-01-31 19:39:06.608 [DEBUG] [thread-id 1] - Collapsing GIC screen
2024-01-31 19:39:08.047 [DEBUG] [thread-id 1] - Click element: '//*[contains(@label,"Expanded")] | //*[contains(@name,"Expanded")]'
2024-01-31 19:39:08.620 [DEBUG] [thread-id 1] - Executing function: 'us.functions.search.clickOnFirstItem'
2024-01-31 19:39:08.623 [WARN] [thread-id 1] - variable subFilter was used, but r2 could not find a value for this variable. returning default of null
2024-01-31 19:39:08.627 [DEBUG] [thread-id 1] - conditionally execute a flow. condition: false
2024-01-31 19:39:09.482 [DEBUG] [thread-id 1] - conditionally execute a flow. condition: true
2024-01-31 19:39:10.293 [DEBUG] [thread-id 1] - Executing function: 'us.functions.utils.scrollIfNotVisible'
2024-01-31 19:39:11.629 [DEBUG] [thread-id 1] - Verify identifier: {//XCUIElementTypeCell[contains(@name,"ProductSectionCoordinator_searchPrimaryProductCell_indexPath")]/XCUIElementTypeOther/XCUIElementTypeOther[1]/XCUIElementTypeButton[not(contains(@label, "Sponsored")) and (contains(@label, "reviews"))][1] | //*[contains(@name,"GlassProductTile.mainStackView") and not(contains(@label, "Sponsored")) and (contains(@label, "reviews"))] | //XCUIElementTypeCell[contains(@name,"ProductSectionCoordinator_searchPrimaryProductCell_indexPath")]/XCUIElementTypeOther/XCUIElementTypeOther[1]/XCUIElementTypeButton[1][not(contains(@label, "Sponsored"))]=[true]}
2024-01-31 19:39:12.442 [DEBUG] [thread-id 1] - Element already visible, scrolling is skipped
2024-01-31 19:39:12.446 [DEBUG] [thread-id 1] - Resetting scrollPosition variable to default
2024-01-31 19:39:12.446 [DEBUG] [thread-id 1] - Store in: store the value 'null' in the variable 'scrollPosition'
2024-01-31 19:39:12.446 [DEBUG] [thread-id 1] - Store in: store the value 'null' in the variable 'identifierScope'
2024-01-31 19:39:12.446 [DEBUG] [thread-id 1] - Store in: store the value 'null' in the variable 'limit'
2024-01-31 19:39:13.723 [DEBUG] [thread-id 1] - Click element: '//XCUIElementTypeCell[contains(@name,"ProductSectionCoordinator_searchPrimaryProductCell_indexPath")]/XCUIElementTypeOther/XCUIElementTypeOther[1]/XCUIElementTypeButton[not(contains(@label, "Sponsored")) and (contains(@label, "reviews"))][1] | //*[contains(@name,"GlassProductTile.mainStackView") and not(contains(@label, "Sponsored")) and (contains(@label, "reviews"))] | //XCUIElementTypeCell[contains(@name,"ProductSectionCoordinator_searchPrimaryProductCell_indexPath")]/XCUIElementTypeOther/XCUIElementTypeOther[1]/XCUIElementTypeButton[1][not(contains(@label, "Sponsored"))]'
2024-01-31 19:39:15.299 [DEBUG] [thread-id 1] - check if item details page is showing
2024-01-31 19:39:15.305 [DEBUG] [thread-id 1] - Executing function: 'us.functions.item.addItemToCart'
2024-01-31 19:39:44.940 [DEBUG] [thread-id 1] - Verify identifier: {stepper.mainButton=[true]}
2024-01-31 19:40:00.487 [DEBUG] [thread-id 1] - Click element: 'stepper.mainButton'
2024-01-31 19:40:08.394 [WARN] [thread-id 1] - variable qty was used, but r2 could not find a value for this variable. returning default of null
2024-01-31 19:40:08.394 [WARN] [thread-id 1] - variable qty was used, but r2 could not find a value for this variable. returning default of null
2024-01-31 19:40:23.069 [DEBUG] [thread-id 1] - Verify identifier: {//XCUIElementTypeStaticText[@name="1 added"]| //XCUIElementTypeOther[@name="add-to-cart-button"] | //XCUIElementTypeStaticText[@label="null"] | Max 1=[true]}
2024-01-31 19:40:23.071 [WARN] [thread-id 1] - variable skipPostAddToCartSteps was used, but r2 could not find a value for this variable. returning default of null
2024-01-31 19:40:23.072 [DEBUG] [thread-id 1] - conditionally execute a flow. condition: true
2024-01-31 19:40:43.621 [DEBUG] [thread-id 1] - Executing function: 'us.functions.item.postAddToCartSteps'
2024-01-31 19:41:31.246 [DEBUG] [thread-id 1] - No ACC pop up screen displayed
2024-01-31 19:42:01.630 [DEBUG] [thread-id 1] - Click element: '//XCUIElementTypeButton[@name="Close"]'
2024-01-31 19:42:29.085 [DEBUG] [thread-id 1] - Click element: '//XCUIElementTypeButton[@name="Close"] | //XCUIElementTypeButton[@label="Close"]'
2024-01-31 19:42:32.720 [DEBUG] [thread-id 1] - Executing function: 'us.functions.item.closeItemPage'
2024-01-31 19:42:54.598 [DEBUG] [thread-id 1] - PAC not found
2024-01-31 19:43:15.657 [DEBUG] [thread-id 1] - Item page closed
2024-01-31 19:43:16.533 [WARN] [thread-id 1] - break reached without loop, this may be an error in your flow.
2024-01-31 19:43:16.576 [DEBUG] [thread-id 1] - Verify identifier: {Your cart is empty=[true]}
2024-01-31 19:43:16.578 [DEBUG] [thread-id 1] - Store in: store the value 'false' in the variable 'skipPostAddToCartSteps'
2024-01-31 19:43:16.578 [DEBUG] [thread-id 1] - Store in: store the value 'false' in the variable 'apiFetch'
2024-01-31 19:43:16.579 [DEBUG] [thread-id 1] - Store in: store the value 'null' in the variable 'itemDataDetails'
2024-01-31 19:43:16.579 [DEBUG] [thread-id 1] - R2_SUBFLOW_TRANSACTION
2024-01-31 19:43:16.583 [DEBUG] [thread-id 1] - Executing function: 'us.functions.global.navigation.toCartFromNavBar'
2024-01-31 19:43:17.049 [DEBUG] [thread-id 1] - Verify identifier: {//XCUIElementTypeButton[contains(@label, "Your cart")] | //XCUIElementTypeButton[(@name="SearchResultsViewController.cartButton") or (contains(@label,"Your cart contains") and contains(@label,"The estimated total is")) or (@label="Your cart is empty")]=[true]}
2024-01-31 19:43:17.489 [DEBUG] [thread-id 1] - Click element: '//XCUIElementTypeButton[contains(@label, "Your cart")] | //XCUIElementTypeButton[(@name="SearchResultsViewController.cartButton") or (contains(@label,"Your cart contains") and contains(@label,"The estimated total is")) or (@label="Your cart is empty")]'
2024-01-31 19:43:30.703 [DEBUG] [thread-id 1] - Verify identifier: {//XCUIElementTypeStaticText[@name="CartDetailsViewController.headerCartLabel"] | //XCUIElementTypeStaticText[@name="CartEmptyStateViewController.titleLabel" and not(contains(@label,"We're sorry!"))]=[true]}
2024-01-31 19:43:30.731 [DEBUG] [thread-id 1] - Executing function: 'us.functions.selectBookingSlot'
2024-01-31 19:43:30.732 [DEBUG] [thread-id 1] - Store in: store the value '1' in the variable 'slotIndex'
2024-01-31 19:43:30.732 [DEBUG] [thread-id 1] - Store in: store the value '3' in the variable 'slotIndex2'
2024-01-31 19:43:30.733 [WARN] [thread-id 1] - variable timeSlot was used, but r2 could not find a value for this variable. returning default of null
2024-01-31 19:43:30.733 [DEBUG] [thread-id 1] - conditionally execute a flow. condition: true
2024-01-31 19:43:36.337 [DEBUG] [thread-id 1] - Store in: store the value 'generic' in the variable 'timeSlot'
2024-01-31 19:43:36.342 [DEBUG] [thread-id 1] - Executing function: 'us.functions.loadBookingSlotScreenBasics'
2024-01-31 19:43:36.343 [DEBUG] [thread-id 1] - ------ Loading booking slot screen ------
2024-01-31 19:43:36.343 [DEBUG] [thread-id 1] - conditionally execute a flow. condition: false
2024-01-31 19:43:41.989 [DEBUG] [thread-id 1] - conditionally execute a flow. condition: true
2024-01-31 19:43:47.685 [DEBUG] [thread-id 1] - ------ Loading booking slot screen from cart page ------
2024-01-31 19:43:53.389 [DEBUG] [thread-id 1] - Executing function: 'us.functions.cart.scrollToTopOfCart'
2024-01-31 19:43:53.389 [DEBUG] [thread-id 1] - -------Scroll to top of cart page function start-------
2024-01-31 19:44:02.919 [DEBUG] [thread-id 1] - Verify identifier: {//XCUIElementTypeStaticText[@name="CartDetailsViewController.headerCartLabel"] | //XCUIElementTypeStaticText[@name="CartEmptyStateViewController.titleLabel" and not(contains(@label,"We're sorry!"))]=[true]}
2024-01-31 19:44:14.146 [DEBUG] [thread-id 1] - Executing function: 'us.functions.utils.scrollIfNotVisible'
2024-01-31 19:44:21.585 [DEBUG] [thread-id 1] - Verify identifier: {FulfillmentSummaryView.titlePrefixLabel=[true]}
2024-01-31 19:44:27.765 [DEBUG] [thread-id 1] - Element already visible, scrolling is skipped
2024-01-31 19:44:27.770 [DEBUG] [thread-id 1] - Resetting scrollPosition variable to default
2024-01-31 19:44:27.771 [DEBUG] [thread-id 1] - Store in: store the value 'null' in the variable 'scrollPosition'
2024-01-31 19:44:27.771 [DEBUG] [thread-id 1] - Store in: store the value 'null' in the variable 'identifierScope'
2024-01-31 19:44:27.771 [DEBUG] [thread-id 1] - Store in: store the value 'null' in the variable 'limit'
2024-01-31 19:44:27.775 [DEBUG] [thread-id 1] - -------Scroll to top of cart page function end-------
2024-01-31 19:44:33.562 [DEBUG] [thread-id 1] - Executing function: 'us.functions.utils.scrollIfNotVisible'
2024-01-31 19:44:43.562 [DEBUG] [thread-id 1] - Verify identifier: {//XCUIElementTypeButton[@name="FulfillmentSummaryView.actionButton" and not(contains(@label,"See Options"))] | //*[contains(@label,"Reserve a new time")]=[true]}
2024-01-31 19:44:49.280 [DEBUG] [thread-id 1] - Element already visible, scrolling is skipped
2024-01-31 19:44:49.292 [DEBUG] [thread-id 1] - Resetting scrollPosition variable to default
2024-01-31 19:44:49.292 [DEBUG] [thread-id 1] - Store in: store the value 'null' in the variable 'scrollPosition'
2024-01-31 19:44:49.292 [DEBUG] [thread-id 1] - Store in: store the value 'null' in the variable 'identifierScope'
2024-01-31 19:44:49.293 [DEBUG] [thread-id 1] - Store in: store the value 'null' in the variable 'limit'
2024-01-31 19:44:58.885 [DEBUG] [thread-id 1] - Verify identifier: {//XCUIElementTypeButton[@name="FulfillmentSummaryView.actionButton" and not(contains(@label,"See Options"))] | //*[contains(@label,"Reserve a new time")]=[true]}
2024-01-31 19:45:08.776 [DEBUG] [thread-id 1] - Click element: '//XCUIElementTypeButton[@name="FulfillmentSummaryView.actionButton" and not(contains(@label,"See Options"))] | //*[contains(@label,"Reserve a new time")]'
2024-01-31 19:45:32.255 [DEBUG] [thread-id 1] - Slot page loaded
2024-01-31 19:45:58.737 [DEBUG] [thread-id 1] - ------ Loading delivery tab ------
2024-01-31 19:45:58.738 [DEBUG] [thread-id 1] - conditionally execute a flow. condition: false
2024-01-31 19:46:11.661 [DEBUG] [thread-id 1] - Click element: '//XCUIElementTypeButton[@name="Delivery from store"]'
2024-01-31 19:46:22.746 [DEBUG] [thread-id 1] - conditionally execute a flow. condition: true
2024-01-31 19:46:31.051 [DEBUG] [thread-id 1] - New address is to be added
2024-01-31 19:46:39.503 [WARN] [thread-id 1] - variable addressAdded was used, but r2 could not find a value for this variable. returning default of null
2024-01-31 19:46:39.505 [DEBUG] [thread-id 1] - conditionally execute a flow. condition: false
2024-01-31 19:46:47.820 [DEBUG] [thread-id 1] - ------ Adding address ------
2024-01-31 19:47:13.326 [WARN] [thread-id 1] - variable skipSlotPage was used, but r2 could not find a value for this variable. returning default of null
2024-01-31 19:47:13.327 [DEBUG] [thread-id 1] - conditionally execute a flow. condition: false
2024-01-31 19:47:21.633 [WARN] [thread-id 1] - variable wplusUser was used, but r2 could not find a value for this variable. returning default of null
2024-01-31 19:47:21.634 [WARN] [thread-id 1] - variable wplusUser was used, but r2 could not find a value for this variable. returning default of null
2024-01-31 19:47:38.299 [DEBUG] [thread-id 1] - Executing function: 'us.functions.selectTimeSlotBasics'
2024-01-31 19:47:38.301 [DEBUG] [thread-id 1] - conditionally execute a flow. condition: true
2024-01-31 19:47:46.563 [DEBUG] [thread-id 1] - ------Selecting general time slot------
2024-01-31 19:47:59.217 [DEBUG] [thread-id 1] - conditionally execute a flow. condition: true
2024-01-31 19:48:12.081 [DEBUG] [thread-id 1] - Click element: '(//XCUIElementTypeButton[@name="SlotHoursCell.slotHoursView"])[3]'
2024-01-31 19:48:14.526 [DEBUG] [thread-id 1] - ------ Slot time selection completed ------
2024-01-31 19:48:23.171 [DEBUG] [thread-id 1] - Executing function: 'us.mappings.confirmSlotSelectionBasics'
2024-01-31 19:48:23.172 [DEBUG] [thread-id 1] - loop: from 0 to 2
2024-01-31 19:48:36.006 [DEBUG] [thread-id 1] - Click element: '//XCUIElementTypeButton[@name="ReserveSlotView.saveButton"]'
2024-01-31 19:49:00.431 [DEBUG] [thread-id 1] - Executing function: 'us.functions.cart.continueMissingAnythingScreen'
2024-01-31 19:49:14.589 [DEBUG] [thread-id 1] - Missing anything popup not displayed
2024-01-31 19:49:20.155 [DEBUG] [thread-id 1] - Slot saved
2024-01-31 19:49:25.683 [DEBUG] [thread-id 1] - ------ Slot selection saved ------
2024-01-31 19:49:25.688 [DEBUG] [thread-id 1] - Executing function: 'us.functions.cart.oos.moveItemToSfl'
2024-01-31 19:49:36.166 [DEBUG] [thread-id 1] - conditionally execute a flow. condition: false
2024-01-31 19:49:41.714 [DEBUG] [thread-id 1] - Item is Available
2024-01-31 19:49:41.731 [DEBUG] [thread-id 1] - Executing function: 'us.functions.cart.verifyCardDetails'
2024-01-31 19:49:41.732 [DEBUG] [thread-id 1] - Executing function: 'us.functions.utils.getFulfillmentTextsToCompare'
2024-01-31 19:49:41.732 [WARN] [thread-id 1] - variable altFulfillmentText was used, but r2 could not find a value for this variable. returning default of null
2024-01-31 19:49:41.732 [DEBUG] [thread-id 1] - conditionally execute a flow. condition: true
2024-01-31 19:49:47.290 [DEBUG] [thread-id 1] - conditionally execute a flow. condition: false
2024-01-31 19:49:52.750 [DEBUG] [thread-id 1] - conditionally execute a flow. condition: false
2024-01-31 19:49:58.187 [DEBUG] [thread-id 1] - conditionally execute a flow. condition: true
2024-01-31 19:50:03.672 [DEBUG] [thread-id 1] - Store in: store the value 'delivery' in the variable 'altFulfillmentText'
2024-01-31 19:50:03.694 [DEBUG] [thread-id 1] - -------Validate Delivery cart details function start-------
2024-01-31 19:50:03.694 [WARN] [thread-id 1] - variable initialCartDataSetup was used, but r2 could not find a value for this variable. returning default of null
2024-01-31 19:50:03.695 [DEBUG] [thread-id 1] - conditionally execute a flow. condition: true
2024-01-31 19:50:09.169 [DEBUG] [thread-id 1] - sleep:  3000 milliseconds
2024-01-31 19:50:21.393 [DEBUG] [thread-id 1] - conditionally execute a flow. condition: true
2024-01-31 19:50:26.832 [DEBUG] [thread-id 1] - Cart page displayed
2024-01-31 19:50:32.294 [WARN] [thread-id 1] - variable validationScope was used, but r2 could not find a value for this variable. returning default of null
2024-01-31 19:50:37.794 [DEBUG] [thread-id 1] - Store in: store the value 'complete' in the variable 'initialCartDataSetup'
2024-01-31 19:50:47.566 [DEBUG] [thread-id 1] - Verify identifier: {//XCUIElementTypeStaticText[@name="FulfillmentSummaryView.titlePrefixLabel" and (contains(@label,"Delivery") or contains(@label,"delivery"))]=[true]}
2024-01-31 19:50:47.592 [WARN] [thread-id 1] - variable validationScope was used, but r2 could not find a value for this variable. returning default of null
2024-01-31 19:50:47.592 [DEBUG] [thread-id 1] - conditionally execute a flow. condition: false
2024-01-31 19:50:53.056 [DEBUG] [thread-id 1] - Basic Delivery fulfillment section validation done
2024-01-31 19:50:53.063 [WARN] [thread-id 1] - variable unscheduled was used, but r2 could not find a value for this variable. returning default of null
2024-01-31 19:50:53.063 [WARN] [thread-id 1] - variable partialCheckout was used, but r2 could not find a value for this variable. returning default of null
2024-01-31 19:50:53.064 [DEBUG] [thread-id 1] - Store in: store the value 'null' in the variable 'altFulfillmentText'
2024-01-31 19:50:53.064 [DEBUG] [thread-id 1] - Store in: store the value 'null' in the variable 'validationScope'
2024-01-31 19:50:53.064 [DEBUG] [thread-id 1] - Store in: store the value 'false' in the variable 'unscheduled'
2024-01-31 19:50:53.064 [DEBUG] [thread-id 1] - Store in: store the value 'false' in the variable 'partialCheckout'
2024-01-31 19:50:53.064 [DEBUG] [thread-id 1] - -------Validate Delivery cart details function end-------
2024-01-31 19:50:53.065 [DEBUG] [thread-id 1] - Executing function: 'us.functions.cart.verifyTotalAmount'
2024-01-31 19:50:53.070 [DEBUG] [thread-id 1] - Executing function: 'us.functions.utils.scrollIfNotVisible'
2024-01-31 19:51:02.369 [DEBUG] [thread-id 1] - Verify identifier: {//XCUIElementTypeStaticText[contains(@value, "Estimated Total")] | //XCUIElementTypeStaticText[contains(@value, "Estimated total")]=[true]}
2024-01-31 19:51:08.060 [DEBUG] [thread-id 1] - Element already visible, scrolling is skipped
2024-01-31 19:51:08.073 [DEBUG] [thread-id 1] - Resetting scrollPosition variable to default
2024-01-31 19:51:08.073 [DEBUG] [thread-id 1] - Store in: store the value 'null' in the variable 'scrollPosition'
2024-01-31 19:51:08.074 [DEBUG] [thread-id 1] - Store in: store the value 'null' in the variable 'identifierScope'
2024-01-31 19:51:08.074 [DEBUG] [thread-id 1] - Store in: store the value 'null' in the variable 'limit'
2024-01-31 19:51:17.086 [DEBUG] [thread-id 1] - Verify identifier: {//XCUIElementTypeStaticText[contains(@value, "Subtotal (1 item)")]=[true], //XCUIElementTypeStaticText[contains(@label,"Taxes")]=[true], //XCUIElementTypeStaticText[contains(@value, "Estimated Total")] | //XCUIElementTypeStaticText[contains(@value, "Estimated total")]=[true]}
2024-01-31 19:51:17.087 [DEBUG] [thread-id 1] - Executing function: 'us.functions.cart.verifyThresholdFeesDisplay'
2024-01-31 19:51:17.088 [DEBUG] [thread-id 1] - Executing function: 'us.functions.utils.scrollIfNotVisible'
2024-01-31 19:51:32.087 [DEBUG] [thread-id 1] - conditionally execute a flow. condition: true
2024-01-31 19:51:37.560 [DEBUG] [thread-id 1] - Store in: store the value '5' in the variable 'limit'
2024-01-31 19:51:43.171 [DEBUG] [thread-id 1] - Scroll limit set to 5
2024-01-31 19:51:49.039 [DEBUG] [thread-id 1] - conditionally execute a flow. condition: false
2024-01-31 19:51:54.830 [DEBUG] [thread-id 1] - conditionally execute a flow. condition: true
2024-01-31 19:52:00.732 [DEBUG] [thread-id 1] - Scroll: down
2024-01-31 19:52:44.553 [DEBUG] [thread-id 1] - Resetting scrollPosition variable to default
2024-01-31 19:52:44.553 [DEBUG] [thread-id 1] - Store in: store the value 'null' in the variable 'scrollPosition'
2024-01-31 19:52:44.554 [DEBUG] [thread-id 1] - Store in: store the value 'null' in the variable 'identifierScope'
2024-01-31 19:52:44.554 [DEBUG] [thread-id 1] - Store in: store the value 'null' in the variable 'limit'
2024-01-31 19:52:44.556 [DEBUG] [thread-id 1] - Executing function: 'us.functions.utils.fetchAmountDisplayed'
2024-01-31 19:52:44.557 [DEBUG] [thread-id 1] - Fetching only numeric value of given amount/count identifier
2024-01-31 19:52:44.558 [WARN] [thread-id 1] - variable attribute was used, but r2 could not find a value for this variable. returning default of null
2024-01-31 19:52:44.558 [DEBUG] [thread-id 1] - Attribute - null
2024-01-31 19:52:44.559 [WARN] [thread-id 1] - variable attribute was used, but r2 could not find a value for this variable. returning default of null
2024-01-31 19:52:44.560 [DEBUG] [thread-id 1] - conditionally execute a flow. condition: true
2024-01-31 19:52:54.781 [DEBUG] [thread-id 1] - get string: from '//*[@name="POSLineItemView.rightLabel" and contains(@label,"Subtotal")] | //*[@name="POSLineItemView.leftLabel" and contains(@label, "Subtotal") and not(contains(@label, "Old"))]' [type='null']
2024-01-31 19:52:54.819 [DEBUG] [thread-id 1] - Amount displayed value Subtotal (1 item), $21.48
2024-01-31 19:52:54.823 [DEBUG] [thread-id 1] - Execute Node: 'us/test/helpers/splitString.js'
2024-01-31 19:52:55.546 [DEBUG] [thread-id 1] - Execute Node: 'us/test/helpers/splitString.js'
2024-01-31 19:52:55.598 [DEBUG] [thread-id 1] - Store in: store the value 'null' in the variable 'attribute'
2024-01-31 19:52:55.598 [DEBUG] [thread-id 1] - Numeric amount value 21.48
2024-01-31 19:52:55.599 [DEBUG] [thread-id 1] - conditionally execute a flow. condition: false
2024-01-31 19:53:00.772 [DEBUG] [thread-id 1] - conditionally execute a flow. condition: true
2024-01-31 19:53:13.335 [DEBUG] [thread-id 1] - Verify identifier: {(//XCUIElementTypeStaticText[@name="POSLineItemView.rightLabel" and contains(@label, "$0")])=[true], //XCUIElementTypeStaticText[contains(@label, "walmart plus, No $35 order minimum fee")]=[true]}
2024-01-31 19:53:26.780 [DEBUG] [thread-id 1] - Verify identifier: {//XCUIElementTypeStaticText[contains(@value,"Below order minimum (less than $35)") or contains(@value,"below $35 order minimum")] | //XCUIElementTypeStaticText[contains(@label, "Below $35 order minimum fee")] | //XCUIElementTypeStaticText[contains(@value,"Express delivery")]=[true], //XCUIElementTypeStaticText[contains(@value,"Below order minimum (less than $35)")]//following-sibling::XCUIElementTypeStaticText | //XCUIElementTypeStaticText[contains(@value,"below $35 order minimum")]//following-sibling::XCUIElementTypeStaticText | //XCUIElementTypeStaticText[contains(@value,"Express delivery")]//following-sibling::XCUIElementTypeStaticText=[true]}
2024-01-31 19:53:32.190 [DEBUG] [thread-id 1] - Executing function: 'us.functions.utils.fetchAmountDisplayed'
2024-01-31 19:53:32.191 [DEBUG] [thread-id 1] - Fetching only numeric value of given amount/count identifier
2024-01-31 19:53:32.191 [DEBUG] [thread-id 1] - Attribute - value
2024-01-31 19:53:32.191 [DEBUG] [thread-id 1] - conditionally execute a flow. condition: false
2024-01-31 19:53:41.197 [DEBUG] [thread-id 1] - get string: from '//XCUIElementTypeStaticText[contains(@value,"Below order minimum (less than $35)")]//following-sibling::XCUIElementTypeStaticText | //XCUIElementTypeStaticText[contains(@value,"below $35 order minimum")]//following-sibling::XCUIElementTypeStaticText | //XCUIElementTypeStaticText[contains(@value,"Express delivery")]//following-sibling::XCUIElementTypeStaticText' [type='value']
2024-01-31 19:53:41.218 [DEBUG] [thread-id 1] - Amount displayed value $6.99
2024-01-31 19:53:41.219 [DEBUG] [thread-id 1] - Execute Node: 'us/test/helpers/splitString.js'
2024-01-31 19:53:41.291 [DEBUG] [thread-id 1] - Execute Node: 'us/test/helpers/splitString.js'
2024-01-31 19:53:41.371 [DEBUG] [thread-id 1] - Store in: store the value 'null' in the variable 'attribute'
2024-01-31 19:53:41.371 [DEBUG] [thread-id 1] - Numeric amount value 6.99
2024-01-31 19:53:46.585 [DEBUG] [thread-id 1] - conditionally execute a flow. condition: true
2024-01-31 19:53:52.014 [DEBUG] [thread-id 1] - Verified below order minimum fee is 6.99
2024-01-31 19:53:52.025 [DEBUG] [thread-id 1] - Executing function: 'us.functions.cart.continueToCheckout'
2024-01-31 19:53:55.855 [DEBUG] [thread-id 1] - Verify identifier: {//XCUIElementTypeButton[@name="CartPrimaryCTAButton"] | //XCUIElementTypeButton[@name="CartFinishButton"]=[true]}
2024-01-31 19:53:59.209 [DEBUG] [thread-id 1] - Click element: '//XCUIElementTypeButton[@name="CartPrimaryCTAButton"] | //XCUIElementTypeButton[@name="CartFinishButton"]'
2024-01-31 19:54:00.979 [DEBUG] [thread-id 1] - sleep:  5000 milliseconds
2024-01-31 19:54:29.233 [DEBUG] [thread-id 1] - sleep:  3000 milliseconds
2024-01-31 19:54:32.239 [DEBUG] [thread-id 1] - Executing function: 'us.functions.home.closeWPlusPromotionPopUpIfDisplayed'
2024-01-31 19:54:43.123 [DEBUG] [thread-id 1] - No Wplus pop up displayed
2024-01-31 19:54:43.132 [DEBUG] [thread-id 1] - Executing function: 'us.functions.cart.handleItemUpdatesBottomTray'
2024-01-31 19:54:49.932 [DEBUG] [thread-id 1] - No item update pop up
2024-01-31 19:54:49.936 [DEBUG] [thread-id 1] - Executing function: 'us.functions.utils.handleTechnicalErrorPopup'
2024-01-31 19:54:49.936 [DEBUG] [thread-id 1] - Store in: store the value 'false' in the variable 'errorRemoved'
2024-01-31 19:54:49.936 [DEBUG] [thread-id 1] - sleep:  5000 milliseconds
2024-01-31 19:54:54.942 [DEBUG] [thread-id 1] - loop: from 0 to 3
2024-01-31 19:54:56.623 [DEBUG] [thread-id 1] - 0
2024-01-31 19:55:09.332 [DEBUG] [thread-id 1] - conditionally execute a flow. condition: false
2024-01-31 19:55:11.250 [DEBUG] [thread-id 1] - Store in: store the value 'true' in the variable 'errorRemoved'
2024-01-31 19:55:13.258 [DEBUG] [thread-id 1] - No Technical Error Pop up observed
2024-01-31 19:55:15.180 [WARN] [thread-id 1] - variable errorDismissed was used, but r2 could not find a value for this variable. returning default of null
2024-01-31 19:55:15.928 [DEBUG] [thread-id 1] - conditionally execute a flow. condition: true
2024-01-31 19:55:17.826 [DEBUG] [thread-id 1] - Clicked on Checkout button successfully
2024-01-31 19:55:17.852 [DEBUG] [thread-id 1] - Executing function: 'us.functions.wplus.handle.SubstitutionPreferencePopup'
2024-01-31 19:55:28.749 [DEBUG] [thread-id 1] - Executing function: 'us.functions.checkout.reviewOrder.verifyCardDetails'
2024-01-31 19:55:28.750 [DEBUG] [thread-id 1] - Executing function: 'us.functions.utils.getFulfillmentTextsToCompare'
2024-01-31 19:55:28.750 [DEBUG] [thread-id 1] - conditionally execute a flow. condition: true
2024-01-31 19:55:30.394 [DEBUG] [thread-id 1] - conditionally execute a flow. condition: false
2024-01-31 19:55:32.053 [DEBUG] [thread-id 1] - conditionally execute a flow. condition: false
2024-01-31 19:55:33.709 [DEBUG] [thread-id 1] - conditionally execute a flow. condition: true
2024-01-31 19:55:35.341 [DEBUG] [thread-id 1] - Store in: store the value 'delivery' in the variable 'altFulfillmentText'
2024-01-31 19:55:35.364 [DEBUG] [thread-id 1] - -----------Delivery section validation start-----------
2024-01-31 19:55:35.364 [WARN] [thread-id 1] - variable initialCheckoutDataSetup was used, but r2 could not find a value for this variable. returning default of null
2024-01-31 19:55:35.365 [DEBUG] [thread-id 1] - conditionally execute a flow. condition: true
2024-01-31 19:55:37.202 [DEBUG] [thread-id 1] - sleep:  5000 milliseconds
2024-01-31 19:55:44.197 [DEBUG] [thread-id 1] - conditionally execute a flow. condition: true
2024-01-31 19:55:46.080 [DEBUG] [thread-id 1] - Review order page loaded successfully
2024-01-31 19:55:48.003 [DEBUG] [thread-id 1] - Store in: store the value 'complete' in the variable 'initialCheckoutDataSetup'
2024-01-31 19:55:48.018 [DEBUG] [thread-id 1] - conditionally execute a flow. condition: false
2024-01-31 19:55:49.950 [DEBUG] [thread-id 1] - conditionally execute a flow. condition: false
2024-01-31 19:55:51.697 [DEBUG] [thread-id 1] - conditionally execute a flow. condition: false
2024-01-31 19:55:53.418 [DEBUG] [thread-id 1] - conditionally execute a flow. condition: false
2024-01-31 19:55:55.082 [DEBUG] [thread-id 1] - Store in: store the value 'Delivery' in the variable 'viewType'
2024-01-31 19:55:55.107 [DEBUG] [thread-id 1] - Validating fulfillment section Delivery
2024-01-31 19:55:57.771 [DEBUG] [thread-id 1] - Verify identifier: {//*[(@name="FulfillmentTitleView.titlePrefixLabel" or @name="FulfillmentSummaryView.titlePrefixLabel") and (contains(@label, "Delivery") or contains(@label, "delivery"))] | //*[@name="FulfillmentSummaryView.detailLabel" and contains(@label, "Delivery")]=[true]}
2024-01-31 19:55:57.778 [DEBUG] [thread-id 1] - Validated basic fulfillment details
2024-01-31 19:55:57.779 [DEBUG] [thread-id 1] - conditionally execute a flow. condition: true
2024-01-31 19:56:02.328 [DEBUG] [thread-id 1] - Verify identifier: {//*[(@name="FulfillmentTitleView.titlePrefixLabel" or @name="FulfillmentSummaryView.titlePrefixLabel") and (contains(@label, "Delivery") or contains(@label, "delivery"))]//ancestor::*[@name="DeliveryViewController.titleView" or @name="DeliveryViewController.titleViewHolder"]//following-sibling::*[@name="DeliveryViewController.containerView"]//*[@name="FulfillmentSummaryView.nameLabel"]=[true], //*[(@name="FulfillmentTitleView.titlePrefixLabel" or @name="FulfillmentSummaryView.titlePrefixLabel") and (contains(@label, "Delivery") or contains(@label, "delivery"))]//ancestor::*[@name="DeliveryViewController.titleView" or @name="DeliveryViewController.titleViewHolder"]//following-sibling::*[@name="DeliveryViewController.containerView"]//*[@name="FulfillmentSummaryView.detailLabel"]=[true], //*[(@name="FulfillmentTitleView.titlePrefixLabel" or @name="FulfillmentSummaryView.titlePrefixLabel") and (contains(@label, "Delivery") or contains(@label, "delivery"))]//ancestor::*[@name="DeliveryViewController.titleView" or @name="DeliveryViewController.titleViewHolder"]//following-sibling::*[@name="DeliveryViewController.containerView"]//*[@name="FulfillmentProductGroupView.countLabel"] | //*[(@name="FulfillmentTitleView.titlePrefixLabel" or @name="FulfillmentSummaryView.titlePrefixLabel") and (contains(@label, "Delivery") or contains(@label, "delivery"))]//ancestor::*[@name="DeliveryViewController.titleView" or @name="DeliveryViewController.titleViewHolder"]//following-sibling::*[@name="DeliveryViewController.containerView"]//*[@name="FulfillmentProductGroupView.bodyLabel" and contains(@label,"item")]=[true]}
2024-01-31 19:56:03.982 [DEBUG] [thread-id 1] - Validated fulfillment time, name, address, item count and view link details
2024-01-31 19:56:05.687 [DEBUG] [thread-id 1] - conditionally execute a flow. condition: false
2024-01-31 19:56:07.393 [WARN] [thread-id 1] - variable expressSlot was used, but r2 could not find a value for this variable. returning default of null
2024-01-31 19:56:07.419 [DEBUG] [thread-id 1] - Store in: store the value 'null' in the variable 'altFulfillmentText'
2024-01-31 19:56:07.419 [DEBUG] [thread-id 1] - -----------Delivery section validation end-------------
2024-01-31 19:56:07.420 [DEBUG] [thread-id 1] - Executing function: 'us.functions.checkout.reviewOrder.verifyThresholdFee'
2024-01-31 19:56:07.420 [DEBUG] [thread-id 1] - Executing function: 'us.functions.utils.scrollIfNotVisible'
2024-01-31 19:56:11.851 [DEBUG] [thread-id 1] - conditionally execute a flow. condition: true
2024-01-31 19:56:13.679 [DEBUG] [thread-id 1] - Store in: store the value '5' in the variable 'limit'
2024-01-31 19:56:15.679 [DEBUG] [thread-id 1] - Scroll limit set to 5
2024-01-31 19:56:17.462 [DEBUG] [thread-id 1] - conditionally execute a flow. condition: false
2024-01-31 19:56:19.266 [DEBUG] [thread-id 1] - conditionally execute a flow. condition: true
2024-01-31 19:56:21.109 [DEBUG] [thread-id 1] - Scroll: down
2024-01-31 19:56:50.372 [DEBUG] [thread-id 1] - Resetting scrollPosition variable to default
2024-01-31 19:56:50.373 [DEBUG] [thread-id 1] - Store in: store the value 'null' in the variable 'scrollPosition'
2024-01-31 19:56:50.373 [DEBUG] [thread-id 1] - Store in: store the value 'null' in the variable 'identifierScope'
2024-01-31 19:56:50.373 [DEBUG] [thread-id 1] - Store in: store the value 'null' in the variable 'limit'
2024-01-31 19:56:50.376 [DEBUG] [thread-id 1] - Executing function: 'us.functions.utils.fetchAmountDisplayed'
2024-01-31 19:56:50.376 [DEBUG] [thread-id 1] - Fetching only numeric value of given amount/count identifier
2024-01-31 19:56:50.376 [DEBUG] [thread-id 1] - Attribute - label
2024-01-31 19:56:50.376 [DEBUG] [thread-id 1] - conditionally execute a flow. condition: false
2024-01-31 19:56:53.053 [DEBUG] [thread-id 1] - get string: from '//*[@name="POSLineItemView.rightLabel" and contains(@label,"Subtotal")] | //*[@name="POSLineItemView.leftLabel" and contains(@label, "Subtotal") and not(contains(@label, "Old"))]' [type='label']
2024-01-31 19:56:53.064 [DEBUG] [thread-id 1] - Amount displayed value Subtotal (1 item), $21.48
2024-01-31 19:56:53.064 [DEBUG] [thread-id 1] - Execute Node: 'us/test/helpers/splitString.js'
2024-01-31 19:56:53.123 [DEBUG] [thread-id 1] - Execute Node: 'us/test/helpers/splitString.js'
2024-01-31 19:56:53.171 [DEBUG] [thread-id 1] - Store in: store the value 'null' in the variable 'attribute'
2024-01-31 19:56:53.173 [DEBUG] [thread-id 1] - Numeric amount value 21.48
2024-01-31 19:56:53.173 [DEBUG] [thread-id 1] - conditionally execute a flow. condition: false
2024-01-31 19:56:54.661 [DEBUG] [thread-id 1] - conditionally execute a flow. condition: true
2024-01-31 19:56:57.672 [DEBUG] [thread-id 1] - Verify identifier: {(//XCUIElementTypeStaticText[@name="POSLineItemView.rightLabel" and contains(@label, "$0")])=[true], //XCUIElementTypeStaticText[contains(@label, "walmart plus, No $35 order minimum fee")]=[true]}
2024-01-31 19:57:01.468 [DEBUG] [thread-id 1] - Verify identifier: {//XCUIElementTypeStaticText[contains(@value,"Below order minimum (less than $35)")]//following-sibling::XCUIElementTypeStaticText | //XCUIElementTypeStaticText[contains(@label, "Express delivery")]//following-sibling::XCUIElementTypeStaticText=[true], //XCUIElementTypeStaticText[contains(@value,"Below order minimum (less than $35)")]|//XCUIElementTypeStaticText[contains(@label,"below $35 order minimum")] | //XCUIElementTypeStaticText[contains(@label, "Below $35 order minimum fee")] | //XCUIElementTypeStaticText[contains(@label, "Express delivery")]=[true]}
2024-01-31 19:57:03.031 [DEBUG] [thread-id 1] - Executing function: 'us.functions.utils.fetchAmountDisplayed'
2024-01-31 19:57:03.031 [DEBUG] [thread-id 1] - Fetching only numeric value of given amount/count identifier
2024-01-31 19:57:03.031 [DEBUG] [thread-id 1] - Attribute - value
2024-01-31 19:57:03.031 [DEBUG] [thread-id 1] - conditionally execute a flow. condition: false
2024-01-31 19:57:05.954 [DEBUG] [thread-id 1] - get string: from '//XCUIElementTypeStaticText[contains(@value,"Below order minimum (less than $35)")]//following-sibling::XCUIElementTypeStaticText | //XCUIElementTypeStaticText[contains(@label, "Express delivery")]//following-sibling::XCUIElementTypeStaticText' [type='value']
2024-01-31 19:57:06.032 [DEBUG] [thread-id 1] - Amount displayed value $6.99
2024-01-31 19:57:06.032 [DEBUG] [thread-id 1] - Execute Node: 'us/test/helpers/splitString.js'
2024-01-31 19:57:06.594 [DEBUG] [thread-id 1] - Execute Node: 'us/test/helpers/splitString.js'
2024-01-31 19:57:06.745 [DEBUG] [thread-id 1] - Store in: store the value 'null' in the variable 'attribute'
2024-01-31 19:57:06.746 [DEBUG] [thread-id 1] - Numeric amount value 6.99
2024-01-31 19:57:08.517 [DEBUG] [thread-id 1] - conditionally execute a flow. condition: true
2024-01-31 19:57:10.025 [DEBUG] [thread-id 1] - Verified below order minimum fee is 6.99
2024-01-31 19:57:10.056 [DEBUG] [thread-id 1] - Executing function: 'us.functions.tippingAndFeedback.driverTipAmountVerification.on.orderReviewPage'
2024-01-31 19:57:10.056 [DEBUG] [thread-id 1] - sleep:  2000 milliseconds
2024-01-31 19:57:12.064 [DEBUG] [thread-id 1] - Executing function: 'us.functions.checkout.reviewOrder.scrollToTopOfReviewOrder'
2024-01-31 19:57:12.066 [DEBUG] [thread-id 1] - Scrolling to top of review order page
2024-01-31 19:57:13.627 [DEBUG] [thread-id 1] - Verify identifier: {Review Order=[true]}
2024-01-31 19:57:13.628 [DEBUG] [thread-id 1] - Executing function: 'us.functions.utils.scrollIfNotVisible'
2024-01-31 19:57:17.937 [DEBUG] [thread-id 1] - conditionally execute a flow. condition: true
2024-01-31 19:57:19.445 [DEBUG] [thread-id 1] - Store in: store the value '5' in the variable 'limit'
2024-01-31 19:57:20.987 [DEBUG] [thread-id 1] - Scroll limit set to 5
2024-01-31 19:57:22.626 [DEBUG] [thread-id 1] - conditionally execute a flow. condition: true
2024-01-31 19:57:24.232 [DEBUG] [thread-id 1] - conditionally execute a flow. condition: true
2024-01-31 19:57:25.773 [DEBUG] [thread-id 1] - Scroll: up
2024-01-31 19:57:49.425 [DEBUG] [thread-id 1] - Resetting scrollPosition variable to default
2024-01-31 19:57:49.426 [DEBUG] [thread-id 1] - Store in: store the value 'null' in the variable 'scrollPosition'
2024-01-31 19:57:49.426 [DEBUG] [thread-id 1] - Store in: store the value 'null' in the variable 'identifierScope'
2024-01-31 19:57:49.426 [DEBUG] [thread-id 1] - Store in: store the value 'null' in the variable 'limit'
2024-01-31 19:57:49.426 [DEBUG] [thread-id 1] - conditionally execute a flow. condition: true
2024-01-31 19:57:51.291 [DEBUG] [thread-id 1] - Delivery Tip amount verification for Orders lessThan 35$, is in-Progress!!!
2024-01-31 19:58:04.438 [DEBUG] [thread-id 1] - conditionally execute a flow. condition: false
2024-01-31 19:58:06.124 [DEBUG] [thread-id 1] - The Driver Tip Section is Visible, Already!
2024-01-31 19:58:07.832 [DEBUG] [thread-id 1] - Scroll: down
2024-01-31 19:58:18.031 [DEBUG] [thread-id 1] - Verify identifier: {//XCUIElementTypeButton[@name="$6"]=[true], //XCUIElementTypeButton[@name="$4"]=[true], //XCUIElementTypeButton[@name="Custom tip"]=[true], //XCUIElementTypeButton[@name="$2"]=[true], //XCUIElementTypeButton[@name="$0"]=[true]}
2024-01-31 19:58:22.006 [DEBUG] [thread-id 1] - Click element: '//XCUIElementTypeButton[@name="$2"]'
2024-01-31 19:58:25.628 [DEBUG] [thread-id 1] - Verify identifier: {//XCUIElementTypeStaticText[@name="TippingContainerView.yourTipStaticLabel"]=[true]}
2024-01-31 19:58:28.246 [DEBUG] [thread-id 1] - Verify identifier: {//XCUIElementTypeStaticText[@name="TippingContainerView.selectedTipAmountLabel"]=[true]}
2024-01-31 19:58:29.925 [DEBUG] [thread-id 1] - sleep:  1000 milliseconds
2024-01-31 19:58:34.854 [DEBUG] [thread-id 1] - Click element: '//XCUIElementTypeButton[@name="$4"]'
2024-01-31 19:58:38.427 [DEBUG] [thread-id 1] - Verify identifier: {//XCUIElementTypeStaticText[@name="TippingContainerView.selectedTipAmountLabel"]=[true]}
2024-01-31 19:58:42.375 [DEBUG] [thread-id 1] - Click element: '//XCUIElementTypeButton[@name="$6"]'
2024-01-31 19:58:45.943 [DEBUG] [thread-id 1] - Verify identifier: {//XCUIElementTypeStaticText[@name="TippingContainerView.selectedTipAmountLabel"]=[true]}
2024-01-31 19:58:50.054 [DEBUG] [thread-id 1] - Click element: '//XCUIElementTypeButton[@name="$0"]'
2024-01-31 19:58:54.069 [DEBUG] [thread-id 1] - Verify identifier: {//XCUIElementTypeStaticText[@name="TippingContainerView.selectedTipAmountLabel"]=[true]}
2024-01-31 19:58:54.099 [WARN] [thread-id 1] - variable greaterThan35Dollars was used, but r2 could not find a value for this variable. returning default of null
2024-01-31 19:58:54.100 [DEBUG] [thread-id 1] - conditionally execute a flow. condition: true
2024-01-31 19:58:58.844 [DEBUG] [thread-id 1] - Click element: '//XCUIElementTypeOther[@name="TippingContainerView.customTipTextField"]//XCUIElementTypeTextField[contains(@name,"GlassTextField.textField")] | //XCUIElementTypeStaticText[@name="Custom"]'
2024-01-31 19:59:03.552 [DEBUG] [thread-id 1] - Enter text: '12'
2024-01-31 19:59:09.878 [DEBUG] [thread-id 1] - Click element: 'Done'
2024-01-31 19:59:14.480 [DEBUG] [thread-id 1] - Verify identifier: {//XCUIElementTypeStaticText[@name="TippingContainerView.selectedTipAmountLabel"]=[true]}
2024-01-31 19:59:16.162 [DEBUG] [thread-id 1] - Executing function: 'us.functions.utils.scrollIfNotVisible'
2024-01-31 19:59:21.616 [DEBUG] [thread-id 1] - conditionally execute a flow. condition: true
2024-01-31 19:59:23.270 [DEBUG] [thread-id 1] - Store in: store the value '5' in the variable 'limit'
2024-01-31 19:59:25.016 [DEBUG] [thread-id 1] - Scroll limit set to 5
2024-01-31 19:59:26.748 [DEBUG] [thread-id 1] - conditionally execute a flow. condition: false
2024-01-31 19:59:28.436 [DEBUG] [thread-id 1] - conditionally execute a flow. condition: true
2024-01-31 19:59:30.135 [DEBUG] [thread-id 1] - Scroll: down
2024-01-31 19:59:54.662 [DEBUG] [thread-id 1] - Resetting scrollPosition variable to default
2024-01-31 19:59:54.664 [DEBUG] [thread-id 1] - Store in: store the value 'null' in the variable 'scrollPosition'
2024-01-31 19:59:54.664 [DEBUG] [thread-id 1] - Store in: store the value 'null' in the variable 'identifierScope'
2024-01-31 19:59:54.664 [DEBUG] [thread-id 1] - Store in: store the value 'null' in the variable 'limit'
2024-01-31 20:00:00.218 [DEBUG] [thread-id 1] - Verify identifier: {//*[@name="POSLineItemView.rightLabel" and contains(@label,"Subtotal")] | //*[@name="POSLineItemView.leftLabel" and contains(@label, "Subtotal") and not(contains(@label, "Old"))]=[true], //XCUIElementTypeStaticText[contains(@label,"Estimated total") or contains(@label, "Estimated Total")]=[true], //XCUIElementTypeStaticText[contains(@value, "Estimated taxes")] | //XCUIElementTypeStaticText[contains(@value, "Estimated Taxes")] | //*[contains(@label,"Estimated taxes")]=[true], //XCUIElementTypeOther[contains(@name,"POSLineItemView.Storedeliverytip")]//XCUIElementTypeStaticText[@name="POSLineItemView.leftLabel"] | //XCUIElementTypeStaticText[@name="DriverTipViewController.tipLabel"] | //XCUIElementTypeOther[contains(@name,"POSLineItemView.Drivertip")]//XCUIElementTypeStaticText[@name="POSLineItemView.leftLabel"]=[true]}
2024-01-31 20:00:02.847 [DEBUG] [thread-id 1] - Verify identifier: {//XCUIElementTypeOther[contains(@name,"POSLineItemView.Storedeliverytip")]//XCUIElementTypeStaticText[@name="POSLineItemView.leftLabel"] | //XCUIElementTypeStaticText[@name="DriverTipViewController.tipLabel"] | //XCUIElementTypeOther[contains(@name,"POSLineItemView.Drivertip")]//XCUIElementTypeStaticText[@name="POSLineItemView.leftLabel"]=[true]}
2024-01-31 20:00:04.411 [DEBUG] [thread-id 1] - Diver tip is correctly displayed
2024-01-31 20:00:04.419 [DEBUG] [thread-id 1] - Store in: store the value 'passed' in the variable 'testStatus'
2024-01-31 20:00:05.932 [DEBUG] [thread-id 1] - Executing scenario: 'After'
2024-01-31 20:00:05.933 [DEBUG] [thread-id 1] - Executing function: 'us.functions.utils.afterSteps'
2024-01-31 20:00:05.935 [DEBUG] [thread-id 1] - conditionally execute a flow. condition: true
2024-01-31 20:00:07.420 [DEBUG] [thread-id 1] - Test passed
2024-01-31 20:00:07.456 [DEBUG] [thread-id 1] - Executing function: 'us.functions.utils.fetchExecutionTime'
2024-01-31 20:00:07.458 [DEBUG] [thread-id 1] - conditionally execute a flow. condition: true
2024-01-31 20:00:09.049 [DEBUG] [thread-id 1] - Timestamp: 1706760009049
2024-01-31 20:00:10.599 [DEBUG] [thread-id 1] - Arithmetic Operation: (1706760009049 - 1706758177671) / 1000 (value = 1831.378)
2024-01-31 20:00:10.600 [DEBUG] [thread-id 1] - Store in: store the value '1831.378' in the variable 'result'
2024-01-31 20:00:12.083 [DEBUG] [thread-id 1] - 1831.378
2024-01-31 20:00:13.643 [DEBUG] [thread-id 1] - Arithmetic Operation: 1831.378 / 60 (value = 30.52296666666666666666666666666667)
2024-01-31 20:00:13.643 [DEBUG] [thread-id 1] - Store in: store the value '30.52296666666666666666666666666667' in the variable 'result'
2024-01-31 20:00:15.156 [DEBUG] [thread-id 1] - 30.52296666666666666666666666666667
2024-01-31 20:00:16.684 [DEBUG] [thread-id 1] - Create file: './timestampData.txt' with string '30.52296666666666666666666666666667,'
2024-01-31 20:00:33.138 [DEBUG] [thread-id 1] - Created report: /Users/m0k0a2f/glass-automation/report/index.html
