2023-04-07 13:37:32.215 [ERROR] [thread-id 1] - java.lang.NullPointerException: null
2023-04-07 14:24:04.696 [ERROR] [thread-id 1] - java.lang.NullPointerException: null
2023-04-07 14:26:04.703 [DEBUG] [thread-id 1] - Executing R2 3.31.0: '/Users/m0k0a2f/glass-automation/./us/test/test-scripts/ios/golden-flows/PetRx-flows/post-transaction/C2669431-PetRX-Amends-user-Rejects-change.yaml' on device: 'iPhone 13'
2023-04-07 14:30:43.973 [DEBUG] [thread-id 1] - Executing scenario: 'Before'
2023-04-07 14:30:43.982 [DEBUG] [thread-id 1] - Execute before steps
2023-04-07 14:30:43.986 [DEBUG] [thread-id 1] - R2_SUBFLOW_PRE_TRANSACTION
2023-04-07 14:30:43.990 [DEBUG] [thread-id 1] - Executing function: 'us.functions.utils.astro.createOrder'
2023-04-07 14:30:43.990 [DEBUG] [thread-id 1] - Create order
2023-04-07 14:30:43.991 [DEBUG] [thread-id 1] - loop: from 0 to 5
2023-04-07 14:30:44.140 [DEBUG] [thread-id 1] - Store in: store the value 'null' in the variable 'errorCode'
2023-04-07 14:30:44.302 [DEBUG] [thread-id 1] - Store in: store the value 'null' in the variable 'orderCreationStatus'
2023-04-07 14:30:44.442 [DEBUG] [thread-id 1] - Call API: 'http://astro.walmart.com/api/v2/teflon/order'
2023-04-07 14:30:50.855 [DEBUG] [thread-id 1] - Response code is: '404'. Response body is: '{"astroStatus":"FAIL","astroDescription":"CART - ADD_TO_CART_ERROR 500.UP.GBAS.108","astroDetails":{"customerId":"85f4e7a3-099d-44af-9719-1b92bbd4d319","cartId":"2c64bfa5-ee12-465c-9da0-ee5173f3eddd","addToCartResponse":{"statusCode":206,"cart_correlation_id":"a4386353-7358-425c-990d-a8e2159c3b20","errors":{"dbSessionMap":{"CXO_CART_ST":"{\"mtoken\":\"2:14#182526539#2=197235418#8=117847667\"}","RESPONSE_TYPE":"OMNI_PROMISE"},"checkoutable":false,"cart":{"id":"2c64bfa5-ee12-465c-9da0-ee5173f3eddd","buyer":{"id":"85f4e7a3-099d-44af-9719-1b92bbd4d319","type":"CUSTOMER"},"storeIds":[],"itemCount":0,"entityErrors":[{"code":"out_of_stock","errorcode":"200.CART_SERVICE.5015","description":"No Sla Tier is available.","causes":[{"code":"500.UP.GBAS.108","description":"GBAS inventory not found."}],"USItemId":"1051886288","offerId":"8E06F342352D4D1DAF73033EC907C649","productSegment":"Health & Beauty","productType":"Prescription Medicines","hints":{}}],"shipping":{"id":"c36ff541-0b1f-47a4-84a9-9a3831315946","dbLockVersion":0,"firstName":"y","lastName":"a","addressId":"9de96525-3d58-4f3c-ba5b-b42a603ca470","postalCode":"75006","city":"Carrollton","state":"TX","countryCode":"USA","addressLineOne":"1420 Northridge Dr","latitude":32.982686,"longitude":-96.902592,"phone":"2184884848","deliveryInstructions":"","addressType":"RESIDENTIAL","isPOBox":false,"isAPOFPO":false,"lastModifiedDate":1675804222022},"currencyCode":"USD","preview":false,"tenantId":0,"verticalId":0,"checkoutableErrors":[],"intent":"DELIVERY","pickupStore":{"city":"San Jose","stateOrProvinceCode":"CA","countryCode":"USA","postalCode":"95122","storeId":"32144","services":[]},"deliveryStore":{"city":"San Jose","stateOrProvinceCode":"CA","countryCode":"USA","postalCode":"95122","storeId":"32144","services":[]},"mpStores":[],"fulfillmentPlans":[],"accessPoints":[],"reservations":[],"isExplicitIntent":true,"hasGiftEligibleItem":false,"marketPlacePickup":true,"warnings":[],"restrictions":[]},"lastModifiedTime":1680903050806,"cartVersion":2625,"isOmniPromiseResponse":true}},"astro_logs":[{"CART":{"fail":"CART - ADD_TO_CART_ERROR 500.UP.GBAS.108"}},{"CHECKOUT":{}}]}}'
2023-04-07 14:30:51.056 [DEBUG] [thread-id 1] - conditionally execute a flow. condition: false
2023-04-07 14:30:51.168 [DEBUG] [thread-id 1] - Failure in order creation. Retrying after 30 secs
2023-04-07 14:30:51.291 [DEBUG] [thread-id 1] - sleep:  30000 milliseconds
2023-04-07 14:31:34.751 [ERROR] [thread-id 1] - java.lang.NullPointerException: null
2023-04-07 14:34:02.946 [DEBUG] [thread-id 1] - Executing R2 3.31.0: '/Users/m0k0a2f/glass-automation/./us/test/test-scripts/ios/prod-flows/virtual-pack-flows/C2664759-flow-virtual-pack-checkout-prod-ios.yaml' on device: 'iPhone 13'
2023-04-07 14:35:46.724 [DEBUG] [thread-id 1] - Executing scenario: 'Before'
2023-04-07 14:35:46.729 [DEBUG] [thread-id 1] - VIRTUAL_PACK_CHECKOUT FLOW
2023-04-07 14:35:46.879 [DEBUG] [thread-id 1] - Using us-errors-helpers.yaml
2023-04-07 14:35:47.694 [DEBUG] [thread-id 1] - Verify identifier: {//*=[true]}
2023-04-07 14:35:47.695 [DEBUG] [thread-id 1] - Start Main
2023-04-07 14:35:47.699 [DEBUG] [thread-id 1] - Executing function: 'us.functions.global.onboarding.navigateOnboardingToHome'
2023-04-07 14:35:47.703 [DEBUG] [thread-id 1] - Executing function: 'us.function.utils.getEnvironmentValue'
2023-04-07 14:35:47.704 [DEBUG] [thread-id 1] - Store in: store the value 'production' in the variable 'env'
2023-04-07 14:35:47.866 [DEBUG] [thread-id 1] - Verify identifier: {//XCUIElementTypeStaticText[@name="WelcomeViewController.titleLabel"] | //XCUIElementTypeStaticText[@name="SignUpNudgeWelcomeViewController.titleLabel"]=[true]}
2023-04-07 14:35:57.970 [DEBUG] [thread-id 1] - conditionally execute a flow. condition: false
2023-04-07 14:35:58.241 [DEBUG] [thread-id 1] - Click element: '//XCUIElementTypeStaticText[@name="Continue"] | //XCUIElementTypeStaticText[@name="Next"] | //XCUIElementTypeStaticText[@name="Continue as guest"]'
2023-04-07 14:35:59.277 [DEBUG] [thread-id 1] - Verify identifier: {NotificationPermissionViewController.titleLabel=[true]}
2023-04-07 14:35:59.462 [DEBUG] [thread-id 1] - Click element: '//XCUIElementTypeStaticText[@name="Not now"] | //XCUIElementTypeButton[@name="cta.cancel.notifications"]'
2023-04-07 14:35:59.880 [DEBUG] [thread-id 1] - Verify identifier: {Share your location=[true]}
2023-04-07 14:35:59.940 [DEBUG] [thread-id 1] - Click element: 'Enter zip code'
2023-04-07 14:36:10.280 [DEBUG] [thread-id 1] - conditionally execute a flow. condition: false
2023-04-07 14:36:10.405 [DEBUG] [thread-id 1] - Observed personalizedScreen
2023-04-07 14:37:01.061 [DEBUG] [thread-id 1] - Executing function: 'us.functions.utils.tryAgainWhenThereIsError'
2023-04-07 14:37:01.090 [DEBUG] [thread-id 1] - loop: from 0 to 2
2023-04-07 14:37:01.230 [DEBUG] [thread-id 1] - 0
2023-04-07 14:37:11.529 [DEBUG] [thread-id 1] - conditionally execute a flow. condition: false
2023-04-07 14:37:11.725 [DEBUG] [thread-id 1] - Executing function: 'us.functions.onboarding.handleTechnicalErrorPage'
2023-04-07 14:37:11.726 [DEBUG] [thread-id 1] - sleep:  5000 milliseconds
2023-04-07 14:37:16.738 [DEBUG] [thread-id 1] - loop: from 0 to 4
2023-04-07 14:37:16.897 [DEBUG] [thread-id 1] - 0
2023-04-07 14:37:27.052 [DEBUG] [thread-id 1] - conditionally execute a flow. condition: false
2023-04-07 14:37:27.176 [DEBUG] [thread-id 1] - No Technical Error Page observed
2023-04-07 14:37:27.375 [DEBUG] [thread-id 1] - Executing function: 'us.functions.gic.collapseIfExpanded'
2023-04-07 14:37:37.538 [DEBUG] [thread-id 1] - conditionally execute a flow. condition: false
2023-04-07 14:37:37.654 [DEBUG] [thread-id 1] - gic is collapsed
2023-04-07 14:37:37.706 [DEBUG] [thread-id 1] - Executing function: 'us.functions.home.navigateHomeToSignIn'
2023-04-07 14:37:59.164 [DEBUG] [thread-id 1] - Main failed: Cannot click 'Account'
2023-04-07 14:37:59.345 [DEBUG] [thread-id 1] - Executing scenario: 'After'
2023-04-07 14:37:59.353 [DEBUG] [thread-id 1] - Executing function: 'us.functions.utils.afterSteps'
2023-04-07 14:37:59.361 [WARN] [thread-id 1] - variable testStatus was used, but r2 could not find a value for this variable. returning default of null
2023-04-07 14:37:59.409 [DEBUG] [thread-id 1] - conditionally execute a flow. condition: false
2023-04-07 14:37:59.534 [DEBUG] [thread-id 1] - Test failed
2023-04-07 14:37:59.691 [DEBUG] [thread-id 1] - Executing function: 'us.functions.utils.closeErrorAlertIfExists'
2023-04-07 14:38:15.050 [DEBUG] [thread-id 1] - Created report: /Users/m0k0a2f/glass-automation/report/index.html
2023-04-07 14:40:33.316 [DEBUG] [thread-id 1] - Executing R2 3.31.0: '/Users/m0k0a2f/glass-automation/./us/test/test-scripts/ios/prod-flows/virtual-pack-flows/C2664759-flow-virtual-pack-checkout-prod-ios.yaml' on device: 'iPhone 13'
2023-04-07 14:41:23.261 [DEBUG] [thread-id 1] - Executing scenario: 'Before'
2023-04-07 14:41:23.266 [DEBUG] [thread-id 1] - VIRTUAL_PACK_CHECKOUT FLOW
2023-04-07 14:41:23.429 [DEBUG] [thread-id 1] - Using us-errors-helpers.yaml
2023-04-07 14:41:24.231 [DEBUG] [thread-id 1] - Verify identifier: {//*=[true]}
2023-04-07 14:41:24.233 [DEBUG] [thread-id 1] - Start Main
2023-04-07 14:41:24.236 [DEBUG] [thread-id 1] - Executing function: 'us.functions.global.onboarding.navigateOnboardingToHome'
2023-04-07 14:41:24.240 [DEBUG] [thread-id 1] - Executing function: 'us.function.utils.getEnvironmentValue'
2023-04-07 14:41:24.242 [DEBUG] [thread-id 1] - Store in: store the value 'production' in the variable 'env'
2023-04-07 14:41:24.426 [DEBUG] [thread-id 1] - Verify identifier: {//XCUIElementTypeStaticText[@name="WelcomeViewController.titleLabel"] | //XCUIElementTypeStaticText[@name="SignUpNudgeWelcomeViewController.titleLabel"]=[true]}
2023-04-07 14:41:34.444 [DEBUG] [thread-id 1] - conditionally execute a flow. condition: false
2023-04-07 14:41:34.705 [DEBUG] [thread-id 1] - Click element: '//XCUIElementTypeStaticText[@name="Continue"] | //XCUIElementTypeStaticText[@name="Next"] | //XCUIElementTypeStaticText[@name="Continue as guest"]'
2023-04-07 14:41:35.521 [DEBUG] [thread-id 1] - Verify identifier: {NotificationPermissionViewController.titleLabel=[true]}
2023-04-07 14:41:35.707 [DEBUG] [thread-id 1] - Click element: '//XCUIElementTypeStaticText[@name="Not now"] | //XCUIElementTypeButton[@name="cta.cancel.notifications"]'
2023-04-07 14:41:36.103 [DEBUG] [thread-id 1] - Verify identifier: {Share your location=[true]}
2023-04-07 14:41:36.162 [DEBUG] [thread-id 1] - Click element: 'Enter zip code'
2023-04-07 14:41:46.445 [DEBUG] [thread-id 1] - conditionally execute a flow. condition: false
2023-04-07 14:41:46.564 [DEBUG] [thread-id 1] - Observed personalizedScreen
2023-04-07 14:42:38.900 [DEBUG] [thread-id 1] - Executing function: 'us.functions.utils.tryAgainWhenThereIsError'
2023-04-07 14:42:38.922 [DEBUG] [thread-id 1] - loop: from 0 to 2
2023-04-07 14:42:39.228 [DEBUG] [thread-id 1] - 0
2023-04-07 14:42:49.775 [DEBUG] [thread-id 1] - conditionally execute a flow. condition: false
2023-04-07 14:42:50.096 [DEBUG] [thread-id 1] - Executing function: 'us.functions.onboarding.handleTechnicalErrorPage'
2023-04-07 14:42:50.096 [DEBUG] [thread-id 1] - sleep:  5000 milliseconds
2023-04-07 14:42:55.100 [DEBUG] [thread-id 1] - loop: from 0 to 4
2023-04-07 14:42:55.389 [DEBUG] [thread-id 1] - 0
2023-04-07 14:43:05.669 [DEBUG] [thread-id 1] - conditionally execute a flow. condition: false
2023-04-07 14:43:05.932 [DEBUG] [thread-id 1] - No Technical Error Page observed
2023-04-07 14:43:06.248 [DEBUG] [thread-id 1] - Executing function: 'us.functions.gic.collapseIfExpanded'
2023-04-07 14:43:16.737 [DEBUG] [thread-id 1] - conditionally execute a flow. condition: false
2023-04-07 14:43:16.990 [DEBUG] [thread-id 1] - gic is collapsed
2023-04-07 14:43:17.024 [DEBUG] [thread-id 1] - Executing function: 'us.functions.home.navigateHomeToSignIn'
2023-04-07 14:43:17.469 [DEBUG] [thread-id 1] - Click element: 'Account'
2023-04-07 14:43:17.821 [DEBUG] [thread-id 1] - sleep:  3000 milliseconds
2023-04-07 14:43:21.478 [DEBUG] [thread-id 1] - Verify identifier: {//XCUIElementTypeButton[@name="Account.SignInButton"] | //XCUIElementTypeButton[@name="HeaderView.loginButton"] | //XCUIElementTypeButton[@label="SignInYourAccountTableViewCell.signInButton"] | //XCUIElementTypeButton[@label="Sign in"] | //XCUIElementTypeButton[@label="Sign in or create an account"]=[true]}
2023-04-07 14:43:21.482 [DEBUG] [thread-id 1] - loop: from 1 to 3
2023-04-07 14:43:22.344 [DEBUG] [thread-id 1] - conditionally execute a flow. condition: true
2023-04-07 14:43:23.179 [DEBUG] [thread-id 1] - Click element: '//XCUIElementTypeButton[@name="Account.SignInButton"] | //XCUIElementTypeButton[@name="HeaderView.loginButton"] | //XCUIElementTypeButton[@label="SignInYourAccountTableViewCell.signInButton"] | //XCUIElementTypeButton[@label="Sign in"] | //XCUIElementTypeButton[@label="Sign in or create an account"]'
2023-04-07 14:43:24.077 [DEBUG] [thread-id 1] - sleep:  3000 milliseconds
2023-04-07 14:43:27.829 [DEBUG] [thread-id 1] - conditionally execute a flow. condition: true
2023-04-07 14:43:28.220 [DEBUG] [thread-id 1] - Store in: store the value 'true' in the variable 'signInValidated'
2023-04-07 14:43:28.643 [DEBUG] [thread-id 1] - conditionally execute a flow. condition: true
2023-04-07 14:43:29.015 [DEBUG] [thread-id 1] - SignIn page loaded
2023-04-07 14:43:29.399 [DEBUG] [thread-id 1] - Store in: store the value 'false' in the variable 'signInValidated'
2023-04-07 14:43:29.421 [DEBUG] [thread-id 1] - Executing function: 'us.functions.global.authentication.signInAccount'
2023-04-07 14:43:29.425 [WARN] [thread-id 1] - variable validateSignInPage was used, but r2 could not find a value for this variable. returning default of null
2023-04-07 14:43:29.429 [DEBUG] [thread-id 1] - Executing function: 'us.functions.global.authentication.dismissSelectSavedPasswordDialog'
2023-04-07 14:43:40.008 [DEBUG] [thread-id 1] - Verify identifier: {//XCUIElementTypeTextField=[true]}
2023-04-07 14:43:40.362 [DEBUG] [thread-id 1] - Enter text: 'prod.ios.flowvpcprod@gmail.com'
2023-04-07 14:43:47.849 [DEBUG] [thread-id 1] - conditionally execute a flow. condition: true
2023-04-07 14:43:49.089 [DEBUG] [thread-id 1] - loop: from 1 to 3
2023-04-07 14:43:50.295 [DEBUG] [thread-id 1] - sleep:  3000 milliseconds
2023-04-07 14:43:55.391 [DEBUG] [thread-id 1] - conditionally execute a flow. condition: true
2023-04-07 14:43:57.459 [DEBUG] [thread-id 1] - Click element: '//XCUIElementTypeButton[@name="SignInView.ctaButton" or @name="WelcomeView.ctaButton"]'
2023-04-07 14:43:59.687 [DEBUG] [thread-id 1] - conditionally execute a flow. condition: true
2023-04-07 14:44:00.914 [DEBUG] [thread-id 1] - Store in: store the value 'true' in the variable 'signInValidated'
2023-04-07 14:44:03.423 [DEBUG] [thread-id 1] - conditionally execute a flow. condition: true
2023-04-07 14:44:04.640 [DEBUG] [thread-id 1] - Store in: store the value 'false' in the variable 'signInValidated'
2023-04-07 14:44:05.868 [DEBUG] [thread-id 1] - Email entered
2023-04-07 14:44:05.904 [WARN] [thread-id 1] - variable validateSignInPage was used, but r2 could not find a value for this variable. returning default of null
2023-04-07 14:44:05.911 [DEBUG] [thread-id 1] - loop: from 1 to 3
2023-04-07 14:44:07.126 [DEBUG] [thread-id 1] - sleep:  2000 milliseconds
2023-04-07 14:44:10.866 [DEBUG] [thread-id 1] - conditionally execute a flow. condition: true
2023-04-07 14:44:12.534 [DEBUG] [thread-id 1] - Enter text: 'E2epassword$'
2023-04-07 14:44:16.615 [DEBUG] [thread-id 1] - sleep:  1000 milliseconds
2023-04-07 14:44:19.860 [DEBUG] [thread-id 1] - Click element: '//XCUIElementTypeStaticText[@name="Sign in"] | //XCUIElementTypeButton[@label="Sign In" or @label="Sign in"] | //XCUIElementTypeButton[@name="OtpView.ctaButton"] | //XCUIElementTypeButton[@label="Sign in or create an account"]'
2023-04-07 14:44:28.934 [DEBUG] [thread-id 1] - sleep:  2000 milliseconds
2023-04-07 14:44:44.124 [DEBUG] [thread-id 1] - Hide keyboard: 'true'
2023-04-07 14:44:48.493 [DEBUG] [thread-id 1] - conditionally execute a flow. condition: true
2023-04-07 14:44:49.791 [DEBUG] [thread-id 1] - Store in: store the value 'true' in the variable 'signInValidated'
2023-04-07 14:44:51.121 [DEBUG] [thread-id 1] - conditionally execute a flow. condition: true
2023-04-07 14:44:52.424 [DEBUG] [thread-id 1] - Account signed in
2023-04-07 14:44:52.922 [DEBUG] [thread-id 1] - conditionally execute a flow. condition: true
2023-04-07 14:44:54.816 [DEBUG] [thread-id 1] - Click element: '//XCUIElementTypeButton[@name="Don’t Allow"] | //XCUIElementTypeButton[@name="Don’t Allow"]'
2023-04-07 14:44:55.557 [DEBUG] [thread-id 1] - Executing function: 'us.functions.utils.handleCartMergePopup'
2023-04-07 14:44:55.558 [DEBUG] [thread-id 1] - sleep:  7000 milliseconds
2023-04-07 14:45:02.562 [DEBUG] [thread-id 1] - loop: from 0 to 4
2023-04-07 14:45:03.493 [DEBUG] [thread-id 1] - 0
2023-04-07 14:45:36.584 [DEBUG] [thread-id 1] - conditionally execute a flow. condition: false
2023-04-07 14:45:37.404 [DEBUG] [thread-id 1] - No Technical Error Page observed
2023-04-07 14:45:38.197 [DEBUG] [thread-id 1] - Executing function: 'us.functions.global.navigation.accountToHome'
2023-04-07 14:45:38.910 [DEBUG] [thread-id 1] - Click element: '//XCUIElementTypeButton[@name="Shop"] |  //XCUIElementTypeButton[@name="Home"]'
2023-04-07 14:45:39.283 [DEBUG] [thread-id 1] - Executing function: 'us.functions.home.closeWPlusPromotionPopUpIfDisplayed'
2023-04-07 14:45:39.283 [DEBUG] [thread-id 1] - sleep:  5000 milliseconds
2023-04-07 14:45:55.044 [DEBUG] [thread-id 1] - Verify identifier: {//XCUIElementTypeSearchField[@name="Search Walmart"] | //XCUIElementTypeOther[@name="Search Walmart"]/XCUIElementTypeOther | //XCUIElementTypeOther[@name="Search Walmart"]=[true]}
2023-04-07 14:45:55.049 [DEBUG] [thread-id 1] - Executing function: 'us.functions.global.navigation.toCartFromNavBar'
2023-04-07 14:45:55.562 [DEBUG] [thread-id 1] - Verify identifier: {//XCUIElementTypeNavigationBar[@name="Shop"]/XCUIElementTypeButton | //XCUIElementTypeButton[contains(@label, "Your cart")] | //XCUIElementTypeButton[(@name="SearchResultsViewController.cartButton") or (contains(@label,"Your cart contains") and contains(@label,"The estimated total is")) or (@label="Your cart is empty")]=[true]}
2023-04-07 14:45:56.073 [DEBUG] [thread-id 1] - Click element: '//XCUIElementTypeNavigationBar[@name="Shop"]/XCUIElementTypeButton | //XCUIElementTypeButton[contains(@label, "Your cart")] | //XCUIElementTypeButton[(@name="SearchResultsViewController.cartButton") or (contains(@label,"Your cart contains") and contains(@label,"The estimated total is")) or (@label="Your cart is empty")]'
2023-04-07 14:46:00.374 [DEBUG] [thread-id 1] - Verify identifier: {Cart=[true]}
2023-04-07 14:46:00.375 [DEBUG] [thread-id 1] - Executing function: 'us.functions.utils.handleTechnicalErrorPageInCart'
2023-04-07 14:46:00.375 [DEBUG] [thread-id 1] - sleep:  15000 milliseconds
2023-04-07 14:46:15.399 [DEBUG] [thread-id 1] - Store in: store the value 'false' in the variable 'cartPageLoaded'
2023-04-07 14:46:15.402 [DEBUG] [thread-id 1] - loop: from 0 to 7
2023-04-07 14:46:16.320 [DEBUG] [thread-id 1] - 0
2023-04-07 14:46:17.242 [DEBUG] [thread-id 1] - conditionally execute a flow. condition: true
2023-04-07 14:46:18.927 [DEBUG] [thread-id 1] - conditionally execute a flow. condition: true
2023-04-07 14:46:19.794 [DEBUG] [thread-id 1] - Store in: store the value 'true' in the variable 'cartPageLoaded'
2023-04-07 14:46:31.208 [DEBUG] [thread-id 1] - conditionally execute a flow. condition: false
2023-04-07 14:46:44.308 [DEBUG] [thread-id 1] - conditionally execute a flow. condition: false
2023-04-07 14:46:45.199 [DEBUG] [thread-id 1] - conditionally execute a flow. condition: true
2023-04-07 14:46:46.073 [DEBUG] [thread-id 1] - Cart page loaded successfully
2023-04-07 14:46:46.094 [DEBUG] [thread-id 1] - Executing function: 'us.functions.cart.removeAllCartItems'
2023-04-07 14:46:46.097 [DEBUG] [thread-id 1] - Executing function: 'us.functions.cart.seeDetails'
2023-04-07 14:46:46.099 [DEBUG] [thread-id 1] - loop: from 0 to 3
2023-04-07 14:46:46.995 [DEBUG] [thread-id 1] - 0
2023-04-07 14:46:59.095 [DEBUG] [thread-id 1] - conditionally execute a flow. condition: false
2023-04-07 14:46:59.972 [DEBUG] [thread-id 1] - No See details in Cart
2023-04-07 14:47:00.952 [DEBUG] [thread-id 1] - loop: from 0 to 5
2023-04-07 14:47:01.827 [DEBUG] [thread-id 1] - 0
2023-04-07 14:47:13.918 [DEBUG] [thread-id 1] - conditionally execute a flow. condition: false
2023-04-07 14:47:14.799 [DEBUG] [thread-id 1] - No Items in Cart to Remove
2023-04-07 14:47:15.776 [DEBUG] [thread-id 1] - Executing function: 'us.functions.cart.removeUnavailableItemsFromCart'
2023-04-07 14:47:26.418 [DEBUG] [thread-id 1] - Executing function: 'us.functions.global.navigation.backNavigation'
2023-04-07 14:47:26.418 [DEBUG] [thread-id 1] - sleep:  3000 milliseconds
2023-04-07 14:47:33.453 [DEBUG] [thread-id 1] - Click element: '//XCUIElementTypeButton[@name="Back" or @label="Back"] | //XCUIElementTypeButton[@name="Shop"] | //XCUIElementTypeButton[@name="Home"]| //XCUIElementTypeButton[@name="Registries"] | //XCUIElementTypeButton[@name="My Items"]'
2023-04-07 14:47:33.892 [DEBUG] [thread-id 1] - Executing function: 'us.functions.search.searchItem'
2023-04-07 14:47:35.029 [DEBUG] [thread-id 1] - Verify identifier: {Search=[true]}
2023-04-07 14:47:35.136 [DEBUG] [thread-id 1] - Click element: 'Search'
2023-04-07 14:47:45.956 [DEBUG] [thread-id 1] - Verify identifier: {//XCUIElementTypeSearchField[@name="Search Walmart"] | //XCUIElementTypeOther[@name="Search Walmart"]/XCUIElementTypeOther | //XCUIElementTypeOther[@name="Search Walmart"]=[true]}
2023-04-07 14:47:49.357 [DEBUG] [thread-id 1] - Click element: '//XCUIElementTypeSearchField[@name="Search Walmart"] | //XCUIElementTypeOther[@name="Search Walmart"]/XCUIElementTypeOther | //XCUIElementTypeOther[@name="Search Walmart"]'
2023-04-07 14:47:50.175 [DEBUG] [thread-id 1] - Enter text: '976818459'
2023-04-07 14:47:58.525 [DEBUG] [thread-id 1] - Executing function: 'us.functions.search.closeHowDoYouWantYourOrderBottomTray'
2023-04-07 14:47:58.526 [DEBUG] [thread-id 1] - sleep:  5000 milliseconds
2023-04-07 14:48:04.132 [DEBUG] [thread-id 1] - conditionally execute a flow. condition: true
2023-04-07 14:48:05.077 [DEBUG] [thread-id 1] - Click element: '//XCUIElementTypeButton[@name="Close"] | Close'
2023-04-07 14:48:15.531 [DEBUG] [thread-id 1] - Executing function: 'us.functions.utils.scrollIfNotVisible'
2023-04-07 14:48:16.363 [DEBUG] [thread-id 1] - Verify identifier: {(//XCUIElementTypeButton[@name="GlassProductTile.mainStackView"])[1] | //XCUIElementTypeOther[contains(@name,"ProductImageView.stackView")] | //*[contains(@name,"ProductSectionCoordinator_searchPrimaryProductCell")] | //XCUIElementTypeCell[contains(@name,"ProductSectionCoordinator_searchPrimaryProductCell_indexPath")] | (//XCUIElementTypeOther[@name="ProductImageView.stackView"])[1]=[true]}
2023-04-07 14:48:16.829 [DEBUG] [thread-id 1] - Element already visible, scrolling is skipped
2023-04-07 14:48:16.848 [DEBUG] [thread-id 1] - Resetting scrollPosition variable to default
2023-04-07 14:48:16.850 [DEBUG] [thread-id 1] - Store in: store the value 'null' in the variable 'scrollPosition'
2023-04-07 14:48:16.851 [DEBUG] [thread-id 1] - Store in: store the value 'null' in the variable 'identifierScope'
2023-04-07 14:48:17.205 [DEBUG] [thread-id 1] - Verify identifier: {(//XCUIElementTypeButton[@name="GlassProductTile.mainStackView"])[1] | //XCUIElementTypeOther[contains(@name,"ProductImageView.stackView")] | //*[contains(@name,"ProductSectionCoordinator_searchPrimaryProductCell")] | //XCUIElementTypeCell[contains(@name,"ProductSectionCoordinator_searchPrimaryProductCell_indexPath")] | (//XCUIElementTypeOther[@name="ProductImageView.stackView"])[1]=[true]}
2023-04-07 14:48:17.206 [DEBUG] [thread-id 1] - Executing function: 'us.functions.search.clickOnFirstItem'
2023-04-07 14:48:17.207 [DEBUG] [thread-id 1] - sleep:  10000 milliseconds
2023-04-07 14:48:27.220 [WARN] [thread-id 1] - variable subFilter was used, but r2 could not find a value for this variable. returning default of null
2023-04-07 14:48:27.241 [DEBUG] [thread-id 1] - conditionally execute a flow. condition: false
2023-04-07 14:48:27.659 [DEBUG] [thread-id 1] - Executing function: 'us.functions.utils.scrollIfNotVisible'
2023-04-07 14:48:28.461 [DEBUG] [thread-id 1] - Verify identifier: {(//XCUIElementTypeButton[@name="GlassProductTile.mainStackView"])[1] | //XCUIElementTypeOther[contains(@name,"ProductImageView.stackView")] | //*[contains(@name,"ProductSectionCoordinator_searchPrimaryProductCell")] | //XCUIElementTypeCell[contains(@name,"ProductSectionCoordinator_searchPrimaryProductCell_indexPath")] | (//XCUIElementTypeOther[@name="ProductImageView.stackView"])[1]=[true]}
2023-04-07 14:48:28.864 [DEBUG] [thread-id 1] - Element already visible, scrolling is skipped
2023-04-07 14:48:28.876 [DEBUG] [thread-id 1] - Resetting scrollPosition variable to default
2023-04-07 14:48:28.876 [DEBUG] [thread-id 1] - Store in: store the value 'null' in the variable 'scrollPosition'
2023-04-07 14:48:28.876 [DEBUG] [thread-id 1] - Store in: store the value 'null' in the variable 'identifierScope'
2023-04-07 14:48:29.632 [DEBUG] [thread-id 1] - Verify identifier: {(//XCUIElementTypeButton[@name="GlassProductTile.mainStackView"])[1] | //XCUIElementTypeOther[contains(@name,"ProductImageView.stackView")] | //*[contains(@name,"ProductSectionCoordinator_searchPrimaryProductCell")] | //XCUIElementTypeCell[contains(@name,"ProductSectionCoordinator_searchPrimaryProductCell_indexPath")] | (//XCUIElementTypeOther[@name="ProductImageView.stackView"])[1]=[true]}
2023-04-07 14:48:30.392 [DEBUG] [thread-id 1] - Click element: '(//XCUIElementTypeButton[@name="GlassProductTile.mainStackView"])[1] | //XCUIElementTypeOther[contains(@name,"ProductImageView.stackView")] | //*[contains(@name,"ProductSectionCoordinator_searchPrimaryProductCell")] | //XCUIElementTypeCell[contains(@name,"ProductSectionCoordinator_searchPrimaryProductCell_indexPath")] | (//XCUIElementTypeOther[@name="ProductImageView.stackView"])[1]'
2023-04-07 14:48:32.010 [DEBUG] [thread-id 1] - check if item details page is showing
2023-04-07 14:48:32.041 [DEBUG] [thread-id 1] - sleep:  10000 milliseconds
2023-04-07 14:48:47.824 [DEBUG] [thread-id 1] - conditionally execute a flow. condition: true
2023-04-07 14:48:55.690 [DEBUG] [thread-id 1] - Verify identifier: {(//XCUIElementTypeButton[@name="stepper.mainButton"])[1] | //XCUIElementTypeOther[@name="stepper.addToCartButton"] | (//XCUIElementTypeOther[contains(@name,"GlassStepperView.inner")]) | //XCUIElementTypeButton[@name="stepper.mainButton"]=[true]}
2023-04-07 14:48:55.791 [DEBUG] [thread-id 1] - Executing function: 'us.functions.item.selectVirtualPack'
2023-04-07 14:48:55.810 [DEBUG] [thread-id 1] - conditionally execute a flow. condition: true
2023-04-07 14:48:58.171 [DEBUG] [thread-id 1] - Scroll: down
2023-04-07 14:49:09.591 [DEBUG] [thread-id 1] - sleep:  3000 milliseconds
2023-04-07 14:49:17.335 [DEBUG] [thread-id 1] - Verify identifier: {//XCUIElementTypeButton[@name="VariantTileView_multipack_quantity_variantTitle0"]=[true]}
2023-04-07 14:49:19.680 [DEBUG] [thread-id 1] - Button present
2023-04-07 14:49:24.358 [DEBUG] [thread-id 1] - Click element: '//XCUIElementTypeButton[@name="VariantTileView_multipack_quantity_variantTitle0"]'
2023-04-07 14:49:25.287 [DEBUG] [thread-id 1] - conditionally execute a flow. condition: false
2023-04-07 14:49:25.747 [DEBUG] [thread-id 1] - Multi Pack Button not present
2023-04-07 14:49:25.763 [DEBUG] [thread-id 1] - Executing function: 'us.functions.item.addItemToCart'
2023-04-07 14:49:25.766 [DEBUG] [thread-id 1] - Executing function: 'us.functions.item.preAddToCartSteps'
2023-04-07 14:49:30.028 [DEBUG] [thread-id 1] - sleep:  2000 milliseconds
2023-04-07 14:49:36.865 [DEBUG] [thread-id 1] - Verify identifier: {//XCUIElementTypeOther[@name="AddToCartView.priceContainer"]/following-sibling::XCUIElementTypeOther//XCUIElementTypeButton[@name="stepper.mainButton"]/XCUIElementTypeStaticText | //XCUIElementTypeButton[@name="Buy now"]/following-sibling::XCUIElementTypeOther//XCUIElementTypeButton[@name="stepper.mainButton"]/XCUIElementTypeStaticText=[true]}
2023-04-07 14:49:41.541 [DEBUG] [thread-id 1] - Click element: '//XCUIElementTypeButton[@name="stepper.decrementButton"]'
2023-04-07 14:49:44.764 [DEBUG] [thread-id 1] - sleep:  2000 milliseconds
2023-04-07 14:49:46.810 [DEBUG] [thread-id 1] - Executing function: 'us.functions.item.validateAndClickAddToCartButton'
2023-04-07 14:49:49.156 [DEBUG] [thread-id 1] - conditionally execute a flow. condition: true
2023-04-07 14:49:51.471 [DEBUG] [thread-id 1] - ATC button present
2023-04-07 14:49:56.767 [DEBUG] [thread-id 1] - Click element: '(//XCUIElementTypeButton[@name="stepper.mainButton"])[1] | //XCUIElementTypeOther[@name="stepper.addToCartButton"] | (//XCUIElementTypeOther[contains(@name,"GlassStepperView.inner")]) | //XCUIElementTypeButton[@name="stepper.mainButton"]'
2023-04-07 14:49:57.674 [DEBUG] [thread-id 1] - sleep:  3000 milliseconds
2023-04-07 14:50:00.706 [WARN] [thread-id 1] - variable skipPostAddToCartSteps was used, but r2 could not find a value for this variable. returning default of null
2023-04-07 14:50:00.711 [DEBUG] [thread-id 1] - conditionally execute a flow. condition: true
2023-04-07 14:50:04.046 [DEBUG] [thread-id 1] - Executing function: 'us.functions.item.postAddToCartSteps'
2023-04-07 14:50:07.630 [DEBUG] [thread-id 1] - conditionally execute a flow. condition: true
2023-04-07 14:50:14.215 [DEBUG] [thread-id 1] - conditionally execute a flow. condition: true
2023-04-07 14:50:20.821 [DEBUG] [thread-id 1] - Click element: '//XCUIElementTypeButton[@name="Close"]'
2023-04-07 14:50:22.110 [WARN] [thread-id 1] - variable closeButtonNotDisplayed was used, but r2 could not find a value for this variable. returning default of null
2023-04-07 14:50:22.112 [DEBUG] [thread-id 1] - conditionally execute a flow. condition: false
2023-04-07 14:50:24.453 [DEBUG] [thread-id 1] - Executing function: 'us.functions.item.handlePAC'
2023-04-07 14:50:24.453 [DEBUG] [thread-id 1] - sleep:  5000 milliseconds
2023-04-07 14:50:43.427 [DEBUG] [thread-id 1] - sleep:  1000 milliseconds
2023-04-07 14:50:46.828 [WARN] [thread-id 1] - variable qty was used, but r2 could not find a value for this variable. returning default of null
2023-04-07 14:50:46.829 [WARN] [thread-id 1] - variable qty was used, but r2 could not find a value for this variable. returning default of null
2023-04-07 14:50:49.261 [DEBUG] [thread-id 1] - Verify identifier: {//XCUIElementTypeStaticText[@name="1 added"]| //XCUIElementTypeOther[@name="add-to-cart-button"] | //XCUIElementTypeStaticText[@label="null"] | Max 1=[true]}
2023-04-07 14:51:02.183 [DEBUG] [thread-id 1] - Executing function: 'us.functions.item.closeItemPage'
2023-04-07 14:51:02.195 [DEBUG] [thread-id 1] - conditionally execute a flow. condition: true
2023-04-07 14:51:07.946 [DEBUG] [thread-id 1] - Click element: 'ItemDetailsViewController_itemDetailCloseButton'
2023-04-07 14:51:10.492 [DEBUG] [thread-id 1] - Verify identifier: {TitleView_productTitle=[true]}
2023-04-07 14:51:10.493 [DEBUG] [thread-id 1] - sleep:  3000 milliseconds
2023-04-07 14:51:13.498 [DEBUG] [thread-id 1] - Verify identifier: {Your cart is empty=[true]}
2023-04-07 14:51:13.499 [DEBUG] [thread-id 1] - Store in: store the value 'false' in the variable 'closeButtonNotDisplayed'
2023-04-07 14:51:13.527 [DEBUG] [thread-id 1] - Store in: store the value 'false' in the variable 'skipPostAddToCartSteps'
2023-04-07 14:51:13.528 [DEBUG] [thread-id 1] - Executing function: 'us.functions.search.clickOnFirstItem'
2023-04-07 14:51:13.529 [DEBUG] [thread-id 1] - sleep:  10000 milliseconds
2023-04-07 14:51:23.554 [WARN] [thread-id 1] - variable subFilter was used, but r2 could not find a value for this variable. returning default of null
2023-04-07 14:51:23.565 [DEBUG] [thread-id 1] - conditionally execute a flow. condition: false
2023-04-07 14:51:24.811 [DEBUG] [thread-id 1] - Verify identifier: {(//XCUIElementTypeButton[@name="GlassProductTile.mainStackView"])[1] | //XCUIElementTypeOther[contains(@name,"ProductImageView.stackView")] | //*[contains(@name,"ProductSectionCoordinator_searchPrimaryProductCell")] | //XCUIElementTypeCell[contains(@name,"ProductSectionCoordinator_searchPrimaryProductCell_indexPath")] | (//XCUIElementTypeOther[@name="ProductImageView.stackView"])[1]=[true]}
2023-04-07 14:51:25.231 [DEBUG] [thread-id 1] - Element already visible, scrolling is skipped
2023-04-07 14:51:25.244 [DEBUG] [thread-id 1] - Resetting scrollPosition variable to default
2023-04-07 14:51:25.245 [DEBUG] [thread-id 1] - Store in: store the value 'null' in the variable 'scrollPosition'
2023-04-07 14:51:25.246 [DEBUG] [thread-id 1] - Store in: store the value 'null' in the variable 'identifierScope'
2023-04-07 14:51:26.010 [DEBUG] [thread-id 1] - Verify identifier: {(//XCUIElementTypeButton[@name="GlassProductTile.mainStackView"])[1] | //XCUIElementTypeOther[contains(@name,"ProductImageView.stackView")] | //*[contains(@name,"ProductSectionCoordinator_searchPrimaryProductCell")] | //XCUIElementTypeCell[contains(@name,"ProductSectionCoordinator_searchPrimaryProductCell_indexPath")] | (//XCUIElementTypeOther[@name="ProductImageView.stackView"])[1]=[true]}
2023-04-07 14:51:26.756 [DEBUG] [thread-id 1] - Click element: '(//XCUIElementTypeButton[@name="GlassProductTile.mainStackView"])[1] | //XCUIElementTypeOther[contains(@name,"ProductImageView.stackView")] | //*[contains(@name,"ProductSectionCoordinator_searchPrimaryProductCell")] | //XCUIElementTypeCell[contains(@name,"ProductSectionCoordinator_searchPrimaryProductCell_indexPath")] | (//XCUIElementTypeOther[@name="ProductImageView.stackView"])[1]'
2023-04-07 14:51:27.660 [DEBUG] [thread-id 1] - check if item details page is showing
2023-04-07 14:51:27.675 [DEBUG] [thread-id 1] - sleep:  10000 milliseconds
2023-04-07 14:51:42.746 [DEBUG] [thread-id 1] - conditionally execute a flow. condition: true
2023-04-07 14:51:51.021 [DEBUG] [thread-id 1] - Verify identifier: {(//XCUIElementTypeButton[@name="stepper.mainButton"])[1] | //XCUIElementTypeOther[@name="stepper.addToCartButton"] | (//XCUIElementTypeOther[contains(@name,"GlassStepperView.inner")]) | //XCUIElementTypeButton[@name="stepper.mainButton"]=[true]}
2023-04-07 14:51:51.090 [DEBUG] [thread-id 1] - Executing function: 'us.functions.item.selectVirtualPack'
2023-04-07 14:51:51.091 [DEBUG] [thread-id 1] - conditionally execute a flow. condition: false
2023-04-07 14:51:53.495 [DEBUG] [thread-id 1] - Single Pack Button not present
2023-04-07 14:51:53.522 [DEBUG] [thread-id 1] - conditionally execute a flow. condition: true
2023-04-07 14:51:55.918 [DEBUG] [thread-id 1] - Scroll: down
2023-04-07 14:52:07.608 [DEBUG] [thread-id 1] - sleep:  3000 milliseconds
2023-04-07 14:52:15.554 [DEBUG] [thread-id 1] - Verify identifier: {//XCUIElementTypeButton[@name="VariantTileView_multipack_quantity_variantTitle1"]=[true]}
2023-04-07 14:52:17.961 [DEBUG] [thread-id 1] - Button present
2023-04-07 14:52:22.752 [DEBUG] [thread-id 1] - Click element: '//XCUIElementTypeButton[@name="VariantTileView_multipack_quantity_variantTitle1"]'
2023-04-07 14:52:23.634 [DEBUG] [thread-id 1] - Executing function: 'us.functions.item.addItemToCart'
2023-04-07 14:52:24.085 [DEBUG] [thread-id 1] - sleep:  2000 milliseconds
2023-04-07 14:52:33.522 [DEBUG] [thread-id 1] - Verify identifier: {//XCUIElementTypeOther[@name="AddToCartView.priceContainer"]/following-sibling::XCUIElementTypeOther//XCUIElementTypeButton[@name="stepper.mainButton"]/XCUIElementTypeStaticText | //XCUIElementTypeButton[@name="Buy now"]/following-sibling::XCUIElementTypeOther//XCUIElementTypeButton[@name="stepper.mainButton"]/XCUIElementTypeStaticText=[true]}
2023-04-07 14:52:38.044 [DEBUG] [thread-id 1] - Click element: '//XCUIElementTypeButton[@name="stepper.decrementButton"]'
2023-04-07 14:52:41.175 [DEBUG] [thread-id 1] - sleep:  2000 milliseconds
2023-04-07 14:52:45.412 [DEBUG] [thread-id 1] - conditionally execute a flow. condition: true
2023-04-07 14:52:47.620 [DEBUG] [thread-id 1] - ATC button present
2023-04-07 14:52:52.518 [DEBUG] [thread-id 1] - Click element: '(//XCUIElementTypeButton[@name="stepper.mainButton"])[1] | //XCUIElementTypeOther[@name="stepper.addToCartButton"] | (//XCUIElementTypeOther[contains(@name,"GlassStepperView.inner")]) | //XCUIElementTypeButton[@name="stepper.mainButton"]'
2023-04-07 14:52:53.395 [DEBUG] [thread-id 1] - sleep:  3000 milliseconds
2023-04-07 14:52:56.403 [DEBUG] [thread-id 1] - conditionally execute a flow. condition: true
2023-04-07 14:53:08.885 [DEBUG] [thread-id 1] - conditionally execute a flow. condition: false
2023-04-07 14:53:11.123 [DEBUG] [thread-id 1] - sleep:  5000 milliseconds
2023-04-07 14:53:29.525 [DEBUG] [thread-id 1] - sleep:  1000 milliseconds
2023-04-07 14:53:32.932 [WARN] [thread-id 1] - variable qty was used, but r2 could not find a value for this variable. returning default of null
2023-04-07 14:53:32.933 [WARN] [thread-id 1] - variable qty was used, but r2 could not find a value for this variable. returning default of null
2023-04-07 14:53:35.204 [DEBUG] [thread-id 1] - Verify identifier: {//XCUIElementTypeStaticText[@name="1 added"]| //XCUIElementTypeOther[@name="add-to-cart-button"] | //XCUIElementTypeStaticText[@label="null"] | Max 1=[true]}
2023-04-07 14:53:47.976 [DEBUG] [thread-id 1] - conditionally execute a flow. condition: true
2023-04-07 14:53:53.655 [DEBUG] [thread-id 1] - Click element: 'ItemDetailsViewController_itemDetailCloseButton'
2023-04-07 14:53:56.139 [DEBUG] [thread-id 1] - Verify identifier: {TitleView_productTitle=[true]}
2023-04-07 14:53:56.140 [DEBUG] [thread-id 1] - sleep:  3000 milliseconds
2023-04-07 14:53:59.143 [DEBUG] [thread-id 1] - Verify identifier: {Your cart is empty=[true]}
2023-04-07 14:53:59.143 [DEBUG] [thread-id 1] - Store in: store the value 'false' in the variable 'closeButtonNotDisplayed'
2023-04-07 14:53:59.160 [DEBUG] [thread-id 1] - Store in: store the value 'false' in the variable 'skipPostAddToCartSteps'
2023-04-07 14:53:59.551 [DEBUG] [thread-id 1] - Click element: '//XCUIElementTypeNavigationBar[@name="Shop"]/XCUIElementTypeButton | //XCUIElementTypeButton[contains(@label, "Your cart")] | //XCUIElementTypeButton[(@name="SearchResultsViewController.cartButton") or (contains(@label,"Your cart contains") and contains(@label,"The estimated total is")) or (@label="Your cart is empty")]'
2023-04-07 14:53:59.808 [DEBUG] [thread-id 1] - sleep:  1000 milliseconds
2023-04-07 14:54:00.810 [DEBUG] [thread-id 1] - Executing function: 'us.functions.cart.verifyVPItemsInCart'
2023-04-07 14:54:00.811 [DEBUG] [thread-id 1] - sleep:  1500 milliseconds
2023-04-07 14:54:24.160 [DEBUG] [thread-id 1] - Main failed: Is not present: '//XCUIElementTypeStaticText[contains(@label,"Multipack") and contains(@label,"1")]', '//XCUIElementTypeStaticText[contains(@label,"Multipack") and contains(@label,"2")]'
2023-04-07 14:54:25.160 [DEBUG] [thread-id 1] - Executing scenario: 'After'
2023-04-07 14:54:25.176 [DEBUG] [thread-id 1] - Executing function: 'us.functions.utils.afterSteps'
2023-04-07 14:54:25.182 [WARN] [thread-id 1] - variable testStatus was used, but r2 could not find a value for this variable. returning default of null
2023-04-07 14:54:25.186 [DEBUG] [thread-id 1] - conditionally execute a flow. condition: false
2023-04-07 14:54:26.078 [DEBUG] [thread-id 1] - Test failed
2023-04-07 14:54:26.989 [DEBUG] [thread-id 1] - Executing function: 'us.functions.utils.closeErrorAlertIfExists'
2023-04-07 14:54:50.811 [DEBUG] [thread-id 1] - Created report: /Users/m0k0a2f/glass-automation/report/index.html
