2023-04-10 13:01:45.029 [DEBUG] [thread-id 1] - Executing R2 3.31.0: '/Users/m0k0a2f/glass-automation/./us/test/test-scripts/ios/golden-flows/virtual-pack-flows-Phase2/C2664759-flow-virtual-pack-phase2-ios.yaml' on device: 'iPhone 13'
2023-04-10 13:04:55.374 [DEBUG] [thread-id 1] - Executing scenario: 'Before'
2023-04-10 13:04:55.380 [DEBUG] [thread-id 1] - Execute before steps
2023-04-10 13:04:55.383 [DEBUG] [thread-id 1] - R2_SUBFLOW_PRE_TRANSACTION
2023-04-10 13:04:55.386 [DEBUG] [thread-id 1] - Executing function: 'us.functions.utils.astro.clearCart'
2023-04-10 13:04:55.535 [DEBUG] [thread-id 1] - Call API: 'http://astro.walmart.com/api/v2/teflon/customer/vp2@a.com/clearcart'
2023-04-10 13:05:08.863 [DEBUG] [thread-id 1] - Response code is: '200'. Response body is: '{"astroStatus":"SUCCESS","astroDescription":"CART_CLEARED","astroDetails":{"dbSessionMap":{"CXO_CART_ST":"{\"mtoken\":\"1:14#180553137#2=195282888#8=116485922\"}"},"checkoutable":false,"cart":{"id":"ecd6b9c0-1670-4b68-a0de-3f438c8dd2d0","buyer":{"id":"e2569a97-daf5-48a9-b0a0-cdc7c695a675","type":"CUSTOMER"},"storeIds":[],"itemCount":0,"entityErrors":[],"shipping":{"id":"7c17eb5b-eea7-4b41-aca3-442dcb0caac0","dbLockVersion":0,"dbSessionMap":{},"dbLockMap":{},"postalCode":"95122","city":"San Jose","state":"CA","countryCode":"USA","latitude":37.606689,"longitude":-122.426362,"isPOBox":false,"isAPOFPO":false},"currencyCode":"USD","preview":false,"tenantId":0,"verticalId":0,"checkoutableErrors":[],"intent":"PICKUP","pickupStore":{"city":"San Jose","stateOrProvinceCode":"CA","countryCode":"USA","postalCode":"95122","storeId":"32144","services":[]},"deliveryStore":{"city":"San Jose","stateOrProvinceCode":"CA","countryCode":"USA","postalCode":"95122","storeId":"32144","services":[]},"mpStores":[],"fulfillmentPlans":[],"accessPoints":[{"id":"f681d48a-7be4-43ea-8e10-229a1f00db37","name":"32144 - Home Delivery","storeId":32144,"fulfillmentType":"DELIVERY","fulfillmentOption":"DELIVERY","supportedTimeZone":"US/Pacific","locationInstruction":"[{\"type\":\"CHECKIN_DEFAULT\",\"value\":\"<div> <p> In order to protect the safety of our customers & associates, we've temporarily moved to a no-contact pickup in store process. </p> <br /> <br /><b>Please bring your government-issued ID</b><br /> <ol> <li>Check in with the app to let us know you're on the way.</li> <li> Park in a designated pickup spot, stay in your vehicle and keep your windows rolled up. </li> <li> A Walmart associate will request access to your trunk or back seat, then they'll load your order. </li> <li>You're all set! The associate will sign for the order.</li> </ol> </div>\"},{\"type\":\"EMAIL_DEFAULT\",\"value\":\"<div> <p> In order to protect the safety of our customers & associates, we've temporarily moved to a no-contact pickup in store process. </p> <br /> <br /><b>Please bring your government-issued ID</b><br /> <ol> <li>Check in with the app to let us know you're on the way.</li> <li> Park in a designated pickup spot, stay in your vehicle and keep your windows rolled up. </li> <li> A Walmart associate will request access to your trunk or back seat, then they'll load your order. </li> <li>You're all set! The associate will sign for the order.</li> </ol> </div>\"}]","isStoreEbtEligible":true,"allowAlcohol":true,"restrictions":[],"accessType":"DELIVERY_ADDRESS","storeCategory":"Supercenter","nodeType":"STORE","allowBagFee":true,"isBagFeeMandatory":false,"address":{"postalCode":"95122","addressLineOne":"777 Story Rd","city":"San Jose","state":"CA","addressTypeName":"OFFICE","isPOBox":false,"countryCode":"USA"}},{"id":"6168c2e3-fc36-4827-98e6-d717d10af1d6","name":"Walmart San Jose Store #32144","storeId":32144,"fulfillmentType":"INSTORE_PICKUP","fulfillmentOption":"PICKUP","supportedTimeZone":"US/Pacific","locationInstruction":"[{\"type\":\"CHECKIN_DEFAULT\",\"value\":\"<div> <p> In order to protect the safety of our customers & associates, we've temporarily moved to a no-contact pickup in store process or curbside. </p> <br /> <br /><b>Please bring your government-issued ID</b><br /> <ol> <li>Check in with the app to let us know you're on the way.</li> <li> Park in a designated pickup spot, stay in your vehicle and keep your windows rolled up. </li> <li> A Walmart associate will request access to your trunk or back seat, then they'll load your order. </li> <li>You're all set! The associate will sign for the order.</li> </ol> </div>\"},{\"type\":\"EMAIL_DEFAULT\",\"value\":\"NA\"},{\"type\":\"CHECKIN_1\",\"value\":\"Next, tell us when you’ve parked. Park by the pickup sign and enter your parking info so we can find you faster.\"}]","isStoreEbtEligible":true,"allowAlcohol":true,"restrictions":[],"accessType":"PICKUP_CURBSIDE","storeCategory":"Supercenter","nodeType":"STORE","allowBagFee":true,"isBagFeeMandatory":false,"address":{"postalCode":"95122","addressLineOne":"777 Story Rd","city":"San Jose","state":"CA","addressTypeName":"OFFICE","isPOBox":false,"countryCode":"USA"}}],"reservations":[],"isExplicitIntent":false,"hasGiftEligibleItem":false,"warnings":[],"restrictions":[]},"isOmniPromiseResponse":true}}'
2023-04-10 13:05:09.086 [DEBUG] [thread-id 1] - Cart cleared for vp2@a.com
2023-04-10 13:05:09.236 [DEBUG] [thread-id 1] - Using us-errors-helpers.yaml
2023-04-10 13:05:09.391 [DEBUG] [thread-id 1] - Start Main
2023-04-10 13:05:09.395 [DEBUG] [thread-id 1] - Executing function: 'us.functions.global.onboarding.navigateOnboardingToHome'
2023-04-10 13:05:09.399 [DEBUG] [thread-id 1] - Executing function: 'us.function.utils.getEnvironmentValue'
2023-04-10 13:05:09.408 [DEBUG] [thread-id 1] - Store in: store the value 'teflon' in the variable 'env'
2023-04-10 13:05:09.623 [DEBUG] [thread-id 1] - Verify identifier: {//XCUIElementTypeStaticText[@name="WelcomeViewController.titleLabel"] | //XCUIElementTypeStaticText[@name="SignUpNudgeWelcomeViewController.titleLabel"]=[true]}
2023-04-10 13:05:19.731 [DEBUG] [thread-id 1] - conditionally execute a flow. condition: false
2023-04-10 13:05:19.988 [DEBUG] [thread-id 1] - Click element: '//XCUIElementTypeStaticText[@name="Continue"] | //XCUIElementTypeStaticText[@name="Next"] | //XCUIElementTypeStaticText[@name="Continue as guest"]'
2023-04-10 13:05:20.949 [DEBUG] [thread-id 1] - Verify identifier: {NotificationPermissionViewController.titleLabel=[true]}
2023-04-10 13:05:21.138 [DEBUG] [thread-id 1] - Click element: '//XCUIElementTypeStaticText[@name="Not now"] | //XCUIElementTypeButton[@name="cta.cancel.notifications"]'
2023-04-10 13:05:21.571 [DEBUG] [thread-id 1] - Verify identifier: {Share your location=[true]}
2023-04-10 13:05:21.640 [DEBUG] [thread-id 1] - Click element: 'Enter zip code'
2023-04-10 13:05:29.014 [DEBUG] [thread-id 1] - conditionally execute a flow. condition: true
2023-04-10 13:05:29.325 [DEBUG] [thread-id 1] - Enter text: '95122'
2023-04-10 13:05:42.236 [DEBUG] [thread-id 1] - Click element: '//XCUIElementTypeStaticText[@name="Search"]'
2023-04-10 13:05:43.905 [DEBUG] [thread-id 1] - conditionally execute a flow. condition: true
2023-04-10 13:05:54.727 [DEBUG] [thread-id 1] - conditionally execute a flow. condition: true
2023-04-10 13:05:54.998 [DEBUG] [thread-id 1] - Click element: 'Continue'
2023-04-10 13:05:56.952 [DEBUG] [thread-id 1] - conditionally execute a flow. condition: true
2023-04-10 13:05:58.297 [DEBUG] [thread-id 1] - Click element: 'Allow'
2023-04-10 13:06:31.187 [DEBUG] [thread-id 1] - Executing function: 'us.functions.utils.tryAgainWhenThereIsError'
2023-04-10 13:06:31.217 [DEBUG] [thread-id 1] - loop: from 0 to 2
2023-04-10 13:06:31.588 [DEBUG] [thread-id 1] - 0
2023-04-10 13:06:42.559 [DEBUG] [thread-id 1] - conditionally execute a flow. condition: false
2023-04-10 13:06:42.947 [DEBUG] [thread-id 1] - Executing function: 'us.functions.onboarding.handleTechnicalErrorPage'
2023-04-10 13:06:42.948 [DEBUG] [thread-id 1] - sleep:  5000 milliseconds
2023-04-10 13:06:47.980 [DEBUG] [thread-id 1] - loop: from 0 to 4
2023-04-10 13:06:48.425 [DEBUG] [thread-id 1] - 0
2023-04-10 13:06:59.062 [DEBUG] [thread-id 1] - conditionally execute a flow. condition: false
2023-04-10 13:06:59.427 [DEBUG] [thread-id 1] - No Technical Error Page observed
2023-04-10 13:06:59.854 [DEBUG] [thread-id 1] - Executing function: 'us.functions.gic.collapseIfExpanded'
2023-04-10 13:07:00.126 [DEBUG] [thread-id 1] - conditionally execute a flow. condition: true
2023-04-10 13:07:00.749 [DEBUG] [thread-id 1] - Click element: '//*[contains(@label,"Expanded")]'
2023-04-10 13:07:01.040 [DEBUG] [thread-id 1] - Executing function: 'us.functions.home.navigateHomeToSignIn'
2023-04-10 13:07:01.676 [DEBUG] [thread-id 1] - Click element: 'Account'
2023-04-10 13:07:02.004 [DEBUG] [thread-id 1] - sleep:  3000 milliseconds
2023-04-10 13:07:05.718 [DEBUG] [thread-id 1] - Verify identifier: {//XCUIElementTypeButton[@name="Account.SignInButton"] | //XCUIElementTypeButton[@name="HeaderView.loginButton"] | //XCUIElementTypeButton[@label="SignInYourAccountTableViewCell.signInButton"] | //XCUIElementTypeButton[@label="Sign in"] | //XCUIElementTypeButton[@label="Sign in or create an account"]=[true]}
2023-04-10 13:07:05.723 [DEBUG] [thread-id 1] - loop: from 1 to 3
2023-04-10 13:07:06.955 [DEBUG] [thread-id 1] - conditionally execute a flow. condition: true
2023-04-10 13:07:08.131 [DEBUG] [thread-id 1] - Click element: '//XCUIElementTypeButton[@name="Account.SignInButton"] | //XCUIElementTypeButton[@name="HeaderView.loginButton"] | //XCUIElementTypeButton[@label="SignInYourAccountTableViewCell.signInButton"] | //XCUIElementTypeButton[@label="Sign in"] | //XCUIElementTypeButton[@label="Sign in or create an account"]'
2023-04-10 13:07:09.337 [DEBUG] [thread-id 1] - sleep:  3000 milliseconds
2023-04-10 13:07:13.415 [DEBUG] [thread-id 1] - conditionally execute a flow. condition: true
2023-04-10 13:07:14.121 [DEBUG] [thread-id 1] - Store in: store the value 'true' in the variable 'signInValidated'
2023-04-10 13:07:15.008 [DEBUG] [thread-id 1] - conditionally execute a flow. condition: true
2023-04-10 13:07:15.786 [DEBUG] [thread-id 1] - SignIn page loaded
2023-04-10 13:07:16.487 [DEBUG] [thread-id 1] - Store in: store the value 'false' in the variable 'signInValidated'
2023-04-10 13:07:16.502 [DEBUG] [thread-id 1] - Executing function: 'us.functions.global.authentication.signInAccount'
2023-04-10 13:07:16.515 [WARN] [thread-id 1] - variable validateSignInPage was used, but r2 could not find a value for this variable. returning default of null
2023-04-10 13:07:16.526 [DEBUG] [thread-id 1] - Executing function: 'us.functions.global.authentication.dismissSelectSavedPasswordDialog'
2023-04-10 13:07:27.688 [DEBUG] [thread-id 1] - Verify identifier: {//XCUIElementTypeTextField=[true]}
2023-04-10 13:07:28.079 [DEBUG] [thread-id 1] - Enter text: 'vp2@a.com'
2023-04-10 13:07:30.843 [DEBUG] [thread-id 1] - conditionally execute a flow. condition: true
2023-04-10 13:07:32.105 [DEBUG] [thread-id 1] - loop: from 1 to 3
2023-04-10 13:07:33.310 [DEBUG] [thread-id 1] - sleep:  3000 milliseconds
2023-04-10 13:07:38.480 [DEBUG] [thread-id 1] - conditionally execute a flow. condition: true
2023-04-10 13:07:40.630 [DEBUG] [thread-id 1] - Click element: '//XCUIElementTypeButton[@name="SignInView.ctaButton" or @name="WelcomeView.ctaButton"]'
2023-04-10 13:07:42.941 [DEBUG] [thread-id 1] - conditionally execute a flow. condition: true
2023-04-10 13:07:44.145 [DEBUG] [thread-id 1] - Store in: store the value 'true' in the variable 'signInValidated'
2023-04-10 13:07:46.604 [DEBUG] [thread-id 1] - conditionally execute a flow. condition: true
2023-04-10 13:07:47.804 [DEBUG] [thread-id 1] - Store in: store the value 'false' in the variable 'signInValidated'
2023-04-10 13:07:49.027 [DEBUG] [thread-id 1] - Email entered
2023-04-10 13:07:49.083 [WARN] [thread-id 1] - variable validateSignInPage was used, but r2 could not find a value for this variable. returning default of null
2023-04-10 13:07:49.087 [DEBUG] [thread-id 1] - loop: from 1 to 3
2023-04-10 13:07:50.293 [DEBUG] [thread-id 1] - sleep:  2000 milliseconds
2023-04-10 13:07:54.063 [DEBUG] [thread-id 1] - conditionally execute a flow. condition: true
2023-04-10 13:07:55.733 [DEBUG] [thread-id 1] - Enter text: 'Testing@123'
2023-04-10 13:07:59.672 [DEBUG] [thread-id 1] - sleep:  1000 milliseconds
2023-04-10 13:08:02.966 [DEBUG] [thread-id 1] - Click element: '//XCUIElementTypeStaticText[@name="Sign in"] | //XCUIElementTypeButton[@label="Sign In" or @label="Sign in"] | //XCUIElementTypeButton[@name="OtpView.ctaButton"] | //XCUIElementTypeButton[@label="Sign in or create an account"]'
2023-04-10 13:08:12.185 [DEBUG] [thread-id 1] - sleep:  2000 milliseconds
2023-04-10 13:08:27.386 [DEBUG] [thread-id 1] - Hide keyboard: 'true'
2023-04-10 13:08:30.457 [DEBUG] [thread-id 1] - conditionally execute a flow. condition: true
2023-04-10 13:08:31.816 [DEBUG] [thread-id 1] - Store in: store the value 'true' in the variable 'signInValidated'
2023-04-10 13:08:33.218 [DEBUG] [thread-id 1] - conditionally execute a flow. condition: true
2023-04-10 13:08:34.558 [DEBUG] [thread-id 1] - Account signed in
2023-04-10 13:08:35.032 [DEBUG] [thread-id 1] - conditionally execute a flow. condition: true
2023-04-10 13:08:37.193 [DEBUG] [thread-id 1] - Click element: '//XCUIElementTypeButton[@name="Don’t Allow"] | //XCUIElementTypeButton[@name="Don’t Allow"]'
2023-04-10 13:08:37.951 [DEBUG] [thread-id 1] - Executing function: 'us.functions.utils.handleCartMergePopup'
2023-04-10 13:08:37.952 [DEBUG] [thread-id 1] - sleep:  7000 milliseconds
2023-04-10 13:08:44.985 [DEBUG] [thread-id 1] - loop: from 0 to 4
2023-04-10 13:08:45.999 [DEBUG] [thread-id 1] - 0
2023-04-10 13:08:56.901 [DEBUG] [thread-id 1] - conditionally execute a flow. condition: false
2023-04-10 13:08:57.771 [DEBUG] [thread-id 1] - No Technical Error Page observed
2023-04-10 13:08:58.708 [DEBUG] [thread-id 1] - Executing function: 'us.functions.global.navigation.accountToHome'
2023-04-10 13:08:59.548 [DEBUG] [thread-id 1] - Click element: '//XCUIElementTypeButton[@name="Shop"] |  //XCUIElementTypeButton[@name="Home"]'
2023-04-10 13:08:59.950 [DEBUG] [thread-id 1] - Executing function: 'us.functions.home.closeWPlusPromotionPopUpIfDisplayed'
2023-04-10 13:08:59.950 [DEBUG] [thread-id 1] - sleep:  5000 milliseconds
2023-04-10 13:09:05.691 [DEBUG] [thread-id 1] - conditionally execute a flow. condition: true
2023-04-10 13:09:07.159 [DEBUG] [thread-id 1] - Click element: '//XCUIElementTypeButton[@name="SplashPageViewController.closeButton" or contains(@label, "Close Walmart plus promotional pop up")] | //XCUIElementTypeNavigationBar[@name="WalmartPlus.SplashPageView"]/XCUIElementTypeButton|//XCUIElementTypeButton[@name="close"]'
2023-04-10 13:09:08.322 [DEBUG] [thread-id 1] - Verify identifier: {//XCUIElementTypeSearchField[@name="Search Walmart"] | //XCUIElementTypeOther[@name="Search Walmart"]/XCUIElementTypeOther | //XCUIElementTypeOther[@name="Search Walmart"]=[true]}
2023-04-10 13:09:08.324 [DEBUG] [thread-id 1] - Executing function: 'us.functions.home.rateDriverPopup'
2023-04-10 13:09:08.334 [DEBUG] [thread-id 1] - loop: from 1 to 6
2023-04-10 13:09:08.878 [DEBUG] [thread-id 1] - 1
2023-04-10 13:09:19.623 [DEBUG] [thread-id 1] - conditionally execute a flow. condition: false
2023-04-10 13:09:20.157 [DEBUG] [thread-id 1] - Executing function: 'us.functions.home.setStore'
2023-04-10 13:09:20.189 [DEBUG] [thread-id 1] - Executing function: 'us.functions.utils.getSearchableItem'
2023-04-10 13:09:20.190 [DEBUG] [thread-id 1] - Store in: store the value 'null' in the variable 'itemFetched'
2023-04-10 13:09:20.193 [DEBUG] [thread-id 1] - Store in: store the value 'null' in the variable 'deeplinkURL'
2023-04-10 13:09:20.202 [DEBUG] [thread-id 1] - conditionally execute a flow. condition: false
2023-04-10 13:09:20.767 [DEBUG] [thread-id 1] - Item fetched by Astro API
2023-04-10 13:09:21.324 [DEBUG] [thread-id 1] - Executing function: 'us.functions.utils.fetchAstroAvailableItem'
2023-04-10 13:09:21.339 [DEBUG] [thread-id 1] - Fetching Item available in stock using Astro API for Item type DIGITAL_DELIVERY
2023-04-10 13:09:21.344 [WARN] [thread-id 1] - variable storeId was used, but r2 could not find a value for this variable. returning default of null
2023-04-10 13:09:21.365 [DEBUG] [thread-id 1] - conditionally execute a flow. condition: true
2023-04-10 13:09:21.864 [DEBUG] [thread-id 1] - Store in: store the value '32144' in the variable 'storeId'
2023-04-10 13:09:21.884 [WARN] [thread-id 1] - variable nextGen was used, but r2 could not find a value for this variable. returning default of null
2023-04-10 13:09:21.887 [WARN] [thread-id 1] - variable itemStatusHeader was used, but r2 could not find a value for this variable. returning default of null
2023-04-10 13:09:21.894 [DEBUG] [thread-id 1] - conditionally execute a flow. condition: true
2023-04-10 13:09:22.382 [DEBUG] [thread-id 1] - Store in: store the value 'SUCCESS' in the variable 'itemStatusHeader'
2023-04-10 13:09:22.395 [WARN] [thread-id 1] - variable itemFilter was used, but r2 could not find a value for this variable. returning default of null
2023-04-10 13:09:22.399 [DEBUG] [thread-id 1] - conditionally execute a flow. condition: false
2023-04-10 13:09:22.925 [DEBUG] [thread-id 1] - Store in: store the value 'http://astro.walmart.com/api/v3/teflon/internal/getItemHealth/32144/DIGITAL_DELIVERY' in the variable 'fetchURL'
2023-04-10 13:09:22.941 [DEBUG] [thread-id 1] - Store in: store the value 'null' in the variable 'itemDetails'
2023-04-10 13:09:23.441 [WARN] [thread-id 1] - variable version was used, but r2 could not find a value for this variable. returning default of null
2023-04-10 13:09:23.449 [DEBUG] [thread-id 1] - conditionally execute a flow. condition: false
2023-04-10 13:09:23.971 [DEBUG] [thread-id 1] - Old API
2023-04-10 13:09:24.487 [DEBUG] [thread-id 1] - Call API: 'http://astro.walmart.com/api/v3/teflon/internal/getItemHealth/32144/DIGITAL_DELIVERY'
2023-04-10 13:09:29.945 [DEBUG] [thread-id 1] - Response code is: '200'. Response body is: '{"astroStatus":"SUCCESS","astroDescription":"Item Health details found in itemHealth Collection","astroDetails":[{"itemId":"858990931","astroStatus":"SUCCESS","astroDescription":"DIGITAL_DELIVERY (858990931), ORDER CREATED","orderType":"DIGITAL_DELIVERY","storeId":"32144","orderNumber":null,"eligiblePaths":["subsallowed"],"inEligiblePaths":[],"offerId":"1C978754CA224371BD628EEAD0705646","_id":"637ed2c11578f21b8060a79a","__v":0,"createdAt":"2022-11-24T02:11:13.645Z","updatedAt":"2023-04-10T20:06:51.739Z","price":{"currencyAmount":30,"currencyUnit":"USD","unit":"EA"}},{"itemId":"513531168","astroStatus":"SUCCESS","astroDescription":"DIGITAL_DELIVERY (513531168), ORDER CREATED","orderType":"DIGITAL_DELIVERY","storeId":"32144","orderNumber":null,"eligiblePaths":["subsallowed","buynow"],"inEligiblePaths":[],"offerId":"55882B4C0D0B44A1A726EF5BF557654D","_id":"637ed2c19ec84d3d7839759e","__v":0,"createdAt":"2022-11-24T02:11:13.885Z","updatedAt":"2023-04-10T20:06:52.141Z","price":{"currencyAmount":29.88,"currencyUnit":"USD","unit":"EA"}}]}'
2023-04-10 13:09:30.536 [DEBUG] [thread-id 1] - conditionally execute a flow. condition: false
2023-04-10 13:09:31.044 [DEBUG] [thread-id 1] - SUCCESSFUL item fetched from astro API.
2023-04-10 13:09:31.586 [DEBUG] [thread-id 1] - loop: over '[{"itemId":"858990931","astroStatus":"SUCCESS","astroDescription":"DIGITAL_DELIVERY (858990931), ORDER CREATED","orderType":"DIGITAL_DELIVERY","storeId":"32144","orderNumber":null,"eligiblePaths":["subsallowed"],"inEligiblePaths":[],"offerId":"1C978754CA224371BD628EEAD0705646","_id":"637ed2c11578f21b8060a79a","__v":0,"createdAt":"2022-11-24T02:11:13.645Z","updatedAt":"2023-04-10T20:06:51.739Z","price":{"currencyAmount":30,"currencyUnit":"USD","unit":"EA"}},{"itemId":"513531168","astroStatus":"SUCCESS","astroDescription":"DIGITAL_DELIVERY (513531168), ORDER CREATED","orderType":"DIGITAL_DELIVERY","storeId":"32144","orderNumber":null,"eligiblePaths":["subsallowed","buynow"],"inEligiblePaths":[],"offerId":"55882B4C0D0B44A1A726EF5BF557654D","_id":"637ed2c19ec84d3d7839759e","__v":0,"createdAt":"2022-11-24T02:11:13.885Z","updatedAt":"2023-04-10T20:06:52.141Z","price":{"currencyAmount":29.88,"currencyUnit":"USD","unit":"EA"}}]'
2023-04-10 13:09:32.089 [DEBUG] [thread-id 1] - Store in: store the value 'null' in the variable 'itemDetails'
2023-04-10 13:09:32.603 [DEBUG] [thread-id 1] - {"itemId":"858990931","astroStatus":"SUCCESS","astroDescription":"DIGITAL_DELIVERY (858990931), ORDER CREATED","orderType":"DIGITAL_DELIVERY","storeId":"32144","orderNumber":null,"eligiblePaths":["subsallowed"],"inEligiblePaths":[],"offerId":"1C978754CA224371BD628EEAD0705646","_id":"637ed2c11578f21b8060a79a","__v":0,"createdAt":"2022-11-24T02:11:13.645Z","updatedAt":"2023-04-10T20:06:51.739Z","price":{"currencyAmount":30,"currencyUnit":"USD","unit":"EA"}}
2023-04-10 13:09:33.120 [DEBUG] [thread-id 1] - Store in: store the value '858990931' in the variable 'itemFetched'
2023-04-10 13:09:33.655 [DEBUG] [thread-id 1] - Store in: store the value 'SUCCESS' in the variable 'itemStatus'
2023-04-10 13:09:34.190 [WARN] [thread-id 1] - variable healthCheck was used, but r2 could not find a value for this variable. returning default of null
2023-04-10 13:09:34.744 [DEBUG] [thread-id 1] - conditionally execute a flow. condition: true
2023-04-10 13:09:55.136 [DEBUG] [thread-id 1] - Item ID is proper
2023-04-10 13:09:55.715 [WARN] [thread-id 1] - variable skipForNext was used, but r2 could not find a value for this variable. returning default of null
2023-04-10 13:09:56.221 [WARN] [thread-id 1] - variable excludeFetchedItem was used, but r2 could not find a value for this variable. returning default of null
2023-04-10 13:09:56.222 [DEBUG] [thread-id 1] - conditionally execute a flow. condition: false
2023-04-10 13:09:56.724 [DEBUG] [thread-id 1] - Executing function: 'us.functions.utils.itemHealthCheck'
2023-04-10 13:09:56.726 [DEBUG] [thread-id 1] - Checking item eligibility before proceeding
2023-04-10 13:09:56.726 [DEBUG] [thread-id 1] - Store in: store the value 'false' in the variable 'itemEligiblity'
2023-04-10 13:09:56.727 [DEBUG] [thread-id 1] - Store in: store the value 'false' in the variable 'ignoreItem'
2023-04-10 13:09:56.731 [DEBUG] [thread-id 1] - loop: over '["158353031","669597065","446886409", "803629599", "888307914", "574523299", "945213102", "336485950"]'
2023-04-10 13:10:00.782 [DEBUG] [thread-id 1] - conditionally execute a flow. condition: false
2023-04-10 13:10:01.275 [DEBUG] [thread-id 1] - conditionally execute a flow. condition: false
2023-04-10 13:10:01.780 [DEBUG] [thread-id 1] - Skipping item eligibility check
2023-04-10 13:10:02.285 [DEBUG] [thread-id 1] - Store in: store the value 'true' in the variable 'itemEligiblity'
2023-04-10 13:10:02.844 [DEBUG] [thread-id 1] - conditionally execute a flow. condition: true
2023-04-10 13:10:03.865 [DEBUG] [thread-id 1] - Stock available Item Id 858990931 for type DIGITAL_DELIVERY
2023-04-10 13:10:04.395 [DEBUG] [thread-id 1] - Store in: store the value 'false' in the variable 'skipForNext'
2023-04-10 13:10:04.903 [DEBUG] [thread-id 1] - Store in: store the value 'false' in the variable 'excludeFetchedItem'
2023-04-10 13:10:04.914 [DEBUG] [thread-id 1] - Store in: store the value 'null' in the variable 'storeId'
2023-04-10 13:10:04.914 [DEBUG] [thread-id 1] - Store in: store the value 'null' in the variable 'itemStatusHeader'
2023-04-10 13:10:04.915 [DEBUG] [thread-id 1] - Store in: store the value 'false' in the variable 'healthCheck'
2023-04-10 13:10:04.916 [DEBUG] [thread-id 1] - Store in: store the value 'null' in the variable 'version'
2023-04-10 13:10:04.917 [DEBUG] [thread-id 1] - Store in: store the value 'null' in the variable 'itemFilter'
2023-04-10 13:10:04.934 [DEBUG] [thread-id 1] - Store in: store the value 'null' in the variable 'backupItem'
2023-04-10 13:10:04.935 [DEBUG] [thread-id 1] - Store in: store the value 'null' in the variable 'source'
2023-04-10 13:10:04.936 [DEBUG] [thread-id 1] - Store in: store the value 'walmart://item/858990931' in the variable 'deeplinkURl'
2023-04-10 13:10:04.937 [DEBUG] [thread-id 1] - Item:858990931
2023-04-10 13:10:04.938 [DEBUG] [thread-id 1] - deeplinkURL:walmart://item/858990931
2023-04-10 13:10:04.939 [DEBUG] [thread-id 1] - Executing function: 'us.functions.global.navigation.goToDeepLink'
2023-04-10 13:10:04.940 [DEBUG] [thread-id 1] - Verify value of: '$deepLinkUrl'
2023-04-10 13:10:04.943 [DEBUG] [thread-id 1] - Open link: 'walmart://item/858990931'
2023-04-10 13:10:12.698 [DEBUG] [thread-id 1] - Executing function: 'us.functions.global.navigation.openDeepLink'
2023-04-10 13:10:14.007 [DEBUG] [thread-id 1] - conditionally execute a flow. condition: true
2023-04-10 13:10:15.378 [DEBUG] [thread-id 1] - Click element: 'Open'
2023-04-10 13:10:16.102 [DEBUG] [thread-id 1] - Executing function: 'us.functions.utils.handleTechnicalErrorPopup'
2023-04-10 13:10:16.108 [DEBUG] [thread-id 1] - Store in: store the value 'false' in the variable 'errorRemoved'
2023-04-10 13:10:16.109 [DEBUG] [thread-id 1] - sleep:  10000 milliseconds
2023-04-10 13:10:26.137 [DEBUG] [thread-id 1] - loop: from 0 to 3
2023-04-10 13:10:28.667 [DEBUG] [thread-id 1] - 0
2023-04-10 13:10:39.911 [DEBUG] [thread-id 1] - conditionally execute a flow. condition: false
2023-04-10 13:10:41.059 [DEBUG] [thread-id 1] - Store in: store the value 'true' in the variable 'errorRemoved'
2023-04-10 13:10:42.244 [DEBUG] [thread-id 1] - No Technical Error Pop up observed
2023-04-10 13:10:43.402 [DEBUG] [thread-id 1] - Executing function: 'us.functions.item.addItemToCart'
2023-04-10 13:10:43.402 [DEBUG] [thread-id 1] - Executing function: 'us.functions.item.preAddToCartSteps'
2023-04-10 13:10:44.595 [DEBUG] [thread-id 1] - sleep:  2000 milliseconds
2023-04-10 13:10:52.738 [DEBUG] [thread-id 1] - Item wasn't Added initially, continuing with scenario
2023-04-10 13:10:52.776 [DEBUG] [thread-id 1] - Executing function: 'us.functions.item.validateAndClickAddToCartButton'
2023-04-10 13:10:54.033 [DEBUG] [thread-id 1] - conditionally execute a flow. condition: true
2023-04-10 13:10:55.174 [DEBUG] [thread-id 1] - ATC button present
2023-04-10 13:10:56.630 [DEBUG] [thread-id 1] - Click element: '(//XCUIElementTypeButton[@name="stepper.mainButton"])[1] | //XCUIElementTypeOther[@name="stepper.addToCartButton"] | (//XCUIElementTypeOther[contains(@name,"GlassStepperView.inner")]) | //XCUIElementTypeButton[@name="stepper.mainButton"]'
2023-04-10 13:10:57.187 [DEBUG] [thread-id 1] - sleep:  3000 milliseconds
2023-04-10 13:11:00.209 [WARN] [thread-id 1] - variable skipPostAddToCartSteps was used, but r2 could not find a value for this variable. returning default of null
2023-04-10 13:11:00.215 [DEBUG] [thread-id 1] - conditionally execute a flow. condition: true
2023-04-10 13:11:01.420 [DEBUG] [thread-id 1] - Executing function: 'us.functions.item.postAddToCartSteps'
2023-04-10 13:11:11.451 [WARN] [thread-id 1] - variable closeButtonNotDisplayed was used, but r2 could not find a value for this variable. returning default of null
2023-04-10 13:11:11.463 [DEBUG] [thread-id 1] - conditionally execute a flow. condition: false
2023-04-10 13:11:12.659 [DEBUG] [thread-id 1] - Executing function: 'us.functions.item.handlePAC'
2023-04-10 13:11:12.659 [DEBUG] [thread-id 1] - sleep:  5000 milliseconds
2023-04-10 13:11:29.835 [DEBUG] [thread-id 1] - sleep:  1000 milliseconds
2023-04-10 13:11:32.071 [WARN] [thread-id 1] - variable qty was used, but r2 could not find a value for this variable. returning default of null
2023-04-10 13:11:32.074 [WARN] [thread-id 1] - variable qty was used, but r2 could not find a value for this variable. returning default of null
2023-04-10 13:11:33.336 [DEBUG] [thread-id 1] - Verify identifier: {//XCUIElementTypeStaticText[@name="1 added"]| //XCUIElementTypeOther[@name="add-to-cart-button"] | //XCUIElementTypeStaticText[@label="null"] | Max 1=[true]}
2023-04-10 13:11:44.668 [DEBUG] [thread-id 1] - Executing function: 'us.functions.item.closeItemPage'
2023-04-10 13:11:44.676 [DEBUG] [thread-id 1] - conditionally execute a flow. condition: true
2023-04-10 13:11:49.126 [DEBUG] [thread-id 1] - Click element: 'ItemDetailsViewController_itemDetailCloseButton'
2023-04-10 13:11:51.049 [DEBUG] [thread-id 1] - Verify identifier: {TitleView_productTitle=[true]}
2023-04-10 13:11:51.050 [DEBUG] [thread-id 1] - sleep:  3000 milliseconds
2023-04-10 13:11:54.056 [DEBUG] [thread-id 1] - Verify identifier: {Your cart is empty=[true]}
2023-04-10 13:11:54.057 [DEBUG] [thread-id 1] - Store in: store the value 'false' in the variable 'closeButtonNotDisplayed'
2023-04-10 13:11:54.077 [DEBUG] [thread-id 1] - Store in: store the value 'false' in the variable 'skipPostAddToCartSteps'
2023-04-10 13:11:54.084 [DEBUG] [thread-id 1] - Executing function: 'us.functions.global.navigation.goToDeepLink'
2023-04-10 13:11:54.087 [DEBUG] [thread-id 1] - Verify value of: '$deepLinkUrl'
2023-04-10 13:11:54.088 [DEBUG] [thread-id 1] - Open link: 'walmart://ip/2016699807'
2023-04-10 13:12:09.904 [DEBUG] [thread-id 1] - Store in: store the value 'false' in the variable 'errorRemoved'
2023-04-10 13:12:09.906 [DEBUG] [thread-id 1] - sleep:  10000 milliseconds
2023-04-10 13:12:19.908 [DEBUG] [thread-id 1] - loop: from 0 to 3
2023-04-10 13:12:21.184 [DEBUG] [thread-id 1] - 0
2023-04-10 13:12:33.366 [DEBUG] [thread-id 1] - conditionally execute a flow. condition: false
2023-04-10 13:12:34.667 [DEBUG] [thread-id 1] - Store in: store the value 'true' in the variable 'errorRemoved'
2023-04-10 13:12:35.964 [DEBUG] [thread-id 1] - No Technical Error Pop up observed
2023-04-10 13:12:37.299 [DEBUG] [thread-id 1] - Executing function: 'us.functions.item.addItemToCart'
2023-04-10 13:12:38.542 [DEBUG] [thread-id 1] - sleep:  2000 milliseconds
2023-04-10 13:12:47.161 [DEBUG] [thread-id 1] - Item wasn't Added initially, continuing with scenario
2023-04-10 13:12:48.455 [DEBUG] [thread-id 1] - conditionally execute a flow. condition: true
2023-04-10 13:12:49.755 [DEBUG] [thread-id 1] - ATC button present
2023-04-10 13:12:51.216 [DEBUG] [thread-id 1] - Click element: '(//XCUIElementTypeButton[@name="stepper.mainButton"])[1] | //XCUIElementTypeOther[@name="stepper.addToCartButton"] | (//XCUIElementTypeOther[contains(@name,"GlassStepperView.inner")]) | //XCUIElementTypeButton[@name="stepper.mainButton"]'
2023-04-10 13:12:51.791 [DEBUG] [thread-id 1] - sleep:  3000 milliseconds
2023-04-10 13:12:54.799 [DEBUG] [thread-id 1] - conditionally execute a flow. condition: true
2023-04-10 13:13:07.707 [DEBUG] [thread-id 1] - conditionally execute a flow. condition: false
2023-04-10 13:13:08.975 [DEBUG] [thread-id 1] - sleep:  5000 milliseconds
2023-04-10 13:13:26.256 [DEBUG] [thread-id 1] - sleep:  1000 milliseconds
2023-04-10 13:13:28.537 [WARN] [thread-id 1] - variable qty was used, but r2 could not find a value for this variable. returning default of null
2023-04-10 13:13:28.538 [WARN] [thread-id 1] - variable qty was used, but r2 could not find a value for this variable. returning default of null
2023-04-10 13:13:29.789 [DEBUG] [thread-id 1] - Verify identifier: {//XCUIElementTypeStaticText[@name="1 added"]| //XCUIElementTypeOther[@name="add-to-cart-button"] | //XCUIElementTypeStaticText[@label="null"] | Max 1=[true]}
2023-04-10 13:13:41.680 [DEBUG] [thread-id 1] - conditionally execute a flow. condition: true
2023-04-10 13:13:46.238 [DEBUG] [thread-id 1] - Click element: 'ItemDetailsViewController_itemDetailCloseButton'
2023-04-10 13:13:48.261 [DEBUG] [thread-id 1] - Verify identifier: {TitleView_productTitle=[true]}
2023-04-10 13:13:48.262 [DEBUG] [thread-id 1] - sleep:  3000 milliseconds
2023-04-10 13:13:51.267 [DEBUG] [thread-id 1] - Verify identifier: {Your cart is empty=[true]}
2023-04-10 13:13:51.268 [DEBUG] [thread-id 1] - Store in: store the value 'false' in the variable 'closeButtonNotDisplayed'
2023-04-10 13:13:51.295 [DEBUG] [thread-id 1] - Store in: store the value 'false' in the variable 'skipPostAddToCartSteps'
2023-04-10 13:13:51.297 [DEBUG] [thread-id 1] - Executing function: 'us.functions.global.navigation.goToDeepLink'
2023-04-10 13:13:51.298 [DEBUG] [thread-id 1] - Verify value of: '$deepLinkUrl'
2023-04-10 13:13:51.298 [DEBUG] [thread-id 1] - Open link: 'walmart://ip/732383650'
2023-04-10 13:14:07.906 [DEBUG] [thread-id 1] - Store in: store the value 'false' in the variable 'errorRemoved'
2023-04-10 13:14:07.907 [DEBUG] [thread-id 1] - sleep:  10000 milliseconds
2023-04-10 13:14:17.912 [DEBUG] [thread-id 1] - loop: from 0 to 3
2023-04-10 13:14:19.097 [DEBUG] [thread-id 1] - 0
2023-04-10 13:14:30.444 [DEBUG] [thread-id 1] - conditionally execute a flow. condition: false
2023-04-10 13:14:31.684 [DEBUG] [thread-id 1] - Store in: store the value 'true' in the variable 'errorRemoved'
2023-04-10 13:14:32.967 [DEBUG] [thread-id 1] - No Technical Error Pop up observed
2023-04-10 13:14:34.224 [DEBUG] [thread-id 1] - Executing function: 'us.functions.item.addItemToCart'
2023-04-10 13:14:35.368 [DEBUG] [thread-id 1] - sleep:  2000 milliseconds
2023-04-10 13:14:43.546 [DEBUG] [thread-id 1] - Item wasn't Added initially, continuing with scenario
2023-04-10 13:14:44.786 [DEBUG] [thread-id 1] - conditionally execute a flow. condition: true
2023-04-10 13:14:46.019 [DEBUG] [thread-id 1] - ATC button present
2023-04-10 13:14:47.456 [DEBUG] [thread-id 1] - Click element: '(//XCUIElementTypeButton[@name="stepper.mainButton"])[1] | //XCUIElementTypeOther[@name="stepper.addToCartButton"] | (//XCUIElementTypeOther[contains(@name,"GlassStepperView.inner")]) | //XCUIElementTypeButton[@name="stepper.mainButton"]'
2023-04-10 13:14:47.975 [DEBUG] [thread-id 1] - sleep:  3000 milliseconds
2023-04-10 13:14:50.980 [DEBUG] [thread-id 1] - conditionally execute a flow. condition: true
2023-04-10 13:15:03.142 [DEBUG] [thread-id 1] - conditionally execute a flow. condition: false
2023-04-10 13:15:03.677 [DEBUG] [thread-id 1] - sleep:  5000 milliseconds
2023-04-10 13:15:19.106 [DEBUG] [thread-id 1] - sleep:  1000 milliseconds
2023-04-10 13:15:20.542 [WARN] [thread-id 1] - variable qty was used, but r2 could not find a value for this variable. returning default of null
2023-04-10 13:15:20.551 [WARN] [thread-id 1] - variable qty was used, but r2 could not find a value for this variable. returning default of null
2023-04-10 13:15:20.842 [DEBUG] [thread-id 1] - Verify identifier: {//XCUIElementTypeStaticText[@name="1 added"]| //XCUIElementTypeOther[@name="add-to-cart-button"] | //XCUIElementTypeStaticText[@label="null"] | Max 1=[true]}
2023-04-10 13:15:31.437 [DEBUG] [thread-id 1] - conditionally execute a flow. condition: true
2023-04-10 13:15:53.053 [DEBUG] [thread-id 1] - Main failed: Cannot click 'ItemDetailsViewController_itemDetailCloseButton'
2023-04-10 13:15:53.501 [DEBUG] [thread-id 1] - Executing scenario: 'After'
2023-04-10 13:15:53.517 [DEBUG] [thread-id 1] - Executing function: 'us.functions.utils.afterSteps'
2023-04-10 13:15:53.528 [WARN] [thread-id 1] - variable testStatus was used, but r2 could not find a value for this variable. returning default of null
2023-04-10 13:15:53.531 [DEBUG] [thread-id 1] - conditionally execute a flow. condition: false
2023-04-10 13:15:53.870 [DEBUG] [thread-id 1] - Test failed
2023-04-10 13:15:54.212 [DEBUG] [thread-id 1] - Executing function: 'us.functions.utils.closeErrorAlertIfExists'
2023-04-10 13:16:25.213 [DEBUG] [thread-id 1] - Created report: /Users/m0k0a2f/glass-automation/report/index.html
