2023-11-13 15:24:03.019 [DEBUG] [thread-id 1] - Executing R2 3.38.1: '/Users/m0k0a2f/glass-automation/./us/test/test-scripts/android/golden-flows/wplus-flows/Wplus-ibotta-rewards/C2671353-Android-Ibotta-Rewards-Cancelled.yaml' on device: 'Pixel_5_API_31'
2023-11-13 15:24:19.342 [DEBUG] [thread-id 1] - Executing scenario: 'Before'
2023-11-13 15:24:19.344 [DEBUG] [thread-id 1] - R2_EXTEND_TRIAL_MEMBER_FLOW
2023-11-13 15:24:19.345 [DEBUG] [thread-id 1] - Timestamp: 1699917859345
2023-11-13 15:24:19.346 [DEBUG] [thread-id 1] - Store in: store the value 'wplususer1699917859345@walmart.com' in the variable 'customerEmail'
2023-11-13 15:24:19.348 [DEBUG] [thread-id 1] - Executing function: 'us.functions.utils.astro.createTrialAccountConvertToPaid'
2023-11-13 15:24:19.349 [DEBUG] [thread-id 1] - Create Account
2023-11-13 15:24:19.350 [DEBUG] [thread-id 1] - {"firstName":"Test","lastName":"User","emailAddress":"wplususer1699917859345@walmart.com","phoneNumber":"4089999999","password":"E2epassword$","paymentMethods":["VISA"],"postalAddress":{"address":"1395 Leeward Dr","city":"San Jose","state":"CA","country":"USA","postalCode":"95122"},"wplusSubscription":{"tenure":"Annual","extendTrial":false,"isNextGen":true}}
2023-11-13 15:24:19.351 [DEBUG] [thread-id 1] - Call API: 'http://astro.walmart.com/api/v2/teflon/customer'
2023-11-13 15:24:33.817 [DEBUG] [thread-id 1] - Response code is: '200'. Response body is: '{"astroStatus":"SUCCESS","astroDescription":"SIGNUP_SUCCESS","astroDetails":{"status":"OK","statusCode":200,"customerAccountId":"2abd2b71-3e38-4ef8-9b34-50119f28f53a","customerDetails":{"firstName":"Test","lastName":"User","emailAddress":"wplususer1699917859345@walmart.com","phoneNumber":"4089999999","password":"E2epassword$","paymentMethods":["VISA"],"postalAddress":{"address":"1395 Leeward Dr","city":"San Jose","state":"CA","country":"USA","postalCode":"95122"},"wplusSubscription":{"tenure":"Annual","extendTrial":false,"isNextGen":true}},"addDeliveryPreference":"OK","addPaymentPreference":"OK","addPaymentPreferenceId":"cc2b71bb-8fff-4111-8518-2a8c1552f392","customerPatch":"OK","wPlusActivationRes":{"statusCode":200,"description":"wplusActivation Successfully","response":{"astroStatus":"SUCCESS","astroDescription":"Added W+ membership for customer wplususer1699917859345@walmart.com","astroDetails":{"status":"CREATED","header":null,"errors":null,"payload":{"id":"897bbc2e-fe80-400f-a6de-9abdb335ea76","customerId":"2abd2b71-3e38-4ef8-9b34-50119f28f53a","startDate":1702509872073,"endDate":null,"enrolledDate":1699917872073,"tenant":0,"verticalId":0,"martId":null,"createdByConsumer":"2d66e48d-fcaa-4b81-b624-0f0556a24bcd","modifiedByConsumer":null,"identifiers":[],"legacyMembershipId":null,"trial":{"enrollmentDate":1699917872073,"extensions":null},"plan":{"id":"TRIAL30","description":"30 Day Trial","displayName":"Walmart +","price":0,"currency":"USD","duration":{"value":30,"unit":"DAY","description":"Monthly"},"association":null},"nextPlan":{"id":"BASE365","description":"Array of benefits across App, Grocery, and Stores","displayName":"Walmart +","price":98,"currency":"USD","duration":{"value":365,"unit":"DAY","description":"Annual"},"association":null},"preference":{"paymentId":"cc2b71bb-8fff-4111-8518-2a8c1552f392","addressId":"83e36414-a34d-450e-bcf2-a0dd9dcae4ff"},"renewal":{"autoRenewal":true,"nextBillingDate":1702509872073,"lastBillingDate":null,"nextPlanProratedAmount":null,"nextPlanProratedDuration":null,"dunning":false,"transactionId":null,"dayOfMonth":13,"cycleCount":null,"previousSwitchedBillingDates":null,"reminder":{}},"pauseCycle":{"cycles":[],"prospectiveBillingDate":1705188272073,"pauseStatus":"INELIGIBLE","pauseCount":0},"benefits":[{"code":"ACC","name":"WMPlus Auto Care Center Benefits","description":"Free Roadhazard Warranty with Install, and Free Flat Tire Repair for Members.","active":true,"addon":false},{"code":"CASHBACK","name":"Member Rewards","description":"Earn rewards on select items.","active":true,"addon":false},{"code":"DELIVERY_UNLIMITED","name":"Free delivery from your store","description":"Groceries & more delivered as soon as today, at the low prices you love","active":true,"addon":false},{"code":"FREE_SHIPPING","name":"Free shipping","description":"Items shipped by Walmart ship free —no order minimum. Shipping fee will be waived at checkout. *Restrictions apply.","active":true,"addon":false},{"code":"ITEM_REWARDS","name":"ITEM_REWARDS","description":"Earn rewards on eligible items","active":true,"addon":false},{"code":"LMD_FREE_RETURNS","name":"LMD Free Returns","description":"LMD Free Returns","active":true,"addon":false},{"code":"PET_BENEFITS","name":"PET_BENEFITS","description":"Pet partnerships and rewards offering","active":true,"addon":false},{"code":"RX_DISCOUNT","name":"LMD Free Returns","description":"LMD Free Returns.","active":true,"addon":false},{"code":"SCAN_N_GO","name":"Mobile scan & go","description":"Check out as you shop to make store shopping fast and contact-free.","active":true,"addon":false},{"code":"STREAMING","name":"Paramount Plus","description":"Enjoy critically-acclaimed originals, exclusive live sports, hit movies. Coming soon.","active":true,"addon":false},{"code":"STREAMING_TV","name":"PlutoTV","description":"Watch 250+ channels of free TV and 1000's of on-demand movies and TV shows.","active":true,"addon":false},{"code":"SUBSCRIPTION","name":"SUBSCRIPTION","description":"Paid members save a discount on eligible, household items and get free shipping with no order minimum","active":true,"addon":false},{"code":"TRAVEL","name":"EXPEDIA","description":"White label site offering W+ customers rewards associated with travel reservations.","active":true,"addon":false},{"code":"UPGRADE_FOR_EARLY_ACCESS","name":"UPGRADE_FOR_EARLY_ACCESS","description":"Paid members get exclusive early access to online Black Friday deals","active":true,"addon":false},{"code":"W_FUEL","name":"Member prices on fuel","description":"Member prices on fuel*** Save up to 10¢ per gallon on fuel at Exxon, Mobil, Walmart & Murphy stations.","active":true,"addon":false}],"cancel":null,"meta":{"payroll":false,"requireConsent":false,"consented":false,"programs":null,"referrer":null,"bundleSignup":false,"type":null,"discountGroup":null,"userAgent":null,"test":false},"membershipDiscount":{"discounts":null,"totalDiscount":0},"createdDate":1699917872073,"createdBy":"2abd2b71-3e38-4ef8-9b34-50119f28f53a","modifiedDate":1699917872073,"modifiedBy":"2abd2b71-3e38-4ef8-9b34-50119f28f53a","addons":null,"badges":[],"state":"trial","trialEligibleAddons":["INHOMETRIAL30","TRIAL30","INHOME30","INHOME365","TRIAL_TEST_RV","TRIAL180","TRIAL90","B2BTRIAL30","PRARTNERAUTOMATIONTEST","SHOWTIME30","SHOWTIME365","B2BTRIAL365","B2BTRIAL3650"],"cookies":{"names":{"status":"_m","hash":"_mc"},"status":"5","hash":"SiWdvew3OOkmzqUd9wPDJaCDF2u8YZjYW0DSQCY38NA=","ttl":5184000},"trialPeriod":true,"remainingDays":30}},"astroInfo":null}}}}'
2023-11-13 15:24:33.821 [DEBUG] [thread-id 1] - Account created successfully
2023-11-13 15:24:33.831 [DEBUG] [thread-id 1] - Converting Trial to Paid Member
2023-11-13 15:24:33.833 [DEBUG] [thread-id 1] - Executing function: 'us.functions.utils.astro.convertTrialtoPaidMember'
2023-11-13 15:24:33.834 [DEBUG] [thread-id 1] - Convert Trial to Paid Member
2023-11-13 15:24:33.835 [DEBUG] [thread-id 1] - wplususer1699917859345@walmart.com
2023-11-13 15:24:33.836 [DEBUG] [thread-id 1] - {"firstName":"Test","lastName":"User","emailAddress":"wplususer1699917859345@walmart.com","phoneNumber":"4089999999","password":"E2epassword$","paymentMethods":["VISA"],"postalAddress":{"address":"1395 Leeward Dr","city":"San Jose","state":"CA","country":"USA","postalCode":"95122"},"wplusSubscription":{"tenure":"Annual","extendTrial":false,"isNextGen":true}}
2023-11-13 15:24:33.836 [DEBUG] [thread-id 1] - Call API: 'http://astro.walmart.com/api/v2/teflon/account/wplususer1699917859345@walmart.com/wplus'
2023-11-13 15:24:46.608 [DEBUG] [thread-id 1] - Response code is: '200'. Response body is: '{"astroStatus":"SUCCESS","astroDescription":"Converted to paid W+ membership for customer wplususer1699917859345@walmart.com","astroDetails":{"status":"OK","header":null,"errors":null,"payload":{"id":"897bbc2e-fe80-400f-a6de-9abdb335ea76","customerId":"2abd2b71-3e38-4ef8-9b34-50119f28f53a","startDate":1699917884284,"endDate":null,"enrolledDate":1699917872073,"tenant":0,"verticalId":2,"martId":null,"createdByConsumer":"2d66e48d-fcaa-4b81-b624-0f0556a24bcd","modifiedByConsumer":"2d66e48d-fcaa-4b81-b624-0f0556a24bcd","identifiers":[],"legacyMembershipId":null,"trial":{"enrollmentDate":1699917872073,"extensions":null},"plan":{"id":"BASE365","description":"Array of benefits across App, Grocery, and Stores","displayName":"Walmart +","price":98,"currency":"USD","duration":{"value":365,"unit":"DAY","description":"Annual"},"association":null},"nextPlan":{"id":"BASE365","description":"Array of benefits across App, Grocery, and Stores","displayName":"Walmart +","price":98,"currency":"USD","duration":{"value":365,"unit":"DAY","description":"Annual"},"association":null},"preference":{"paymentId":"cc2b71bb-8fff-4111-8518-2a8c1552f392","addressId":"83e36414-a34d-450e-bcf2-a0dd9dcae4ff"},"renewal":{"autoRenewal":true,"nextBillingDate":1731540284284,"lastBillingDate":null,"nextPlanProratedAmount":null,"nextPlanProratedDuration":null,"dunning":false,"transactionId":null,"dayOfMonth":null,"cycleCount":null,"previousSwitchedBillingDates":null,"reminder":{}},"pauseCycle":{"cycles":[],"prospectiveBillingDate":1734132284284,"pauseStatus":"ELIGIBLE","pauseCount":0},"benefits":[{"code":"ACC","name":"WMPlus Auto Care Center Benefits","description":"Free Roadhazard Warranty with Install, and Free Flat Tire Repair for Members.","active":true,"addon":false},{"code":"CASHBACK","name":"Member Rewards","description":"Earn rewards on select items.","active":true,"addon":false},{"code":"DELIVERY_UNLIMITED","name":"Free delivery from your store","description":"Groceries & more delivered as soon as today, at the low prices you love","active":true,"addon":false},{"code":"EARLY_ACCESS","name":"EARLY_ACCESS","description":"Paid members get exclusive early access to online Black Friday deals","active":true,"addon":false},{"code":"EXPRESS_PROMO","name":"WMPlus Free Express Promotion","description":"1 Free express delivery for month of December.","active":true,"addon":false},{"code":"FREE_SHIPPING","name":"Free shipping","description":"Items shipped by Walmart ship free —no order minimum. Shipping fee will be waived at checkout. *Restrictions apply.","active":true,"addon":false},{"code":"ITEM_REWARDS","name":"ITEM_REWARDS","description":"Earn rewards on eligible items","active":true,"addon":false},{"code":"LMD_FREE_RETURNS","name":"LMD Free Returns","description":"LMD Free Returns","active":true,"addon":false},{"code":"PET_BENEFITS","name":"PET_BENEFITS","description":"Pet partnerships and rewards offering","active":true,"addon":false},{"code":"RX_DISCOUNT","name":"LMD Free Returns","description":"LMD Free Returns.","active":true,"addon":false},{"code":"SCAN_N_GO","name":"Mobile scan & go","description":"Check out as you shop to make store shopping fast and contact-free.","active":true,"addon":false},{"code":"STREAMING","name":"Paramount Plus","description":"Enjoy critically-acclaimed originals, exclusive live sports, hit movies. Coming soon.","active":true,"addon":false},{"code":"STREAMING_TV","name":"PlutoTV","description":"Watch 250+ channels of free TV and 1000's of on-demand movies and TV shows.","active":true,"addon":false},{"code":"SUBSCRIPTION","name":"SUBSCRIPTION","description":"Paid members save a discount on eligible, household items and get free shipping with no order minimum","active":true,"addon":false},{"code":"TRAVEL","name":"EXPEDIA","description":"White label site offering W+ customers rewards associated with travel reservations.","active":true,"addon":false},{"code":"W_FUEL","name":"Member prices on fuel","description":"Member prices on fuel*** Save up to 10¢ per gallon on fuel at Exxon, Mobil, Walmart & Murphy stations.","active":true,"addon":false}],"cancel":null,"meta":{"payroll":false,"requireConsent":false,"consented":false,"programs":null,"referrer":null,"bundleSignup":false,"type":null,"discountGroup":null,"userAgent":null,"test":false},"membershipDiscount":{"discounts":null,"totalDiscount":0},"createdDate":1699917872073,"createdBy":"2abd2b71-3e38-4ef8-9b34-50119f28f53a","modifiedDate":1699917884284,"modifiedBy":"AstroTest","addons":null,"badges":[],"state":"active","trialEligibleAddons":["INHOMETRIAL30","TRIAL30","INHOME30","INHOME365","TRIAL_TEST_RV","TRIAL180","TRIAL90","B2BTRIAL30","PRARTNERAUTOMATIONTEST","SHOWTIME30","SHOWTIME365","B2BTRIAL365","B2BTRIAL3650"],"cookies":{"names":{"status":"_m","hash":"_mc"},"status":"1","hash":"Xw9fANa9j1s+nsULYop5ct9RT2QqisUb+X4N9bUEbKI=","ttl":5184000},"trialPeriod":false,"remainingDays":366}},"astroInfo":null}'
2023-11-13 15:24:46.702 [DEBUG] [thread-id 1] - Using us-errors-helpers.yaml
2023-11-13 15:24:46.765 [DEBUG] [thread-id 1] - Start Main
2023-11-13 15:24:46.767 [DEBUG] [thread-id 1] - Executing function: 'us.functions.global.onboarding.navigateOnboardingToHome'
2023-11-13 15:24:46.768 [DEBUG] [thread-id 1] - Executing function: 'us.function.utils.getEnvironmentValue'
2023-11-13 15:24:46.769 [DEBUG] [thread-id 1] - Store in: store the value 'teflon' in the variable 'env'
2023-11-13 15:24:46.769 [DEBUG] [thread-id 1] - Start Activity: 'com.walmart.android.debug.com.walmart.glass.integration.splash.SplashActivity'
2023-11-13 15:25:00.536 [DEBUG] [thread-id 1] - conditionally execute a flow. condition: false
2023-11-13 15:25:00.562 [DEBUG] [thread-id 1] - Verify identifier: {com.walmart.android.debug:id/onboarding_welcome_title_textview=[true]}
2023-11-13 15:25:10.607 [DEBUG] [thread-id 1] - conditionally execute a flow. condition: false
2023-11-13 15:25:10.649 [DEBUG] [thread-id 1] - Verify identifier: {com.walmart.android.debug:id/onboarding_welcome_title_textview=[true]}
2023-11-13 15:25:10.732 [DEBUG] [thread-id 1] - Click element: 'com.walmart.android.debug:id/onboarding_welcome_secondary_button'
2023-11-13 15:25:21.580 [DEBUG] [thread-id 1] - Verify identifier: {com.walmart.android.debug:id/onboarding_location_title_textview=[true]}
2023-11-13 15:25:21.612 [DEBUG] [thread-id 1] - Click element: 'com.walmart.android.debug:id/onboarding_zip_code_button'
2023-11-13 15:25:22.410 [DEBUG] [thread-id 1] - Verify identifier: {com.walmart.android.debug:id/onboarding_title_textview=[true]}
2023-11-13 15:25:23.007 [DEBUG] [thread-id 1] - Click element: 'com.walmart.android.debug:id/onboarding_zip_code_textinput'
2023-11-13 15:25:24.548 [DEBUG] [thread-id 1] - Enter text: '95122'
2023-11-13 15:25:27.057 [DEBUG] [thread-id 1] - Hide keyboard: 'true'
2023-11-13 15:25:33.814 [DEBUG] [thread-id 1] - Click element: 'com.walmart.android.debug:id/onboarding_zip_code_search_button'
2023-11-13 15:25:34.480 [DEBUG] [thread-id 1] - sleep:  3000 milliseconds
2023-11-13 15:25:37.485 [DEBUG] [thread-id 1] - loop: from 0 to 3
2023-11-13 15:25:38.721 [DEBUG] [thread-id 1] - 0
2023-11-13 15:25:49.025 [DEBUG] [thread-id 1] - conditionally execute a flow. condition: false
2023-11-13 15:25:59.341 [DEBUG] [thread-id 1] - Verify identifier: {com.walmart.android.debug:id/onboarding_title_textview=[true]}
2023-11-13 15:25:59.342 [DEBUG] [thread-id 1] - Executing function: 'us.functions.global.onboarding.popUpScreen'
2023-11-13 15:25:59.342 [DEBUG] [thread-id 1] - sleep:  3000 milliseconds
2023-11-13 15:26:12.361 [DEBUG] [thread-id 1] - sleep:  3000 milliseconds
2023-11-13 15:26:15.363 [DEBUG] [thread-id 1] - Executing function: 'us.functions.global.onboarding.smartLock.DismissNoneOfTheAbove'
2023-11-13 15:26:25.371 [DEBUG] [thread-id 1] - sleep:  3000 milliseconds
2023-11-13 15:26:28.379 [DEBUG] [thread-id 1] - Executing function: 'us.functions.home.personalizedPopUpScreenClose'
2023-11-13 15:26:28.380 [DEBUG] [thread-id 1] - sleep:  5000 milliseconds
2023-11-13 15:26:33.384 [DEBUG] [thread-id 1] - conditionally execute a flow. condition: true
2023-11-13 15:26:33.562 [DEBUG] [thread-id 1] - Click element: 'com.walmart.android.debug:id/marketing_privacy_bottom_sheet_deny_btn'
2023-11-13 15:26:34.258 [DEBUG] [thread-id 1] - sleep:  3000 milliseconds
2023-11-13 15:26:37.266 [DEBUG] [thread-id 1] - Executing function: 'us.functions.utils.tryAgainWhenThereIsError'
2023-11-13 15:26:37.271 [DEBUG] [thread-id 1] - loop: from 0 to 3
2023-11-13 15:26:37.406 [DEBUG] [thread-id 1] - 0
2023-11-13 15:26:47.484 [DEBUG] [thread-id 1] - conditionally execute a flow. condition: false
2023-11-13 15:26:57.563 [DEBUG] [thread-id 1] - Executing function: 'us.functions.gic.collapseIfExpanded'
2023-11-13 15:26:57.628 [DEBUG] [thread-id 1] - conditionally execute a flow. condition: true
2023-11-13 15:26:57.738 [DEBUG] [thread-id 1] - Click element: '//android.widget.ImageView[contains(@content-desc,"expanded")]'
2023-11-13 15:26:59.344 [DEBUG] [thread-id 1] - Verify identifier: {com.walmart.android.debug:id/search_view=[true]}
2023-11-13 15:26:59.345 [DEBUG] [thread-id 1] - Executing function: 'us.functions.home.handleReorderToolTip'
2023-11-13 15:27:09.380 [DEBUG] [thread-id 1] - conditionally execute a flow. condition: false
2023-11-13 15:27:09.421 [DEBUG] [thread-id 1] - no tooltip displayed
2023-11-13 15:27:09.421 [DEBUG] [thread-id 1] - Executing function: 'us.functions.utils.handleTechnicalErrorPopup'
2023-11-13 15:27:09.422 [DEBUG] [thread-id 1] - Store in: store the value 'false' in the variable 'errorRemoved'
2023-11-13 15:27:09.422 [DEBUG] [thread-id 1] - sleep:  7000 milliseconds
2023-11-13 15:27:16.431 [DEBUG] [thread-id 1] - loop: from 0 to 3
2023-11-13 15:27:16.530 [DEBUG] [thread-id 1] - 0
2023-11-13 15:27:26.582 [DEBUG] [thread-id 1] - conditionally execute a flow. condition: false
2023-11-13 15:27:26.622 [DEBUG] [thread-id 1] - Store in: store the value 'true' in the variable 'errorRemoved'
2023-11-13 15:27:26.664 [DEBUG] [thread-id 1] - No Technical Error Pop up observed
2023-11-13 15:27:26.706 [DEBUG] [thread-id 1] - Executing function: 'us.functions.home.navigateHomeToSignIn'
2023-11-13 15:27:26.750 [DEBUG] [thread-id 1] - Click element: 'com.walmart.android.debug:id/navigation_account'
2023-11-13 15:27:27.404 [DEBUG] [thread-id 1] - sleep:  5000 milliseconds
2023-11-13 15:27:32.498 [DEBUG] [thread-id 1] - Verify identifier: {//*[@resource-id="com.walmart.android.debug:id/sign_in_button"]|//*[@resource-id="com.walmart.android.debug:id/account_sign_in_button"]=[true]}
2023-11-13 15:27:32.500 [DEBUG] [thread-id 1] - loop: from 1 to 3
2023-11-13 15:27:32.556 [DEBUG] [thread-id 1] - Executing function: 'us.functions.global.onboarding.smartLock.DismissNoneOfTheAbove'
2023-11-13 15:27:42.650 [DEBUG] [thread-id 1] - conditionally execute a flow. condition: true
2023-11-13 15:27:42.720 [DEBUG] [thread-id 1] - Click element: '//*[@resource-id="com.walmart.android.debug:id/sign_in_button"]|//*[@resource-id="com.walmart.android.debug:id/account_sign_in_button"]'
2023-11-13 15:27:43.603 [DEBUG] [thread-id 1] - sleep:  3000 milliseconds
2023-11-13 15:27:47.193 [DEBUG] [thread-id 1] - conditionally execute a flow. condition: true
2023-11-13 15:27:47.242 [DEBUG] [thread-id 1] - Store in: store the value 'true' in the variable 'signInValidated'
2023-11-13 15:27:47.282 [DEBUG] [thread-id 1] - conditionally execute a flow. condition: true
2023-11-13 15:27:47.306 [DEBUG] [thread-id 1] - SignIn page loaded
2023-11-13 15:27:47.329 [DEBUG] [thread-id 1] - Store in: store the value 'false' in the variable 'signInValidated'
2023-11-13 15:27:47.329 [DEBUG] [thread-id 1] - Executing function: 'us.functions.global.authentication.signInAccount'
2023-11-13 15:27:47.330 [DEBUG] [thread-id 1] - Executing function: 'us.functions.global.onboarding.smartLock.DismissNoneOfTheAbove'
2023-11-13 15:27:57.339 [WARN] [thread-id 1] - variable validateSignInPage was used, but r2 could not find a value for this variable. returning default of null
2023-11-13 15:27:57.375 [DEBUG] [thread-id 1] - Verify identifier: {//android.widget.EditText[@text="Email"]=[true]}
2023-11-13 15:27:57.407 [DEBUG] [thread-id 1] - Enter text: 'wplususer1699917859345@walmart.com'
2023-11-13 15:27:59.671 [DEBUG] [thread-id 1] - loop: from 1 to 3
2023-11-13 15:28:00.382 [DEBUG] [thread-id 1] - sleep:  3000 milliseconds
2023-11-13 15:28:03.483 [DEBUG] [thread-id 1] - conditionally execute a flow. condition: true
2023-11-13 15:28:03.607 [DEBUG] [thread-id 1] - Click element: 'com.walmart.android.debug:id/auth_button_main'
2023-11-13 15:28:05.238 [DEBUG] [thread-id 1] - sleep:  5000 milliseconds
2023-11-13 15:28:10.848 [DEBUG] [thread-id 1] - conditionally execute a flow. condition: true
2023-11-13 15:28:10.872 [DEBUG] [thread-id 1] - Store in: store the value 'true' in the variable 'signInValidated'
2023-11-13 15:28:10.893 [DEBUG] [thread-id 1] - conditionally execute a flow. condition: true
2023-11-13 15:28:10.915 [DEBUG] [thread-id 1] - Store in: store the value 'false' in the variable 'signInValidated'
2023-11-13 15:28:10.935 [DEBUG] [thread-id 1] - Email entered
2023-11-13 15:28:30.959 [WARN] [thread-id 1] - variable validateSignInPage was used, but r2 could not find a value for this variable. returning default of null
2023-11-13 15:28:30.961 [DEBUG] [thread-id 1] - loop: from 1 to 3
2023-11-13 15:28:30.983 [DEBUG] [thread-id 1] - sleep:  2000 milliseconds
2023-11-13 15:28:33.054 [DEBUG] [thread-id 1] - conditionally execute a flow. condition: true
2023-11-13 15:28:33.123 [DEBUG] [thread-id 1] - Enter text: 'E2epassword$'
2023-11-13 15:28:35.899 [DEBUG] [thread-id 1] - Press go back key: 'true'
2023-11-13 15:28:37.221 [DEBUG] [thread-id 1] - sleep:  1000 milliseconds
2023-11-13 15:28:38.330 [DEBUG] [thread-id 1] - Click element: 'com.walmart.android.debug:id/auth_button_main'
2023-11-13 15:28:39.118 [DEBUG] [thread-id 1] - sleep:  5000 milliseconds
2023-11-13 15:28:44.730 [DEBUG] [thread-id 1] - conditionally execute a flow. condition: true
2023-11-13 15:28:44.775 [DEBUG] [thread-id 1] - Store in: store the value 'true' in the variable 'signInValidated'
2023-11-13 15:28:44.997 [DEBUG] [thread-id 1] - Executing function: 'us.functions.global.authentication.handleSomethingWentWrongError'
2023-11-13 15:28:44.997 [DEBUG] [thread-id 1] - sleep:  5000 milliseconds
2023-11-13 15:28:50.011 [DEBUG] [thread-id 1] - loop: from 0 to 3
2023-11-13 15:28:50.117 [DEBUG] [thread-id 1] - 0
2023-11-13 15:29:00.212 [DEBUG] [thread-id 1] - conditionally execute a flow. condition: false
2023-11-13 15:29:00.252 [DEBUG] [thread-id 1] - conditionally execute a flow. condition: true
2023-11-13 15:29:00.298 [DEBUG] [thread-id 1] - Account signed in
2023-11-13 15:29:10.380 [DEBUG] [thread-id 1] - Executing function: 'us.functions.utils.handleCartMergePopup'
2023-11-13 15:29:10.381 [DEBUG] [thread-id 1] - sleep:  7000 milliseconds
2023-11-13 15:29:17.391 [DEBUG] [thread-id 1] - loop: from 0 to 4
2023-11-13 15:29:17.503 [DEBUG] [thread-id 1] - 0
2023-11-13 15:29:27.616 [DEBUG] [thread-id 1] - conditionally execute a flow. condition: false
2023-11-13 15:29:27.658 [DEBUG] [thread-id 1] - No cart merge popup observed
2023-11-13 15:29:27.700 [DEBUG] [thread-id 1] - Executing function: 'us.functions.global.navigation.accountToHome'
2023-11-13 15:29:27.701 [DEBUG] [thread-id 1] - conditionally execute a flow. condition: true
2023-11-13 15:29:27.743 [DEBUG] [thread-id 1] - Scroll: up
2023-11-13 15:29:28.445 [DEBUG] [thread-id 1] - Verify identifier: {com.walmart.android.debug:id/purchase_history_header=[true]}
2023-11-13 15:29:38.531 [DEBUG] [thread-id 1] - Click element: 'com.walmart.android.debug:id/navigation_shop'
2023-11-13 15:29:39.418 [DEBUG] [thread-id 1] - Executing function: 'us.functions.home.closeWPlusPromotionPopUpIfDisplayed'
2023-11-13 15:29:39.419 [DEBUG] [thread-id 1] - sleep:  5000 milliseconds
2023-11-13 15:29:54.502 [DEBUG] [thread-id 1] - Executing function: 'us.functions.home.setStore'
2023-11-13 15:29:54.504 [DEBUG] [thread-id 1] - conditionally execute a flow. condition: true
2023-11-13 15:29:54.547 [DEBUG] [thread-id 1] - Executing function: 'us.functions.home.changeStore'
2023-11-13 15:29:54.588 [DEBUG] [thread-id 1] - conditionally execute a flow. condition: true
2023-11-13 15:29:54.670 [DEBUG] [thread-id 1] - Click element: '//android.widget.ImageView[contains(@resource-id, "com.walmart.android.debug:id/global_intent_center_collapsed_chevron") and (contains(@content-desc,"collapsed") or contains(@content-desc,"collapse"))]'
2023-11-13 15:29:55.304 [WARN] [thread-id 1] - variable storeOnly was used, but r2 could not find a value for this variable. returning default of null
2023-11-13 15:29:55.305 [DEBUG] [thread-id 1] - conditionally execute a flow. condition: true
2023-11-13 15:30:06.270 [DEBUG] [thread-id 1] - conditionally execute a flow. condition: false
2023-11-13 15:30:15.455 [DEBUG] [thread-id 1] - Click element: '//android.widget.ImageView[contains(@content-desc, "Pickup") and contains(@content-desc, "2 of 3")] | //*[@resource-id = "com.walmart.android.debug:id/card_btn_hot_pickup"]'
2023-11-13 15:30:16.057 [WARN] [thread-id 1] - variable driverpopup was used, but r2 could not find a value for this variable. returning default of null
2023-11-13 15:30:26.150 [DEBUG] [thread-id 1] - sleep:  2000 milliseconds
2023-11-13 15:30:28.165 [DEBUG] [thread-id 1] - Executing function: 'us.functions.home.closeWPlusPromotionPopUpIfDisplayed'
2023-11-13 15:30:28.165 [DEBUG] [thread-id 1] - sleep:  5000 milliseconds
2023-11-13 15:30:56.322 [DEBUG] [thread-id 1] - Click element: '//*[contains(@resource-id, "global_intent_center_expanded_view")]//androidx.cardview.widget.CardView[contains(@resource-id, "global_intent_center_expanded_large_card")][position()=last()]//*[contains(@resource-id, "global_intent_center_large_card_chevron")] | //*[@resource-id="com.walmart.android.debug:id/gic_hot_pickup_card"]//*[@resource-id = "com.walmart.android.debug:id/gic_hot_card_content"]'
2023-11-13 15:31:19.388 [DEBUG] [thread-id 1] - conditionally execute a flow. condition: false
2023-11-13 15:31:40.514 [DEBUG] [thread-id 1] - Enter text: '95122'
2023-11-13 15:33:14.990 [DEBUG] [thread-id 1] - Click element: '//*[@resource-id="com.walmart.android.debug:id/storeslector_access_points_recycler_view"]/android.view.ViewGroup[1]'
2023-11-13 15:33:27.574 [DEBUG] [thread-id 1] - Click element: 'com.walmart.android.debug:id/store_selector_store_save_button'
2023-11-13 15:35:32.971 [DEBUG] [thread-id 1] - sleep:  5000 milliseconds
2023-11-13 15:35:48.241 [DEBUG] [thread-id 1] - Executing function: 'us.functions.utils.handleTechnicalErrorPopup'
2023-11-13 15:35:48.241 [DEBUG] [thread-id 1] - Store in: store the value 'false' in the variable 'errorRemoved'
2023-11-13 15:35:48.241 [DEBUG] [thread-id 1] - sleep:  7000 milliseconds
2023-11-13 15:35:55.252 [DEBUG] [thread-id 1] - loop: from 0 to 3
2023-11-13 15:35:55.353 [DEBUG] [thread-id 1] - 0
2023-11-13 15:36:05.538 [DEBUG] [thread-id 1] - conditionally execute a flow. condition: false
2023-11-13 15:36:05.605 [DEBUG] [thread-id 1] - Store in: store the value 'true' in the variable 'errorRemoved'
2023-11-13 15:36:05.667 [DEBUG] [thread-id 1] - No Technical Error Pop up observed
2023-11-13 15:36:15.937 [DEBUG] [thread-id 1] - conditionally execute a flow. condition: true
2023-11-13 15:36:16.054 [DEBUG] [thread-id 1] - Click element: 'com.walmart.android.debug:id/global_intent_center_collapsed_chevron'
2023-11-13 15:36:17.652 [DEBUG] [thread-id 1] - Verify identifier: {com.walmart.android.debug:id/global_intent_center_collapsed_location=[true]}
2023-11-13 15:36:17.652 [DEBUG] [thread-id 1] - Store in: store the value 'false' in the variable 'storeOnly'
2023-11-13 15:36:17.652 [DEBUG] [thread-id 1] - Executing function: 'us.functions.gic.changeFulfillment'
2023-11-13 15:36:27.691 [DEBUG] [thread-id 1] - conditionally execute a flow. condition: false
2023-11-13 15:36:27.737 [DEBUG] [thread-id 1] - Executing function: 'us.functions.gic.expandIfCollapsed'
2023-11-13 15:36:27.798 [DEBUG] [thread-id 1] - conditionally execute a flow. condition: true
2023-11-13 15:36:27.896 [DEBUG] [thread-id 1] - Click element: '//android.widget.ImageView[contains(@resource-id, "com.walmart.android.debug:id/global_intent_center_collapsed_chevron") and (contains(@content-desc,"collapsed") or contains(@content-desc,"collapse"))]'
2023-11-13 15:36:29.895 [DEBUG] [thread-id 1] - Executing function: 'us.functions.gic.setFulfillment'
2023-11-13 15:36:39.950 [DEBUG] [thread-id 1] - conditionally execute a flow. condition: false
2023-11-13 15:36:40.013 [DEBUG] [thread-id 1] - conditionally execute a flow. condition: true
2023-11-13 15:36:48.698 [DEBUG] [thread-id 1] - Click element: '//android.widget.ImageView[contains(@content-desc,"Shipping 1 of 3") or contains(@content-desc,"Shipping selection 1 of 3")]'
2023-11-13 15:36:50.632 [DEBUG] [thread-id 1] - Click element: '//android.widget.ImageView[contains(@content-desc,"expanded")]'
2023-11-13 15:36:51.278 [DEBUG] [thread-id 1] - Executing function: 'us.functions.search.ibottaRewardsItem'
2023-11-13 15:36:51.287 [DEBUG] [thread-id 1] - loop: over '[ "156166016", "550154263", "949029928", "553478431"]'
2023-11-13 15:36:52.231 [DEBUG] [thread-id 1] - Executing function: 'us.functions.search.searchItem'
2023-11-13 15:36:52.232 [DEBUG] [thread-id 1] - loop: from 1 to 3
2023-11-13 15:37:02.344 [DEBUG] [thread-id 1] - conditionally execute a flow. condition: false
2023-11-13 15:37:02.385 [DEBUG] [thread-id 1] - Verify identifier: {com.walmart.android.debug:id/navigation_search=[true]}
2023-11-13 15:37:05.557 [DEBUG] [thread-id 1] - Click element: 'com.walmart.android.debug:id/navigation_search'
2023-11-13 15:37:07.130 [DEBUG] [thread-id 1] - Verify identifier: {com.walmart.android.debug:id/search_view=[true]}
2023-11-13 15:37:10.257 [DEBUG] [thread-id 1] - Click element: 'com.walmart.android.debug:id/search_view'
2023-11-13 15:37:11.280 [DEBUG] [thread-id 1] - Verify identifier: {com.walmart.android.debug:id/search_view=[true]}
2023-11-13 15:37:13.143 [DEBUG] [thread-id 1] - Enter text: '156166016'
2023-11-13 15:37:17.923 [DEBUG] [thread-id 1] - sleep:  10000 milliseconds
2023-11-13 15:37:28.024 [DEBUG] [thread-id 1] - Hide keyboard: 'true'
2023-11-13 15:37:28.280 [DEBUG] [thread-id 1] - Executing function: 'us.functions.search.closeHowDoYouWantYourOrderBottomTray'
2023-11-13 15:37:28.310 [DEBUG] [thread-id 1] - Verify identifier: {//android.widget.TextView[@text = "Three easy ways to get your order"]=[true]}
2023-11-13 15:37:28.329 [DEBUG] [thread-id 1] - Click element: 'com.walmart.android.debug:id/search_close_button'
2023-11-13 15:37:30.800 [DEBUG] [thread-id 1] - Verify identifier: {//android.widget.TextView[@text = "Three easy ways to get your order"]=[true]}
2023-11-13 15:37:30.823 [DEBUG] [thread-id 1] - Click element: 'com.walmart.android.debug:id/search_close_button'
2023-11-13 15:37:43.403 [DEBUG] [thread-id 1] - conditionally execute a flow. condition: true
2023-11-13 15:37:43.500 [DEBUG] [thread-id 1] - Verify identifier: {//*[(@resource-id="com.walmart.android.debug:id/product_tile_list_view") or (@resource-id="com.walmart.android.debug:id/product_tile_image_view")]=[true]}
2023-11-13 15:37:53.601 [DEBUG] [thread-id 1] - conditionally execute a flow. condition: false
2023-11-13 15:37:53.701 [DEBUG] [thread-id 1] - sleep:  5000 milliseconds
2023-11-13 15:37:58.870 [DEBUG] [thread-id 1] - conditionally execute a flow. condition: true
2023-11-13 15:37:58.922 [DEBUG] [thread-id 1] - ibottaRewardsItem is in stock
2023-11-13 15:37:58.978 [DEBUG] [thread-id 1] - Executing function: 'us.functions.search.verifyibottaRewardsLinkOfItem'
2023-11-13 15:37:59.021 [DEBUG] [thread-id 1] - Verify identifier: {//*[@resource-id="com.walmart.android.debug:id/product_tile_rewards"]=[true]}
2023-11-13 15:37:59.021 [DEBUG] [thread-id 1] - Executing function: 'us.functions.search.clickOnFirstItem'
2023-11-13 15:37:59.022 [WARN] [thread-id 1] - variable noAds was used, but r2 could not find a value for this variable. returning default of null
2023-11-13 15:37:59.022 [DEBUG] [thread-id 1] - conditionally execute a flow. condition: false
2023-11-13 15:37:59.110 [WARN] [thread-id 1] - variable subFilter was used, but r2 could not find a value for this variable. returning default of null
2023-11-13 15:37:59.111 [DEBUG] [thread-id 1] - conditionally execute a flow. condition: false
2023-11-13 15:37:59.615 [WARN] [thread-id 1] - variable excludeSponsored was used, but r2 could not find a value for this variable. returning default of null
2023-11-13 15:37:59.616 [DEBUG] [thread-id 1] - conditionally execute a flow. condition: false
2023-11-13 15:38:09.859 [DEBUG] [thread-id 1] - Click element: '//*[(@resource-id="com.walmart.android.debug:id/product_tile_list_view") or (@resource-id="com.walmart.android.debug:id/product_tile_image_view")]'
2023-11-13 15:38:11.600 [DEBUG] [thread-id 1] - Verify identifier: {com.walmart.android.debug:id/design_bottom_sheet=[true]}
2023-11-13 15:38:11.601 [DEBUG] [thread-id 1] - Store in: store the value 'null' in the variable 'subFilter'
2023-11-13 15:38:11.601 [DEBUG] [thread-id 1] - Store in: store the value 'false' in the variable 'noAds'
2023-11-13 15:38:11.601 [DEBUG] [thread-id 1] - Store in: store the value 'false' in the variable 'excludeSponsored'
2023-11-13 15:38:11.602 [DEBUG] [thread-id 1] - Executing function: 'us.functions.item.verifyAddToRewardCheckboxandClipRewardFromItemPage'
2023-11-13 15:38:11.602 [DEBUG] [thread-id 1] - sleep:  7000 milliseconds
2023-11-13 15:38:18.616 [DEBUG] [thread-id 1] - Executing function: 'us.functions.wplus.switchToOriginalAppTileClose'
2023-11-13 15:38:28.625 [DEBUG] [thread-id 1] - conditionally execute a flow. condition: false
2023-11-13 15:38:28.658 [DEBUG] [thread-id 1] - Verify identifier: {com.walmart.android.debug:id/onboarding_beta_wplus_title=[true]}
2023-11-13 15:38:28.659 [DEBUG] [thread-id 1] - Executing function: 'us.functions.utils.scrollIfNotVisible'
2023-11-13 15:38:28.660 [WARN] [thread-id 1] - variable scrollLimit was used, but r2 could not find a value for this variable. returning default of null
2023-11-13 15:38:28.661 [DEBUG] [thread-id 1] - conditionally execute a flow. condition: true
2023-11-13 15:38:28.696 [DEBUG] [thread-id 1] - Store in: store the value '5' in the variable 'scrollLimit'
2023-11-13 15:38:28.697 [DEBUG] [thread-id 1] - Scroll limit set to - 5
2023-11-13 15:38:28.738 [DEBUG] [thread-id 1] - conditionally execute a flow. condition: true
2023-11-13 15:38:28.770 [DEBUG] [thread-id 1] - Required identifier already displayed
2023-11-13 15:38:28.771 [DEBUG] [thread-id 1] - Resetting scrollPosition variable to default
2023-11-13 15:38:28.771 [DEBUG] [thread-id 1] - Store in: store the value 'null' in the variable 'scrollPosition'
2023-11-13 15:38:28.771 [DEBUG] [thread-id 1] - Store in: store the value 'null' in the variable 'identifierScope'
2023-11-13 15:38:28.771 [DEBUG] [thread-id 1] - Store in: store the value 'null' in the variable 'scrollLimit'
2023-11-13 15:38:28.801 [DEBUG] [thread-id 1] - conditionally execute a flow. condition: true
2023-11-13 15:38:31.910 [DEBUG] [thread-id 1] - Click element: '//android.widget.CheckBox[contains(@content-desc,"Walmart Cash")] |  //android.widget.CheckBox[contains(@content-desc,"Get $") and contains(@content-desc,"Cash")]'
2023-11-13 15:38:33.466 [DEBUG] [thread-id 1] - Verify identifier: {//android.widget.TextView[contains(@text,"claimed")]=[true]}
2023-11-13 15:38:33.467 [DEBUG] [thread-id 1] - Executing function: 'us.functions.item.addItemToCart'
2023-11-13 15:38:33.469 [DEBUG] [thread-id 1] - Executing function: 'us.functions.item.preAddToCartSteps'
2023-11-13 15:38:33.470 [DEBUG] [thread-id 1] - sleep:  5000 milliseconds
2023-11-13 15:38:38.483 [DEBUG] [thread-id 1] - Executing function: 'us.functions.home.closeWPlusPromotionPopUpIfDisplayed'
2023-11-13 15:38:38.484 [DEBUG] [thread-id 1] - sleep:  5000 milliseconds
2023-11-13 15:39:03.542 [DEBUG] [thread-id 1] - Executing function: 'us.functions.utils.tryAgainWhenThereIsError'
2023-11-13 15:39:03.542 [DEBUG] [thread-id 1] - loop: from 0 to 3
2023-11-13 15:39:03.580 [DEBUG] [thread-id 1] - 0
2023-11-13 15:39:13.633 [DEBUG] [thread-id 1] - conditionally execute a flow. condition: false
2023-11-13 15:39:13.705 [DEBUG] [thread-id 1] - sleep:  2000 milliseconds
2023-11-13 15:39:25.792 [DEBUG] [thread-id 1] - Add to cart decrement button is not present
2023-11-13 15:39:25.793 [DEBUG] [thread-id 1] - Executing function: 'us.functions.item.validateAndClickAddToCartButton'
2023-11-13 15:39:25.836 [DEBUG] [thread-id 1] - conditionally execute a flow. condition: true
2023-11-13 15:39:25.879 [DEBUG] [thread-id 1] - ATC button present
2023-11-13 15:39:25.970 [DEBUG] [thread-id 1] - Click element: 'com.walmart.android.debug:id/add_to_cart'
2023-11-13 15:39:26.646 [DEBUG] [thread-id 1] - sleep:  3000 milliseconds
2023-11-13 15:39:29.656 [WARN] [thread-id 1] - variable skipPostAddToCartSteps was used, but r2 could not find a value for this variable. returning default of null
2023-11-13 15:39:29.657 [DEBUG] [thread-id 1] - conditionally execute a flow. condition: true
2023-11-13 15:39:30.999 [DEBUG] [thread-id 1] - Executing function: 'us.functions.item.postAddToCartSteps'
2023-11-13 15:40:01.072 [DEBUG] [thread-id 1] - Executing function: 'us.functions.item.handlePAC'
2023-11-13 15:40:11.096 [DEBUG] [thread-id 1] - Executing function: 'us.functions.item.closeItemPage'
2023-11-13 15:40:11.097 [DEBUG] [thread-id 1] - loop: from 0 to 3
2023-11-13 15:40:11.139 [DEBUG] [thread-id 1] - conditionally execute a flow. condition: true
2023-11-13 15:40:11.225 [DEBUG] [thread-id 1] - Click element: 'com.walmart.android.debug:id/icon_close'
2023-11-13 15:40:21.959 [DEBUG] [thread-id 1] - conditionally execute a flow. condition: false
2023-11-13 15:40:22.012 [DEBUG] [thread-id 1] - sleep:  5000 milliseconds
2023-11-13 15:40:27.031 [DEBUG] [thread-id 1] - Verify identifier: {com.walmart.android.debug:id/item_name || com.walmart.android.debug:id/item_redesign_name || com.walmart.android.debug:id/item_name_smaller_title=[true]}
2023-11-13 15:40:27.033 [DEBUG] [thread-id 1] - Verify identifier: {com.walmart.android.debug:id/cart_summary_count=[true]}
2023-11-13 15:40:27.034 [DEBUG] [thread-id 1] - Store in: store the value 'false' in the variable 'skipPostAddToCartSteps'
2023-11-13 15:40:27.034 [DEBUG] [thread-id 1] - Store in: store the value 'false' in the variable 'apiFetch'
2023-11-13 15:40:27.034 [DEBUG] [thread-id 1] - R2_SUBFLOW_TRANSACTION
2023-11-13 15:40:27.035 [DEBUG] [thread-id 1] - Executing function: 'us.functions.global.navigation.toCartFromNavBar'
2023-11-13 15:40:27.151 [DEBUG] [thread-id 1] - Verify identifier: {com.walmart.android.debug:id/cart_summary_icon=[true]}
2023-11-13 15:40:27.211 [DEBUG] [thread-id 1] - Click element: 'com.walmart.android.debug:id/cart_summary_icon'
2023-11-13 15:40:27.889 [DEBUG] [thread-id 1] - sleep:  6000 milliseconds
2023-11-13 15:40:33.897 [DEBUG] [thread-id 1] - Executing function: 'us.functions.cart.itemMultiSellerUpdatePopUp'
2023-11-13 15:40:44.067 [DEBUG] [thread-id 1] - Executing function: 'us.functions.cart.storeChangePopUp'
2023-11-13 15:41:04.141 [DEBUG] [thread-id 1] - conditionally execute a flow. condition: false
2023-11-13 15:41:14.217 [DEBUG] [thread-id 1] - conditionally execute a flow. condition: false
2023-11-13 15:41:14.263 [WARN] [thread-id 1] - variable skipValidation was used, but r2 could not find a value for this variable. returning default of null
2023-11-13 15:41:14.263 [DEBUG] [thread-id 1] - conditionally execute a flow. condition: true
2023-11-13 15:41:14.308 [DEBUG] [thread-id 1] - Executing function: 'us.functions.utils.handleTechnicalErrorPageInCart'
2023-11-13 15:41:14.308 [DEBUG] [thread-id 1] - Store in: store the value 'false' in the variable 'cartPageLoaded'
2023-11-13 15:41:14.308 [DEBUG] [thread-id 1] - loop: from 0 to 7
2023-11-13 15:41:14.351 [DEBUG] [thread-id 1] - 0
2023-11-13 15:41:14.446 [DEBUG] [thread-id 1] - conditionally execute a flow. condition: true
2023-11-13 15:41:14.486 [DEBUG] [thread-id 1] - conditionally execute a flow. condition: true
2023-11-13 15:41:14.537 [DEBUG] [thread-id 1] - Store in: store the value 'true' in the variable 'cartPageLoaded'
2023-11-13 15:41:24.647 [DEBUG] [thread-id 1] - conditionally execute a flow. condition: false
2023-11-13 15:41:24.695 [DEBUG] [thread-id 1] - conditionally execute a flow. condition: true
2023-11-13 15:41:24.743 [DEBUG] [thread-id 1] - Store in: store the value 'true' in the variable 'cartPageLoaded'
2023-11-13 15:41:24.785 [DEBUG] [thread-id 1] - conditionally execute a flow. condition: false
2023-11-13 15:41:24.828 [DEBUG] [thread-id 1] - conditionally execute a flow. condition: true
2023-11-13 15:41:24.875 [DEBUG] [thread-id 1] - Cart page loaded successfully
2023-11-13 15:41:24.934 [DEBUG] [thread-id 1] - Scroll: up
2023-11-13 15:41:25.634 [DEBUG] [thread-id 1] - Verify identifier: {com.walmart.android.debug:id/cartText=[true]}
2023-11-13 15:41:25.677 [DEBUG] [thread-id 1] - cart page loaded
2023-11-13 15:41:25.726 [DEBUG] [thread-id 1] - Executing function: 'us.functions.utils.waitForLoadingImageToDisappear'
2023-11-13 15:41:25.727 [DEBUG] [thread-id 1] - sleep:  3000 milliseconds
2023-11-13 15:41:28.732 [DEBUG] [thread-id 1] - loop: from 0 to 5
2023-11-13 15:41:38.817 [DEBUG] [thread-id 1] - conditionally execute a flow. condition: false
2023-11-13 15:41:38.864 [DEBUG] [thread-id 1] - Executing function: 'us.functions.cart.VerifyRewardsEarnedTag'
2023-11-13 15:41:38.865 [DEBUG] [thread-id 1] - sleep:  10000 milliseconds
2023-11-13 15:41:48.870 [WARN] [thread-id 1] - variable mustBuy was used, but r2 could not find a value for this variable. returning default of null
2023-11-13 15:41:48.872 [DEBUG] [thread-id 1] - Scroll: up
2023-11-13 15:41:52.757 [DEBUG] [thread-id 1] - sleep:  2000 milliseconds
2023-11-13 15:41:54.834 [DEBUG] [thread-id 1] - Verify identifier: {//android.widget.TextView[(@text="Earning reward")]|//android.widget.TextView[(@text="Earning Walmart Cash")]=[true]}
2023-11-13 15:41:54.835 [DEBUG] [thread-id 1] - Executing function: 'us.functions.cart.VerifyRewardsEarnedBanner'
2023-11-13 15:41:54.835 [DEBUG] [thread-id 1] - sleep:  5000 milliseconds
2023-11-13 15:41:59.841 [DEBUG] [thread-id 1] - Executing function: 'us.functions.utils.scrollIfNotVisible'
2023-11-13 15:41:59.842 [DEBUG] [thread-id 1] - conditionally execute a flow. condition: true
2023-11-13 15:41:59.913 [DEBUG] [thread-id 1] - Store in: store the value '5' in the variable 'scrollLimit'
2023-11-13 15:41:59.913 [DEBUG] [thread-id 1] - Scroll limit set to - 5
2023-11-13 15:42:09.956 [DEBUG] [thread-id 1] - conditionally execute a flow. condition: false
2023-11-13 15:42:09.999 [DEBUG] [thread-id 1] - conditionally execute a flow. condition: false
2023-11-13 15:42:10.048 [DEBUG] [thread-id 1] - conditionally execute a flow. condition: true
2023-11-13 15:42:10.095 [DEBUG] [thread-id 1] - Scroll: down
2023-11-13 15:42:24.096 [DEBUG] [thread-id 1] - Resetting scrollPosition variable to default
2023-11-13 15:42:24.096 [DEBUG] [thread-id 1] - Store in: store the value 'null' in the variable 'scrollPosition'
2023-11-13 15:42:24.096 [DEBUG] [thread-id 1] - Store in: store the value 'null' in the variable 'identifierScope'
2023-11-13 15:42:24.096 [DEBUG] [thread-id 1] - Store in: store the value 'null' in the variable 'scrollLimit'
2023-11-13 15:42:34.116 [DEBUG] [thread-id 1] - conditionally execute a flow. condition: false
2023-11-13 15:42:34.190 [DEBUG] [thread-id 1] - Verify identifier: {//android.widget.TextView[contains(@text,"You’re earning an estimated")] | //android.widget.TextView[contains(@text,"Estimated Walmart Cash for this order")] | //*[(@resource-id = "com.walmart.android.debug:id/txv_title") or (@resource-id = "com.walmart.android.debug:id/unified_card_title")]=[true], com.walmart.android.debug:id/unified_card_info_icon=[true]}
2023-11-13 15:42:34.193 [DEBUG] [thread-id 1] - Executing function: 'us.functions.cart.continueToCheckout'
2023-11-13 15:42:34.232 [DEBUG] [thread-id 1] - Verify identifier: {com.walmart.android.debug:id/cart_continue_to_checkout_button=[true]}
2023-11-13 15:42:39.294 [DEBUG] [thread-id 1] - Click element: 'com.walmart.android.debug:id/cart_continue_to_checkout_button'
2023-11-13 15:42:39.920 [DEBUG] [thread-id 1] - sleep:  5000 milliseconds
2023-11-13 15:42:44.925 [DEBUG] [thread-id 1] - loop: from 1 to 3
2023-11-13 15:42:54.985 [DEBUG] [thread-id 1] - conditionally execute a flow. condition: false
2023-11-13 15:43:15.039 [DEBUG] [thread-id 1] - Executing function: 'us.functions.reserveSlot.fcormpselectaddressandcontinue'
2023-11-13 15:43:15.058 [DEBUG] [thread-id 1] - conditionally execute a flow. condition: true
2023-11-13 15:43:20.130 [DEBUG] [thread-id 1] - Click element: 'com.walmart.android.debug:id/choose_address_radio_button'
2023-11-13 15:43:21.307 [DEBUG] [thread-id 1] - Click element: 'com.walmart.android.debug:id/select_address_continue_button'
2023-11-13 15:43:21.911 [DEBUG] [thread-id 1] - Executing function: 'us.functions.home.closeWPlusPromotionPopUpIfDisplayed'
2023-11-13 15:43:21.911 [DEBUG] [thread-id 1] - sleep:  5000 milliseconds
2023-11-13 15:43:36.999 [DEBUG] [thread-id 1] - conditionally execute a flow. condition: true
2023-11-13 15:43:37.032 [DEBUG] [thread-id 1] - Clicked on Checkout button successfully
2023-11-13 15:43:37.033 [DEBUG] [thread-id 1] - Executing function: 'us.functions.checkout.placeOrder'
2023-11-13 15:43:37.033 [DEBUG] [thread-id 1] - Executing function: 'us.functions.utils.cvv.errorHandling'
2023-11-13 15:43:37.034 [DEBUG] [thread-id 1] - Executing function: 'us.functions.checkout.reviewOrder.scrollToTopOfReviewOrder'
2023-11-13 15:43:37.035 [DEBUG] [thread-id 1] - Scrolling to top of review order page
2023-11-13 15:43:37.035 [DEBUG] [thread-id 1] - sleep:  5000 milliseconds
2023-11-13 15:43:42.120 [DEBUG] [thread-id 1] - Verify identifier: {//android.widget.TextView[(@text="Review Order") or (@text="Checkout")]=[true]}
2023-11-13 15:43:42.122 [DEBUG] [thread-id 1] - loop: from 0 to 7
2023-11-13 15:43:42.162 [DEBUG] [thread-id 1] - Check 0
2023-11-13 15:43:42.225 [DEBUG] [thread-id 1] - conditionally execute a flow. condition: true
2023-11-13 15:43:42.260 [WARN] [thread-id 1] - variable validateText was used, but r2 could not find a value for this variable. returning default of null
2023-11-13 15:43:42.261 [DEBUG] [thread-id 1] - conditionally execute a flow. condition: true
2023-11-13 15:43:42.332 [DEBUG] [thread-id 1] - get string: from '//*[@resource-id="com.walmart.android.debug:id/review_order_recycler_view"]/androidx.cardview.widget.CardView[1]//*[@resource-id="com.walmart.android.debug:id/delivery_section_new_title"]' [type='text']
2023-11-13 15:43:42.367 [DEBUG] [thread-id 1] - Scrolling up till cart page top is reached
2023-11-13 15:43:42.409 [DEBUG] [thread-id 1] - Scroll: up
2023-11-13 15:43:45.868 [DEBUG] [thread-id 1] - Check 1
2023-11-13 15:43:45.926 [DEBUG] [thread-id 1] - conditionally execute a flow. condition: true
2023-11-13 15:43:45.958 [DEBUG] [thread-id 1] - conditionally execute a flow. condition: false
2023-11-13 15:43:46.024 [DEBUG] [thread-id 1] - get string: from '//*[@resource-id="com.walmart.android.debug:id/review_order_recycler_view"]/androidx.cardview.widget.CardView[1]//*[@resource-id="com.walmart.android.debug:id/delivery_section_new_title"]' [type='text']
2023-11-13 15:43:46.057 [DEBUG] [thread-id 1] - Store currently displayed fulfillment type and compare with previously displayed fulfillment type text
2023-11-13 15:43:46.089 [DEBUG] [thread-id 1] - conditionally execute a flow. condition: true
2023-11-13 15:43:46.119 [DEBUG] [thread-id 1] - Breaking the loop as review order page top is reached
2023-11-13 15:43:46.213 [DEBUG] [thread-id 1] - Store in: store the value 'null' in the variable 'validateText'
2023-11-13 15:43:46.213 [DEBUG] [thread-id 1] - Scroll: down
2023-11-13 15:44:17.050 [DEBUG] [thread-id 1] - conditionally execute a flow. condition: false
2023-11-13 15:44:17.088 [DEBUG] [thread-id 1] - No CVV error was Detected
2023-11-13 15:44:17.088 [DEBUG] [thread-id 1] - loop: from 1 to 4
2023-11-13 15:44:17.126 [DEBUG] [thread-id 1] - Place order try count - 1
2023-11-13 15:44:17.163 [DEBUG] [thread-id 1] - Verify identifier: {com.walmart.android.debug:id/button_place_order=[true]}
2023-11-13 15:44:27.325 [DEBUG] [thread-id 1] - Click element: 'com.walmart.android.debug:id/button_place_order'
2023-11-13 15:44:28.159 [WARN] [thread-id 1] - variable ebtExists was used, but r2 could not find a value for this variable. returning default of null
2023-11-13 15:44:28.696 [DEBUG] [thread-id 1] - sleep:  5000 milliseconds
2023-11-13 15:44:43.790 [DEBUG] [thread-id 1] - conditionally execute a flow. condition: false
2023-11-13 15:44:53.823 [DEBUG] [thread-id 1] - conditionally execute a flow. condition: false
2023-11-13 15:44:53.855 [DEBUG] [thread-id 1] - Executing function: 'us.functions.home.closeWPlusPromotionPopUpIfDisplayed'
2023-11-13 15:44:53.855 [DEBUG] [thread-id 1] - sleep:  5000 milliseconds
2023-11-13 15:45:08.871 [DEBUG] [thread-id 1] - Executing function: 'us.functions.orderConfirmation.orderCreationValidation'
2023-11-13 15:45:08.871 [DEBUG] [thread-id 1] - sleep:  10000 milliseconds
2023-11-13 15:45:19.027 [DEBUG] [thread-id 1] - conditionally execute a flow. condition: true
2023-11-13 15:45:19.074 [DEBUG] [thread-id 1] - Order created successfully
2023-11-13 15:45:19.074 [DEBUG] [thread-id 1] - Executing function: 'us.functions.checkout.placeOrderAgainIfError'
2023-11-13 15:45:19.074 [DEBUG] [thread-id 1] - sleep:  5000 milliseconds
2023-11-13 15:45:34.105 [DEBUG] [thread-id 1] - R2_SUBFLOW_POST_TRANSACTION
2023-11-13 15:45:34.105 [DEBUG] [thread-id 1] - Executing function: 'us.functions.orderConfirmation.getOrderNumber'
2023-11-13 15:45:34.191 [DEBUG] [thread-id 1] - get string: from 'com.walmart.android.debug:id/checkout_order_number_textview' [type='null']
2023-11-13 15:45:34.191 [DEBUG] [thread-id 1] - sleep:  30000 milliseconds
2023-11-13 15:46:04.201 [DEBUG] [thread-id 1] - 100000308923678
2023-11-13 15:46:04.202 [DEBUG] [thread-id 1] - Executing function: 'us.functions.checkout.orderConfirmation.viewRewardsCenter'
2023-11-13 15:46:04.203 [DEBUG] [thread-id 1] - Executing function: 'us.functions.utils.scrollIfNotVisible'
2023-11-13 15:46:04.204 [DEBUG] [thread-id 1] - conditionally execute a flow. condition: true
2023-11-13 15:46:04.285 [DEBUG] [thread-id 1] - Store in: store the value '5' in the variable 'scrollLimit'
2023-11-13 15:46:04.285 [DEBUG] [thread-id 1] - Scroll limit set to - 5
2023-11-13 15:46:14.303 [DEBUG] [thread-id 1] - conditionally execute a flow. condition: false
2023-11-13 15:46:14.334 [DEBUG] [thread-id 1] - conditionally execute a flow. condition: true
2023-11-13 15:46:14.367 [DEBUG] [thread-id 1] - conditionally execute a flow. condition: true
2023-11-13 15:46:14.400 [DEBUG] [thread-id 1] - Scroll: down
2023-11-13 15:46:21.196 [DEBUG] [thread-id 1] - Resetting scrollPosition variable to default
2023-11-13 15:46:21.196 [DEBUG] [thread-id 1] - Store in: store the value 'null' in the variable 'scrollPosition'
2023-11-13 15:46:21.196 [DEBUG] [thread-id 1] - Store in: store the value 'null' in the variable 'identifierScope'
2023-11-13 15:46:21.196 [DEBUG] [thread-id 1] - Store in: store the value 'null' in the variable 'scrollLimit'
2023-11-13 15:46:31.240 [DEBUG] [thread-id 1] - Click element: '//android.widget.Button[@resource-id="com.walmart.android.debug:id/button_see_rewards"] | //android.widget.Button[@resource-id="com.walmart.android.debug:id/thankyou_rewards_center_button"] | //android.widget.Button[contains(@text, "View your balance")]'
2023-11-13 15:46:31.922 [DEBUG] [thread-id 1] - Executing function: 'us.functions.global.onboarding.popUpScreen'
2023-11-13 15:46:31.923 [DEBUG] [thread-id 1] - sleep:  3000 milliseconds
2023-11-13 15:46:45.006 [DEBUG] [thread-id 1] - Verify identifier: {com.walmart.android.debug:id/your_rewards_title=[true]}
2023-11-13 15:46:45.007 [DEBUG] [thread-id 1] - Executing function: 'us.functions.global.navigation.goToDeepLink'
2023-11-13 15:46:45.007 [DEBUG] [thread-id 1] - Verify value of: '$deepLinkUrl'
2023-11-13 15:46:45.007 [DEBUG] [thread-id 1] - Open link: 'walmart://orders/100000308923678'
2023-11-13 15:46:45.329 [DEBUG] [thread-id 1] - Executing function: 'us.functions.cancel.orderItems'
2023-11-13 15:46:45.330 [DEBUG] [thread-id 1] - Executing function: 'us.functions.cancel.setCancellationReason'
2023-11-13 15:46:45.332 [DEBUG] [thread-id 1] - conditionally execute a flow. condition: true
2023-11-13 15:46:46.847 [DEBUG] [thread-id 1] - Cancellation reasonIndex set to 3
2023-11-13 15:46:46.848 [WARN] [thread-id 1] - variable cancelOrder was used, but r2 could not find a value for this variable. returning default of null
2023-11-13 15:46:46.848 [DEBUG] [thread-id 1] - conditionally execute a flow. condition: false
2023-11-13 15:46:48.782 [DEBUG] [thread-id 1] - Executing function: 'us.functions.utils.getR2Array'
2023-11-13 15:46:48.784 [DEBUG] [thread-id 1] - Execute Node: 'us/test/helpers/generateR2Array.js'
2023-11-13 15:46:50.248 [DEBUG] [thread-id 1] - Executing function: 'us.functions.cancel.initiateCancellation'
2023-11-13 15:46:50.248 [DEBUG] [thread-id 1] - loop: over '["fc"]'
2023-11-13 15:46:50.295 [DEBUG] [thread-id 1] - Executing function: 'us.functions.cancel.getCancellationFulfillmentType'
2023-11-13 15:46:50.296 [DEBUG] [thread-id 1] - conditionally execute a flow. condition: false
2023-11-13 15:46:50.338 [DEBUG] [thread-id 1] - conditionally execute a flow. condition: true
2023-11-13 15:46:50.380 [DEBUG] [thread-id 1] - Store in: store the value 'Delivery' in the variable 'fulfillmentType'
2023-11-13 15:46:50.425 [DEBUG] [thread-id 1] - Store in: store the value 'shipping' in the variable 'altFulfillmentType'
2023-11-13 15:46:50.468 [DEBUG] [thread-id 1] - Executing function: 'us.functions.orderDetails.scrollToSection'
2023-11-13 15:46:50.468 [DEBUG] [thread-id 1] - Executing function: 'us.functions.utils.scrollIfNotVisible'
2023-11-13 15:46:50.469 [DEBUG] [thread-id 1] - conditionally execute a flow. condition: true
2023-11-13 15:46:50.507 [DEBUG] [thread-id 1] - Store in: store the value '5' in the variable 'scrollLimit'
2023-11-13 15:46:50.507 [DEBUG] [thread-id 1] - Scroll limit set to - 5
2023-11-13 15:46:50.507 [DEBUG] [thread-id 1] - conditionally execute a flow. condition: true
2023-11-13 15:46:50.566 [DEBUG] [thread-id 1] - Required identifier already displayed
2023-11-13 15:46:50.567 [DEBUG] [thread-id 1] - Resetting scrollPosition variable to default
2023-11-13 15:46:50.567 [DEBUG] [thread-id 1] - Store in: store the value 'null' in the variable 'scrollPosition'
2023-11-13 15:46:50.567 [DEBUG] [thread-id 1] - Store in: store the value 'null' in the variable 'identifierScope'
2023-11-13 15:46:50.567 [DEBUG] [thread-id 1] - Store in: store the value 'null' in the variable 'scrollLimit'
2023-11-13 15:46:50.568 [WARN] [thread-id 1] - variable nonTrackerBased was used, but r2 could not find a value for this variable. returning default of null
2023-11-13 15:46:50.568 [DEBUG] [thread-id 1] - conditionally execute a flow. condition: false
2023-11-13 15:46:50.631 [DEBUG] [thread-id 1] - Executing function: 'us.functions.utils.scrollIfNotVisible'
2023-11-13 15:46:50.632 [DEBUG] [thread-id 1] - conditionally execute a flow. condition: true
2023-11-13 15:46:50.671 [DEBUG] [thread-id 1] - Store in: store the value '5' in the variable 'scrollLimit'
2023-11-13 15:46:50.671 [DEBUG] [thread-id 1] - Scroll limit set to - 5
2023-11-13 15:46:50.726 [DEBUG] [thread-id 1] - conditionally execute a flow. condition: true
2023-11-13 15:46:50.767 [DEBUG] [thread-id 1] - Required identifier already displayed
2023-11-13 15:46:50.767 [DEBUG] [thread-id 1] - Resetting scrollPosition variable to default
2023-11-13 15:46:50.767 [DEBUG] [thread-id 1] - Store in: store the value 'null' in the variable 'scrollPosition'
2023-11-13 15:46:50.768 [DEBUG] [thread-id 1] - Store in: store the value 'null' in the variable 'identifierScope'
2023-11-13 15:46:50.768 [DEBUG] [thread-id 1] - Store in: store the value 'null' in the variable 'scrollLimit'
2023-11-13 15:47:00.792 [DEBUG] [thread-id 1] - Store in: store the value 'null' in the variable 'identifier'
2023-11-13 15:47:00.839 [DEBUG] [thread-id 1] - Executing function: 'us.functions.cancel.processCancellation'
2023-11-13 15:47:00.840 [DEBUG] [thread-id 1] - conditionally execute a flow. condition: false
2023-11-13 15:47:20.844 [DEBUG] [thread-id 1] - Executing function: 'us.functions.utils.scrollIfNotVisible'
2023-11-13 15:47:20.844 [DEBUG] [thread-id 1] - conditionally execute a flow. condition: true
2023-11-13 15:47:20.883 [DEBUG] [thread-id 1] - Store in: store the value '5' in the variable 'scrollLimit'
2023-11-13 15:47:20.884 [DEBUG] [thread-id 1] - Scroll limit set to - 5
2023-11-13 15:47:30.906 [DEBUG] [thread-id 1] - conditionally execute a flow. condition: false
2023-11-13 15:47:30.947 [DEBUG] [thread-id 1] - conditionally execute a flow. condition: false
2023-11-13 15:47:30.988 [DEBUG] [thread-id 1] - conditionally execute a flow. condition: true
2023-11-13 15:47:31.026 [DEBUG] [thread-id 1] - Scroll: down
2023-11-13 15:47:34.733 [DEBUG] [thread-id 1] - Resetting scrollPosition variable to default
2023-11-13 15:47:34.733 [DEBUG] [thread-id 1] - Store in: store the value 'null' in the variable 'scrollPosition'
2023-11-13 15:47:34.733 [DEBUG] [thread-id 1] - Store in: store the value 'null' in the variable 'identifierScope'
2023-11-13 15:47:34.733 [DEBUG] [thread-id 1] - Store in: store the value 'null' in the variable 'scrollLimit'
2023-11-13 15:47:34.814 [DEBUG] [thread-id 1] - Click element: '//android.widget.Button[@content-desc="Remove Item"] | //android.widget.Button[@content-desc="Request cancellation"]'
2023-11-13 15:47:35.659 [DEBUG] [thread-id 1] - Store in: store the value 'canceled' in the variable 'cancellationType'
2023-11-13 15:47:35.660 [DEBUG] [thread-id 1] - Executing function: 'us.functions.cancel.submitCancellation'
2023-11-13 15:47:36.298 [DEBUG] [thread-id 1] - Verify identifier: {com.walmart.android.debug:id/title=[true]}
2023-11-13 15:47:36.337 [DEBUG] [thread-id 1] - Click element: '(//*[@resource-id='com.walmart.android.debug:id/radiobutton_cancellation_reason'])[3]'
2023-11-13 15:47:37.977 [DEBUG] [thread-id 1] - get string: from '(//*[@resource-id='com.walmart.android.debug:id/radiobutton_cancellation_reason'])[3]' [type='text']
2023-11-13 15:47:37.979 [DEBUG] [thread-id 1] - Used the wrong address.
2023-11-13 15:47:38.014 [DEBUG] [thread-id 1] - Click element: 'com.walmart.android.debug:id/cancellation_reason_action_button'
2023-11-13 15:47:38.773 [DEBUG] [thread-id 1] - sleep:  10000 milliseconds
2023-11-13 15:47:48.892 [DEBUG] [thread-id 1] - Verify identifier: {com.walmart.android.debug:id/cancellation_reason_action_button=[true]}
2023-11-13 15:47:58.952 [DEBUG] [thread-id 1] - Executing function: 'us.functions.global.navigation.goToDeepLink'
2023-11-13 15:47:58.952 [DEBUG] [thread-id 1] - Verify value of: '$deepLinkUrl'
2023-11-13 15:47:58.953 [DEBUG] [thread-id 1] - Open link: 'walmart://orders/100000308923678'
2023-11-13 15:48:00.483 [DEBUG] [thread-id 1] - Executing function: 'us.functions.cancel.storeItemCancellationType'
2023-11-13 15:48:00.483 [WARN] [thread-id 1] - variable cancelFlags was used, but r2 could not find a value for this variable. returning default of null
2023-11-13 15:48:00.484 [DEBUG] [thread-id 1] - conditionally execute a flow. condition: true
2023-11-13 15:48:00.529 [DEBUG] [thread-id 1] - Store in: store the value '{' in the variable 'cancelFlags'
2023-11-13 15:48:00.530 [DEBUG] [thread-id 1] - conditionally execute a flow. condition: false
2023-11-13 15:48:00.583 [DEBUG] [thread-id 1] - Store in: store the value '{"fc":"true",' in the variable 'cancelFlags'
2023-11-13 15:48:00.583 [WARN] [thread-id 1] - variable restructureJSON was used, but r2 could not find a value for this variable. returning default of null
2023-11-13 15:48:00.623 [DEBUG] [thread-id 1] - sleep:  5000 milliseconds
2023-11-13 15:48:05.640 [DEBUG] [thread-id 1] - Executing function: 'us.functions.cancel.storeItemCancellationType'
2023-11-13 15:48:05.640 [DEBUG] [thread-id 1] - conditionally execute a flow. condition: false
2023-11-13 15:48:05.707 [WARN] [thread-id 1] - variable item was used, but r2 could not find a value for this variable. returning default of null
2023-11-13 15:48:05.708 [DEBUG] [thread-id 1] - Store in: store the value '{"fc":"true","null":"true",' in the variable 'cancelFlags'
2023-11-13 15:48:05.708 [DEBUG] [thread-id 1] - conditionally execute a flow. condition: true
2023-11-13 15:48:05.761 [DEBUG] [thread-id 1] - Store in: store the value '{"fc":"true","null":"true","na":"na"}' in the variable 'cancelFlags'
2023-11-13 15:48:05.762 [DEBUG] [thread-id 1] - Executing function: 'us.functions.cancel.validateCancellation'
2023-11-13 15:48:05.762 [DEBUG] [thread-id 1] - Executing function: 'us.functions.utils.getR2Array'
2023-11-13 15:48:05.762 [DEBUG] [thread-id 1] - Execute Node: 'us/test/helpers/generateR2Array.js'
2023-11-13 15:48:05.871 [WARN] [thread-id 1] - variable cancelOrder was used, but r2 could not find a value for this variable. returning default of null
2023-11-13 15:48:05.871 [DEBUG] [thread-id 1] - conditionally execute a flow. condition: true
2023-11-13 15:48:05.927 [DEBUG] [thread-id 1] - loop: over '["fc"]'
2023-11-13 15:48:05.978 [DEBUG] [thread-id 1] - Executing function: 'us.functions.cancel.getCancellationFulfillmentType'
2023-11-13 15:48:05.978 [DEBUG] [thread-id 1] - conditionally execute a flow. condition: false
2023-11-13 15:48:06.029 [DEBUG] [thread-id 1] - conditionally execute a flow. condition: true
2023-11-13 15:48:06.065 [DEBUG] [thread-id 1] - Store in: store the value 'Delivery' in the variable 'fulfillmentType'
2023-11-13 15:48:06.105 [DEBUG] [thread-id 1] - Store in: store the value 'shipping' in the variable 'altFulfillmentType'
2023-11-13 15:48:06.147 [DEBUG] [thread-id 1] - Executing function: 'us.functions.orderDetails.scrollToSection'
2023-11-13 15:48:06.147 [DEBUG] [thread-id 1] - conditionally execute a flow. condition: true
2023-11-13 15:48:06.188 [DEBUG] [thread-id 1] - Store in: store the value '5' in the variable 'scrollLimit'
2023-11-13 15:48:06.189 [DEBUG] [thread-id 1] - Scroll limit set to - 5
2023-11-13 15:48:06.189 [DEBUG] [thread-id 1] - conditionally execute a flow. condition: true
2023-11-13 15:48:06.237 [DEBUG] [thread-id 1] - Required identifier already displayed
2023-11-13 15:48:06.237 [DEBUG] [thread-id 1] - Resetting scrollPosition variable to default
2023-11-13 15:48:06.237 [DEBUG] [thread-id 1] - Store in: store the value 'null' in the variable 'scrollPosition'
2023-11-13 15:48:06.237 [DEBUG] [thread-id 1] - Store in: store the value 'null' in the variable 'identifierScope'
2023-11-13 15:48:06.237 [DEBUG] [thread-id 1] - Store in: store the value 'null' in the variable 'scrollLimit'
2023-11-13 15:48:06.237 [DEBUG] [thread-id 1] - conditionally execute a flow. condition: true
2023-11-13 15:48:06.279 [DEBUG] [thread-id 1] - conditionally execute a flow. condition: true
2023-11-13 15:48:06.322 [DEBUG] [thread-id 1] - Store in: store the value '5' in the variable 'scrollLimit'
2023-11-13 15:48:06.322 [DEBUG] [thread-id 1] - Scroll limit set to - 5
2023-11-13 15:48:06.370 [DEBUG] [thread-id 1] - conditionally execute a flow. condition: true
2023-11-13 15:48:06.414 [DEBUG] [thread-id 1] - Required identifier already displayed
2023-11-13 15:48:06.414 [DEBUG] [thread-id 1] - Resetting scrollPosition variable to default
2023-11-13 15:48:06.414 [DEBUG] [thread-id 1] - Store in: store the value 'null' in the variable 'scrollPosition'
2023-11-13 15:48:06.414 [DEBUG] [thread-id 1] - Store in: store the value 'null' in the variable 'identifierScope'
2023-11-13 15:48:06.414 [DEBUG] [thread-id 1] - Store in: store the value 'null' in the variable 'scrollLimit'
2023-11-13 15:48:16.472 [DEBUG] [thread-id 1] - Store in: store the value 'null' in the variable 'identifier'
2023-11-13 15:48:16.515 [DEBUG] [thread-id 1] - Executing function: 'us.functions.utils.jsonDataParse'
2023-11-13 15:48:16.516 [DEBUG] [thread-id 1] - Execute Node: 'us/test/helpers/jsonParser.js'
2023-11-13 15:48:16.715 [DEBUG] [thread-id 1] - Verify identifier: {//*[contains(@text, "Delivery") or contains(@text, "shipping")]/following-sibling::*[@resource-id="com.walmart.android.debug:id/status_message"]=[true]}
2023-11-13 15:48:16.715 [DEBUG] [thread-id 1] - Executing function: 'us.functions.orderdetails.verifyRewardEarnedAfterOrderCancellation'
2023-11-13 15:48:16.720 [DEBUG] [thread-id 1] - Scroll: down
2023-11-13 15:48:27.329 [DEBUG] [thread-id 1] - Verify identifier: {//android.widget.TextView[@content-desc="Reward applied"] || //android.widget.TextView[@content-desc="Walmart Cash applied"]=[true]}
2023-11-13 15:48:27.329 [DEBUG] [thread-id 1] - Executing function: 'us.functions.account.verifyRewardsBalanceAfterCancellation'
2023-11-13 15:48:27.364 [DEBUG] [thread-id 1] - Click element: '//android.widget.ImageButton[@content-desc="Navigate up"]'
2023-11-13 15:48:27.989 [DEBUG] [thread-id 1] - sleep:  2000 milliseconds
2023-11-13 15:48:30.001 [DEBUG] [thread-id 1] - Executing function: 'us.functions.global.navigation.goToDeepLink'
2023-11-13 15:48:30.002 [DEBUG] [thread-id 1] - Verify value of: '$deepLinkUrl'
2023-11-13 15:48:30.002 [DEBUG] [thread-id 1] - Open link: 'walmart://home'
2023-11-13 15:48:30.195 [DEBUG] [thread-id 1] - sleep:  2000 milliseconds
2023-11-13 15:48:32.201 [DEBUG] [thread-id 1] - Scroll: down
2023-11-13 15:48:36.292 [DEBUG] [thread-id 1] - conditionally execute a flow. condition: true
2023-11-13 15:48:36.361 [DEBUG] [thread-id 1] - Scroll: up
2023-11-13 15:48:40.405 [DEBUG] [thread-id 1] - Executing function: 'us.functions.global.navigation.goToAccountFromTabBar'
2023-11-13 15:48:40.405 [DEBUG] [thread-id 1] - Verify identifier: {com.walmart.android.debug:id/navigation_account=[true]}
2023-11-13 15:48:40.448 [DEBUG] [thread-id 1] - Click element: 'com.walmart.android.debug:id/navigation_account'
2023-11-13 15:48:41.039 [DEBUG] [thread-id 1] - sleep:  5000 milliseconds
2023-11-13 15:48:46.052 [DEBUG] [thread-id 1] - Executing function: 'us.functions.utils.scrollIfNotVisible'
2023-11-13 15:48:46.054 [DEBUG] [thread-id 1] - conditionally execute a flow. condition: true
2023-11-13 15:48:46.193 [DEBUG] [thread-id 1] - Store in: store the value '5' in the variable 'scrollLimit'
2023-11-13 15:48:46.193 [DEBUG] [thread-id 1] - Scroll limit set to - 5
