2024-10-09 13:59:12.156 [DEBUG] [thread-id 1] - Executing R2 4.0.2: '/Users/m0k0a2f/glass-automation/./us/e2e-tests/test-scripts/ios/golden-flows/Ecomm-And-Fulfillment-Flows/fc-fulfillment-center-flows/post-transaction/C2657247-glass-fc-unscheduled-delivery-track-shipment.yaml' on device: 'iPhone 14'
2024-10-09 14:03:09.795 [DEBUG] [thread-id 1] - Executing R2 4.0.2: '/Users/m0k0a2f/glass-automation/./us/e2e-tests/test-scripts/ios/golden-flows/Ecomm-And-Fulfillment-Flows/fc-fulfillment-center-flows/post-transaction/C2657247-glass-fc-unscheduled-delivery-track-shipment.yaml' on device: 'iPhone 14'
2024-10-09 14:11:35.659 [ERROR] [thread-id 1] - error setting up appium session: 
org.openqa.selenium.SessionNotCreatedException: Could not start a new session. Response code 500. Message: An unknown server-side error occurred while processing the command. Original error: The simulator E5695F66-EF38-4F51-8835-B29D4E57FC1C has failed to finish booting after 120s. Original status: Monitoring boot status for appiumTest-C618583D-CED5-4DBA-837F-54AA460895BF-iPhone 14 (E5695F66-EF38-4F51-8835-B29D4E57FC1C).
[2024-10-09 21:09:03 +0000] Status=1, isTerminal=NO, Elapsed=00:04.
	Waiting on BackBoard

 
Host info: host: 'm-xqkh4fwq5j', ip: 'fd00:f85b:3b8e:a30b:0:0:0:1265%en0'
Build info: version: '4.13.0', revision: 'ba948ece5b*'
System info: os.name: 'Mac OS X', os.arch: 'aarch64', os.version: '14.6.1', java.version: '20.0.1'
Driver info: io.appium.java_client.ios.IOSDriver
Command: [null, newSession {capabilities=[{appium:app=/Users/m0k0a2f/glass-automation/us/app/glass.zip, appium:appiumVersion=2.5.1, appium:automationName=XCUITest, appium:bundleId=com.walmart.beta.electronics, appium:commandTimeout=600, appium:deviceName=iPhone 14, appium:fullReset=false, appium:idleTimeout=1000, appium:iosInstallPause=20000, appium:launchTimeout=6000000, appium:name=C2657247-glass-fc-unscheduled-delivery-track-shipment.yaml, appium:newCommandTimeout=90000, appium:noReset=true, appium:orientation=PORTRAIT, appium:platformVersion=17.4, appium:processArguments={"env":{"config":"{\"environment\":\"teflon\"}","ccm":"{\"account.ux.optimization.enabled\":{\"value\":false}}"},"args":["-kGlassExpEnabled","true","-com.walmart.px.skip-catcha","YES"]}, appium:public=share, appium:waitForQuiescence=false, platformName=IOS}], desiredCapabilities=Capabilities {appium:app: /Users/m0k0a2f/glass-automa..., appium:appiumVersion: 2.5.1, appium:automationName: XCUITest, appium:bundleId: com.walmart.beta.electronics, appium:commandTimeout: 600, appium:deviceName: iPhone 14, appium:fullReset: false, appium:idleTimeout: 1000, appium:iosInstallPause: 20000, appium:launchTimeout: 6000000, appium:name: C2657247-glass-fc-unschedul..., appium:newCommandTimeout: 90000, appium:noReset: true, appium:orientation: PORTRAIT, appium:platformVersion: 17.4, appium:processArguments: {"env":{"config":"{\"enviro..., appium:public: share, appium:waitForQuiescence: false, platformName: IOS}}]
Capabilities {appium:app: /Users/m0k0a2f/glass-automa..., appium:appiumVersion: 2.5.1, appium:automationName: XCUITest, appium:bundleId: com.walmart.beta.electronics, appium:commandTimeout: 600, appium:deviceName: iPhone 14, appium:fullReset: false, appium:idleTimeout: 1000, appium:iosInstallPause: 20000, appium:launchTimeout: 6000000, appium:name: C2657247-glass-fc-unschedul..., appium:newCommandTimeout: 90000, appium:noReset: true, appium:orientation: PORTRAIT, appium:platformVersion: 17.4, appium:processArguments: {"env":{"config":"{\"enviro..., appium:public: share, appium:waitForQuiescence: false, platformName: IOS}
	at org.openqa.selenium.remote.ProtocolHandshake.createSession(ProtocolHandshake.java:140) ~[r2.jar:4.0.2]
	at jdk.internal.reflect.DirectMethodHandleAccessor.invoke(DirectMethodHandleAccessor.java:104) ~[?:?]
	at java.lang.reflect.Method.invoke(Method.java:578) ~[?:?]
	at io.appium.java_client.remote.AppiumProtocolHandshake.createSession(AppiumProtocolHandshake.java:133) ~[r2.jar:4.0.2]
	at io.appium.java_client.remote.AppiumProtocolHandshake.createSession(AppiumProtocolHandshake.java:102) ~[r2.jar:4.0.2]
	at io.appium.java_client.remote.AppiumCommandExecutor.createSession(AppiumCommandExecutor.java:182) ~[r2.jar:4.0.2]
	at io.appium.java_client.remote.AppiumCommandExecutor.execute(AppiumCommandExecutor.java:250) ~[r2.jar:4.0.2]
	at org.openqa.selenium.remote.RemoteWebDriver.execute(RemoteWebDriver.java:602) ~[r2.jar:4.0.2]
	at io.appium.java_client.AppiumDriver.startSession(AppiumDriver.java:274) ~[r2.jar:4.0.2]
	at org.openqa.selenium.remote.RemoteWebDriver.<init>(RemoteWebDriver.java:163) ~[r2.jar:4.0.2]
	at io.appium.java_client.AppiumDriver.<init>(AppiumDriver.java:89) ~[r2.jar:4.0.2]
	at io.appium.java_client.AppiumDriver.<init>(AppiumDriver.java:101) ~[r2.jar:4.0.2]
	at io.appium.java_client.ios.IOSDriver.<init>(IOSDriver.java:104) ~[r2.jar:4.0.2]
	at com.walmartlabs.executor.Appium.setupDriver(Appium.java:774) ~[r2.jar:4.0.2]
	at com.walmartlabs.executor.Appium.setupAppium(Appium.java:699) ~[r2.jar:4.0.2]
	at com.walmartlabs.executor.Executor.start(Executor.java:360) [r2.jar:4.0.2]
	at com.walmartlabs.executor.Executor.startExecution(Executor.java:188) [r2.jar:4.0.2]
	at com.walmartlabs.executor.MultipleConfigExecutor.executeConfig(MultipleConfigExecutor.java:319) [r2.jar:4.0.2]
	at com.walmartlabs.executor.MultipleConfigExecutor.start(MultipleConfigExecutor.java:146) [r2.jar:4.0.2]
	at com.walmartlabs.R2.start(R2.java:88) [r2.jar:4.0.2]
	at com.walmartlabs.R2.main(R2.java:133) [r2.jar:4.0.2]
2024-10-09 14:11:38.225 [DEBUG] [thread-id 1] - Created report: /Users/m0k0a2f/glass-automation/report/index.html
