2022-11-22 13:38:24.109 [WARN] [thread-id 1] - no flow for function 'ca.test.functions.home.navigateHomeToSignInIos'. this function will not be available to call.
2022-11-22 13:38:51.572 [DEBUG] [thread-id 1] - Executing R2 3.29.0: '/Users/m0k0a2f/glass-automation/./us/test/test-scripts/ios/golden-flows/multifulfillment-flows/PetRX-multi-fulfillment-fc-ud+sc+ls-scheduled-delivery-3pWFS copy.yaml' on device: 'iPhone 13'
2022-11-22 13:38:55.791 [DEBUG] [thread-id 1] - Created report: /Users/m0k0a2f/glass-automation/report/index.html
2022-11-22 13:39:09.711 [WARN] [thread-id 1] - no flow for function 'ca.test.functions.home.navigateHomeToSignInIos'. this function will not be available to call.
2022-11-22 13:39:36.754 [DEBUG] [thread-id 1] - Executing R2 3.29.0: '/Users/m0k0a2f/glass-automation/./us/test/test-scripts/ios/golden-flows/multifulfillment-flows/PetRX-multi-fulfillment-fc-ud+sc+ls-scheduled-delivery-3pWFS copy.yaml' on device: 'iPhone 13'
2022-11-22 13:41:29.010 [DEBUG] [thread-id 1] - Executing scenario: 'Before'
2022-11-22 13:41:29.023 [DEBUG] [thread-id 1] - Execute before steps
2022-11-22 13:41:29.028 [DEBUG] [thread-id 1] - R2_SUBFLOW_PRE_TRANSACTION
2022-11-22 13:41:29.037 [DEBUG] [thread-id 1] - Executing function: 'us.functions.utils.astro.clearCart'
2022-11-22 13:41:29.143 [DEBUG] [thread-id 1] - Call API: 'http://astro.walmart.com/api/v2/teflon/customer/waldelpick@gmail.com/clearcart'
2022-11-22 13:41:41.644 [DEBUG] [thread-id 1] - Response code is: '200'. Response body is: '{"astroStatus":"SUCCESS","astroDescription":"CART_CLEARED","astroDetails":{"dbSessionMap":{"CXO_CART_ST":"{\"mtoken\":\"1:14#141806193#2=151289856#8=65061299\"}"},"checkoutable":false,"cart":{"id":"bb65836f-c8d3-4292-b727-bba1b3c9c03c","buyer":{"id":"b26618a5-6dbf-41b5-a9bd-e27969047058","type":"CUSTOMER"},"storeIds":[],"itemCount":0,"entityErrors":[],"shipping":{"id":"0d7d36c8-f895-46f5-8f7a-2cc8e3811fa2","dbLockVersion":0,"dbSessionMap":{},"dbLockMap":{},"postalCode":"95122","city":"San Jose","state":"CA","countryCode":"USA","latitude":37.606689,"longitude":-122.426362,"isPOBox":false,"isAPOFPO":false},"currencyCode":"USD","preview":false,"tenantId":0,"verticalId":0,"checkoutableErrors":[],"intent":"PICKUP","pickupStore":{"city":"San Jose","stateOrProvinceCode":"CA","countryCode":"USA","postalCode":"95122","storeId":"32144","services":[]},"deliveryStore":{"city":"San Jose","stateOrProvinceCode":"CA","countryCode":"USA","postalCode":"95122","storeId":"32144","services":[]},"fulfillmentPlans":[],"accessPoints":[],"reservations":[],"isExplicitIntent":false,"hasGiftEligibleItem":false,"warnings":[],"restrictions":[]},"isOmniPromiseResponse":true}}'
2022-11-22 13:41:41.741 [DEBUG] [thread-id 1] - Cart cleared for waldelpick@gmail.com
2022-11-22 13:41:41.826 [DEBUG] [thread-id 1] - Using us-errors-helpers.yaml
2022-11-22 13:41:41.917 [DEBUG] [thread-id 1] - Start Main
2022-11-22 13:41:41.921 [DEBUG] [thread-id 1] - Executing function: 'us.functions.global.onboarding.navigateOnboardingToHome'
2022-11-22 13:41:41.924 [DEBUG] [thread-id 1] - Executing function: 'us.function.utils.getEnvironmentValue'
2022-11-22 13:41:41.932 [DEBUG] [thread-id 1] - Store in: store the value 'teflon' in the variable 'env'
2022-11-22 13:41:42.063 [DEBUG] [thread-id 1] - Verify identifier: {//XCUIElementTypeStaticText[@name="WelcomeViewController.titleLabel"] | //XCUIElementTypeStaticText[@name="SignUpNudgeWelcomeViewController.titleLabel"]=[true]}
2022-11-22 13:41:52.103 [DEBUG] [thread-id 1] - conditionally execute a flow. condition: false
2022-11-22 13:41:52.269 [DEBUG] [thread-id 1] - Click element: '//XCUIElementTypeStaticText[@name="Continue"] | //XCUIElementTypeStaticText[@name="Next"] | //XCUIElementTypeStaticText[@name="Continue as guest"]'
2022-11-22 13:41:53.056 [DEBUG] [thread-id 1] - Verify identifier: {NotificationPermissionViewController.titleLabel=[true]}
2022-11-22 13:41:53.151 [DEBUG] [thread-id 1] - Click element: '//XCUIElementTypeStaticText[@name="Maybe later"]'
2022-11-22 13:42:15.328 [DEBUG] [thread-id 1] - Main failed: Is not present: 'Share your location'
2022-11-22 13:42:15.402 [DEBUG] [thread-id 1] - Executing scenario: 'After'
2022-11-22 13:42:15.414 [DEBUG] [thread-id 1] - Executing function: 'us.functions.utils.afterSteps'
2022-11-22 13:42:15.425 [WARN] [thread-id 1] - variable testStatus was used, but r2 could not find a value for this variable. returning default of null
2022-11-22 13:42:15.460 [DEBUG] [thread-id 1] - conditionally execute a flow. condition: false
2022-11-22 13:42:15.538 [DEBUG] [thread-id 1] - Test failed
2022-11-22 13:42:15.611 [DEBUG] [thread-id 1] - Executing function: 'us.functions.utils.closeErrorAlertIfExists'
2022-11-22 13:42:30.193 [DEBUG] [thread-id 1] - Created report: /Users/m0k0a2f/glass-automation/report/index.html
2022-11-22 13:45:52.554 [WARN] [thread-id 1] - no flow for function 'ca.test.functions.home.navigateHomeToSignInIos'. this function will not be available to call.
2022-11-22 13:46:20.548 [DEBUG] [thread-id 1] - Executing R2 3.29.0: '/Users/m0k0a2f/glass-automation/./us/test/test-scripts/ios/golden-flows/multifulfillment-flows/PetRX-multi-fulfillment-fc-ud+sc+ls-scheduled-delivery-3pWFS copy.yaml' on device: 'iPhone 13'
2022-11-22 13:48:11.070 [DEBUG] [thread-id 1] - Executing scenario: 'Before'
2022-11-22 13:48:11.076 [DEBUG] [thread-id 1] - Execute before steps
2022-11-22 13:48:11.082 [DEBUG] [thread-id 1] - R2_SUBFLOW_PRE_TRANSACTION
2022-11-22 13:48:11.085 [DEBUG] [thread-id 1] - Executing function: 'us.functions.utils.astro.clearCart'
2022-11-22 13:48:11.193 [DEBUG] [thread-id 1] - Call API: 'http://astro.walmart.com/api/v2/teflon/customer/waldelpick@gmail.com/clearcart'
2022-11-22 13:48:23.727 [DEBUG] [thread-id 1] - Response code is: '200'. Response body is: '{"astroStatus":"SUCCESS","astroDescription":"CART_CLEARED","astroDetails":{"dbSessionMap":{"CXO_CART_ST":"{\"mtoken\":\"1:14#141811072#2=151296196#8=65067409\"}"},"checkoutable":false,"cart":{"id":"bb65836f-c8d3-4292-b727-bba1b3c9c03c","buyer":{"id":"b26618a5-6dbf-41b5-a9bd-e27969047058","type":"CUSTOMER"},"storeIds":[],"itemCount":0,"entityErrors":[],"shipping":{"id":"d16f89e1-aa55-4d68-96bb-038821ae1406","dbLockVersion":0,"dbSessionMap":{},"dbLockMap":{},"postalCode":"95122","city":"San Jose","state":"CA","countryCode":"USA","latitude":37.606689,"longitude":-122.426362,"isPOBox":false,"isAPOFPO":false},"currencyCode":"USD","preview":false,"tenantId":0,"verticalId":0,"checkoutableErrors":[],"intent":"PICKUP","pickupStore":{"city":"San Jose","stateOrProvinceCode":"CA","countryCode":"USA","postalCode":"95122","storeId":"32144","services":[]},"deliveryStore":{"city":"San Jose","stateOrProvinceCode":"CA","countryCode":"USA","postalCode":"95122","storeId":"32144","services":[]},"fulfillmentPlans":[],"accessPoints":[],"reservations":[],"isExplicitIntent":false,"hasGiftEligibleItem":false,"warnings":[],"restrictions":[]},"isOmniPromiseResponse":true}}'
2022-11-22 13:48:23.850 [DEBUG] [thread-id 1] - Cart cleared for waldelpick@gmail.com
2022-11-22 13:48:23.970 [DEBUG] [thread-id 1] - Using us-errors-helpers.yaml
2022-11-22 13:48:24.065 [DEBUG] [thread-id 1] - Start Main
2022-11-22 13:48:24.068 [DEBUG] [thread-id 1] - Executing function: 'us.functions.global.onboarding.navigateOnboardingToHome'
2022-11-22 13:48:24.071 [DEBUG] [thread-id 1] - Executing function: 'us.function.utils.getEnvironmentValue'
2022-11-22 13:48:24.077 [DEBUG] [thread-id 1] - Store in: store the value 'teflon' in the variable 'env'
2022-11-22 13:48:24.223 [DEBUG] [thread-id 1] - Verify identifier: {//XCUIElementTypeStaticText[@name="WelcomeViewController.titleLabel"] | //XCUIElementTypeStaticText[@name="SignUpNudgeWelcomeViewController.titleLabel"]=[true]}
2022-11-22 13:48:34.231 [DEBUG] [thread-id 1] - conditionally execute a flow. condition: false
2022-11-22 13:48:34.432 [DEBUG] [thread-id 1] - Click element: '//XCUIElementTypeStaticText[@name="Continue"] | //XCUIElementTypeStaticText[@name="Next"] | //XCUIElementTypeStaticText[@name="Continue as guest"]'
2022-11-22 13:48:35.204 [DEBUG] [thread-id 1] - Verify identifier: {NotificationPermissionViewController.titleLabel=[true]}
2022-11-22 13:48:35.336 [DEBUG] [thread-id 1] - Click element: '//XCUIElementTypeStaticText[@name="Maybe later"]'
2022-11-22 13:48:56.219 [DEBUG] [thread-id 1] - Main failed: Is not present: 'Share your location'
2022-11-22 13:48:56.318 [DEBUG] [thread-id 1] - Executing scenario: 'After'
2022-11-22 13:48:56.328 [DEBUG] [thread-id 1] - Executing function: 'us.functions.utils.afterSteps'
2022-11-22 13:48:56.340 [WARN] [thread-id 1] - variable testStatus was used, but r2 could not find a value for this variable. returning default of null
2022-11-22 13:48:56.379 [DEBUG] [thread-id 1] - conditionally execute a flow. condition: false
2022-11-22 13:48:56.470 [DEBUG] [thread-id 1] - Test failed
2022-11-22 13:48:56.572 [DEBUG] [thread-id 1] - Executing function: 'us.functions.utils.closeErrorAlertIfExists'
2022-11-22 13:49:11.270 [DEBUG] [thread-id 1] - Created report: /Users/m0k0a2f/glass-automation/report/index.html
2022-11-22 13:49:18.171 [WARN] [thread-id 1] - no flow for function 'ca.test.functions.home.navigateHomeToSignInIos'. this function will not be available to call.
2022-11-22 13:49:46.250 [DEBUG] [thread-id 1] - Executing R2 3.29.0: '/Users/m0k0a2f/glass-automation/./us/test/test-scripts/ios/golden-flows/multifulfillment-flows/PetRX-multi-fulfillment-fc-ud+sc+ls-scheduled-delivery-3pWFS copy.yaml' on device: 'iPhone 13'
2022-11-22 13:51:05.258 [DEBUG] [thread-id 1] - Executing scenario: 'Before'
2022-11-22 13:51:05.266 [DEBUG] [thread-id 1] - Execute before steps
2022-11-22 13:51:05.270 [DEBUG] [thread-id 1] - R2_SUBFLOW_PRE_TRANSACTION
2022-11-22 13:51:05.274 [DEBUG] [thread-id 1] - Executing function: 'us.functions.utils.astro.clearCart'
2022-11-22 13:51:05.397 [DEBUG] [thread-id 1] - Call API: 'http://astro.walmart.com/api/v2/teflon/customer/waldelpick@gmail.com/clearcart'
2022-11-22 13:51:17.962 [DEBUG] [thread-id 1] - Response code is: '200'. Response body is: '{"astroStatus":"SUCCESS","astroDescription":"CART_CLEARED","astroDetails":{"dbSessionMap":{"CXO_CART_ST":"{\"mtoken\":\"1:14#141812703#2=151298152#8=65069876\"}"},"checkoutable":false,"cart":{"id":"bb65836f-c8d3-4292-b727-bba1b3c9c03c","buyer":{"id":"b26618a5-6dbf-41b5-a9bd-e27969047058","type":"CUSTOMER"},"storeIds":[],"itemCount":0,"entityErrors":[],"shipping":{"id":"57773966-6408-4dd4-889d-0172517fbf74","dbLockVersion":0,"dbSessionMap":{},"dbLockMap":{},"postalCode":"95122","city":"San Jose","state":"CA","countryCode":"USA","latitude":37.606689,"longitude":-122.426362,"isPOBox":false,"isAPOFPO":false},"currencyCode":"USD","preview":false,"tenantId":0,"verticalId":0,"checkoutableErrors":[],"intent":"PICKUP","pickupStore":{"city":"San Jose","stateOrProvinceCode":"CA","countryCode":"USA","postalCode":"95122","storeId":"32144","services":[]},"deliveryStore":{"city":"San Jose","stateOrProvinceCode":"CA","countryCode":"USA","postalCode":"95122","storeId":"32144","services":[]},"fulfillmentPlans":[],"accessPoints":[],"reservations":[],"isExplicitIntent":false,"hasGiftEligibleItem":false,"warnings":[],"restrictions":[]},"isOmniPromiseResponse":true}}'
2022-11-22 13:51:18.098 [DEBUG] [thread-id 1] - Cart cleared for waldelpick@gmail.com
2022-11-22 13:51:18.221 [DEBUG] [thread-id 1] - Using us-errors-helpers.yaml
2022-11-22 13:51:18.326 [DEBUG] [thread-id 1] - Start Main
2022-11-22 13:51:18.330 [DEBUG] [thread-id 1] - Executing function: 'us.functions.global.onboarding.navigateOnboardingToHome'
2022-11-22 13:51:18.332 [DEBUG] [thread-id 1] - Executing function: 'us.function.utils.getEnvironmentValue'
2022-11-22 13:51:18.336 [DEBUG] [thread-id 1] - Store in: store the value 'teflon' in the variable 'env'
2022-11-22 13:51:18.480 [DEBUG] [thread-id 1] - Verify identifier: {//XCUIElementTypeStaticText[@name="WelcomeViewController.titleLabel"] | //XCUIElementTypeStaticText[@name="SignUpNudgeWelcomeViewController.titleLabel"]=[true]}
2022-11-22 13:51:28.541 [DEBUG] [thread-id 1] - conditionally execute a flow. condition: false
2022-11-22 13:51:28.736 [DEBUG] [thread-id 1] - Click element: '//XCUIElementTypeStaticText[@name="Continue"] | //XCUIElementTypeStaticText[@name="Next"] | //XCUIElementTypeStaticText[@name="Continue as guest"]'
2022-11-22 13:51:29.413 [DEBUG] [thread-id 1] - Verify identifier: {NotificationPermissionViewController.titleLabel=[true]}
2022-11-22 13:51:29.533 [DEBUG] [thread-id 1] - Click element: '//XCUIElementTypeStaticText[@name="Maybe later"]'
2022-11-22 13:51:50.537 [DEBUG] [thread-id 1] - Main failed: Is not present: 'Share your location'
2022-11-22 13:51:50.706 [DEBUG] [thread-id 1] - Executing scenario: 'After'
2022-11-22 13:51:50.718 [DEBUG] [thread-id 1] - Executing function: 'us.functions.utils.afterSteps'
2022-11-22 13:51:50.730 [WARN] [thread-id 1] - variable testStatus was used, but r2 could not find a value for this variable. returning default of null
2022-11-22 13:51:50.767 [DEBUG] [thread-id 1] - conditionally execute a flow. condition: false
2022-11-22 13:51:50.918 [DEBUG] [thread-id 1] - Test failed
2022-11-22 13:51:51.084 [DEBUG] [thread-id 1] - Executing function: 'us.functions.utils.closeErrorAlertIfExists'
2022-11-22 13:52:01.842 [DEBUG] [thread-id 1] - After failed: App has crashed
2022-11-22 13:52:05.645 [DEBUG] [thread-id 1] - Created report: /Users/m0k0a2f/glass-automation/report/index.html
2022-11-22 13:52:15.948 [WARN] [thread-id 1] - no flow for function 'ca.test.functions.home.navigateHomeToSignInIos'. this function will not be available to call.
2022-11-22 13:52:45.367 [DEBUG] [thread-id 1] - Executing R2 3.29.0: '/Users/m0k0a2f/glass-automation/./us/test/test-scripts/ios/golden-flows/multifulfillment-flows/PetRX-multi-fulfillment-fc-ud+sc+ls-scheduled-delivery-3pWFS copy.yaml' on device: 'iPhone 13'
2022-11-22 13:54:26.635 [DEBUG] [thread-id 1] - Executing scenario: 'Before'
2022-11-22 13:54:26.647 [DEBUG] [thread-id 1] - Execute before steps
2022-11-22 13:54:26.650 [DEBUG] [thread-id 1] - R2_SUBFLOW_PRE_TRANSACTION
2022-11-22 13:54:26.653 [DEBUG] [thread-id 1] - Executing function: 'us.functions.utils.astro.clearCart'
2022-11-22 13:54:26.770 [DEBUG] [thread-id 1] - Call API: 'http://astro.walmart.com/api/v2/teflon/customer/waldelpick@gmail.com/clearcart'
2022-11-22 13:54:39.324 [DEBUG] [thread-id 1] - Response code is: '200'. Response body is: '{"astroStatus":"SUCCESS","astroDescription":"CART_CLEARED","astroDetails":{"dbSessionMap":{"CXO_CART_ST":"{\"mtoken\":\"1:14#141814118#2=151299803#8=65072128\"}"},"checkoutable":false,"cart":{"id":"bb65836f-c8d3-4292-b727-bba1b3c9c03c","buyer":{"id":"b26618a5-6dbf-41b5-a9bd-e27969047058","type":"CUSTOMER"},"storeIds":[],"itemCount":0,"entityErrors":[],"shipping":{"id":"9bdeada5-5e68-4510-a15d-b2a61e3a6d28","dbLockVersion":0,"dbSessionMap":{},"dbLockMap":{},"postalCode":"95122","city":"San Jose","state":"CA","countryCode":"USA","latitude":37.606689,"longitude":-122.426362,"isPOBox":false,"isAPOFPO":false},"currencyCode":"USD","preview":false,"tenantId":0,"verticalId":0,"checkoutableErrors":[],"intent":"PICKUP","pickupStore":{"city":"San Jose","stateOrProvinceCode":"CA","countryCode":"USA","postalCode":"95122","storeId":"32144","services":[]},"deliveryStore":{"city":"San Jose","stateOrProvinceCode":"CA","countryCode":"USA","postalCode":"95122","storeId":"32144","services":[]},"fulfillmentPlans":[],"accessPoints":[],"reservations":[],"isExplicitIntent":false,"hasGiftEligibleItem":false,"warnings":[],"restrictions":[]},"isOmniPromiseResponse":true}}'
2022-11-22 13:54:39.448 [DEBUG] [thread-id 1] - Cart cleared for waldelpick@gmail.com
2022-11-22 13:54:39.553 [DEBUG] [thread-id 1] - Using us-errors-helpers.yaml
2022-11-22 13:54:39.647 [DEBUG] [thread-id 1] - Start Main
2022-11-22 13:54:39.652 [DEBUG] [thread-id 1] - Executing function: 'us.functions.global.onboarding.navigateOnboardingToHome'
2022-11-22 13:54:39.656 [DEBUG] [thread-id 1] - Executing function: 'us.function.utils.getEnvironmentValue'
2022-11-22 13:54:39.661 [DEBUG] [thread-id 1] - Store in: store the value 'teflon' in the variable 'env'
2022-11-22 13:54:39.786 [DEBUG] [thread-id 1] - Verify identifier: {//XCUIElementTypeStaticText[@name="WelcomeViewController.titleLabel"] | //XCUIElementTypeStaticText[@name="SignUpNudgeWelcomeViewController.titleLabel"]=[true]}
2022-11-22 13:54:49.814 [DEBUG] [thread-id 1] - conditionally execute a flow. condition: false
2022-11-22 13:54:49.993 [DEBUG] [thread-id 1] - Click element: '//XCUIElementTypeStaticText[@name="Continue"] | //XCUIElementTypeStaticText[@name="Next"] | //XCUIElementTypeStaticText[@name="Continue as guest"]'
2022-11-22 13:54:50.884 [DEBUG] [thread-id 1] - Verify identifier: {NotificationPermissionViewController.titleLabel=[true]}
2022-11-22 13:54:50.993 [DEBUG] [thread-id 1] - Click element: '//XCUIElementTypeStaticText[@name="Maybe later"]'
2022-11-22 13:55:11.952 [DEBUG] [thread-id 1] - Main failed: Is not present: 'Share your location'
2022-11-22 13:55:12.052 [DEBUG] [thread-id 1] - Executing scenario: 'After'
2022-11-22 13:55:12.064 [DEBUG] [thread-id 1] - Executing function: 'us.functions.utils.afterSteps'
2022-11-22 13:55:12.080 [WARN] [thread-id 1] - variable testStatus was used, but r2 could not find a value for this variable. returning default of null
2022-11-22 13:55:12.122 [DEBUG] [thread-id 1] - conditionally execute a flow. condition: false
2022-11-22 13:55:12.241 [DEBUG] [thread-id 1] - Test failed
2022-11-22 13:55:12.357 [DEBUG] [thread-id 1] - Executing function: 'us.functions.utils.closeErrorAlertIfExists'
2022-11-22 13:55:27.081 [DEBUG] [thread-id 1] - Created report: /Users/m0k0a2f/glass-automation/report/index.html
2022-11-22 13:59:08.820 [WARN] [thread-id 1] - no flow for function 'ca.test.functions.home.navigateHomeToSignInIos'. this function will not be available to call.
2022-11-22 13:59:37.125 [DEBUG] [thread-id 1] - Executing R2 3.29.0: '/Users/m0k0a2f/glass-automation/./us/test/test-scripts/ios/golden-flows/multifulfillment-flows/PetRX-multi-fulfillment-fc-ud+sc+ls-scheduled-delivery-3pWFS copy.yaml' on device: 'iPhone 13'
2022-11-22 14:00:58.035 [DEBUG] [thread-id 1] - Executing scenario: 'Before'
2022-11-22 14:00:58.045 [DEBUG] [thread-id 1] - Execute before steps
2022-11-22 14:00:58.048 [DEBUG] [thread-id 1] - R2_SUBFLOW_PRE_TRANSACTION
2022-11-22 14:00:58.051 [DEBUG] [thread-id 1] - Executing function: 'us.functions.utils.astro.clearCart'
2022-11-22 14:00:58.159 [DEBUG] [thread-id 1] - Call API: 'http://astro.walmart.com/api/v2/teflon/customer/waldelpick@gmail.com/clearcart'
2022-11-22 14:01:10.834 [DEBUG] [thread-id 1] - Response code is: '200'. Response body is: '{"astroStatus":"SUCCESS","astroDescription":"CART_CLEARED","astroDetails":{"dbSessionMap":{"CXO_CART_ST":"{\"mtoken\":\"1:14#141814849#2=151300692#8=65072994\"}"},"checkoutable":false,"cart":{"id":"bb65836f-c8d3-4292-b727-bba1b3c9c03c","buyer":{"id":"b26618a5-6dbf-41b5-a9bd-e27969047058","type":"CUSTOMER"},"storeIds":[],"itemCount":0,"entityErrors":[],"shipping":{"id":"9bf5026e-8fc1-4576-b186-f5dd91186a4a","dbLockVersion":0,"dbSessionMap":{},"dbLockMap":{},"postalCode":"95122","city":"San Jose","state":"CA","countryCode":"USA","latitude":37.606689,"longitude":-122.426362,"isPOBox":false,"isAPOFPO":false},"currencyCode":"USD","preview":false,"tenantId":0,"verticalId":0,"checkoutableErrors":[],"intent":"PICKUP","pickupStore":{"city":"San Jose","stateOrProvinceCode":"CA","countryCode":"USA","postalCode":"95122","storeId":"32144","services":[]},"deliveryStore":{"city":"San Jose","stateOrProvinceCode":"CA","countryCode":"USA","postalCode":"95122","storeId":"32144","services":[]},"fulfillmentPlans":[],"accessPoints":[],"reservations":[],"isExplicitIntent":false,"hasGiftEligibleItem":false,"warnings":[],"restrictions":[]},"isOmniPromiseResponse":true}}'
2022-11-22 14:01:10.991 [DEBUG] [thread-id 1] - Cart cleared for waldelpick@gmail.com
2022-11-22 14:01:11.103 [DEBUG] [thread-id 1] - Using us-errors-helpers.yaml
2022-11-22 14:01:11.195 [DEBUG] [thread-id 1] - Start Main
2022-11-22 14:01:11.199 [DEBUG] [thread-id 1] - Executing function: 'us.functions.global.onboarding.navigateOnboardingToHome'
2022-11-22 14:01:11.202 [DEBUG] [thread-id 1] - Executing function: 'us.function.utils.getEnvironmentValue'
2022-11-22 14:01:11.207 [DEBUG] [thread-id 1] - Store in: store the value 'teflon' in the variable 'env'
2022-11-22 14:01:11.350 [DEBUG] [thread-id 1] - Verify identifier: {//XCUIElementTypeStaticText[@name="WelcomeViewController.titleLabel"] | //XCUIElementTypeStaticText[@name="SignUpNudgeWelcomeViewController.titleLabel"]=[true]}
2022-11-22 14:01:21.418 [DEBUG] [thread-id 1] - conditionally execute a flow. condition: false
2022-11-22 14:01:21.610 [DEBUG] [thread-id 1] - Click element: '//XCUIElementTypeStaticText[@name="Continue"] | //XCUIElementTypeStaticText[@name="Next"] | //XCUIElementTypeStaticText[@name="Continue as guest"]'
2022-11-22 14:01:22.374 [DEBUG] [thread-id 1] - Verify identifier: {NotificationPermissionViewController.titleLabel=[true]}
2022-11-22 14:01:22.495 [DEBUG] [thread-id 1] - Click element: '//XCUIElementTypeStaticText[@name="Maybe later"]'
2022-11-22 14:01:43.448 [DEBUG] [thread-id 1] - Main failed: Is not present: 'Share your location'
2022-11-22 14:01:43.542 [DEBUG] [thread-id 1] - Executing scenario: 'After'
2022-11-22 14:01:43.554 [DEBUG] [thread-id 1] - Executing function: 'us.functions.utils.afterSteps'
2022-11-22 14:01:43.569 [WARN] [thread-id 1] - variable testStatus was used, but r2 could not find a value for this variable. returning default of null
2022-11-22 14:01:43.614 [DEBUG] [thread-id 1] - conditionally execute a flow. condition: false
2022-11-22 14:01:43.729 [DEBUG] [thread-id 1] - Test failed
2022-11-22 14:01:43.842 [DEBUG] [thread-id 1] - Executing function: 'us.functions.utils.closeErrorAlertIfExists'
2022-11-22 14:01:58.652 [DEBUG] [thread-id 1] - Created report: /Users/m0k0a2f/glass-automation/report/index.html
2022-11-22 14:04:26.685 [WARN] [thread-id 1] - no flow for function 'ca.test.functions.home.navigateHomeToSignInIos'. this function will not be available to call.
2022-11-22 14:04:54.040 [DEBUG] [thread-id 1] - Executing R2 3.29.0: '/Users/m0k0a2f/glass-automation/./us/test/test-scripts/ios/golden-flows/multifulfillment-flows/PetRX-multi-fulfillment-fc-ud+sc+ls-scheduled-delivery-3pWFS copy.yaml' on device: 'iPhone 13'
2022-11-22 14:06:10.638 [DEBUG] [thread-id 1] - Executing scenario: 'Before'
2022-11-22 14:06:10.645 [DEBUG] [thread-id 1] - Execute before steps
2022-11-22 14:06:10.647 [DEBUG] [thread-id 1] - R2_SUBFLOW_PRE_TRANSACTION
2022-11-22 14:06:10.649 [DEBUG] [thread-id 1] - Executing function: 'us.functions.utils.astro.clearCart'
2022-11-22 14:06:10.763 [DEBUG] [thread-id 1] - Call API: 'http://astro.walmart.com/api/v2/teflon/customer/waldelpick@gmail.com/clearcart'
2022-11-22 14:06:23.318 [DEBUG] [thread-id 1] - Response code is: '200'. Response body is: '{"astroStatus":"SUCCESS","astroDescription":"CART_CLEARED","astroDetails":{"dbSessionMap":{"CXO_CART_ST":"{\"mtoken\":\"1:14#141816419#2=151302136#8=65075153\"}"},"checkoutable":false,"cart":{"id":"bb65836f-c8d3-4292-b727-bba1b3c9c03c","buyer":{"id":"b26618a5-6dbf-41b5-a9bd-e27969047058","type":"CUSTOMER"},"storeIds":[],"itemCount":0,"entityErrors":[],"shipping":{"id":"cc5feb55-574c-4539-8123-4948fcca5391","dbLockVersion":0,"dbSessionMap":{},"dbLockMap":{},"postalCode":"95122","city":"San Jose","state":"CA","countryCode":"USA","latitude":37.606689,"longitude":-122.426362,"isPOBox":false,"isAPOFPO":false},"currencyCode":"USD","preview":false,"tenantId":0,"verticalId":0,"checkoutableErrors":[],"intent":"PICKUP","pickupStore":{"city":"San Jose","stateOrProvinceCode":"CA","countryCode":"USA","postalCode":"95122","storeId":"32144","services":[]},"deliveryStore":{"city":"San Jose","stateOrProvinceCode":"CA","countryCode":"USA","postalCode":"95122","storeId":"32144","services":[]},"fulfillmentPlans":[],"accessPoints":[],"reservations":[],"isExplicitIntent":false,"hasGiftEligibleItem":false,"warnings":[],"restrictions":[]},"isOmniPromiseResponse":true}}'
2022-11-22 14:06:23.442 [DEBUG] [thread-id 1] - Cart cleared for waldelpick@gmail.com
2022-11-22 14:06:23.556 [DEBUG] [thread-id 1] - Using us-errors-helpers.yaml
2022-11-22 14:06:23.654 [DEBUG] [thread-id 1] - Start Main
2022-11-22 14:06:23.657 [DEBUG] [thread-id 1] - Executing function: 'us.functions.global.onboarding.navigateOnboardingToHome'
2022-11-22 14:06:23.661 [DEBUG] [thread-id 1] - Executing function: 'us.function.utils.getEnvironmentValue'
2022-11-22 14:06:23.669 [DEBUG] [thread-id 1] - Store in: store the value 'teflon' in the variable 'env'
2022-11-22 14:06:23.819 [DEBUG] [thread-id 1] - Verify identifier: {//XCUIElementTypeStaticText[@name="WelcomeViewController.titleLabel"] | //XCUIElementTypeStaticText[@name="SignUpNudgeWelcomeViewController.titleLabel"]=[true]}
2022-11-22 14:06:33.898 [DEBUG] [thread-id 1] - conditionally execute a flow. condition: false
2022-11-22 14:06:34.102 [DEBUG] [thread-id 1] - Click element: '//XCUIElementTypeStaticText[@name="Continue"] | //XCUIElementTypeStaticText[@name="Next"] | //XCUIElementTypeStaticText[@name="Continue as guest"]'
2022-11-22 14:06:34.865 [DEBUG] [thread-id 1] - Verify identifier: {NotificationPermissionViewController.titleLabel=[true]}
2022-11-22 14:06:34.998 [DEBUG] [thread-id 1] - Click element: '//XCUIElementTypeStaticText[@name="Maybe later"]'
2022-11-22 14:06:55.880 [DEBUG] [thread-id 1] - Main failed: Is not present: 'Share your location'
2022-11-22 14:06:55.976 [DEBUG] [thread-id 1] - Executing scenario: 'After'
2022-11-22 14:06:55.986 [DEBUG] [thread-id 1] - Executing function: 'us.functions.utils.afterSteps'
2022-11-22 14:06:55.996 [WARN] [thread-id 1] - variable testStatus was used, but r2 could not find a value for this variable. returning default of null
2022-11-22 14:06:56.039 [DEBUG] [thread-id 1] - conditionally execute a flow. condition: false
2022-11-22 14:06:56.147 [DEBUG] [thread-id 1] - Test failed
2022-11-22 14:06:56.267 [DEBUG] [thread-id 1] - Executing function: 'us.functions.utils.closeErrorAlertIfExists'
2022-11-22 14:07:11.058 [DEBUG] [thread-id 1] - Created report: /Users/m0k0a2f/glass-automation/report/index.html
2022-11-22 14:24:36.558 [WARN] [thread-id 1] - no flow for function 'ca.test.functions.home.navigateHomeToSignInIos'. this function will not be available to call.
2022-11-22 14:25:04.840 [DEBUG] [thread-id 1] - Executing R2 3.29.0: '/Users/m0k0a2f/glass-automation/./us/test/test-scripts/ios/golden-flows/multifulfillment-flows/PetRX-multi-fulfillment-fc-ud+sc+ls-scheduled-delivery-3pWFS copy.yaml' on device: 'iPhone 13'
2022-11-22 14:26:20.764 [DEBUG] [thread-id 1] - Executing scenario: 'Before'
2022-11-22 14:26:20.771 [DEBUG] [thread-id 1] - Execute before steps
2022-11-22 14:26:20.773 [DEBUG] [thread-id 1] - R2_SUBFLOW_PRE_TRANSACTION
2022-11-22 14:26:20.777 [DEBUG] [thread-id 1] - Executing function: 'us.functions.utils.astro.clearCart'
2022-11-22 14:26:20.889 [DEBUG] [thread-id 1] - Call API: 'http://astro.walmart.com/api/v2/teflon/customer/waldelpick@gmail.com/clearcart'
2022-11-22 14:26:33.579 [DEBUG] [thread-id 1] - Response code is: '200'. Response body is: '{"astroStatus":"SUCCESS","astroDescription":"CART_CLEARED","astroDetails":{"dbSessionMap":{"CXO_CART_ST":"{\"mtoken\":\"1:14#141825463#2=151312789#8=65087485\"}"},"checkoutable":false,"cart":{"id":"bb65836f-c8d3-4292-b727-bba1b3c9c03c","buyer":{"id":"b26618a5-6dbf-41b5-a9bd-e27969047058","type":"CUSTOMER"},"storeIds":[],"itemCount":0,"entityErrors":[],"shipping":{"id":"9be50664-e79d-4d7a-a358-0b64ec8c7401","dbLockVersion":0,"dbSessionMap":{},"dbLockMap":{},"postalCode":"95122","city":"San Jose","state":"CA","countryCode":"USA","latitude":37.606689,"longitude":-122.426362,"isPOBox":false,"isAPOFPO":false},"currencyCode":"USD","preview":false,"tenantId":0,"verticalId":0,"checkoutableErrors":[],"intent":"PICKUP","pickupStore":{"city":"San Jose","stateOrProvinceCode":"CA","countryCode":"USA","postalCode":"95122","storeId":"32144","services":[]},"deliveryStore":{"city":"San Jose","stateOrProvinceCode":"CA","countryCode":"USA","postalCode":"95122","storeId":"32144","services":[]},"fulfillmentPlans":[],"accessPoints":[],"reservations":[],"isExplicitIntent":false,"hasGiftEligibleItem":false,"warnings":[],"restrictions":[]},"isOmniPromiseResponse":true}}'
2022-11-22 14:26:33.706 [DEBUG] [thread-id 1] - Cart cleared for waldelpick@gmail.com
2022-11-22 14:26:33.820 [DEBUG] [thread-id 1] - Using us-errors-helpers.yaml
2022-11-22 14:26:33.911 [DEBUG] [thread-id 1] - Start Main
2022-11-22 14:26:33.915 [DEBUG] [thread-id 1] - Executing function: 'us.functions.global.onboarding.navigateOnboardingToHome'
2022-11-22 14:26:33.918 [DEBUG] [thread-id 1] - Executing function: 'us.function.utils.getEnvironmentValue'
2022-11-22 14:26:33.923 [DEBUG] [thread-id 1] - Store in: store the value 'teflon' in the variable 'env'
2022-11-22 14:26:34.065 [DEBUG] [thread-id 1] - Verify identifier: {//XCUIElementTypeStaticText[@name="WelcomeViewController.titleLabel"] | //XCUIElementTypeStaticText[@name="SignUpNudgeWelcomeViewController.titleLabel"]=[true]}
2022-11-22 14:26:44.082 [DEBUG] [thread-id 1] - conditionally execute a flow. condition: false
2022-11-22 14:26:44.279 [DEBUG] [thread-id 1] - Click element: '//XCUIElementTypeStaticText[@name="Continue"] | //XCUIElementTypeStaticText[@name="Next"] | //XCUIElementTypeStaticText[@name="Continue as guest"]'
2022-11-22 14:26:45.041 [DEBUG] [thread-id 1] - Verify identifier: {NotificationPermissionViewController.titleLabel=[true]}
2022-11-22 14:26:45.175 [DEBUG] [thread-id 1] - Click element: '//XCUIElementTypeStaticText[@name="Maybe later"]'
2022-11-22 14:27:06.095 [DEBUG] [thread-id 1] - Main failed: Is not present: 'Share your location'
2022-11-22 14:27:06.227 [DEBUG] [thread-id 1] - Executing scenario: 'After'
2022-11-22 14:27:06.238 [DEBUG] [thread-id 1] - Executing function: 'us.functions.utils.afterSteps'
2022-11-22 14:27:06.250 [WARN] [thread-id 1] - variable testStatus was used, but r2 could not find a value for this variable. returning default of null
2022-11-22 14:27:06.291 [DEBUG] [thread-id 1] - conditionally execute a flow. condition: false
2022-11-22 14:27:06.379 [DEBUG] [thread-id 1] - Test failed
2022-11-22 14:27:06.468 [DEBUG] [thread-id 1] - Executing function: 'us.functions.utils.closeErrorAlertIfExists'
2022-11-22 14:27:21.247 [DEBUG] [thread-id 1] - Created report: /Users/m0k0a2f/glass-automation/report/index.html
