2024-08-13 21:08:55.125 [DEBUG] [thread-id 1] - Executing R2 4.0.2: '/Users/m0k0a2f/glass-automation/./us/e2e-tests/test-scripts/android/golden-flows/Ecomm-And-Fulfillment-Flows/buy-now-flows/pre-transaction/C2657256-fc-buy-now-associate-user-verify-ebt-eligibility.yaml' on device: 'Pixel_8_Pro_API_34'
2024-08-13 21:08:55.234 [INFO] [thread-id 1] - url: http://127.0.0.1:4723
2024-08-13 21:09:11.174 [DEBUG] [thread-id 1] - Executing scenario: 'Before'
2024-08-13 21:09:11.175 [DEBUG] [thread-id 1] - R2_SUBFLOW_PRE_TRANSACTION
2024-08-13 21:09:11.177 [DEBUG] [thread-id 1] - Executing function: 'us.functions.utils.astro.clearCart'
2024-08-13 21:09:11.292 [DEBUG] [thread-id 1] - Call API: 'http://astro.walmart.com/api/v2/teflon/customer/e2e.teflon.flow.android.078@walmart.com/clearcart'
2024-08-13 21:09:25.852 [DEBUG] [thread-id 1] - Response code is: '200'. Response body is: '{"astroStatus":"SUCCESS","astroDescription":"CART_CLEARED","astroDetails":{"dbSessionMap":{"CXO_CART_ST":"{\"mtoken\":\"3:28#342037642#2=88686376#8=396248963\"}"},"checkoutable":false,"cart":{"id":"6b2d38dd-d355-484d-8975-907685ff6dcf","buyer":{"id":"8ba23a4d-e7a1-4fbb-9032-7d636f8bc3d9","type":"CUSTOMER"},"storeIds":[],"itemCount":0,"entityErrors":[],"shipping":{"id":"ba59e2be-a2f1-4da8-b180-ccd330d81319","dbLockVersion":0,"postalCode":"95122","city":"San Jose","state":"CA","countryCode":"USA","latitude":37.606689,"longitude":-122.426362,"isPOBox":false,"isAPOFPO":false},"currencyCode":"USD","preview":false,"tenantId":0,"tenantIdentifier":"elh9ie","verticalId":0,"checkoutableErrors":[],"intent":"PICKUP","pickupStore":{"city":"San Jose","stateOrProvinceCode":"CA","countryCode":"USA","postalCode":"95122","storeId":"32144","services":[]},"deliveryStore":{"city":"San Jose","stateOrProvinceCode":"CA","countryCode":"USA","postalCode":"95122","storeId":"32144","services":[]},"mpStores":[],"fulfillmentPlans":[],"accessPoints":[{"id":"f681d48a-7be4-43ea-8e10-229a1f00db37","name":"test WCP","storeId":32144,"fulfillmentType":"DELIVERY","fulfillmentOption":"DELIVERY","supportedTimeZone":"US/Pacific","locationInstruction":"[{\"type\":\"CHECKIN_DEFAULT\",\"value\":\"Deliver at front of door. Please ring bell\"},{\"type\":\"EMAIL_DEFAULT\",\"value\":\"test\"}]","isStoreEbtEligible":true,"allowAlcohol":true,"allowAgeRestricted":true,"restrictions":[],"accessType":"DELIVERY_ADDRESS","storeCategory":"Supercenter","nodeType":"STORE","pickupStartBuffer":0,"allowBagFee":true,"isBagFeeMandatory":false,"address":{"postalCode":"95122","addressLineOne":"777 STORY RD","city":"San Jose","state":"CA","addressTypeName":"OFFICE","isPOBox":false,"countryCode":"USA"}},{"id":"6168c2e3-fc36-4827-98e6-d717d10af1d6","name":"Walmart San Jose Store #32144","storeId":32144,"fulfillmentType":"INSTORE_PICKUP","fulfillmentOption":"PICKUP","supportedTimeZone":"US/Pacific","locationInstruction":"[{\"type\":\"CHECKIN_DEFAULT\",\"value\":\"<div><p><b>Please bring your government-issued ID</b></p><br /><br /><ol><li>Download and use the app to let us know you're on the way and view your parking guide.</li><li>Park in a designated pickup spot. Using the app, enter your parking info and an associate will come to you.</li><li>Show your ID to the associate if required.</li><li>The associate will request access to your trunk or back seat, then will load your items.</li><li>You're all set! Check the app to see if you need to move to any other pickup locations.</li></ol></div>\"},{\"type\":\"EMAIL_DEFAULT\",\"value\":\"NA\"},{\"type\":\"CHECKIN_1\",\"value\":\"Next, tell us when you’ve parked. Park by the pickup sign and enter your parking info so we can find you faster.\"}]","isStoreEbtEligible":true,"allowAlcohol":true,"allowAgeRestricted":true,"restrictions":[],"accessType":"PICKUP_CURBSIDE","storeCategory":"Supercenter","nodeType":"STORE","pickupStartBuffer":5,"allowBagFee":false,"isBagFeeMandatory":false,"address":{"postalCode":"95122","addressLineOne":"777 STORY RD","city":"San Jose","state":"CA","addressTypeName":"OFFICE","isPOBox":false,"countryCode":"USA"}}],"reservations":[],"isExplicitIntent":false,"hasGiftEligibleItem":false,"warnings":[],"restrictions":[]},"errorItems":[],"isOmniPromiseResponse":true,"uniqueInstallationOfferIdHolder":[]}}'
2024-08-13 21:09:26.009 [DEBUG] [thread-id 1] - Cart cleared for e2e.teflon.flow.android.078@walmart.com
2024-08-13 21:09:26.316 [DEBUG] [thread-id 1] - Using us-errors-helpers.yaml
2024-08-13 21:09:26.580 [DEBUG] [thread-id 1] - Start Main
2024-08-13 21:09:26.587 [DEBUG] [thread-id 1] - Executing function: 'us.functions.global.onboarding.navigateOnboardingToHome'
2024-08-13 21:09:26.588 [DEBUG] [thread-id 1] - Executing function: 'us.function.utils.getEnvironmentValue'
2024-08-13 21:09:26.589 [DEBUG] [thread-id 1] - Store in: store the value 'teflon' in the variable 'env'
2024-08-13 21:09:26.589 [DEBUG] [thread-id 1] - Timestamp: 1723608566589
2024-08-13 21:09:26.590 [DEBUG] [thread-id 1] - Start Activity: 'com.walmart.android.debug.com.walmart.glass.integration.splash.SplashActivity'
2024-08-13 21:09:41.297 [DEBUG] [thread-id 1] - conditionally execute a flow. condition: false
2024-08-13 21:09:41.422 [DEBUG] [thread-id 1] - Verify identifier: {com.walmart.android.debug:id/onboarding_welcome_title_textview=[true]}
2024-08-13 21:09:51.479 [DEBUG] [thread-id 1] - conditionally execute a flow. condition: false
2024-08-13 21:09:51.597 [DEBUG] [thread-id 1] - Verify identifier: {com.walmart.android.debug:id/onboarding_welcome_title_textview=[true]}
2024-08-13 21:09:51.836 [DEBUG] [thread-id 1] - Click element: 'com.walmart.android.debug:id/onboarding_welcome_secondary_button'
2024-08-13 21:09:53.785 [WARN] [thread-id 1] - variable allowNotifications was used, but r2 could not find a value for this variable. returning default of null
2024-08-13 21:09:53.787 [DEBUG] [thread-id 1] - conditionally execute a flow. condition: false
2024-08-13 21:09:53.925 [DEBUG] [thread-id 1] - Verify identifier: {com.walmart.android.debug:id/onboarding_notification_title_textview=[true]}
2024-08-13 21:09:54.375 [DEBUG] [thread-id 1] - Click element: 'com.walmart.android.debug:id/onboarding_maybe_later_button'
2024-08-13 21:09:56.985 [DEBUG] [thread-id 1] - Verify identifier: {com.walmart.android.debug:id/onboarding_location_title_textview=[true]}
2024-08-13 21:09:57.278 [DEBUG] [thread-id 1] - Click element: 'com.walmart.android.debug:id/onboarding_zip_code_button'
2024-08-13 21:09:58.275 [DEBUG] [thread-id 1] - Verify identifier: {com.walmart.android.debug:id/onboarding_title_textview=[true]}
2024-08-13 21:09:58.679 [DEBUG] [thread-id 1] - Click element: '//android.widget.EditText[@text="Enter zip code"] | //android.widget.EditText[@text="Enter postal code"] | //android.widget.EditText[@resource-id="com.walmart.android.debug:id/onboarding_zip_code_textinput"]//android.widget.EditText'
2024-08-13 21:10:00.870 [DEBUG] [thread-id 1] - Enter text: '95122'
2024-08-13 21:10:02.731 [DEBUG] [thread-id 1] - Hide keyboard: 'true'
2024-08-13 21:10:09.352 [DEBUG] [thread-id 1] - Click element: 'com.walmart.android.debug:id/onboarding_zip_code_search_button'
2024-08-13 21:10:10.007 [DEBUG] [thread-id 1] - sleep:  3000 milliseconds
2024-08-13 21:10:13.018 [DEBUG] [thread-id 1] - loop: from 0 to 3
2024-08-13 21:10:13.463 [DEBUG] [thread-id 1] - 0
2024-08-13 21:10:25.363 [DEBUG] [thread-id 1] - conditionally execute a flow. condition: false
2024-08-13 21:10:35.649 [DEBUG] [thread-id 1] - Verify identifier: {com.walmart.android.debug:id/onboarding_title_textview=[true]}
2024-08-13 21:10:35.652 [DEBUG] [thread-id 1] - Executing function: 'us.functions.global.onboarding.popUpScreen'
2024-08-13 21:10:35.652 [DEBUG] [thread-id 1] - sleep:  3000 milliseconds
2024-08-13 21:10:48.695 [DEBUG] [thread-id 1] - sleep:  3000 milliseconds
2024-08-13 21:10:51.702 [DEBUG] [thread-id 1] - Executing function: 'us.functions.global.onboarding.smartLock.DismissNoneOfTheAbove'
2024-08-13 21:11:01.709 [DEBUG] [thread-id 1] - conditionally execute a flow. condition: false
2024-08-13 21:11:11.820 [DEBUG] [thread-id 1] - sleep:  3000 milliseconds
2024-08-13 21:11:14.825 [DEBUG] [thread-id 1] - Executing function: 'us.functions.home.personalizedPopUpScreenClose'
2024-08-13 21:11:14.826 [DEBUG] [thread-id 1] - sleep:  5000 milliseconds
2024-08-13 21:11:19.838 [DEBUG] [thread-id 1] - conditionally execute a flow. condition: true
2024-08-13 21:11:20.055 [DEBUG] [thread-id 1] - Click element: 'com.walmart.android.debug:id/marketing_privacy_bottom_sheet_deny_btn'
2024-08-13 21:11:20.701 [DEBUG] [thread-id 1] - sleep:  3000 milliseconds
2024-08-13 21:11:33.876 [DEBUG] [thread-id 1] - sleep:  3000 milliseconds
2024-08-13 21:11:36.885 [DEBUG] [thread-id 1] - Executing function: 'us.functions.utils.tryAgainWhenThereIsError'
2024-08-13 21:11:36.891 [DEBUG] [thread-id 1] - loop: from 0 to 3
2024-08-13 21:11:37.134 [DEBUG] [thread-id 1] - 0
2024-08-13 21:11:47.458 [DEBUG] [thread-id 1] - conditionally execute a flow. condition: false
2024-08-13 21:11:57.722 [DEBUG] [thread-id 1] - Executing function: 'us.functions.gic.collapseIfExpanded'
2024-08-13 21:11:57.887 [DEBUG] [thread-id 1] - conditionally execute a flow. condition: true
2024-08-13 21:11:58.388 [DEBUG] [thread-id 1] - Click element: '//android.widget.ImageView[contains(@content-desc,"expanded")]'
2024-08-13 21:12:00.139 [DEBUG] [thread-id 1] - Verify identifier: {//android.widget.EditText[@resource-id="com.walmart.android.debug:id/search_view"]=[true]}
2024-08-13 21:12:00.140 [DEBUG] [thread-id 1] - Executing function: 'us.functions.home.handleReorderToolTip'
2024-08-13 21:12:10.261 [DEBUG] [thread-id 1] - conditionally execute a flow. condition: false
2024-08-13 21:12:10.436 [DEBUG] [thread-id 1] - no tooltip displayed
2024-08-13 21:12:10.438 [DEBUG] [thread-id 1] - Executing function: 'us.functions.home.navigateHomeToSignIn'
2024-08-13 21:12:10.571 [DEBUG] [thread-id 1] - Click element: '//android.widget.FrameLayout[contains(@content-desc,"Account")]'
2024-08-13 21:12:11.190 [DEBUG] [thread-id 1] - sleep:  5000 milliseconds
2024-08-13 21:12:16.366 [DEBUG] [thread-id 1] - Verify identifier: {//*[@resource-id="com.walmart.android.debug:id/sign_in_button"]|//*[@resource-id="com.walmart.android.debug:id/account_sign_in_button"]=[true]}
2024-08-13 21:12:16.368 [DEBUG] [thread-id 1] - loop: from 1 to 3
2024-08-13 21:12:16.485 [DEBUG] [thread-id 1] - Executing function: 'us.functions.global.onboarding.smartLock.DismissNoneOfTheAbove'
2024-08-13 21:12:26.587 [DEBUG] [thread-id 1] - conditionally execute a flow. condition: false
2024-08-13 21:12:37.129 [DEBUG] [thread-id 1] - conditionally execute a flow. condition: true
2024-08-13 21:12:37.359 [DEBUG] [thread-id 1] - Click element: '//*[@resource-id="com.walmart.android.debug:id/sign_in_button"]|//*[@resource-id="com.walmart.android.debug:id/account_sign_in_button"]'
2024-08-13 21:12:38.301 [DEBUG] [thread-id 1] - sleep:  3000 milliseconds
2024-08-13 21:12:51.738 [DEBUG] [thread-id 1] - conditionally execute a flow. condition: true
2024-08-13 21:12:51.826 [DEBUG] [thread-id 1] - Store in: store the value 'true' in the variable 'signInValidated'
2024-08-13 21:12:51.927 [DEBUG] [thread-id 1] - conditionally execute a flow. condition: true
2024-08-13 21:12:52.033 [DEBUG] [thread-id 1] - SignIn page loaded
2024-08-13 21:12:52.130 [DEBUG] [thread-id 1] - Store in: store the value 'false' in the variable 'signInValidated'
2024-08-13 21:12:52.135 [DEBUG] [thread-id 1] - Executing function: 'us.functions.global.authentication.signInAccount'
2024-08-13 21:12:52.138 [DEBUG] [thread-id 1] - Executing function: 'us.functions.global.onboarding.smartLock.DismissNoneOfTheAbove'
2024-08-13 21:13:02.145 [DEBUG] [thread-id 1] - conditionally execute a flow. condition: false
2024-08-13 21:13:12.405 [WARN] [thread-id 1] - variable validateSignInPage was used, but r2 could not find a value for this variable. returning default of null
2024-08-13 21:13:22.554 [DEBUG] [thread-id 1] - Verify identifier: {//android.widget.EditText[@content-desc="Email"]/android.widget.FrameLayout/android.widget.EditText | //android.widget.LinearLayout[@resource-id="com.walmart.android.debug:id/auth_field_login_id"]/android.widget.FrameLayout/android.widget.EditText | //android.widget.EditText[@text="Email"] | //android.widget.LinearLayout[@resource-id="com.walmart.android.debug:id/auth_field_login_id_component"]//android.widget.EditText | //android.widget.LinearLayout[@resource-id="com.walmart.android.debug:id/phone_number_field"]//android.widget.EditText=[true]}
2024-08-13 21:13:22.651 [DEBUG] [thread-id 1] - Enter text: 'e2e.teflon.flow.android.078@walmart.com'
2024-08-13 21:13:24.259 [DEBUG] [thread-id 1] - loop: from 1 to 3
2024-08-13 21:13:25.062 [DEBUG] [thread-id 1] - sleep:  3000 milliseconds
2024-08-13 21:13:28.245 [DEBUG] [thread-id 1] - conditionally execute a flow. condition: true
2024-08-13 21:13:28.551 [DEBUG] [thread-id 1] - Click element: 'com.walmart.android.debug:id/auth_button_main'
2024-08-13 21:13:30.258 [DEBUG] [thread-id 1] - sleep:  5000 milliseconds
2024-08-13 21:13:36.006 [DEBUG] [thread-id 1] - conditionally execute a flow. condition: true
2024-08-13 21:13:36.212 [DEBUG] [thread-id 1] - Click element: 'Enter your password'
2024-08-13 21:13:37.207 [DEBUG] [thread-id 1] - Selected Password Option to Login
2024-08-13 21:13:37.484 [DEBUG] [thread-id 1] - sleep:  5000 milliseconds
2024-08-13 21:13:42.733 [DEBUG] [thread-id 1] - conditionally execute a flow. condition: true
2024-08-13 21:13:42.842 [DEBUG] [thread-id 1] - Store in: store the value 'true' in the variable 'signInValidated'
2024-08-13 21:13:42.953 [DEBUG] [thread-id 1] - conditionally execute a flow. condition: true
2024-08-13 21:13:43.050 [DEBUG] [thread-id 1] - Store in: store the value 'false' in the variable 'signInValidated'
2024-08-13 21:13:43.154 [DEBUG] [thread-id 1] - Email entered
2024-08-13 21:14:03.251 [WARN] [thread-id 1] - variable validateSignInPage was used, but r2 could not find a value for this variable. returning default of null
2024-08-13 21:14:03.253 [DEBUG] [thread-id 1] - loop: from 1 to 3
2024-08-13 21:14:03.354 [DEBUG] [thread-id 1] - sleep:  2000 milliseconds
2024-08-13 21:14:05.487 [DEBUG] [thread-id 1] - conditionally execute a flow. condition: true
2024-08-13 21:14:05.675 [DEBUG] [thread-id 1] - Enter text: 'E2epassword$'
2024-08-13 21:14:08.018 [DEBUG] [thread-id 1] - Press go back key: 'true'
2024-08-13 21:14:09.365 [DEBUG] [thread-id 1] - sleep:  1000 milliseconds
2024-08-13 21:14:10.609 [DEBUG] [thread-id 1] - Click element: 'com.walmart.android.debug:id/auth_button_main'
2024-08-13 21:14:11.992 [DEBUG] [thread-id 1] - sleep:  5000 milliseconds
2024-08-13 21:14:17.395 [DEBUG] [thread-id 1] - conditionally execute a flow. condition: true
2024-08-13 21:14:17.547 [DEBUG] [thread-id 1] - Store in: store the value 'true' in the variable 'signInValidated'
2024-08-13 21:14:17.702 [DEBUG] [thread-id 1] - Executing function: 'us.functions.global.authentication.handleSomethingWentWrongError'
2024-08-13 21:14:17.703 [DEBUG] [thread-id 1] - sleep:  5000 milliseconds
2024-08-13 21:14:22.709 [DEBUG] [thread-id 1] - loop: from 0 to 3
2024-08-13 21:14:22.898 [DEBUG] [thread-id 1] - 0
2024-08-13 21:14:33.129 [DEBUG] [thread-id 1] - conditionally execute a flow. condition: false
2024-08-13 21:14:33.288 [DEBUG] [thread-id 1] - conditionally execute a flow. condition: true
2024-08-13 21:14:33.448 [DEBUG] [thread-id 1] - Account signed in
2024-08-13 21:14:53.737 [DEBUG] [thread-id 1] - Executing function: 'us.functions.utils.handleCartMergePopup'
2024-08-13 21:14:53.738 [DEBUG] [thread-id 1] - sleep:  7000 milliseconds
2024-08-13 21:15:00.745 [DEBUG] [thread-id 1] - loop: from 0 to 4
2024-08-13 21:15:00.909 [DEBUG] [thread-id 1] - 0
2024-08-13 21:15:11.322 [DEBUG] [thread-id 1] - conditionally execute a flow. condition: false
2024-08-13 21:15:11.462 [DEBUG] [thread-id 1] - No cart merge popup observed
2024-08-13 21:15:11.614 [DEBUG] [thread-id 1] - Executing function: 'us.functions.global.navigation.accountToHome'
2024-08-13 21:15:21.963 [DEBUG] [thread-id 1] - Verify identifier: {//androidx.cardview.widget.CardView[@resource-id="com.walmart.android.debug:id/purchase_history_card"] | //android.widget.TextView[@resource-id="com.walmart.android.debug:id/purchase_history_header"]=[true]}
2024-08-13 21:15:21.965 [DEBUG] [thread-id 1] - conditionally execute a flow. condition: true
2024-08-13 21:15:22.115 [DEBUG] [thread-id 1] - Scroll: down
2024-08-13 21:15:27.854 [DEBUG] [thread-id 1] - Scroll: up
2024-08-13 21:15:33.163 [DEBUG] [thread-id 1] - Click element: 'com.walmart.android.debug:id/navigation_shop'
2024-08-13 21:15:36.132 [DEBUG] [thread-id 1] - Executing function: 'us.functions.home.closeWPlusPromotionPopUpIfDisplayed'
2024-08-13 21:15:36.133 [DEBUG] [thread-id 1] - sleep:  6000 milliseconds
2024-08-13 21:15:52.176 [DEBUG] [thread-id 1] - Executing function: 'us.functions.home.setStore'
2024-08-13 21:15:52.181 [DEBUG] [thread-id 1] - conditionally execute a flow. condition: true
2024-08-13 21:15:52.347 [DEBUG] [thread-id 1] - Store in: store the value '95122' in the variable 'zipcode'
2024-08-13 21:15:52.506 [DEBUG] [thread-id 1] - conditionally execute a flow. condition: true
2024-08-13 21:15:52.650 [DEBUG] [thread-id 1] - Skipping as its already set to the required store
2024-08-13 21:15:52.653 [DEBUG] [thread-id 1] - Executing function: 'us.functions.gic.changeFulfillment'
2024-08-13 21:16:02.770 [DEBUG] [thread-id 1] - conditionally execute a flow. condition: false
2024-08-13 21:16:02.932 [DEBUG] [thread-id 1] - Executing function: 'us.functions.gic.expandIfCollapsed'
2024-08-13 21:16:03.054 [DEBUG] [thread-id 1] - conditionally execute a flow. condition: true
2024-08-13 21:16:03.354 [DEBUG] [thread-id 1] - Click element: '//android.widget.ImageView[contains(@resource-id, "com.walmart.android.debug:id/global_intent_center_collapsed_chevron") and (contains(@content-desc,"collapsed") or contains(@content-desc,"collapse"))]'
2024-08-13 21:16:05.077 [DEBUG] [thread-id 1] - Executing function: 'us.functions.gic.setFulfillment'
2024-08-13 21:16:15.208 [DEBUG] [thread-id 1] - conditionally execute a flow. condition: false
2024-08-13 21:16:15.368 [DEBUG] [thread-id 1] - conditionally execute a flow. condition: true
2024-08-13 21:16:25.477 [DEBUG] [thread-id 1] - Click element: '//android.widget.ImageView[contains(@content-desc,"Shipping 1 of 3") or contains(@content-desc,"Shipping selection 1 of 3")]'
2024-08-13 21:16:27.527 [DEBUG] [thread-id 1] - Click element: '//android.widget.ImageView[contains(@content-desc,"expanded")]'
2024-08-13 21:16:28.991 [DEBUG] [thread-id 1] - Executing function: 'us.functions.utils.getSearchableItem'
2024-08-13 21:16:28.992 [DEBUG] [thread-id 1] - Store in: store the value 'null' in the variable 'itemFetched'
2024-08-13 21:16:28.993 [DEBUG] [thread-id 1] - Store in: store the value 'null' in the variable 'deeplinkURL'
2024-08-13 21:16:29.161 [DEBUG] [thread-id 1] - Store in: store the value 'true' in the variable 'apiFetch'
2024-08-13 21:16:29.164 [WARN] [thread-id 1] - variable TEFLON_DATA was used, but r2 could not find a value for this variable. returning default of null
2024-08-13 21:16:29.165 [DEBUG] [thread-id 1] - conditionally execute a flow. condition: true
2024-08-13 21:16:29.353 [WARN] [thread-id 1] - variable TEFLON_DATA was used, but r2 could not find a value for this variable. returning default of null
2024-08-13 21:16:29.353 [DEBUG] [thread-id 1] - Execute Node: 'us/e2e-tests/helpers/itemFetch.js'
2024-08-13 21:16:32.619 [DEBUG] [thread-id 1] - NA
2024-08-13 21:16:32.622 [DEBUG] [thread-id 1] - conditionally execute a flow. condition: true
2024-08-13 21:16:32.764 [WARN] [thread-id 1] - variable source was used, but r2 could not find a value for this variable. returning default of null
2024-08-13 21:16:32.765 [DEBUG] [thread-id 1] - conditionally execute a flow. condition: false
2024-08-13 21:16:32.923 [DEBUG] [thread-id 1] - Item fetched by Astro API
2024-08-13 21:16:33.083 [DEBUG] [thread-id 1] - Executing function: 'us.functions.utils.fetchAstroAvailableItem'
2024-08-13 21:16:33.084 [DEBUG] [thread-id 1] - Fetching Item available in stock using Astro API for Item type FC_DELIVERY
2024-08-13 21:16:33.085 [WARN] [thread-id 1] - variable storeId was used, but r2 could not find a value for this variable. returning default of null
2024-08-13 21:16:33.087 [DEBUG] [thread-id 1] - conditionally execute a flow. condition: true
2024-08-13 21:16:33.236 [DEBUG] [thread-id 1] - Store in: store the value '32144' in the variable 'storeId'
2024-08-13 21:16:33.237 [WARN] [thread-id 1] - variable nextGen was used, but r2 could not find a value for this variable. returning default of null
2024-08-13 21:16:33.238 [DEBUG] [thread-id 1] - conditionally execute a flow. condition: true
2024-08-13 21:16:33.390 [DEBUG] [thread-id 1] - Store in: store the value 'nextgen' in the variable 'version'
2024-08-13 21:16:33.391 [WARN] [thread-id 1] - variable itemStatusHeader was used, but r2 could not find a value for this variable. returning default of null
2024-08-13 21:16:33.392 [DEBUG] [thread-id 1] - conditionally execute a flow. condition: true
2024-08-13 21:16:33.779 [DEBUG] [thread-id 1] - Store in: store the value 'SUCCESS' in the variable 'itemStatusHeader'
2024-08-13 21:16:33.786 [DEBUG] [thread-id 1] - conditionally execute a flow. condition: true
2024-08-13 21:16:33.953 [WARN] [thread-id 1] - variable itemSubFilter was used, but r2 could not find a value for this variable. returning default of null
2024-08-13 21:16:33.954 [DEBUG] [thread-id 1] - conditionally execute a flow. condition: false
2024-08-13 21:16:34.122 [DEBUG] [thread-id 1] - conditionally execute a flow. condition: false
2024-08-13 21:16:34.273 [WARN] [thread-id 1] - variable itemSubFilter was used, but r2 could not find a value for this variable. returning default of null
2024-08-13 21:16:34.274 [DEBUG] [thread-id 1] - conditionally execute a flow. condition: false
2024-08-13 21:16:34.416 [DEBUG] [thread-id 1] - conditionally execute a flow. condition: false
2024-08-13 21:16:34.582 [DEBUG] [thread-id 1] - conditionally execute a flow. condition: true
2024-08-13 21:16:34.741 [DEBUG] [thread-id 1] - Store in: store the value 'http://astro.walmart.com/api/v3/teflon/internal/getItemHealth/32144/FC_DELIVERY?itemType=associatediscount' in the variable 'fetchURL'
2024-08-13 21:16:34.914 [DEBUG] [thread-id 1] - Store in: store the value 'nextgen' in the variable 'version'
2024-08-13 21:16:34.915 [DEBUG] [thread-id 1] - Store in: store the value 'null' in the variable 'itemDetails'
2024-08-13 21:16:35.574 [DEBUG] [thread-id 1] - conditionally execute a flow. condition: true
2024-08-13 21:16:35.722 [DEBUG] [thread-id 1] - NextGen API
2024-08-13 21:16:35.883 [DEBUG] [thread-id 1] - Call API: 'http://astro.walmart.com/api/v3/teflon/internal/getItemHealth/32144/FC_DELIVERY?itemType=associatediscount'
2024-08-13 21:16:41.417 [DEBUG] [thread-id 1] - Response code is: '200'. Response body is: '{"astroStatus":"SUCCESS","astroDescription":"Items found in itemHealth Collection","astroDetails":[{"itemId":"685305373","astroStatus":"SUCCESS","astroDescription":"FC_DELIVERY (685305373), ORDER CREATED","orderType":"FC_DELIVERY","storeId":"32144","orderNumber":null,"eligiblePaths":["associatediscount"],"paymentTypes":["cc"],"inEligiblePaths":[],"offerId":"EBC1936B34B740D4ABC084798326AD9E","_id":"6525a21520bc0657302efaf0","__v":0,"createdAt":"2023-10-10T19:12:21.322Z","price":{"currencyAmount":15,"currencyUnit":"USD"},"updatedAt":"2024-08-14T04:15:10.422Z"}]}'
2024-08-13 21:16:41.588 [DEBUG] [thread-id 1] - conditionally execute a flow. condition: false
2024-08-13 21:16:41.742 [DEBUG] [thread-id 1] - SUCCESSFUL item fetched from astro API.
2024-08-13 21:16:41.909 [DEBUG] [thread-id 1] - loop: over '[{"itemId":"685305373","astroStatus":"SUCCESS","astroDescription":"FC_DELIVERY (685305373), ORDER CREATED","orderType":"FC_DELIVERY","storeId":"32144","orderNumber":null,"eligiblePaths":["associatediscount"],"paymentTypes":["cc"],"inEligiblePaths":[],"offerId":"EBC1936B34B740D4ABC084798326AD9E","_id":"6525a21520bc0657302efaf0","__v":0,"createdAt":"2023-10-10T19:12:21.322Z","price":{"currencyAmount":15,"currencyUnit":"USD"},"updatedAt":"2024-08-14T04:15:10.422Z"}]'
2024-08-13 21:16:42.067 [DEBUG] [thread-id 1] - Store in: store the value 'null' in the variable 'itemDetails'
2024-08-13 21:16:42.220 [DEBUG] [thread-id 1] - {"itemId":"685305373","astroStatus":"SUCCESS","astroDescription":"FC_DELIVERY (685305373), ORDER CREATED","orderType":"FC_DELIVERY","storeId":"32144","orderNumber":null,"eligiblePaths":["associatediscount"],"paymentTypes":["cc"],"inEligiblePaths":[],"offerId":"EBC1936B34B740D4ABC084798326AD9E","_id":"6525a21520bc0657302efaf0","__v":0,"createdAt":"2023-10-10T19:12:21.322Z","price":{"currencyAmount":15,"currencyUnit":"USD"},"updatedAt":"2024-08-14T04:15:10.422Z"}
2024-08-13 21:16:42.379 [DEBUG] [thread-id 1] - Store in: store the value '685305373' in the variable 'itemFetched'
2024-08-13 21:16:42.531 [DEBUG] [thread-id 1] - Store in: store the value 'SUCCESS' in the variable 'itemStatus'
2024-08-13 21:16:42.700 [WARN] [thread-id 1] - variable healthCheck was used, but r2 could not find a value for this variable. returning default of null
2024-08-13 21:16:42.859 [DEBUG] [thread-id 1] - conditionally execute a flow. condition: true
2024-08-13 21:16:43.014 [DEBUG] [thread-id 1] - Execute Node: 'us/e2e-tests/helpers/splitNumberString.js'
2024-08-13 21:16:43.223 [DEBUG] [thread-id 1] - 685305373
2024-08-13 21:16:43.378 [WARN] [thread-id 1] - variable skipForNext was used, but r2 could not find a value for this variable. returning default of null
2024-08-13 21:16:43.538 [WARN] [thread-id 1] - variable excludeFetchedItem was used, but r2 could not find a value for this variable. returning default of null
2024-08-13 21:16:43.539 [DEBUG] [thread-id 1] - conditionally execute a flow. condition: false
2024-08-13 21:16:43.688 [DEBUG] [thread-id 1] - Executing function: 'us.functions.utils.itemHealthCheck'
2024-08-13 21:16:43.689 [DEBUG] [thread-id 1] - Checking item eligibility before proceeding
2024-08-13 21:16:43.690 [DEBUG] [thread-id 1] - Store in: store the value 'false' in the variable 'itemEligiblity'
2024-08-13 21:16:43.690 [DEBUG] [thread-id 1] - Store in: store the value 'false' in the variable 'ignoreItem'
2024-08-13 21:16:43.695 [DEBUG] [thread-id 1] - loop: over '["516252273","821681268", "1822965598","131979272", "178236317", "779762816","1937310256","443922107","795796940", "812231723", "2466884336", "414743206", "3812214807", "3388422911", "441746984", "816076989", "472115968", "961350767","981898706","812231723","499284126279","10801611", "982133078","1126228020"]'
2024-08-13 21:16:47.376 [DEBUG] [thread-id 1] - conditionally execute a flow. condition: false
2024-08-13 21:16:47.542 [DEBUG] [thread-id 1] - conditionally execute a flow. condition: true
2024-08-13 21:16:47.689 [DEBUG] [thread-id 1] - Store in: store the value 'true' in the variable 'itemEligiblity'
2024-08-13 21:16:47.860 [DEBUG] [thread-id 1] - conditionally execute a flow. condition: true
2024-08-13 21:16:48.175 [DEBUG] [thread-id 1] - Stock available Item Id 685305373 for type FC_DELIVERY
2024-08-13 21:16:48.347 [WARN] [thread-id 1] - variable fetchedItemDataDetails was used, but r2 could not find a value for this variable. returning default of null
2024-08-13 21:16:48.348 [DEBUG] [thread-id 1] - Execute Node: 'us/e2e-tests/helpers/jsonParser.js'
2024-08-13 21:16:48.564 [DEBUG] [thread-id 1] - Store in: store the value 'false' in the variable 'skipForNext'
2024-08-13 21:16:48.710 [DEBUG] [thread-id 1] - Store in: store the value 'false' in the variable 'excludeFetchedItem'
2024-08-13 21:16:48.711 [DEBUG] [thread-id 1] - Store in: store the value 'null' in the variable 'storeId'
2024-08-13 21:16:48.712 [DEBUG] [thread-id 1] - Store in: store the value 'null' in the variable 'itemStatusHeader'
2024-08-13 21:16:48.713 [DEBUG] [thread-id 1] - Store in: store the value 'false' in the variable 'healthCheck'
2024-08-13 21:16:48.714 [DEBUG] [thread-id 1] - Store in: store the value 'null' in the variable 'version'
2024-08-13 21:16:48.714 [DEBUG] [thread-id 1] - Store in: store the value 'null' in the variable 'itemFilter'
2024-08-13 21:16:48.715 [DEBUG] [thread-id 1] - Store in: store the value 'false' in the variable 'noSubSet'
2024-08-13 21:16:48.881 [DEBUG] [thread-id 1] - Store in: store the value 'null' in the variable 'backupItem'
2024-08-13 21:16:48.882 [DEBUG] [thread-id 1] - Store in: store the value 'null' in the variable 'source'
2024-08-13 21:16:48.883 [DEBUG] [thread-id 1] - Store in: store the value 'null' in the variable 'useHardCodedItem'
2024-08-13 21:16:48.883 [DEBUG] [thread-id 1] - Store in: store the value 'walmart://item/685305373' in the variable 'deeplinkURl'
2024-08-13 21:16:48.884 [DEBUG] [thread-id 1] - Item:685305373
2024-08-13 21:16:48.885 [DEBUG] [thread-id 1] - deeplinkURL:walmart://item/685305373
2024-08-13 21:16:48.886 [DEBUG] [thread-id 1] - Store in: store the value '685305373' in the variable 'item1'
2024-08-13 21:16:48.887 [DEBUG] [thread-id 1] - Executing function: 'us.functions.global.navigation.goToDeepLink'
2024-08-13 21:16:48.887 [DEBUG] [thread-id 1] - Verify value of: '$deepLinkUrl'
2024-08-13 21:16:48.897 [DEBUG] [thread-id 1] - Open link: 'walmart://item/685305373'
2024-08-13 21:16:49.039 [DEBUG] [thread-id 1] - Executing function: 'us.functions.buyNow.associateDiscountPrompt.applyDiscount'
2024-08-13 21:17:01.549 [DEBUG] [thread-id 1] - Click element: 'com.walmart.android.debug:id/item_product_buy_now'
2024-08-13 21:19:17.135 [DEBUG] [thread-id 1] - Main failed: Is not present: 'com.walmart.android.debug:id/checkout_buy_now_long_tax_text', 'com.walmart.android.debug:id/checkout_buy_now_arriving_section', 'com.walmart.android.debug:id/checkout_buy_now_estimate_total_section', 'com.walmart.android.debug:id/checkout_buy_now_button_place_order', 'com.walmart.android.debug:id/checkout_buy_now_fulfillment_value', '//android.widget.LinearLayout[@resource-id="com.walmart.android.debug:id/checkout_buy_now_pay_value"] | //android.widget.LinearLayout[@resource-id="com.walmart.android.debug:id/buy_now_card_summaries"] | //android.view.ViewGroup[@resource-id="com.walmart.android.debug:id/checkout_buy_now_pay_with_section"] | //android.view.ViewGroup[@resource-id="com.walmart.android.debug:id/checkout_buy_now_pay_with_wallet_section"]'
2024-08-13 21:19:17.307 [DEBUG] [thread-id 1] - Executing scenario: 'After'
2024-08-13 21:19:17.308 [DEBUG] [thread-id 1] - Executing function: 'us.functions.utils.afterSteps'
2024-08-13 21:19:17.308 [WARN] [thread-id 1] - variable testStatus was used, but r2 could not find a value for this variable. returning default of null
2024-08-13 21:19:17.308 [DEBUG] [thread-id 1] - conditionally execute a flow. condition: false
2024-08-13 21:19:17.393 [DEBUG] [thread-id 1] - Test failed
2024-08-13 21:19:18.735 [DEBUG] [thread-id 1] - Created report: /Users/m0k0a2f/glass-automation/report/index.html
2024-08-13 21:35:21.566 [DEBUG] [thread-id 1] - Executing R2 4.0.2: '/Users/m0k0a2f/glass-automation/./us/e2e-tests/test-scripts/android/golden-flows/Ecomm-And-Fulfillment-Flows/buy-now-flows/pre-transaction/C2657256-fc-buy-now-associate-user-verify-ebt-eligibility.yaml' on device: 'Pixel_8_Pro_API_34'
2024-08-13 21:35:21.637 [INFO] [thread-id 1] - url: http://127.0.0.1:4723
2024-08-13 21:35:35.914 [DEBUG] [thread-id 1] - Executing scenario: 'Before'
2024-08-13 21:35:35.916 [DEBUG] [thread-id 1] - R2_SUBFLOW_PRE_TRANSACTION
2024-08-13 21:35:35.917 [DEBUG] [thread-id 1] - Executing function: 'us.functions.utils.astro.clearCart'
2024-08-13 21:35:36.018 [DEBUG] [thread-id 1] - Call API: 'http://astro.walmart.com/api/v2/teflon/customer/e2e.teflon.flow.android.078@walmart.com/clearcart'
2024-08-13 21:35:49.094 [DEBUG] [thread-id 1] - Response code is: '200'. Response body is: '{"astroStatus":"SUCCESS","astroDescription":"CART_CLEARED","astroDetails":{"dbSessionMap":{"CXO_CART_ST":"{\"mtoken\":\"3:28#342043512#2=88693684#8=396259287\"}"},"checkoutable":false,"cart":{"id":"6b2d38dd-d355-484d-8975-907685ff6dcf","buyer":{"id":"8ba23a4d-e7a1-4fbb-9032-7d636f8bc3d9","type":"CUSTOMER"},"storeIds":[],"itemCount":0,"entityErrors":[],"shipping":{"id":"00bedda2-5b93-405d-b16c-0186590b79fb","dbLockVersion":0,"postalCode":"95122","city":"San Jose","state":"CA","countryCode":"USA","latitude":37.606689,"longitude":-122.426362,"isPOBox":false,"isAPOFPO":false},"currencyCode":"USD","preview":false,"tenantId":0,"tenantIdentifier":"elh9ie","verticalId":0,"checkoutableErrors":[],"intent":"PICKUP","pickupStore":{"city":"San Jose","stateOrProvinceCode":"CA","countryCode":"USA","postalCode":"95122","storeId":"32144","services":[]},"deliveryStore":{"city":"San Jose","stateOrProvinceCode":"CA","countryCode":"USA","postalCode":"95122","storeId":"32144","services":[]},"mpStores":[],"fulfillmentPlans":[],"accessPoints":[{"id":"6168c2e3-fc36-4827-98e6-d717d10af1d6","name":"Walmart San Jose Store #32144","storeId":32144,"fulfillmentType":"INSTORE_PICKUP","fulfillmentOption":"PICKUP","supportedTimeZone":"US/Pacific","locationInstruction":"[{\"type\":\"CHECKIN_DEFAULT\",\"value\":\"<div><p><b>Please bring your government-issued ID</b></p><br /><br /><ol><li>Download and use the app to let us know you're on the way and view your parking guide.</li><li>Park in a designated pickup spot. Using the app, enter your parking info and an associate will come to you.</li><li>Show your ID to the associate if required.</li><li>The associate will request access to your trunk or back seat, then will load your items.</li><li>You're all set! Check the app to see if you need to move to any other pickup locations.</li></ol></div>\"},{\"type\":\"EMAIL_DEFAULT\",\"value\":\"NA\"},{\"type\":\"CHECKIN_1\",\"value\":\"Next, tell us when you’ve parked. Park by the pickup sign and enter your parking info so we can find you faster.\"}]","isStoreEbtEligible":true,"allowAlcohol":true,"allowAgeRestricted":true,"restrictions":[],"accessType":"PICKUP_CURBSIDE","storeCategory":"Supercenter","nodeType":"STORE","pickupStartBuffer":5,"allowBagFee":false,"isBagFeeMandatory":false,"address":{"postalCode":"95122","addressLineOne":"777 STORY RD","city":"San Jose","state":"CA","addressTypeName":"OFFICE","isPOBox":false,"countryCode":"USA"}}],"reservations":[],"isExplicitIntent":false,"hasGiftEligibleItem":false,"warnings":[],"restrictions":[]},"errorItems":[],"isOmniPromiseResponse":true,"uniqueInstallationOfferIdHolder":[]}}'
2024-08-13 21:35:49.276 [DEBUG] [thread-id 1] - Cart cleared for e2e.teflon.flow.android.078@walmart.com
2024-08-13 21:35:49.545 [DEBUG] [thread-id 1] - Using us-errors-helpers.yaml
2024-08-13 21:35:49.808 [DEBUG] [thread-id 1] - Start Main
2024-08-13 21:35:49.813 [DEBUG] [thread-id 1] - Executing function: 'us.functions.global.onboarding.navigateOnboardingToHome'
2024-08-13 21:35:49.814 [DEBUG] [thread-id 1] - Executing function: 'us.function.utils.getEnvironmentValue'
2024-08-13 21:35:49.814 [DEBUG] [thread-id 1] - Store in: store the value 'teflon' in the variable 'env'
2024-08-13 21:35:49.815 [DEBUG] [thread-id 1] - Timestamp: 1723610149815
2024-08-13 21:35:49.815 [DEBUG] [thread-id 1] - Start Activity: 'com.walmart.android.debug.com.walmart.glass.integration.splash.SplashActivity'
2024-08-13 21:36:04.499 [DEBUG] [thread-id 1] - conditionally execute a flow. condition: false
2024-08-13 21:36:04.618 [DEBUG] [thread-id 1] - Verify identifier: {com.walmart.android.debug:id/onboarding_welcome_title_textview=[true]}
2024-08-13 21:36:14.713 [DEBUG] [thread-id 1] - conditionally execute a flow. condition: false
2024-08-13 21:36:14.831 [DEBUG] [thread-id 1] - Verify identifier: {com.walmart.android.debug:id/onboarding_welcome_title_textview=[true]}
2024-08-13 21:36:15.052 [DEBUG] [thread-id 1] - Click element: 'com.walmart.android.debug:id/onboarding_welcome_secondary_button'
2024-08-13 21:36:17.037 [WARN] [thread-id 1] - variable allowNotifications was used, but r2 could not find a value for this variable. returning default of null
2024-08-13 21:36:17.039 [DEBUG] [thread-id 1] - conditionally execute a flow. condition: false
2024-08-13 21:36:17.166 [DEBUG] [thread-id 1] - Verify identifier: {com.walmart.android.debug:id/onboarding_notification_title_textview=[true]}
2024-08-13 21:36:17.590 [DEBUG] [thread-id 1] - Click element: 'com.walmart.android.debug:id/onboarding_maybe_later_button'
2024-08-13 21:36:19.650 [DEBUG] [thread-id 1] - Verify identifier: {com.walmart.android.debug:id/onboarding_location_title_textview=[true]}
2024-08-13 21:36:19.768 [DEBUG] [thread-id 1] - Click element: 'com.walmart.android.debug:id/onboarding_zip_code_button'
2024-08-13 21:36:20.747 [DEBUG] [thread-id 1] - Verify identifier: {com.walmart.android.debug:id/onboarding_title_textview=[true]}
2024-08-13 21:36:21.208 [DEBUG] [thread-id 1] - Click element: '//android.widget.EditText[@text="Enter zip code"] | //android.widget.EditText[@text="Enter postal code"] | //android.widget.EditText[@resource-id="com.walmart.android.debug:id/onboarding_zip_code_textinput"]//android.widget.EditText'
2024-08-13 21:36:22.817 [DEBUG] [thread-id 1] - Enter text: '95122'
2024-08-13 21:36:24.750 [DEBUG] [thread-id 1] - Hide keyboard: 'true'
2024-08-13 21:36:31.367 [DEBUG] [thread-id 1] - Click element: 'com.walmart.android.debug:id/onboarding_zip_code_search_button'
2024-08-13 21:36:32.026 [DEBUG] [thread-id 1] - sleep:  3000 milliseconds
2024-08-13 21:36:35.031 [DEBUG] [thread-id 1] - loop: from 0 to 3
2024-08-13 21:36:35.772 [DEBUG] [thread-id 1] - 0
2024-08-13 21:36:48.459 [DEBUG] [thread-id 1] - conditionally execute a flow. condition: false
2024-08-13 21:36:58.688 [DEBUG] [thread-id 1] - Verify identifier: {com.walmart.android.debug:id/onboarding_title_textview=[true]}
2024-08-13 21:36:58.690 [DEBUG] [thread-id 1] - Executing function: 'us.functions.global.onboarding.popUpScreen'
2024-08-13 21:36:58.691 [DEBUG] [thread-id 1] - sleep:  3000 milliseconds
2024-08-13 21:37:11.704 [DEBUG] [thread-id 1] - sleep:  3000 milliseconds
2024-08-13 21:37:14.710 [DEBUG] [thread-id 1] - Executing function: 'us.functions.global.onboarding.smartLock.DismissNoneOfTheAbove'
2024-08-13 21:37:24.724 [DEBUG] [thread-id 1] - conditionally execute a flow. condition: false
2024-08-13 21:37:35.002 [DEBUG] [thread-id 1] - sleep:  3000 milliseconds
2024-08-13 21:37:38.008 [DEBUG] [thread-id 1] - Executing function: 'us.functions.home.personalizedPopUpScreenClose'
2024-08-13 21:37:38.008 [DEBUG] [thread-id 1] - sleep:  5000 milliseconds
2024-08-13 21:37:43.014 [DEBUG] [thread-id 1] - conditionally execute a flow. condition: true
2024-08-13 21:37:43.200 [DEBUG] [thread-id 1] - Click element: 'com.walmart.android.debug:id/marketing_privacy_bottom_sheet_deny_btn'
2024-08-13 21:37:43.829 [DEBUG] [thread-id 1] - sleep:  3000 milliseconds
2024-08-13 21:37:57.083 [DEBUG] [thread-id 1] - sleep:  3000 milliseconds
2024-08-13 21:38:00.088 [DEBUG] [thread-id 1] - Executing function: 'us.functions.utils.tryAgainWhenThereIsError'
2024-08-13 21:38:00.090 [DEBUG] [thread-id 1] - loop: from 0 to 3
2024-08-13 21:38:00.319 [DEBUG] [thread-id 1] - 0
2024-08-13 21:38:10.995 [DEBUG] [thread-id 1] - conditionally execute a flow. condition: false
2024-08-13 21:38:21.374 [DEBUG] [thread-id 1] - Executing function: 'us.functions.gic.collapseIfExpanded'
2024-08-13 21:38:21.547 [DEBUG] [thread-id 1] - conditionally execute a flow. condition: true
2024-08-13 21:38:21.933 [DEBUG] [thread-id 1] - Click element: '//android.widget.ImageView[contains(@content-desc,"expanded")]'
2024-08-13 21:38:23.672 [DEBUG] [thread-id 1] - Verify identifier: {//android.widget.EditText[@resource-id="com.walmart.android.debug:id/search_view"]=[true]}
2024-08-13 21:38:23.673 [DEBUG] [thread-id 1] - Executing function: 'us.functions.home.handleReorderToolTip'
2024-08-13 21:38:33.812 [DEBUG] [thread-id 1] - conditionally execute a flow. condition: false
2024-08-13 21:38:33.989 [DEBUG] [thread-id 1] - no tooltip displayed
2024-08-13 21:38:33.991 [DEBUG] [thread-id 1] - Executing function: 'us.functions.home.navigateHomeToSignIn'
2024-08-13 21:38:34.148 [DEBUG] [thread-id 1] - Click element: '//android.widget.FrameLayout[contains(@content-desc,"Account")]'
2024-08-13 21:38:34.795 [DEBUG] [thread-id 1] - sleep:  5000 milliseconds
2024-08-13 21:38:39.954 [DEBUG] [thread-id 1] - Verify identifier: {//*[@resource-id="com.walmart.android.debug:id/sign_in_button"]|//*[@resource-id="com.walmart.android.debug:id/account_sign_in_button"]=[true]}
2024-08-13 21:38:39.957 [DEBUG] [thread-id 1] - loop: from 1 to 3
2024-08-13 21:38:40.089 [DEBUG] [thread-id 1] - Executing function: 'us.functions.global.onboarding.smartLock.DismissNoneOfTheAbove'
2024-08-13 21:38:50.118 [DEBUG] [thread-id 1] - conditionally execute a flow. condition: false
2024-08-13 21:39:01.260 [DEBUG] [thread-id 1] - conditionally execute a flow. condition: true
2024-08-13 21:39:01.513 [DEBUG] [thread-id 1] - Click element: '//*[@resource-id="com.walmart.android.debug:id/sign_in_button"]|//*[@resource-id="com.walmart.android.debug:id/account_sign_in_button"]'
2024-08-13 21:39:02.549 [DEBUG] [thread-id 1] - sleep:  3000 milliseconds
2024-08-13 21:39:06.309 [DEBUG] [thread-id 1] - conditionally execute a flow. condition: true
2024-08-13 21:39:06.395 [DEBUG] [thread-id 1] - Executing function: 'us.functions.home.signInAnotherWay'
2024-08-13 21:39:06.476 [DEBUG] [thread-id 1] - Verify identifier: {//android.view.View[@content-desc="Dismiss"]=[true]}
2024-08-13 21:39:06.557 [DEBUG] [thread-id 1] - Click element: '//android.view.View[@content-desc="Dismiss"]'
2024-08-13 21:39:07.957 [DEBUG] [thread-id 1] - conditionally execute a flow. condition: true
2024-08-13 21:39:08.038 [DEBUG] [thread-id 1] - Store in: store the value 'true' in the variable 'signInValidated'
2024-08-13 21:39:08.141 [DEBUG] [thread-id 1] - conditionally execute a flow. condition: true
2024-08-13 21:39:08.238 [DEBUG] [thread-id 1] - SignIn page loaded
2024-08-13 21:39:08.341 [DEBUG] [thread-id 1] - Store in: store the value 'false' in the variable 'signInValidated'
2024-08-13 21:39:08.350 [DEBUG] [thread-id 1] - Executing function: 'us.functions.global.authentication.signInAccount'
2024-08-13 21:39:08.353 [DEBUG] [thread-id 1] - Executing function: 'us.functions.global.onboarding.smartLock.DismissNoneOfTheAbove'
2024-08-13 21:39:18.421 [DEBUG] [thread-id 1] - conditionally execute a flow. condition: false
2024-08-13 21:39:28.682 [WARN] [thread-id 1] - variable validateSignInPage was used, but r2 could not find a value for this variable. returning default of null
2024-08-13 21:39:38.917 [DEBUG] [thread-id 1] - Verify identifier: {//android.widget.EditText[@content-desc="Email"]/android.widget.FrameLayout/android.widget.EditText | //android.widget.LinearLayout[@resource-id="com.walmart.android.debug:id/auth_field_login_id"]/android.widget.FrameLayout/android.widget.EditText | //android.widget.EditText[@text="Email"] | //android.widget.LinearLayout[@resource-id="com.walmart.android.debug:id/auth_field_login_id_component"]//android.widget.EditText | //android.widget.LinearLayout[@resource-id="com.walmart.android.debug:id/phone_number_field"]//android.widget.EditText=[true]}
2024-08-13 21:39:39.015 [DEBUG] [thread-id 1] - Enter text: 'e2e.teflon.flow.android.078@walmart.com'
2024-08-13 21:39:40.568 [DEBUG] [thread-id 1] - loop: from 1 to 3
2024-08-13 21:39:41.362 [DEBUG] [thread-id 1] - sleep:  3000 milliseconds
2024-08-13 21:39:44.533 [DEBUG] [thread-id 1] - conditionally execute a flow. condition: true
2024-08-13 21:39:44.859 [DEBUG] [thread-id 1] - Click element: 'com.walmart.android.debug:id/auth_button_main'
2024-08-13 21:39:46.340 [DEBUG] [thread-id 1] - sleep:  5000 milliseconds
2024-08-13 21:39:51.485 [DEBUG] [thread-id 1] - conditionally execute a flow. condition: true
2024-08-13 21:39:51.703 [DEBUG] [thread-id 1] - Click element: 'Enter your password'
2024-08-13 21:39:52.955 [DEBUG] [thread-id 1] - Selected Password Option to Login
2024-08-13 21:39:53.100 [DEBUG] [thread-id 1] - sleep:  5000 milliseconds
2024-08-13 21:39:58.326 [DEBUG] [thread-id 1] - conditionally execute a flow. condition: true
2024-08-13 21:39:58.434 [DEBUG] [thread-id 1] - Store in: store the value 'true' in the variable 'signInValidated'
2024-08-13 21:39:58.533 [DEBUG] [thread-id 1] - conditionally execute a flow. condition: true
2024-08-13 21:39:58.632 [DEBUG] [thread-id 1] - Store in: store the value 'false' in the variable 'signInValidated'
2024-08-13 21:39:58.743 [DEBUG] [thread-id 1] - Email entered
2024-08-13 21:40:18.888 [WARN] [thread-id 1] - variable validateSignInPage was used, but r2 could not find a value for this variable. returning default of null
2024-08-13 21:40:18.891 [DEBUG] [thread-id 1] - loop: from 1 to 3
2024-08-13 21:40:19.000 [DEBUG] [thread-id 1] - sleep:  2000 milliseconds
2024-08-13 21:40:21.108 [DEBUG] [thread-id 1] - conditionally execute a flow. condition: true
2024-08-13 21:40:21.342 [DEBUG] [thread-id 1] - Enter text: 'E2epassword$'
2024-08-13 21:40:23.669 [DEBUG] [thread-id 1] - Press go back key: 'true'
2024-08-13 21:40:25.044 [DEBUG] [thread-id 1] - sleep:  1000 milliseconds
2024-08-13 21:40:26.276 [DEBUG] [thread-id 1] - Click element: 'com.walmart.android.debug:id/auth_button_main'
2024-08-13 21:40:27.025 [DEBUG] [thread-id 1] - sleep:  5000 milliseconds
2024-08-13 21:40:34.339 [DEBUG] [thread-id 1] - conditionally execute a flow. condition: true
2024-08-13 21:40:34.499 [DEBUG] [thread-id 1] - Store in: store the value 'true' in the variable 'signInValidated'
2024-08-13 21:40:34.663 [DEBUG] [thread-id 1] - Executing function: 'us.functions.global.authentication.handleSomethingWentWrongError'
2024-08-13 21:40:34.664 [DEBUG] [thread-id 1] - sleep:  5000 milliseconds
2024-08-13 21:40:39.670 [DEBUG] [thread-id 1] - loop: from 0 to 3
2024-08-13 21:40:39.855 [DEBUG] [thread-id 1] - 0
2024-08-13 21:40:50.267 [DEBUG] [thread-id 1] - conditionally execute a flow. condition: false
2024-08-13 21:40:50.421 [DEBUG] [thread-id 1] - conditionally execute a flow. condition: true
2024-08-13 21:40:50.567 [DEBUG] [thread-id 1] - Account signed in
2024-08-13 21:41:11.111 [DEBUG] [thread-id 1] - Executing function: 'us.functions.utils.handleCartMergePopup'
2024-08-13 21:41:11.111 [DEBUG] [thread-id 1] - sleep:  7000 milliseconds
2024-08-13 21:41:18.118 [DEBUG] [thread-id 1] - loop: from 0 to 4
2024-08-13 21:41:18.312 [DEBUG] [thread-id 1] - 0
2024-08-13 21:41:28.508 [DEBUG] [thread-id 1] - conditionally execute a flow. condition: false
2024-08-13 21:41:28.661 [DEBUG] [thread-id 1] - No cart merge popup observed
2024-08-13 21:41:28.819 [DEBUG] [thread-id 1] - Executing function: 'us.functions.global.navigation.accountToHome'
2024-08-13 21:41:39.193 [DEBUG] [thread-id 1] - Verify identifier: {//androidx.cardview.widget.CardView[@resource-id="com.walmart.android.debug:id/purchase_history_card"] | //android.widget.TextView[@resource-id="com.walmart.android.debug:id/purchase_history_header"]=[true]}
2024-08-13 21:41:39.195 [DEBUG] [thread-id 1] - conditionally execute a flow. condition: true
2024-08-13 21:41:39.346 [DEBUG] [thread-id 1] - Scroll: down
2024-08-13 21:41:45.121 [DEBUG] [thread-id 1] - Scroll: up
2024-08-13 21:41:50.408 [DEBUG] [thread-id 1] - Click element: 'com.walmart.android.debug:id/navigation_shop'
2024-08-13 21:41:51.033 [DEBUG] [thread-id 1] - Executing function: 'us.functions.home.closeWPlusPromotionPopUpIfDisplayed'
2024-08-13 21:41:51.034 [DEBUG] [thread-id 1] - sleep:  6000 milliseconds
2024-08-13 21:42:07.281 [DEBUG] [thread-id 1] - Executing function: 'us.functions.home.setStore'
2024-08-13 21:42:07.284 [DEBUG] [thread-id 1] - conditionally execute a flow. condition: true
2024-08-13 21:42:07.448 [DEBUG] [thread-id 1] - Store in: store the value '95122' in the variable 'zipcode'
2024-08-13 21:42:07.594 [DEBUG] [thread-id 1] - conditionally execute a flow. condition: true
2024-08-13 21:42:07.757 [DEBUG] [thread-id 1] - Skipping as its already set to the required store
2024-08-13 21:42:07.760 [DEBUG] [thread-id 1] - Executing function: 'us.functions.gic.changeFulfillment'
2024-08-13 21:42:17.812 [DEBUG] [thread-id 1] - conditionally execute a flow. condition: false
2024-08-13 21:42:17.970 [DEBUG] [thread-id 1] - Executing function: 'us.functions.gic.expandIfCollapsed'
2024-08-13 21:42:18.141 [DEBUG] [thread-id 1] - conditionally execute a flow. condition: true
2024-08-13 21:42:18.458 [DEBUG] [thread-id 1] - Click element: '//android.widget.ImageView[contains(@resource-id, "com.walmart.android.debug:id/global_intent_center_collapsed_chevron") and (contains(@content-desc,"collapsed") or contains(@content-desc,"collapse"))]'
2024-08-13 21:42:20.220 [DEBUG] [thread-id 1] - Executing function: 'us.functions.gic.setFulfillment'
2024-08-13 21:42:30.364 [DEBUG] [thread-id 1] - conditionally execute a flow. condition: false
2024-08-13 21:42:30.543 [DEBUG] [thread-id 1] - conditionally execute a flow. condition: true
2024-08-13 21:42:40.594 [DEBUG] [thread-id 1] - Click element: '//android.widget.ImageView[contains(@content-desc,"Shipping 1 of 3") or contains(@content-desc,"Shipping selection 1 of 3")]'
2024-08-13 21:42:42.242 [DEBUG] [thread-id 1] - Click element: '//android.widget.ImageView[contains(@content-desc,"expanded")]'
2024-08-13 21:42:43.690 [DEBUG] [thread-id 1] - Executing function: 'us.functions.utils.getSearchableItem'
2024-08-13 21:42:43.691 [DEBUG] [thread-id 1] - Store in: store the value 'null' in the variable 'itemFetched'
2024-08-13 21:42:43.692 [DEBUG] [thread-id 1] - Store in: store the value 'null' in the variable 'deeplinkURL'
2024-08-13 21:42:43.692 [DEBUG] [thread-id 1] - Store in: store the value 'true' in the variable 'apiFetch'
2024-08-13 21:42:43.694 [WARN] [thread-id 1] - variable TEFLON_DATA was used, but r2 could not find a value for this variable. returning default of null
2024-08-13 21:42:43.696 [DEBUG] [thread-id 1] - conditionally execute a flow. condition: true
2024-08-13 21:42:43.874 [WARN] [thread-id 1] - variable TEFLON_DATA was used, but r2 could not find a value for this variable. returning default of null
2024-08-13 21:42:43.874 [DEBUG] [thread-id 1] - Execute Node: 'us/e2e-tests/helpers/itemFetch.js'
2024-08-13 21:42:46.724 [DEBUG] [thread-id 1] - NA
2024-08-13 21:42:46.726 [DEBUG] [thread-id 1] - conditionally execute a flow. condition: true
2024-08-13 21:42:46.906 [WARN] [thread-id 1] - variable source was used, but r2 could not find a value for this variable. returning default of null
2024-08-13 21:42:46.907 [DEBUG] [thread-id 1] - conditionally execute a flow. condition: false
2024-08-13 21:42:47.101 [DEBUG] [thread-id 1] - Item fetched by Astro API
2024-08-13 21:42:47.285 [DEBUG] [thread-id 1] - Executing function: 'us.functions.utils.fetchAstroAvailableItem'
2024-08-13 21:42:47.287 [DEBUG] [thread-id 1] - Fetching Item available in stock using Astro API for Item type FC_DELIVERY
2024-08-13 21:42:47.289 [WARN] [thread-id 1] - variable storeId was used, but r2 could not find a value for this variable. returning default of null
2024-08-13 21:42:47.291 [DEBUG] [thread-id 1] - conditionally execute a flow. condition: true
2024-08-13 21:42:48.036 [DEBUG] [thread-id 1] - Store in: store the value '32144' in the variable 'storeId'
2024-08-13 21:42:48.039 [WARN] [thread-id 1] - variable nextGen was used, but r2 could not find a value for this variable. returning default of null
2024-08-13 21:42:48.039 [DEBUG] [thread-id 1] - conditionally execute a flow. condition: true
2024-08-13 21:42:48.207 [DEBUG] [thread-id 1] - Store in: store the value 'nextgen' in the variable 'version'
2024-08-13 21:42:48.209 [WARN] [thread-id 1] - variable itemStatusHeader was used, but r2 could not find a value for this variable. returning default of null
2024-08-13 21:42:48.210 [DEBUG] [thread-id 1] - conditionally execute a flow. condition: true
2024-08-13 21:42:48.355 [DEBUG] [thread-id 1] - Store in: store the value 'SUCCESS' in the variable 'itemStatusHeader'
2024-08-13 21:42:48.356 [DEBUG] [thread-id 1] - conditionally execute a flow. condition: true
2024-08-13 21:42:48.515 [WARN] [thread-id 1] - variable itemSubFilter was used, but r2 could not find a value for this variable. returning default of null
2024-08-13 21:42:48.517 [DEBUG] [thread-id 1] - conditionally execute a flow. condition: false
2024-08-13 21:42:48.679 [DEBUG] [thread-id 1] - conditionally execute a flow. condition: false
2024-08-13 21:42:48.848 [WARN] [thread-id 1] - variable itemSubFilter was used, but r2 could not find a value for this variable. returning default of null
2024-08-13 21:42:48.849 [DEBUG] [thread-id 1] - conditionally execute a flow. condition: false
2024-08-13 21:42:49.294 [DEBUG] [thread-id 1] - conditionally execute a flow. condition: false
2024-08-13 21:42:49.453 [DEBUG] [thread-id 1] - conditionally execute a flow. condition: true
2024-08-13 21:42:49.603 [DEBUG] [thread-id 1] - Store in: store the value 'http://astro.walmart.com/api/v3/teflon/internal/getItemHealth/32144/FC_DELIVERY?itemType=associatediscount' in the variable 'fetchURL'
2024-08-13 21:42:49.777 [DEBUG] [thread-id 1] - Store in: store the value 'nextgen' in the variable 'version'
2024-08-13 21:42:49.778 [DEBUG] [thread-id 1] - Store in: store the value 'null' in the variable 'itemDetails'
2024-08-13 21:42:49.938 [DEBUG] [thread-id 1] - conditionally execute a flow. condition: true
2024-08-13 21:42:50.092 [DEBUG] [thread-id 1] - NextGen API
2024-08-13 21:42:50.253 [DEBUG] [thread-id 1] - Call API: 'http://astro.walmart.com/api/v3/teflon/internal/getItemHealth/32144/FC_DELIVERY?itemType=associatediscount'
2024-08-13 21:42:55.730 [DEBUG] [thread-id 1] - Response code is: '200'. Response body is: '{"astroStatus":"SUCCESS","astroDescription":"Items found in itemHealth Collection","astroDetails":[{"itemId":"685305373","astroStatus":"SUCCESS","astroDescription":"FC_DELIVERY (685305373), ORDER CREATED","orderType":"FC_DELIVERY","storeId":"32144","orderNumber":null,"eligiblePaths":["associatediscount"],"paymentTypes":["cc"],"inEligiblePaths":[],"offerId":"EBC1936B34B740D4ABC084798326AD9E","_id":"6525a21520bc0657302efaf0","__v":0,"createdAt":"2023-10-10T19:12:21.322Z","price":{"currencyAmount":15,"currencyUnit":"USD"},"updatedAt":"2024-08-14T04:40:08.840Z"}]}'
2024-08-13 21:42:56.021 [DEBUG] [thread-id 1] - conditionally execute a flow. condition: false
2024-08-13 21:42:56.171 [DEBUG] [thread-id 1] - SUCCESSFUL item fetched from astro API.
2024-08-13 21:42:56.348 [DEBUG] [thread-id 1] - loop: over '[{"itemId":"685305373","astroStatus":"SUCCESS","astroDescription":"FC_DELIVERY (685305373), ORDER CREATED","orderType":"FC_DELIVERY","storeId":"32144","orderNumber":null,"eligiblePaths":["associatediscount"],"paymentTypes":["cc"],"inEligiblePaths":[],"offerId":"EBC1936B34B740D4ABC084798326AD9E","_id":"6525a21520bc0657302efaf0","__v":0,"createdAt":"2023-10-10T19:12:21.322Z","price":{"currencyAmount":15,"currencyUnit":"USD"},"updatedAt":"2024-08-14T04:40:08.840Z"}]'
2024-08-13 21:42:56.512 [DEBUG] [thread-id 1] - Store in: store the value 'null' in the variable 'itemDetails'
2024-08-13 21:42:56.673 [DEBUG] [thread-id 1] - {"itemId":"685305373","astroStatus":"SUCCESS","astroDescription":"FC_DELIVERY (685305373), ORDER CREATED","orderType":"FC_DELIVERY","storeId":"32144","orderNumber":null,"eligiblePaths":["associatediscount"],"paymentTypes":["cc"],"inEligiblePaths":[],"offerId":"EBC1936B34B740D4ABC084798326AD9E","_id":"6525a21520bc0657302efaf0","__v":0,"createdAt":"2023-10-10T19:12:21.322Z","price":{"currencyAmount":15,"currencyUnit":"USD"},"updatedAt":"2024-08-14T04:40:08.840Z"}
2024-08-13 21:42:56.835 [DEBUG] [thread-id 1] - Store in: store the value '685305373' in the variable 'itemFetched'
2024-08-13 21:42:56.994 [DEBUG] [thread-id 1] - Store in: store the value 'SUCCESS' in the variable 'itemStatus'
2024-08-13 21:42:57.159 [WARN] [thread-id 1] - variable healthCheck was used, but r2 could not find a value for this variable. returning default of null
2024-08-13 21:42:57.329 [DEBUG] [thread-id 1] - conditionally execute a flow. condition: true
2024-08-13 21:42:57.492 [DEBUG] [thread-id 1] - Execute Node: 'us/e2e-tests/helpers/splitNumberString.js'
2024-08-13 21:42:57.709 [DEBUG] [thread-id 1] - 685305373
2024-08-13 21:42:57.874 [WARN] [thread-id 1] - variable skipForNext was used, but r2 could not find a value for this variable. returning default of null
2024-08-13 21:42:58.023 [WARN] [thread-id 1] - variable excludeFetchedItem was used, but r2 could not find a value for this variable. returning default of null
2024-08-13 21:42:58.024 [DEBUG] [thread-id 1] - conditionally execute a flow. condition: false
2024-08-13 21:42:58.202 [DEBUG] [thread-id 1] - Executing function: 'us.functions.utils.itemHealthCheck'
2024-08-13 21:42:58.204 [DEBUG] [thread-id 1] - Checking item eligibility before proceeding
2024-08-13 21:42:58.207 [DEBUG] [thread-id 1] - Store in: store the value 'false' in the variable 'itemEligiblity'
2024-08-13 21:42:58.208 [DEBUG] [thread-id 1] - Store in: store the value 'false' in the variable 'ignoreItem'
2024-08-13 21:42:58.209 [DEBUG] [thread-id 1] - loop: over '["516252273","821681268", "1822965598","131979272", "178236317", "779762816","1937310256","443922107","795796940", "812231723", "2466884336", "414743206", "3812214807", "3388422911", "441746984", "816076989", "472115968", "961350767","981898706","812231723","499284126279","10801611", "982133078","1126228020"]'
2024-08-13 21:43:02.656 [DEBUG] [thread-id 1] - conditionally execute a flow. condition: false
2024-08-13 21:43:02.812 [DEBUG] [thread-id 1] - conditionally execute a flow. condition: true
2024-08-13 21:43:02.971 [DEBUG] [thread-id 1] - Store in: store the value 'true' in the variable 'itemEligiblity'
2024-08-13 21:43:03.143 [DEBUG] [thread-id 1] - conditionally execute a flow. condition: true
2024-08-13 21:43:03.457 [DEBUG] [thread-id 1] - Stock available Item Id 685305373 for type FC_DELIVERY
2024-08-13 21:43:03.606 [WARN] [thread-id 1] - variable fetchedItemDataDetails was used, but r2 could not find a value for this variable. returning default of null
2024-08-13 21:43:03.607 [DEBUG] [thread-id 1] - Execute Node: 'us/e2e-tests/helpers/jsonParser.js'
2024-08-13 21:43:03.831 [DEBUG] [thread-id 1] - Store in: store the value 'false' in the variable 'skipForNext'
2024-08-13 21:43:03.997 [DEBUG] [thread-id 1] - Store in: store the value 'false' in the variable 'excludeFetchedItem'
2024-08-13 21:43:03.999 [DEBUG] [thread-id 1] - Store in: store the value 'null' in the variable 'storeId'
2024-08-13 21:43:04.000 [DEBUG] [thread-id 1] - Store in: store the value 'null' in the variable 'itemStatusHeader'
2024-08-13 21:43:04.001 [DEBUG] [thread-id 1] - Store in: store the value 'false' in the variable 'healthCheck'
2024-08-13 21:43:04.001 [DEBUG] [thread-id 1] - Store in: store the value 'null' in the variable 'version'
2024-08-13 21:43:04.002 [DEBUG] [thread-id 1] - Store in: store the value 'null' in the variable 'itemFilter'
2024-08-13 21:43:04.003 [DEBUG] [thread-id 1] - Store in: store the value 'false' in the variable 'noSubSet'
2024-08-13 21:43:04.150 [DEBUG] [thread-id 1] - Store in: store the value 'null' in the variable 'backupItem'
2024-08-13 21:43:04.150 [DEBUG] [thread-id 1] - Store in: store the value 'null' in the variable 'source'
2024-08-13 21:43:04.150 [DEBUG] [thread-id 1] - Store in: store the value 'null' in the variable 'useHardCodedItem'
2024-08-13 21:43:04.151 [DEBUG] [thread-id 1] - Store in: store the value 'walmart://item/685305373' in the variable 'deeplinkURl'
2024-08-13 21:43:04.151 [DEBUG] [thread-id 1] - Item:685305373
2024-08-13 21:43:04.151 [DEBUG] [thread-id 1] - deeplinkURL:walmart://item/685305373
2024-08-13 21:43:04.151 [DEBUG] [thread-id 1] - Store in: store the value '685305373' in the variable 'item1'
2024-08-13 21:43:04.152 [DEBUG] [thread-id 1] - Executing function: 'us.functions.global.navigation.goToDeepLink'
2024-08-13 21:43:04.152 [DEBUG] [thread-id 1] - Verify value of: '$deepLinkUrl'
2024-08-13 21:43:04.153 [DEBUG] [thread-id 1] - Open link: 'walmart://item/685305373'
2024-08-13 21:43:04.334 [DEBUG] [thread-id 1] - Executing function: 'us.functions.buyNow.associateDiscountPrompt.applyDiscount'
2024-08-13 21:43:16.612 [DEBUG] [thread-id 1] - Click element: 'com.walmart.android.debug:id/item_product_buy_now'
2024-08-13 21:45:31.648 [DEBUG] [thread-id 1] - Main failed: Is not present: 'com.walmart.android.debug:id/checkout_buy_now_long_tax_text', 'com.walmart.android.debug:id/checkout_buy_now_arriving_section', 'com.walmart.android.debug:id/checkout_buy_now_estimate_total_section', 'com.walmart.android.debug:id/checkout_buy_now_button_place_order', 'com.walmart.android.debug:id/checkout_buy_now_fulfillment_value', '//android.widget.LinearLayout[@resource-id="com.walmart.android.debug:id/checkout_buy_now_pay_value"] | //android.widget.LinearLayout[@resource-id="com.walmart.android.debug:id/buy_now_card_summaries"] | //android.view.ViewGroup[@resource-id="com.walmart.android.debug:id/checkout_buy_now_pay_with_section"] | //android.view.ViewGroup[@resource-id="com.walmart.android.debug:id/checkout_buy_now_pay_with_wallet_section"]'
2024-08-13 21:45:31.851 [DEBUG] [thread-id 1] - Executing scenario: 'After'
2024-08-13 21:45:31.852 [DEBUG] [thread-id 1] - Executing function: 'us.functions.utils.afterSteps'
2024-08-13 21:45:31.853 [WARN] [thread-id 1] - variable testStatus was used, but r2 could not find a value for this variable. returning default of null
2024-08-13 21:45:31.853 [DEBUG] [thread-id 1] - conditionally execute a flow. condition: false
2024-08-13 21:45:31.933 [DEBUG] [thread-id 1] - Test failed
2024-08-13 21:45:33.137 [DEBUG] [thread-id 1] - Created report: /Users/m0k0a2f/glass-automation/report/index.html
