2024-06-08 21:36:05.419 [DEBUG] [thread-id 1] - Executing R2 4.0.2: '/Users/m0k0a2f/glass-automation/./us/e2e-tests/test-scripts/android/prod-flows/Ecomm-And-Fulfillment-Flows/acc-auto-care-center-flows/C2693272-acc-pay-for-installation.yaml' on device: 'Pixel_8_Pro_API_34'
2024-06-08 21:36:05.605 [INFO] [thread-id 1] - url: http://127.0.0.1:4723
2024-06-08 21:36:19.987 [DEBUG] [thread-id 1] - Executing scenario: 'Before'
2024-06-08 21:36:19.989 [DEBUG] [thread-id 1] - R2_SUBFLOW_PRE_TRANSACTION
2024-06-08 21:36:20.076 [DEBUG] [thread-id 1] - Using us-errors-helpers.yaml
2024-06-08 21:36:20.168 [DEBUG] [thread-id 1] - Store in: store the value 'production' in the variable 'env'
2024-06-08 21:36:20.168 [DEBUG] [thread-id 1] - Timestamp: 1717907780168
2024-06-08 21:36:20.169 [DEBUG] [thread-id 1] - Start Activity: 'com.walmart.android.debug.com.walmart.glass.integration.splash.SplashActivity'
2024-06-08 21:36:34.944 [DEBUG] [thread-id 1] - conditionally execute a flow. condition: false
2024-06-08 21:36:35.004 [DEBUG] [thread-id 1] - Verify identifier: {com.walmart.android.debug:id/onboarding_welcome_title_textview=[true]}
2024-06-08 21:36:45.059 [DEBUG] [thread-id 1] - conditionally execute a flow. condition: false
2024-06-08 21:36:45.118 [DEBUG] [thread-id 1] - Verify identifier: {com.walmart.android.debug:id/onboarding_welcome_title_textview=[true]}
2024-06-08 21:36:45.229 [DEBUG] [thread-id 1] - Click element: 'com.walmart.android.debug:id/onboarding_welcome_secondary_button'
2024-06-08 21:36:47.168 [WARN] [thread-id 1] - variable allowNotifications was used, but r2 could not find a value for this variable. returning default of null
2024-06-08 21:36:47.173 [DEBUG] [thread-id 1] - conditionally execute a flow. condition: false
2024-06-08 21:36:47.242 [DEBUG] [thread-id 1] - Verify identifier: {com.walmart.android.debug:id/onboarding_notification_title_textview=[true]}
2024-06-08 21:36:47.373 [DEBUG] [thread-id 1] - Click element: 'com.walmart.android.debug:id/onboarding_maybe_later_button'
2024-06-08 21:36:49.398 [DEBUG] [thread-id 1] - Verify identifier: {com.walmart.android.debug:id/onboarding_location_title_textview=[true]}
2024-06-08 21:36:49.469 [DEBUG] [thread-id 1] - Click element: 'com.walmart.android.debug:id/onboarding_zip_code_button'
2024-06-08 21:36:50.313 [DEBUG] [thread-id 1] - Verify identifier: {com.walmart.android.debug:id/onboarding_title_textview=[true]}
2024-06-08 21:36:50.834 [DEBUG] [thread-id 1] - Click element: '//android.widget.EditText[@text="Enter zip code"] | //android.widget.EditText[@text="Enter postal code"] | //android.widget.EditText[@resource-id="com.walmart.android.debug:id/onboarding_zip_code_textinput"]//android.widget.EditText'
2024-06-08 21:36:52.398 [DEBUG] [thread-id 1] - Enter text: '95122'
2024-06-08 21:36:54.318 [DEBUG] [thread-id 1] - Hide keyboard: 'true'
2024-06-08 21:37:01.477 [DEBUG] [thread-id 1] - Click element: 'com.walmart.android.debug:id/onboarding_zip_code_search_button'
2024-06-08 21:37:02.156 [DEBUG] [thread-id 1] - sleep:  3000 milliseconds
2024-06-08 21:37:05.158 [DEBUG] [thread-id 1] - loop: from 0 to 3
2024-06-08 21:37:07.027 [DEBUG] [thread-id 1] - 0
2024-06-08 21:37:17.234 [DEBUG] [thread-id 1] - conditionally execute a flow. condition: false
2024-06-08 21:37:27.458 [DEBUG] [thread-id 1] - Verify identifier: {com.walmart.android.debug:id/onboarding_title_textview=[true]}
2024-06-08 21:37:27.462 [DEBUG] [thread-id 1] - Executing function: 'us.functions.global.onboarding.popUpScreen'
2024-06-08 21:37:27.462 [DEBUG] [thread-id 1] - sleep:  3000 milliseconds
2024-06-08 21:37:40.520 [DEBUG] [thread-id 1] - sleep:  3000 milliseconds
2024-06-08 21:37:43.526 [DEBUG] [thread-id 1] - Executing function: 'us.functions.global.onboarding.smartLock.DismissNoneOfTheAbove'
2024-06-08 21:37:53.602 [DEBUG] [thread-id 1] - conditionally execute a flow. condition: false
2024-06-08 21:38:03.825 [DEBUG] [thread-id 1] - sleep:  3000 milliseconds
2024-06-08 21:38:06.830 [DEBUG] [thread-id 1] - Executing function: 'us.functions.home.personalizedPopUpScreenClose'
2024-06-08 21:38:06.830 [DEBUG] [thread-id 1] - sleep:  5000 milliseconds
2024-06-08 21:38:21.837 [DEBUG] [thread-id 1] - sleep:  3000 milliseconds
2024-06-08 21:38:34.848 [DEBUG] [thread-id 1] - sleep:  3000 milliseconds
2024-06-08 21:38:37.852 [DEBUG] [thread-id 1] - Executing function: 'us.functions.utils.tryAgainWhenThereIsError'
2024-06-08 21:38:37.853 [DEBUG] [thread-id 1] - loop: from 0 to 3
2024-06-08 21:38:37.958 [DEBUG] [thread-id 1] - 0
2024-06-08 21:38:48.071 [DEBUG] [thread-id 1] - conditionally execute a flow. condition: false
2024-06-08 21:38:58.148 [DEBUG] [thread-id 1] - Executing function: 'us.functions.gic.collapseIfExpanded'
2024-06-08 21:39:08.200 [DEBUG] [thread-id 1] - conditionally execute a flow. condition: false
2024-06-08 21:39:08.283 [DEBUG] [thread-id 1] - gic is collapsed
2024-06-08 21:39:08.352 [DEBUG] [thread-id 1] - Verify identifier: {//android.widget.EditText[@resource-id="com.walmart.android.debug:id/search_view"]=[true]}
2024-06-08 21:39:08.352 [DEBUG] [thread-id 1] - Executing function: 'us.functions.home.handleReorderToolTip'
2024-06-08 21:39:08.354 [DEBUG] [thread-id 1] - conditionally execute a flow. condition: true
2024-06-08 21:39:08.429 [DEBUG] [thread-id 1] - tooltip displayed
2024-06-08 21:39:08.576 [DEBUG] [thread-id 1] - Click element: 'com.walmart.android.debug:id/design_callout_close_button'
2024-06-08 21:39:09.309 [DEBUG] [thread-id 1] - Verify identifier: {com.walmart.android.debug:id/design_callout_text=[true]}
2024-06-08 21:39:09.912 [DEBUG] [thread-id 1] - sleep:  3000 milliseconds
2024-06-08 21:39:12.918 [DEBUG] [thread-id 1] - Executing function: 'us.functions.home.navigateHomeToSignIn'
2024-06-08 21:39:12.998 [DEBUG] [thread-id 1] - Click element: '//android.widget.FrameLayout[contains(@content-desc,"Account")]'
2024-06-08 21:39:13.640 [DEBUG] [thread-id 1] - sleep:  5000 milliseconds
2024-06-08 21:39:18.727 [DEBUG] [thread-id 1] - Verify identifier: {//*[@resource-id="com.walmart.android.debug:id/sign_in_button"]|//*[@resource-id="com.walmart.android.debug:id/account_sign_in_button"]=[true]}
2024-06-08 21:39:18.729 [DEBUG] [thread-id 1] - loop: from 1 to 3
2024-06-08 21:39:18.792 [DEBUG] [thread-id 1] - Executing function: 'us.functions.global.onboarding.smartLock.DismissNoneOfTheAbove'
2024-06-08 21:39:28.794 [DEBUG] [thread-id 1] - conditionally execute a flow. condition: false
2024-06-08 21:39:39.089 [DEBUG] [thread-id 1] - conditionally execute a flow. condition: true
2024-06-08 21:39:39.216 [DEBUG] [thread-id 1] - Click element: '//*[@resource-id="com.walmart.android.debug:id/sign_in_button"]|//*[@resource-id="com.walmart.android.debug:id/account_sign_in_button"]'
2024-06-08 21:39:40.177 [DEBUG] [thread-id 1] - sleep:  3000 milliseconds
2024-06-08 21:39:53.344 [DEBUG] [thread-id 1] - conditionally execute a flow. condition: true
2024-06-08 21:39:53.376 [DEBUG] [thread-id 1] - Store in: store the value 'true' in the variable 'signInValidated'
2024-06-08 21:39:53.426 [DEBUG] [thread-id 1] - conditionally execute a flow. condition: true
2024-06-08 21:39:53.453 [DEBUG] [thread-id 1] - SignIn page loaded
2024-06-08 21:39:53.490 [DEBUG] [thread-id 1] - Store in: store the value 'false' in the variable 'signInValidated'
2024-06-08 21:39:53.494 [DEBUG] [thread-id 1] - Executing function: 'us.functions.global.authentication.signInAccount'
2024-06-08 21:39:53.495 [DEBUG] [thread-id 1] - Executing function: 'us.functions.global.onboarding.smartLock.DismissNoneOfTheAbove'
2024-06-08 21:40:03.501 [DEBUG] [thread-id 1] - conditionally execute a flow. condition: false
2024-06-08 21:40:13.559 [WARN] [thread-id 1] - variable validateSignInPage was used, but r2 could not find a value for this variable. returning default of null
2024-06-08 21:40:13.591 [DEBUG] [thread-id 1] - Verify identifier: {//android.widget.EditText[@content-desc="Email"]/android.widget.FrameLayout/android.widget.EditText | //android.widget.LinearLayout[@resource-id="com.walmart.android.debug:id/auth_field_login_id"]/android.widget.FrameLayout/android.widget.EditText | //android.widget.EditText[@text="Email"] | //android.widget.EditText[@content-desc="Phone number or email"]/android.widget.FrameLayout/android.widget.EditText | //android.widget.LinearLayout[@resource-id="com.walmart.android.debug:id/auth_field_login_id_component"]//android.widget.EditText=[true]}
2024-06-08 21:40:13.628 [DEBUG] [thread-id 1] - Enter text: 'prod.mp.seller@cloudtest.org'
2024-06-08 21:40:15.171 [DEBUG] [thread-id 1] - loop: from 1 to 3
2024-06-08 21:40:15.927 [DEBUG] [thread-id 1] - sleep:  3000 milliseconds
2024-06-08 21:40:19.074 [DEBUG] [thread-id 1] - conditionally execute a flow. condition: true
2024-06-08 21:40:19.277 [DEBUG] [thread-id 1] - Click element: 'com.walmart.android.debug:id/auth_button_main'
2024-06-08 21:40:21.486 [DEBUG] [thread-id 1] - sleep:  5000 milliseconds
2024-06-08 21:40:26.557 [DEBUG] [thread-id 1] - conditionally execute a flow. condition: true
2024-06-08 21:40:26.641 [DEBUG] [thread-id 1] - Click element: 'Enter your password'
2024-06-08 21:40:27.803 [DEBUG] [thread-id 1] - Selected Password Option to Login
2024-06-08 21:40:27.852 [DEBUG] [thread-id 1] - sleep:  5000 milliseconds
2024-06-08 21:40:32.954 [DEBUG] [thread-id 1] - conditionally execute a flow. condition: true
2024-06-08 21:40:32.994 [DEBUG] [thread-id 1] - Store in: store the value 'true' in the variable 'signInValidated'
2024-06-08 21:40:33.044 [DEBUG] [thread-id 1] - conditionally execute a flow. condition: true
2024-06-08 21:40:33.094 [DEBUG] [thread-id 1] - Store in: store the value 'false' in the variable 'signInValidated'
2024-06-08 21:40:33.137 [DEBUG] [thread-id 1] - Email entered
2024-06-08 21:40:53.195 [WARN] [thread-id 1] - variable validateSignInPage was used, but r2 could not find a value for this variable. returning default of null
2024-06-08 21:40:53.199 [DEBUG] [thread-id 1] - loop: from 1 to 3
2024-06-08 21:40:53.232 [DEBUG] [thread-id 1] - sleep:  2000 milliseconds
2024-06-08 21:40:55.283 [DEBUG] [thread-id 1] - conditionally execute a flow. condition: true
2024-06-08 21:40:55.371 [DEBUG] [thread-id 1] - Enter text: 'E2epassword$'
2024-06-08 21:40:57.671 [DEBUG] [thread-id 1] - Press go back key: 'true'
2024-06-08 21:40:59.003 [DEBUG] [thread-id 1] - sleep:  1000 milliseconds
2024-06-08 21:41:00.108 [DEBUG] [thread-id 1] - Click element: 'com.walmart.android.debug:id/auth_button_main'
2024-06-08 21:41:00.855 [DEBUG] [thread-id 1] - sleep:  5000 milliseconds
2024-06-08 21:41:07.083 [DEBUG] [thread-id 1] - conditionally execute a flow. condition: true
2024-06-08 21:41:07.166 [DEBUG] [thread-id 1] - Store in: store the value 'true' in the variable 'signInValidated'
2024-06-08 21:41:07.252 [DEBUG] [thread-id 1] - Executing function: 'us.functions.global.authentication.handleSomethingWentWrongError'
2024-06-08 21:41:07.252 [DEBUG] [thread-id 1] - sleep:  5000 milliseconds
2024-06-08 21:41:12.254 [DEBUG] [thread-id 1] - loop: from 0 to 3
2024-06-08 21:41:12.358 [DEBUG] [thread-id 1] - 0
2024-06-08 21:41:22.453 [DEBUG] [thread-id 1] - conditionally execute a flow. condition: false
2024-06-08 21:41:22.536 [DEBUG] [thread-id 1] - conditionally execute a flow. condition: true
2024-06-08 21:41:22.621 [DEBUG] [thread-id 1] - Account signed in
2024-06-08 21:41:32.741 [DEBUG] [thread-id 1] - Executing function: 'us.functions.utils.handleCartMergePopup'
2024-06-08 21:41:32.742 [DEBUG] [thread-id 1] - sleep:  7000 milliseconds
2024-06-08 21:41:39.752 [DEBUG] [thread-id 1] - loop: from 0 to 4
2024-06-08 21:41:39.880 [DEBUG] [thread-id 1] - 0
2024-06-08 21:41:50.022 [DEBUG] [thread-id 1] - conditionally execute a flow. condition: false
2024-06-08 21:41:50.102 [DEBUG] [thread-id 1] - No cart merge popup observed
2024-06-08 21:41:50.191 [DEBUG] [thread-id 1] - Executing function: 'us.functions.global.navigation.accountToHome'
2024-06-08 21:42:00.269 [DEBUG] [thread-id 1] - Verify identifier: {//androidx.cardview.widget.CardView[@resource-id="com.walmart.android.debug:id/purchase_history_card"] | //android.widget.TextView[@resource-id="com.walmart.android.debug:id/purchase_history_header"]=[true]}
2024-06-08 21:42:00.271 [DEBUG] [thread-id 1] - conditionally execute a flow. condition: true
2024-06-08 21:42:00.357 [DEBUG] [thread-id 1] - Scroll: down
2024-06-08 21:42:06.498 [DEBUG] [thread-id 1] - Scroll: up
2024-06-08 21:42:11.542 [DEBUG] [thread-id 1] - Click element: 'com.walmart.android.debug:id/navigation_shop'
2024-06-08 21:42:13.605 [DEBUG] [thread-id 1] - Executing function: 'us.functions.home.closeWPlusPromotionPopUpIfDisplayed'
2024-06-08 21:42:13.606 [DEBUG] [thread-id 1] - sleep:  6000 milliseconds
2024-06-08 21:42:29.730 [DEBUG] [thread-id 1] - Executing function: 'us.functions.global.navigation.toCartFromNavBar'
2024-06-08 21:42:29.806 [DEBUG] [thread-id 1] - Verify identifier: {com.walmart.android.debug:id/cart_summary_icon=[true]}
2024-06-08 21:42:29.866 [DEBUG] [thread-id 1] - Click element: 'com.walmart.android.debug:id/cart_summary_icon'
2024-06-08 21:42:30.496 [DEBUG] [thread-id 1] - sleep:  6000 milliseconds
2024-06-08 21:42:36.503 [DEBUG] [thread-id 1] - Executing function: 'us.functions.cart.itemMultiSellerUpdatePopUp'
2024-06-08 21:42:46.557 [DEBUG] [thread-id 1] - Executing function: 'us.functions.cart.storeChangePopUp'
2024-06-08 21:43:06.578 [DEBUG] [thread-id 1] - conditionally execute a flow. condition: false
2024-06-08 21:43:16.704 [DEBUG] [thread-id 1] - conditionally execute a flow. condition: false
2024-06-08 21:43:16.778 [WARN] [thread-id 1] - variable skipValidation was used, but r2 could not find a value for this variable. returning default of null
2024-06-08 21:43:16.780 [DEBUG] [thread-id 1] - conditionally execute a flow. condition: true
2024-06-08 21:43:16.864 [DEBUG] [thread-id 1] - Executing function: 'us.functions.utils.handleTechnicalErrorPageInCart'
2024-06-08 21:43:16.867 [DEBUG] [thread-id 1] - sleep:  15000 milliseconds
2024-06-08 21:43:31.875 [DEBUG] [thread-id 1] - Store in: store the value 'false' in the variable 'cartPageLoaded'
2024-06-08 21:43:31.882 [DEBUG] [thread-id 1] - loop: from 0 to 7
2024-06-08 21:43:31.980 [DEBUG] [thread-id 1] - 0
2024-06-08 21:43:32.123 [DEBUG] [thread-id 1] - conditionally execute a flow. condition: true
2024-06-08 21:43:32.234 [DEBUG] [thread-id 1] - conditionally execute a flow. condition: true
2024-06-08 21:43:32.306 [DEBUG] [thread-id 1] - Store in: store the value 'true' in the variable 'cartPageLoaded'
2024-06-08 21:43:42.455 [DEBUG] [thread-id 1] - conditionally execute a flow. condition: false
2024-06-08 21:43:42.526 [DEBUG] [thread-id 1] - conditionally execute a flow. condition: true
2024-06-08 21:43:42.602 [DEBUG] [thread-id 1] - Store in: store the value 'true' in the variable 'cartPageLoaded'
2024-06-08 21:43:42.681 [DEBUG] [thread-id 1] - conditionally execute a flow. condition: false
2024-06-08 21:43:42.761 [DEBUG] [thread-id 1] - conditionally execute a flow. condition: true
2024-06-08 21:43:42.841 [DEBUG] [thread-id 1] - Cart page loaded successfully
2024-06-08 21:43:42.911 [DEBUG] [thread-id 1] - Scroll: up
2024-06-08 21:43:47.782 [DEBUG] [thread-id 1] - Verify identifier: {//android.widget.TextView[@resource-id="com.walmart.android.debug:id/cartText"] | //android.widget.TextView[@resource-id="com.walmart.android.debug:id/platform_sdk_toolbar_title" and contains(@text,"Cart")]=[true]}
2024-06-08 21:43:47.872 [DEBUG] [thread-id 1] - cart page loaded
2024-06-08 21:43:47.956 [DEBUG] [thread-id 1] - Executing function: 'us.functions.utils.waitForLoadingImageToDisappear'
2024-06-08 21:43:47.956 [DEBUG] [thread-id 1] - sleep:  3000 milliseconds
2024-06-08 21:43:50.971 [DEBUG] [thread-id 1] - loop: from 0 to 5
2024-06-08 21:44:01.591 [DEBUG] [thread-id 1] - conditionally execute a flow. condition: false
2024-06-08 21:44:01.661 [DEBUG] [thread-id 1] - Executing function: 'us.functions.cart.removeAllCartItems'
2024-06-08 21:44:21.798 [DEBUG] [thread-id 1] - conditionally execute a flow. condition: false
2024-06-08 21:44:21.877 [DEBUG] [thread-id 1] - Executing function: 'us.functions.cart.scrollToTopOfCart'
2024-06-08 21:44:21.879 [DEBUG] [thread-id 1] - -------Scroll to top of cart page function start-------
2024-06-08 21:44:21.879 [DEBUG] [thread-id 1] - Scrolling to top of cart page
2024-06-08 21:44:21.879 [DEBUG] [thread-id 1] - sleep:  5000 milliseconds
2024-06-08 21:44:26.957 [DEBUG] [thread-id 1] - Verify identifier: {//*[text()="Free pickup"] | //android.widget.TextView[@text="Cart"] | //android.widget.Button[contains(@text,"Remove")][0] | //android.widget.Button[@text="Shop similar"] | //android.widget.Button[@text="Start a new order"] | //android.widget.Button[@text="Continue to checkout"] | //android.widget.Button[@text="Checkout all items"]=[true]}
2024-06-08 21:44:37.001 [DEBUG] [thread-id 1] - conditionally execute a flow. condition: false
2024-06-08 21:44:37.073 [DEBUG] [thread-id 1] - loop: from 0 to 7
2024-06-08 21:44:37.144 [DEBUG] [thread-id 1] - Check 0
2024-06-08 21:44:37.274 [DEBUG] [thread-id 1] - conditionally execute a flow. condition: true
2024-06-08 21:44:37.344 [WARN] [thread-id 1] - variable validateText was used, but r2 could not find a value for this variable. returning default of null
2024-06-08 21:44:37.345 [DEBUG] [thread-id 1] - conditionally execute a flow. condition: true
2024-06-08 21:44:37.482 [DEBUG] [thread-id 1] - get string: from '//*[@resource-id="com.walmart.android.debug:id/section_header_card"][1]//*[@resource-id="com.walmart.android.debug:id/fulfillment_method"] | //android.widget.TextView[contains(@resource-id, "fulfillment_method")]' [type='text']
2024-06-08 21:44:37.548 [DEBUG] [thread-id 1] - Scrolling up till cart page top is reached
2024-06-08 21:44:37.615 [DEBUG] [thread-id 1] - Scroll: up
2024-06-08 21:44:42.206 [DEBUG] [thread-id 1] - Check 1
2024-06-08 21:44:42.427 [DEBUG] [thread-id 1] - conditionally execute a flow. condition: true
2024-06-08 21:44:42.523 [DEBUG] [thread-id 1] - conditionally execute a flow. condition: false
2024-06-08 21:44:42.689 [DEBUG] [thread-id 1] - get string: from '//*[@resource-id="com.walmart.android.debug:id/section_header_card"][1]//*[@resource-id="com.walmart.android.debug:id/fulfillment_method"] | //android.widget.TextView[contains(@resource-id, "fulfillment_method")]' [type='text']
2024-06-08 21:44:42.767 [DEBUG] [thread-id 1] - Store currently displayed fulfillment type and compare with previously displayed fulfillment type text
2024-06-08 21:44:42.831 [DEBUG] [thread-id 1] - conditionally execute a flow. condition: true
2024-06-08 21:44:43.183 [DEBUG] [thread-id 1] - Breaking the loop as cart page top is reached
2024-06-08 21:44:43.500 [DEBUG] [thread-id 1] - Store in: store the value 'null' in the variable 'validateText'
2024-06-08 21:44:43.502 [DEBUG] [thread-id 1] - -------Scroll to top of cart page function end-------
2024-06-08 21:44:43.584 [DEBUG] [thread-id 1] - loop: from 0 to 11
2024-06-08 21:44:43.661 [DEBUG] [thread-id 1] - 0
2024-06-08 21:44:43.738 [DEBUG] [thread-id 1] - sleep:  5000 milliseconds
2024-06-08 21:45:09.062 [DEBUG] [thread-id 1] - conditionally execute a flow. condition: false
2024-06-08 21:45:09.126 [DEBUG] [thread-id 1] - Executing function: 'us.functions.utils.scrollIfNotVisible'
2024-06-08 21:45:09.127 [WARN] [thread-id 1] - variable scrollLimit was used, but r2 could not find a value for this variable. returning default of null
2024-06-08 21:45:09.128 [DEBUG] [thread-id 1] - conditionally execute a flow. condition: true
2024-06-08 21:45:09.191 [DEBUG] [thread-id 1] - Store in: store the value '5' in the variable 'scrollLimit'
2024-06-08 21:45:09.191 [DEBUG] [thread-id 1] - Scroll limit set to - 5
2024-06-08 21:45:09.191 [DEBUG] [thread-id 1] - conditionally execute a flow. condition: true
2024-06-08 21:45:09.257 [DEBUG] [thread-id 1] - Required identifier already displayed
2024-06-08 21:45:09.258 [DEBUG] [thread-id 1] - Resetting scrollPosition variable to default
2024-06-08 21:45:09.258 [DEBUG] [thread-id 1] - Store in: store the value 'null' in the variable 'scrollPosition'
2024-06-08 21:45:09.259 [DEBUG] [thread-id 1] - Store in: store the value 'null' in the variable 'identifierScope'
2024-06-08 21:45:09.259 [DEBUG] [thread-id 1] - Store in: store the value 'null' in the variable 'scrollLimit'
2024-06-08 21:45:09.328 [DEBUG] [thread-id 1] - conditionally execute a flow. condition: true
2024-06-08 21:45:09.457 [DEBUG] [thread-id 1] - Click element: 'com.walmart.android.debug:id/cart_remove_button'
2024-06-08 21:45:10.347 [DEBUG] [thread-id 1] - 1
2024-06-08 21:45:12.213 [DEBUG] [thread-id 1] - sleep:  5000 milliseconds
2024-06-08 21:45:27.459 [DEBUG] [thread-id 1] - conditionally execute a flow. condition: true
2024-06-08 21:45:27.594 [DEBUG] [thread-id 1] - Executing function: 'us.functions.cart.removeUnavailableItemsFromCart'
2024-06-08 21:45:47.735 [DEBUG] [thread-id 1] - conditionally execute a flow. condition: false
2024-06-08 21:45:47.803 [DEBUG] [thread-id 1] - oos is not displayed
2024-06-08 21:45:47.807 [DEBUG] [thread-id 1] - Executing function: 'us.functions.cart.removeAllUnavailableItems'
2024-06-08 21:45:57.830 [DEBUG] [thread-id 1] - Executing function: 'us.functions.global.navigation.backNavigation'
2024-06-08 21:45:57.831 [DEBUG] [thread-id 1] - Press go back key: 'true'
2024-06-08 21:45:57.871 [DEBUG] [thread-id 1] - Executing function: 'us.functions.home.setStore'
2024-06-08 21:45:57.872 [DEBUG] [thread-id 1] - conditionally execute a flow. condition: false
2024-06-08 21:45:59.062 [DEBUG] [thread-id 1] - Store in: store the value '95035' in the variable 'zipcode'
2024-06-08 21:45:59.125 [DEBUG] [thread-id 1] - conditionally execute a flow. condition: true
2024-06-08 21:45:59.193 [DEBUG] [thread-id 1] - Skipping as its already set to the required store
2024-06-08 21:45:59.195 [DEBUG] [thread-id 1] - Executing function: 'us.functions.search.searchItem'
2024-06-08 21:45:59.195 [DEBUG] [thread-id 1] - loop: from 1 to 3
2024-06-08 21:46:09.267 [DEBUG] [thread-id 1] - conditionally execute a flow. condition: false
2024-06-08 21:46:09.339 [DEBUG] [thread-id 1] - Verify identifier: {com.walmart.android.debug:id/navigation_search=[true]}
2024-06-08 21:46:12.480 [DEBUG] [thread-id 1] - Click element: 'com.walmart.android.debug:id/navigation_search'
2024-06-08 21:46:14.986 [DEBUG] [thread-id 1] - Verify identifier: {//android.widget.EditText[@resource-id="com.walmart.android.debug:id/search_view"]=[true]}
2024-06-08 21:46:18.140 [DEBUG] [thread-id 1] - Click element: '//android.widget.EditText[@resource-id="com.walmart.android.debug:id/search_view"]'
2024-06-08 21:46:20.215 [DEBUG] [thread-id 1] - Verify identifier: {//android.widget.EditText[@resource-id="com.walmart.android.debug:id/search_view"]=[true]}
2024-06-08 21:46:20.963 [DEBUG] [thread-id 1] - Enter text: 'Tire'
2024-06-08 21:46:25.084 [DEBUG] [thread-id 1] - sleep:  10000 milliseconds
2024-06-08 21:46:35.214 [DEBUG] [thread-id 1] - Hide keyboard: 'true'
2024-06-08 21:46:35.456 [DEBUG] [thread-id 1] - Executing function: 'us.functions.search.closeHowDoYouWantYourOrderBottomTray'
2024-06-08 21:46:55.709 [DEBUG] [thread-id 1] - conditionally execute a flow. condition: true
2024-06-08 21:46:55.923 [DEBUG] [thread-id 1] - Verify identifier: {//*[(@resource-id="com.walmart.android.debug:id/product_tile_image_view")]=[true]}
2024-06-08 21:47:06.062 [DEBUG] [thread-id 1] - conditionally execute a flow. condition: false
2024-06-08 21:47:06.175 [DEBUG] [thread-id 1] - Executing function: 'us.functions.search.clickOnFirstItem'
2024-06-08 21:47:06.176 [WARN] [thread-id 1] - variable excludeSponsored was used, but r2 could not find a value for this variable. returning default of null
2024-06-08 21:47:06.177 [DEBUG] [thread-id 1] - conditionally execute a flow. condition: true
2024-06-08 21:47:06.290 [DEBUG] [thread-id 1] - Scroll: down
2024-06-08 21:47:11.404 [DEBUG] [thread-id 1] - Click element: '//*[contains(@resource-id, "tempo_shared_contentContainerView") or contains(@resource-id, "tempo_components_contentContainerView") or contains(@resource-id, "tempo_components_internal_contentContainerView")]//*[contains(@resource-id, "product_tile_image")] | //*[contains(@resource-id, "tempo_shared_contentContainerView") or contains(@resource-id, "tempo_components_contentContainerView") or contains(@resource-id, "tempo_components_internal_contentContainerView")]//*[contains(@resource-id, "com.walmart.android.debug:id/product_tile_image_view")]'
2024-06-08 21:47:13.364 [DEBUG] [thread-id 1] - Verify identifier: {com.walmart.android.debug:id/design_bottom_sheet=[true]}
2024-06-08 21:47:13.365 [DEBUG] [thread-id 1] - Store in: store the value 'null' in the variable 'subFilter'
2024-06-08 21:47:13.365 [DEBUG] [thread-id 1] - Store in: store the value 'false' in the variable 'noAds'
2024-06-08 21:47:13.366 [DEBUG] [thread-id 1] - Store in: store the value 'false' in the variable 'excludeSponsored'
2024-06-08 21:47:13.368 [DEBUG] [thread-id 1] - Executing function: 'us.functions.item.verifyS2SItemItemPage'
2024-06-08 21:47:13.368 [DEBUG] [thread-id 1] - sleep:  5000 milliseconds
2024-06-08 21:47:18.379 [DEBUG] [thread-id 1] - Executing function: 'us.functions.utils.scrollIfNotVisible'
2024-06-08 21:47:18.380 [DEBUG] [thread-id 1] - conditionally execute a flow. condition: true
2024-06-08 21:47:18.446 [DEBUG] [thread-id 1] - Store in: store the value '5' in the variable 'scrollLimit'
2024-06-08 21:47:18.447 [DEBUG] [thread-id 1] - Scroll limit set to - 5
2024-06-08 21:47:18.491 [DEBUG] [thread-id 1] - conditionally execute a flow. condition: true
2024-06-08 21:47:18.541 [DEBUG] [thread-id 1] - Required identifier already displayed
2024-06-08 21:47:18.541 [DEBUG] [thread-id 1] - Resetting scrollPosition variable to default
2024-06-08 21:47:18.541 [DEBUG] [thread-id 1] - Store in: store the value 'null' in the variable 'scrollPosition'
2024-06-08 21:47:18.541 [DEBUG] [thread-id 1] - Store in: store the value 'null' in the variable 'identifierScope'
2024-06-08 21:47:18.541 [DEBUG] [thread-id 1] - Store in: store the value 'null' in the variable 'scrollLimit'
2024-06-08 21:47:18.639 [DEBUG] [thread-id 1] - Verify identifier: {//android.widget.TextView[@text="Check if this fits your vehicle"] | //*[@text="This tire is a good fit"]=[true]}
2024-06-08 21:47:18.640 [DEBUG] [thread-id 1] - sleep:  3000 milliseconds
2024-06-08 21:47:21.646 [DEBUG] [thread-id 1] - Executing function: 'us.functions.utils.scrollIfNotVisible'
2024-06-08 21:47:21.648 [DEBUG] [thread-id 1] - conditionally execute a flow. condition: true
2024-06-08 21:47:21.711 [DEBUG] [thread-id 1] - Store in: store the value '5' in the variable 'scrollLimit'
2024-06-08 21:47:21.712 [DEBUG] [thread-id 1] - Scroll limit set to - 5
2024-06-08 21:47:31.728 [DEBUG] [thread-id 1] - conditionally execute a flow. condition: false
2024-06-08 21:47:31.780 [DEBUG] [thread-id 1] - conditionally execute a flow. condition: false
2024-06-08 21:47:31.830 [DEBUG] [thread-id 1] - conditionally execute a flow. condition: true
2024-06-08 21:47:31.884 [DEBUG] [thread-id 1] - Scroll: down
2024-06-08 21:47:37.022 [DEBUG] [thread-id 1] - Resetting scrollPosition variable to default
2024-06-08 21:47:37.022 [DEBUG] [thread-id 1] - Store in: store the value 'null' in the variable 'scrollPosition'
2024-06-08 21:47:37.023 [DEBUG] [thread-id 1] - Store in: store the value 'null' in the variable 'identifierScope'
2024-06-08 21:47:37.023 [DEBUG] [thread-id 1] - Store in: store the value 'null' in the variable 'scrollLimit'
2024-06-08 21:47:47.160 [DEBUG] [thread-id 1] - conditionally execute a flow. condition: false
2024-06-08 21:47:47.309 [DEBUG] [thread-id 1] - Verify identifier: {//android.widget.TextView[@text="Get expert tire installation"] | //*[contains(@text,"Expert Installation")]=[true]}
2024-06-08 21:47:47.378 [DEBUG] [thread-id 1] - conditionally execute a flow. condition: true
2024-06-08 21:47:47.479 [DEBUG] [thread-id 1] - Checkbox is present
2024-06-08 21:47:47.549 [DEBUG] [thread-id 1] - Store in: store the value 'true' in the variable 'checkboxPresent'
2024-06-08 21:47:47.551 [DEBUG] [thread-id 1] - Executing function: 'us.function.item.verifyACCModule.DetailsLink'
2024-06-08 21:47:47.606 [DEBUG] [thread-id 1] - Verify identifier: {//android.widget.Button[@text="How it works"] | //*[contains(@text,"Details Walmart tire installation link")]=[true]}
2024-06-08 21:47:47.672 [DEBUG] [thread-id 1] - Click element: '//android.widget.Button[@text="How it works"] | //*[contains(@text,"Details Walmart tire installation link")]'
2024-06-08 21:47:48.446 [DEBUG] [thread-id 1] - Verify identifier: {//android.widget.TextView[@text="Walmart tire installation"]=[true]}
2024-06-08 21:47:48.449 [DEBUG] [thread-id 1] - Executing function: 'us.functions.global.navigation.backNavigation'
2024-06-08 21:47:48.450 [DEBUG] [thread-id 1] - Press go back key: 'true'
2024-06-08 21:47:59.250 [DEBUG] [thread-id 1] - Verify identifier: {//android.widget.Button[@text="How it works"] | //*[contains(@text,"Details Walmart tire installation link")]=[true]}
2024-06-08 21:47:59.258 [DEBUG] [thread-id 1] - Executing function: 'us.functions.item.selectTireInstallationFromS2SItemPage'
2024-06-08 21:47:59.259 [DEBUG] [thread-id 1] - conditionally execute a flow. condition: true
2024-06-08 21:48:09.453 [DEBUG] [thread-id 1] - conditionally execute a flow. condition: false
2024-06-08 21:48:19.485 [DEBUG] [thread-id 1] - Click element: '//android.widget.CheckBox[@resource-id="com.walmart.android.debug:id/item_fitment_tire_installation_checkbox"]'
2024-06-08 21:48:20.123 [DEBUG] [thread-id 1] - Executing function: 'us.functions.item.addItemToCart'
2024-06-08 21:48:20.125 [DEBUG] [thread-id 1] - Executing function: 'us.functions.item.preAddToCartSteps'
2024-06-08 21:48:20.126 [DEBUG] [thread-id 1] - sleep:  5000 milliseconds
2024-06-08 21:48:25.128 [DEBUG] [thread-id 1] - Executing function: 'us.functions.home.closeWPlusPromotionPopUpIfDisplayed'
2024-06-08 21:48:25.128 [DEBUG] [thread-id 1] - sleep:  6000 milliseconds
2024-06-08 21:48:51.324 [DEBUG] [thread-id 1] - Executing function: 'us.functions.utils.tryAgainWhenThereIsError'
2024-06-08 21:48:51.326 [DEBUG] [thread-id 1] - loop: from 0 to 3
2024-06-08 21:48:51.388 [DEBUG] [thread-id 1] - 0
2024-06-08 21:49:01.528 [DEBUG] [thread-id 1] - conditionally execute a flow. condition: false
2024-06-08 21:49:01.674 [DEBUG] [thread-id 1] - sleep:  2000 milliseconds
2024-06-08 21:49:13.792 [DEBUG] [thread-id 1] - Add to cart decrement button is not present
2024-06-08 21:49:13.793 [DEBUG] [thread-id 1] - Executing function: 'us.functions.item.validateAndClickAddToCartButton'
2024-06-08 21:49:13.844 [DEBUG] [thread-id 1] - conditionally execute a flow. condition: true
2024-06-08 21:49:13.909 [DEBUG] [thread-id 1] - ATC button present
2024-06-08 21:49:14.030 [DEBUG] [thread-id 1] - Click element: 'com.walmart.android.debug:id/add_to_cart'
2024-06-08 21:49:14.655 [DEBUG] [thread-id 1] - sleep:  3000 milliseconds
2024-06-08 21:49:17.664 [WARN] [thread-id 1] - variable skipPostAddToCartSteps was used, but r2 could not find a value for this variable. returning default of null
2024-06-08 21:49:17.665 [DEBUG] [thread-id 1] - conditionally execute a flow. condition: true
2024-06-08 21:49:17.884 [DEBUG] [thread-id 1] - Executing function: 'us.functions.item.postAddToCartSteps'
2024-06-08 21:49:48.083 [DEBUG] [thread-id 1] - Executing function: 'us.functions.item.handlePAC'
2024-06-08 21:49:58.113 [DEBUG] [thread-id 1] - Executing function: 'us.functions.item.closeItemPage'
2024-06-08 21:49:58.115 [DEBUG] [thread-id 1] - loop: from 0 to 3
2024-06-08 21:49:58.179 [DEBUG] [thread-id 1] - conditionally execute a flow. condition: true
2024-06-08 21:49:58.304 [DEBUG] [thread-id 1] - Click element: 'com.walmart.android.debug:id/icon_close'
2024-06-08 21:50:09.010 [DEBUG] [thread-id 1] - conditionally execute a flow. condition: false
2024-06-08 21:50:09.102 [DEBUG] [thread-id 1] - sleep:  5000 milliseconds
2024-06-08 21:50:14.109 [DEBUG] [thread-id 1] - Verify identifier: {com.walmart.android.debug:id/item_name || com.walmart.android.debug:id/item_redesign_name || com.walmart.android.debug:id/item_name_smaller_title=[true]}
2024-06-08 21:50:14.113 [DEBUG] [thread-id 1] - Verify identifier: {com.walmart.android.debug:id/cart_summary_count=[true]}
2024-06-08 21:50:14.115 [DEBUG] [thread-id 1] - Store in: store the value 'false' in the variable 'skipPostAddToCartSteps'
2024-06-08 21:50:14.116 [DEBUG] [thread-id 1] - Store in: store the value 'false' in the variable 'apiFetch'
2024-06-08 21:50:14.119 [DEBUG] [thread-id 1] - Executing function: 'us.functions.global.navigation.toCartFromNavBar'
2024-06-08 21:50:14.239 [DEBUG] [thread-id 1] - Verify identifier: {com.walmart.android.debug:id/cart_summary_icon=[true]}
2024-06-08 21:50:14.312 [DEBUG] [thread-id 1] - Click element: 'com.walmart.android.debug:id/cart_summary_icon'
2024-06-08 21:50:14.947 [DEBUG] [thread-id 1] - sleep:  6000 milliseconds
2024-06-08 21:50:51.023 [DEBUG] [thread-id 1] - conditionally execute a flow. condition: false
2024-06-08 21:51:01.522 [DEBUG] [thread-id 1] - conditionally execute a flow. condition: false
2024-06-08 21:51:01.581 [WARN] [thread-id 1] - variable skipValidation was used, but r2 could not find a value for this variable. returning default of null
2024-06-08 21:51:01.581 [DEBUG] [thread-id 1] - conditionally execute a flow. condition: true
2024-06-08 21:51:01.634 [DEBUG] [thread-id 1] - sleep:  15000 milliseconds
2024-06-08 21:51:16.583 [DEBUG] [thread-id 1] - Store in: store the value 'false' in the variable 'cartPageLoaded'
2024-06-08 21:51:16.595 [DEBUG] [thread-id 1] - loop: from 0 to 7
2024-06-08 21:51:16.660 [DEBUG] [thread-id 1] - 0
2024-06-08 21:51:16.783 [DEBUG] [thread-id 1] - conditionally execute a flow. condition: true
2024-06-08 21:51:16.840 [DEBUG] [thread-id 1] - conditionally execute a flow. condition: true
2024-06-08 21:51:16.906 [DEBUG] [thread-id 1] - Store in: store the value 'true' in the variable 'cartPageLoaded'
2024-06-08 21:51:27.026 [DEBUG] [thread-id 1] - conditionally execute a flow. condition: false
2024-06-08 21:51:27.088 [DEBUG] [thread-id 1] - conditionally execute a flow. condition: true
2024-06-08 21:51:27.145 [DEBUG] [thread-id 1] - Store in: store the value 'true' in the variable 'cartPageLoaded'
2024-06-08 21:51:27.208 [DEBUG] [thread-id 1] - conditionally execute a flow. condition: false
2024-06-08 21:51:27.274 [DEBUG] [thread-id 1] - conditionally execute a flow. condition: true
2024-06-08 21:51:27.334 [DEBUG] [thread-id 1] - Cart page loaded successfully
2024-06-08 21:51:27.397 [DEBUG] [thread-id 1] - Scroll: up
2024-06-08 21:51:32.174 [DEBUG] [thread-id 1] - Verify identifier: {//android.widget.TextView[@resource-id="com.walmart.android.debug:id/cartText"] | //android.widget.TextView[@resource-id="com.walmart.android.debug:id/platform_sdk_toolbar_title" and contains(@text,"Cart")]=[true]}
2024-06-08 21:51:32.258 [DEBUG] [thread-id 1] - cart page loaded
2024-06-08 21:51:32.341 [DEBUG] [thread-id 1] - sleep:  3000 milliseconds
2024-06-08 21:51:35.347 [DEBUG] [thread-id 1] - loop: from 0 to 5
2024-06-08 21:51:45.459 [DEBUG] [thread-id 1] - conditionally execute a flow. condition: false
2024-06-08 21:51:45.513 [DEBUG] [thread-id 1] - Executing function: 'us.functions.cart.increaseToMaxQty'
2024-06-08 21:51:45.513 [DEBUG] [thread-id 1] - Executing function: 'us.functions.utils.scrollIfNotVisible'
2024-06-08 21:51:45.514 [DEBUG] [thread-id 1] - conditionally execute a flow. condition: true
2024-06-08 21:51:45.573 [DEBUG] [thread-id 1] - Store in: store the value '5' in the variable 'scrollLimit'
2024-06-08 21:51:45.573 [DEBUG] [thread-id 1] - Scroll limit set to - 5
2024-06-08 21:51:55.601 [DEBUG] [thread-id 1] - conditionally execute a flow. condition: false
2024-06-08 21:51:55.664 [DEBUG] [thread-id 1] - conditionally execute a flow. condition: true
2024-06-08 21:51:55.727 [DEBUG] [thread-id 1] - conditionally execute a flow. condition: true
2024-06-08 21:51:55.793 [DEBUG] [thread-id 1] - Scroll: up
2024-06-08 21:52:00.293 [DEBUG] [thread-id 1] - Resetting scrollPosition variable to default
2024-06-08 21:52:00.294 [DEBUG] [thread-id 1] - Store in: store the value 'null' in the variable 'scrollPosition'
2024-06-08 21:52:00.294 [DEBUG] [thread-id 1] - Store in: store the value 'null' in the variable 'identifierScope'
2024-06-08 21:52:00.294 [DEBUG] [thread-id 1] - Store in: store the value 'null' in the variable 'scrollLimit'
2024-06-08 21:52:00.375 [DEBUG] [thread-id 1] - Verify identifier: {com.walmart.android.debug:id/button_plus=[true]}
2024-06-08 21:52:00.376 [DEBUG] [thread-id 1] - loop: from 0 to 2
2024-06-08 21:52:00.547 [DEBUG] [thread-id 1] - Click element: 'com.walmart.android.debug:id/button_plus'
2024-06-08 21:52:01.567 [DEBUG] [thread-id 1] - 0
2024-06-08 21:52:02.174 [DEBUG] [thread-id 1] - Click element: 'com.walmart.android.debug:id/button_plus'
2024-06-08 21:52:03.841 [DEBUG] [thread-id 1] - 1
2024-06-08 21:52:03.845 [DEBUG] [thread-id 1] - Executing function: 'us.functions.cart.continueToCheckout'
2024-06-08 21:52:03.918 [DEBUG] [thread-id 1] - Verify identifier: {com.walmart.android.debug:id/cart_continue_to_checkout_button=[true]}
2024-06-08 21:52:09.010 [DEBUG] [thread-id 1] - Click element: 'com.walmart.android.debug:id/cart_continue_to_checkout_button'
2024-06-08 21:52:09.661 [DEBUG] [thread-id 1] - sleep:  5000 milliseconds
2024-06-08 21:52:14.667 [DEBUG] [thread-id 1] - loop: from 1 to 3
2024-06-08 21:52:24.769 [DEBUG] [thread-id 1] - conditionally execute a flow. condition: false
2024-06-08 21:52:44.878 [DEBUG] [thread-id 1] - Executing function: 'us.functions.reserveSlot.fcormpselectaddressandcontinue'
2024-06-08 21:53:04.907 [DEBUG] [thread-id 1] - Executing function: 'us.functions.home.closeWPlusPromotionPopUpIfDisplayed'
2024-06-08 21:53:04.908 [DEBUG] [thread-id 1] - sleep:  6000 milliseconds
2024-06-08 21:53:20.978 [DEBUG] [thread-id 1] - conditionally execute a flow. condition: true
2024-06-08 21:53:21.026 [DEBUG] [thread-id 1] - Clicked on Checkout button successfully
2024-06-08 21:53:21.026 [DEBUG] [thread-id 1] - Executing function: 'us.functions.cart.scheduleInstallation'
2024-06-08 21:53:21.061 [DEBUG] [thread-id 1] - conditionally execute a flow. condition: true
2024-06-08 21:53:21.155 [DEBUG] [thread-id 1] - Verify identifier: {//*[@resource-id="com.walmart.android.debug:id/btn_schedule" or contains(@text, "Schedule your installation")]=[true]}
2024-06-08 21:53:21.205 [DEBUG] [thread-id 1] - sleep:  7000 milliseconds
2024-06-08 21:53:28.285 [DEBUG] [thread-id 1] - Executing function: 'us.functions.slotDataSetUp'
2024-06-08 21:53:28.286 [WARN] [thread-id 1] - variable slotDay was used, but r2 could not find a value for this variable. returning default of null
2024-06-08 21:53:28.286 [DEBUG] [thread-id 1] - conditionally execute a flow. condition: true
2024-06-08 21:53:28.341 [DEBUG] [thread-id 1] - Store in: store the value 'today' in the variable 'slotDay'
2024-06-08 21:53:28.341 [WARN] [thread-id 1] - variable timeSlot was used, but r2 could not find a value for this variable. returning default of null
2024-06-08 21:53:28.342 [DEBUG] [thread-id 1] - conditionally execute a flow. condition: true
2024-06-08 21:53:28.393 [DEBUG] [thread-id 1] - Store in: store the value 'generic' in the variable 'timeSlot'
2024-06-08 21:53:28.454 [DEBUG] [thread-id 1] - sleep:  3000 milliseconds
2024-06-08 21:53:51.713 [DEBUG] [thread-id 1] - Click element: '(//android.view.ViewGroup[@resource-id="com.walmart.android.debug:id/bookslot_slot_item_layout"])[1]'
2024-06-08 21:53:53.058 [DEBUG] [thread-id 1] - conditionally execute a flow. condition: true
2024-06-08 21:53:53.147 [DEBUG] [thread-id 1] - Click element: '//android.widget.Button[@text="Continue" or @text="Save" or @text="Reserve"]'
2024-06-08 21:53:53.846 [DEBUG] [thread-id 1] - sleep:  5000 milliseconds
2024-06-08 21:53:58.913 [DEBUG] [thread-id 1] - Executing function: 'us.functions.home.closeWPlusPromotionPopUpIfDisplayed'
2024-06-08 21:53:58.913 [DEBUG] [thread-id 1] - sleep:  6000 milliseconds
2024-06-08 21:54:15.072 [DEBUG] [thread-id 1] - conditionally execute a flow. condition: true
2024-06-08 21:54:15.158 [DEBUG] [thread-id 1] - Click element: '(//android.widget.RadioButton[@resource-id="com.walmart.android.debug:id/package_radio_button"])[1] | //android.widget.RadioButton[@resource-id="com.walmart.android.debug:id/package_radio_button"][1]'
2024-06-08 21:54:15.984 [DEBUG] [thread-id 1] - sleep:  3000 milliseconds
2024-06-08 21:54:19.077 [DEBUG] [thread-id 1] - Click element: 'com.walmart.android.debug:id/acc_installation_continue'
2024-06-08 21:54:29.845 [DEBUG] [thread-id 1] - Executing function: 'us.functions.reviewOrder.acc.verifySelectedPackage'
2024-06-08 21:54:29.849 [DEBUG] [thread-id 1] - conditionally execute a flow. condition: true
2024-06-08 21:54:29.962 [DEBUG] [thread-id 1] - Verify identifier: {//android.widget.TextView[@resource-id="com.walmart.android.debug:id/checkoutAccAutoServiceValue" and @text="Expert tire installation (Value Package)"]=[true]}
2024-06-08 21:54:29.966 [DEBUG] [thread-id 1] - Store in: store the value 'passed' in the variable 'testStatus'
2024-06-08 21:54:30.090 [DEBUG] [thread-id 1] - Executing scenario: 'After'
2024-06-08 21:54:30.091 [DEBUG] [thread-id 1] - Executing function: 'us.functions.utils.afterSteps'
2024-06-08 21:54:30.092 [DEBUG] [thread-id 1] - conditionally execute a flow. condition: true
2024-06-08 21:54:30.147 [DEBUG] [thread-id 1] - Test passed
2024-06-08 21:54:31.615 [DEBUG] [thread-id 1] - Created report: /Users/m0k0a2f/glass-automation/report/index.html
2024-06-08 22:30:38.391 [DEBUG] [thread-id 1] - Executing R2 4.0.2: '/Users/m0k0a2f/glass-automation/./us/e2e-tests/test-scripts/android/prod-flows/Ecomm-And-Fulfillment-Flows/acc-auto-care-center-flows/C2693272-acc-pay-for-installation.yaml' on device: 'Pixel_8_Pro_API_34'
2024-06-08 22:30:38.452 [INFO] [thread-id 1] - url: http://127.0.0.1:4723
2024-06-08 22:30:51.912 [DEBUG] [thread-id 1] - Executing scenario: 'Before'
2024-06-08 22:30:51.914 [DEBUG] [thread-id 1] - R2_SUBFLOW_PRE_TRANSACTION
2024-06-08 22:30:52.002 [DEBUG] [thread-id 1] - Using us-errors-helpers.yaml
2024-06-08 22:30:52.088 [DEBUG] [thread-id 1] - Store in: store the value 'production' in the variable 'env'
2024-06-08 22:30:52.089 [DEBUG] [thread-id 1] - Timestamp: 1717911052089
2024-06-08 22:30:52.090 [DEBUG] [thread-id 1] - Start Activity: 'com.walmart.android.debug.com.walmart.glass.integration.splash.SplashActivity'
2024-06-08 22:31:06.816 [DEBUG] [thread-id 1] - conditionally execute a flow. condition: false
2024-06-08 22:31:06.880 [DEBUG] [thread-id 1] - Verify identifier: {com.walmart.android.debug:id/onboarding_welcome_title_textview=[true]}
2024-06-08 22:31:16.956 [DEBUG] [thread-id 1] - conditionally execute a flow. condition: false
2024-06-08 22:31:17.005 [DEBUG] [thread-id 1] - Verify identifier: {com.walmart.android.debug:id/onboarding_welcome_title_textview=[true]}
2024-06-08 22:31:17.108 [DEBUG] [thread-id 1] - Click element: 'com.walmart.android.debug:id/onboarding_welcome_secondary_button'
2024-06-08 22:31:19.081 [WARN] [thread-id 1] - variable allowNotifications was used, but r2 could not find a value for this variable. returning default of null
2024-06-08 22:31:19.082 [DEBUG] [thread-id 1] - conditionally execute a flow. condition: false
2024-06-08 22:31:19.135 [DEBUG] [thread-id 1] - Verify identifier: {com.walmart.android.debug:id/onboarding_notification_title_textview=[true]}
2024-06-08 22:31:19.242 [DEBUG] [thread-id 1] - Click element: 'com.walmart.android.debug:id/onboarding_maybe_later_button'
2024-06-08 22:31:21.227 [DEBUG] [thread-id 1] - Verify identifier: {com.walmart.android.debug:id/onboarding_location_title_textview=[true]}
2024-06-08 22:31:21.289 [DEBUG] [thread-id 1] - Click element: 'com.walmart.android.debug:id/onboarding_zip_code_button'
2024-06-08 22:31:22.248 [DEBUG] [thread-id 1] - Verify identifier: {com.walmart.android.debug:id/onboarding_title_textview=[true]}
2024-06-08 22:31:22.658 [DEBUG] [thread-id 1] - Click element: '//android.widget.EditText[@text="Enter zip code"] | //android.widget.EditText[@text="Enter postal code"] | //android.widget.EditText[@resource-id="com.walmart.android.debug:id/onboarding_zip_code_textinput"]//android.widget.EditText'
2024-06-08 22:31:24.118 [DEBUG] [thread-id 1] - Enter text: '95122'
2024-06-08 22:31:25.997 [DEBUG] [thread-id 1] - Hide keyboard: 'true'
2024-06-08 22:31:32.491 [DEBUG] [thread-id 1] - Click element: 'com.walmart.android.debug:id/onboarding_zip_code_search_button'
2024-06-08 22:31:33.142 [DEBUG] [thread-id 1] - sleep:  3000 milliseconds
2024-06-08 22:31:36.145 [DEBUG] [thread-id 1] - loop: from 0 to 3
2024-06-08 22:31:37.780 [DEBUG] [thread-id 1] - 0
2024-06-08 22:31:47.930 [DEBUG] [thread-id 1] - conditionally execute a flow. condition: false
2024-06-08 22:31:58.144 [DEBUG] [thread-id 1] - Verify identifier: {com.walmart.android.debug:id/onboarding_title_textview=[true]}
2024-06-08 22:31:58.145 [DEBUG] [thread-id 1] - Executing function: 'us.functions.global.onboarding.popUpScreen'
2024-06-08 22:31:58.145 [DEBUG] [thread-id 1] - sleep:  3000 milliseconds
2024-06-08 22:32:11.188 [DEBUG] [thread-id 1] - sleep:  3000 milliseconds
2024-06-08 22:32:14.195 [DEBUG] [thread-id 1] - Executing function: 'us.functions.global.onboarding.smartLock.DismissNoneOfTheAbove'
2024-06-08 22:32:24.223 [DEBUG] [thread-id 1] - conditionally execute a flow. condition: false
2024-06-08 22:32:34.366 [DEBUG] [thread-id 1] - sleep:  3000 milliseconds
2024-06-08 22:32:37.371 [DEBUG] [thread-id 1] - Executing function: 'us.functions.home.personalizedPopUpScreenClose'
2024-06-08 22:32:37.371 [DEBUG] [thread-id 1] - sleep:  5000 milliseconds
2024-06-08 22:32:52.381 [DEBUG] [thread-id 1] - sleep:  3000 milliseconds
2024-06-08 22:33:05.524 [DEBUG] [thread-id 1] - sleep:  3000 milliseconds
2024-06-08 22:33:08.531 [DEBUG] [thread-id 1] - Executing function: 'us.functions.utils.tryAgainWhenThereIsError'
2024-06-08 22:33:08.534 [DEBUG] [thread-id 1] - loop: from 0 to 3
2024-06-08 22:33:08.614 [DEBUG] [thread-id 1] - 0
2024-06-08 22:33:18.706 [DEBUG] [thread-id 1] - conditionally execute a flow. condition: false
2024-06-08 22:33:28.803 [DEBUG] [thread-id 1] - Executing function: 'us.functions.gic.collapseIfExpanded'
2024-06-08 22:33:38.872 [DEBUG] [thread-id 1] - conditionally execute a flow. condition: false
2024-06-08 22:33:38.941 [DEBUG] [thread-id 1] - gic is collapsed
2024-06-08 22:33:39.009 [DEBUG] [thread-id 1] - Verify identifier: {//android.widget.EditText[@resource-id="com.walmart.android.debug:id/search_view"]=[true]}
2024-06-08 22:33:39.010 [DEBUG] [thread-id 1] - Executing function: 'us.functions.home.handleReorderToolTip'
2024-06-08 22:33:39.010 [DEBUG] [thread-id 1] - conditionally execute a flow. condition: true
2024-06-08 22:33:39.085 [DEBUG] [thread-id 1] - tooltip displayed
2024-06-08 22:33:39.221 [DEBUG] [thread-id 1] - Click element: 'com.walmart.android.debug:id/design_callout_close_button'
2024-06-08 22:33:40.509 [DEBUG] [thread-id 1] - Verify identifier: {com.walmart.android.debug:id/design_callout_text=[true]}
2024-06-08 22:33:40.578 [DEBUG] [thread-id 1] - sleep:  3000 milliseconds
2024-06-08 22:33:43.581 [DEBUG] [thread-id 1] - Executing function: 'us.functions.home.navigateHomeToSignIn'
2024-06-08 22:33:43.660 [DEBUG] [thread-id 1] - Click element: '//android.widget.FrameLayout[contains(@content-desc,"Account")]'
2024-06-08 22:33:44.287 [DEBUG] [thread-id 1] - sleep:  5000 milliseconds
2024-06-08 22:33:49.380 [DEBUG] [thread-id 1] - Verify identifier: {//*[@resource-id="com.walmart.android.debug:id/sign_in_button"]|//*[@resource-id="com.walmart.android.debug:id/account_sign_in_button"]=[true]}
2024-06-08 22:33:49.382 [DEBUG] [thread-id 1] - loop: from 1 to 3
2024-06-08 22:33:49.441 [DEBUG] [thread-id 1] - Executing function: 'us.functions.global.onboarding.smartLock.DismissNoneOfTheAbove'
2024-06-08 22:33:59.471 [DEBUG] [thread-id 1] - conditionally execute a flow. condition: false
2024-06-08 22:34:09.670 [DEBUG] [thread-id 1] - conditionally execute a flow. condition: true
2024-06-08 22:34:09.776 [DEBUG] [thread-id 1] - Click element: '//*[@resource-id="com.walmart.android.debug:id/sign_in_button"]|//*[@resource-id="com.walmart.android.debug:id/account_sign_in_button"]'
2024-06-08 22:34:10.708 [DEBUG] [thread-id 1] - sleep:  3000 milliseconds
2024-06-08 22:34:23.844 [DEBUG] [thread-id 1] - conditionally execute a flow. condition: true
2024-06-08 22:34:23.874 [DEBUG] [thread-id 1] - Store in: store the value 'true' in the variable 'signInValidated'
2024-06-08 22:34:23.899 [DEBUG] [thread-id 1] - conditionally execute a flow. condition: true
2024-06-08 22:34:23.925 [DEBUG] [thread-id 1] - SignIn page loaded
2024-06-08 22:34:23.956 [DEBUG] [thread-id 1] - Store in: store the value 'false' in the variable 'signInValidated'
2024-06-08 22:34:23.958 [DEBUG] [thread-id 1] - Executing function: 'us.functions.global.authentication.signInAccount'
2024-06-08 22:34:23.959 [DEBUG] [thread-id 1] - Executing function: 'us.functions.global.onboarding.smartLock.DismissNoneOfTheAbove'
2024-06-08 22:34:33.983 [DEBUG] [thread-id 1] - conditionally execute a flow. condition: false
2024-06-08 22:34:44.028 [WARN] [thread-id 1] - variable validateSignInPage was used, but r2 could not find a value for this variable. returning default of null
2024-06-08 22:34:44.058 [DEBUG] [thread-id 1] - Verify identifier: {//android.widget.EditText[@content-desc="Email"]/android.widget.FrameLayout/android.widget.EditText | //android.widget.LinearLayout[@resource-id="com.walmart.android.debug:id/auth_field_login_id"]/android.widget.FrameLayout/android.widget.EditText | //android.widget.EditText[@text="Email"] | //android.widget.EditText[@content-desc="Phone number or email"]/android.widget.FrameLayout/android.widget.EditText | //android.widget.LinearLayout[@resource-id="com.walmart.android.debug:id/auth_field_login_id_component"]//android.widget.EditText=[true]}
2024-06-08 22:34:44.088 [DEBUG] [thread-id 1] - Enter text: 'prod.mp.seller@cloudtest.org'
2024-06-08 22:34:45.605 [DEBUG] [thread-id 1] - loop: from 1 to 3
2024-06-08 22:34:46.344 [DEBUG] [thread-id 1] - sleep:  3000 milliseconds
2024-06-08 22:34:49.467 [DEBUG] [thread-id 1] - conditionally execute a flow. condition: true
2024-06-08 22:34:49.666 [DEBUG] [thread-id 1] - Click element: 'com.walmart.android.debug:id/auth_button_main'
2024-06-08 22:34:52.000 [DEBUG] [thread-id 1] - sleep:  5000 milliseconds
2024-06-08 22:34:57.056 [DEBUG] [thread-id 1] - conditionally execute a flow. condition: true
2024-06-08 22:34:57.126 [DEBUG] [thread-id 1] - Click element: 'Enter your password'
2024-06-08 22:34:58.280 [DEBUG] [thread-id 1] - Selected Password Option to Login
2024-06-08 22:34:58.318 [DEBUG] [thread-id 1] - sleep:  5000 milliseconds
2024-06-08 22:35:03.422 [DEBUG] [thread-id 1] - conditionally execute a flow. condition: true
2024-06-08 22:35:03.459 [DEBUG] [thread-id 1] - Store in: store the value 'true' in the variable 'signInValidated'
2024-06-08 22:35:03.498 [DEBUG] [thread-id 1] - conditionally execute a flow. condition: true
2024-06-08 22:35:03.536 [DEBUG] [thread-id 1] - Store in: store the value 'false' in the variable 'signInValidated'
2024-06-08 22:35:03.571 [DEBUG] [thread-id 1] - Email entered
2024-06-08 22:35:23.641 [WARN] [thread-id 1] - variable validateSignInPage was used, but r2 could not find a value for this variable. returning default of null
2024-06-08 22:35:23.641 [DEBUG] [thread-id 1] - loop: from 1 to 3
2024-06-08 22:35:23.675 [DEBUG] [thread-id 1] - sleep:  2000 milliseconds
2024-06-08 22:35:25.720 [DEBUG] [thread-id 1] - conditionally execute a flow. condition: true
2024-06-08 22:35:25.793 [DEBUG] [thread-id 1] - Enter text: 'E2epassword$'
2024-06-08 22:35:28.037 [DEBUG] [thread-id 1] - Press go back key: 'true'
2024-06-08 22:35:29.388 [DEBUG] [thread-id 1] - sleep:  1000 milliseconds
2024-06-08 22:35:30.475 [DEBUG] [thread-id 1] - Click element: 'com.walmart.android.debug:id/auth_button_main'
2024-06-08 22:35:31.228 [DEBUG] [thread-id 1] - sleep:  5000 milliseconds
2024-06-08 22:35:36.436 [DEBUG] [thread-id 1] - conditionally execute a flow. condition: true
2024-06-08 22:35:36.526 [DEBUG] [thread-id 1] - Store in: store the value 'true' in the variable 'signInValidated'
2024-06-08 22:35:36.827 [DEBUG] [thread-id 1] - Executing function: 'us.functions.global.authentication.handleSomethingWentWrongError'
2024-06-08 22:35:36.827 [DEBUG] [thread-id 1] - sleep:  5000 milliseconds
2024-06-08 22:35:41.831 [DEBUG] [thread-id 1] - loop: from 0 to 3
2024-06-08 22:35:41.919 [DEBUG] [thread-id 1] - 0
2024-06-08 22:35:52.007 [DEBUG] [thread-id 1] - conditionally execute a flow. condition: false
2024-06-08 22:35:52.087 [DEBUG] [thread-id 1] - conditionally execute a flow. condition: true
2024-06-08 22:35:52.165 [DEBUG] [thread-id 1] - Account signed in
2024-06-08 22:36:02.175 [DEBUG] [thread-id 1] - Executing function: 'us.functions.utils.handleCartMergePopup'
2024-06-08 22:36:02.176 [DEBUG] [thread-id 1] - sleep:  7000 milliseconds
2024-06-08 22:36:09.186 [DEBUG] [thread-id 1] - loop: from 0 to 4
2024-06-08 22:36:09.297 [DEBUG] [thread-id 1] - 0
2024-06-08 22:36:19.410 [DEBUG] [thread-id 1] - conditionally execute a flow. condition: false
2024-06-08 22:36:19.486 [DEBUG] [thread-id 1] - No cart merge popup observed
2024-06-08 22:36:19.564 [DEBUG] [thread-id 1] - Executing function: 'us.functions.global.navigation.accountToHome'
2024-06-08 22:36:29.719 [DEBUG] [thread-id 1] - Verify identifier: {//androidx.cardview.widget.CardView[@resource-id="com.walmart.android.debug:id/purchase_history_card"] | //android.widget.TextView[@resource-id="com.walmart.android.debug:id/purchase_history_header"]=[true]}
2024-06-08 22:36:29.721 [DEBUG] [thread-id 1] - conditionally execute a flow. condition: true
2024-06-08 22:36:29.797 [DEBUG] [thread-id 1] - Scroll: down
2024-06-08 22:36:35.449 [DEBUG] [thread-id 1] - Scroll: up
2024-06-08 22:36:40.549 [DEBUG] [thread-id 1] - Click element: 'com.walmart.android.debug:id/navigation_shop'
2024-06-08 22:36:42.616 [DEBUG] [thread-id 1] - Executing function: 'us.functions.home.closeWPlusPromotionPopUpIfDisplayed'
2024-06-08 22:36:42.617 [DEBUG] [thread-id 1] - sleep:  6000 milliseconds
2024-06-08 22:36:58.694 [DEBUG] [thread-id 1] - Executing function: 'us.functions.global.navigation.toCartFromNavBar'
2024-06-08 22:36:58.762 [DEBUG] [thread-id 1] - Verify identifier: {com.walmart.android.debug:id/cart_summary_icon=[true]}
2024-06-08 22:36:58.823 [DEBUG] [thread-id 1] - Click element: 'com.walmart.android.debug:id/cart_summary_icon'
2024-06-08 22:36:59.431 [DEBUG] [thread-id 1] - sleep:  6000 milliseconds
2024-06-08 22:37:05.442 [DEBUG] [thread-id 1] - Executing function: 'us.functions.cart.itemMultiSellerUpdatePopUp'
2024-06-08 22:37:15.583 [DEBUG] [thread-id 1] - Executing function: 'us.functions.cart.storeChangePopUp'
2024-06-08 22:37:35.603 [DEBUG] [thread-id 1] - conditionally execute a flow. condition: false
2024-06-08 22:37:45.746 [DEBUG] [thread-id 1] - conditionally execute a flow. condition: false
2024-06-08 22:37:45.842 [WARN] [thread-id 1] - variable skipValidation was used, but r2 could not find a value for this variable. returning default of null
2024-06-08 22:37:45.843 [DEBUG] [thread-id 1] - conditionally execute a flow. condition: true
2024-06-08 22:37:45.934 [DEBUG] [thread-id 1] - Executing function: 'us.functions.utils.handleTechnicalErrorPageInCart'
2024-06-08 22:37:45.934 [DEBUG] [thread-id 1] - sleep:  15000 milliseconds
2024-06-08 22:38:00.934 [DEBUG] [thread-id 1] - Store in: store the value 'false' in the variable 'cartPageLoaded'
2024-06-08 22:38:00.937 [DEBUG] [thread-id 1] - loop: from 0 to 7
2024-06-08 22:38:01.298 [DEBUG] [thread-id 1] - 0
2024-06-08 22:38:01.463 [DEBUG] [thread-id 1] - conditionally execute a flow. condition: true
2024-06-08 22:38:01.557 [DEBUG] [thread-id 1] - conditionally execute a flow. condition: true
2024-06-08 22:38:01.643 [DEBUG] [thread-id 1] - Store in: store the value 'true' in the variable 'cartPageLoaded'
2024-06-08 22:38:11.756 [DEBUG] [thread-id 1] - conditionally execute a flow. condition: false
2024-06-08 22:38:11.837 [DEBUG] [thread-id 1] - conditionally execute a flow. condition: true
2024-06-08 22:38:11.920 [DEBUG] [thread-id 1] - Store in: store the value 'true' in the variable 'cartPageLoaded'
2024-06-08 22:38:12.012 [DEBUG] [thread-id 1] - conditionally execute a flow. condition: false
2024-06-08 22:38:12.093 [DEBUG] [thread-id 1] - conditionally execute a flow. condition: true
2024-06-08 22:38:12.172 [DEBUG] [thread-id 1] - Cart page loaded successfully
2024-06-08 22:38:12.252 [DEBUG] [thread-id 1] - Scroll: up
2024-06-08 22:38:17.125 [DEBUG] [thread-id 1] - Verify identifier: {//android.widget.TextView[@resource-id="com.walmart.android.debug:id/cartText"] | //android.widget.TextView[@resource-id="com.walmart.android.debug:id/platform_sdk_toolbar_title" and contains(@text,"Cart")]=[true]}
2024-06-08 22:38:17.236 [DEBUG] [thread-id 1] - cart page loaded
2024-06-08 22:38:17.317 [DEBUG] [thread-id 1] - Executing function: 'us.functions.utils.waitForLoadingImageToDisappear'
2024-06-08 22:38:17.317 [DEBUG] [thread-id 1] - sleep:  3000 milliseconds
2024-06-08 22:38:20.327 [DEBUG] [thread-id 1] - loop: from 0 to 5
2024-06-08 22:38:30.466 [DEBUG] [thread-id 1] - conditionally execute a flow. condition: false
2024-06-08 22:38:30.549 [DEBUG] [thread-id 1] - Executing function: 'us.functions.cart.removeAllCartItems'
2024-06-08 22:38:50.637 [DEBUG] [thread-id 1] - conditionally execute a flow. condition: false
2024-06-08 22:38:50.715 [DEBUG] [thread-id 1] - Executing function: 'us.functions.cart.scrollToTopOfCart'
2024-06-08 22:38:50.716 [DEBUG] [thread-id 1] - -------Scroll to top of cart page function start-------
2024-06-08 22:38:50.716 [DEBUG] [thread-id 1] - Scrolling to top of cart page
2024-06-08 22:38:50.716 [DEBUG] [thread-id 1] - sleep:  5000 milliseconds
2024-06-08 22:38:55.825 [DEBUG] [thread-id 1] - Verify identifier: {//*[text()="Free pickup"] | //android.widget.TextView[@text="Cart"] | //android.widget.Button[contains(@text,"Remove")][0] | //android.widget.Button[@text="Shop similar"] | //android.widget.Button[@text="Start a new order"] | //android.widget.Button[@text="Continue to checkout"] | //android.widget.Button[@text="Checkout all items"]=[true]}
2024-06-08 22:39:05.895 [DEBUG] [thread-id 1] - conditionally execute a flow. condition: false
2024-06-08 22:39:05.966 [DEBUG] [thread-id 1] - loop: from 0 to 7
2024-06-08 22:39:06.046 [DEBUG] [thread-id 1] - Check 0
2024-06-08 22:39:06.194 [DEBUG] [thread-id 1] - conditionally execute a flow. condition: true
2024-06-08 22:39:06.272 [WARN] [thread-id 1] - variable validateText was used, but r2 could not find a value for this variable. returning default of null
2024-06-08 22:39:06.273 [DEBUG] [thread-id 1] - conditionally execute a flow. condition: true
2024-06-08 22:39:06.469 [DEBUG] [thread-id 1] - get string: from '//*[@resource-id="com.walmart.android.debug:id/section_header_card"][1]//*[@resource-id="com.walmart.android.debug:id/fulfillment_method"] | //android.widget.TextView[contains(@resource-id, "fulfillment_method")]' [type='text']
2024-06-08 22:39:06.548 [DEBUG] [thread-id 1] - Scrolling up till cart page top is reached
2024-06-08 22:39:06.629 [DEBUG] [thread-id 1] - Scroll: up
2024-06-08 22:39:11.243 [DEBUG] [thread-id 1] - Check 1
2024-06-08 22:39:11.470 [DEBUG] [thread-id 1] - conditionally execute a flow. condition: true
2024-06-08 22:39:11.576 [DEBUG] [thread-id 1] - conditionally execute a flow. condition: false
2024-06-08 22:39:11.736 [DEBUG] [thread-id 1] - get string: from '//*[@resource-id="com.walmart.android.debug:id/section_header_card"][1]//*[@resource-id="com.walmart.android.debug:id/fulfillment_method"] | //android.widget.TextView[contains(@resource-id, "fulfillment_method")]' [type='text']
2024-06-08 22:39:11.816 [DEBUG] [thread-id 1] - Store currently displayed fulfillment type and compare with previously displayed fulfillment type text
2024-06-08 22:39:11.895 [DEBUG] [thread-id 1] - conditionally execute a flow. condition: true
2024-06-08 22:39:12.249 [DEBUG] [thread-id 1] - Breaking the loop as cart page top is reached
2024-06-08 22:39:12.548 [DEBUG] [thread-id 1] - Store in: store the value 'null' in the variable 'validateText'
2024-06-08 22:39:12.549 [DEBUG] [thread-id 1] - -------Scroll to top of cart page function end-------
2024-06-08 22:39:12.626 [DEBUG] [thread-id 1] - loop: from 0 to 11
2024-06-08 22:39:12.700 [DEBUG] [thread-id 1] - 0
2024-06-08 22:39:12.781 [DEBUG] [thread-id 1] - sleep:  5000 milliseconds
2024-06-08 22:39:38.017 [DEBUG] [thread-id 1] - conditionally execute a flow. condition: false
2024-06-08 22:39:38.093 [DEBUG] [thread-id 1] - Executing function: 'us.functions.utils.scrollIfNotVisible'
2024-06-08 22:39:38.094 [WARN] [thread-id 1] - variable scrollLimit was used, but r2 could not find a value for this variable. returning default of null
2024-06-08 22:39:38.094 [DEBUG] [thread-id 1] - conditionally execute a flow. condition: true
2024-06-08 22:39:38.175 [DEBUG] [thread-id 1] - Store in: store the value '5' in the variable 'scrollLimit'
2024-06-08 22:39:38.175 [DEBUG] [thread-id 1] - Scroll limit set to - 5
2024-06-08 22:39:38.177 [DEBUG] [thread-id 1] - conditionally execute a flow. condition: true
2024-06-08 22:39:38.258 [DEBUG] [thread-id 1] - Required identifier already displayed
2024-06-08 22:39:38.258 [DEBUG] [thread-id 1] - Resetting scrollPosition variable to default
2024-06-08 22:39:38.259 [DEBUG] [thread-id 1] - Store in: store the value 'null' in the variable 'scrollPosition'
2024-06-08 22:39:38.259 [DEBUG] [thread-id 1] - Store in: store the value 'null' in the variable 'identifierScope'
2024-06-08 22:39:38.260 [DEBUG] [thread-id 1] - Store in: store the value 'null' in the variable 'scrollLimit'
2024-06-08 22:39:38.339 [DEBUG] [thread-id 1] - conditionally execute a flow. condition: true
2024-06-08 22:39:38.498 [DEBUG] [thread-id 1] - Click element: 'com.walmart.android.debug:id/cart_remove_button'
2024-06-08 22:39:39.444 [DEBUG] [thread-id 1] - 1
2024-06-08 22:39:40.257 [DEBUG] [thread-id 1] - sleep:  5000 milliseconds
2024-06-08 22:39:55.558 [DEBUG] [thread-id 1] - conditionally execute a flow. condition: true
2024-06-08 22:39:55.679 [DEBUG] [thread-id 1] - Executing function: 'us.functions.cart.removeUnavailableItemsFromCart'
2024-06-08 22:40:15.734 [DEBUG] [thread-id 1] - conditionally execute a flow. condition: false
2024-06-08 22:40:15.794 [DEBUG] [thread-id 1] - oos is not displayed
2024-06-08 22:40:15.796 [DEBUG] [thread-id 1] - Executing function: 'us.functions.cart.removeAllUnavailableItems'
2024-06-08 22:40:25.845 [DEBUG] [thread-id 1] - Executing function: 'us.functions.global.navigation.backNavigation'
2024-06-08 22:40:25.845 [DEBUG] [thread-id 1] - Press go back key: 'true'
2024-06-08 22:40:25.877 [DEBUG] [thread-id 1] - Executing function: 'us.functions.home.setStore'
2024-06-08 22:40:25.877 [DEBUG] [thread-id 1] - conditionally execute a flow. condition: false
2024-06-08 22:40:27.040 [DEBUG] [thread-id 1] - Store in: store the value '95035' in the variable 'zipcode'
2024-06-08 22:40:27.102 [DEBUG] [thread-id 1] - conditionally execute a flow. condition: true
2024-06-08 22:40:27.169 [DEBUG] [thread-id 1] - Skipping as its already set to the required store
2024-06-08 22:40:27.169 [DEBUG] [thread-id 1] - Executing function: 'us.functions.search.searchItem'
2024-06-08 22:40:27.169 [DEBUG] [thread-id 1] - loop: from 1 to 3
2024-06-08 22:40:37.323 [DEBUG] [thread-id 1] - conditionally execute a flow. condition: false
2024-06-08 22:40:37.385 [DEBUG] [thread-id 1] - Verify identifier: {com.walmart.android.debug:id/navigation_search=[true]}
2024-06-08 22:40:40.537 [DEBUG] [thread-id 1] - Click element: 'com.walmart.android.debug:id/navigation_search'
2024-06-08 22:40:43.118 [DEBUG] [thread-id 1] - Verify identifier: {//android.widget.EditText[@resource-id="com.walmart.android.debug:id/search_view"]=[true]}
2024-06-08 22:40:46.271 [DEBUG] [thread-id 1] - Click element: '//android.widget.EditText[@resource-id="com.walmart.android.debug:id/search_view"]'
2024-06-08 22:40:48.164 [DEBUG] [thread-id 1] - Verify identifier: {//android.widget.EditText[@resource-id="com.walmart.android.debug:id/search_view"]=[true]}
2024-06-08 22:40:48.981 [DEBUG] [thread-id 1] - Enter text: 'Tire'
2024-06-08 22:40:53.084 [DEBUG] [thread-id 1] - sleep:  10000 milliseconds
2024-06-08 22:41:03.217 [DEBUG] [thread-id 1] - Hide keyboard: 'true'
2024-06-08 22:41:03.791 [DEBUG] [thread-id 1] - Executing function: 'us.functions.search.closeHowDoYouWantYourOrderBottomTray'
2024-06-08 22:41:24.126 [DEBUG] [thread-id 1] - conditionally execute a flow. condition: true
2024-06-08 22:41:24.313 [DEBUG] [thread-id 1] - Verify identifier: {//*[(@resource-id="com.walmart.android.debug:id/product_tile_image_view")]=[true]}
2024-06-08 22:41:34.455 [DEBUG] [thread-id 1] - conditionally execute a flow. condition: false
2024-06-08 22:41:34.558 [DEBUG] [thread-id 1] - Executing function: 'us.functions.search.clickOnFirstItem'
2024-06-08 22:41:34.558 [WARN] [thread-id 1] - variable excludeSponsored was used, but r2 could not find a value for this variable. returning default of null
2024-06-08 22:41:34.558 [DEBUG] [thread-id 1] - conditionally execute a flow. condition: true
2024-06-08 22:41:34.669 [DEBUG] [thread-id 1] - Scroll: down
2024-06-08 22:41:40.417 [DEBUG] [thread-id 1] - Click element: '//*[contains(@resource-id, "tempo_shared_contentContainerView") or contains(@resource-id, "tempo_components_contentContainerView") or contains(@resource-id, "tempo_components_internal_contentContainerView")]//*[contains(@resource-id, "product_tile_image")] | //*[contains(@resource-id, "tempo_shared_contentContainerView") or contains(@resource-id, "tempo_components_contentContainerView") or contains(@resource-id, "tempo_components_internal_contentContainerView")]//*[contains(@resource-id, "com.walmart.android.debug:id/product_tile_image_view")]'
2024-06-08 22:41:42.363 [DEBUG] [thread-id 1] - Verify identifier: {com.walmart.android.debug:id/design_bottom_sheet=[true]}
2024-06-08 22:41:42.363 [DEBUG] [thread-id 1] - Store in: store the value 'null' in the variable 'subFilter'
2024-06-08 22:41:42.363 [DEBUG] [thread-id 1] - Store in: store the value 'false' in the variable 'noAds'
2024-06-08 22:41:42.363 [DEBUG] [thread-id 1] - Store in: store the value 'false' in the variable 'excludeSponsored'
2024-06-08 22:41:42.364 [DEBUG] [thread-id 1] - Executing function: 'us.functions.item.verifyS2SItemItemPage'
2024-06-08 22:41:42.364 [DEBUG] [thread-id 1] - sleep:  5000 milliseconds
2024-06-08 22:41:47.376 [DEBUG] [thread-id 1] - Executing function: 'us.functions.utils.scrollIfNotVisible'
2024-06-08 22:41:47.377 [DEBUG] [thread-id 1] - conditionally execute a flow. condition: true
2024-06-08 22:41:47.445 [DEBUG] [thread-id 1] - Store in: store the value '5' in the variable 'scrollLimit'
2024-06-08 22:41:47.445 [DEBUG] [thread-id 1] - Scroll limit set to - 5
2024-06-08 22:41:47.493 [DEBUG] [thread-id 1] - conditionally execute a flow. condition: true
2024-06-08 22:41:47.543 [DEBUG] [thread-id 1] - Required identifier already displayed
2024-06-08 22:41:47.543 [DEBUG] [thread-id 1] - Resetting scrollPosition variable to default
2024-06-08 22:41:47.543 [DEBUG] [thread-id 1] - Store in: store the value 'null' in the variable 'scrollPosition'
2024-06-08 22:41:47.543 [DEBUG] [thread-id 1] - Store in: store the value 'null' in the variable 'identifierScope'
2024-06-08 22:41:47.543 [DEBUG] [thread-id 1] - Store in: store the value 'null' in the variable 'scrollLimit'
2024-06-08 22:41:47.659 [DEBUG] [thread-id 1] - Verify identifier: {//android.widget.TextView[@text="Check if this fits your vehicle"] | //*[@text="This tire is a good fit"]=[true]}
2024-06-08 22:41:47.659 [DEBUG] [thread-id 1] - sleep:  3000 milliseconds
2024-06-08 22:41:50.672 [DEBUG] [thread-id 1] - Executing function: 'us.functions.utils.scrollIfNotVisible'
2024-06-08 22:41:50.673 [DEBUG] [thread-id 1] - conditionally execute a flow. condition: true
2024-06-08 22:41:50.734 [DEBUG] [thread-id 1] - Store in: store the value '5' in the variable 'scrollLimit'
2024-06-08 22:41:50.734 [DEBUG] [thread-id 1] - Scroll limit set to - 5
2024-06-08 22:42:01.262 [DEBUG] [thread-id 1] - conditionally execute a flow. condition: false
2024-06-08 22:42:01.313 [DEBUG] [thread-id 1] - conditionally execute a flow. condition: false
2024-06-08 22:42:01.360 [DEBUG] [thread-id 1] - conditionally execute a flow. condition: true
2024-06-08 22:42:01.409 [DEBUG] [thread-id 1] - Scroll: down
2024-06-08 22:42:09.844 [DEBUG] [thread-id 1] - Resetting scrollPosition variable to default
2024-06-08 22:42:09.844 [DEBUG] [thread-id 1] - Store in: store the value 'null' in the variable 'scrollPosition'
2024-06-08 22:42:09.844 [DEBUG] [thread-id 1] - Store in: store the value 'null' in the variable 'identifierScope'
2024-06-08 22:42:09.845 [DEBUG] [thread-id 1] - Store in: store the value 'null' in the variable 'scrollLimit'
2024-06-08 22:42:19.906 [DEBUG] [thread-id 1] - conditionally execute a flow. condition: false
2024-06-08 22:42:20.025 [DEBUG] [thread-id 1] - Verify identifier: {//android.widget.TextView[@text="Get expert tire installation"] | //*[contains(@text,"Expert Installation")]=[true]}
2024-06-08 22:42:20.072 [DEBUG] [thread-id 1] - conditionally execute a flow. condition: true
2024-06-08 22:42:20.130 [DEBUG] [thread-id 1] - Checkbox is present
2024-06-08 22:42:20.193 [DEBUG] [thread-id 1] - Store in: store the value 'true' in the variable 'checkboxPresent'
2024-06-08 22:42:20.194 [DEBUG] [thread-id 1] - Executing function: 'us.function.item.verifyACCModule.DetailsLink'
2024-06-08 22:42:20.248 [DEBUG] [thread-id 1] - Verify identifier: {//android.widget.Button[@text="How it works"] | //*[contains(@text,"Details Walmart tire installation link")]=[true]}
2024-06-08 22:42:20.299 [DEBUG] [thread-id 1] - Click element: '//android.widget.Button[@text="How it works"] | //*[contains(@text,"Details Walmart tire installation link")]'
2024-06-08 22:42:21.082 [DEBUG] [thread-id 1] - Verify identifier: {//android.widget.TextView[@text="Walmart tire installation"]=[true]}
2024-06-08 22:42:21.084 [DEBUG] [thread-id 1] - Executing function: 'us.functions.global.navigation.backNavigation'
2024-06-08 22:42:21.084 [DEBUG] [thread-id 1] - Press go back key: 'true'
2024-06-08 22:42:32.073 [DEBUG] [thread-id 1] - Verify identifier: {//android.widget.Button[@text="How it works"] | //*[contains(@text,"Details Walmart tire installation link")]=[true]}
2024-06-08 22:42:32.075 [DEBUG] [thread-id 1] - Executing function: 'us.functions.item.selectTireInstallationFromS2SItemPage'
2024-06-08 22:42:32.076 [DEBUG] [thread-id 1] - conditionally execute a flow. condition: true
2024-06-08 22:42:42.211 [DEBUG] [thread-id 1] - conditionally execute a flow. condition: false
2024-06-08 22:42:52.253 [DEBUG] [thread-id 1] - Click element: '//android.widget.CheckBox[@resource-id="com.walmart.android.debug:id/item_fitment_tire_installation_checkbox"]'
2024-06-08 22:42:52.910 [DEBUG] [thread-id 1] - Executing function: 'us.functions.item.addItemToCart'
2024-06-08 22:42:52.911 [DEBUG] [thread-id 1] - Executing function: 'us.functions.item.preAddToCartSteps'
2024-06-08 22:42:52.911 [DEBUG] [thread-id 1] - sleep:  5000 milliseconds
2024-06-08 22:42:57.923 [DEBUG] [thread-id 1] - Executing function: 'us.functions.home.closeWPlusPromotionPopUpIfDisplayed'
2024-06-08 22:42:57.926 [DEBUG] [thread-id 1] - sleep:  6000 milliseconds
2024-06-08 22:43:23.945 [DEBUG] [thread-id 1] - Executing function: 'us.functions.utils.tryAgainWhenThereIsError'
2024-06-08 22:43:23.946 [DEBUG] [thread-id 1] - loop: from 0 to 3
2024-06-08 22:43:24.004 [DEBUG] [thread-id 1] - 0
2024-06-08 22:43:34.113 [DEBUG] [thread-id 1] - conditionally execute a flow. condition: false
2024-06-08 22:43:34.229 [DEBUG] [thread-id 1] - sleep:  2000 milliseconds
2024-06-08 22:43:46.326 [DEBUG] [thread-id 1] - Add to cart decrement button is not present
2024-06-08 22:43:46.326 [DEBUG] [thread-id 1] - Executing function: 'us.functions.item.validateAndClickAddToCartButton'
2024-06-08 22:43:46.384 [DEBUG] [thread-id 1] - conditionally execute a flow. condition: true
2024-06-08 22:43:46.443 [DEBUG] [thread-id 1] - ATC button present
2024-06-08 22:43:46.551 [DEBUG] [thread-id 1] - Click element: 'com.walmart.android.debug:id/add_to_cart'
2024-06-08 22:43:47.183 [DEBUG] [thread-id 1] - sleep:  3000 milliseconds
2024-06-08 22:43:50.193 [WARN] [thread-id 1] - variable skipPostAddToCartSteps was used, but r2 could not find a value for this variable. returning default of null
2024-06-08 22:43:50.194 [DEBUG] [thread-id 1] - conditionally execute a flow. condition: true
2024-06-08 22:43:50.480 [DEBUG] [thread-id 1] - Executing function: 'us.functions.item.postAddToCartSteps'
2024-06-08 22:44:20.714 [DEBUG] [thread-id 1] - Executing function: 'us.functions.item.handlePAC'
2024-06-08 22:44:30.729 [DEBUG] [thread-id 1] - Executing function: 'us.functions.item.closeItemPage'
2024-06-08 22:44:30.729 [DEBUG] [thread-id 1] - loop: from 0 to 3
2024-06-08 22:44:30.783 [DEBUG] [thread-id 1] - conditionally execute a flow. condition: true
2024-06-08 22:44:30.901 [DEBUG] [thread-id 1] - Click element: 'com.walmart.android.debug:id/icon_close'
2024-06-08 22:44:41.613 [DEBUG] [thread-id 1] - conditionally execute a flow. condition: false
2024-06-08 22:44:41.691 [DEBUG] [thread-id 1] - sleep:  5000 milliseconds
2024-06-08 22:44:46.699 [DEBUG] [thread-id 1] - Verify identifier: {com.walmart.android.debug:id/item_name || com.walmart.android.debug:id/item_redesign_name || com.walmart.android.debug:id/item_name_smaller_title=[true]}
2024-06-08 22:44:46.701 [DEBUG] [thread-id 1] - Verify identifier: {com.walmart.android.debug:id/cart_summary_count=[true]}
2024-06-08 22:44:46.702 [DEBUG] [thread-id 1] - Store in: store the value 'false' in the variable 'skipPostAddToCartSteps'
2024-06-08 22:44:46.702 [DEBUG] [thread-id 1] - Store in: store the value 'false' in the variable 'apiFetch'
2024-06-08 22:44:46.703 [DEBUG] [thread-id 1] - Executing function: 'us.functions.global.navigation.toCartFromNavBar'
2024-06-08 22:44:46.823 [DEBUG] [thread-id 1] - Verify identifier: {com.walmart.android.debug:id/cart_summary_icon=[true]}
2024-06-08 22:44:46.892 [DEBUG] [thread-id 1] - Click element: 'com.walmart.android.debug:id/cart_summary_icon'
2024-06-08 22:44:47.548 [DEBUG] [thread-id 1] - sleep:  6000 milliseconds
2024-06-08 22:45:23.695 [DEBUG] [thread-id 1] - conditionally execute a flow. condition: false
2024-06-08 22:45:33.848 [DEBUG] [thread-id 1] - conditionally execute a flow. condition: false
2024-06-08 22:45:33.926 [WARN] [thread-id 1] - variable skipValidation was used, but r2 could not find a value for this variable. returning default of null
2024-06-08 22:45:33.927 [DEBUG] [thread-id 1] - conditionally execute a flow. condition: true
2024-06-08 22:45:34.004 [DEBUG] [thread-id 1] - sleep:  15000 milliseconds
2024-06-08 22:45:49.014 [DEBUG] [thread-id 1] - Store in: store the value 'false' in the variable 'cartPageLoaded'
2024-06-08 22:45:49.017 [DEBUG] [thread-id 1] - loop: from 0 to 7
2024-06-08 22:45:49.130 [DEBUG] [thread-id 1] - 0
2024-06-08 22:45:49.289 [DEBUG] [thread-id 1] - conditionally execute a flow. condition: true
2024-06-08 22:45:49.376 [DEBUG] [thread-id 1] - conditionally execute a flow. condition: true
2024-06-08 22:45:49.456 [DEBUG] [thread-id 1] - Store in: store the value 'true' in the variable 'cartPageLoaded'
2024-06-08 22:45:59.578 [DEBUG] [thread-id 1] - conditionally execute a flow. condition: false
2024-06-08 22:45:59.642 [DEBUG] [thread-id 1] - conditionally execute a flow. condition: true
2024-06-08 22:45:59.710 [DEBUG] [thread-id 1] - Store in: store the value 'true' in the variable 'cartPageLoaded'
2024-06-08 22:45:59.784 [DEBUG] [thread-id 1] - conditionally execute a flow. condition: false
2024-06-08 22:45:59.857 [DEBUG] [thread-id 1] - conditionally execute a flow. condition: true
2024-06-08 22:45:59.927 [DEBUG] [thread-id 1] - Cart page loaded successfully
2024-06-08 22:45:59.996 [DEBUG] [thread-id 1] - Scroll: up
2024-06-08 22:46:04.771 [DEBUG] [thread-id 1] - Verify identifier: {//android.widget.TextView[@resource-id="com.walmart.android.debug:id/cartText"] | //android.widget.TextView[@resource-id="com.walmart.android.debug:id/platform_sdk_toolbar_title" and contains(@text,"Cart")]=[true]}
2024-06-08 22:46:04.862 [DEBUG] [thread-id 1] - cart page loaded
2024-06-08 22:46:04.960 [DEBUG] [thread-id 1] - sleep:  3000 milliseconds
2024-06-08 22:46:07.965 [DEBUG] [thread-id 1] - loop: from 0 to 5
2024-06-08 22:46:18.045 [DEBUG] [thread-id 1] - conditionally execute a flow. condition: false
2024-06-08 22:46:18.120 [DEBUG] [thread-id 1] - Executing function: 'us.functions.cart.increaseToMaxQty'
2024-06-08 22:46:18.120 [DEBUG] [thread-id 1] - Executing function: 'us.functions.utils.scrollIfNotVisible'
2024-06-08 22:46:18.120 [DEBUG] [thread-id 1] - conditionally execute a flow. condition: true
2024-06-08 22:46:18.195 [DEBUG] [thread-id 1] - Store in: store the value '5' in the variable 'scrollLimit'
2024-06-08 22:46:18.195 [DEBUG] [thread-id 1] - Scroll limit set to - 5
2024-06-08 22:46:28.239 [DEBUG] [thread-id 1] - conditionally execute a flow. condition: false
2024-06-08 22:46:28.307 [DEBUG] [thread-id 1] - conditionally execute a flow. condition: true
2024-06-08 22:46:28.375 [DEBUG] [thread-id 1] - conditionally execute a flow. condition: true
2024-06-08 22:46:28.451 [DEBUG] [thread-id 1] - Scroll: up
2024-06-08 22:46:32.955 [DEBUG] [thread-id 1] - Resetting scrollPosition variable to default
2024-06-08 22:46:32.956 [DEBUG] [thread-id 1] - Store in: store the value 'null' in the variable 'scrollPosition'
2024-06-08 22:46:32.956 [DEBUG] [thread-id 1] - Store in: store the value 'null' in the variable 'identifierScope'
2024-06-08 22:46:32.956 [DEBUG] [thread-id 1] - Store in: store the value 'null' in the variable 'scrollLimit'
2024-06-08 22:46:33.049 [DEBUG] [thread-id 1] - Verify identifier: {com.walmart.android.debug:id/button_plus=[true]}
2024-06-08 22:46:33.049 [DEBUG] [thread-id 1] - loop: from 0 to 2
2024-06-08 22:46:33.277 [DEBUG] [thread-id 1] - Click element: 'com.walmart.android.debug:id/button_plus'
2024-06-08 22:46:34.185 [DEBUG] [thread-id 1] - 0
2024-06-08 22:46:34.739 [DEBUG] [thread-id 1] - Click element: 'com.walmart.android.debug:id/button_plus'
2024-06-08 22:46:36.417 [DEBUG] [thread-id 1] - 1
2024-06-08 22:46:36.418 [DEBUG] [thread-id 1] - Executing function: 'us.functions.cart.continueToCheckout'
2024-06-08 22:46:36.976 [DEBUG] [thread-id 1] - Verify identifier: {com.walmart.android.debug:id/cart_continue_to_checkout_button=[true]}
2024-06-08 22:46:42.131 [DEBUG] [thread-id 1] - Click element: 'com.walmart.android.debug:id/cart_continue_to_checkout_button'
2024-06-08 22:46:42.760 [DEBUG] [thread-id 1] - sleep:  5000 milliseconds
2024-06-08 22:46:47.765 [DEBUG] [thread-id 1] - loop: from 1 to 3
2024-06-08 22:46:57.860 [DEBUG] [thread-id 1] - conditionally execute a flow. condition: false
2024-06-08 22:47:17.952 [DEBUG] [thread-id 1] - Executing function: 'us.functions.reserveSlot.fcormpselectaddressandcontinue'
2024-06-08 22:47:38.005 [DEBUG] [thread-id 1] - Executing function: 'us.functions.home.closeWPlusPromotionPopUpIfDisplayed'
2024-06-08 22:47:38.005 [DEBUG] [thread-id 1] - sleep:  6000 milliseconds
2024-06-08 22:47:54.075 [DEBUG] [thread-id 1] - conditionally execute a flow. condition: true
2024-06-08 22:47:54.114 [DEBUG] [thread-id 1] - Clicked on Checkout button successfully
2024-06-08 22:47:54.115 [DEBUG] [thread-id 1] - Executing function: 'us.functions.cart.scheduleInstallation'
2024-06-08 22:47:54.153 [DEBUG] [thread-id 1] - conditionally execute a flow. condition: true
2024-06-08 22:47:54.231 [DEBUG] [thread-id 1] - Verify identifier: {//*[@resource-id="com.walmart.android.debug:id/btn_schedule" or contains(@text, "Schedule your installation")]=[true]}
2024-06-08 22:47:54.270 [DEBUG] [thread-id 1] - sleep:  7000 milliseconds
2024-06-08 22:48:01.337 [DEBUG] [thread-id 1] - Executing function: 'us.functions.slotDataSetUp'
2024-06-08 22:48:01.338 [WARN] [thread-id 1] - variable slotDay was used, but r2 could not find a value for this variable. returning default of null
2024-06-08 22:48:01.338 [DEBUG] [thread-id 1] - conditionally execute a flow. condition: true
2024-06-08 22:48:01.374 [DEBUG] [thread-id 1] - Store in: store the value 'today' in the variable 'slotDay'
2024-06-08 22:48:01.375 [WARN] [thread-id 1] - variable timeSlot was used, but r2 could not find a value for this variable. returning default of null
2024-06-08 22:48:01.375 [DEBUG] [thread-id 1] - conditionally execute a flow. condition: true
2024-06-08 22:48:01.418 [DEBUG] [thread-id 1] - Store in: store the value 'generic' in the variable 'timeSlot'
2024-06-08 22:48:01.456 [DEBUG] [thread-id 1] - sleep:  3000 milliseconds
2024-06-08 22:48:24.703 [DEBUG] [thread-id 1] - Click element: '(//android.view.ViewGroup[@resource-id="com.walmart.android.debug:id/bookslot_slot_item_layout"])[1]'
2024-06-08 22:48:26.040 [DEBUG] [thread-id 1] - conditionally execute a flow. condition: true
2024-06-08 22:48:26.117 [DEBUG] [thread-id 1] - Click element: '//android.widget.Button[@text="Continue" or @text="Save" or @text="Reserve"]'
2024-06-08 22:48:26.787 [DEBUG] [thread-id 1] - sleep:  5000 milliseconds
2024-06-08 22:48:31.852 [DEBUG] [thread-id 1] - Executing function: 'us.functions.home.closeWPlusPromotionPopUpIfDisplayed'
2024-06-08 22:48:31.852 [DEBUG] [thread-id 1] - sleep:  6000 milliseconds
2024-06-08 22:48:48.005 [DEBUG] [thread-id 1] - conditionally execute a flow. condition: true
2024-06-08 22:48:48.082 [DEBUG] [thread-id 1] - Click element: '(//android.widget.RadioButton[@resource-id="com.walmart.android.debug:id/package_radio_button"])[1] | //android.widget.RadioButton[@resource-id="com.walmart.android.debug:id/package_radio_button"][1]'
2024-06-08 22:48:48.872 [DEBUG] [thread-id 1] - sleep:  3000 milliseconds
2024-06-08 22:48:51.980 [DEBUG] [thread-id 1] - Click element: 'com.walmart.android.debug:id/acc_installation_continue'
2024-06-08 22:49:02.714 [DEBUG] [thread-id 1] - Executing function: 'us.functions.reviewOrder.acc.verifySelectedPackage'
2024-06-08 22:49:02.715 [DEBUG] [thread-id 1] - conditionally execute a flow. condition: true
2024-06-08 22:49:02.822 [DEBUG] [thread-id 1] - Verify identifier: {//android.widget.TextView[@resource-id="com.walmart.android.debug:id/checkoutAccAutoServiceValue" and @text="Expert tire installation (Value Package)"]=[true]}
2024-06-08 22:49:02.825 [DEBUG] [thread-id 1] - Store in: store the value 'passed' in the variable 'testStatus'
2024-06-08 22:49:02.938 [DEBUG] [thread-id 1] - Executing scenario: 'After'
2024-06-08 22:49:02.939 [DEBUG] [thread-id 1] - Executing function: 'us.functions.utils.afterSteps'
2024-06-08 22:49:02.939 [DEBUG] [thread-id 1] - conditionally execute a flow. condition: true
2024-06-08 22:49:02.997 [DEBUG] [thread-id 1] - Test passed
2024-06-08 22:49:04.429 [DEBUG] [thread-id 1] - Created report: /Users/m0k0a2f/glass-automation/report/index.html
