2024-11-07 16:10:08.057 [DEBUG] [thread-id 1] - Executing R2 4.0.2: '/Users/m0k0a2f/glass-automation/./us/e2e-tests/test-scripts/android/golden-flows/Ecomm-And-Fulfillment-Flows/lot-tipping-flows/C2712762-Pre-Tip-Mixed-Tender-CC+DS.yaml' on device: 'Pixel_5_API_31'
2024-11-07 16:10:08.157 [INFO] [thread-id 1] - url: http://127.0.0.1:4723
2024-11-07 16:10:23.812 [DEBUG] [thread-id 1] - Executing scenario: 'Before'
2024-11-07 16:10:23.814 [DEBUG] [thread-id 1] - R2_SUBFLOW_PRE_TRANSACTION
2024-11-07 16:10:23.815 [DEBUG] [thread-id 1] - Timestamp: 1731024623815
2024-11-07 16:10:23.816 [DEBUG] [thread-id 1] - Store in: store the value 'wplususerTony1731024623815@walmart.com' in the variable 'customerEmail'
2024-11-07 16:10:23.817 [DEBUG] [thread-id 1] - Executing function: 'us.functions.utils.fetchFulcrumAvailableItem'
2024-11-07 16:10:23.818 [DEBUG] [thread-id 1] - --Fulcrum begining--
2024-11-07 16:10:23.818 [WARN] [thread-id 1] - variable storeId was used, but r2 could not find a value for this variable. returning default of null
2024-11-07 16:10:23.828 [DEBUG] [thread-id 1] - conditionally execute a flow. condition: true
2024-11-07 16:10:23.859 [DEBUG] [thread-id 1] - Store in: store the value '32144' in the variable 'storeId'
2024-11-07 16:10:23.860 [DEBUG] [thread-id 1] - conditionally execute a flow. condition: true
2024-11-07 16:10:23.889 [WARN] [thread-id 1] - variable itemSubFilter was used, but r2 could not find a value for this variable. returning default of null
2024-11-07 16:10:23.891 [DEBUG] [thread-id 1] - conditionally execute a flow. condition: false
2024-11-07 16:10:23.919 [DEBUG] [thread-id 1] - conditionally execute a flow. condition: false
2024-11-07 16:10:23.949 [WARN] [thread-id 1] - variable itemSubFilter was used, but r2 could not find a value for this variable. returning default of null
2024-11-07 16:10:23.949 [DEBUG] [thread-id 1] - conditionally execute a flow. condition: false
2024-11-07 16:10:23.976 [DEBUG] [thread-id 1] - conditionally execute a flow. condition: false
2024-11-07 16:10:23.999 [DEBUG] [thread-id 1] - conditionally execute a flow. condition: true
2024-11-07 16:10:24.025 [DEBUG] [thread-id 1] - Store in: store the value 'http://fulcrum.teflon.walmart.com/api/v1/db/fulcrum/instantItemHealthAnalysis?orderType=MP_DELIVERY&storeId=32144&itemStatus=green&eligiblePath=APP+E2E+Regression&eligiblePath=buynow' in the variable 'fetchURL'
2024-11-07 16:10:24.053 [DEBUG] [thread-id 1] - Store in: store the value 'nextgen' in the variable 'version'
2024-11-07 16:10:24.054 [DEBUG] [thread-id 1] - loop: from 1 to 2
2024-11-07 16:10:24.077 [DEBUG] [thread-id 1] - sleep:  10000 milliseconds
2024-11-07 16:10:34.259 [DEBUG] [thread-id 1] - Call API: 'http://fulcrum.teflon.walmart.com/api/v1/db/fulcrum/instantItemHealthAnalysis?orderType=MP_DELIVERY&storeId=32144&itemStatus=green&eligiblePath=APP+E2E+Regression&eligiblePath=buynow'
2024-11-07 16:10:34.693 [DEBUG] [thread-id 1] - Response code is: '400'. Response body is: '{"statusCode":400,"error":"Bad Request","message":"Invalid request query input"}'
2024-11-07 16:10:34.693 [INFO] [thread-id 1] - Expected '200' but got '400'. retrying...
2024-11-07 16:13:34.698 [INFO] [thread-id 1] - Call API: 'http://fulcrum.teflon.walmart.com/api/v1/db/fulcrum/instantItemHealthAnalysis?orderType=MP_DELIVERY&storeId=32144&itemStatus=green&eligiblePath=APP+E2E+Regression&eligiblePath=buynow'
2024-11-07 16:13:35.023 [DEBUG] [thread-id 1] - Response code is: '400'. Response body is: '{"statusCode":400,"error":"Bad Request","message":"Invalid request query input"}'
2024-11-07 16:13:35.024 [INFO] [thread-id 1] - Expected '200' but got '400'. retrying...
2024-11-07 16:16:35.025 [INFO] [thread-id 1] - Call API: 'http://fulcrum.teflon.walmart.com/api/v1/db/fulcrum/instantItemHealthAnalysis?orderType=MP_DELIVERY&storeId=32144&itemStatus=green&eligiblePath=APP+E2E+Regression&eligiblePath=buynow'
2024-11-07 16:16:35.447 [DEBUG] [thread-id 1] - Response code is: '400'. Response body is: '{"statusCode":400,"error":"Bad Request","message":"Invalid request query input"}'
2024-11-07 16:16:35.447 [INFO] [thread-id 1] - Expected '200' but got '400'. retrying...
2024-11-07 16:19:35.452 [INFO] [thread-id 1] - Call API: 'http://fulcrum.teflon.walmart.com/api/v1/db/fulcrum/instantItemHealthAnalysis?orderType=MP_DELIVERY&storeId=32144&itemStatus=green&eligiblePath=APP+E2E+Regression&eligiblePath=buynow'
2024-11-07 16:19:35.756 [DEBUG] [thread-id 1] - Response code is: '400'. Response body is: '{"statusCode":400,"error":"Bad Request","message":"Invalid request query input"}'
2024-11-07 16:19:37.067 [DEBUG] [thread-id 1] - Before failed: callAPI: Expected '200' but got '400'. url: ${fetchURL}
2024-11-07 16:19:37.195 [DEBUG] [thread-id 1] - Executing scenario: 'After'
2024-11-07 16:19:37.195 [DEBUG] [thread-id 1] - Executing function: 'us.functions.utils.afterSteps'
2024-11-07 16:19:37.196 [WARN] [thread-id 1] - variable testStatus was used, but r2 could not find a value for this variable. returning default of null
2024-11-07 16:19:37.196 [DEBUG] [thread-id 1] - conditionally execute a flow. condition: false
2024-11-07 16:19:37.245 [DEBUG] [thread-id 1] - Test failed
2024-11-07 16:19:38.659 [DEBUG] [thread-id 1] - Created report: /Users/m0k0a2f/glass-automation/report/index.html
2024-11-07 16:31:53.164 [DEBUG] [thread-id 1] - Executing R2 4.0.2: '/Users/m0k0a2f/glass-automation/./us/e2e-tests/test-scripts/android/golden-flows/Ecomm-And-Fulfillment-Flows/lot-tipping-flows/C2712762-Pre-Tip-Mixed-Tender-CC+DS.yaml' on device: 'Pixel_5_API_31'
2024-11-07 16:31:53.243 [INFO] [thread-id 1] - url: http://127.0.0.1:4723
2024-11-07 16:32:07.421 [DEBUG] [thread-id 1] - Executing scenario: 'Before'
2024-11-07 16:32:07.422 [DEBUG] [thread-id 1] - R2_SUBFLOW_PRE_TRANSACTION
2024-11-07 16:32:07.424 [DEBUG] [thread-id 1] - Timestamp: 1731025927424
2024-11-07 16:32:07.424 [DEBUG] [thread-id 1] - Store in: store the value 'wplususerTony1731025927424@walmart.com' in the variable 'customerEmail'
2024-11-07 16:32:07.426 [DEBUG] [thread-id 1] - Executing function: 'us.functions.utils.fetchFulcrumAvailableItem'
2024-11-07 16:32:07.426 [DEBUG] [thread-id 1] - --Fulcrum begining--
2024-11-07 16:32:07.427 [WARN] [thread-id 1] - variable storeId was used, but r2 could not find a value for this variable. returning default of null
2024-11-07 16:32:07.439 [DEBUG] [thread-id 1] - conditionally execute a flow. condition: true
2024-11-07 16:32:07.469 [DEBUG] [thread-id 1] - Store in: store the value '32144' in the variable 'storeId'
2024-11-07 16:32:07.470 [DEBUG] [thread-id 1] - conditionally execute a flow. condition: true
2024-11-07 16:32:07.499 [WARN] [thread-id 1] - variable itemSubFilter was used, but r2 could not find a value for this variable. returning default of null
2024-11-07 16:32:07.501 [DEBUG] [thread-id 1] - conditionally execute a flow. condition: false
2024-11-07 16:32:07.529 [DEBUG] [thread-id 1] - conditionally execute a flow. condition: false
2024-11-07 16:32:07.557 [WARN] [thread-id 1] - variable itemSubFilter was used, but r2 could not find a value for this variable. returning default of null
2024-11-07 16:32:07.558 [DEBUG] [thread-id 1] - conditionally execute a flow. condition: false
2024-11-07 16:32:07.593 [DEBUG] [thread-id 1] - conditionally execute a flow. condition: false
2024-11-07 16:32:07.634 [DEBUG] [thread-id 1] - conditionally execute a flow. condition: true
2024-11-07 16:32:07.661 [DEBUG] [thread-id 1] - Store in: store the value 'http://fulcrum.teflon.walmart.com/api/v1/db/fulcrum/instantItemHealthAnalysis?orderType=FC_DELIVERY&storeId=32144&itemStatus=green&eligiblePath=APP+E2E+Regression&eligiblePath=buynow' in the variable 'fetchURL'
2024-11-07 16:32:07.691 [DEBUG] [thread-id 1] - Store in: store the value 'nextgen' in the variable 'version'
2024-11-07 16:32:07.692 [DEBUG] [thread-id 1] - loop: from 1 to 2
2024-11-07 16:32:07.716 [DEBUG] [thread-id 1] - sleep:  10000 milliseconds
2024-11-07 16:32:17.890 [DEBUG] [thread-id 1] - Call API: 'http://fulcrum.teflon.walmart.com/api/v1/db/fulcrum/instantItemHealthAnalysis?orderType=FC_DELIVERY&storeId=32144&itemStatus=green&eligiblePath=APP+E2E+Regression&eligiblePath=buynow'
2024-11-07 16:32:18.347 [DEBUG] [thread-id 1] - Response code is: '400'. Response body is: '{"statusCode":400,"error":"Bad Request","message":"Invalid request query input"}'
2024-11-07 16:32:18.347 [INFO] [thread-id 1] - Expected '200' but got '400'. retrying...
2024-11-07 16:35:18.348 [INFO] [thread-id 1] - Call API: 'http://fulcrum.teflon.walmart.com/api/v1/db/fulcrum/instantItemHealthAnalysis?orderType=FC_DELIVERY&storeId=32144&itemStatus=green&eligiblePath=APP+E2E+Regression&eligiblePath=buynow'
2024-11-07 16:35:18.692 [DEBUG] [thread-id 1] - Response code is: '400'. Response body is: '{"statusCode":400,"error":"Bad Request","message":"Invalid request query input"}'
2024-11-07 16:35:18.692 [INFO] [thread-id 1] - Expected '200' but got '400'. retrying...
2024-11-07 16:38:18.706 [INFO] [thread-id 1] - Call API: 'http://fulcrum.teflon.walmart.com/api/v1/db/fulcrum/instantItemHealthAnalysis?orderType=FC_DELIVERY&storeId=32144&itemStatus=green&eligiblePath=APP+E2E+Regression&eligiblePath=buynow'
2024-11-07 16:38:19.152 [DEBUG] [thread-id 1] - Response code is: '400'. Response body is: '{"statusCode":400,"error":"Bad Request","message":"Invalid request query input"}'
2024-11-07 16:38:19.153 [INFO] [thread-id 1] - Expected '200' but got '400'. retrying...
2024-11-07 16:40:10.870 [DEBUG] [thread-id 1] - Executing R2 4.0.2: '/Users/m0k0a2f/glass-automation/./us/e2e-tests/test-scripts/android/golden-flows/Ecomm-And-Fulfillment-Flows/lot-tipping-flows/C2712762-Pre-Tip-Mixed-Tender-CC+DS.yaml' on device: 'Pixel_5_API_31'
2024-11-07 16:40:10.935 [INFO] [thread-id 1] - url: http://127.0.0.1:4723
2024-11-07 16:40:23.887 [DEBUG] [thread-id 1] - Executing scenario: 'Before'
2024-11-07 16:40:23.889 [DEBUG] [thread-id 1] - R2_SUBFLOW_PRE_TRANSACTION
2024-11-07 16:40:23.890 [DEBUG] [thread-id 1] - Timestamp: 1731026423890
2024-11-07 16:40:23.891 [DEBUG] [thread-id 1] - Store in: store the value 'wplususerTony1731026423890@walmart.com' in the variable 'customerEmail'
2024-11-07 16:40:23.892 [DEBUG] [thread-id 1] - Executing function: 'us.functions.utils.fetchFulcrumAvailableItem'
2024-11-07 16:40:23.893 [DEBUG] [thread-id 1] - --Fulcrum begining--
2024-11-07 16:40:23.894 [WARN] [thread-id 1] - variable storeId was used, but r2 could not find a value for this variable. returning default of null
2024-11-07 16:40:23.904 [DEBUG] [thread-id 1] - conditionally execute a flow. condition: true
2024-11-07 16:40:23.935 [DEBUG] [thread-id 1] - Store in: store the value '32144' in the variable 'storeId'
2024-11-07 16:40:23.936 [DEBUG] [thread-id 1] - conditionally execute a flow. condition: true
2024-11-07 16:40:23.963 [WARN] [thread-id 1] - variable itemSubFilter was used, but r2 could not find a value for this variable. returning default of null
2024-11-07 16:40:23.964 [DEBUG] [thread-id 1] - conditionally execute a flow. condition: false
2024-11-07 16:40:23.997 [DEBUG] [thread-id 1] - conditionally execute a flow. condition: false
2024-11-07 16:40:24.022 [WARN] [thread-id 1] - variable itemSubFilter was used, but r2 could not find a value for this variable. returning default of null
2024-11-07 16:40:24.023 [DEBUG] [thread-id 1] - conditionally execute a flow. condition: false
2024-11-07 16:40:24.050 [DEBUG] [thread-id 1] - conditionally execute a flow. condition: false
2024-11-07 16:40:24.084 [DEBUG] [thread-id 1] - conditionally execute a flow. condition: true
2024-11-07 16:40:24.108 [DEBUG] [thread-id 1] - Store in: store the value 'http://fulcrum.teflon.walmart.com/api/v1/db/fulcrum/instantItemHealthAnalysis?orderType=FC_DELIVERY&storeId=32144&itemStatus=green&eligiblePaths=APP+E2E+Regression&eligiblePaths=buynow' in the variable 'fetchURL'
2024-11-07 16:40:24.130 [DEBUG] [thread-id 1] - Store in: store the value 'nextgen' in the variable 'version'
2024-11-07 16:40:24.131 [DEBUG] [thread-id 1] - loop: from 1 to 2
2024-11-07 16:40:24.151 [DEBUG] [thread-id 1] - sleep:  10000 milliseconds
2024-11-07 16:40:34.319 [DEBUG] [thread-id 1] - Call API: 'http://fulcrum.teflon.walmart.com/api/v1/db/fulcrum/instantItemHealthAnalysis?orderType=FC_DELIVERY&storeId=32144&itemStatus=green&eligiblePaths=APP+E2E+Regression&eligiblePaths=buynow'
2024-11-07 16:40:34.672 [DEBUG] [thread-id 1] - Response code is: '400'. Response body is: '{"statusCode":400,"error":"Bad Request","message":"Invalid request query input"}'
2024-11-07 16:40:34.672 [INFO] [thread-id 1] - Expected '200' but got '400'. retrying...
2024-11-07 16:45:12.969 [DEBUG] [thread-id 1] - Executing R2 4.0.2: '/Users/m0k0a2f/glass-automation/./us/e2e-tests/test-scripts/android/golden-flows/Ecomm-And-Fulfillment-Flows/lot-tipping-flows/C2712762-Pre-Tip-Mixed-Tender-CC+DS.yaml' on device: 'Pixel_5_API_31'
2024-11-07 16:45:13.031 [INFO] [thread-id 1] - url: http://127.0.0.1:4723
2024-11-07 16:45:25.963 [DEBUG] [thread-id 1] - Executing scenario: 'Before'
2024-11-07 16:45:25.965 [DEBUG] [thread-id 1] - R2_SUBFLOW_PRE_TRANSACTION
2024-11-07 16:45:25.966 [DEBUG] [thread-id 1] - Timestamp: 1731026725966
2024-11-07 16:45:25.967 [DEBUG] [thread-id 1] - Store in: store the value 'wplususerTony1731026725966@walmart.com' in the variable 'customerEmail'
2024-11-07 16:45:25.968 [DEBUG] [thread-id 1] - Executing function: 'us.functions.utils.fetchFulcrumAvailableItem'
2024-11-07 16:45:25.968 [DEBUG] [thread-id 1] - --Fulcrum begining--
2024-11-07 16:45:25.969 [WARN] [thread-id 1] - variable storeId was used, but r2 could not find a value for this variable. returning default of null
2024-11-07 16:45:25.977 [DEBUG] [thread-id 1] - conditionally execute a flow. condition: true
2024-11-07 16:45:26.005 [DEBUG] [thread-id 1] - Store in: store the value '32144' in the variable 'storeId'
2024-11-07 16:45:26.007 [DEBUG] [thread-id 1] - conditionally execute a flow. condition: true
2024-11-07 16:45:26.032 [WARN] [thread-id 1] - variable itemSubFilter was used, but r2 could not find a value for this variable. returning default of null
2024-11-07 16:45:26.034 [DEBUG] [thread-id 1] - conditionally execute a flow. condition: false
2024-11-07 16:45:26.058 [DEBUG] [thread-id 1] - conditionally execute a flow. condition: false
2024-11-07 16:45:26.084 [WARN] [thread-id 1] - variable itemSubFilter was used, but r2 could not find a value for this variable. returning default of null
2024-11-07 16:45:26.084 [DEBUG] [thread-id 1] - conditionally execute a flow. condition: false
2024-11-07 16:45:26.110 [DEBUG] [thread-id 1] - conditionally execute a flow. condition: false
2024-11-07 16:45:26.132 [DEBUG] [thread-id 1] - conditionally execute a flow. condition: true
2024-11-07 16:45:26.154 [DEBUG] [thread-id 1] - Store in: store the value 'http://fulcrum.teflon.walmart.com/api/v1/db/fulcrum/instantItemHealthAnalysis?orderType=FC_DELIVERY&storeId=32144&itemStatus=green&eligiblePaths=app%20e2e%20regression&eligiblePaths=buynow' in the variable 'fetchURL'
2024-11-07 16:45:26.175 [DEBUG] [thread-id 1] - Store in: store the value 'nextgen' in the variable 'version'
2024-11-07 16:45:26.176 [DEBUG] [thread-id 1] - loop: from 1 to 2
2024-11-07 16:45:26.201 [DEBUG] [thread-id 1] - sleep:  10000 milliseconds
2024-11-07 16:45:36.312 [DEBUG] [thread-id 1] - Call API: 'http://fulcrum.teflon.walmart.com/api/v1/db/fulcrum/instantItemHealthAnalysis?orderType=FC_DELIVERY&storeId=32144&itemStatus=green&eligiblePaths=app%20e2e%20regression&eligiblePaths=buynow'
2024-11-07 16:45:36.775 [DEBUG] [thread-id 1] - Response code is: '400'. Response body is: '{"statusCode":400,"error":"Bad Request","message":"Invalid request query input"}'
2024-11-07 16:45:36.775 [INFO] [thread-id 1] - Expected '200' but got '400'. retrying...
2024-11-07 16:52:09.508 [INFO] [thread-id 1] - Call API: 'http://fulcrum.teflon.walmart.com/api/v1/db/fulcrum/instantItemHealthAnalysis?orderType=FC_DELIVERY&storeId=32144&itemStatus=green&eligiblePaths=app%20e2e%20regression&eligiblePaths=buynow'
2024-11-07 16:52:09.616 [ERROR] [thread-id 1] - java.net.UnknownHostException: fulcrum.teflon.walmart.com: nodename nor servname provided, or not known
2024-11-07 16:52:09.617 [INFO] [thread-id 1] - Empty response from callAPI using http://fulcrum.teflon.walmart.com/api/v1/db/fulcrum/instantItemHealthAnalysis?orderType=FC_DELIVERY&storeId=32144&itemStatus=green&eligiblePaths=app%20e2e%20regression&eligiblePaths=buynow retrying...
2024-11-07 18:49:46.246 [INFO] [thread-id 1] - Call API: 'http://fulcrum.teflon.walmart.com/api/v1/db/fulcrum/instantItemHealthAnalysis?orderType=FC_DELIVERY&storeId=32144&itemStatus=green&eligiblePaths=app%20e2e%20regression&eligiblePaths=buynow'
2024-11-07 18:49:46.256 [ERROR] [thread-id 1] - java.net.UnknownHostException: fulcrum.teflon.walmart.com: nodename nor servname provided, or not known
2024-11-07 18:49:46.256 [INFO] [thread-id 1] - Empty response from callAPI using http://fulcrum.teflon.walmart.com/api/v1/db/fulcrum/instantItemHealthAnalysis?orderType=FC_DELIVERY&storeId=32144&itemStatus=green&eligiblePaths=app%20e2e%20regression&eligiblePaths=buynow retrying...
2024-11-07 19:06:32.972 [INFO] [thread-id 1] - Call API: 'http://fulcrum.teflon.walmart.com/api/v1/db/fulcrum/instantItemHealthAnalysis?orderType=FC_DELIVERY&storeId=32144&itemStatus=green&eligiblePaths=app%20e2e%20regression&eligiblePaths=buynow'
2024-11-07 19:06:33.073 [ERROR] [thread-id 1] - java.net.UnknownHostException: fulcrum.teflon.walmart.com: nodename nor servname provided, or not known
2024-11-07 19:06:34.170 [DEBUG] [thread-id 1] - Before failed: callAPI: java.net.UnknownHostException: fulcrum.teflon.walmart.com: nodename nor servname provided, or not known
2024-11-07 19:06:34.317 [DEBUG] [thread-id 1] - Executing scenario: 'After'
2024-11-07 19:06:34.319 [DEBUG] [thread-id 1] - Executing function: 'us.functions.utils.afterSteps'
2024-11-07 19:06:34.320 [WARN] [thread-id 1] - variable testStatus was used, but r2 could not find a value for this variable. returning default of null
2024-11-07 19:06:34.321 [DEBUG] [thread-id 1] - conditionally execute a flow. condition: false
2024-11-07 19:06:34.364 [DEBUG] [thread-id 1] - Test failed
2024-11-07 19:06:35.800 [DEBUG] [thread-id 1] - Created report: /Users/m0k0a2f/glass-automation/report/index.html
